<?xml version="1.0" encoding="UTF-8"?>
<testsuites name="41 Numeradores Crear Actualizar Eliminar" time="127.51" tests="3" failures="0" errors="0">
   <testsuite name="41 Numeradores Crear Actualizar Eliminar" tests="3" failures="0" errors="0" time="127.51" skipped="0" timestamp="2024-10-03 17:45:10" hostname="jdavila - PCPruebas101.ciel.cielingenieria.com" id="Test Suites/DIGITURNO/BASICO/41 Numeradores Crear Actualizar Eliminar">
      <properties>
         <property name="deviceName" value=""/>
         <property name="devicePlatform" value=""/>
         <property name="logFolder" value="C:\\CIEL INGENIERIA\\Katalon\\Digiturno55\\Reports\\20241003_171202\\DIGITURNO\\BASICO\\41 Numeradores Crear Actualizar Eliminar\\20241003_171257"/>
         <property name="logFiles" value="C:\\CIEL INGENIERIA\\Katalon\\Digiturno55\\Reports\\20241003_171202\\DIGITURNO\\BASICO\\41 Numeradores Crear Actualizar Eliminar\\20241003_171257\\execution0.log"/>
         <property name="attachments" value="C:\\CIEL INGENIERIA\\Katalon\\Digiturno55\\Reports\\20241003_171202\\DIGITURNO\\BASICO\\41 Numeradores Crear Actualizar Eliminar\\20241003_171257\\1727995527691.png, C:\\CIEL INGENIERIA\\Katalon\\Digiturno55\\Reports\\20241003_171202\\DIGITURNO\\BASICO\\41 Numeradores Crear Actualizar Eliminar\\20241003_171257\\1727995534830.png, C:\\CIEL INGENIERIA\\Katalon\\Digiturno55\\Reports\\20241003_171202\\DIGITURNO\\BASICO\\41 Numeradores Crear Actualizar Eliminar\\20241003_171257\\1727995548234.png, C:\\CIEL INGENIERIA\\Katalon\\Digiturno55\\Reports\\20241003_171202\\DIGITURNO\\BASICO\\41 Numeradores Crear Actualizar Eliminar\\20241003_171257\\1727995566856.png, C:\\CIEL INGENIERIA\\Katalon\\Digiturno55\\Reports\\20241003_171202\\DIGITURNO\\BASICO\\41 Numeradores Crear Actualizar Eliminar\\20241003_171257\\1727995573957.png, C:\\CIEL INGENIERIA\\Katalon\\Digiturno55\\Reports\\20241003_171202\\DIGITURNO\\BASICO\\41 Numeradores Crear Actualizar Eliminar\\20241003_171257\\1727995591516.png, C:\\CIEL INGENIERIA\\Katalon\\Digiturno55\\Reports\\20241003_171202\\DIGITURNO\\BASICO\\41 Numeradores Crear Actualizar Eliminar\\20241003_171257\\1727995610408.png, C:\\CIEL INGENIERIA\\Katalon\\Digiturno55\\Reports\\20241003_171202\\DIGITURNO\\BASICO\\41 Numeradores Crear Actualizar Eliminar\\20241003_171257\\1727995617462.png, C:\\CIEL INGENIERIA\\Katalon\\Digiturno55\\Reports\\20241003_171202\\DIGITURNO\\BASICO\\41 Numeradores Crear Actualizar Eliminar\\20241003_171257\\1727995634729.png"/>
         <property name="hostName" value="jdavila - PCPruebas101.ciel.cielingenieria.com"/>
         <property name="os" value="Windows 10 64bit"/>
         <property name="katalonVersion" value="8.6.9.208"/>
         <property name="browser" value="Chrome 129.0.0.0"/>
         <property name="hostAddress" value="192.168.91.13"/>
         <property name="sessionId" value="c8db67b09af3246de40fdad6c427d4c9"/>
         <property name="seleniumVersion" value="3.141.59"/>
         <property name="proxyInformation" value="ProxyInformation { proxyOption=NO_PROXY, proxyServerType=HTTP, username=, password=********, proxyServerAddress=, proxyServerPort=0, executionList=&quot;&quot;, isApplyToDesiredCapabilities=true }"/>
         <property name="platform" value="Windows 10"/>
      </properties>
      <testcase name="Test Cases/DIGITURNO/BASICO/41 Numeradores Crear" time="40.828" classname="Test Cases/DIGITURNO/BASICO/41 Numeradores Crear" status="PASSED">
         <system-out><![CDATA[2024-10-03 17:45:10 - [TEST_CASE][PASSED] - Test Cases/DIGITURNO/BASICO/41 Numeradores Crear: Test Cases/DIGITURNO/BASICO/41 Numeradores Crear

2024-10-03 17:45:11 - [TEST_STEP][PASSED] - callTestCase(findTestCase("DIGITURNO/BASICO/39 Modelo de atencion"), [:], STOP_ON_FAILURE): Call Test Case 'Test Cases/DIGITURNO/BASICO/39 Modelo de atencion' successfully

2024-10-03 17:45:11 - [TEST_CASE][PASSED] - Test Cases/DIGITURNO/BASICO/39 Modelo de atencion: Test Cases/DIGITURNO/BASICO/39 Modelo de atencion

2024-10-03 17:45:11 - [TEST_STEP][PASSED] - callTestCase(findTestCase("DIGITURNO/BASICO/3 Configuracion"), [:], STOP_ON_FAILURE): Call Test Case 'Test Cases/DIGITURNO/BASICO/3 Configuracion' successfully

2024-10-03 17:45:11 - [TEST_CASE][PASSED] - Test Cases/DIGITURNO/BASICO/3 Configuracion: Test Cases/DIGITURNO/BASICO/3 Configuracion

2024-10-03 17:45:12 - [TEST_STEP][PASSED] - callTestCase(findTestCase("0InicioSesion"), [:], STOP_ON_FAILURE): Call Test Case 'Test Cases/0InicioSesion' successfully

2024-10-03 17:45:12 - [TEST_CASE][PASSED] - Test Cases/0InicioSesion: Test Cases/0InicioSesion

2024-10-03 17:45:12 - [TEST_STEP][PASSED] - openBrowser(UrlDigiturno): Browser is opened with url: 'https://PCPruebas101.ciel.cielingenieria.com:8910'

2024-10-03 17:45:12 - [MESSAGE][INFO] - Starting 'Chrome' driver

2024-10-03 17:45:12 - [MESSAGE][INFO] - User set preference: ['args', '[--use-fake-ui-for-media-stream, --disable-notifications]']

2024-10-03 17:45:12 - [MESSAGE][INFO] - Action delay is set to 0 milliseconds

2024-10-03 17:45:15 - [MESSAGE][PASSED] - Browser is opened with url: 'https://PCPruebas101.ciel.cielingenieria.com:8910'

2024-10-03 17:45:15 - [TEST_STEP][PASSED] - maximizeWindow(): Current window maximized

2024-10-03 17:45:16 - [MESSAGE][PASSED] - Current window maximized

2024-10-03 17:45:16 - [TEST_STEP][PASSED] - delay(3): Delayed 3 second(s)

2024-10-03 17:45:19 - [MESSAGE][PASSED] - Delayed 3 second(s)

2024-10-03 17:45:19 - [TEST_STEP][PASSED] - setText(findTestObject("0Inicio Sesion/input_Usuario"), "Ciel"): Text 'Ciel' is set on object 'Object Repository/0Inicio Sesion/input_Usuario'

2024-10-03 17:45:19 - [MESSAGE][PASSED] - Text 'Ciel' is set on object 'Object Repository/0Inicio Sesion/input_Usuario'

2024-10-03 17:45:19 - [TEST_STEP][PASSED] - setText(findTestObject("0Inicio Sesion/input_Clave"), "digiturno"): Text 'digiturno' is set on object 'Object Repository/0Inicio Sesion/input_Clave'

2024-10-03 17:45:20 - [MESSAGE][PASSED] - Text 'digiturno' is set on object 'Object Repository/0Inicio Sesion/input_Clave'

2024-10-03 17:45:20 - [TEST_STEP][PASSED] - click(findTestObject("0Inicio Sesion/btn_IniciarSesion")): Object: 'Object Repository/0Inicio Sesion/btn_IniciarSesion' is clicked on

2024-10-03 17:45:21 - [MESSAGE][PASSED] - Object: 'Object Repository/0Inicio Sesion/btn_IniciarSesion' is clicked on

2024-10-03 17:45:21 - [TEST_STEP][PASSED] - delay(3): Delayed 3 second(s)

2024-10-03 17:45:24 - [MESSAGE][PASSED] - Delayed 3 second(s)

2024-10-03 17:45:24 - [MESSAGE][PASSED] - Call Test Case 'Test Cases/0InicioSesion' successfully

2024-10-03 17:45:24 - [TEST_STEP][PASSED] - click(findTestObject("DIGITURNO/1Principal/img_Configuracion(1)")): Object: 'Object Repository/DIGITURNO/1Principal/img_Configuracion(1)' is clicked on

2024-10-03 17:45:24 - [MESSAGE][PASSED] - Object: 'Object Repository/DIGITURNO/1Principal/img_Configuracion(1)' is clicked on

2024-10-03 17:45:24 - [TEST_STEP][PASSED] - delay(3): Delayed 3 second(s)

2024-10-03 17:45:27 - [MESSAGE][PASSED] - Delayed 3 second(s)

2024-10-03 17:45:27 - [TEST_STEP][PASSED] - takeFullPageScreenshot(): Taking screenshot successfully

2024-10-03 17:45:28 - [MESSAGE][INFO] - 0 hidden object(s)

2024-10-03 17:45:28 - [MESSAGE][PASSED] - Taking screenshot successfully
[[ATTACHMENT|C:\\CIEL INGENIERIA\\Katalon\\Digiturno55\\Reports\\20241003_171202\\DIGITURNO\\BASICO\\41 Numeradores Crear Actualizar Eliminar\\20241003_171257\\1727995527691.png]]

2024-10-03 17:45:28 - [TEST_STEP][PASSED] - delay(3): Delayed 3 second(s)

2024-10-03 17:45:31 - [MESSAGE][PASSED] - Delayed 3 second(s)

2024-10-03 17:45:31 - [MESSAGE][PASSED] - Call Test Case 'Test Cases/DIGITURNO/BASICO/3 Configuracion' successfully

2024-10-03 17:45:31 - [TEST_STEP][PASSED] - click(findTestObject("DIGITURNO/CONFIGURACION/0Principal/img_1Modelo de atencion")): Object: 'Object Repository/DIGITURNO/CONFIGURACION/0Principal/img_1Modelo de atencion' is clicked on

2024-10-03 17:45:31 - [MESSAGE][PASSED] - Object: 'Object Repository/DIGITURNO/CONFIGURACION/0Principal/img_1Modelo de atencion' is clicked on

2024-10-03 17:45:31 - [TEST_STEP][PASSED] - delay(3): Delayed 3 second(s)

2024-10-03 17:45:34 - [MESSAGE][PASSED] - Delayed 3 second(s)

2024-10-03 17:45:34 - [TEST_STEP][PASSED] - takeFullPageScreenshot(): Taking screenshot successfully

2024-10-03 17:45:35 - [MESSAGE][INFO] - 0 hidden object(s)

2024-10-03 17:45:35 - [MESSAGE][PASSED] - Taking screenshot successfully
[[ATTACHMENT|C:\\CIEL INGENIERIA\\Katalon\\Digiturno55\\Reports\\20241003_171202\\DIGITURNO\\BASICO\\41 Numeradores Crear Actualizar Eliminar\\20241003_171257\\1727995534830.png]]

2024-10-03 17:45:35 - [TEST_STEP][PASSED] - delay(3): Delayed 3 second(s)

2024-10-03 17:45:38 - [MESSAGE][PASSED] - Delayed 3 second(s)

2024-10-03 17:45:38 - [MESSAGE][PASSED] - Call Test Case 'Test Cases/DIGITURNO/BASICO/39 Modelo de atencion' successfully

2024-10-03 17:45:38 - [TEST_STEP][PASSED] - click(findTestObject("DIGITURNO/CONFIGURACION/1Modelo de Atencion/0Principal/img_2Numeradores")): Object: 'Object Repository/DIGITURNO/CONFIGURACION/1Modelo de Atencion/0Principal/img_2Numeradores' is clicked on

2024-10-03 17:45:38 - [MESSAGE][PASSED] - Object: 'Object Repository/DIGITURNO/CONFIGURACION/1Modelo de Atencion/0Principal/img_2Numeradores' is clicked on

2024-10-03 17:45:38 - [TEST_STEP][PASSED] - delay(3): Delayed 3 second(s)

2024-10-03 17:45:41 - [MESSAGE][PASSED] - Delayed 3 second(s)

2024-10-03 17:45:41 - [TEST_STEP][PASSED] - setText(findTestObject("DIGITURNO/CONFIGURACION/1Modelo de Atencion/2Numeradores/Edicion/input_Nombre"), "Prueba"): Text 'Prueba' is set on object 'Object Repository/DIGITURNO/CONFIGURACION/1Modelo de Atencion/2Numeradores/Edicion/input_Nombre'

2024-10-03 17:45:42 - [MESSAGE][PASSED] - Text 'Prueba' is set on object 'Object Repository/DIGITURNO/CONFIGURACION/1Modelo de Atencion/2Numeradores/Edicion/input_Nombre'

2024-10-03 17:45:42 - [TEST_STEP][PASSED] - setText(findTestObject("DIGITURNO/CONFIGURACION/1Modelo de Atencion/2Numeradores/Edicion/input_Numero Inicial"), "1"): Text '1' is set on object 'Object Repository/DIGITURNO/CONFIGURACION/1Modelo de Atencion/2Numeradores/Edicion/input_Numero Inicial'

2024-10-03 17:45:43 - [MESSAGE][PASSED] - Text '1' is set on object 'Object Repository/DIGITURNO/CONFIGURACION/1Modelo de Atencion/2Numeradores/Edicion/input_Numero Inicial'

2024-10-03 17:45:43 - [TEST_STEP][PASSED] - setText(findTestObject("DIGITURNO/CONFIGURACION/1Modelo de Atencion/2Numeradores/Edicion/input_Numero final"), "500"): Text '500' is set on object 'Object Repository/DIGITURNO/CONFIGURACION/1Modelo de Atencion/2Numeradores/Edicion/input_Numero final'

2024-10-03 17:45:44 - [MESSAGE][PASSED] - Text '500' is set on object 'Object Repository/DIGITURNO/CONFIGURACION/1Modelo de Atencion/2Numeradores/Edicion/input_Numero final'

2024-10-03 17:45:44 - [TEST_STEP][PASSED] - setText(findTestObject("DIGITURNO/CONFIGURACION/1Modelo de Atencion/2Numeradores/Edicion/input_Prefijo"), "PR"): Text 'PR' is set on object 'Object Repository/DIGITURNO/CONFIGURACION/1Modelo de Atencion/2Numeradores/Edicion/input_Prefijo'

2024-10-03 17:45:44 - [MESSAGE][PASSED] - Text 'PR' is set on object 'Object Repository/DIGITURNO/CONFIGURACION/1Modelo de Atencion/2Numeradores/Edicion/input_Prefijo'

2024-10-03 17:45:44 - [TEST_STEP][PASSED] - click(findTestObject("DIGITURNO/CONFIGURACION/1Modelo de Atencion/2Numeradores/Edicion/img_Nuevo")): Object: 'Object Repository/DIGITURNO/CONFIGURACION/1Modelo de Atencion/2Numeradores/Edicion/img_Nuevo' is clicked on

2024-10-03 17:45:45 - [MESSAGE][PASSED] - Object: 'Object Repository/DIGITURNO/CONFIGURACION/1Modelo de Atencion/2Numeradores/Edicion/img_Nuevo' is clicked on

2024-10-03 17:45:45 - [TEST_STEP][PASSED] - delay(3): Delayed 3 second(s)

2024-10-03 17:45:48 - [MESSAGE][PASSED] - Delayed 3 second(s)

2024-10-03 17:45:48 - [TEST_STEP][PASSED] - takeFullPageScreenshot(): Taking screenshot successfully

2024-10-03 17:45:48 - [MESSAGE][INFO] - 0 hidden object(s)

2024-10-03 17:45:48 - [MESSAGE][PASSED] - Taking screenshot successfully
[[ATTACHMENT|C:\\CIEL INGENIERIA\\Katalon\\Digiturno55\\Reports\\20241003_171202\\DIGITURNO\\BASICO\\41 Numeradores Crear Actualizar Eliminar\\20241003_171257\\1727995548234.png]]

2024-10-03 17:45:48 - [TEST_STEP][PASSED] - delay(3): Delayed 3 second(s)

2024-10-03 17:45:51 - [MESSAGE][PASSED] - Delayed 3 second(s)

2024-10-03 17:45:51 - [TEST_STEP][PASSED] - Start listener action : sampleAfterTestCase: null]]></system-out>
         <system-err><![CDATA[]]></system-err>
      </testcase>
      <testcase name="Test Cases/DIGITURNO/BASICO/41 Numeradores Actualizar" time="43.209" classname="Test Cases/DIGITURNO/BASICO/41 Numeradores Actualizar" status="PASSED">
         <system-out><![CDATA[2024-10-03 17:45:51 - [TEST_CASE][PASSED] - Test Cases/DIGITURNO/BASICO/41 Numeradores Actualizar: Test Cases/DIGITURNO/BASICO/41 Numeradores Actualizar

2024-10-03 17:45:52 - [TEST_STEP][PASSED] - callTestCase(findTestCase("DIGITURNO/BASICO/39 Modelo de atencion"), [:], STOP_ON_FAILURE): Call Test Case 'Test Cases/DIGITURNO/BASICO/39 Modelo de atencion' successfully

2024-10-03 17:45:52 - [TEST_CASE][PASSED] - Test Cases/DIGITURNO/BASICO/39 Modelo de atencion: Test Cases/DIGITURNO/BASICO/39 Modelo de atencion

2024-10-03 17:45:52 - [TEST_STEP][PASSED] - callTestCase(findTestCase("DIGITURNO/BASICO/3 Configuracion"), [:], STOP_ON_FAILURE): Call Test Case 'Test Cases/DIGITURNO/BASICO/3 Configuracion' successfully

2024-10-03 17:45:52 - [TEST_CASE][PASSED] - Test Cases/DIGITURNO/BASICO/3 Configuracion: Test Cases/DIGITURNO/BASICO/3 Configuracion

2024-10-03 17:45:52 - [TEST_STEP][PASSED] - callTestCase(findTestCase("0InicioSesion"), [:], STOP_ON_FAILURE): Call Test Case 'Test Cases/0InicioSesion' successfully

2024-10-03 17:45:52 - [TEST_CASE][PASSED] - Test Cases/0InicioSesion: Test Cases/0InicioSesion

2024-10-03 17:45:52 - [TEST_STEP][PASSED] - openBrowser(UrlDigiturno): Browser is opened with url: 'https://PCPruebas101.ciel.cielingenieria.com:8910'

2024-10-03 17:45:52 - [MESSAGE][WARNING] - A browser is already opened. Closing browser and opening a new one

2024-10-03 17:45:53 - [MESSAGE][INFO] - Starting 'Chrome' driver

2024-10-03 17:45:53 - [MESSAGE][INFO] - User set preference: ['args', '[--use-fake-ui-for-media-stream, --disable-notifications]']

2024-10-03 17:45:53 - [MESSAGE][INFO] - Action delay is set to 0 milliseconds

2024-10-03 17:45:55 - [MESSAGE][PASSED] - Browser is opened with url: 'https://PCPruebas101.ciel.cielingenieria.com:8910'

2024-10-03 17:45:55 - [TEST_STEP][PASSED] - maximizeWindow(): Current window maximized

2024-10-03 17:45:55 - [MESSAGE][PASSED] - Current window maximized

2024-10-03 17:45:55 - [TEST_STEP][PASSED] - delay(3): Delayed 3 second(s)

2024-10-03 17:45:58 - [MESSAGE][PASSED] - Delayed 3 second(s)

2024-10-03 17:45:58 - [TEST_STEP][PASSED] - setText(findTestObject("0Inicio Sesion/input_Usuario"), "Ciel"): Text 'Ciel' is set on object 'Object Repository/0Inicio Sesion/input_Usuario'

2024-10-03 17:45:59 - [MESSAGE][PASSED] - Text 'Ciel' is set on object 'Object Repository/0Inicio Sesion/input_Usuario'

2024-10-03 17:45:59 - [TEST_STEP][PASSED] - setText(findTestObject("0Inicio Sesion/input_Clave"), "digiturno"): Text 'digiturno' is set on object 'Object Repository/0Inicio Sesion/input_Clave'

2024-10-03 17:45:59 - [MESSAGE][PASSED] - Text 'digiturno' is set on object 'Object Repository/0Inicio Sesion/input_Clave'

2024-10-03 17:45:59 - [TEST_STEP][PASSED] - click(findTestObject("0Inicio Sesion/btn_IniciarSesion")): Object: 'Object Repository/0Inicio Sesion/btn_IniciarSesion' is clicked on

2024-10-03 17:46:00 - [MESSAGE][PASSED] - Object: 'Object Repository/0Inicio Sesion/btn_IniciarSesion' is clicked on

2024-10-03 17:46:00 - [TEST_STEP][PASSED] - delay(3): Delayed 3 second(s)

2024-10-03 17:46:03 - [MESSAGE][PASSED] - Delayed 3 second(s)

2024-10-03 17:46:03 - [MESSAGE][PASSED] - Call Test Case 'Test Cases/0InicioSesion' successfully

2024-10-03 17:46:03 - [TEST_STEP][PASSED] - click(findTestObject("DIGITURNO/1Principal/img_Configuracion(1)")): Object: 'Object Repository/DIGITURNO/1Principal/img_Configuracion(1)' is clicked on

2024-10-03 17:46:03 - [MESSAGE][PASSED] - Object: 'Object Repository/DIGITURNO/1Principal/img_Configuracion(1)' is clicked on

2024-10-03 17:46:03 - [TEST_STEP][PASSED] - delay(3): Delayed 3 second(s)

2024-10-03 17:46:06 - [MESSAGE][PASSED] - Delayed 3 second(s)

2024-10-03 17:46:06 - [TEST_STEP][PASSED] - takeFullPageScreenshot(): Taking screenshot successfully

2024-10-03 17:46:07 - [MESSAGE][INFO] - 0 hidden object(s)

2024-10-03 17:46:07 - [MESSAGE][PASSED] - Taking screenshot successfully
[[ATTACHMENT|C:\\CIEL INGENIERIA\\Katalon\\Digiturno55\\Reports\\20241003_171202\\DIGITURNO\\BASICO\\41 Numeradores Crear Actualizar Eliminar\\20241003_171257\\1727995566856.png]]

2024-10-03 17:46:07 - [TEST_STEP][PASSED] - delay(3): Delayed 3 second(s)

2024-10-03 17:46:10 - [MESSAGE][PASSED] - Delayed 3 second(s)

2024-10-03 17:46:10 - [MESSAGE][PASSED] - Call Test Case 'Test Cases/DIGITURNO/BASICO/3 Configuracion' successfully

2024-10-03 17:46:10 - [TEST_STEP][PASSED] - click(findTestObject("DIGITURNO/CONFIGURACION/0Principal/img_1Modelo de atencion")): Object: 'Object Repository/DIGITURNO/CONFIGURACION/0Principal/img_1Modelo de atencion' is clicked on

2024-10-03 17:46:10 - [MESSAGE][PASSED] - Object: 'Object Repository/DIGITURNO/CONFIGURACION/0Principal/img_1Modelo de atencion' is clicked on

2024-10-03 17:46:10 - [TEST_STEP][PASSED] - delay(3): Delayed 3 second(s)

2024-10-03 17:46:13 - [MESSAGE][PASSED] - Delayed 3 second(s)

2024-10-03 17:46:13 - [TEST_STEP][PASSED] - takeFullPageScreenshot(): Taking screenshot successfully

2024-10-03 17:46:14 - [MESSAGE][INFO] - 0 hidden object(s)

2024-10-03 17:46:14 - [MESSAGE][PASSED] - Taking screenshot successfully
[[ATTACHMENT|C:\\CIEL INGENIERIA\\Katalon\\Digiturno55\\Reports\\20241003_171202\\DIGITURNO\\BASICO\\41 Numeradores Crear Actualizar Eliminar\\20241003_171257\\1727995573957.png]]

2024-10-03 17:46:14 - [TEST_STEP][PASSED] - delay(3): Delayed 3 second(s)

2024-10-03 17:46:17 - [MESSAGE][PASSED] - Delayed 3 second(s)

2024-10-03 17:46:17 - [MESSAGE][PASSED] - Call Test Case 'Test Cases/DIGITURNO/BASICO/39 Modelo de atencion' successfully

2024-10-03 17:46:17 - [TEST_STEP][PASSED] - click(findTestObject("DIGITURNO/CONFIGURACION/1Modelo de Atencion/0Principal/img_2Numeradores")): Object: 'Object Repository/DIGITURNO/CONFIGURACION/1Modelo de Atencion/0Principal/img_2Numeradores' is clicked on

2024-10-03 17:46:18 - [MESSAGE][PASSED] - Object: 'Object Repository/DIGITURNO/CONFIGURACION/1Modelo de Atencion/0Principal/img_2Numeradores' is clicked on

2024-10-03 17:46:18 - [TEST_STEP][PASSED] - delay(3): Delayed 3 second(s)

2024-10-03 17:46:21 - [MESSAGE][PASSED] - Delayed 3 second(s)

2024-10-03 17:46:21 - [TEST_STEP][PASSED] - setText(findTestObject("DIGITURNO/CONFIGURACION/1Modelo de Atencion/2Numeradores/Lista de Numeradores/input_Buscar"), "Prueba"): Text 'Prueba' is set on object 'Object Repository/DIGITURNO/CONFIGURACION/1Modelo de Atencion/2Numeradores/Lista de Numeradores/input_Buscar'

2024-10-03 17:46:21 - [MESSAGE][PASSED] - Text 'Prueba' is set on object 'Object Repository/DIGITURNO/CONFIGURACION/1Modelo de Atencion/2Numeradores/Lista de Numeradores/input_Buscar'

2024-10-03 17:46:21 - [TEST_STEP][PASSED] - click(findTestObject("DIGITURNO/CONFIGURACION/1Modelo de Atencion/2Numeradores/Lista de Numeradores/btn_Buscar")): Object: 'Object Repository/DIGITURNO/CONFIGURACION/1Modelo de Atencion/2Numeradores/Lista de Numeradores/btn_Buscar' is clicked on

2024-10-03 17:46:22 - [MESSAGE][PASSED] - Object: 'Object Repository/DIGITURNO/CONFIGURACION/1Modelo de Atencion/2Numeradores/Lista de Numeradores/btn_Buscar' is clicked on

2024-10-03 17:46:22 - [TEST_STEP][PASSED] - delay(3): Delayed 3 second(s)

2024-10-03 17:46:25 - [MESSAGE][PASSED] - Delayed 3 second(s)

2024-10-03 17:46:25 - [TEST_STEP][PASSED] - click(findTestObject("DIGITURNO/CONFIGURACION/1Modelo de Atencion/2Numeradores/Lista de Numeradores/td_1 Seleccion Busqueda")): Object: 'Object Repository/DIGITURNO/CONFIGURACION/1Modelo de Atencion/2Numeradores/Lista de Numeradores/td_1 Seleccion Busqueda' is clicked on

2024-10-03 17:46:25 - [MESSAGE][PASSED] - Object: 'Object Repository/DIGITURNO/CONFIGURACION/1Modelo de Atencion/2Numeradores/Lista de Numeradores/td_1 Seleccion Busqueda' is clicked on

2024-10-03 17:46:25 - [TEST_STEP][PASSED] - delay(2): Delayed 2 second(s)

2024-10-03 17:46:27 - [MESSAGE][PASSED] - Delayed 2 second(s)

2024-10-03 17:46:27 - [TEST_STEP][PASSED] - check(findTestObject("DIGITURNO/CONFIGURACION/1Modelo de Atencion/2Numeradores/Edicion/label_Rellenar")): Object 'Object Repository/DIGITURNO/CONFIGURACION/1Modelo de Atencion/2Numeradores/Edicion/label_Rellenar' is checked

2024-10-03 17:46:28 - [MESSAGE][PASSED] - Object 'Object Repository/DIGITURNO/CONFIGURACION/1Modelo de Atencion/2Numeradores/Edicion/label_Rellenar' is checked

2024-10-03 17:46:28 - [TEST_STEP][PASSED] - click(findTestObject("DIGITURNO/CONFIGURACION/1Modelo de Atencion/2Numeradores/Edicion/img_Actualizar")): Object: 'Object Repository/DIGITURNO/CONFIGURACION/1Modelo de Atencion/2Numeradores/Edicion/img_Actualizar' is clicked on

2024-10-03 17:46:28 - [MESSAGE][PASSED] - Object: 'Object Repository/DIGITURNO/CONFIGURACION/1Modelo de Atencion/2Numeradores/Edicion/img_Actualizar' is clicked on

2024-10-03 17:46:28 - [TEST_STEP][PASSED] - delay(3): Delayed 3 second(s)

2024-10-03 17:46:31 - [MESSAGE][PASSED] - Delayed 3 second(s)

2024-10-03 17:46:31 - [TEST_STEP][PASSED] - takeFullPageScreenshot(): Taking screenshot successfully

2024-10-03 17:46:31 - [MESSAGE][INFO] - 0 hidden object(s)

2024-10-03 17:46:31 - [MESSAGE][PASSED] - Taking screenshot successfully
[[ATTACHMENT|C:\\CIEL INGENIERIA\\Katalon\\Digiturno55\\Reports\\20241003_171202\\DIGITURNO\\BASICO\\41 Numeradores Crear Actualizar Eliminar\\20241003_171257\\1727995591516.png]]

2024-10-03 17:46:31 - [TEST_STEP][PASSED] - delay(3): Delayed 3 second(s)

2024-10-03 17:46:34 - [MESSAGE][PASSED] - Delayed 3 second(s)

2024-10-03 17:46:34 - [TEST_STEP][PASSED] - Start listener action : sampleAfterTestCase: null]]></system-out>
         <system-err><![CDATA[]]></system-err>
      </testcase>
      <testcase name="Test Cases/DIGITURNO/BASICO/41 Numeradores Eliminar" time="43.192" classname="Test Cases/DIGITURNO/BASICO/41 Numeradores Eliminar" status="PASSED">
         <system-out><![CDATA[2024-10-03 17:46:35 - [TEST_CASE][PASSED] - Test Cases/DIGITURNO/BASICO/41 Numeradores Eliminar: Test Cases/DIGITURNO/BASICO/41 Numeradores Eliminar

2024-10-03 17:46:35 - [TEST_STEP][PASSED] - callTestCase(findTestCase("DIGITURNO/BASICO/39 Modelo de atencion"), [:], STOP_ON_FAILURE): Call Test Case 'Test Cases/DIGITURNO/BASICO/39 Modelo de atencion' successfully

2024-10-03 17:46:35 - [TEST_CASE][PASSED] - Test Cases/DIGITURNO/BASICO/39 Modelo de atencion: Test Cases/DIGITURNO/BASICO/39 Modelo de atencion

2024-10-03 17:46:35 - [TEST_STEP][PASSED] - callTestCase(findTestCase("DIGITURNO/BASICO/3 Configuracion"), [:], STOP_ON_FAILURE): Call Test Case 'Test Cases/DIGITURNO/BASICO/3 Configuracion' successfully

2024-10-03 17:46:35 - [TEST_CASE][PASSED] - Test Cases/DIGITURNO/BASICO/3 Configuracion: Test Cases/DIGITURNO/BASICO/3 Configuracion

2024-10-03 17:46:35 - [TEST_STEP][PASSED] - callTestCase(findTestCase("0InicioSesion"), [:], STOP_ON_FAILURE): Call Test Case 'Test Cases/0InicioSesion' successfully

2024-10-03 17:46:35 - [TEST_CASE][PASSED] - Test Cases/0InicioSesion: Test Cases/0InicioSesion

2024-10-03 17:46:35 - [TEST_STEP][PASSED] - openBrowser(UrlDigiturno): Browser is opened with url: 'https://PCPruebas101.ciel.cielingenieria.com:8910'

2024-10-03 17:46:35 - [MESSAGE][WARNING] - A browser is already opened. Closing browser and opening a new one

2024-10-03 17:46:36 - [MESSAGE][INFO] - Starting 'Chrome' driver

2024-10-03 17:46:36 - [MESSAGE][INFO] - User set preference: ['args', '[--use-fake-ui-for-media-stream, --disable-notifications]']

2024-10-03 17:46:36 - [MESSAGE][INFO] - Action delay is set to 0 milliseconds

2024-10-03 17:46:38 - [MESSAGE][PASSED] - Browser is opened with url: 'https://PCPruebas101.ciel.cielingenieria.com:8910'

2024-10-03 17:46:38 - [TEST_STEP][PASSED] - maximizeWindow(): Current window maximized

2024-10-03 17:46:38 - [MESSAGE][PASSED] - Current window maximized

2024-10-03 17:46:38 - [TEST_STEP][PASSED] - delay(3): Delayed 3 second(s)

2024-10-03 17:46:41 - [MESSAGE][PASSED] - Delayed 3 second(s)

2024-10-03 17:46:41 - [TEST_STEP][PASSED] - setText(findTestObject("0Inicio Sesion/input_Usuario"), "Ciel"): Text 'Ciel' is set on object 'Object Repository/0Inicio Sesion/input_Usuario'

2024-10-03 17:46:42 - [MESSAGE][PASSED] - Text 'Ciel' is set on object 'Object Repository/0Inicio Sesion/input_Usuario'

2024-10-03 17:46:42 - [TEST_STEP][PASSED] - setText(findTestObject("0Inicio Sesion/input_Clave"), "digiturno"): Text 'digiturno' is set on object 'Object Repository/0Inicio Sesion/input_Clave'

2024-10-03 17:46:43 - [MESSAGE][PASSED] - Text 'digiturno' is set on object 'Object Repository/0Inicio Sesion/input_Clave'

2024-10-03 17:46:43 - [TEST_STEP][PASSED] - click(findTestObject("0Inicio Sesion/btn_IniciarSesion")): Object: 'Object Repository/0Inicio Sesion/btn_IniciarSesion' is clicked on

2024-10-03 17:46:43 - [MESSAGE][PASSED] - Object: 'Object Repository/0Inicio Sesion/btn_IniciarSesion' is clicked on

2024-10-03 17:46:43 - [TEST_STEP][PASSED] - delay(3): Delayed 3 second(s)

2024-10-03 17:46:46 - [MESSAGE][PASSED] - Delayed 3 second(s)

2024-10-03 17:46:46 - [MESSAGE][PASSED] - Call Test Case 'Test Cases/0InicioSesion' successfully

2024-10-03 17:46:46 - [TEST_STEP][PASSED] - click(findTestObject("DIGITURNO/1Principal/img_Configuracion(1)")): Object: 'Object Repository/DIGITURNO/1Principal/img_Configuracion(1)' is clicked on

2024-10-03 17:46:47 - [MESSAGE][PASSED] - Object: 'Object Repository/DIGITURNO/1Principal/img_Configuracion(1)' is clicked on

2024-10-03 17:46:47 - [TEST_STEP][PASSED] - delay(3): Delayed 3 second(s)

2024-10-03 17:46:50 - [MESSAGE][PASSED] - Delayed 3 second(s)

2024-10-03 17:46:50 - [TEST_STEP][PASSED] - takeFullPageScreenshot(): Taking screenshot successfully

2024-10-03 17:46:50 - [MESSAGE][INFO] - 0 hidden object(s)

2024-10-03 17:46:50 - [MESSAGE][PASSED] - Taking screenshot successfully
[[ATTACHMENT|C:\\CIEL INGENIERIA\\Katalon\\Digiturno55\\Reports\\20241003_171202\\DIGITURNO\\BASICO\\41 Numeradores Crear Actualizar Eliminar\\20241003_171257\\1727995610408.png]]

2024-10-03 17:46:50 - [TEST_STEP][PASSED] - delay(3): Delayed 3 second(s)

2024-10-03 17:46:53 - [MESSAGE][PASSED] - Delayed 3 second(s)

2024-10-03 17:46:53 - [MESSAGE][PASSED] - Call Test Case 'Test Cases/DIGITURNO/BASICO/3 Configuracion' successfully

2024-10-03 17:46:53 - [TEST_STEP][PASSED] - click(findTestObject("DIGITURNO/CONFIGURACION/0Principal/img_1Modelo de atencion")): Object: 'Object Repository/DIGITURNO/CONFIGURACION/0Principal/img_1Modelo de atencion' is clicked on

2024-10-03 17:46:54 - [MESSAGE][PASSED] - Object: 'Object Repository/DIGITURNO/CONFIGURACION/0Principal/img_1Modelo de atencion' is clicked on

2024-10-03 17:46:54 - [TEST_STEP][PASSED] - delay(3): Delayed 3 second(s)

2024-10-03 17:46:57 - [MESSAGE][PASSED] - Delayed 3 second(s)

2024-10-03 17:46:57 - [TEST_STEP][PASSED] - takeFullPageScreenshot(): Taking screenshot successfully

2024-10-03 17:46:57 - [MESSAGE][INFO] - 0 hidden object(s)

2024-10-03 17:46:57 - [MESSAGE][PASSED] - Taking screenshot successfully
[[ATTACHMENT|C:\\CIEL INGENIERIA\\Katalon\\Digiturno55\\Reports\\20241003_171202\\DIGITURNO\\BASICO\\41 Numeradores Crear Actualizar Eliminar\\20241003_171257\\1727995617462.png]]

2024-10-03 17:46:57 - [TEST_STEP][PASSED] - delay(3): Delayed 3 second(s)

2024-10-03 17:47:00 - [MESSAGE][PASSED] - Delayed 3 second(s)

2024-10-03 17:47:00 - [MESSAGE][PASSED] - Call Test Case 'Test Cases/DIGITURNO/BASICO/39 Modelo de atencion' successfully

2024-10-03 17:47:00 - [TEST_STEP][PASSED] - click(findTestObject("DIGITURNO/CONFIGURACION/1Modelo de Atencion/0Principal/img_2Numeradores")): Object: 'Object Repository/DIGITURNO/CONFIGURACION/1Modelo de Atencion/0Principal/img_2Numeradores' is clicked on

2024-10-03 17:47:01 - [MESSAGE][PASSED] - Object: 'Object Repository/DIGITURNO/CONFIGURACION/1Modelo de Atencion/0Principal/img_2Numeradores' is clicked on

2024-10-03 17:47:01 - [TEST_STEP][PASSED] - delay(3): Delayed 3 second(s)

2024-10-03 17:47:04 - [MESSAGE][PASSED] - Delayed 3 second(s)

2024-10-03 17:47:04 - [TEST_STEP][PASSED] - setText(findTestObject("DIGITURNO/CONFIGURACION/1Modelo de Atencion/2Numeradores/Lista de Numeradores/input_Buscar"), "Prueba"): Text 'Prueba' is set on object 'Object Repository/DIGITURNO/CONFIGURACION/1Modelo de Atencion/2Numeradores/Lista de Numeradores/input_Buscar'

2024-10-03 17:47:05 - [MESSAGE][PASSED] - Text 'Prueba' is set on object 'Object Repository/DIGITURNO/CONFIGURACION/1Modelo de Atencion/2Numeradores/Lista de Numeradores/input_Buscar'

2024-10-03 17:47:05 - [TEST_STEP][PASSED] - click(findTestObject("DIGITURNO/CONFIGURACION/1Modelo de Atencion/2Numeradores/Lista de Numeradores/btn_Buscar")): Object: 'Object Repository/DIGITURNO/CONFIGURACION/1Modelo de Atencion/2Numeradores/Lista de Numeradores/btn_Buscar' is clicked on

2024-10-03 17:47:05 - [MESSAGE][PASSED] - Object: 'Object Repository/DIGITURNO/CONFIGURACION/1Modelo de Atencion/2Numeradores/Lista de Numeradores/btn_Buscar' is clicked on

2024-10-03 17:47:05 - [TEST_STEP][PASSED] - delay(3): Delayed 3 second(s)

2024-10-03 17:47:08 - [MESSAGE][PASSED] - Delayed 3 second(s)

2024-10-03 17:47:08 - [TEST_STEP][PASSED] - click(findTestObject("DIGITURNO/CONFIGURACION/1Modelo de Atencion/2Numeradores/Lista de Numeradores/td_1 Seleccion Busqueda")): Object: 'Object Repository/DIGITURNO/CONFIGURACION/1Modelo de Atencion/2Numeradores/Lista de Numeradores/td_1 Seleccion Busqueda' is clicked on

2024-10-03 17:47:09 - [MESSAGE][PASSED] - Object: 'Object Repository/DIGITURNO/CONFIGURACION/1Modelo de Atencion/2Numeradores/Lista de Numeradores/td_1 Seleccion Busqueda' is clicked on

2024-10-03 17:47:09 - [TEST_STEP][PASSED] - delay(2): Delayed 2 second(s)

2024-10-03 17:47:11 - [MESSAGE][PASSED] - Delayed 2 second(s)

2024-10-03 17:47:11 - [TEST_STEP][PASSED] - click(findTestObject("DIGITURNO/CONFIGURACION/1Modelo de Atencion/2Numeradores/Edicion/img_Eliminar")): Object: 'Object Repository/DIGITURNO/CONFIGURACION/1Modelo de Atencion/2Numeradores/Edicion/img_Eliminar' is clicked on

2024-10-03 17:47:11 - [MESSAGE][PASSED] - Object: 'Object Repository/DIGITURNO/CONFIGURACION/1Modelo de Atencion/2Numeradores/Edicion/img_Eliminar' is clicked on

2024-10-03 17:47:11 - [TEST_STEP][PASSED] - click(findTestObject("DIGITURNO/CONFIGURACION/1Modelo de Atencion/2Numeradores/Edicion/img_Eliminar")): Object: 'Object Repository/DIGITURNO/CONFIGURACION/1Modelo de Atencion/2Numeradores/Edicion/img_Eliminar' is clicked on

2024-10-03 17:47:11 - [MESSAGE][PASSED] - Object: 'Object Repository/DIGITURNO/CONFIGURACION/1Modelo de Atencion/2Numeradores/Edicion/img_Eliminar' is clicked on

2024-10-03 17:47:11 - [TEST_STEP][PASSED] - acceptAlert(): Alert accepted

2024-10-03 17:47:11 - [MESSAGE][PASSED] - Alert accepted

2024-10-03 17:47:11 - [TEST_STEP][PASSED] - delay(3): Delayed 3 second(s)

2024-10-03 17:47:14 - [MESSAGE][PASSED] - Delayed 3 second(s)

2024-10-03 17:47:14 - [TEST_STEP][PASSED] - takeFullPageScreenshot(): Taking screenshot successfully

2024-10-03 17:47:15 - [MESSAGE][INFO] - 0 hidden object(s)

2024-10-03 17:47:15 - [MESSAGE][PASSED] - Taking screenshot successfully
[[ATTACHMENT|C:\\CIEL INGENIERIA\\Katalon\\Digiturno55\\Reports\\20241003_171202\\DIGITURNO\\BASICO\\41 Numeradores Crear Actualizar Eliminar\\20241003_171257\\1727995634729.png]]

2024-10-03 17:47:15 - [TEST_STEP][PASSED] - delay(3): Delayed 3 second(s)

2024-10-03 17:47:18 - [MESSAGE][PASSED] - Delayed 3 second(s)

2024-10-03 17:47:18 - [TEST_STEP][PASSED] - Start listener action : sampleAfterTestCase: null]]></system-out>
         <system-err><![CDATA[]]></system-err>
      </testcase>
      <system-out><![CDATA[2024-10-03 17:45:10 - [TEST_SUITE][PASSED] - 41 Numeradores Crear Actualizar Eliminar: Test Cases/DIGITURNO/BASICO/41 Numeradores Eliminar]]></system-out>
      <system-err><![CDATA[]]></system-err>
   </testsuite>
</testsuites>
