<?xml version="1.0" encoding="UTF-8"?>
<testsuites name="5.4 Crear Selectores" time="130.274" tests="1" failures="0" errors="0">
   <testsuite name="5.4 Crear Selectores" tests="1" failures="0" errors="0" time="130.274" skipped="0" timestamp="2023-08-14 11:18:09" hostname="jdavila - PCPruebas101.ciel.cielingenieria.com" id="Test Suites/WIZARD/3Infraestructura/4Selectores/5.4 Crear Selectores">
      <properties>
         <property name="deviceName" value=""/>
         <property name="devicePlatform" value=""/>
         <property name="logFolder" value="C:\\CIEL INGENIERIA\\Katalon\\Digiturno55\\Reports\\20230814_104251\\WIZARD\\3Infraestructura\\4Selectores\\5.4 Crear Selectores\\20230814_104346"/>
         <property name="logFiles" value="C:\\CIEL INGENIERIA\\Katalon\\Digiturno55\\Reports\\20230814_104251\\WIZARD\\3Infraestructura\\4Selectores\\5.4 Crear Selectores\\20230814_104346\\execution0.log"/>
         <property name="attachments" value="C:\\CIEL INGENIERIA\\Katalon\\Digiturno55\\Reports\\20230814_104251\\WIZARD\\3Infraestructura\\4Selectores\\5.4 Crear Selectores\\20230814_104346\\1692030015300.png"/>
         <property name="hostName" value="jdavila - PCPruebas101.ciel.cielingenieria.com"/>
         <property name="os" value="Windows 10 64bit"/>
         <property name="katalonVersion" value="8.6.0.208"/>
         <property name="browser" value="Chrome 115.0.0.0"/>
         <property name="hostAddress" value="192.168.0.33"/>
         <property name="sessionId" value="a433a0ed8a6eba9935d7f34331e39ea3"/>
         <property name="seleniumVersion" value="3.141.59"/>
         <property name="proxyInformation" value="ProxyInformation { proxyOption=NO_PROXY, proxyServerType=HTTP, username=, password=********, proxyServerAddress=, proxyServerPort=0, executionList=&quot;&quot;, isApplyToDesiredCapabilities=true }"/>
         <property name="platform" value="Windows 10"/>
      </properties>
      <testcase name="Test Cases/WIZARD/3Infraestructura/4Selectores/5.4 Crear Selectores" time="129.963" classname="Test Cases/WIZARD/3Infraestructura/4Selectores/5.4 Crear Selectores" status="PASSED">
         <system-out><![CDATA[2023-08-14 11:18:09 - [TEST_CASE][PASSED] - Test Cases/WIZARD/3Infraestructura/4Selectores/5.4 Crear Selectores: Test Cases/WIZARD/3Infraestructura/4Selectores/5.4 Crear Selectores

2023-08-14 11:18:09 - [TEST_STEP][PASSED] - callTestCase(findTestCase("0InicioSesion"), [:], STOP_ON_FAILURE): Call Test Case 'Test Cases/0InicioSesion' successfully

2023-08-14 11:18:10 - [TEST_CASE][PASSED] - Test Cases/0InicioSesion: Test Cases/0InicioSesion

2023-08-14 11:18:10 - [TEST_STEP][PASSED] - openBrowser(UrlDigiturno): Browser is opened with url: 'https://PCPruebas101.ciel.cielingenieria.com:8610'

2023-08-14 11:18:10 - [MESSAGE][INFO] - Starting 'Chrome' driver

2023-08-14 11:18:10 - [MESSAGE][INFO] - User set preference: ['args', '[--use-fake-ui-for-media-stream, --disable-notifications]']

2023-08-14 11:18:10 - [MESSAGE][INFO] - Action delay is set to 0 milliseconds

2023-08-14 11:18:13 - [MESSAGE][PASSED] - Browser is opened with url: 'https://PCPruebas101.ciel.cielingenieria.com:8610'

2023-08-14 11:18:13 - [TEST_STEP][PASSED] - maximizeWindow(): Current window maximized

2023-08-14 11:18:13 - [MESSAGE][PASSED] - Current window maximized

2023-08-14 11:18:13 - [TEST_STEP][PASSED] - delay(3): Delayed 3 second(s)

2023-08-14 11:18:16 - [MESSAGE][PASSED] - Delayed 3 second(s)

2023-08-14 11:18:16 - [TEST_STEP][PASSED] - setText(findTestObject("0Inicio Sesion/input_Usuario"), "Ciel"): Text 'Ciel' is set on object 'Object Repository/0Inicio Sesion/input_Usuario'

2023-08-14 11:18:17 - [MESSAGE][PASSED] - Text 'Ciel' is set on object 'Object Repository/0Inicio Sesion/input_Usuario'

2023-08-14 11:18:17 - [TEST_STEP][PASSED] - setText(findTestObject("0Inicio Sesion/input_Clave"), "digiturno"): Text 'digiturno' is set on object 'Object Repository/0Inicio Sesion/input_Clave'

2023-08-14 11:18:18 - [MESSAGE][PASSED] - Text 'digiturno' is set on object 'Object Repository/0Inicio Sesion/input_Clave'

2023-08-14 11:18:18 - [TEST_STEP][PASSED] - click(findTestObject("0Inicio Sesion/btn_IniciarSesion")): Object: 'Object Repository/0Inicio Sesion/btn_IniciarSesion' is clicked on

2023-08-14 11:18:18 - [MESSAGE][PASSED] - Object: 'Object Repository/0Inicio Sesion/btn_IniciarSesion' is clicked on

2023-08-14 11:18:18 - [TEST_STEP][PASSED] - delay(3): Delayed 3 second(s)

2023-08-14 11:18:21 - [MESSAGE][PASSED] - Delayed 3 second(s)

2023-08-14 11:18:21 - [MESSAGE][PASSED] - Call Test Case 'Test Cases/0InicioSesion' successfully

2023-08-14 11:18:21 - [TEST_STEP][PASSED] - click(findTestObject("WIZARD/0Principal/img_InfraestructuraMAX")): Object: 'Object Repository/WIZARD/0Principal/img_InfraestructuraMAX' is clicked on

2023-08-14 11:18:25 - [MESSAGE][PASSED] - Object: 'Object Repository/WIZARD/0Principal/img_InfraestructuraMAX' is clicked on

2023-08-14 11:18:25 - [TEST_STEP][PASSED] - delay(3): Delayed 3 second(s)

2023-08-14 11:18:28 - [MESSAGE][PASSED] - Delayed 3 second(s)

2023-08-14 11:18:28 - [TEST_STEP][PASSED] - click(findTestObject("WIZARD/3Infraestructura/0Menu/span_Selectores")): Object: 'Object Repository/WIZARD/3Infraestructura/0Menu/span_Selectores' is clicked on

2023-08-14 11:18:38 - [MESSAGE][PASSED] - Object: 'Object Repository/WIZARD/3Infraestructura/0Menu/span_Selectores' is clicked on

2023-08-14 11:18:38 - [TEST_STEP][PASSED] - delay(3): Delayed 3 second(s)

2023-08-14 11:18:41 - [MESSAGE][PASSED] - Delayed 3 second(s)

2023-08-14 11:18:41 - [TEST_STEP][PASSED] - click(findTestObject("WIZARD/3Infraestructura/4Selectores/Edicion Selectores/btn_Oficina")): Object: 'Object Repository/WIZARD/3Infraestructura/4Selectores/Edicion Selectores/btn_Oficina' is clicked on

2023-08-14 11:18:41 - [MESSAGE][PASSED] - Object: 'Object Repository/WIZARD/3Infraestructura/4Selectores/Edicion Selectores/btn_Oficina' is clicked on

2023-08-14 11:18:41 - [TEST_STEP][PASSED] - delay(3): Delayed 3 second(s)

2023-08-14 11:18:44 - [MESSAGE][PASSED] - Delayed 3 second(s)

2023-08-14 11:18:44 - [TEST_STEP][PASSED] - click(findTestObject("WIZARD/3Infraestructura/4Selectores/Edicion Selectores/btn_Oficina(1)/td_1Bogota - CIEL")): Object: 'Object Repository/WIZARD/3Infraestructura/4Selectores/Edicion Selectores/btn_Oficina(1)/td_1Bogota - CIEL' is clicked on

2023-08-14 11:18:45 - [MESSAGE][PASSED] - Object: 'Object Repository/WIZARD/3Infraestructura/4Selectores/Edicion Selectores/btn_Oficina(1)/td_1Bogota - CIEL' is clicked on

2023-08-14 11:18:45 - [TEST_STEP][PASSED] - delay(3): Delayed 3 second(s)

2023-08-14 11:18:48 - [MESSAGE][PASSED] - Delayed 3 second(s)

2023-08-14 11:18:48 - [TEST_STEP][PASSED] - setText(findTestObject("WIZARD/3Infraestructura/4Selectores/Edicion Selectores/input_Nombre"), "Bogota Selector 01"): Text 'Bogota Selector 01' is set on object 'Object Repository/WIZARD/3Infraestructura/4Selectores/Edicion Selectores/input_Nombre'

2023-08-14 11:18:49 - [MESSAGE][PASSED] - Text 'Bogota Selector 01' is set on object 'Object Repository/WIZARD/3Infraestructura/4Selectores/Edicion Selectores/input_Nombre'

2023-08-14 11:18:49 - [TEST_STEP][PASSED] - setText(findTestObject("WIZARD/3Infraestructura/4Selectores/Edicion Selectores/textarea_Descripcion"), "Bogota Selector 01"): Text 'Bogota Selector 01' is set on object 'Object Repository/WIZARD/3Infraestructura/4Selectores/Edicion Selectores/textarea_Descripcion'

2023-08-14 11:18:50 - [MESSAGE][PASSED] - Text 'Bogota Selector 01' is set on object 'Object Repository/WIZARD/3Infraestructura/4Selectores/Edicion Selectores/textarea_Descripcion'

2023-08-14 11:18:50 - [TEST_STEP][PASSED] - click(findTestObject("WIZARD/3Infraestructura/4Selectores/Edicion Selectores/img_Nuevo")): Object: 'Object Repository/WIZARD/3Infraestructura/4Selectores/Edicion Selectores/img_Nuevo' is clicked on

2023-08-14 11:18:50 - [MESSAGE][PASSED] - Object: 'Object Repository/WIZARD/3Infraestructura/4Selectores/Edicion Selectores/img_Nuevo' is clicked on

2023-08-14 11:18:50 - [TEST_STEP][PASSED] - delay(3): Delayed 3 second(s)

2023-08-14 11:18:53 - [MESSAGE][PASSED] - Delayed 3 second(s)

2023-08-14 11:18:53 - [TEST_STEP][PASSED] - click(findTestObject("WIZARD/3Infraestructura/0Menu/span_Selectores")): Object: 'Object Repository/WIZARD/3Infraestructura/0Menu/span_Selectores' is clicked on

2023-08-14 11:19:00 - [MESSAGE][PASSED] - Object: 'Object Repository/WIZARD/3Infraestructura/0Menu/span_Selectores' is clicked on

2023-08-14 11:19:00 - [TEST_STEP][PASSED] - delay(3): Delayed 3 second(s)

2023-08-14 11:19:03 - [MESSAGE][PASSED] - Delayed 3 second(s)

2023-08-14 11:19:03 - [TEST_STEP][PASSED] - click(findTestObject("WIZARD/3Infraestructura/4Selectores/Edicion Selectores/btn_Oficinas(2)/td_2Cali - Chipichape")): Object: 'Object Repository/WIZARD/3Infraestructura/4Selectores/Edicion Selectores/btn_Oficinas(2)/td_2Cali - Chipichape' is clicked on

2023-08-14 11:19:04 - [MESSAGE][PASSED] - Object: 'Object Repository/WIZARD/3Infraestructura/4Selectores/Edicion Selectores/btn_Oficinas(2)/td_2Cali - Chipichape' is clicked on

2023-08-14 11:19:04 - [TEST_STEP][PASSED] - delay(3): Delayed 3 second(s)

2023-08-14 11:19:07 - [MESSAGE][PASSED] - Delayed 3 second(s)

2023-08-14 11:19:07 - [TEST_STEP][PASSED] - setText(findTestObject("WIZARD/3Infraestructura/4Selectores/Edicion Selectores/input_Nombre"), "Cali Selector 01"): Text 'Cali Selector 01' is set on object 'Object Repository/WIZARD/3Infraestructura/4Selectores/Edicion Selectores/input_Nombre'

2023-08-14 11:19:07 - [MESSAGE][PASSED] - Text 'Cali Selector 01' is set on object 'Object Repository/WIZARD/3Infraestructura/4Selectores/Edicion Selectores/input_Nombre'

2023-08-14 11:19:07 - [TEST_STEP][PASSED] - setText(findTestObject("WIZARD/3Infraestructura/4Selectores/Edicion Selectores/textarea_Descripcion"), "Cali Selector 01"): Text 'Cali Selector 01' is set on object 'Object Repository/WIZARD/3Infraestructura/4Selectores/Edicion Selectores/textarea_Descripcion'

2023-08-14 11:19:08 - [MESSAGE][PASSED] - Text 'Cali Selector 01' is set on object 'Object Repository/WIZARD/3Infraestructura/4Selectores/Edicion Selectores/textarea_Descripcion'

2023-08-14 11:19:08 - [TEST_STEP][PASSED] - click(findTestObject("WIZARD/3Infraestructura/4Selectores/Edicion Selectores/img_Nuevo")): Object: 'Object Repository/WIZARD/3Infraestructura/4Selectores/Edicion Selectores/img_Nuevo' is clicked on

2023-08-14 11:19:09 - [MESSAGE][PASSED] - Object: 'Object Repository/WIZARD/3Infraestructura/4Selectores/Edicion Selectores/img_Nuevo' is clicked on

2023-08-14 11:19:09 - [TEST_STEP][PASSED] - delay(3): Delayed 3 second(s)

2023-08-14 11:19:12 - [MESSAGE][PASSED] - Delayed 3 second(s)

2023-08-14 11:19:12 - [TEST_STEP][PASSED] - click(findTestObject("WIZARD/3Infraestructura/0Menu/span_Selectores")): Object: 'Object Repository/WIZARD/3Infraestructura/0Menu/span_Selectores' is clicked on

2023-08-14 11:19:13 - [MESSAGE][PASSED] - Object: 'Object Repository/WIZARD/3Infraestructura/0Menu/span_Selectores' is clicked on

2023-08-14 11:19:13 - [TEST_STEP][PASSED] - delay(3): Delayed 3 second(s)

2023-08-14 11:19:16 - [MESSAGE][PASSED] - Delayed 3 second(s)

2023-08-14 11:19:16 - [TEST_STEP][PASSED] - click(findTestObject("WIZARD/3Infraestructura/4Selectores/Edicion Selectores/btn_Oficinas(2)/td_3Cartagena - Bocagrande")): Object: 'Object Repository/WIZARD/3Infraestructura/4Selectores/Edicion Selectores/btn_Oficinas(2)/td_3Cartagena - Bocagrande' is clicked on

2023-08-14 11:19:16 - [MESSAGE][PASSED] - Object: 'Object Repository/WIZARD/3Infraestructura/4Selectores/Edicion Selectores/btn_Oficinas(2)/td_3Cartagena - Bocagrande' is clicked on

2023-08-14 11:19:16 - [TEST_STEP][PASSED] - delay(3): Delayed 3 second(s)

2023-08-14 11:19:19 - [MESSAGE][PASSED] - Delayed 3 second(s)

2023-08-14 11:19:19 - [TEST_STEP][PASSED] - setText(findTestObject("WIZARD/3Infraestructura/4Selectores/Edicion Selectores/input_Nombre"), "Cartagena Selector 01"): Text 'Cartagena Selector 01' is set on object 'Object Repository/WIZARD/3Infraestructura/4Selectores/Edicion Selectores/input_Nombre'

2023-08-14 11:19:20 - [MESSAGE][PASSED] - Text 'Cartagena Selector 01' is set on object 'Object Repository/WIZARD/3Infraestructura/4Selectores/Edicion Selectores/input_Nombre'

2023-08-14 11:19:20 - [TEST_STEP][PASSED] - setText(findTestObject("WIZARD/3Infraestructura/4Selectores/Edicion Selectores/textarea_Descripcion"), "Cartagena Selector 01"): Text 'Cartagena Selector 01' is set on object 'Object Repository/WIZARD/3Infraestructura/4Selectores/Edicion Selectores/textarea_Descripcion'

2023-08-14 11:19:21 - [MESSAGE][PASSED] - Text 'Cartagena Selector 01' is set on object 'Object Repository/WIZARD/3Infraestructura/4Selectores/Edicion Selectores/textarea_Descripcion'

2023-08-14 11:19:21 - [TEST_STEP][PASSED] - click(findTestObject("WIZARD/3Infraestructura/4Selectores/Edicion Selectores/img_Nuevo")): Object: 'Object Repository/WIZARD/3Infraestructura/4Selectores/Edicion Selectores/img_Nuevo' is clicked on

2023-08-14 11:19:21 - [MESSAGE][PASSED] - Object: 'Object Repository/WIZARD/3Infraestructura/4Selectores/Edicion Selectores/img_Nuevo' is clicked on

2023-08-14 11:19:21 - [TEST_STEP][PASSED] - delay(3): Delayed 3 second(s)

2023-08-14 11:19:24 - [MESSAGE][PASSED] - Delayed 3 second(s)

2023-08-14 11:19:24 - [TEST_STEP][PASSED] - click(findTestObject("WIZARD/3Infraestructura/0Menu/span_Selectores")): Object: 'Object Repository/WIZARD/3Infraestructura/0Menu/span_Selectores' is clicked on

2023-08-14 11:19:25 - [MESSAGE][PASSED] - Object: 'Object Repository/WIZARD/3Infraestructura/0Menu/span_Selectores' is clicked on

2023-08-14 11:19:25 - [TEST_STEP][PASSED] - delay(3): Delayed 3 second(s)

2023-08-14 11:19:28 - [MESSAGE][PASSED] - Delayed 3 second(s)

2023-08-14 11:19:28 - [TEST_STEP][PASSED] - click(findTestObject("WIZARD/3Infraestructura/4Selectores/Edicion Selectores/btn_Oficinas(2)/td_4Manizales - Manizales")): Object: 'Object Repository/WIZARD/3Infraestructura/4Selectores/Edicion Selectores/btn_Oficinas(2)/td_4Manizales - Manizales' is clicked on

2023-08-14 11:19:29 - [MESSAGE][PASSED] - Object: 'Object Repository/WIZARD/3Infraestructura/4Selectores/Edicion Selectores/btn_Oficinas(2)/td_4Manizales - Manizales' is clicked on

2023-08-14 11:19:29 - [TEST_STEP][PASSED] - delay(3): Delayed 3 second(s)

2023-08-14 11:19:32 - [MESSAGE][PASSED] - Delayed 3 second(s)

2023-08-14 11:19:32 - [TEST_STEP][PASSED] - setText(findTestObject("WIZARD/3Infraestructura/4Selectores/Edicion Selectores/input_Nombre"), "Manizales Selector 01"): Text 'Manizales Selector 01' is set on object 'Object Repository/WIZARD/3Infraestructura/4Selectores/Edicion Selectores/input_Nombre'

2023-08-14 11:19:33 - [MESSAGE][PASSED] - Text 'Manizales Selector 01' is set on object 'Object Repository/WIZARD/3Infraestructura/4Selectores/Edicion Selectores/input_Nombre'

2023-08-14 11:19:33 - [TEST_STEP][PASSED] - setText(findTestObject("WIZARD/3Infraestructura/4Selectores/Edicion Selectores/textarea_Descripcion"), "Manizales Selector 01"): Text 'Manizales Selector 01' is set on object 'Object Repository/WIZARD/3Infraestructura/4Selectores/Edicion Selectores/textarea_Descripcion'

2023-08-14 11:19:33 - [MESSAGE][PASSED] - Text 'Manizales Selector 01' is set on object 'Object Repository/WIZARD/3Infraestructura/4Selectores/Edicion Selectores/textarea_Descripcion'

2023-08-14 11:19:33 - [TEST_STEP][PASSED] - click(findTestObject("WIZARD/3Infraestructura/4Selectores/Edicion Selectores/img_Nuevo")): Object: 'Object Repository/WIZARD/3Infraestructura/4Selectores/Edicion Selectores/img_Nuevo' is clicked on

2023-08-14 11:19:34 - [MESSAGE][PASSED] - Object: 'Object Repository/WIZARD/3Infraestructura/4Selectores/Edicion Selectores/img_Nuevo' is clicked on

2023-08-14 11:19:34 - [TEST_STEP][PASSED] - delay(3): Delayed 3 second(s)

2023-08-14 11:19:37 - [MESSAGE][PASSED] - Delayed 3 second(s)

2023-08-14 11:19:37 - [TEST_STEP][PASSED] - click(findTestObject("WIZARD/3Infraestructura/0Menu/span_Selectores")): Object: 'Object Repository/WIZARD/3Infraestructura/0Menu/span_Selectores' is clicked on

2023-08-14 11:19:38 - [MESSAGE][PASSED] - Object: 'Object Repository/WIZARD/3Infraestructura/0Menu/span_Selectores' is clicked on

2023-08-14 11:19:38 - [TEST_STEP][PASSED] - delay(3): Delayed 3 second(s)

2023-08-14 11:19:41 - [MESSAGE][PASSED] - Delayed 3 second(s)

2023-08-14 11:19:41 - [TEST_STEP][PASSED] - click(findTestObject("WIZARD/3Infraestructura/4Selectores/Edicion Selectores/btn_Oficinas(2)/td_5Medellin - Laureles")): Object: 'Object Repository/WIZARD/3Infraestructura/4Selectores/Edicion Selectores/btn_Oficinas(2)/td_5Medellin - Laureles' is clicked on

2023-08-14 11:19:41 - [MESSAGE][PASSED] - Object: 'Object Repository/WIZARD/3Infraestructura/4Selectores/Edicion Selectores/btn_Oficinas(2)/td_5Medellin - Laureles' is clicked on

2023-08-14 11:19:41 - [TEST_STEP][PASSED] - delay(3): Delayed 3 second(s)

2023-08-14 11:19:44 - [MESSAGE][PASSED] - Delayed 3 second(s)

2023-08-14 11:19:44 - [TEST_STEP][PASSED] - setText(findTestObject("WIZARD/3Infraestructura/4Selectores/Edicion Selectores/input_Nombre"), "Medellin Selector 01"): Text 'Medellin Selector 01' is set on object 'Object Repository/WIZARD/3Infraestructura/4Selectores/Edicion Selectores/input_Nombre'

2023-08-14 11:19:45 - [MESSAGE][PASSED] - Text 'Medellin Selector 01' is set on object 'Object Repository/WIZARD/3Infraestructura/4Selectores/Edicion Selectores/input_Nombre'

2023-08-14 11:19:45 - [TEST_STEP][PASSED] - setText(findTestObject("WIZARD/3Infraestructura/4Selectores/Edicion Selectores/textarea_Descripcion"), "Medellin Selector 01"): Text 'Medellin Selector 01' is set on object 'Object Repository/WIZARD/3Infraestructura/4Selectores/Edicion Selectores/textarea_Descripcion'

2023-08-14 11:19:46 - [MESSAGE][PASSED] - Text 'Medellin Selector 01' is set on object 'Object Repository/WIZARD/3Infraestructura/4Selectores/Edicion Selectores/textarea_Descripcion'

2023-08-14 11:19:46 - [TEST_STEP][PASSED] - click(findTestObject("WIZARD/3Infraestructura/4Selectores/Edicion Selectores/img_Nuevo")): Object: 'Object Repository/WIZARD/3Infraestructura/4Selectores/Edicion Selectores/img_Nuevo' is clicked on

2023-08-14 11:19:46 - [MESSAGE][PASSED] - Object: 'Object Repository/WIZARD/3Infraestructura/4Selectores/Edicion Selectores/img_Nuevo' is clicked on

2023-08-14 11:19:46 - [TEST_STEP][PASSED] - delay(3): Delayed 3 second(s)

2023-08-14 11:19:49 - [MESSAGE][PASSED] - Delayed 3 second(s)

2023-08-14 11:19:49 - [TEST_STEP][PASSED] - click(findTestObject("WIZARD/3Infraestructura/0Menu/span_Selectores")): Object: 'Object Repository/WIZARD/3Infraestructura/0Menu/span_Selectores' is clicked on

2023-08-14 11:19:50 - [MESSAGE][PASSED] - Object: 'Object Repository/WIZARD/3Infraestructura/0Menu/span_Selectores' is clicked on

2023-08-14 11:19:50 - [TEST_STEP][PASSED] - delay(3): Delayed 3 second(s)

2023-08-14 11:19:54 - [MESSAGE][PASSED] - Delayed 3 second(s)

2023-08-14 11:19:54 - [TEST_STEP][PASSED] - click(findTestObject("WIZARD/3Infraestructura/4Selectores/Edicion Selectores/btn_Oficinas(2)/td_6Virtual - Oficina Virtual")): Object: 'Object Repository/WIZARD/3Infraestructura/4Selectores/Edicion Selectores/btn_Oficinas(2)/td_6Virtual - Oficina Virtual' is clicked on

2023-08-14 11:19:54 - [MESSAGE][PASSED] - Object: 'Object Repository/WIZARD/3Infraestructura/4Selectores/Edicion Selectores/btn_Oficinas(2)/td_6Virtual - Oficina Virtual' is clicked on

2023-08-14 11:19:54 - [TEST_STEP][PASSED] - delay(3): Delayed 3 second(s)

2023-08-14 11:19:57 - [MESSAGE][PASSED] - Delayed 3 second(s)

2023-08-14 11:19:57 - [TEST_STEP][PASSED] - setText(findTestObject("WIZARD/3Infraestructura/4Selectores/Edicion Selectores/input_Nombre"), "Virtual Selector 01"): Text 'Virtual Selector 01' is set on object 'Object Repository/WIZARD/3Infraestructura/4Selectores/Edicion Selectores/input_Nombre'

2023-08-14 11:19:58 - [MESSAGE][PASSED] - Text 'Virtual Selector 01' is set on object 'Object Repository/WIZARD/3Infraestructura/4Selectores/Edicion Selectores/input_Nombre'

2023-08-14 11:19:58 - [TEST_STEP][PASSED] - setText(findTestObject("WIZARD/3Infraestructura/4Selectores/Edicion Selectores/textarea_Descripcion"), "Virtual Selector 01"): Text 'Virtual Selector 01' is set on object 'Object Repository/WIZARD/3Infraestructura/4Selectores/Edicion Selectores/textarea_Descripcion'

2023-08-14 11:19:59 - [MESSAGE][PASSED] - Text 'Virtual Selector 01' is set on object 'Object Repository/WIZARD/3Infraestructura/4Selectores/Edicion Selectores/textarea_Descripcion'

2023-08-14 11:19:59 - [TEST_STEP][PASSED] - click(findTestObject("WIZARD/3Infraestructura/4Selectores/Edicion Selectores/img_Nuevo")): Object: 'Object Repository/WIZARD/3Infraestructura/4Selectores/Edicion Selectores/img_Nuevo' is clicked on

2023-08-14 11:19:59 - [MESSAGE][PASSED] - Object: 'Object Repository/WIZARD/3Infraestructura/4Selectores/Edicion Selectores/img_Nuevo' is clicked on

2023-08-14 11:19:59 - [TEST_STEP][PASSED] - delay(3): Delayed 3 second(s)

2023-08-14 11:20:02 - [MESSAGE][PASSED] - Delayed 3 second(s)

2023-08-14 11:20:02 - [TEST_STEP][PASSED] - click(findTestObject("WIZARD/3Infraestructura/0Menu/span_Selectores")): Object: 'Object Repository/WIZARD/3Infraestructura/0Menu/span_Selectores' is clicked on

2023-08-14 11:20:03 - [MESSAGE][PASSED] - Object: 'Object Repository/WIZARD/3Infraestructura/0Menu/span_Selectores' is clicked on

2023-08-14 11:20:03 - [TEST_STEP][PASSED] - delay(3): Delayed 3 second(s)

2023-08-14 11:20:06 - [MESSAGE][PASSED] - Delayed 3 second(s)

2023-08-14 11:20:06 - [TEST_STEP][PASSED] - click(findTestObject("WIZARD/3Infraestructura/4Selectores/Edicion Selectores/btn_Oficinas(2)/td_7WorkFlow - Oficina WorkFlow")): Object: 'Object Repository/WIZARD/3Infraestructura/4Selectores/Edicion Selectores/btn_Oficinas(2)/td_7WorkFlow - Oficina WorkFlow' is clicked on

2023-08-14 11:20:07 - [MESSAGE][PASSED] - Object: 'Object Repository/WIZARD/3Infraestructura/4Selectores/Edicion Selectores/btn_Oficinas(2)/td_7WorkFlow - Oficina WorkFlow' is clicked on

2023-08-14 11:20:07 - [TEST_STEP][PASSED] - delay(3): Delayed 3 second(s)

2023-08-14 11:20:10 - [MESSAGE][PASSED] - Delayed 3 second(s)

2023-08-14 11:20:10 - [TEST_STEP][PASSED] - setText(findTestObject("WIZARD/3Infraestructura/4Selectores/Edicion Selectores/input_Nombre"), "WorkFlow Selector 01"): Text 'WorkFlow Selector 01' is set on object 'Object Repository/WIZARD/3Infraestructura/4Selectores/Edicion Selectores/input_Nombre'

2023-08-14 11:20:11 - [MESSAGE][PASSED] - Text 'WorkFlow Selector 01' is set on object 'Object Repository/WIZARD/3Infraestructura/4Selectores/Edicion Selectores/input_Nombre'

2023-08-14 11:20:11 - [TEST_STEP][PASSED] - setText(findTestObject("WIZARD/3Infraestructura/4Selectores/Edicion Selectores/textarea_Descripcion"), "WorkFlow Selector 01"): Text 'WorkFlow Selector 01' is set on object 'Object Repository/WIZARD/3Infraestructura/4Selectores/Edicion Selectores/textarea_Descripcion'

2023-08-14 11:20:11 - [MESSAGE][PASSED] - Text 'WorkFlow Selector 01' is set on object 'Object Repository/WIZARD/3Infraestructura/4Selectores/Edicion Selectores/textarea_Descripcion'

2023-08-14 11:20:11 - [TEST_STEP][PASSED] - click(findTestObject("WIZARD/3Infraestructura/4Selectores/Edicion Selectores/img_Nuevo")): Object: 'Object Repository/WIZARD/3Infraestructura/4Selectores/Edicion Selectores/img_Nuevo' is clicked on

2023-08-14 11:20:12 - [MESSAGE][PASSED] - Object: 'Object Repository/WIZARD/3Infraestructura/4Selectores/Edicion Selectores/img_Nuevo' is clicked on

2023-08-14 11:20:12 - [TEST_STEP][PASSED] - delay(3): Delayed 3 second(s)

2023-08-14 11:20:15 - [MESSAGE][PASSED] - Delayed 3 second(s)

2023-08-14 11:20:15 - [TEST_STEP][PASSED] - takeFullPageScreenshot(): Taking screenshot successfully

2023-08-14 11:20:16 - [MESSAGE][INFO] - 0 hidden object(s)

2023-08-14 11:20:16 - [MESSAGE][PASSED] - Taking screenshot successfully
[[ATTACHMENT|C:\\CIEL INGENIERIA\\Katalon\\Digiturno55\\Reports\\20230814_104251\\WIZARD\\3Infraestructura\\4Selectores\\5.4 Crear Selectores\\20230814_104346\\1692030015300.png]]

2023-08-14 11:20:16 - [TEST_STEP][PASSED] - delay(3): Delayed 3 second(s)

2023-08-14 11:20:19 - [MESSAGE][PASSED] - Delayed 3 second(s)

2023-08-14 11:20:19 - [TEST_STEP][PASSED] - Start listener action : sampleAfterTestCase: null]]></system-out>
         <system-err><![CDATA[]]></system-err>
      </testcase>
      <system-out><![CDATA[2023-08-14 11:18:09 - [TEST_SUITE][PASSED] - 5.4 Crear Selectores: Test Cases/WIZARD/3Infraestructura/4Selectores/5.4 Crear Selectores]]></system-out>
      <system-err><![CDATA[]]></system-err>
   </testsuite>
</testsuites>
