<?xml version="1.0" encoding="UTF-8"?>
<testsuites name="11 Paginas Activar y Desactivar" time="104.44" tests="2" failures="0" errors="0">
   <testsuite name="11 Paginas Activar y Desactivar" tests="2" failures="0" errors="0" time="104.44" skipped="0" timestamp="2024-04-08 09:11:11" hostname="jdavila - PCPruebas101.ciel.cielingenieria.com" id="Test Suites/DIGITURNO/BASICO/11 Paginas Activar y Desactivar">
      <properties>
         <property name="deviceName" value=""/>
         <property name="devicePlatform" value=""/>
         <property name="logFolder" value="C:\\CIEL INGENIERIA\\Katalon\\Digiturno55\\Reports\\20240408_090839\\DIGITURNO\\BASICO\\11 Paginas Activar y Desactivar\\20240408_090842"/>
         <property name="logFiles" value="C:\\CIEL INGENIERIA\\Katalon\\Digiturno55\\Reports\\20240408_090839\\DIGITURNO\\BASICO\\11 Paginas Activar y Desactivar\\20240408_090842\\execution0.log"/>
         <property name="attachments" value="C:\\CIEL INGENIERIA\\Katalon\\Digiturno55\\Reports\\20240408_090839\\DIGITURNO\\BASICO\\11 Paginas Activar y Desactivar\\20240408_090842\\1712585529072.png, C:\\CIEL INGENIERIA\\Katalon\\Digiturno55\\Reports\\20240408_090839\\DIGITURNO\\BASICO\\11 Paginas Activar y Desactivar\\20240408_090842\\1712585572029.png"/>
         <property name="hostName" value="jdavila - PCPruebas101.ciel.cielingenieria.com"/>
         <property name="os" value="Windows 10 64bit"/>
         <property name="katalonVersion" value="8.6.9.208"/>
         <property name="browser" value="Chrome 123.0.0.0"/>
         <property name="hostAddress" value="192.168.0.6"/>
         <property name="sessionId" value="5deacc3104e23d42bab27da493d794b0"/>
         <property name="seleniumVersion" value="3.141.59"/>
         <property name="proxyInformation" value="ProxyInformation { proxyOption=NO_PROXY, proxyServerType=HTTP, username=, password=********, proxyServerAddress=, proxyServerPort=0, executionList=&quot;&quot;, isApplyToDesiredCapabilities=true }"/>
         <property name="platform" value="Windows 10"/>
      </properties>
      <testcase name="Test Cases/DIGITURNO/BASICO/11 Paginas Activar o Desactivar" time="61.304" classname="Test Cases/DIGITURNO/BASICO/11 Paginas Activar o Desactivar" status="PASSED">
         <system-out><![CDATA[2024-04-08 09:11:11 - [TEST_CASE][PASSED] - Test Cases/DIGITURNO/BASICO/11 Paginas Activar o Desactivar: Test Cases/DIGITURNO/BASICO/11 Paginas Activar o Desactivar

2024-04-08 09:11:11 - [TEST_STEP][PASSED] - callTestCase(findTestCase("0InicioSesion"), [:], STOP_ON_FAILURE): Call Test Case 'Test Cases/0InicioSesion' successfully

2024-04-08 09:11:11 - [TEST_CASE][PASSED] - Test Cases/0InicioSesion: Test Cases/0InicioSesion

2024-04-08 09:11:12 - [TEST_STEP][PASSED] - openBrowser(UrlDigiturno): Browser is opened with url: 'https://PCPruebas101.ciel.cielingenieria.com:8910'

2024-04-08 09:11:12 - [MESSAGE][INFO] - Starting 'Chrome' driver

2024-04-08 09:11:12 - [MESSAGE][INFO] - User set preference: ['args', '[--use-fake-ui-for-media-stream, --disable-notifications]']

2024-04-08 09:11:12 - [MESSAGE][INFO] - Action delay is set to 0 milliseconds

2024-04-08 09:11:16 - [MESSAGE][PASSED] - Browser is opened with url: 'https://PCPruebas101.ciel.cielingenieria.com:8910'

2024-04-08 09:11:16 - [TEST_STEP][PASSED] - maximizeWindow(): Current window maximized

2024-04-08 09:11:16 - [MESSAGE][PASSED] - Current window maximized

2024-04-08 09:11:16 - [TEST_STEP][PASSED] - delay(3): Delayed 3 second(s)

2024-04-08 09:11:19 - [MESSAGE][PASSED] - Delayed 3 second(s)

2024-04-08 09:11:19 - [TEST_STEP][PASSED] - setText(findTestObject("0Inicio Sesion/input_Usuario"), "Ciel"): Text 'Ciel' is set on object 'Object Repository/0Inicio Sesion/input_Usuario'

2024-04-08 09:11:20 - [MESSAGE][PASSED] - Text 'Ciel' is set on object 'Object Repository/0Inicio Sesion/input_Usuario'

2024-04-08 09:11:20 - [TEST_STEP][PASSED] - setText(findTestObject("0Inicio Sesion/input_Clave"), "digiturno"): Text 'digiturno' is set on object 'Object Repository/0Inicio Sesion/input_Clave'

2024-04-08 09:11:21 - [MESSAGE][PASSED] - Text 'digiturno' is set on object 'Object Repository/0Inicio Sesion/input_Clave'

2024-04-08 09:11:21 - [TEST_STEP][PASSED] - click(findTestObject("0Inicio Sesion/btn_IniciarSesion")): Object: 'Object Repository/0Inicio Sesion/btn_IniciarSesion' is clicked on

2024-04-08 09:11:21 - [MESSAGE][PASSED] - Object: 'Object Repository/0Inicio Sesion/btn_IniciarSesion' is clicked on

2024-04-08 09:11:21 - [TEST_STEP][PASSED] - delay(3): Delayed 3 second(s)

2024-04-08 09:11:24 - [MESSAGE][PASSED] - Delayed 3 second(s)

2024-04-08 09:11:24 - [MESSAGE][PASSED] - Call Test Case 'Test Cases/0InicioSesion' successfully

2024-04-08 09:11:24 - [TEST_STEP][PASSED] - click(findTestObject("DIGITURNO/1Principal/img_Configuracion(1)")): Object: 'Object Repository/DIGITURNO/1Principal/img_Configuracion(1)' is clicked on

2024-04-08 09:11:25 - [MESSAGE][PASSED] - Object: 'Object Repository/DIGITURNO/1Principal/img_Configuracion(1)' is clicked on

2024-04-08 09:11:25 - [TEST_STEP][PASSED] - delay(3): Delayed 3 second(s)

2024-04-08 09:11:28 - [MESSAGE][PASSED] - Delayed 3 second(s)

2024-04-08 09:11:28 - [TEST_STEP][PASSED] - click(findTestObject("DIGITURNO/CONFIGURACION/0Principal/img_7Sistema")): Object: 'Object Repository/DIGITURNO/CONFIGURACION/0Principal/img_7Sistema' is clicked on

2024-04-08 09:11:44 - [MESSAGE][PASSED] - Object: 'Object Repository/DIGITURNO/CONFIGURACION/0Principal/img_7Sistema' is clicked on

2024-04-08 09:11:44 - [TEST_STEP][PASSED] - delay(3): Delayed 3 second(s)

2024-04-08 09:11:47 - [MESSAGE][PASSED] - Delayed 3 second(s)

2024-04-08 09:11:47 - [TEST_STEP][PASSED] - click(findTestObject("DIGITURNO/CONFIGURACION/7Sistema/0Principal/img_4 Paginas")): Object: 'Object Repository/DIGITURNO/CONFIGURACION/7Sistema/0Principal/img_4 Paginas' is clicked on

2024-04-08 09:11:48 - [MESSAGE][PASSED] - Object: 'Object Repository/DIGITURNO/CONFIGURACION/7Sistema/0Principal/img_4 Paginas' is clicked on

2024-04-08 09:11:48 - [TEST_STEP][PASSED] - delay(3): Delayed 3 second(s)

2024-04-08 09:11:51 - [MESSAGE][PASSED] - Delayed 3 second(s)

2024-04-08 09:11:51 - [TEST_STEP][PASSED] - setText(findTestObject("DIGITURNO/CONFIGURACION/7Sistema/4 Paginas/Lista de Paginas/input_TextoABuscar"), "31"): Text '31' is set on object 'Object Repository/DIGITURNO/CONFIGURACION/7Sistema/4 Paginas/Lista de Paginas/input_TextoABuscar'

2024-04-08 09:11:52 - [MESSAGE][PASSED] - Text '31' is set on object 'Object Repository/DIGITURNO/CONFIGURACION/7Sistema/4 Paginas/Lista de Paginas/input_TextoABuscar'

2024-04-08 09:11:52 - [TEST_STEP][PASSED] - delay(3): Delayed 3 second(s)

2024-04-08 09:11:55 - [MESSAGE][PASSED] - Delayed 3 second(s)

2024-04-08 09:11:55 - [TEST_STEP][PASSED] - click(findTestObject("DIGITURNO/CONFIGURACION/7Sistema/4 Paginas/Lista de Paginas/img_Editar"), STOP_ON_FAILURE): Object: 'Object Repository/DIGITURNO/CONFIGURACION/7Sistema/4 Paginas/Lista de Paginas/img_Editar' is clicked on

2024-04-08 09:11:56 - [MESSAGE][PASSED] - Object: 'Object Repository/DIGITURNO/CONFIGURACION/7Sistema/4 Paginas/Lista de Paginas/img_Editar' is clicked on

2024-04-08 09:11:56 - [TEST_STEP][PASSED] - delay(3): Delayed 3 second(s)

2024-04-08 09:11:59 - [MESSAGE][PASSED] - Delayed 3 second(s)

2024-04-08 09:11:59 - [TEST_STEP][PASSED] - check(findTestObject("DIGITURNO/CONFIGURACION/7Sistema/4 Paginas/Lista de Paginas/img_Editar(1)/label_Es visible"), STOP_ON_FAILURE): Object 'Object Repository/DIGITURNO/CONFIGURACION/7Sistema/4 Paginas/Lista de Paginas/img_Editar(1)/label_Es visible' is checked

2024-04-08 09:11:59 - [MESSAGE][PASSED] - Object 'Object Repository/DIGITURNO/CONFIGURACION/7Sistema/4 Paginas/Lista de Paginas/img_Editar(1)/label_Es visible' is checked

2024-04-08 09:11:59 - [TEST_STEP][PASSED] - delay(3): Delayed 3 second(s)

2024-04-08 09:12:02 - [MESSAGE][PASSED] - Delayed 3 second(s)

2024-04-08 09:12:02 - [TEST_STEP][PASSED] - click(findTestObject("DIGITURNO/CONFIGURACION/7Sistema/4 Paginas/Lista de Paginas/img_Editar(1)/img_icono Actualizar")): Object: 'Object Repository/DIGITURNO/CONFIGURACION/7Sistema/4 Paginas/Lista de Paginas/img_Editar(1)/img_icono Actualizar' is clicked on

2024-04-08 09:12:03 - [MESSAGE][PASSED] - Object: 'Object Repository/DIGITURNO/CONFIGURACION/7Sistema/4 Paginas/Lista de Paginas/img_Editar(1)/img_icono Actualizar' is clicked on

2024-04-08 09:12:03 - [TEST_STEP][PASSED] - delay(3): Delayed 3 second(s)

2024-04-08 09:12:06 - [MESSAGE][PASSED] - Delayed 3 second(s)

2024-04-08 09:12:06 - [TEST_STEP][PASSED] - back(): Navigate back successfully

2024-04-08 09:12:06 - [MESSAGE][PASSED] - Navigate back successfully

2024-04-08 09:12:06 - [TEST_STEP][PASSED] - back(): Navigate back successfully

2024-04-08 09:12:06 - [MESSAGE][PASSED] - Navigate back successfully

2024-04-08 09:12:06 - [TEST_STEP][PASSED] - back(): Navigate back successfully

2024-04-08 09:12:06 - [MESSAGE][PASSED] - Navigate back successfully

2024-04-08 09:12:06 - [TEST_STEP][PASSED] - click(findTestObject("DIGITURNO/1Principal/img_Configuracion(1)")): Object: 'Object Repository/DIGITURNO/1Principal/img_Configuracion(1)' is clicked on

2024-04-08 09:12:07 - [MESSAGE][PASSED] - Object: 'Object Repository/DIGITURNO/1Principal/img_Configuracion(1)' is clicked on

2024-04-08 09:12:07 - [TEST_STEP][PASSED] - delay(2): Delayed 2 second(s)

2024-04-08 09:12:09 - [MESSAGE][PASSED] - Delayed 2 second(s)

2024-04-08 09:12:09 - [TEST_STEP][PASSED] - takeFullPageScreenshot(): Taking screenshot successfully

2024-04-08 09:12:09 - [MESSAGE][INFO] - 0 hidden object(s)

2024-04-08 09:12:09 - [MESSAGE][PASSED] - Taking screenshot successfully
[[ATTACHMENT|C:\\CIEL INGENIERIA\\Katalon\\Digiturno55\\Reports\\20240408_090839\\DIGITURNO\\BASICO\\11 Paginas Activar y Desactivar\\20240408_090842\\1712585529072.png]]

2024-04-08 09:12:09 - [TEST_STEP][PASSED] - delay(3): Delayed 3 second(s)

2024-04-08 09:12:12 - [MESSAGE][PASSED] - Delayed 3 second(s)

2024-04-08 09:12:12 - [TEST_STEP][PASSED] - Start listener action : sampleAfterTestCase: null]]></system-out>
         <system-err><![CDATA[]]></system-err>
      </testcase>
      <testcase name="Test Cases/DIGITURNO/BASICO/11 Paginas Activar o Desactivar" time="42.875" classname="Test Cases/DIGITURNO/BASICO/11 Paginas Activar o Desactivar" status="PASSED">
         <system-out><![CDATA[2024-04-08 09:12:12 - [TEST_CASE][PASSED] - Test Cases/DIGITURNO/BASICO/11 Paginas Activar o Desactivar: Test Cases/DIGITURNO/BASICO/11 Paginas Activar o Desactivar

2024-04-08 09:12:12 - [TEST_STEP][PASSED] - callTestCase(findTestCase("0InicioSesion"), [:], STOP_ON_FAILURE): Call Test Case 'Test Cases/0InicioSesion' successfully

2024-04-08 09:12:12 - [TEST_CASE][PASSED] - Test Cases/0InicioSesion: Test Cases/0InicioSesion

2024-04-08 09:12:12 - [TEST_STEP][PASSED] - openBrowser(UrlDigiturno): Browser is opened with url: 'https://PCPruebas101.ciel.cielingenieria.com:8910'

2024-04-08 09:12:12 - [MESSAGE][WARNING] - A browser is already opened. Closing browser and opening a new one

2024-04-08 09:12:13 - [MESSAGE][INFO] - Starting 'Chrome' driver

2024-04-08 09:12:13 - [MESSAGE][INFO] - User set preference: ['args', '[--use-fake-ui-for-media-stream, --disable-notifications]']

2024-04-08 09:12:13 - [MESSAGE][INFO] - Action delay is set to 0 milliseconds

2024-04-08 09:12:15 - [MESSAGE][PASSED] - Browser is opened with url: 'https://PCPruebas101.ciel.cielingenieria.com:8910'

2024-04-08 09:12:15 - [TEST_STEP][PASSED] - maximizeWindow(): Current window maximized

2024-04-08 09:12:15 - [MESSAGE][PASSED] - Current window maximized

2024-04-08 09:12:15 - [TEST_STEP][PASSED] - delay(3): Delayed 3 second(s)

2024-04-08 09:12:18 - [MESSAGE][PASSED] - Delayed 3 second(s)

2024-04-08 09:12:18 - [TEST_STEP][PASSED] - setText(findTestObject("0Inicio Sesion/input_Usuario"), "Ciel"): Text 'Ciel' is set on object 'Object Repository/0Inicio Sesion/input_Usuario'

2024-04-08 09:12:19 - [MESSAGE][PASSED] - Text 'Ciel' is set on object 'Object Repository/0Inicio Sesion/input_Usuario'

2024-04-08 09:12:19 - [TEST_STEP][PASSED] - setText(findTestObject("0Inicio Sesion/input_Clave"), "digiturno"): Text 'digiturno' is set on object 'Object Repository/0Inicio Sesion/input_Clave'

2024-04-08 09:12:20 - [MESSAGE][PASSED] - Text 'digiturno' is set on object 'Object Repository/0Inicio Sesion/input_Clave'

2024-04-08 09:12:20 - [TEST_STEP][PASSED] - click(findTestObject("0Inicio Sesion/btn_IniciarSesion")): Object: 'Object Repository/0Inicio Sesion/btn_IniciarSesion' is clicked on

2024-04-08 09:12:20 - [MESSAGE][PASSED] - Object: 'Object Repository/0Inicio Sesion/btn_IniciarSesion' is clicked on

2024-04-08 09:12:20 - [TEST_STEP][PASSED] - delay(3): Delayed 3 second(s)

2024-04-08 09:12:23 - [MESSAGE][PASSED] - Delayed 3 second(s)

2024-04-08 09:12:23 - [MESSAGE][PASSED] - Call Test Case 'Test Cases/0InicioSesion' successfully

2024-04-08 09:12:23 - [TEST_STEP][PASSED] - click(findTestObject("DIGITURNO/1Principal/img_Configuracion(1)")): Object: 'Object Repository/DIGITURNO/1Principal/img_Configuracion(1)' is clicked on

2024-04-08 09:12:24 - [MESSAGE][PASSED] - Object: 'Object Repository/DIGITURNO/1Principal/img_Configuracion(1)' is clicked on

2024-04-08 09:12:24 - [TEST_STEP][PASSED] - delay(3): Delayed 3 second(s)

2024-04-08 09:12:27 - [MESSAGE][PASSED] - Delayed 3 second(s)

2024-04-08 09:12:27 - [TEST_STEP][PASSED] - click(findTestObject("DIGITURNO/CONFIGURACION/0Principal/img_7Sistema")): Object: 'Object Repository/DIGITURNO/CONFIGURACION/0Principal/img_7Sistema' is clicked on

2024-04-08 09:12:28 - [MESSAGE][PASSED] - Object: 'Object Repository/DIGITURNO/CONFIGURACION/0Principal/img_7Sistema' is clicked on

2024-04-08 09:12:28 - [TEST_STEP][PASSED] - delay(3): Delayed 3 second(s)

2024-04-08 09:12:31 - [MESSAGE][PASSED] - Delayed 3 second(s)

2024-04-08 09:12:31 - [TEST_STEP][PASSED] - click(findTestObject("DIGITURNO/CONFIGURACION/7Sistema/0Principal/img_4 Paginas")): Object: 'Object Repository/DIGITURNO/CONFIGURACION/7Sistema/0Principal/img_4 Paginas' is clicked on

2024-04-08 09:12:31 - [MESSAGE][PASSED] - Object: 'Object Repository/DIGITURNO/CONFIGURACION/7Sistema/0Principal/img_4 Paginas' is clicked on

2024-04-08 09:12:31 - [TEST_STEP][PASSED] - delay(3): Delayed 3 second(s)

2024-04-08 09:12:34 - [MESSAGE][PASSED] - Delayed 3 second(s)

2024-04-08 09:12:34 - [TEST_STEP][PASSED] - setText(findTestObject("DIGITURNO/CONFIGURACION/7Sistema/4 Paginas/Lista de Paginas/input_TextoABuscar"), "31"): Text '31' is set on object 'Object Repository/DIGITURNO/CONFIGURACION/7Sistema/4 Paginas/Lista de Paginas/input_TextoABuscar'

2024-04-08 09:12:35 - [MESSAGE][PASSED] - Text '31' is set on object 'Object Repository/DIGITURNO/CONFIGURACION/7Sistema/4 Paginas/Lista de Paginas/input_TextoABuscar'

2024-04-08 09:12:35 - [TEST_STEP][PASSED] - delay(3): Delayed 3 second(s)

2024-04-08 09:12:38 - [MESSAGE][PASSED] - Delayed 3 second(s)

2024-04-08 09:12:38 - [TEST_STEP][PASSED] - click(findTestObject("DIGITURNO/CONFIGURACION/7Sistema/4 Paginas/Lista de Paginas/img_Editar"), STOP_ON_FAILURE): Object: 'Object Repository/DIGITURNO/CONFIGURACION/7Sistema/4 Paginas/Lista de Paginas/img_Editar' is clicked on

2024-04-08 09:12:39 - [MESSAGE][PASSED] - Object: 'Object Repository/DIGITURNO/CONFIGURACION/7Sistema/4 Paginas/Lista de Paginas/img_Editar' is clicked on

2024-04-08 09:12:39 - [TEST_STEP][PASSED] - delay(3): Delayed 3 second(s)

2024-04-08 09:12:42 - [MESSAGE][PASSED] - Delayed 3 second(s)

2024-04-08 09:12:42 - [TEST_STEP][PASSED] - check(findTestObject("DIGITURNO/CONFIGURACION/7Sistema/4 Paginas/Lista de Paginas/img_Editar(1)/label_Es visible"), STOP_ON_FAILURE): Object 'Object Repository/DIGITURNO/CONFIGURACION/7Sistema/4 Paginas/Lista de Paginas/img_Editar(1)/label_Es visible' is checked

2024-04-08 09:12:42 - [MESSAGE][PASSED] - Object 'Object Repository/DIGITURNO/CONFIGURACION/7Sistema/4 Paginas/Lista de Paginas/img_Editar(1)/label_Es visible' is checked

2024-04-08 09:12:42 - [TEST_STEP][PASSED] - delay(3): Delayed 3 second(s)

2024-04-08 09:12:45 - [MESSAGE][PASSED] - Delayed 3 second(s)

2024-04-08 09:12:45 - [TEST_STEP][PASSED] - click(findTestObject("DIGITURNO/CONFIGURACION/7Sistema/4 Paginas/Lista de Paginas/img_Editar(1)/img_icono Actualizar")): Object: 'Object Repository/DIGITURNO/CONFIGURACION/7Sistema/4 Paginas/Lista de Paginas/img_Editar(1)/img_icono Actualizar' is clicked on

2024-04-08 09:12:46 - [MESSAGE][PASSED] - Object: 'Object Repository/DIGITURNO/CONFIGURACION/7Sistema/4 Paginas/Lista de Paginas/img_Editar(1)/img_icono Actualizar' is clicked on

2024-04-08 09:12:46 - [TEST_STEP][PASSED] - delay(3): Delayed 3 second(s)

2024-04-08 09:12:49 - [MESSAGE][PASSED] - Delayed 3 second(s)

2024-04-08 09:12:49 - [TEST_STEP][PASSED] - back(): Navigate back successfully

2024-04-08 09:12:49 - [MESSAGE][PASSED] - Navigate back successfully

2024-04-08 09:12:49 - [TEST_STEP][PASSED] - back(): Navigate back successfully

2024-04-08 09:12:49 - [MESSAGE][PASSED] - Navigate back successfully

2024-04-08 09:12:49 - [TEST_STEP][PASSED] - back(): Navigate back successfully

2024-04-08 09:12:49 - [MESSAGE][PASSED] - Navigate back successfully

2024-04-08 09:12:49 - [TEST_STEP][PASSED] - click(findTestObject("DIGITURNO/1Principal/img_Configuracion(1)")): Object: 'Object Repository/DIGITURNO/1Principal/img_Configuracion(1)' is clicked on

2024-04-08 09:12:50 - [MESSAGE][PASSED] - Object: 'Object Repository/DIGITURNO/1Principal/img_Configuracion(1)' is clicked on

2024-04-08 09:12:50 - [TEST_STEP][PASSED] - delay(2): Delayed 2 second(s)

2024-04-08 09:12:52 - [MESSAGE][PASSED] - Delayed 2 second(s)

2024-04-08 09:12:52 - [TEST_STEP][PASSED] - takeFullPageScreenshot(): Taking screenshot successfully

2024-04-08 09:12:52 - [MESSAGE][INFO] - 0 hidden object(s)

2024-04-08 09:12:52 - [MESSAGE][PASSED] - Taking screenshot successfully
[[ATTACHMENT|C:\\CIEL INGENIERIA\\Katalon\\Digiturno55\\Reports\\20240408_090839\\DIGITURNO\\BASICO\\11 Paginas Activar y Desactivar\\20240408_090842\\1712585572029.png]]

2024-04-08 09:12:52 - [TEST_STEP][PASSED] - delay(3): Delayed 3 second(s)

2024-04-08 09:12:55 - [MESSAGE][PASSED] - Delayed 3 second(s)

2024-04-08 09:12:55 - [TEST_STEP][PASSED] - Start listener action : sampleAfterTestCase: null]]></system-out>
         <system-err><![CDATA[]]></system-err>
      </testcase>
      <system-out><![CDATA[2024-04-08 09:11:11 - [TEST_SUITE][PASSED] - 11 Paginas Activar y Desactivar: Test Cases/DIGITURNO/BASICO/11 Paginas Activar o Desactivar]]></system-out>
      <system-err><![CDATA[]]></system-err>
   </testsuite>
</testsuites>
