<?xml version="1.0" encoding="UTF-8"?>
<testsuites name="81 Modulos y Personalizaciones" time="44.65" tests="1" failures="0" errors="0">
   <testsuite name="81 Modulos y Personalizaciones" tests="1" failures="0" errors="0" time="44.65" skipped="0" timestamp="2023-07-11 12:31:00" hostname="jdavila - PCPruebas101.ciel.cielingenieria.com" id="Test Suites/DIGITURNO/BASICO/81 Modulos y Personalizaciones">
      <properties>
         <property name="deviceName" value=""/>
         <property name="devicePlatform" value=""/>
         <property name="logFolder" value="C:\\CIEL INGENIERIA\\Katalon\\Digiturno55\\Reports\\20230711_113602\\DIGITURNO\\BASICO\\81 Modulos y Personalizaciones\\20230711_113713"/>
         <property name="logFiles" value="C:\\CIEL INGENIERIA\\Katalon\\Digiturno55\\Reports\\20230711_113602\\DIGITURNO\\BASICO\\81 Modulos y Personalizaciones\\20230711_113713\\execution0.log"/>
         <property name="attachments" value="C:\\CIEL INGENIERIA\\Katalon\\Digiturno55\\Reports\\20230711_113602\\DIGITURNO\\BASICO\\81 Modulos y Personalizaciones\\20230711_113713\\1689096679555.png, C:\\CIEL INGENIERIA\\Katalon\\Digiturno55\\Reports\\20230711_113602\\DIGITURNO\\BASICO\\81 Modulos y Personalizaciones\\20230711_113713\\1689096701468.png"/>
         <property name="hostName" value="jdavila - PCPruebas101.ciel.cielingenieria.com"/>
         <property name="os" value="Windows 10 64bit"/>
         <property name="katalonVersion" value="8.6.0.208"/>
         <property name="browser" value="Chrome 114.0.0.0"/>
         <property name="hostAddress" value="192.168.0.33"/>
         <property name="sessionId" value="4ca826b88b52456001b4b2b9b047f7db"/>
         <property name="seleniumVersion" value="3.141.59"/>
         <property name="proxyInformation" value="ProxyInformation { proxyOption=NO_PROXY, proxyServerType=HTTP, username=, password=********, proxyServerAddress=, proxyServerPort=0, executionList=&quot;&quot;, isApplyToDesiredCapabilities=true }"/>
         <property name="platform" value="Windows 10"/>
      </properties>
      <testcase name="Test Cases/DIGITURNO/BASICO/81 Modulos y Personalizaciones" time="44.408" classname="Test Cases/DIGITURNO/BASICO/81 Modulos y Personalizaciones" status="PASSED">
         <system-out><![CDATA[2023-07-11 12:31:00 - [TEST_CASE][PASSED] - Test Cases/DIGITURNO/BASICO/81 Modulos y Personalizaciones: Test Cases/DIGITURNO/BASICO/81 Modulos y Personalizaciones

2023-07-11 12:31:00 - [TEST_STEP][PASSED] - callTestCase(findTestCase("DIGITURNO/BASICO/30 Sistema"), [:], STOP_ON_FAILURE): Call Test Case 'Test Cases/DIGITURNO/BASICO/30 Sistema' successfully

2023-07-11 12:31:01 - [TEST_CASE][PASSED] - Test Cases/DIGITURNO/BASICO/30 Sistema: Test Cases/DIGITURNO/BASICO/30 Sistema

2023-07-11 12:31:01 - [TEST_STEP][PASSED] - callTestCase(findTestCase("0InicioSesion"), [:], STOP_ON_FAILURE): Call Test Case 'Test Cases/0InicioSesion' successfully

2023-07-11 12:31:01 - [TEST_CASE][PASSED] - Test Cases/0InicioSesion: Test Cases/0InicioSesion

2023-07-11 12:31:01 - [TEST_STEP][PASSED] - openBrowser(UrlDigiturno): Browser is opened with url: 'https://PCPruebas101.ciel.cielingenieria.com:8810'

2023-07-11 12:31:01 - [MESSAGE][INFO] - Starting 'Chrome' driver

2023-07-11 12:31:01 - [MESSAGE][INFO] - User set preference: ['args', '[--use-fake-ui-for-media-stream, --disable-notifications]']

2023-07-11 12:31:01 - [MESSAGE][INFO] - Action delay is set to 0 milliseconds

2023-07-11 12:31:04 - [MESSAGE][PASSED] - Browser is opened with url: 'https://PCPruebas101.ciel.cielingenieria.com:8810'

2023-07-11 12:31:04 - [TEST_STEP][PASSED] - maximizeWindow(): Current window maximized

2023-07-11 12:31:04 - [MESSAGE][PASSED] - Current window maximized

2023-07-11 12:31:04 - [TEST_STEP][PASSED] - delay(3): Delayed 3 second(s)

2023-07-11 12:31:07 - [MESSAGE][PASSED] - Delayed 3 second(s)

2023-07-11 12:31:07 - [TEST_STEP][PASSED] - setText(findTestObject("0Inicio Sesion/input_Usuario"), "Ciel"): Text 'Ciel' is set on object 'Object Repository/0Inicio Sesion/input_Usuario'

2023-07-11 12:31:08 - [MESSAGE][PASSED] - Text 'Ciel' is set on object 'Object Repository/0Inicio Sesion/input_Usuario'

2023-07-11 12:31:08 - [TEST_STEP][PASSED] - setText(findTestObject("0Inicio Sesion/input_Clave"), "digiturno"): Text 'digiturno' is set on object 'Object Repository/0Inicio Sesion/input_Clave'

2023-07-11 12:31:08 - [MESSAGE][PASSED] - Text 'digiturno' is set on object 'Object Repository/0Inicio Sesion/input_Clave'

2023-07-11 12:31:08 - [TEST_STEP][PASSED] - click(findTestObject("0Inicio Sesion/btn_IniciarSesion")): Object: 'Object Repository/0Inicio Sesion/btn_IniciarSesion' is clicked on

2023-07-11 12:31:09 - [MESSAGE][PASSED] - Object: 'Object Repository/0Inicio Sesion/btn_IniciarSesion' is clicked on

2023-07-11 12:31:09 - [TEST_STEP][PASSED] - delay(3): Delayed 3 second(s)

2023-07-11 12:31:12 - [MESSAGE][PASSED] - Delayed 3 second(s)

2023-07-11 12:31:12 - [MESSAGE][PASSED] - Call Test Case 'Test Cases/0InicioSesion' successfully

2023-07-11 12:31:12 - [TEST_STEP][PASSED] - click(findTestObject("DIGITURNO/1Principal/img_Configuracion(1)")): Object: 'Object Repository/DIGITURNO/1Principal/img_Configuracion(1)' is clicked on

2023-07-11 12:31:12 - [MESSAGE][PASSED] - Object: 'Object Repository/DIGITURNO/1Principal/img_Configuracion(1)' is clicked on

2023-07-11 12:31:12 - [TEST_STEP][PASSED] - delay(3): Delayed 3 second(s)

2023-07-11 12:31:15 - [MESSAGE][PASSED] - Delayed 3 second(s)

2023-07-11 12:31:15 - [TEST_STEP][PASSED] - click(findTestObject("DIGITURNO/CONFIGURACION/0Principal/img_7Sistema")): Object: 'Object Repository/DIGITURNO/CONFIGURACION/0Principal/img_7Sistema' is clicked on

2023-07-11 12:31:16 - [MESSAGE][PASSED] - Object: 'Object Repository/DIGITURNO/CONFIGURACION/0Principal/img_7Sistema' is clicked on

2023-07-11 12:31:16 - [TEST_STEP][PASSED] - delay(3): Delayed 3 second(s)

2023-07-11 12:31:19 - [MESSAGE][PASSED] - Delayed 3 second(s)

2023-07-11 12:31:19 - [TEST_STEP][PASSED] - takeFullPageScreenshot(): Taking screenshot successfully

2023-07-11 12:31:20 - [MESSAGE][INFO] - 0 hidden object(s)

2023-07-11 12:31:20 - [MESSAGE][PASSED] - Taking screenshot successfully
[[ATTACHMENT|C:\\CIEL INGENIERIA\\Katalon\\Digiturno55\\Reports\\20230711_113602\\DIGITURNO\\BASICO\\81 Modulos y Personalizaciones\\20230711_113713\\1689096679555.png]]

2023-07-11 12:31:20 - [TEST_STEP][PASSED] - delay(3): Delayed 3 second(s)

2023-07-11 12:31:23 - [MESSAGE][PASSED] - Delayed 3 second(s)

2023-07-11 12:31:23 - [MESSAGE][PASSED] - Call Test Case 'Test Cases/DIGITURNO/BASICO/30 Sistema' successfully

2023-07-11 12:31:23 - [TEST_STEP][PASSED] - click(findTestObject("DIGITURNO/CONFIGURACION/7Sistema/0Principal/img_2 Modulos y Personalizaciones")): Object: 'Object Repository/DIGITURNO/CONFIGURACION/7Sistema/0Principal/img_2 Modulos y Personalizaciones' is clicked on

2023-07-11 12:31:38 - [MESSAGE][PASSED] - Object: 'Object Repository/DIGITURNO/CONFIGURACION/7Sistema/0Principal/img_2 Modulos y Personalizaciones' is clicked on

2023-07-11 12:31:38 - [TEST_STEP][PASSED] - delay(3): Delayed 3 second(s)

2023-07-11 12:31:41 - [MESSAGE][PASSED] - Delayed 3 second(s)

2023-07-11 12:31:41 - [TEST_STEP][PASSED] - takeFullPageScreenshot(): Taking screenshot successfully

2023-07-11 12:31:41 - [MESSAGE][INFO] - 0 hidden object(s)

2023-07-11 12:31:41 - [MESSAGE][PASSED] - Taking screenshot successfully
[[ATTACHMENT|C:\\CIEL INGENIERIA\\Katalon\\Digiturno55\\Reports\\20230711_113602\\DIGITURNO\\BASICO\\81 Modulos y Personalizaciones\\20230711_113713\\1689096701468.png]]

2023-07-11 12:31:41 - [TEST_STEP][PASSED] - delay(3): Delayed 3 second(s)

2023-07-11 12:31:44 - [MESSAGE][PASSED] - Delayed 3 second(s)

2023-07-11 12:31:44 - [TEST_STEP][PASSED] - Start listener action : sampleAfterTestCase: null]]></system-out>
         <system-err><![CDATA[]]></system-err>
      </testcase>
      <system-out><![CDATA[2023-07-11 12:31:00 - [TEST_SUITE][PASSED] - 81 Modulos y Personalizaciones: Test Cases/DIGITURNO/BASICO/81 Modulos y Personalizaciones]]></system-out>
      <system-err><![CDATA[]]></system-err>
   </testsuite>
</testsuites>
