<?xml version="1.0" encoding="UTF-8"?>
<testsuites name="32 Elementos del Sistema" time="27.442" tests="1" failures="0" errors="0">
   <testsuite name="32 Elementos del Sistema" tests="1" failures="0" errors="0" time="27.442" skipped="0" timestamp="2023-08-14 14:36:34" hostname="jdavila - PCPruebas101.ciel.cielingenieria.com" id="Test Suites/DIGITURNO/BASICO/32 Elementos del Sistema">
      <properties>
         <property name="deviceName" value=""/>
         <property name="devicePlatform" value=""/>
         <property name="logFolder" value="C:\\CIEL INGENIERIA\\Katalon\\Digiturno55\\Reports\\20230814_141235\\DIGITURNO\\BASICO\\32 Elementos del Sistema\\20230814_141305"/>
         <property name="logFiles" value="C:\\CIEL INGENIERIA\\Katalon\\Digiturno55\\Reports\\20230814_141235\\DIGITURNO\\BASICO\\32 Elementos del Sistema\\20230814_141305\\execution0.log"/>
         <property name="attachments" value="C:\\CIEL INGENIERIA\\Katalon\\Digiturno55\\Reports\\20230814_141235\\DIGITURNO\\BASICO\\32 Elementos del Sistema\\20230814_141305\\1692041810569.png, C:\\CIEL INGENIERIA\\Katalon\\Digiturno55\\Reports\\20230814_141235\\DIGITURNO\\BASICO\\32 Elementos del Sistema\\20230814_141305\\1692041818170.png"/>
         <property name="hostName" value="jdavila - PCPruebas101.ciel.cielingenieria.com"/>
         <property name="os" value="Windows 10 64bit"/>
         <property name="katalonVersion" value="8.6.0.208"/>
         <property name="browser" value="Chrome 115.0.0.0"/>
         <property name="hostAddress" value="192.168.0.33"/>
         <property name="sessionId" value="878d632e43e0dca59b44889d5f3affa0"/>
         <property name="seleniumVersion" value="3.141.59"/>
         <property name="proxyInformation" value="ProxyInformation { proxyOption=NO_PROXY, proxyServerType=HTTP, username=, password=********, proxyServerAddress=, proxyServerPort=0, executionList=&quot;&quot;, isApplyToDesiredCapabilities=true }"/>
         <property name="platform" value="Windows 10"/>
      </properties>
      <testcase name="Test Cases/DIGITURNO/BASICO/32 Elementos del Sistema" time="27.168" classname="Test Cases/DIGITURNO/BASICO/32 Elementos del Sistema" status="PASSED">
         <system-out><![CDATA[2023-08-14 14:36:34 - [TEST_CASE][PASSED] - Test Cases/DIGITURNO/BASICO/32 Elementos del Sistema: Test Cases/DIGITURNO/BASICO/32 Elementos del Sistema

2023-08-14 14:36:34 - [TEST_STEP][PASSED] - callTestCase(findTestCase("DIGITURNO/BASICO/3 Configuracion"), [:], STOP_ON_FAILURE): Call Test Case 'Test Cases/DIGITURNO/BASICO/3 Configuracion' successfully

2023-08-14 14:36:34 - [TEST_CASE][PASSED] - Test Cases/DIGITURNO/BASICO/3 Configuracion: Test Cases/DIGITURNO/BASICO/3 Configuracion

2023-08-14 14:36:35 - [TEST_STEP][PASSED] - callTestCase(findTestCase("0InicioSesion"), [:], STOP_ON_FAILURE): Call Test Case 'Test Cases/0InicioSesion' successfully

2023-08-14 14:36:35 - [TEST_CASE][PASSED] - Test Cases/0InicioSesion: Test Cases/0InicioSesion

2023-08-14 14:36:35 - [TEST_STEP][PASSED] - openBrowser(UrlDigiturno): Browser is opened with url: 'https://PCPruebas101.ciel.cielingenieria.com:8610'

2023-08-14 14:36:35 - [MESSAGE][INFO] - Starting 'Chrome' driver

2023-08-14 14:36:35 - [MESSAGE][INFO] - User set preference: ['args', '[--use-fake-ui-for-media-stream, --disable-notifications]']

2023-08-14 14:36:35 - [MESSAGE][INFO] - Action delay is set to 0 milliseconds

2023-08-14 14:36:38 - [MESSAGE][PASSED] - Browser is opened with url: 'https://PCPruebas101.ciel.cielingenieria.com:8610'

2023-08-14 14:36:38 - [TEST_STEP][PASSED] - maximizeWindow(): Current window maximized

2023-08-14 14:36:38 - [MESSAGE][PASSED] - Current window maximized

2023-08-14 14:36:38 - [TEST_STEP][PASSED] - delay(3): Delayed 3 second(s)

2023-08-14 14:36:41 - [MESSAGE][PASSED] - Delayed 3 second(s)

2023-08-14 14:36:41 - [TEST_STEP][PASSED] - setText(findTestObject("0Inicio Sesion/input_Usuario"), "Ciel"): Text 'Ciel' is set on object 'Object Repository/0Inicio Sesion/input_Usuario'

2023-08-14 14:36:42 - [MESSAGE][PASSED] - Text 'Ciel' is set on object 'Object Repository/0Inicio Sesion/input_Usuario'

2023-08-14 14:36:42 - [TEST_STEP][PASSED] - setText(findTestObject("0Inicio Sesion/input_Clave"), "digiturno"): Text 'digiturno' is set on object 'Object Repository/0Inicio Sesion/input_Clave'

2023-08-14 14:36:43 - [MESSAGE][PASSED] - Text 'digiturno' is set on object 'Object Repository/0Inicio Sesion/input_Clave'

2023-08-14 14:36:43 - [TEST_STEP][PASSED] - click(findTestObject("0Inicio Sesion/btn_IniciarSesion")): Object: 'Object Repository/0Inicio Sesion/btn_IniciarSesion' is clicked on

2023-08-14 14:36:43 - [MESSAGE][PASSED] - Object: 'Object Repository/0Inicio Sesion/btn_IniciarSesion' is clicked on

2023-08-14 14:36:43 - [TEST_STEP][PASSED] - delay(3): Delayed 3 second(s)

2023-08-14 14:36:46 - [MESSAGE][PASSED] - Delayed 3 second(s)

2023-08-14 14:36:46 - [MESSAGE][PASSED] - Call Test Case 'Test Cases/0InicioSesion' successfully

2023-08-14 14:36:46 - [TEST_STEP][PASSED] - click(findTestObject("DIGITURNO/1Principal/img_Configuracion(1)")): Object: 'Object Repository/DIGITURNO/1Principal/img_Configuracion(1)' is clicked on

2023-08-14 14:36:47 - [MESSAGE][PASSED] - Object: 'Object Repository/DIGITURNO/1Principal/img_Configuracion(1)' is clicked on

2023-08-14 14:36:47 - [TEST_STEP][PASSED] - delay(3): Delayed 3 second(s)

2023-08-14 14:36:50 - [MESSAGE][PASSED] - Delayed 3 second(s)

2023-08-14 14:36:50 - [TEST_STEP][PASSED] - takeFullPageScreenshot(): Taking screenshot successfully

2023-08-14 14:36:51 - [MESSAGE][INFO] - 0 hidden object(s)

2023-08-14 14:36:51 - [MESSAGE][PASSED] - Taking screenshot successfully
[[ATTACHMENT|C:\\CIEL INGENIERIA\\Katalon\\Digiturno55\\Reports\\20230814_141235\\DIGITURNO\\BASICO\\32 Elementos del Sistema\\20230814_141305\\1692041810569.png]]

2023-08-14 14:36:51 - [TEST_STEP][PASSED] - delay(3): Delayed 3 second(s)

2023-08-14 14:36:54 - [MESSAGE][PASSED] - Delayed 3 second(s)

2023-08-14 14:36:54 - [MESSAGE][PASSED] - Call Test Case 'Test Cases/DIGITURNO/BASICO/3 Configuracion' successfully

2023-08-14 14:36:54 - [TEST_STEP][PASSED] - click(findTestObject("DIGITURNO/CONFIGURACION/0Principal/img_6Elementos del sistema")): Object: 'Object Repository/DIGITURNO/CONFIGURACION/0Principal/img_6Elementos del sistema' is clicked on

2023-08-14 14:36:55 - [MESSAGE][PASSED] - Object: 'Object Repository/DIGITURNO/CONFIGURACION/0Principal/img_6Elementos del sistema' is clicked on

2023-08-14 14:36:55 - [TEST_STEP][PASSED] - delay(3): Delayed 3 second(s)

2023-08-14 14:36:58 - [MESSAGE][PASSED] - Delayed 3 second(s)

2023-08-14 14:36:58 - [TEST_STEP][PASSED] - takeFullPageScreenshot(): Taking screenshot successfully

2023-08-14 14:36:58 - [MESSAGE][INFO] - 0 hidden object(s)

2023-08-14 14:36:58 - [MESSAGE][PASSED] - Taking screenshot successfully
[[ATTACHMENT|C:\\CIEL INGENIERIA\\Katalon\\Digiturno55\\Reports\\20230814_141235\\DIGITURNO\\BASICO\\32 Elementos del Sistema\\20230814_141305\\1692041818170.png]]

2023-08-14 14:36:58 - [TEST_STEP][PASSED] - delay(3): Delayed 3 second(s)

2023-08-14 14:37:01 - [MESSAGE][PASSED] - Delayed 3 second(s)

2023-08-14 14:37:01 - [TEST_STEP][PASSED] - Start listener action : sampleAfterTestCase: null]]></system-out>
         <system-err><![CDATA[]]></system-err>
      </testcase>
      <system-out><![CDATA[2023-08-14 14:36:34 - [TEST_SUITE][PASSED] - 32 Elementos del Sistema: Test Cases/DIGITURNO/BASICO/32 Elementos del Sistema]]></system-out>
      <system-err><![CDATA[]]></system-err>
   </testsuite>
</testsuites>
