<?xml version="1.0" encoding="UTF-8"?>
<testsuites name="16 Agregar Usuario" time="53.895" tests="1" failures="0" errors="0">
   <testsuite name="16 Agregar Usuario" tests="1" failures="0" errors="0" time="53.895" skipped="0" timestamp="2023-07-11 11:45:15" hostname="jdavila - PCPruebas101.ciel.cielingenieria.com" id="Test Suites/DIGITURNO/BASICO/16 Agregar Usuario">
      <properties>
         <property name="deviceName" value=""/>
         <property name="devicePlatform" value=""/>
         <property name="logFolder" value="C:\\CIEL INGENIERIA\\Katalon\\Digiturno55\\Reports\\20230711_113602\\DIGITURNO\\BASICO\\16 Agregar Usuario\\20230711_113613"/>
         <property name="logFiles" value="C:\\CIEL INGENIERIA\\Katalon\\Digiturno55\\Reports\\20230711_113602\\DIGITURNO\\BASICO\\16 Agregar Usuario\\20230711_113613\\execution0.log"/>
         <property name="attachments" value="C:\\CIEL INGENIERIA\\Katalon\\Digiturno55\\Reports\\20230711_113602\\DIGITURNO\\BASICO\\16 Agregar Usuario\\20230711_113613\\1689093934628.png"/>
         <property name="hostName" value="jdavila - PCPruebas101.ciel.cielingenieria.com"/>
         <property name="os" value="Windows 10 64bit"/>
         <property name="katalonVersion" value="8.6.0.208"/>
         <property name="browser" value="Chrome 114.0.0.0"/>
         <property name="hostAddress" value="192.168.0.33"/>
         <property name="sessionId" value="c2213041bcf2ee80a8816156ab05b7f1"/>
         <property name="seleniumVersion" value="3.141.59"/>
         <property name="proxyInformation" value="ProxyInformation { proxyOption=NO_PROXY, proxyServerType=HTTP, username=, password=********, proxyServerAddress=, proxyServerPort=0, executionList=&quot;&quot;, isApplyToDesiredCapabilities=true }"/>
         <property name="platform" value="Windows 10"/>
      </properties>
      <testcase name="Test Cases/DIGITURNO/BASICO/16 Agregar Usuario" time="53.644" classname="Test Cases/DIGITURNO/BASICO/16 Agregar Usuario" status="PASSED">
         <system-out><![CDATA[2023-07-11 11:45:15 - [TEST_CASE][PASSED] - Test Cases/DIGITURNO/BASICO/16 Agregar Usuario: Test Cases/DIGITURNO/BASICO/16 Agregar Usuario

2023-07-11 11:45:16 - [TEST_STEP][PASSED] - callTestCase(findTestCase("DIGITURNO/BASICO/5 Usuarios"), [:], STOP_ON_FAILURE): Call Test Case 'Test Cases/DIGITURNO/BASICO/5 Usuarios' successfully

2023-07-11 11:45:16 - [TEST_CASE][PASSED] - Test Cases/DIGITURNO/BASICO/5 Usuarios: Test Cases/DIGITURNO/BASICO/5 Usuarios

2023-07-11 11:45:16 - [TEST_STEP][PASSED] - callTestCase(findTestCase("0InicioSesion"), [:], STOP_ON_FAILURE): Call Test Case 'Test Cases/0InicioSesion' successfully

2023-07-11 11:45:16 - [TEST_CASE][PASSED] - Test Cases/0InicioSesion: Test Cases/0InicioSesion

2023-07-11 11:45:16 - [TEST_STEP][PASSED] - openBrowser(UrlDigiturno): Browser is opened with url: 'https://PCPruebas101.ciel.cielingenieria.com:8810'

2023-07-11 11:45:17 - [MESSAGE][INFO] - Starting 'Chrome' driver

2023-07-11 11:45:17 - [MESSAGE][INFO] - User set preference: ['args', '[--use-fake-ui-for-media-stream, --disable-notifications]']

2023-07-11 11:45:17 - [MESSAGE][INFO] - Action delay is set to 0 milliseconds

2023-07-11 11:45:19 - [MESSAGE][PASSED] - Browser is opened with url: 'https://PCPruebas101.ciel.cielingenieria.com:8810'

2023-07-11 11:45:19 - [TEST_STEP][PASSED] - maximizeWindow(): Current window maximized

2023-07-11 11:45:19 - [MESSAGE][PASSED] - Current window maximized

2023-07-11 11:45:19 - [TEST_STEP][PASSED] - delay(3): Delayed 3 second(s)

2023-07-11 11:45:22 - [MESSAGE][PASSED] - Delayed 3 second(s)

2023-07-11 11:45:22 - [TEST_STEP][PASSED] - setText(findTestObject("0Inicio Sesion/input_Usuario"), "Ciel"): Text 'Ciel' is set on object 'Object Repository/0Inicio Sesion/input_Usuario'

2023-07-11 11:45:23 - [MESSAGE][PASSED] - Text 'Ciel' is set on object 'Object Repository/0Inicio Sesion/input_Usuario'

2023-07-11 11:45:23 - [TEST_STEP][PASSED] - setText(findTestObject("0Inicio Sesion/input_Clave"), "digiturno"): Text 'digiturno' is set on object 'Object Repository/0Inicio Sesion/input_Clave'

2023-07-11 11:45:23 - [MESSAGE][PASSED] - Text 'digiturno' is set on object 'Object Repository/0Inicio Sesion/input_Clave'

2023-07-11 11:45:23 - [TEST_STEP][PASSED] - click(findTestObject("0Inicio Sesion/btn_IniciarSesion")): Object: 'Object Repository/0Inicio Sesion/btn_IniciarSesion' is clicked on

2023-07-11 11:45:24 - [MESSAGE][PASSED] - Object: 'Object Repository/0Inicio Sesion/btn_IniciarSesion' is clicked on

2023-07-11 11:45:24 - [TEST_STEP][PASSED] - delay(3): Delayed 3 second(s)

2023-07-11 11:45:27 - [MESSAGE][PASSED] - Delayed 3 second(s)

2023-07-11 11:45:27 - [MESSAGE][PASSED] - Call Test Case 'Test Cases/0InicioSesion' successfully

2023-07-11 11:45:27 - [TEST_STEP][PASSED] - click(findTestObject("DIGITURNO/1Principal/img_Configuracion(1)")): Object: 'Object Repository/DIGITURNO/1Principal/img_Configuracion(1)' is clicked on

2023-07-11 11:45:28 - [MESSAGE][PASSED] - Object: 'Object Repository/DIGITURNO/1Principal/img_Configuracion(1)' is clicked on

2023-07-11 11:45:28 - [TEST_STEP][PASSED] - delay(3): Delayed 3 second(s)

2023-07-11 11:45:31 - [MESSAGE][PASSED] - Delayed 3 second(s)

2023-07-11 11:45:31 - [TEST_STEP][PASSED] - click(findTestObject("DIGITURNO/CONFIGURACION/0Principal/img_4Usuarios")): Object: 'Object Repository/DIGITURNO/CONFIGURACION/0Principal/img_4Usuarios' is clicked on

2023-07-11 11:45:31 - [MESSAGE][PASSED] - Object: 'Object Repository/DIGITURNO/CONFIGURACION/0Principal/img_4Usuarios' is clicked on

2023-07-11 11:45:31 - [TEST_STEP][PASSED] - delay(3): Delayed 3 second(s)

2023-07-11 11:45:34 - [MESSAGE][PASSED] - Delayed 3 second(s)

2023-07-11 11:45:34 - [TEST_STEP][PASSED] - takeFullPageScreenshot(STOP_ON_FAILURE): Taking screenshot successfully

2023-07-11 11:45:35 - [MESSAGE][INFO] - 0 hidden object(s)

2023-07-11 11:45:35 - [MESSAGE][PASSED] - Taking screenshot successfully
[[ATTACHMENT|C:\\CIEL INGENIERIA\\Katalon\\Digiturno55\\Reports\\20230711_113602\\DIGITURNO\\BASICO\\16 Agregar Usuario\\20230711_113613\\1689093934628.png]]

2023-07-11 11:45:35 - [TEST_STEP][PASSED] - delay(3): Delayed 3 second(s)

2023-07-11 11:45:38 - [MESSAGE][PASSED] - Delayed 3 second(s)

2023-07-11 11:45:38 - [MESSAGE][PASSED] - Call Test Case 'Test Cases/DIGITURNO/BASICO/5 Usuarios' successfully

2023-07-11 11:45:38 - [TEST_STEP][PASSED] - delay(3): Delayed 3 second(s)

2023-07-11 11:45:41 - [MESSAGE][PASSED] - Delayed 3 second(s)

2023-07-11 11:45:41 - [TEST_STEP][PASSED] - click(findTestObject("DIGITURNO/CONFIGURACION/4Usuarios/0Principal/img_4Agregar Usuarios")): Object: 'Object Repository/DIGITURNO/CONFIGURACION/4Usuarios/0Principal/img_4Agregar Usuarios' is clicked on

2023-07-11 11:45:44 - [MESSAGE][PASSED] - Object: 'Object Repository/DIGITURNO/CONFIGURACION/4Usuarios/0Principal/img_4Agregar Usuarios' is clicked on

2023-07-11 11:45:44 - [TEST_STEP][PASSED] - delay(3): Delayed 3 second(s)

2023-07-11 11:45:47 - [MESSAGE][PASSED] - Delayed 3 second(s)

2023-07-11 11:45:47 - [TEST_STEP][PASSED] - setText(findTestObject("DIGITURNO/CONFIGURACION/4Usuarios/4Agregar Usuarios/Informacion Principal/input_Usuario"), "Usuario de Prueba"): Text 'Usuario de Prueba' is set on object 'Object Repository/DIGITURNO/CONFIGURACION/4Usuarios/4Agregar Usuarios/Informacion Principal/input_Usuario'

2023-07-11 11:45:48 - [MESSAGE][PASSED] - Text 'Usuario de Prueba' is set on object 'Object Repository/DIGITURNO/CONFIGURACION/4Usuarios/4Agregar Usuarios/Informacion Principal/input_Usuario'

2023-07-11 11:45:48 - [TEST_STEP][PASSED] - selectOptionByLabel(findTestObject("DIGITURNO/CONFIGURACION/4Usuarios/4Agregar Usuarios/Informacion Principal/select_Perfil"), "Consulta", false): All options with label 'Consulta' are selected in object 'Object Repository/DIGITURNO/CONFIGURACION/4Usuarios/4Agregar Usuarios/Informacion Principal/select_Perfil' 

2023-07-11 11:45:49 - [MESSAGE][PASSED] - All options with label 'Consulta' are selected in object 'Object Repository/DIGITURNO/CONFIGURACION/4Usuarios/4Agregar Usuarios/Informacion Principal/select_Perfil' 

2023-07-11 11:45:49 - [TEST_STEP][PASSED] - delay(2): Delayed 2 second(s)

2023-07-11 11:45:51 - [MESSAGE][PASSED] - Delayed 2 second(s)

2023-07-11 11:45:51 - [TEST_STEP][PASSED] - setText(findTestObject("DIGITURNO/CONFIGURACION/4Usuarios/4Agregar Usuarios/Informacion Principal/input_Nombre a mostrar"), "Prueba"): Text 'Prueba' is set on object 'Object Repository/DIGITURNO/CONFIGURACION/4Usuarios/4Agregar Usuarios/Informacion Principal/input_Nombre a mostrar'

2023-07-11 11:45:51 - [MESSAGE][PASSED] - Text 'Prueba' is set on object 'Object Repository/DIGITURNO/CONFIGURACION/4Usuarios/4Agregar Usuarios/Informacion Principal/input_Nombre a mostrar'

2023-07-11 11:45:51 - [TEST_STEP][PASSED] - setText(findTestObject("DIGITURNO/CONFIGURACION/4Usuarios/4Agregar Usuarios/Informacion Principal/input_Correo"), "prueba@gmail.com"): Text 'prueba@gmail.com' is set on object 'Object Repository/DIGITURNO/CONFIGURACION/4Usuarios/4Agregar Usuarios/Informacion Principal/input_Correo'

2023-07-11 11:45:52 - [MESSAGE][PASSED] - Text 'prueba@gmail.com' is set on object 'Object Repository/DIGITURNO/CONFIGURACION/4Usuarios/4Agregar Usuarios/Informacion Principal/input_Correo'

2023-07-11 11:45:52 - [TEST_STEP][PASSED] - setText(findTestObject("DIGITURNO/CONFIGURACION/4Usuarios/4Agregar Usuarios/Informacion Principal/input_NumeroCelular"), "1234567"): Text '1234567' is set on object 'Object Repository/DIGITURNO/CONFIGURACION/4Usuarios/4Agregar Usuarios/Informacion Principal/input_NumeroCelular'

2023-07-11 11:45:53 - [MESSAGE][PASSED] - Text '1234567' is set on object 'Object Repository/DIGITURNO/CONFIGURACION/4Usuarios/4Agregar Usuarios/Informacion Principal/input_NumeroCelular'

2023-07-11 11:45:53 - [TEST_STEP][PASSED] - selectOptionByIndex(findTestObject("DIGITURNO/CONFIGURACION/4Usuarios/4Agregar Usuarios/Informacion Principal/select_Pais"), "1", STOP_ON_FAILURE): All options with index in [1] are selected on object 'Object Repository/DIGITURNO/CONFIGURACION/4Usuarios/4Agregar Usuarios/Informacion Principal/select_Pais'

2023-07-11 11:45:54 - [MESSAGE][PASSED] - All options with index in [1] are selected on object 'Object Repository/DIGITURNO/CONFIGURACION/4Usuarios/4Agregar Usuarios/Informacion Principal/select_Pais'

2023-07-11 11:45:54 - [TEST_STEP][PASSED] - delay(2): Delayed 2 second(s)

2023-07-11 11:45:56 - [MESSAGE][PASSED] - Delayed 2 second(s)

2023-07-11 11:45:56 - [TEST_STEP][PASSED] - selectOptionByIndex(findTestObject("DIGITURNO/CONFIGURACION/4Usuarios/4Agregar Usuarios/Informacion Principal/select_Departamento"), "1", STOP_ON_FAILURE): All options with index in [1] are selected on object 'Object Repository/DIGITURNO/CONFIGURACION/4Usuarios/4Agregar Usuarios/Informacion Principal/select_Departamento'

2023-07-11 11:45:57 - [MESSAGE][PASSED] - All options with index in [1] are selected on object 'Object Repository/DIGITURNO/CONFIGURACION/4Usuarios/4Agregar Usuarios/Informacion Principal/select_Departamento'

2023-07-11 11:45:57 - [TEST_STEP][PASSED] - delay(2): Delayed 2 second(s)

2023-07-11 11:45:59 - [MESSAGE][PASSED] - Delayed 2 second(s)

2023-07-11 11:45:59 - [TEST_STEP][PASSED] - selectOptionByIndex(findTestObject("DIGITURNO/CONFIGURACION/4Usuarios/4Agregar Usuarios/Informacion Principal/select_Ciudad"), "1", STOP_ON_FAILURE): All options with index in [1] are selected on object 'Object Repository/DIGITURNO/CONFIGURACION/4Usuarios/4Agregar Usuarios/Informacion Principal/select_Ciudad'

2023-07-11 11:46:00 - [MESSAGE][PASSED] - All options with index in [1] are selected on object 'Object Repository/DIGITURNO/CONFIGURACION/4Usuarios/4Agregar Usuarios/Informacion Principal/select_Ciudad'

2023-07-11 11:46:00 - [TEST_STEP][PASSED] - delay(2): Delayed 2 second(s)

2023-07-11 11:46:02 - [MESSAGE][PASSED] - Delayed 2 second(s)

2023-07-11 11:46:02 - [TEST_STEP][PASSED] - selectOptionByIndex(findTestObject("DIGITURNO/CONFIGURACION/4Usuarios/4Agregar Usuarios/Informacion Principal/select_Oficina"), "1", STOP_ON_FAILURE): All options with index in [1] are selected on object 'Object Repository/DIGITURNO/CONFIGURACION/4Usuarios/4Agregar Usuarios/Informacion Principal/select_Oficina'

2023-07-11 11:46:03 - [MESSAGE][PASSED] - All options with index in [1] are selected on object 'Object Repository/DIGITURNO/CONFIGURACION/4Usuarios/4Agregar Usuarios/Informacion Principal/select_Oficina'

2023-07-11 11:46:03 - [TEST_STEP][PASSED] - delay(2): Delayed 2 second(s)

2023-07-11 11:46:05 - [MESSAGE][PASSED] - Delayed 2 second(s)

2023-07-11 11:46:05 - [TEST_STEP][PASSED] - click(findTestObject("DIGITURNO/CONFIGURACION/4Usuarios/4Agregar Usuarios/Informacion Principal/img_Nuevo")): Object: 'Object Repository/DIGITURNO/CONFIGURACION/4Usuarios/4Agregar Usuarios/Informacion Principal/img_Nuevo' is clicked on

2023-07-11 11:46:06 - [MESSAGE][PASSED] - Object: 'Object Repository/DIGITURNO/CONFIGURACION/4Usuarios/4Agregar Usuarios/Informacion Principal/img_Nuevo' is clicked on

2023-07-11 11:46:06 - [TEST_STEP][PASSED] - delay(3): Delayed 3 second(s)

2023-07-11 11:46:09 - [MESSAGE][PASSED] - Delayed 3 second(s)

2023-07-11 11:46:09 - [TEST_STEP][PASSED] - Start listener action : sampleAfterTestCase: null]]></system-out>
         <system-err><![CDATA[]]></system-err>
      </testcase>
      <system-out><![CDATA[2023-07-11 11:45:15 - [TEST_SUITE][PASSED] - 16 Agregar Usuario: Test Cases/DIGITURNO/BASICO/16 Agregar Usuario]]></system-out>
      <system-err><![CDATA[]]></system-err>
   </testsuite>
</testsuites>
