<?xml version="1.0" encoding="UTF-8"?>
<testsuites name="61 Campos Adicionales Crear Actualizar Eliminar" time="135.455" tests="3" failures="0" errors="0">
   <testsuite name="61 Campos Adicionales Crear Actualizar Eliminar" tests="3" failures="0" errors="0" time="135.455" skipped="0" timestamp="2024-10-03 17:53:39" hostname="jdavila - PCPruebas101.ciel.cielingenieria.com" id="Test Suites/DIGITURNO/BASICO/61 Campos Adicionales Crear Actualizar Eliminar">
      <properties>
         <property name="deviceName" value=""/>
         <property name="devicePlatform" value=""/>
         <property name="logFolder" value="C:\\CIEL INGENIERIA\\Katalon\\Digiturno55\\Reports\\20241003_171202\\DIGITURNO\\BASICO\\61 Campos Adicionales Crear Actualizar Eliminar\\20241003_171311"/>
         <property name="logFiles" value="C:\\CIEL INGENIERIA\\Katalon\\Digiturno55\\Reports\\20241003_171202\\DIGITURNO\\BASICO\\61 Campos Adicionales Crear Actualizar Eliminar\\20241003_171311\\execution0.log"/>
         <property name="attachments" value="C:\\CIEL INGENIERIA\\Katalon\\Digiturno55\\Reports\\20241003_171202\\DIGITURNO\\BASICO\\61 Campos Adicionales Crear Actualizar Eliminar\\20241003_171311\\1727996036662.png, C:\\CIEL INGENIERIA\\Katalon\\Digiturno55\\Reports\\20241003_171202\\DIGITURNO\\BASICO\\61 Campos Adicionales Crear Actualizar Eliminar\\20241003_171311\\1727996043792.png, C:\\CIEL INGENIERIA\\Katalon\\Digiturno55\\Reports\\20241003_171202\\DIGITURNO\\BASICO\\61 Campos Adicionales Crear Actualizar Eliminar\\20241003_171311\\1727996060196.png, C:\\CIEL INGENIERIA\\Katalon\\Digiturno55\\Reports\\20241003_171202\\DIGITURNO\\BASICO\\61 Campos Adicionales Crear Actualizar Eliminar\\20241003_171311\\1727996079017.png, C:\\CIEL INGENIERIA\\Katalon\\Digiturno55\\Reports\\20241003_171202\\DIGITURNO\\BASICO\\61 Campos Adicionales Crear Actualizar Eliminar\\20241003_171311\\1727996086036.png, C:\\CIEL INGENIERIA\\Katalon\\Digiturno55\\Reports\\20241003_171202\\DIGITURNO\\BASICO\\61 Campos Adicionales Crear Actualizar Eliminar\\20241003_171311\\1727996106902.png, C:\\CIEL INGENIERIA\\Katalon\\Digiturno55\\Reports\\20241003_171202\\DIGITURNO\\BASICO\\61 Campos Adicionales Crear Actualizar Eliminar\\20241003_171311\\1727996126312.png, C:\\CIEL INGENIERIA\\Katalon\\Digiturno55\\Reports\\20241003_171202\\DIGITURNO\\BASICO\\61 Campos Adicionales Crear Actualizar Eliminar\\20241003_171311\\1727996133425.png, C:\\CIEL INGENIERIA\\Katalon\\Digiturno55\\Reports\\20241003_171202\\DIGITURNO\\BASICO\\61 Campos Adicionales Crear Actualizar Eliminar\\20241003_171311\\1727996151398.png"/>
         <property name="hostName" value="jdavila - PCPruebas101.ciel.cielingenieria.com"/>
         <property name="os" value="Windows 10 64bit"/>
         <property name="katalonVersion" value="8.6.9.208"/>
         <property name="browser" value="Chrome 129.0.0.0"/>
         <property name="hostAddress" value="192.168.91.13"/>
         <property name="sessionId" value="285cb5b0b96a5e350fc1706c9ebea8f0"/>
         <property name="seleniumVersion" value="3.141.59"/>
         <property name="proxyInformation" value="ProxyInformation { proxyOption=NO_PROXY, proxyServerType=HTTP, username=, password=********, proxyServerAddress=, proxyServerPort=0, executionList=&quot;&quot;, isApplyToDesiredCapabilities=true }"/>
         <property name="platform" value="Windows 10"/>
      </properties>
      <testcase name="Test Cases/DIGITURNO/BASICO/61 Campos Adicionales Crear" time="43.924" classname="Test Cases/DIGITURNO/BASICO/61 Campos Adicionales Crear" status="PASSED">
         <system-out><![CDATA[2024-10-03 17:53:39 - [TEST_CASE][PASSED] - Test Cases/DIGITURNO/BASICO/61 Campos Adicionales Crear: Test Cases/DIGITURNO/BASICO/61 Campos Adicionales Crear

2024-10-03 17:53:40 - [TEST_STEP][PASSED] - callTestCase(findTestCase("DIGITURNO/BASICO/59 Datos Complementarios"), [:], STOP_ON_FAILURE): Call Test Case 'Test Cases/DIGITURNO/BASICO/59 Datos Complementarios' successfully

2024-10-03 17:53:40 - [TEST_CASE][PASSED] - Test Cases/DIGITURNO/BASICO/59 Datos Complementarios: Test Cases/DIGITURNO/BASICO/59 Datos Complementarios

2024-10-03 17:53:40 - [TEST_STEP][PASSED] - callTestCase(findTestCase("DIGITURNO/BASICO/3 Configuracion"), [:], STOP_ON_FAILURE): Call Test Case 'Test Cases/DIGITURNO/BASICO/3 Configuracion' successfully

2024-10-03 17:53:40 - [TEST_CASE][PASSED] - Test Cases/DIGITURNO/BASICO/3 Configuracion: Test Cases/DIGITURNO/BASICO/3 Configuracion

2024-10-03 17:53:41 - [TEST_STEP][PASSED] - callTestCase(findTestCase("0InicioSesion"), [:], STOP_ON_FAILURE): Call Test Case 'Test Cases/0InicioSesion' successfully

2024-10-03 17:53:41 - [TEST_CASE][PASSED] - Test Cases/0InicioSesion: Test Cases/0InicioSesion

2024-10-03 17:53:41 - [TEST_STEP][PASSED] - openBrowser(UrlDigiturno): Browser is opened with url: 'https://PCPruebas101.ciel.cielingenieria.com:8910'

2024-10-03 17:53:42 - [MESSAGE][INFO] - Starting 'Chrome' driver

2024-10-03 17:53:42 - [MESSAGE][INFO] - User set preference: ['args', '[--use-fake-ui-for-media-stream, --disable-notifications]']

2024-10-03 17:53:42 - [MESSAGE][INFO] - Action delay is set to 0 milliseconds

2024-10-03 17:53:45 - [MESSAGE][PASSED] - Browser is opened with url: 'https://PCPruebas101.ciel.cielingenieria.com:8910'

2024-10-03 17:53:45 - [TEST_STEP][PASSED] - maximizeWindow(): Current window maximized

2024-10-03 17:53:45 - [MESSAGE][PASSED] - Current window maximized

2024-10-03 17:53:45 - [TEST_STEP][PASSED] - delay(3): Delayed 3 second(s)

2024-10-03 17:53:48 - [MESSAGE][PASSED] - Delayed 3 second(s)

2024-10-03 17:53:48 - [TEST_STEP][PASSED] - setText(findTestObject("0Inicio Sesion/input_Usuario"), "Ciel"): Text 'Ciel' is set on object 'Object Repository/0Inicio Sesion/input_Usuario'

2024-10-03 17:53:48 - [MESSAGE][PASSED] - Text 'Ciel' is set on object 'Object Repository/0Inicio Sesion/input_Usuario'

2024-10-03 17:53:48 - [TEST_STEP][PASSED] - setText(findTestObject("0Inicio Sesion/input_Clave"), "digiturno"): Text 'digiturno' is set on object 'Object Repository/0Inicio Sesion/input_Clave'

2024-10-03 17:53:49 - [MESSAGE][PASSED] - Text 'digiturno' is set on object 'Object Repository/0Inicio Sesion/input_Clave'

2024-10-03 17:53:49 - [TEST_STEP][PASSED] - click(findTestObject("0Inicio Sesion/btn_IniciarSesion")): Object: 'Object Repository/0Inicio Sesion/btn_IniciarSesion' is clicked on

2024-10-03 17:53:50 - [MESSAGE][PASSED] - Object: 'Object Repository/0Inicio Sesion/btn_IniciarSesion' is clicked on

2024-10-03 17:53:50 - [TEST_STEP][PASSED] - delay(3): Delayed 3 second(s)

2024-10-03 17:53:53 - [MESSAGE][PASSED] - Delayed 3 second(s)

2024-10-03 17:53:53 - [MESSAGE][PASSED] - Call Test Case 'Test Cases/0InicioSesion' successfully

2024-10-03 17:53:53 - [TEST_STEP][PASSED] - click(findTestObject("DIGITURNO/1Principal/img_Configuracion(1)")): Object: 'Object Repository/DIGITURNO/1Principal/img_Configuracion(1)' is clicked on

2024-10-03 17:53:53 - [MESSAGE][PASSED] - Object: 'Object Repository/DIGITURNO/1Principal/img_Configuracion(1)' is clicked on

2024-10-03 17:53:53 - [TEST_STEP][PASSED] - delay(3): Delayed 3 second(s)

2024-10-03 17:53:56 - [MESSAGE][PASSED] - Delayed 3 second(s)

2024-10-03 17:53:56 - [TEST_STEP][PASSED] - takeFullPageScreenshot(): Taking screenshot successfully

2024-10-03 17:53:57 - [MESSAGE][INFO] - 0 hidden object(s)

2024-10-03 17:53:57 - [MESSAGE][PASSED] - Taking screenshot successfully
[[ATTACHMENT|C:\\CIEL INGENIERIA\\Katalon\\Digiturno55\\Reports\\20241003_171202\\DIGITURNO\\BASICO\\61 Campos Adicionales Crear Actualizar Eliminar\\20241003_171311\\1727996036662.png]]

2024-10-03 17:53:57 - [TEST_STEP][PASSED] - delay(3): Delayed 3 second(s)

2024-10-03 17:54:00 - [MESSAGE][PASSED] - Delayed 3 second(s)

2024-10-03 17:54:00 - [MESSAGE][PASSED] - Call Test Case 'Test Cases/DIGITURNO/BASICO/3 Configuracion' successfully

2024-10-03 17:54:00 - [TEST_STEP][PASSED] - click(findTestObject("DIGITURNO/CONFIGURACION/0Principal/img_5Datos complementarios")): Object: 'Object Repository/DIGITURNO/CONFIGURACION/0Principal/img_5Datos complementarios' is clicked on

2024-10-03 17:54:00 - [MESSAGE][PASSED] - Object: 'Object Repository/DIGITURNO/CONFIGURACION/0Principal/img_5Datos complementarios' is clicked on

2024-10-03 17:54:00 - [TEST_STEP][PASSED] - delay(3): Delayed 3 second(s)

2024-10-03 17:54:03 - [MESSAGE][PASSED] - Delayed 3 second(s)

2024-10-03 17:54:03 - [TEST_STEP][PASSED] - takeFullPageScreenshot(): Taking screenshot successfully

2024-10-03 17:54:04 - [MESSAGE][INFO] - 0 hidden object(s)

2024-10-03 17:54:04 - [MESSAGE][PASSED] - Taking screenshot successfully
[[ATTACHMENT|C:\\CIEL INGENIERIA\\Katalon\\Digiturno55\\Reports\\20241003_171202\\DIGITURNO\\BASICO\\61 Campos Adicionales Crear Actualizar Eliminar\\20241003_171311\\1727996043792.png]]

2024-10-03 17:54:04 - [TEST_STEP][PASSED] - delay(3): Delayed 3 second(s)

2024-10-03 17:54:07 - [MESSAGE][PASSED] - Delayed 3 second(s)

2024-10-03 17:54:07 - [MESSAGE][PASSED] - Call Test Case 'Test Cases/DIGITURNO/BASICO/59 Datos Complementarios' successfully

2024-10-03 17:54:07 - [TEST_STEP][PASSED] - click(findTestObject("DIGITURNO/CONFIGURACION/5Datos Complementarios/0Principal/img_campos adicionales")): Object: 'Object Repository/DIGITURNO/CONFIGURACION/5Datos Complementarios/0Principal/img_campos adicionales' is clicked on

2024-10-03 17:54:08 - [MESSAGE][PASSED] - Object: 'Object Repository/DIGITURNO/CONFIGURACION/5Datos Complementarios/0Principal/img_campos adicionales' is clicked on

2024-10-03 17:54:08 - [TEST_STEP][PASSED] - delay(3): Delayed 3 second(s)

2024-10-03 17:54:11 - [MESSAGE][PASSED] - Delayed 3 second(s)

2024-10-03 17:54:11 - [TEST_STEP][PASSED] - setText(findTestObject("DIGITURNO/CONFIGURACION/5Datos Complementarios/Campos Adicionales/Adicion de campos Adicionales/Edicion de campos/input_Nombre"), "Prueba"): Text 'Prueba' is set on object 'Object Repository/DIGITURNO/CONFIGURACION/5Datos Complementarios/Campos Adicionales/Adicion de campos Adicionales/Edicion de campos/input_Nombre'

2024-10-03 17:54:11 - [MESSAGE][PASSED] - Text 'Prueba' is set on object 'Object Repository/DIGITURNO/CONFIGURACION/5Datos Complementarios/Campos Adicionales/Adicion de campos Adicionales/Edicion de campos/input_Nombre'

2024-10-03 17:54:11 - [TEST_STEP][PASSED] - selectOptionByIndex(findTestObject("DIGITURNO/CONFIGURACION/5Datos Complementarios/Campos Adicionales/Adicion de campos Adicionales/Edicion de campos/select_TipoDato"), 3): All options with index in [3] are selected on object 'Object Repository/DIGITURNO/CONFIGURACION/5Datos Complementarios/Campos Adicionales/Adicion de campos Adicionales/Edicion de campos/select_TipoDato'

2024-10-03 17:54:13 - [MESSAGE][PASSED] - All options with index in [3] are selected on object 'Object Repository/DIGITURNO/CONFIGURACION/5Datos Complementarios/Campos Adicionales/Adicion de campos Adicionales/Edicion de campos/select_TipoDato'

2024-10-03 17:54:13 - [TEST_STEP][PASSED] - delay(3): Delayed 3 second(s)

2024-10-03 17:54:16 - [MESSAGE][PASSED] - Delayed 3 second(s)

2024-10-03 17:54:16 - [TEST_STEP][PASSED] - setText(findTestObject("DIGITURNO/CONFIGURACION/5Datos Complementarios/Campos Adicionales/Adicion de campos Adicionales/Edicion de campos/input_Valor por defecto"), "0"): Text '0' is set on object 'Object Repository/DIGITURNO/CONFIGURACION/5Datos Complementarios/Campos Adicionales/Adicion de campos Adicionales/Edicion de campos/input_Valor por defecto'

2024-10-03 17:54:16 - [MESSAGE][PASSED] - Text '0' is set on object 'Object Repository/DIGITURNO/CONFIGURACION/5Datos Complementarios/Campos Adicionales/Adicion de campos Adicionales/Edicion de campos/input_Valor por defecto'

2024-10-03 17:54:16 - [TEST_STEP][PASSED] - click(findTestObject("DIGITURNO/CONFIGURACION/5Datos Complementarios/Campos Adicionales/Adicion de campos Adicionales/Edicion de campos/img_Nuevo")): Object: 'Object Repository/DIGITURNO/CONFIGURACION/5Datos Complementarios/Campos Adicionales/Adicion de campos Adicionales/Edicion de campos/img_Nuevo' is clicked on

2024-10-03 17:54:17 - [MESSAGE][PASSED] - Object: 'Object Repository/DIGITURNO/CONFIGURACION/5Datos Complementarios/Campos Adicionales/Adicion de campos Adicionales/Edicion de campos/img_Nuevo' is clicked on

2024-10-03 17:54:17 - [TEST_STEP][PASSED] - delay(3): Delayed 3 second(s)

2024-10-03 17:54:20 - [MESSAGE][PASSED] - Delayed 3 second(s)

2024-10-03 17:54:20 - [TEST_STEP][PASSED] - takeFullPageScreenshot(): Taking screenshot successfully

2024-10-03 17:54:20 - [MESSAGE][INFO] - 0 hidden object(s)

2024-10-03 17:54:20 - [MESSAGE][PASSED] - Taking screenshot successfully
[[ATTACHMENT|C:\\CIEL INGENIERIA\\Katalon\\Digiturno55\\Reports\\20241003_171202\\DIGITURNO\\BASICO\\61 Campos Adicionales Crear Actualizar Eliminar\\20241003_171311\\1727996060196.png]]

2024-10-03 17:54:20 - [TEST_STEP][PASSED] - delay(3): Delayed 3 second(s)

2024-10-03 17:54:23 - [MESSAGE][PASSED] - Delayed 3 second(s)

2024-10-03 17:54:23 - [TEST_STEP][PASSED] - Start listener action : sampleAfterTestCase: null]]></system-out>
         <system-err><![CDATA[]]></system-err>
      </testcase>
      <testcase name="Test Cases/DIGITURNO/BASICO/61 Campos Adicionales Actualizar" time="46.704" classname="Test Cases/DIGITURNO/BASICO/61 Campos Adicionales Actualizar" status="PASSED">
         <system-out><![CDATA[2024-10-03 17:54:23 - [TEST_CASE][PASSED] - Test Cases/DIGITURNO/BASICO/61 Campos Adicionales Actualizar: Test Cases/DIGITURNO/BASICO/61 Campos Adicionales Actualizar

2024-10-03 17:54:24 - [TEST_STEP][PASSED] - callTestCase(findTestCase("DIGITURNO/BASICO/59 Datos Complementarios"), [:], STOP_ON_FAILURE): Call Test Case 'Test Cases/DIGITURNO/BASICO/59 Datos Complementarios' successfully

2024-10-03 17:54:24 - [TEST_CASE][PASSED] - Test Cases/DIGITURNO/BASICO/59 Datos Complementarios: Test Cases/DIGITURNO/BASICO/59 Datos Complementarios

2024-10-03 17:54:24 - [TEST_STEP][PASSED] - callTestCase(findTestCase("DIGITURNO/BASICO/3 Configuracion"), [:], STOP_ON_FAILURE): Call Test Case 'Test Cases/DIGITURNO/BASICO/3 Configuracion' successfully

2024-10-03 17:54:24 - [TEST_CASE][PASSED] - Test Cases/DIGITURNO/BASICO/3 Configuracion: Test Cases/DIGITURNO/BASICO/3 Configuracion

2024-10-03 17:54:24 - [TEST_STEP][PASSED] - callTestCase(findTestCase("0InicioSesion"), [:], STOP_ON_FAILURE): Call Test Case 'Test Cases/0InicioSesion' successfully

2024-10-03 17:54:24 - [TEST_CASE][PASSED] - Test Cases/0InicioSesion: Test Cases/0InicioSesion

2024-10-03 17:54:24 - [TEST_STEP][PASSED] - openBrowser(UrlDigiturno): Browser is opened with url: 'https://PCPruebas101.ciel.cielingenieria.com:8910'

2024-10-03 17:54:24 - [MESSAGE][WARNING] - A browser is already opened. Closing browser and opening a new one

2024-10-03 17:54:25 - [MESSAGE][INFO] - Starting 'Chrome' driver

2024-10-03 17:54:25 - [MESSAGE][INFO] - User set preference: ['args', '[--use-fake-ui-for-media-stream, --disable-notifications]']

2024-10-03 17:54:25 - [MESSAGE][INFO] - Action delay is set to 0 milliseconds

2024-10-03 17:54:27 - [MESSAGE][PASSED] - Browser is opened with url: 'https://PCPruebas101.ciel.cielingenieria.com:8910'

2024-10-03 17:54:27 - [TEST_STEP][PASSED] - maximizeWindow(): Current window maximized

2024-10-03 17:54:27 - [MESSAGE][PASSED] - Current window maximized

2024-10-03 17:54:27 - [TEST_STEP][PASSED] - delay(3): Delayed 3 second(s)

2024-10-03 17:54:30 - [MESSAGE][PASSED] - Delayed 3 second(s)

2024-10-03 17:54:30 - [TEST_STEP][PASSED] - setText(findTestObject("0Inicio Sesion/input_Usuario"), "Ciel"): Text 'Ciel' is set on object 'Object Repository/0Inicio Sesion/input_Usuario'

2024-10-03 17:54:31 - [MESSAGE][PASSED] - Text 'Ciel' is set on object 'Object Repository/0Inicio Sesion/input_Usuario'

2024-10-03 17:54:31 - [TEST_STEP][PASSED] - setText(findTestObject("0Inicio Sesion/input_Clave"), "digiturno"): Text 'digiturno' is set on object 'Object Repository/0Inicio Sesion/input_Clave'

2024-10-03 17:54:32 - [MESSAGE][PASSED] - Text 'digiturno' is set on object 'Object Repository/0Inicio Sesion/input_Clave'

2024-10-03 17:54:32 - [TEST_STEP][PASSED] - click(findTestObject("0Inicio Sesion/btn_IniciarSesion")): Object: 'Object Repository/0Inicio Sesion/btn_IniciarSesion' is clicked on

2024-10-03 17:54:32 - [MESSAGE][PASSED] - Object: 'Object Repository/0Inicio Sesion/btn_IniciarSesion' is clicked on

2024-10-03 17:54:32 - [TEST_STEP][PASSED] - delay(3): Delayed 3 second(s)

2024-10-03 17:54:35 - [MESSAGE][PASSED] - Delayed 3 second(s)

2024-10-03 17:54:35 - [MESSAGE][PASSED] - Call Test Case 'Test Cases/0InicioSesion' successfully

2024-10-03 17:54:35 - [TEST_STEP][PASSED] - click(findTestObject("DIGITURNO/1Principal/img_Configuracion(1)")): Object: 'Object Repository/DIGITURNO/1Principal/img_Configuracion(1)' is clicked on

2024-10-03 17:54:36 - [MESSAGE][PASSED] - Object: 'Object Repository/DIGITURNO/1Principal/img_Configuracion(1)' is clicked on

2024-10-03 17:54:36 - [TEST_STEP][PASSED] - delay(3): Delayed 3 second(s)

2024-10-03 17:54:39 - [MESSAGE][PASSED] - Delayed 3 second(s)

2024-10-03 17:54:39 - [TEST_STEP][PASSED] - takeFullPageScreenshot(): Taking screenshot successfully

2024-10-03 17:54:39 - [MESSAGE][INFO] - 0 hidden object(s)

2024-10-03 17:54:39 - [MESSAGE][PASSED] - Taking screenshot successfully
[[ATTACHMENT|C:\\CIEL INGENIERIA\\Katalon\\Digiturno55\\Reports\\20241003_171202\\DIGITURNO\\BASICO\\61 Campos Adicionales Crear Actualizar Eliminar\\20241003_171311\\1727996079017.png]]

2024-10-03 17:54:39 - [TEST_STEP][PASSED] - delay(3): Delayed 3 second(s)

2024-10-03 17:54:42 - [MESSAGE][PASSED] - Delayed 3 second(s)

2024-10-03 17:54:42 - [MESSAGE][PASSED] - Call Test Case 'Test Cases/DIGITURNO/BASICO/3 Configuracion' successfully

2024-10-03 17:54:42 - [TEST_STEP][PASSED] - click(findTestObject("DIGITURNO/CONFIGURACION/0Principal/img_5Datos complementarios")): Object: 'Object Repository/DIGITURNO/CONFIGURACION/0Principal/img_5Datos complementarios' is clicked on

2024-10-03 17:54:43 - [MESSAGE][PASSED] - Object: 'Object Repository/DIGITURNO/CONFIGURACION/0Principal/img_5Datos complementarios' is clicked on

2024-10-03 17:54:43 - [TEST_STEP][PASSED] - delay(3): Delayed 3 second(s)

2024-10-03 17:54:46 - [MESSAGE][PASSED] - Delayed 3 second(s)

2024-10-03 17:54:46 - [TEST_STEP][PASSED] - takeFullPageScreenshot(): Taking screenshot successfully

2024-10-03 17:54:46 - [MESSAGE][INFO] - 0 hidden object(s)

2024-10-03 17:54:46 - [MESSAGE][PASSED] - Taking screenshot successfully
[[ATTACHMENT|C:\\CIEL INGENIERIA\\Katalon\\Digiturno55\\Reports\\20241003_171202\\DIGITURNO\\BASICO\\61 Campos Adicionales Crear Actualizar Eliminar\\20241003_171311\\1727996086036.png]]

2024-10-03 17:54:46 - [TEST_STEP][PASSED] - delay(3): Delayed 3 second(s)

2024-10-03 17:54:49 - [MESSAGE][PASSED] - Delayed 3 second(s)

2024-10-03 17:54:49 - [MESSAGE][PASSED] - Call Test Case 'Test Cases/DIGITURNO/BASICO/59 Datos Complementarios' successfully

2024-10-03 17:54:49 - [TEST_STEP][PASSED] - click(findTestObject("DIGITURNO/CONFIGURACION/5Datos Complementarios/0Principal/img_campos adicionales")): Object: 'Object Repository/DIGITURNO/CONFIGURACION/5Datos Complementarios/0Principal/img_campos adicionales' is clicked on

2024-10-03 17:54:50 - [MESSAGE][PASSED] - Object: 'Object Repository/DIGITURNO/CONFIGURACION/5Datos Complementarios/0Principal/img_campos adicionales' is clicked on

2024-10-03 17:54:50 - [TEST_STEP][PASSED] - delay(3): Delayed 3 second(s)

2024-10-03 17:54:53 - [MESSAGE][PASSED] - Delayed 3 second(s)

2024-10-03 17:54:53 - [TEST_STEP][PASSED] - setText(findTestObject("DIGITURNO/CONFIGURACION/5Datos Complementarios/Campos Adicionales/Adicion de campos Adicionales/Edicion de campos/0 Lista de campos/input_TextoABuscar"), "Prueba"): Text 'Prueba' is set on object 'Object Repository/DIGITURNO/CONFIGURACION/5Datos Complementarios/Campos Adicionales/Adicion de campos Adicionales/Edicion de campos/0 Lista de campos/input_TextoABuscar'

2024-10-03 17:54:53 - [MESSAGE][PASSED] - Text 'Prueba' is set on object 'Object Repository/DIGITURNO/CONFIGURACION/5Datos Complementarios/Campos Adicionales/Adicion de campos Adicionales/Edicion de campos/0 Lista de campos/input_TextoABuscar'

2024-10-03 17:54:53 - [TEST_STEP][PASSED] - delay(3): Delayed 3 second(s)

2024-10-03 17:54:56 - [MESSAGE][PASSED] - Delayed 3 second(s)

2024-10-03 17:54:56 - [TEST_STEP][PASSED] - click(findTestObject("DIGITURNO/CONFIGURACION/5Datos Complementarios/Campos Adicionales/Adicion de campos Adicionales/Edicion de campos/0 Lista de campos/td_1 Seleccion")): Object: 'Object Repository/DIGITURNO/CONFIGURACION/5Datos Complementarios/Campos Adicionales/Adicion de campos Adicionales/Edicion de campos/0 Lista de campos/td_1 Seleccion' is clicked on

2024-10-03 17:54:57 - [MESSAGE][PASSED] - Object: 'Object Repository/DIGITURNO/CONFIGURACION/5Datos Complementarios/Campos Adicionales/Adicion de campos Adicionales/Edicion de campos/0 Lista de campos/td_1 Seleccion' is clicked on

2024-10-03 17:54:57 - [TEST_STEP][PASSED] - delay(3): Delayed 3 second(s)

2024-10-03 17:55:00 - [MESSAGE][PASSED] - Delayed 3 second(s)

2024-10-03 17:55:00 - [TEST_STEP][PASSED] - selectOptionByIndex(findTestObject("DIGITURNO/CONFIGURACION/5Datos Complementarios/Campos Adicionales/Adicion de campos Adicionales/Edicion de campos/select_TipoDato"), 4): All options with index in [4] are selected on object 'Object Repository/DIGITURNO/CONFIGURACION/5Datos Complementarios/Campos Adicionales/Adicion de campos Adicionales/Edicion de campos/select_TipoDato'

2024-10-03 17:55:01 - [MESSAGE][PASSED] - All options with index in [4] are selected on object 'Object Repository/DIGITURNO/CONFIGURACION/5Datos Complementarios/Campos Adicionales/Adicion de campos Adicionales/Edicion de campos/select_TipoDato'

2024-10-03 17:55:01 - [TEST_STEP][PASSED] - delay(2): Delayed 2 second(s)

2024-10-03 17:55:03 - [MESSAGE][PASSED] - Delayed 2 second(s)

2024-10-03 17:55:03 - [TEST_STEP][PASSED] - click(findTestObject("DIGITURNO/CONFIGURACION/5Datos Complementarios/Campos Adicionales/Adicion de campos Adicionales/Edicion de campos/img_Actualizar")): Object: 'Object Repository/DIGITURNO/CONFIGURACION/5Datos Complementarios/Campos Adicionales/Adicion de campos Adicionales/Edicion de campos/img_Actualizar' is clicked on

2024-10-03 17:55:03 - [MESSAGE][PASSED] - Object: 'Object Repository/DIGITURNO/CONFIGURACION/5Datos Complementarios/Campos Adicionales/Adicion de campos Adicionales/Edicion de campos/img_Actualizar' is clicked on

2024-10-03 17:55:03 - [TEST_STEP][PASSED] - delay(3): Delayed 3 second(s)

2024-10-03 17:55:06 - [MESSAGE][PASSED] - Delayed 3 second(s)

2024-10-03 17:55:06 - [TEST_STEP][PASSED] - takeFullPageScreenshot(): Taking screenshot successfully

2024-10-03 17:55:07 - [MESSAGE][INFO] - 0 hidden object(s)

2024-10-03 17:55:07 - [MESSAGE][PASSED] - Taking screenshot successfully
[[ATTACHMENT|C:\\CIEL INGENIERIA\\Katalon\\Digiturno55\\Reports\\20241003_171202\\DIGITURNO\\BASICO\\61 Campos Adicionales Crear Actualizar Eliminar\\20241003_171311\\1727996106902.png]]

2024-10-03 17:55:07 - [TEST_STEP][PASSED] - delay(3): Delayed 3 second(s)

2024-10-03 17:55:10 - [MESSAGE][PASSED] - Delayed 3 second(s)

2024-10-03 17:55:10 - [TEST_STEP][PASSED] - Start listener action : sampleAfterTestCase: null]]></system-out>
         <system-err><![CDATA[]]></system-err>
      </testcase>
      <testcase name="Test Cases/DIGITURNO/BASICO/61 Campos Adicionales Eliminar" time="44.514" classname="Test Cases/DIGITURNO/BASICO/61 Campos Adicionales Eliminar" status="PASSED">
         <system-out><![CDATA[2024-10-03 17:55:10 - [TEST_CASE][PASSED] - Test Cases/DIGITURNO/BASICO/61 Campos Adicionales Eliminar: Test Cases/DIGITURNO/BASICO/61 Campos Adicionales Eliminar

2024-10-03 17:55:11 - [TEST_STEP][PASSED] - callTestCase(findTestCase("DIGITURNO/BASICO/59 Datos Complementarios"), [:], STOP_ON_FAILURE): Call Test Case 'Test Cases/DIGITURNO/BASICO/59 Datos Complementarios' successfully

2024-10-03 17:55:11 - [TEST_CASE][PASSED] - Test Cases/DIGITURNO/BASICO/59 Datos Complementarios: Test Cases/DIGITURNO/BASICO/59 Datos Complementarios

2024-10-03 17:55:11 - [TEST_STEP][PASSED] - callTestCase(findTestCase("DIGITURNO/BASICO/3 Configuracion"), [:], STOP_ON_FAILURE): Call Test Case 'Test Cases/DIGITURNO/BASICO/3 Configuracion' successfully

2024-10-03 17:55:11 - [TEST_CASE][PASSED] - Test Cases/DIGITURNO/BASICO/3 Configuracion: Test Cases/DIGITURNO/BASICO/3 Configuracion

2024-10-03 17:55:11 - [TEST_STEP][PASSED] - callTestCase(findTestCase("0InicioSesion"), [:], STOP_ON_FAILURE): Call Test Case 'Test Cases/0InicioSesion' successfully

2024-10-03 17:55:11 - [TEST_CASE][PASSED] - Test Cases/0InicioSesion: Test Cases/0InicioSesion

2024-10-03 17:55:11 - [TEST_STEP][PASSED] - openBrowser(UrlDigiturno): Browser is opened with url: 'https://PCPruebas101.ciel.cielingenieria.com:8910'

2024-10-03 17:55:11 - [MESSAGE][WARNING] - A browser is already opened. Closing browser and opening a new one

2024-10-03 17:55:12 - [MESSAGE][INFO] - Starting 'Chrome' driver

2024-10-03 17:55:12 - [MESSAGE][INFO] - User set preference: ['args', '[--use-fake-ui-for-media-stream, --disable-notifications]']

2024-10-03 17:55:12 - [MESSAGE][INFO] - Action delay is set to 0 milliseconds

2024-10-03 17:55:14 - [MESSAGE][PASSED] - Browser is opened with url: 'https://PCPruebas101.ciel.cielingenieria.com:8910'

2024-10-03 17:55:14 - [TEST_STEP][PASSED] - maximizeWindow(): Current window maximized

2024-10-03 17:55:14 - [MESSAGE][PASSED] - Current window maximized

2024-10-03 17:55:14 - [TEST_STEP][PASSED] - delay(3): Delayed 3 second(s)

2024-10-03 17:55:17 - [MESSAGE][PASSED] - Delayed 3 second(s)

2024-10-03 17:55:17 - [TEST_STEP][PASSED] - setText(findTestObject("0Inicio Sesion/input_Usuario"), "Ciel"): Text 'Ciel' is set on object 'Object Repository/0Inicio Sesion/input_Usuario'

2024-10-03 17:55:18 - [MESSAGE][PASSED] - Text 'Ciel' is set on object 'Object Repository/0Inicio Sesion/input_Usuario'

2024-10-03 17:55:18 - [TEST_STEP][PASSED] - setText(findTestObject("0Inicio Sesion/input_Clave"), "digiturno"): Text 'digiturno' is set on object 'Object Repository/0Inicio Sesion/input_Clave'

2024-10-03 17:55:19 - [MESSAGE][PASSED] - Text 'digiturno' is set on object 'Object Repository/0Inicio Sesion/input_Clave'

2024-10-03 17:55:19 - [TEST_STEP][PASSED] - click(findTestObject("0Inicio Sesion/btn_IniciarSesion")): Object: 'Object Repository/0Inicio Sesion/btn_IniciarSesion' is clicked on

2024-10-03 17:55:19 - [MESSAGE][PASSED] - Object: 'Object Repository/0Inicio Sesion/btn_IniciarSesion' is clicked on

2024-10-03 17:55:19 - [TEST_STEP][PASSED] - delay(3): Delayed 3 second(s)

2024-10-03 17:55:22 - [MESSAGE][PASSED] - Delayed 3 second(s)

2024-10-03 17:55:22 - [MESSAGE][PASSED] - Call Test Case 'Test Cases/0InicioSesion' successfully

2024-10-03 17:55:22 - [TEST_STEP][PASSED] - click(findTestObject("DIGITURNO/1Principal/img_Configuracion(1)")): Object: 'Object Repository/DIGITURNO/1Principal/img_Configuracion(1)' is clicked on

2024-10-03 17:55:23 - [MESSAGE][PASSED] - Object: 'Object Repository/DIGITURNO/1Principal/img_Configuracion(1)' is clicked on

2024-10-03 17:55:23 - [TEST_STEP][PASSED] - delay(3): Delayed 3 second(s)

2024-10-03 17:55:26 - [MESSAGE][PASSED] - Delayed 3 second(s)

2024-10-03 17:55:26 - [TEST_STEP][PASSED] - takeFullPageScreenshot(): Taking screenshot successfully

2024-10-03 17:55:26 - [MESSAGE][INFO] - 0 hidden object(s)

2024-10-03 17:55:26 - [MESSAGE][PASSED] - Taking screenshot successfully
[[ATTACHMENT|C:\\CIEL INGENIERIA\\Katalon\\Digiturno55\\Reports\\20241003_171202\\DIGITURNO\\BASICO\\61 Campos Adicionales Crear Actualizar Eliminar\\20241003_171311\\1727996126312.png]]

2024-10-03 17:55:26 - [TEST_STEP][PASSED] - delay(3): Delayed 3 second(s)

2024-10-03 17:55:29 - [MESSAGE][PASSED] - Delayed 3 second(s)

2024-10-03 17:55:29 - [MESSAGE][PASSED] - Call Test Case 'Test Cases/DIGITURNO/BASICO/3 Configuracion' successfully

2024-10-03 17:55:29 - [TEST_STEP][PASSED] - click(findTestObject("DIGITURNO/CONFIGURACION/0Principal/img_5Datos complementarios")): Object: 'Object Repository/DIGITURNO/CONFIGURACION/0Principal/img_5Datos complementarios' is clicked on

2024-10-03 17:55:30 - [MESSAGE][PASSED] - Object: 'Object Repository/DIGITURNO/CONFIGURACION/0Principal/img_5Datos complementarios' is clicked on

2024-10-03 17:55:30 - [TEST_STEP][PASSED] - delay(3): Delayed 3 second(s)

2024-10-03 17:55:33 - [MESSAGE][PASSED] - Delayed 3 second(s)

2024-10-03 17:55:33 - [TEST_STEP][PASSED] - takeFullPageScreenshot(): Taking screenshot successfully

2024-10-03 17:55:33 - [MESSAGE][INFO] - 0 hidden object(s)

2024-10-03 17:55:33 - [MESSAGE][PASSED] - Taking screenshot successfully
[[ATTACHMENT|C:\\CIEL INGENIERIA\\Katalon\\Digiturno55\\Reports\\20241003_171202\\DIGITURNO\\BASICO\\61 Campos Adicionales Crear Actualizar Eliminar\\20241003_171311\\1727996133425.png]]

2024-10-03 17:55:33 - [TEST_STEP][PASSED] - delay(3): Delayed 3 second(s)

2024-10-03 17:55:36 - [MESSAGE][PASSED] - Delayed 3 second(s)

2024-10-03 17:55:36 - [MESSAGE][PASSED] - Call Test Case 'Test Cases/DIGITURNO/BASICO/59 Datos Complementarios' successfully

2024-10-03 17:55:36 - [TEST_STEP][PASSED] - click(findTestObject("DIGITURNO/CONFIGURACION/5Datos Complementarios/0Principal/img_campos adicionales")): Object: 'Object Repository/DIGITURNO/CONFIGURACION/5Datos Complementarios/0Principal/img_campos adicionales' is clicked on

2024-10-03 17:55:37 - [MESSAGE][PASSED] - Object: 'Object Repository/DIGITURNO/CONFIGURACION/5Datos Complementarios/0Principal/img_campos adicionales' is clicked on

2024-10-03 17:55:37 - [TEST_STEP][PASSED] - delay(3): Delayed 3 second(s)

2024-10-03 17:55:40 - [MESSAGE][PASSED] - Delayed 3 second(s)

2024-10-03 17:55:40 - [TEST_STEP][PASSED] - setText(findTestObject("DIGITURNO/CONFIGURACION/5Datos Complementarios/Campos Adicionales/Adicion de campos Adicionales/Edicion de campos/0 Lista de campos/input_TextoABuscar"), "Prueba"): Text 'Prueba' is set on object 'Object Repository/DIGITURNO/CONFIGURACION/5Datos Complementarios/Campos Adicionales/Adicion de campos Adicionales/Edicion de campos/0 Lista de campos/input_TextoABuscar'

2024-10-03 17:55:41 - [MESSAGE][PASSED] - Text 'Prueba' is set on object 'Object Repository/DIGITURNO/CONFIGURACION/5Datos Complementarios/Campos Adicionales/Adicion de campos Adicionales/Edicion de campos/0 Lista de campos/input_TextoABuscar'

2024-10-03 17:55:41 - [TEST_STEP][PASSED] - delay(3): Delayed 3 second(s)

2024-10-03 17:55:44 - [MESSAGE][PASSED] - Delayed 3 second(s)

2024-10-03 17:55:44 - [TEST_STEP][PASSED] - click(findTestObject("DIGITURNO/CONFIGURACION/5Datos Complementarios/Campos Adicionales/Adicion de campos Adicionales/Edicion de campos/0 Lista de campos/td_1 Seleccion")): Object: 'Object Repository/DIGITURNO/CONFIGURACION/5Datos Complementarios/Campos Adicionales/Adicion de campos Adicionales/Edicion de campos/0 Lista de campos/td_1 Seleccion' is clicked on

2024-10-03 17:55:44 - [MESSAGE][PASSED] - Object: 'Object Repository/DIGITURNO/CONFIGURACION/5Datos Complementarios/Campos Adicionales/Adicion de campos Adicionales/Edicion de campos/0 Lista de campos/td_1 Seleccion' is clicked on

2024-10-03 17:55:44 - [TEST_STEP][PASSED] - delay(3): Delayed 3 second(s)

2024-10-03 17:55:47 - [MESSAGE][PASSED] - Delayed 3 second(s)

2024-10-03 17:55:47 - [TEST_STEP][PASSED] - click(findTestObject("DIGITURNO/CONFIGURACION/5Datos Complementarios/Campos Adicionales/Adicion de campos Adicionales/Edicion de campos/img_Eliminar")): Object: 'Object Repository/DIGITURNO/CONFIGURACION/5Datos Complementarios/Campos Adicionales/Adicion de campos Adicionales/Edicion de campos/img_Eliminar' is clicked on

2024-10-03 17:55:48 - [MESSAGE][PASSED] - Object: 'Object Repository/DIGITURNO/CONFIGURACION/5Datos Complementarios/Campos Adicionales/Adicion de campos Adicionales/Edicion de campos/img_Eliminar' is clicked on

2024-10-03 17:55:48 - [TEST_STEP][PASSED] - click(findTestObject("DIGITURNO/CONFIGURACION/5Datos Complementarios/Campos Adicionales/Adicion de campos Adicionales/Edicion de campos/img_Eliminar")): Object: 'Object Repository/DIGITURNO/CONFIGURACION/5Datos Complementarios/Campos Adicionales/Adicion de campos Adicionales/Edicion de campos/img_Eliminar' is clicked on

2024-10-03 17:55:48 - [MESSAGE][PASSED] - Object: 'Object Repository/DIGITURNO/CONFIGURACION/5Datos Complementarios/Campos Adicionales/Adicion de campos Adicionales/Edicion de campos/img_Eliminar' is clicked on

2024-10-03 17:55:48 - [TEST_STEP][PASSED] - acceptAlert(): Alert accepted

2024-10-03 17:55:48 - [MESSAGE][PASSED] - Alert accepted

2024-10-03 17:55:48 - [TEST_STEP][PASSED] - delay(3): Delayed 3 second(s)

2024-10-03 17:55:51 - [MESSAGE][PASSED] - Delayed 3 second(s)

2024-10-03 17:55:51 - [TEST_STEP][PASSED] - takeFullPageScreenshot(): Taking screenshot successfully

2024-10-03 17:55:51 - [MESSAGE][INFO] - 0 hidden object(s)

2024-10-03 17:55:52 - [MESSAGE][PASSED] - Taking screenshot successfully
[[ATTACHMENT|C:\\CIEL INGENIERIA\\Katalon\\Digiturno55\\Reports\\20241003_171202\\DIGITURNO\\BASICO\\61 Campos Adicionales Crear Actualizar Eliminar\\20241003_171311\\1727996151398.png]]

2024-10-03 17:55:52 - [TEST_STEP][PASSED] - delay(3): Delayed 3 second(s)

2024-10-03 17:55:55 - [MESSAGE][PASSED] - Delayed 3 second(s)

2024-10-03 17:55:55 - [TEST_STEP][PASSED] - Start listener action : sampleAfterTestCase: null]]></system-out>
         <system-err><![CDATA[]]></system-err>
      </testcase>
      <system-out><![CDATA[2024-10-03 17:53:39 - [TEST_SUITE][PASSED] - 61 Campos Adicionales Crear Actualizar Eliminar: Test Cases/DIGITURNO/BASICO/61 Campos Adicionales Eliminar]]></system-out>
      <system-err><![CDATA[]]></system-err>
   </testsuite>
</testsuites>
