<?xml version="1.0" encoding="UTF-8"?>
<testsuites name="16 Agregar Usuario" time="51.967" tests="1" failures="0" errors="0">
   <testsuite name="16 Agregar Usuario" tests="1" failures="0" errors="0" time="51.967" skipped="0" timestamp="2024-10-03 17:20:56" hostname="jdavila - PCPruebas101.ciel.cielingenieria.com" id="Test Suites/DIGITURNO/BASICO/16 Agregar Usuario">
      <properties>
         <property name="deviceName" value=""/>
         <property name="devicePlatform" value=""/>
         <property name="logFolder" value="C:\\CIEL INGENIERIA\\Katalon\\Digiturno55\\Reports\\20241003_171202\\DIGITURNO\\BASICO\\16 Agregar Usuario\\20241003_171219"/>
         <property name="logFiles" value="C:\\CIEL INGENIERIA\\Katalon\\Digiturno55\\Reports\\20241003_171202\\DIGITURNO\\BASICO\\16 Agregar Usuario\\20241003_171219\\execution0.log"/>
         <property name="attachments" value="C:\\CIEL INGENIERIA\\Katalon\\Digiturno55\\Reports\\20241003_171202\\DIGITURNO\\BASICO\\16 Agregar Usuario\\20241003_171219\\1727994076832.png"/>
         <property name="hostName" value="jdavila - PCPruebas101.ciel.cielingenieria.com"/>
         <property name="os" value="Windows 10 64bit"/>
         <property name="katalonVersion" value="8.6.9.208"/>
         <property name="browser" value="Chrome 129.0.0.0"/>
         <property name="hostAddress" value="192.168.91.13"/>
         <property name="sessionId" value="79b66d651827d3212c9dd81d978f298f"/>
         <property name="seleniumVersion" value="3.141.59"/>
         <property name="proxyInformation" value="ProxyInformation { proxyOption=NO_PROXY, proxyServerType=HTTP, username=, password=********, proxyServerAddress=, proxyServerPort=0, executionList=&quot;&quot;, isApplyToDesiredCapabilities=true }"/>
         <property name="platform" value="Windows 10"/>
      </properties>
      <testcase name="Test Cases/DIGITURNO/BASICO/16 Agregar Usuario" time="51.66" classname="Test Cases/DIGITURNO/BASICO/16 Agregar Usuario" status="PASSED">
         <system-out><![CDATA[2024-10-03 17:20:56 - [TEST_CASE][PASSED] - Test Cases/DIGITURNO/BASICO/16 Agregar Usuario: Test Cases/DIGITURNO/BASICO/16 Agregar Usuario

2024-10-03 17:20:57 - [TEST_STEP][PASSED] - callTestCase(findTestCase("DIGITURNO/BASICO/5 Usuarios"), [:], STOP_ON_FAILURE): Call Test Case 'Test Cases/DIGITURNO/BASICO/5 Usuarios' successfully

2024-10-03 17:20:57 - [TEST_CASE][PASSED] - Test Cases/DIGITURNO/BASICO/5 Usuarios: Test Cases/DIGITURNO/BASICO/5 Usuarios

2024-10-03 17:20:57 - [TEST_STEP][PASSED] - callTestCase(findTestCase("0InicioSesion"), [:], STOP_ON_FAILURE): Call Test Case 'Test Cases/0InicioSesion' successfully

2024-10-03 17:20:57 - [TEST_CASE][PASSED] - Test Cases/0InicioSesion: Test Cases/0InicioSesion

2024-10-03 17:20:58 - [TEST_STEP][PASSED] - openBrowser(UrlDigiturno): Browser is opened with url: 'https://PCPruebas101.ciel.cielingenieria.com:8910'

2024-10-03 17:20:58 - [MESSAGE][INFO] - Starting 'Chrome' driver

2024-10-03 17:20:58 - [MESSAGE][INFO] - User set preference: ['args', '[--use-fake-ui-for-media-stream, --disable-notifications]']

2024-10-03 17:20:58 - [MESSAGE][INFO] - Action delay is set to 0 milliseconds

2024-10-03 17:21:01 - [MESSAGE][PASSED] - Browser is opened with url: 'https://PCPruebas101.ciel.cielingenieria.com:8910'

2024-10-03 17:21:01 - [TEST_STEP][PASSED] - maximizeWindow(): Current window maximized

2024-10-03 17:21:01 - [MESSAGE][PASSED] - Current window maximized

2024-10-03 17:21:01 - [TEST_STEP][PASSED] - delay(3): Delayed 3 second(s)

2024-10-03 17:21:04 - [MESSAGE][PASSED] - Delayed 3 second(s)

2024-10-03 17:21:04 - [TEST_STEP][PASSED] - setText(findTestObject("0Inicio Sesion/input_Usuario"), "Ciel"): Text 'Ciel' is set on object 'Object Repository/0Inicio Sesion/input_Usuario'

2024-10-03 17:21:05 - [MESSAGE][PASSED] - Text 'Ciel' is set on object 'Object Repository/0Inicio Sesion/input_Usuario'

2024-10-03 17:21:05 - [TEST_STEP][PASSED] - setText(findTestObject("0Inicio Sesion/input_Clave"), "digiturno"): Text 'digiturno' is set on object 'Object Repository/0Inicio Sesion/input_Clave'

2024-10-03 17:21:06 - [MESSAGE][PASSED] - Text 'digiturno' is set on object 'Object Repository/0Inicio Sesion/input_Clave'

2024-10-03 17:21:06 - [TEST_STEP][PASSED] - click(findTestObject("0Inicio Sesion/btn_IniciarSesion")): Object: 'Object Repository/0Inicio Sesion/btn_IniciarSesion' is clicked on

2024-10-03 17:21:06 - [MESSAGE][PASSED] - Object: 'Object Repository/0Inicio Sesion/btn_IniciarSesion' is clicked on

2024-10-03 17:21:06 - [TEST_STEP][PASSED] - delay(3): Delayed 3 second(s)

2024-10-03 17:21:09 - [MESSAGE][PASSED] - Delayed 3 second(s)

2024-10-03 17:21:09 - [MESSAGE][PASSED] - Call Test Case 'Test Cases/0InicioSesion' successfully

2024-10-03 17:21:09 - [TEST_STEP][PASSED] - click(findTestObject("DIGITURNO/1Principal/img_Configuracion(1)")): Object: 'Object Repository/DIGITURNO/1Principal/img_Configuracion(1)' is clicked on

2024-10-03 17:21:10 - [MESSAGE][PASSED] - Object: 'Object Repository/DIGITURNO/1Principal/img_Configuracion(1)' is clicked on

2024-10-03 17:21:10 - [TEST_STEP][PASSED] - delay(3): Delayed 3 second(s)

2024-10-03 17:21:13 - [MESSAGE][PASSED] - Delayed 3 second(s)

2024-10-03 17:21:13 - [TEST_STEP][PASSED] - click(findTestObject("DIGITURNO/CONFIGURACION/0Principal/img_4Usuarios")): Object: 'Object Repository/DIGITURNO/CONFIGURACION/0Principal/img_4Usuarios' is clicked on

2024-10-03 17:21:13 - [MESSAGE][PASSED] - Object: 'Object Repository/DIGITURNO/CONFIGURACION/0Principal/img_4Usuarios' is clicked on

2024-10-03 17:21:13 - [TEST_STEP][PASSED] - delay(3): Delayed 3 second(s)

2024-10-03 17:21:16 - [MESSAGE][PASSED] - Delayed 3 second(s)

2024-10-03 17:21:16 - [TEST_STEP][PASSED] - takeFullPageScreenshot(STOP_ON_FAILURE): Taking screenshot successfully

2024-10-03 17:21:17 - [MESSAGE][INFO] - 0 hidden object(s)

2024-10-03 17:21:17 - [MESSAGE][PASSED] - Taking screenshot successfully
[[ATTACHMENT|C:\\CIEL INGENIERIA\\Katalon\\Digiturno55\\Reports\\20241003_171202\\DIGITURNO\\BASICO\\16 Agregar Usuario\\20241003_171219\\1727994076832.png]]

2024-10-03 17:21:17 - [TEST_STEP][PASSED] - delay(3): Delayed 3 second(s)

2024-10-03 17:21:20 - [MESSAGE][PASSED] - Delayed 3 second(s)

2024-10-03 17:21:20 - [MESSAGE][PASSED] - Call Test Case 'Test Cases/DIGITURNO/BASICO/5 Usuarios' successfully

2024-10-03 17:21:20 - [TEST_STEP][PASSED] - delay(3): Delayed 3 second(s)

2024-10-03 17:21:23 - [MESSAGE][PASSED] - Delayed 3 second(s)

2024-10-03 17:21:23 - [TEST_STEP][PASSED] - click(findTestObject("DIGITURNO/CONFIGURACION/4Usuarios/0Principal/img_4Agregar Usuarios")): Object: 'Object Repository/DIGITURNO/CONFIGURACION/4Usuarios/0Principal/img_4Agregar Usuarios' is clicked on

2024-10-03 17:21:24 - [MESSAGE][PASSED] - Object: 'Object Repository/DIGITURNO/CONFIGURACION/4Usuarios/0Principal/img_4Agregar Usuarios' is clicked on

2024-10-03 17:21:24 - [TEST_STEP][PASSED] - delay(3): Delayed 3 second(s)

2024-10-03 17:21:27 - [MESSAGE][PASSED] - Delayed 3 second(s)

2024-10-03 17:21:27 - [TEST_STEP][PASSED] - setText(findTestObject("DIGITURNO/CONFIGURACION/4Usuarios/4Agregar Usuarios/Informacion Principal/input_Usuario"), "Usuario de Prueba"): Text 'Usuario de Prueba' is set on object 'Object Repository/DIGITURNO/CONFIGURACION/4Usuarios/4Agregar Usuarios/Informacion Principal/input_Usuario'

2024-10-03 17:21:27 - [MESSAGE][PASSED] - Text 'Usuario de Prueba' is set on object 'Object Repository/DIGITURNO/CONFIGURACION/4Usuarios/4Agregar Usuarios/Informacion Principal/input_Usuario'

2024-10-03 17:21:27 - [TEST_STEP][PASSED] - selectOptionByLabel(findTestObject("DIGITURNO/CONFIGURACION/4Usuarios/4Agregar Usuarios/Informacion Principal/select_Perfil"), "Consulta", false): All options with label 'Consulta' are selected in object 'Object Repository/DIGITURNO/CONFIGURACION/4Usuarios/4Agregar Usuarios/Informacion Principal/select_Perfil' 

2024-10-03 17:21:28 - [MESSAGE][PASSED] - All options with label 'Consulta' are selected in object 'Object Repository/DIGITURNO/CONFIGURACION/4Usuarios/4Agregar Usuarios/Informacion Principal/select_Perfil' 

2024-10-03 17:21:28 - [TEST_STEP][PASSED] - delay(2): Delayed 2 second(s)

2024-10-03 17:21:30 - [MESSAGE][PASSED] - Delayed 2 second(s)

2024-10-03 17:21:30 - [TEST_STEP][PASSED] - setText(findTestObject("DIGITURNO/CONFIGURACION/4Usuarios/4Agregar Usuarios/Informacion Principal/input_Nombre a mostrar"), "Prueba"): Text 'Prueba' is set on object 'Object Repository/DIGITURNO/CONFIGURACION/4Usuarios/4Agregar Usuarios/Informacion Principal/input_Nombre a mostrar'

2024-10-03 17:21:31 - [MESSAGE][PASSED] - Text 'Prueba' is set on object 'Object Repository/DIGITURNO/CONFIGURACION/4Usuarios/4Agregar Usuarios/Informacion Principal/input_Nombre a mostrar'

2024-10-03 17:21:31 - [TEST_STEP][PASSED] - setText(findTestObject("DIGITURNO/CONFIGURACION/4Usuarios/4Agregar Usuarios/Informacion Principal/input_Correo"), "prueba@gmail.com"): Text 'prueba@gmail.com' is set on object 'Object Repository/DIGITURNO/CONFIGURACION/4Usuarios/4Agregar Usuarios/Informacion Principal/input_Correo'

2024-10-03 17:21:32 - [MESSAGE][PASSED] - Text 'prueba@gmail.com' is set on object 'Object Repository/DIGITURNO/CONFIGURACION/4Usuarios/4Agregar Usuarios/Informacion Principal/input_Correo'

2024-10-03 17:21:32 - [TEST_STEP][PASSED] - setText(findTestObject("DIGITURNO/CONFIGURACION/4Usuarios/4Agregar Usuarios/Informacion Principal/input_NumeroCelular"), "1234567"): Text '1234567' is set on object 'Object Repository/DIGITURNO/CONFIGURACION/4Usuarios/4Agregar Usuarios/Informacion Principal/input_NumeroCelular'

2024-10-03 17:21:32 - [MESSAGE][PASSED] - Text '1234567' is set on object 'Object Repository/DIGITURNO/CONFIGURACION/4Usuarios/4Agregar Usuarios/Informacion Principal/input_NumeroCelular'

2024-10-03 17:21:32 - [TEST_STEP][PASSED] - selectOptionByIndex(findTestObject("DIGITURNO/CONFIGURACION/4Usuarios/4Agregar Usuarios/Informacion Principal/select_Pais"), "1", STOP_ON_FAILURE): All options with index in [1] are selected on object 'Object Repository/DIGITURNO/CONFIGURACION/4Usuarios/4Agregar Usuarios/Informacion Principal/select_Pais'

2024-10-03 17:21:33 - [MESSAGE][PASSED] - All options with index in [1] are selected on object 'Object Repository/DIGITURNO/CONFIGURACION/4Usuarios/4Agregar Usuarios/Informacion Principal/select_Pais'

2024-10-03 17:21:33 - [TEST_STEP][PASSED] - delay(2): Delayed 2 second(s)

2024-10-03 17:21:35 - [MESSAGE][PASSED] - Delayed 2 second(s)

2024-10-03 17:21:35 - [TEST_STEP][PASSED] - selectOptionByIndex(findTestObject("DIGITURNO/CONFIGURACION/4Usuarios/4Agregar Usuarios/Informacion Principal/select_Departamento"), "1", STOP_ON_FAILURE): All options with index in [1] are selected on object 'Object Repository/DIGITURNO/CONFIGURACION/4Usuarios/4Agregar Usuarios/Informacion Principal/select_Departamento'

2024-10-03 17:21:36 - [MESSAGE][PASSED] - All options with index in [1] are selected on object 'Object Repository/DIGITURNO/CONFIGURACION/4Usuarios/4Agregar Usuarios/Informacion Principal/select_Departamento'

2024-10-03 17:21:36 - [TEST_STEP][PASSED] - delay(2): Delayed 2 second(s)

2024-10-03 17:21:38 - [MESSAGE][PASSED] - Delayed 2 second(s)

2024-10-03 17:21:38 - [TEST_STEP][PASSED] - selectOptionByIndex(findTestObject("DIGITURNO/CONFIGURACION/4Usuarios/4Agregar Usuarios/Informacion Principal/select_Ciudad"), "1", STOP_ON_FAILURE): All options with index in [1] are selected on object 'Object Repository/DIGITURNO/CONFIGURACION/4Usuarios/4Agregar Usuarios/Informacion Principal/select_Ciudad'

2024-10-03 17:21:39 - [MESSAGE][PASSED] - All options with index in [1] are selected on object 'Object Repository/DIGITURNO/CONFIGURACION/4Usuarios/4Agregar Usuarios/Informacion Principal/select_Ciudad'

2024-10-03 17:21:39 - [TEST_STEP][PASSED] - delay(2): Delayed 2 second(s)

2024-10-03 17:21:41 - [MESSAGE][PASSED] - Delayed 2 second(s)

2024-10-03 17:21:41 - [TEST_STEP][PASSED] - selectOptionByIndex(findTestObject("DIGITURNO/CONFIGURACION/4Usuarios/4Agregar Usuarios/Informacion Principal/select_Oficina"), "1", STOP_ON_FAILURE): All options with index in [1] are selected on object 'Object Repository/DIGITURNO/CONFIGURACION/4Usuarios/4Agregar Usuarios/Informacion Principal/select_Oficina'

2024-10-03 17:21:42 - [MESSAGE][PASSED] - All options with index in [1] are selected on object 'Object Repository/DIGITURNO/CONFIGURACION/4Usuarios/4Agregar Usuarios/Informacion Principal/select_Oficina'

2024-10-03 17:21:42 - [TEST_STEP][PASSED] - delay(2): Delayed 2 second(s)

2024-10-03 17:21:44 - [MESSAGE][PASSED] - Delayed 2 second(s)

2024-10-03 17:21:44 - [TEST_STEP][PASSED] - click(findTestObject("DIGITURNO/CONFIGURACION/4Usuarios/4Agregar Usuarios/Informacion Principal/img_Nuevo")): Object: 'Object Repository/DIGITURNO/CONFIGURACION/4Usuarios/4Agregar Usuarios/Informacion Principal/img_Nuevo' is clicked on

2024-10-03 17:21:45 - [MESSAGE][PASSED] - Object: 'Object Repository/DIGITURNO/CONFIGURACION/4Usuarios/4Agregar Usuarios/Informacion Principal/img_Nuevo' is clicked on

2024-10-03 17:21:45 - [TEST_STEP][PASSED] - delay(3): Delayed 3 second(s)

2024-10-03 17:21:48 - [MESSAGE][PASSED] - Delayed 3 second(s)

2024-10-03 17:21:48 - [TEST_STEP][PASSED] - Start listener action : sampleAfterTestCase: null]]></system-out>
         <system-err><![CDATA[]]></system-err>
      </testcase>
      <system-out><![CDATA[2024-10-03 17:20:56 - [TEST_SUITE][PASSED] - 16 Agregar Usuario: Test Cases/DIGITURNO/BASICO/16 Agregar Usuario]]></system-out>
      <system-err><![CDATA[]]></system-err>
   </testsuite>
</testsuites>
