<?xml version="1.0" encoding="UTF-8"?>
<testsuites name="3 Distraer Turno" time="49.1" tests="1" failures="0" errors="0">
   <testsuite name="3 Distraer Turno" tests="1" failures="0" errors="0" time="49.1" skipped="0" timestamp="2023-08-14 13:59:16" hostname="jdavila - PCPruebas101.ciel.cielingenieria.com" id="Test Suites/DIGITURNO/OPERACION BASICA/3 Distraer Turno">
      <properties>
         <property name="deviceName" value=""/>
         <property name="devicePlatform" value=""/>
         <property name="logFolder" value="C:\\CIEL INGENIERIA\\Katalon\\Digiturno55\\Reports\\20230814_135312\\DIGITURNO\\OPERACION BASICA\\3 Distraer Turno\\20230814_135320"/>
         <property name="logFiles" value="C:\\CIEL INGENIERIA\\Katalon\\Digiturno55\\Reports\\20230814_135312\\DIGITURNO\\OPERACION BASICA\\3 Distraer Turno\\20230814_135320\\execution0.log"/>
         <property name="attachments" value="C:\\CIEL INGENIERIA\\Katalon\\Digiturno55\\Reports\\20230814_135312\\DIGITURNO\\OPERACION BASICA\\3 Distraer Turno\\20230814_135320\\1692039592899.png"/>
         <property name="hostName" value="jdavila - PCPruebas101.ciel.cielingenieria.com"/>
         <property name="os" value="Windows 10 64bit"/>
         <property name="katalonVersion" value="8.6.0.208"/>
         <property name="browser" value="Chrome 115.0.0.0"/>
         <property name="hostAddress" value="192.168.0.33"/>
         <property name="sessionId" value="6b2e7dea8dbbd7407a9608ad1cb2b441"/>
         <property name="seleniumVersion" value="3.141.59"/>
         <property name="proxyInformation" value="ProxyInformation { proxyOption=NO_PROXY, proxyServerType=HTTP, username=, password=********, proxyServerAddress=, proxyServerPort=0, executionList=&quot;&quot;, isApplyToDesiredCapabilities=true }"/>
         <property name="platform" value="Windows 10"/>
      </properties>
      <testcase name="Test Cases/DIGITURNO/OPERACION BASICA/3 Distraer Turno" time="48.821" classname="Test Cases/DIGITURNO/OPERACION BASICA/3 Distraer Turno" status="PASSED">
         <system-out><![CDATA[2023-08-14 13:59:16 - [TEST_CASE][PASSED] - Test Cases/DIGITURNO/OPERACION BASICA/3 Distraer Turno: Test Cases/DIGITURNO/OPERACION BASICA/3 Distraer Turno

2023-08-14 13:59:17 - [TEST_STEP][PASSED] - callTestCase(findTestCase("0InicioSesion"), [:], STOP_ON_FAILURE): Call Test Case 'Test Cases/0InicioSesion' successfully

2023-08-14 13:59:17 - [TEST_CASE][PASSED] - Test Cases/0InicioSesion: Test Cases/0InicioSesion

2023-08-14 13:59:17 - [TEST_STEP][PASSED] - openBrowser(UrlDigiturno): Browser is opened with url: 'https://PCPruebas101.ciel.cielingenieria.com:8610'

2023-08-14 13:59:17 - [MESSAGE][INFO] - Starting 'Chrome' driver

2023-08-14 13:59:17 - [MESSAGE][INFO] - User set preference: ['args', '[--use-fake-ui-for-media-stream, --disable-notifications]']

2023-08-14 13:59:18 - [MESSAGE][INFO] - Action delay is set to 0 milliseconds

2023-08-14 13:59:20 - [MESSAGE][PASSED] - Browser is opened with url: 'https://PCPruebas101.ciel.cielingenieria.com:8610'

2023-08-14 13:59:20 - [TEST_STEP][PASSED] - maximizeWindow(): Current window maximized

2023-08-14 13:59:20 - [MESSAGE][PASSED] - Current window maximized

2023-08-14 13:59:20 - [TEST_STEP][PASSED] - delay(3): Delayed 3 second(s)

2023-08-14 13:59:23 - [MESSAGE][PASSED] - Delayed 3 second(s)

2023-08-14 13:59:23 - [TEST_STEP][PASSED] - setText(findTestObject("0Inicio Sesion/input_Usuario"), "Ciel"): Text 'Ciel' is set on object 'Object Repository/0Inicio Sesion/input_Usuario'

2023-08-14 13:59:24 - [MESSAGE][PASSED] - Text 'Ciel' is set on object 'Object Repository/0Inicio Sesion/input_Usuario'

2023-08-14 13:59:24 - [TEST_STEP][PASSED] - setText(findTestObject("0Inicio Sesion/input_Clave"), "digiturno"): Text 'digiturno' is set on object 'Object Repository/0Inicio Sesion/input_Clave'

2023-08-14 13:59:25 - [MESSAGE][PASSED] - Text 'digiturno' is set on object 'Object Repository/0Inicio Sesion/input_Clave'

2023-08-14 13:59:25 - [TEST_STEP][PASSED] - click(findTestObject("0Inicio Sesion/btn_IniciarSesion")): Object: 'Object Repository/0Inicio Sesion/btn_IniciarSesion' is clicked on

2023-08-14 13:59:25 - [MESSAGE][PASSED] - Object: 'Object Repository/0Inicio Sesion/btn_IniciarSesion' is clicked on

2023-08-14 13:59:25 - [TEST_STEP][PASSED] - delay(3): Delayed 3 second(s)

2023-08-14 13:59:28 - [MESSAGE][PASSED] - Delayed 3 second(s)

2023-08-14 13:59:28 - [MESSAGE][PASSED] - Call Test Case 'Test Cases/0InicioSesion' successfully

2023-08-14 13:59:28 - [TEST_STEP][PASSED] - click(findTestObject("DIGITURNO/1Principal/img_Operacion(1)")): Object: 'Object Repository/DIGITURNO/1Principal/img_Operacion(1)' is clicked on

2023-08-14 13:59:29 - [MESSAGE][PASSED] - Object: 'Object Repository/DIGITURNO/1Principal/img_Operacion(1)' is clicked on

2023-08-14 13:59:29 - [TEST_STEP][PASSED] - delay(3): Delayed 3 second(s)

2023-08-14 13:59:32 - [MESSAGE][PASSED] - Delayed 3 second(s)

2023-08-14 13:59:32 - [TEST_STEP][PASSED] - click(findTestObject("DIGITURNO/OPERACION/0Principal/Elementos del Sistema/img_Terminales")): Object: 'Object Repository/DIGITURNO/OPERACION/0Principal/Elementos del Sistema/img_Terminales' is clicked on

2023-08-14 13:59:32 - [MESSAGE][PASSED] - Object: 'Object Repository/DIGITURNO/OPERACION/0Principal/Elementos del Sistema/img_Terminales' is clicked on

2023-08-14 13:59:32 - [TEST_STEP][PASSED] - delay(3): Delayed 3 second(s)

2023-08-14 13:59:35 - [MESSAGE][PASSED] - Delayed 3 second(s)

2023-08-14 13:59:35 - [TEST_STEP][PASSED] - click(findTestObject("DIGITURNO/OPERACION/2Terminales/0Oficinas/td_1Bogota - CIEL")): Object: 'Object Repository/DIGITURNO/OPERACION/2Terminales/0Oficinas/td_1Bogota - CIEL' is clicked on

2023-08-14 13:59:36 - [MESSAGE][PASSED] - Object: 'Object Repository/DIGITURNO/OPERACION/2Terminales/0Oficinas/td_1Bogota - CIEL' is clicked on

2023-08-14 13:59:36 - [TEST_STEP][PASSED] - delay(3): Delayed 3 second(s)

2023-08-14 13:59:39 - [MESSAGE][PASSED] - Delayed 3 second(s)

2023-08-14 13:59:39 - [TEST_STEP][PASSED] - click(findTestObject("DIGITURNO/OPERACION/2Terminales/0Terminales (Menos WorkFlow)/td_1 - Terminal - Informacion")): Object: 'Object Repository/DIGITURNO/OPERACION/2Terminales/0Terminales (Menos WorkFlow)/td_1 - Terminal - Informacion' is clicked on

2023-08-14 13:59:39 - [MESSAGE][PASSED] - Object: 'Object Repository/DIGITURNO/OPERACION/2Terminales/0Terminales (Menos WorkFlow)/td_1 - Terminal - Informacion' is clicked on

2023-08-14 13:59:39 - [TEST_STEP][PASSED] - delay(3): Delayed 3 second(s)

2023-08-14 13:59:42 - [MESSAGE][PASSED] - Delayed 3 second(s)

2023-08-14 13:59:42 - [TEST_STEP][PASSED] - switchToWindowIndex(1): Switched to window with index: '1'

2023-08-14 13:59:42 - [MESSAGE][PASSED] - Switched to window with index: '1'

2023-08-14 13:59:42 - [TEST_STEP][PASSED] - delay(2): Delayed 2 second(s)

2023-08-14 13:59:45 - [MESSAGE][PASSED] - Delayed 2 second(s)

2023-08-14 13:59:45 - [TEST_STEP][PASSED] - click(findTestObject("DIGITURNO/OPERACION/2Terminales/Terminal/img_Llamar")): Object: 'Object Repository/DIGITURNO/OPERACION/2Terminales/Terminal/img_Llamar' is clicked on

2023-08-14 13:59:45 - [MESSAGE][PASSED] - Object: 'Object Repository/DIGITURNO/OPERACION/2Terminales/Terminal/img_Llamar' is clicked on

2023-08-14 13:59:45 - [TEST_STEP][PASSED] - delay(3): Delayed 3 second(s)

2023-08-14 13:59:48 - [MESSAGE][PASSED] - Delayed 3 second(s)

2023-08-14 13:59:48 - [TEST_STEP][PASSED] - click(findTestObject("DIGITURNO/OPERACION/2Terminales/Terminal/img_Distraer")): Object: 'Object Repository/DIGITURNO/OPERACION/2Terminales/Terminal/img_Distraer' is clicked on

2023-08-14 13:59:49 - [MESSAGE][PASSED] - Object: 'Object Repository/DIGITURNO/OPERACION/2Terminales/Terminal/img_Distraer' is clicked on

2023-08-14 13:59:49 - [TEST_STEP][PASSED] - delay(3): Delayed 3 second(s)

2023-08-14 13:59:52 - [MESSAGE][PASSED] - Delayed 3 second(s)

2023-08-14 13:59:52 - [TEST_STEP][PASSED] - takeFullPageScreenshot(): Taking screenshot successfully

2023-08-14 13:59:53 - [MESSAGE][INFO] - 0 hidden object(s)

2023-08-14 13:59:53 - [MESSAGE][PASSED] - Taking screenshot successfully
[[ATTACHMENT|C:\\CIEL INGENIERIA\\Katalon\\Digiturno55\\Reports\\20230814_135312\\DIGITURNO\\OPERACION BASICA\\3 Distraer Turno\\20230814_135320\\1692039592899.png]]

2023-08-14 13:59:53 - [TEST_STEP][PASSED] - delay(3): Delayed 3 second(s)

2023-08-14 13:59:56 - [MESSAGE][PASSED] - Delayed 3 second(s)

2023-08-14 13:59:56 - [TEST_STEP][PASSED] - click(findTestObject("DIGITURNO/OPERACION/2Terminales/Terminal/img_Cerrar")): Object: 'Object Repository/DIGITURNO/OPERACION/2Terminales/Terminal/img_Cerrar' is clicked on

2023-08-14 13:59:57 - [MESSAGE][PASSED] - Object: 'Object Repository/DIGITURNO/OPERACION/2Terminales/Terminal/img_Cerrar' is clicked on

2023-08-14 13:59:57 - [TEST_STEP][PASSED] - delay(3): Delayed 3 second(s)

2023-08-14 14:00:00 - [MESSAGE][PASSED] - Delayed 3 second(s)

2023-08-14 14:00:00 - [TEST_STEP][PASSED] - click(findTestObject("DIGITURNO/OPERACION/2Terminales/Terminal/img_Cerrar(1)/btn_4FindeJornada_8")): Object: 'Object Repository/DIGITURNO/OPERACION/2Terminales/Terminal/img_Cerrar(1)/btn_4FindeJornada_8' is clicked on

2023-08-14 14:00:02 - [MESSAGE][PASSED] - Object: 'Object Repository/DIGITURNO/OPERACION/2Terminales/Terminal/img_Cerrar(1)/btn_4FindeJornada_8' is clicked on

2023-08-14 14:00:02 - [TEST_STEP][PASSED] - delay(3): Delayed 3 second(s)

2023-08-14 14:00:05 - [MESSAGE][PASSED] - Delayed 3 second(s)

2023-08-14 14:00:05 - [TEST_STEP][PASSED] - Start listener action : sampleAfterTestCase: null]]></system-out>
         <system-err><![CDATA[]]></system-err>
      </testcase>
      <system-out><![CDATA[2023-08-14 13:59:16 - [TEST_SUITE][PASSED] - 3 Distraer Turno: Test Cases/DIGITURNO/OPERACION BASICA/3 Distraer Turno]]></system-out>
      <system-err><![CDATA[]]></system-err>
   </testsuite>
</testsuites>
