<?xml version="1.0" encoding="UTF-8"?>
<testsuites name="16 Agregar Usuario" time="52.156" tests="1" failures="0" errors="0">
   <testsuite name="16 Agregar Usuario" tests="1" failures="0" errors="0" time="52.156" skipped="0" timestamp="2024-10-03 16:29:47" hostname="jdavila - PCPruebas101.ciel.cielingenieria.com" id="Test Suites/DIGITURNO/BASICO/16 Agregar Usuario">
      <properties>
         <property name="deviceName" value=""/>
         <property name="devicePlatform" value=""/>
         <property name="logFolder" value="C:\\CIEL INGENIERIA\\Katalon\\Digiturno55\\Reports\\20241003_162025\\DIGITURNO\\BASICO\\16 Agregar Usuario\\20241003_162043"/>
         <property name="logFiles" value="C:\\CIEL INGENIERIA\\Katalon\\Digiturno55\\Reports\\20241003_162025\\DIGITURNO\\BASICO\\16 Agregar Usuario\\20241003_162043\\execution0.log"/>
         <property name="attachments" value="C:\\CIEL INGENIERIA\\Katalon\\Digiturno55\\Reports\\20241003_162025\\DIGITURNO\\BASICO\\16 Agregar Usuario\\20241003_162043\\1727991007392.png"/>
         <property name="hostName" value="jdavila - PCPruebas101.ciel.cielingenieria.com"/>
         <property name="os" value="Windows 10 64bit"/>
         <property name="katalonVersion" value="8.6.9.208"/>
         <property name="browser" value="Chrome 129.0.0.0"/>
         <property name="hostAddress" value="192.168.91.13"/>
         <property name="sessionId" value="89879a6b068f32c383138e07e390a5f2"/>
         <property name="seleniumVersion" value="3.141.59"/>
         <property name="proxyInformation" value="ProxyInformation { proxyOption=NO_PROXY, proxyServerType=HTTP, username=, password=********, proxyServerAddress=, proxyServerPort=0, executionList=&quot;&quot;, isApplyToDesiredCapabilities=true }"/>
         <property name="platform" value="Windows 10"/>
      </properties>
      <testcase name="Test Cases/DIGITURNO/BASICO/16 Agregar Usuario" time="51.846" classname="Test Cases/DIGITURNO/BASICO/16 Agregar Usuario" status="PASSED">
         <system-out><![CDATA[2024-10-03 16:29:47 - [TEST_CASE][PASSED] - Test Cases/DIGITURNO/BASICO/16 Agregar Usuario: Test Cases/DIGITURNO/BASICO/16 Agregar Usuario

2024-10-03 16:29:47 - [TEST_STEP][PASSED] - callTestCase(findTestCase("DIGITURNO/BASICO/5 Usuarios"), [:], STOP_ON_FAILURE): Call Test Case 'Test Cases/DIGITURNO/BASICO/5 Usuarios' successfully

2024-10-03 16:29:47 - [TEST_CASE][PASSED] - Test Cases/DIGITURNO/BASICO/5 Usuarios: Test Cases/DIGITURNO/BASICO/5 Usuarios

2024-10-03 16:29:48 - [TEST_STEP][PASSED] - callTestCase(findTestCase("0InicioSesion"), [:], STOP_ON_FAILURE): Call Test Case 'Test Cases/0InicioSesion' successfully

2024-10-03 16:29:48 - [TEST_CASE][PASSED] - Test Cases/0InicioSesion: Test Cases/0InicioSesion

2024-10-03 16:29:48 - [TEST_STEP][PASSED] - openBrowser(UrlDigiturno): Browser is opened with url: 'https://PCPruebas101.ciel.cielingenieria.com:8910'

2024-10-03 16:29:49 - [MESSAGE][INFO] - Starting 'Chrome' driver

2024-10-03 16:29:49 - [MESSAGE][INFO] - User set preference: ['args', '[--use-fake-ui-for-media-stream, --disable-notifications]']

2024-10-03 16:29:49 - [MESSAGE][INFO] - Action delay is set to 0 milliseconds

2024-10-03 16:29:52 - [MESSAGE][PASSED] - Browser is opened with url: 'https://PCPruebas101.ciel.cielingenieria.com:8910'

2024-10-03 16:29:52 - [TEST_STEP][PASSED] - maximizeWindow(): Current window maximized

2024-10-03 16:29:52 - [MESSAGE][PASSED] - Current window maximized

2024-10-03 16:29:52 - [TEST_STEP][PASSED] - delay(3): Delayed 3 second(s)

2024-10-03 16:29:55 - [MESSAGE][PASSED] - Delayed 3 second(s)

2024-10-03 16:29:55 - [TEST_STEP][PASSED] - setText(findTestObject("0Inicio Sesion/input_Usuario"), "Ciel"): Text 'Ciel' is set on object 'Object Repository/0Inicio Sesion/input_Usuario'

2024-10-03 16:29:56 - [MESSAGE][PASSED] - Text 'Ciel' is set on object 'Object Repository/0Inicio Sesion/input_Usuario'

2024-10-03 16:29:56 - [TEST_STEP][PASSED] - setText(findTestObject("0Inicio Sesion/input_Clave"), "digiturno"): Text 'digiturno' is set on object 'Object Repository/0Inicio Sesion/input_Clave'

2024-10-03 16:29:56 - [MESSAGE][PASSED] - Text 'digiturno' is set on object 'Object Repository/0Inicio Sesion/input_Clave'

2024-10-03 16:29:56 - [TEST_STEP][PASSED] - click(findTestObject("0Inicio Sesion/btn_IniciarSesion")): Object: 'Object Repository/0Inicio Sesion/btn_IniciarSesion' is clicked on

2024-10-03 16:29:57 - [MESSAGE][PASSED] - Object: 'Object Repository/0Inicio Sesion/btn_IniciarSesion' is clicked on

2024-10-03 16:29:57 - [TEST_STEP][PASSED] - delay(3): Delayed 3 second(s)

2024-10-03 16:30:00 - [MESSAGE][PASSED] - Delayed 3 second(s)

2024-10-03 16:30:00 - [MESSAGE][PASSED] - Call Test Case 'Test Cases/0InicioSesion' successfully

2024-10-03 16:30:00 - [TEST_STEP][PASSED] - click(findTestObject("DIGITURNO/1Principal/img_Configuracion(1)")): Object: 'Object Repository/DIGITURNO/1Principal/img_Configuracion(1)' is clicked on

2024-10-03 16:30:00 - [MESSAGE][PASSED] - Object: 'Object Repository/DIGITURNO/1Principal/img_Configuracion(1)' is clicked on

2024-10-03 16:30:00 - [TEST_STEP][PASSED] - delay(3): Delayed 3 second(s)

2024-10-03 16:30:03 - [MESSAGE][PASSED] - Delayed 3 second(s)

2024-10-03 16:30:03 - [TEST_STEP][PASSED] - click(findTestObject("DIGITURNO/CONFIGURACION/0Principal/img_4Usuarios")): Object: 'Object Repository/DIGITURNO/CONFIGURACION/0Principal/img_4Usuarios' is clicked on

2024-10-03 16:30:04 - [MESSAGE][PASSED] - Object: 'Object Repository/DIGITURNO/CONFIGURACION/0Principal/img_4Usuarios' is clicked on

2024-10-03 16:30:04 - [TEST_STEP][PASSED] - delay(3): Delayed 3 second(s)

2024-10-03 16:30:07 - [MESSAGE][PASSED] - Delayed 3 second(s)

2024-10-03 16:30:07 - [TEST_STEP][PASSED] - takeFullPageScreenshot(STOP_ON_FAILURE): Taking screenshot successfully

2024-10-03 16:30:07 - [MESSAGE][INFO] - 0 hidden object(s)

2024-10-03 16:30:07 - [MESSAGE][PASSED] - Taking screenshot successfully
[[ATTACHMENT|C:\\CIEL INGENIERIA\\Katalon\\Digiturno55\\Reports\\20241003_162025\\DIGITURNO\\BASICO\\16 Agregar Usuario\\20241003_162043\\1727991007392.png]]

2024-10-03 16:30:07 - [TEST_STEP][PASSED] - delay(3): Delayed 3 second(s)

2024-10-03 16:30:10 - [MESSAGE][PASSED] - Delayed 3 second(s)

2024-10-03 16:30:10 - [MESSAGE][PASSED] - Call Test Case 'Test Cases/DIGITURNO/BASICO/5 Usuarios' successfully

2024-10-03 16:30:10 - [TEST_STEP][PASSED] - delay(3): Delayed 3 second(s)

2024-10-03 16:30:13 - [MESSAGE][PASSED] - Delayed 3 second(s)

2024-10-03 16:30:13 - [TEST_STEP][PASSED] - click(findTestObject("DIGITURNO/CONFIGURACION/4Usuarios/0Principal/img_4Agregar Usuarios")): Object: 'Object Repository/DIGITURNO/CONFIGURACION/4Usuarios/0Principal/img_4Agregar Usuarios' is clicked on

2024-10-03 16:30:14 - [MESSAGE][PASSED] - Object: 'Object Repository/DIGITURNO/CONFIGURACION/4Usuarios/0Principal/img_4Agregar Usuarios' is clicked on

2024-10-03 16:30:14 - [TEST_STEP][PASSED] - delay(3): Delayed 3 second(s)

2024-10-03 16:30:17 - [MESSAGE][PASSED] - Delayed 3 second(s)

2024-10-03 16:30:17 - [TEST_STEP][PASSED] - setText(findTestObject("DIGITURNO/CONFIGURACION/4Usuarios/4Agregar Usuarios/Informacion Principal/input_Usuario"), "Usuario de Prueba"): Text 'Usuario de Prueba' is set on object 'Object Repository/DIGITURNO/CONFIGURACION/4Usuarios/4Agregar Usuarios/Informacion Principal/input_Usuario'

2024-10-03 16:30:18 - [MESSAGE][PASSED] - Text 'Usuario de Prueba' is set on object 'Object Repository/DIGITURNO/CONFIGURACION/4Usuarios/4Agregar Usuarios/Informacion Principal/input_Usuario'

2024-10-03 16:30:18 - [TEST_STEP][PASSED] - selectOptionByLabel(findTestObject("DIGITURNO/CONFIGURACION/4Usuarios/4Agregar Usuarios/Informacion Principal/select_Perfil"), "Consulta", false): All options with label 'Consulta' are selected in object 'Object Repository/DIGITURNO/CONFIGURACION/4Usuarios/4Agregar Usuarios/Informacion Principal/select_Perfil' 

2024-10-03 16:30:19 - [MESSAGE][PASSED] - All options with label 'Consulta' are selected in object 'Object Repository/DIGITURNO/CONFIGURACION/4Usuarios/4Agregar Usuarios/Informacion Principal/select_Perfil' 

2024-10-03 16:30:19 - [TEST_STEP][PASSED] - delay(2): Delayed 2 second(s)

2024-10-03 16:30:21 - [MESSAGE][PASSED] - Delayed 2 second(s)

2024-10-03 16:30:21 - [TEST_STEP][PASSED] - setText(findTestObject("DIGITURNO/CONFIGURACION/4Usuarios/4Agregar Usuarios/Informacion Principal/input_Nombre a mostrar"), "Prueba"): Text 'Prueba' is set on object 'Object Repository/DIGITURNO/CONFIGURACION/4Usuarios/4Agregar Usuarios/Informacion Principal/input_Nombre a mostrar'

2024-10-03 16:30:22 - [MESSAGE][PASSED] - Text 'Prueba' is set on object 'Object Repository/DIGITURNO/CONFIGURACION/4Usuarios/4Agregar Usuarios/Informacion Principal/input_Nombre a mostrar'

2024-10-03 16:30:22 - [TEST_STEP][PASSED] - setText(findTestObject("DIGITURNO/CONFIGURACION/4Usuarios/4Agregar Usuarios/Informacion Principal/input_Correo"), "prueba@gmail.com"): Text 'prueba@gmail.com' is set on object 'Object Repository/DIGITURNO/CONFIGURACION/4Usuarios/4Agregar Usuarios/Informacion Principal/input_Correo'

2024-10-03 16:30:22 - [MESSAGE][PASSED] - Text 'prueba@gmail.com' is set on object 'Object Repository/DIGITURNO/CONFIGURACION/4Usuarios/4Agregar Usuarios/Informacion Principal/input_Correo'

2024-10-03 16:30:22 - [TEST_STEP][PASSED] - setText(findTestObject("DIGITURNO/CONFIGURACION/4Usuarios/4Agregar Usuarios/Informacion Principal/input_NumeroCelular"), "1234567"): Text '1234567' is set on object 'Object Repository/DIGITURNO/CONFIGURACION/4Usuarios/4Agregar Usuarios/Informacion Principal/input_NumeroCelular'

2024-10-03 16:30:23 - [MESSAGE][PASSED] - Text '1234567' is set on object 'Object Repository/DIGITURNO/CONFIGURACION/4Usuarios/4Agregar Usuarios/Informacion Principal/input_NumeroCelular'

2024-10-03 16:30:23 - [TEST_STEP][PASSED] - selectOptionByIndex(findTestObject("DIGITURNO/CONFIGURACION/4Usuarios/4Agregar Usuarios/Informacion Principal/select_Pais"), "1", STOP_ON_FAILURE): All options with index in [1] are selected on object 'Object Repository/DIGITURNO/CONFIGURACION/4Usuarios/4Agregar Usuarios/Informacion Principal/select_Pais'

2024-10-03 16:30:24 - [MESSAGE][PASSED] - All options with index in [1] are selected on object 'Object Repository/DIGITURNO/CONFIGURACION/4Usuarios/4Agregar Usuarios/Informacion Principal/select_Pais'

2024-10-03 16:30:24 - [TEST_STEP][PASSED] - delay(2): Delayed 2 second(s)

2024-10-03 16:30:26 - [MESSAGE][PASSED] - Delayed 2 second(s)

2024-10-03 16:30:26 - [TEST_STEP][PASSED] - selectOptionByIndex(findTestObject("DIGITURNO/CONFIGURACION/4Usuarios/4Agregar Usuarios/Informacion Principal/select_Departamento"), "1", STOP_ON_FAILURE): All options with index in [1] are selected on object 'Object Repository/DIGITURNO/CONFIGURACION/4Usuarios/4Agregar Usuarios/Informacion Principal/select_Departamento'

2024-10-03 16:30:27 - [MESSAGE][PASSED] - All options with index in [1] are selected on object 'Object Repository/DIGITURNO/CONFIGURACION/4Usuarios/4Agregar Usuarios/Informacion Principal/select_Departamento'

2024-10-03 16:30:27 - [TEST_STEP][PASSED] - delay(2): Delayed 2 second(s)

2024-10-03 16:30:29 - [MESSAGE][PASSED] - Delayed 2 second(s)

2024-10-03 16:30:29 - [TEST_STEP][PASSED] - selectOptionByIndex(findTestObject("DIGITURNO/CONFIGURACION/4Usuarios/4Agregar Usuarios/Informacion Principal/select_Ciudad"), "1", STOP_ON_FAILURE): All options with index in [1] are selected on object 'Object Repository/DIGITURNO/CONFIGURACION/4Usuarios/4Agregar Usuarios/Informacion Principal/select_Ciudad'

2024-10-03 16:30:30 - [MESSAGE][PASSED] - All options with index in [1] are selected on object 'Object Repository/DIGITURNO/CONFIGURACION/4Usuarios/4Agregar Usuarios/Informacion Principal/select_Ciudad'

2024-10-03 16:30:30 - [TEST_STEP][PASSED] - delay(2): Delayed 2 second(s)

2024-10-03 16:30:32 - [MESSAGE][PASSED] - Delayed 2 second(s)

2024-10-03 16:30:32 - [TEST_STEP][PASSED] - selectOptionByIndex(findTestObject("DIGITURNO/CONFIGURACION/4Usuarios/4Agregar Usuarios/Informacion Principal/select_Oficina"), "1", STOP_ON_FAILURE): All options with index in [1] are selected on object 'Object Repository/DIGITURNO/CONFIGURACION/4Usuarios/4Agregar Usuarios/Informacion Principal/select_Oficina'

2024-10-03 16:30:33 - [MESSAGE][PASSED] - All options with index in [1] are selected on object 'Object Repository/DIGITURNO/CONFIGURACION/4Usuarios/4Agregar Usuarios/Informacion Principal/select_Oficina'

2024-10-03 16:30:33 - [TEST_STEP][PASSED] - delay(2): Delayed 2 second(s)

2024-10-03 16:30:35 - [MESSAGE][PASSED] - Delayed 2 second(s)

2024-10-03 16:30:35 - [TEST_STEP][PASSED] - click(findTestObject("DIGITURNO/CONFIGURACION/4Usuarios/4Agregar Usuarios/Informacion Principal/img_Nuevo")): Object: 'Object Repository/DIGITURNO/CONFIGURACION/4Usuarios/4Agregar Usuarios/Informacion Principal/img_Nuevo' is clicked on

2024-10-03 16:30:36 - [MESSAGE][PASSED] - Object: 'Object Repository/DIGITURNO/CONFIGURACION/4Usuarios/4Agregar Usuarios/Informacion Principal/img_Nuevo' is clicked on

2024-10-03 16:30:36 - [TEST_STEP][PASSED] - delay(3): Delayed 3 second(s)

2024-10-03 16:30:39 - [MESSAGE][PASSED] - Delayed 3 second(s)

2024-10-03 16:30:39 - [TEST_STEP][PASSED] - Start listener action : sampleAfterTestCase: null]]></system-out>
         <system-err><![CDATA[]]></system-err>
      </testcase>
      <system-out><![CDATA[2024-10-03 16:29:47 - [TEST_SUITE][PASSED] - 16 Agregar Usuario: Test Cases/DIGITURNO/BASICO/16 Agregar Usuario]]></system-out>
      <system-err><![CDATA[]]></system-err>
   </testsuite>
</testsuites>
