<?xml version="1.0" encoding="UTF-8"?>
<testsuites name="4.3 Crear Elementos Geograficos Ciudades" time="63.325" tests="1" failures="0" errors="0">
   <testsuite name="4.3 Crear Elementos Geograficos Ciudades" tests="1" failures="0" errors="0" time="63.325" skipped="0" timestamp="2024-04-02 14:36:42" hostname="jdavila - PCPruebas101.ciel.cielingenieria.com" id="Test Suites/WIZARD/2Estructura Geografica/4.3 Crear Elementos Geograficos Ciudades">
      <properties>
         <property name="deviceName" value=""/>
         <property name="devicePlatform" value=""/>
         <property name="logFolder" value="C:\\CIEL INGENIERIA\\Katalon\\Digiturno55\\Reports\\20240402_143319\\WIZARD\\2Estructura Geografica\\4.3 Crear Elementos Geograficos Ciudades\\20240402_143326"/>
         <property name="logFiles" value="C:\\CIEL INGENIERIA\\Katalon\\Digiturno55\\Reports\\20240402_143319\\WIZARD\\2Estructura Geografica\\4.3 Crear Elementos Geograficos Ciudades\\20240402_143326\\execution0.log"/>
         <property name="attachments" value="C:\\CIEL INGENIERIA\\Katalon\\Digiturno55\\Reports\\20240402_143319\\WIZARD\\2Estructura Geografica\\4.3 Crear Elementos Geograficos Ciudades\\20240402_143326\\1712086661836.png"/>
         <property name="hostName" value="jdavila - PCPruebas101.ciel.cielingenieria.com"/>
         <property name="os" value="Windows 10 64bit"/>
         <property name="katalonVersion" value="8.6.9.208"/>
         <property name="browser" value="Chrome 123.0.0.0"/>
         <property name="hostAddress" value="192.168.91.18"/>
         <property name="sessionId" value="f70c3bb6c9ab58993f5d229a9e7ad986"/>
         <property name="seleniumVersion" value="3.141.59"/>
         <property name="proxyInformation" value="ProxyInformation { proxyOption=NO_PROXY, proxyServerType=HTTP, username=, password=********, proxyServerAddress=, proxyServerPort=0, executionList=&quot;&quot;, isApplyToDesiredCapabilities=true }"/>
         <property name="platform" value="Windows 10"/>
      </properties>
      <testcase name="Test Cases/WIZARD/2Estructura Geografica/4.3 Crear Elementos Geograficos Ciudades" time="63.074" classname="Test Cases/WIZARD/2Estructura Geografica/4.3 Crear Elementos Geograficos Ciudades" status="PASSED">
         <system-out><![CDATA[2024-04-02 14:36:42 - [TEST_CASE][PASSED] - Test Cases/WIZARD/2Estructura Geografica/4.3 Crear Elementos Geograficos Ciudades: Test Cases/WIZARD/2Estructura Geografica/4.3 Crear Elementos Geograficos Ciudades

2024-04-02 14:36:42 - [TEST_STEP][PASSED] - callTestCase(findTestCase("0InicioSesion"), [:], STOP_ON_FAILURE): Call Test Case 'Test Cases/0InicioSesion' successfully

2024-04-02 14:36:43 - [TEST_CASE][PASSED] - Test Cases/0InicioSesion: Test Cases/0InicioSesion

2024-04-02 14:36:43 - [TEST_STEP][PASSED] - openBrowser(UrlDigiturno): Browser is opened with url: 'https://PCPruebas101.ciel.cielingenieria.com:8910'

2024-04-02 14:36:43 - [MESSAGE][INFO] - Starting 'Chrome' driver

2024-04-02 14:36:43 - [MESSAGE][INFO] - User set preference: ['args', '[--use-fake-ui-for-media-stream, --disable-notifications]']

2024-04-02 14:36:43 - [MESSAGE][INFO] - Action delay is set to 0 milliseconds

2024-04-02 14:36:46 - [MESSAGE][PASSED] - Browser is opened with url: 'https://PCPruebas101.ciel.cielingenieria.com:8910'

2024-04-02 14:36:46 - [TEST_STEP][PASSED] - maximizeWindow(): Current window maximized

2024-04-02 14:36:46 - [MESSAGE][PASSED] - Current window maximized

2024-04-02 14:36:46 - [TEST_STEP][PASSED] - delay(3): Delayed 3 second(s)

2024-04-02 14:36:49 - [MESSAGE][PASSED] - Delayed 3 second(s)

2024-04-02 14:36:49 - [TEST_STEP][PASSED] - setText(findTestObject("0Inicio Sesion/input_Usuario"), "Ciel"): Text 'Ciel' is set on object 'Object Repository/0Inicio Sesion/input_Usuario'

2024-04-02 14:36:50 - [MESSAGE][PASSED] - Text 'Ciel' is set on object 'Object Repository/0Inicio Sesion/input_Usuario'

2024-04-02 14:36:50 - [TEST_STEP][PASSED] - setText(findTestObject("0Inicio Sesion/input_Clave"), "digiturno"): Text 'digiturno' is set on object 'Object Repository/0Inicio Sesion/input_Clave'

2024-04-02 14:36:51 - [MESSAGE][PASSED] - Text 'digiturno' is set on object 'Object Repository/0Inicio Sesion/input_Clave'

2024-04-02 14:36:51 - [TEST_STEP][PASSED] - click(findTestObject("0Inicio Sesion/btn_IniciarSesion")): Object: 'Object Repository/0Inicio Sesion/btn_IniciarSesion' is clicked on

2024-04-02 14:36:51 - [MESSAGE][PASSED] - Object: 'Object Repository/0Inicio Sesion/btn_IniciarSesion' is clicked on

2024-04-02 14:36:51 - [TEST_STEP][PASSED] - delay(3): Delayed 3 second(s)

2024-04-02 14:36:54 - [MESSAGE][PASSED] - Delayed 3 second(s)

2024-04-02 14:36:54 - [MESSAGE][PASSED] - Call Test Case 'Test Cases/0InicioSesion' successfully

2024-04-02 14:36:54 - [TEST_STEP][PASSED] - click(findTestObject("WIZARD/0Principal/img_EstructuraGeograficaMAX")): Object: 'Object Repository/WIZARD/0Principal/img_EstructuraGeograficaMAX' is clicked on

2024-04-02 14:36:55 - [MESSAGE][PASSED] - Object: 'Object Repository/WIZARD/0Principal/img_EstructuraGeograficaMAX' is clicked on

2024-04-02 14:36:55 - [TEST_STEP][PASSED] - delay(3): Delayed 3 second(s)

2024-04-02 14:36:58 - [MESSAGE][PASSED] - Delayed 3 second(s)

2024-04-02 14:36:58 - [TEST_STEP][PASSED] - click(findTestObject("WIZARD/2Estructura Geografica/0Arbol Geografico/span_Elementos geograficos")): Object: 'Object Repository/WIZARD/2Estructura Geografica/0Arbol Geografico/span_Elementos geograficos' is clicked on

2024-04-02 14:36:58 - [MESSAGE][PASSED] - Object: 'Object Repository/WIZARD/2Estructura Geografica/0Arbol Geografico/span_Elementos geograficos' is clicked on

2024-04-02 14:36:59 - [TEST_STEP][PASSED] - delay(3): Delayed 3 second(s)

2024-04-02 14:37:02 - [MESSAGE][PASSED] - Delayed 3 second(s)

2024-04-02 14:37:02 - [TEST_STEP][PASSED] - click(findTestObject("WIZARD/2Estructura Geografica/2Elementos Geograficos/Niveles Geograficos/option_Departamento")): Object: 'Object Repository/WIZARD/2Estructura Geografica/2Elementos Geograficos/Niveles Geograficos/option_Departamento' is clicked on

2024-04-02 14:37:02 - [MESSAGE][PASSED] - Object: 'Object Repository/WIZARD/2Estructura Geografica/2Elementos Geograficos/Niveles Geograficos/option_Departamento' is clicked on

2024-04-02 14:37:02 - [TEST_STEP][PASSED] - click(findTestObject("WIZARD/2Estructura Geografica/2Elementos Geograficos/Niveles Geograficos/option_Ciudad")): Object: 'Object Repository/WIZARD/2Estructura Geografica/2Elementos Geograficos/Niveles Geograficos/option_Ciudad' is clicked on

2024-04-02 14:37:03 - [MESSAGE][PASSED] - Object: 'Object Repository/WIZARD/2Estructura Geografica/2Elementos Geograficos/Niveles Geograficos/option_Ciudad' is clicked on

2024-04-02 14:37:03 - [TEST_STEP][PASSED] - selectOptionByLabel(findTestObject("WIZARD/2Estructura Geografica/2Elementos Geograficos/Elementos Geograficos/select_Nombre nivel"), "Cundinamarca", false): All options with label 'Cundinamarca' are selected in object 'Object Repository/WIZARD/2Estructura Geografica/2Elementos Geograficos/Elementos Geograficos/select_Nombre nivel' 

2024-04-02 14:37:03 - [MESSAGE][PASSED] - All options with label 'Cundinamarca' are selected in object 'Object Repository/WIZARD/2Estructura Geografica/2Elementos Geograficos/Elementos Geograficos/select_Nombre nivel' 

2024-04-02 14:37:03 - [TEST_STEP][PASSED] - setText(findTestObject("WIZARD/2Estructura Geografica/2Elementos Geograficos/Edicion Elemento Geografico/input_Nombre elemento"), "Bogota"): Text 'Bogota' is set on object 'Object Repository/WIZARD/2Estructura Geografica/2Elementos Geograficos/Edicion Elemento Geografico/input_Nombre elemento'

2024-04-02 14:37:04 - [MESSAGE][PASSED] - Text 'Bogota' is set on object 'Object Repository/WIZARD/2Estructura Geografica/2Elementos Geograficos/Edicion Elemento Geografico/input_Nombre elemento'

2024-04-02 14:37:04 - [TEST_STEP][PASSED] - click(findTestObject("WIZARD/2Estructura Geografica/2Elementos Geograficos/Edicion Elemento Geografico/btn_Nuevo")): Object: 'Object Repository/WIZARD/2Estructura Geografica/2Elementos Geograficos/Edicion Elemento Geografico/btn_Nuevo' is clicked on

2024-04-02 14:37:05 - [MESSAGE][PASSED] - Object: 'Object Repository/WIZARD/2Estructura Geografica/2Elementos Geograficos/Edicion Elemento Geografico/btn_Nuevo' is clicked on

2024-04-02 14:37:05 - [TEST_STEP][PASSED] - delay(3): Delayed 3 second(s)

2024-04-02 14:37:08 - [MESSAGE][PASSED] - Delayed 3 second(s)

2024-04-02 14:37:08 - [TEST_STEP][PASSED] - click(findTestObject("WIZARD/2Estructura Geografica/2Elementos Geograficos/Niveles Geograficos/option_Ciudad")): Object: 'Object Repository/WIZARD/2Estructura Geografica/2Elementos Geograficos/Niveles Geograficos/option_Ciudad' is clicked on

2024-04-02 14:37:08 - [MESSAGE][PASSED] - Object: 'Object Repository/WIZARD/2Estructura Geografica/2Elementos Geograficos/Niveles Geograficos/option_Ciudad' is clicked on

2024-04-02 14:37:08 - [TEST_STEP][PASSED] - selectOptionByLabel(findTestObject("WIZARD/2Estructura Geografica/2Elementos Geograficos/Elementos Geograficos/select_Nombre nivel"), "Valle del Cauca", false): All options with label 'Valle del Cauca' are selected in object 'Object Repository/WIZARD/2Estructura Geografica/2Elementos Geograficos/Elementos Geograficos/select_Nombre nivel' 

2024-04-02 14:37:09 - [MESSAGE][PASSED] - All options with label 'Valle del Cauca' are selected in object 'Object Repository/WIZARD/2Estructura Geografica/2Elementos Geograficos/Elementos Geograficos/select_Nombre nivel' 

2024-04-02 14:37:09 - [TEST_STEP][PASSED] - setText(findTestObject("WIZARD/2Estructura Geografica/2Elementos Geograficos/Edicion Elemento Geografico/input_Nombre elemento"), "Cali"): Text 'Cali' is set on object 'Object Repository/WIZARD/2Estructura Geografica/2Elementos Geograficos/Edicion Elemento Geografico/input_Nombre elemento'

2024-04-02 14:37:10 - [MESSAGE][PASSED] - Text 'Cali' is set on object 'Object Repository/WIZARD/2Estructura Geografica/2Elementos Geograficos/Edicion Elemento Geografico/input_Nombre elemento'

2024-04-02 14:37:10 - [TEST_STEP][PASSED] - click(findTestObject("WIZARD/2Estructura Geografica/2Elementos Geograficos/Edicion Elemento Geografico/btn_Nuevo")): Object: 'Object Repository/WIZARD/2Estructura Geografica/2Elementos Geograficos/Edicion Elemento Geografico/btn_Nuevo' is clicked on

2024-04-02 14:37:10 - [MESSAGE][PASSED] - Object: 'Object Repository/WIZARD/2Estructura Geografica/2Elementos Geograficos/Edicion Elemento Geografico/btn_Nuevo' is clicked on

2024-04-02 14:37:10 - [TEST_STEP][PASSED] - delay(3): Delayed 3 second(s)

2024-04-02 14:37:13 - [MESSAGE][PASSED] - Delayed 3 second(s)

2024-04-02 14:37:13 - [TEST_STEP][PASSED] - click(findTestObject("WIZARD/2Estructura Geografica/2Elementos Geograficos/Niveles Geograficos/option_Ciudad")): Object: 'Object Repository/WIZARD/2Estructura Geografica/2Elementos Geograficos/Niveles Geograficos/option_Ciudad' is clicked on

2024-04-02 14:37:14 - [MESSAGE][PASSED] - Object: 'Object Repository/WIZARD/2Estructura Geografica/2Elementos Geograficos/Niveles Geograficos/option_Ciudad' is clicked on

2024-04-02 14:37:14 - [TEST_STEP][PASSED] - selectOptionByLabel(findTestObject("WIZARD/2Estructura Geografica/2Elementos Geograficos/Elementos Geograficos/select_Nombre nivel"), "Bolivar", false): All options with label 'Bolivar' are selected in object 'Object Repository/WIZARD/2Estructura Geografica/2Elementos Geograficos/Elementos Geograficos/select_Nombre nivel' 

2024-04-02 14:37:14 - [MESSAGE][PASSED] - All options with label 'Bolivar' are selected in object 'Object Repository/WIZARD/2Estructura Geografica/2Elementos Geograficos/Elementos Geograficos/select_Nombre nivel' 

2024-04-02 14:37:14 - [TEST_STEP][PASSED] - setText(findTestObject("WIZARD/2Estructura Geografica/2Elementos Geograficos/Edicion Elemento Geografico/input_Nombre elemento"), "Cartagena"): Text 'Cartagena' is set on object 'Object Repository/WIZARD/2Estructura Geografica/2Elementos Geograficos/Edicion Elemento Geografico/input_Nombre elemento'

2024-04-02 14:37:15 - [MESSAGE][PASSED] - Text 'Cartagena' is set on object 'Object Repository/WIZARD/2Estructura Geografica/2Elementos Geograficos/Edicion Elemento Geografico/input_Nombre elemento'

2024-04-02 14:37:15 - [TEST_STEP][PASSED] - click(findTestObject("WIZARD/2Estructura Geografica/2Elementos Geograficos/Edicion Elemento Geografico/btn_Nuevo")): Object: 'Object Repository/WIZARD/2Estructura Geografica/2Elementos Geograficos/Edicion Elemento Geografico/btn_Nuevo' is clicked on

2024-04-02 14:37:16 - [MESSAGE][PASSED] - Object: 'Object Repository/WIZARD/2Estructura Geografica/2Elementos Geograficos/Edicion Elemento Geografico/btn_Nuevo' is clicked on

2024-04-02 14:37:16 - [TEST_STEP][PASSED] - delay(3): Delayed 3 second(s)

2024-04-02 14:37:19 - [MESSAGE][PASSED] - Delayed 3 second(s)

2024-04-02 14:37:19 - [TEST_STEP][PASSED] - click(findTestObject("WIZARD/2Estructura Geografica/2Elementos Geograficos/Niveles Geograficos/option_Ciudad")): Object: 'Object Repository/WIZARD/2Estructura Geografica/2Elementos Geograficos/Niveles Geograficos/option_Ciudad' is clicked on

2024-04-02 14:37:19 - [MESSAGE][PASSED] - Object: 'Object Repository/WIZARD/2Estructura Geografica/2Elementos Geograficos/Niveles Geograficos/option_Ciudad' is clicked on

2024-04-02 14:37:19 - [TEST_STEP][PASSED] - selectOptionByLabel(findTestObject("WIZARD/2Estructura Geografica/2Elementos Geograficos/Elementos Geograficos/select_Nombre nivel"), "Caldas", false): All options with label 'Caldas' are selected in object 'Object Repository/WIZARD/2Estructura Geografica/2Elementos Geograficos/Elementos Geograficos/select_Nombre nivel' 

2024-04-02 14:37:20 - [MESSAGE][PASSED] - All options with label 'Caldas' are selected in object 'Object Repository/WIZARD/2Estructura Geografica/2Elementos Geograficos/Elementos Geograficos/select_Nombre nivel' 

2024-04-02 14:37:20 - [TEST_STEP][PASSED] - setText(findTestObject("WIZARD/2Estructura Geografica/2Elementos Geograficos/Edicion Elemento Geografico/input_Nombre elemento"), "Manizales"): Text 'Manizales' is set on object 'Object Repository/WIZARD/2Estructura Geografica/2Elementos Geograficos/Edicion Elemento Geografico/input_Nombre elemento'

2024-04-02 14:37:21 - [MESSAGE][PASSED] - Text 'Manizales' is set on object 'Object Repository/WIZARD/2Estructura Geografica/2Elementos Geograficos/Edicion Elemento Geografico/input_Nombre elemento'

2024-04-02 14:37:21 - [TEST_STEP][PASSED] - click(findTestObject("WIZARD/2Estructura Geografica/2Elementos Geograficos/Edicion Elemento Geografico/btn_Nuevo")): Object: 'Object Repository/WIZARD/2Estructura Geografica/2Elementos Geograficos/Edicion Elemento Geografico/btn_Nuevo' is clicked on

2024-04-02 14:37:21 - [MESSAGE][PASSED] - Object: 'Object Repository/WIZARD/2Estructura Geografica/2Elementos Geograficos/Edicion Elemento Geografico/btn_Nuevo' is clicked on

2024-04-02 14:37:21 - [TEST_STEP][PASSED] - delay(3): Delayed 3 second(s)

2024-04-02 14:37:24 - [MESSAGE][PASSED] - Delayed 3 second(s)

2024-04-02 14:37:24 - [TEST_STEP][PASSED] - click(findTestObject("WIZARD/2Estructura Geografica/2Elementos Geograficos/Niveles Geograficos/option_Ciudad")): Object: 'Object Repository/WIZARD/2Estructura Geografica/2Elementos Geograficos/Niveles Geograficos/option_Ciudad' is clicked on

2024-04-02 14:37:25 - [MESSAGE][PASSED] - Object: 'Object Repository/WIZARD/2Estructura Geografica/2Elementos Geograficos/Niveles Geograficos/option_Ciudad' is clicked on

2024-04-02 14:37:25 - [TEST_STEP][PASSED] - selectOptionByLabel(findTestObject("WIZARD/2Estructura Geografica/2Elementos Geograficos/Elementos Geograficos/select_Nombre nivel"), "Dpto Virtual", false): All options with label 'Dpto Virtual' are selected in object 'Object Repository/WIZARD/2Estructura Geografica/2Elementos Geograficos/Elementos Geograficos/select_Nombre nivel' 

2024-04-02 14:37:26 - [MESSAGE][PASSED] - All options with label 'Dpto Virtual' are selected in object 'Object Repository/WIZARD/2Estructura Geografica/2Elementos Geograficos/Elementos Geograficos/select_Nombre nivel' 

2024-04-02 14:37:26 - [TEST_STEP][PASSED] - setText(findTestObject("WIZARD/2Estructura Geografica/2Elementos Geograficos/Edicion Elemento Geografico/input_Nombre elemento"), "Virtual"): Text 'Virtual' is set on object 'Object Repository/WIZARD/2Estructura Geografica/2Elementos Geograficos/Edicion Elemento Geografico/input_Nombre elemento'

2024-04-02 14:37:27 - [MESSAGE][PASSED] - Text 'Virtual' is set on object 'Object Repository/WIZARD/2Estructura Geografica/2Elementos Geograficos/Edicion Elemento Geografico/input_Nombre elemento'

2024-04-02 14:37:27 - [TEST_STEP][PASSED] - click(findTestObject("WIZARD/2Estructura Geografica/2Elementos Geograficos/Edicion Elemento Geografico/btn_Nuevo")): Object: 'Object Repository/WIZARD/2Estructura Geografica/2Elementos Geograficos/Edicion Elemento Geografico/btn_Nuevo' is clicked on

2024-04-02 14:37:27 - [MESSAGE][PASSED] - Object: 'Object Repository/WIZARD/2Estructura Geografica/2Elementos Geograficos/Edicion Elemento Geografico/btn_Nuevo' is clicked on

2024-04-02 14:37:27 - [TEST_STEP][PASSED] - delay(3): Delayed 3 second(s)

2024-04-02 14:37:30 - [MESSAGE][PASSED] - Delayed 3 second(s)

2024-04-02 14:37:30 - [TEST_STEP][PASSED] - click(findTestObject("WIZARD/2Estructura Geografica/2Elementos Geograficos/Niveles Geograficos/option_Ciudad")): Object: 'Object Repository/WIZARD/2Estructura Geografica/2Elementos Geograficos/Niveles Geograficos/option_Ciudad' is clicked on

2024-04-02 14:37:31 - [MESSAGE][PASSED] - Object: 'Object Repository/WIZARD/2Estructura Geografica/2Elementos Geograficos/Niveles Geograficos/option_Ciudad' is clicked on

2024-04-02 14:37:31 - [TEST_STEP][PASSED] - selectOptionByLabel(findTestObject("WIZARD/2Estructura Geografica/2Elementos Geograficos/Elementos Geograficos/select_Nombre nivel"), "Dpto WorkFlow", false): All options with label 'Dpto WorkFlow' are selected in object 'Object Repository/WIZARD/2Estructura Geografica/2Elementos Geograficos/Elementos Geograficos/select_Nombre nivel' 

2024-04-02 14:37:31 - [MESSAGE][PASSED] - All options with label 'Dpto WorkFlow' are selected in object 'Object Repository/WIZARD/2Estructura Geografica/2Elementos Geograficos/Elementos Geograficos/select_Nombre nivel' 

2024-04-02 14:37:31 - [TEST_STEP][PASSED] - setText(findTestObject("WIZARD/2Estructura Geografica/2Elementos Geograficos/Edicion Elemento Geografico/input_Nombre elemento"), "WorkFlow"): Text 'WorkFlow' is set on object 'Object Repository/WIZARD/2Estructura Geografica/2Elementos Geograficos/Edicion Elemento Geografico/input_Nombre elemento'

2024-04-02 14:37:32 - [MESSAGE][PASSED] - Text 'WorkFlow' is set on object 'Object Repository/WIZARD/2Estructura Geografica/2Elementos Geograficos/Edicion Elemento Geografico/input_Nombre elemento'

2024-04-02 14:37:32 - [TEST_STEP][PASSED] - click(findTestObject("WIZARD/2Estructura Geografica/2Elementos Geograficos/Edicion Elemento Geografico/btn_Nuevo")): Object: 'Object Repository/WIZARD/2Estructura Geografica/2Elementos Geograficos/Edicion Elemento Geografico/btn_Nuevo' is clicked on

2024-04-02 14:37:33 - [MESSAGE][PASSED] - Object: 'Object Repository/WIZARD/2Estructura Geografica/2Elementos Geograficos/Edicion Elemento Geografico/btn_Nuevo' is clicked on

2024-04-02 14:37:33 - [TEST_STEP][PASSED] - delay(3): Delayed 3 second(s)

2024-04-02 14:37:36 - [MESSAGE][PASSED] - Delayed 3 second(s)

2024-04-02 14:37:36 - [TEST_STEP][PASSED] - click(findTestObject("WIZARD/2Estructura Geografica/2Elementos Geograficos/Niveles Geograficos/option_Ciudad")): Object: 'Object Repository/WIZARD/2Estructura Geografica/2Elementos Geograficos/Niveles Geograficos/option_Ciudad' is clicked on

2024-04-02 14:37:36 - [MESSAGE][PASSED] - Object: 'Object Repository/WIZARD/2Estructura Geografica/2Elementos Geograficos/Niveles Geograficos/option_Ciudad' is clicked on

2024-04-02 14:37:36 - [TEST_STEP][PASSED] - selectOptionByLabel(findTestObject("WIZARD/2Estructura Geografica/2Elementos Geograficos/Elementos Geograficos/select_Nombre nivel"), "Antioquia", false): All options with label 'Antioquia' are selected in object 'Object Repository/WIZARD/2Estructura Geografica/2Elementos Geograficos/Elementos Geograficos/select_Nombre nivel' 

2024-04-02 14:37:37 - [MESSAGE][PASSED] - All options with label 'Antioquia' are selected in object 'Object Repository/WIZARD/2Estructura Geografica/2Elementos Geograficos/Elementos Geograficos/select_Nombre nivel' 

2024-04-02 14:37:37 - [TEST_STEP][PASSED] - setText(findTestObject("WIZARD/2Estructura Geografica/2Elementos Geograficos/Edicion Elemento Geografico/input_Nombre elemento"), "Medellin"): Text 'Medellin' is set on object 'Object Repository/WIZARD/2Estructura Geografica/2Elementos Geograficos/Edicion Elemento Geografico/input_Nombre elemento'

2024-04-02 14:37:38 - [MESSAGE][PASSED] - Text 'Medellin' is set on object 'Object Repository/WIZARD/2Estructura Geografica/2Elementos Geograficos/Edicion Elemento Geografico/input_Nombre elemento'

2024-04-02 14:37:38 - [TEST_STEP][PASSED] - click(findTestObject("WIZARD/2Estructura Geografica/2Elementos Geograficos/Edicion Elemento Geografico/btn_Nuevo")): Object: 'Object Repository/WIZARD/2Estructura Geografica/2Elementos Geograficos/Edicion Elemento Geografico/btn_Nuevo' is clicked on

2024-04-02 14:37:38 - [MESSAGE][PASSED] - Object: 'Object Repository/WIZARD/2Estructura Geografica/2Elementos Geograficos/Edicion Elemento Geografico/btn_Nuevo' is clicked on

2024-04-02 14:37:38 - [TEST_STEP][PASSED] - delay(3): Delayed 3 second(s)

2024-04-02 14:37:41 - [MESSAGE][PASSED] - Delayed 3 second(s)

2024-04-02 14:37:41 - [TEST_STEP][PASSED] - takeFullPageScreenshot(): Taking screenshot successfully

2024-04-02 14:37:42 - [MESSAGE][INFO] - 0 hidden object(s)

2024-04-02 14:37:42 - [MESSAGE][PASSED] - Taking screenshot successfully
[[ATTACHMENT|C:\\CIEL INGENIERIA\\Katalon\\Digiturno55\\Reports\\20240402_143319\\WIZARD\\2Estructura Geografica\\4.3 Crear Elementos Geograficos Ciudades\\20240402_143326\\1712086661836.png]]

2024-04-02 14:37:42 - [TEST_STEP][PASSED] - delay(3): Delayed 3 second(s)

2024-04-02 14:37:45 - [MESSAGE][PASSED] - Delayed 3 second(s)

2024-04-02 14:37:45 - [TEST_STEP][PASSED] - Start listener action : sampleAfterTestCase: null]]></system-out>
         <system-err><![CDATA[]]></system-err>
      </testcase>
      <system-out><![CDATA[2024-04-02 14:36:42 - [TEST_SUITE][PASSED] - 4.3 Crear Elementos Geograficos Ciudades: Test Cases/WIZARD/2Estructura Geografica/4.3 Crear Elementos Geograficos Ciudades]]></system-out>
      <system-err><![CDATA[]]></system-err>
   </testsuite>
</testsuites>
