<?xml version="1.0" encoding="UTF-8"?>
<testsuites name="11 Paginas Activar y Desactivar" time="101.297" tests="2" failures="0" errors="0">
   <testsuite name="11 Paginas Activar y Desactivar" tests="2" failures="0" errors="0" time="101.297" skipped="0" timestamp="2024-10-03 16:23:10" hostname="jdavila - PCPruebas101.ciel.cielingenieria.com" id="Test Suites/DIGITURNO/BASICO/11 Paginas Activar y Desactivar">
      <properties>
         <property name="deviceName" value=""/>
         <property name="devicePlatform" value=""/>
         <property name="logFolder" value="C:\\CIEL INGENIERIA\\Katalon\\Digiturno55\\Reports\\20241003_162025\\DIGITURNO\\BASICO\\11 Paginas Activar y Desactivar\\20241003_162033"/>
         <property name="logFiles" value="C:\\CIEL INGENIERIA\\Katalon\\Digiturno55\\Reports\\20241003_162025\\DIGITURNO\\BASICO\\11 Paginas Activar y Desactivar\\20241003_162033\\execution0.log"/>
         <property name="attachments" value="C:\\CIEL INGENIERIA\\Katalon\\Digiturno55\\Reports\\20241003_162025\\DIGITURNO\\BASICO\\11 Paginas Activar y Desactivar\\20241003_162033\\1727990646835.png, C:\\CIEL INGENIERIA\\Katalon\\Digiturno55\\Reports\\20241003_162025\\DIGITURNO\\BASICO\\11 Paginas Activar y Desactivar\\20241003_162033\\1727990688396.png"/>
         <property name="hostName" value="jdavila - PCPruebas101.ciel.cielingenieria.com"/>
         <property name="os" value="Windows 10 64bit"/>
         <property name="katalonVersion" value="8.6.9.208"/>
         <property name="browser" value="Chrome 129.0.0.0"/>
         <property name="hostAddress" value="192.168.91.13"/>
         <property name="sessionId" value="ce83a8fa22ea071289955071ecb0a08d"/>
         <property name="seleniumVersion" value="3.141.59"/>
         <property name="proxyInformation" value="ProxyInformation { proxyOption=NO_PROXY, proxyServerType=HTTP, username=, password=********, proxyServerAddress=, proxyServerPort=0, executionList=&quot;&quot;, isApplyToDesiredCapabilities=true }"/>
         <property name="platform" value="Windows 10"/>
      </properties>
      <testcase name="Test Cases/DIGITURNO/BASICO/11 Paginas Activar o Desactivar" time="59.47" classname="Test Cases/DIGITURNO/BASICO/11 Paginas Activar o Desactivar" status="PASSED">
         <system-out><![CDATA[2024-10-03 16:23:10 - [TEST_CASE][PASSED] - Test Cases/DIGITURNO/BASICO/11 Paginas Activar o Desactivar: Test Cases/DIGITURNO/BASICO/11 Paginas Activar o Desactivar

2024-10-03 16:23:11 - [TEST_STEP][PASSED] - callTestCase(findTestCase("0InicioSesion"), [:], STOP_ON_FAILURE): Call Test Case 'Test Cases/0InicioSesion' successfully

2024-10-03 16:23:11 - [TEST_CASE][PASSED] - Test Cases/0InicioSesion: Test Cases/0InicioSesion

2024-10-03 16:23:11 - [TEST_STEP][PASSED] - openBrowser(UrlDigiturno): Browser is opened with url: 'https://PCPruebas101.ciel.cielingenieria.com:8910'

2024-10-03 16:23:12 - [MESSAGE][INFO] - Starting 'Chrome' driver

2024-10-03 16:23:12 - [MESSAGE][INFO] - User set preference: ['args', '[--use-fake-ui-for-media-stream, --disable-notifications]']

2024-10-03 16:23:12 - [MESSAGE][INFO] - Action delay is set to 0 milliseconds

2024-10-03 16:23:15 - [MESSAGE][PASSED] - Browser is opened with url: 'https://PCPruebas101.ciel.cielingenieria.com:8910'

2024-10-03 16:23:15 - [TEST_STEP][PASSED] - maximizeWindow(): Current window maximized

2024-10-03 16:23:15 - [MESSAGE][PASSED] - Current window maximized

2024-10-03 16:23:15 - [TEST_STEP][PASSED] - delay(3): Delayed 3 second(s)

2024-10-03 16:23:18 - [MESSAGE][PASSED] - Delayed 3 second(s)

2024-10-03 16:23:18 - [TEST_STEP][PASSED] - setText(findTestObject("0Inicio Sesion/input_Usuario"), "Ciel"): Text 'Ciel' is set on object 'Object Repository/0Inicio Sesion/input_Usuario'

2024-10-03 16:23:19 - [MESSAGE][PASSED] - Text 'Ciel' is set on object 'Object Repository/0Inicio Sesion/input_Usuario'

2024-10-03 16:23:19 - [TEST_STEP][PASSED] - setText(findTestObject("0Inicio Sesion/input_Clave"), "digiturno"): Text 'digiturno' is set on object 'Object Repository/0Inicio Sesion/input_Clave'

2024-10-03 16:23:19 - [MESSAGE][PASSED] - Text 'digiturno' is set on object 'Object Repository/0Inicio Sesion/input_Clave'

2024-10-03 16:23:19 - [TEST_STEP][PASSED] - click(findTestObject("0Inicio Sesion/btn_IniciarSesion")): Object: 'Object Repository/0Inicio Sesion/btn_IniciarSesion' is clicked on

2024-10-03 16:23:20 - [MESSAGE][PASSED] - Object: 'Object Repository/0Inicio Sesion/btn_IniciarSesion' is clicked on

2024-10-03 16:23:20 - [TEST_STEP][PASSED] - delay(3): Delayed 3 second(s)

2024-10-03 16:23:23 - [MESSAGE][PASSED] - Delayed 3 second(s)

2024-10-03 16:23:23 - [MESSAGE][PASSED] - Call Test Case 'Test Cases/0InicioSesion' successfully

2024-10-03 16:23:23 - [TEST_STEP][PASSED] - click(findTestObject("DIGITURNO/1Principal/img_Configuracion(1)")): Object: 'Object Repository/DIGITURNO/1Principal/img_Configuracion(1)' is clicked on

2024-10-03 16:23:24 - [MESSAGE][PASSED] - Object: 'Object Repository/DIGITURNO/1Principal/img_Configuracion(1)' is clicked on

2024-10-03 16:23:24 - [TEST_STEP][PASSED] - delay(3): Delayed 3 second(s)

2024-10-03 16:23:27 - [MESSAGE][PASSED] - Delayed 3 second(s)

2024-10-03 16:23:27 - [TEST_STEP][PASSED] - click(findTestObject("DIGITURNO/CONFIGURACION/0Principal/img_7Sistema")): Object: 'Object Repository/DIGITURNO/CONFIGURACION/0Principal/img_7Sistema' is clicked on

2024-10-03 16:23:42 - [MESSAGE][PASSED] - Object: 'Object Repository/DIGITURNO/CONFIGURACION/0Principal/img_7Sistema' is clicked on

2024-10-03 16:23:42 - [TEST_STEP][PASSED] - delay(3): Delayed 3 second(s)

2024-10-03 16:23:45 - [MESSAGE][PASSED] - Delayed 3 second(s)

2024-10-03 16:23:45 - [TEST_STEP][PASSED] - click(findTestObject("DIGITURNO/CONFIGURACION/7Sistema/0Principal/img_4 Paginas")): Object: 'Object Repository/DIGITURNO/CONFIGURACION/7Sistema/0Principal/img_4 Paginas' is clicked on

2024-10-03 16:23:46 - [MESSAGE][PASSED] - Object: 'Object Repository/DIGITURNO/CONFIGURACION/7Sistema/0Principal/img_4 Paginas' is clicked on

2024-10-03 16:23:46 - [TEST_STEP][PASSED] - delay(3): Delayed 3 second(s)

2024-10-03 16:23:49 - [MESSAGE][PASSED] - Delayed 3 second(s)

2024-10-03 16:23:49 - [TEST_STEP][PASSED] - setText(findTestObject("DIGITURNO/CONFIGURACION/7Sistema/4 Paginas/Lista de Paginas/input_TextoABuscar"), "31"): Text '31' is set on object 'Object Repository/DIGITURNO/CONFIGURACION/7Sistema/4 Paginas/Lista de Paginas/input_TextoABuscar'

2024-10-03 16:23:50 - [MESSAGE][PASSED] - Text '31' is set on object 'Object Repository/DIGITURNO/CONFIGURACION/7Sistema/4 Paginas/Lista de Paginas/input_TextoABuscar'

2024-10-03 16:23:50 - [TEST_STEP][PASSED] - delay(3): Delayed 3 second(s)

2024-10-03 16:23:53 - [MESSAGE][PASSED] - Delayed 3 second(s)

2024-10-03 16:23:53 - [TEST_STEP][PASSED] - click(findTestObject("DIGITURNO/CONFIGURACION/7Sistema/4 Paginas/Lista de Paginas/img_Editar"), STOP_ON_FAILURE): Object: 'Object Repository/DIGITURNO/CONFIGURACION/7Sistema/4 Paginas/Lista de Paginas/img_Editar' is clicked on

2024-10-03 16:23:54 - [MESSAGE][PASSED] - Object: 'Object Repository/DIGITURNO/CONFIGURACION/7Sistema/4 Paginas/Lista de Paginas/img_Editar' is clicked on

2024-10-03 16:23:54 - [TEST_STEP][PASSED] - delay(3): Delayed 3 second(s)

2024-10-03 16:23:57 - [MESSAGE][PASSED] - Delayed 3 second(s)

2024-10-03 16:23:57 - [TEST_STEP][PASSED] - check(findTestObject("DIGITURNO/CONFIGURACION/7Sistema/4 Paginas/Lista de Paginas/img_Editar(1)/label_Es visible"), STOP_ON_FAILURE): Object 'Object Repository/DIGITURNO/CONFIGURACION/7Sistema/4 Paginas/Lista de Paginas/img_Editar(1)/label_Es visible' is checked

2024-10-03 16:23:57 - [MESSAGE][PASSED] - Object 'Object Repository/DIGITURNO/CONFIGURACION/7Sistema/4 Paginas/Lista de Paginas/img_Editar(1)/label_Es visible' is checked

2024-10-03 16:23:57 - [TEST_STEP][PASSED] - delay(3): Delayed 3 second(s)

2024-10-03 16:24:00 - [MESSAGE][PASSED] - Delayed 3 second(s)

2024-10-03 16:24:00 - [TEST_STEP][PASSED] - click(findTestObject("DIGITURNO/CONFIGURACION/7Sistema/4 Paginas/Lista de Paginas/img_Editar(1)/img_icono Actualizar")): Object: 'Object Repository/DIGITURNO/CONFIGURACION/7Sistema/4 Paginas/Lista de Paginas/img_Editar(1)/img_icono Actualizar' is clicked on

2024-10-03 16:24:00 - [MESSAGE][PASSED] - Object: 'Object Repository/DIGITURNO/CONFIGURACION/7Sistema/4 Paginas/Lista de Paginas/img_Editar(1)/img_icono Actualizar' is clicked on

2024-10-03 16:24:00 - [TEST_STEP][PASSED] - delay(3): Delayed 3 second(s)

2024-10-03 16:24:03 - [MESSAGE][PASSED] - Delayed 3 second(s)

2024-10-03 16:24:03 - [TEST_STEP][PASSED] - back(): Navigate back successfully

2024-10-03 16:24:04 - [MESSAGE][PASSED] - Navigate back successfully

2024-10-03 16:24:04 - [TEST_STEP][PASSED] - back(): Navigate back successfully

2024-10-03 16:24:04 - [MESSAGE][PASSED] - Navigate back successfully

2024-10-03 16:24:04 - [TEST_STEP][PASSED] - back(): Navigate back successfully

2024-10-03 16:24:04 - [MESSAGE][PASSED] - Navigate back successfully

2024-10-03 16:24:04 - [TEST_STEP][PASSED] - click(findTestObject("DIGITURNO/1Principal/img_Configuracion(1)")): Object: 'Object Repository/DIGITURNO/1Principal/img_Configuracion(1)' is clicked on

2024-10-03 16:24:04 - [MESSAGE][PASSED] - Object: 'Object Repository/DIGITURNO/1Principal/img_Configuracion(1)' is clicked on

2024-10-03 16:24:04 - [TEST_STEP][PASSED] - delay(2): Delayed 2 second(s)

2024-10-03 16:24:06 - [MESSAGE][PASSED] - Delayed 2 second(s)

2024-10-03 16:24:06 - [TEST_STEP][PASSED] - takeFullPageScreenshot(): Taking screenshot successfully

2024-10-03 16:24:07 - [MESSAGE][INFO] - 0 hidden object(s)

2024-10-03 16:24:07 - [MESSAGE][PASSED] - Taking screenshot successfully
[[ATTACHMENT|C:\\CIEL INGENIERIA\\Katalon\\Digiturno55\\Reports\\20241003_162025\\DIGITURNO\\BASICO\\11 Paginas Activar y Desactivar\\20241003_162033\\1727990646835.png]]

2024-10-03 16:24:07 - [TEST_STEP][PASSED] - delay(3): Delayed 3 second(s)

2024-10-03 16:24:10 - [MESSAGE][PASSED] - Delayed 3 second(s)

2024-10-03 16:24:10 - [TEST_STEP][PASSED] - Start listener action : sampleAfterTestCase: null]]></system-out>
         <system-err><![CDATA[]]></system-err>
      </testcase>
      <testcase name="Test Cases/DIGITURNO/BASICO/11 Paginas Activar o Desactivar" time="41.499" classname="Test Cases/DIGITURNO/BASICO/11 Paginas Activar o Desactivar" status="PASSED">
         <system-out><![CDATA[2024-10-03 16:24:10 - [TEST_CASE][PASSED] - Test Cases/DIGITURNO/BASICO/11 Paginas Activar o Desactivar: Test Cases/DIGITURNO/BASICO/11 Paginas Activar o Desactivar

2024-10-03 16:24:10 - [TEST_STEP][PASSED] - callTestCase(findTestCase("0InicioSesion"), [:], STOP_ON_FAILURE): Call Test Case 'Test Cases/0InicioSesion' successfully

2024-10-03 16:24:10 - [TEST_CASE][PASSED] - Test Cases/0InicioSesion: Test Cases/0InicioSesion

2024-10-03 16:24:10 - [TEST_STEP][PASSED] - openBrowser(UrlDigiturno): Browser is opened with url: 'https://PCPruebas101.ciel.cielingenieria.com:8910'

2024-10-03 16:24:10 - [MESSAGE][WARNING] - A browser is already opened. Closing browser and opening a new one

2024-10-03 16:24:11 - [MESSAGE][INFO] - Starting 'Chrome' driver

2024-10-03 16:24:11 - [MESSAGE][INFO] - User set preference: ['args', '[--use-fake-ui-for-media-stream, --disable-notifications]']

2024-10-03 16:24:11 - [MESSAGE][INFO] - Action delay is set to 0 milliseconds

2024-10-03 16:24:12 - [MESSAGE][PASSED] - Browser is opened with url: 'https://PCPruebas101.ciel.cielingenieria.com:8910'

2024-10-03 16:24:12 - [TEST_STEP][PASSED] - maximizeWindow(): Current window maximized

2024-10-03 16:24:12 - [MESSAGE][PASSED] - Current window maximized

2024-10-03 16:24:12 - [TEST_STEP][PASSED] - delay(3): Delayed 3 second(s)

2024-10-03 16:24:15 - [MESSAGE][PASSED] - Delayed 3 second(s)

2024-10-03 16:24:15 - [TEST_STEP][PASSED] - setText(findTestObject("0Inicio Sesion/input_Usuario"), "Ciel"): Text 'Ciel' is set on object 'Object Repository/0Inicio Sesion/input_Usuario'

2024-10-03 16:24:16 - [MESSAGE][PASSED] - Text 'Ciel' is set on object 'Object Repository/0Inicio Sesion/input_Usuario'

2024-10-03 16:24:16 - [TEST_STEP][PASSED] - setText(findTestObject("0Inicio Sesion/input_Clave"), "digiturno"): Text 'digiturno' is set on object 'Object Repository/0Inicio Sesion/input_Clave'

2024-10-03 16:24:17 - [MESSAGE][PASSED] - Text 'digiturno' is set on object 'Object Repository/0Inicio Sesion/input_Clave'

2024-10-03 16:24:17 - [TEST_STEP][PASSED] - click(findTestObject("0Inicio Sesion/btn_IniciarSesion")): Object: 'Object Repository/0Inicio Sesion/btn_IniciarSesion' is clicked on

2024-10-03 16:24:17 - [MESSAGE][PASSED] - Object: 'Object Repository/0Inicio Sesion/btn_IniciarSesion' is clicked on

2024-10-03 16:24:17 - [TEST_STEP][PASSED] - delay(3): Delayed 3 second(s)

2024-10-03 16:24:20 - [MESSAGE][PASSED] - Delayed 3 second(s)

2024-10-03 16:24:20 - [MESSAGE][PASSED] - Call Test Case 'Test Cases/0InicioSesion' successfully

2024-10-03 16:24:20 - [TEST_STEP][PASSED] - click(findTestObject("DIGITURNO/1Principal/img_Configuracion(1)")): Object: 'Object Repository/DIGITURNO/1Principal/img_Configuracion(1)' is clicked on

2024-10-03 16:24:21 - [MESSAGE][PASSED] - Object: 'Object Repository/DIGITURNO/1Principal/img_Configuracion(1)' is clicked on

2024-10-03 16:24:21 - [TEST_STEP][PASSED] - delay(3): Delayed 3 second(s)

2024-10-03 16:24:24 - [MESSAGE][PASSED] - Delayed 3 second(s)

2024-10-03 16:24:24 - [TEST_STEP][PASSED] - click(findTestObject("DIGITURNO/CONFIGURACION/0Principal/img_7Sistema")): Object: 'Object Repository/DIGITURNO/CONFIGURACION/0Principal/img_7Sistema' is clicked on

2024-10-03 16:24:24 - [MESSAGE][PASSED] - Object: 'Object Repository/DIGITURNO/CONFIGURACION/0Principal/img_7Sistema' is clicked on

2024-10-03 16:24:24 - [TEST_STEP][PASSED] - delay(3): Delayed 3 second(s)

2024-10-03 16:24:27 - [MESSAGE][PASSED] - Delayed 3 second(s)

2024-10-03 16:24:27 - [TEST_STEP][PASSED] - click(findTestObject("DIGITURNO/CONFIGURACION/7Sistema/0Principal/img_4 Paginas")): Object: 'Object Repository/DIGITURNO/CONFIGURACION/7Sistema/0Principal/img_4 Paginas' is clicked on

2024-10-03 16:24:28 - [MESSAGE][PASSED] - Object: 'Object Repository/DIGITURNO/CONFIGURACION/7Sistema/0Principal/img_4 Paginas' is clicked on

2024-10-03 16:24:28 - [TEST_STEP][PASSED] - delay(3): Delayed 3 second(s)

2024-10-03 16:24:31 - [MESSAGE][PASSED] - Delayed 3 second(s)

2024-10-03 16:24:31 - [TEST_STEP][PASSED] - setText(findTestObject("DIGITURNO/CONFIGURACION/7Sistema/4 Paginas/Lista de Paginas/input_TextoABuscar"), "31"): Text '31' is set on object 'Object Repository/DIGITURNO/CONFIGURACION/7Sistema/4 Paginas/Lista de Paginas/input_TextoABuscar'

2024-10-03 16:24:32 - [MESSAGE][PASSED] - Text '31' is set on object 'Object Repository/DIGITURNO/CONFIGURACION/7Sistema/4 Paginas/Lista de Paginas/input_TextoABuscar'

2024-10-03 16:24:32 - [TEST_STEP][PASSED] - delay(3): Delayed 3 second(s)

2024-10-03 16:24:35 - [MESSAGE][PASSED] - Delayed 3 second(s)

2024-10-03 16:24:35 - [TEST_STEP][PASSED] - click(findTestObject("DIGITURNO/CONFIGURACION/7Sistema/4 Paginas/Lista de Paginas/img_Editar"), STOP_ON_FAILURE): Object: 'Object Repository/DIGITURNO/CONFIGURACION/7Sistema/4 Paginas/Lista de Paginas/img_Editar' is clicked on

2024-10-03 16:24:35 - [MESSAGE][PASSED] - Object: 'Object Repository/DIGITURNO/CONFIGURACION/7Sistema/4 Paginas/Lista de Paginas/img_Editar' is clicked on

2024-10-03 16:24:35 - [TEST_STEP][PASSED] - delay(3): Delayed 3 second(s)

2024-10-03 16:24:38 - [MESSAGE][PASSED] - Delayed 3 second(s)

2024-10-03 16:24:38 - [TEST_STEP][PASSED] - check(findTestObject("DIGITURNO/CONFIGURACION/7Sistema/4 Paginas/Lista de Paginas/img_Editar(1)/label_Es visible"), STOP_ON_FAILURE): Object 'Object Repository/DIGITURNO/CONFIGURACION/7Sistema/4 Paginas/Lista de Paginas/img_Editar(1)/label_Es visible' is checked

2024-10-03 16:24:39 - [MESSAGE][PASSED] - Object 'Object Repository/DIGITURNO/CONFIGURACION/7Sistema/4 Paginas/Lista de Paginas/img_Editar(1)/label_Es visible' is checked

2024-10-03 16:24:39 - [TEST_STEP][PASSED] - delay(3): Delayed 3 second(s)

2024-10-03 16:24:42 - [MESSAGE][PASSED] - Delayed 3 second(s)

2024-10-03 16:24:42 - [TEST_STEP][PASSED] - click(findTestObject("DIGITURNO/CONFIGURACION/7Sistema/4 Paginas/Lista de Paginas/img_Editar(1)/img_icono Actualizar")): Object: 'Object Repository/DIGITURNO/CONFIGURACION/7Sistema/4 Paginas/Lista de Paginas/img_Editar(1)/img_icono Actualizar' is clicked on

2024-10-03 16:24:42 - [MESSAGE][PASSED] - Object: 'Object Repository/DIGITURNO/CONFIGURACION/7Sistema/4 Paginas/Lista de Paginas/img_Editar(1)/img_icono Actualizar' is clicked on

2024-10-03 16:24:42 - [TEST_STEP][PASSED] - delay(3): Delayed 3 second(s)

2024-10-03 16:24:45 - [MESSAGE][PASSED] - Delayed 3 second(s)

2024-10-03 16:24:45 - [TEST_STEP][PASSED] - back(): Navigate back successfully

2024-10-03 16:24:45 - [MESSAGE][PASSED] - Navigate back successfully

2024-10-03 16:24:45 - [TEST_STEP][PASSED] - back(): Navigate back successfully

2024-10-03 16:24:45 - [MESSAGE][PASSED] - Navigate back successfully

2024-10-03 16:24:45 - [TEST_STEP][PASSED] - back(): Navigate back successfully

2024-10-03 16:24:45 - [MESSAGE][PASSED] - Navigate back successfully

2024-10-03 16:24:45 - [TEST_STEP][PASSED] - click(findTestObject("DIGITURNO/1Principal/img_Configuracion(1)")): Object: 'Object Repository/DIGITURNO/1Principal/img_Configuracion(1)' is clicked on

2024-10-03 16:24:46 - [MESSAGE][PASSED] - Object: 'Object Repository/DIGITURNO/1Principal/img_Configuracion(1)' is clicked on

2024-10-03 16:24:46 - [TEST_STEP][PASSED] - delay(2): Delayed 2 second(s)

2024-10-03 16:24:48 - [MESSAGE][PASSED] - Delayed 2 second(s)

2024-10-03 16:24:48 - [TEST_STEP][PASSED] - takeFullPageScreenshot(): Taking screenshot successfully

2024-10-03 16:24:48 - [MESSAGE][INFO] - 0 hidden object(s)

2024-10-03 16:24:48 - [MESSAGE][PASSED] - Taking screenshot successfully
[[ATTACHMENT|C:\\CIEL INGENIERIA\\Katalon\\Digiturno55\\Reports\\20241003_162025\\DIGITURNO\\BASICO\\11 Paginas Activar y Desactivar\\20241003_162033\\1727990688396.png]]

2024-10-03 16:24:48 - [TEST_STEP][PASSED] - delay(3): Delayed 3 second(s)

2024-10-03 16:24:51 - [MESSAGE][PASSED] - Delayed 3 second(s)

2024-10-03 16:24:51 - [TEST_STEP][PASSED] - Start listener action : sampleAfterTestCase: null]]></system-out>
         <system-err><![CDATA[]]></system-err>
      </testcase>
      <system-out><![CDATA[2024-10-03 16:23:10 - [TEST_SUITE][PASSED] - 11 Paginas Activar y Desactivar: Test Cases/DIGITURNO/BASICO/11 Paginas Activar o Desactivar]]></system-out>
      <system-err><![CDATA[]]></system-err>
   </testsuite>
</testsuites>
