<?xml version="1.0" encoding="UTF-8"?>
<testsuites name="5.6 Crear Tableros" time="172.116" tests="1" failures="0" errors="0">
   <testsuite name="5.6 Crear Tableros" tests="1" failures="0" errors="0" time="172.116" skipped="0" timestamp="2024-04-02 15:29:47" hostname="jdavila - PCPruebas101.ciel.cielingenieria.com" id="Test Suites/WIZARD/3Infraestructura/6Tableros/5.6 Crear Tableros">
      <properties>
         <property name="deviceName" value=""/>
         <property name="devicePlatform" value=""/>
         <property name="logFolder" value="C:\\CIEL INGENIERIA\\Katalon\\Digiturno55\\Reports\\20240402_143907\\WIZARD\\3Infraestructura\\6Tableros\\5.6 Crear Tableros\\20240402_144021"/>
         <property name="logFiles" value="C:\\CIEL INGENIERIA\\Katalon\\Digiturno55\\Reports\\20240402_143907\\WIZARD\\3Infraestructura\\6Tableros\\5.6 Crear Tableros\\20240402_144021\\execution0.log"/>
         <property name="attachments" value="C:\\CIEL INGENIERIA\\Katalon\\Digiturno55\\Reports\\20240402_143907\\WIZARD\\3Infraestructura\\6Tableros\\5.6 Crear Tableros\\20240402_144021\\1712089956011.png"/>
         <property name="hostName" value="jdavila - PCPruebas101.ciel.cielingenieria.com"/>
         <property name="os" value="Windows 10 64bit"/>
         <property name="katalonVersion" value="8.6.9.208"/>
         <property name="browser" value="Chrome 123.0.0.0"/>
         <property name="hostAddress" value="192.168.91.18"/>
         <property name="sessionId" value="1fdaf74af67e74d724eb5c5bad2baa68"/>
         <property name="seleniumVersion" value="3.141.59"/>
         <property name="proxyInformation" value="ProxyInformation { proxyOption=NO_PROXY, proxyServerType=HTTP, username=, password=********, proxyServerAddress=, proxyServerPort=0, executionList=&quot;&quot;, isApplyToDesiredCapabilities=true }"/>
         <property name="platform" value="Windows 10"/>
      </properties>
      <testcase name="Test Cases/WIZARD/3Infraestructura/6Tableros/5.6 Crear Tableros" time="171.836" classname="Test Cases/WIZARD/3Infraestructura/6Tableros/5.6 Crear Tableros" status="PASSED">
         <system-out><![CDATA[2024-04-02 15:29:48 - [TEST_CASE][PASSED] - Test Cases/WIZARD/3Infraestructura/6Tableros/5.6 Crear Tableros: Test Cases/WIZARD/3Infraestructura/6Tableros/5.6 Crear Tableros

2024-04-02 15:29:48 - [TEST_STEP][PASSED] - callTestCase(findTestCase("0InicioSesion"), [:], STOP_ON_FAILURE): Call Test Case 'Test Cases/0InicioSesion' successfully

2024-04-02 15:29:48 - [TEST_CASE][PASSED] - Test Cases/0InicioSesion: Test Cases/0InicioSesion

2024-04-02 15:29:48 - [TEST_STEP][PASSED] - openBrowser(UrlDigiturno): Browser is opened with url: 'https://PCPruebas101.ciel.cielingenieria.com:8910'

2024-04-02 15:29:49 - [MESSAGE][INFO] - Starting 'Chrome' driver

2024-04-02 15:29:49 - [MESSAGE][INFO] - User set preference: ['args', '[--use-fake-ui-for-media-stream, --disable-notifications]']

2024-04-02 15:29:49 - [MESSAGE][INFO] - Action delay is set to 0 milliseconds

2024-04-02 15:29:52 - [MESSAGE][PASSED] - Browser is opened with url: 'https://PCPruebas101.ciel.cielingenieria.com:8910'

2024-04-02 15:29:52 - [TEST_STEP][PASSED] - maximizeWindow(): Current window maximized

2024-04-02 15:29:52 - [MESSAGE][PASSED] - Current window maximized

2024-04-02 15:29:52 - [TEST_STEP][PASSED] - delay(3): Delayed 3 second(s)

2024-04-02 15:29:55 - [MESSAGE][PASSED] - Delayed 3 second(s)

2024-04-02 15:29:55 - [TEST_STEP][PASSED] - setText(findTestObject("0Inicio Sesion/input_Usuario"), "Ciel"): Text 'Ciel' is set on object 'Object Repository/0Inicio Sesion/input_Usuario'

2024-04-02 15:29:56 - [MESSAGE][PASSED] - Text 'Ciel' is set on object 'Object Repository/0Inicio Sesion/input_Usuario'

2024-04-02 15:29:56 - [TEST_STEP][PASSED] - setText(findTestObject("0Inicio Sesion/input_Clave"), "digiturno"): Text 'digiturno' is set on object 'Object Repository/0Inicio Sesion/input_Clave'

2024-04-02 15:29:57 - [MESSAGE][PASSED] - Text 'digiturno' is set on object 'Object Repository/0Inicio Sesion/input_Clave'

2024-04-02 15:29:57 - [TEST_STEP][PASSED] - click(findTestObject("0Inicio Sesion/btn_IniciarSesion")): Object: 'Object Repository/0Inicio Sesion/btn_IniciarSesion' is clicked on

2024-04-02 15:29:57 - [MESSAGE][PASSED] - Object: 'Object Repository/0Inicio Sesion/btn_IniciarSesion' is clicked on

2024-04-02 15:29:57 - [TEST_STEP][PASSED] - delay(3): Delayed 3 second(s)

2024-04-02 15:30:00 - [MESSAGE][PASSED] - Delayed 3 second(s)

2024-04-02 15:30:00 - [MESSAGE][PASSED] - Call Test Case 'Test Cases/0InicioSesion' successfully

2024-04-02 15:30:00 - [TEST_STEP][PASSED] - click(findTestObject("WIZARD/0Principal/img_InfraestructuraMAX")): Object: 'Object Repository/WIZARD/0Principal/img_InfraestructuraMAX' is clicked on

2024-04-02 15:30:01 - [MESSAGE][PASSED] - Object: 'Object Repository/WIZARD/0Principal/img_InfraestructuraMAX' is clicked on

2024-04-02 15:30:01 - [TEST_STEP][PASSED] - delay(3): Delayed 3 second(s)

2024-04-02 15:30:04 - [MESSAGE][PASSED] - Delayed 3 second(s)

2024-04-02 15:30:04 - [TEST_STEP][PASSED] - click(findTestObject("WIZARD/3Infraestructura/0Menu/span_Tableros")): Object: 'Object Repository/WIZARD/3Infraestructura/0Menu/span_Tableros' is clicked on

2024-04-02 15:30:05 - [MESSAGE][PASSED] - Object: 'Object Repository/WIZARD/3Infraestructura/0Menu/span_Tableros' is clicked on

2024-04-02 15:30:05 - [TEST_STEP][PASSED] - delay(3): Delayed 3 second(s)

2024-04-02 15:30:08 - [MESSAGE][PASSED] - Delayed 3 second(s)

2024-04-02 15:30:08 - [TEST_STEP][PASSED] - click(findTestObject("WIZARD/3Infraestructura/6Tableros/0OficinaModal/a_x(Cerrar)")): Object: 'Object Repository/WIZARD/3Infraestructura/6Tableros/0OficinaModal/a_x(Cerrar)' is clicked on

2024-04-02 15:30:09 - [MESSAGE][PASSED] - Object: 'Object Repository/WIZARD/3Infraestructura/6Tableros/0OficinaModal/a_x(Cerrar)' is clicked on

2024-04-02 15:30:09 - [TEST_STEP][PASSED] - delay(3): Delayed 3 second(s)

2024-04-02 15:30:12 - [MESSAGE][PASSED] - Delayed 3 second(s)

2024-04-02 15:30:12 - [TEST_STEP][PASSED] - click(findTestObject("WIZARD/3Infraestructura/6Tableros/Configuracion/Edicion/btn_SeleccionarOficina")): Object: 'Object Repository/WIZARD/3Infraestructura/6Tableros/Configuracion/Edicion/btn_SeleccionarOficina' is clicked on

2024-04-02 15:30:12 - [MESSAGE][PASSED] - Object: 'Object Repository/WIZARD/3Infraestructura/6Tableros/Configuracion/Edicion/btn_SeleccionarOficina' is clicked on

2024-04-02 15:30:12 - [TEST_STEP][PASSED] - delay(3): Delayed 3 second(s)

2024-04-02 15:30:15 - [MESSAGE][PASSED] - Delayed 3 second(s)

2024-04-02 15:30:15 - [TEST_STEP][PASSED] - click(findTestObject("WIZARD/3Infraestructura/6Tableros/Configuracion/Edicion/btn_Seleccionar Oficina(1)/td_1Bogota - CIEL")): Object: 'Object Repository/WIZARD/3Infraestructura/6Tableros/Configuracion/Edicion/btn_Seleccionar Oficina(1)/td_1Bogota - CIEL' is clicked on

2024-04-02 15:30:16 - [MESSAGE][PASSED] - Object: 'Object Repository/WIZARD/3Infraestructura/6Tableros/Configuracion/Edicion/btn_Seleccionar Oficina(1)/td_1Bogota - CIEL' is clicked on

2024-04-02 15:30:16 - [TEST_STEP][PASSED] - delay(3): Delayed 3 second(s)

2024-04-02 15:30:19 - [MESSAGE][PASSED] - Delayed 3 second(s)

2024-04-02 15:30:19 - [TEST_STEP][PASSED] - setText(findTestObject("WIZARD/3Infraestructura/6Tableros/Configuracion/Edicion/input_Nombre"), "Bogota - Tablero - 1 "): Text 'Bogota - Tablero - 1 ' is set on object 'Object Repository/WIZARD/3Infraestructura/6Tableros/Configuracion/Edicion/input_Nombre'

2024-04-02 15:30:20 - [MESSAGE][PASSED] - Text 'Bogota - Tablero - 1 ' is set on object 'Object Repository/WIZARD/3Infraestructura/6Tableros/Configuracion/Edicion/input_Nombre'

2024-04-02 15:30:20 - [TEST_STEP][PASSED] - setText(findTestObject("WIZARD/3Infraestructura/6Tableros/Configuracion/Edicion/textarea_Descripcion"), "Bogota - Tablero - 1"): Text 'Bogota - Tablero - 1' is set on object 'Object Repository/WIZARD/3Infraestructura/6Tableros/Configuracion/Edicion/textarea_Descripcion'

2024-04-02 15:30:20 - [MESSAGE][PASSED] - Text 'Bogota - Tablero - 1' is set on object 'Object Repository/WIZARD/3Infraestructura/6Tableros/Configuracion/Edicion/textarea_Descripcion'

2024-04-02 15:30:20 - [TEST_STEP][PASSED] - scrollToPosition(0, 0): Browser is scrolled to position x = 0, y = 0

2024-04-02 15:30:20 - [MESSAGE][PASSED] - Browser is scrolled to position x = 0, y = 0

2024-04-02 15:30:20 - [TEST_STEP][PASSED] - delay(2): Delayed 2 second(s)

2024-04-02 15:30:22 - [MESSAGE][PASSED] - Delayed 2 second(s)

2024-04-02 15:30:22 - [TEST_STEP][PASSED] - click(findTestObject("WIZARD/3Infraestructura/6Tableros/Configuracion/Edicion/img_Nuevo")): Object: 'Object Repository/WIZARD/3Infraestructura/6Tableros/Configuracion/Edicion/img_Nuevo' is clicked on

2024-04-02 15:30:23 - [MESSAGE][PASSED] - Object: 'Object Repository/WIZARD/3Infraestructura/6Tableros/Configuracion/Edicion/img_Nuevo' is clicked on

2024-04-02 15:30:23 - [TEST_STEP][PASSED] - delay(3): Delayed 3 second(s)

2024-04-02 15:30:26 - [MESSAGE][PASSED] - Delayed 3 second(s)

2024-04-02 15:30:26 - [TEST_STEP][PASSED] - click(findTestObject("WIZARD/3Infraestructura/0Menu/span_Tableros")): Object: 'Object Repository/WIZARD/3Infraestructura/0Menu/span_Tableros' is clicked on

2024-04-02 15:30:27 - [MESSAGE][PASSED] - Object: 'Object Repository/WIZARD/3Infraestructura/0Menu/span_Tableros' is clicked on

2024-04-02 15:30:27 - [TEST_STEP][PASSED] - delay(3): Delayed 3 second(s)

2024-04-02 15:30:30 - [MESSAGE][PASSED] - Delayed 3 second(s)

2024-04-02 15:30:30 - [TEST_STEP][PASSED] - click(findTestObject("WIZARD/3Infraestructura/6Tableros/0OficinaModal/a_x(Cerrar)")): Object: 'Object Repository/WIZARD/3Infraestructura/6Tableros/0OficinaModal/a_x(Cerrar)' is clicked on

2024-04-02 15:30:30 - [MESSAGE][PASSED] - Object: 'Object Repository/WIZARD/3Infraestructura/6Tableros/0OficinaModal/a_x(Cerrar)' is clicked on

2024-04-02 15:30:30 - [TEST_STEP][PASSED] - delay(3): Delayed 3 second(s)

2024-04-02 15:30:33 - [MESSAGE][PASSED] - Delayed 3 second(s)

2024-04-02 15:30:33 - [TEST_STEP][PASSED] - click(findTestObject("WIZARD/3Infraestructura/6Tableros/Configuracion/Edicion/btn_SeleccionarOficina")): Object: 'Object Repository/WIZARD/3Infraestructura/6Tableros/Configuracion/Edicion/btn_SeleccionarOficina' is clicked on

2024-04-02 15:30:33 - [MESSAGE][PASSED] - Object: 'Object Repository/WIZARD/3Infraestructura/6Tableros/Configuracion/Edicion/btn_SeleccionarOficina' is clicked on

2024-04-02 15:30:33 - [TEST_STEP][PASSED] - delay(3): Delayed 3 second(s)

2024-04-02 15:30:37 - [MESSAGE][PASSED] - Delayed 3 second(s)

2024-04-02 15:30:37 - [TEST_STEP][PASSED] - click(findTestObject("WIZARD/3Infraestructura/6Tableros/Configuracion/Edicion/btn_Seleccionar Oficina(1)/td_2Cali - Chipichape")): Object: 'Object Repository/WIZARD/3Infraestructura/6Tableros/Configuracion/Edicion/btn_Seleccionar Oficina(1)/td_2Cali - Chipichape' is clicked on

2024-04-02 15:30:37 - [MESSAGE][PASSED] - Object: 'Object Repository/WIZARD/3Infraestructura/6Tableros/Configuracion/Edicion/btn_Seleccionar Oficina(1)/td_2Cali - Chipichape' is clicked on

2024-04-02 15:30:37 - [TEST_STEP][PASSED] - delay(3): Delayed 3 second(s)

2024-04-02 15:30:40 - [MESSAGE][PASSED] - Delayed 3 second(s)

2024-04-02 15:30:40 - [TEST_STEP][PASSED] - scrollToElement(findTestObject("WIZARD/3Infraestructura/6Tableros/Configuracion/Edicion/input_Nombre"), 2): Scroll to object 'Object Repository/WIZARD/3Infraestructura/6Tableros/Configuracion/Edicion/input_Nombre' successfully

2024-04-02 15:30:40 - [MESSAGE][PASSED] - Scroll to object 'Object Repository/WIZARD/3Infraestructura/6Tableros/Configuracion/Edicion/input_Nombre' successfully

2024-04-02 15:30:40 - [TEST_STEP][PASSED] - setText(findTestObject("WIZARD/3Infraestructura/6Tableros/Configuracion/Edicion/input_Nombre"), "Cali - Tablero - 1 "): Text 'Cali - Tablero - 1 ' is set on object 'Object Repository/WIZARD/3Infraestructura/6Tableros/Configuracion/Edicion/input_Nombre'

2024-04-02 15:30:41 - [MESSAGE][PASSED] - Text 'Cali - Tablero - 1 ' is set on object 'Object Repository/WIZARD/3Infraestructura/6Tableros/Configuracion/Edicion/input_Nombre'

2024-04-02 15:30:41 - [TEST_STEP][PASSED] - setText(findTestObject("WIZARD/3Infraestructura/6Tableros/Configuracion/Edicion/textarea_Descripcion"), "Cali - Tablero - 1"): Text 'Cali - Tablero - 1' is set on object 'Object Repository/WIZARD/3Infraestructura/6Tableros/Configuracion/Edicion/textarea_Descripcion'

2024-04-02 15:30:42 - [MESSAGE][PASSED] - Text 'Cali - Tablero - 1' is set on object 'Object Repository/WIZARD/3Infraestructura/6Tableros/Configuracion/Edicion/textarea_Descripcion'

2024-04-02 15:30:42 - [TEST_STEP][PASSED] - scrollToPosition(0, 0): Browser is scrolled to position x = 0, y = 0

2024-04-02 15:30:42 - [MESSAGE][PASSED] - Browser is scrolled to position x = 0, y = 0

2024-04-02 15:30:42 - [TEST_STEP][PASSED] - delay(2): Delayed 2 second(s)

2024-04-02 15:30:44 - [MESSAGE][PASSED] - Delayed 2 second(s)

2024-04-02 15:30:44 - [TEST_STEP][PASSED] - click(findTestObject("WIZARD/3Infraestructura/6Tableros/Configuracion/Edicion/img_Nuevo")): Object: 'Object Repository/WIZARD/3Infraestructura/6Tableros/Configuracion/Edicion/img_Nuevo' is clicked on

2024-04-02 15:30:45 - [MESSAGE][PASSED] - Object: 'Object Repository/WIZARD/3Infraestructura/6Tableros/Configuracion/Edicion/img_Nuevo' is clicked on

2024-04-02 15:30:45 - [TEST_STEP][PASSED] - delay(3): Delayed 3 second(s)

2024-04-02 15:30:48 - [MESSAGE][PASSED] - Delayed 3 second(s)

2024-04-02 15:30:48 - [TEST_STEP][PASSED] - click(findTestObject("WIZARD/3Infraestructura/0Menu/span_Tableros")): Object: 'Object Repository/WIZARD/3Infraestructura/0Menu/span_Tableros' is clicked on

2024-04-02 15:30:48 - [MESSAGE][PASSED] - Object: 'Object Repository/WIZARD/3Infraestructura/0Menu/span_Tableros' is clicked on

2024-04-02 15:30:48 - [TEST_STEP][PASSED] - delay(3): Delayed 3 second(s)

2024-04-02 15:30:51 - [MESSAGE][PASSED] - Delayed 3 second(s)

2024-04-02 15:30:51 - [TEST_STEP][PASSED] - click(findTestObject("WIZARD/3Infraestructura/6Tableros/0OficinaModal/a_x(Cerrar)")): Object: 'Object Repository/WIZARD/3Infraestructura/6Tableros/0OficinaModal/a_x(Cerrar)' is clicked on

2024-04-02 15:30:52 - [MESSAGE][PASSED] - Object: 'Object Repository/WIZARD/3Infraestructura/6Tableros/0OficinaModal/a_x(Cerrar)' is clicked on

2024-04-02 15:30:52 - [TEST_STEP][PASSED] - delay(3): Delayed 3 second(s)

2024-04-02 15:30:55 - [MESSAGE][PASSED] - Delayed 3 second(s)

2024-04-02 15:30:55 - [TEST_STEP][PASSED] - click(findTestObject("WIZARD/3Infraestructura/6Tableros/Configuracion/Edicion/btn_SeleccionarOficina")): Object: 'Object Repository/WIZARD/3Infraestructura/6Tableros/Configuracion/Edicion/btn_SeleccionarOficina' is clicked on

2024-04-02 15:30:55 - [MESSAGE][PASSED] - Object: 'Object Repository/WIZARD/3Infraestructura/6Tableros/Configuracion/Edicion/btn_SeleccionarOficina' is clicked on

2024-04-02 15:30:55 - [TEST_STEP][PASSED] - delay(3): Delayed 3 second(s)

2024-04-02 15:30:58 - [MESSAGE][PASSED] - Delayed 3 second(s)

2024-04-02 15:30:58 - [TEST_STEP][PASSED] - click(findTestObject("WIZARD/3Infraestructura/6Tableros/Configuracion/Edicion/btn_Seleccionar Oficina(1)/td_3Cartagena - Bocagrande")): Object: 'Object Repository/WIZARD/3Infraestructura/6Tableros/Configuracion/Edicion/btn_Seleccionar Oficina(1)/td_3Cartagena - Bocagrande' is clicked on

2024-04-02 15:30:59 - [MESSAGE][PASSED] - Object: 'Object Repository/WIZARD/3Infraestructura/6Tableros/Configuracion/Edicion/btn_Seleccionar Oficina(1)/td_3Cartagena - Bocagrande' is clicked on

2024-04-02 15:30:59 - [TEST_STEP][PASSED] - delay(3): Delayed 3 second(s)

2024-04-02 15:31:02 - [MESSAGE][PASSED] - Delayed 3 second(s)

2024-04-02 15:31:02 - [TEST_STEP][PASSED] - scrollToElement(findTestObject("WIZARD/3Infraestructura/6Tableros/Configuracion/Edicion/input_Nombre"), 2): Scroll to object 'Object Repository/WIZARD/3Infraestructura/6Tableros/Configuracion/Edicion/input_Nombre' successfully

2024-04-02 15:31:02 - [MESSAGE][PASSED] - Scroll to object 'Object Repository/WIZARD/3Infraestructura/6Tableros/Configuracion/Edicion/input_Nombre' successfully

2024-04-02 15:31:02 - [TEST_STEP][PASSED] - setText(findTestObject("WIZARD/3Infraestructura/6Tableros/Configuracion/Edicion/input_Nombre"), "Cartagena - Tablero - 1 "): Text 'Cartagena - Tablero - 1 ' is set on object 'Object Repository/WIZARD/3Infraestructura/6Tableros/Configuracion/Edicion/input_Nombre'

2024-04-02 15:31:03 - [MESSAGE][PASSED] - Text 'Cartagena - Tablero - 1 ' is set on object 'Object Repository/WIZARD/3Infraestructura/6Tableros/Configuracion/Edicion/input_Nombre'

2024-04-02 15:31:03 - [TEST_STEP][PASSED] - setText(findTestObject("WIZARD/3Infraestructura/6Tableros/Configuracion/Edicion/textarea_Descripcion"), "Cartagena - Tablero - 1"): Text 'Cartagena - Tablero - 1' is set on object 'Object Repository/WIZARD/3Infraestructura/6Tableros/Configuracion/Edicion/textarea_Descripcion'

2024-04-02 15:31:04 - [MESSAGE][PASSED] - Text 'Cartagena - Tablero - 1' is set on object 'Object Repository/WIZARD/3Infraestructura/6Tableros/Configuracion/Edicion/textarea_Descripcion'

2024-04-02 15:31:04 - [TEST_STEP][PASSED] - scrollToPosition(0, 0): Browser is scrolled to position x = 0, y = 0

2024-04-02 15:31:04 - [MESSAGE][PASSED] - Browser is scrolled to position x = 0, y = 0

2024-04-02 15:31:04 - [TEST_STEP][PASSED] - delay(2): Delayed 2 second(s)

2024-04-02 15:31:06 - [MESSAGE][PASSED] - Delayed 2 second(s)

2024-04-02 15:31:06 - [TEST_STEP][PASSED] - click(findTestObject("WIZARD/3Infraestructura/6Tableros/Configuracion/Edicion/img_Nuevo")): Object: 'Object Repository/WIZARD/3Infraestructura/6Tableros/Configuracion/Edicion/img_Nuevo' is clicked on

2024-04-02 15:31:06 - [MESSAGE][PASSED] - Object: 'Object Repository/WIZARD/3Infraestructura/6Tableros/Configuracion/Edicion/img_Nuevo' is clicked on

2024-04-02 15:31:06 - [TEST_STEP][PASSED] - delay(3): Delayed 3 second(s)

2024-04-02 15:31:09 - [MESSAGE][PASSED] - Delayed 3 second(s)

2024-04-02 15:31:09 - [TEST_STEP][PASSED] - click(findTestObject("WIZARD/3Infraestructura/0Menu/span_Tableros")): Object: 'Object Repository/WIZARD/3Infraestructura/0Menu/span_Tableros' is clicked on

2024-04-02 15:31:10 - [MESSAGE][PASSED] - Object: 'Object Repository/WIZARD/3Infraestructura/0Menu/span_Tableros' is clicked on

2024-04-02 15:31:10 - [TEST_STEP][PASSED] - delay(3): Delayed 3 second(s)

2024-04-02 15:31:13 - [MESSAGE][PASSED] - Delayed 3 second(s)

2024-04-02 15:31:13 - [TEST_STEP][PASSED] - click(findTestObject("WIZARD/3Infraestructura/6Tableros/0OficinaModal/a_x(Cerrar)")): Object: 'Object Repository/WIZARD/3Infraestructura/6Tableros/0OficinaModal/a_x(Cerrar)' is clicked on

2024-04-02 15:31:13 - [MESSAGE][PASSED] - Object: 'Object Repository/WIZARD/3Infraestructura/6Tableros/0OficinaModal/a_x(Cerrar)' is clicked on

2024-04-02 15:31:13 - [TEST_STEP][PASSED] - delay(3): Delayed 3 second(s)

2024-04-02 15:31:16 - [MESSAGE][PASSED] - Delayed 3 second(s)

2024-04-02 15:31:16 - [TEST_STEP][PASSED] - click(findTestObject("WIZARD/3Infraestructura/6Tableros/Configuracion/Edicion/btn_SeleccionarOficina")): Object: 'Object Repository/WIZARD/3Infraestructura/6Tableros/Configuracion/Edicion/btn_SeleccionarOficina' is clicked on

2024-04-02 15:31:17 - [MESSAGE][PASSED] - Object: 'Object Repository/WIZARD/3Infraestructura/6Tableros/Configuracion/Edicion/btn_SeleccionarOficina' is clicked on

2024-04-02 15:31:17 - [TEST_STEP][PASSED] - delay(3): Delayed 3 second(s)

2024-04-02 15:31:20 - [MESSAGE][PASSED] - Delayed 3 second(s)

2024-04-02 15:31:20 - [TEST_STEP][PASSED] - click(findTestObject("WIZARD/3Infraestructura/6Tableros/Configuracion/Edicion/btn_Seleccionar Oficina(1)/td_4Manizales - Manizales")): Object: 'Object Repository/WIZARD/3Infraestructura/6Tableros/Configuracion/Edicion/btn_Seleccionar Oficina(1)/td_4Manizales - Manizales' is clicked on

2024-04-02 15:31:20 - [MESSAGE][PASSED] - Object: 'Object Repository/WIZARD/3Infraestructura/6Tableros/Configuracion/Edicion/btn_Seleccionar Oficina(1)/td_4Manizales - Manizales' is clicked on

2024-04-02 15:31:20 - [TEST_STEP][PASSED] - delay(3): Delayed 3 second(s)

2024-04-02 15:31:23 - [MESSAGE][PASSED] - Delayed 3 second(s)

2024-04-02 15:31:23 - [TEST_STEP][PASSED] - scrollToElement(findTestObject("WIZARD/3Infraestructura/6Tableros/Configuracion/Edicion/input_Nombre"), 2): Scroll to object 'Object Repository/WIZARD/3Infraestructura/6Tableros/Configuracion/Edicion/input_Nombre' successfully

2024-04-02 15:31:24 - [MESSAGE][PASSED] - Scroll to object 'Object Repository/WIZARD/3Infraestructura/6Tableros/Configuracion/Edicion/input_Nombre' successfully

2024-04-02 15:31:24 - [TEST_STEP][PASSED] - setText(findTestObject("WIZARD/3Infraestructura/6Tableros/Configuracion/Edicion/input_Nombre"), "Manizales - Tablero - 1 "): Text 'Manizales - Tablero - 1 ' is set on object 'Object Repository/WIZARD/3Infraestructura/6Tableros/Configuracion/Edicion/input_Nombre'

2024-04-02 15:31:25 - [MESSAGE][PASSED] - Text 'Manizales - Tablero - 1 ' is set on object 'Object Repository/WIZARD/3Infraestructura/6Tableros/Configuracion/Edicion/input_Nombre'

2024-04-02 15:31:25 - [TEST_STEP][PASSED] - setText(findTestObject("WIZARD/3Infraestructura/6Tableros/Configuracion/Edicion/textarea_Descripcion"), "Manizales - Tablero - 1"): Text 'Manizales - Tablero - 1' is set on object 'Object Repository/WIZARD/3Infraestructura/6Tableros/Configuracion/Edicion/textarea_Descripcion'

2024-04-02 15:31:25 - [MESSAGE][PASSED] - Text 'Manizales - Tablero - 1' is set on object 'Object Repository/WIZARD/3Infraestructura/6Tableros/Configuracion/Edicion/textarea_Descripcion'

2024-04-02 15:31:25 - [TEST_STEP][PASSED] - scrollToPosition(0, 0): Browser is scrolled to position x = 0, y = 0

2024-04-02 15:31:25 - [MESSAGE][PASSED] - Browser is scrolled to position x = 0, y = 0

2024-04-02 15:31:25 - [TEST_STEP][PASSED] - delay(2): Delayed 2 second(s)

2024-04-02 15:31:27 - [MESSAGE][PASSED] - Delayed 2 second(s)

2024-04-02 15:31:27 - [TEST_STEP][PASSED] - click(findTestObject("WIZARD/3Infraestructura/6Tableros/Configuracion/Edicion/img_Nuevo")): Object: 'Object Repository/WIZARD/3Infraestructura/6Tableros/Configuracion/Edicion/img_Nuevo' is clicked on

2024-04-02 15:31:28 - [MESSAGE][PASSED] - Object: 'Object Repository/WIZARD/3Infraestructura/6Tableros/Configuracion/Edicion/img_Nuevo' is clicked on

2024-04-02 15:31:28 - [TEST_STEP][PASSED] - delay(3): Delayed 3 second(s)

2024-04-02 15:31:31 - [MESSAGE][PASSED] - Delayed 3 second(s)

2024-04-02 15:31:31 - [TEST_STEP][PASSED] - click(findTestObject("WIZARD/3Infraestructura/0Menu/span_Tableros")): Object: 'Object Repository/WIZARD/3Infraestructura/0Menu/span_Tableros' is clicked on

2024-04-02 15:31:31 - [MESSAGE][PASSED] - Object: 'Object Repository/WIZARD/3Infraestructura/0Menu/span_Tableros' is clicked on

2024-04-02 15:31:31 - [TEST_STEP][PASSED] - delay(3): Delayed 3 second(s)

2024-04-02 15:31:34 - [MESSAGE][PASSED] - Delayed 3 second(s)

2024-04-02 15:31:34 - [TEST_STEP][PASSED] - click(findTestObject("WIZARD/3Infraestructura/6Tableros/0OficinaModal/a_x(Cerrar)")): Object: 'Object Repository/WIZARD/3Infraestructura/6Tableros/0OficinaModal/a_x(Cerrar)' is clicked on

2024-04-02 15:31:35 - [MESSAGE][PASSED] - Object: 'Object Repository/WIZARD/3Infraestructura/6Tableros/0OficinaModal/a_x(Cerrar)' is clicked on

2024-04-02 15:31:35 - [TEST_STEP][PASSED] - delay(3): Delayed 3 second(s)

2024-04-02 15:31:38 - [MESSAGE][PASSED] - Delayed 3 second(s)

2024-04-02 15:31:38 - [TEST_STEP][PASSED] - click(findTestObject("WIZARD/3Infraestructura/6Tableros/Configuracion/Edicion/btn_SeleccionarOficina")): Object: 'Object Repository/WIZARD/3Infraestructura/6Tableros/Configuracion/Edicion/btn_SeleccionarOficina' is clicked on

2024-04-02 15:31:38 - [MESSAGE][PASSED] - Object: 'Object Repository/WIZARD/3Infraestructura/6Tableros/Configuracion/Edicion/btn_SeleccionarOficina' is clicked on

2024-04-02 15:31:38 - [TEST_STEP][PASSED] - delay(3): Delayed 3 second(s)

2024-04-02 15:31:41 - [MESSAGE][PASSED] - Delayed 3 second(s)

2024-04-02 15:31:41 - [TEST_STEP][PASSED] - click(findTestObject("WIZARD/3Infraestructura/6Tableros/Configuracion/Edicion/btn_Seleccionar Oficina(1)/td_5Medellin - Laureles")): Object: 'Object Repository/WIZARD/3Infraestructura/6Tableros/Configuracion/Edicion/btn_Seleccionar Oficina(1)/td_5Medellin - Laureles' is clicked on

2024-04-02 15:31:42 - [MESSAGE][PASSED] - Object: 'Object Repository/WIZARD/3Infraestructura/6Tableros/Configuracion/Edicion/btn_Seleccionar Oficina(1)/td_5Medellin - Laureles' is clicked on

2024-04-02 15:31:42 - [TEST_STEP][PASSED] - delay(3): Delayed 3 second(s)

2024-04-02 15:31:45 - [MESSAGE][PASSED] - Delayed 3 second(s)

2024-04-02 15:31:45 - [TEST_STEP][PASSED] - scrollToElement(findTestObject("WIZARD/3Infraestructura/6Tableros/Configuracion/Edicion/input_Nombre"), 2): Scroll to object 'Object Repository/WIZARD/3Infraestructura/6Tableros/Configuracion/Edicion/input_Nombre' successfully

2024-04-02 15:31:45 - [MESSAGE][PASSED] - Scroll to object 'Object Repository/WIZARD/3Infraestructura/6Tableros/Configuracion/Edicion/input_Nombre' successfully

2024-04-02 15:31:45 - [TEST_STEP][PASSED] - setText(findTestObject("WIZARD/3Infraestructura/6Tableros/Configuracion/Edicion/input_Nombre"), "Medellin - Tablero - 1 "): Text 'Medellin - Tablero - 1 ' is set on object 'Object Repository/WIZARD/3Infraestructura/6Tableros/Configuracion/Edicion/input_Nombre'

2024-04-02 15:31:46 - [MESSAGE][PASSED] - Text 'Medellin - Tablero - 1 ' is set on object 'Object Repository/WIZARD/3Infraestructura/6Tableros/Configuracion/Edicion/input_Nombre'

2024-04-02 15:31:46 - [TEST_STEP][PASSED] - setText(findTestObject("WIZARD/3Infraestructura/6Tableros/Configuracion/Edicion/textarea_Descripcion"), "Medellin - Tablero - 1"): Text 'Medellin - Tablero - 1' is set on object 'Object Repository/WIZARD/3Infraestructura/6Tableros/Configuracion/Edicion/textarea_Descripcion'

2024-04-02 15:31:47 - [MESSAGE][PASSED] - Text 'Medellin - Tablero - 1' is set on object 'Object Repository/WIZARD/3Infraestructura/6Tableros/Configuracion/Edicion/textarea_Descripcion'

2024-04-02 15:31:47 - [TEST_STEP][PASSED] - scrollToPosition(0, 0): Browser is scrolled to position x = 0, y = 0

2024-04-02 15:31:47 - [MESSAGE][PASSED] - Browser is scrolled to position x = 0, y = 0

2024-04-02 15:31:47 - [TEST_STEP][PASSED] - delay(2): Delayed 2 second(s)

2024-04-02 15:31:49 - [MESSAGE][PASSED] - Delayed 2 second(s)

2024-04-02 15:31:49 - [TEST_STEP][PASSED] - click(findTestObject("WIZARD/3Infraestructura/6Tableros/Configuracion/Edicion/img_Nuevo")): Object: 'Object Repository/WIZARD/3Infraestructura/6Tableros/Configuracion/Edicion/img_Nuevo' is clicked on

2024-04-02 15:31:49 - [MESSAGE][PASSED] - Object: 'Object Repository/WIZARD/3Infraestructura/6Tableros/Configuracion/Edicion/img_Nuevo' is clicked on

2024-04-02 15:31:49 - [TEST_STEP][PASSED] - delay(3): Delayed 3 second(s)

2024-04-02 15:31:52 - [MESSAGE][PASSED] - Delayed 3 second(s)

2024-04-02 15:31:52 - [TEST_STEP][PASSED] - click(findTestObject("WIZARD/3Infraestructura/0Menu/span_Tableros")): Object: 'Object Repository/WIZARD/3Infraestructura/0Menu/span_Tableros' is clicked on

2024-04-02 15:31:53 - [MESSAGE][PASSED] - Object: 'Object Repository/WIZARD/3Infraestructura/0Menu/span_Tableros' is clicked on

2024-04-02 15:31:53 - [TEST_STEP][PASSED] - delay(3): Delayed 3 second(s)

2024-04-02 15:31:56 - [MESSAGE][PASSED] - Delayed 3 second(s)

2024-04-02 15:31:56 - [TEST_STEP][PASSED] - click(findTestObject("WIZARD/3Infraestructura/6Tableros/0OficinaModal/a_x(Cerrar)")): Object: 'Object Repository/WIZARD/3Infraestructura/6Tableros/0OficinaModal/a_x(Cerrar)' is clicked on

2024-04-02 15:31:56 - [MESSAGE][PASSED] - Object: 'Object Repository/WIZARD/3Infraestructura/6Tableros/0OficinaModal/a_x(Cerrar)' is clicked on

2024-04-02 15:31:56 - [TEST_STEP][PASSED] - delay(3): Delayed 3 second(s)

2024-04-02 15:32:00 - [MESSAGE][PASSED] - Delayed 3 second(s)

2024-04-02 15:32:00 - [TEST_STEP][PASSED] - click(findTestObject("WIZARD/3Infraestructura/6Tableros/Configuracion/Edicion/btn_SeleccionarOficina")): Object: 'Object Repository/WIZARD/3Infraestructura/6Tableros/Configuracion/Edicion/btn_SeleccionarOficina' is clicked on

2024-04-02 15:32:00 - [MESSAGE][PASSED] - Object: 'Object Repository/WIZARD/3Infraestructura/6Tableros/Configuracion/Edicion/btn_SeleccionarOficina' is clicked on

2024-04-02 15:32:00 - [TEST_STEP][PASSED] - delay(3): Delayed 3 second(s)

2024-04-02 15:32:03 - [MESSAGE][PASSED] - Delayed 3 second(s)

2024-04-02 15:32:03 - [TEST_STEP][PASSED] - click(findTestObject("WIZARD/3Infraestructura/6Tableros/Configuracion/Edicion/btn_Seleccionar Oficina(1)/td_6Virtual - Oficina Virtual")): Object: 'Object Repository/WIZARD/3Infraestructura/6Tableros/Configuracion/Edicion/btn_Seleccionar Oficina(1)/td_6Virtual - Oficina Virtual' is clicked on

2024-04-02 15:32:03 - [MESSAGE][PASSED] - Object: 'Object Repository/WIZARD/3Infraestructura/6Tableros/Configuracion/Edicion/btn_Seleccionar Oficina(1)/td_6Virtual - Oficina Virtual' is clicked on

2024-04-02 15:32:03 - [TEST_STEP][PASSED] - delay(3): Delayed 3 second(s)

2024-04-02 15:32:06 - [MESSAGE][PASSED] - Delayed 3 second(s)

2024-04-02 15:32:06 - [TEST_STEP][PASSED] - scrollToElement(findTestObject("WIZARD/3Infraestructura/6Tableros/Configuracion/Edicion/input_Nombre"), 2): Scroll to object 'Object Repository/WIZARD/3Infraestructura/6Tableros/Configuracion/Edicion/input_Nombre' successfully

2024-04-02 15:32:07 - [MESSAGE][PASSED] - Scroll to object 'Object Repository/WIZARD/3Infraestructura/6Tableros/Configuracion/Edicion/input_Nombre' successfully

2024-04-02 15:32:07 - [TEST_STEP][PASSED] - setText(findTestObject("WIZARD/3Infraestructura/6Tableros/Configuracion/Edicion/input_Nombre"), "Virtual - Tablero - 1 "): Text 'Virtual - Tablero - 1 ' is set on object 'Object Repository/WIZARD/3Infraestructura/6Tableros/Configuracion/Edicion/input_Nombre'

2024-04-02 15:32:08 - [MESSAGE][PASSED] - Text 'Virtual - Tablero - 1 ' is set on object 'Object Repository/WIZARD/3Infraestructura/6Tableros/Configuracion/Edicion/input_Nombre'

2024-04-02 15:32:08 - [TEST_STEP][PASSED] - setText(findTestObject("WIZARD/3Infraestructura/6Tableros/Configuracion/Edicion/textarea_Descripcion"), "Virtual - Tablero - 1"): Text 'Virtual - Tablero - 1' is set on object 'Object Repository/WIZARD/3Infraestructura/6Tableros/Configuracion/Edicion/textarea_Descripcion'

2024-04-02 15:32:08 - [MESSAGE][PASSED] - Text 'Virtual - Tablero - 1' is set on object 'Object Repository/WIZARD/3Infraestructura/6Tableros/Configuracion/Edicion/textarea_Descripcion'

2024-04-02 15:32:08 - [TEST_STEP][PASSED] - scrollToPosition(0, 0): Browser is scrolled to position x = 0, y = 0

2024-04-02 15:32:08 - [MESSAGE][PASSED] - Browser is scrolled to position x = 0, y = 0

2024-04-02 15:32:08 - [TEST_STEP][PASSED] - delay(2): Delayed 2 second(s)

2024-04-02 15:32:10 - [MESSAGE][PASSED] - Delayed 2 second(s)

2024-04-02 15:32:10 - [TEST_STEP][PASSED] - click(findTestObject("WIZARD/3Infraestructura/6Tableros/Configuracion/Edicion/img_Nuevo")): Object: 'Object Repository/WIZARD/3Infraestructura/6Tableros/Configuracion/Edicion/img_Nuevo' is clicked on

2024-04-02 15:32:11 - [MESSAGE][PASSED] - Object: 'Object Repository/WIZARD/3Infraestructura/6Tableros/Configuracion/Edicion/img_Nuevo' is clicked on

2024-04-02 15:32:11 - [TEST_STEP][PASSED] - delay(3): Delayed 3 second(s)

2024-04-02 15:32:14 - [MESSAGE][PASSED] - Delayed 3 second(s)

2024-04-02 15:32:14 - [TEST_STEP][PASSED] - click(findTestObject("WIZARD/3Infraestructura/0Menu/span_Tableros")): Object: 'Object Repository/WIZARD/3Infraestructura/0Menu/span_Tableros' is clicked on

2024-04-02 15:32:15 - [MESSAGE][PASSED] - Object: 'Object Repository/WIZARD/3Infraestructura/0Menu/span_Tableros' is clicked on

2024-04-02 15:32:15 - [TEST_STEP][PASSED] - delay(3): Delayed 3 second(s)

2024-04-02 15:32:18 - [MESSAGE][PASSED] - Delayed 3 second(s)

2024-04-02 15:32:18 - [TEST_STEP][PASSED] - click(findTestObject("WIZARD/3Infraestructura/6Tableros/0OficinaModal/a_x(Cerrar)")): Object: 'Object Repository/WIZARD/3Infraestructura/6Tableros/0OficinaModal/a_x(Cerrar)' is clicked on

2024-04-02 15:32:18 - [MESSAGE][PASSED] - Object: 'Object Repository/WIZARD/3Infraestructura/6Tableros/0OficinaModal/a_x(Cerrar)' is clicked on

2024-04-02 15:32:18 - [TEST_STEP][PASSED] - delay(3): Delayed 3 second(s)

2024-04-02 15:32:21 - [MESSAGE][PASSED] - Delayed 3 second(s)

2024-04-02 15:32:21 - [TEST_STEP][PASSED] - click(findTestObject("WIZARD/3Infraestructura/6Tableros/Configuracion/Edicion/btn_SeleccionarOficina")): Object: 'Object Repository/WIZARD/3Infraestructura/6Tableros/Configuracion/Edicion/btn_SeleccionarOficina' is clicked on

2024-04-02 15:32:21 - [MESSAGE][PASSED] - Object: 'Object Repository/WIZARD/3Infraestructura/6Tableros/Configuracion/Edicion/btn_SeleccionarOficina' is clicked on

2024-04-02 15:32:21 - [TEST_STEP][PASSED] - delay(3): Delayed 3 second(s)

2024-04-02 15:32:24 - [MESSAGE][PASSED] - Delayed 3 second(s)

2024-04-02 15:32:24 - [TEST_STEP][PASSED] - click(findTestObject("WIZARD/3Infraestructura/6Tableros/Configuracion/Edicion/btn_Seleccionar Oficina(1)/td_7WorkFlow - Oficina WorkFlow")): Object: 'Object Repository/WIZARD/3Infraestructura/6Tableros/Configuracion/Edicion/btn_Seleccionar Oficina(1)/td_7WorkFlow - Oficina WorkFlow' is clicked on

2024-04-02 15:32:25 - [MESSAGE][PASSED] - Object: 'Object Repository/WIZARD/3Infraestructura/6Tableros/Configuracion/Edicion/btn_Seleccionar Oficina(1)/td_7WorkFlow - Oficina WorkFlow' is clicked on

2024-04-02 15:32:25 - [TEST_STEP][PASSED] - delay(3): Delayed 3 second(s)

2024-04-02 15:32:28 - [MESSAGE][PASSED] - Delayed 3 second(s)

2024-04-02 15:32:28 - [TEST_STEP][PASSED] - scrollToElement(findTestObject("WIZARD/3Infraestructura/6Tableros/Configuracion/Edicion/input_Nombre"), 2): Scroll to object 'Object Repository/WIZARD/3Infraestructura/6Tableros/Configuracion/Edicion/input_Nombre' successfully

2024-04-02 15:32:28 - [MESSAGE][PASSED] - Scroll to object 'Object Repository/WIZARD/3Infraestructura/6Tableros/Configuracion/Edicion/input_Nombre' successfully

2024-04-02 15:32:28 - [TEST_STEP][PASSED] - setText(findTestObject("WIZARD/3Infraestructura/6Tableros/Configuracion/Edicion/input_Nombre"), "WorkFlow - Tablero - 1 "): Text 'WorkFlow - Tablero - 1 ' is set on object 'Object Repository/WIZARD/3Infraestructura/6Tableros/Configuracion/Edicion/input_Nombre'

2024-04-02 15:32:29 - [MESSAGE][PASSED] - Text 'WorkFlow - Tablero - 1 ' is set on object 'Object Repository/WIZARD/3Infraestructura/6Tableros/Configuracion/Edicion/input_Nombre'

2024-04-02 15:32:29 - [TEST_STEP][PASSED] - setText(findTestObject("WIZARD/3Infraestructura/6Tableros/Configuracion/Edicion/textarea_Descripcion"), "WorkFlow - Tablero - 1"): Text 'WorkFlow - Tablero - 1' is set on object 'Object Repository/WIZARD/3Infraestructura/6Tableros/Configuracion/Edicion/textarea_Descripcion'

2024-04-02 15:32:30 - [MESSAGE][PASSED] - Text 'WorkFlow - Tablero - 1' is set on object 'Object Repository/WIZARD/3Infraestructura/6Tableros/Configuracion/Edicion/textarea_Descripcion'

2024-04-02 15:32:30 - [TEST_STEP][PASSED] - scrollToPosition(0, 0): Browser is scrolled to position x = 0, y = 0

2024-04-02 15:32:30 - [MESSAGE][PASSED] - Browser is scrolled to position x = 0, y = 0

2024-04-02 15:32:30 - [TEST_STEP][PASSED] - delay(2): Delayed 2 second(s)

2024-04-02 15:32:32 - [MESSAGE][PASSED] - Delayed 2 second(s)

2024-04-02 15:32:32 - [TEST_STEP][PASSED] - click(findTestObject("WIZARD/3Infraestructura/6Tableros/Configuracion/Edicion/img_Nuevo")): Object: 'Object Repository/WIZARD/3Infraestructura/6Tableros/Configuracion/Edicion/img_Nuevo' is clicked on

2024-04-02 15:32:32 - [MESSAGE][PASSED] - Object: 'Object Repository/WIZARD/3Infraestructura/6Tableros/Configuracion/Edicion/img_Nuevo' is clicked on

2024-04-02 15:32:32 - [TEST_STEP][PASSED] - delay(3): Delayed 3 second(s)

2024-04-02 15:32:35 - [MESSAGE][PASSED] - Delayed 3 second(s)

2024-04-02 15:32:35 - [TEST_STEP][PASSED] - takeFullPageScreenshot(): Taking screenshot successfully

2024-04-02 15:32:36 - [MESSAGE][INFO] - 0 hidden object(s)

2024-04-02 15:32:36 - [MESSAGE][PASSED] - Taking screenshot successfully
[[ATTACHMENT|C:\\CIEL INGENIERIA\\Katalon\\Digiturno55\\Reports\\20240402_143907\\WIZARD\\3Infraestructura\\6Tableros\\5.6 Crear Tableros\\20240402_144021\\1712089956011.png]]

2024-04-02 15:32:36 - [TEST_STEP][PASSED] - delay(3): Delayed 3 second(s)

2024-04-02 15:32:40 - [MESSAGE][PASSED] - Delayed 3 second(s)

2024-04-02 15:32:40 - [TEST_STEP][PASSED] - Start listener action : sampleAfterTestCase: null]]></system-out>
         <system-err><![CDATA[]]></system-err>
      </testcase>
      <system-out><![CDATA[2024-04-02 15:29:47 - [TEST_SUITE][PASSED] - 5.6 Crear Tableros: Test Cases/WIZARD/3Infraestructura/6Tableros/5.6 Crear Tableros]]></system-out>
      <system-err><![CDATA[]]></system-err>
   </testsuite>
</testsuites>
