<?xml version="1.0" encoding="UTF-8"?>
<testsuites name="60 Informacion Clientes" time="72.928" tests="1" failures="0" errors="0">
   <testsuite name="60 Informacion Clientes" tests="1" failures="0" errors="0" time="72.928" skipped="0" timestamp="2023-07-11 12:19:08" hostname="jdavila - PCPruebas101.ciel.cielingenieria.com" id="Test Suites/DIGITURNO/BASICO/60 Informacion Clientes">
      <properties>
         <property name="deviceName" value=""/>
         <property name="devicePlatform" value=""/>
         <property name="logFolder" value="C:\\CIEL INGENIERIA\\Katalon\\Digiturno55\\Reports\\20230711_113602\\DIGITURNO\\BASICO\\60 Informacion Clientes\\20230711_113657"/>
         <property name="logFiles" value="C:\\CIEL INGENIERIA\\Katalon\\Digiturno55\\Reports\\20230711_113602\\DIGITURNO\\BASICO\\60 Informacion Clientes\\20230711_113657\\execution0.log"/>
         <property name="attachments" value="C:\\CIEL INGENIERIA\\Katalon\\Digiturno55\\Reports\\20230711_113602\\DIGITURNO\\BASICO\\60 Informacion Clientes\\20230711_113657\\1689095964696.png, C:\\CIEL INGENIERIA\\Katalon\\Digiturno55\\Reports\\20230711_113602\\DIGITURNO\\BASICO\\60 Informacion Clientes\\20230711_113657\\1689095971913.png, C:\\CIEL INGENIERIA\\Katalon\\Digiturno55\\Reports\\20230711_113602\\DIGITURNO\\BASICO\\60 Informacion Clientes\\20230711_113657\\1689096017005.png"/>
         <property name="hostName" value="jdavila - PCPruebas101.ciel.cielingenieria.com"/>
         <property name="os" value="Windows 10 64bit"/>
         <property name="katalonVersion" value="8.6.0.208"/>
         <property name="browser" value="Chrome 114.0.0.0"/>
         <property name="hostAddress" value="192.168.0.33"/>
         <property name="sessionId" value="3a00fe1c6e3b477c0ae1826fafa4d75a"/>
         <property name="seleniumVersion" value="3.141.59"/>
         <property name="proxyInformation" value="ProxyInformation { proxyOption=NO_PROXY, proxyServerType=HTTP, username=, password=********, proxyServerAddress=, proxyServerPort=0, executionList=&quot;&quot;, isApplyToDesiredCapabilities=true }"/>
         <property name="platform" value="Windows 10"/>
      </properties>
      <testcase name="Test Cases/DIGITURNO/BASICO/60 Informacion Clientes" time="72.689" classname="Test Cases/DIGITURNO/BASICO/60 Informacion Clientes" status="PASSED">
         <system-out><![CDATA[2023-07-11 12:19:08 - [TEST_CASE][PASSED] - Test Cases/DIGITURNO/BASICO/60 Informacion Clientes: Test Cases/DIGITURNO/BASICO/60 Informacion Clientes

2023-07-11 12:19:09 - [TEST_STEP][PASSED] - callTestCase(findTestCase("DIGITURNO/BASICO/59 Datos Complementarios"), [:], STOP_ON_FAILURE): Call Test Case 'Test Cases/DIGITURNO/BASICO/59 Datos Complementarios' successfully

2023-07-11 12:19:09 - [TEST_CASE][PASSED] - Test Cases/DIGITURNO/BASICO/59 Datos Complementarios: Test Cases/DIGITURNO/BASICO/59 Datos Complementarios

2023-07-11 12:19:09 - [TEST_STEP][PASSED] - callTestCase(findTestCase("DIGITURNO/BASICO/3 Configuracion"), [:], STOP_ON_FAILURE): Call Test Case 'Test Cases/DIGITURNO/BASICO/3 Configuracion' successfully

2023-07-11 12:19:09 - [TEST_CASE][PASSED] - Test Cases/DIGITURNO/BASICO/3 Configuracion: Test Cases/DIGITURNO/BASICO/3 Configuracion

2023-07-11 12:19:09 - [TEST_STEP][PASSED] - callTestCase(findTestCase("0InicioSesion"), [:], STOP_ON_FAILURE): Call Test Case 'Test Cases/0InicioSesion' successfully

2023-07-11 12:19:09 - [TEST_CASE][PASSED] - Test Cases/0InicioSesion: Test Cases/0InicioSesion

2023-07-11 12:19:10 - [TEST_STEP][PASSED] - openBrowser(UrlDigiturno): Browser is opened with url: 'https://PCPruebas101.ciel.cielingenieria.com:8810'

2023-07-11 12:19:10 - [MESSAGE][INFO] - Starting 'Chrome' driver

2023-07-11 12:19:10 - [MESSAGE][INFO] - User set preference: ['args', '[--use-fake-ui-for-media-stream, --disable-notifications]']

2023-07-11 12:19:10 - [MESSAGE][INFO] - Action delay is set to 0 milliseconds

2023-07-11 12:19:12 - [MESSAGE][PASSED] - Browser is opened with url: 'https://PCPruebas101.ciel.cielingenieria.com:8810'

2023-07-11 12:19:12 - [TEST_STEP][PASSED] - maximizeWindow(): Current window maximized

2023-07-11 12:19:13 - [MESSAGE][PASSED] - Current window maximized

2023-07-11 12:19:13 - [TEST_STEP][PASSED] - delay(3): Delayed 3 second(s)

2023-07-11 12:19:16 - [MESSAGE][PASSED] - Delayed 3 second(s)

2023-07-11 12:19:16 - [TEST_STEP][PASSED] - setText(findTestObject("0Inicio Sesion/input_Usuario"), "Ciel"): Text 'Ciel' is set on object 'Object Repository/0Inicio Sesion/input_Usuario'

2023-07-11 12:19:16 - [MESSAGE][PASSED] - Text 'Ciel' is set on object 'Object Repository/0Inicio Sesion/input_Usuario'

2023-07-11 12:19:16 - [TEST_STEP][PASSED] - setText(findTestObject("0Inicio Sesion/input_Clave"), "digiturno"): Text 'digiturno' is set on object 'Object Repository/0Inicio Sesion/input_Clave'

2023-07-11 12:19:17 - [MESSAGE][PASSED] - Text 'digiturno' is set on object 'Object Repository/0Inicio Sesion/input_Clave'

2023-07-11 12:19:17 - [TEST_STEP][PASSED] - click(findTestObject("0Inicio Sesion/btn_IniciarSesion")): Object: 'Object Repository/0Inicio Sesion/btn_IniciarSesion' is clicked on

2023-07-11 12:19:18 - [MESSAGE][PASSED] - Object: 'Object Repository/0Inicio Sesion/btn_IniciarSesion' is clicked on

2023-07-11 12:19:18 - [TEST_STEP][PASSED] - delay(3): Delayed 3 second(s)

2023-07-11 12:19:21 - [MESSAGE][PASSED] - Delayed 3 second(s)

2023-07-11 12:19:21 - [MESSAGE][PASSED] - Call Test Case 'Test Cases/0InicioSesion' successfully

2023-07-11 12:19:21 - [TEST_STEP][PASSED] - click(findTestObject("DIGITURNO/1Principal/img_Configuracion(1)")): Object: 'Object Repository/DIGITURNO/1Principal/img_Configuracion(1)' is clicked on

2023-07-11 12:19:21 - [MESSAGE][PASSED] - Object: 'Object Repository/DIGITURNO/1Principal/img_Configuracion(1)' is clicked on

2023-07-11 12:19:21 - [TEST_STEP][PASSED] - delay(3): Delayed 3 second(s)

2023-07-11 12:19:24 - [MESSAGE][PASSED] - Delayed 3 second(s)

2023-07-11 12:19:24 - [TEST_STEP][PASSED] - takeFullPageScreenshot(): Taking screenshot successfully

2023-07-11 12:19:25 - [MESSAGE][INFO] - 0 hidden object(s)

2023-07-11 12:19:25 - [MESSAGE][PASSED] - Taking screenshot successfully
[[ATTACHMENT|C:\\CIEL INGENIERIA\\Katalon\\Digiturno55\\Reports\\20230711_113602\\DIGITURNO\\BASICO\\60 Informacion Clientes\\20230711_113657\\1689095964696.png]]

2023-07-11 12:19:25 - [TEST_STEP][PASSED] - delay(3): Delayed 3 second(s)

2023-07-11 12:19:28 - [MESSAGE][PASSED] - Delayed 3 second(s)

2023-07-11 12:19:28 - [MESSAGE][PASSED] - Call Test Case 'Test Cases/DIGITURNO/BASICO/3 Configuracion' successfully

2023-07-11 12:19:28 - [TEST_STEP][PASSED] - click(findTestObject("DIGITURNO/CONFIGURACION/0Principal/img_5Datos complementarios")): Object: 'Object Repository/DIGITURNO/CONFIGURACION/0Principal/img_5Datos complementarios' is clicked on

2023-07-11 12:19:28 - [MESSAGE][PASSED] - Object: 'Object Repository/DIGITURNO/CONFIGURACION/0Principal/img_5Datos complementarios' is clicked on

2023-07-11 12:19:28 - [TEST_STEP][PASSED] - delay(3): Delayed 3 second(s)

2023-07-11 12:19:31 - [MESSAGE][PASSED] - Delayed 3 second(s)

2023-07-11 12:19:31 - [TEST_STEP][PASSED] - takeFullPageScreenshot(): Taking screenshot successfully

2023-07-11 12:19:32 - [MESSAGE][INFO] - 0 hidden object(s)

2023-07-11 12:19:32 - [MESSAGE][PASSED] - Taking screenshot successfully
[[ATTACHMENT|C:\\CIEL INGENIERIA\\Katalon\\Digiturno55\\Reports\\20230711_113602\\DIGITURNO\\BASICO\\60 Informacion Clientes\\20230711_113657\\1689095971913.png]]

2023-07-11 12:19:32 - [TEST_STEP][PASSED] - delay(3): Delayed 3 second(s)

2023-07-11 12:19:35 - [MESSAGE][PASSED] - Delayed 3 second(s)

2023-07-11 12:19:35 - [MESSAGE][PASSED] - Call Test Case 'Test Cases/DIGITURNO/BASICO/59 Datos Complementarios' successfully

2023-07-11 12:19:35 - [TEST_STEP][PASSED] - click(findTestObject("DIGITURNO/CONFIGURACION/5Datos Complementarios/0Principal/img_Informacion de clientes")): Object: 'Object Repository/DIGITURNO/CONFIGURACION/5Datos Complementarios/0Principal/img_Informacion de clientes' is clicked on

2023-07-11 12:19:36 - [MESSAGE][PASSED] - Object: 'Object Repository/DIGITURNO/CONFIGURACION/5Datos Complementarios/0Principal/img_Informacion de clientes' is clicked on

2023-07-11 12:19:36 - [TEST_STEP][PASSED] - delay(3): Delayed 3 second(s)

2023-07-11 12:19:39 - [MESSAGE][PASSED] - Delayed 3 second(s)

2023-07-11 12:19:39 - [TEST_STEP][PASSED] - scrollToElement(findTestObject("DIGITURNO/CONFIGURACION/5Datos Complementarios/Informacion Clientes/0 Tipo de usuario clientes/img_Nuevo"), 2): Scroll to object 'Object Repository/DIGITURNO/CONFIGURACION/5Datos Complementarios/Informacion Clientes/0 Tipo de usuario clientes/img_Nuevo' successfully

2023-07-11 12:19:39 - [MESSAGE][PASSED] - Scroll to object 'Object Repository/DIGITURNO/CONFIGURACION/5Datos Complementarios/Informacion Clientes/0 Tipo de usuario clientes/img_Nuevo' successfully

2023-07-11 12:19:39 - [TEST_STEP][PASSED] - setText(findTestObject("DIGITURNO/CONFIGURACION/5Datos Complementarios/Informacion Clientes/0 Tipo de usuario clientes/input_Nombre"), "Prueba"): Text 'Prueba' is set on object 'Object Repository/DIGITURNO/CONFIGURACION/5Datos Complementarios/Informacion Clientes/0 Tipo de usuario clientes/input_Nombre'

2023-07-11 12:19:41 - [MESSAGE][PASSED] - Text 'Prueba' is set on object 'Object Repository/DIGITURNO/CONFIGURACION/5Datos Complementarios/Informacion Clientes/0 Tipo de usuario clientes/input_Nombre'

2023-07-11 12:19:41 - [TEST_STEP][PASSED] - setText(findTestObject("DIGITURNO/CONFIGURACION/5Datos Complementarios/Informacion Clientes/0 Tipo de usuario clientes/textarea_Descripcion"), "Prueba"): Text 'Prueba' is set on object 'Object Repository/DIGITURNO/CONFIGURACION/5Datos Complementarios/Informacion Clientes/0 Tipo de usuario clientes/textarea_Descripcion'

2023-07-11 12:19:41 - [MESSAGE][PASSED] - Text 'Prueba' is set on object 'Object Repository/DIGITURNO/CONFIGURACION/5Datos Complementarios/Informacion Clientes/0 Tipo de usuario clientes/textarea_Descripcion'

2023-07-11 12:19:41 - [TEST_STEP][PASSED] - scrollToPosition(0, 100): Browser is scrolled to position x = 0, y = 100

2023-07-11 12:19:41 - [MESSAGE][PASSED] - Browser is scrolled to position x = 0, y = 100

2023-07-11 12:19:41 - [TEST_STEP][PASSED] - delay(2, STOP_ON_FAILURE): Delayed 2 second(s)

2023-07-11 12:19:44 - [MESSAGE][PASSED] - Delayed 2 second(s)

2023-07-11 12:19:44 - [TEST_STEP][PASSED] - click(findTestObject("DIGITURNO/CONFIGURACION/5Datos Complementarios/Informacion Clientes/0 Tipo de usuario clientes/img_Nuevo")): Object: 'Object Repository/DIGITURNO/CONFIGURACION/5Datos Complementarios/Informacion Clientes/0 Tipo de usuario clientes/img_Nuevo' is clicked on

2023-07-11 12:20:13 - [MESSAGE][PASSED] - Object: 'Object Repository/DIGITURNO/CONFIGURACION/5Datos Complementarios/Informacion Clientes/0 Tipo de usuario clientes/img_Nuevo' is clicked on

2023-07-11 12:20:13 - [TEST_STEP][PASSED] - delay(3): Delayed 3 second(s)

2023-07-11 12:20:17 - [MESSAGE][PASSED] - Delayed 3 second(s)

2023-07-11 12:20:17 - [TEST_STEP][PASSED] - takeFullPageScreenshot(): Taking screenshot successfully

2023-07-11 12:20:18 - [MESSAGE][INFO] - 0 hidden object(s)

2023-07-11 12:20:18 - [MESSAGE][PASSED] - Taking screenshot successfully
[[ATTACHMENT|C:\\CIEL INGENIERIA\\Katalon\\Digiturno55\\Reports\\20230711_113602\\DIGITURNO\\BASICO\\60 Informacion Clientes\\20230711_113657\\1689096017005.png]]

2023-07-11 12:20:18 - [TEST_STEP][PASSED] - delay(3): Delayed 3 second(s)

2023-07-11 12:20:21 - [MESSAGE][PASSED] - Delayed 3 second(s)

2023-07-11 12:20:21 - [TEST_STEP][PASSED] - Start listener action : sampleAfterTestCase: null]]></system-out>
         <system-err><![CDATA[]]></system-err>
      </testcase>
      <system-out><![CDATA[2023-07-11 12:19:08 - [TEST_SUITE][PASSED] - 60 Informacion Clientes: Test Cases/DIGITURNO/BASICO/60 Informacion Clientes]]></system-out>
      <system-err><![CDATA[]]></system-err>
   </testsuite>
</testsuites>
