<?xml version="1.0" encoding="UTF-8"?>
<testsuites name="5.1 Crear Oficina WorkFlow" time="60.783" tests="1" failures="0" errors="0">
   <testsuite name="5.1 Crear Oficina WorkFlow" tests="1" failures="0" errors="0" time="60.783" skipped="0" timestamp="2023-08-14 10:52:33" hostname="jdavila - PCPruebas101.ciel.cielingenieria.com" id="Test Suites/WIZARD/3Infraestructura/1Oficinas/5.1 Crear Oficina WorkFlow">
      <properties>
         <property name="deviceName" value=""/>
         <property name="devicePlatform" value=""/>
         <property name="logFolder" value="C:\\CIEL INGENIERIA\\Katalon\\Digiturno55\\Reports\\20230814_104251\\WIZARD\\3Infraestructura\\1Oficinas\\5.1 Crear Oficina WorkFlow\\20230814_104305"/>
         <property name="logFiles" value="C:\\CIEL INGENIERIA\\Katalon\\Digiturno55\\Reports\\20230814_104251\\WIZARD\\3Infraestructura\\1Oficinas\\5.1 Crear Oficina WorkFlow\\20230814_104305\\execution0.log"/>
         <property name="attachments" value="C:\\CIEL INGENIERIA\\Katalon\\Digiturno55\\Reports\\20230814_104251\\WIZARD\\3Infraestructura\\1Oficinas\\5.1 Crear Oficina WorkFlow\\20230814_104305\\1692028410667.png"/>
         <property name="hostName" value="jdavila - PCPruebas101.ciel.cielingenieria.com"/>
         <property name="os" value="Windows 10 64bit"/>
         <property name="katalonVersion" value="8.6.0.208"/>
         <property name="browser" value="Chrome 115.0.0.0"/>
         <property name="hostAddress" value="192.168.0.33"/>
         <property name="sessionId" value="a1276a385ac6772df9bc59c720029edc"/>
         <property name="seleniumVersion" value="3.141.59"/>
         <property name="proxyInformation" value="ProxyInformation { proxyOption=NO_PROXY, proxyServerType=HTTP, username=, password=********, proxyServerAddress=, proxyServerPort=0, executionList=&quot;&quot;, isApplyToDesiredCapabilities=true }"/>
         <property name="platform" value="Windows 10"/>
      </properties>
      <testcase name="Test Cases/WIZARD/3Infraestructura/1Oficinas/5.1 Crear Oficina WorkFlow" time="60.539" classname="Test Cases/WIZARD/3Infraestructura/1Oficinas/5.1 Crear Oficina WorkFlow" status="PASSED">
         <system-out><![CDATA[2023-08-14 10:52:33 - [TEST_CASE][PASSED] - Test Cases/WIZARD/3Infraestructura/1Oficinas/5.1 Crear Oficina WorkFlow: Test Cases/WIZARD/3Infraestructura/1Oficinas/5.1 Crear Oficina WorkFlow

2023-08-14 10:52:34 - [TEST_STEP][PASSED] - callTestCase(findTestCase("0InicioSesion"), [:], STOP_ON_FAILURE): Call Test Case 'Test Cases/0InicioSesion' successfully

2023-08-14 10:52:34 - [TEST_CASE][PASSED] - Test Cases/0InicioSesion: Test Cases/0InicioSesion

2023-08-14 10:52:34 - [TEST_STEP][PASSED] - openBrowser(UrlDigiturno): Browser is opened with url: 'https://PCPruebas101.ciel.cielingenieria.com:8610'

2023-08-14 10:52:35 - [MESSAGE][INFO] - Starting 'Chrome' driver

2023-08-14 10:52:35 - [MESSAGE][INFO] - User set preference: ['args', '[--use-fake-ui-for-media-stream, --disable-notifications]']

2023-08-14 10:52:35 - [MESSAGE][INFO] - Action delay is set to 0 milliseconds

2023-08-14 10:52:37 - [MESSAGE][PASSED] - Browser is opened with url: 'https://PCPruebas101.ciel.cielingenieria.com:8610'

2023-08-14 10:52:37 - [TEST_STEP][PASSED] - maximizeWindow(): Current window maximized

2023-08-14 10:52:37 - [MESSAGE][PASSED] - Current window maximized

2023-08-14 10:52:37 - [TEST_STEP][PASSED] - delay(3): Delayed 3 second(s)

2023-08-14 10:52:40 - [MESSAGE][PASSED] - Delayed 3 second(s)

2023-08-14 10:52:40 - [TEST_STEP][PASSED] - setText(findTestObject("0Inicio Sesion/input_Usuario"), "Ciel"): Text 'Ciel' is set on object 'Object Repository/0Inicio Sesion/input_Usuario'

2023-08-14 10:52:41 - [MESSAGE][PASSED] - Text 'Ciel' is set on object 'Object Repository/0Inicio Sesion/input_Usuario'

2023-08-14 10:52:41 - [TEST_STEP][PASSED] - setText(findTestObject("0Inicio Sesion/input_Clave"), "digiturno"): Text 'digiturno' is set on object 'Object Repository/0Inicio Sesion/input_Clave'

2023-08-14 10:52:41 - [MESSAGE][PASSED] - Text 'digiturno' is set on object 'Object Repository/0Inicio Sesion/input_Clave'

2023-08-14 10:52:41 - [TEST_STEP][PASSED] - click(findTestObject("0Inicio Sesion/btn_IniciarSesion")): Object: 'Object Repository/0Inicio Sesion/btn_IniciarSesion' is clicked on

2023-08-14 10:52:42 - [MESSAGE][PASSED] - Object: 'Object Repository/0Inicio Sesion/btn_IniciarSesion' is clicked on

2023-08-14 10:52:42 - [TEST_STEP][PASSED] - delay(3): Delayed 3 second(s)

2023-08-14 10:52:45 - [MESSAGE][PASSED] - Delayed 3 second(s)

2023-08-14 10:52:45 - [MESSAGE][PASSED] - Call Test Case 'Test Cases/0InicioSesion' successfully

2023-08-14 10:52:45 - [TEST_STEP][PASSED] - click(findTestObject("WIZARD/0Principal/img_InfraestructuraMAX")): Object: 'Object Repository/WIZARD/0Principal/img_InfraestructuraMAX' is clicked on

2023-08-14 10:52:47 - [MESSAGE][PASSED] - Object: 'Object Repository/WIZARD/0Principal/img_InfraestructuraMAX' is clicked on

2023-08-14 10:52:47 - [TEST_STEP][PASSED] - delay(3): Delayed 3 second(s)

2023-08-14 10:52:50 - [MESSAGE][PASSED] - Delayed 3 second(s)

2023-08-14 10:52:50 - [TEST_STEP][PASSED] - click(findTestObject("WIZARD/3Infraestructura/0Menu/span_Oficinas")): Object: 'Object Repository/WIZARD/3Infraestructura/0Menu/span_Oficinas' is clicked on

2023-08-14 10:52:51 - [MESSAGE][PASSED] - Object: 'Object Repository/WIZARD/3Infraestructura/0Menu/span_Oficinas' is clicked on

2023-08-14 10:52:51 - [TEST_STEP][PASSED] - delay(3): Delayed 3 second(s)

2023-08-14 10:52:54 - [MESSAGE][PASSED] - Delayed 3 second(s)

2023-08-14 10:52:54 - [TEST_STEP][PASSED] - selectOptionByLabel(findTestObject("WIZARD/3Infraestructura/1Oficinas/2Edicion/Edicion/select_Pais"), "Colombia", false): All options with label 'Colombia' are selected in object 'Object Repository/WIZARD/3Infraestructura/1Oficinas/2Edicion/Edicion/select_Pais' 

2023-08-14 10:52:55 - [MESSAGE][PASSED] - All options with label 'Colombia' are selected in object 'Object Repository/WIZARD/3Infraestructura/1Oficinas/2Edicion/Edicion/select_Pais' 

2023-08-14 10:52:55 - [TEST_STEP][PASSED] - delay(2): Delayed 2 second(s)

2023-08-14 10:52:57 - [MESSAGE][PASSED] - Delayed 2 second(s)

2023-08-14 10:52:57 - [TEST_STEP][PASSED] - selectOptionByLabel(findTestObject("WIZARD/3Infraestructura/1Oficinas/2Edicion/Edicion/select_Departamento"), "Dpto WorkFlow", false): All options with label 'Dpto WorkFlow' are selected in object 'Object Repository/WIZARD/3Infraestructura/1Oficinas/2Edicion/Edicion/select_Departamento' 

2023-08-14 10:52:58 - [MESSAGE][PASSED] - All options with label 'Dpto WorkFlow' are selected in object 'Object Repository/WIZARD/3Infraestructura/1Oficinas/2Edicion/Edicion/select_Departamento' 

2023-08-14 10:52:58 - [TEST_STEP][PASSED] - delay(2): Delayed 2 second(s)

2023-08-14 10:53:00 - [MESSAGE][PASSED] - Delayed 2 second(s)

2023-08-14 10:53:00 - [TEST_STEP][PASSED] - selectOptionByLabel(findTestObject("WIZARD/3Infraestructura/1Oficinas/2Edicion/Edicion/select_Ciudad"), "WorkFlow", false): All options with label 'WorkFlow' are selected in object 'Object Repository/WIZARD/3Infraestructura/1Oficinas/2Edicion/Edicion/select_Ciudad' 

2023-08-14 10:53:01 - [MESSAGE][PASSED] - All options with label 'WorkFlow' are selected in object 'Object Repository/WIZARD/3Infraestructura/1Oficinas/2Edicion/Edicion/select_Ciudad' 

2023-08-14 10:53:01 - [TEST_STEP][PASSED] - delay(2): Delayed 2 second(s)

2023-08-14 10:53:03 - [MESSAGE][PASSED] - Delayed 2 second(s)

2023-08-14 10:53:03 - [TEST_STEP][PASSED] - setText(findTestObject("WIZARD/3Infraestructura/1Oficinas/2Edicion/Edicion/input_Nombre"), "WorkFlow - Oficina WorkFlow"): Text 'WorkFlow - Oficina WorkFlow' is set on object 'Object Repository/WIZARD/3Infraestructura/1Oficinas/2Edicion/Edicion/input_Nombre'

2023-08-14 10:53:04 - [MESSAGE][PASSED] - Text 'WorkFlow - Oficina WorkFlow' is set on object 'Object Repository/WIZARD/3Infraestructura/1Oficinas/2Edicion/Edicion/input_Nombre'

2023-08-14 10:53:04 - [TEST_STEP][PASSED] - selectOptionByLabel(findTestObject("WIZARD/3Infraestructura/1Oficinas/2Edicion/Edicion/select_Nivel de Pregunta"), "Ninguno", false): All options with label 'Ninguno' are selected in object 'Object Repository/WIZARD/3Infraestructura/1Oficinas/2Edicion/Edicion/select_Nivel de Pregunta' 

2023-08-14 10:53:04 - [MESSAGE][PASSED] - All options with label 'Ninguno' are selected in object 'Object Repository/WIZARD/3Infraestructura/1Oficinas/2Edicion/Edicion/select_Nivel de Pregunta' 

2023-08-14 10:53:04 - [TEST_STEP][PASSED] - delay(3): Delayed 3 second(s)

2023-08-14 10:53:07 - [MESSAGE][PASSED] - Delayed 3 second(s)

2023-08-14 10:53:07 - [TEST_STEP][PASSED] - setText(findTestObject("WIZARD/3Infraestructura/1Oficinas/2Edicion/Edicion/input_MaximoTurnosXCliente"), "2"): Text '2' is set on object 'Object Repository/WIZARD/3Infraestructura/1Oficinas/2Edicion/Edicion/input_MaximoTurnosXCliente'

2023-08-14 10:53:08 - [MESSAGE][PASSED] - Text '2' is set on object 'Object Repository/WIZARD/3Infraestructura/1Oficinas/2Edicion/Edicion/input_MaximoTurnosXCliente'

2023-08-14 10:53:08 - [TEST_STEP][PASSED] - setText(findTestObject("WIZARD/3Infraestructura/1Oficinas/2Edicion/Edicion/input_Nivel de servicio de espera"), "0"): Text '0' is set on object 'Object Repository/WIZARD/3Infraestructura/1Oficinas/2Edicion/Edicion/input_Nivel de servicio de espera'

2023-08-14 10:53:09 - [MESSAGE][PASSED] - Text '0' is set on object 'Object Repository/WIZARD/3Infraestructura/1Oficinas/2Edicion/Edicion/input_Nivel de servicio de espera'

2023-08-14 10:53:09 - [TEST_STEP][PASSED] - scrollToPosition(100, 800): Browser is scrolled to position x = 100, y = 800

2023-08-14 10:53:09 - [MESSAGE][PASSED] - Browser is scrolled to position x = 100, y = 800

2023-08-14 10:53:09 - [TEST_STEP][PASSED] - delay(3): Delayed 3 second(s)

2023-08-14 10:53:12 - [MESSAGE][PASSED] - Delayed 3 second(s)

2023-08-14 10:53:12 - [TEST_STEP][PASSED] - setText(findTestObject("WIZARD/3Infraestructura/1Oficinas/2Edicion/App/input_Nombre a mostrar"), "WorkFlow - Oficina WorkFlow"): Text 'WorkFlow - Oficina WorkFlow' is set on object 'Object Repository/WIZARD/3Infraestructura/1Oficinas/2Edicion/App/input_Nombre a mostrar'

2023-08-14 10:53:13 - [MESSAGE][PASSED] - Text 'WorkFlow - Oficina WorkFlow' is set on object 'Object Repository/WIZARD/3Infraestructura/1Oficinas/2Edicion/App/input_Nombre a mostrar'

2023-08-14 10:53:13 - [TEST_STEP][PASSED] - setText(findTestObject("WIZARD/3Infraestructura/1Oficinas/2Edicion/App/input_Direccion"), "Calle 24 No 21-33"): Text 'Calle 24 No 21-33' is set on object 'Object Repository/WIZARD/3Infraestructura/1Oficinas/2Edicion/App/input_Direccion'

2023-08-14 10:53:14 - [MESSAGE][PASSED] - Text 'Calle 24 No 21-33' is set on object 'Object Repository/WIZARD/3Infraestructura/1Oficinas/2Edicion/App/input_Direccion'

2023-08-14 10:53:14 - [TEST_STEP][PASSED] - setText(findTestObject("WIZARD/3Infraestructura/1Oficinas/2Edicion/App/input_Numero de telefono"), "3279000"): Text '3279000' is set on object 'Object Repository/WIZARD/3Infraestructura/1Oficinas/2Edicion/App/input_Numero de telefono'

2023-08-14 10:53:14 - [MESSAGE][PASSED] - Text '3279000' is set on object 'Object Repository/WIZARD/3Infraestructura/1Oficinas/2Edicion/App/input_Numero de telefono'

2023-08-14 10:53:14 - [TEST_STEP][PASSED] - setText(findTestObject("WIZARD/3Infraestructura/1Oficinas/2Edicion/App/input_Distancia minima creacion turnos (m)"), "100"): Text '100' is set on object 'Object Repository/WIZARD/3Infraestructura/1Oficinas/2Edicion/App/input_Distancia minima creacion turnos (m)'

2023-08-14 10:53:15 - [MESSAGE][PASSED] - Text '100' is set on object 'Object Repository/WIZARD/3Infraestructura/1Oficinas/2Edicion/App/input_Distancia minima creacion turnos (m)'

2023-08-14 10:53:15 - [TEST_STEP][PASSED] - setText(findTestObject("WIZARD/3Infraestructura/1Oficinas/2Edicion/App/input_Cantidad de turnos para prellamado"), "2"): Text '2' is set on object 'Object Repository/WIZARD/3Infraestructura/1Oficinas/2Edicion/App/input_Cantidad de turnos para prellamado'

2023-08-14 10:53:16 - [MESSAGE][PASSED] - Text '2' is set on object 'Object Repository/WIZARD/3Infraestructura/1Oficinas/2Edicion/App/input_Cantidad de turnos para prellamado'

2023-08-14 10:53:16 - [TEST_STEP][PASSED] - delay(3): Delayed 3 second(s)

2023-08-14 10:53:19 - [MESSAGE][PASSED] - Delayed 3 second(s)

2023-08-14 10:53:19 - [TEST_STEP][PASSED] - setText(findTestObject("WIZARD/3Infraestructura/1Oficinas/2Edicion/App/input_Longitud"), "0.0000000000"): Text '0.0000000000' is set on object 'Object Repository/WIZARD/3Infraestructura/1Oficinas/2Edicion/App/input_Longitud'

2023-08-14 10:53:20 - [MESSAGE][PASSED] - Text '0.0000000000' is set on object 'Object Repository/WIZARD/3Infraestructura/1Oficinas/2Edicion/App/input_Longitud'

2023-08-14 10:53:20 - [TEST_STEP][PASSED] - setText(findTestObject("WIZARD/3Infraestructura/1Oficinas/2Edicion/App/input_Latitud"), "0.0000000000"): Text '0.0000000000' is set on object 'Object Repository/WIZARD/3Infraestructura/1Oficinas/2Edicion/App/input_Latitud'

2023-08-14 10:53:21 - [MESSAGE][PASSED] - Text '0.0000000000' is set on object 'Object Repository/WIZARD/3Infraestructura/1Oficinas/2Edicion/App/input_Latitud'

2023-08-14 10:53:21 - [TEST_STEP][PASSED] - delay(3): Delayed 3 second(s)

2023-08-14 10:53:24 - [MESSAGE][PASSED] - Delayed 3 second(s)

2023-08-14 10:53:24 - [TEST_STEP][PASSED] - scrollToPosition(0, 0): Browser is scrolled to position x = 0, y = 0

2023-08-14 10:53:24 - [MESSAGE][PASSED] - Browser is scrolled to position x = 0, y = 0

2023-08-14 10:53:24 - [TEST_STEP][PASSED] - delay(3): Delayed 3 second(s)

2023-08-14 10:53:27 - [MESSAGE][PASSED] - Delayed 3 second(s)

2023-08-14 10:53:27 - [TEST_STEP][PASSED] - click(findTestObject("WIZARD/3Infraestructura/1Oficinas/2Edicion/Edicion/img_Nuevo")): Object: 'Object Repository/WIZARD/3Infraestructura/1Oficinas/2Edicion/Edicion/img_Nuevo' is clicked on

2023-08-14 10:53:27 - [MESSAGE][PASSED] - Object: 'Object Repository/WIZARD/3Infraestructura/1Oficinas/2Edicion/Edicion/img_Nuevo' is clicked on

2023-08-14 10:53:27 - [TEST_STEP][PASSED] - delay(3): Delayed 3 second(s)

2023-08-14 10:53:30 - [MESSAGE][PASSED] - Delayed 3 second(s)

2023-08-14 10:53:30 - [TEST_STEP][PASSED] - takeFullPageScreenshot(): Taking screenshot successfully

2023-08-14 10:53:31 - [MESSAGE][INFO] - 0 hidden object(s)

2023-08-14 10:53:31 - [MESSAGE][PASSED] - Taking screenshot successfully
[[ATTACHMENT|C:\\CIEL INGENIERIA\\Katalon\\Digiturno55\\Reports\\20230814_104251\\WIZARD\\3Infraestructura\\1Oficinas\\5.1 Crear Oficina WorkFlow\\20230814_104305\\1692028410667.png]]

2023-08-14 10:53:31 - [TEST_STEP][PASSED] - delay(3): Delayed 3 second(s)

2023-08-14 10:53:34 - [MESSAGE][PASSED] - Delayed 3 second(s)

2023-08-14 10:53:34 - [TEST_STEP][PASSED] - Start listener action : sampleAfterTestCase: null]]></system-out>
         <system-err><![CDATA[]]></system-err>
      </testcase>
      <system-out><![CDATA[2023-08-14 10:52:33 - [TEST_SUITE][PASSED] - 5.1 Crear Oficina WorkFlow: Test Cases/WIZARD/3Infraestructura/1Oficinas/5.1 Crear Oficina WorkFlow]]></system-out>
      <system-err><![CDATA[]]></system-err>
   </testsuite>
</testsuites>
