<?xml version="1.0" encoding="UTF-8"?>
<testsuites name="4.1 Crear Elemento Geografico Pais" time="31.358" tests="1" failures="0" errors="0">
   <testsuite name="4.1 Crear Elemento Geografico Pais" tests="1" failures="0" errors="0" time="31.358" skipped="0" timestamp="2024-04-02 14:34:35" hostname="jdavila - PCPruebas101.ciel.cielingenieria.com" id="Test Suites/WIZARD/2Estructura Geografica/4.1 Crear Elemento Geografico Pais">
      <properties>
         <property name="deviceName" value=""/>
         <property name="devicePlatform" value=""/>
         <property name="logFolder" value="C:\\CIEL INGENIERIA\\Katalon\\Digiturno55\\Reports\\20240402_143319\\WIZARD\\2Estructura Geografica\\4.1 Crear Elemento Geografico Pais\\20240402_143322"/>
         <property name="logFiles" value="C:\\CIEL INGENIERIA\\Katalon\\Digiturno55\\Reports\\20240402_143319\\WIZARD\\2Estructura Geografica\\4.1 Crear Elemento Geografico Pais\\20240402_143322\\execution0.log"/>
         <property name="attachments" value="C:\\CIEL INGENIERIA\\Katalon\\Digiturno55\\Reports\\20240402_143319\\WIZARD\\2Estructura Geografica\\4.1 Crear Elemento Geografico Pais\\20240402_143322\\1712086502655.png"/>
         <property name="hostName" value="jdavila - PCPruebas101.ciel.cielingenieria.com"/>
         <property name="os" value="Windows 10 64bit"/>
         <property name="katalonVersion" value="8.6.9.208"/>
         <property name="browser" value="Chrome 123.0.0.0"/>
         <property name="hostAddress" value="192.168.91.18"/>
         <property name="sessionId" value="a3833606ef52a9588d27df2c13163ab9"/>
         <property name="seleniumVersion" value="3.141.59"/>
         <property name="proxyInformation" value="ProxyInformation { proxyOption=NO_PROXY, proxyServerType=HTTP, username=, password=********, proxyServerAddress=, proxyServerPort=0, executionList=&quot;&quot;, isApplyToDesiredCapabilities=true }"/>
         <property name="platform" value="Windows 10"/>
      </properties>
      <testcase name="Test Cases/WIZARD/2Estructura Geografica/4.1 Crear Elemento Geografico Pais" time="31.117" classname="Test Cases/WIZARD/2Estructura Geografica/4.1 Crear Elemento Geografico Pais" status="PASSED">
         <system-out><![CDATA[2024-04-02 14:34:35 - [TEST_CASE][PASSED] - Test Cases/WIZARD/2Estructura Geografica/4.1 Crear Elemento Geografico Pais: Test Cases/WIZARD/2Estructura Geografica/4.1 Crear Elemento Geografico Pais

2024-04-02 14:34:35 - [TEST_STEP][PASSED] - callTestCase(findTestCase("0InicioSesion"), [:], STOP_ON_FAILURE): Call Test Case 'Test Cases/0InicioSesion' successfully

2024-04-02 14:34:35 - [TEST_CASE][PASSED] - Test Cases/0InicioSesion: Test Cases/0InicioSesion

2024-04-02 14:34:36 - [TEST_STEP][PASSED] - openBrowser(UrlDigiturno): Browser is opened with url: 'https://PCPruebas101.ciel.cielingenieria.com:8910'

2024-04-02 14:34:36 - [MESSAGE][INFO] - Starting 'Chrome' driver

2024-04-02 14:34:36 - [MESSAGE][INFO] - User set preference: ['args', '[--use-fake-ui-for-media-stream, --disable-notifications]']

2024-04-02 14:34:36 - [MESSAGE][INFO] - Action delay is set to 0 milliseconds

2024-04-02 14:34:39 - [MESSAGE][PASSED] - Browser is opened with url: 'https://PCPruebas101.ciel.cielingenieria.com:8910'

2024-04-02 14:34:39 - [TEST_STEP][PASSED] - maximizeWindow(): Current window maximized

2024-04-02 14:34:39 - [MESSAGE][PASSED] - Current window maximized

2024-04-02 14:34:39 - [TEST_STEP][PASSED] - delay(3): Delayed 3 second(s)

2024-04-02 14:34:42 - [MESSAGE][PASSED] - Delayed 3 second(s)

2024-04-02 14:34:42 - [TEST_STEP][PASSED] - setText(findTestObject("0Inicio Sesion/input_Usuario"), "Ciel"): Text 'Ciel' is set on object 'Object Repository/0Inicio Sesion/input_Usuario'

2024-04-02 14:34:43 - [MESSAGE][PASSED] - Text 'Ciel' is set on object 'Object Repository/0Inicio Sesion/input_Usuario'

2024-04-02 14:34:43 - [TEST_STEP][PASSED] - setText(findTestObject("0Inicio Sesion/input_Clave"), "digiturno"): Text 'digiturno' is set on object 'Object Repository/0Inicio Sesion/input_Clave'

2024-04-02 14:34:44 - [MESSAGE][PASSED] - Text 'digiturno' is set on object 'Object Repository/0Inicio Sesion/input_Clave'

2024-04-02 14:34:44 - [TEST_STEP][PASSED] - click(findTestObject("0Inicio Sesion/btn_IniciarSesion")): Object: 'Object Repository/0Inicio Sesion/btn_IniciarSesion' is clicked on

2024-04-02 14:34:44 - [MESSAGE][PASSED] - Object: 'Object Repository/0Inicio Sesion/btn_IniciarSesion' is clicked on

2024-04-02 14:34:44 - [TEST_STEP][PASSED] - delay(3): Delayed 3 second(s)

2024-04-02 14:34:47 - [MESSAGE][PASSED] - Delayed 3 second(s)

2024-04-02 14:34:47 - [MESSAGE][PASSED] - Call Test Case 'Test Cases/0InicioSesion' successfully

2024-04-02 14:34:47 - [TEST_STEP][PASSED] - click(findTestObject("WIZARD/0Principal/img_EstructuraGeograficaMAX")): Object: 'Object Repository/WIZARD/0Principal/img_EstructuraGeograficaMAX' is clicked on

2024-04-02 14:34:48 - [MESSAGE][PASSED] - Object: 'Object Repository/WIZARD/0Principal/img_EstructuraGeograficaMAX' is clicked on

2024-04-02 14:34:48 - [TEST_STEP][PASSED] - delay(3): Delayed 3 second(s)

2024-04-02 14:34:51 - [MESSAGE][PASSED] - Delayed 3 second(s)

2024-04-02 14:34:51 - [TEST_STEP][PASSED] - click(findTestObject("WIZARD/2Estructura Geografica/0Arbol Geografico/span_Elementos geograficos")): Object: 'Object Repository/WIZARD/2Estructura Geografica/0Arbol Geografico/span_Elementos geograficos' is clicked on

2024-04-02 14:34:51 - [MESSAGE][PASSED] - Object: 'Object Repository/WIZARD/2Estructura Geografica/0Arbol Geografico/span_Elementos geograficos' is clicked on

2024-04-02 14:34:51 - [TEST_STEP][PASSED] - delay(3): Delayed 3 second(s)

2024-04-02 14:34:54 - [MESSAGE][PASSED] - Delayed 3 second(s)

2024-04-02 14:34:54 - [TEST_STEP][PASSED] - click(findTestObject("WIZARD/2Estructura Geografica/2Elementos Geograficos/Niveles Geograficos/option_Pais")): Object: 'Object Repository/WIZARD/2Estructura Geografica/2Elementos Geograficos/Niveles Geograficos/option_Pais' is clicked on

2024-04-02 14:34:55 - [MESSAGE][PASSED] - Object: 'Object Repository/WIZARD/2Estructura Geografica/2Elementos Geograficos/Niveles Geograficos/option_Pais' is clicked on

2024-04-02 14:34:55 - [TEST_STEP][PASSED] - delay(3): Delayed 3 second(s)

2024-04-02 14:34:58 - [MESSAGE][PASSED] - Delayed 3 second(s)

2024-04-02 14:34:58 - [TEST_STEP][PASSED] - setText(findTestObject("WIZARD/2Estructura Geografica/2Elementos Geograficos/Edicion Elemento Geografico/input_Nombre elemento"), "Colombia"): Text 'Colombia' is set on object 'Object Repository/WIZARD/2Estructura Geografica/2Elementos Geograficos/Edicion Elemento Geografico/input_Nombre elemento'

2024-04-02 14:34:59 - [MESSAGE][PASSED] - Text 'Colombia' is set on object 'Object Repository/WIZARD/2Estructura Geografica/2Elementos Geograficos/Edicion Elemento Geografico/input_Nombre elemento'

2024-04-02 14:34:59 - [TEST_STEP][PASSED] - click(findTestObject("WIZARD/2Estructura Geografica/2Elementos Geograficos/Edicion Elemento Geografico/btn_Nuevo")): Object: 'Object Repository/WIZARD/2Estructura Geografica/2Elementos Geograficos/Edicion Elemento Geografico/btn_Nuevo' is clicked on

2024-04-02 14:34:59 - [MESSAGE][PASSED] - Object: 'Object Repository/WIZARD/2Estructura Geografica/2Elementos Geograficos/Edicion Elemento Geografico/btn_Nuevo' is clicked on

2024-04-02 14:34:59 - [TEST_STEP][PASSED] - delay(3): Delayed 3 second(s)

2024-04-02 14:35:02 - [MESSAGE][PASSED] - Delayed 3 second(s)

2024-04-02 14:35:02 - [TEST_STEP][PASSED] - takeFullPageScreenshot(): Taking screenshot successfully

2024-04-02 14:35:03 - [MESSAGE][INFO] - 0 hidden object(s)

2024-04-02 14:35:03 - [MESSAGE][PASSED] - Taking screenshot successfully
[[ATTACHMENT|C:\\CIEL INGENIERIA\\Katalon\\Digiturno55\\Reports\\20240402_143319\\WIZARD\\2Estructura Geografica\\4.1 Crear Elemento Geografico Pais\\20240402_143322\\1712086502655.png]]

2024-04-02 14:35:03 - [TEST_STEP][PASSED] - delay(3): Delayed 3 second(s)

2024-04-02 14:35:06 - [MESSAGE][PASSED] - Delayed 3 second(s)

2024-04-02 14:35:06 - [TEST_STEP][PASSED] - Start listener action : sampleAfterTestCase: null]]></system-out>
         <system-err><![CDATA[]]></system-err>
      </testcase>
      <system-out><![CDATA[2024-04-02 14:34:35 - [TEST_SUITE][PASSED] - 4.1 Crear Elemento Geografico Pais: Test Cases/WIZARD/2Estructura Geografica/4.1 Crear Elemento Geografico Pais]]></system-out>
      <system-err><![CDATA[]]></system-err>
   </testsuite>
</testsuites>
