<?xml version="1.0" encoding="UTF-8"?>
<testsuites name="40 Jerarquia y Colas" time="48.276" tests="1" failures="0" errors="0">
   <testsuite name="40 Jerarquia y Colas" tests="1" failures="0" errors="0" time="48.276" skipped="0" timestamp="2023-08-14 14:46:04" hostname="jdavila - PCPruebas101.ciel.cielingenieria.com" id="Test Suites/DIGITURNO/BASICO/40 Jerarquia y Colas">
      <properties>
         <property name="deviceName" value=""/>
         <property name="devicePlatform" value=""/>
         <property name="logFolder" value="C:\\CIEL INGENIERIA\\Katalon\\Digiturno55\\Reports\\20230814_141235\\DIGITURNO\\BASICO\\40 Jerarquia y Colas\\20230814_141317"/>
         <property name="logFiles" value="C:\\CIEL INGENIERIA\\Katalon\\Digiturno55\\Reports\\20230814_141235\\DIGITURNO\\BASICO\\40 Jerarquia y Colas\\20230814_141317\\execution0.log"/>
         <property name="attachments" value="C:\\CIEL INGENIERIA\\Katalon\\Digiturno55\\Reports\\20230814_141235\\DIGITURNO\\BASICO\\40 Jerarquia y Colas\\20230814_141317\\1692042380858.png, C:\\CIEL INGENIERIA\\Katalon\\Digiturno55\\Reports\\20230814_141235\\DIGITURNO\\BASICO\\40 Jerarquia y Colas\\20230814_141317\\1692042388144.png, C:\\CIEL INGENIERIA\\Katalon\\Digiturno55\\Reports\\20230814_141235\\DIGITURNO\\BASICO\\40 Jerarquia y Colas\\20230814_141317\\1692042409271.png"/>
         <property name="hostName" value="jdavila - PCPruebas101.ciel.cielingenieria.com"/>
         <property name="os" value="Windows 10 64bit"/>
         <property name="katalonVersion" value="8.6.0.208"/>
         <property name="browser" value="Chrome 115.0.0.0"/>
         <property name="hostAddress" value="192.168.0.33"/>
         <property name="sessionId" value="3d1e09005790dd4ae420f68ea9e9754e"/>
         <property name="seleniumVersion" value="3.141.59"/>
         <property name="proxyInformation" value="ProxyInformation { proxyOption=NO_PROXY, proxyServerType=HTTP, username=, password=********, proxyServerAddress=, proxyServerPort=0, executionList=&quot;&quot;, isApplyToDesiredCapabilities=true }"/>
         <property name="platform" value="Windows 10"/>
      </properties>
      <testcase name="Test Cases/DIGITURNO/BASICO/40 Jerarquia y Colas" time="48.036" classname="Test Cases/DIGITURNO/BASICO/40 Jerarquia y Colas" status="PASSED">
         <system-out><![CDATA[2023-08-14 14:46:05 - [TEST_CASE][PASSED] - Test Cases/DIGITURNO/BASICO/40 Jerarquia y Colas: Test Cases/DIGITURNO/BASICO/40 Jerarquia y Colas

2023-08-14 14:46:05 - [TEST_STEP][PASSED] - callTestCase(findTestCase("DIGITURNO/BASICO/39 Modelo de atencion"), [:], STOP_ON_FAILURE): Call Test Case 'Test Cases/DIGITURNO/BASICO/39 Modelo de atencion' successfully

2023-08-14 14:46:05 - [TEST_CASE][PASSED] - Test Cases/DIGITURNO/BASICO/39 Modelo de atencion: Test Cases/DIGITURNO/BASICO/39 Modelo de atencion

2023-08-14 14:46:05 - [TEST_STEP][PASSED] - callTestCase(findTestCase("DIGITURNO/BASICO/3 Configuracion"), [:], STOP_ON_FAILURE): Call Test Case 'Test Cases/DIGITURNO/BASICO/3 Configuracion' successfully

2023-08-14 14:46:05 - [TEST_CASE][PASSED] - Test Cases/DIGITURNO/BASICO/3 Configuracion: Test Cases/DIGITURNO/BASICO/3 Configuracion

2023-08-14 14:46:06 - [TEST_STEP][PASSED] - callTestCase(findTestCase("0InicioSesion"), [:], STOP_ON_FAILURE): Call Test Case 'Test Cases/0InicioSesion' successfully

2023-08-14 14:46:06 - [TEST_CASE][PASSED] - Test Cases/0InicioSesion: Test Cases/0InicioSesion

2023-08-14 14:46:06 - [TEST_STEP][PASSED] - openBrowser(UrlDigiturno): Browser is opened with url: 'https://PCPruebas101.ciel.cielingenieria.com:8610'

2023-08-14 14:46:06 - [MESSAGE][INFO] - Starting 'Chrome' driver

2023-08-14 14:46:06 - [MESSAGE][INFO] - User set preference: ['args', '[--use-fake-ui-for-media-stream, --disable-notifications]']

2023-08-14 14:46:06 - [MESSAGE][INFO] - Action delay is set to 0 milliseconds

2023-08-14 14:46:09 - [MESSAGE][PASSED] - Browser is opened with url: 'https://PCPruebas101.ciel.cielingenieria.com:8610'

2023-08-14 14:46:09 - [TEST_STEP][PASSED] - maximizeWindow(): Current window maximized

2023-08-14 14:46:09 - [MESSAGE][PASSED] - Current window maximized

2023-08-14 14:46:09 - [TEST_STEP][PASSED] - delay(3): Delayed 3 second(s)

2023-08-14 14:46:12 - [MESSAGE][PASSED] - Delayed 3 second(s)

2023-08-14 14:46:12 - [TEST_STEP][PASSED] - setText(findTestObject("0Inicio Sesion/input_Usuario"), "Ciel"): Text 'Ciel' is set on object 'Object Repository/0Inicio Sesion/input_Usuario'

2023-08-14 14:46:12 - [MESSAGE][PASSED] - Text 'Ciel' is set on object 'Object Repository/0Inicio Sesion/input_Usuario'

2023-08-14 14:46:12 - [TEST_STEP][PASSED] - setText(findTestObject("0Inicio Sesion/input_Clave"), "digiturno"): Text 'digiturno' is set on object 'Object Repository/0Inicio Sesion/input_Clave'

2023-08-14 14:46:13 - [MESSAGE][PASSED] - Text 'digiturno' is set on object 'Object Repository/0Inicio Sesion/input_Clave'

2023-08-14 14:46:13 - [TEST_STEP][PASSED] - click(findTestObject("0Inicio Sesion/btn_IniciarSesion")): Object: 'Object Repository/0Inicio Sesion/btn_IniciarSesion' is clicked on

2023-08-14 14:46:14 - [MESSAGE][PASSED] - Object: 'Object Repository/0Inicio Sesion/btn_IniciarSesion' is clicked on

2023-08-14 14:46:14 - [TEST_STEP][PASSED] - delay(3): Delayed 3 second(s)

2023-08-14 14:46:17 - [MESSAGE][PASSED] - Delayed 3 second(s)

2023-08-14 14:46:17 - [MESSAGE][PASSED] - Call Test Case 'Test Cases/0InicioSesion' successfully

2023-08-14 14:46:17 - [TEST_STEP][PASSED] - click(findTestObject("DIGITURNO/1Principal/img_Configuracion(1)")): Object: 'Object Repository/DIGITURNO/1Principal/img_Configuracion(1)' is clicked on

2023-08-14 14:46:17 - [MESSAGE][PASSED] - Object: 'Object Repository/DIGITURNO/1Principal/img_Configuracion(1)' is clicked on

2023-08-14 14:46:17 - [TEST_STEP][PASSED] - delay(3): Delayed 3 second(s)

2023-08-14 14:46:20 - [MESSAGE][PASSED] - Delayed 3 second(s)

2023-08-14 14:46:20 - [TEST_STEP][PASSED] - takeFullPageScreenshot(): Taking screenshot successfully

2023-08-14 14:46:21 - [MESSAGE][INFO] - 0 hidden object(s)

2023-08-14 14:46:21 - [MESSAGE][PASSED] - Taking screenshot successfully
[[ATTACHMENT|C:\\CIEL INGENIERIA\\Katalon\\Digiturno55\\Reports\\20230814_141235\\DIGITURNO\\BASICO\\40 Jerarquia y Colas\\20230814_141317\\1692042380858.png]]

2023-08-14 14:46:21 - [TEST_STEP][PASSED] - delay(3): Delayed 3 second(s)

2023-08-14 14:46:24 - [MESSAGE][PASSED] - Delayed 3 second(s)

2023-08-14 14:46:24 - [MESSAGE][PASSED] - Call Test Case 'Test Cases/DIGITURNO/BASICO/3 Configuracion' successfully

2023-08-14 14:46:24 - [TEST_STEP][PASSED] - click(findTestObject("DIGITURNO/CONFIGURACION/0Principal/img_1Modelo de atencion")): Object: 'Object Repository/DIGITURNO/CONFIGURACION/0Principal/img_1Modelo de atencion' is clicked on

2023-08-14 14:46:25 - [MESSAGE][PASSED] - Object: 'Object Repository/DIGITURNO/CONFIGURACION/0Principal/img_1Modelo de atencion' is clicked on

2023-08-14 14:46:25 - [TEST_STEP][PASSED] - delay(3): Delayed 3 second(s)

2023-08-14 14:46:28 - [MESSAGE][PASSED] - Delayed 3 second(s)

2023-08-14 14:46:28 - [TEST_STEP][PASSED] - takeFullPageScreenshot(): Taking screenshot successfully

2023-08-14 14:46:28 - [MESSAGE][INFO] - 0 hidden object(s)

2023-08-14 14:46:28 - [MESSAGE][PASSED] - Taking screenshot successfully
[[ATTACHMENT|C:\\CIEL INGENIERIA\\Katalon\\Digiturno55\\Reports\\20230814_141235\\DIGITURNO\\BASICO\\40 Jerarquia y Colas\\20230814_141317\\1692042388144.png]]

2023-08-14 14:46:28 - [TEST_STEP][PASSED] - delay(3): Delayed 3 second(s)

2023-08-14 14:46:31 - [MESSAGE][PASSED] - Delayed 3 second(s)

2023-08-14 14:46:31 - [MESSAGE][PASSED] - Call Test Case 'Test Cases/DIGITURNO/BASICO/39 Modelo de atencion' successfully

2023-08-14 14:46:31 - [TEST_STEP][PASSED] - click(findTestObject("DIGITURNO/CONFIGURACION/1Modelo de Atencion/0Principal/img_1Jerarquia y colas")): Object: 'Object Repository/DIGITURNO/CONFIGURACION/1Modelo de Atencion/0Principal/img_1Jerarquia y colas' is clicked on

2023-08-14 14:46:32 - [MESSAGE][PASSED] - Object: 'Object Repository/DIGITURNO/CONFIGURACION/1Modelo de Atencion/0Principal/img_1Jerarquia y colas' is clicked on

2023-08-14 14:46:32 - [TEST_STEP][PASSED] - delay(3): Delayed 3 second(s)

2023-08-14 14:46:35 - [MESSAGE][PASSED] - Delayed 3 second(s)

2023-08-14 14:46:35 - [TEST_STEP][PASSED] - click(findTestObject("DIGITURNO/CONFIGURACION/1Modelo de Atencion/1Jerarquia y Colas/2Configuracion/1Nodos y elementos/1Niveles/option_1Area")): Object: 'Object Repository/DIGITURNO/CONFIGURACION/1Modelo de Atencion/1Jerarquia y Colas/2Configuracion/1Nodos y elementos/1Niveles/option_1Area' is clicked on

2023-08-14 14:46:36 - [MESSAGE][PASSED] - Object: 'Object Repository/DIGITURNO/CONFIGURACION/1Modelo de Atencion/1Jerarquia y Colas/2Configuracion/1Nodos y elementos/1Niveles/option_1Area' is clicked on

2023-08-14 14:46:36 - [TEST_STEP][PASSED] - delay(3): Delayed 3 second(s)

2023-08-14 14:46:39 - [MESSAGE][PASSED] - Delayed 3 second(s)

2023-08-14 14:46:39 - [TEST_STEP][PASSED] - click(findTestObject("DIGITURNO/CONFIGURACION/1Modelo de Atencion/1Jerarquia y Colas/2Configuracion/1Nodos y elementos/2Elementos/td_1General (G)")): Object: 'Object Repository/DIGITURNO/CONFIGURACION/1Modelo de Atencion/1Jerarquia y Colas/2Configuracion/1Nodos y elementos/2Elementos/td_1General (G)' is clicked on

2023-08-14 14:46:42 - [MESSAGE][PASSED] - Object: 'Object Repository/DIGITURNO/CONFIGURACION/1Modelo de Atencion/1Jerarquia y Colas/2Configuracion/1Nodos y elementos/2Elementos/td_1General (G)' is clicked on

2023-08-14 14:46:42 - [TEST_STEP][PASSED] - delay(3): Delayed 3 second(s)

2023-08-14 14:46:45 - [MESSAGE][PASSED] - Delayed 3 second(s)

2023-08-14 14:46:45 - [TEST_STEP][PASSED] - scrollToElement(findTestObject("DIGITURNO/CONFIGURACION/1Modelo de Atencion/1Jerarquia y Colas/2Configuracion/1Nodos y elementos/2Elementos/Edicion/img_Nuevo"), 0): Scroll to object 'Object Repository/DIGITURNO/CONFIGURACION/1Modelo de Atencion/1Jerarquia y Colas/2Configuracion/1Nodos y elementos/2Elementos/Edicion/img_Nuevo' successfully

2023-08-14 14:46:45 - [MESSAGE][WARNING] - Timeout '0' is invalid. Using default page load timeout: '30'

2023-08-14 14:46:45 - [MESSAGE][PASSED] - Scroll to object 'Object Repository/DIGITURNO/CONFIGURACION/1Modelo de Atencion/1Jerarquia y Colas/2Configuracion/1Nodos y elementos/2Elementos/Edicion/img_Nuevo' successfully

2023-08-14 14:46:45 - [TEST_STEP][PASSED] - click(findTestObject("DIGITURNO/CONFIGURACION/1Modelo de Atencion/1Jerarquia y Colas/2Configuracion/1Nodos y elementos/3Nodos/img_Nuevo")): Object: 'Object Repository/DIGITURNO/CONFIGURACION/1Modelo de Atencion/1Jerarquia y Colas/2Configuracion/1Nodos y elementos/3Nodos/img_Nuevo' is clicked on

2023-08-14 14:46:46 - [MESSAGE][PASSED] - Object: 'Object Repository/DIGITURNO/CONFIGURACION/1Modelo de Atencion/1Jerarquia y Colas/2Configuracion/1Nodos y elementos/3Nodos/img_Nuevo' is clicked on

2023-08-14 14:46:46 - [TEST_STEP][PASSED] - delay(3): Delayed 3 second(s)

2023-08-14 14:46:49 - [MESSAGE][PASSED] - Delayed 3 second(s)

2023-08-14 14:46:49 - [TEST_STEP][PASSED] - takeFullPageScreenshot(): Taking screenshot successfully

2023-08-14 14:46:49 - [MESSAGE][INFO] - 0 hidden object(s)

2023-08-14 14:46:50 - [MESSAGE][PASSED] - Taking screenshot successfully
[[ATTACHMENT|C:\\CIEL INGENIERIA\\Katalon\\Digiturno55\\Reports\\20230814_141235\\DIGITURNO\\BASICO\\40 Jerarquia y Colas\\20230814_141317\\1692042409271.png]]

2023-08-14 14:46:50 - [TEST_STEP][PASSED] - delay(3): Delayed 3 second(s)

2023-08-14 14:46:53 - [MESSAGE][PASSED] - Delayed 3 second(s)

2023-08-14 14:46:53 - [TEST_STEP][PASSED] - Start listener action : sampleAfterTestCase: null]]></system-out>
         <system-err><![CDATA[]]></system-err>
      </testcase>
      <system-out><![CDATA[2023-08-14 14:46:04 - [TEST_SUITE][PASSED] - 40 Jerarquia y Colas: Test Cases/DIGITURNO/BASICO/40 Jerarquia y Colas]]></system-out>
      <system-err><![CDATA[]]></system-err>
   </testsuite>
</testsuites>
