<?xml version="1.0" encoding="UTF-8"?>
<testsuites name="5.2 Crear WorkFlow - Sala Entrega Documentos" time="54.226" tests="1" failures="0" errors="0">
   <testsuite name="5.2 Crear WorkFlow - Sala Entrega Documentos" tests="1" failures="0" errors="0" time="54.226" skipped="0" timestamp="2024-04-02 14:55:45" hostname="jdavila - PCPruebas101.ciel.cielingenieria.com" id="Test Suites/WIZARD/3Infraestructura/2Salas/5.2 Crear WorkFlow - Sala Entrega Documentos">
      <properties>
         <property name="deviceName" value=""/>
         <property name="devicePlatform" value=""/>
         <property name="logFolder" value="C:\\CIEL INGENIERIA\\Katalon\\Digiturno55\\Reports\\20240402_143907\\WIZARD\\3Infraestructura\\2Salas\\5.2 Crear WorkFlow - Sala Entrega Documentos\\20240402_143935"/>
         <property name="logFiles" value="C:\\CIEL INGENIERIA\\Katalon\\Digiturno55\\Reports\\20240402_143907\\WIZARD\\3Infraestructura\\2Salas\\5.2 Crear WorkFlow - Sala Entrega Documentos\\20240402_143935\\execution0.log"/>
         <property name="attachments" value="C:\\CIEL INGENIERIA\\Katalon\\Digiturno55\\Reports\\20240402_143907\\WIZARD\\3Infraestructura\\2Salas\\5.2 Crear WorkFlow - Sala Entrega Documentos\\20240402_143935\\1712087795901.png"/>
         <property name="hostName" value="jdavila - PCPruebas101.ciel.cielingenieria.com"/>
         <property name="os" value="Windows 10 64bit"/>
         <property name="katalonVersion" value="8.6.9.208"/>
         <property name="browser" value="Chrome 123.0.0.0"/>
         <property name="hostAddress" value="192.168.91.18"/>
         <property name="sessionId" value="ed11ec1320a4957e43e75a18d25dfab1"/>
         <property name="seleniumVersion" value="3.141.59"/>
         <property name="proxyInformation" value="ProxyInformation { proxyOption=NO_PROXY, proxyServerType=HTTP, username=, password=********, proxyServerAddress=, proxyServerPort=0, executionList=&quot;&quot;, isApplyToDesiredCapabilities=true }"/>
         <property name="platform" value="Windows 10"/>
      </properties>
      <testcase name="Test Cases/WIZARD/3Infraestructura/2Salas/5.2 Crear WorkFlow - Sala Entrega Documentos" time="53.912" classname="Test Cases/WIZARD/3Infraestructura/2Salas/5.2 Crear WorkFlow - Sala Entrega Documentos" status="PASSED">
         <system-out><![CDATA[2024-04-02 14:55:45 - [TEST_CASE][PASSED] - Test Cases/WIZARD/3Infraestructura/2Salas/5.2 Crear WorkFlow - Sala Entrega Documentos: Test Cases/WIZARD/3Infraestructura/2Salas/5.2 Crear WorkFlow - Sala Entrega Documentos

2024-04-02 14:55:46 - [TEST_STEP][PASSED] - callTestCase(findTestCase("0InicioSesion"), [:], STOP_ON_FAILURE): Call Test Case 'Test Cases/0InicioSesion' successfully

2024-04-02 14:55:46 - [TEST_CASE][PASSED] - Test Cases/0InicioSesion: Test Cases/0InicioSesion

2024-04-02 14:55:46 - [TEST_STEP][PASSED] - openBrowser(UrlDigiturno): Browser is opened with url: 'https://PCPruebas101.ciel.cielingenieria.com:8910'

2024-04-02 14:55:47 - [MESSAGE][INFO] - Starting 'Chrome' driver

2024-04-02 14:55:47 - [MESSAGE][INFO] - User set preference: ['args', '[--use-fake-ui-for-media-stream, --disable-notifications]']

2024-04-02 14:55:47 - [MESSAGE][INFO] - Action delay is set to 0 milliseconds

2024-04-02 14:55:50 - [MESSAGE][PASSED] - Browser is opened with url: 'https://PCPruebas101.ciel.cielingenieria.com:8910'

2024-04-02 14:55:50 - [TEST_STEP][PASSED] - maximizeWindow(): Current window maximized

2024-04-02 14:55:50 - [MESSAGE][PASSED] - Current window maximized

2024-04-02 14:55:50 - [TEST_STEP][PASSED] - delay(3): Delayed 3 second(s)

2024-04-02 14:55:53 - [MESSAGE][PASSED] - Delayed 3 second(s)

2024-04-02 14:55:53 - [TEST_STEP][PASSED] - setText(findTestObject("0Inicio Sesion/input_Usuario"), "Ciel"): Text 'Ciel' is set on object 'Object Repository/0Inicio Sesion/input_Usuario'

2024-04-02 14:55:54 - [MESSAGE][PASSED] - Text 'Ciel' is set on object 'Object Repository/0Inicio Sesion/input_Usuario'

2024-04-02 14:55:54 - [TEST_STEP][PASSED] - setText(findTestObject("0Inicio Sesion/input_Clave"), "digiturno"): Text 'digiturno' is set on object 'Object Repository/0Inicio Sesion/input_Clave'

2024-04-02 14:55:54 - [MESSAGE][PASSED] - Text 'digiturno' is set on object 'Object Repository/0Inicio Sesion/input_Clave'

2024-04-02 14:55:54 - [TEST_STEP][PASSED] - click(findTestObject("0Inicio Sesion/btn_IniciarSesion")): Object: 'Object Repository/0Inicio Sesion/btn_IniciarSesion' is clicked on

2024-04-02 14:55:55 - [MESSAGE][PASSED] - Object: 'Object Repository/0Inicio Sesion/btn_IniciarSesion' is clicked on

2024-04-02 14:55:55 - [TEST_STEP][PASSED] - delay(3): Delayed 3 second(s)

2024-04-02 14:55:58 - [MESSAGE][PASSED] - Delayed 3 second(s)

2024-04-02 14:55:58 - [MESSAGE][PASSED] - Call Test Case 'Test Cases/0InicioSesion' successfully

2024-04-02 14:55:58 - [TEST_STEP][PASSED] - click(findTestObject("WIZARD/0Principal/img_InfraestructuraMAX")): Object: 'Object Repository/WIZARD/0Principal/img_InfraestructuraMAX' is clicked on

2024-04-02 14:55:59 - [MESSAGE][PASSED] - Object: 'Object Repository/WIZARD/0Principal/img_InfraestructuraMAX' is clicked on

2024-04-02 14:55:59 - [TEST_STEP][PASSED] - delay(3): Delayed 3 second(s)

2024-04-02 14:56:02 - [MESSAGE][PASSED] - Delayed 3 second(s)

2024-04-02 14:56:02 - [TEST_STEP][PASSED] - click(findTestObject("WIZARD/3Infraestructura/0Menu/span_Salas")): Object: 'Object Repository/WIZARD/3Infraestructura/0Menu/span_Salas' is clicked on

2024-04-02 14:56:02 - [MESSAGE][PASSED] - Object: 'Object Repository/WIZARD/3Infraestructura/0Menu/span_Salas' is clicked on

2024-04-02 14:56:02 - [TEST_STEP][PASSED] - delay(3): Delayed 3 second(s)

2024-04-02 14:56:05 - [MESSAGE][PASSED] - Delayed 3 second(s)

2024-04-02 14:56:05 - [TEST_STEP][PASSED] - click(findTestObject("WIZARD/3Infraestructura/2Salas/2Edicion/btn_SeleccionarOficina")): Object: 'Object Repository/WIZARD/3Infraestructura/2Salas/2Edicion/btn_SeleccionarOficina' is clicked on

2024-04-02 14:56:06 - [MESSAGE][PASSED] - Object: 'Object Repository/WIZARD/3Infraestructura/2Salas/2Edicion/btn_SeleccionarOficina' is clicked on

2024-04-02 14:56:06 - [TEST_STEP][PASSED] - delay(2): Delayed 2 second(s)

2024-04-02 14:56:08 - [MESSAGE][PASSED] - Delayed 2 second(s)

2024-04-02 14:56:08 - [TEST_STEP][PASSED] - click(findTestObject("WIZARD/3Infraestructura/2Salas/2Edicion/btn_Seleccionar Oficina(1)/a_WorkFlow - Oficina WorkFlow")): Object: 'Object Repository/WIZARD/3Infraestructura/2Salas/2Edicion/btn_Seleccionar Oficina(1)/a_WorkFlow - Oficina WorkFlow' is clicked on

2024-04-02 14:56:08 - [MESSAGE][PASSED] - Object: 'Object Repository/WIZARD/3Infraestructura/2Salas/2Edicion/btn_Seleccionar Oficina(1)/a_WorkFlow - Oficina WorkFlow' is clicked on

2024-04-02 14:56:08 - [TEST_STEP][PASSED] - delay(2): Delayed 2 second(s)

2024-04-02 14:56:10 - [MESSAGE][PASSED] - Delayed 2 second(s)

2024-04-02 14:56:10 - [TEST_STEP][PASSED] - setText(findTestObject("WIZARD/3Infraestructura/2Salas/2Edicion/input_Nombre"), "WorkFlow - Sala Entrega Documentos"): Text 'WorkFlow - Sala Entrega Documentos' is set on object 'Object Repository/WIZARD/3Infraestructura/2Salas/2Edicion/input_Nombre'

2024-04-02 14:56:11 - [MESSAGE][PASSED] - Text 'WorkFlow - Sala Entrega Documentos' is set on object 'Object Repository/WIZARD/3Infraestructura/2Salas/2Edicion/input_Nombre'

2024-04-02 14:56:11 - [TEST_STEP][PASSED] - setText(findTestObject("WIZARD/3Infraestructura/2Salas/2Edicion/textarea_Descripcion"), "WorkFlow - Sala Entrega Documentos"): Text 'WorkFlow - Sala Entrega Documentos' is set on object 'Object Repository/WIZARD/3Infraestructura/2Salas/2Edicion/textarea_Descripcion'

2024-04-02 14:56:12 - [MESSAGE][PASSED] - Text 'WorkFlow - Sala Entrega Documentos' is set on object 'Object Repository/WIZARD/3Infraestructura/2Salas/2Edicion/textarea_Descripcion'

2024-04-02 14:56:12 - [TEST_STEP][PASSED] - setText(findTestObject("WIZARD/3Infraestructura/2Salas/2Edicion/input_MaximoOcupacion"), "100"): Text '100' is set on object 'Object Repository/WIZARD/3Infraestructura/2Salas/2Edicion/input_MaximoOcupacion'

2024-04-02 14:56:13 - [MESSAGE][PASSED] - Text '100' is set on object 'Object Repository/WIZARD/3Infraestructura/2Salas/2Edicion/input_MaximoOcupacion'

2024-04-02 14:56:13 - [TEST_STEP][PASSED] - setText(findTestObject("WIZARD/3Infraestructura/2Salas/2Edicion/input_Tiempo de Abandono HH"), "4"): Text '4' is set on object 'Object Repository/WIZARD/3Infraestructura/2Salas/2Edicion/input_Tiempo de Abandono HH'

2024-04-02 14:56:14 - [MESSAGE][PASSED] - Text '4' is set on object 'Object Repository/WIZARD/3Infraestructura/2Salas/2Edicion/input_Tiempo de Abandono HH'

2024-04-02 14:56:14 - [TEST_STEP][PASSED] - scrollToElement(findTestObject("WIZARD/3Infraestructura/2Salas/2Edicion/Label/label_Habilitar Agendamiento"), 2): Scroll to object 'Object Repository/WIZARD/3Infraestructura/2Salas/2Edicion/Label/label_Habilitar Agendamiento' successfully

2024-04-02 14:56:14 - [MESSAGE][PASSED] - Scroll to object 'Object Repository/WIZARD/3Infraestructura/2Salas/2Edicion/Label/label_Habilitar Agendamiento' successfully

2024-04-02 14:56:14 - [TEST_STEP][PASSED] - delay(3): Delayed 3 second(s)

2024-04-02 14:56:17 - [MESSAGE][PASSED] - Delayed 3 second(s)

2024-04-02 14:56:17 - [TEST_STEP][PASSED] - setText(findTestObject("WIZARD/3Infraestructura/2Salas/2Edicion/Promesa de Espera/input_Minutos promesa de espera"), "10"): Text '10' is set on object 'Object Repository/WIZARD/3Infraestructura/2Salas/2Edicion/Promesa de Espera/input_Minutos promesa de espera'

2024-04-02 14:56:18 - [MESSAGE][PASSED] - Text '10' is set on object 'Object Repository/WIZARD/3Infraestructura/2Salas/2Edicion/Promesa de Espera/input_Minutos promesa de espera'

2024-04-02 14:56:18 - [TEST_STEP][PASSED] - setText(findTestObject("WIZARD/3Infraestructura/2Salas/2Edicion/Promesa de atencion/input_Minutos Promesa Atencion"), "5"): Text '5' is set on object 'Object Repository/WIZARD/3Infraestructura/2Salas/2Edicion/Promesa de atencion/input_Minutos Promesa Atencion'

2024-04-02 14:56:19 - [MESSAGE][PASSED] - Text '5' is set on object 'Object Repository/WIZARD/3Infraestructura/2Salas/2Edicion/Promesa de atencion/input_Minutos Promesa Atencion'

2024-04-02 14:56:19 - [TEST_STEP][PASSED] - check(findTestObject("WIZARD/3Infraestructura/2Salas/2Edicion/Label/label_Habilitar Agendamiento")): Object 'Object Repository/WIZARD/3Infraestructura/2Salas/2Edicion/Label/label_Habilitar Agendamiento' is checked

2024-04-02 14:56:19 - [MESSAGE][PASSED] - Object 'Object Repository/WIZARD/3Infraestructura/2Salas/2Edicion/Label/label_Habilitar Agendamiento' is checked

2024-04-02 14:56:19 - [TEST_STEP][PASSED] - delay(3): Delayed 3 second(s)

2024-04-02 14:56:22 - [MESSAGE][PASSED] - Delayed 3 second(s)

2024-04-02 14:56:22 - [TEST_STEP][PASSED] - setText(findTestObject("WIZARD/3Infraestructura/2Salas/2Edicion/AgendamientoLlamado/Intervalo creacion/input_Minutos Intervalo Creacion"), "2"): Text '2' is set on object 'Object Repository/WIZARD/3Infraestructura/2Salas/2Edicion/AgendamientoLlamado/Intervalo creacion/input_Minutos Intervalo Creacion'

2024-04-02 14:56:23 - [MESSAGE][PASSED] - Text '2' is set on object 'Object Repository/WIZARD/3Infraestructura/2Salas/2Edicion/AgendamientoLlamado/Intervalo creacion/input_Minutos Intervalo Creacion'

2024-04-02 14:56:23 - [TEST_STEP][PASSED] - setText(findTestObject("WIZARD/3Infraestructura/2Salas/2Edicion/AgendamientoLlamado/Tiempo Limite Creacion/input_Minutos Tiempo Limite Creacion"), "2"): Text '2' is set on object 'Object Repository/WIZARD/3Infraestructura/2Salas/2Edicion/AgendamientoLlamado/Tiempo Limite Creacion/input_Minutos Tiempo Limite Creacion'

2024-04-02 14:56:24 - [MESSAGE][PASSED] - Text '2' is set on object 'Object Repository/WIZARD/3Infraestructura/2Salas/2Edicion/AgendamientoLlamado/Tiempo Limite Creacion/input_Minutos Tiempo Limite Creacion'

2024-04-02 14:56:24 - [TEST_STEP][PASSED] - check(findTestObject("WIZARD/3Infraestructura/2Salas/2Edicion/Label/label_Paso a distraido")): Object 'Object Repository/WIZARD/3Infraestructura/2Salas/2Edicion/Label/label_Paso a distraido' is checked

2024-04-02 14:56:24 - [MESSAGE][PASSED] - Object 'Object Repository/WIZARD/3Infraestructura/2Salas/2Edicion/Label/label_Paso a distraido' is checked

2024-04-02 14:56:24 - [TEST_STEP][PASSED] - delay(3): Delayed 3 second(s)

2024-04-02 14:56:27 - [MESSAGE][PASSED] - Delayed 3 second(s)

2024-04-02 14:56:27 - [TEST_STEP][PASSED] - setText(findTestObject("WIZARD/3Infraestructura/2Salas/2Edicion/Distraidos/Tiempo Automatico a distraido/input_Tiempo automatico a distrado MM"), "1"): Text '1' is set on object 'Object Repository/WIZARD/3Infraestructura/2Salas/2Edicion/Distraidos/Tiempo Automatico a distraido/input_Tiempo automatico a distrado MM'

2024-04-02 14:56:28 - [MESSAGE][PASSED] - Text '1' is set on object 'Object Repository/WIZARD/3Infraestructura/2Salas/2Edicion/Distraidos/Tiempo Automatico a distraido/input_Tiempo automatico a distrado MM'

2024-04-02 14:56:28 - [TEST_STEP][PASSED] - setText(findTestObject("WIZARD/3Infraestructura/2Salas/2Edicion/Distraidos/Tiempo de Rellamado/input_Tiempo de Rellamado MM"), "1"): Text '1' is set on object 'Object Repository/WIZARD/3Infraestructura/2Salas/2Edicion/Distraidos/Tiempo de Rellamado/input_Tiempo de Rellamado MM'

2024-04-02 14:56:29 - [MESSAGE][PASSED] - Text '1' is set on object 'Object Repository/WIZARD/3Infraestructura/2Salas/2Edicion/Distraidos/Tiempo de Rellamado/input_Tiempo de Rellamado MM'

2024-04-02 14:56:29 - [TEST_STEP][PASSED] - scrollToPosition(0, 0): Browser is scrolled to position x = 0, y = 0

2024-04-02 14:56:29 - [MESSAGE][PASSED] - Browser is scrolled to position x = 0, y = 0

2024-04-02 14:56:29 - [TEST_STEP][PASSED] - delay(3): Delayed 3 second(s)

2024-04-02 14:56:32 - [MESSAGE][PASSED] - Delayed 3 second(s)

2024-04-02 14:56:32 - [TEST_STEP][PASSED] - click(findTestObject("WIZARD/3Infraestructura/2Salas/2Edicion/img_Nuevo")): Object: 'Object Repository/WIZARD/3Infraestructura/2Salas/2Edicion/img_Nuevo' is clicked on

2024-04-02 14:56:32 - [MESSAGE][PASSED] - Object: 'Object Repository/WIZARD/3Infraestructura/2Salas/2Edicion/img_Nuevo' is clicked on

2024-04-02 14:56:32 - [TEST_STEP][PASSED] - delay(3): Delayed 3 second(s)

2024-04-02 14:56:35 - [MESSAGE][PASSED] - Delayed 3 second(s)

2024-04-02 14:56:35 - [TEST_STEP][PASSED] - takeFullPageScreenshot(): Taking screenshot successfully

2024-04-02 14:56:36 - [MESSAGE][INFO] - 0 hidden object(s)

2024-04-02 14:56:36 - [MESSAGE][PASSED] - Taking screenshot successfully
[[ATTACHMENT|C:\\CIEL INGENIERIA\\Katalon\\Digiturno55\\Reports\\20240402_143907\\WIZARD\\3Infraestructura\\2Salas\\5.2 Crear WorkFlow - Sala Entrega Documentos\\20240402_143935\\1712087795901.png]]

2024-04-02 14:56:36 - [TEST_STEP][PASSED] - delay(3): Delayed 3 second(s)

2024-04-02 14:56:39 - [MESSAGE][PASSED] - Delayed 3 second(s)

2024-04-02 14:56:39 - [TEST_STEP][PASSED] - Start listener action : sampleAfterTestCase: null]]></system-out>
         <system-err><![CDATA[]]></system-err>
      </testcase>
      <system-out><![CDATA[2024-04-02 14:55:45 - [TEST_SUITE][PASSED] - 5.2 Crear WorkFlow - Sala Entrega Documentos: Test Cases/WIZARD/3Infraestructura/2Salas/5.2 Crear WorkFlow - Sala Entrega Documentos]]></system-out>
      <system-err><![CDATA[]]></system-err>
   </testsuite>
</testsuites>
