<?xml version="1.0" encoding="UTF-8"?>
<testsuites name="14 Paginas por perfil Asociar y Desasociar" time="81.744" tests="2" failures="0" errors="0">
   <testsuite name="14 Paginas por perfil Asociar y Desasociar" tests="2" failures="0" errors="0" time="81.744" skipped="0" timestamp="2024-04-08 09:15:23" hostname="jdavila - PCPruebas101.ciel.cielingenieria.com" id="Test Suites/DIGITURNO/BASICO/14 Paginas por perfil Asociar y Desasociar">
      <properties>
         <property name="deviceName" value=""/>
         <property name="devicePlatform" value=""/>
         <property name="logFolder" value="C:\\CIEL INGENIERIA\\Katalon\\Digiturno55\\Reports\\20240408_090839\\DIGITURNO\\BASICO\\14 Paginas por perfil Asociar y Desasociar\\20240408_090847"/>
         <property name="logFiles" value="C:\\CIEL INGENIERIA\\Katalon\\Digiturno55\\Reports\\20240408_090839\\DIGITURNO\\BASICO\\14 Paginas por perfil Asociar y Desasociar\\20240408_090847\\execution0.log"/>
         <property name="attachments" value="C:\\CIEL INGENIERIA\\Katalon\\Digiturno55\\Reports\\20240408_090839\\DIGITURNO\\BASICO\\14 Paginas por perfil Asociar y Desasociar\\20240408_090847\\1712585743215.png, C:\\CIEL INGENIERIA\\Katalon\\Digiturno55\\Reports\\20240408_090839\\DIGITURNO\\BASICO\\14 Paginas por perfil Asociar y Desasociar\\20240408_090847\\1712585762792.png, C:\\CIEL INGENIERIA\\Katalon\\Digiturno55\\Reports\\20240408_090839\\DIGITURNO\\BASICO\\14 Paginas por perfil Asociar y Desasociar\\20240408_090847\\1712585785439.png, C:\\CIEL INGENIERIA\\Katalon\\Digiturno55\\Reports\\20240408_090839\\DIGITURNO\\BASICO\\14 Paginas por perfil Asociar y Desasociar\\20240408_090847\\1712585802013.png"/>
         <property name="hostName" value="jdavila - PCPruebas101.ciel.cielingenieria.com"/>
         <property name="os" value="Windows 10 64bit"/>
         <property name="katalonVersion" value="8.6.9.208"/>
         <property name="browser" value="Chrome 123.0.0.0"/>
         <property name="hostAddress" value="192.168.0.6"/>
         <property name="sessionId" value="e42a46cef29ab3be4962e7fe3a9ae991"/>
         <property name="seleniumVersion" value="3.141.59"/>
         <property name="proxyInformation" value="ProxyInformation { proxyOption=NO_PROXY, proxyServerType=HTTP, username=, password=********, proxyServerAddress=, proxyServerPort=0, executionList=&quot;&quot;, isApplyToDesiredCapabilities=true }"/>
         <property name="platform" value="Windows 10"/>
      </properties>
      <testcase name="Test Cases/DIGITURNO/BASICO/14 Paginas por perfil Asociar" time="42.232" classname="Test Cases/DIGITURNO/BASICO/14 Paginas por perfil Asociar" status="PASSED">
         <system-out><![CDATA[2024-04-08 09:15:24 - [TEST_CASE][PASSED] - Test Cases/DIGITURNO/BASICO/14 Paginas por perfil Asociar: Test Cases/DIGITURNO/BASICO/14 Paginas por perfil Asociar

2024-04-08 09:15:24 - [TEST_STEP][PASSED] - callTestCase(findTestCase("DIGITURNO/BASICO/5 Usuarios"), [:], STOP_ON_FAILURE): Call Test Case 'Test Cases/DIGITURNO/BASICO/5 Usuarios' successfully

2024-04-08 09:15:24 - [TEST_CASE][PASSED] - Test Cases/DIGITURNO/BASICO/5 Usuarios: Test Cases/DIGITURNO/BASICO/5 Usuarios

2024-04-08 09:15:24 - [TEST_STEP][PASSED] - callTestCase(findTestCase("0InicioSesion"), [:], STOP_ON_FAILURE): Call Test Case 'Test Cases/0InicioSesion' successfully

2024-04-08 09:15:24 - [TEST_CASE][PASSED] - Test Cases/0InicioSesion: Test Cases/0InicioSesion

2024-04-08 09:15:25 - [TEST_STEP][PASSED] - openBrowser(UrlDigiturno): Browser is opened with url: 'https://PCPruebas101.ciel.cielingenieria.com:8910'

2024-04-08 09:15:25 - [MESSAGE][INFO] - Starting 'Chrome' driver

2024-04-08 09:15:25 - [MESSAGE][INFO] - User set preference: ['args', '[--use-fake-ui-for-media-stream, --disable-notifications]']

2024-04-08 09:15:25 - [MESSAGE][INFO] - Action delay is set to 0 milliseconds

2024-04-08 09:15:27 - [MESSAGE][PASSED] - Browser is opened with url: 'https://PCPruebas101.ciel.cielingenieria.com:8910'

2024-04-08 09:15:27 - [TEST_STEP][PASSED] - maximizeWindow(): Current window maximized

2024-04-08 09:15:27 - [MESSAGE][PASSED] - Current window maximized

2024-04-08 09:15:27 - [TEST_STEP][PASSED] - delay(3): Delayed 3 second(s)

2024-04-08 09:15:30 - [MESSAGE][PASSED] - Delayed 3 second(s)

2024-04-08 09:15:30 - [TEST_STEP][PASSED] - setText(findTestObject("0Inicio Sesion/input_Usuario"), "Ciel"): Text 'Ciel' is set on object 'Object Repository/0Inicio Sesion/input_Usuario'

2024-04-08 09:15:31 - [MESSAGE][PASSED] - Text 'Ciel' is set on object 'Object Repository/0Inicio Sesion/input_Usuario'

2024-04-08 09:15:31 - [TEST_STEP][PASSED] - setText(findTestObject("0Inicio Sesion/input_Clave"), "digiturno"): Text 'digiturno' is set on object 'Object Repository/0Inicio Sesion/input_Clave'

2024-04-08 09:15:32 - [MESSAGE][PASSED] - Text 'digiturno' is set on object 'Object Repository/0Inicio Sesion/input_Clave'

2024-04-08 09:15:32 - [TEST_STEP][PASSED] - click(findTestObject("0Inicio Sesion/btn_IniciarSesion")): Object: 'Object Repository/0Inicio Sesion/btn_IniciarSesion' is clicked on

2024-04-08 09:15:32 - [MESSAGE][PASSED] - Object: 'Object Repository/0Inicio Sesion/btn_IniciarSesion' is clicked on

2024-04-08 09:15:32 - [TEST_STEP][PASSED] - delay(3): Delayed 3 second(s)

2024-04-08 09:15:35 - [MESSAGE][PASSED] - Delayed 3 second(s)

2024-04-08 09:15:36 - [MESSAGE][PASSED] - Call Test Case 'Test Cases/0InicioSesion' successfully

2024-04-08 09:15:36 - [TEST_STEP][PASSED] - click(findTestObject("DIGITURNO/1Principal/img_Configuracion(1)")): Object: 'Object Repository/DIGITURNO/1Principal/img_Configuracion(1)' is clicked on

2024-04-08 09:15:36 - [MESSAGE][PASSED] - Object: 'Object Repository/DIGITURNO/1Principal/img_Configuracion(1)' is clicked on

2024-04-08 09:15:36 - [TEST_STEP][PASSED] - delay(3): Delayed 3 second(s)

2024-04-08 09:15:39 - [MESSAGE][PASSED] - Delayed 3 second(s)

2024-04-08 09:15:39 - [TEST_STEP][PASSED] - click(findTestObject("DIGITURNO/CONFIGURACION/0Principal/img_4Usuarios")): Object: 'Object Repository/DIGITURNO/CONFIGURACION/0Principal/img_4Usuarios' is clicked on

2024-04-08 09:15:40 - [MESSAGE][PASSED] - Object: 'Object Repository/DIGITURNO/CONFIGURACION/0Principal/img_4Usuarios' is clicked on

2024-04-08 09:15:40 - [TEST_STEP][PASSED] - delay(3): Delayed 3 second(s)

2024-04-08 09:15:43 - [MESSAGE][PASSED] - Delayed 3 second(s)

2024-04-08 09:15:43 - [TEST_STEP][PASSED] - takeFullPageScreenshot(STOP_ON_FAILURE): Taking screenshot successfully

2024-04-08 09:15:43 - [MESSAGE][INFO] - 0 hidden object(s)

2024-04-08 09:15:43 - [MESSAGE][PASSED] - Taking screenshot successfully
[[ATTACHMENT|C:\\CIEL INGENIERIA\\Katalon\\Digiturno55\\Reports\\20240408_090839\\DIGITURNO\\BASICO\\14 Paginas por perfil Asociar y Desasociar\\20240408_090847\\1712585743215.png]]

2024-04-08 09:15:43 - [TEST_STEP][PASSED] - delay(3): Delayed 3 second(s)

2024-04-08 09:15:46 - [MESSAGE][PASSED] - Delayed 3 second(s)

2024-04-08 09:15:46 - [MESSAGE][PASSED] - Call Test Case 'Test Cases/DIGITURNO/BASICO/5 Usuarios' successfully

2024-04-08 09:15:46 - [TEST_STEP][PASSED] - delay(3): Delayed 3 second(s)

2024-04-08 09:15:49 - [MESSAGE][PASSED] - Delayed 3 second(s)

2024-04-08 09:15:49 - [TEST_STEP][PASSED] - click(findTestObject("DIGITURNO/CONFIGURACION/4Usuarios/0Principal/img_2Paginas por perfil")): Object: 'Object Repository/DIGITURNO/CONFIGURACION/4Usuarios/0Principal/img_2Paginas por perfil' is clicked on

2024-04-08 09:15:50 - [MESSAGE][PASSED] - Object: 'Object Repository/DIGITURNO/CONFIGURACION/4Usuarios/0Principal/img_2Paginas por perfil' is clicked on

2024-04-08 09:15:50 - [TEST_STEP][PASSED] - delay(3): Delayed 3 second(s)

2024-04-08 09:15:53 - [MESSAGE][PASSED] - Delayed 3 second(s)

2024-04-08 09:15:53 - [TEST_STEP][PASSED] - setText(findTestObject("DIGITURNO/CONFIGURACION/4Usuarios/2Paginas por perfil/Paginas de la aplicacion/input_TextoABuscar"), "alarmas"): Text 'alarmas' is set on object 'Object Repository/DIGITURNO/CONFIGURACION/4Usuarios/2Paginas por perfil/Paginas de la aplicacion/input_TextoABuscar'

2024-04-08 09:15:54 - [MESSAGE][PASSED] - Text 'alarmas' is set on object 'Object Repository/DIGITURNO/CONFIGURACION/4Usuarios/2Paginas por perfil/Paginas de la aplicacion/input_TextoABuscar'

2024-04-08 09:15:54 - [TEST_STEP][PASSED] - click(findTestObject("DIGITURNO/CONFIGURACION/4Usuarios/2Paginas por perfil/Perfiles de la aplicacion/option_3Consulta")): Object: 'Object Repository/DIGITURNO/CONFIGURACION/4Usuarios/2Paginas por perfil/Perfiles de la aplicacion/option_3Consulta' is clicked on

2024-04-08 09:15:54 - [MESSAGE][PASSED] - Object: 'Object Repository/DIGITURNO/CONFIGURACION/4Usuarios/2Paginas por perfil/Perfiles de la aplicacion/option_3Consulta' is clicked on

2024-04-08 09:15:54 - [TEST_STEP][PASSED] - delay(2): Delayed 2 second(s)

2024-04-08 09:15:56 - [MESSAGE][PASSED] - Delayed 2 second(s)

2024-04-08 09:15:56 - [TEST_STEP][PASSED] - click(findTestObject("DIGITURNO/CONFIGURACION/4Usuarios/2Paginas por perfil/Paginas de la aplicacion/a_SeleccionarTodo")): Object: 'Object Repository/DIGITURNO/CONFIGURACION/4Usuarios/2Paginas por perfil/Paginas de la aplicacion/a_SeleccionarTodo' is clicked on

2024-04-08 09:15:57 - [MESSAGE][PASSED] - Object: 'Object Repository/DIGITURNO/CONFIGURACION/4Usuarios/2Paginas por perfil/Paginas de la aplicacion/a_SeleccionarTodo' is clicked on

2024-04-08 09:15:57 - [TEST_STEP][PASSED] - delay(2): Delayed 2 second(s)

2024-04-08 09:15:59 - [MESSAGE][PASSED] - Delayed 2 second(s)

2024-04-08 09:15:59 - [TEST_STEP][PASSED] - click(findTestObject("DIGITURNO/CONFIGURACION/4Usuarios/2Paginas por perfil/Perfiles de la aplicacion/img_Nuevo")): Object: 'Object Repository/DIGITURNO/CONFIGURACION/4Usuarios/2Paginas por perfil/Perfiles de la aplicacion/img_Nuevo' is clicked on

2024-04-08 09:15:59 - [MESSAGE][PASSED] - Object: 'Object Repository/DIGITURNO/CONFIGURACION/4Usuarios/2Paginas por perfil/Perfiles de la aplicacion/img_Nuevo' is clicked on

2024-04-08 09:15:59 - [TEST_STEP][PASSED] - delay(3): Delayed 3 second(s)

2024-04-08 09:16:02 - [MESSAGE][PASSED] - Delayed 3 second(s)

2024-04-08 09:16:02 - [TEST_STEP][PASSED] - takeFullPageScreenshot(): Taking screenshot successfully

2024-04-08 09:16:03 - [MESSAGE][INFO] - 0 hidden object(s)

2024-04-08 09:16:03 - [MESSAGE][PASSED] - Taking screenshot successfully
[[ATTACHMENT|C:\\CIEL INGENIERIA\\Katalon\\Digiturno55\\Reports\\20240408_090839\\DIGITURNO\\BASICO\\14 Paginas por perfil Asociar y Desasociar\\20240408_090847\\1712585762792.png]]

2024-04-08 09:16:03 - [TEST_STEP][PASSED] - delay(3): Delayed 3 second(s)

2024-04-08 09:16:06 - [MESSAGE][PASSED] - Delayed 3 second(s)

2024-04-08 09:16:06 - [TEST_STEP][PASSED] - Start listener action : sampleAfterTestCase: null]]></system-out>
         <system-err><![CDATA[]]></system-err>
      </testcase>
      <testcase name="Test Cases/DIGITURNO/BASICO/14 Paginas por perfil Desasociar" time="39.255" classname="Test Cases/DIGITURNO/BASICO/14 Paginas por perfil Desasociar" status="PASSED">
         <system-out><![CDATA[2024-04-08 09:16:06 - [TEST_CASE][PASSED] - Test Cases/DIGITURNO/BASICO/14 Paginas por perfil Desasociar: Test Cases/DIGITURNO/BASICO/14 Paginas por perfil Desasociar

2024-04-08 09:16:06 - [TEST_STEP][PASSED] - callTestCase(findTestCase("DIGITURNO/BASICO/5 Usuarios"), [:], STOP_ON_FAILURE): Call Test Case 'Test Cases/DIGITURNO/BASICO/5 Usuarios' successfully

2024-04-08 09:16:06 - [TEST_CASE][PASSED] - Test Cases/DIGITURNO/BASICO/5 Usuarios: Test Cases/DIGITURNO/BASICO/5 Usuarios

2024-04-08 09:16:06 - [TEST_STEP][PASSED] - callTestCase(findTestCase("0InicioSesion"), [:], STOP_ON_FAILURE): Call Test Case 'Test Cases/0InicioSesion' successfully

2024-04-08 09:16:06 - [TEST_CASE][PASSED] - Test Cases/0InicioSesion: Test Cases/0InicioSesion

2024-04-08 09:16:06 - [TEST_STEP][PASSED] - openBrowser(UrlDigiturno): Browser is opened with url: 'https://PCPruebas101.ciel.cielingenieria.com:8910'

2024-04-08 09:16:06 - [MESSAGE][WARNING] - A browser is already opened. Closing browser and opening a new one

2024-04-08 09:16:07 - [MESSAGE][INFO] - Starting 'Chrome' driver

2024-04-08 09:16:07 - [MESSAGE][INFO] - User set preference: ['args', '[--use-fake-ui-for-media-stream, --disable-notifications]']

2024-04-08 09:16:07 - [MESSAGE][INFO] - Action delay is set to 0 milliseconds

2024-04-08 09:16:10 - [MESSAGE][PASSED] - Browser is opened with url: 'https://PCPruebas101.ciel.cielingenieria.com:8910'

2024-04-08 09:16:10 - [TEST_STEP][PASSED] - maximizeWindow(): Current window maximized

2024-04-08 09:16:10 - [MESSAGE][PASSED] - Current window maximized

2024-04-08 09:16:10 - [TEST_STEP][PASSED] - delay(3): Delayed 3 second(s)

2024-04-08 09:16:13 - [MESSAGE][PASSED] - Delayed 3 second(s)

2024-04-08 09:16:13 - [TEST_STEP][PASSED] - setText(findTestObject("0Inicio Sesion/input_Usuario"), "Ciel"): Text 'Ciel' is set on object 'Object Repository/0Inicio Sesion/input_Usuario'

2024-04-08 09:16:14 - [MESSAGE][PASSED] - Text 'Ciel' is set on object 'Object Repository/0Inicio Sesion/input_Usuario'

2024-04-08 09:16:14 - [TEST_STEP][PASSED] - setText(findTestObject("0Inicio Sesion/input_Clave"), "digiturno"): Text 'digiturno' is set on object 'Object Repository/0Inicio Sesion/input_Clave'

2024-04-08 09:16:14 - [MESSAGE][PASSED] - Text 'digiturno' is set on object 'Object Repository/0Inicio Sesion/input_Clave'

2024-04-08 09:16:14 - [TEST_STEP][PASSED] - click(findTestObject("0Inicio Sesion/btn_IniciarSesion")): Object: 'Object Repository/0Inicio Sesion/btn_IniciarSesion' is clicked on

2024-04-08 09:16:15 - [MESSAGE][PASSED] - Object: 'Object Repository/0Inicio Sesion/btn_IniciarSesion' is clicked on

2024-04-08 09:16:15 - [TEST_STEP][PASSED] - delay(3): Delayed 3 second(s)

2024-04-08 09:16:18 - [MESSAGE][PASSED] - Delayed 3 second(s)

2024-04-08 09:16:18 - [MESSAGE][PASSED] - Call Test Case 'Test Cases/0InicioSesion' successfully

2024-04-08 09:16:18 - [TEST_STEP][PASSED] - click(findTestObject("DIGITURNO/1Principal/img_Configuracion(1)")): Object: 'Object Repository/DIGITURNO/1Principal/img_Configuracion(1)' is clicked on

2024-04-08 09:16:18 - [MESSAGE][PASSED] - Object: 'Object Repository/DIGITURNO/1Principal/img_Configuracion(1)' is clicked on

2024-04-08 09:16:18 - [TEST_STEP][PASSED] - delay(3): Delayed 3 second(s)

2024-04-08 09:16:21 - [MESSAGE][PASSED] - Delayed 3 second(s)

2024-04-08 09:16:21 - [TEST_STEP][PASSED] - click(findTestObject("DIGITURNO/CONFIGURACION/0Principal/img_4Usuarios")): Object: 'Object Repository/DIGITURNO/CONFIGURACION/0Principal/img_4Usuarios' is clicked on

2024-04-08 09:16:22 - [MESSAGE][PASSED] - Object: 'Object Repository/DIGITURNO/CONFIGURACION/0Principal/img_4Usuarios' is clicked on

2024-04-08 09:16:22 - [TEST_STEP][PASSED] - delay(3): Delayed 3 second(s)

2024-04-08 09:16:25 - [MESSAGE][PASSED] - Delayed 3 second(s)

2024-04-08 09:16:25 - [TEST_STEP][PASSED] - takeFullPageScreenshot(STOP_ON_FAILURE): Taking screenshot successfully

2024-04-08 09:16:25 - [MESSAGE][INFO] - 0 hidden object(s)

2024-04-08 09:16:25 - [MESSAGE][PASSED] - Taking screenshot successfully
[[ATTACHMENT|C:\\CIEL INGENIERIA\\Katalon\\Digiturno55\\Reports\\20240408_090839\\DIGITURNO\\BASICO\\14 Paginas por perfil Asociar y Desasociar\\20240408_090847\\1712585785439.png]]

2024-04-08 09:16:25 - [TEST_STEP][PASSED] - delay(3): Delayed 3 second(s)

2024-04-08 09:16:28 - [MESSAGE][PASSED] - Delayed 3 second(s)

2024-04-08 09:16:28 - [MESSAGE][PASSED] - Call Test Case 'Test Cases/DIGITURNO/BASICO/5 Usuarios' successfully

2024-04-08 09:16:28 - [TEST_STEP][PASSED] - delay(3): Delayed 3 second(s)

2024-04-08 09:16:31 - [MESSAGE][PASSED] - Delayed 3 second(s)

2024-04-08 09:16:31 - [TEST_STEP][PASSED] - click(findTestObject("DIGITURNO/CONFIGURACION/4Usuarios/0Principal/img_2Paginas por perfil")): Object: 'Object Repository/DIGITURNO/CONFIGURACION/4Usuarios/0Principal/img_2Paginas por perfil' is clicked on

2024-04-08 09:16:32 - [MESSAGE][PASSED] - Object: 'Object Repository/DIGITURNO/CONFIGURACION/4Usuarios/0Principal/img_2Paginas por perfil' is clicked on

2024-04-08 09:16:32 - [TEST_STEP][PASSED] - delay(3): Delayed 3 second(s)

2024-04-08 09:16:35 - [MESSAGE][PASSED] - Delayed 3 second(s)

2024-04-08 09:16:35 - [TEST_STEP][PASSED] - setText(findTestObject("DIGITURNO/CONFIGURACION/4Usuarios/2Paginas por perfil/Paginas de la aplicacion/input_TextoABuscar"), "alarmas"): Text 'alarmas' is set on object 'Object Repository/DIGITURNO/CONFIGURACION/4Usuarios/2Paginas por perfil/Paginas de la aplicacion/input_TextoABuscar'

2024-04-08 09:16:36 - [MESSAGE][PASSED] - Text 'alarmas' is set on object 'Object Repository/DIGITURNO/CONFIGURACION/4Usuarios/2Paginas por perfil/Paginas de la aplicacion/input_TextoABuscar'

2024-04-08 09:16:36 - [TEST_STEP][PASSED] - click(findTestObject("DIGITURNO/CONFIGURACION/4Usuarios/2Paginas por perfil/Perfiles de la aplicacion/option_3Consulta")): Object: 'Object Repository/DIGITURNO/CONFIGURACION/4Usuarios/2Paginas por perfil/Perfiles de la aplicacion/option_3Consulta' is clicked on

2024-04-08 09:16:36 - [MESSAGE][PASSED] - Object: 'Object Repository/DIGITURNO/CONFIGURACION/4Usuarios/2Paginas por perfil/Perfiles de la aplicacion/option_3Consulta' is clicked on

2024-04-08 09:16:36 - [TEST_STEP][PASSED] - delay(2): Delayed 2 second(s)

2024-04-08 09:16:38 - [MESSAGE][PASSED] - Delayed 2 second(s)

2024-04-08 09:16:38 - [TEST_STEP][PASSED] - click(findTestObject("DIGITURNO/CONFIGURACION/4Usuarios/2Paginas por perfil/Paginas de la aplicacion/a_SeleccionarTodo")): Object: 'Object Repository/DIGITURNO/CONFIGURACION/4Usuarios/2Paginas por perfil/Paginas de la aplicacion/a_SeleccionarTodo' is clicked on

2024-04-08 09:16:39 - [MESSAGE][PASSED] - Object: 'Object Repository/DIGITURNO/CONFIGURACION/4Usuarios/2Paginas por perfil/Paginas de la aplicacion/a_SeleccionarTodo' is clicked on

2024-04-08 09:16:39 - [TEST_STEP][PASSED] - delay(2): Delayed 2 second(s)

2024-04-08 09:16:41 - [MESSAGE][PASSED] - Delayed 2 second(s)

2024-04-08 09:16:41 - [TEST_STEP][PASSED] - click(findTestObject("DIGITURNO/CONFIGURACION/4Usuarios/2Paginas por perfil/Perfiles de la aplicacion/img_Eliminar")): Object: 'Object Repository/DIGITURNO/CONFIGURACION/4Usuarios/2Paginas por perfil/Perfiles de la aplicacion/img_Eliminar' is clicked on

2024-04-08 09:16:41 - [MESSAGE][PASSED] - Object: 'Object Repository/DIGITURNO/CONFIGURACION/4Usuarios/2Paginas por perfil/Perfiles de la aplicacion/img_Eliminar' is clicked on

2024-04-08 09:16:41 - [TEST_STEP][PASSED] - click(findTestObject("DIGITURNO/CONFIGURACION/4Usuarios/2Paginas por perfil/Perfiles de la aplicacion/img_Eliminar")): Object: 'Object Repository/DIGITURNO/CONFIGURACION/4Usuarios/2Paginas por perfil/Perfiles de la aplicacion/img_Eliminar' is clicked on

2024-04-08 09:16:41 - [MESSAGE][PASSED] - Object: 'Object Repository/DIGITURNO/CONFIGURACION/4Usuarios/2Paginas por perfil/Perfiles de la aplicacion/img_Eliminar' is clicked on

2024-04-08 09:16:41 - [TEST_STEP][PASSED] - acceptAlert(STOP_ON_FAILURE): Alert accepted

2024-04-08 09:16:42 - [MESSAGE][PASSED] - Alert accepted

2024-04-08 09:16:42 - [TEST_STEP][PASSED] - takeFullPageScreenshot(): Taking screenshot successfully

2024-04-08 09:16:42 - [MESSAGE][INFO] - 0 hidden object(s)

2024-04-08 09:16:42 - [MESSAGE][PASSED] - Taking screenshot successfully
[[ATTACHMENT|C:\\CIEL INGENIERIA\\Katalon\\Digiturno55\\Reports\\20240408_090839\\DIGITURNO\\BASICO\\14 Paginas por perfil Asociar y Desasociar\\20240408_090847\\1712585802013.png]]

2024-04-08 09:16:42 - [TEST_STEP][PASSED] - delay(3): Delayed 3 second(s)

2024-04-08 09:16:45 - [MESSAGE][PASSED] - Delayed 3 second(s)

2024-04-08 09:16:45 - [TEST_STEP][PASSED] - Start listener action : sampleAfterTestCase: null]]></system-out>
         <system-err><![CDATA[]]></system-err>
      </testcase>
      <system-out><![CDATA[2024-04-08 09:15:23 - [TEST_SUITE][PASSED] - 14 Paginas por perfil Asociar y Desasociar: Test Cases/DIGITURNO/BASICO/14 Paginas por perfil Desasociar]]></system-out>
      <system-err><![CDATA[]]></system-err>
   </testsuite>
</testsuites>
