<?xml version="1.0" encoding="UTF-8"?>
<testsuites name="25 Grupos Crear Actualizar Eliminar" time="132.934" tests="3" failures="0" errors="0">
   <testsuite name="25 Grupos Crear Actualizar Eliminar" tests="3" failures="0" errors="0" time="132.934" skipped="0" timestamp="2024-10-03 17:28:31" hostname="jdavila - PCPruebas101.ciel.cielingenieria.com" id="Test Suites/DIGITURNO/BASICO/25 Grupos Crear Actualizar Eliminar">
      <properties>
         <property name="deviceName" value=""/>
         <property name="devicePlatform" value=""/>
         <property name="logFolder" value="C:\\CIEL INGENIERIA\\Katalon\\Digiturno55\\Reports\\20241003_171202\\DIGITURNO\\BASICO\\25 Grupos Crear Actualizar Eliminar\\20241003_171230"/>
         <property name="logFiles" value="C:\\CIEL INGENIERIA\\Katalon\\Digiturno55\\Reports\\20241003_171202\\DIGITURNO\\BASICO\\25 Grupos Crear Actualizar Eliminar\\20241003_171230\\execution0.log"/>
         <property name="attachments" value="C:\\CIEL INGENIERIA\\Katalon\\Digiturno55\\Reports\\20241003_171202\\DIGITURNO\\BASICO\\25 Grupos Crear Actualizar Eliminar\\20241003_171230\\1727994531774.png, C:\\CIEL INGENIERIA\\Katalon\\Digiturno55\\Reports\\20241003_171202\\DIGITURNO\\BASICO\\25 Grupos Crear Actualizar Eliminar\\20241003_171230\\1727994554365.png, C:\\CIEL INGENIERIA\\Katalon\\Digiturno55\\Reports\\20241003_171202\\DIGITURNO\\BASICO\\25 Grupos Crear Actualizar Eliminar\\20241003_171230\\1727994576896.png, C:\\CIEL INGENIERIA\\Katalon\\Digiturno55\\Reports\\20241003_171202\\DIGITURNO\\BASICO\\25 Grupos Crear Actualizar Eliminar\\20241003_171230\\1727994597893.png, C:\\CIEL INGENIERIA\\Katalon\\Digiturno55\\Reports\\20241003_171202\\DIGITURNO\\BASICO\\25 Grupos Crear Actualizar Eliminar\\20241003_171230\\1727994620355.png, C:\\CIEL INGENIERIA\\Katalon\\Digiturno55\\Reports\\20241003_171202\\DIGITURNO\\BASICO\\25 Grupos Crear Actualizar Eliminar\\20241003_171230\\1727994640720.png"/>
         <property name="hostName" value="jdavila - PCPruebas101.ciel.cielingenieria.com"/>
         <property name="os" value="Windows 10 64bit"/>
         <property name="katalonVersion" value="8.6.9.208"/>
         <property name="browser" value="Chrome 129.0.0.0"/>
         <property name="hostAddress" value="192.168.91.13"/>
         <property name="sessionId" value="f976f8e2335d1eeb18807b9505c43d35"/>
         <property name="seleniumVersion" value="3.141.59"/>
         <property name="proxyInformation" value="ProxyInformation { proxyOption=NO_PROXY, proxyServerType=HTTP, username=, password=********, proxyServerAddress=, proxyServerPort=0, executionList=&quot;&quot;, isApplyToDesiredCapabilities=true }"/>
         <property name="platform" value="Windows 10"/>
      </properties>
      <testcase name="Test Cases/DIGITURNO/BASICO/25 Grupos Crear" time="46.294" classname="Test Cases/DIGITURNO/BASICO/25 Grupos Crear" status="PASSED">
         <system-out><![CDATA[2024-10-03 17:28:31 - [TEST_CASE][PASSED] - Test Cases/DIGITURNO/BASICO/25 Grupos Crear: Test Cases/DIGITURNO/BASICO/25 Grupos Crear

2024-10-03 17:28:32 - [TEST_STEP][PASSED] - callTestCase(findTestCase("DIGITURNO/BASICO/21 Distribucion Geografica"), [:], STOP_ON_FAILURE): Call Test Case 'Test Cases/DIGITURNO/BASICO/21 Distribucion Geografica' successfully

2024-10-03 17:28:32 - [TEST_CASE][PASSED] - Test Cases/DIGITURNO/BASICO/21 Distribucion Geografica: Test Cases/DIGITURNO/BASICO/21 Distribucion Geografica

2024-10-03 17:28:32 - [TEST_STEP][PASSED] - callTestCase(findTestCase("0InicioSesion"), [:], STOP_ON_FAILURE): Call Test Case 'Test Cases/0InicioSesion' successfully

2024-10-03 17:28:32 - [TEST_CASE][PASSED] - Test Cases/0InicioSesion: Test Cases/0InicioSesion

2024-10-03 17:28:33 - [TEST_STEP][PASSED] - openBrowser(UrlDigiturno): Browser is opened with url: 'https://PCPruebas101.ciel.cielingenieria.com:8910'

2024-10-03 17:28:33 - [MESSAGE][INFO] - Starting 'Chrome' driver

2024-10-03 17:28:33 - [MESSAGE][INFO] - User set preference: ['args', '[--use-fake-ui-for-media-stream, --disable-notifications]']

2024-10-03 17:28:33 - [MESSAGE][INFO] - Action delay is set to 0 milliseconds

2024-10-03 17:28:36 - [MESSAGE][PASSED] - Browser is opened with url: 'https://PCPruebas101.ciel.cielingenieria.com:8910'

2024-10-03 17:28:36 - [TEST_STEP][PASSED] - maximizeWindow(): Current window maximized

2024-10-03 17:28:36 - [MESSAGE][PASSED] - Current window maximized

2024-10-03 17:28:36 - [TEST_STEP][PASSED] - delay(3): Delayed 3 second(s)

2024-10-03 17:28:39 - [MESSAGE][PASSED] - Delayed 3 second(s)

2024-10-03 17:28:39 - [TEST_STEP][PASSED] - setText(findTestObject("0Inicio Sesion/input_Usuario"), "Ciel"): Text 'Ciel' is set on object 'Object Repository/0Inicio Sesion/input_Usuario'

2024-10-03 17:28:40 - [MESSAGE][PASSED] - Text 'Ciel' is set on object 'Object Repository/0Inicio Sesion/input_Usuario'

2024-10-03 17:28:40 - [TEST_STEP][PASSED] - setText(findTestObject("0Inicio Sesion/input_Clave"), "digiturno"): Text 'digiturno' is set on object 'Object Repository/0Inicio Sesion/input_Clave'

2024-10-03 17:28:41 - [MESSAGE][PASSED] - Text 'digiturno' is set on object 'Object Repository/0Inicio Sesion/input_Clave'

2024-10-03 17:28:41 - [TEST_STEP][PASSED] - click(findTestObject("0Inicio Sesion/btn_IniciarSesion")): Object: 'Object Repository/0Inicio Sesion/btn_IniciarSesion' is clicked on

2024-10-03 17:28:41 - [MESSAGE][PASSED] - Object: 'Object Repository/0Inicio Sesion/btn_IniciarSesion' is clicked on

2024-10-03 17:28:41 - [TEST_STEP][PASSED] - delay(3): Delayed 3 second(s)

2024-10-03 17:28:44 - [MESSAGE][PASSED] - Delayed 3 second(s)

2024-10-03 17:28:44 - [MESSAGE][PASSED] - Call Test Case 'Test Cases/0InicioSesion' successfully

2024-10-03 17:28:44 - [TEST_STEP][PASSED] - click(findTestObject("DIGITURNO/1Principal/img_Configuracion(1)")): Object: 'Object Repository/DIGITURNO/1Principal/img_Configuracion(1)' is clicked on

2024-10-03 17:28:45 - [MESSAGE][PASSED] - Object: 'Object Repository/DIGITURNO/1Principal/img_Configuracion(1)' is clicked on

2024-10-03 17:28:45 - [TEST_STEP][PASSED] - delay(3): Delayed 3 second(s)

2024-10-03 17:28:48 - [MESSAGE][PASSED] - Delayed 3 second(s)

2024-10-03 17:28:48 - [TEST_STEP][PASSED] - click(findTestObject("DIGITURNO/CONFIGURACION/0Principal/img_2Distribucion Geografica")): Object: 'Object Repository/DIGITURNO/CONFIGURACION/0Principal/img_2Distribucion Geografica' is clicked on

2024-10-03 17:28:48 - [MESSAGE][PASSED] - Object: 'Object Repository/DIGITURNO/CONFIGURACION/0Principal/img_2Distribucion Geografica' is clicked on

2024-10-03 17:28:48 - [TEST_STEP][PASSED] - delay(3): Delayed 3 second(s)

2024-10-03 17:28:51 - [MESSAGE][PASSED] - Delayed 3 second(s)

2024-10-03 17:28:51 - [TEST_STEP][PASSED] - takeFullPageScreenshot(): Taking screenshot successfully

2024-10-03 17:28:52 - [MESSAGE][INFO] - 0 hidden object(s)

2024-10-03 17:28:52 - [MESSAGE][PASSED] - Taking screenshot successfully
[[ATTACHMENT|C:\\CIEL INGENIERIA\\Katalon\\Digiturno55\\Reports\\20241003_171202\\DIGITURNO\\BASICO\\25 Grupos Crear Actualizar Eliminar\\20241003_171230\\1727994531774.png]]

2024-10-03 17:28:52 - [TEST_STEP][PASSED] - delay(3): Delayed 3 second(s)

2024-10-03 17:28:55 - [MESSAGE][PASSED] - Delayed 3 second(s)

2024-10-03 17:28:55 - [MESSAGE][PASSED] - Call Test Case 'Test Cases/DIGITURNO/BASICO/21 Distribucion Geografica' successfully

2024-10-03 17:28:55 - [TEST_STEP][PASSED] - click(findTestObject("DIGITURNO/CONFIGURACION/2Distribucion Geografica/0Principal/img_4Grupos")): Object: 'Object Repository/DIGITURNO/CONFIGURACION/2Distribucion Geografica/0Principal/img_4Grupos' is clicked on

2024-10-03 17:28:56 - [MESSAGE][PASSED] - Object: 'Object Repository/DIGITURNO/CONFIGURACION/2Distribucion Geografica/0Principal/img_4Grupos' is clicked on

2024-10-03 17:28:56 - [TEST_STEP][PASSED] - delay(3): Delayed 3 second(s)

2024-10-03 17:28:59 - [MESSAGE][PASSED] - Delayed 3 second(s)

2024-10-03 17:28:59 - [TEST_STEP][PASSED] - click(findTestObject("DIGITURNO/CONFIGURACION/2Distribucion Geografica/4Grupos/0Modal Inicial Oficinas/td_1Bogota - CIEL")): Object: 'Object Repository/DIGITURNO/CONFIGURACION/2Distribucion Geografica/4Grupos/0Modal Inicial Oficinas/td_1Bogota - CIEL' is clicked on

2024-10-03 17:28:59 - [MESSAGE][PASSED] - Object: 'Object Repository/DIGITURNO/CONFIGURACION/2Distribucion Geografica/4Grupos/0Modal Inicial Oficinas/td_1Bogota - CIEL' is clicked on

2024-10-03 17:28:59 - [TEST_STEP][PASSED] - delay(2): Delayed 2 second(s)

2024-10-03 17:29:01 - [MESSAGE][PASSED] - Delayed 2 second(s)

2024-10-03 17:29:01 - [TEST_STEP][PASSED] - click(findTestObject("DIGITURNO/CONFIGURACION/2Distribucion Geografica/4Grupos/Edicion/btn_SalaModal")): Object: 'Object Repository/DIGITURNO/CONFIGURACION/2Distribucion Geografica/4Grupos/Edicion/btn_SalaModal' is clicked on

2024-10-03 17:29:01 - [MESSAGE][PASSED] - Object: 'Object Repository/DIGITURNO/CONFIGURACION/2Distribucion Geografica/4Grupos/Edicion/btn_SalaModal' is clicked on

2024-10-03 17:29:01 - [TEST_STEP][PASSED] - delay(1): Delayed 1 second(s)

2024-10-03 17:29:02 - [MESSAGE][PASSED] - Delayed 1 second(s)

2024-10-03 17:29:02 - [TEST_STEP][PASSED] - click(findTestObject("DIGITURNO/CONFIGURACION/2Distribucion Geografica/4Grupos/Edicion/btn_SalaModal(1)/a_CIEL - Sala General")): Object: 'Object Repository/DIGITURNO/CONFIGURACION/2Distribucion Geografica/4Grupos/Edicion/btn_SalaModal(1)/a_CIEL - Sala General' is clicked on

2024-10-03 17:29:03 - [MESSAGE][PASSED] - Object: 'Object Repository/DIGITURNO/CONFIGURACION/2Distribucion Geografica/4Grupos/Edicion/btn_SalaModal(1)/a_CIEL - Sala General' is clicked on

2024-10-03 17:29:03 - [TEST_STEP][PASSED] - delay(3): Delayed 3 second(s)

2024-10-03 17:29:06 - [MESSAGE][PASSED] - Delayed 3 second(s)

2024-10-03 17:29:06 - [TEST_STEP][PASSED] - setText(findTestObject("DIGITURNO/CONFIGURACION/2Distribucion Geografica/4Grupos/Edicion/input_Nombre"), "Prueba"): Text 'Prueba' is set on object 'Object Repository/DIGITURNO/CONFIGURACION/2Distribucion Geografica/4Grupos/Edicion/input_Nombre'

2024-10-03 17:29:07 - [MESSAGE][PASSED] - Text 'Prueba' is set on object 'Object Repository/DIGITURNO/CONFIGURACION/2Distribucion Geografica/4Grupos/Edicion/input_Nombre'

2024-10-03 17:29:07 - [TEST_STEP][PASSED] - setText(findTestObject("DIGITURNO/CONFIGURACION/2Distribucion Geografica/4Grupos/Edicion/textarea_Descripcion"), "Prueba"): Text 'Prueba' is set on object 'Object Repository/DIGITURNO/CONFIGURACION/2Distribucion Geografica/4Grupos/Edicion/textarea_Descripcion'

2024-10-03 17:29:07 - [MESSAGE][PASSED] - Text 'Prueba' is set on object 'Object Repository/DIGITURNO/CONFIGURACION/2Distribucion Geografica/4Grupos/Edicion/textarea_Descripcion'

2024-10-03 17:29:07 - [TEST_STEP][PASSED] - selectOptionByIndex(findTestObject("DIGITURNO/CONFIGURACION/2Distribucion Geografica/4Grupos/Edicion/select_Busqueda de turnos en la actual"), 1, STOP_ON_FAILURE): All options with index in [1] are selected on object 'Object Repository/DIGITURNO/CONFIGURACION/2Distribucion Geografica/4Grupos/Edicion/select_Busqueda de turnos en la actual'

2024-10-03 17:29:08 - [MESSAGE][PASSED] - All options with index in [1] are selected on object 'Object Repository/DIGITURNO/CONFIGURACION/2Distribucion Geografica/4Grupos/Edicion/select_Busqueda de turnos en la actual'

2024-10-03 17:29:08 - [TEST_STEP][PASSED] - delay(0): Delayed 0 second(s)

2024-10-03 17:29:08 - [MESSAGE][PASSED] - Delayed 0 second(s)

2024-10-03 17:29:08 - [TEST_STEP][PASSED] - selectOptionByIndex(findTestObject("DIGITURNO/CONFIGURACION/2Distribucion Geografica/4Grupos/Edicion/select_Reclasificar turnos en la actual"), 1, STOP_ON_FAILURE): All options with index in [1] are selected on object 'Object Repository/DIGITURNO/CONFIGURACION/2Distribucion Geografica/4Grupos/Edicion/select_Reclasificar turnos en la actual'

2024-10-03 17:29:09 - [MESSAGE][PASSED] - All options with index in [1] are selected on object 'Object Repository/DIGITURNO/CONFIGURACION/2Distribucion Geografica/4Grupos/Edicion/select_Reclasificar turnos en la actual'

2024-10-03 17:29:09 - [TEST_STEP][PASSED] - delay(0): Delayed 0 second(s)

2024-10-03 17:29:09 - [MESSAGE][PASSED] - Delayed 0 second(s)

2024-10-03 17:29:09 - [TEST_STEP][PASSED] - scrollToPosition(0, 1200): Browser is scrolled to position x = 0, y = 1200

2024-10-03 17:29:09 - [MESSAGE][PASSED] - Browser is scrolled to position x = 0, y = 1200

2024-10-03 17:29:09 - [TEST_STEP][PASSED] - check(findTestObject("DIGITURNO/CONFIGURACION/2Distribucion Geografica/4Grupos/Edicion/label_Mostrar boton rellamar")): Object 'Object Repository/DIGITURNO/CONFIGURACION/2Distribucion Geografica/4Grupos/Edicion/label_Mostrar boton rellamar' is checked

2024-10-03 17:29:10 - [MESSAGE][PASSED] - Object 'Object Repository/DIGITURNO/CONFIGURACION/2Distribucion Geografica/4Grupos/Edicion/label_Mostrar boton rellamar' is checked

2024-10-03 17:29:10 - [TEST_STEP][PASSED] - check(findTestObject("DIGITURNO/CONFIGURACION/2Distribucion Geografica/4Grupos/Edicion/label_De primero")): Object 'Object Repository/DIGITURNO/CONFIGURACION/2Distribucion Geografica/4Grupos/Edicion/label_De primero' is checked

2024-10-03 17:29:10 - [MESSAGE][PASSED] - Object 'Object Repository/DIGITURNO/CONFIGURACION/2Distribucion Geografica/4Grupos/Edicion/label_De primero' is checked

2024-10-03 17:29:10 - [TEST_STEP][PASSED] - scrollToPosition(0, 0): Browser is scrolled to position x = 0, y = 0

2024-10-03 17:29:10 - [MESSAGE][PASSED] - Browser is scrolled to position x = 0, y = 0

2024-10-03 17:29:10 - [TEST_STEP][PASSED] - click(findTestObject("DIGITURNO/CONFIGURACION/2Distribucion Geografica/4Grupos/Edicion/img_Nuevo")): Object: 'Object Repository/DIGITURNO/CONFIGURACION/2Distribucion Geografica/4Grupos/Edicion/img_Nuevo' is clicked on

2024-10-03 17:29:11 - [MESSAGE][PASSED] - Object: 'Object Repository/DIGITURNO/CONFIGURACION/2Distribucion Geografica/4Grupos/Edicion/img_Nuevo' is clicked on

2024-10-03 17:29:11 - [TEST_STEP][PASSED] - delay(3): Delayed 3 second(s)

2024-10-03 17:29:14 - [MESSAGE][PASSED] - Delayed 3 second(s)

2024-10-03 17:29:14 - [TEST_STEP][PASSED] - takeFullPageScreenshot(): Taking screenshot successfully

2024-10-03 17:29:14 - [MESSAGE][INFO] - 0 hidden object(s)

2024-10-03 17:29:15 - [MESSAGE][PASSED] - Taking screenshot successfully
[[ATTACHMENT|C:\\CIEL INGENIERIA\\Katalon\\Digiturno55\\Reports\\20241003_171202\\DIGITURNO\\BASICO\\25 Grupos Crear Actualizar Eliminar\\20241003_171230\\1727994554365.png]]

2024-10-03 17:29:15 - [TEST_STEP][PASSED] - delay(3): Delayed 3 second(s)

2024-10-03 17:29:18 - [MESSAGE][PASSED] - Delayed 3 second(s)

2024-10-03 17:29:18 - [TEST_STEP][PASSED] - Start listener action : sampleAfterTestCase: null]]></system-out>
         <system-err><![CDATA[]]></system-err>
      </testcase>
      <testcase name="Test Cases/DIGITURNO/BASICO/25 Grupos Actualizar" time="43.53" classname="Test Cases/DIGITURNO/BASICO/25 Grupos Actualizar" status="PASSED">
         <system-out><![CDATA[2024-10-03 17:29:18 - [TEST_CASE][PASSED] - Test Cases/DIGITURNO/BASICO/25 Grupos Actualizar: Test Cases/DIGITURNO/BASICO/25 Grupos Actualizar

2024-10-03 17:29:18 - [TEST_STEP][PASSED] - callTestCase(findTestCase("DIGITURNO/BASICO/21 Distribucion Geografica"), [:], STOP_ON_FAILURE): Call Test Case 'Test Cases/DIGITURNO/BASICO/21 Distribucion Geografica' successfully

2024-10-03 17:29:18 - [TEST_CASE][PASSED] - Test Cases/DIGITURNO/BASICO/21 Distribucion Geografica: Test Cases/DIGITURNO/BASICO/21 Distribucion Geografica

2024-10-03 17:29:18 - [TEST_STEP][PASSED] - callTestCase(findTestCase("0InicioSesion"), [:], STOP_ON_FAILURE): Call Test Case 'Test Cases/0InicioSesion' successfully

2024-10-03 17:29:18 - [TEST_CASE][PASSED] - Test Cases/0InicioSesion: Test Cases/0InicioSesion

2024-10-03 17:29:18 - [TEST_STEP][PASSED] - openBrowser(UrlDigiturno): Browser is opened with url: 'https://PCPruebas101.ciel.cielingenieria.com:8910'

2024-10-03 17:29:18 - [MESSAGE][WARNING] - A browser is already opened. Closing browser and opening a new one

2024-10-03 17:29:19 - [MESSAGE][INFO] - Starting 'Chrome' driver

2024-10-03 17:29:19 - [MESSAGE][INFO] - User set preference: ['args', '[--use-fake-ui-for-media-stream, --disable-notifications]']

2024-10-03 17:29:19 - [MESSAGE][INFO] - Action delay is set to 0 milliseconds

2024-10-03 17:29:21 - [MESSAGE][PASSED] - Browser is opened with url: 'https://PCPruebas101.ciel.cielingenieria.com:8910'

2024-10-03 17:29:21 - [TEST_STEP][PASSED] - maximizeWindow(): Current window maximized

2024-10-03 17:29:21 - [MESSAGE][PASSED] - Current window maximized

2024-10-03 17:29:21 - [TEST_STEP][PASSED] - delay(3): Delayed 3 second(s)

2024-10-03 17:29:24 - [MESSAGE][PASSED] - Delayed 3 second(s)

2024-10-03 17:29:24 - [TEST_STEP][PASSED] - setText(findTestObject("0Inicio Sesion/input_Usuario"), "Ciel"): Text 'Ciel' is set on object 'Object Repository/0Inicio Sesion/input_Usuario'

2024-10-03 17:29:25 - [MESSAGE][PASSED] - Text 'Ciel' is set on object 'Object Repository/0Inicio Sesion/input_Usuario'

2024-10-03 17:29:25 - [TEST_STEP][PASSED] - setText(findTestObject("0Inicio Sesion/input_Clave"), "digiturno"): Text 'digiturno' is set on object 'Object Repository/0Inicio Sesion/input_Clave'

2024-10-03 17:29:26 - [MESSAGE][PASSED] - Text 'digiturno' is set on object 'Object Repository/0Inicio Sesion/input_Clave'

2024-10-03 17:29:26 - [TEST_STEP][PASSED] - click(findTestObject("0Inicio Sesion/btn_IniciarSesion")): Object: 'Object Repository/0Inicio Sesion/btn_IniciarSesion' is clicked on

2024-10-03 17:29:26 - [MESSAGE][PASSED] - Object: 'Object Repository/0Inicio Sesion/btn_IniciarSesion' is clicked on

2024-10-03 17:29:26 - [TEST_STEP][PASSED] - delay(3): Delayed 3 second(s)

2024-10-03 17:29:29 - [MESSAGE][PASSED] - Delayed 3 second(s)

2024-10-03 17:29:29 - [MESSAGE][PASSED] - Call Test Case 'Test Cases/0InicioSesion' successfully

2024-10-03 17:29:29 - [TEST_STEP][PASSED] - click(findTestObject("DIGITURNO/1Principal/img_Configuracion(1)")): Object: 'Object Repository/DIGITURNO/1Principal/img_Configuracion(1)' is clicked on

2024-10-03 17:29:30 - [MESSAGE][PASSED] - Object: 'Object Repository/DIGITURNO/1Principal/img_Configuracion(1)' is clicked on

2024-10-03 17:29:30 - [TEST_STEP][PASSED] - delay(3): Delayed 3 second(s)

2024-10-03 17:29:33 - [MESSAGE][PASSED] - Delayed 3 second(s)

2024-10-03 17:29:33 - [TEST_STEP][PASSED] - click(findTestObject("DIGITURNO/CONFIGURACION/0Principal/img_2Distribucion Geografica")): Object: 'Object Repository/DIGITURNO/CONFIGURACION/0Principal/img_2Distribucion Geografica' is clicked on

2024-10-03 17:29:33 - [MESSAGE][PASSED] - Object: 'Object Repository/DIGITURNO/CONFIGURACION/0Principal/img_2Distribucion Geografica' is clicked on

2024-10-03 17:29:33 - [TEST_STEP][PASSED] - delay(3): Delayed 3 second(s)

2024-10-03 17:29:36 - [MESSAGE][PASSED] - Delayed 3 second(s)

2024-10-03 17:29:36 - [TEST_STEP][PASSED] - takeFullPageScreenshot(): Taking screenshot successfully

2024-10-03 17:29:37 - [MESSAGE][INFO] - 0 hidden object(s)

2024-10-03 17:29:37 - [MESSAGE][PASSED] - Taking screenshot successfully
[[ATTACHMENT|C:\\CIEL INGENIERIA\\Katalon\\Digiturno55\\Reports\\20241003_171202\\DIGITURNO\\BASICO\\25 Grupos Crear Actualizar Eliminar\\20241003_171230\\1727994576896.png]]

2024-10-03 17:29:37 - [TEST_STEP][PASSED] - delay(3): Delayed 3 second(s)

2024-10-03 17:29:40 - [MESSAGE][PASSED] - Delayed 3 second(s)

2024-10-03 17:29:40 - [MESSAGE][PASSED] - Call Test Case 'Test Cases/DIGITURNO/BASICO/21 Distribucion Geografica' successfully

2024-10-03 17:29:40 - [TEST_STEP][PASSED] - click(findTestObject("DIGITURNO/CONFIGURACION/2Distribucion Geografica/0Principal/img_4Grupos")): Object: 'Object Repository/DIGITURNO/CONFIGURACION/2Distribucion Geografica/0Principal/img_4Grupos' is clicked on

2024-10-03 17:29:41 - [MESSAGE][PASSED] - Object: 'Object Repository/DIGITURNO/CONFIGURACION/2Distribucion Geografica/0Principal/img_4Grupos' is clicked on

2024-10-03 17:29:41 - [TEST_STEP][PASSED] - delay(3): Delayed 3 second(s)

2024-10-03 17:29:44 - [MESSAGE][PASSED] - Delayed 3 second(s)

2024-10-03 17:29:44 - [TEST_STEP][PASSED] - click(findTestObject("DIGITURNO/CONFIGURACION/2Distribucion Geografica/4Grupos/0Modal Inicial Oficinas/td_1Bogota - CIEL")): Object: 'Object Repository/DIGITURNO/CONFIGURACION/2Distribucion Geografica/4Grupos/0Modal Inicial Oficinas/td_1Bogota - CIEL' is clicked on

2024-10-03 17:29:44 - [MESSAGE][PASSED] - Object: 'Object Repository/DIGITURNO/CONFIGURACION/2Distribucion Geografica/4Grupos/0Modal Inicial Oficinas/td_1Bogota - CIEL' is clicked on

2024-10-03 17:29:44 - [TEST_STEP][PASSED] - delay(2): Delayed 2 second(s)

2024-10-03 17:29:46 - [MESSAGE][PASSED] - Delayed 2 second(s)

2024-10-03 17:29:46 - [TEST_STEP][PASSED] - setText(findTestObject("DIGITURNO/CONFIGURACION/2Distribucion Geografica/4Grupos/Lista de Grupos/input_TextoABuscar"), "Prueba"): Text 'Prueba' is set on object 'Object Repository/DIGITURNO/CONFIGURACION/2Distribucion Geografica/4Grupos/Lista de Grupos/input_TextoABuscar'

2024-10-03 17:29:47 - [MESSAGE][PASSED] - Text 'Prueba' is set on object 'Object Repository/DIGITURNO/CONFIGURACION/2Distribucion Geografica/4Grupos/Lista de Grupos/input_TextoABuscar'

2024-10-03 17:29:47 - [TEST_STEP][PASSED] - delay(3): Delayed 3 second(s)

2024-10-03 17:29:50 - [MESSAGE][PASSED] - Delayed 3 second(s)

2024-10-03 17:29:50 - [TEST_STEP][PASSED] - click(findTestObject("DIGITURNO/CONFIGURACION/2Distribucion Geografica/4Grupos/Lista de Grupos/td_1 Seleccion Busqueda")): Object: 'Object Repository/DIGITURNO/CONFIGURACION/2Distribucion Geografica/4Grupos/Lista de Grupos/td_1 Seleccion Busqueda' is clicked on

2024-10-03 17:29:50 - [MESSAGE][PASSED] - Object: 'Object Repository/DIGITURNO/CONFIGURACION/2Distribucion Geografica/4Grupos/Lista de Grupos/td_1 Seleccion Busqueda' is clicked on

2024-10-03 17:29:50 - [TEST_STEP][PASSED] - delay(3): Delayed 3 second(s)

2024-10-03 17:29:53 - [MESSAGE][PASSED] - Delayed 3 second(s)

2024-10-03 17:29:53 - [TEST_STEP][PASSED] - setText(findTestObject("DIGITURNO/CONFIGURACION/2Distribucion Geografica/4Grupos/Edicion/textarea_Descripcion"), "Grupo Prueba Actualizado"): Text 'Grupo Prueba Actualizado' is set on object 'Object Repository/DIGITURNO/CONFIGURACION/2Distribucion Geografica/4Grupos/Edicion/textarea_Descripcion'

2024-10-03 17:29:54 - [MESSAGE][PASSED] - Text 'Grupo Prueba Actualizado' is set on object 'Object Repository/DIGITURNO/CONFIGURACION/2Distribucion Geografica/4Grupos/Edicion/textarea_Descripcion'

2024-10-03 17:29:54 - [TEST_STEP][PASSED] - click(findTestObject("DIGITURNO/CONFIGURACION/2Distribucion Geografica/4Grupos/Edicion/img_Actualizar")): Object: 'Object Repository/DIGITURNO/CONFIGURACION/2Distribucion Geografica/4Grupos/Edicion/img_Actualizar' is clicked on

2024-10-03 17:29:54 - [MESSAGE][PASSED] - Object: 'Object Repository/DIGITURNO/CONFIGURACION/2Distribucion Geografica/4Grupos/Edicion/img_Actualizar' is clicked on

2024-10-03 17:29:54 - [TEST_STEP][PASSED] - delay(3): Delayed 3 second(s)

2024-10-03 17:29:57 - [MESSAGE][PASSED] - Delayed 3 second(s)

2024-10-03 17:29:57 - [TEST_STEP][PASSED] - takeFullPageScreenshot(): Taking screenshot successfully

2024-10-03 17:29:58 - [MESSAGE][INFO] - 0 hidden object(s)

2024-10-03 17:29:58 - [MESSAGE][PASSED] - Taking screenshot successfully
[[ATTACHMENT|C:\\CIEL INGENIERIA\\Katalon\\Digiturno55\\Reports\\20241003_171202\\DIGITURNO\\BASICO\\25 Grupos Crear Actualizar Eliminar\\20241003_171230\\1727994597893.png]]

2024-10-03 17:29:58 - [TEST_STEP][PASSED] - delay(3): Delayed 3 second(s)

2024-10-03 17:30:01 - [MESSAGE][PASSED] - Delayed 3 second(s)

2024-10-03 17:30:01 - [TEST_STEP][PASSED] - Start listener action : sampleAfterTestCase: null]]></system-out>
         <system-err><![CDATA[]]></system-err>
      </testcase>
      <testcase name="Test Cases/DIGITURNO/BASICO/25 Grupos Eliminar" time="42.797" classname="Test Cases/DIGITURNO/BASICO/25 Grupos Eliminar" status="PASSED">
         <system-out><![CDATA[2024-10-03 17:30:01 - [TEST_CASE][PASSED] - Test Cases/DIGITURNO/BASICO/25 Grupos Eliminar: Test Cases/DIGITURNO/BASICO/25 Grupos Eliminar

2024-10-03 17:30:02 - [TEST_STEP][PASSED] - callTestCase(findTestCase("DIGITURNO/BASICO/21 Distribucion Geografica"), [:], STOP_ON_FAILURE): Call Test Case 'Test Cases/DIGITURNO/BASICO/21 Distribucion Geografica' successfully

2024-10-03 17:30:02 - [TEST_CASE][PASSED] - Test Cases/DIGITURNO/BASICO/21 Distribucion Geografica: Test Cases/DIGITURNO/BASICO/21 Distribucion Geografica

2024-10-03 17:30:02 - [TEST_STEP][PASSED] - callTestCase(findTestCase("0InicioSesion"), [:], STOP_ON_FAILURE): Call Test Case 'Test Cases/0InicioSesion' successfully

2024-10-03 17:30:02 - [TEST_CASE][PASSED] - Test Cases/0InicioSesion: Test Cases/0InicioSesion

2024-10-03 17:30:02 - [TEST_STEP][PASSED] - openBrowser(UrlDigiturno): Browser is opened with url: 'https://PCPruebas101.ciel.cielingenieria.com:8910'

2024-10-03 17:30:02 - [MESSAGE][WARNING] - A browser is already opened. Closing browser and opening a new one

2024-10-03 17:30:03 - [MESSAGE][INFO] - Starting 'Chrome' driver

2024-10-03 17:30:03 - [MESSAGE][INFO] - User set preference: ['args', '[--use-fake-ui-for-media-stream, --disable-notifications]']

2024-10-03 17:30:03 - [MESSAGE][INFO] - Action delay is set to 0 milliseconds

2024-10-03 17:30:05 - [MESSAGE][PASSED] - Browser is opened with url: 'https://PCPruebas101.ciel.cielingenieria.com:8910'

2024-10-03 17:30:05 - [TEST_STEP][PASSED] - maximizeWindow(): Current window maximized

2024-10-03 17:30:05 - [MESSAGE][PASSED] - Current window maximized

2024-10-03 17:30:05 - [TEST_STEP][PASSED] - delay(3): Delayed 3 second(s)

2024-10-03 17:30:08 - [MESSAGE][PASSED] - Delayed 3 second(s)

2024-10-03 17:30:08 - [TEST_STEP][PASSED] - setText(findTestObject("0Inicio Sesion/input_Usuario"), "Ciel"): Text 'Ciel' is set on object 'Object Repository/0Inicio Sesion/input_Usuario'

2024-10-03 17:30:09 - [MESSAGE][PASSED] - Text 'Ciel' is set on object 'Object Repository/0Inicio Sesion/input_Usuario'

2024-10-03 17:30:09 - [TEST_STEP][PASSED] - setText(findTestObject("0Inicio Sesion/input_Clave"), "digiturno"): Text 'digiturno' is set on object 'Object Repository/0Inicio Sesion/input_Clave'

2024-10-03 17:30:09 - [MESSAGE][PASSED] - Text 'digiturno' is set on object 'Object Repository/0Inicio Sesion/input_Clave'

2024-10-03 17:30:09 - [TEST_STEP][PASSED] - click(findTestObject("0Inicio Sesion/btn_IniciarSesion")): Object: 'Object Repository/0Inicio Sesion/btn_IniciarSesion' is clicked on

2024-10-03 17:30:10 - [MESSAGE][PASSED] - Object: 'Object Repository/0Inicio Sesion/btn_IniciarSesion' is clicked on

2024-10-03 17:30:10 - [TEST_STEP][PASSED] - delay(3): Delayed 3 second(s)

2024-10-03 17:30:13 - [MESSAGE][PASSED] - Delayed 3 second(s)

2024-10-03 17:30:13 - [MESSAGE][PASSED] - Call Test Case 'Test Cases/0InicioSesion' successfully

2024-10-03 17:30:13 - [TEST_STEP][PASSED] - click(findTestObject("DIGITURNO/1Principal/img_Configuracion(1)")): Object: 'Object Repository/DIGITURNO/1Principal/img_Configuracion(1)' is clicked on

2024-10-03 17:30:13 - [MESSAGE][PASSED] - Object: 'Object Repository/DIGITURNO/1Principal/img_Configuracion(1)' is clicked on

2024-10-03 17:30:13 - [TEST_STEP][PASSED] - delay(3): Delayed 3 second(s)

2024-10-03 17:30:16 - [MESSAGE][PASSED] - Delayed 3 second(s)

2024-10-03 17:30:16 - [TEST_STEP][PASSED] - click(findTestObject("DIGITURNO/CONFIGURACION/0Principal/img_2Distribucion Geografica")): Object: 'Object Repository/DIGITURNO/CONFIGURACION/0Principal/img_2Distribucion Geografica' is clicked on

2024-10-03 17:30:17 - [MESSAGE][PASSED] - Object: 'Object Repository/DIGITURNO/CONFIGURACION/0Principal/img_2Distribucion Geografica' is clicked on

2024-10-03 17:30:17 - [TEST_STEP][PASSED] - delay(3): Delayed 3 second(s)

2024-10-03 17:30:20 - [MESSAGE][PASSED] - Delayed 3 second(s)

2024-10-03 17:30:20 - [TEST_STEP][PASSED] - takeFullPageScreenshot(): Taking screenshot successfully

2024-10-03 17:30:20 - [MESSAGE][INFO] - 0 hidden object(s)

2024-10-03 17:30:20 - [MESSAGE][PASSED] - Taking screenshot successfully
[[ATTACHMENT|C:\\CIEL INGENIERIA\\Katalon\\Digiturno55\\Reports\\20241003_171202\\DIGITURNO\\BASICO\\25 Grupos Crear Actualizar Eliminar\\20241003_171230\\1727994620355.png]]

2024-10-03 17:30:20 - [TEST_STEP][PASSED] - delay(3): Delayed 3 second(s)

2024-10-03 17:30:23 - [MESSAGE][PASSED] - Delayed 3 second(s)

2024-10-03 17:30:23 - [MESSAGE][PASSED] - Call Test Case 'Test Cases/DIGITURNO/BASICO/21 Distribucion Geografica' successfully

2024-10-03 17:30:23 - [TEST_STEP][PASSED] - click(findTestObject("DIGITURNO/CONFIGURACION/2Distribucion Geografica/0Principal/img_4Grupos")): Object: 'Object Repository/DIGITURNO/CONFIGURACION/2Distribucion Geografica/0Principal/img_4Grupos' is clicked on

2024-10-03 17:30:24 - [MESSAGE][PASSED] - Object: 'Object Repository/DIGITURNO/CONFIGURACION/2Distribucion Geografica/0Principal/img_4Grupos' is clicked on

2024-10-03 17:30:24 - [TEST_STEP][PASSED] - delay(3): Delayed 3 second(s)

2024-10-03 17:30:27 - [MESSAGE][PASSED] - Delayed 3 second(s)

2024-10-03 17:30:27 - [TEST_STEP][PASSED] - click(findTestObject("DIGITURNO/CONFIGURACION/2Distribucion Geografica/4Grupos/0Modal Inicial Oficinas/td_1Bogota - CIEL")): Object: 'Object Repository/DIGITURNO/CONFIGURACION/2Distribucion Geografica/4Grupos/0Modal Inicial Oficinas/td_1Bogota - CIEL' is clicked on

2024-10-03 17:30:27 - [MESSAGE][PASSED] - Object: 'Object Repository/DIGITURNO/CONFIGURACION/2Distribucion Geografica/4Grupos/0Modal Inicial Oficinas/td_1Bogota - CIEL' is clicked on

2024-10-03 17:30:27 - [TEST_STEP][PASSED] - delay(2): Delayed 2 second(s)

2024-10-03 17:30:29 - [MESSAGE][PASSED] - Delayed 2 second(s)

2024-10-03 17:30:29 - [TEST_STEP][PASSED] - setText(findTestObject("DIGITURNO/CONFIGURACION/2Distribucion Geografica/4Grupos/Lista de Grupos/input_TextoABuscar"), "Prueba"): Text 'Prueba' is set on object 'Object Repository/DIGITURNO/CONFIGURACION/2Distribucion Geografica/4Grupos/Lista de Grupos/input_TextoABuscar'

2024-10-03 17:30:30 - [MESSAGE][PASSED] - Text 'Prueba' is set on object 'Object Repository/DIGITURNO/CONFIGURACION/2Distribucion Geografica/4Grupos/Lista de Grupos/input_TextoABuscar'

2024-10-03 17:30:30 - [TEST_STEP][PASSED] - delay(3): Delayed 3 second(s)

2024-10-03 17:30:33 - [MESSAGE][PASSED] - Delayed 3 second(s)

2024-10-03 17:30:33 - [TEST_STEP][PASSED] - click(findTestObject("DIGITURNO/CONFIGURACION/2Distribucion Geografica/4Grupos/Lista de Grupos/td_1 Seleccion Busqueda")): Object: 'Object Repository/DIGITURNO/CONFIGURACION/2Distribucion Geografica/4Grupos/Lista de Grupos/td_1 Seleccion Busqueda' is clicked on

2024-10-03 17:30:34 - [MESSAGE][PASSED] - Object: 'Object Repository/DIGITURNO/CONFIGURACION/2Distribucion Geografica/4Grupos/Lista de Grupos/td_1 Seleccion Busqueda' is clicked on

2024-10-03 17:30:34 - [TEST_STEP][PASSED] - delay(3): Delayed 3 second(s)

2024-10-03 17:30:37 - [MESSAGE][PASSED] - Delayed 3 second(s)

2024-10-03 17:30:37 - [TEST_STEP][PASSED] - click(findTestObject("DIGITURNO/CONFIGURACION/2Distribucion Geografica/4Grupos/Edicion/img_Eliminar")): Object: 'Object Repository/DIGITURNO/CONFIGURACION/2Distribucion Geografica/4Grupos/Edicion/img_Eliminar' is clicked on

2024-10-03 17:30:37 - [MESSAGE][PASSED] - Object: 'Object Repository/DIGITURNO/CONFIGURACION/2Distribucion Geografica/4Grupos/Edicion/img_Eliminar' is clicked on

2024-10-03 17:30:37 - [TEST_STEP][PASSED] - click(findTestObject("DIGITURNO/CONFIGURACION/2Distribucion Geografica/4Grupos/Edicion/img_Eliminar")): Object: 'Object Repository/DIGITURNO/CONFIGURACION/2Distribucion Geografica/4Grupos/Edicion/img_Eliminar' is clicked on

2024-10-03 17:30:37 - [MESSAGE][PASSED] - Object: 'Object Repository/DIGITURNO/CONFIGURACION/2Distribucion Geografica/4Grupos/Edicion/img_Eliminar' is clicked on

2024-10-03 17:30:37 - [TEST_STEP][PASSED] - acceptAlert(): Alert accepted

2024-10-03 17:30:37 - [MESSAGE][PASSED] - Alert accepted

2024-10-03 17:30:37 - [TEST_STEP][PASSED] - delay(3): Delayed 3 second(s)

2024-10-03 17:30:40 - [MESSAGE][PASSED] - Delayed 3 second(s)

2024-10-03 17:30:40 - [TEST_STEP][PASSED] - takeFullPageScreenshot(): Taking screenshot successfully

2024-10-03 17:30:41 - [MESSAGE][INFO] - 0 hidden object(s)

2024-10-03 17:30:41 - [MESSAGE][PASSED] - Taking screenshot successfully
[[ATTACHMENT|C:\\CIEL INGENIERIA\\Katalon\\Digiturno55\\Reports\\20241003_171202\\DIGITURNO\\BASICO\\25 Grupos Crear Actualizar Eliminar\\20241003_171230\\1727994640720.png]]

2024-10-03 17:30:41 - [TEST_STEP][PASSED] - delay(3): Delayed 3 second(s)

2024-10-03 17:30:44 - [MESSAGE][PASSED] - Delayed 3 second(s)

2024-10-03 17:30:44 - [TEST_STEP][PASSED] - Start listener action : sampleAfterTestCase: null]]></system-out>
         <system-err><![CDATA[]]></system-err>
      </testcase>
      <system-out><![CDATA[2024-10-03 17:28:31 - [TEST_SUITE][PASSED] - 25 Grupos Crear Actualizar Eliminar: Test Cases/DIGITURNO/BASICO/25 Grupos Eliminar]]></system-out>
      <system-err><![CDATA[]]></system-err>
   </testsuite>
</testsuites>
