<?xml version="1.0" encoding="UTF-8"?>
<testsuites name="5.3 Crear Grupos Virtual" time="88.001" tests="1" failures="0" errors="0">
   <testsuite name="5.3 Crear Grupos Virtual" tests="1" failures="0" errors="0" time="88.001" skipped="0" timestamp="2023-08-14 11:13:51" hostname="jdavila - PCPruebas101.ciel.cielingenieria.com" id="Test Suites/WIZARD/3Infraestructura/3Grupos/5.3 Crear Grupos Virtual">
      <properties>
         <property name="deviceName" value=""/>
         <property name="devicePlatform" value=""/>
         <property name="logFolder" value="C:\\CIEL INGENIERIA\\Katalon\\Digiturno55\\Reports\\20230814_104251\\WIZARD\\3Infraestructura\\3Grupos\\5.3 Crear Grupos Virtual\\20230814_104342"/>
         <property name="logFiles" value="C:\\CIEL INGENIERIA\\Katalon\\Digiturno55\\Reports\\20230814_104251\\WIZARD\\3Infraestructura\\3Grupos\\5.3 Crear Grupos Virtual\\20230814_104342\\execution0.log"/>
         <property name="attachments" value="C:\\CIEL INGENIERIA\\Katalon\\Digiturno55\\Reports\\20230814_104251\\WIZARD\\3Infraestructura\\3Grupos\\5.3 Crear Grupos Virtual\\20230814_104342\\1692029715552.png"/>
         <property name="hostName" value="jdavila - PCPruebas101.ciel.cielingenieria.com"/>
         <property name="os" value="Windows 10 64bit"/>
         <property name="katalonVersion" value="8.6.0.208"/>
         <property name="browser" value="Chrome 115.0.0.0"/>
         <property name="hostAddress" value="192.168.0.33"/>
         <property name="sessionId" value="b34f5e194dce327574a12bf09b736ef3"/>
         <property name="seleniumVersion" value="3.141.59"/>
         <property name="proxyInformation" value="ProxyInformation { proxyOption=NO_PROXY, proxyServerType=HTTP, username=, password=********, proxyServerAddress=, proxyServerPort=0, executionList=&quot;&quot;, isApplyToDesiredCapabilities=true }"/>
         <property name="platform" value="Windows 10"/>
      </properties>
      <testcase name="Test Cases/WIZARD/3Infraestructura/3Grupos/5.3 Crear Grupos Virtual" time="87.707" classname="Test Cases/WIZARD/3Infraestructura/3Grupos/5.3 Crear Grupos Virtual" status="PASSED">
         <system-out><![CDATA[2023-08-14 11:13:51 - [TEST_CASE][PASSED] - Test Cases/WIZARD/3Infraestructura/3Grupos/5.3 Crear Grupos Virtual: Test Cases/WIZARD/3Infraestructura/3Grupos/5.3 Crear Grupos Virtual

2023-08-14 11:13:52 - [TEST_STEP][PASSED] - callTestCase(findTestCase("0InicioSesion"), [:], STOP_ON_FAILURE): Call Test Case 'Test Cases/0InicioSesion' successfully

2023-08-14 11:13:52 - [TEST_CASE][PASSED] - Test Cases/0InicioSesion: Test Cases/0InicioSesion

2023-08-14 11:13:52 - [TEST_STEP][PASSED] - openBrowser(UrlDigiturno): Browser is opened with url: 'https://PCPruebas101.ciel.cielingenieria.com:8610'

2023-08-14 11:13:53 - [MESSAGE][INFO] - Starting 'Chrome' driver

2023-08-14 11:13:53 - [MESSAGE][INFO] - User set preference: ['args', '[--use-fake-ui-for-media-stream, --disable-notifications]']

2023-08-14 11:13:53 - [MESSAGE][INFO] - Action delay is set to 0 milliseconds

2023-08-14 11:13:56 - [MESSAGE][PASSED] - Browser is opened with url: 'https://PCPruebas101.ciel.cielingenieria.com:8610'

2023-08-14 11:13:56 - [TEST_STEP][PASSED] - maximizeWindow(): Current window maximized

2023-08-14 11:13:56 - [MESSAGE][PASSED] - Current window maximized

2023-08-14 11:13:56 - [TEST_STEP][PASSED] - delay(3): Delayed 3 second(s)

2023-08-14 11:13:59 - [MESSAGE][PASSED] - Delayed 3 second(s)

2023-08-14 11:13:59 - [TEST_STEP][PASSED] - setText(findTestObject("0Inicio Sesion/input_Usuario"), "Ciel"): Text 'Ciel' is set on object 'Object Repository/0Inicio Sesion/input_Usuario'

2023-08-14 11:13:59 - [MESSAGE][PASSED] - Text 'Ciel' is set on object 'Object Repository/0Inicio Sesion/input_Usuario'

2023-08-14 11:13:59 - [TEST_STEP][PASSED] - setText(findTestObject("0Inicio Sesion/input_Clave"), "digiturno"): Text 'digiturno' is set on object 'Object Repository/0Inicio Sesion/input_Clave'

2023-08-14 11:14:00 - [MESSAGE][PASSED] - Text 'digiturno' is set on object 'Object Repository/0Inicio Sesion/input_Clave'

2023-08-14 11:14:00 - [TEST_STEP][PASSED] - click(findTestObject("0Inicio Sesion/btn_IniciarSesion")): Object: 'Object Repository/0Inicio Sesion/btn_IniciarSesion' is clicked on

2023-08-14 11:14:01 - [MESSAGE][PASSED] - Object: 'Object Repository/0Inicio Sesion/btn_IniciarSesion' is clicked on

2023-08-14 11:14:01 - [TEST_STEP][PASSED] - delay(3): Delayed 3 second(s)

2023-08-14 11:14:04 - [MESSAGE][PASSED] - Delayed 3 second(s)

2023-08-14 11:14:04 - [MESSAGE][PASSED] - Call Test Case 'Test Cases/0InicioSesion' successfully

2023-08-14 11:14:04 - [TEST_STEP][PASSED] - click(findTestObject("WIZARD/0Principal/img_InfraestructuraMAX")): Object: 'Object Repository/WIZARD/0Principal/img_InfraestructuraMAX' is clicked on

2023-08-14 11:14:07 - [MESSAGE][PASSED] - Object: 'Object Repository/WIZARD/0Principal/img_InfraestructuraMAX' is clicked on

2023-08-14 11:14:07 - [TEST_STEP][PASSED] - delay(3): Delayed 3 second(s)

2023-08-14 11:14:10 - [MESSAGE][PASSED] - Delayed 3 second(s)

2023-08-14 11:14:10 - [TEST_STEP][PASSED] - click(findTestObject("WIZARD/3Infraestructura/0Menu/span_Grupos")): Object: 'Object Repository/WIZARD/3Infraestructura/0Menu/span_Grupos' is clicked on

2023-08-14 11:14:11 - [MESSAGE][PASSED] - Object: 'Object Repository/WIZARD/3Infraestructura/0Menu/span_Grupos' is clicked on

2023-08-14 11:14:11 - [TEST_STEP][PASSED] - delay(3): Delayed 3 second(s)

2023-08-14 11:14:14 - [MESSAGE][PASSED] - Delayed 3 second(s)

2023-08-14 11:14:14 - [TEST_STEP][PASSED] - click(findTestObject("WIZARD/3Infraestructura/3Grupos/Edicion/btn_Sala")): Object: 'Object Repository/WIZARD/3Infraestructura/3Grupos/Edicion/btn_Sala' is clicked on

2023-08-14 11:14:15 - [MESSAGE][PASSED] - Object: 'Object Repository/WIZARD/3Infraestructura/3Grupos/Edicion/btn_Sala' is clicked on

2023-08-14 11:14:15 - [TEST_STEP][PASSED] - delay(3): Delayed 3 second(s)

2023-08-14 11:14:18 - [MESSAGE][PASSED] - Delayed 3 second(s)

2023-08-14 11:14:18 - [TEST_STEP][PASSED] - click(findTestObject("WIZARD/3Infraestructura/3Grupos/Edicion/btn_Sala(1)/a_6Virtual - Sala General")): Object: 'Object Repository/WIZARD/3Infraestructura/3Grupos/Edicion/btn_Sala(1)/a_6Virtual - Sala General' is clicked on

2023-08-14 11:14:18 - [MESSAGE][PASSED] - Object: 'Object Repository/WIZARD/3Infraestructura/3Grupos/Edicion/btn_Sala(1)/a_6Virtual - Sala General' is clicked on

2023-08-14 11:14:18 - [TEST_STEP][PASSED] - delay(3): Delayed 3 second(s)

2023-08-14 11:14:21 - [MESSAGE][PASSED] - Delayed 3 second(s)

2023-08-14 11:14:21 - [TEST_STEP][PASSED] - setText(findTestObject("WIZARD/3Infraestructura/3Grupos/Edicion/input_Nombre"), "Grupo Información"): Text 'Grupo Información' is set on object 'Object Repository/WIZARD/3Infraestructura/3Grupos/Edicion/input_Nombre'

2023-08-14 11:14:22 - [MESSAGE][PASSED] - Text 'Grupo Información' is set on object 'Object Repository/WIZARD/3Infraestructura/3Grupos/Edicion/input_Nombre'

2023-08-14 11:14:22 - [TEST_STEP][PASSED] - setText(findTestObject("WIZARD/3Infraestructura/3Grupos/Edicion/textarea_Descripcion"), "Virtual - Grupo Información"): Text 'Virtual - Grupo Información' is set on object 'Object Repository/WIZARD/3Infraestructura/3Grupos/Edicion/textarea_Descripcion'

2023-08-14 11:14:23 - [MESSAGE][PASSED] - Text 'Virtual - Grupo Información' is set on object 'Object Repository/WIZARD/3Infraestructura/3Grupos/Edicion/textarea_Descripcion'

2023-08-14 11:14:23 - [TEST_STEP][PASSED] - scrollToPosition(0, 800): Browser is scrolled to position x = 0, y = 800

2023-08-14 11:14:23 - [MESSAGE][PASSED] - Browser is scrolled to position x = 0, y = 800

2023-08-14 11:14:23 - [TEST_STEP][PASSED] - selectOptionByLabel(findTestObject("WIZARD/3Infraestructura/3Grupos/Edicion/select_Nivel de visualizacion en Transferencias"), "Área", false): All options with label 'Área' are selected in object 'Object Repository/WIZARD/3Infraestructura/3Grupos/Edicion/select_Nivel de visualizacion en Transferencias' 

2023-08-14 11:14:23 - [MESSAGE][PASSED] - All options with label 'Área' are selected in object 'Object Repository/WIZARD/3Infraestructura/3Grupos/Edicion/select_Nivel de visualizacion en Transferencias' 

2023-08-14 11:14:23 - [TEST_STEP][PASSED] - delay(2): Delayed 2 second(s)

2023-08-14 11:14:26 - [MESSAGE][PASSED] - Delayed 2 second(s)

2023-08-14 11:14:26 - [TEST_STEP][PASSED] - selectOptionByLabel(findTestObject("WIZARD/3Infraestructura/3Grupos/Edicion/select_Nivel de visualizacion en Nuevo Servicio"), "Área", false): All options with label 'Área' are selected in object 'Object Repository/WIZARD/3Infraestructura/3Grupos/Edicion/select_Nivel de visualizacion en Nuevo Servicio' 

2023-08-14 11:14:26 - [MESSAGE][PASSED] - All options with label 'Área' are selected in object 'Object Repository/WIZARD/3Infraestructura/3Grupos/Edicion/select_Nivel de visualizacion en Nuevo Servicio' 

2023-08-14 11:14:26 - [TEST_STEP][PASSED] - delay(2): Delayed 2 second(s)

2023-08-14 11:14:28 - [MESSAGE][PASSED] - Delayed 2 second(s)

2023-08-14 11:14:28 - [TEST_STEP][PASSED] - scrollToPosition(0, 0): Browser is scrolled to position x = 0, y = 0

2023-08-14 11:14:28 - [MESSAGE][PASSED] - Browser is scrolled to position x = 0, y = 0

2023-08-14 11:14:28 - [TEST_STEP][PASSED] - click(findTestObject("WIZARD/3Infraestructura/3Grupos/Edicion/img_Nuevo")): Object: 'Object Repository/WIZARD/3Infraestructura/3Grupos/Edicion/img_Nuevo' is clicked on

2023-08-14 11:14:29 - [MESSAGE][PASSED] - Object: 'Object Repository/WIZARD/3Infraestructura/3Grupos/Edicion/img_Nuevo' is clicked on

2023-08-14 11:14:29 - [TEST_STEP][PASSED] - delay(3): Delayed 3 second(s)

2023-08-14 11:14:32 - [MESSAGE][PASSED] - Delayed 3 second(s)

2023-08-14 11:14:32 - [TEST_STEP][PASSED] - click(findTestObject("WIZARD/3Infraestructura/0Menu/span_Grupos")): Object: 'Object Repository/WIZARD/3Infraestructura/0Menu/span_Grupos' is clicked on

2023-08-14 11:14:33 - [MESSAGE][PASSED] - Object: 'Object Repository/WIZARD/3Infraestructura/0Menu/span_Grupos' is clicked on

2023-08-14 11:14:33 - [TEST_STEP][PASSED] - delay(3): Delayed 3 second(s)

2023-08-14 11:14:36 - [MESSAGE][PASSED] - Delayed 3 second(s)

2023-08-14 11:14:36 - [TEST_STEP][PASSED] - click(findTestObject("WIZARD/3Infraestructura/3Grupos/Edicion/btn_Sala")): Object: 'Object Repository/WIZARD/3Infraestructura/3Grupos/Edicion/btn_Sala' is clicked on

2023-08-14 11:14:36 - [MESSAGE][PASSED] - Object: 'Object Repository/WIZARD/3Infraestructura/3Grupos/Edicion/btn_Sala' is clicked on

2023-08-14 11:14:36 - [TEST_STEP][PASSED] - delay(3): Delayed 3 second(s)

2023-08-14 11:14:39 - [MESSAGE][PASSED] - Delayed 3 second(s)

2023-08-14 11:14:39 - [TEST_STEP][PASSED] - click(findTestObject("WIZARD/3Infraestructura/3Grupos/Edicion/btn_Sala(1)/a_6Virtual - Sala General")): Object: 'Object Repository/WIZARD/3Infraestructura/3Grupos/Edicion/btn_Sala(1)/a_6Virtual - Sala General' is clicked on

2023-08-14 11:14:40 - [MESSAGE][PASSED] - Object: 'Object Repository/WIZARD/3Infraestructura/3Grupos/Edicion/btn_Sala(1)/a_6Virtual - Sala General' is clicked on

2023-08-14 11:14:40 - [TEST_STEP][PASSED] - delay(3): Delayed 3 second(s)

2023-08-14 11:14:43 - [MESSAGE][PASSED] - Delayed 3 second(s)

2023-08-14 11:14:43 - [TEST_STEP][PASSED] - setText(findTestObject("WIZARD/3Infraestructura/3Grupos/Edicion/input_Nombre"), "Grupo PQRS"): Text 'Grupo PQRS' is set on object 'Object Repository/WIZARD/3Infraestructura/3Grupos/Edicion/input_Nombre'

2023-08-14 11:14:44 - [MESSAGE][PASSED] - Text 'Grupo PQRS' is set on object 'Object Repository/WIZARD/3Infraestructura/3Grupos/Edicion/input_Nombre'

2023-08-14 11:14:44 - [TEST_STEP][PASSED] - setText(findTestObject("WIZARD/3Infraestructura/3Grupos/Edicion/textarea_Descripcion"), "Virtual - PQRS"): Text 'Virtual - PQRS' is set on object 'Object Repository/WIZARD/3Infraestructura/3Grupos/Edicion/textarea_Descripcion'

2023-08-14 11:14:44 - [MESSAGE][PASSED] - Text 'Virtual - PQRS' is set on object 'Object Repository/WIZARD/3Infraestructura/3Grupos/Edicion/textarea_Descripcion'

2023-08-14 11:14:44 - [TEST_STEP][PASSED] - scrollToPosition(0, 800): Browser is scrolled to position x = 0, y = 800

2023-08-14 11:14:44 - [MESSAGE][PASSED] - Browser is scrolled to position x = 0, y = 800

2023-08-14 11:14:44 - [TEST_STEP][PASSED] - selectOptionByLabel(findTestObject("WIZARD/3Infraestructura/3Grupos/Edicion/select_Nivel de visualizacion en Transferencias"), "Área", false): All options with label 'Área' are selected in object 'Object Repository/WIZARD/3Infraestructura/3Grupos/Edicion/select_Nivel de visualizacion en Transferencias' 

2023-08-14 11:14:45 - [MESSAGE][PASSED] - All options with label 'Área' are selected in object 'Object Repository/WIZARD/3Infraestructura/3Grupos/Edicion/select_Nivel de visualizacion en Transferencias' 

2023-08-14 11:14:45 - [TEST_STEP][PASSED] - delay(2): Delayed 2 second(s)

2023-08-14 11:14:47 - [MESSAGE][PASSED] - Delayed 2 second(s)

2023-08-14 11:14:47 - [TEST_STEP][PASSED] - selectOptionByLabel(findTestObject("WIZARD/3Infraestructura/3Grupos/Edicion/select_Nivel de visualizacion en Nuevo Servicio"), "Área", false): All options with label 'Área' are selected in object 'Object Repository/WIZARD/3Infraestructura/3Grupos/Edicion/select_Nivel de visualizacion en Nuevo Servicio' 

2023-08-14 11:14:48 - [MESSAGE][PASSED] - All options with label 'Área' are selected in object 'Object Repository/WIZARD/3Infraestructura/3Grupos/Edicion/select_Nivel de visualizacion en Nuevo Servicio' 

2023-08-14 11:14:48 - [TEST_STEP][PASSED] - delay(2): Delayed 2 second(s)

2023-08-14 11:14:50 - [MESSAGE][PASSED] - Delayed 2 second(s)

2023-08-14 11:14:50 - [TEST_STEP][PASSED] - scrollToPosition(0, 0): Browser is scrolled to position x = 0, y = 0

2023-08-14 11:14:50 - [MESSAGE][PASSED] - Browser is scrolled to position x = 0, y = 0

2023-08-14 11:14:50 - [TEST_STEP][PASSED] - click(findTestObject("WIZARD/3Infraestructura/3Grupos/Edicion/img_Nuevo")): Object: 'Object Repository/WIZARD/3Infraestructura/3Grupos/Edicion/img_Nuevo' is clicked on

2023-08-14 11:14:50 - [MESSAGE][PASSED] - Object: 'Object Repository/WIZARD/3Infraestructura/3Grupos/Edicion/img_Nuevo' is clicked on

2023-08-14 11:14:50 - [TEST_STEP][PASSED] - delay(3): Delayed 3 second(s)

2023-08-14 11:14:53 - [MESSAGE][PASSED] - Delayed 3 second(s)

2023-08-14 11:14:53 - [TEST_STEP][PASSED] - click(findTestObject("WIZARD/3Infraestructura/0Menu/span_Grupos")): Object: 'Object Repository/WIZARD/3Infraestructura/0Menu/span_Grupos' is clicked on

2023-08-14 11:14:55 - [MESSAGE][PASSED] - Object: 'Object Repository/WIZARD/3Infraestructura/0Menu/span_Grupos' is clicked on

2023-08-14 11:14:55 - [TEST_STEP][PASSED] - delay(3): Delayed 3 second(s)

2023-08-14 11:14:58 - [MESSAGE][PASSED] - Delayed 3 second(s)

2023-08-14 11:14:58 - [TEST_STEP][PASSED] - click(findTestObject("WIZARD/3Infraestructura/3Grupos/Edicion/btn_Sala")): Object: 'Object Repository/WIZARD/3Infraestructura/3Grupos/Edicion/btn_Sala' is clicked on

2023-08-14 11:14:58 - [MESSAGE][PASSED] - Object: 'Object Repository/WIZARD/3Infraestructura/3Grupos/Edicion/btn_Sala' is clicked on

2023-08-14 11:14:58 - [TEST_STEP][PASSED] - delay(3): Delayed 3 second(s)

2023-08-14 11:15:01 - [MESSAGE][PASSED] - Delayed 3 second(s)

2023-08-14 11:15:01 - [TEST_STEP][PASSED] - click(findTestObject("WIZARD/3Infraestructura/3Grupos/Edicion/btn_Sala(1)/a_6Virtual - Sala General")): Object: 'Object Repository/WIZARD/3Infraestructura/3Grupos/Edicion/btn_Sala(1)/a_6Virtual - Sala General' is clicked on

2023-08-14 11:15:01 - [MESSAGE][PASSED] - Object: 'Object Repository/WIZARD/3Infraestructura/3Grupos/Edicion/btn_Sala(1)/a_6Virtual - Sala General' is clicked on

2023-08-14 11:15:01 - [TEST_STEP][PASSED] - delay(3): Delayed 3 second(s)

2023-08-14 11:15:04 - [MESSAGE][PASSED] - Delayed 3 second(s)

2023-08-14 11:15:04 - [TEST_STEP][PASSED] - setText(findTestObject("WIZARD/3Infraestructura/3Grupos/Edicion/input_Nombre"), "Grupo Radicaciones"): Text 'Grupo Radicaciones' is set on object 'Object Repository/WIZARD/3Infraestructura/3Grupos/Edicion/input_Nombre'

2023-08-14 11:15:05 - [MESSAGE][PASSED] - Text 'Grupo Radicaciones' is set on object 'Object Repository/WIZARD/3Infraestructura/3Grupos/Edicion/input_Nombre'

2023-08-14 11:15:05 - [TEST_STEP][PASSED] - setText(findTestObject("WIZARD/3Infraestructura/3Grupos/Edicion/textarea_Descripcion"), "Virtual - Radicaciones"): Text 'Virtual - Radicaciones' is set on object 'Object Repository/WIZARD/3Infraestructura/3Grupos/Edicion/textarea_Descripcion'

2023-08-14 11:15:06 - [MESSAGE][PASSED] - Text 'Virtual - Radicaciones' is set on object 'Object Repository/WIZARD/3Infraestructura/3Grupos/Edicion/textarea_Descripcion'

2023-08-14 11:15:06 - [TEST_STEP][PASSED] - scrollToPosition(0, 800): Browser is scrolled to position x = 0, y = 800

2023-08-14 11:15:06 - [MESSAGE][PASSED] - Browser is scrolled to position x = 0, y = 800

2023-08-14 11:15:06 - [TEST_STEP][PASSED] - selectOptionByLabel(findTestObject("WIZARD/3Infraestructura/3Grupos/Edicion/select_Nivel de visualizacion en Transferencias"), "Área", false): All options with label 'Área' are selected in object 'Object Repository/WIZARD/3Infraestructura/3Grupos/Edicion/select_Nivel de visualizacion en Transferencias' 

2023-08-14 11:15:07 - [MESSAGE][PASSED] - All options with label 'Área' are selected in object 'Object Repository/WIZARD/3Infraestructura/3Grupos/Edicion/select_Nivel de visualizacion en Transferencias' 

2023-08-14 11:15:07 - [TEST_STEP][PASSED] - delay(2): Delayed 2 second(s)

2023-08-14 11:15:09 - [MESSAGE][PASSED] - Delayed 2 second(s)

2023-08-14 11:15:09 - [TEST_STEP][PASSED] - selectOptionByLabel(findTestObject("WIZARD/3Infraestructura/3Grupos/Edicion/select_Nivel de visualizacion en Nuevo Servicio"), "Área", false): All options with label 'Área' are selected in object 'Object Repository/WIZARD/3Infraestructura/3Grupos/Edicion/select_Nivel de visualizacion en Nuevo Servicio' 

2023-08-14 11:15:10 - [MESSAGE][PASSED] - All options with label 'Área' are selected in object 'Object Repository/WIZARD/3Infraestructura/3Grupos/Edicion/select_Nivel de visualizacion en Nuevo Servicio' 

2023-08-14 11:15:10 - [TEST_STEP][PASSED] - delay(2): Delayed 2 second(s)

2023-08-14 11:15:12 - [MESSAGE][PASSED] - Delayed 2 second(s)

2023-08-14 11:15:12 - [TEST_STEP][PASSED] - scrollToPosition(0, 0): Browser is scrolled to position x = 0, y = 0

2023-08-14 11:15:12 - [MESSAGE][PASSED] - Browser is scrolled to position x = 0, y = 0

2023-08-14 11:15:12 - [TEST_STEP][PASSED] - click(findTestObject("WIZARD/3Infraestructura/3Grupos/Edicion/img_Nuevo")): Object: 'Object Repository/WIZARD/3Infraestructura/3Grupos/Edicion/img_Nuevo' is clicked on

2023-08-14 11:15:12 - [MESSAGE][PASSED] - Object: 'Object Repository/WIZARD/3Infraestructura/3Grupos/Edicion/img_Nuevo' is clicked on

2023-08-14 11:15:12 - [TEST_STEP][PASSED] - delay(3): Delayed 3 second(s)

2023-08-14 11:15:15 - [MESSAGE][PASSED] - Delayed 3 second(s)

2023-08-14 11:15:15 - [TEST_STEP][PASSED] - takeFullPageScreenshot(): Taking screenshot successfully

2023-08-14 11:15:16 - [MESSAGE][INFO] - 0 hidden object(s)

2023-08-14 11:15:16 - [MESSAGE][PASSED] - Taking screenshot successfully
[[ATTACHMENT|C:\\CIEL INGENIERIA\\Katalon\\Digiturno55\\Reports\\20230814_104251\\WIZARD\\3Infraestructura\\3Grupos\\5.3 Crear Grupos Virtual\\20230814_104342\\1692029715552.png]]

2023-08-14 11:15:16 - [TEST_STEP][PASSED] - delay(3): Delayed 3 second(s)

2023-08-14 11:15:19 - [MESSAGE][PASSED] - Delayed 3 second(s)

2023-08-14 11:15:19 - [TEST_STEP][PASSED] - Start listener action : sampleAfterTestCase: null]]></system-out>
         <system-err><![CDATA[]]></system-err>
      </testcase>
      <system-out><![CDATA[2023-08-14 11:13:51 - [TEST_SUITE][PASSED] - 5.3 Crear Grupos Virtual: Test Cases/WIZARD/3Infraestructura/3Grupos/5.3 Crear Grupos Virtual]]></system-out>
      <system-err><![CDATA[]]></system-err>
   </testsuite>
</testsuites>
