<?xml version="1.0" encoding="UTF-8"?>
<testsuites name="5.6 Crear Tableros" time="171.341" tests="1" failures="0" errors="0">
   <testsuite name="5.6 Crear Tableros" tests="1" failures="0" errors="0" time="171.341" skipped="0" timestamp="2024-01-15 10:31:49" hostname="jdavila - PCPruebas101.ciel.cielingenieria.com" id="Test Suites/WIZARD/3Infraestructura/6Tableros/5.6 Crear Tableros">
      <properties>
         <property name="deviceName" value=""/>
         <property name="devicePlatform" value=""/>
         <property name="logFolder" value="C:\\CIEL INGENIERIA\\Katalon\\Digiturno55\\Reports\\20240115_094157\\WIZARD\\3Infraestructura\\6Tableros\\5.6 Crear Tableros\\20240115_094307"/>
         <property name="logFiles" value="C:\\CIEL INGENIERIA\\Katalon\\Digiturno55\\Reports\\20240115_094157\\WIZARD\\3Infraestructura\\6Tableros\\5.6 Crear Tableros\\20240115_094307\\execution0.log"/>
         <property name="attachments" value="C:\\CIEL INGENIERIA\\Katalon\\Digiturno55\\Reports\\20240115_094157\\WIZARD\\3Infraestructura\\6Tableros\\5.6 Crear Tableros\\20240115_094307\\1705332876668.png"/>
         <property name="hostName" value="jdavila - PCPruebas101.ciel.cielingenieria.com"/>
         <property name="os" value="Windows 10 64bit"/>
         <property name="katalonVersion" value="8.6.8.208"/>
         <property name="browser" value="Chrome 120.0.0.0"/>
         <property name="hostAddress" value="192.168.0.9"/>
         <property name="sessionId" value="d86c5b896492cf9110adb221fa7255b3"/>
         <property name="seleniumVersion" value="3.141.59"/>
         <property name="proxyInformation" value="ProxyInformation { proxyOption=NO_PROXY, proxyServerType=HTTP, username=, password=********, proxyServerAddress=, proxyServerPort=0, executionList=&quot;&quot;, isApplyToDesiredCapabilities=true }"/>
         <property name="platform" value="Windows 10"/>
      </properties>
      <testcase name="Test Cases/WIZARD/3Infraestructura/6Tableros/5.6 Crear Tableros" time="171.115" classname="Test Cases/WIZARD/3Infraestructura/6Tableros/5.6 Crear Tableros" status="PASSED">
         <system-out><![CDATA[2024-01-15 10:31:49 - [TEST_CASE][PASSED] - Test Cases/WIZARD/3Infraestructura/6Tableros/5.6 Crear Tableros: Test Cases/WIZARD/3Infraestructura/6Tableros/5.6 Crear Tableros

2024-01-15 10:31:49 - [TEST_STEP][PASSED] - callTestCase(findTestCase("0InicioSesion"), [:], STOP_ON_FAILURE): Call Test Case 'Test Cases/0InicioSesion' successfully

2024-01-15 10:31:49 - [TEST_CASE][PASSED] - Test Cases/0InicioSesion: Test Cases/0InicioSesion

2024-01-15 10:31:50 - [TEST_STEP][PASSED] - openBrowser(UrlDigiturno): Browser is opened with url: 'https://PCPruebas101.ciel.cielingenieria.com:8610'

2024-01-15 10:31:50 - [MESSAGE][INFO] - Starting 'Chrome' driver

2024-01-15 10:31:50 - [MESSAGE][INFO] - User set preference: ['args', '[--use-fake-ui-for-media-stream, --disable-notifications]']

2024-01-15 10:31:50 - [MESSAGE][INFO] - Action delay is set to 0 milliseconds

2024-01-15 10:31:52 - [MESSAGE][PASSED] - Browser is opened with url: 'https://PCPruebas101.ciel.cielingenieria.com:8610'

2024-01-15 10:31:52 - [TEST_STEP][PASSED] - maximizeWindow(): Current window maximized

2024-01-15 10:31:53 - [MESSAGE][PASSED] - Current window maximized

2024-01-15 10:31:53 - [TEST_STEP][PASSED] - delay(3): Delayed 3 second(s)

2024-01-15 10:31:56 - [MESSAGE][PASSED] - Delayed 3 second(s)

2024-01-15 10:31:56 - [TEST_STEP][PASSED] - setText(findTestObject("0Inicio Sesion/input_Usuario"), "Ciel"): Text 'Ciel' is set on object 'Object Repository/0Inicio Sesion/input_Usuario'

2024-01-15 10:31:56 - [MESSAGE][PASSED] - Text 'Ciel' is set on object 'Object Repository/0Inicio Sesion/input_Usuario'

2024-01-15 10:31:56 - [TEST_STEP][PASSED] - setText(findTestObject("0Inicio Sesion/input_Clave"), "digiturno"): Text 'digiturno' is set on object 'Object Repository/0Inicio Sesion/input_Clave'

2024-01-15 10:31:57 - [MESSAGE][PASSED] - Text 'digiturno' is set on object 'Object Repository/0Inicio Sesion/input_Clave'

2024-01-15 10:31:57 - [TEST_STEP][PASSED] - click(findTestObject("0Inicio Sesion/btn_IniciarSesion")): Object: 'Object Repository/0Inicio Sesion/btn_IniciarSesion' is clicked on

2024-01-15 10:31:58 - [MESSAGE][PASSED] - Object: 'Object Repository/0Inicio Sesion/btn_IniciarSesion' is clicked on

2024-01-15 10:31:58 - [TEST_STEP][PASSED] - delay(3): Delayed 3 second(s)

2024-01-15 10:32:01 - [MESSAGE][PASSED] - Delayed 3 second(s)

2024-01-15 10:32:01 - [MESSAGE][PASSED] - Call Test Case 'Test Cases/0InicioSesion' successfully

2024-01-15 10:32:01 - [TEST_STEP][PASSED] - click(findTestObject("WIZARD/0Principal/img_InfraestructuraMAX")): Object: 'Object Repository/WIZARD/0Principal/img_InfraestructuraMAX' is clicked on

2024-01-15 10:32:02 - [MESSAGE][PASSED] - Object: 'Object Repository/WIZARD/0Principal/img_InfraestructuraMAX' is clicked on

2024-01-15 10:32:02 - [TEST_STEP][PASSED] - delay(3): Delayed 3 second(s)

2024-01-15 10:32:05 - [MESSAGE][PASSED] - Delayed 3 second(s)

2024-01-15 10:32:05 - [TEST_STEP][PASSED] - click(findTestObject("WIZARD/3Infraestructura/0Menu/span_Tableros")): Object: 'Object Repository/WIZARD/3Infraestructura/0Menu/span_Tableros' is clicked on

2024-01-15 10:32:06 - [MESSAGE][PASSED] - Object: 'Object Repository/WIZARD/3Infraestructura/0Menu/span_Tableros' is clicked on

2024-01-15 10:32:06 - [TEST_STEP][PASSED] - delay(3): Delayed 3 second(s)

2024-01-15 10:32:09 - [MESSAGE][PASSED] - Delayed 3 second(s)

2024-01-15 10:32:09 - [TEST_STEP][PASSED] - click(findTestObject("WIZARD/3Infraestructura/6Tableros/0OficinaModal/a_x(Cerrar)")): Object: 'Object Repository/WIZARD/3Infraestructura/6Tableros/0OficinaModal/a_x(Cerrar)' is clicked on

2024-01-15 10:32:09 - [MESSAGE][PASSED] - Object: 'Object Repository/WIZARD/3Infraestructura/6Tableros/0OficinaModal/a_x(Cerrar)' is clicked on

2024-01-15 10:32:09 - [TEST_STEP][PASSED] - delay(3): Delayed 3 second(s)

2024-01-15 10:32:12 - [MESSAGE][PASSED] - Delayed 3 second(s)

2024-01-15 10:32:12 - [TEST_STEP][PASSED] - click(findTestObject("WIZARD/3Infraestructura/6Tableros/Configuracion/Edicion/btn_SeleccionarOficina")): Object: 'Object Repository/WIZARD/3Infraestructura/6Tableros/Configuracion/Edicion/btn_SeleccionarOficina' is clicked on

2024-01-15 10:32:13 - [MESSAGE][PASSED] - Object: 'Object Repository/WIZARD/3Infraestructura/6Tableros/Configuracion/Edicion/btn_SeleccionarOficina' is clicked on

2024-01-15 10:32:13 - [TEST_STEP][PASSED] - delay(3): Delayed 3 second(s)

2024-01-15 10:32:16 - [MESSAGE][PASSED] - Delayed 3 second(s)

2024-01-15 10:32:16 - [TEST_STEP][PASSED] - click(findTestObject("WIZARD/3Infraestructura/6Tableros/Configuracion/Edicion/btn_Seleccionar Oficina(1)/td_1Bogota - CIEL")): Object: 'Object Repository/WIZARD/3Infraestructura/6Tableros/Configuracion/Edicion/btn_Seleccionar Oficina(1)/td_1Bogota - CIEL' is clicked on

2024-01-15 10:32:16 - [MESSAGE][PASSED] - Object: 'Object Repository/WIZARD/3Infraestructura/6Tableros/Configuracion/Edicion/btn_Seleccionar Oficina(1)/td_1Bogota - CIEL' is clicked on

2024-01-15 10:32:16 - [TEST_STEP][PASSED] - delay(3): Delayed 3 second(s)

2024-01-15 10:32:19 - [MESSAGE][PASSED] - Delayed 3 second(s)

2024-01-15 10:32:19 - [TEST_STEP][PASSED] - setText(findTestObject("WIZARD/3Infraestructura/6Tableros/Configuracion/Edicion/input_Nombre"), "Bogota - Tablero - 1 "): Text 'Bogota - Tablero - 1 ' is set on object 'Object Repository/WIZARD/3Infraestructura/6Tableros/Configuracion/Edicion/input_Nombre'

2024-01-15 10:32:20 - [MESSAGE][PASSED] - Text 'Bogota - Tablero - 1 ' is set on object 'Object Repository/WIZARD/3Infraestructura/6Tableros/Configuracion/Edicion/input_Nombre'

2024-01-15 10:32:20 - [TEST_STEP][PASSED] - setText(findTestObject("WIZARD/3Infraestructura/6Tableros/Configuracion/Edicion/textarea_Descripcion"), "Bogota - Tablero - 1"): Text 'Bogota - Tablero - 1' is set on object 'Object Repository/WIZARD/3Infraestructura/6Tableros/Configuracion/Edicion/textarea_Descripcion'

2024-01-15 10:32:21 - [MESSAGE][PASSED] - Text 'Bogota - Tablero - 1' is set on object 'Object Repository/WIZARD/3Infraestructura/6Tableros/Configuracion/Edicion/textarea_Descripcion'

2024-01-15 10:32:21 - [TEST_STEP][PASSED] - scrollToPosition(0, 0): Browser is scrolled to position x = 0, y = 0

2024-01-15 10:32:21 - [MESSAGE][PASSED] - Browser is scrolled to position x = 0, y = 0

2024-01-15 10:32:21 - [TEST_STEP][PASSED] - delay(2): Delayed 2 second(s)

2024-01-15 10:32:23 - [MESSAGE][PASSED] - Delayed 2 second(s)

2024-01-15 10:32:23 - [TEST_STEP][PASSED] - click(findTestObject("WIZARD/3Infraestructura/6Tableros/Configuracion/Edicion/img_Nuevo")): Object: 'Object Repository/WIZARD/3Infraestructura/6Tableros/Configuracion/Edicion/img_Nuevo' is clicked on

2024-01-15 10:32:24 - [MESSAGE][PASSED] - Object: 'Object Repository/WIZARD/3Infraestructura/6Tableros/Configuracion/Edicion/img_Nuevo' is clicked on

2024-01-15 10:32:24 - [TEST_STEP][PASSED] - delay(3): Delayed 3 second(s)

2024-01-15 10:32:27 - [MESSAGE][PASSED] - Delayed 3 second(s)

2024-01-15 10:32:27 - [TEST_STEP][PASSED] - click(findTestObject("WIZARD/3Infraestructura/0Menu/span_Tableros")): Object: 'Object Repository/WIZARD/3Infraestructura/0Menu/span_Tableros' is clicked on

2024-01-15 10:32:27 - [MESSAGE][PASSED] - Object: 'Object Repository/WIZARD/3Infraestructura/0Menu/span_Tableros' is clicked on

2024-01-15 10:32:27 - [TEST_STEP][PASSED] - delay(3): Delayed 3 second(s)

2024-01-15 10:32:30 - [MESSAGE][PASSED] - Delayed 3 second(s)

2024-01-15 10:32:30 - [TEST_STEP][PASSED] - click(findTestObject("WIZARD/3Infraestructura/6Tableros/0OficinaModal/a_x(Cerrar)")): Object: 'Object Repository/WIZARD/3Infraestructura/6Tableros/0OficinaModal/a_x(Cerrar)' is clicked on

2024-01-15 10:32:31 - [MESSAGE][PASSED] - Object: 'Object Repository/WIZARD/3Infraestructura/6Tableros/0OficinaModal/a_x(Cerrar)' is clicked on

2024-01-15 10:32:31 - [TEST_STEP][PASSED] - delay(3): Delayed 3 second(s)

2024-01-15 10:32:34 - [MESSAGE][PASSED] - Delayed 3 second(s)

2024-01-15 10:32:34 - [TEST_STEP][PASSED] - click(findTestObject("WIZARD/3Infraestructura/6Tableros/Configuracion/Edicion/btn_SeleccionarOficina")): Object: 'Object Repository/WIZARD/3Infraestructura/6Tableros/Configuracion/Edicion/btn_SeleccionarOficina' is clicked on

2024-01-15 10:32:34 - [MESSAGE][PASSED] - Object: 'Object Repository/WIZARD/3Infraestructura/6Tableros/Configuracion/Edicion/btn_SeleccionarOficina' is clicked on

2024-01-15 10:32:34 - [TEST_STEP][PASSED] - delay(3): Delayed 3 second(s)

2024-01-15 10:32:37 - [MESSAGE][PASSED] - Delayed 3 second(s)

2024-01-15 10:32:37 - [TEST_STEP][PASSED] - click(findTestObject("WIZARD/3Infraestructura/6Tableros/Configuracion/Edicion/btn_Seleccionar Oficina(1)/td_2Cali - Chipichape")): Object: 'Object Repository/WIZARD/3Infraestructura/6Tableros/Configuracion/Edicion/btn_Seleccionar Oficina(1)/td_2Cali - Chipichape' is clicked on

2024-01-15 10:32:38 - [MESSAGE][PASSED] - Object: 'Object Repository/WIZARD/3Infraestructura/6Tableros/Configuracion/Edicion/btn_Seleccionar Oficina(1)/td_2Cali - Chipichape' is clicked on

2024-01-15 10:32:38 - [TEST_STEP][PASSED] - delay(3): Delayed 3 second(s)

2024-01-15 10:32:41 - [MESSAGE][PASSED] - Delayed 3 second(s)

2024-01-15 10:32:41 - [TEST_STEP][PASSED] - scrollToElement(findTestObject("WIZARD/3Infraestructura/6Tableros/Configuracion/Edicion/input_Nombre"), 2): Scroll to object 'Object Repository/WIZARD/3Infraestructura/6Tableros/Configuracion/Edicion/input_Nombre' successfully

2024-01-15 10:32:41 - [MESSAGE][PASSED] - Scroll to object 'Object Repository/WIZARD/3Infraestructura/6Tableros/Configuracion/Edicion/input_Nombre' successfully

2024-01-15 10:32:41 - [TEST_STEP][PASSED] - setText(findTestObject("WIZARD/3Infraestructura/6Tableros/Configuracion/Edicion/input_Nombre"), "Cali - Tablero - 1 "): Text 'Cali - Tablero - 1 ' is set on object 'Object Repository/WIZARD/3Infraestructura/6Tableros/Configuracion/Edicion/input_Nombre'

2024-01-15 10:32:42 - [MESSAGE][PASSED] - Text 'Cali - Tablero - 1 ' is set on object 'Object Repository/WIZARD/3Infraestructura/6Tableros/Configuracion/Edicion/input_Nombre'

2024-01-15 10:32:42 - [TEST_STEP][PASSED] - setText(findTestObject("WIZARD/3Infraestructura/6Tableros/Configuracion/Edicion/textarea_Descripcion"), "Cali - Tablero - 1"): Text 'Cali - Tablero - 1' is set on object 'Object Repository/WIZARD/3Infraestructura/6Tableros/Configuracion/Edicion/textarea_Descripcion'

2024-01-15 10:32:43 - [MESSAGE][PASSED] - Text 'Cali - Tablero - 1' is set on object 'Object Repository/WIZARD/3Infraestructura/6Tableros/Configuracion/Edicion/textarea_Descripcion'

2024-01-15 10:32:43 - [TEST_STEP][PASSED] - scrollToPosition(0, 0): Browser is scrolled to position x = 0, y = 0

2024-01-15 10:32:43 - [MESSAGE][PASSED] - Browser is scrolled to position x = 0, y = 0

2024-01-15 10:32:43 - [TEST_STEP][PASSED] - delay(2): Delayed 2 second(s)

2024-01-15 10:32:45 - [MESSAGE][PASSED] - Delayed 2 second(s)

2024-01-15 10:32:45 - [TEST_STEP][PASSED] - click(findTestObject("WIZARD/3Infraestructura/6Tableros/Configuracion/Edicion/img_Nuevo")): Object: 'Object Repository/WIZARD/3Infraestructura/6Tableros/Configuracion/Edicion/img_Nuevo' is clicked on

2024-01-15 10:32:45 - [MESSAGE][PASSED] - Object: 'Object Repository/WIZARD/3Infraestructura/6Tableros/Configuracion/Edicion/img_Nuevo' is clicked on

2024-01-15 10:32:45 - [TEST_STEP][PASSED] - delay(3): Delayed 3 second(s)

2024-01-15 10:32:48 - [MESSAGE][PASSED] - Delayed 3 second(s)

2024-01-15 10:32:48 - [TEST_STEP][PASSED] - click(findTestObject("WIZARD/3Infraestructura/0Menu/span_Tableros")): Object: 'Object Repository/WIZARD/3Infraestructura/0Menu/span_Tableros' is clicked on

2024-01-15 10:32:49 - [MESSAGE][PASSED] - Object: 'Object Repository/WIZARD/3Infraestructura/0Menu/span_Tableros' is clicked on

2024-01-15 10:32:49 - [TEST_STEP][PASSED] - delay(3): Delayed 3 second(s)

2024-01-15 10:32:52 - [MESSAGE][PASSED] - Delayed 3 second(s)

2024-01-15 10:32:52 - [TEST_STEP][PASSED] - click(findTestObject("WIZARD/3Infraestructura/6Tableros/0OficinaModal/a_x(Cerrar)")): Object: 'Object Repository/WIZARD/3Infraestructura/6Tableros/0OficinaModal/a_x(Cerrar)' is clicked on

2024-01-15 10:32:52 - [MESSAGE][PASSED] - Object: 'Object Repository/WIZARD/3Infraestructura/6Tableros/0OficinaModal/a_x(Cerrar)' is clicked on

2024-01-15 10:32:52 - [TEST_STEP][PASSED] - delay(3): Delayed 3 second(s)

2024-01-15 10:32:55 - [MESSAGE][PASSED] - Delayed 3 second(s)

2024-01-15 10:32:55 - [TEST_STEP][PASSED] - click(findTestObject("WIZARD/3Infraestructura/6Tableros/Configuracion/Edicion/btn_SeleccionarOficina")): Object: 'Object Repository/WIZARD/3Infraestructura/6Tableros/Configuracion/Edicion/btn_SeleccionarOficina' is clicked on

2024-01-15 10:32:56 - [MESSAGE][PASSED] - Object: 'Object Repository/WIZARD/3Infraestructura/6Tableros/Configuracion/Edicion/btn_SeleccionarOficina' is clicked on

2024-01-15 10:32:56 - [TEST_STEP][PASSED] - delay(3): Delayed 3 second(s)

2024-01-15 10:32:59 - [MESSAGE][PASSED] - Delayed 3 second(s)

2024-01-15 10:32:59 - [TEST_STEP][PASSED] - click(findTestObject("WIZARD/3Infraestructura/6Tableros/Configuracion/Edicion/btn_Seleccionar Oficina(1)/td_3Cartagena - Bocagrande")): Object: 'Object Repository/WIZARD/3Infraestructura/6Tableros/Configuracion/Edicion/btn_Seleccionar Oficina(1)/td_3Cartagena - Bocagrande' is clicked on

2024-01-15 10:32:59 - [MESSAGE][PASSED] - Object: 'Object Repository/WIZARD/3Infraestructura/6Tableros/Configuracion/Edicion/btn_Seleccionar Oficina(1)/td_3Cartagena - Bocagrande' is clicked on

2024-01-15 10:32:59 - [TEST_STEP][PASSED] - delay(3): Delayed 3 second(s)

2024-01-15 10:33:02 - [MESSAGE][PASSED] - Delayed 3 second(s)

2024-01-15 10:33:02 - [TEST_STEP][PASSED] - scrollToElement(findTestObject("WIZARD/3Infraestructura/6Tableros/Configuracion/Edicion/input_Nombre"), 2): Scroll to object 'Object Repository/WIZARD/3Infraestructura/6Tableros/Configuracion/Edicion/input_Nombre' successfully

2024-01-15 10:33:03 - [MESSAGE][PASSED] - Scroll to object 'Object Repository/WIZARD/3Infraestructura/6Tableros/Configuracion/Edicion/input_Nombre' successfully

2024-01-15 10:33:03 - [TEST_STEP][PASSED] - setText(findTestObject("WIZARD/3Infraestructura/6Tableros/Configuracion/Edicion/input_Nombre"), "Cartagena - Tablero - 1 "): Text 'Cartagena - Tablero - 1 ' is set on object 'Object Repository/WIZARD/3Infraestructura/6Tableros/Configuracion/Edicion/input_Nombre'

2024-01-15 10:33:04 - [MESSAGE][PASSED] - Text 'Cartagena - Tablero - 1 ' is set on object 'Object Repository/WIZARD/3Infraestructura/6Tableros/Configuracion/Edicion/input_Nombre'

2024-01-15 10:33:04 - [TEST_STEP][PASSED] - setText(findTestObject("WIZARD/3Infraestructura/6Tableros/Configuracion/Edicion/textarea_Descripcion"), "Cartagena - Tablero - 1"): Text 'Cartagena - Tablero - 1' is set on object 'Object Repository/WIZARD/3Infraestructura/6Tableros/Configuracion/Edicion/textarea_Descripcion'

2024-01-15 10:33:05 - [MESSAGE][PASSED] - Text 'Cartagena - Tablero - 1' is set on object 'Object Repository/WIZARD/3Infraestructura/6Tableros/Configuracion/Edicion/textarea_Descripcion'

2024-01-15 10:33:05 - [TEST_STEP][PASSED] - scrollToPosition(0, 0): Browser is scrolled to position x = 0, y = 0

2024-01-15 10:33:05 - [MESSAGE][PASSED] - Browser is scrolled to position x = 0, y = 0

2024-01-15 10:33:05 - [TEST_STEP][PASSED] - delay(2): Delayed 2 second(s)

2024-01-15 10:33:07 - [MESSAGE][PASSED] - Delayed 2 second(s)

2024-01-15 10:33:07 - [TEST_STEP][PASSED] - click(findTestObject("WIZARD/3Infraestructura/6Tableros/Configuracion/Edicion/img_Nuevo")): Object: 'Object Repository/WIZARD/3Infraestructura/6Tableros/Configuracion/Edicion/img_Nuevo' is clicked on

2024-01-15 10:33:07 - [MESSAGE][PASSED] - Object: 'Object Repository/WIZARD/3Infraestructura/6Tableros/Configuracion/Edicion/img_Nuevo' is clicked on

2024-01-15 10:33:07 - [TEST_STEP][PASSED] - delay(3): Delayed 3 second(s)

2024-01-15 10:33:10 - [MESSAGE][PASSED] - Delayed 3 second(s)

2024-01-15 10:33:10 - [TEST_STEP][PASSED] - click(findTestObject("WIZARD/3Infraestructura/0Menu/span_Tableros")): Object: 'Object Repository/WIZARD/3Infraestructura/0Menu/span_Tableros' is clicked on

2024-01-15 10:33:11 - [MESSAGE][PASSED] - Object: 'Object Repository/WIZARD/3Infraestructura/0Menu/span_Tableros' is clicked on

2024-01-15 10:33:11 - [TEST_STEP][PASSED] - delay(3): Delayed 3 second(s)

2024-01-15 10:33:14 - [MESSAGE][PASSED] - Delayed 3 second(s)

2024-01-15 10:33:14 - [TEST_STEP][PASSED] - click(findTestObject("WIZARD/3Infraestructura/6Tableros/0OficinaModal/a_x(Cerrar)")): Object: 'Object Repository/WIZARD/3Infraestructura/6Tableros/0OficinaModal/a_x(Cerrar)' is clicked on

2024-01-15 10:33:14 - [MESSAGE][PASSED] - Object: 'Object Repository/WIZARD/3Infraestructura/6Tableros/0OficinaModal/a_x(Cerrar)' is clicked on

2024-01-15 10:33:14 - [TEST_STEP][PASSED] - delay(3): Delayed 3 second(s)

2024-01-15 10:33:17 - [MESSAGE][PASSED] - Delayed 3 second(s)

2024-01-15 10:33:17 - [TEST_STEP][PASSED] - click(findTestObject("WIZARD/3Infraestructura/6Tableros/Configuracion/Edicion/btn_SeleccionarOficina")): Object: 'Object Repository/WIZARD/3Infraestructura/6Tableros/Configuracion/Edicion/btn_SeleccionarOficina' is clicked on

2024-01-15 10:33:18 - [MESSAGE][PASSED] - Object: 'Object Repository/WIZARD/3Infraestructura/6Tableros/Configuracion/Edicion/btn_SeleccionarOficina' is clicked on

2024-01-15 10:33:18 - [TEST_STEP][PASSED] - delay(3): Delayed 3 second(s)

2024-01-15 10:33:21 - [MESSAGE][PASSED] - Delayed 3 second(s)

2024-01-15 10:33:21 - [TEST_STEP][PASSED] - click(findTestObject("WIZARD/3Infraestructura/6Tableros/Configuracion/Edicion/btn_Seleccionar Oficina(1)/td_4Manizales - Manizales")): Object: 'Object Repository/WIZARD/3Infraestructura/6Tableros/Configuracion/Edicion/btn_Seleccionar Oficina(1)/td_4Manizales - Manizales' is clicked on

2024-01-15 10:33:21 - [MESSAGE][PASSED] - Object: 'Object Repository/WIZARD/3Infraestructura/6Tableros/Configuracion/Edicion/btn_Seleccionar Oficina(1)/td_4Manizales - Manizales' is clicked on

2024-01-15 10:33:21 - [TEST_STEP][PASSED] - delay(3): Delayed 3 second(s)

2024-01-15 10:33:24 - [MESSAGE][PASSED] - Delayed 3 second(s)

2024-01-15 10:33:24 - [TEST_STEP][PASSED] - scrollToElement(findTestObject("WIZARD/3Infraestructura/6Tableros/Configuracion/Edicion/input_Nombre"), 2): Scroll to object 'Object Repository/WIZARD/3Infraestructura/6Tableros/Configuracion/Edicion/input_Nombre' successfully

2024-01-15 10:33:24 - [MESSAGE][PASSED] - Scroll to object 'Object Repository/WIZARD/3Infraestructura/6Tableros/Configuracion/Edicion/input_Nombre' successfully

2024-01-15 10:33:24 - [TEST_STEP][PASSED] - setText(findTestObject("WIZARD/3Infraestructura/6Tableros/Configuracion/Edicion/input_Nombre"), "Manizales - Tablero - 1 "): Text 'Manizales - Tablero - 1 ' is set on object 'Object Repository/WIZARD/3Infraestructura/6Tableros/Configuracion/Edicion/input_Nombre'

2024-01-15 10:33:25 - [MESSAGE][PASSED] - Text 'Manizales - Tablero - 1 ' is set on object 'Object Repository/WIZARD/3Infraestructura/6Tableros/Configuracion/Edicion/input_Nombre'

2024-01-15 10:33:25 - [TEST_STEP][PASSED] - setText(findTestObject("WIZARD/3Infraestructura/6Tableros/Configuracion/Edicion/textarea_Descripcion"), "Manizales - Tablero - 1"): Text 'Manizales - Tablero - 1' is set on object 'Object Repository/WIZARD/3Infraestructura/6Tableros/Configuracion/Edicion/textarea_Descripcion'

2024-01-15 10:33:26 - [MESSAGE][PASSED] - Text 'Manizales - Tablero - 1' is set on object 'Object Repository/WIZARD/3Infraestructura/6Tableros/Configuracion/Edicion/textarea_Descripcion'

2024-01-15 10:33:26 - [TEST_STEP][PASSED] - scrollToPosition(0, 0): Browser is scrolled to position x = 0, y = 0

2024-01-15 10:33:26 - [MESSAGE][PASSED] - Browser is scrolled to position x = 0, y = 0

2024-01-15 10:33:26 - [TEST_STEP][PASSED] - delay(2): Delayed 2 second(s)

2024-01-15 10:33:28 - [MESSAGE][PASSED] - Delayed 2 second(s)

2024-01-15 10:33:28 - [TEST_STEP][PASSED] - click(findTestObject("WIZARD/3Infraestructura/6Tableros/Configuracion/Edicion/img_Nuevo")): Object: 'Object Repository/WIZARD/3Infraestructura/6Tableros/Configuracion/Edicion/img_Nuevo' is clicked on

2024-01-15 10:33:29 - [MESSAGE][PASSED] - Object: 'Object Repository/WIZARD/3Infraestructura/6Tableros/Configuracion/Edicion/img_Nuevo' is clicked on

2024-01-15 10:33:29 - [TEST_STEP][PASSED] - delay(3): Delayed 3 second(s)

2024-01-15 10:33:32 - [MESSAGE][PASSED] - Delayed 3 second(s)

2024-01-15 10:33:32 - [TEST_STEP][PASSED] - click(findTestObject("WIZARD/3Infraestructura/0Menu/span_Tableros")): Object: 'Object Repository/WIZARD/3Infraestructura/0Menu/span_Tableros' is clicked on

2024-01-15 10:33:32 - [MESSAGE][PASSED] - Object: 'Object Repository/WIZARD/3Infraestructura/0Menu/span_Tableros' is clicked on

2024-01-15 10:33:32 - [TEST_STEP][PASSED] - delay(3): Delayed 3 second(s)

2024-01-15 10:33:35 - [MESSAGE][PASSED] - Delayed 3 second(s)

2024-01-15 10:33:35 - [TEST_STEP][PASSED] - click(findTestObject("WIZARD/3Infraestructura/6Tableros/0OficinaModal/a_x(Cerrar)")): Object: 'Object Repository/WIZARD/3Infraestructura/6Tableros/0OficinaModal/a_x(Cerrar)' is clicked on

2024-01-15 10:33:36 - [MESSAGE][PASSED] - Object: 'Object Repository/WIZARD/3Infraestructura/6Tableros/0OficinaModal/a_x(Cerrar)' is clicked on

2024-01-15 10:33:36 - [TEST_STEP][PASSED] - delay(3): Delayed 3 second(s)

2024-01-15 10:33:39 - [MESSAGE][PASSED] - Delayed 3 second(s)

2024-01-15 10:33:39 - [TEST_STEP][PASSED] - click(findTestObject("WIZARD/3Infraestructura/6Tableros/Configuracion/Edicion/btn_SeleccionarOficina")): Object: 'Object Repository/WIZARD/3Infraestructura/6Tableros/Configuracion/Edicion/btn_SeleccionarOficina' is clicked on

2024-01-15 10:33:39 - [MESSAGE][PASSED] - Object: 'Object Repository/WIZARD/3Infraestructura/6Tableros/Configuracion/Edicion/btn_SeleccionarOficina' is clicked on

2024-01-15 10:33:39 - [TEST_STEP][PASSED] - delay(3): Delayed 3 second(s)

2024-01-15 10:33:42 - [MESSAGE][PASSED] - Delayed 3 second(s)

2024-01-15 10:33:42 - [TEST_STEP][PASSED] - click(findTestObject("WIZARD/3Infraestructura/6Tableros/Configuracion/Edicion/btn_Seleccionar Oficina(1)/td_5Medellin - Laureles")): Object: 'Object Repository/WIZARD/3Infraestructura/6Tableros/Configuracion/Edicion/btn_Seleccionar Oficina(1)/td_5Medellin - Laureles' is clicked on

2024-01-15 10:33:43 - [MESSAGE][PASSED] - Object: 'Object Repository/WIZARD/3Infraestructura/6Tableros/Configuracion/Edicion/btn_Seleccionar Oficina(1)/td_5Medellin - Laureles' is clicked on

2024-01-15 10:33:43 - [TEST_STEP][PASSED] - delay(3): Delayed 3 second(s)

2024-01-15 10:33:46 - [MESSAGE][PASSED] - Delayed 3 second(s)

2024-01-15 10:33:46 - [TEST_STEP][PASSED] - scrollToElement(findTestObject("WIZARD/3Infraestructura/6Tableros/Configuracion/Edicion/input_Nombre"), 2): Scroll to object 'Object Repository/WIZARD/3Infraestructura/6Tableros/Configuracion/Edicion/input_Nombre' successfully

2024-01-15 10:33:46 - [MESSAGE][PASSED] - Scroll to object 'Object Repository/WIZARD/3Infraestructura/6Tableros/Configuracion/Edicion/input_Nombre' successfully

2024-01-15 10:33:46 - [TEST_STEP][PASSED] - setText(findTestObject("WIZARD/3Infraestructura/6Tableros/Configuracion/Edicion/input_Nombre"), "Medellin - Tablero - 1 "): Text 'Medellin - Tablero - 1 ' is set on object 'Object Repository/WIZARD/3Infraestructura/6Tableros/Configuracion/Edicion/input_Nombre'

2024-01-15 10:33:47 - [MESSAGE][PASSED] - Text 'Medellin - Tablero - 1 ' is set on object 'Object Repository/WIZARD/3Infraestructura/6Tableros/Configuracion/Edicion/input_Nombre'

2024-01-15 10:33:47 - [TEST_STEP][PASSED] - setText(findTestObject("WIZARD/3Infraestructura/6Tableros/Configuracion/Edicion/textarea_Descripcion"), "Medellin - Tablero - 1"): Text 'Medellin - Tablero - 1' is set on object 'Object Repository/WIZARD/3Infraestructura/6Tableros/Configuracion/Edicion/textarea_Descripcion'

2024-01-15 10:33:47 - [MESSAGE][PASSED] - Text 'Medellin - Tablero - 1' is set on object 'Object Repository/WIZARD/3Infraestructura/6Tableros/Configuracion/Edicion/textarea_Descripcion'

2024-01-15 10:33:47 - [TEST_STEP][PASSED] - scrollToPosition(0, 0): Browser is scrolled to position x = 0, y = 0

2024-01-15 10:33:47 - [MESSAGE][PASSED] - Browser is scrolled to position x = 0, y = 0

2024-01-15 10:33:47 - [TEST_STEP][PASSED] - delay(2): Delayed 2 second(s)

2024-01-15 10:33:50 - [MESSAGE][PASSED] - Delayed 2 second(s)

2024-01-15 10:33:50 - [TEST_STEP][PASSED] - click(findTestObject("WIZARD/3Infraestructura/6Tableros/Configuracion/Edicion/img_Nuevo")): Object: 'Object Repository/WIZARD/3Infraestructura/6Tableros/Configuracion/Edicion/img_Nuevo' is clicked on

2024-01-15 10:33:50 - [MESSAGE][PASSED] - Object: 'Object Repository/WIZARD/3Infraestructura/6Tableros/Configuracion/Edicion/img_Nuevo' is clicked on

2024-01-15 10:33:50 - [TEST_STEP][PASSED] - delay(3): Delayed 3 second(s)

2024-01-15 10:33:53 - [MESSAGE][PASSED] - Delayed 3 second(s)

2024-01-15 10:33:53 - [TEST_STEP][PASSED] - click(findTestObject("WIZARD/3Infraestructura/0Menu/span_Tableros")): Object: 'Object Repository/WIZARD/3Infraestructura/0Menu/span_Tableros' is clicked on

2024-01-15 10:33:54 - [MESSAGE][PASSED] - Object: 'Object Repository/WIZARD/3Infraestructura/0Menu/span_Tableros' is clicked on

2024-01-15 10:33:54 - [TEST_STEP][PASSED] - delay(3): Delayed 3 second(s)

2024-01-15 10:33:57 - [MESSAGE][PASSED] - Delayed 3 second(s)

2024-01-15 10:33:57 - [TEST_STEP][PASSED] - click(findTestObject("WIZARD/3Infraestructura/6Tableros/0OficinaModal/a_x(Cerrar)")): Object: 'Object Repository/WIZARD/3Infraestructura/6Tableros/0OficinaModal/a_x(Cerrar)' is clicked on

2024-01-15 10:33:57 - [MESSAGE][PASSED] - Object: 'Object Repository/WIZARD/3Infraestructura/6Tableros/0OficinaModal/a_x(Cerrar)' is clicked on

2024-01-15 10:33:57 - [TEST_STEP][PASSED] - delay(3): Delayed 3 second(s)

2024-01-15 10:34:00 - [MESSAGE][PASSED] - Delayed 3 second(s)

2024-01-15 10:34:00 - [TEST_STEP][PASSED] - click(findTestObject("WIZARD/3Infraestructura/6Tableros/Configuracion/Edicion/btn_SeleccionarOficina")): Object: 'Object Repository/WIZARD/3Infraestructura/6Tableros/Configuracion/Edicion/btn_SeleccionarOficina' is clicked on

2024-01-15 10:34:01 - [MESSAGE][PASSED] - Object: 'Object Repository/WIZARD/3Infraestructura/6Tableros/Configuracion/Edicion/btn_SeleccionarOficina' is clicked on

2024-01-15 10:34:01 - [TEST_STEP][PASSED] - delay(3): Delayed 3 second(s)

2024-01-15 10:34:04 - [MESSAGE][PASSED] - Delayed 3 second(s)

2024-01-15 10:34:04 - [TEST_STEP][PASSED] - click(findTestObject("WIZARD/3Infraestructura/6Tableros/Configuracion/Edicion/btn_Seleccionar Oficina(1)/td_6Virtual - Oficina Virtual")): Object: 'Object Repository/WIZARD/3Infraestructura/6Tableros/Configuracion/Edicion/btn_Seleccionar Oficina(1)/td_6Virtual - Oficina Virtual' is clicked on

2024-01-15 10:34:04 - [MESSAGE][PASSED] - Object: 'Object Repository/WIZARD/3Infraestructura/6Tableros/Configuracion/Edicion/btn_Seleccionar Oficina(1)/td_6Virtual - Oficina Virtual' is clicked on

2024-01-15 10:34:04 - [TEST_STEP][PASSED] - delay(3): Delayed 3 second(s)

2024-01-15 10:34:07 - [MESSAGE][PASSED] - Delayed 3 second(s)

2024-01-15 10:34:07 - [TEST_STEP][PASSED] - scrollToElement(findTestObject("WIZARD/3Infraestructura/6Tableros/Configuracion/Edicion/input_Nombre"), 2): Scroll to object 'Object Repository/WIZARD/3Infraestructura/6Tableros/Configuracion/Edicion/input_Nombre' successfully

2024-01-15 10:34:08 - [MESSAGE][PASSED] - Scroll to object 'Object Repository/WIZARD/3Infraestructura/6Tableros/Configuracion/Edicion/input_Nombre' successfully

2024-01-15 10:34:08 - [TEST_STEP][PASSED] - setText(findTestObject("WIZARD/3Infraestructura/6Tableros/Configuracion/Edicion/input_Nombre"), "Virtual - Tablero - 1 "): Text 'Virtual - Tablero - 1 ' is set on object 'Object Repository/WIZARD/3Infraestructura/6Tableros/Configuracion/Edicion/input_Nombre'

2024-01-15 10:34:08 - [MESSAGE][PASSED] - Text 'Virtual - Tablero - 1 ' is set on object 'Object Repository/WIZARD/3Infraestructura/6Tableros/Configuracion/Edicion/input_Nombre'

2024-01-15 10:34:08 - [TEST_STEP][PASSED] - setText(findTestObject("WIZARD/3Infraestructura/6Tableros/Configuracion/Edicion/textarea_Descripcion"), "Virtual - Tablero - 1"): Text 'Virtual - Tablero - 1' is set on object 'Object Repository/WIZARD/3Infraestructura/6Tableros/Configuracion/Edicion/textarea_Descripcion'

2024-01-15 10:34:09 - [MESSAGE][PASSED] - Text 'Virtual - Tablero - 1' is set on object 'Object Repository/WIZARD/3Infraestructura/6Tableros/Configuracion/Edicion/textarea_Descripcion'

2024-01-15 10:34:09 - [TEST_STEP][PASSED] - scrollToPosition(0, 0): Browser is scrolled to position x = 0, y = 0

2024-01-15 10:34:09 - [MESSAGE][PASSED] - Browser is scrolled to position x = 0, y = 0

2024-01-15 10:34:09 - [TEST_STEP][PASSED] - delay(2): Delayed 2 second(s)

2024-01-15 10:34:11 - [MESSAGE][PASSED] - Delayed 2 second(s)

2024-01-15 10:34:11 - [TEST_STEP][PASSED] - click(findTestObject("WIZARD/3Infraestructura/6Tableros/Configuracion/Edicion/img_Nuevo")): Object: 'Object Repository/WIZARD/3Infraestructura/6Tableros/Configuracion/Edicion/img_Nuevo' is clicked on

2024-01-15 10:34:12 - [MESSAGE][PASSED] - Object: 'Object Repository/WIZARD/3Infraestructura/6Tableros/Configuracion/Edicion/img_Nuevo' is clicked on

2024-01-15 10:34:12 - [TEST_STEP][PASSED] - delay(3): Delayed 3 second(s)

2024-01-15 10:34:15 - [MESSAGE][PASSED] - Delayed 3 second(s)

2024-01-15 10:34:15 - [TEST_STEP][PASSED] - click(findTestObject("WIZARD/3Infraestructura/0Menu/span_Tableros")): Object: 'Object Repository/WIZARD/3Infraestructura/0Menu/span_Tableros' is clicked on

2024-01-15 10:34:15 - [MESSAGE][PASSED] - Object: 'Object Repository/WIZARD/3Infraestructura/0Menu/span_Tableros' is clicked on

2024-01-15 10:34:15 - [TEST_STEP][PASSED] - delay(3): Delayed 3 second(s)

2024-01-15 10:34:18 - [MESSAGE][PASSED] - Delayed 3 second(s)

2024-01-15 10:34:18 - [TEST_STEP][PASSED] - click(findTestObject("WIZARD/3Infraestructura/6Tableros/0OficinaModal/a_x(Cerrar)")): Object: 'Object Repository/WIZARD/3Infraestructura/6Tableros/0OficinaModal/a_x(Cerrar)' is clicked on

2024-01-15 10:34:19 - [MESSAGE][PASSED] - Object: 'Object Repository/WIZARD/3Infraestructura/6Tableros/0OficinaModal/a_x(Cerrar)' is clicked on

2024-01-15 10:34:19 - [TEST_STEP][PASSED] - delay(3): Delayed 3 second(s)

2024-01-15 10:34:22 - [MESSAGE][PASSED] - Delayed 3 second(s)

2024-01-15 10:34:22 - [TEST_STEP][PASSED] - click(findTestObject("WIZARD/3Infraestructura/6Tableros/Configuracion/Edicion/btn_SeleccionarOficina")): Object: 'Object Repository/WIZARD/3Infraestructura/6Tableros/Configuracion/Edicion/btn_SeleccionarOficina' is clicked on

2024-01-15 10:34:22 - [MESSAGE][PASSED] - Object: 'Object Repository/WIZARD/3Infraestructura/6Tableros/Configuracion/Edicion/btn_SeleccionarOficina' is clicked on

2024-01-15 10:34:22 - [TEST_STEP][PASSED] - delay(3): Delayed 3 second(s)

2024-01-15 10:34:25 - [MESSAGE][PASSED] - Delayed 3 second(s)

2024-01-15 10:34:25 - [TEST_STEP][PASSED] - click(findTestObject("WIZARD/3Infraestructura/6Tableros/Configuracion/Edicion/btn_Seleccionar Oficina(1)/td_7WorkFlow - Oficina WorkFlow")): Object: 'Object Repository/WIZARD/3Infraestructura/6Tableros/Configuracion/Edicion/btn_Seleccionar Oficina(1)/td_7WorkFlow - Oficina WorkFlow' is clicked on

2024-01-15 10:34:26 - [MESSAGE][PASSED] - Object: 'Object Repository/WIZARD/3Infraestructura/6Tableros/Configuracion/Edicion/btn_Seleccionar Oficina(1)/td_7WorkFlow - Oficina WorkFlow' is clicked on

2024-01-15 10:34:26 - [TEST_STEP][PASSED] - delay(3): Delayed 3 second(s)

2024-01-15 10:34:29 - [MESSAGE][PASSED] - Delayed 3 second(s)

2024-01-15 10:34:29 - [TEST_STEP][PASSED] - scrollToElement(findTestObject("WIZARD/3Infraestructura/6Tableros/Configuracion/Edicion/input_Nombre"), 2): Scroll to object 'Object Repository/WIZARD/3Infraestructura/6Tableros/Configuracion/Edicion/input_Nombre' successfully

2024-01-15 10:34:29 - [MESSAGE][PASSED] - Scroll to object 'Object Repository/WIZARD/3Infraestructura/6Tableros/Configuracion/Edicion/input_Nombre' successfully

2024-01-15 10:34:29 - [TEST_STEP][PASSED] - setText(findTestObject("WIZARD/3Infraestructura/6Tableros/Configuracion/Edicion/input_Nombre"), "WorkFlow - Tablero - 1 "): Text 'WorkFlow - Tablero - 1 ' is set on object 'Object Repository/WIZARD/3Infraestructura/6Tableros/Configuracion/Edicion/input_Nombre'

2024-01-15 10:34:30 - [MESSAGE][PASSED] - Text 'WorkFlow - Tablero - 1 ' is set on object 'Object Repository/WIZARD/3Infraestructura/6Tableros/Configuracion/Edicion/input_Nombre'

2024-01-15 10:34:30 - [TEST_STEP][PASSED] - setText(findTestObject("WIZARD/3Infraestructura/6Tableros/Configuracion/Edicion/textarea_Descripcion"), "WorkFlow - Tablero - 1"): Text 'WorkFlow - Tablero - 1' is set on object 'Object Repository/WIZARD/3Infraestructura/6Tableros/Configuracion/Edicion/textarea_Descripcion'

2024-01-15 10:34:31 - [MESSAGE][PASSED] - Text 'WorkFlow - Tablero - 1' is set on object 'Object Repository/WIZARD/3Infraestructura/6Tableros/Configuracion/Edicion/textarea_Descripcion'

2024-01-15 10:34:31 - [TEST_STEP][PASSED] - scrollToPosition(0, 0): Browser is scrolled to position x = 0, y = 0

2024-01-15 10:34:31 - [MESSAGE][PASSED] - Browser is scrolled to position x = 0, y = 0

2024-01-15 10:34:31 - [TEST_STEP][PASSED] - delay(2): Delayed 2 second(s)

2024-01-15 10:34:33 - [MESSAGE][PASSED] - Delayed 2 second(s)

2024-01-15 10:34:33 - [TEST_STEP][PASSED] - click(findTestObject("WIZARD/3Infraestructura/6Tableros/Configuracion/Edicion/img_Nuevo")): Object: 'Object Repository/WIZARD/3Infraestructura/6Tableros/Configuracion/Edicion/img_Nuevo' is clicked on

2024-01-15 10:34:33 - [MESSAGE][PASSED] - Object: 'Object Repository/WIZARD/3Infraestructura/6Tableros/Configuracion/Edicion/img_Nuevo' is clicked on

2024-01-15 10:34:33 - [TEST_STEP][PASSED] - delay(3): Delayed 3 second(s)

2024-01-15 10:34:36 - [MESSAGE][PASSED] - Delayed 3 second(s)

2024-01-15 10:34:36 - [TEST_STEP][PASSED] - takeFullPageScreenshot(): Taking screenshot successfully

2024-01-15 10:34:37 - [MESSAGE][INFO] - 0 hidden object(s)

2024-01-15 10:34:37 - [MESSAGE][PASSED] - Taking screenshot successfully
[[ATTACHMENT|C:\\CIEL INGENIERIA\\Katalon\\Digiturno55\\Reports\\20240115_094157\\WIZARD\\3Infraestructura\\6Tableros\\5.6 Crear Tableros\\20240115_094307\\1705332876668.png]]

2024-01-15 10:34:37 - [TEST_STEP][PASSED] - delay(3): Delayed 3 second(s)

2024-01-15 10:34:40 - [MESSAGE][PASSED] - Delayed 3 second(s)

2024-01-15 10:34:40 - [TEST_STEP][PASSED] - Start listener action : sampleAfterTestCase: null]]></system-out>
         <system-err><![CDATA[]]></system-err>
      </testcase>
      <system-out><![CDATA[2024-01-15 10:31:49 - [TEST_SUITE][PASSED] - 5.6 Crear Tableros: Test Cases/WIZARD/3Infraestructura/6Tableros/5.6 Crear Tableros]]></system-out>
      <system-err><![CDATA[]]></system-err>
   </testsuite>
</testsuites>
