<?xml version="1.0" encoding="UTF-8"?>
<testsuites name="70 Usuarios por perfil" time="42.071" tests="1" failures="0" errors="0">
   <testsuite name="70 Usuarios por perfil" tests="1" failures="0" errors="0" time="42.071" skipped="0" timestamp="2023-07-11 12:29:15" hostname="jdavila - PCPruebas101.ciel.cielingenieria.com" id="Test Suites/DIGITURNO/BASICO/70 Usuarios por perfil">
      <properties>
         <property name="deviceName" value=""/>
         <property name="devicePlatform" value=""/>
         <property name="logFolder" value="C:\\CIEL INGENIERIA\\Katalon\\Digiturno55\\Reports\\20230711_113602\\DIGITURNO\\BASICO\\70 Usuarios por perfil\\20230711_113709"/>
         <property name="logFiles" value="C:\\CIEL INGENIERIA\\Katalon\\Digiturno55\\Reports\\20230711_113602\\DIGITURNO\\BASICO\\70 Usuarios por perfil\\20230711_113709\\execution0.log"/>
         <property name="attachments" value="C:\\CIEL INGENIERIA\\Katalon\\Digiturno55\\Reports\\20230711_113602\\DIGITURNO\\BASICO\\70 Usuarios por perfil\\20230711_113709\\1689096574676.png, C:\\CIEL INGENIERIA\\Katalon\\Digiturno55\\Reports\\20230711_113602\\DIGITURNO\\BASICO\\70 Usuarios por perfil\\20230711_113709\\1689096586191.png, C:\\CIEL INGENIERIA\\Katalon\\Digiturno55\\Reports\\20230711_113602\\DIGITURNO\\BASICO\\70 Usuarios por perfil\\20230711_113709\\1689096593897.png"/>
         <property name="hostName" value="jdavila - PCPruebas101.ciel.cielingenieria.com"/>
         <property name="os" value="Windows 10 64bit"/>
         <property name="katalonVersion" value="8.6.0.208"/>
         <property name="browser" value="Chrome 114.0.0.0"/>
         <property name="hostAddress" value="192.168.0.33"/>
         <property name="sessionId" value="2bf5f73669cf01b4c65f41aac21b0bcc"/>
         <property name="seleniumVersion" value="3.141.59"/>
         <property name="proxyInformation" value="ProxyInformation { proxyOption=NO_PROXY, proxyServerType=HTTP, username=, password=********, proxyServerAddress=, proxyServerPort=0, executionList=&quot;&quot;, isApplyToDesiredCapabilities=true }"/>
         <property name="platform" value="Windows 10"/>
      </properties>
      <testcase name="Test Cases/DIGITURNO/BASICO/70 Usuario por perfil" time="41.835" classname="Test Cases/DIGITURNO/BASICO/70 Usuario por perfil" status="PASSED">
         <system-out><![CDATA[2023-07-11 12:29:15 - [TEST_CASE][PASSED] - Test Cases/DIGITURNO/BASICO/70 Usuario por perfil: Test Cases/DIGITURNO/BASICO/70 Usuario por perfil

2023-07-11 12:29:15 - [TEST_STEP][PASSED] - callTestCase(findTestCase("DIGITURNO/BASICO/5 Usuarios"), [:], STOP_ON_FAILURE): Call Test Case 'Test Cases/DIGITURNO/BASICO/5 Usuarios' successfully

2023-07-11 12:29:16 - [TEST_CASE][PASSED] - Test Cases/DIGITURNO/BASICO/5 Usuarios: Test Cases/DIGITURNO/BASICO/5 Usuarios

2023-07-11 12:29:16 - [TEST_STEP][PASSED] - callTestCase(findTestCase("0InicioSesion"), [:], STOP_ON_FAILURE): Call Test Case 'Test Cases/0InicioSesion' successfully

2023-07-11 12:29:16 - [TEST_CASE][PASSED] - Test Cases/0InicioSesion: Test Cases/0InicioSesion

2023-07-11 12:29:16 - [TEST_STEP][PASSED] - openBrowser(UrlDigiturno): Browser is opened with url: 'https://PCPruebas101.ciel.cielingenieria.com:8810'

2023-07-11 12:29:16 - [MESSAGE][INFO] - Starting 'Chrome' driver

2023-07-11 12:29:16 - [MESSAGE][INFO] - User set preference: ['args', '[--use-fake-ui-for-media-stream, --disable-notifications]']

2023-07-11 12:29:17 - [MESSAGE][INFO] - Action delay is set to 0 milliseconds

2023-07-11 12:29:19 - [MESSAGE][PASSED] - Browser is opened with url: 'https://PCPruebas101.ciel.cielingenieria.com:8810'

2023-07-11 12:29:19 - [TEST_STEP][PASSED] - maximizeWindow(): Current window maximized

2023-07-11 12:29:19 - [MESSAGE][PASSED] - Current window maximized

2023-07-11 12:29:19 - [TEST_STEP][PASSED] - delay(3): Delayed 3 second(s)

2023-07-11 12:29:22 - [MESSAGE][PASSED] - Delayed 3 second(s)

2023-07-11 12:29:22 - [TEST_STEP][PASSED] - setText(findTestObject("0Inicio Sesion/input_Usuario"), "Ciel"): Text 'Ciel' is set on object 'Object Repository/0Inicio Sesion/input_Usuario'

2023-07-11 12:29:23 - [MESSAGE][PASSED] - Text 'Ciel' is set on object 'Object Repository/0Inicio Sesion/input_Usuario'

2023-07-11 12:29:23 - [TEST_STEP][PASSED] - setText(findTestObject("0Inicio Sesion/input_Clave"), "digiturno"): Text 'digiturno' is set on object 'Object Repository/0Inicio Sesion/input_Clave'

2023-07-11 12:29:23 - [MESSAGE][PASSED] - Text 'digiturno' is set on object 'Object Repository/0Inicio Sesion/input_Clave'

2023-07-11 12:29:23 - [TEST_STEP][PASSED] - click(findTestObject("0Inicio Sesion/btn_IniciarSesion")): Object: 'Object Repository/0Inicio Sesion/btn_IniciarSesion' is clicked on

2023-07-11 12:29:24 - [MESSAGE][PASSED] - Object: 'Object Repository/0Inicio Sesion/btn_IniciarSesion' is clicked on

2023-07-11 12:29:24 - [TEST_STEP][PASSED] - delay(3): Delayed 3 second(s)

2023-07-11 12:29:27 - [MESSAGE][PASSED] - Delayed 3 second(s)

2023-07-11 12:29:27 - [MESSAGE][PASSED] - Call Test Case 'Test Cases/0InicioSesion' successfully

2023-07-11 12:29:27 - [TEST_STEP][PASSED] - click(findTestObject("DIGITURNO/1Principal/img_Configuracion(1)")): Object: 'Object Repository/DIGITURNO/1Principal/img_Configuracion(1)' is clicked on

2023-07-11 12:29:28 - [MESSAGE][PASSED] - Object: 'Object Repository/DIGITURNO/1Principal/img_Configuracion(1)' is clicked on

2023-07-11 12:29:28 - [TEST_STEP][PASSED] - delay(3): Delayed 3 second(s)

2023-07-11 12:29:31 - [MESSAGE][PASSED] - Delayed 3 second(s)

2023-07-11 12:29:31 - [TEST_STEP][PASSED] - click(findTestObject("DIGITURNO/CONFIGURACION/0Principal/img_4Usuarios")): Object: 'Object Repository/DIGITURNO/CONFIGURACION/0Principal/img_4Usuarios' is clicked on

2023-07-11 12:29:31 - [MESSAGE][PASSED] - Object: 'Object Repository/DIGITURNO/CONFIGURACION/0Principal/img_4Usuarios' is clicked on

2023-07-11 12:29:31 - [TEST_STEP][PASSED] - delay(3): Delayed 3 second(s)

2023-07-11 12:29:34 - [MESSAGE][PASSED] - Delayed 3 second(s)

2023-07-11 12:29:34 - [TEST_STEP][PASSED] - takeFullPageScreenshot(STOP_ON_FAILURE): Taking screenshot successfully

2023-07-11 12:29:35 - [MESSAGE][INFO] - 0 hidden object(s)

2023-07-11 12:29:35 - [MESSAGE][PASSED] - Taking screenshot successfully
[[ATTACHMENT|C:\\CIEL INGENIERIA\\Katalon\\Digiturno55\\Reports\\20230711_113602\\DIGITURNO\\BASICO\\70 Usuarios por perfil\\20230711_113709\\1689096574676.png]]

2023-07-11 12:29:35 - [TEST_STEP][PASSED] - delay(3): Delayed 3 second(s)

2023-07-11 12:29:38 - [MESSAGE][PASSED] - Delayed 3 second(s)

2023-07-11 12:29:38 - [MESSAGE][PASSED] - Call Test Case 'Test Cases/DIGITURNO/BASICO/5 Usuarios' successfully

2023-07-11 12:29:38 - [TEST_STEP][PASSED] - click(findTestObject("DIGITURNO/CONFIGURACION/4Usuarios/0Principal/img_6Usuario por Perfil")): Object: 'Object Repository/DIGITURNO/CONFIGURACION/4Usuarios/0Principal/img_6Usuario por Perfil' is clicked on

2023-07-11 12:29:38 - [MESSAGE][PASSED] - Object: 'Object Repository/DIGITURNO/CONFIGURACION/4Usuarios/0Principal/img_6Usuario por Perfil' is clicked on

2023-07-11 12:29:38 - [TEST_STEP][PASSED] - delay(3): Delayed 3 second(s)

2023-07-11 12:29:41 - [MESSAGE][PASSED] - Delayed 3 second(s)

2023-07-11 12:29:41 - [TEST_STEP][PASSED] - selectOptionByIndex(findTestObject("DIGITURNO/CONFIGURACION/4Usuarios/6Usuario por perfil/select_Perfiles"), 1): All options with index in [1] are selected on object 'Object Repository/DIGITURNO/CONFIGURACION/4Usuarios/6Usuario por perfil/select_Perfiles'

2023-07-11 12:29:43 - [MESSAGE][PASSED] - All options with index in [1] are selected on object 'Object Repository/DIGITURNO/CONFIGURACION/4Usuarios/6Usuario por perfil/select_Perfiles'

2023-07-11 12:29:43 - [TEST_STEP][PASSED] - delay(3): Delayed 3 second(s)

2023-07-11 12:29:46 - [MESSAGE][PASSED] - Delayed 3 second(s)

2023-07-11 12:29:46 - [TEST_STEP][PASSED] - takeFullPageScreenshot(): Taking screenshot successfully

2023-07-11 12:29:46 - [MESSAGE][INFO] - 0 hidden object(s)

2023-07-11 12:29:46 - [MESSAGE][PASSED] - Taking screenshot successfully
[[ATTACHMENT|C:\\CIEL INGENIERIA\\Katalon\\Digiturno55\\Reports\\20230711_113602\\DIGITURNO\\BASICO\\70 Usuarios por perfil\\20230711_113709\\1689096586191.png]]

2023-07-11 12:29:46 - [TEST_STEP][PASSED] - delay(3): Delayed 3 second(s)

2023-07-11 12:29:49 - [MESSAGE][PASSED] - Delayed 3 second(s)

2023-07-11 12:29:49 - [TEST_STEP][PASSED] - selectOptionByIndex(findTestObject("DIGITURNO/CONFIGURACION/4Usuarios/6Usuario por perfil/select_Perfiles"), 0): All options with index in [0] are selected on object 'Object Repository/DIGITURNO/CONFIGURACION/4Usuarios/6Usuario por perfil/select_Perfiles'

2023-07-11 12:29:50 - [MESSAGE][PASSED] - All options with index in [0] are selected on object 'Object Repository/DIGITURNO/CONFIGURACION/4Usuarios/6Usuario por perfil/select_Perfiles'

2023-07-11 12:29:50 - [TEST_STEP][PASSED] - delay(3): Delayed 3 second(s)

2023-07-11 12:29:53 - [MESSAGE][PASSED] - Delayed 3 second(s)

2023-07-11 12:29:53 - [TEST_STEP][PASSED] - takeFullPageScreenshot(): Taking screenshot successfully

2023-07-11 12:29:54 - [MESSAGE][INFO] - 0 hidden object(s)

2023-07-11 12:29:54 - [MESSAGE][PASSED] - Taking screenshot successfully
[[ATTACHMENT|C:\\CIEL INGENIERIA\\Katalon\\Digiturno55\\Reports\\20230711_113602\\DIGITURNO\\BASICO\\70 Usuarios por perfil\\20230711_113709\\1689096593897.png]]

2023-07-11 12:29:54 - [TEST_STEP][PASSED] - delay(3): Delayed 3 second(s)

2023-07-11 12:29:57 - [MESSAGE][PASSED] - Delayed 3 second(s)

2023-07-11 12:29:57 - [TEST_STEP][PASSED] - Start listener action : sampleAfterTestCase: null]]></system-out>
         <system-err><![CDATA[]]></system-err>
      </testcase>
      <system-out><![CDATA[2023-07-11 12:29:15 - [TEST_SUITE][PASSED] - 70 Usuarios por perfil: Test Cases/DIGITURNO/BASICO/70 Usuario por perfil]]></system-out>
      <system-err><![CDATA[]]></system-err>
   </testsuite>
</testsuites>
