<?xml version="1.0" encoding="UTF-8"?>
<testsuites name="42 Prioridades Crear Eliminar" time="86.052" tests="2" failures="0" errors="0">
   <testsuite name="42 Prioridades Crear Eliminar" tests="2" failures="0" errors="0" time="86.052" skipped="0" timestamp="2023-07-11 12:11:12" hostname="jdavila - PCPruebas101.ciel.cielingenieria.com" id="Test Suites/DIGITURNO/BASICO/42 Prioridades Crear Eliminar">
      <properties>
         <property name="deviceName" value=""/>
         <property name="devicePlatform" value=""/>
         <property name="logFolder" value="C:\\CIEL INGENIERIA\\Katalon\\Digiturno55\\Reports\\20230711_113602\\DIGITURNO\\BASICO\\42 Prioridades Crear Eliminar\\20230711_113647"/>
         <property name="logFiles" value="C:\\CIEL INGENIERIA\\Katalon\\Digiturno55\\Reports\\20230711_113602\\DIGITURNO\\BASICO\\42 Prioridades Crear Eliminar\\20230711_113647\\execution0.log"/>
         <property name="attachments" value="C:\\CIEL INGENIERIA\\Katalon\\Digiturno55\\Reports\\20230711_113602\\DIGITURNO\\BASICO\\42 Prioridades Crear Eliminar\\20230711_113647\\1689095488536.png, C:\\CIEL INGENIERIA\\Katalon\\Digiturno55\\Reports\\20230711_113602\\DIGITURNO\\BASICO\\42 Prioridades Crear Eliminar\\20230711_113647\\1689095495741.png, C:\\CIEL INGENIERIA\\Katalon\\Digiturno55\\Reports\\20230711_113602\\DIGITURNO\\BASICO\\42 Prioridades Crear Eliminar\\20230711_113647\\1689095512020.png, C:\\CIEL INGENIERIA\\Katalon\\Digiturno55\\Reports\\20230711_113602\\DIGITURNO\\BASICO\\42 Prioridades Crear Eliminar\\20230711_113647\\1689095530033.png, C:\\CIEL INGENIERIA\\Katalon\\Digiturno55\\Reports\\20230711_113602\\DIGITURNO\\BASICO\\42 Prioridades Crear Eliminar\\20230711_113647\\1689095537132.png, C:\\CIEL INGENIERIA\\Katalon\\Digiturno55\\Reports\\20230711_113602\\DIGITURNO\\BASICO\\42 Prioridades Crear Eliminar\\20230711_113647\\1689095555234.png"/>
         <property name="hostName" value="jdavila - PCPruebas101.ciel.cielingenieria.com"/>
         <property name="os" value="Windows 10 64bit"/>
         <property name="katalonVersion" value="8.6.0.208"/>
         <property name="browser" value="Chrome 114.0.0.0"/>
         <property name="hostAddress" value="192.168.0.33"/>
         <property name="sessionId" value="24e278ae515be2b63f3066731bb2571c"/>
         <property name="seleniumVersion" value="3.141.59"/>
         <property name="proxyInformation" value="ProxyInformation { proxyOption=NO_PROXY, proxyServerType=HTTP, username=, password=********, proxyServerAddress=, proxyServerPort=0, executionList=&quot;&quot;, isApplyToDesiredCapabilities=true }"/>
         <property name="platform" value="Windows 10"/>
      </properties>
      <testcase name="Test Cases/DIGITURNO/BASICO/42 Prioridades Crear" time="42.576" classname="Test Cases/DIGITURNO/BASICO/42 Prioridades Crear" status="PASSED">
         <system-out><![CDATA[2023-07-11 12:11:12 - [TEST_CASE][PASSED] - Test Cases/DIGITURNO/BASICO/42 Prioridades Crear: Test Cases/DIGITURNO/BASICO/42 Prioridades Crear

2023-07-11 12:11:13 - [TEST_STEP][PASSED] - callTestCase(findTestCase("DIGITURNO/BASICO/39 Modelo de atencion"), [:], STOP_ON_FAILURE): Call Test Case 'Test Cases/DIGITURNO/BASICO/39 Modelo de atencion' successfully

2023-07-11 12:11:13 - [TEST_CASE][PASSED] - Test Cases/DIGITURNO/BASICO/39 Modelo de atencion: Test Cases/DIGITURNO/BASICO/39 Modelo de atencion

2023-07-11 12:11:13 - [TEST_STEP][PASSED] - callTestCase(findTestCase("DIGITURNO/BASICO/3 Configuracion"), [:], STOP_ON_FAILURE): Call Test Case 'Test Cases/DIGITURNO/BASICO/3 Configuracion' successfully

2023-07-11 12:11:13 - [TEST_CASE][PASSED] - Test Cases/DIGITURNO/BASICO/3 Configuracion: Test Cases/DIGITURNO/BASICO/3 Configuracion

2023-07-11 12:11:13 - [TEST_STEP][PASSED] - callTestCase(findTestCase("0InicioSesion"), [:], STOP_ON_FAILURE): Call Test Case 'Test Cases/0InicioSesion' successfully

2023-07-11 12:11:14 - [TEST_CASE][PASSED] - Test Cases/0InicioSesion: Test Cases/0InicioSesion

2023-07-11 12:11:14 - [TEST_STEP][PASSED] - openBrowser(UrlDigiturno): Browser is opened with url: 'https://PCPruebas101.ciel.cielingenieria.com:8810'

2023-07-11 12:11:14 - [MESSAGE][INFO] - Starting 'Chrome' driver

2023-07-11 12:11:14 - [MESSAGE][INFO] - User set preference: ['args', '[--use-fake-ui-for-media-stream, --disable-notifications]']

2023-07-11 12:11:14 - [MESSAGE][INFO] - Action delay is set to 0 milliseconds

2023-07-11 12:11:16 - [MESSAGE][PASSED] - Browser is opened with url: 'https://PCPruebas101.ciel.cielingenieria.com:8810'

2023-07-11 12:11:16 - [TEST_STEP][PASSED] - maximizeWindow(): Current window maximized

2023-07-11 12:11:16 - [MESSAGE][PASSED] - Current window maximized

2023-07-11 12:11:16 - [TEST_STEP][PASSED] - delay(3): Delayed 3 second(s)

2023-07-11 12:11:19 - [MESSAGE][PASSED] - Delayed 3 second(s)

2023-07-11 12:11:19 - [TEST_STEP][PASSED] - setText(findTestObject("0Inicio Sesion/input_Usuario"), "Ciel"): Text 'Ciel' is set on object 'Object Repository/0Inicio Sesion/input_Usuario'

2023-07-11 12:11:20 - [MESSAGE][PASSED] - Text 'Ciel' is set on object 'Object Repository/0Inicio Sesion/input_Usuario'

2023-07-11 12:11:20 - [TEST_STEP][PASSED] - setText(findTestObject("0Inicio Sesion/input_Clave"), "digiturno"): Text 'digiturno' is set on object 'Object Repository/0Inicio Sesion/input_Clave'

2023-07-11 12:11:21 - [MESSAGE][PASSED] - Text 'digiturno' is set on object 'Object Repository/0Inicio Sesion/input_Clave'

2023-07-11 12:11:21 - [TEST_STEP][PASSED] - click(findTestObject("0Inicio Sesion/btn_IniciarSesion")): Object: 'Object Repository/0Inicio Sesion/btn_IniciarSesion' is clicked on

2023-07-11 12:11:21 - [MESSAGE][PASSED] - Object: 'Object Repository/0Inicio Sesion/btn_IniciarSesion' is clicked on

2023-07-11 12:11:21 - [TEST_STEP][PASSED] - delay(3): Delayed 3 second(s)

2023-07-11 12:11:24 - [MESSAGE][PASSED] - Delayed 3 second(s)

2023-07-11 12:11:24 - [MESSAGE][PASSED] - Call Test Case 'Test Cases/0InicioSesion' successfully

2023-07-11 12:11:24 - [TEST_STEP][PASSED] - click(findTestObject("DIGITURNO/1Principal/img_Configuracion(1)")): Object: 'Object Repository/DIGITURNO/1Principal/img_Configuracion(1)' is clicked on

2023-07-11 12:11:25 - [MESSAGE][PASSED] - Object: 'Object Repository/DIGITURNO/1Principal/img_Configuracion(1)' is clicked on

2023-07-11 12:11:25 - [TEST_STEP][PASSED] - delay(3): Delayed 3 second(s)

2023-07-11 12:11:28 - [MESSAGE][PASSED] - Delayed 3 second(s)

2023-07-11 12:11:28 - [TEST_STEP][PASSED] - takeFullPageScreenshot(): Taking screenshot successfully

2023-07-11 12:11:29 - [MESSAGE][INFO] - 0 hidden object(s)

2023-07-11 12:11:29 - [MESSAGE][PASSED] - Taking screenshot successfully
[[ATTACHMENT|C:\\CIEL INGENIERIA\\Katalon\\Digiturno55\\Reports\\20230711_113602\\DIGITURNO\\BASICO\\42 Prioridades Crear Eliminar\\20230711_113647\\1689095488536.png]]

2023-07-11 12:11:29 - [TEST_STEP][PASSED] - delay(3): Delayed 3 second(s)

2023-07-11 12:11:32 - [MESSAGE][PASSED] - Delayed 3 second(s)

2023-07-11 12:11:32 - [MESSAGE][PASSED] - Call Test Case 'Test Cases/DIGITURNO/BASICO/3 Configuracion' successfully

2023-07-11 12:11:32 - [TEST_STEP][PASSED] - click(findTestObject("DIGITURNO/CONFIGURACION/0Principal/img_1Modelo de atencion")): Object: 'Object Repository/DIGITURNO/CONFIGURACION/0Principal/img_1Modelo de atencion' is clicked on

2023-07-11 12:11:32 - [MESSAGE][PASSED] - Object: 'Object Repository/DIGITURNO/CONFIGURACION/0Principal/img_1Modelo de atencion' is clicked on

2023-07-11 12:11:32 - [TEST_STEP][PASSED] - delay(3): Delayed 3 second(s)

2023-07-11 12:11:35 - [MESSAGE][PASSED] - Delayed 3 second(s)

2023-07-11 12:11:35 - [TEST_STEP][PASSED] - takeFullPageScreenshot(): Taking screenshot successfully

2023-07-11 12:11:36 - [MESSAGE][INFO] - 0 hidden object(s)

2023-07-11 12:11:36 - [MESSAGE][PASSED] - Taking screenshot successfully
[[ATTACHMENT|C:\\CIEL INGENIERIA\\Katalon\\Digiturno55\\Reports\\20230711_113602\\DIGITURNO\\BASICO\\42 Prioridades Crear Eliminar\\20230711_113647\\1689095495741.png]]

2023-07-11 12:11:36 - [TEST_STEP][PASSED] - delay(3): Delayed 3 second(s)

2023-07-11 12:11:39 - [MESSAGE][PASSED] - Delayed 3 second(s)

2023-07-11 12:11:39 - [MESSAGE][PASSED] - Call Test Case 'Test Cases/DIGITURNO/BASICO/39 Modelo de atencion' successfully

2023-07-11 12:11:39 - [TEST_STEP][PASSED] - click(findTestObject("DIGITURNO/CONFIGURACION/1Modelo de Atencion/0Principal/img_3Prioridades")): Object: 'Object Repository/DIGITURNO/CONFIGURACION/1Modelo de Atencion/0Principal/img_3Prioridades' is clicked on

2023-07-11 12:11:40 - [MESSAGE][PASSED] - Object: 'Object Repository/DIGITURNO/CONFIGURACION/1Modelo de Atencion/0Principal/img_3Prioridades' is clicked on

2023-07-11 12:11:40 - [TEST_STEP][PASSED] - delay(3): Delayed 3 second(s)

2023-07-11 12:11:43 - [MESSAGE][PASSED] - Delayed 3 second(s)

2023-07-11 12:11:43 - [TEST_STEP][PASSED] - click(findTestObject("DIGITURNO/CONFIGURACION/1Modelo de Atencion/3Prioridades/Prioridad por sala por jornada/a_selectOficina (click)")): Object: 'Object Repository/DIGITURNO/CONFIGURACION/1Modelo de Atencion/3Prioridades/Prioridad por sala por jornada/a_selectOficina (click)' is clicked on

2023-07-11 12:11:43 - [MESSAGE][PASSED] - Object: 'Object Repository/DIGITURNO/CONFIGURACION/1Modelo de Atencion/3Prioridades/Prioridad por sala por jornada/a_selectOficina (click)' is clicked on

2023-07-11 12:11:43 - [TEST_STEP][PASSED] - delay(2): Delayed 2 second(s)

2023-07-11 12:11:45 - [MESSAGE][PASSED] - Delayed 2 second(s)

2023-07-11 12:11:45 - [TEST_STEP][PASSED] - click(findTestObject("DIGITURNO/CONFIGURACION/1Modelo de Atencion/3Prioridades/Prioridad por sala por jornada/li_1Bogota - CIEL")): Object: 'Object Repository/DIGITURNO/CONFIGURACION/1Modelo de Atencion/3Prioridades/Prioridad por sala por jornada/li_1Bogota - CIEL' is clicked on

2023-07-11 12:11:46 - [MESSAGE][PASSED] - Object: 'Object Repository/DIGITURNO/CONFIGURACION/1Modelo de Atencion/3Prioridades/Prioridad por sala por jornada/li_1Bogota - CIEL' is clicked on

2023-07-11 12:11:46 - [TEST_STEP][PASSED] - delay(2): Delayed 2 second(s)

2023-07-11 12:11:48 - [MESSAGE][PASSED] - Delayed 2 second(s)

2023-07-11 12:11:48 - [TEST_STEP][PASSED] - click(findTestObject("DIGITURNO/CONFIGURACION/1Modelo de Atencion/3Prioridades/Prioridad por sala por jornada/img_Actualizar")): Object: 'Object Repository/DIGITURNO/CONFIGURACION/1Modelo de Atencion/3Prioridades/Prioridad por sala por jornada/img_Actualizar' is clicked on

2023-07-11 12:11:48 - [MESSAGE][PASSED] - Object: 'Object Repository/DIGITURNO/CONFIGURACION/1Modelo de Atencion/3Prioridades/Prioridad por sala por jornada/img_Actualizar' is clicked on

2023-07-11 12:11:48 - [TEST_STEP][PASSED] - click(findTestObject("DIGITURNO/CONFIGURACION/1Modelo de Atencion/3Prioridades/Prioridad por sala por jornada/img_Actualizar")): Object: 'Object Repository/DIGITURNO/CONFIGURACION/1Modelo de Atencion/3Prioridades/Prioridad por sala por jornada/img_Actualizar' is clicked on

2023-07-11 12:11:48 - [MESSAGE][PASSED] - Object: 'Object Repository/DIGITURNO/CONFIGURACION/1Modelo de Atencion/3Prioridades/Prioridad por sala por jornada/img_Actualizar' is clicked on

2023-07-11 12:11:48 - [TEST_STEP][PASSED] - acceptAlert(): Alert accepted

2023-07-11 12:11:49 - [MESSAGE][PASSED] - Alert accepted

2023-07-11 12:11:49 - [TEST_STEP][PASSED] - delay(3): Delayed 3 second(s)

2023-07-11 12:11:52 - [MESSAGE][PASSED] - Delayed 3 second(s)

2023-07-11 12:11:52 - [TEST_STEP][PASSED] - takeFullPageScreenshot(): Taking screenshot successfully

2023-07-11 12:11:52 - [MESSAGE][INFO] - 0 hidden object(s)

2023-07-11 12:11:52 - [MESSAGE][PASSED] - Taking screenshot successfully
[[ATTACHMENT|C:\\CIEL INGENIERIA\\Katalon\\Digiturno55\\Reports\\20230711_113602\\DIGITURNO\\BASICO\\42 Prioridades Crear Eliminar\\20230711_113647\\1689095512020.png]]

2023-07-11 12:11:52 - [TEST_STEP][PASSED] - delay(3): Delayed 3 second(s)

2023-07-11 12:11:55 - [MESSAGE][PASSED] - Delayed 3 second(s)

2023-07-11 12:11:55 - [TEST_STEP][PASSED] - Start listener action : sampleAfterTestCase: null]]></system-out>
         <system-err><![CDATA[]]></system-err>
      </testcase>
      <testcase name="Test Cases/DIGITURNO/BASICO/42 Prioridades Eliminar" time="43.242" classname="Test Cases/DIGITURNO/BASICO/42 Prioridades Eliminar" status="PASSED">
         <system-out><![CDATA[2023-07-11 12:11:55 - [TEST_CASE][PASSED] - Test Cases/DIGITURNO/BASICO/42 Prioridades Eliminar: Test Cases/DIGITURNO/BASICO/42 Prioridades Eliminar

2023-07-11 12:11:55 - [TEST_STEP][PASSED] - callTestCase(findTestCase("DIGITURNO/BASICO/39 Modelo de atencion"), [:], STOP_ON_FAILURE): Call Test Case 'Test Cases/DIGITURNO/BASICO/39 Modelo de atencion' successfully

2023-07-11 12:11:55 - [TEST_CASE][PASSED] - Test Cases/DIGITURNO/BASICO/39 Modelo de atencion: Test Cases/DIGITURNO/BASICO/39 Modelo de atencion

2023-07-11 12:11:55 - [TEST_STEP][PASSED] - callTestCase(findTestCase("DIGITURNO/BASICO/3 Configuracion"), [:], STOP_ON_FAILURE): Call Test Case 'Test Cases/DIGITURNO/BASICO/3 Configuracion' successfully

2023-07-11 12:11:55 - [TEST_CASE][PASSED] - Test Cases/DIGITURNO/BASICO/3 Configuracion: Test Cases/DIGITURNO/BASICO/3 Configuracion

2023-07-11 12:11:55 - [TEST_STEP][PASSED] - callTestCase(findTestCase("0InicioSesion"), [:], STOP_ON_FAILURE): Call Test Case 'Test Cases/0InicioSesion' successfully

2023-07-11 12:11:56 - [TEST_CASE][PASSED] - Test Cases/0InicioSesion: Test Cases/0InicioSesion

2023-07-11 12:11:56 - [TEST_STEP][PASSED] - openBrowser(UrlDigiturno): Browser is opened with url: 'https://PCPruebas101.ciel.cielingenieria.com:8810'

2023-07-11 12:11:56 - [MESSAGE][WARNING] - A browser is already opened. Closing browser and opening a new one

2023-07-11 12:11:56 - [MESSAGE][INFO] - Starting 'Chrome' driver

2023-07-11 12:11:56 - [MESSAGE][INFO] - User set preference: ['args', '[--use-fake-ui-for-media-stream, --disable-notifications]']

2023-07-11 12:11:56 - [MESSAGE][INFO] - Action delay is set to 0 milliseconds

2023-07-11 12:11:58 - [MESSAGE][PASSED] - Browser is opened with url: 'https://PCPruebas101.ciel.cielingenieria.com:8810'

2023-07-11 12:11:58 - [TEST_STEP][PASSED] - maximizeWindow(): Current window maximized

2023-07-11 12:11:58 - [MESSAGE][PASSED] - Current window maximized

2023-07-11 12:11:58 - [TEST_STEP][PASSED] - delay(3): Delayed 3 second(s)

2023-07-11 12:12:01 - [MESSAGE][PASSED] - Delayed 3 second(s)

2023-07-11 12:12:01 - [TEST_STEP][PASSED] - setText(findTestObject("0Inicio Sesion/input_Usuario"), "Ciel"): Text 'Ciel' is set on object 'Object Repository/0Inicio Sesion/input_Usuario'

2023-07-11 12:12:02 - [MESSAGE][PASSED] - Text 'Ciel' is set on object 'Object Repository/0Inicio Sesion/input_Usuario'

2023-07-11 12:12:02 - [TEST_STEP][PASSED] - setText(findTestObject("0Inicio Sesion/input_Clave"), "digiturno"): Text 'digiturno' is set on object 'Object Repository/0Inicio Sesion/input_Clave'

2023-07-11 12:12:02 - [MESSAGE][PASSED] - Text 'digiturno' is set on object 'Object Repository/0Inicio Sesion/input_Clave'

2023-07-11 12:12:02 - [TEST_STEP][PASSED] - click(findTestObject("0Inicio Sesion/btn_IniciarSesion")): Object: 'Object Repository/0Inicio Sesion/btn_IniciarSesion' is clicked on

2023-07-11 12:12:03 - [MESSAGE][PASSED] - Object: 'Object Repository/0Inicio Sesion/btn_IniciarSesion' is clicked on

2023-07-11 12:12:03 - [TEST_STEP][PASSED] - delay(3): Delayed 3 second(s)

2023-07-11 12:12:06 - [MESSAGE][PASSED] - Delayed 3 second(s)

2023-07-11 12:12:06 - [MESSAGE][PASSED] - Call Test Case 'Test Cases/0InicioSesion' successfully

2023-07-11 12:12:06 - [TEST_STEP][PASSED] - click(findTestObject("DIGITURNO/1Principal/img_Configuracion(1)")): Object: 'Object Repository/DIGITURNO/1Principal/img_Configuracion(1)' is clicked on

2023-07-11 12:12:07 - [MESSAGE][PASSED] - Object: 'Object Repository/DIGITURNO/1Principal/img_Configuracion(1)' is clicked on

2023-07-11 12:12:07 - [TEST_STEP][PASSED] - delay(3): Delayed 3 second(s)

2023-07-11 12:12:10 - [MESSAGE][PASSED] - Delayed 3 second(s)

2023-07-11 12:12:10 - [TEST_STEP][PASSED] - takeFullPageScreenshot(): Taking screenshot successfully

2023-07-11 12:12:10 - [MESSAGE][INFO] - 0 hidden object(s)

2023-07-11 12:12:10 - [MESSAGE][PASSED] - Taking screenshot successfully
[[ATTACHMENT|C:\\CIEL INGENIERIA\\Katalon\\Digiturno55\\Reports\\20230711_113602\\DIGITURNO\\BASICO\\42 Prioridades Crear Eliminar\\20230711_113647\\1689095530033.png]]

2023-07-11 12:12:10 - [TEST_STEP][PASSED] - delay(3): Delayed 3 second(s)

2023-07-11 12:12:13 - [MESSAGE][PASSED] - Delayed 3 second(s)

2023-07-11 12:12:13 - [MESSAGE][PASSED] - Call Test Case 'Test Cases/DIGITURNO/BASICO/3 Configuracion' successfully

2023-07-11 12:12:13 - [TEST_STEP][PASSED] - click(findTestObject("DIGITURNO/CONFIGURACION/0Principal/img_1Modelo de atencion")): Object: 'Object Repository/DIGITURNO/CONFIGURACION/0Principal/img_1Modelo de atencion' is clicked on

2023-07-11 12:12:14 - [MESSAGE][PASSED] - Object: 'Object Repository/DIGITURNO/CONFIGURACION/0Principal/img_1Modelo de atencion' is clicked on

2023-07-11 12:12:14 - [TEST_STEP][PASSED] - delay(3): Delayed 3 second(s)

2023-07-11 12:12:17 - [MESSAGE][PASSED] - Delayed 3 second(s)

2023-07-11 12:12:17 - [TEST_STEP][PASSED] - takeFullPageScreenshot(): Taking screenshot successfully

2023-07-11 12:12:17 - [MESSAGE][INFO] - 0 hidden object(s)

2023-07-11 12:12:17 - [MESSAGE][PASSED] - Taking screenshot successfully
[[ATTACHMENT|C:\\CIEL INGENIERIA\\Katalon\\Digiturno55\\Reports\\20230711_113602\\DIGITURNO\\BASICO\\42 Prioridades Crear Eliminar\\20230711_113647\\1689095537132.png]]

2023-07-11 12:12:17 - [TEST_STEP][PASSED] - delay(3): Delayed 3 second(s)

2023-07-11 12:12:20 - [MESSAGE][PASSED] - Delayed 3 second(s)

2023-07-11 12:12:20 - [MESSAGE][PASSED] - Call Test Case 'Test Cases/DIGITURNO/BASICO/39 Modelo de atencion' successfully

2023-07-11 12:12:20 - [TEST_STEP][PASSED] - click(findTestObject("DIGITURNO/CONFIGURACION/1Modelo de Atencion/0Principal/img_3Prioridades")): Object: 'Object Repository/DIGITURNO/CONFIGURACION/1Modelo de Atencion/0Principal/img_3Prioridades' is clicked on

2023-07-11 12:12:21 - [MESSAGE][PASSED] - Object: 'Object Repository/DIGITURNO/CONFIGURACION/1Modelo de Atencion/0Principal/img_3Prioridades' is clicked on

2023-07-11 12:12:21 - [TEST_STEP][PASSED] - delay(3): Delayed 3 second(s)

2023-07-11 12:12:24 - [MESSAGE][PASSED] - Delayed 3 second(s)

2023-07-11 12:12:24 - [TEST_STEP][PASSED] - click(findTestObject("DIGITURNO/CONFIGURACION/1Modelo de Atencion/3Prioridades/Prioridad por sala por jornada/a_selectOficina (click)")): Object: 'Object Repository/DIGITURNO/CONFIGURACION/1Modelo de Atencion/3Prioridades/Prioridad por sala por jornada/a_selectOficina (click)' is clicked on

2023-07-11 12:12:24 - [MESSAGE][PASSED] - Object: 'Object Repository/DIGITURNO/CONFIGURACION/1Modelo de Atencion/3Prioridades/Prioridad por sala por jornada/a_selectOficina (click)' is clicked on

2023-07-11 12:12:24 - [TEST_STEP][PASSED] - delay(2): Delayed 2 second(s)

2023-07-11 12:12:26 - [MESSAGE][PASSED] - Delayed 2 second(s)

2023-07-11 12:12:26 - [TEST_STEP][PASSED] - click(findTestObject("DIGITURNO/CONFIGURACION/1Modelo de Atencion/3Prioridades/Prioridad por sala por jornada/li_1Bogota - CIEL")): Object: 'Object Repository/DIGITURNO/CONFIGURACION/1Modelo de Atencion/3Prioridades/Prioridad por sala por jornada/li_1Bogota - CIEL' is clicked on

2023-07-11 12:12:27 - [MESSAGE][PASSED] - Object: 'Object Repository/DIGITURNO/CONFIGURACION/1Modelo de Atencion/3Prioridades/Prioridad por sala por jornada/li_1Bogota - CIEL' is clicked on

2023-07-11 12:12:27 - [TEST_STEP][PASSED] - delay(2): Delayed 2 second(s)

2023-07-11 12:12:29 - [MESSAGE][PASSED] - Delayed 2 second(s)

2023-07-11 12:12:29 - [TEST_STEP][PASSED] - click(findTestObject("DIGITURNO/CONFIGURACION/1Modelo de Atencion/3Prioridades/Prioridad por sala por jornada/Jornadas/td_1 Bogota - CIEL Jornada 1 Ter 1")): Object: 'Object Repository/DIGITURNO/CONFIGURACION/1Modelo de Atencion/3Prioridades/Prioridad por sala por jornada/Jornadas/td_1 Bogota - CIEL Jornada 1 Ter 1' is clicked on

2023-07-11 12:12:29 - [MESSAGE][PASSED] - Object: 'Object Repository/DIGITURNO/CONFIGURACION/1Modelo de Atencion/3Prioridades/Prioridad por sala por jornada/Jornadas/td_1 Bogota - CIEL Jornada 1 Ter 1' is clicked on

2023-07-11 12:12:29 - [TEST_STEP][PASSED] - delay(2): Delayed 2 second(s)

2023-07-11 12:12:31 - [MESSAGE][PASSED] - Delayed 2 second(s)

2023-07-11 12:12:31 - [TEST_STEP][PASSED] - click(findTestObject("DIGITURNO/CONFIGURACION/1Modelo de Atencion/3Prioridades/Prioridad por sala por jornada/img_Eliminar")): Object: 'Object Repository/DIGITURNO/CONFIGURACION/1Modelo de Atencion/3Prioridades/Prioridad por sala por jornada/img_Eliminar' is clicked on

2023-07-11 12:12:32 - [MESSAGE][PASSED] - Object: 'Object Repository/DIGITURNO/CONFIGURACION/1Modelo de Atencion/3Prioridades/Prioridad por sala por jornada/img_Eliminar' is clicked on

2023-07-11 12:12:32 - [TEST_STEP][PASSED] - click(findTestObject("DIGITURNO/CONFIGURACION/1Modelo de Atencion/3Prioridades/Prioridad por sala por jornada/img_Eliminar")): Object: 'Object Repository/DIGITURNO/CONFIGURACION/1Modelo de Atencion/3Prioridades/Prioridad por sala por jornada/img_Eliminar' is clicked on

2023-07-11 12:12:32 - [MESSAGE][PASSED] - Object: 'Object Repository/DIGITURNO/CONFIGURACION/1Modelo de Atencion/3Prioridades/Prioridad por sala por jornada/img_Eliminar' is clicked on

2023-07-11 12:12:32 - [TEST_STEP][PASSED] - acceptAlert(): Alert accepted

2023-07-11 12:12:32 - [MESSAGE][PASSED] - Alert accepted

2023-07-11 12:12:32 - [TEST_STEP][PASSED] - delay(3): Delayed 3 second(s)

2023-07-11 12:12:35 - [MESSAGE][PASSED] - Delayed 3 second(s)

2023-07-11 12:12:35 - [TEST_STEP][PASSED] - takeFullPageScreenshot(): Taking screenshot successfully

2023-07-11 12:12:35 - [MESSAGE][INFO] - 0 hidden object(s)

2023-07-11 12:12:35 - [MESSAGE][PASSED] - Taking screenshot successfully
[[ATTACHMENT|C:\\CIEL INGENIERIA\\Katalon\\Digiturno55\\Reports\\20230711_113602\\DIGITURNO\\BASICO\\42 Prioridades Crear Eliminar\\20230711_113647\\1689095555234.png]]

2023-07-11 12:12:35 - [TEST_STEP][PASSED] - delay(3): Delayed 3 second(s)

2023-07-11 12:12:38 - [MESSAGE][PASSED] - Delayed 3 second(s)

2023-07-11 12:12:38 - [TEST_STEP][PASSED] - Start listener action : sampleAfterTestCase: null]]></system-out>
         <system-err><![CDATA[]]></system-err>
      </testcase>
      <system-out><![CDATA[2023-07-11 12:11:12 - [TEST_SUITE][PASSED] - 42 Prioridades Crear Eliminar: Test Cases/DIGITURNO/BASICO/42 Prioridades Eliminar]]></system-out>
      <system-err><![CDATA[]]></system-err>
   </testsuite>
</testsuites>
