<?xml version="1.0" encoding="UTF-8"?>
<testsuites name="66 Motivos Crear Actualizar Eliminar" time="133.272" tests="3" failures="0" errors="0">
   <testsuite name="66 Motivos Crear Actualizar Eliminar" tests="3" failures="0" errors="0" time="133.272" skipped="0" timestamp="2024-04-08 09:57:07" hostname="jdavila - PCPruebas101.ciel.cielingenieria.com" id="Test Suites/DIGITURNO/BASICO/66 Motivos Crear Actualizar Eliminar">
      <properties>
         <property name="deviceName" value=""/>
         <property name="devicePlatform" value=""/>
         <property name="logFolder" value="C:\\CIEL INGENIERIA\\Katalon\\Digiturno55\\Reports\\20240408_090839\\DIGITURNO\\BASICO\\66 Motivos Crear Actualizar Eliminar\\20240408_090946"/>
         <property name="logFiles" value="C:\\CIEL INGENIERIA\\Katalon\\Digiturno55\\Reports\\20240408_090839\\DIGITURNO\\BASICO\\66 Motivos Crear Actualizar Eliminar\\20240408_090946\\execution0.log"/>
         <property name="attachments" value="C:\\CIEL INGENIERIA\\Katalon\\Digiturno55\\Reports\\20240408_090839\\DIGITURNO\\BASICO\\66 Motivos Crear Actualizar Eliminar\\20240408_090946\\1712588243408.png, C:\\CIEL INGENIERIA\\Katalon\\Digiturno55\\Reports\\20240408_090839\\DIGITURNO\\BASICO\\66 Motivos Crear Actualizar Eliminar\\20240408_090946\\1712588250773.png, C:\\CIEL INGENIERIA\\Katalon\\Digiturno55\\Reports\\20240408_090839\\DIGITURNO\\BASICO\\66 Motivos Crear Actualizar Eliminar\\20240408_090946\\1712588271769.png, C:\\CIEL INGENIERIA\\Katalon\\Digiturno55\\Reports\\20240408_090839\\DIGITURNO\\BASICO\\66 Motivos Crear Actualizar Eliminar\\20240408_090946\\1712588290183.png, C:\\CIEL INGENIERIA\\Katalon\\Digiturno55\\Reports\\20240408_090839\\DIGITURNO\\BASICO\\66 Motivos Crear Actualizar Eliminar\\20240408_090946\\1712588297382.png, C:\\CIEL INGENIERIA\\Katalon\\Digiturno55\\Reports\\20240408_090839\\DIGITURNO\\BASICO\\66 Motivos Crear Actualizar Eliminar\\20240408_090946\\1712588316152.png, C:\\CIEL INGENIERIA\\Katalon\\Digiturno55\\Reports\\20240408_090839\\DIGITURNO\\BASICO\\66 Motivos Crear Actualizar Eliminar\\20240408_090946\\1712588335008.png, C:\\CIEL INGENIERIA\\Katalon\\Digiturno55\\Reports\\20240408_090839\\DIGITURNO\\BASICO\\66 Motivos Crear Actualizar Eliminar\\20240408_090946\\1712588342262.png, C:\\CIEL INGENIERIA\\Katalon\\Digiturno55\\Reports\\20240408_090839\\DIGITURNO\\BASICO\\66 Motivos Crear Actualizar Eliminar\\20240408_090946\\1712588357009.png"/>
         <property name="hostName" value="jdavila - PCPruebas101.ciel.cielingenieria.com"/>
         <property name="os" value="Windows 10 64bit"/>
         <property name="katalonVersion" value="8.6.9.208"/>
         <property name="browser" value="Chrome 123.0.0.0"/>
         <property name="hostAddress" value="192.168.0.6"/>
         <property name="sessionId" value="5c0b5018acae49725367a104888b0195"/>
         <property name="seleniumVersion" value="3.141.59"/>
         <property name="proxyInformation" value="ProxyInformation { proxyOption=NO_PROXY, proxyServerType=HTTP, username=, password=********, proxyServerAddress=, proxyServerPort=0, executionList=&quot;&quot;, isApplyToDesiredCapabilities=true }"/>
         <property name="platform" value="Windows 10"/>
      </properties>
      <testcase name="Test Cases/DIGITURNO/BASICO/66 Motivos Crear" time="48.035" classname="Test Cases/DIGITURNO/BASICO/66 Motivos Crear" status="PASSED">
         <system-out><![CDATA[2024-04-08 09:57:07 - [TEST_CASE][PASSED] - Test Cases/DIGITURNO/BASICO/66 Motivos Crear: Test Cases/DIGITURNO/BASICO/66 Motivos Crear

2024-04-08 09:57:07 - [TEST_STEP][PASSED] - callTestCase(findTestCase("DIGITURNO/BASICO/32 Elementos del Sistema"), [:], STOP_ON_FAILURE): Call Test Case 'Test Cases/DIGITURNO/BASICO/32 Elementos del Sistema' successfully

2024-04-08 09:57:07 - [TEST_CASE][PASSED] - Test Cases/DIGITURNO/BASICO/32 Elementos del Sistema: Test Cases/DIGITURNO/BASICO/32 Elementos del Sistema

2024-04-08 09:57:08 - [TEST_STEP][PASSED] - callTestCase(findTestCase("DIGITURNO/BASICO/3 Configuracion"), [:], STOP_ON_FAILURE): Call Test Case 'Test Cases/DIGITURNO/BASICO/3 Configuracion' successfully

2024-04-08 09:57:08 - [TEST_CASE][PASSED] - Test Cases/DIGITURNO/BASICO/3 Configuracion: Test Cases/DIGITURNO/BASICO/3 Configuracion

2024-04-08 09:57:08 - [TEST_STEP][PASSED] - callTestCase(findTestCase("0InicioSesion"), [:], STOP_ON_FAILURE): Call Test Case 'Test Cases/0InicioSesion' successfully

2024-04-08 09:57:08 - [TEST_CASE][PASSED] - Test Cases/0InicioSesion: Test Cases/0InicioSesion

2024-04-08 09:57:08 - [TEST_STEP][PASSED] - openBrowser(UrlDigiturno): Browser is opened with url: 'https://PCPruebas101.ciel.cielingenieria.com:8910'

2024-04-08 09:57:09 - [MESSAGE][INFO] - Starting 'Chrome' driver

2024-04-08 09:57:09 - [MESSAGE][INFO] - User set preference: ['args', '[--use-fake-ui-for-media-stream, --disable-notifications]']

2024-04-08 09:57:09 - [MESSAGE][INFO] - Action delay is set to 0 milliseconds

2024-04-08 09:57:11 - [MESSAGE][PASSED] - Browser is opened with url: 'https://PCPruebas101.ciel.cielingenieria.com:8910'

2024-04-08 09:57:11 - [TEST_STEP][PASSED] - maximizeWindow(): Current window maximized

2024-04-08 09:57:11 - [MESSAGE][PASSED] - Current window maximized

2024-04-08 09:57:11 - [TEST_STEP][PASSED] - delay(3): Delayed 3 second(s)

2024-04-08 09:57:14 - [MESSAGE][PASSED] - Delayed 3 second(s)

2024-04-08 09:57:14 - [TEST_STEP][PASSED] - setText(findTestObject("0Inicio Sesion/input_Usuario"), "Ciel"): Text 'Ciel' is set on object 'Object Repository/0Inicio Sesion/input_Usuario'

2024-04-08 09:57:15 - [MESSAGE][PASSED] - Text 'Ciel' is set on object 'Object Repository/0Inicio Sesion/input_Usuario'

2024-04-08 09:57:15 - [TEST_STEP][PASSED] - setText(findTestObject("0Inicio Sesion/input_Clave"), "digiturno"): Text 'digiturno' is set on object 'Object Repository/0Inicio Sesion/input_Clave'

2024-04-08 09:57:16 - [MESSAGE][PASSED] - Text 'digiturno' is set on object 'Object Repository/0Inicio Sesion/input_Clave'

2024-04-08 09:57:16 - [TEST_STEP][PASSED] - click(findTestObject("0Inicio Sesion/btn_IniciarSesion")): Object: 'Object Repository/0Inicio Sesion/btn_IniciarSesion' is clicked on

2024-04-08 09:57:16 - [MESSAGE][PASSED] - Object: 'Object Repository/0Inicio Sesion/btn_IniciarSesion' is clicked on

2024-04-08 09:57:16 - [TEST_STEP][PASSED] - delay(3): Delayed 3 second(s)

2024-04-08 09:57:19 - [MESSAGE][PASSED] - Delayed 3 second(s)

2024-04-08 09:57:19 - [MESSAGE][PASSED] - Call Test Case 'Test Cases/0InicioSesion' successfully

2024-04-08 09:57:19 - [TEST_STEP][PASSED] - click(findTestObject("DIGITURNO/1Principal/img_Configuracion(1)")): Object: 'Object Repository/DIGITURNO/1Principal/img_Configuracion(1)' is clicked on

2024-04-08 09:57:20 - [MESSAGE][PASSED] - Object: 'Object Repository/DIGITURNO/1Principal/img_Configuracion(1)' is clicked on

2024-04-08 09:57:20 - [TEST_STEP][PASSED] - delay(3): Delayed 3 second(s)

2024-04-08 09:57:23 - [MESSAGE][PASSED] - Delayed 3 second(s)

2024-04-08 09:57:23 - [TEST_STEP][PASSED] - takeFullPageScreenshot(): Taking screenshot successfully

2024-04-08 09:57:23 - [MESSAGE][INFO] - 0 hidden object(s)

2024-04-08 09:57:24 - [MESSAGE][PASSED] - Taking screenshot successfully
[[ATTACHMENT|C:\\CIEL INGENIERIA\\Katalon\\Digiturno55\\Reports\\20240408_090839\\DIGITURNO\\BASICO\\66 Motivos Crear Actualizar Eliminar\\20240408_090946\\1712588243408.png]]

2024-04-08 09:57:24 - [TEST_STEP][PASSED] - delay(3): Delayed 3 second(s)

2024-04-08 09:57:27 - [MESSAGE][PASSED] - Delayed 3 second(s)

2024-04-08 09:57:27 - [MESSAGE][PASSED] - Call Test Case 'Test Cases/DIGITURNO/BASICO/3 Configuracion' successfully

2024-04-08 09:57:27 - [TEST_STEP][PASSED] - click(findTestObject("DIGITURNO/CONFIGURACION/0Principal/img_6Elementos del sistema")): Object: 'Object Repository/DIGITURNO/CONFIGURACION/0Principal/img_6Elementos del sistema' is clicked on

2024-04-08 09:57:27 - [MESSAGE][PASSED] - Object: 'Object Repository/DIGITURNO/CONFIGURACION/0Principal/img_6Elementos del sistema' is clicked on

2024-04-08 09:57:27 - [TEST_STEP][PASSED] - delay(3): Delayed 3 second(s)

2024-04-08 09:57:30 - [MESSAGE][PASSED] - Delayed 3 second(s)

2024-04-08 09:57:30 - [TEST_STEP][PASSED] - takeFullPageScreenshot(): Taking screenshot successfully

2024-04-08 09:57:31 - [MESSAGE][INFO] - 0 hidden object(s)

2024-04-08 09:57:31 - [MESSAGE][PASSED] - Taking screenshot successfully
[[ATTACHMENT|C:\\CIEL INGENIERIA\\Katalon\\Digiturno55\\Reports\\20240408_090839\\DIGITURNO\\BASICO\\66 Motivos Crear Actualizar Eliminar\\20240408_090946\\1712588250773.png]]

2024-04-08 09:57:31 - [TEST_STEP][PASSED] - delay(3): Delayed 3 second(s)

2024-04-08 09:57:34 - [MESSAGE][PASSED] - Delayed 3 second(s)

2024-04-08 09:57:34 - [MESSAGE][PASSED] - Call Test Case 'Test Cases/DIGITURNO/BASICO/32 Elementos del Sistema' successfully

2024-04-08 09:57:34 - [TEST_STEP][PASSED] - click(findTestObject("DIGITURNO/CONFIGURACION/6Elementos del Sistema/0Principal/img_2Motivos")): Object: 'Object Repository/DIGITURNO/CONFIGURACION/6Elementos del Sistema/0Principal/img_2Motivos' is clicked on

2024-04-08 09:57:35 - [MESSAGE][PASSED] - Object: 'Object Repository/DIGITURNO/CONFIGURACION/6Elementos del Sistema/0Principal/img_2Motivos' is clicked on

2024-04-08 09:57:35 - [TEST_STEP][PASSED] - delay(3): Delayed 3 second(s)

2024-04-08 09:57:38 - [MESSAGE][PASSED] - Delayed 3 second(s)

2024-04-08 09:57:38 - [TEST_STEP][PASSED] - click(findTestObject("DIGITURNO/CONFIGURACION/6Elementos del Sistema/2 Motivos/Edicion/span_Motivos")): Object: 'Object Repository/DIGITURNO/CONFIGURACION/6Elementos del Sistema/2 Motivos/Edicion/span_Motivos' is clicked on

2024-04-08 09:57:38 - [MESSAGE][PASSED] - Object: 'Object Repository/DIGITURNO/CONFIGURACION/6Elementos del Sistema/2 Motivos/Edicion/span_Motivos' is clicked on

2024-04-08 09:57:38 - [TEST_STEP][PASSED] - delay(2): Delayed 2 second(s)

2024-04-08 09:57:40 - [MESSAGE][PASSED] - Delayed 2 second(s)

2024-04-08 09:57:40 - [TEST_STEP][PASSED] - setText(findTestObject("DIGITURNO/CONFIGURACION/6Elementos del Sistema/2 Motivos/Edicion/span_Motivos(1)/input_Nombre"), "Prueba"): Text 'Prueba' is set on object 'Object Repository/DIGITURNO/CONFIGURACION/6Elementos del Sistema/2 Motivos/Edicion/span_Motivos(1)/input_Nombre'

2024-04-08 09:57:41 - [MESSAGE][PASSED] - Text 'Prueba' is set on object 'Object Repository/DIGITURNO/CONFIGURACION/6Elementos del Sistema/2 Motivos/Edicion/span_Motivos(1)/input_Nombre'

2024-04-08 09:57:41 - [TEST_STEP][PASSED] - setText(findTestObject("DIGITURNO/CONFIGURACION/6Elementos del Sistema/2 Motivos/Edicion/span_Motivos(1)/textarea_Descripcion"), "Motivo Prueba"): Text 'Motivo Prueba' is set on object 'Object Repository/DIGITURNO/CONFIGURACION/6Elementos del Sistema/2 Motivos/Edicion/span_Motivos(1)/textarea_Descripcion'

2024-04-08 09:57:42 - [MESSAGE][PASSED] - Text 'Motivo Prueba' is set on object 'Object Repository/DIGITURNO/CONFIGURACION/6Elementos del Sistema/2 Motivos/Edicion/span_Motivos(1)/textarea_Descripcion'

2024-04-08 09:57:42 - [TEST_STEP][PASSED] - selectOptionByIndex(findTestObject("DIGITURNO/CONFIGURACION/6Elementos del Sistema/2 Motivos/Edicion/span_Motivos(1)/select_Tipo motivo"), 0): All options with index in [0] are selected on object 'Object Repository/DIGITURNO/CONFIGURACION/6Elementos del Sistema/2 Motivos/Edicion/span_Motivos(1)/select_Tipo motivo'

2024-04-08 09:57:43 - [MESSAGE][PASSED] - All options with index in [0] are selected on object 'Object Repository/DIGITURNO/CONFIGURACION/6Elementos del Sistema/2 Motivos/Edicion/span_Motivos(1)/select_Tipo motivo'

2024-04-08 09:57:43 - [TEST_STEP][PASSED] - delay(2): Delayed 2 second(s)

2024-04-08 09:57:45 - [MESSAGE][PASSED] - Delayed 2 second(s)

2024-04-08 09:57:45 - [TEST_STEP][PASSED] - selectOptionByIndex(findTestObject("DIGITURNO/CONFIGURACION/6Elementos del Sistema/2 Motivos/Edicion/span_Motivos(1)/select_Tipo Ocio"), 0): All options with index in [0] are selected on object 'Object Repository/DIGITURNO/CONFIGURACION/6Elementos del Sistema/2 Motivos/Edicion/span_Motivos(1)/select_Tipo Ocio'

2024-04-08 09:57:46 - [MESSAGE][PASSED] - All options with index in [0] are selected on object 'Object Repository/DIGITURNO/CONFIGURACION/6Elementos del Sistema/2 Motivos/Edicion/span_Motivos(1)/select_Tipo Ocio'

2024-04-08 09:57:46 - [TEST_STEP][PASSED] - delay(2): Delayed 2 second(s)

2024-04-08 09:57:48 - [MESSAGE][PASSED] - Delayed 2 second(s)

2024-04-08 09:57:48 - [TEST_STEP][PASSED] - click(findTestObject("DIGITURNO/CONFIGURACION/6Elementos del Sistema/2 Motivos/Edicion/span_Motivos(1)/img_Nuevo")): Object: 'Object Repository/DIGITURNO/CONFIGURACION/6Elementos del Sistema/2 Motivos/Edicion/span_Motivos(1)/img_Nuevo' is clicked on

2024-04-08 09:57:48 - [MESSAGE][PASSED] - Object: 'Object Repository/DIGITURNO/CONFIGURACION/6Elementos del Sistema/2 Motivos/Edicion/span_Motivos(1)/img_Nuevo' is clicked on

2024-04-08 09:57:48 - [TEST_STEP][PASSED] - delay(3): Delayed 3 second(s)

2024-04-08 09:57:51 - [MESSAGE][PASSED] - Delayed 3 second(s)

2024-04-08 09:57:51 - [TEST_STEP][PASSED] - takeFullPageScreenshot(): Taking screenshot successfully

2024-04-08 09:57:52 - [MESSAGE][INFO] - 0 hidden object(s)

2024-04-08 09:57:52 - [MESSAGE][PASSED] - Taking screenshot successfully
[[ATTACHMENT|C:\\CIEL INGENIERIA\\Katalon\\Digiturno55\\Reports\\20240408_090839\\DIGITURNO\\BASICO\\66 Motivos Crear Actualizar Eliminar\\20240408_090946\\1712588271769.png]]

2024-04-08 09:57:52 - [TEST_STEP][PASSED] - delay(3): Delayed 3 second(s)

2024-04-08 09:57:55 - [MESSAGE][PASSED] - Delayed 3 second(s)

2024-04-08 09:57:55 - [TEST_STEP][PASSED] - Start listener action : sampleAfterTestCase: null]]></system-out>
         <system-err><![CDATA[]]></system-err>
      </testcase>
      <testcase name="Test Cases/DIGITURNO/BASICO/66 Motivos Actualizar" time="44.269" classname="Test Cases/DIGITURNO/BASICO/66 Motivos Actualizar" status="PASSED">
         <system-out><![CDATA[2024-04-08 09:57:55 - [TEST_CASE][PASSED] - Test Cases/DIGITURNO/BASICO/66 Motivos Actualizar: Test Cases/DIGITURNO/BASICO/66 Motivos Actualizar

2024-04-08 09:57:55 - [TEST_STEP][PASSED] - callTestCase(findTestCase("DIGITURNO/BASICO/32 Elementos del Sistema"), [:], STOP_ON_FAILURE): Call Test Case 'Test Cases/DIGITURNO/BASICO/32 Elementos del Sistema' successfully

2024-04-08 09:57:55 - [TEST_CASE][PASSED] - Test Cases/DIGITURNO/BASICO/32 Elementos del Sistema: Test Cases/DIGITURNO/BASICO/32 Elementos del Sistema

2024-04-08 09:57:55 - [TEST_STEP][PASSED] - callTestCase(findTestCase("DIGITURNO/BASICO/3 Configuracion"), [:], STOP_ON_FAILURE): Call Test Case 'Test Cases/DIGITURNO/BASICO/3 Configuracion' successfully

2024-04-08 09:57:55 - [TEST_CASE][PASSED] - Test Cases/DIGITURNO/BASICO/3 Configuracion: Test Cases/DIGITURNO/BASICO/3 Configuracion

2024-04-08 09:57:55 - [TEST_STEP][PASSED] - callTestCase(findTestCase("0InicioSesion"), [:], STOP_ON_FAILURE): Call Test Case 'Test Cases/0InicioSesion' successfully

2024-04-08 09:57:56 - [TEST_CASE][PASSED] - Test Cases/0InicioSesion: Test Cases/0InicioSesion

2024-04-08 09:57:56 - [TEST_STEP][PASSED] - openBrowser(UrlDigiturno): Browser is opened with url: 'https://PCPruebas101.ciel.cielingenieria.com:8910'

2024-04-08 09:57:56 - [MESSAGE][WARNING] - A browser is already opened. Closing browser and opening a new one

2024-04-08 09:57:56 - [MESSAGE][INFO] - Starting 'Chrome' driver

2024-04-08 09:57:56 - [MESSAGE][INFO] - User set preference: ['args', '[--use-fake-ui-for-media-stream, --disable-notifications]']

2024-04-08 09:57:56 - [MESSAGE][INFO] - Action delay is set to 0 milliseconds

2024-04-08 09:57:58 - [MESSAGE][PASSED] - Browser is opened with url: 'https://PCPruebas101.ciel.cielingenieria.com:8910'

2024-04-08 09:57:58 - [TEST_STEP][PASSED] - maximizeWindow(): Current window maximized

2024-04-08 09:57:58 - [MESSAGE][PASSED] - Current window maximized

2024-04-08 09:57:58 - [TEST_STEP][PASSED] - delay(3): Delayed 3 second(s)

2024-04-08 09:58:01 - [MESSAGE][PASSED] - Delayed 3 second(s)

2024-04-08 09:58:01 - [TEST_STEP][PASSED] - setText(findTestObject("0Inicio Sesion/input_Usuario"), "Ciel"): Text 'Ciel' is set on object 'Object Repository/0Inicio Sesion/input_Usuario'

2024-04-08 09:58:02 - [MESSAGE][PASSED] - Text 'Ciel' is set on object 'Object Repository/0Inicio Sesion/input_Usuario'

2024-04-08 09:58:02 - [TEST_STEP][PASSED] - setText(findTestObject("0Inicio Sesion/input_Clave"), "digiturno"): Text 'digiturno' is set on object 'Object Repository/0Inicio Sesion/input_Clave'

2024-04-08 09:58:03 - [MESSAGE][PASSED] - Text 'digiturno' is set on object 'Object Repository/0Inicio Sesion/input_Clave'

2024-04-08 09:58:03 - [TEST_STEP][PASSED] - click(findTestObject("0Inicio Sesion/btn_IniciarSesion")): Object: 'Object Repository/0Inicio Sesion/btn_IniciarSesion' is clicked on

2024-04-08 09:58:03 - [MESSAGE][PASSED] - Object: 'Object Repository/0Inicio Sesion/btn_IniciarSesion' is clicked on

2024-04-08 09:58:03 - [TEST_STEP][PASSED] - delay(3): Delayed 3 second(s)

2024-04-08 09:58:06 - [MESSAGE][PASSED] - Delayed 3 second(s)

2024-04-08 09:58:06 - [MESSAGE][PASSED] - Call Test Case 'Test Cases/0InicioSesion' successfully

2024-04-08 09:58:06 - [TEST_STEP][PASSED] - click(findTestObject("DIGITURNO/1Principal/img_Configuracion(1)")): Object: 'Object Repository/DIGITURNO/1Principal/img_Configuracion(1)' is clicked on

2024-04-08 09:58:07 - [MESSAGE][PASSED] - Object: 'Object Repository/DIGITURNO/1Principal/img_Configuracion(1)' is clicked on

2024-04-08 09:58:07 - [TEST_STEP][PASSED] - delay(3): Delayed 3 second(s)

2024-04-08 09:58:10 - [MESSAGE][PASSED] - Delayed 3 second(s)

2024-04-08 09:58:10 - [TEST_STEP][PASSED] - takeFullPageScreenshot(): Taking screenshot successfully

2024-04-08 09:58:10 - [MESSAGE][INFO] - 0 hidden object(s)

2024-04-08 09:58:10 - [MESSAGE][PASSED] - Taking screenshot successfully
[[ATTACHMENT|C:\\CIEL INGENIERIA\\Katalon\\Digiturno55\\Reports\\20240408_090839\\DIGITURNO\\BASICO\\66 Motivos Crear Actualizar Eliminar\\20240408_090946\\1712588290183.png]]

2024-04-08 09:58:10 - [TEST_STEP][PASSED] - delay(3): Delayed 3 second(s)

2024-04-08 09:58:13 - [MESSAGE][PASSED] - Delayed 3 second(s)

2024-04-08 09:58:13 - [MESSAGE][PASSED] - Call Test Case 'Test Cases/DIGITURNO/BASICO/3 Configuracion' successfully

2024-04-08 09:58:13 - [TEST_STEP][PASSED] - click(findTestObject("DIGITURNO/CONFIGURACION/0Principal/img_6Elementos del sistema")): Object: 'Object Repository/DIGITURNO/CONFIGURACION/0Principal/img_6Elementos del sistema' is clicked on

2024-04-08 09:58:14 - [MESSAGE][PASSED] - Object: 'Object Repository/DIGITURNO/CONFIGURACION/0Principal/img_6Elementos del sistema' is clicked on

2024-04-08 09:58:14 - [TEST_STEP][PASSED] - delay(3): Delayed 3 second(s)

2024-04-08 09:58:17 - [MESSAGE][PASSED] - Delayed 3 second(s)

2024-04-08 09:58:17 - [TEST_STEP][PASSED] - takeFullPageScreenshot(): Taking screenshot successfully

2024-04-08 09:58:17 - [MESSAGE][INFO] - 0 hidden object(s)

2024-04-08 09:58:17 - [MESSAGE][PASSED] - Taking screenshot successfully
[[ATTACHMENT|C:\\CIEL INGENIERIA\\Katalon\\Digiturno55\\Reports\\20240408_090839\\DIGITURNO\\BASICO\\66 Motivos Crear Actualizar Eliminar\\20240408_090946\\1712588297382.png]]

2024-04-08 09:58:17 - [TEST_STEP][PASSED] - delay(3): Delayed 3 second(s)

2024-04-08 09:58:20 - [MESSAGE][PASSED] - Delayed 3 second(s)

2024-04-08 09:58:20 - [MESSAGE][PASSED] - Call Test Case 'Test Cases/DIGITURNO/BASICO/32 Elementos del Sistema' successfully

2024-04-08 09:58:20 - [TEST_STEP][PASSED] - click(findTestObject("DIGITURNO/CONFIGURACION/6Elementos del Sistema/0Principal/img_2Motivos")): Object: 'Object Repository/DIGITURNO/CONFIGURACION/6Elementos del Sistema/0Principal/img_2Motivos' is clicked on

2024-04-08 09:58:21 - [MESSAGE][PASSED] - Object: 'Object Repository/DIGITURNO/CONFIGURACION/6Elementos del Sistema/0Principal/img_2Motivos' is clicked on

2024-04-08 09:58:21 - [TEST_STEP][PASSED] - delay(3): Delayed 3 second(s)

2024-04-08 09:58:24 - [MESSAGE][PASSED] - Delayed 3 second(s)

2024-04-08 09:58:24 - [TEST_STEP][PASSED] - click(findTestObject("DIGITURNO/CONFIGURACION/6Elementos del Sistema/2 Motivos/Edicion/span_Motivos")): Object: 'Object Repository/DIGITURNO/CONFIGURACION/6Elementos del Sistema/2 Motivos/Edicion/span_Motivos' is clicked on

2024-04-08 09:58:24 - [MESSAGE][PASSED] - Object: 'Object Repository/DIGITURNO/CONFIGURACION/6Elementos del Sistema/2 Motivos/Edicion/span_Motivos' is clicked on

2024-04-08 09:58:24 - [TEST_STEP][PASSED] - delay(2): Delayed 2 second(s)

2024-04-08 09:58:26 - [MESSAGE][PASSED] - Delayed 2 second(s)

2024-04-08 09:58:26 - [TEST_STEP][PASSED] - setText(findTestObject("DIGITURNO/CONFIGURACION/6Elementos del Sistema/2 Motivos/Edicion/span_Motivos(1)/input_TextoABuscar"), "Prueba"): Text 'Prueba' is set on object 'Object Repository/DIGITURNO/CONFIGURACION/6Elementos del Sistema/2 Motivos/Edicion/span_Motivos(1)/input_TextoABuscar'

2024-04-08 09:58:27 - [MESSAGE][PASSED] - Text 'Prueba' is set on object 'Object Repository/DIGITURNO/CONFIGURACION/6Elementos del Sistema/2 Motivos/Edicion/span_Motivos(1)/input_TextoABuscar'

2024-04-08 09:58:27 - [TEST_STEP][PASSED] - click(findTestObject("DIGITURNO/CONFIGURACION/6Elementos del Sistema/2 Motivos/Edicion/span_Motivos(1)/td_1 Actividad Interna")): Object: 'Object Repository/DIGITURNO/CONFIGURACION/6Elementos del Sistema/2 Motivos/Edicion/span_Motivos(1)/td_1 Actividad Interna' is clicked on

2024-04-08 09:58:28 - [MESSAGE][PASSED] - Object: 'Object Repository/DIGITURNO/CONFIGURACION/6Elementos del Sistema/2 Motivos/Edicion/span_Motivos(1)/td_1 Actividad Interna' is clicked on

2024-04-08 09:58:28 - [TEST_STEP][PASSED] - selectOptionByIndex(findTestObject("DIGITURNO/CONFIGURACION/6Elementos del Sistema/2 Motivos/Edicion/span_Motivos(1)/select_Tipo motivo"), 2): All options with index in [2] are selected on object 'Object Repository/DIGITURNO/CONFIGURACION/6Elementos del Sistema/2 Motivos/Edicion/span_Motivos(1)/select_Tipo motivo'

2024-04-08 09:58:29 - [MESSAGE][PASSED] - All options with index in [2] are selected on object 'Object Repository/DIGITURNO/CONFIGURACION/6Elementos del Sistema/2 Motivos/Edicion/span_Motivos(1)/select_Tipo motivo'

2024-04-08 09:58:29 - [TEST_STEP][PASSED] - delay(2): Delayed 2 second(s)

2024-04-08 09:58:31 - [MESSAGE][PASSED] - Delayed 2 second(s)

2024-04-08 09:58:31 - [TEST_STEP][PASSED] - setText(findTestObject("DIGITURNO/CONFIGURACION/6Elementos del Sistema/2 Motivos/Edicion/span_Motivos(1)/textarea_Descripcion"), "Prueba Actualizado"): Text 'Prueba Actualizado' is set on object 'Object Repository/DIGITURNO/CONFIGURACION/6Elementos del Sistema/2 Motivos/Edicion/span_Motivos(1)/textarea_Descripcion'

2024-04-08 09:58:32 - [MESSAGE][PASSED] - Text 'Prueba Actualizado' is set on object 'Object Repository/DIGITURNO/CONFIGURACION/6Elementos del Sistema/2 Motivos/Edicion/span_Motivos(1)/textarea_Descripcion'

2024-04-08 09:58:32 - [TEST_STEP][PASSED] - click(findTestObject("DIGITURNO/CONFIGURACION/6Elementos del Sistema/2 Motivos/Edicion/span_Motivos(1)/img_Actualizar")): Object: 'Object Repository/DIGITURNO/CONFIGURACION/6Elementos del Sistema/2 Motivos/Edicion/span_Motivos(1)/img_Actualizar' is clicked on

2024-04-08 09:58:33 - [MESSAGE][PASSED] - Object: 'Object Repository/DIGITURNO/CONFIGURACION/6Elementos del Sistema/2 Motivos/Edicion/span_Motivos(1)/img_Actualizar' is clicked on

2024-04-08 09:58:33 - [TEST_STEP][PASSED] - delay(3): Delayed 3 second(s)

2024-04-08 09:58:36 - [MESSAGE][PASSED] - Delayed 3 second(s)

2024-04-08 09:58:36 - [TEST_STEP][PASSED] - takeFullPageScreenshot(): Taking screenshot successfully

2024-04-08 09:58:36 - [MESSAGE][INFO] - 0 hidden object(s)

2024-04-08 09:58:36 - [MESSAGE][PASSED] - Taking screenshot successfully
[[ATTACHMENT|C:\\CIEL INGENIERIA\\Katalon\\Digiturno55\\Reports\\20240408_090839\\DIGITURNO\\BASICO\\66 Motivos Crear Actualizar Eliminar\\20240408_090946\\1712588316152.png]]

2024-04-08 09:58:36 - [TEST_STEP][PASSED] - delay(3): Delayed 3 second(s)

2024-04-08 09:58:39 - [MESSAGE][PASSED] - Delayed 3 second(s)

2024-04-08 09:58:39 - [TEST_STEP][PASSED] - Start listener action : sampleAfterTestCase: null]]></system-out>
         <system-err><![CDATA[]]></system-err>
      </testcase>
      <testcase name="Test Cases/DIGITURNO/BASICO/66 Motivos Eliminar" time="40.698" classname="Test Cases/DIGITURNO/BASICO/66 Motivos Eliminar" status="PASSED">
         <system-out><![CDATA[2024-04-08 09:58:39 - [TEST_CASE][PASSED] - Test Cases/DIGITURNO/BASICO/66 Motivos Eliminar: Test Cases/DIGITURNO/BASICO/66 Motivos Eliminar

2024-04-08 09:58:40 - [TEST_STEP][PASSED] - callTestCase(findTestCase("DIGITURNO/BASICO/32 Elementos del Sistema"), [:], STOP_ON_FAILURE): Call Test Case 'Test Cases/DIGITURNO/BASICO/32 Elementos del Sistema' successfully

2024-04-08 09:58:40 - [TEST_CASE][PASSED] - Test Cases/DIGITURNO/BASICO/32 Elementos del Sistema: Test Cases/DIGITURNO/BASICO/32 Elementos del Sistema

2024-04-08 09:58:40 - [TEST_STEP][PASSED] - callTestCase(findTestCase("DIGITURNO/BASICO/3 Configuracion"), [:], STOP_ON_FAILURE): Call Test Case 'Test Cases/DIGITURNO/BASICO/3 Configuracion' successfully

2024-04-08 09:58:40 - [TEST_CASE][PASSED] - Test Cases/DIGITURNO/BASICO/3 Configuracion: Test Cases/DIGITURNO/BASICO/3 Configuracion

2024-04-08 09:58:40 - [TEST_STEP][PASSED] - callTestCase(findTestCase("0InicioSesion"), [:], STOP_ON_FAILURE): Call Test Case 'Test Cases/0InicioSesion' successfully

2024-04-08 09:58:40 - [TEST_CASE][PASSED] - Test Cases/0InicioSesion: Test Cases/0InicioSesion

2024-04-08 09:58:40 - [TEST_STEP][PASSED] - openBrowser(UrlDigiturno): Browser is opened with url: 'https://PCPruebas101.ciel.cielingenieria.com:8910'

2024-04-08 09:58:40 - [MESSAGE][WARNING] - A browser is already opened. Closing browser and opening a new one

2024-04-08 09:58:41 - [MESSAGE][INFO] - Starting 'Chrome' driver

2024-04-08 09:58:41 - [MESSAGE][INFO] - User set preference: ['args', '[--use-fake-ui-for-media-stream, --disable-notifications]']

2024-04-08 09:58:41 - [MESSAGE][INFO] - Action delay is set to 0 milliseconds

2024-04-08 09:58:43 - [MESSAGE][PASSED] - Browser is opened with url: 'https://PCPruebas101.ciel.cielingenieria.com:8910'

2024-04-08 09:58:43 - [TEST_STEP][PASSED] - maximizeWindow(): Current window maximized

2024-04-08 09:58:43 - [MESSAGE][PASSED] - Current window maximized

2024-04-08 09:58:43 - [TEST_STEP][PASSED] - delay(3): Delayed 3 second(s)

2024-04-08 09:58:46 - [MESSAGE][PASSED] - Delayed 3 second(s)

2024-04-08 09:58:46 - [TEST_STEP][PASSED] - setText(findTestObject("0Inicio Sesion/input_Usuario"), "Ciel"): Text 'Ciel' is set on object 'Object Repository/0Inicio Sesion/input_Usuario'

2024-04-08 09:58:47 - [MESSAGE][PASSED] - Text 'Ciel' is set on object 'Object Repository/0Inicio Sesion/input_Usuario'

2024-04-08 09:58:47 - [TEST_STEP][PASSED] - setText(findTestObject("0Inicio Sesion/input_Clave"), "digiturno"): Text 'digiturno' is set on object 'Object Repository/0Inicio Sesion/input_Clave'

2024-04-08 09:58:47 - [MESSAGE][PASSED] - Text 'digiturno' is set on object 'Object Repository/0Inicio Sesion/input_Clave'

2024-04-08 09:58:47 - [TEST_STEP][PASSED] - click(findTestObject("0Inicio Sesion/btn_IniciarSesion")): Object: 'Object Repository/0Inicio Sesion/btn_IniciarSesion' is clicked on

2024-04-08 09:58:48 - [MESSAGE][PASSED] - Object: 'Object Repository/0Inicio Sesion/btn_IniciarSesion' is clicked on

2024-04-08 09:58:48 - [TEST_STEP][PASSED] - delay(3): Delayed 3 second(s)

2024-04-08 09:58:51 - [MESSAGE][PASSED] - Delayed 3 second(s)

2024-04-08 09:58:51 - [MESSAGE][PASSED] - Call Test Case 'Test Cases/0InicioSesion' successfully

2024-04-08 09:58:51 - [TEST_STEP][PASSED] - click(findTestObject("DIGITURNO/1Principal/img_Configuracion(1)")): Object: 'Object Repository/DIGITURNO/1Principal/img_Configuracion(1)' is clicked on

2024-04-08 09:58:51 - [MESSAGE][PASSED] - Object: 'Object Repository/DIGITURNO/1Principal/img_Configuracion(1)' is clicked on

2024-04-08 09:58:51 - [TEST_STEP][PASSED] - delay(3): Delayed 3 second(s)

2024-04-08 09:58:55 - [MESSAGE][PASSED] - Delayed 3 second(s)

2024-04-08 09:58:55 - [TEST_STEP][PASSED] - takeFullPageScreenshot(): Taking screenshot successfully

2024-04-08 09:58:55 - [MESSAGE][INFO] - 0 hidden object(s)

2024-04-08 09:58:55 - [MESSAGE][PASSED] - Taking screenshot successfully
[[ATTACHMENT|C:\\CIEL INGENIERIA\\Katalon\\Digiturno55\\Reports\\20240408_090839\\DIGITURNO\\BASICO\\66 Motivos Crear Actualizar Eliminar\\20240408_090946\\1712588335008.png]]

2024-04-08 09:58:55 - [TEST_STEP][PASSED] - delay(3): Delayed 3 second(s)

2024-04-08 09:58:58 - [MESSAGE][PASSED] - Delayed 3 second(s)

2024-04-08 09:58:58 - [MESSAGE][PASSED] - Call Test Case 'Test Cases/DIGITURNO/BASICO/3 Configuracion' successfully

2024-04-08 09:58:58 - [TEST_STEP][PASSED] - click(findTestObject("DIGITURNO/CONFIGURACION/0Principal/img_6Elementos del sistema")): Object: 'Object Repository/DIGITURNO/CONFIGURACION/0Principal/img_6Elementos del sistema' is clicked on

2024-04-08 09:58:59 - [MESSAGE][PASSED] - Object: 'Object Repository/DIGITURNO/CONFIGURACION/0Principal/img_6Elementos del sistema' is clicked on

2024-04-08 09:58:59 - [TEST_STEP][PASSED] - delay(3): Delayed 3 second(s)

2024-04-08 09:59:02 - [MESSAGE][PASSED] - Delayed 3 second(s)

2024-04-08 09:59:02 - [TEST_STEP][PASSED] - takeFullPageScreenshot(): Taking screenshot successfully

2024-04-08 09:59:02 - [MESSAGE][INFO] - 0 hidden object(s)

2024-04-08 09:59:02 - [MESSAGE][PASSED] - Taking screenshot successfully
[[ATTACHMENT|C:\\CIEL INGENIERIA\\Katalon\\Digiturno55\\Reports\\20240408_090839\\DIGITURNO\\BASICO\\66 Motivos Crear Actualizar Eliminar\\20240408_090946\\1712588342262.png]]

2024-04-08 09:59:02 - [TEST_STEP][PASSED] - delay(3): Delayed 3 second(s)

2024-04-08 09:59:05 - [MESSAGE][PASSED] - Delayed 3 second(s)

2024-04-08 09:59:05 - [MESSAGE][PASSED] - Call Test Case 'Test Cases/DIGITURNO/BASICO/32 Elementos del Sistema' successfully

2024-04-08 09:59:05 - [TEST_STEP][PASSED] - click(findTestObject("DIGITURNO/CONFIGURACION/6Elementos del Sistema/0Principal/img_2Motivos")): Object: 'Object Repository/DIGITURNO/CONFIGURACION/6Elementos del Sistema/0Principal/img_2Motivos' is clicked on

2024-04-08 09:59:06 - [MESSAGE][PASSED] - Object: 'Object Repository/DIGITURNO/CONFIGURACION/6Elementos del Sistema/0Principal/img_2Motivos' is clicked on

2024-04-08 09:59:06 - [TEST_STEP][PASSED] - delay(3): Delayed 3 second(s)

2024-04-08 09:59:09 - [MESSAGE][PASSED] - Delayed 3 second(s)

2024-04-08 09:59:09 - [TEST_STEP][PASSED] - click(findTestObject("DIGITURNO/CONFIGURACION/6Elementos del Sistema/2 Motivos/Edicion/span_Motivos")): Object: 'Object Repository/DIGITURNO/CONFIGURACION/6Elementos del Sistema/2 Motivos/Edicion/span_Motivos' is clicked on

2024-04-08 09:59:09 - [MESSAGE][PASSED] - Object: 'Object Repository/DIGITURNO/CONFIGURACION/6Elementos del Sistema/2 Motivos/Edicion/span_Motivos' is clicked on

2024-04-08 09:59:09 - [TEST_STEP][PASSED] - delay(2): Delayed 2 second(s)

2024-04-08 09:59:11 - [MESSAGE][PASSED] - Delayed 2 second(s)

2024-04-08 09:59:11 - [TEST_STEP][PASSED] - setText(findTestObject("DIGITURNO/CONFIGURACION/6Elementos del Sistema/2 Motivos/Edicion/span_Motivos(1)/input_TextoABuscar"), "Prueba"): Text 'Prueba' is set on object 'Object Repository/DIGITURNO/CONFIGURACION/6Elementos del Sistema/2 Motivos/Edicion/span_Motivos(1)/input_TextoABuscar'

2024-04-08 09:59:12 - [MESSAGE][PASSED] - Text 'Prueba' is set on object 'Object Repository/DIGITURNO/CONFIGURACION/6Elementos del Sistema/2 Motivos/Edicion/span_Motivos(1)/input_TextoABuscar'

2024-04-08 09:59:12 - [TEST_STEP][PASSED] - click(findTestObject("DIGITURNO/CONFIGURACION/6Elementos del Sistema/2 Motivos/Edicion/span_Motivos(1)/td_1 Actividad Interna")): Object: 'Object Repository/DIGITURNO/CONFIGURACION/6Elementos del Sistema/2 Motivos/Edicion/span_Motivos(1)/td_1 Actividad Interna' is clicked on

2024-04-08 09:59:13 - [MESSAGE][PASSED] - Object: 'Object Repository/DIGITURNO/CONFIGURACION/6Elementos del Sistema/2 Motivos/Edicion/span_Motivos(1)/td_1 Actividad Interna' is clicked on

2024-04-08 09:59:13 - [TEST_STEP][PASSED] - click(findTestObject("DIGITURNO/CONFIGURACION/6Elementos del Sistema/2 Motivos/Edicion/span_Motivos(1)/img_Eliminar")): Object: 'Object Repository/DIGITURNO/CONFIGURACION/6Elementos del Sistema/2 Motivos/Edicion/span_Motivos(1)/img_Eliminar' is clicked on

2024-04-08 09:59:13 - [MESSAGE][PASSED] - Object: 'Object Repository/DIGITURNO/CONFIGURACION/6Elementos del Sistema/2 Motivos/Edicion/span_Motivos(1)/img_Eliminar' is clicked on

2024-04-08 09:59:13 - [TEST_STEP][PASSED] - click(findTestObject("DIGITURNO/CONFIGURACION/6Elementos del Sistema/2 Motivos/Edicion/span_Motivos(1)/img_Eliminar")): Object: 'Object Repository/DIGITURNO/CONFIGURACION/6Elementos del Sistema/2 Motivos/Edicion/span_Motivos(1)/img_Eliminar' is clicked on

2024-04-08 09:59:13 - [MESSAGE][PASSED] - Object: 'Object Repository/DIGITURNO/CONFIGURACION/6Elementos del Sistema/2 Motivos/Edicion/span_Motivos(1)/img_Eliminar' is clicked on

2024-04-08 09:59:13 - [TEST_STEP][PASSED] - acceptAlert(): Alert accepted

2024-04-08 09:59:13 - [MESSAGE][PASSED] - Alert accepted

2024-04-08 09:59:13 - [TEST_STEP][PASSED] - delay(3): Delayed 3 second(s)

2024-04-08 09:59:17 - [MESSAGE][PASSED] - Delayed 3 second(s)

2024-04-08 09:59:17 - [TEST_STEP][PASSED] - takeFullPageScreenshot(): Taking screenshot successfully

2024-04-08 09:59:17 - [MESSAGE][INFO] - 0 hidden object(s)

2024-04-08 09:59:17 - [MESSAGE][PASSED] - Taking screenshot successfully
[[ATTACHMENT|C:\\CIEL INGENIERIA\\Katalon\\Digiturno55\\Reports\\20240408_090839\\DIGITURNO\\BASICO\\66 Motivos Crear Actualizar Eliminar\\20240408_090946\\1712588357009.png]]

2024-04-08 09:59:17 - [TEST_STEP][PASSED] - delay(3): Delayed 3 second(s)

2024-04-08 09:59:20 - [MESSAGE][PASSED] - Delayed 3 second(s)

2024-04-08 09:59:20 - [TEST_STEP][PASSED] - Start listener action : sampleAfterTestCase: null]]></system-out>
         <system-err><![CDATA[]]></system-err>
      </testcase>
      <system-out><![CDATA[2024-04-08 09:57:07 - [TEST_SUITE][PASSED] - 66 Motivos Crear Actualizar Eliminar: Test Cases/DIGITURNO/BASICO/66 Motivos Eliminar]]></system-out>
      <system-err><![CDATA[]]></system-err>
   </testsuite>
</testsuites>
