<?xml version="1.0" encoding="UTF-8"?>
<testsuites name="5.2 Crear Sala CIEL" time="55.098" tests="1" failures="0" errors="0">
   <testsuite name="5.2 Crear Sala CIEL" tests="1" failures="0" errors="0" time="55.098" skipped="0" timestamp="2023-08-14 10:53:44" hostname="jdavila - PCPruebas101.ciel.cielingenieria.com" id="Test Suites/WIZARD/3Infraestructura/2Salas/5.2 Crear Sala CIEL">
      <properties>
         <property name="deviceName" value=""/>
         <property name="devicePlatform" value=""/>
         <property name="logFolder" value="C:\\CIEL INGENIERIA\\Katalon\\Digiturno55\\Reports\\20230814_104251\\WIZARD\\3Infraestructura\\2Salas\\5.2 Crear Sala CIEL\\20230814_104308"/>
         <property name="logFiles" value="C:\\CIEL INGENIERIA\\Katalon\\Digiturno55\\Reports\\20230814_104251\\WIZARD\\3Infraestructura\\2Salas\\5.2 Crear Sala CIEL\\20230814_104308\\execution0.log"/>
         <property name="attachments" value="C:\\CIEL INGENIERIA\\Katalon\\Digiturno55\\Reports\\20230814_104251\\WIZARD\\3Infraestructura\\2Salas\\5.2 Crear Sala CIEL\\20230814_104308\\1692028475402.png"/>
         <property name="hostName" value="jdavila - PCPruebas101.ciel.cielingenieria.com"/>
         <property name="os" value="Windows 10 64bit"/>
         <property name="katalonVersion" value="8.6.0.208"/>
         <property name="browser" value="Chrome 115.0.0.0"/>
         <property name="hostAddress" value="192.168.0.33"/>
         <property name="sessionId" value="1ddd6b5ef8eed3440852f109e497444b"/>
         <property name="seleniumVersion" value="3.141.59"/>
         <property name="proxyInformation" value="ProxyInformation { proxyOption=NO_PROXY, proxyServerType=HTTP, username=, password=********, proxyServerAddress=, proxyServerPort=0, executionList=&quot;&quot;, isApplyToDesiredCapabilities=true }"/>
         <property name="platform" value="Windows 10"/>
      </properties>
      <testcase name="Test Cases/WIZARD/3Infraestructura/2Salas/5.2 Crear Sala CIEL" time="54.859" classname="Test Cases/WIZARD/3Infraestructura/2Salas/5.2 Crear Sala CIEL" status="PASSED">
         <system-out><![CDATA[2023-08-14 10:53:44 - [TEST_CASE][PASSED] - Test Cases/WIZARD/3Infraestructura/2Salas/5.2 Crear Sala CIEL: Test Cases/WIZARD/3Infraestructura/2Salas/5.2 Crear Sala CIEL

2023-08-14 10:53:44 - [TEST_STEP][PASSED] - callTestCase(findTestCase("0InicioSesion"), [:], STOP_ON_FAILURE): Call Test Case 'Test Cases/0InicioSesion' successfully

2023-08-14 10:53:44 - [TEST_CASE][PASSED] - Test Cases/0InicioSesion: Test Cases/0InicioSesion

2023-08-14 10:53:45 - [TEST_STEP][PASSED] - openBrowser(UrlDigiturno): Browser is opened with url: 'https://PCPruebas101.ciel.cielingenieria.com:8610'

2023-08-14 10:53:45 - [MESSAGE][INFO] - Starting 'Chrome' driver

2023-08-14 10:53:45 - [MESSAGE][INFO] - User set preference: ['args', '[--use-fake-ui-for-media-stream, --disable-notifications]']

2023-08-14 10:53:45 - [MESSAGE][INFO] - Action delay is set to 0 milliseconds

2023-08-14 10:53:47 - [MESSAGE][PASSED] - Browser is opened with url: 'https://PCPruebas101.ciel.cielingenieria.com:8610'

2023-08-14 10:53:47 - [TEST_STEP][PASSED] - maximizeWindow(): Current window maximized

2023-08-14 10:53:47 - [MESSAGE][PASSED] - Current window maximized

2023-08-14 10:53:47 - [TEST_STEP][PASSED] - delay(3): Delayed 3 second(s)

2023-08-14 10:53:50 - [MESSAGE][PASSED] - Delayed 3 second(s)

2023-08-14 10:53:50 - [TEST_STEP][PASSED] - setText(findTestObject("0Inicio Sesion/input_Usuario"), "Ciel"): Text 'Ciel' is set on object 'Object Repository/0Inicio Sesion/input_Usuario'

2023-08-14 10:53:51 - [MESSAGE][PASSED] - Text 'Ciel' is set on object 'Object Repository/0Inicio Sesion/input_Usuario'

2023-08-14 10:53:51 - [TEST_STEP][PASSED] - setText(findTestObject("0Inicio Sesion/input_Clave"), "digiturno"): Text 'digiturno' is set on object 'Object Repository/0Inicio Sesion/input_Clave'

2023-08-14 10:53:52 - [MESSAGE][PASSED] - Text 'digiturno' is set on object 'Object Repository/0Inicio Sesion/input_Clave'

2023-08-14 10:53:52 - [TEST_STEP][PASSED] - click(findTestObject("0Inicio Sesion/btn_IniciarSesion")): Object: 'Object Repository/0Inicio Sesion/btn_IniciarSesion' is clicked on

2023-08-14 10:53:52 - [MESSAGE][PASSED] - Object: 'Object Repository/0Inicio Sesion/btn_IniciarSesion' is clicked on

2023-08-14 10:53:52 - [TEST_STEP][PASSED] - delay(3): Delayed 3 second(s)

2023-08-14 10:53:55 - [MESSAGE][PASSED] - Delayed 3 second(s)

2023-08-14 10:53:55 - [MESSAGE][PASSED] - Call Test Case 'Test Cases/0InicioSesion' successfully

2023-08-14 10:53:55 - [TEST_STEP][PASSED] - click(findTestObject("WIZARD/0Principal/img_InfraestructuraMAX")): Object: 'Object Repository/WIZARD/0Principal/img_InfraestructuraMAX' is clicked on

2023-08-14 10:53:58 - [MESSAGE][PASSED] - Object: 'Object Repository/WIZARD/0Principal/img_InfraestructuraMAX' is clicked on

2023-08-14 10:53:58 - [TEST_STEP][PASSED] - delay(3): Delayed 3 second(s)

2023-08-14 10:54:01 - [MESSAGE][PASSED] - Delayed 3 second(s)

2023-08-14 10:54:01 - [TEST_STEP][PASSED] - click(findTestObject("WIZARD/3Infraestructura/0Menu/span_Salas")): Object: 'Object Repository/WIZARD/3Infraestructura/0Menu/span_Salas' is clicked on

2023-08-14 10:54:02 - [MESSAGE][PASSED] - Object: 'Object Repository/WIZARD/3Infraestructura/0Menu/span_Salas' is clicked on

2023-08-14 10:54:02 - [TEST_STEP][PASSED] - delay(3): Delayed 3 second(s)

2023-08-14 10:54:05 - [MESSAGE][PASSED] - Delayed 3 second(s)

2023-08-14 10:54:05 - [TEST_STEP][PASSED] - click(findTestObject("WIZARD/3Infraestructura/2Salas/2Edicion/btn_SeleccionarOficina")): Object: 'Object Repository/WIZARD/3Infraestructura/2Salas/2Edicion/btn_SeleccionarOficina' is clicked on

2023-08-14 10:54:05 - [MESSAGE][PASSED] - Object: 'Object Repository/WIZARD/3Infraestructura/2Salas/2Edicion/btn_SeleccionarOficina' is clicked on

2023-08-14 10:54:05 - [TEST_STEP][PASSED] - delay(2): Delayed 2 second(s)

2023-08-14 10:54:07 - [MESSAGE][PASSED] - Delayed 2 second(s)

2023-08-14 10:54:07 - [TEST_STEP][PASSED] - click(findTestObject("WIZARD/3Infraestructura/2Salas/2Edicion/btn_Seleccionar Oficina(1)/a_Bogota - CIEL")): Object: 'Object Repository/WIZARD/3Infraestructura/2Salas/2Edicion/btn_Seleccionar Oficina(1)/a_Bogota - CIEL' is clicked on

2023-08-14 10:54:08 - [MESSAGE][PASSED] - Object: 'Object Repository/WIZARD/3Infraestructura/2Salas/2Edicion/btn_Seleccionar Oficina(1)/a_Bogota - CIEL' is clicked on

2023-08-14 10:54:08 - [TEST_STEP][PASSED] - delay(2): Delayed 2 second(s)

2023-08-14 10:54:10 - [MESSAGE][PASSED] - Delayed 2 second(s)

2023-08-14 10:54:10 - [TEST_STEP][PASSED] - setText(findTestObject("WIZARD/3Infraestructura/2Salas/2Edicion/input_Nombre"), "CIEL - Sala General"): Text 'CIEL - Sala General' is set on object 'Object Repository/WIZARD/3Infraestructura/2Salas/2Edicion/input_Nombre'

2023-08-14 10:54:11 - [MESSAGE][PASSED] - Text 'CIEL - Sala General' is set on object 'Object Repository/WIZARD/3Infraestructura/2Salas/2Edicion/input_Nombre'

2023-08-14 10:54:11 - [TEST_STEP][PASSED] - setText(findTestObject("WIZARD/3Infraestructura/2Salas/2Edicion/textarea_Descripcion"), "CIEL - Sala General"): Text 'CIEL - Sala General' is set on object 'Object Repository/WIZARD/3Infraestructura/2Salas/2Edicion/textarea_Descripcion'

2023-08-14 10:54:11 - [MESSAGE][PASSED] - Text 'CIEL - Sala General' is set on object 'Object Repository/WIZARD/3Infraestructura/2Salas/2Edicion/textarea_Descripcion'

2023-08-14 10:54:12 - [TEST_STEP][PASSED] - setText(findTestObject("WIZARD/3Infraestructura/2Salas/2Edicion/input_MaximoOcupacion"), "100"): Text '100' is set on object 'Object Repository/WIZARD/3Infraestructura/2Salas/2Edicion/input_MaximoOcupacion'

2023-08-14 10:54:12 - [MESSAGE][PASSED] - Text '100' is set on object 'Object Repository/WIZARD/3Infraestructura/2Salas/2Edicion/input_MaximoOcupacion'

2023-08-14 10:54:12 - [TEST_STEP][PASSED] - setText(findTestObject("WIZARD/3Infraestructura/2Salas/2Edicion/input_Tiempo de Abandono HH"), "4"): Text '4' is set on object 'Object Repository/WIZARD/3Infraestructura/2Salas/2Edicion/input_Tiempo de Abandono HH'

2023-08-14 10:54:13 - [MESSAGE][PASSED] - Text '4' is set on object 'Object Repository/WIZARD/3Infraestructura/2Salas/2Edicion/input_Tiempo de Abandono HH'

2023-08-14 10:54:13 - [TEST_STEP][PASSED] - delay(3): Delayed 3 second(s)

2023-08-14 10:54:16 - [MESSAGE][PASSED] - Delayed 3 second(s)

2023-08-14 10:54:16 - [TEST_STEP][PASSED] - scrollToElement(findTestObject("WIZARD/3Infraestructura/2Salas/2Edicion/Label/label_Habilitar Agendamiento"), 2): Scroll to object 'Object Repository/WIZARD/3Infraestructura/2Salas/2Edicion/Label/label_Habilitar Agendamiento' successfully

2023-08-14 10:54:17 - [MESSAGE][PASSED] - Scroll to object 'Object Repository/WIZARD/3Infraestructura/2Salas/2Edicion/Label/label_Habilitar Agendamiento' successfully

2023-08-14 10:54:17 - [TEST_STEP][PASSED] - setText(findTestObject("WIZARD/3Infraestructura/2Salas/2Edicion/Promesa de Espera/input_Minutos promesa de espera"), "10"): Text '10' is set on object 'Object Repository/WIZARD/3Infraestructura/2Salas/2Edicion/Promesa de Espera/input_Minutos promesa de espera'

2023-08-14 10:54:17 - [MESSAGE][PASSED] - Text '10' is set on object 'Object Repository/WIZARD/3Infraestructura/2Salas/2Edicion/Promesa de Espera/input_Minutos promesa de espera'

2023-08-14 10:54:17 - [TEST_STEP][PASSED] - setText(findTestObject("WIZARD/3Infraestructura/2Salas/2Edicion/Promesa de atencion/input_Minutos Promesa Atencion"), "5"): Text '5' is set on object 'Object Repository/WIZARD/3Infraestructura/2Salas/2Edicion/Promesa de atencion/input_Minutos Promesa Atencion'

2023-08-14 10:54:18 - [MESSAGE][PASSED] - Text '5' is set on object 'Object Repository/WIZARD/3Infraestructura/2Salas/2Edicion/Promesa de atencion/input_Minutos Promesa Atencion'

2023-08-14 10:54:18 - [TEST_STEP][PASSED] - check(findTestObject("WIZARD/3Infraestructura/2Salas/2Edicion/Label/label_Habilitar Agendamiento")): Object 'Object Repository/WIZARD/3Infraestructura/2Salas/2Edicion/Label/label_Habilitar Agendamiento' is checked

2023-08-14 10:54:19 - [MESSAGE][PASSED] - Object 'Object Repository/WIZARD/3Infraestructura/2Salas/2Edicion/Label/label_Habilitar Agendamiento' is checked

2023-08-14 10:54:19 - [TEST_STEP][PASSED] - delay(3): Delayed 3 second(s)

2023-08-14 10:54:22 - [MESSAGE][PASSED] - Delayed 3 second(s)

2023-08-14 10:54:22 - [TEST_STEP][PASSED] - setText(findTestObject("WIZARD/3Infraestructura/2Salas/2Edicion/AgendamientoLlamado/Intervalo creacion/input_Minutos Intervalo Creacion"), "2"): Text '2' is set on object 'Object Repository/WIZARD/3Infraestructura/2Salas/2Edicion/AgendamientoLlamado/Intervalo creacion/input_Minutos Intervalo Creacion'

2023-08-14 10:54:22 - [MESSAGE][PASSED] - Text '2' is set on object 'Object Repository/WIZARD/3Infraestructura/2Salas/2Edicion/AgendamientoLlamado/Intervalo creacion/input_Minutos Intervalo Creacion'

2023-08-14 10:54:22 - [TEST_STEP][PASSED] - setText(findTestObject("WIZARD/3Infraestructura/2Salas/2Edicion/AgendamientoLlamado/Tiempo Limite Creacion/input_Minutos Tiempo Limite Creacion"), "2"): Text '2' is set on object 'Object Repository/WIZARD/3Infraestructura/2Salas/2Edicion/AgendamientoLlamado/Tiempo Limite Creacion/input_Minutos Tiempo Limite Creacion'

2023-08-14 10:54:23 - [MESSAGE][PASSED] - Text '2' is set on object 'Object Repository/WIZARD/3Infraestructura/2Salas/2Edicion/AgendamientoLlamado/Tiempo Limite Creacion/input_Minutos Tiempo Limite Creacion'

2023-08-14 10:54:23 - [TEST_STEP][PASSED] - check(findTestObject("WIZARD/3Infraestructura/2Salas/2Edicion/Label/label_Paso a distraido")): Object 'Object Repository/WIZARD/3Infraestructura/2Salas/2Edicion/Label/label_Paso a distraido' is checked

2023-08-14 10:54:24 - [MESSAGE][PASSED] - Object 'Object Repository/WIZARD/3Infraestructura/2Salas/2Edicion/Label/label_Paso a distraido' is checked

2023-08-14 10:54:24 - [TEST_STEP][PASSED] - delay(3): Delayed 3 second(s)

2023-08-14 10:54:27 - [MESSAGE][PASSED] - Delayed 3 second(s)

2023-08-14 10:54:27 - [TEST_STEP][PASSED] - setText(findTestObject("WIZARD/3Infraestructura/2Salas/2Edicion/Distraidos/Tiempo Automatico a distraido/input_Tiempo automatico a distrado MM"), "1"): Text '1' is set on object 'Object Repository/WIZARD/3Infraestructura/2Salas/2Edicion/Distraidos/Tiempo Automatico a distraido/input_Tiempo automatico a distrado MM'

2023-08-14 10:54:28 - [MESSAGE][PASSED] - Text '1' is set on object 'Object Repository/WIZARD/3Infraestructura/2Salas/2Edicion/Distraidos/Tiempo Automatico a distraido/input_Tiempo automatico a distrado MM'

2023-08-14 10:54:28 - [TEST_STEP][PASSED] - setText(findTestObject("WIZARD/3Infraestructura/2Salas/2Edicion/Distraidos/Tiempo de Rellamado/input_Tiempo de Rellamado MM"), "1"): Text '1' is set on object 'Object Repository/WIZARD/3Infraestructura/2Salas/2Edicion/Distraidos/Tiempo de Rellamado/input_Tiempo de Rellamado MM'

2023-08-14 10:54:28 - [MESSAGE][PASSED] - Text '1' is set on object 'Object Repository/WIZARD/3Infraestructura/2Salas/2Edicion/Distraidos/Tiempo de Rellamado/input_Tiempo de Rellamado MM'

2023-08-14 10:54:28 - [TEST_STEP][PASSED] - scrollToPosition(0, 0): Browser is scrolled to position x = 0, y = 0

2023-08-14 10:54:28 - [MESSAGE][PASSED] - Browser is scrolled to position x = 0, y = 0

2023-08-14 10:54:28 - [TEST_STEP][PASSED] - delay(3): Delayed 3 second(s)

2023-08-14 10:54:31 - [MESSAGE][PASSED] - Delayed 3 second(s)

2023-08-14 10:54:31 - [TEST_STEP][PASSED] - click(findTestObject("WIZARD/3Infraestructura/2Salas/2Edicion/img_Nuevo")): Object: 'Object Repository/WIZARD/3Infraestructura/2Salas/2Edicion/img_Nuevo' is clicked on

2023-08-14 10:54:32 - [MESSAGE][PASSED] - Object: 'Object Repository/WIZARD/3Infraestructura/2Salas/2Edicion/img_Nuevo' is clicked on

2023-08-14 10:54:32 - [TEST_STEP][PASSED] - delay(3): Delayed 3 second(s)

2023-08-14 10:54:35 - [MESSAGE][PASSED] - Delayed 3 second(s)

2023-08-14 10:54:35 - [TEST_STEP][PASSED] - takeFullPageScreenshot(): Taking screenshot successfully

2023-08-14 10:54:36 - [MESSAGE][INFO] - 0 hidden object(s)

2023-08-14 10:54:36 - [MESSAGE][PASSED] - Taking screenshot successfully
[[ATTACHMENT|C:\\CIEL INGENIERIA\\Katalon\\Digiturno55\\Reports\\20230814_104251\\WIZARD\\3Infraestructura\\2Salas\\5.2 Crear Sala CIEL\\20230814_104308\\1692028475402.png]]

2023-08-14 10:54:36 - [TEST_STEP][PASSED] - delay(3): Delayed 3 second(s)

2023-08-14 10:54:39 - [MESSAGE][PASSED] - Delayed 3 second(s)

2023-08-14 10:54:39 - [TEST_STEP][PASSED] - Start listener action : sampleAfterTestCase: null]]></system-out>
         <system-err><![CDATA[]]></system-err>
      </testcase>
      <system-out><![CDATA[2023-08-14 10:53:44 - [TEST_SUITE][PASSED] - 5.2 Crear Sala CIEL: Test Cases/WIZARD/3Infraestructura/2Salas/5.2 Crear Sala CIEL]]></system-out>
      <system-err><![CDATA[]]></system-err>
   </testsuite>
</testsuites>
