<?xml version="1.0" encoding="UTF-8"?>
<testsuites name="35 Usuarios por Terminales" time="42.59" tests="1" failures="0" errors="0">
   <testsuite name="35 Usuarios por Terminales" tests="1" failures="0" errors="0" time="42.59" skipped="0" timestamp="2023-08-14 14:40:42" hostname="jdavila - PCPruebas101.ciel.cielingenieria.com" id="Test Suites/DIGITURNO/BASICO/35 Usuarios por Terminales">
      <properties>
         <property name="deviceName" value=""/>
         <property name="devicePlatform" value=""/>
         <property name="logFolder" value="C:\\CIEL INGENIERIA\\Katalon\\Digiturno55\\Reports\\20230814_141235\\DIGITURNO\\BASICO\\35 Usuarios por Terminales\\20230814_141311"/>
         <property name="logFiles" value="C:\\CIEL INGENIERIA\\Katalon\\Digiturno55\\Reports\\20230814_141235\\DIGITURNO\\BASICO\\35 Usuarios por Terminales\\20230814_141311\\execution0.log"/>
         <property name="attachments" value="C:\\CIEL INGENIERIA\\Katalon\\Digiturno55\\Reports\\20230814_141235\\DIGITURNO\\BASICO\\35 Usuarios por Terminales\\20230814_141311\\1692042061539.png, C:\\CIEL INGENIERIA\\Katalon\\Digiturno55\\Reports\\20230814_141235\\DIGITURNO\\BASICO\\35 Usuarios por Terminales\\20230814_141311\\1692042080933.png"/>
         <property name="hostName" value="jdavila - PCPruebas101.ciel.cielingenieria.com"/>
         <property name="os" value="Windows 10 64bit"/>
         <property name="katalonVersion" value="8.6.0.208"/>
         <property name="browser" value="Chrome 115.0.0.0"/>
         <property name="hostAddress" value="192.168.0.33"/>
         <property name="sessionId" value="1438d4dd94239b1deab3cd4029f16a97"/>
         <property name="seleniumVersion" value="3.141.59"/>
         <property name="proxyInformation" value="ProxyInformation { proxyOption=NO_PROXY, proxyServerType=HTTP, username=, password=********, proxyServerAddress=, proxyServerPort=0, executionList=&quot;&quot;, isApplyToDesiredCapabilities=true }"/>
         <property name="platform" value="Windows 10"/>
      </properties>
      <testcase name="Test Cases/DIGITURNO/BASICO/35 Usuarios por Terminales" time="42.356" classname="Test Cases/DIGITURNO/BASICO/35 Usuarios por Terminales" status="PASSED">
         <system-out><![CDATA[2023-08-14 14:40:42 - [TEST_CASE][PASSED] - Test Cases/DIGITURNO/BASICO/35 Usuarios por Terminales: Test Cases/DIGITURNO/BASICO/35 Usuarios por Terminales

2023-08-14 14:40:42 - [TEST_STEP][PASSED] - callTestCase(findTestCase("DIGITURNO/BASICO/5 Usuarios"), [:], STOP_ON_FAILURE): Call Test Case 'Test Cases/DIGITURNO/BASICO/5 Usuarios' successfully

2023-08-14 14:40:42 - [TEST_CASE][PASSED] - Test Cases/DIGITURNO/BASICO/5 Usuarios: Test Cases/DIGITURNO/BASICO/5 Usuarios

2023-08-14 14:40:43 - [TEST_STEP][PASSED] - callTestCase(findTestCase("0InicioSesion"), [:], STOP_ON_FAILURE): Call Test Case 'Test Cases/0InicioSesion' successfully

2023-08-14 14:40:43 - [TEST_CASE][PASSED] - Test Cases/0InicioSesion: Test Cases/0InicioSesion

2023-08-14 14:40:43 - [TEST_STEP][PASSED] - openBrowser(UrlDigiturno): Browser is opened with url: 'https://PCPruebas101.ciel.cielingenieria.com:8610'

2023-08-14 14:40:43 - [MESSAGE][INFO] - Starting 'Chrome' driver

2023-08-14 14:40:43 - [MESSAGE][INFO] - User set preference: ['args', '[--use-fake-ui-for-media-stream, --disable-notifications]']

2023-08-14 14:40:43 - [MESSAGE][INFO] - Action delay is set to 0 milliseconds

2023-08-14 14:40:46 - [MESSAGE][PASSED] - Browser is opened with url: 'https://PCPruebas101.ciel.cielingenieria.com:8610'

2023-08-14 14:40:46 - [TEST_STEP][PASSED] - maximizeWindow(): Current window maximized

2023-08-14 14:40:46 - [MESSAGE][PASSED] - Current window maximized

2023-08-14 14:40:46 - [TEST_STEP][PASSED] - delay(3): Delayed 3 second(s)

2023-08-14 14:40:49 - [MESSAGE][PASSED] - Delayed 3 second(s)

2023-08-14 14:40:49 - [TEST_STEP][PASSED] - setText(findTestObject("0Inicio Sesion/input_Usuario"), "Ciel"): Text 'Ciel' is set on object 'Object Repository/0Inicio Sesion/input_Usuario'

2023-08-14 14:40:50 - [MESSAGE][PASSED] - Text 'Ciel' is set on object 'Object Repository/0Inicio Sesion/input_Usuario'

2023-08-14 14:40:50 - [TEST_STEP][PASSED] - setText(findTestObject("0Inicio Sesion/input_Clave"), "digiturno"): Text 'digiturno' is set on object 'Object Repository/0Inicio Sesion/input_Clave'

2023-08-14 14:40:50 - [MESSAGE][PASSED] - Text 'digiturno' is set on object 'Object Repository/0Inicio Sesion/input_Clave'

2023-08-14 14:40:50 - [TEST_STEP][PASSED] - click(findTestObject("0Inicio Sesion/btn_IniciarSesion")): Object: 'Object Repository/0Inicio Sesion/btn_IniciarSesion' is clicked on

2023-08-14 14:40:51 - [MESSAGE][PASSED] - Object: 'Object Repository/0Inicio Sesion/btn_IniciarSesion' is clicked on

2023-08-14 14:40:51 - [TEST_STEP][PASSED] - delay(3): Delayed 3 second(s)

2023-08-14 14:40:54 - [MESSAGE][PASSED] - Delayed 3 second(s)

2023-08-14 14:40:54 - [MESSAGE][PASSED] - Call Test Case 'Test Cases/0InicioSesion' successfully

2023-08-14 14:40:54 - [TEST_STEP][PASSED] - click(findTestObject("DIGITURNO/1Principal/img_Configuracion(1)")): Object: 'Object Repository/DIGITURNO/1Principal/img_Configuracion(1)' is clicked on

2023-08-14 14:40:54 - [MESSAGE][PASSED] - Object: 'Object Repository/DIGITURNO/1Principal/img_Configuracion(1)' is clicked on

2023-08-14 14:40:54 - [TEST_STEP][PASSED] - delay(3): Delayed 3 second(s)

2023-08-14 14:40:57 - [MESSAGE][PASSED] - Delayed 3 second(s)

2023-08-14 14:40:57 - [TEST_STEP][PASSED] - click(findTestObject("DIGITURNO/CONFIGURACION/0Principal/img_4Usuarios")): Object: 'Object Repository/DIGITURNO/CONFIGURACION/0Principal/img_4Usuarios' is clicked on

2023-08-14 14:40:58 - [MESSAGE][PASSED] - Object: 'Object Repository/DIGITURNO/CONFIGURACION/0Principal/img_4Usuarios' is clicked on

2023-08-14 14:40:58 - [TEST_STEP][PASSED] - delay(3): Delayed 3 second(s)

2023-08-14 14:41:01 - [MESSAGE][PASSED] - Delayed 3 second(s)

2023-08-14 14:41:01 - [TEST_STEP][PASSED] - takeFullPageScreenshot(STOP_ON_FAILURE): Taking screenshot successfully

2023-08-14 14:41:01 - [MESSAGE][INFO] - 0 hidden object(s)

2023-08-14 14:41:02 - [MESSAGE][PASSED] - Taking screenshot successfully
[[ATTACHMENT|C:\\CIEL INGENIERIA\\Katalon\\Digiturno55\\Reports\\20230814_141235\\DIGITURNO\\BASICO\\35 Usuarios por Terminales\\20230814_141311\\1692042061539.png]]

2023-08-14 14:41:02 - [TEST_STEP][PASSED] - delay(3): Delayed 3 second(s)

2023-08-14 14:41:05 - [MESSAGE][PASSED] - Delayed 3 second(s)

2023-08-14 14:41:05 - [MESSAGE][PASSED] - Call Test Case 'Test Cases/DIGITURNO/BASICO/5 Usuarios' successfully

2023-08-14 14:41:05 - [TEST_STEP][PASSED] - click(findTestObject("DIGITURNO/CONFIGURACION/4Usuarios/0Principal/img_5Usuarios en Terminales")): Object: 'Object Repository/DIGITURNO/CONFIGURACION/4Usuarios/0Principal/img_5Usuarios en Terminales' is clicked on

2023-08-14 14:41:05 - [MESSAGE][PASSED] - Object: 'Object Repository/DIGITURNO/CONFIGURACION/4Usuarios/0Principal/img_5Usuarios en Terminales' is clicked on

2023-08-14 14:41:05 - [TEST_STEP][PASSED] - delay(3): Delayed 3 second(s)

2023-08-14 14:41:08 - [MESSAGE][PASSED] - Delayed 3 second(s)

2023-08-14 14:41:08 - [TEST_STEP][PASSED] - click(findTestObject("DIGITURNO/CONFIGURACION/4Usuarios/5Usuarios en Terminales/0Oficinas/Oficinas/td1_Bogota - CIEL")): Object: 'Object Repository/DIGITURNO/CONFIGURACION/4Usuarios/5Usuarios en Terminales/0Oficinas/Oficinas/td1_Bogota - CIEL' is clicked on

2023-08-14 14:41:09 - [MESSAGE][PASSED] - Object: 'Object Repository/DIGITURNO/CONFIGURACION/4Usuarios/5Usuarios en Terminales/0Oficinas/Oficinas/td1_Bogota - CIEL' is clicked on

2023-08-14 14:41:09 - [TEST_STEP][PASSED] - delay(2): Delayed 2 second(s)

2023-08-14 14:41:11 - [MESSAGE][PASSED] - Delayed 2 second(s)

2023-08-14 14:41:11 - [TEST_STEP][PASSED] - click(findTestObject("DIGITURNO/CONFIGURACION/4Usuarios/5Usuarios en Terminales/0Usuarios/td_1CIEL")): Object: 'Object Repository/DIGITURNO/CONFIGURACION/4Usuarios/5Usuarios en Terminales/0Usuarios/td_1CIEL' is clicked on

2023-08-14 14:41:11 - [MESSAGE][PASSED] - Object: 'Object Repository/DIGITURNO/CONFIGURACION/4Usuarios/5Usuarios en Terminales/0Usuarios/td_1CIEL' is clicked on

2023-08-14 14:41:11 - [TEST_STEP][PASSED] - delay(2): Delayed 2 second(s)

2023-08-14 14:41:13 - [MESSAGE][PASSED] - Delayed 2 second(s)

2023-08-14 14:41:13 - [TEST_STEP][PASSED] - click(findTestObject("DIGITURNO/CONFIGURACION/4Usuarios/5Usuarios en Terminales/Selectores Disponibles/a_SeleccionarTodo")): Object: 'Object Repository/DIGITURNO/CONFIGURACION/4Usuarios/5Usuarios en Terminales/Selectores Disponibles/a_SeleccionarTodo' is clicked on

2023-08-14 14:41:14 - [MESSAGE][PASSED] - Object: 'Object Repository/DIGITURNO/CONFIGURACION/4Usuarios/5Usuarios en Terminales/Selectores Disponibles/a_SeleccionarTodo' is clicked on

2023-08-14 14:41:14 - [TEST_STEP][PASSED] - click(findTestObject("DIGITURNO/CONFIGURACION/4Usuarios/5Usuarios en Terminales/Selectores Disponibles/img_Agregar Selectores")): Object: 'Object Repository/DIGITURNO/CONFIGURACION/4Usuarios/5Usuarios en Terminales/Selectores Disponibles/img_Agregar Selectores' is clicked on

2023-08-14 14:41:14 - [MESSAGE][PASSED] - Object: 'Object Repository/DIGITURNO/CONFIGURACION/4Usuarios/5Usuarios en Terminales/Selectores Disponibles/img_Agregar Selectores' is clicked on

2023-08-14 14:41:14 - [TEST_STEP][PASSED] - delay(2): Delayed 2 second(s)

2023-08-14 14:41:16 - [MESSAGE][PASSED] - Delayed 2 second(s)

2023-08-14 14:41:16 - [TEST_STEP][PASSED] - click(findTestObject("DIGITURNO/CONFIGURACION/4Usuarios/5Usuarios en Terminales/Terminales Disponibles/a_SeleccionarTodo")): Object: 'Object Repository/DIGITURNO/CONFIGURACION/4Usuarios/5Usuarios en Terminales/Terminales Disponibles/a_SeleccionarTodo' is clicked on

2023-08-14 14:41:17 - [MESSAGE][PASSED] - Object: 'Object Repository/DIGITURNO/CONFIGURACION/4Usuarios/5Usuarios en Terminales/Terminales Disponibles/a_SeleccionarTodo' is clicked on

2023-08-14 14:41:17 - [TEST_STEP][PASSED] - click(findTestObject("DIGITURNO/CONFIGURACION/4Usuarios/5Usuarios en Terminales/Terminales Disponibles/img_Agregar Terminales")): Object: 'Object Repository/DIGITURNO/CONFIGURACION/4Usuarios/5Usuarios en Terminales/Terminales Disponibles/img_Agregar Terminales' is clicked on

2023-08-14 14:41:17 - [MESSAGE][PASSED] - Object: 'Object Repository/DIGITURNO/CONFIGURACION/4Usuarios/5Usuarios en Terminales/Terminales Disponibles/img_Agregar Terminales' is clicked on

2023-08-14 14:41:17 - [TEST_STEP][PASSED] - delay(3): Delayed 3 second(s)

2023-08-14 14:41:20 - [MESSAGE][PASSED] - Delayed 3 second(s)

2023-08-14 14:41:20 - [TEST_STEP][PASSED] - takeFullPageScreenshot(): Taking screenshot successfully

2023-08-14 14:41:21 - [MESSAGE][INFO] - 0 hidden object(s)

2023-08-14 14:41:21 - [MESSAGE][PASSED] - Taking screenshot successfully
[[ATTACHMENT|C:\\CIEL INGENIERIA\\Katalon\\Digiturno55\\Reports\\20230814_141235\\DIGITURNO\\BASICO\\35 Usuarios por Terminales\\20230814_141311\\1692042080933.png]]

2023-08-14 14:41:21 - [TEST_STEP][PASSED] - delay(3): Delayed 3 second(s)

2023-08-14 14:41:24 - [MESSAGE][PASSED] - Delayed 3 second(s)

2023-08-14 14:41:24 - [TEST_STEP][PASSED] - Start listener action : sampleAfterTestCase: null]]></system-out>
         <system-err><![CDATA[]]></system-err>
      </testcase>
      <system-out><![CDATA[2023-08-14 14:40:42 - [TEST_SUITE][PASSED] - 35 Usuarios por Terminales: Test Cases/DIGITURNO/BASICO/35 Usuarios por Terminales]]></system-out>
      <system-err><![CDATA[]]></system-err>
   </testsuite>
</testsuites>
