<?xml version="1.0" encoding="UTF-8"?>
<testsuites name="35 Usuarios por Terminales" time="42.218" tests="1" failures="0" errors="0">
   <testsuite name="35 Usuarios por Terminales" tests="1" failures="0" errors="0" time="42.218" skipped="0" timestamp="2023-07-11 12:03:47" hostname="jdavila - PCPruebas101.ciel.cielingenieria.com" id="Test Suites/DIGITURNO/BASICO/35 Usuarios por Terminales">
      <properties>
         <property name="deviceName" value=""/>
         <property name="devicePlatform" value=""/>
         <property name="logFolder" value="C:\\CIEL INGENIERIA\\Katalon\\Digiturno55\\Reports\\20230711_113602\\DIGITURNO\\BASICO\\35 Usuarios por Terminales\\20230711_113637"/>
         <property name="logFiles" value="C:\\CIEL INGENIERIA\\Katalon\\Digiturno55\\Reports\\20230711_113602\\DIGITURNO\\BASICO\\35 Usuarios por Terminales\\20230711_113637\\execution0.log"/>
         <property name="attachments" value="C:\\CIEL INGENIERIA\\Katalon\\Digiturno55\\Reports\\20230711_113602\\DIGITURNO\\BASICO\\35 Usuarios por Terminales\\20230711_113637\\1689095046760.png, C:\\CIEL INGENIERIA\\Katalon\\Digiturno55\\Reports\\20230711_113602\\DIGITURNO\\BASICO\\35 Usuarios por Terminales\\20230711_113637\\1689095066016.png"/>
         <property name="hostName" value="jdavila - PCPruebas101.ciel.cielingenieria.com"/>
         <property name="os" value="Windows 10 64bit"/>
         <property name="katalonVersion" value="8.6.0.208"/>
         <property name="browser" value="Chrome 114.0.0.0"/>
         <property name="hostAddress" value="192.168.0.33"/>
         <property name="sessionId" value="92e47ecddb3f0944d9d0c16879f445f3"/>
         <property name="seleniumVersion" value="3.141.59"/>
         <property name="proxyInformation" value="ProxyInformation { proxyOption=NO_PROXY, proxyServerType=HTTP, username=, password=********, proxyServerAddress=, proxyServerPort=0, executionList=&quot;&quot;, isApplyToDesiredCapabilities=true }"/>
         <property name="platform" value="Windows 10"/>
      </properties>
      <testcase name="Test Cases/DIGITURNO/BASICO/35 Usuarios por Terminales" time="41.967" classname="Test Cases/DIGITURNO/BASICO/35 Usuarios por Terminales" status="PASSED">
         <system-out><![CDATA[2023-07-11 12:03:47 - [TEST_CASE][PASSED] - Test Cases/DIGITURNO/BASICO/35 Usuarios por Terminales: Test Cases/DIGITURNO/BASICO/35 Usuarios por Terminales

2023-07-11 12:03:48 - [TEST_STEP][PASSED] - callTestCase(findTestCase("DIGITURNO/BASICO/5 Usuarios"), [:], STOP_ON_FAILURE): Call Test Case 'Test Cases/DIGITURNO/BASICO/5 Usuarios' successfully

2023-07-11 12:03:48 - [TEST_CASE][PASSED] - Test Cases/DIGITURNO/BASICO/5 Usuarios: Test Cases/DIGITURNO/BASICO/5 Usuarios

2023-07-11 12:03:48 - [TEST_STEP][PASSED] - callTestCase(findTestCase("0InicioSesion"), [:], STOP_ON_FAILURE): Call Test Case 'Test Cases/0InicioSesion' successfully

2023-07-11 12:03:48 - [TEST_CASE][PASSED] - Test Cases/0InicioSesion: Test Cases/0InicioSesion

2023-07-11 12:03:48 - [TEST_STEP][PASSED] - openBrowser(UrlDigiturno): Browser is opened with url: 'https://PCPruebas101.ciel.cielingenieria.com:8810'

2023-07-11 12:03:49 - [MESSAGE][INFO] - Starting 'Chrome' driver

2023-07-11 12:03:49 - [MESSAGE][INFO] - User set preference: ['args', '[--use-fake-ui-for-media-stream, --disable-notifications]']

2023-07-11 12:03:49 - [MESSAGE][INFO] - Action delay is set to 0 milliseconds

2023-07-11 12:03:51 - [MESSAGE][PASSED] - Browser is opened with url: 'https://PCPruebas101.ciel.cielingenieria.com:8810'

2023-07-11 12:03:51 - [TEST_STEP][PASSED] - maximizeWindow(): Current window maximized

2023-07-11 12:03:51 - [MESSAGE][PASSED] - Current window maximized

2023-07-11 12:03:51 - [TEST_STEP][PASSED] - delay(3): Delayed 3 second(s)

2023-07-11 12:03:54 - [MESSAGE][PASSED] - Delayed 3 second(s)

2023-07-11 12:03:54 - [TEST_STEP][PASSED] - setText(findTestObject("0Inicio Sesion/input_Usuario"), "Ciel"): Text 'Ciel' is set on object 'Object Repository/0Inicio Sesion/input_Usuario'

2023-07-11 12:03:55 - [MESSAGE][PASSED] - Text 'Ciel' is set on object 'Object Repository/0Inicio Sesion/input_Usuario'

2023-07-11 12:03:55 - [TEST_STEP][PASSED] - setText(findTestObject("0Inicio Sesion/input_Clave"), "digiturno"): Text 'digiturno' is set on object 'Object Repository/0Inicio Sesion/input_Clave'

2023-07-11 12:03:56 - [MESSAGE][PASSED] - Text 'digiturno' is set on object 'Object Repository/0Inicio Sesion/input_Clave'

2023-07-11 12:03:56 - [TEST_STEP][PASSED] - click(findTestObject("0Inicio Sesion/btn_IniciarSesion")): Object: 'Object Repository/0Inicio Sesion/btn_IniciarSesion' is clicked on

2023-07-11 12:03:56 - [MESSAGE][PASSED] - Object: 'Object Repository/0Inicio Sesion/btn_IniciarSesion' is clicked on

2023-07-11 12:03:56 - [TEST_STEP][PASSED] - delay(3): Delayed 3 second(s)

2023-07-11 12:03:59 - [MESSAGE][PASSED] - Delayed 3 second(s)

2023-07-11 12:03:59 - [MESSAGE][PASSED] - Call Test Case 'Test Cases/0InicioSesion' successfully

2023-07-11 12:03:59 - [TEST_STEP][PASSED] - click(findTestObject("DIGITURNO/1Principal/img_Configuracion(1)")): Object: 'Object Repository/DIGITURNO/1Principal/img_Configuracion(1)' is clicked on

2023-07-11 12:04:00 - [MESSAGE][PASSED] - Object: 'Object Repository/DIGITURNO/1Principal/img_Configuracion(1)' is clicked on

2023-07-11 12:04:00 - [TEST_STEP][PASSED] - delay(3): Delayed 3 second(s)

2023-07-11 12:04:03 - [MESSAGE][PASSED] - Delayed 3 second(s)

2023-07-11 12:04:03 - [TEST_STEP][PASSED] - click(findTestObject("DIGITURNO/CONFIGURACION/0Principal/img_4Usuarios")): Object: 'Object Repository/DIGITURNO/CONFIGURACION/0Principal/img_4Usuarios' is clicked on

2023-07-11 12:04:03 - [MESSAGE][PASSED] - Object: 'Object Repository/DIGITURNO/CONFIGURACION/0Principal/img_4Usuarios' is clicked on

2023-07-11 12:04:03 - [TEST_STEP][PASSED] - delay(3): Delayed 3 second(s)

2023-07-11 12:04:06 - [MESSAGE][PASSED] - Delayed 3 second(s)

2023-07-11 12:04:06 - [TEST_STEP][PASSED] - takeFullPageScreenshot(STOP_ON_FAILURE): Taking screenshot successfully

2023-07-11 12:04:07 - [MESSAGE][INFO] - 0 hidden object(s)

2023-07-11 12:04:07 - [MESSAGE][PASSED] - Taking screenshot successfully
[[ATTACHMENT|C:\\CIEL INGENIERIA\\Katalon\\Digiturno55\\Reports\\20230711_113602\\DIGITURNO\\BASICO\\35 Usuarios por Terminales\\20230711_113637\\1689095046760.png]]

2023-07-11 12:04:07 - [TEST_STEP][PASSED] - delay(3): Delayed 3 second(s)

2023-07-11 12:04:10 - [MESSAGE][PASSED] - Delayed 3 second(s)

2023-07-11 12:04:10 - [MESSAGE][PASSED] - Call Test Case 'Test Cases/DIGITURNO/BASICO/5 Usuarios' successfully

2023-07-11 12:04:10 - [TEST_STEP][PASSED] - click(findTestObject("DIGITURNO/CONFIGURACION/4Usuarios/0Principal/img_5Usuarios en Terminales")): Object: 'Object Repository/DIGITURNO/CONFIGURACION/4Usuarios/0Principal/img_5Usuarios en Terminales' is clicked on

2023-07-11 12:04:11 - [MESSAGE][PASSED] - Object: 'Object Repository/DIGITURNO/CONFIGURACION/4Usuarios/0Principal/img_5Usuarios en Terminales' is clicked on

2023-07-11 12:04:11 - [TEST_STEP][PASSED] - delay(3): Delayed 3 second(s)

2023-07-11 12:04:14 - [MESSAGE][PASSED] - Delayed 3 second(s)

2023-07-11 12:04:14 - [TEST_STEP][PASSED] - click(findTestObject("DIGITURNO/CONFIGURACION/4Usuarios/5Usuarios en Terminales/0Oficinas/Oficinas/td1_Bogota - CIEL")): Object: 'Object Repository/DIGITURNO/CONFIGURACION/4Usuarios/5Usuarios en Terminales/0Oficinas/Oficinas/td1_Bogota - CIEL' is clicked on

2023-07-11 12:04:14 - [MESSAGE][PASSED] - Object: 'Object Repository/DIGITURNO/CONFIGURACION/4Usuarios/5Usuarios en Terminales/0Oficinas/Oficinas/td1_Bogota - CIEL' is clicked on

2023-07-11 12:04:14 - [TEST_STEP][PASSED] - delay(2): Delayed 2 second(s)

2023-07-11 12:04:16 - [MESSAGE][PASSED] - Delayed 2 second(s)

2023-07-11 12:04:16 - [TEST_STEP][PASSED] - click(findTestObject("DIGITURNO/CONFIGURACION/4Usuarios/5Usuarios en Terminales/0Usuarios/td_1CIEL")): Object: 'Object Repository/DIGITURNO/CONFIGURACION/4Usuarios/5Usuarios en Terminales/0Usuarios/td_1CIEL' is clicked on

2023-07-11 12:04:16 - [MESSAGE][PASSED] - Object: 'Object Repository/DIGITURNO/CONFIGURACION/4Usuarios/5Usuarios en Terminales/0Usuarios/td_1CIEL' is clicked on

2023-07-11 12:04:16 - [TEST_STEP][PASSED] - delay(2): Delayed 2 second(s)

2023-07-11 12:04:18 - [MESSAGE][PASSED] - Delayed 2 second(s)

2023-07-11 12:04:18 - [TEST_STEP][PASSED] - click(findTestObject("DIGITURNO/CONFIGURACION/4Usuarios/5Usuarios en Terminales/Selectores Disponibles/a_SeleccionarTodo")): Object: 'Object Repository/DIGITURNO/CONFIGURACION/4Usuarios/5Usuarios en Terminales/Selectores Disponibles/a_SeleccionarTodo' is clicked on

2023-07-11 12:04:19 - [MESSAGE][PASSED] - Object: 'Object Repository/DIGITURNO/CONFIGURACION/4Usuarios/5Usuarios en Terminales/Selectores Disponibles/a_SeleccionarTodo' is clicked on

2023-07-11 12:04:19 - [TEST_STEP][PASSED] - click(findTestObject("DIGITURNO/CONFIGURACION/4Usuarios/5Usuarios en Terminales/Selectores Disponibles/img_Agregar Selectores")): Object: 'Object Repository/DIGITURNO/CONFIGURACION/4Usuarios/5Usuarios en Terminales/Selectores Disponibles/img_Agregar Selectores' is clicked on

2023-07-11 12:04:19 - [MESSAGE][PASSED] - Object: 'Object Repository/DIGITURNO/CONFIGURACION/4Usuarios/5Usuarios en Terminales/Selectores Disponibles/img_Agregar Selectores' is clicked on

2023-07-11 12:04:19 - [TEST_STEP][PASSED] - delay(2): Delayed 2 second(s)

2023-07-11 12:04:21 - [MESSAGE][PASSED] - Delayed 2 second(s)

2023-07-11 12:04:21 - [TEST_STEP][PASSED] - click(findTestObject("DIGITURNO/CONFIGURACION/4Usuarios/5Usuarios en Terminales/Terminales Disponibles/a_SeleccionarTodo")): Object: 'Object Repository/DIGITURNO/CONFIGURACION/4Usuarios/5Usuarios en Terminales/Terminales Disponibles/a_SeleccionarTodo' is clicked on

2023-07-11 12:04:22 - [MESSAGE][PASSED] - Object: 'Object Repository/DIGITURNO/CONFIGURACION/4Usuarios/5Usuarios en Terminales/Terminales Disponibles/a_SeleccionarTodo' is clicked on

2023-07-11 12:04:22 - [TEST_STEP][PASSED] - click(findTestObject("DIGITURNO/CONFIGURACION/4Usuarios/5Usuarios en Terminales/Terminales Disponibles/img_Agregar Terminales")): Object: 'Object Repository/DIGITURNO/CONFIGURACION/4Usuarios/5Usuarios en Terminales/Terminales Disponibles/img_Agregar Terminales' is clicked on

2023-07-11 12:04:23 - [MESSAGE][PASSED] - Object: 'Object Repository/DIGITURNO/CONFIGURACION/4Usuarios/5Usuarios en Terminales/Terminales Disponibles/img_Agregar Terminales' is clicked on

2023-07-11 12:04:23 - [TEST_STEP][PASSED] - delay(3): Delayed 3 second(s)

2023-07-11 12:04:26 - [MESSAGE][PASSED] - Delayed 3 second(s)

2023-07-11 12:04:26 - [TEST_STEP][PASSED] - takeFullPageScreenshot(): Taking screenshot successfully

2023-07-11 12:04:26 - [MESSAGE][INFO] - 0 hidden object(s)

2023-07-11 12:04:26 - [MESSAGE][PASSED] - Taking screenshot successfully
[[ATTACHMENT|C:\\CIEL INGENIERIA\\Katalon\\Digiturno55\\Reports\\20230711_113602\\DIGITURNO\\BASICO\\35 Usuarios por Terminales\\20230711_113637\\1689095066016.png]]

2023-07-11 12:04:26 - [TEST_STEP][PASSED] - delay(3): Delayed 3 second(s)

2023-07-11 12:04:29 - [MESSAGE][PASSED] - Delayed 3 second(s)

2023-07-11 12:04:29 - [TEST_STEP][PASSED] - Start listener action : sampleAfterTestCase: null]]></system-out>
         <system-err><![CDATA[]]></system-err>
      </testcase>
      <system-out><![CDATA[2023-07-11 12:03:47 - [TEST_SUITE][PASSED] - 35 Usuarios por Terminales: Test Cases/DIGITURNO/BASICO/35 Usuarios por Terminales]]></system-out>
      <system-err><![CDATA[]]></system-err>
   </testsuite>
</testsuites>
