<?xml version="1.0" encoding="UTF-8"?>
<testsuites name="43 Calificacion" time="43.832" tests="1" failures="0" errors="0">
   <testsuite name="43 Calificacion" tests="1" failures="0" errors="0" time="43.832" skipped="0" timestamp="2023-07-11 12:12:48" hostname="jdavila - PCPruebas101.ciel.cielingenieria.com" id="Test Suites/DIGITURNO/BASICO/43 Calificacion">
      <properties>
         <property name="deviceName" value=""/>
         <property name="devicePlatform" value=""/>
         <property name="logFolder" value="C:\\CIEL INGENIERIA\\Katalon\\Digiturno55\\Reports\\20230711_113602\\DIGITURNO\\BASICO\\43 Calificacion\\20230711_113649"/>
         <property name="logFiles" value="C:\\CIEL INGENIERIA\\Katalon\\Digiturno55\\Reports\\20230711_113602\\DIGITURNO\\BASICO\\43 Calificacion\\20230711_113649\\execution0.log"/>
         <property name="attachments" value="C:\\CIEL INGENIERIA\\Katalon\\Digiturno55\\Reports\\20230711_113602\\DIGITURNO\\BASICO\\43 Calificacion\\20230711_113649\\1689095584801.png, C:\\CIEL INGENIERIA\\Katalon\\Digiturno55\\Reports\\20230711_113602\\DIGITURNO\\BASICO\\43 Calificacion\\20230711_113649\\1689095592116.png, C:\\CIEL INGENIERIA\\Katalon\\Digiturno55\\Reports\\20230711_113602\\DIGITURNO\\BASICO\\43 Calificacion\\20230711_113649\\1689095609249.png"/>
         <property name="hostName" value="jdavila - PCPruebas101.ciel.cielingenieria.com"/>
         <property name="os" value="Windows 10 64bit"/>
         <property name="katalonVersion" value="8.6.0.208"/>
         <property name="browser" value="Chrome 114.0.0.0"/>
         <property name="hostAddress" value="192.168.0.33"/>
         <property name="sessionId" value="9ab8a1f707fdb53b6b1561745cf6ee1f"/>
         <property name="seleniumVersion" value="3.141.59"/>
         <property name="proxyInformation" value="ProxyInformation { proxyOption=NO_PROXY, proxyServerType=HTTP, username=, password=********, proxyServerAddress=, proxyServerPort=0, executionList=&quot;&quot;, isApplyToDesiredCapabilities=true }"/>
         <property name="platform" value="Windows 10"/>
      </properties>
      <testcase name="Test Cases/DIGITURNO/BASICO/43 Calificacion Crear" time="43.584" classname="Test Cases/DIGITURNO/BASICO/43 Calificacion Crear" status="PASSED">
         <system-out><![CDATA[2023-07-11 12:12:49 - [TEST_CASE][PASSED] - Test Cases/DIGITURNO/BASICO/43 Calificacion Crear: Test Cases/DIGITURNO/BASICO/43 Calificacion Crear

2023-07-11 12:12:49 - [TEST_STEP][PASSED] - callTestCase(findTestCase("DIGITURNO/BASICO/32 Elementos del Sistema"), [:], STOP_ON_FAILURE): Call Test Case 'Test Cases/DIGITURNO/BASICO/32 Elementos del Sistema' successfully

2023-07-11 12:12:49 - [TEST_CASE][PASSED] - Test Cases/DIGITURNO/BASICO/32 Elementos del Sistema: Test Cases/DIGITURNO/BASICO/32 Elementos del Sistema

2023-07-11 12:12:49 - [TEST_STEP][PASSED] - callTestCase(findTestCase("DIGITURNO/BASICO/3 Configuracion"), [:], STOP_ON_FAILURE): Call Test Case 'Test Cases/DIGITURNO/BASICO/3 Configuracion' successfully

2023-07-11 12:12:49 - [TEST_CASE][PASSED] - Test Cases/DIGITURNO/BASICO/3 Configuracion: Test Cases/DIGITURNO/BASICO/3 Configuracion

2023-07-11 12:12:50 - [TEST_STEP][PASSED] - callTestCase(findTestCase("0InicioSesion"), [:], STOP_ON_FAILURE): Call Test Case 'Test Cases/0InicioSesion' successfully

2023-07-11 12:12:50 - [TEST_CASE][PASSED] - Test Cases/0InicioSesion: Test Cases/0InicioSesion

2023-07-11 12:12:50 - [TEST_STEP][PASSED] - openBrowser(UrlDigiturno): Browser is opened with url: 'https://PCPruebas101.ciel.cielingenieria.com:8810'

2023-07-11 12:12:50 - [MESSAGE][INFO] - Starting 'Chrome' driver

2023-07-11 12:12:50 - [MESSAGE][INFO] - User set preference: ['args', '[--use-fake-ui-for-media-stream, --disable-notifications]']

2023-07-11 12:12:50 - [MESSAGE][INFO] - Action delay is set to 0 milliseconds

2023-07-11 12:12:53 - [MESSAGE][PASSED] - Browser is opened with url: 'https://PCPruebas101.ciel.cielingenieria.com:8810'

2023-07-11 12:12:53 - [TEST_STEP][PASSED] - maximizeWindow(): Current window maximized

2023-07-11 12:12:53 - [MESSAGE][PASSED] - Current window maximized

2023-07-11 12:12:53 - [TEST_STEP][PASSED] - delay(3): Delayed 3 second(s)

2023-07-11 12:12:56 - [MESSAGE][PASSED] - Delayed 3 second(s)

2023-07-11 12:12:56 - [TEST_STEP][PASSED] - setText(findTestObject("0Inicio Sesion/input_Usuario"), "Ciel"): Text 'Ciel' is set on object 'Object Repository/0Inicio Sesion/input_Usuario'

2023-07-11 12:12:56 - [MESSAGE][PASSED] - Text 'Ciel' is set on object 'Object Repository/0Inicio Sesion/input_Usuario'

2023-07-11 12:12:56 - [TEST_STEP][PASSED] - setText(findTestObject("0Inicio Sesion/input_Clave"), "digiturno"): Text 'digiturno' is set on object 'Object Repository/0Inicio Sesion/input_Clave'

2023-07-11 12:12:57 - [MESSAGE][PASSED] - Text 'digiturno' is set on object 'Object Repository/0Inicio Sesion/input_Clave'

2023-07-11 12:12:57 - [TEST_STEP][PASSED] - click(findTestObject("0Inicio Sesion/btn_IniciarSesion")): Object: 'Object Repository/0Inicio Sesion/btn_IniciarSesion' is clicked on

2023-07-11 12:12:58 - [MESSAGE][PASSED] - Object: 'Object Repository/0Inicio Sesion/btn_IniciarSesion' is clicked on

2023-07-11 12:12:58 - [TEST_STEP][PASSED] - delay(3): Delayed 3 second(s)

2023-07-11 12:13:01 - [MESSAGE][PASSED] - Delayed 3 second(s)

2023-07-11 12:13:01 - [MESSAGE][PASSED] - Call Test Case 'Test Cases/0InicioSesion' successfully

2023-07-11 12:13:01 - [TEST_STEP][PASSED] - click(findTestObject("DIGITURNO/1Principal/img_Configuracion(1)")): Object: 'Object Repository/DIGITURNO/1Principal/img_Configuracion(1)' is clicked on

2023-07-11 12:13:01 - [MESSAGE][PASSED] - Object: 'Object Repository/DIGITURNO/1Principal/img_Configuracion(1)' is clicked on

2023-07-11 12:13:01 - [TEST_STEP][PASSED] - delay(3): Delayed 3 second(s)

2023-07-11 12:13:04 - [MESSAGE][PASSED] - Delayed 3 second(s)

2023-07-11 12:13:04 - [TEST_STEP][PASSED] - takeFullPageScreenshot(): Taking screenshot successfully

2023-07-11 12:13:05 - [MESSAGE][INFO] - 0 hidden object(s)

2023-07-11 12:13:05 - [MESSAGE][PASSED] - Taking screenshot successfully
[[ATTACHMENT|C:\\CIEL INGENIERIA\\Katalon\\Digiturno55\\Reports\\20230711_113602\\DIGITURNO\\BASICO\\43 Calificacion\\20230711_113649\\1689095584801.png]]

2023-07-11 12:13:05 - [TEST_STEP][PASSED] - delay(3): Delayed 3 second(s)

2023-07-11 12:13:08 - [MESSAGE][PASSED] - Delayed 3 second(s)

2023-07-11 12:13:08 - [MESSAGE][PASSED] - Call Test Case 'Test Cases/DIGITURNO/BASICO/3 Configuracion' successfully

2023-07-11 12:13:08 - [TEST_STEP][PASSED] - click(findTestObject("DIGITURNO/CONFIGURACION/0Principal/img_6Elementos del sistema")): Object: 'Object Repository/DIGITURNO/CONFIGURACION/0Principal/img_6Elementos del sistema' is clicked on

2023-07-11 12:13:09 - [MESSAGE][PASSED] - Object: 'Object Repository/DIGITURNO/CONFIGURACION/0Principal/img_6Elementos del sistema' is clicked on

2023-07-11 12:13:09 - [TEST_STEP][PASSED] - delay(3): Delayed 3 second(s)

2023-07-11 12:13:12 - [MESSAGE][PASSED] - Delayed 3 second(s)

2023-07-11 12:13:12 - [TEST_STEP][PASSED] - takeFullPageScreenshot(): Taking screenshot successfully

2023-07-11 12:13:12 - [MESSAGE][INFO] - 0 hidden object(s)

2023-07-11 12:13:12 - [MESSAGE][PASSED] - Taking screenshot successfully
[[ATTACHMENT|C:\\CIEL INGENIERIA\\Katalon\\Digiturno55\\Reports\\20230711_113602\\DIGITURNO\\BASICO\\43 Calificacion\\20230711_113649\\1689095592116.png]]

2023-07-11 12:13:12 - [TEST_STEP][PASSED] - delay(3): Delayed 3 second(s)

2023-07-11 12:13:15 - [MESSAGE][PASSED] - Delayed 3 second(s)

2023-07-11 12:13:15 - [MESSAGE][PASSED] - Call Test Case 'Test Cases/DIGITURNO/BASICO/32 Elementos del Sistema' successfully

2023-07-11 12:13:15 - [TEST_STEP][PASSED] - click(findTestObject("DIGITURNO/CONFIGURACION/6Elementos del Sistema/0Principal/img_4Calificacion")): Object: 'Object Repository/DIGITURNO/CONFIGURACION/6Elementos del Sistema/0Principal/img_4Calificacion' is clicked on

2023-07-11 12:13:16 - [MESSAGE][PASSED] - Object: 'Object Repository/DIGITURNO/CONFIGURACION/6Elementos del Sistema/0Principal/img_4Calificacion' is clicked on

2023-07-11 12:13:16 - [TEST_STEP][PASSED] - delay(3): Delayed 3 second(s)

2023-07-11 12:13:19 - [MESSAGE][PASSED] - Delayed 3 second(s)

2023-07-11 12:13:19 - [TEST_STEP][PASSED] - click(findTestObject("DIGITURNO/CONFIGURACION/6Elementos del Sistema/4 Calificacion/Lista de oficinas/td_1 Bogota - CIEL")): Object: 'Object Repository/DIGITURNO/CONFIGURACION/6Elementos del Sistema/4 Calificacion/Lista de oficinas/td_1 Bogota - CIEL' is clicked on

2023-07-11 12:13:19 - [MESSAGE][PASSED] - Object: 'Object Repository/DIGITURNO/CONFIGURACION/6Elementos del Sistema/4 Calificacion/Lista de oficinas/td_1 Bogota - CIEL' is clicked on

2023-07-11 12:13:19 - [TEST_STEP][PASSED] - delay(3): Delayed 3 second(s)

2023-07-11 12:13:22 - [MESSAGE][PASSED] - Delayed 3 second(s)

2023-07-11 12:13:22 - [TEST_STEP][PASSED] - setText(findTestObject("DIGITURNO/CONFIGURACION/6Elementos del Sistema/4 Calificacion/Preguntas/input_TextoPregunta"), "¿Cómo le pareció la atención brindada del Asesor?"): Text '¿Cómo le pareció la atención brindada del Asesor?' is set on object 'Object Repository/DIGITURNO/CONFIGURACION/6Elementos del Sistema/4 Calificacion/Preguntas/input_TextoPregunta'

2023-07-11 12:13:23 - [MESSAGE][PASSED] - Text '¿Cómo le pareció la atención brindada del Asesor?' is set on object 'Object Repository/DIGITURNO/CONFIGURACION/6Elementos del Sistema/4 Calificacion/Preguntas/input_TextoPregunta'

2023-07-11 12:13:23 - [TEST_STEP][PASSED] - delay(2): Delayed 2 second(s)

2023-07-11 12:13:25 - [MESSAGE][PASSED] - Delayed 2 second(s)

2023-07-11 12:13:25 - [TEST_STEP][PASSED] - click(findTestObject("DIGITURNO/CONFIGURACION/6Elementos del Sistema/4 Calificacion/Preguntas/img_Nuevo")): Object: 'Object Repository/DIGITURNO/CONFIGURACION/6Elementos del Sistema/4 Calificacion/Preguntas/img_Nuevo' is clicked on

2023-07-11 12:13:26 - [MESSAGE][PASSED] - Object: 'Object Repository/DIGITURNO/CONFIGURACION/6Elementos del Sistema/4 Calificacion/Preguntas/img_Nuevo' is clicked on

2023-07-11 12:13:26 - [TEST_STEP][PASSED] - delay(3): Delayed 3 second(s)

2023-07-11 12:13:29 - [MESSAGE][PASSED] - Delayed 3 second(s)

2023-07-11 12:13:29 - [TEST_STEP][PASSED] - takeFullPageScreenshot(): Taking screenshot successfully

2023-07-11 12:13:29 - [MESSAGE][INFO] - 0 hidden object(s)

2023-07-11 12:13:29 - [MESSAGE][PASSED] - Taking screenshot successfully
[[ATTACHMENT|C:\\CIEL INGENIERIA\\Katalon\\Digiturno55\\Reports\\20230711_113602\\DIGITURNO\\BASICO\\43 Calificacion\\20230711_113649\\1689095609249.png]]

2023-07-11 12:13:29 - [TEST_STEP][PASSED] - delay(3): Delayed 3 second(s)

2023-07-11 12:13:32 - [MESSAGE][PASSED] - Delayed 3 second(s)

2023-07-11 12:13:32 - [TEST_STEP][PASSED] - Start listener action : sampleAfterTestCase: null]]></system-out>
         <system-err><![CDATA[]]></system-err>
      </testcase>
      <system-out><![CDATA[2023-07-11 12:12:48 - [TEST_SUITE][PASSED] - 43 Calificacion: Test Cases/DIGITURNO/BASICO/43 Calificacion Crear]]></system-out>
      <system-err><![CDATA[]]></system-err>
   </testsuite>
</testsuites>
