<?xml version="1.0" encoding="UTF-8"?>
<testsuites name="5.3 Crear Grupos WorkFlow" time="126.773" tests="1" failures="0" errors="0">
   <testsuite name="5.3 Crear Grupos WorkFlow" tests="1" failures="0" errors="0" time="126.773" skipped="0" timestamp="2024-04-02 15:10:34" hostname="jdavila - PCPruebas101.ciel.cielingenieria.com" id="Test Suites/WIZARD/3Infraestructura/3Grupos/5.3 Crear Grupos WorkFlow">
      <properties>
         <property name="deviceName" value=""/>
         <property name="devicePlatform" value=""/>
         <property name="logFolder" value="C:\\CIEL INGENIERIA\\Katalon\\Digiturno55\\Reports\\20240402_143907\\WIZARD\\3Infraestructura\\3Grupos\\5.3 Crear Grupos WorkFlow\\20240402_143958"/>
         <property name="logFiles" value="C:\\CIEL INGENIERIA\\Katalon\\Digiturno55\\Reports\\20240402_143907\\WIZARD\\3Infraestructura\\3Grupos\\5.3 Crear Grupos WorkFlow\\20240402_143958\\execution0.log"/>
         <property name="attachments" value="C:\\CIEL INGENIERIA\\Katalon\\Digiturno55\\Reports\\20240402_143907\\WIZARD\\3Infraestructura\\3Grupos\\5.3 Crear Grupos WorkFlow\\20240402_143958\\1712088756778.png"/>
         <property name="hostName" value="jdavila - PCPruebas101.ciel.cielingenieria.com"/>
         <property name="os" value="Windows 10 64bit"/>
         <property name="katalonVersion" value="8.6.9.208"/>
         <property name="browser" value="Chrome 123.0.0.0"/>
         <property name="hostAddress" value="192.168.91.18"/>
         <property name="sessionId" value="8c289fd8ae23f3c004f85726bdf1c5fb"/>
         <property name="seleniumVersion" value="3.141.59"/>
         <property name="proxyInformation" value="ProxyInformation { proxyOption=NO_PROXY, proxyServerType=HTTP, username=, password=********, proxyServerAddress=, proxyServerPort=0, executionList=&quot;&quot;, isApplyToDesiredCapabilities=true }"/>
         <property name="platform" value="Windows 10"/>
      </properties>
      <testcase name="Test Cases/WIZARD/3Infraestructura/3Grupos/5.3 Crear Grupos WorkFlow" time="126.516" classname="Test Cases/WIZARD/3Infraestructura/3Grupos/5.3 Crear Grupos WorkFlow" status="PASSED">
         <system-out><![CDATA[2024-04-02 15:10:34 - [TEST_CASE][PASSED] - Test Cases/WIZARD/3Infraestructura/3Grupos/5.3 Crear Grupos WorkFlow: Test Cases/WIZARD/3Infraestructura/3Grupos/5.3 Crear Grupos WorkFlow

2024-04-02 15:10:34 - [TEST_STEP][PASSED] - callTestCase(findTestCase("0InicioSesion"), [:], STOP_ON_FAILURE): Call Test Case 'Test Cases/0InicioSesion' successfully

2024-04-02 15:10:34 - [TEST_CASE][PASSED] - Test Cases/0InicioSesion: Test Cases/0InicioSesion

2024-04-02 15:10:35 - [TEST_STEP][PASSED] - openBrowser(UrlDigiturno): Browser is opened with url: 'https://PCPruebas101.ciel.cielingenieria.com:8910'

2024-04-02 15:10:35 - [MESSAGE][INFO] - Starting 'Chrome' driver

2024-04-02 15:10:35 - [MESSAGE][INFO] - User set preference: ['args', '[--use-fake-ui-for-media-stream, --disable-notifications]']

2024-04-02 15:10:35 - [MESSAGE][INFO] - Action delay is set to 0 milliseconds

2024-04-02 15:10:38 - [MESSAGE][PASSED] - Browser is opened with url: 'https://PCPruebas101.ciel.cielingenieria.com:8910'

2024-04-02 15:10:38 - [TEST_STEP][PASSED] - maximizeWindow(): Current window maximized

2024-04-02 15:10:38 - [MESSAGE][PASSED] - Current window maximized

2024-04-02 15:10:38 - [TEST_STEP][PASSED] - delay(3): Delayed 3 second(s)

2024-04-02 15:10:41 - [MESSAGE][PASSED] - Delayed 3 second(s)

2024-04-02 15:10:41 - [TEST_STEP][PASSED] - setText(findTestObject("0Inicio Sesion/input_Usuario"), "Ciel"): Text 'Ciel' is set on object 'Object Repository/0Inicio Sesion/input_Usuario'

2024-04-02 15:10:42 - [MESSAGE][PASSED] - Text 'Ciel' is set on object 'Object Repository/0Inicio Sesion/input_Usuario'

2024-04-02 15:10:42 - [TEST_STEP][PASSED] - setText(findTestObject("0Inicio Sesion/input_Clave"), "digiturno"): Text 'digiturno' is set on object 'Object Repository/0Inicio Sesion/input_Clave'

2024-04-02 15:10:43 - [MESSAGE][PASSED] - Text 'digiturno' is set on object 'Object Repository/0Inicio Sesion/input_Clave'

2024-04-02 15:10:43 - [TEST_STEP][PASSED] - click(findTestObject("0Inicio Sesion/btn_IniciarSesion")): Object: 'Object Repository/0Inicio Sesion/btn_IniciarSesion' is clicked on

2024-04-02 15:10:43 - [MESSAGE][PASSED] - Object: 'Object Repository/0Inicio Sesion/btn_IniciarSesion' is clicked on

2024-04-02 15:10:43 - [TEST_STEP][PASSED] - delay(3): Delayed 3 second(s)

2024-04-02 15:10:46 - [MESSAGE][PASSED] - Delayed 3 second(s)

2024-04-02 15:10:46 - [MESSAGE][PASSED] - Call Test Case 'Test Cases/0InicioSesion' successfully

2024-04-02 15:10:46 - [TEST_STEP][PASSED] - click(findTestObject("WIZARD/0Principal/img_InfraestructuraMAX")): Object: 'Object Repository/WIZARD/0Principal/img_InfraestructuraMAX' is clicked on

2024-04-02 15:10:47 - [MESSAGE][PASSED] - Object: 'Object Repository/WIZARD/0Principal/img_InfraestructuraMAX' is clicked on

2024-04-02 15:10:47 - [TEST_STEP][PASSED] - delay(3): Delayed 3 second(s)

2024-04-02 15:10:50 - [MESSAGE][PASSED] - Delayed 3 second(s)

2024-04-02 15:10:50 - [TEST_STEP][PASSED] - click(findTestObject("WIZARD/3Infraestructura/0Menu/span_Grupos")): Object: 'Object Repository/WIZARD/3Infraestructura/0Menu/span_Grupos' is clicked on

2024-04-02 15:10:51 - [MESSAGE][PASSED] - Object: 'Object Repository/WIZARD/3Infraestructura/0Menu/span_Grupos' is clicked on

2024-04-02 15:10:51 - [TEST_STEP][PASSED] - delay(3): Delayed 3 second(s)

2024-04-02 15:10:54 - [MESSAGE][PASSED] - Delayed 3 second(s)

2024-04-02 15:10:54 - [TEST_STEP][PASSED] - click(findTestObject("WIZARD/3Infraestructura/3Grupos/Edicion/btn_Sala")): Object: 'Object Repository/WIZARD/3Infraestructura/3Grupos/Edicion/btn_Sala' is clicked on

2024-04-02 15:10:54 - [MESSAGE][PASSED] - Object: 'Object Repository/WIZARD/3Infraestructura/3Grupos/Edicion/btn_Sala' is clicked on

2024-04-02 15:10:54 - [TEST_STEP][PASSED] - delay(3): Delayed 3 second(s)

2024-04-02 15:10:57 - [MESSAGE][PASSED] - Delayed 3 second(s)

2024-04-02 15:10:57 - [TEST_STEP][PASSED] - click(findTestObject("WIZARD/3Infraestructura/3Grupos/Edicion/btn_Sala(1)/a_WorkFlow - Sala General")): Object: 'Object Repository/WIZARD/3Infraestructura/3Grupos/Edicion/btn_Sala(1)/a_WorkFlow - Sala General' is clicked on

2024-04-02 15:10:58 - [MESSAGE][PASSED] - Object: 'Object Repository/WIZARD/3Infraestructura/3Grupos/Edicion/btn_Sala(1)/a_WorkFlow - Sala General' is clicked on

2024-04-02 15:10:58 - [TEST_STEP][PASSED] - delay(3): Delayed 3 second(s)

2024-04-02 15:11:01 - [MESSAGE][PASSED] - Delayed 3 second(s)

2024-04-02 15:11:01 - [TEST_STEP][PASSED] - setText(findTestObject("WIZARD/3Infraestructura/3Grupos/Edicion/input_Nombre"), "Grupo General"): Text 'Grupo General' is set on object 'Object Repository/WIZARD/3Infraestructura/3Grupos/Edicion/input_Nombre'

2024-04-02 15:11:01 - [MESSAGE][PASSED] - Text 'Grupo General' is set on object 'Object Repository/WIZARD/3Infraestructura/3Grupos/Edicion/input_Nombre'

2024-04-02 15:11:01 - [TEST_STEP][PASSED] - setText(findTestObject("WIZARD/3Infraestructura/3Grupos/Edicion/textarea_Descripcion"), "WorkFlow - Grupo General"): Text 'WorkFlow - Grupo General' is set on object 'Object Repository/WIZARD/3Infraestructura/3Grupos/Edicion/textarea_Descripcion'

2024-04-02 15:11:02 - [MESSAGE][PASSED] - Text 'WorkFlow - Grupo General' is set on object 'Object Repository/WIZARD/3Infraestructura/3Grupos/Edicion/textarea_Descripcion'

2024-04-02 15:11:02 - [TEST_STEP][PASSED] - scrollToPosition(0, 800): Browser is scrolled to position x = 0, y = 800

2024-04-02 15:11:02 - [MESSAGE][PASSED] - Browser is scrolled to position x = 0, y = 800

2024-04-02 15:11:02 - [TEST_STEP][PASSED] - selectOptionByLabel(findTestObject("WIZARD/3Infraestructura/3Grupos/Edicion/select_Nivel de visualizacion en Transferencias"), "Área", false): All options with label 'Área' are selected in object 'Object Repository/WIZARD/3Infraestructura/3Grupos/Edicion/select_Nivel de visualizacion en Transferencias' 

2024-04-02 15:11:03 - [MESSAGE][PASSED] - All options with label 'Área' are selected in object 'Object Repository/WIZARD/3Infraestructura/3Grupos/Edicion/select_Nivel de visualizacion en Transferencias' 

2024-04-02 15:11:03 - [TEST_STEP][PASSED] - delay(2): Delayed 2 second(s)

2024-04-02 15:11:05 - [MESSAGE][PASSED] - Delayed 2 second(s)

2024-04-02 15:11:05 - [TEST_STEP][PASSED] - selectOptionByLabel(findTestObject("WIZARD/3Infraestructura/3Grupos/Edicion/select_Nivel de visualizacion en Nuevo Servicio"), "Área", false): All options with label 'Área' are selected in object 'Object Repository/WIZARD/3Infraestructura/3Grupos/Edicion/select_Nivel de visualizacion en Nuevo Servicio' 

2024-04-02 15:11:06 - [MESSAGE][PASSED] - All options with label 'Área' are selected in object 'Object Repository/WIZARD/3Infraestructura/3Grupos/Edicion/select_Nivel de visualizacion en Nuevo Servicio' 

2024-04-02 15:11:06 - [TEST_STEP][PASSED] - delay(2): Delayed 2 second(s)

2024-04-02 15:11:08 - [MESSAGE][PASSED] - Delayed 2 second(s)

2024-04-02 15:11:08 - [TEST_STEP][PASSED] - scrollToPosition(0, 0): Browser is scrolled to position x = 0, y = 0

2024-04-02 15:11:08 - [MESSAGE][PASSED] - Browser is scrolled to position x = 0, y = 0

2024-04-02 15:11:08 - [TEST_STEP][PASSED] - click(findTestObject("WIZARD/3Infraestructura/3Grupos/Edicion/img_Nuevo")): Object: 'Object Repository/WIZARD/3Infraestructura/3Grupos/Edicion/img_Nuevo' is clicked on

2024-04-02 15:11:08 - [MESSAGE][PASSED] - Object: 'Object Repository/WIZARD/3Infraestructura/3Grupos/Edicion/img_Nuevo' is clicked on

2024-04-02 15:11:08 - [TEST_STEP][PASSED] - delay(3): Delayed 3 second(s)

2024-04-02 15:11:11 - [MESSAGE][PASSED] - Delayed 3 second(s)

2024-04-02 15:11:11 - [TEST_STEP][PASSED] - click(findTestObject("WIZARD/3Infraestructura/0Menu/span_Grupos")): Object: 'Object Repository/WIZARD/3Infraestructura/0Menu/span_Grupos' is clicked on

2024-04-02 15:11:12 - [MESSAGE][PASSED] - Object: 'Object Repository/WIZARD/3Infraestructura/0Menu/span_Grupos' is clicked on

2024-04-02 15:11:12 - [TEST_STEP][PASSED] - delay(3): Delayed 3 second(s)

2024-04-02 15:11:15 - [MESSAGE][PASSED] - Delayed 3 second(s)

2024-04-02 15:11:15 - [TEST_STEP][PASSED] - click(findTestObject("WIZARD/3Infraestructura/3Grupos/Edicion/btn_Sala")): Object: 'Object Repository/WIZARD/3Infraestructura/3Grupos/Edicion/btn_Sala' is clicked on

2024-04-02 15:11:15 - [MESSAGE][PASSED] - Object: 'Object Repository/WIZARD/3Infraestructura/3Grupos/Edicion/btn_Sala' is clicked on

2024-04-02 15:11:15 - [TEST_STEP][PASSED] - delay(3): Delayed 3 second(s)

2024-04-02 15:11:18 - [MESSAGE][PASSED] - Delayed 3 second(s)

2024-04-02 15:11:18 - [TEST_STEP][PASSED] - click(findTestObject("WIZARD/3Infraestructura/3Grupos/Edicion/btn_Sala(1)/a_WorkFlow - Sala Entrega Documentos")): Object: 'Object Repository/WIZARD/3Infraestructura/3Grupos/Edicion/btn_Sala(1)/a_WorkFlow - Sala Entrega Documentos' is clicked on

2024-04-02 15:11:19 - [MESSAGE][PASSED] - Object: 'Object Repository/WIZARD/3Infraestructura/3Grupos/Edicion/btn_Sala(1)/a_WorkFlow - Sala Entrega Documentos' is clicked on

2024-04-02 15:11:19 - [TEST_STEP][PASSED] - delay(3): Delayed 3 second(s)

2024-04-02 15:11:22 - [MESSAGE][PASSED] - Delayed 3 second(s)

2024-04-02 15:11:22 - [TEST_STEP][PASSED] - setText(findTestObject("WIZARD/3Infraestructura/3Grupos/Edicion/input_Nombre"), "Grupo Entrega Documentos"): Text 'Grupo Entrega Documentos' is set on object 'Object Repository/WIZARD/3Infraestructura/3Grupos/Edicion/input_Nombre'

2024-04-02 15:11:23 - [MESSAGE][PASSED] - Text 'Grupo Entrega Documentos' is set on object 'Object Repository/WIZARD/3Infraestructura/3Grupos/Edicion/input_Nombre'

2024-04-02 15:11:23 - [TEST_STEP][PASSED] - setText(findTestObject("WIZARD/3Infraestructura/3Grupos/Edicion/textarea_Descripcion"), "WorkFlow - Entrega Documentos"): Text 'WorkFlow - Entrega Documentos' is set on object 'Object Repository/WIZARD/3Infraestructura/3Grupos/Edicion/textarea_Descripcion'

2024-04-02 15:11:23 - [MESSAGE][PASSED] - Text 'WorkFlow - Entrega Documentos' is set on object 'Object Repository/WIZARD/3Infraestructura/3Grupos/Edicion/textarea_Descripcion'

2024-04-02 15:11:23 - [TEST_STEP][PASSED] - scrollToPosition(0, 800): Browser is scrolled to position x = 0, y = 800

2024-04-02 15:11:23 - [MESSAGE][PASSED] - Browser is scrolled to position x = 0, y = 800

2024-04-02 15:11:23 - [TEST_STEP][PASSED] - selectOptionByLabel(findTestObject("WIZARD/3Infraestructura/3Grupos/Edicion/select_Nivel de visualizacion en Transferencias"), "Área", false): All options with label 'Área' are selected in object 'Object Repository/WIZARD/3Infraestructura/3Grupos/Edicion/select_Nivel de visualizacion en Transferencias' 

2024-04-02 15:11:24 - [MESSAGE][PASSED] - All options with label 'Área' are selected in object 'Object Repository/WIZARD/3Infraestructura/3Grupos/Edicion/select_Nivel de visualizacion en Transferencias' 

2024-04-02 15:11:24 - [TEST_STEP][PASSED] - delay(2): Delayed 2 second(s)

2024-04-02 15:11:26 - [MESSAGE][PASSED] - Delayed 2 second(s)

2024-04-02 15:11:26 - [TEST_STEP][PASSED] - selectOptionByLabel(findTestObject("WIZARD/3Infraestructura/3Grupos/Edicion/select_Nivel de visualizacion en Nuevo Servicio"), "Área", false): All options with label 'Área' are selected in object 'Object Repository/WIZARD/3Infraestructura/3Grupos/Edicion/select_Nivel de visualizacion en Nuevo Servicio' 

2024-04-02 15:11:27 - [MESSAGE][PASSED] - All options with label 'Área' are selected in object 'Object Repository/WIZARD/3Infraestructura/3Grupos/Edicion/select_Nivel de visualizacion en Nuevo Servicio' 

2024-04-02 15:11:27 - [TEST_STEP][PASSED] - delay(2): Delayed 2 second(s)

2024-04-02 15:11:29 - [MESSAGE][PASSED] - Delayed 2 second(s)

2024-04-02 15:11:29 - [TEST_STEP][PASSED] - scrollToPosition(0, 0): Browser is scrolled to position x = 0, y = 0

2024-04-02 15:11:29 - [MESSAGE][PASSED] - Browser is scrolled to position x = 0, y = 0

2024-04-02 15:11:29 - [TEST_STEP][PASSED] - click(findTestObject("WIZARD/3Infraestructura/3Grupos/Edicion/img_Nuevo")): Object: 'Object Repository/WIZARD/3Infraestructura/3Grupos/Edicion/img_Nuevo' is clicked on

2024-04-02 15:11:30 - [MESSAGE][PASSED] - Object: 'Object Repository/WIZARD/3Infraestructura/3Grupos/Edicion/img_Nuevo' is clicked on

2024-04-02 15:11:30 - [TEST_STEP][PASSED] - delay(3): Delayed 3 second(s)

2024-04-02 15:11:33 - [MESSAGE][PASSED] - Delayed 3 second(s)

2024-04-02 15:11:33 - [TEST_STEP][PASSED] - click(findTestObject("WIZARD/3Infraestructura/0Menu/span_Grupos")): Object: 'Object Repository/WIZARD/3Infraestructura/0Menu/span_Grupos' is clicked on

2024-04-02 15:11:33 - [MESSAGE][PASSED] - Object: 'Object Repository/WIZARD/3Infraestructura/0Menu/span_Grupos' is clicked on

2024-04-02 15:11:33 - [TEST_STEP][PASSED] - delay(3): Delayed 3 second(s)

2024-04-02 15:11:36 - [MESSAGE][PASSED] - Delayed 3 second(s)

2024-04-02 15:11:36 - [TEST_STEP][PASSED] - click(findTestObject("WIZARD/3Infraestructura/3Grupos/Edicion/btn_Sala")): Object: 'Object Repository/WIZARD/3Infraestructura/3Grupos/Edicion/btn_Sala' is clicked on

2024-04-02 15:11:37 - [MESSAGE][PASSED] - Object: 'Object Repository/WIZARD/3Infraestructura/3Grupos/Edicion/btn_Sala' is clicked on

2024-04-02 15:11:37 - [TEST_STEP][PASSED] - delay(3): Delayed 3 second(s)

2024-04-02 15:11:40 - [MESSAGE][PASSED] - Delayed 3 second(s)

2024-04-02 15:11:40 - [TEST_STEP][PASSED] - click(findTestObject("WIZARD/3Infraestructura/3Grupos/Edicion/btn_Sala(1)/a_WorkFlow - Sala Pagos")): Object: 'Object Repository/WIZARD/3Infraestructura/3Grupos/Edicion/btn_Sala(1)/a_WorkFlow - Sala Pagos' is clicked on

2024-04-02 15:11:40 - [MESSAGE][PASSED] - Object: 'Object Repository/WIZARD/3Infraestructura/3Grupos/Edicion/btn_Sala(1)/a_WorkFlow - Sala Pagos' is clicked on

2024-04-02 15:11:40 - [TEST_STEP][PASSED] - delay(3): Delayed 3 second(s)

2024-04-02 15:11:43 - [MESSAGE][PASSED] - Delayed 3 second(s)

2024-04-02 15:11:43 - [TEST_STEP][PASSED] - setText(findTestObject("WIZARD/3Infraestructura/3Grupos/Edicion/input_Nombre"), "Grupo Pagos"): Text 'Grupo Pagos' is set on object 'Object Repository/WIZARD/3Infraestructura/3Grupos/Edicion/input_Nombre'

2024-04-02 15:11:44 - [MESSAGE][PASSED] - Text 'Grupo Pagos' is set on object 'Object Repository/WIZARD/3Infraestructura/3Grupos/Edicion/input_Nombre'

2024-04-02 15:11:44 - [TEST_STEP][PASSED] - setText(findTestObject("WIZARD/3Infraestructura/3Grupos/Edicion/textarea_Descripcion"), "WorkFlow - Pagos"): Text 'WorkFlow - Pagos' is set on object 'Object Repository/WIZARD/3Infraestructura/3Grupos/Edicion/textarea_Descripcion'

2024-04-02 15:11:45 - [MESSAGE][PASSED] - Text 'WorkFlow - Pagos' is set on object 'Object Repository/WIZARD/3Infraestructura/3Grupos/Edicion/textarea_Descripcion'

2024-04-02 15:11:45 - [TEST_STEP][PASSED] - scrollToPosition(0, 800): Browser is scrolled to position x = 0, y = 800

2024-04-02 15:11:45 - [MESSAGE][PASSED] - Browser is scrolled to position x = 0, y = 800

2024-04-02 15:11:45 - [TEST_STEP][PASSED] - selectOptionByLabel(findTestObject("WIZARD/3Infraestructura/3Grupos/Edicion/select_Nivel de visualizacion en Transferencias"), "Área", false): All options with label 'Área' are selected in object 'Object Repository/WIZARD/3Infraestructura/3Grupos/Edicion/select_Nivel de visualizacion en Transferencias' 

2024-04-02 15:11:46 - [MESSAGE][PASSED] - All options with label 'Área' are selected in object 'Object Repository/WIZARD/3Infraestructura/3Grupos/Edicion/select_Nivel de visualizacion en Transferencias' 

2024-04-02 15:11:46 - [TEST_STEP][PASSED] - delay(2): Delayed 2 second(s)

2024-04-02 15:11:48 - [MESSAGE][PASSED] - Delayed 2 second(s)

2024-04-02 15:11:48 - [TEST_STEP][PASSED] - selectOptionByLabel(findTestObject("WIZARD/3Infraestructura/3Grupos/Edicion/select_Nivel de visualizacion en Nuevo Servicio"), "Área", false): All options with label 'Área' are selected in object 'Object Repository/WIZARD/3Infraestructura/3Grupos/Edicion/select_Nivel de visualizacion en Nuevo Servicio' 

2024-04-02 15:11:48 - [MESSAGE][PASSED] - All options with label 'Área' are selected in object 'Object Repository/WIZARD/3Infraestructura/3Grupos/Edicion/select_Nivel de visualizacion en Nuevo Servicio' 

2024-04-02 15:11:48 - [TEST_STEP][PASSED] - delay(2): Delayed 2 second(s)

2024-04-02 15:11:50 - [MESSAGE][PASSED] - Delayed 2 second(s)

2024-04-02 15:11:50 - [TEST_STEP][PASSED] - scrollToPosition(0, 0): Browser is scrolled to position x = 0, y = 0

2024-04-02 15:11:50 - [MESSAGE][PASSED] - Browser is scrolled to position x = 0, y = 0

2024-04-02 15:11:50 - [TEST_STEP][PASSED] - click(findTestObject("WIZARD/3Infraestructura/3Grupos/Edicion/img_Nuevo")): Object: 'Object Repository/WIZARD/3Infraestructura/3Grupos/Edicion/img_Nuevo' is clicked on

2024-04-02 15:11:51 - [MESSAGE][PASSED] - Object: 'Object Repository/WIZARD/3Infraestructura/3Grupos/Edicion/img_Nuevo' is clicked on

2024-04-02 15:11:51 - [TEST_STEP][PASSED] - delay(3): Delayed 3 second(s)

2024-04-02 15:11:54 - [MESSAGE][PASSED] - Delayed 3 second(s)

2024-04-02 15:11:54 - [TEST_STEP][PASSED] - click(findTestObject("WIZARD/3Infraestructura/0Menu/span_Grupos")): Object: 'Object Repository/WIZARD/3Infraestructura/0Menu/span_Grupos' is clicked on

2024-04-02 15:11:55 - [MESSAGE][PASSED] - Object: 'Object Repository/WIZARD/3Infraestructura/0Menu/span_Grupos' is clicked on

2024-04-02 15:11:55 - [TEST_STEP][PASSED] - delay(3): Delayed 3 second(s)

2024-04-02 15:11:58 - [MESSAGE][PASSED] - Delayed 3 second(s)

2024-04-02 15:11:58 - [TEST_STEP][PASSED] - click(findTestObject("WIZARD/3Infraestructura/3Grupos/Edicion/btn_Sala")): Object: 'Object Repository/WIZARD/3Infraestructura/3Grupos/Edicion/btn_Sala' is clicked on

2024-04-02 15:11:58 - [MESSAGE][PASSED] - Object: 'Object Repository/WIZARD/3Infraestructura/3Grupos/Edicion/btn_Sala' is clicked on

2024-04-02 15:11:58 - [TEST_STEP][PASSED] - delay(3): Delayed 3 second(s)

2024-04-02 15:12:01 - [MESSAGE][PASSED] - Delayed 3 second(s)

2024-04-02 15:12:01 - [TEST_STEP][PASSED] - click(findTestObject("WIZARD/3Infraestructura/3Grupos/Edicion/btn_Sala(1)/a_WorkFlow - Sala Radicaciones")): Object: 'Object Repository/WIZARD/3Infraestructura/3Grupos/Edicion/btn_Sala(1)/a_WorkFlow - Sala Radicaciones' is clicked on

2024-04-02 15:12:02 - [MESSAGE][PASSED] - Object: 'Object Repository/WIZARD/3Infraestructura/3Grupos/Edicion/btn_Sala(1)/a_WorkFlow - Sala Radicaciones' is clicked on

2024-04-02 15:12:02 - [TEST_STEP][PASSED] - delay(3): Delayed 3 second(s)

2024-04-02 15:12:05 - [MESSAGE][PASSED] - Delayed 3 second(s)

2024-04-02 15:12:05 - [TEST_STEP][PASSED] - setText(findTestObject("WIZARD/3Infraestructura/3Grupos/Edicion/input_Nombre"), "Grupo Radicaciones"): Text 'Grupo Radicaciones' is set on object 'Object Repository/WIZARD/3Infraestructura/3Grupos/Edicion/input_Nombre'

2024-04-02 15:12:05 - [MESSAGE][PASSED] - Text 'Grupo Radicaciones' is set on object 'Object Repository/WIZARD/3Infraestructura/3Grupos/Edicion/input_Nombre'

2024-04-02 15:12:05 - [TEST_STEP][PASSED] - setText(findTestObject("WIZARD/3Infraestructura/3Grupos/Edicion/textarea_Descripcion"), "WorkFlow - Radicaciones"): Text 'WorkFlow - Radicaciones' is set on object 'Object Repository/WIZARD/3Infraestructura/3Grupos/Edicion/textarea_Descripcion'

2024-04-02 15:12:06 - [MESSAGE][PASSED] - Text 'WorkFlow - Radicaciones' is set on object 'Object Repository/WIZARD/3Infraestructura/3Grupos/Edicion/textarea_Descripcion'

2024-04-02 15:12:06 - [TEST_STEP][PASSED] - scrollToPosition(0, 800): Browser is scrolled to position x = 0, y = 800

2024-04-02 15:12:06 - [MESSAGE][PASSED] - Browser is scrolled to position x = 0, y = 800

2024-04-02 15:12:06 - [TEST_STEP][PASSED] - selectOptionByLabel(findTestObject("WIZARD/3Infraestructura/3Grupos/Edicion/select_Nivel de visualizacion en Transferencias"), "Área", false): All options with label 'Área' are selected in object 'Object Repository/WIZARD/3Infraestructura/3Grupos/Edicion/select_Nivel de visualizacion en Transferencias' 

2024-04-02 15:12:07 - [MESSAGE][PASSED] - All options with label 'Área' are selected in object 'Object Repository/WIZARD/3Infraestructura/3Grupos/Edicion/select_Nivel de visualizacion en Transferencias' 

2024-04-02 15:12:07 - [TEST_STEP][PASSED] - delay(2): Delayed 2 second(s)

2024-04-02 15:12:09 - [MESSAGE][PASSED] - Delayed 2 second(s)

2024-04-02 15:12:09 - [TEST_STEP][PASSED] - selectOptionByLabel(findTestObject("WIZARD/3Infraestructura/3Grupos/Edicion/select_Nivel de visualizacion en Nuevo Servicio"), "Área", false): All options with label 'Área' are selected in object 'Object Repository/WIZARD/3Infraestructura/3Grupos/Edicion/select_Nivel de visualizacion en Nuevo Servicio' 

2024-04-02 15:12:10 - [MESSAGE][PASSED] - All options with label 'Área' are selected in object 'Object Repository/WIZARD/3Infraestructura/3Grupos/Edicion/select_Nivel de visualizacion en Nuevo Servicio' 

2024-04-02 15:12:10 - [TEST_STEP][PASSED] - delay(2): Delayed 2 second(s)

2024-04-02 15:12:12 - [MESSAGE][PASSED] - Delayed 2 second(s)

2024-04-02 15:12:12 - [TEST_STEP][PASSED] - scrollToPosition(0, 0): Browser is scrolled to position x = 0, y = 0

2024-04-02 15:12:12 - [MESSAGE][PASSED] - Browser is scrolled to position x = 0, y = 0

2024-04-02 15:12:12 - [TEST_STEP][PASSED] - click(findTestObject("WIZARD/3Infraestructura/3Grupos/Edicion/img_Nuevo")): Object: 'Object Repository/WIZARD/3Infraestructura/3Grupos/Edicion/img_Nuevo' is clicked on

2024-04-02 15:12:12 - [MESSAGE][PASSED] - Object: 'Object Repository/WIZARD/3Infraestructura/3Grupos/Edicion/img_Nuevo' is clicked on

2024-04-02 15:12:12 - [TEST_STEP][PASSED] - delay(3): Delayed 3 second(s)

2024-04-02 15:12:15 - [MESSAGE][PASSED] - Delayed 3 second(s)

2024-04-02 15:12:15 - [TEST_STEP][PASSED] - click(findTestObject("WIZARD/3Infraestructura/0Menu/span_Grupos")): Object: 'Object Repository/WIZARD/3Infraestructura/0Menu/span_Grupos' is clicked on

2024-04-02 15:12:16 - [MESSAGE][PASSED] - Object: 'Object Repository/WIZARD/3Infraestructura/0Menu/span_Grupos' is clicked on

2024-04-02 15:12:16 - [TEST_STEP][PASSED] - delay(3): Delayed 3 second(s)

2024-04-02 15:12:19 - [MESSAGE][PASSED] - Delayed 3 second(s)

2024-04-02 15:12:19 - [TEST_STEP][PASSED] - click(findTestObject("WIZARD/3Infraestructura/3Grupos/Edicion/btn_Sala")): Object: 'Object Repository/WIZARD/3Infraestructura/3Grupos/Edicion/btn_Sala' is clicked on

2024-04-02 15:12:19 - [MESSAGE][PASSED] - Object: 'Object Repository/WIZARD/3Infraestructura/3Grupos/Edicion/btn_Sala' is clicked on

2024-04-02 15:12:19 - [TEST_STEP][PASSED] - delay(3): Delayed 3 second(s)

2024-04-02 15:12:22 - [MESSAGE][PASSED] - Delayed 3 second(s)

2024-04-02 15:12:22 - [TEST_STEP][PASSED] - click(findTestObject("WIZARD/3Infraestructura/3Grupos/Edicion/btn_Sala(1)/a_WorkFlow - Sala Recepcion")): Object: 'Object Repository/WIZARD/3Infraestructura/3Grupos/Edicion/btn_Sala(1)/a_WorkFlow - Sala Recepcion' is clicked on

2024-04-02 15:12:23 - [MESSAGE][PASSED] - Object: 'Object Repository/WIZARD/3Infraestructura/3Grupos/Edicion/btn_Sala(1)/a_WorkFlow - Sala Recepcion' is clicked on

2024-04-02 15:12:23 - [TEST_STEP][PASSED] - delay(3): Delayed 3 second(s)

2024-04-02 15:12:26 - [MESSAGE][PASSED] - Delayed 3 second(s)

2024-04-02 15:12:26 - [TEST_STEP][PASSED] - setText(findTestObject("WIZARD/3Infraestructura/3Grupos/Edicion/input_Nombre"), "Grupo Recepciones"): Text 'Grupo Recepciones' is set on object 'Object Repository/WIZARD/3Infraestructura/3Grupos/Edicion/input_Nombre'

2024-04-02 15:12:27 - [MESSAGE][PASSED] - Text 'Grupo Recepciones' is set on object 'Object Repository/WIZARD/3Infraestructura/3Grupos/Edicion/input_Nombre'

2024-04-02 15:12:27 - [TEST_STEP][PASSED] - setText(findTestObject("WIZARD/3Infraestructura/3Grupos/Edicion/textarea_Descripcion"), "WorkFlow - Recepciones"): Text 'WorkFlow - Recepciones' is set on object 'Object Repository/WIZARD/3Infraestructura/3Grupos/Edicion/textarea_Descripcion'

2024-04-02 15:12:27 - [MESSAGE][PASSED] - Text 'WorkFlow - Recepciones' is set on object 'Object Repository/WIZARD/3Infraestructura/3Grupos/Edicion/textarea_Descripcion'

2024-04-02 15:12:27 - [TEST_STEP][PASSED] - scrollToPosition(0, 800): Browser is scrolled to position x = 0, y = 800

2024-04-02 15:12:27 - [MESSAGE][PASSED] - Browser is scrolled to position x = 0, y = 800

2024-04-02 15:12:27 - [TEST_STEP][PASSED] - selectOptionByLabel(findTestObject("WIZARD/3Infraestructura/3Grupos/Edicion/select_Nivel de visualizacion en Transferencias"), "Área", false): All options with label 'Área' are selected in object 'Object Repository/WIZARD/3Infraestructura/3Grupos/Edicion/select_Nivel de visualizacion en Transferencias' 

2024-04-02 15:12:28 - [MESSAGE][PASSED] - All options with label 'Área' are selected in object 'Object Repository/WIZARD/3Infraestructura/3Grupos/Edicion/select_Nivel de visualizacion en Transferencias' 

2024-04-02 15:12:28 - [TEST_STEP][PASSED] - delay(2): Delayed 2 second(s)

2024-04-02 15:12:30 - [MESSAGE][PASSED] - Delayed 2 second(s)

2024-04-02 15:12:30 - [TEST_STEP][PASSED] - selectOptionByLabel(findTestObject("WIZARD/3Infraestructura/3Grupos/Edicion/select_Nivel de visualizacion en Nuevo Servicio"), "Área", false): All options with label 'Área' are selected in object 'Object Repository/WIZARD/3Infraestructura/3Grupos/Edicion/select_Nivel de visualizacion en Nuevo Servicio' 

2024-04-02 15:12:31 - [MESSAGE][PASSED] - All options with label 'Área' are selected in object 'Object Repository/WIZARD/3Infraestructura/3Grupos/Edicion/select_Nivel de visualizacion en Nuevo Servicio' 

2024-04-02 15:12:31 - [TEST_STEP][PASSED] - delay(2): Delayed 2 second(s)

2024-04-02 15:12:33 - [MESSAGE][PASSED] - Delayed 2 second(s)

2024-04-02 15:12:33 - [TEST_STEP][PASSED] - scrollToPosition(0, 0): Browser is scrolled to position x = 0, y = 0

2024-04-02 15:12:33 - [MESSAGE][PASSED] - Browser is scrolled to position x = 0, y = 0

2024-04-02 15:12:33 - [TEST_STEP][PASSED] - click(findTestObject("WIZARD/3Infraestructura/3Grupos/Edicion/img_Nuevo")): Object: 'Object Repository/WIZARD/3Infraestructura/3Grupos/Edicion/img_Nuevo' is clicked on

2024-04-02 15:12:33 - [MESSAGE][PASSED] - Object: 'Object Repository/WIZARD/3Infraestructura/3Grupos/Edicion/img_Nuevo' is clicked on

2024-04-02 15:12:33 - [TEST_STEP][PASSED] - delay(3): Delayed 3 second(s)

2024-04-02 15:12:36 - [MESSAGE][PASSED] - Delayed 3 second(s)

2024-04-02 15:12:36 - [TEST_STEP][PASSED] - takeFullPageScreenshot(): Taking screenshot successfully

2024-04-02 15:12:37 - [MESSAGE][INFO] - 0 hidden object(s)

2024-04-02 15:12:37 - [MESSAGE][PASSED] - Taking screenshot successfully
[[ATTACHMENT|C:\\CIEL INGENIERIA\\Katalon\\Digiturno55\\Reports\\20240402_143907\\WIZARD\\3Infraestructura\\3Grupos\\5.3 Crear Grupos WorkFlow\\20240402_143958\\1712088756778.png]]

2024-04-02 15:12:37 - [TEST_STEP][PASSED] - delay(3): Delayed 3 second(s)

2024-04-02 15:12:40 - [MESSAGE][PASSED] - Delayed 3 second(s)

2024-04-02 15:12:40 - [TEST_STEP][PASSED] - Start listener action : sampleAfterTestCase: null]]></system-out>
         <system-err><![CDATA[]]></system-err>
      </testcase>
      <system-out><![CDATA[2024-04-02 15:10:34 - [TEST_SUITE][PASSED] - 5.3 Crear Grupos WorkFlow: Test Cases/WIZARD/3Infraestructura/3Grupos/5.3 Crear Grupos WorkFlow]]></system-out>
      <system-err><![CDATA[]]></system-err>
   </testsuite>
</testsuites>
