<?xml version="1.0" encoding="UTF-8"?>
<testsuites name="5.1 Crear Oficina Medellin" time="64.205" tests="1" failures="0" errors="0">
   <testsuite name="5.1 Crear Oficina Medellin" tests="1" failures="0" errors="0" time="64.205" skipped="0" timestamp="2023-08-14 10:50:06" hostname="jdavila - PCPruebas101.ciel.cielingenieria.com" id="Test Suites/WIZARD/3Infraestructura/1Oficinas/5.1 Crear Oficina Medellin">
      <properties>
         <property name="deviceName" value=""/>
         <property name="devicePlatform" value=""/>
         <property name="logFolder" value="C:\\CIEL INGENIERIA\\Katalon\\Digiturno55\\Reports\\20230814_104251\\WIZARD\\3Infraestructura\\1Oficinas\\5.1 Crear Oficina Medellin\\20230814_104301"/>
         <property name="logFiles" value="C:\\CIEL INGENIERIA\\Katalon\\Digiturno55\\Reports\\20230814_104251\\WIZARD\\3Infraestructura\\1Oficinas\\5.1 Crear Oficina Medellin\\20230814_104301\\execution0.log"/>
         <property name="attachments" value="C:\\CIEL INGENIERIA\\Katalon\\Digiturno55\\Reports\\20230814_104251\\WIZARD\\3Infraestructura\\1Oficinas\\5.1 Crear Oficina Medellin\\20230814_104301\\1692028266961.png"/>
         <property name="hostName" value="jdavila - PCPruebas101.ciel.cielingenieria.com"/>
         <property name="os" value="Windows 10 64bit"/>
         <property name="katalonVersion" value="8.6.0.208"/>
         <property name="browser" value="Chrome 115.0.0.0"/>
         <property name="hostAddress" value="192.168.0.33"/>
         <property name="sessionId" value="22491556f09417116a25eab17332efdd"/>
         <property name="seleniumVersion" value="3.141.59"/>
         <property name="proxyInformation" value="ProxyInformation { proxyOption=NO_PROXY, proxyServerType=HTTP, username=, password=********, proxyServerAddress=, proxyServerPort=0, executionList=&quot;&quot;, isApplyToDesiredCapabilities=true }"/>
         <property name="platform" value="Windows 10"/>
      </properties>
      <testcase name="Test Cases/WIZARD/3Infraestructura/1Oficinas/5.1 Crear Oficina Medellin" time="63.957" classname="Test Cases/WIZARD/3Infraestructura/1Oficinas/5.1 Crear Oficina Medellin" status="PASSED">
         <system-out><![CDATA[2023-08-14 10:50:06 - [TEST_CASE][PASSED] - Test Cases/WIZARD/3Infraestructura/1Oficinas/5.1 Crear Oficina Medellin: Test Cases/WIZARD/3Infraestructura/1Oficinas/5.1 Crear Oficina Medellin

2023-08-14 10:50:07 - [TEST_STEP][PASSED] - callTestCase(findTestCase("0InicioSesion"), [:], STOP_ON_FAILURE): Call Test Case 'Test Cases/0InicioSesion' successfully

2023-08-14 10:50:07 - [TEST_CASE][PASSED] - Test Cases/0InicioSesion: Test Cases/0InicioSesion

2023-08-14 10:50:07 - [TEST_STEP][PASSED] - openBrowser(UrlDigiturno): Browser is opened with url: 'https://PCPruebas101.ciel.cielingenieria.com:8610'

2023-08-14 10:50:07 - [MESSAGE][INFO] - Starting 'Chrome' driver

2023-08-14 10:50:07 - [MESSAGE][INFO] - User set preference: ['args', '[--use-fake-ui-for-media-stream, --disable-notifications]']

2023-08-14 10:50:07 - [MESSAGE][INFO] - Action delay is set to 0 milliseconds

2023-08-14 10:50:10 - [MESSAGE][PASSED] - Browser is opened with url: 'https://PCPruebas101.ciel.cielingenieria.com:8610'

2023-08-14 10:50:10 - [TEST_STEP][PASSED] - maximizeWindow(): Current window maximized

2023-08-14 10:50:10 - [MESSAGE][PASSED] - Current window maximized

2023-08-14 10:50:10 - [TEST_STEP][PASSED] - delay(3): Delayed 3 second(s)

2023-08-14 10:50:13 - [MESSAGE][PASSED] - Delayed 3 second(s)

2023-08-14 10:50:13 - [TEST_STEP][PASSED] - setText(findTestObject("0Inicio Sesion/input_Usuario"), "Ciel"): Text 'Ciel' is set on object 'Object Repository/0Inicio Sesion/input_Usuario'

2023-08-14 10:50:14 - [MESSAGE][PASSED] - Text 'Ciel' is set on object 'Object Repository/0Inicio Sesion/input_Usuario'

2023-08-14 10:50:14 - [TEST_STEP][PASSED] - setText(findTestObject("0Inicio Sesion/input_Clave"), "digiturno"): Text 'digiturno' is set on object 'Object Repository/0Inicio Sesion/input_Clave'

2023-08-14 10:50:14 - [MESSAGE][PASSED] - Text 'digiturno' is set on object 'Object Repository/0Inicio Sesion/input_Clave'

2023-08-14 10:50:14 - [TEST_STEP][PASSED] - click(findTestObject("0Inicio Sesion/btn_IniciarSesion")): Object: 'Object Repository/0Inicio Sesion/btn_IniciarSesion' is clicked on

2023-08-14 10:50:15 - [MESSAGE][PASSED] - Object: 'Object Repository/0Inicio Sesion/btn_IniciarSesion' is clicked on

2023-08-14 10:50:15 - [TEST_STEP][PASSED] - delay(3): Delayed 3 second(s)

2023-08-14 10:50:18 - [MESSAGE][PASSED] - Delayed 3 second(s)

2023-08-14 10:50:18 - [MESSAGE][PASSED] - Call Test Case 'Test Cases/0InicioSesion' successfully

2023-08-14 10:50:18 - [TEST_STEP][PASSED] - click(findTestObject("WIZARD/0Principal/img_InfraestructuraMAX")): Object: 'Object Repository/WIZARD/0Principal/img_InfraestructuraMAX' is clicked on

2023-08-14 10:50:23 - [MESSAGE][PASSED] - Object: 'Object Repository/WIZARD/0Principal/img_InfraestructuraMAX' is clicked on

2023-08-14 10:50:23 - [TEST_STEP][PASSED] - delay(3): Delayed 3 second(s)

2023-08-14 10:50:26 - [MESSAGE][PASSED] - Delayed 3 second(s)

2023-08-14 10:50:26 - [TEST_STEP][PASSED] - click(findTestObject("WIZARD/3Infraestructura/0Menu/span_Oficinas")): Object: 'Object Repository/WIZARD/3Infraestructura/0Menu/span_Oficinas' is clicked on

2023-08-14 10:50:28 - [MESSAGE][PASSED] - Object: 'Object Repository/WIZARD/3Infraestructura/0Menu/span_Oficinas' is clicked on

2023-08-14 10:50:28 - [TEST_STEP][PASSED] - delay(3): Delayed 3 second(s)

2023-08-14 10:50:31 - [MESSAGE][PASSED] - Delayed 3 second(s)

2023-08-14 10:50:31 - [TEST_STEP][PASSED] - selectOptionByLabel(findTestObject("WIZARD/3Infraestructura/1Oficinas/2Edicion/Edicion/select_Pais"), "Colombia", false): All options with label 'Colombia' are selected in object 'Object Repository/WIZARD/3Infraestructura/1Oficinas/2Edicion/Edicion/select_Pais' 

2023-08-14 10:50:32 - [MESSAGE][PASSED] - All options with label 'Colombia' are selected in object 'Object Repository/WIZARD/3Infraestructura/1Oficinas/2Edicion/Edicion/select_Pais' 

2023-08-14 10:50:32 - [TEST_STEP][PASSED] - delay(2): Delayed 2 second(s)

2023-08-14 10:50:34 - [MESSAGE][PASSED] - Delayed 2 second(s)

2023-08-14 10:50:34 - [TEST_STEP][PASSED] - selectOptionByLabel(findTestObject("WIZARD/3Infraestructura/1Oficinas/2Edicion/Edicion/select_Departamento"), "Antioquia", false): All options with label 'Antioquia' are selected in object 'Object Repository/WIZARD/3Infraestructura/1Oficinas/2Edicion/Edicion/select_Departamento' 

2023-08-14 10:50:34 - [MESSAGE][PASSED] - All options with label 'Antioquia' are selected in object 'Object Repository/WIZARD/3Infraestructura/1Oficinas/2Edicion/Edicion/select_Departamento' 

2023-08-14 10:50:34 - [TEST_STEP][PASSED] - delay(2): Delayed 2 second(s)

2023-08-14 10:50:36 - [MESSAGE][PASSED] - Delayed 2 second(s)

2023-08-14 10:50:36 - [TEST_STEP][PASSED] - selectOptionByLabel(findTestObject("WIZARD/3Infraestructura/1Oficinas/2Edicion/Edicion/select_Ciudad"), "Medellin", false): All options with label 'Medellin' are selected in object 'Object Repository/WIZARD/3Infraestructura/1Oficinas/2Edicion/Edicion/select_Ciudad' 

2023-08-14 10:50:37 - [MESSAGE][PASSED] - All options with label 'Medellin' are selected in object 'Object Repository/WIZARD/3Infraestructura/1Oficinas/2Edicion/Edicion/select_Ciudad' 

2023-08-14 10:50:37 - [TEST_STEP][PASSED] - delay(2): Delayed 2 second(s)

2023-08-14 10:50:39 - [MESSAGE][PASSED] - Delayed 2 second(s)

2023-08-14 10:50:39 - [TEST_STEP][PASSED] - setText(findTestObject("WIZARD/3Infraestructura/1Oficinas/2Edicion/Edicion/input_Nombre"), "Medellin - Laureles"): Text 'Medellin - Laureles' is set on object 'Object Repository/WIZARD/3Infraestructura/1Oficinas/2Edicion/Edicion/input_Nombre'

2023-08-14 10:50:40 - [MESSAGE][PASSED] - Text 'Medellin - Laureles' is set on object 'Object Repository/WIZARD/3Infraestructura/1Oficinas/2Edicion/Edicion/input_Nombre'

2023-08-14 10:50:40 - [TEST_STEP][PASSED] - selectOptionByLabel(findTestObject("WIZARD/3Infraestructura/1Oficinas/2Edicion/Edicion/select_Nivel de Pregunta"), "Ninguno", false): All options with label 'Ninguno' are selected in object 'Object Repository/WIZARD/3Infraestructura/1Oficinas/2Edicion/Edicion/select_Nivel de Pregunta' 

2023-08-14 10:50:41 - [MESSAGE][PASSED] - All options with label 'Ninguno' are selected in object 'Object Repository/WIZARD/3Infraestructura/1Oficinas/2Edicion/Edicion/select_Nivel de Pregunta' 

2023-08-14 10:50:41 - [TEST_STEP][PASSED] - delay(3): Delayed 3 second(s)

2023-08-14 10:50:44 - [MESSAGE][PASSED] - Delayed 3 second(s)

2023-08-14 10:50:44 - [TEST_STEP][PASSED] - setText(findTestObject("WIZARD/3Infraestructura/1Oficinas/2Edicion/Edicion/input_MaximoTurnosXCliente"), "2"): Text '2' is set on object 'Object Repository/WIZARD/3Infraestructura/1Oficinas/2Edicion/Edicion/input_MaximoTurnosXCliente'

2023-08-14 10:50:45 - [MESSAGE][PASSED] - Text '2' is set on object 'Object Repository/WIZARD/3Infraestructura/1Oficinas/2Edicion/Edicion/input_MaximoTurnosXCliente'

2023-08-14 10:50:45 - [TEST_STEP][PASSED] - setText(findTestObject("WIZARD/3Infraestructura/1Oficinas/2Edicion/Edicion/input_Nivel de servicio de espera"), "0"): Text '0' is set on object 'Object Repository/WIZARD/3Infraestructura/1Oficinas/2Edicion/Edicion/input_Nivel de servicio de espera'

2023-08-14 10:50:45 - [MESSAGE][PASSED] - Text '0' is set on object 'Object Repository/WIZARD/3Infraestructura/1Oficinas/2Edicion/Edicion/input_Nivel de servicio de espera'

2023-08-14 10:50:45 - [TEST_STEP][PASSED] - scrollToPosition(100, 800): Browser is scrolled to position x = 100, y = 800

2023-08-14 10:50:45 - [MESSAGE][PASSED] - Browser is scrolled to position x = 100, y = 800

2023-08-14 10:50:45 - [TEST_STEP][PASSED] - delay(3): Delayed 3 second(s)

2023-08-14 10:50:48 - [MESSAGE][PASSED] - Delayed 3 second(s)

2023-08-14 10:50:48 - [TEST_STEP][PASSED] - setText(findTestObject("WIZARD/3Infraestructura/1Oficinas/2Edicion/App/input_Nombre a mostrar"), "Medellin - Laureles"): Text 'Medellin - Laureles' is set on object 'Object Repository/WIZARD/3Infraestructura/1Oficinas/2Edicion/App/input_Nombre a mostrar'

2023-08-14 10:50:49 - [MESSAGE][PASSED] - Text 'Medellin - Laureles' is set on object 'Object Repository/WIZARD/3Infraestructura/1Oficinas/2Edicion/App/input_Nombre a mostrar'

2023-08-14 10:50:49 - [TEST_STEP][PASSED] - setText(findTestObject("WIZARD/3Infraestructura/1Oficinas/2Edicion/App/input_Direccion"), "Calle 10 No 24-3"): Text 'Calle 10 No 24-3' is set on object 'Object Repository/WIZARD/3Infraestructura/1Oficinas/2Edicion/App/input_Direccion'

2023-08-14 10:50:50 - [MESSAGE][PASSED] - Text 'Calle 10 No 24-3' is set on object 'Object Repository/WIZARD/3Infraestructura/1Oficinas/2Edicion/App/input_Direccion'

2023-08-14 10:50:50 - [TEST_STEP][PASSED] - setText(findTestObject("WIZARD/3Infraestructura/1Oficinas/2Edicion/App/input_Numero de telefono"), "3279000"): Text '3279000' is set on object 'Object Repository/WIZARD/3Infraestructura/1Oficinas/2Edicion/App/input_Numero de telefono'

2023-08-14 10:50:51 - [MESSAGE][PASSED] - Text '3279000' is set on object 'Object Repository/WIZARD/3Infraestructura/1Oficinas/2Edicion/App/input_Numero de telefono'

2023-08-14 10:50:51 - [TEST_STEP][PASSED] - setText(findTestObject("WIZARD/3Infraestructura/1Oficinas/2Edicion/App/input_Distancia minima creacion turnos (m)"), "100"): Text '100' is set on object 'Object Repository/WIZARD/3Infraestructura/1Oficinas/2Edicion/App/input_Distancia minima creacion turnos (m)'

2023-08-14 10:50:52 - [MESSAGE][PASSED] - Text '100' is set on object 'Object Repository/WIZARD/3Infraestructura/1Oficinas/2Edicion/App/input_Distancia minima creacion turnos (m)'

2023-08-14 10:50:52 - [TEST_STEP][PASSED] - setText(findTestObject("WIZARD/3Infraestructura/1Oficinas/2Edicion/App/input_Cantidad de turnos para prellamado"), "2"): Text '2' is set on object 'Object Repository/WIZARD/3Infraestructura/1Oficinas/2Edicion/App/input_Cantidad de turnos para prellamado'

2023-08-14 10:50:52 - [MESSAGE][PASSED] - Text '2' is set on object 'Object Repository/WIZARD/3Infraestructura/1Oficinas/2Edicion/App/input_Cantidad de turnos para prellamado'

2023-08-14 10:50:52 - [TEST_STEP][PASSED] - delay(3): Delayed 3 second(s)

2023-08-14 10:50:55 - [MESSAGE][PASSED] - Delayed 3 second(s)

2023-08-14 10:50:55 - [TEST_STEP][PASSED] - setText(findTestObject("WIZARD/3Infraestructura/1Oficinas/2Edicion/App/input_Longitud"), "0.0000000000"): Text '0.0000000000' is set on object 'Object Repository/WIZARD/3Infraestructura/1Oficinas/2Edicion/App/input_Longitud'

2023-08-14 10:50:56 - [MESSAGE][PASSED] - Text '0.0000000000' is set on object 'Object Repository/WIZARD/3Infraestructura/1Oficinas/2Edicion/App/input_Longitud'

2023-08-14 10:50:56 - [TEST_STEP][PASSED] - setText(findTestObject("WIZARD/3Infraestructura/1Oficinas/2Edicion/App/input_Latitud"), "0.0000000000"): Text '0.0000000000' is set on object 'Object Repository/WIZARD/3Infraestructura/1Oficinas/2Edicion/App/input_Latitud'

2023-08-14 10:50:57 - [MESSAGE][PASSED] - Text '0.0000000000' is set on object 'Object Repository/WIZARD/3Infraestructura/1Oficinas/2Edicion/App/input_Latitud'

2023-08-14 10:50:57 - [TEST_STEP][PASSED] - delay(3): Delayed 3 second(s)

2023-08-14 10:51:00 - [MESSAGE][PASSED] - Delayed 3 second(s)

2023-08-14 10:51:00 - [TEST_STEP][PASSED] - scrollToPosition(0, 0): Browser is scrolled to position x = 0, y = 0

2023-08-14 10:51:00 - [MESSAGE][PASSED] - Browser is scrolled to position x = 0, y = 0

2023-08-14 10:51:00 - [TEST_STEP][PASSED] - delay(3): Delayed 3 second(s)

2023-08-14 10:51:03 - [MESSAGE][PASSED] - Delayed 3 second(s)

2023-08-14 10:51:03 - [TEST_STEP][PASSED] - click(findTestObject("WIZARD/3Infraestructura/1Oficinas/2Edicion/Edicion/img_Nuevo")): Object: 'Object Repository/WIZARD/3Infraestructura/1Oficinas/2Edicion/Edicion/img_Nuevo' is clicked on

2023-08-14 10:51:03 - [MESSAGE][PASSED] - Object: 'Object Repository/WIZARD/3Infraestructura/1Oficinas/2Edicion/Edicion/img_Nuevo' is clicked on

2023-08-14 10:51:03 - [TEST_STEP][PASSED] - delay(3): Delayed 3 second(s)

2023-08-14 10:51:06 - [MESSAGE][PASSED] - Delayed 3 second(s)

2023-08-14 10:51:06 - [TEST_STEP][PASSED] - takeFullPageScreenshot(): Taking screenshot successfully

2023-08-14 10:51:07 - [MESSAGE][INFO] - 0 hidden object(s)

2023-08-14 10:51:07 - [MESSAGE][PASSED] - Taking screenshot successfully
[[ATTACHMENT|C:\\CIEL INGENIERIA\\Katalon\\Digiturno55\\Reports\\20230814_104251\\WIZARD\\3Infraestructura\\1Oficinas\\5.1 Crear Oficina Medellin\\20230814_104301\\1692028266961.png]]

2023-08-14 10:51:07 - [TEST_STEP][PASSED] - delay(3): Delayed 3 second(s)

2023-08-14 10:51:10 - [MESSAGE][PASSED] - Delayed 3 second(s)

2023-08-14 10:51:10 - [TEST_STEP][PASSED] - Start listener action : sampleAfterTestCase: null]]></system-out>
         <system-err><![CDATA[]]></system-err>
      </testcase>
      <system-out><![CDATA[2023-08-14 10:50:06 - [TEST_SUITE][PASSED] - 5.1 Crear Oficina Medellin: Test Cases/WIZARD/3Infraestructura/1Oficinas/5.1 Crear Oficina Medellin]]></system-out>
      <system-err><![CDATA[]]></system-err>
   </testsuite>
</testsuites>
