<?xml version="1.0" encoding="UTF-8"?>
<testsuites name="4.3 Crear Elementos Geograficos Ciudades" time="65.381" tests="1" failures="0" errors="0">
   <testsuite name="4.3 Crear Elementos Geograficos Ciudades" tests="1" failures="0" errors="0" time="65.381" skipped="0" timestamp="2024-03-11 10:05:33" hostname="jdavila - PCPruebas101.ciel.cielingenieria.com" id="Test Suites/WIZARD/2Estructura Geografica/4.3 Crear Elementos Geograficos Ciudades">
      <properties>
         <property name="deviceName" value=""/>
         <property name="devicePlatform" value=""/>
         <property name="logFolder" value="C:\\CIEL INGENIERIA\\Katalon\\Digiturno55\\Reports\\20240311_100207\\WIZARD\\2Estructura Geografica\\4.3 Crear Elementos Geograficos Ciudades\\20240311_100215"/>
         <property name="logFiles" value="C:\\CIEL INGENIERIA\\Katalon\\Digiturno55\\Reports\\20240311_100207\\WIZARD\\2Estructura Geografica\\4.3 Crear Elementos Geograficos Ciudades\\20240311_100215\\execution0.log"/>
         <property name="attachments" value="C:\\CIEL INGENIERIA\\Katalon\\Digiturno55\\Reports\\20240311_100207\\WIZARD\\2Estructura Geografica\\4.3 Crear Elementos Geograficos Ciudades\\20240311_100215\\1710169595031.png"/>
         <property name="hostName" value="jdavila - PCPruebas101.ciel.cielingenieria.com"/>
         <property name="os" value="Windows 10 64bit"/>
         <property name="katalonVersion" value="8.6.8.208"/>
         <property name="browser" value="Chrome 122.0.0.0"/>
         <property name="hostAddress" value="192.168.91.14"/>
         <property name="sessionId" value="a887e9158589bfeb28cd50d751e373f0"/>
         <property name="seleniumVersion" value="3.141.59"/>
         <property name="proxyInformation" value="ProxyInformation { proxyOption=NO_PROXY, proxyServerType=HTTP, username=, password=********, proxyServerAddress=, proxyServerPort=0, executionList=&quot;&quot;, isApplyToDesiredCapabilities=true }"/>
         <property name="platform" value="Windows 10"/>
      </properties>
      <testcase name="Test Cases/WIZARD/2Estructura Geografica/4.3 Crear Elementos Geograficos Ciudades" time="65.143" classname="Test Cases/WIZARD/2Estructura Geografica/4.3 Crear Elementos Geograficos Ciudades" status="PASSED">
         <system-out><![CDATA[2024-03-11 10:05:33 - [TEST_CASE][PASSED] - Test Cases/WIZARD/2Estructura Geografica/4.3 Crear Elementos Geograficos Ciudades: Test Cases/WIZARD/2Estructura Geografica/4.3 Crear Elementos Geograficos Ciudades

2024-03-11 10:05:34 - [TEST_STEP][PASSED] - callTestCase(findTestCase("0InicioSesion"), [:], STOP_ON_FAILURE): Call Test Case 'Test Cases/0InicioSesion' successfully

2024-03-11 10:05:34 - [TEST_CASE][PASSED] - Test Cases/0InicioSesion: Test Cases/0InicioSesion

2024-03-11 10:05:34 - [TEST_STEP][PASSED] - openBrowser(UrlDigiturno): Browser is opened with url: 'https://PCPruebas101.ciel.cielingenieria.com:8910'

2024-03-11 10:05:34 - [MESSAGE][INFO] - Starting 'Chrome' driver

2024-03-11 10:05:34 - [MESSAGE][INFO] - User set preference: ['args', '[--use-fake-ui-for-media-stream, --disable-notifications]']

2024-03-11 10:05:34 - [MESSAGE][INFO] - Action delay is set to 0 milliseconds

2024-03-11 10:05:40 - [MESSAGE][PASSED] - Browser is opened with url: 'https://PCPruebas101.ciel.cielingenieria.com:8910'

2024-03-11 10:05:40 - [TEST_STEP][PASSED] - maximizeWindow(): Current window maximized

2024-03-11 10:05:40 - [MESSAGE][PASSED] - Current window maximized

2024-03-11 10:05:40 - [TEST_STEP][PASSED] - delay(3): Delayed 3 second(s)

2024-03-11 10:05:43 - [MESSAGE][PASSED] - Delayed 3 second(s)

2024-03-11 10:05:43 - [TEST_STEP][PASSED] - setText(findTestObject("0Inicio Sesion/input_Usuario"), "Ciel"): Text 'Ciel' is set on object 'Object Repository/0Inicio Sesion/input_Usuario'

2024-03-11 10:05:44 - [MESSAGE][PASSED] - Text 'Ciel' is set on object 'Object Repository/0Inicio Sesion/input_Usuario'

2024-03-11 10:05:44 - [TEST_STEP][PASSED] - setText(findTestObject("0Inicio Sesion/input_Clave"), "digiturno"): Text 'digiturno' is set on object 'Object Repository/0Inicio Sesion/input_Clave'

2024-03-11 10:05:45 - [MESSAGE][PASSED] - Text 'digiturno' is set on object 'Object Repository/0Inicio Sesion/input_Clave'

2024-03-11 10:05:45 - [TEST_STEP][PASSED] - click(findTestObject("0Inicio Sesion/btn_IniciarSesion")): Object: 'Object Repository/0Inicio Sesion/btn_IniciarSesion' is clicked on

2024-03-11 10:05:45 - [MESSAGE][PASSED] - Object: 'Object Repository/0Inicio Sesion/btn_IniciarSesion' is clicked on

2024-03-11 10:05:45 - [TEST_STEP][PASSED] - delay(3): Delayed 3 second(s)

2024-03-11 10:05:48 - [MESSAGE][PASSED] - Delayed 3 second(s)

2024-03-11 10:05:48 - [MESSAGE][PASSED] - Call Test Case 'Test Cases/0InicioSesion' successfully

2024-03-11 10:05:48 - [TEST_STEP][PASSED] - click(findTestObject("WIZARD/0Principal/img_EstructuraGeograficaMAX")): Object: 'Object Repository/WIZARD/0Principal/img_EstructuraGeograficaMAX' is clicked on

2024-03-11 10:05:49 - [MESSAGE][PASSED] - Object: 'Object Repository/WIZARD/0Principal/img_EstructuraGeograficaMAX' is clicked on

2024-03-11 10:05:49 - [TEST_STEP][PASSED] - delay(3): Delayed 3 second(s)

2024-03-11 10:05:52 - [MESSAGE][PASSED] - Delayed 3 second(s)

2024-03-11 10:05:52 - [TEST_STEP][PASSED] - click(findTestObject("WIZARD/2Estructura Geografica/0Arbol Geografico/span_Elementos geograficos")): Object: 'Object Repository/WIZARD/2Estructura Geografica/0Arbol Geografico/span_Elementos geograficos' is clicked on

2024-03-11 10:05:52 - [MESSAGE][PASSED] - Object: 'Object Repository/WIZARD/2Estructura Geografica/0Arbol Geografico/span_Elementos geograficos' is clicked on

2024-03-11 10:05:52 - [TEST_STEP][PASSED] - delay(3): Delayed 3 second(s)

2024-03-11 10:05:55 - [MESSAGE][PASSED] - Delayed 3 second(s)

2024-03-11 10:05:55 - [TEST_STEP][PASSED] - click(findTestObject("WIZARD/2Estructura Geografica/2Elementos Geograficos/Niveles Geograficos/option_Departamento")): Object: 'Object Repository/WIZARD/2Estructura Geografica/2Elementos Geograficos/Niveles Geograficos/option_Departamento' is clicked on

2024-03-11 10:05:56 - [MESSAGE][PASSED] - Object: 'Object Repository/WIZARD/2Estructura Geografica/2Elementos Geograficos/Niveles Geograficos/option_Departamento' is clicked on

2024-03-11 10:05:56 - [TEST_STEP][PASSED] - click(findTestObject("WIZARD/2Estructura Geografica/2Elementos Geograficos/Niveles Geograficos/option_Ciudad")): Object: 'Object Repository/WIZARD/2Estructura Geografica/2Elementos Geograficos/Niveles Geograficos/option_Ciudad' is clicked on

2024-03-11 10:05:56 - [MESSAGE][PASSED] - Object: 'Object Repository/WIZARD/2Estructura Geografica/2Elementos Geograficos/Niveles Geograficos/option_Ciudad' is clicked on

2024-03-11 10:05:56 - [TEST_STEP][PASSED] - selectOptionByLabel(findTestObject("WIZARD/2Estructura Geografica/2Elementos Geograficos/Elementos Geograficos/select_Nombre nivel"), "Cundinamarca", false): All options with label 'Cundinamarca' are selected in object 'Object Repository/WIZARD/2Estructura Geografica/2Elementos Geograficos/Elementos Geograficos/select_Nombre nivel' 

2024-03-11 10:05:57 - [MESSAGE][PASSED] - All options with label 'Cundinamarca' are selected in object 'Object Repository/WIZARD/2Estructura Geografica/2Elementos Geograficos/Elementos Geograficos/select_Nombre nivel' 

2024-03-11 10:05:57 - [TEST_STEP][PASSED] - setText(findTestObject("WIZARD/2Estructura Geografica/2Elementos Geograficos/Edicion Elemento Geografico/input_Nombre elemento"), "Bogota"): Text 'Bogota' is set on object 'Object Repository/WIZARD/2Estructura Geografica/2Elementos Geograficos/Edicion Elemento Geografico/input_Nombre elemento'

2024-03-11 10:05:58 - [MESSAGE][PASSED] - Text 'Bogota' is set on object 'Object Repository/WIZARD/2Estructura Geografica/2Elementos Geograficos/Edicion Elemento Geografico/input_Nombre elemento'

2024-03-11 10:05:58 - [TEST_STEP][PASSED] - click(findTestObject("WIZARD/2Estructura Geografica/2Elementos Geograficos/Edicion Elemento Geografico/btn_Nuevo")): Object: 'Object Repository/WIZARD/2Estructura Geografica/2Elementos Geograficos/Edicion Elemento Geografico/btn_Nuevo' is clicked on

2024-03-11 10:05:58 - [MESSAGE][PASSED] - Object: 'Object Repository/WIZARD/2Estructura Geografica/2Elementos Geograficos/Edicion Elemento Geografico/btn_Nuevo' is clicked on

2024-03-11 10:05:58 - [TEST_STEP][PASSED] - delay(3): Delayed 3 second(s)

2024-03-11 10:06:01 - [MESSAGE][PASSED] - Delayed 3 second(s)

2024-03-11 10:06:01 - [TEST_STEP][PASSED] - click(findTestObject("WIZARD/2Estructura Geografica/2Elementos Geograficos/Niveles Geograficos/option_Ciudad")): Object: 'Object Repository/WIZARD/2Estructura Geografica/2Elementos Geograficos/Niveles Geograficos/option_Ciudad' is clicked on

2024-03-11 10:06:02 - [MESSAGE][PASSED] - Object: 'Object Repository/WIZARD/2Estructura Geografica/2Elementos Geograficos/Niveles Geograficos/option_Ciudad' is clicked on

2024-03-11 10:06:02 - [TEST_STEP][PASSED] - selectOptionByLabel(findTestObject("WIZARD/2Estructura Geografica/2Elementos Geograficos/Elementos Geograficos/select_Nombre nivel"), "Valle del Cauca", false): All options with label 'Valle del Cauca' are selected in object 'Object Repository/WIZARD/2Estructura Geografica/2Elementos Geograficos/Elementos Geograficos/select_Nombre nivel' 

2024-03-11 10:06:03 - [MESSAGE][PASSED] - All options with label 'Valle del Cauca' are selected in object 'Object Repository/WIZARD/2Estructura Geografica/2Elementos Geograficos/Elementos Geograficos/select_Nombre nivel' 

2024-03-11 10:06:03 - [TEST_STEP][PASSED] - setText(findTestObject("WIZARD/2Estructura Geografica/2Elementos Geograficos/Edicion Elemento Geografico/input_Nombre elemento"), "Cali"): Text 'Cali' is set on object 'Object Repository/WIZARD/2Estructura Geografica/2Elementos Geograficos/Edicion Elemento Geografico/input_Nombre elemento'

2024-03-11 10:06:04 - [MESSAGE][PASSED] - Text 'Cali' is set on object 'Object Repository/WIZARD/2Estructura Geografica/2Elementos Geograficos/Edicion Elemento Geografico/input_Nombre elemento'

2024-03-11 10:06:04 - [TEST_STEP][PASSED] - click(findTestObject("WIZARD/2Estructura Geografica/2Elementos Geograficos/Edicion Elemento Geografico/btn_Nuevo")): Object: 'Object Repository/WIZARD/2Estructura Geografica/2Elementos Geograficos/Edicion Elemento Geografico/btn_Nuevo' is clicked on

2024-03-11 10:06:04 - [MESSAGE][PASSED] - Object: 'Object Repository/WIZARD/2Estructura Geografica/2Elementos Geograficos/Edicion Elemento Geografico/btn_Nuevo' is clicked on

2024-03-11 10:06:04 - [TEST_STEP][PASSED] - delay(3): Delayed 3 second(s)

2024-03-11 10:06:07 - [MESSAGE][PASSED] - Delayed 3 second(s)

2024-03-11 10:06:07 - [TEST_STEP][PASSED] - click(findTestObject("WIZARD/2Estructura Geografica/2Elementos Geograficos/Niveles Geograficos/option_Ciudad")): Object: 'Object Repository/WIZARD/2Estructura Geografica/2Elementos Geograficos/Niveles Geograficos/option_Ciudad' is clicked on

2024-03-11 10:06:07 - [MESSAGE][PASSED] - Object: 'Object Repository/WIZARD/2Estructura Geografica/2Elementos Geograficos/Niveles Geograficos/option_Ciudad' is clicked on

2024-03-11 10:06:07 - [TEST_STEP][PASSED] - selectOptionByLabel(findTestObject("WIZARD/2Estructura Geografica/2Elementos Geograficos/Elementos Geograficos/select_Nombre nivel"), "Bolivar", false): All options with label 'Bolivar' are selected in object 'Object Repository/WIZARD/2Estructura Geografica/2Elementos Geograficos/Elementos Geograficos/select_Nombre nivel' 

2024-03-11 10:06:08 - [MESSAGE][PASSED] - All options with label 'Bolivar' are selected in object 'Object Repository/WIZARD/2Estructura Geografica/2Elementos Geograficos/Elementos Geograficos/select_Nombre nivel' 

2024-03-11 10:06:08 - [TEST_STEP][PASSED] - setText(findTestObject("WIZARD/2Estructura Geografica/2Elementos Geograficos/Edicion Elemento Geografico/input_Nombre elemento"), "Cartagena"): Text 'Cartagena' is set on object 'Object Repository/WIZARD/2Estructura Geografica/2Elementos Geograficos/Edicion Elemento Geografico/input_Nombre elemento'

2024-03-11 10:06:09 - [MESSAGE][PASSED] - Text 'Cartagena' is set on object 'Object Repository/WIZARD/2Estructura Geografica/2Elementos Geograficos/Edicion Elemento Geografico/input_Nombre elemento'

2024-03-11 10:06:09 - [TEST_STEP][PASSED] - click(findTestObject("WIZARD/2Estructura Geografica/2Elementos Geograficos/Edicion Elemento Geografico/btn_Nuevo")): Object: 'Object Repository/WIZARD/2Estructura Geografica/2Elementos Geograficos/Edicion Elemento Geografico/btn_Nuevo' is clicked on

2024-03-11 10:06:09 - [MESSAGE][PASSED] - Object: 'Object Repository/WIZARD/2Estructura Geografica/2Elementos Geograficos/Edicion Elemento Geografico/btn_Nuevo' is clicked on

2024-03-11 10:06:09 - [TEST_STEP][PASSED] - delay(3): Delayed 3 second(s)

2024-03-11 10:06:13 - [MESSAGE][PASSED] - Delayed 3 second(s)

2024-03-11 10:06:13 - [TEST_STEP][PASSED] - click(findTestObject("WIZARD/2Estructura Geografica/2Elementos Geograficos/Niveles Geograficos/option_Ciudad")): Object: 'Object Repository/WIZARD/2Estructura Geografica/2Elementos Geograficos/Niveles Geograficos/option_Ciudad' is clicked on

2024-03-11 10:06:13 - [MESSAGE][PASSED] - Object: 'Object Repository/WIZARD/2Estructura Geografica/2Elementos Geograficos/Niveles Geograficos/option_Ciudad' is clicked on

2024-03-11 10:06:13 - [TEST_STEP][PASSED] - selectOptionByLabel(findTestObject("WIZARD/2Estructura Geografica/2Elementos Geograficos/Elementos Geograficos/select_Nombre nivel"), "Caldas", false): All options with label 'Caldas' are selected in object 'Object Repository/WIZARD/2Estructura Geografica/2Elementos Geograficos/Elementos Geograficos/select_Nombre nivel' 

2024-03-11 10:06:14 - [MESSAGE][PASSED] - All options with label 'Caldas' are selected in object 'Object Repository/WIZARD/2Estructura Geografica/2Elementos Geograficos/Elementos Geograficos/select_Nombre nivel' 

2024-03-11 10:06:14 - [TEST_STEP][PASSED] - setText(findTestObject("WIZARD/2Estructura Geografica/2Elementos Geograficos/Edicion Elemento Geografico/input_Nombre elemento"), "Manizales"): Text 'Manizales' is set on object 'Object Repository/WIZARD/2Estructura Geografica/2Elementos Geograficos/Edicion Elemento Geografico/input_Nombre elemento'

2024-03-11 10:06:15 - [MESSAGE][PASSED] - Text 'Manizales' is set on object 'Object Repository/WIZARD/2Estructura Geografica/2Elementos Geograficos/Edicion Elemento Geografico/input_Nombre elemento'

2024-03-11 10:06:15 - [TEST_STEP][PASSED] - click(findTestObject("WIZARD/2Estructura Geografica/2Elementos Geograficos/Edicion Elemento Geografico/btn_Nuevo")): Object: 'Object Repository/WIZARD/2Estructura Geografica/2Elementos Geograficos/Edicion Elemento Geografico/btn_Nuevo' is clicked on

2024-03-11 10:06:15 - [MESSAGE][PASSED] - Object: 'Object Repository/WIZARD/2Estructura Geografica/2Elementos Geograficos/Edicion Elemento Geografico/btn_Nuevo' is clicked on

2024-03-11 10:06:15 - [TEST_STEP][PASSED] - delay(3): Delayed 3 second(s)

2024-03-11 10:06:18 - [MESSAGE][PASSED] - Delayed 3 second(s)

2024-03-11 10:06:18 - [TEST_STEP][PASSED] - click(findTestObject("WIZARD/2Estructura Geografica/2Elementos Geograficos/Niveles Geograficos/option_Ciudad")): Object: 'Object Repository/WIZARD/2Estructura Geografica/2Elementos Geograficos/Niveles Geograficos/option_Ciudad' is clicked on

2024-03-11 10:06:19 - [MESSAGE][PASSED] - Object: 'Object Repository/WIZARD/2Estructura Geografica/2Elementos Geograficos/Niveles Geograficos/option_Ciudad' is clicked on

2024-03-11 10:06:19 - [TEST_STEP][PASSED] - selectOptionByLabel(findTestObject("WIZARD/2Estructura Geografica/2Elementos Geograficos/Elementos Geograficos/select_Nombre nivel"), "Dpto Virtual", false): All options with label 'Dpto Virtual' are selected in object 'Object Repository/WIZARD/2Estructura Geografica/2Elementos Geograficos/Elementos Geograficos/select_Nombre nivel' 

2024-03-11 10:06:19 - [MESSAGE][PASSED] - All options with label 'Dpto Virtual' are selected in object 'Object Repository/WIZARD/2Estructura Geografica/2Elementos Geograficos/Elementos Geograficos/select_Nombre nivel' 

2024-03-11 10:06:19 - [TEST_STEP][PASSED] - setText(findTestObject("WIZARD/2Estructura Geografica/2Elementos Geograficos/Edicion Elemento Geografico/input_Nombre elemento"), "Virtual"): Text 'Virtual' is set on object 'Object Repository/WIZARD/2Estructura Geografica/2Elementos Geograficos/Edicion Elemento Geografico/input_Nombre elemento'

2024-03-11 10:06:20 - [MESSAGE][PASSED] - Text 'Virtual' is set on object 'Object Repository/WIZARD/2Estructura Geografica/2Elementos Geograficos/Edicion Elemento Geografico/input_Nombre elemento'

2024-03-11 10:06:20 - [TEST_STEP][PASSED] - click(findTestObject("WIZARD/2Estructura Geografica/2Elementos Geograficos/Edicion Elemento Geografico/btn_Nuevo")): Object: 'Object Repository/WIZARD/2Estructura Geografica/2Elementos Geograficos/Edicion Elemento Geografico/btn_Nuevo' is clicked on

2024-03-11 10:06:21 - [MESSAGE][PASSED] - Object: 'Object Repository/WIZARD/2Estructura Geografica/2Elementos Geograficos/Edicion Elemento Geografico/btn_Nuevo' is clicked on

2024-03-11 10:06:21 - [TEST_STEP][PASSED] - delay(3): Delayed 3 second(s)

2024-03-11 10:06:24 - [MESSAGE][PASSED] - Delayed 3 second(s)

2024-03-11 10:06:24 - [TEST_STEP][PASSED] - click(findTestObject("WIZARD/2Estructura Geografica/2Elementos Geograficos/Niveles Geograficos/option_Ciudad")): Object: 'Object Repository/WIZARD/2Estructura Geografica/2Elementos Geograficos/Niveles Geograficos/option_Ciudad' is clicked on

2024-03-11 10:06:24 - [MESSAGE][PASSED] - Object: 'Object Repository/WIZARD/2Estructura Geografica/2Elementos Geograficos/Niveles Geograficos/option_Ciudad' is clicked on

2024-03-11 10:06:24 - [TEST_STEP][PASSED] - selectOptionByLabel(findTestObject("WIZARD/2Estructura Geografica/2Elementos Geograficos/Elementos Geograficos/select_Nombre nivel"), "Dpto WorkFlow", false): All options with label 'Dpto WorkFlow' are selected in object 'Object Repository/WIZARD/2Estructura Geografica/2Elementos Geograficos/Elementos Geograficos/select_Nombre nivel' 

2024-03-11 10:06:25 - [MESSAGE][PASSED] - All options with label 'Dpto WorkFlow' are selected in object 'Object Repository/WIZARD/2Estructura Geografica/2Elementos Geograficos/Elementos Geograficos/select_Nombre nivel' 

2024-03-11 10:06:25 - [TEST_STEP][PASSED] - setText(findTestObject("WIZARD/2Estructura Geografica/2Elementos Geograficos/Edicion Elemento Geografico/input_Nombre elemento"), "WorkFlow"): Text 'WorkFlow' is set on object 'Object Repository/WIZARD/2Estructura Geografica/2Elementos Geograficos/Edicion Elemento Geografico/input_Nombre elemento'

2024-03-11 10:06:26 - [MESSAGE][PASSED] - Text 'WorkFlow' is set on object 'Object Repository/WIZARD/2Estructura Geografica/2Elementos Geograficos/Edicion Elemento Geografico/input_Nombre elemento'

2024-03-11 10:06:26 - [TEST_STEP][PASSED] - click(findTestObject("WIZARD/2Estructura Geografica/2Elementos Geograficos/Edicion Elemento Geografico/btn_Nuevo")): Object: 'Object Repository/WIZARD/2Estructura Geografica/2Elementos Geograficos/Edicion Elemento Geografico/btn_Nuevo' is clicked on

2024-03-11 10:06:26 - [MESSAGE][PASSED] - Object: 'Object Repository/WIZARD/2Estructura Geografica/2Elementos Geograficos/Edicion Elemento Geografico/btn_Nuevo' is clicked on

2024-03-11 10:06:26 - [TEST_STEP][PASSED] - delay(3): Delayed 3 second(s)

2024-03-11 10:06:29 - [MESSAGE][PASSED] - Delayed 3 second(s)

2024-03-11 10:06:29 - [TEST_STEP][PASSED] - click(findTestObject("WIZARD/2Estructura Geografica/2Elementos Geograficos/Niveles Geograficos/option_Ciudad")): Object: 'Object Repository/WIZARD/2Estructura Geografica/2Elementos Geograficos/Niveles Geograficos/option_Ciudad' is clicked on

2024-03-11 10:06:29 - [MESSAGE][PASSED] - Object: 'Object Repository/WIZARD/2Estructura Geografica/2Elementos Geograficos/Niveles Geograficos/option_Ciudad' is clicked on

2024-03-11 10:06:29 - [TEST_STEP][PASSED] - selectOptionByLabel(findTestObject("WIZARD/2Estructura Geografica/2Elementos Geograficos/Elementos Geograficos/select_Nombre nivel"), "Antioquia", false): All options with label 'Antioquia' are selected in object 'Object Repository/WIZARD/2Estructura Geografica/2Elementos Geograficos/Elementos Geograficos/select_Nombre nivel' 

2024-03-11 10:06:30 - [MESSAGE][PASSED] - All options with label 'Antioquia' are selected in object 'Object Repository/WIZARD/2Estructura Geografica/2Elementos Geograficos/Elementos Geograficos/select_Nombre nivel' 

2024-03-11 10:06:30 - [TEST_STEP][PASSED] - setText(findTestObject("WIZARD/2Estructura Geografica/2Elementos Geograficos/Edicion Elemento Geografico/input_Nombre elemento"), "Medellin"): Text 'Medellin' is set on object 'Object Repository/WIZARD/2Estructura Geografica/2Elementos Geograficos/Edicion Elemento Geografico/input_Nombre elemento'

2024-03-11 10:06:31 - [MESSAGE][PASSED] - Text 'Medellin' is set on object 'Object Repository/WIZARD/2Estructura Geografica/2Elementos Geograficos/Edicion Elemento Geografico/input_Nombre elemento'

2024-03-11 10:06:31 - [TEST_STEP][PASSED] - click(findTestObject("WIZARD/2Estructura Geografica/2Elementos Geograficos/Edicion Elemento Geografico/btn_Nuevo")): Object: 'Object Repository/WIZARD/2Estructura Geografica/2Elementos Geograficos/Edicion Elemento Geografico/btn_Nuevo' is clicked on

2024-03-11 10:06:31 - [MESSAGE][PASSED] - Object: 'Object Repository/WIZARD/2Estructura Geografica/2Elementos Geograficos/Edicion Elemento Geografico/btn_Nuevo' is clicked on

2024-03-11 10:06:31 - [TEST_STEP][PASSED] - delay(3): Delayed 3 second(s)

2024-03-11 10:06:35 - [MESSAGE][PASSED] - Delayed 3 second(s)

2024-03-11 10:06:35 - [TEST_STEP][PASSED] - takeFullPageScreenshot(): Taking screenshot successfully

2024-03-11 10:06:35 - [MESSAGE][INFO] - 0 hidden object(s)

2024-03-11 10:06:35 - [MESSAGE][PASSED] - Taking screenshot successfully
[[ATTACHMENT|C:\\CIEL INGENIERIA\\Katalon\\Digiturno55\\Reports\\20240311_100207\\WIZARD\\2Estructura Geografica\\4.3 Crear Elementos Geograficos Ciudades\\20240311_100215\\1710169595031.png]]

2024-03-11 10:06:35 - [TEST_STEP][PASSED] - delay(3): Delayed 3 second(s)

2024-03-11 10:06:38 - [MESSAGE][PASSED] - Delayed 3 second(s)

2024-03-11 10:06:38 - [TEST_STEP][PASSED] - Start listener action : sampleAfterTestCase: null]]></system-out>
         <system-err><![CDATA[]]></system-err>
      </testcase>
      <system-out><![CDATA[2024-03-11 10:05:33 - [TEST_SUITE][PASSED] - 4.3 Crear Elementos Geograficos Ciudades: Test Cases/WIZARD/2Estructura Geografica/4.3 Crear Elementos Geograficos Ciudades]]></system-out>
      <system-err><![CDATA[]]></system-err>
   </testsuite>
</testsuites>
