<?xml version="1.0" encoding="UTF-8"?>
<testsuites name="79 Parametros Generales" time="40.356" tests="1" failures="0" errors="0">
   <testsuite name="79 Parametros Generales" tests="1" failures="0" errors="0" time="40.356" skipped="0" timestamp="2023-08-14 15:08:05" hostname="jdavila - PCPruebas101.ciel.cielingenieria.com" id="Test Suites/DIGITURNO/BASICO/79 Parametros Generales">
      <properties>
         <property name="deviceName" value=""/>
         <property name="devicePlatform" value=""/>
         <property name="logFolder" value="C:\\CIEL INGENIERIA\\Katalon\\Digiturno55\\Reports\\20230814_141235\\DIGITURNO\\BASICO\\79 Parametros Generales\\20230814_141349"/>
         <property name="logFiles" value="C:\\CIEL INGENIERIA\\Katalon\\Digiturno55\\Reports\\20230814_141235\\DIGITURNO\\BASICO\\79 Parametros Generales\\20230814_141349\\execution0.log"/>
         <property name="attachments" value="C:\\CIEL INGENIERIA\\Katalon\\Digiturno55\\Reports\\20230814_141235\\DIGITURNO\\BASICO\\79 Parametros Generales\\20230814_141349\\1692043705347.png, C:\\CIEL INGENIERIA\\Katalon\\Digiturno55\\Reports\\20230814_141235\\DIGITURNO\\BASICO\\79 Parametros Generales\\20230814_141349\\1692043722684.png"/>
         <property name="hostName" value="jdavila - PCPruebas101.ciel.cielingenieria.com"/>
         <property name="os" value="Windows 10 64bit"/>
         <property name="katalonVersion" value="8.6.0.208"/>
         <property name="browser" value="Chrome 115.0.0.0"/>
         <property name="hostAddress" value="192.168.0.33"/>
         <property name="sessionId" value="028574862c039567558b4a123d639d13"/>
         <property name="seleniumVersion" value="3.141.59"/>
         <property name="proxyInformation" value="ProxyInformation { proxyOption=NO_PROXY, proxyServerType=HTTP, username=, password=********, proxyServerAddress=, proxyServerPort=0, executionList=&quot;&quot;, isApplyToDesiredCapabilities=true }"/>
         <property name="platform" value="Windows 10"/>
      </properties>
      <testcase name="Test Cases/DIGITURNO/BASICO/79 Parametros Generales" time="40.112" classname="Test Cases/DIGITURNO/BASICO/79 Parametros Generales" status="PASSED">
         <system-out><![CDATA[2023-08-14 15:08:06 - [TEST_CASE][PASSED] - Test Cases/DIGITURNO/BASICO/79 Parametros Generales: Test Cases/DIGITURNO/BASICO/79 Parametros Generales

2023-08-14 15:08:06 - [TEST_STEP][PASSED] - callTestCase(findTestCase("DIGITURNO/BASICO/30 Sistema"), [:], STOP_ON_FAILURE): Call Test Case 'Test Cases/DIGITURNO/BASICO/30 Sistema' successfully

2023-08-14 15:08:06 - [TEST_CASE][PASSED] - Test Cases/DIGITURNO/BASICO/30 Sistema: Test Cases/DIGITURNO/BASICO/30 Sistema

2023-08-14 15:08:06 - [TEST_STEP][PASSED] - callTestCase(findTestCase("0InicioSesion"), [:], STOP_ON_FAILURE): Call Test Case 'Test Cases/0InicioSesion' successfully

2023-08-14 15:08:06 - [TEST_CASE][PASSED] - Test Cases/0InicioSesion: Test Cases/0InicioSesion

2023-08-14 15:08:07 - [TEST_STEP][PASSED] - openBrowser(UrlDigiturno): Browser is opened with url: 'https://PCPruebas101.ciel.cielingenieria.com:8610'

2023-08-14 15:08:07 - [MESSAGE][INFO] - Starting 'Chrome' driver

2023-08-14 15:08:07 - [MESSAGE][INFO] - User set preference: ['args', '[--use-fake-ui-for-media-stream, --disable-notifications]']

2023-08-14 15:08:07 - [MESSAGE][INFO] - Action delay is set to 0 milliseconds

2023-08-14 15:08:09 - [MESSAGE][PASSED] - Browser is opened with url: 'https://PCPruebas101.ciel.cielingenieria.com:8610'

2023-08-14 15:08:09 - [TEST_STEP][PASSED] - maximizeWindow(): Current window maximized

2023-08-14 15:08:10 - [MESSAGE][PASSED] - Current window maximized

2023-08-14 15:08:10 - [TEST_STEP][PASSED] - delay(3): Delayed 3 second(s)

2023-08-14 15:08:13 - [MESSAGE][PASSED] - Delayed 3 second(s)

2023-08-14 15:08:13 - [TEST_STEP][PASSED] - setText(findTestObject("0Inicio Sesion/input_Usuario"), "Ciel"): Text 'Ciel' is set on object 'Object Repository/0Inicio Sesion/input_Usuario'

2023-08-14 15:08:13 - [MESSAGE][PASSED] - Text 'Ciel' is set on object 'Object Repository/0Inicio Sesion/input_Usuario'

2023-08-14 15:08:13 - [TEST_STEP][PASSED] - setText(findTestObject("0Inicio Sesion/input_Clave"), "digiturno"): Text 'digiturno' is set on object 'Object Repository/0Inicio Sesion/input_Clave'

2023-08-14 15:08:14 - [MESSAGE][PASSED] - Text 'digiturno' is set on object 'Object Repository/0Inicio Sesion/input_Clave'

2023-08-14 15:08:14 - [TEST_STEP][PASSED] - click(findTestObject("0Inicio Sesion/btn_IniciarSesion")): Object: 'Object Repository/0Inicio Sesion/btn_IniciarSesion' is clicked on

2023-08-14 15:08:15 - [MESSAGE][PASSED] - Object: 'Object Repository/0Inicio Sesion/btn_IniciarSesion' is clicked on

2023-08-14 15:08:15 - [TEST_STEP][PASSED] - delay(3): Delayed 3 second(s)

2023-08-14 15:08:18 - [MESSAGE][PASSED] - Delayed 3 second(s)

2023-08-14 15:08:18 - [MESSAGE][PASSED] - Call Test Case 'Test Cases/0InicioSesion' successfully

2023-08-14 15:08:18 - [TEST_STEP][PASSED] - click(findTestObject("DIGITURNO/1Principal/img_Configuracion(1)")): Object: 'Object Repository/DIGITURNO/1Principal/img_Configuracion(1)' is clicked on

2023-08-14 15:08:18 - [MESSAGE][PASSED] - Object: 'Object Repository/DIGITURNO/1Principal/img_Configuracion(1)' is clicked on

2023-08-14 15:08:18 - [TEST_STEP][PASSED] - delay(3): Delayed 3 second(s)

2023-08-14 15:08:21 - [MESSAGE][PASSED] - Delayed 3 second(s)

2023-08-14 15:08:21 - [TEST_STEP][PASSED] - click(findTestObject("DIGITURNO/CONFIGURACION/0Principal/img_7Sistema")): Object: 'Object Repository/DIGITURNO/CONFIGURACION/0Principal/img_7Sistema' is clicked on

2023-08-14 15:08:22 - [MESSAGE][PASSED] - Object: 'Object Repository/DIGITURNO/CONFIGURACION/0Principal/img_7Sistema' is clicked on

2023-08-14 15:08:22 - [TEST_STEP][PASSED] - delay(3): Delayed 3 second(s)

2023-08-14 15:08:25 - [MESSAGE][PASSED] - Delayed 3 second(s)

2023-08-14 15:08:25 - [TEST_STEP][PASSED] - takeFullPageScreenshot(): Taking screenshot successfully

2023-08-14 15:08:25 - [MESSAGE][INFO] - 0 hidden object(s)

2023-08-14 15:08:26 - [MESSAGE][PASSED] - Taking screenshot successfully
[[ATTACHMENT|C:\\CIEL INGENIERIA\\Katalon\\Digiturno55\\Reports\\20230814_141235\\DIGITURNO\\BASICO\\79 Parametros Generales\\20230814_141349\\1692043705347.png]]

2023-08-14 15:08:26 - [TEST_STEP][PASSED] - delay(3): Delayed 3 second(s)

2023-08-14 15:08:29 - [MESSAGE][PASSED] - Delayed 3 second(s)

2023-08-14 15:08:29 - [MESSAGE][PASSED] - Call Test Case 'Test Cases/DIGITURNO/BASICO/30 Sistema' successfully

2023-08-14 15:08:29 - [TEST_STEP][PASSED] - click(findTestObject("DIGITURNO/CONFIGURACION/7Sistema/0Principal/img_1 Parametros Generales")): Object: 'Object Repository/DIGITURNO/CONFIGURACION/7Sistema/0Principal/img_1 Parametros Generales' is clicked on

2023-08-14 15:08:30 - [MESSAGE][PASSED] - Object: 'Object Repository/DIGITURNO/CONFIGURACION/7Sistema/0Principal/img_1 Parametros Generales' is clicked on

2023-08-14 15:08:30 - [TEST_STEP][PASSED] - delay(3): Delayed 3 second(s)

2023-08-14 15:08:33 - [MESSAGE][PASSED] - Delayed 3 second(s)

2023-08-14 15:08:33 - [TEST_STEP][PASSED] - setText(findTestObject("DIGITURNO/CONFIGURACION/7Sistema/1 Parametros Generales/input_Busqueda"), "idiom"): Text 'idiom' is set on object 'Object Repository/DIGITURNO/CONFIGURACION/7Sistema/1 Parametros Generales/input_Busqueda'

2023-08-14 15:08:34 - [MESSAGE][PASSED] - Text 'idiom' is set on object 'Object Repository/DIGITURNO/CONFIGURACION/7Sistema/1 Parametros Generales/input_Busqueda'

2023-08-14 15:08:34 - [TEST_STEP][PASSED] - click(findTestObject("DIGITURNO/CONFIGURACION/7Sistema/1 Parametros Generales/img_Filtrar")): Object: 'Object Repository/DIGITURNO/CONFIGURACION/7Sistema/1 Parametros Generales/img_Filtrar' is clicked on

2023-08-14 15:08:34 - [MESSAGE][PASSED] - Object: 'Object Repository/DIGITURNO/CONFIGURACION/7Sistema/1 Parametros Generales/img_Filtrar' is clicked on

2023-08-14 15:08:34 - [TEST_STEP][PASSED] - delay(2): Delayed 2 second(s)

2023-08-14 15:08:36 - [MESSAGE][PASSED] - Delayed 2 second(s)

2023-08-14 15:08:36 - [TEST_STEP][PASSED] - click(findTestObject("DIGITURNO/CONFIGURACION/7Sistema/1 Parametros Generales/Lista Botones Editar/btn_Editar 1")): Object: 'Object Repository/DIGITURNO/CONFIGURACION/7Sistema/1 Parametros Generales/Lista Botones Editar/btn_Editar 1' is clicked on

2023-08-14 15:08:37 - [MESSAGE][PASSED] - Object: 'Object Repository/DIGITURNO/CONFIGURACION/7Sistema/1 Parametros Generales/Lista Botones Editar/btn_Editar 1' is clicked on

2023-08-14 15:08:37 - [TEST_STEP][PASSED] - delay(2): Delayed 2 second(s)

2023-08-14 15:08:39 - [MESSAGE][PASSED] - Delayed 2 second(s)

2023-08-14 15:08:39 - [TEST_STEP][PASSED] - click(findTestObject("DIGITURNO/CONFIGURACION/7Sistema/1 Parametros Generales/Pestanas/Cambiar Parametros/Texto/a_Guardar")): Object: 'Object Repository/DIGITURNO/CONFIGURACION/7Sistema/1 Parametros Generales/Pestanas/Cambiar Parametros/Texto/a_Guardar' is clicked on

2023-08-14 15:08:39 - [MESSAGE][PASSED] - Object: 'Object Repository/DIGITURNO/CONFIGURACION/7Sistema/1 Parametros Generales/Pestanas/Cambiar Parametros/Texto/a_Guardar' is clicked on

2023-08-14 15:08:39 - [TEST_STEP][PASSED] - delay(3): Delayed 3 second(s)

2023-08-14 15:08:42 - [MESSAGE][PASSED] - Delayed 3 second(s)

2023-08-14 15:08:42 - [TEST_STEP][PASSED] - takeFullPageScreenshot(): Taking screenshot successfully

2023-08-14 15:08:43 - [MESSAGE][INFO] - 0 hidden object(s)

2023-08-14 15:08:43 - [MESSAGE][PASSED] - Taking screenshot successfully
[[ATTACHMENT|C:\\CIEL INGENIERIA\\Katalon\\Digiturno55\\Reports\\20230814_141235\\DIGITURNO\\BASICO\\79 Parametros Generales\\20230814_141349\\1692043722684.png]]

2023-08-14 15:08:43 - [TEST_STEP][PASSED] - delay(3): Delayed 3 second(s)

2023-08-14 15:08:46 - [MESSAGE][PASSED] - Delayed 3 second(s)

2023-08-14 15:08:46 - [TEST_STEP][PASSED] - Start listener action : sampleAfterTestCase: null]]></system-out>
         <system-err><![CDATA[]]></system-err>
      </testcase>
      <system-out><![CDATA[2023-08-14 15:08:05 - [TEST_SUITE][PASSED] - 79 Parametros Generales: Test Cases/DIGITURNO/BASICO/79 Parametros Generales]]></system-out>
      <system-err><![CDATA[]]></system-err>
   </testsuite>
</testsuites>
