<?xml version="1.0" encoding="UTF-8"?>
<testsuites name="81 Modulos y Personalizaciones" time="40.135" tests="1" failures="0" errors="0">
   <testsuite name="81 Modulos y Personalizaciones" tests="1" failures="0" errors="0" time="40.135" skipped="0" timestamp="2023-08-14 15:08:57" hostname="jdavila - PCPruebas101.ciel.cielingenieria.com" id="Test Suites/DIGITURNO/BASICO/81 Modulos y Personalizaciones">
      <properties>
         <property name="deviceName" value=""/>
         <property name="devicePlatform" value=""/>
         <property name="logFolder" value="C:\\CIEL INGENIERIA\\Katalon\\Digiturno55\\Reports\\20230814_141235\\DIGITURNO\\BASICO\\81 Modulos y Personalizaciones\\20230814_141351"/>
         <property name="logFiles" value="C:\\CIEL INGENIERIA\\Katalon\\Digiturno55\\Reports\\20230814_141235\\DIGITURNO\\BASICO\\81 Modulos y Personalizaciones\\20230814_141351\\execution0.log"/>
         <property name="attachments" value="C:\\CIEL INGENIERIA\\Katalon\\Digiturno55\\Reports\\20230814_141235\\DIGITURNO\\BASICO\\81 Modulos y Personalizaciones\\20230814_141351\\1692043757038.png, C:\\CIEL INGENIERIA\\Katalon\\Digiturno55\\Reports\\20230814_141235\\DIGITURNO\\BASICO\\81 Modulos y Personalizaciones\\20230814_141351\\1692043774379.png"/>
         <property name="hostName" value="jdavila - PCPruebas101.ciel.cielingenieria.com"/>
         <property name="os" value="Windows 10 64bit"/>
         <property name="katalonVersion" value="8.6.0.208"/>
         <property name="browser" value="Chrome 115.0.0.0"/>
         <property name="hostAddress" value="192.168.0.33"/>
         <property name="sessionId" value="e28a1307281ed273928117a22e870c05"/>
         <property name="seleniumVersion" value="3.141.59"/>
         <property name="proxyInformation" value="ProxyInformation { proxyOption=NO_PROXY, proxyServerType=HTTP, username=, password=********, proxyServerAddress=, proxyServerPort=0, executionList=&quot;&quot;, isApplyToDesiredCapabilities=true }"/>
         <property name="platform" value="Windows 10"/>
      </properties>
      <testcase name="Test Cases/DIGITURNO/BASICO/81 Modulos y Personalizaciones" time="39.891" classname="Test Cases/DIGITURNO/BASICO/81 Modulos y Personalizaciones" status="PASSED">
         <system-out><![CDATA[2023-08-14 15:08:58 - [TEST_CASE][PASSED] - Test Cases/DIGITURNO/BASICO/81 Modulos y Personalizaciones: Test Cases/DIGITURNO/BASICO/81 Modulos y Personalizaciones

2023-08-14 15:08:58 - [TEST_STEP][PASSED] - callTestCase(findTestCase("DIGITURNO/BASICO/30 Sistema"), [:], STOP_ON_FAILURE): Call Test Case 'Test Cases/DIGITURNO/BASICO/30 Sistema' successfully

2023-08-14 15:08:58 - [TEST_CASE][PASSED] - Test Cases/DIGITURNO/BASICO/30 Sistema: Test Cases/DIGITURNO/BASICO/30 Sistema

2023-08-14 15:08:58 - [TEST_STEP][PASSED] - callTestCase(findTestCase("0InicioSesion"), [:], STOP_ON_FAILURE): Call Test Case 'Test Cases/0InicioSesion' successfully

2023-08-14 15:08:58 - [TEST_CASE][PASSED] - Test Cases/0InicioSesion: Test Cases/0InicioSesion

2023-08-14 15:08:59 - [TEST_STEP][PASSED] - openBrowser(UrlDigiturno): Browser is opened with url: 'https://PCPruebas101.ciel.cielingenieria.com:8610'

2023-08-14 15:08:59 - [MESSAGE][INFO] - Starting 'Chrome' driver

2023-08-14 15:08:59 - [MESSAGE][INFO] - User set preference: ['args', '[--use-fake-ui-for-media-stream, --disable-notifications]']

2023-08-14 15:08:59 - [MESSAGE][INFO] - Action delay is set to 0 milliseconds

2023-08-14 15:09:01 - [MESSAGE][PASSED] - Browser is opened with url: 'https://PCPruebas101.ciel.cielingenieria.com:8610'

2023-08-14 15:09:01 - [TEST_STEP][PASSED] - maximizeWindow(): Current window maximized

2023-08-14 15:09:01 - [MESSAGE][PASSED] - Current window maximized

2023-08-14 15:09:01 - [TEST_STEP][PASSED] - delay(3): Delayed 3 second(s)

2023-08-14 15:09:04 - [MESSAGE][PASSED] - Delayed 3 second(s)

2023-08-14 15:09:04 - [TEST_STEP][PASSED] - setText(findTestObject("0Inicio Sesion/input_Usuario"), "Ciel"): Text 'Ciel' is set on object 'Object Repository/0Inicio Sesion/input_Usuario'

2023-08-14 15:09:05 - [MESSAGE][PASSED] - Text 'Ciel' is set on object 'Object Repository/0Inicio Sesion/input_Usuario'

2023-08-14 15:09:05 - [TEST_STEP][PASSED] - setText(findTestObject("0Inicio Sesion/input_Clave"), "digiturno"): Text 'digiturno' is set on object 'Object Repository/0Inicio Sesion/input_Clave'

2023-08-14 15:09:06 - [MESSAGE][PASSED] - Text 'digiturno' is set on object 'Object Repository/0Inicio Sesion/input_Clave'

2023-08-14 15:09:06 - [TEST_STEP][PASSED] - click(findTestObject("0Inicio Sesion/btn_IniciarSesion")): Object: 'Object Repository/0Inicio Sesion/btn_IniciarSesion' is clicked on

2023-08-14 15:09:06 - [MESSAGE][PASSED] - Object: 'Object Repository/0Inicio Sesion/btn_IniciarSesion' is clicked on

2023-08-14 15:09:06 - [TEST_STEP][PASSED] - delay(3): Delayed 3 second(s)

2023-08-14 15:09:09 - [MESSAGE][PASSED] - Delayed 3 second(s)

2023-08-14 15:09:09 - [MESSAGE][PASSED] - Call Test Case 'Test Cases/0InicioSesion' successfully

2023-08-14 15:09:09 - [TEST_STEP][PASSED] - click(findTestObject("DIGITURNO/1Principal/img_Configuracion(1)")): Object: 'Object Repository/DIGITURNO/1Principal/img_Configuracion(1)' is clicked on

2023-08-14 15:09:10 - [MESSAGE][PASSED] - Object: 'Object Repository/DIGITURNO/1Principal/img_Configuracion(1)' is clicked on

2023-08-14 15:09:10 - [TEST_STEP][PASSED] - delay(3): Delayed 3 second(s)

2023-08-14 15:09:13 - [MESSAGE][PASSED] - Delayed 3 second(s)

2023-08-14 15:09:13 - [TEST_STEP][PASSED] - click(findTestObject("DIGITURNO/CONFIGURACION/0Principal/img_7Sistema")): Object: 'Object Repository/DIGITURNO/CONFIGURACION/0Principal/img_7Sistema' is clicked on

2023-08-14 15:09:14 - [MESSAGE][PASSED] - Object: 'Object Repository/DIGITURNO/CONFIGURACION/0Principal/img_7Sistema' is clicked on

2023-08-14 15:09:14 - [TEST_STEP][PASSED] - delay(3): Delayed 3 second(s)

2023-08-14 15:09:17 - [MESSAGE][PASSED] - Delayed 3 second(s)

2023-08-14 15:09:17 - [TEST_STEP][PASSED] - takeFullPageScreenshot(): Taking screenshot successfully

2023-08-14 15:09:17 - [MESSAGE][INFO] - 0 hidden object(s)

2023-08-14 15:09:17 - [MESSAGE][PASSED] - Taking screenshot successfully
[[ATTACHMENT|C:\\CIEL INGENIERIA\\Katalon\\Digiturno55\\Reports\\20230814_141235\\DIGITURNO\\BASICO\\81 Modulos y Personalizaciones\\20230814_141351\\1692043757038.png]]

2023-08-14 15:09:17 - [TEST_STEP][PASSED] - delay(3): Delayed 3 second(s)

2023-08-14 15:09:20 - [MESSAGE][PASSED] - Delayed 3 second(s)

2023-08-14 15:09:20 - [MESSAGE][PASSED] - Call Test Case 'Test Cases/DIGITURNO/BASICO/30 Sistema' successfully

2023-08-14 15:09:20 - [TEST_STEP][PASSED] - click(findTestObject("DIGITURNO/CONFIGURACION/7Sistema/0Principal/img_2 Modulos y Personalizaciones")): Object: 'Object Repository/DIGITURNO/CONFIGURACION/7Sistema/0Principal/img_2 Modulos y Personalizaciones' is clicked on

2023-08-14 15:09:31 - [MESSAGE][PASSED] - Object: 'Object Repository/DIGITURNO/CONFIGURACION/7Sistema/0Principal/img_2 Modulos y Personalizaciones' is clicked on

2023-08-14 15:09:31 - [TEST_STEP][PASSED] - delay(3): Delayed 3 second(s)

2023-08-14 15:09:34 - [MESSAGE][PASSED] - Delayed 3 second(s)

2023-08-14 15:09:34 - [TEST_STEP][PASSED] - takeFullPageScreenshot(): Taking screenshot successfully

2023-08-14 15:09:34 - [MESSAGE][INFO] - 0 hidden object(s)

2023-08-14 15:09:34 - [MESSAGE][PASSED] - Taking screenshot successfully
[[ATTACHMENT|C:\\CIEL INGENIERIA\\Katalon\\Digiturno55\\Reports\\20230814_141235\\DIGITURNO\\BASICO\\81 Modulos y Personalizaciones\\20230814_141351\\1692043774379.png]]

2023-08-14 15:09:34 - [TEST_STEP][PASSED] - delay(3): Delayed 3 second(s)

2023-08-14 15:09:37 - [MESSAGE][PASSED] - Delayed 3 second(s)

2023-08-14 15:09:37 - [TEST_STEP][PASSED] - Start listener action : sampleAfterTestCase: null]]></system-out>
         <system-err><![CDATA[]]></system-err>
      </testcase>
      <system-out><![CDATA[2023-08-14 15:08:57 - [TEST_SUITE][PASSED] - 81 Modulos y Personalizaciones: Test Cases/DIGITURNO/BASICO/81 Modulos y Personalizaciones]]></system-out>
      <system-err><![CDATA[]]></system-err>
   </testsuite>
</testsuites>
