<?xml version="1.0" encoding="UTF-8"?>
<testsuites name="1 Llamar Turno" time="55.947" tests="1" failures="0" errors="0">
   <testsuite name="1 Llamar Turno" tests="1" failures="0" errors="0" time="55.947" skipped="0" timestamp="2024-04-08 07:53:28" hostname="jdavila - PCPruebas101.ciel.cielingenieria.com" id="Test Suites/DIGITURNO/OPERACION BASICA TERMINAL/1 Llamar Turno">
      <properties>
         <property name="deviceName" value=""/>
         <property name="devicePlatform" value=""/>
         <property name="logFolder" value="C:\\CIEL INGENIERIA\\Katalon\\Digiturno55\\Reports\\20240408_075042\\DIGITURNO\\OPERACION BASICA TERMINAL\\1 Llamar Turno\\20240408_075045"/>
         <property name="logFiles" value="C:\\CIEL INGENIERIA\\Katalon\\Digiturno55\\Reports\\20240408_075042\\DIGITURNO\\OPERACION BASICA TERMINAL\\1 Llamar Turno\\20240408_075045\\execution0.log"/>
         <property name="attachments" value="C:\\CIEL INGENIERIA\\Katalon\\Digiturno55\\Reports\\20240408_075042\\DIGITURNO\\OPERACION BASICA TERMINAL\\1 Llamar Turno\\20240408_075045\\1712580821385.png, C:\\CIEL INGENIERIA\\Katalon\\Digiturno55\\Reports\\20240408_075042\\DIGITURNO\\OPERACION BASICA TERMINAL\\1 Llamar Turno\\20240408_075045\\1712580853205.png"/>
         <property name="hostName" value="jdavila - PCPruebas101.ciel.cielingenieria.com"/>
         <property name="os" value="Windows 10 64bit"/>
         <property name="katalonVersion" value="8.6.9.208"/>
         <property name="browser" value="Chrome 123.0.0.0"/>
         <property name="hostAddress" value="192.168.0.6"/>
         <property name="sessionId" value="12d537a62df2916303c29b69ca139860"/>
         <property name="seleniumVersion" value="3.141.59"/>
         <property name="proxyInformation" value="ProxyInformation { proxyOption=NO_PROXY, proxyServerType=HTTP, username=, password=********, proxyServerAddress=, proxyServerPort=0, executionList=&quot;&quot;, isApplyToDesiredCapabilities=true }"/>
         <property name="platform" value="Windows 10"/>
      </properties>
      <testcase name="Test Cases/DIGITURNO/OPERACION BASICA TERMINAL/1 Llamar Turno" time="55.7" classname="Test Cases/DIGITURNO/OPERACION BASICA TERMINAL/1 Llamar Turno" status="PASSED">
         <system-out><![CDATA[2024-04-08 07:53:28 - [TEST_CASE][PASSED] - Test Cases/DIGITURNO/OPERACION BASICA TERMINAL/1 Llamar Turno: Test Cases/DIGITURNO/OPERACION BASICA TERMINAL/1 Llamar Turno

2024-04-08 07:53:28 - [TEST_STEP][PASSED] - callTestCase(findTestCase("0InicioSesionOperacionBasica"), [:], STOP_ON_FAILURE): Call Test Case 'Test Cases/0InicioSesionOperacionBasica' successfully

2024-04-08 07:53:28 - [TEST_CASE][PASSED] - Test Cases/0InicioSesionOperacionBasica: Test Cases/0InicioSesionOperacionBasica

2024-04-08 07:53:29 - [TEST_STEP][PASSED] - openBrowser(UrlDigiturno): Browser is opened with url: 'https://PCPruebas101.ciel.cielingenieria.com:8910'

2024-04-08 07:53:29 - [MESSAGE][INFO] - Starting 'Chrome' driver

2024-04-08 07:53:29 - [MESSAGE][INFO] - User set preference: ['args', '[--use-fake-ui-for-media-stream, --disable-notifications]']

2024-04-08 07:53:29 - [MESSAGE][INFO] - Action delay is set to 0 milliseconds

2024-04-08 07:53:33 - [MESSAGE][PASSED] - Browser is opened with url: 'https://PCPruebas101.ciel.cielingenieria.com:8910'

2024-04-08 07:53:33 - [TEST_STEP][PASSED] - maximizeWindow(): Current window maximized

2024-04-08 07:53:33 - [MESSAGE][PASSED] - Current window maximized

2024-04-08 07:53:33 - [TEST_STEP][PASSED] - delay(3): Delayed 3 second(s)

2024-04-08 07:53:36 - [MESSAGE][PASSED] - Delayed 3 second(s)

2024-04-08 07:53:36 - [TEST_STEP][PASSED] - setText(findTestObject("0Inicio Sesion/input_Usuario"), "Ciel"): Text 'Ciel' is set on object 'Object Repository/0Inicio Sesion/input_Usuario'

2024-04-08 07:53:37 - [MESSAGE][PASSED] - Text 'Ciel' is set on object 'Object Repository/0Inicio Sesion/input_Usuario'

2024-04-08 07:53:37 - [TEST_STEP][PASSED] - setText(findTestObject("0Inicio Sesion/input_Clave"), "digiturno"): Text 'digiturno' is set on object 'Object Repository/0Inicio Sesion/input_Clave'

2024-04-08 07:53:37 - [MESSAGE][PASSED] - Text 'digiturno' is set on object 'Object Repository/0Inicio Sesion/input_Clave'

2024-04-08 07:53:37 - [TEST_STEP][PASSED] - click(findTestObject("0Inicio Sesion/btn_IniciarSesion")): Object: 'Object Repository/0Inicio Sesion/btn_IniciarSesion' is clicked on

2024-04-08 07:53:38 - [MESSAGE][PASSED] - Object: 'Object Repository/0Inicio Sesion/btn_IniciarSesion' is clicked on

2024-04-08 07:53:38 - [TEST_STEP][PASSED] - delay(3): Delayed 3 second(s)

2024-04-08 07:53:41 - [MESSAGE][PASSED] - Delayed 3 second(s)

2024-04-08 07:53:41 - [TEST_STEP][PASSED] - takeFullPageScreenshot(): Taking screenshot successfully

2024-04-08 07:53:41 - [MESSAGE][INFO] - 0 hidden object(s)

2024-04-08 07:53:42 - [MESSAGE][PASSED] - Taking screenshot successfully
[[ATTACHMENT|C:\\CIEL INGENIERIA\\Katalon\\Digiturno55\\Reports\\20240408_075042\\DIGITURNO\\OPERACION BASICA TERMINAL\\1 Llamar Turno\\20240408_075045\\1712580821385.png]]

2024-04-08 07:53:42 - [TEST_STEP][PASSED] - delay(3): Delayed 3 second(s)

2024-04-08 07:53:45 - [MESSAGE][PASSED] - Delayed 3 second(s)

2024-04-08 07:53:45 - [MESSAGE][PASSED] - Call Test Case 'Test Cases/0InicioSesionOperacionBasica' successfully

2024-04-08 07:53:45 - [TEST_STEP][PASSED] - click(findTestObject("DIGITURNO/1Principal/img_Operacion(1)")): Object: 'Object Repository/DIGITURNO/1Principal/img_Operacion(1)' is clicked on

2024-04-08 07:53:45 - [MESSAGE][PASSED] - Object: 'Object Repository/DIGITURNO/1Principal/img_Operacion(1)' is clicked on

2024-04-08 07:53:45 - [TEST_STEP][PASSED] - delay(3): Delayed 3 second(s)

2024-04-08 07:53:48 - [MESSAGE][PASSED] - Delayed 3 second(s)

2024-04-08 07:53:48 - [TEST_STEP][PASSED] - click(findTestObject("DIGITURNO/OPERACION/0Principal/Elementos del Sistema/img_Terminales")): Object: 'Object Repository/DIGITURNO/OPERACION/0Principal/Elementos del Sistema/img_Terminales' is clicked on

2024-04-08 07:53:49 - [MESSAGE][PASSED] - Object: 'Object Repository/DIGITURNO/OPERACION/0Principal/Elementos del Sistema/img_Terminales' is clicked on

2024-04-08 07:53:49 - [TEST_STEP][PASSED] - delay(3): Delayed 3 second(s)

2024-04-08 07:53:52 - [MESSAGE][PASSED] - Delayed 3 second(s)

2024-04-08 07:53:52 - [TEST_STEP][PASSED] - click(findTestObject("DIGITURNO/OPERACION/2Terminales/0Oficinas/td_1Bogota - CIEL")): Object: 'Object Repository/DIGITURNO/OPERACION/2Terminales/0Oficinas/td_1Bogota - CIEL' is clicked on

2024-04-08 07:53:53 - [MESSAGE][PASSED] - Object: 'Object Repository/DIGITURNO/OPERACION/2Terminales/0Oficinas/td_1Bogota - CIEL' is clicked on

2024-04-08 07:53:53 - [TEST_STEP][PASSED] - delay(3): Delayed 3 second(s)

2024-04-08 07:53:56 - [MESSAGE][PASSED] - Delayed 3 second(s)

2024-04-08 07:53:56 - [TEST_STEP][PASSED] - click(findTestObject("DIGITURNO/OPERACION/2Terminales/0Terminales (Menos WorkFlow)/td_1 - Terminal - Informacion")): Object: 'Object Repository/DIGITURNO/OPERACION/2Terminales/0Terminales (Menos WorkFlow)/td_1 - Terminal - Informacion' is clicked on

2024-04-08 07:53:56 - [MESSAGE][PASSED] - Object: 'Object Repository/DIGITURNO/OPERACION/2Terminales/0Terminales (Menos WorkFlow)/td_1 - Terminal - Informacion' is clicked on

2024-04-08 07:53:56 - [TEST_STEP][PASSED] - delay(3): Delayed 3 second(s)

2024-04-08 07:53:59 - [MESSAGE][PASSED] - Delayed 3 second(s)

2024-04-08 07:53:59 - [TEST_STEP][PASSED] - switchToWindowIndex(1): Switched to window with index: '1'

2024-04-08 07:53:59 - [MESSAGE][PASSED] - Switched to window with index: '1'

2024-04-08 07:53:59 - [TEST_STEP][PASSED] - delay(2): Delayed 2 second(s)

2024-04-08 07:54:01 - [MESSAGE][PASSED] - Delayed 2 second(s)

2024-04-08 07:54:01 - [TEST_STEP][PASSED] - click(findTestObject("DIGITURNO/OPERACION/2Terminales/Terminal/img_Llamar")): Object: 'Object Repository/DIGITURNO/OPERACION/2Terminales/Terminal/img_Llamar' is clicked on

2024-04-08 07:54:02 - [MESSAGE][PASSED] - Object: 'Object Repository/DIGITURNO/OPERACION/2Terminales/Terminal/img_Llamar' is clicked on

2024-04-08 07:54:02 - [TEST_STEP][PASSED] - delay(3): Delayed 3 second(s)

2024-04-08 07:54:05 - [MESSAGE][PASSED] - Delayed 3 second(s)

2024-04-08 07:54:05 - [TEST_STEP][PASSED] - click(findTestObject("DIGITURNO/OPERACION/2Terminales/Terminal/img_Ocupado")): Object: 'Object Repository/DIGITURNO/OPERACION/2Terminales/Terminal/img_Ocupado' is clicked on

2024-04-08 07:54:06 - [MESSAGE][PASSED] - Object: 'Object Repository/DIGITURNO/OPERACION/2Terminales/Terminal/img_Ocupado' is clicked on

2024-04-08 07:54:06 - [TEST_STEP][PASSED] - delay(3): Delayed 3 second(s)

2024-04-08 07:54:09 - [MESSAGE][PASSED] - Delayed 3 second(s)

2024-04-08 07:54:09 - [TEST_STEP][PASSED] - click(findTestObject("DIGITURNO/OPERACION/2Terminales/Terminal/img_Ocupado(1)/a_1Actualizacion de Datos")): Object: 'Object Repository/DIGITURNO/OPERACION/2Terminales/Terminal/img_Ocupado(1)/a_1Actualizacion de Datos' is clicked on

2024-04-08 07:54:10 - [MESSAGE][PASSED] - Object: 'Object Repository/DIGITURNO/OPERACION/2Terminales/Terminal/img_Ocupado(1)/a_1Actualizacion de Datos' is clicked on

2024-04-08 07:54:10 - [TEST_STEP][PASSED] - delay(3): Delayed 3 second(s)

2024-04-08 07:54:13 - [MESSAGE][PASSED] - Delayed 3 second(s)

2024-04-08 07:54:13 - [TEST_STEP][PASSED] - takeFullPageScreenshot(): Taking screenshot successfully

2024-04-08 07:54:13 - [MESSAGE][INFO] - 0 hidden object(s)

2024-04-08 07:54:13 - [MESSAGE][PASSED] - Taking screenshot successfully
[[ATTACHMENT|C:\\CIEL INGENIERIA\\Katalon\\Digiturno55\\Reports\\20240408_075042\\DIGITURNO\\OPERACION BASICA TERMINAL\\1 Llamar Turno\\20240408_075045\\1712580853205.png]]

2024-04-08 07:54:13 - [TEST_STEP][PASSED] - delay(3): Delayed 3 second(s)

2024-04-08 07:54:16 - [MESSAGE][PASSED] - Delayed 3 second(s)

2024-04-08 07:54:16 - [TEST_STEP][PASSED] - click(findTestObject("DIGITURNO/OPERACION/2Terminales/Terminal/img_Cerrar")): Object: 'Object Repository/DIGITURNO/OPERACION/2Terminales/Terminal/img_Cerrar' is clicked on

2024-04-08 07:54:17 - [MESSAGE][PASSED] - Object: 'Object Repository/DIGITURNO/OPERACION/2Terminales/Terminal/img_Cerrar' is clicked on

2024-04-08 07:54:17 - [TEST_STEP][PASSED] - delay(3): Delayed 3 second(s)

2024-04-08 07:54:20 - [MESSAGE][PASSED] - Delayed 3 second(s)

2024-04-08 07:54:20 - [TEST_STEP][PASSED] - click(findTestObject("DIGITURNO/OPERACION/2Terminales/Terminal/img_Cerrar(1)/btn_4FindeJornada_8")): Object: 'Object Repository/DIGITURNO/OPERACION/2Terminales/Terminal/img_Cerrar(1)/btn_4FindeJornada_8' is clicked on

2024-04-08 07:54:21 - [MESSAGE][PASSED] - Object: 'Object Repository/DIGITURNO/OPERACION/2Terminales/Terminal/img_Cerrar(1)/btn_4FindeJornada_8' is clicked on

2024-04-08 07:54:21 - [TEST_STEP][PASSED] - delay(3): Delayed 3 second(s)

2024-04-08 07:54:24 - [MESSAGE][PASSED] - Delayed 3 second(s)

2024-04-08 07:54:24 - [TEST_STEP][PASSED] - Start listener action : sampleAfterTestCase: null]]></system-out>
         <system-err><![CDATA[]]></system-err>
      </testcase>
      <system-out><![CDATA[2024-04-08 07:53:28 - [TEST_SUITE][PASSED] - 1 Llamar Turno: Test Cases/DIGITURNO/OPERACION BASICA TERMINAL/1 Llamar Turno]]></system-out>
      <system-err><![CDATA[]]></system-err>
   </testsuite>
</testsuites>
