<?xml version="1.0" encoding="UTF-8"?>
<testsuites name="6 Nueva Transaccion Turno" time="68.769" tests="1" failures="0" errors="0">
   <testsuite name="6 Nueva Transaccion Turno" tests="1" failures="0" errors="0" time="68.769" skipped="0" timestamp="2024-09-18 09:18:16" hostname="jdavila - PCPruebas101.ciel.cielingenieria.com" id="Test Suites/DIGITURNO/OPERACION BASICA TERMINAL/6 Nueva Transaccion Turno">
      <properties>
         <property name="deviceName" value=""/>
         <property name="devicePlatform" value=""/>
         <property name="logFolder" value="C:\\CIEL INGENIERIA\\Katalon\\Digiturno55\\Reports\\20240918_090846\\DIGITURNO\\OPERACION BASICA TERMINAL\\6 Nueva Transaccion Turno\\20240918_090900"/>
         <property name="logFiles" value="C:\\CIEL INGENIERIA\\Katalon\\Digiturno55\\Reports\\20240918_090846\\DIGITURNO\\OPERACION BASICA TERMINAL\\6 Nueva Transaccion Turno\\20240918_090900\\execution0.log"/>
         <property name="attachments" value="C:\\CIEL INGENIERIA\\Katalon\\Digiturno55\\Reports\\20240918_090846\\DIGITURNO\\OPERACION BASICA TERMINAL\\6 Nueva Transaccion Turno\\20240918_090900\\1726669109663.png, C:\\CIEL INGENIERIA\\Katalon\\Digiturno55\\Reports\\20240918_090846\\DIGITURNO\\OPERACION BASICA TERMINAL\\6 Nueva Transaccion Turno\\20240918_090900\\1726669154910.png"/>
         <property name="hostName" value="jdavila - PCPruebas101.ciel.cielingenieria.com"/>
         <property name="os" value="Windows 10 64bit"/>
         <property name="katalonVersion" value="8.6.9.208"/>
         <property name="browser" value="Chrome 129.0.0.0"/>
         <property name="hostAddress" value="192.168.91.6"/>
         <property name="sessionId" value="dea00b7bf2da9bdf988967a46b543189"/>
         <property name="seleniumVersion" value="3.141.59"/>
         <property name="proxyInformation" value="ProxyInformation { proxyOption=NO_PROXY, proxyServerType=HTTP, username=, password=********, proxyServerAddress=, proxyServerPort=0, executionList=&quot;&quot;, isApplyToDesiredCapabilities=true }"/>
         <property name="platform" value="Windows 10"/>
      </properties>
      <testcase name="Test Cases/DIGITURNO/OPERACION BASICA TERMINAL/6 Nueva Transaccion Turno" time="68.522" classname="Test Cases/DIGITURNO/OPERACION BASICA TERMINAL/6 Nueva Transaccion Turno" status="PASSED">
         <system-out><![CDATA[2024-09-18 09:18:16 - [TEST_CASE][PASSED] - Test Cases/DIGITURNO/OPERACION BASICA TERMINAL/6 Nueva Transaccion Turno: Test Cases/DIGITURNO/OPERACION BASICA TERMINAL/6 Nueva Transaccion Turno

2024-09-18 09:18:17 - [TEST_STEP][PASSED] - callTestCase(findTestCase("0InicioSesionOperacionBasica"), [:], STOP_ON_FAILURE): Call Test Case 'Test Cases/0InicioSesionOperacionBasica' successfully

2024-09-18 09:18:17 - [TEST_CASE][PASSED] - Test Cases/0InicioSesionOperacionBasica: Test Cases/0InicioSesionOperacionBasica

2024-09-18 09:18:17 - [TEST_STEP][PASSED] - openBrowser(UrlDigiturno): Browser is opened with url: 'https://PCPruebas101.ciel.cielingenieria.com:8910'

2024-09-18 09:18:17 - [MESSAGE][INFO] - Starting 'Chrome' driver

2024-09-18 09:18:17 - [MESSAGE][INFO] - User set preference: ['args', '[--use-fake-ui-for-media-stream, --disable-notifications]']

2024-09-18 09:18:18 - [MESSAGE][INFO] - Action delay is set to 0 milliseconds

2024-09-18 09:18:21 - [MESSAGE][PASSED] - Browser is opened with url: 'https://PCPruebas101.ciel.cielingenieria.com:8910'

2024-09-18 09:18:21 - [TEST_STEP][PASSED] - maximizeWindow(): Current window maximized

2024-09-18 09:18:21 - [MESSAGE][PASSED] - Current window maximized

2024-09-18 09:18:21 - [TEST_STEP][PASSED] - delay(3): Delayed 3 second(s)

2024-09-18 09:18:24 - [MESSAGE][PASSED] - Delayed 3 second(s)

2024-09-18 09:18:24 - [TEST_STEP][PASSED] - setText(findTestObject("0Inicio Sesion/input_Usuario"), "Ciel"): Text 'Ciel' is set on object 'Object Repository/0Inicio Sesion/input_Usuario'

2024-09-18 09:18:25 - [MESSAGE][PASSED] - Text 'Ciel' is set on object 'Object Repository/0Inicio Sesion/input_Usuario'

2024-09-18 09:18:25 - [TEST_STEP][PASSED] - setText(findTestObject("0Inicio Sesion/input_Clave"), "digiturno"): Text 'digiturno' is set on object 'Object Repository/0Inicio Sesion/input_Clave'

2024-09-18 09:18:26 - [MESSAGE][PASSED] - Text 'digiturno' is set on object 'Object Repository/0Inicio Sesion/input_Clave'

2024-09-18 09:18:26 - [TEST_STEP][PASSED] - click(findTestObject("0Inicio Sesion/btn_IniciarSesion")): Object: 'Object Repository/0Inicio Sesion/btn_IniciarSesion' is clicked on

2024-09-18 09:18:26 - [MESSAGE][PASSED] - Object: 'Object Repository/0Inicio Sesion/btn_IniciarSesion' is clicked on

2024-09-18 09:18:26 - [TEST_STEP][PASSED] - delay(3): Delayed 3 second(s)

2024-09-18 09:18:29 - [MESSAGE][PASSED] - Delayed 3 second(s)

2024-09-18 09:18:29 - [TEST_STEP][PASSED] - takeFullPageScreenshot(): Taking screenshot successfully

2024-09-18 09:18:30 - [MESSAGE][INFO] - 0 hidden object(s)

2024-09-18 09:18:30 - [MESSAGE][PASSED] - Taking screenshot successfully
[[ATTACHMENT|C:\\CIEL INGENIERIA\\Katalon\\Digiturno55\\Reports\\20240918_090846\\DIGITURNO\\OPERACION BASICA TERMINAL\\6 Nueva Transaccion Turno\\20240918_090900\\1726669109663.png]]

2024-09-18 09:18:30 - [TEST_STEP][PASSED] - delay(3): Delayed 3 second(s)

2024-09-18 09:18:33 - [MESSAGE][PASSED] - Delayed 3 second(s)

2024-09-18 09:18:33 - [MESSAGE][PASSED] - Call Test Case 'Test Cases/0InicioSesionOperacionBasica' successfully

2024-09-18 09:18:33 - [TEST_STEP][PASSED] - click(findTestObject("DIGITURNO/1Principal/img_Operacion(1)")): Object: 'Object Repository/DIGITURNO/1Principal/img_Operacion(1)' is clicked on

2024-09-18 09:18:33 - [MESSAGE][PASSED] - Object: 'Object Repository/DIGITURNO/1Principal/img_Operacion(1)' is clicked on

2024-09-18 09:18:33 - [TEST_STEP][PASSED] - delay(3): Delayed 3 second(s)

2024-09-18 09:18:36 - [MESSAGE][PASSED] - Delayed 3 second(s)

2024-09-18 09:18:36 - [TEST_STEP][PASSED] - click(findTestObject("DIGITURNO/OPERACION/0Principal/Elementos del Sistema/img_Terminales")): Object: 'Object Repository/DIGITURNO/OPERACION/0Principal/Elementos del Sistema/img_Terminales' is clicked on

2024-09-18 09:18:37 - [MESSAGE][PASSED] - Object: 'Object Repository/DIGITURNO/OPERACION/0Principal/Elementos del Sistema/img_Terminales' is clicked on

2024-09-18 09:18:37 - [TEST_STEP][PASSED] - delay(3): Delayed 3 second(s)

2024-09-18 09:18:40 - [MESSAGE][PASSED] - Delayed 3 second(s)

2024-09-18 09:18:40 - [TEST_STEP][PASSED] - click(findTestObject("DIGITURNO/OPERACION/2Terminales/0Oficinas/td_1Bogota - CIEL")): Object: 'Object Repository/DIGITURNO/OPERACION/2Terminales/0Oficinas/td_1Bogota - CIEL' is clicked on

2024-09-18 09:18:40 - [MESSAGE][PASSED] - Object: 'Object Repository/DIGITURNO/OPERACION/2Terminales/0Oficinas/td_1Bogota - CIEL' is clicked on

2024-09-18 09:18:40 - [TEST_STEP][PASSED] - delay(3): Delayed 3 second(s)

2024-09-18 09:18:43 - [MESSAGE][PASSED] - Delayed 3 second(s)

2024-09-18 09:18:43 - [TEST_STEP][PASSED] - click(findTestObject("DIGITURNO/OPERACION/2Terminales/0Terminales (Menos WorkFlow)/td_1 - Terminal - Informacion")): Object: 'Object Repository/DIGITURNO/OPERACION/2Terminales/0Terminales (Menos WorkFlow)/td_1 - Terminal - Informacion' is clicked on

2024-09-18 09:18:44 - [MESSAGE][PASSED] - Object: 'Object Repository/DIGITURNO/OPERACION/2Terminales/0Terminales (Menos WorkFlow)/td_1 - Terminal - Informacion' is clicked on

2024-09-18 09:18:44 - [TEST_STEP][PASSED] - switchToWindowIndex(1): Switched to window with index: '1'

2024-09-18 09:18:49 - [MESSAGE][PASSED] - Switched to window with index: '1'

2024-09-18 09:18:49 - [TEST_STEP][PASSED] - delay(3): Delayed 3 second(s)

2024-09-18 09:18:52 - [MESSAGE][PASSED] - Delayed 3 second(s)

2024-09-18 09:18:52 - [TEST_STEP][PASSED] - click(findTestObject("DIGITURNO/OPERACION/2Terminales/Terminal/img_Llamar")): Object: 'Object Repository/DIGITURNO/OPERACION/2Terminales/Terminal/img_Llamar' is clicked on

2024-09-18 09:18:53 - [MESSAGE][PASSED] - Object: 'Object Repository/DIGITURNO/OPERACION/2Terminales/Terminal/img_Llamar' is clicked on

2024-09-18 09:18:53 - [TEST_STEP][PASSED] - delay(3): Delayed 3 second(s)

2024-09-18 09:18:56 - [MESSAGE][PASSED] - Delayed 3 second(s)

2024-09-18 09:18:56 - [TEST_STEP][PASSED] - click(findTestObject("DIGITURNO/OPERACION/2Terminales/Terminal/img_Ocupado")): Object: 'Object Repository/DIGITURNO/OPERACION/2Terminales/Terminal/img_Ocupado' is clicked on

2024-09-18 09:18:57 - [MESSAGE][PASSED] - Object: 'Object Repository/DIGITURNO/OPERACION/2Terminales/Terminal/img_Ocupado' is clicked on

2024-09-18 09:18:57 - [TEST_STEP][PASSED] - delay(3): Delayed 3 second(s)

2024-09-18 09:19:00 - [MESSAGE][PASSED] - Delayed 3 second(s)

2024-09-18 09:19:00 - [TEST_STEP][PASSED] - click(findTestObject("DIGITURNO/OPERACION/2Terminales/Terminal/img_Ocupado(1)/a_1Actualizacion de Datos")): Object: 'Object Repository/DIGITURNO/OPERACION/2Terminales/Terminal/img_Ocupado(1)/a_1Actualizacion de Datos' is clicked on

2024-09-18 09:19:00 - [MESSAGE][PASSED] - Object: 'Object Repository/DIGITURNO/OPERACION/2Terminales/Terminal/img_Ocupado(1)/a_1Actualizacion de Datos' is clicked on

2024-09-18 09:19:00 - [TEST_STEP][PASSED] - delay(3): Delayed 3 second(s)

2024-09-18 09:19:03 - [MESSAGE][PASSED] - Delayed 3 second(s)

2024-09-18 09:19:03 - [TEST_STEP][PASSED] - click(findTestObject("DIGITURNO/OPERACION/2Terminales/Terminal/img_Nueva Transaccion")): Object: 'Object Repository/DIGITURNO/OPERACION/2Terminales/Terminal/img_Nueva Transaccion' is clicked on

2024-09-18 09:19:04 - [MESSAGE][PASSED] - Object: 'Object Repository/DIGITURNO/OPERACION/2Terminales/Terminal/img_Nueva Transaccion' is clicked on

2024-09-18 09:19:04 - [TEST_STEP][PASSED] - delay(3): Delayed 3 second(s)

2024-09-18 09:19:07 - [MESSAGE][PASSED] - Delayed 3 second(s)

2024-09-18 09:19:07 - [TEST_STEP][PASSED] - click(findTestObject("DIGITURNO/OPERACION/2Terminales/Terminal/img_Nueva Transaccion(1)/a_3Radicaciones General")): Object: 'Object Repository/DIGITURNO/OPERACION/2Terminales/Terminal/img_Nueva Transaccion(1)/a_3Radicaciones General' is clicked on

2024-09-18 09:19:07 - [MESSAGE][PASSED] - Object: 'Object Repository/DIGITURNO/OPERACION/2Terminales/Terminal/img_Nueva Transaccion(1)/a_3Radicaciones General' is clicked on

2024-09-18 09:19:07 - [TEST_STEP][PASSED] - delay(3): Delayed 3 second(s)

2024-09-18 09:19:10 - [MESSAGE][PASSED] - Delayed 3 second(s)

2024-09-18 09:19:10 - [TEST_STEP][PASSED] - click(findTestObject("DIGITURNO/OPERACION/2Terminales/Terminal/img_Nueva Transaccion(1)/img_Nueva Transaccion(2)/a_2")): Object: 'Object Repository/DIGITURNO/OPERACION/2Terminales/Terminal/img_Nueva Transaccion(1)/img_Nueva Transaccion(2)/a_2' is clicked on

2024-09-18 09:19:11 - [MESSAGE][PASSED] - Object: 'Object Repository/DIGITURNO/OPERACION/2Terminales/Terminal/img_Nueva Transaccion(1)/img_Nueva Transaccion(2)/a_2' is clicked on

2024-09-18 09:19:11 - [TEST_STEP][PASSED] - delay(3): Delayed 3 second(s)

2024-09-18 09:19:14 - [MESSAGE][PASSED] - Delayed 3 second(s)

2024-09-18 09:19:14 - [TEST_STEP][PASSED] - takeFullPageScreenshot(): Taking screenshot successfully

2024-09-18 09:19:15 - [MESSAGE][INFO] - 0 hidden object(s)

2024-09-18 09:19:15 - [MESSAGE][PASSED] - Taking screenshot successfully
[[ATTACHMENT|C:\\CIEL INGENIERIA\\Katalon\\Digiturno55\\Reports\\20240918_090846\\DIGITURNO\\OPERACION BASICA TERMINAL\\6 Nueva Transaccion Turno\\20240918_090900\\1726669154910.png]]

2024-09-18 09:19:15 - [TEST_STEP][PASSED] - delay(3): Delayed 3 second(s)

2024-09-18 09:19:18 - [MESSAGE][PASSED] - Delayed 3 second(s)

2024-09-18 09:19:18 - [TEST_STEP][PASSED] - click(findTestObject("DIGITURNO/OPERACION/2Terminales/Terminal/img_Cerrar")): Object: 'Object Repository/DIGITURNO/OPERACION/2Terminales/Terminal/img_Cerrar' is clicked on

2024-09-18 09:19:18 - [MESSAGE][PASSED] - Object: 'Object Repository/DIGITURNO/OPERACION/2Terminales/Terminal/img_Cerrar' is clicked on

2024-09-18 09:19:18 - [TEST_STEP][PASSED] - delay(3): Delayed 3 second(s)

2024-09-18 09:19:21 - [MESSAGE][PASSED] - Delayed 3 second(s)

2024-09-18 09:19:21 - [TEST_STEP][PASSED] - click(findTestObject("DIGITURNO/OPERACION/2Terminales/Terminal/img_Cerrar(1)/btn_4FindeJornada_8")): Object: 'Object Repository/DIGITURNO/OPERACION/2Terminales/Terminal/img_Cerrar(1)/btn_4FindeJornada_8' is clicked on

2024-09-18 09:19:22 - [MESSAGE][PASSED] - Object: 'Object Repository/DIGITURNO/OPERACION/2Terminales/Terminal/img_Cerrar(1)/btn_4FindeJornada_8' is clicked on

2024-09-18 09:19:22 - [TEST_STEP][PASSED] - delay(3): Delayed 3 second(s)

2024-09-18 09:19:25 - [MESSAGE][PASSED] - Delayed 3 second(s)

2024-09-18 09:19:25 - [TEST_STEP][PASSED] - Start listener action : sampleAfterTestCase: null]]></system-out>
         <system-err><![CDATA[]]></system-err>
      </testcase>
      <system-out><![CDATA[2024-09-18 09:18:16 - [TEST_SUITE][PASSED] - 6 Nueva Transaccion Turno: Test Cases/DIGITURNO/OPERACION BASICA TERMINAL/6 Nueva Transaccion Turno]]></system-out>
      <system-err><![CDATA[]]></system-err>
   </testsuite>
</testsuites>
