<?xml version="1.0" encoding="UTF-8"?>
<testsuites name="5.7 Crear Motivos" time="137.023" tests="1" failures="0" errors="0">
   <testsuite name="5.7 Crear Motivos" tests="1" failures="0" errors="0" time="137.023" skipped="0" timestamp="2023-08-14 11:50:08" hostname="jdavila - PCPruebas101.ciel.cielingenieria.com" id="Test Suites/WIZARD/3Infraestructura/7Motivos/5.7 Crear Motivos">
      <properties>
         <property name="deviceName" value=""/>
         <property name="devicePlatform" value=""/>
         <property name="logFolder" value="C:\\CIEL INGENIERIA\\Katalon\\Digiturno55\\Reports\\20230814_104251\\WIZARD\\3Infraestructura\\7Motivos\\5.7 Crear Motivos\\20230814_104422"/>
         <property name="logFiles" value="C:\\CIEL INGENIERIA\\Katalon\\Digiturno55\\Reports\\20230814_104251\\WIZARD\\3Infraestructura\\7Motivos\\5.7 Crear Motivos\\20230814_104422\\execution0.log"/>
         <property name="attachments" value="C:\\CIEL INGENIERIA\\Katalon\\Digiturno55\\Reports\\20230814_104251\\WIZARD\\3Infraestructura\\7Motivos\\5.7 Crear Motivos\\20230814_104422\\1692031941421.png"/>
         <property name="hostName" value="jdavila - PCPruebas101.ciel.cielingenieria.com"/>
         <property name="os" value="Windows 10 64bit"/>
         <property name="katalonVersion" value="8.6.0.208"/>
         <property name="browser" value="Chrome 115.0.0.0"/>
         <property name="hostAddress" value="192.168.0.33"/>
         <property name="sessionId" value="d05824dc866d665cd2925fa331696de2"/>
         <property name="seleniumVersion" value="3.141.59"/>
         <property name="proxyInformation" value="ProxyInformation { proxyOption=NO_PROXY, proxyServerType=HTTP, username=, password=********, proxyServerAddress=, proxyServerPort=0, executionList=&quot;&quot;, isApplyToDesiredCapabilities=true }"/>
         <property name="platform" value="Windows 10"/>
      </properties>
      <testcase name="Test Cases/WIZARD/3Infraestructura/7Motivos/5.7 Crear Motivos" time="136.777" classname="Test Cases/WIZARD/3Infraestructura/7Motivos/5.7 Crear Motivos" status="PASSED">
         <system-out><![CDATA[2023-08-14 11:50:08 - [TEST_CASE][PASSED] - Test Cases/WIZARD/3Infraestructura/7Motivos/5.7 Crear Motivos: Test Cases/WIZARD/3Infraestructura/7Motivos/5.7 Crear Motivos

2023-08-14 11:50:09 - [TEST_STEP][PASSED] - callTestCase(findTestCase("0InicioSesion"), [:], STOP_ON_FAILURE): Call Test Case 'Test Cases/0InicioSesion' successfully

2023-08-14 11:50:09 - [TEST_CASE][PASSED] - Test Cases/0InicioSesion: Test Cases/0InicioSesion

2023-08-14 11:50:09 - [TEST_STEP][PASSED] - openBrowser(UrlDigiturno): Browser is opened with url: 'https://PCPruebas101.ciel.cielingenieria.com:8610'

2023-08-14 11:50:09 - [MESSAGE][INFO] - Starting 'Chrome' driver

2023-08-14 11:50:09 - [MESSAGE][INFO] - User set preference: ['args', '[--use-fake-ui-for-media-stream, --disable-notifications]']

2023-08-14 11:50:09 - [MESSAGE][INFO] - Action delay is set to 0 milliseconds

2023-08-14 11:50:12 - [MESSAGE][PASSED] - Browser is opened with url: 'https://PCPruebas101.ciel.cielingenieria.com:8610'

2023-08-14 11:50:12 - [TEST_STEP][PASSED] - maximizeWindow(): Current window maximized

2023-08-14 11:50:12 - [MESSAGE][PASSED] - Current window maximized

2023-08-14 11:50:12 - [TEST_STEP][PASSED] - delay(3): Delayed 3 second(s)

2023-08-14 11:50:15 - [MESSAGE][PASSED] - Delayed 3 second(s)

2023-08-14 11:50:15 - [TEST_STEP][PASSED] - setText(findTestObject("0Inicio Sesion/input_Usuario"), "Ciel"): Text 'Ciel' is set on object 'Object Repository/0Inicio Sesion/input_Usuario'

2023-08-14 11:50:16 - [MESSAGE][PASSED] - Text 'Ciel' is set on object 'Object Repository/0Inicio Sesion/input_Usuario'

2023-08-14 11:50:16 - [TEST_STEP][PASSED] - setText(findTestObject("0Inicio Sesion/input_Clave"), "digiturno"): Text 'digiturno' is set on object 'Object Repository/0Inicio Sesion/input_Clave'

2023-08-14 11:50:16 - [MESSAGE][PASSED] - Text 'digiturno' is set on object 'Object Repository/0Inicio Sesion/input_Clave'

2023-08-14 11:50:16 - [TEST_STEP][PASSED] - click(findTestObject("0Inicio Sesion/btn_IniciarSesion")): Object: 'Object Repository/0Inicio Sesion/btn_IniciarSesion' is clicked on

2023-08-14 11:50:17 - [MESSAGE][PASSED] - Object: 'Object Repository/0Inicio Sesion/btn_IniciarSesion' is clicked on

2023-08-14 11:50:17 - [TEST_STEP][PASSED] - delay(3): Delayed 3 second(s)

2023-08-14 11:50:20 - [MESSAGE][PASSED] - Delayed 3 second(s)

2023-08-14 11:50:20 - [MESSAGE][PASSED] - Call Test Case 'Test Cases/0InicioSesion' successfully

2023-08-14 11:50:20 - [TEST_STEP][PASSED] - click(findTestObject("WIZARD/0Principal/img_InfraestructuraMAX")): Object: 'Object Repository/WIZARD/0Principal/img_InfraestructuraMAX' is clicked on

2023-08-14 11:50:21 - [MESSAGE][PASSED] - Object: 'Object Repository/WIZARD/0Principal/img_InfraestructuraMAX' is clicked on

2023-08-14 11:50:21 - [TEST_STEP][PASSED] - delay(3): Delayed 3 second(s)

2023-08-14 11:50:24 - [MESSAGE][PASSED] - Delayed 3 second(s)

2023-08-14 11:50:24 - [TEST_STEP][PASSED] - click(findTestObject("WIZARD/3Infraestructura/0Menu/span_Motivos")): Object: 'Object Repository/WIZARD/3Infraestructura/0Menu/span_Motivos' is clicked on

2023-08-14 11:50:26 - [MESSAGE][PASSED] - Object: 'Object Repository/WIZARD/3Infraestructura/0Menu/span_Motivos' is clicked on

2023-08-14 11:50:26 - [TEST_STEP][PASSED] - delay(3): Delayed 3 second(s)

2023-08-14 11:50:29 - [MESSAGE][PASSED] - Delayed 3 second(s)

2023-08-14 11:50:29 - [TEST_STEP][PASSED] - click(findTestObject("WIZARD/3Infraestructura/7Motivos/Motivos/span_Motivos")): Object: 'Object Repository/WIZARD/3Infraestructura/7Motivos/Motivos/span_Motivos' is clicked on

2023-08-14 11:50:30 - [MESSAGE][PASSED] - Object: 'Object Repository/WIZARD/3Infraestructura/7Motivos/Motivos/span_Motivos' is clicked on

2023-08-14 11:50:30 - [TEST_STEP][PASSED] - delay(3): Delayed 3 second(s)

2023-08-14 11:50:33 - [MESSAGE][PASSED] - Delayed 3 second(s)

2023-08-14 11:50:33 - [TEST_STEP][PASSED] - setText(findTestObject("WIZARD/3Infraestructura/7Motivos/Motivos/span_Motivos(1)/input_Nombre"), "Hora de almuerzo"): Text 'Hora de almuerzo' is set on object 'Object Repository/WIZARD/3Infraestructura/7Motivos/Motivos/span_Motivos(1)/input_Nombre'

2023-08-14 11:50:33 - [MESSAGE][PASSED] - Text 'Hora de almuerzo' is set on object 'Object Repository/WIZARD/3Infraestructura/7Motivos/Motivos/span_Motivos(1)/input_Nombre'

2023-08-14 11:50:33 - [TEST_STEP][PASSED] - setText(findTestObject("WIZARD/3Infraestructura/7Motivos/Motivos/span_Motivos(1)/textarea_Descripcion"), "Hora de almuerzo"): Text 'Hora de almuerzo' is set on object 'Object Repository/WIZARD/3Infraestructura/7Motivos/Motivos/span_Motivos(1)/textarea_Descripcion'

2023-08-14 11:50:34 - [MESSAGE][PASSED] - Text 'Hora de almuerzo' is set on object 'Object Repository/WIZARD/3Infraestructura/7Motivos/Motivos/span_Motivos(1)/textarea_Descripcion'

2023-08-14 11:50:34 - [TEST_STEP][PASSED] - selectOptionByLabel(findTestObject("WIZARD/3Infraestructura/7Motivos/Motivos/span_Motivos(1)/select_Tipo motivo"), "Cierre", false): All options with label 'Cierre' are selected in object 'Object Repository/WIZARD/3Infraestructura/7Motivos/Motivos/span_Motivos(1)/select_Tipo motivo' 

2023-08-14 11:50:35 - [MESSAGE][PASSED] - All options with label 'Cierre' are selected in object 'Object Repository/WIZARD/3Infraestructura/7Motivos/Motivos/span_Motivos(1)/select_Tipo motivo' 

2023-08-14 11:50:35 - [TEST_STEP][PASSED] - selectOptionByLabel(findTestObject("WIZARD/3Infraestructura/7Motivos/Motivos/span_Motivos(1)/select_Tipo Ocio"), "Receso Laboral", false): All options with label 'Receso Laboral' are selected in object 'Object Repository/WIZARD/3Infraestructura/7Motivos/Motivos/span_Motivos(1)/select_Tipo Ocio' 

2023-08-14 11:50:36 - [MESSAGE][PASSED] - All options with label 'Receso Laboral' are selected in object 'Object Repository/WIZARD/3Infraestructura/7Motivos/Motivos/span_Motivos(1)/select_Tipo Ocio' 

2023-08-14 11:50:36 - [TEST_STEP][PASSED] - click(findTestObject("WIZARD/3Infraestructura/7Motivos/Motivos/span_Motivos(1)/img_Nuevo")): Object: 'Object Repository/WIZARD/3Infraestructura/7Motivos/Motivos/span_Motivos(1)/img_Nuevo' is clicked on

2023-08-14 11:50:36 - [MESSAGE][PASSED] - Object: 'Object Repository/WIZARD/3Infraestructura/7Motivos/Motivos/span_Motivos(1)/img_Nuevo' is clicked on

2023-08-14 11:50:36 - [TEST_STEP][PASSED] - delay(3): Delayed 3 second(s)

2023-08-14 11:50:39 - [MESSAGE][PASSED] - Delayed 3 second(s)

2023-08-14 11:50:39 - [TEST_STEP][PASSED] - setText(findTestObject("WIZARD/3Infraestructura/7Motivos/Motivos/span_Motivos(1)/input_Nombre"), "Pausa Activa AM"): Text 'Pausa Activa AM' is set on object 'Object Repository/WIZARD/3Infraestructura/7Motivos/Motivos/span_Motivos(1)/input_Nombre'

2023-08-14 11:50:40 - [MESSAGE][PASSED] - Text 'Pausa Activa AM' is set on object 'Object Repository/WIZARD/3Infraestructura/7Motivos/Motivos/span_Motivos(1)/input_Nombre'

2023-08-14 11:50:40 - [TEST_STEP][PASSED] - setText(findTestObject("WIZARD/3Infraestructura/7Motivos/Motivos/span_Motivos(1)/textarea_Descripcion"), "Pausa Activa AM"): Text 'Pausa Activa AM' is set on object 'Object Repository/WIZARD/3Infraestructura/7Motivos/Motivos/span_Motivos(1)/textarea_Descripcion'

2023-08-14 11:50:41 - [MESSAGE][PASSED] - Text 'Pausa Activa AM' is set on object 'Object Repository/WIZARD/3Infraestructura/7Motivos/Motivos/span_Motivos(1)/textarea_Descripcion'

2023-08-14 11:50:41 - [TEST_STEP][PASSED] - selectOptionByLabel(findTestObject("WIZARD/3Infraestructura/7Motivos/Motivos/span_Motivos(1)/select_Tipo motivo"), "Cierre", false): All options with label 'Cierre' are selected in object 'Object Repository/WIZARD/3Infraestructura/7Motivos/Motivos/span_Motivos(1)/select_Tipo motivo' 

2023-08-14 11:50:41 - [MESSAGE][PASSED] - All options with label 'Cierre' are selected in object 'Object Repository/WIZARD/3Infraestructura/7Motivos/Motivos/span_Motivos(1)/select_Tipo motivo' 

2023-08-14 11:50:41 - [TEST_STEP][PASSED] - selectOptionByLabel(findTestObject("WIZARD/3Infraestructura/7Motivos/Motivos/span_Motivos(1)/select_Tipo Ocio"), "Receso Laboral", false): All options with label 'Receso Laboral' are selected in object 'Object Repository/WIZARD/3Infraestructura/7Motivos/Motivos/span_Motivos(1)/select_Tipo Ocio' 

2023-08-14 11:50:42 - [MESSAGE][PASSED] - All options with label 'Receso Laboral' are selected in object 'Object Repository/WIZARD/3Infraestructura/7Motivos/Motivos/span_Motivos(1)/select_Tipo Ocio' 

2023-08-14 11:50:42 - [TEST_STEP][PASSED] - click(findTestObject("WIZARD/3Infraestructura/7Motivos/Motivos/span_Motivos(1)/img_Nuevo")): Object: 'Object Repository/WIZARD/3Infraestructura/7Motivos/Motivos/span_Motivos(1)/img_Nuevo' is clicked on

2023-08-14 11:50:43 - [MESSAGE][PASSED] - Object: 'Object Repository/WIZARD/3Infraestructura/7Motivos/Motivos/span_Motivos(1)/img_Nuevo' is clicked on

2023-08-14 11:50:43 - [TEST_STEP][PASSED] - delay(3): Delayed 3 second(s)

2023-08-14 11:50:46 - [MESSAGE][PASSED] - Delayed 3 second(s)

2023-08-14 11:50:46 - [TEST_STEP][PASSED] - setText(findTestObject("WIZARD/3Infraestructura/7Motivos/Motivos/span_Motivos(1)/input_Nombre"), "Pausa Activa PM"): Text 'Pausa Activa PM' is set on object 'Object Repository/WIZARD/3Infraestructura/7Motivos/Motivos/span_Motivos(1)/input_Nombre'

2023-08-14 11:50:46 - [MESSAGE][PASSED] - Text 'Pausa Activa PM' is set on object 'Object Repository/WIZARD/3Infraestructura/7Motivos/Motivos/span_Motivos(1)/input_Nombre'

2023-08-14 11:50:46 - [TEST_STEP][PASSED] - setText(findTestObject("WIZARD/3Infraestructura/7Motivos/Motivos/span_Motivos(1)/textarea_Descripcion"), "Pausa Activa PM"): Text 'Pausa Activa PM' is set on object 'Object Repository/WIZARD/3Infraestructura/7Motivos/Motivos/span_Motivos(1)/textarea_Descripcion'

2023-08-14 11:50:47 - [MESSAGE][PASSED] - Text 'Pausa Activa PM' is set on object 'Object Repository/WIZARD/3Infraestructura/7Motivos/Motivos/span_Motivos(1)/textarea_Descripcion'

2023-08-14 11:50:47 - [TEST_STEP][PASSED] - selectOptionByLabel(findTestObject("WIZARD/3Infraestructura/7Motivos/Motivos/span_Motivos(1)/select_Tipo motivo"), "Cierre", false): All options with label 'Cierre' are selected in object 'Object Repository/WIZARD/3Infraestructura/7Motivos/Motivos/span_Motivos(1)/select_Tipo motivo' 

2023-08-14 11:50:48 - [MESSAGE][PASSED] - All options with label 'Cierre' are selected in object 'Object Repository/WIZARD/3Infraestructura/7Motivos/Motivos/span_Motivos(1)/select_Tipo motivo' 

2023-08-14 11:50:48 - [TEST_STEP][PASSED] - selectOptionByLabel(findTestObject("WIZARD/3Infraestructura/7Motivos/Motivos/span_Motivos(1)/select_Tipo Ocio"), "Receso Laboral", false): All options with label 'Receso Laboral' are selected in object 'Object Repository/WIZARD/3Infraestructura/7Motivos/Motivos/span_Motivos(1)/select_Tipo Ocio' 

2023-08-14 11:50:49 - [MESSAGE][PASSED] - All options with label 'Receso Laboral' are selected in object 'Object Repository/WIZARD/3Infraestructura/7Motivos/Motivos/span_Motivos(1)/select_Tipo Ocio' 

2023-08-14 11:50:49 - [TEST_STEP][PASSED] - click(findTestObject("WIZARD/3Infraestructura/7Motivos/Motivos/span_Motivos(1)/img_Nuevo")): Object: 'Object Repository/WIZARD/3Infraestructura/7Motivos/Motivos/span_Motivos(1)/img_Nuevo' is clicked on

2023-08-14 11:50:49 - [MESSAGE][PASSED] - Object: 'Object Repository/WIZARD/3Infraestructura/7Motivos/Motivos/span_Motivos(1)/img_Nuevo' is clicked on

2023-08-14 11:50:49 - [TEST_STEP][PASSED] - delay(3): Delayed 3 second(s)

2023-08-14 11:50:52 - [MESSAGE][PASSED] - Delayed 3 second(s)

2023-08-14 11:50:52 - [TEST_STEP][PASSED] - setText(findTestObject("WIZARD/3Infraestructura/7Motivos/Motivos/span_Motivos(1)/input_Nombre"), "Capacitación"): Text 'Capacitación' is set on object 'Object Repository/WIZARD/3Infraestructura/7Motivos/Motivos/span_Motivos(1)/input_Nombre'

2023-08-14 11:50:53 - [MESSAGE][PASSED] - Text 'Capacitación' is set on object 'Object Repository/WIZARD/3Infraestructura/7Motivos/Motivos/span_Motivos(1)/input_Nombre'

2023-08-14 11:50:53 - [TEST_STEP][PASSED] - setText(findTestObject("WIZARD/3Infraestructura/7Motivos/Motivos/span_Motivos(1)/textarea_Descripcion"), "Capacitación"): Text 'Capacitación' is set on object 'Object Repository/WIZARD/3Infraestructura/7Motivos/Motivos/span_Motivos(1)/textarea_Descripcion'

2023-08-14 11:50:54 - [MESSAGE][PASSED] - Text 'Capacitación' is set on object 'Object Repository/WIZARD/3Infraestructura/7Motivos/Motivos/span_Motivos(1)/textarea_Descripcion'

2023-08-14 11:50:54 - [TEST_STEP][PASSED] - selectOptionByLabel(findTestObject("WIZARD/3Infraestructura/7Motivos/Motivos/span_Motivos(1)/select_Tipo motivo"), "Cierre", false): All options with label 'Cierre' are selected in object 'Object Repository/WIZARD/3Infraestructura/7Motivos/Motivos/span_Motivos(1)/select_Tipo motivo' 

2023-08-14 11:50:55 - [MESSAGE][PASSED] - All options with label 'Cierre' are selected in object 'Object Repository/WIZARD/3Infraestructura/7Motivos/Motivos/span_Motivos(1)/select_Tipo motivo' 

2023-08-14 11:50:55 - [TEST_STEP][PASSED] - selectOptionByLabel(findTestObject("WIZARD/3Infraestructura/7Motivos/Motivos/span_Motivos(1)/select_Tipo Ocio"), "Labores Administrativas", false): All options with label 'Labores Administrativas' are selected in object 'Object Repository/WIZARD/3Infraestructura/7Motivos/Motivos/span_Motivos(1)/select_Tipo Ocio' 

2023-08-14 11:50:56 - [MESSAGE][PASSED] - All options with label 'Labores Administrativas' are selected in object 'Object Repository/WIZARD/3Infraestructura/7Motivos/Motivos/span_Motivos(1)/select_Tipo Ocio' 

2023-08-14 11:50:56 - [TEST_STEP][PASSED] - click(findTestObject("WIZARD/3Infraestructura/7Motivos/Motivos/span_Motivos(1)/img_Nuevo")): Object: 'Object Repository/WIZARD/3Infraestructura/7Motivos/Motivos/span_Motivos(1)/img_Nuevo' is clicked on

2023-08-14 11:50:56 - [MESSAGE][PASSED] - Object: 'Object Repository/WIZARD/3Infraestructura/7Motivos/Motivos/span_Motivos(1)/img_Nuevo' is clicked on

2023-08-14 11:50:56 - [TEST_STEP][PASSED] - delay(3): Delayed 3 second(s)

2023-08-14 11:50:59 - [MESSAGE][PASSED] - Delayed 3 second(s)

2023-08-14 11:50:59 - [TEST_STEP][PASSED] - setText(findTestObject("WIZARD/3Infraestructura/7Motivos/Motivos/span_Motivos(1)/input_Nombre"), "Permiso Autorizado"): Text 'Permiso Autorizado' is set on object 'Object Repository/WIZARD/3Infraestructura/7Motivos/Motivos/span_Motivos(1)/input_Nombre'

2023-08-14 11:51:00 - [MESSAGE][PASSED] - Text 'Permiso Autorizado' is set on object 'Object Repository/WIZARD/3Infraestructura/7Motivos/Motivos/span_Motivos(1)/input_Nombre'

2023-08-14 11:51:00 - [TEST_STEP][PASSED] - setText(findTestObject("WIZARD/3Infraestructura/7Motivos/Motivos/span_Motivos(1)/textarea_Descripcion"), "Permiso Autorizado"): Text 'Permiso Autorizado' is set on object 'Object Repository/WIZARD/3Infraestructura/7Motivos/Motivos/span_Motivos(1)/textarea_Descripcion'

2023-08-14 11:51:01 - [MESSAGE][PASSED] - Text 'Permiso Autorizado' is set on object 'Object Repository/WIZARD/3Infraestructura/7Motivos/Motivos/span_Motivos(1)/textarea_Descripcion'

2023-08-14 11:51:01 - [TEST_STEP][PASSED] - selectOptionByLabel(findTestObject("WIZARD/3Infraestructura/7Motivos/Motivos/span_Motivos(1)/select_Tipo motivo"), "Cierre", false): All options with label 'Cierre' are selected in object 'Object Repository/WIZARD/3Infraestructura/7Motivos/Motivos/span_Motivos(1)/select_Tipo motivo' 

2023-08-14 11:51:01 - [MESSAGE][PASSED] - All options with label 'Cierre' are selected in object 'Object Repository/WIZARD/3Infraestructura/7Motivos/Motivos/span_Motivos(1)/select_Tipo motivo' 

2023-08-14 11:51:01 - [TEST_STEP][PASSED] - selectOptionByLabel(findTestObject("WIZARD/3Infraestructura/7Motivos/Motivos/span_Motivos(1)/select_Tipo Ocio"), "Tiempo Ocio Voluntario", false): All options with label 'Tiempo Ocio Voluntario' are selected in object 'Object Repository/WIZARD/3Infraestructura/7Motivos/Motivos/span_Motivos(1)/select_Tipo Ocio' 

2023-08-14 11:51:03 - [MESSAGE][PASSED] - All options with label 'Tiempo Ocio Voluntario' are selected in object 'Object Repository/WIZARD/3Infraestructura/7Motivos/Motivos/span_Motivos(1)/select_Tipo Ocio' 

2023-08-14 11:51:03 - [TEST_STEP][PASSED] - click(findTestObject("WIZARD/3Infraestructura/7Motivos/Motivos/span_Motivos(1)/img_Nuevo")): Object: 'Object Repository/WIZARD/3Infraestructura/7Motivos/Motivos/span_Motivos(1)/img_Nuevo' is clicked on

2023-08-14 11:51:03 - [MESSAGE][PASSED] - Object: 'Object Repository/WIZARD/3Infraestructura/7Motivos/Motivos/span_Motivos(1)/img_Nuevo' is clicked on

2023-08-14 11:51:03 - [TEST_STEP][PASSED] - delay(3): Delayed 3 second(s)

2023-08-14 11:51:06 - [MESSAGE][PASSED] - Delayed 3 second(s)

2023-08-14 11:51:06 - [TEST_STEP][PASSED] - setText(findTestObject("WIZARD/3Infraestructura/7Motivos/Motivos/span_Motivos(1)/input_Nombre"), "Falla Técnica"): Text 'Falla Técnica' is set on object 'Object Repository/WIZARD/3Infraestructura/7Motivos/Motivos/span_Motivos(1)/input_Nombre'

2023-08-14 11:51:07 - [MESSAGE][PASSED] - Text 'Falla Técnica' is set on object 'Object Repository/WIZARD/3Infraestructura/7Motivos/Motivos/span_Motivos(1)/input_Nombre'

2023-08-14 11:51:07 - [TEST_STEP][PASSED] - setText(findTestObject("WIZARD/3Infraestructura/7Motivos/Motivos/span_Motivos(1)/textarea_Descripcion"), "Falla Técnica"): Text 'Falla Técnica' is set on object 'Object Repository/WIZARD/3Infraestructura/7Motivos/Motivos/span_Motivos(1)/textarea_Descripcion'

2023-08-14 11:51:07 - [MESSAGE][PASSED] - Text 'Falla Técnica' is set on object 'Object Repository/WIZARD/3Infraestructura/7Motivos/Motivos/span_Motivos(1)/textarea_Descripcion'

2023-08-14 11:51:08 - [TEST_STEP][PASSED] - selectOptionByLabel(findTestObject("WIZARD/3Infraestructura/7Motivos/Motivos/span_Motivos(1)/select_Tipo motivo"), "Cierre", false): All options with label 'Cierre' are selected in object 'Object Repository/WIZARD/3Infraestructura/7Motivos/Motivos/span_Motivos(1)/select_Tipo motivo' 

2023-08-14 11:51:08 - [MESSAGE][PASSED] - All options with label 'Cierre' are selected in object 'Object Repository/WIZARD/3Infraestructura/7Motivos/Motivos/span_Motivos(1)/select_Tipo motivo' 

2023-08-14 11:51:08 - [TEST_STEP][PASSED] - selectOptionByLabel(findTestObject("WIZARD/3Infraestructura/7Motivos/Motivos/span_Motivos(1)/select_Tipo Ocio"), "Labores Administrativas", false): All options with label 'Labores Administrativas' are selected in object 'Object Repository/WIZARD/3Infraestructura/7Motivos/Motivos/span_Motivos(1)/select_Tipo Ocio' 

2023-08-14 11:51:09 - [MESSAGE][PASSED] - All options with label 'Labores Administrativas' are selected in object 'Object Repository/WIZARD/3Infraestructura/7Motivos/Motivos/span_Motivos(1)/select_Tipo Ocio' 

2023-08-14 11:51:09 - [TEST_STEP][PASSED] - click(findTestObject("WIZARD/3Infraestructura/7Motivos/Motivos/span_Motivos(1)/img_Nuevo")): Object: 'Object Repository/WIZARD/3Infraestructura/7Motivos/Motivos/span_Motivos(1)/img_Nuevo' is clicked on

2023-08-14 11:51:10 - [MESSAGE][PASSED] - Object: 'Object Repository/WIZARD/3Infraestructura/7Motivos/Motivos/span_Motivos(1)/img_Nuevo' is clicked on

2023-08-14 11:51:10 - [TEST_STEP][PASSED] - delay(3): Delayed 3 second(s)

2023-08-14 11:51:13 - [MESSAGE][PASSED] - Delayed 3 second(s)

2023-08-14 11:51:13 - [TEST_STEP][PASSED] - setText(findTestObject("WIZARD/3Infraestructura/7Motivos/Motivos/span_Motivos(1)/input_Nombre"), "WC - Baño"): Text 'WC - Baño' is set on object 'Object Repository/WIZARD/3Infraestructura/7Motivos/Motivos/span_Motivos(1)/input_Nombre'

2023-08-14 11:51:14 - [MESSAGE][PASSED] - Text 'WC - Baño' is set on object 'Object Repository/WIZARD/3Infraestructura/7Motivos/Motivos/span_Motivos(1)/input_Nombre'

2023-08-14 11:51:14 - [TEST_STEP][PASSED] - setText(findTestObject("WIZARD/3Infraestructura/7Motivos/Motivos/span_Motivos(1)/textarea_Descripcion"), "WC - Baño"): Text 'WC - Baño' is set on object 'Object Repository/WIZARD/3Infraestructura/7Motivos/Motivos/span_Motivos(1)/textarea_Descripcion'

2023-08-14 11:51:14 - [MESSAGE][PASSED] - Text 'WC - Baño' is set on object 'Object Repository/WIZARD/3Infraestructura/7Motivos/Motivos/span_Motivos(1)/textarea_Descripcion'

2023-08-14 11:51:14 - [TEST_STEP][PASSED] - selectOptionByLabel(findTestObject("WIZARD/3Infraestructura/7Motivos/Motivos/span_Motivos(1)/select_Tipo motivo"), "Cierre", false): All options with label 'Cierre' are selected in object 'Object Repository/WIZARD/3Infraestructura/7Motivos/Motivos/span_Motivos(1)/select_Tipo motivo' 

2023-08-14 11:51:15 - [MESSAGE][PASSED] - All options with label 'Cierre' are selected in object 'Object Repository/WIZARD/3Infraestructura/7Motivos/Motivos/span_Motivos(1)/select_Tipo motivo' 

2023-08-14 11:51:15 - [TEST_STEP][PASSED] - selectOptionByLabel(findTestObject("WIZARD/3Infraestructura/7Motivos/Motivos/span_Motivos(1)/select_Tipo Ocio"), "Receso Laboral", false): All options with label 'Receso Laboral' are selected in object 'Object Repository/WIZARD/3Infraestructura/7Motivos/Motivos/span_Motivos(1)/select_Tipo Ocio' 

2023-08-14 11:51:16 - [MESSAGE][PASSED] - All options with label 'Receso Laboral' are selected in object 'Object Repository/WIZARD/3Infraestructura/7Motivos/Motivos/span_Motivos(1)/select_Tipo Ocio' 

2023-08-14 11:51:16 - [TEST_STEP][PASSED] - click(findTestObject("WIZARD/3Infraestructura/7Motivos/Motivos/span_Motivos(1)/img_Nuevo")): Object: 'Object Repository/WIZARD/3Infraestructura/7Motivos/Motivos/span_Motivos(1)/img_Nuevo' is clicked on

2023-08-14 11:51:16 - [MESSAGE][PASSED] - Object: 'Object Repository/WIZARD/3Infraestructura/7Motivos/Motivos/span_Motivos(1)/img_Nuevo' is clicked on

2023-08-14 11:51:16 - [TEST_STEP][PASSED] - delay(3): Delayed 3 second(s)

2023-08-14 11:51:19 - [MESSAGE][PASSED] - Delayed 3 second(s)

2023-08-14 11:51:19 - [TEST_STEP][PASSED] - setText(findTestObject("WIZARD/3Infraestructura/7Motivos/Motivos/span_Motivos(1)/input_Nombre"), "Fin de Jornada"): Text 'Fin de Jornada' is set on object 'Object Repository/WIZARD/3Infraestructura/7Motivos/Motivos/span_Motivos(1)/input_Nombre'

2023-08-14 11:51:20 - [MESSAGE][PASSED] - Text 'Fin de Jornada' is set on object 'Object Repository/WIZARD/3Infraestructura/7Motivos/Motivos/span_Motivos(1)/input_Nombre'

2023-08-14 11:51:20 - [TEST_STEP][PASSED] - setText(findTestObject("WIZARD/3Infraestructura/7Motivos/Motivos/span_Motivos(1)/textarea_Descripcion"), "Fin de Jornada"): Text 'Fin de Jornada' is set on object 'Object Repository/WIZARD/3Infraestructura/7Motivos/Motivos/span_Motivos(1)/textarea_Descripcion'

2023-08-14 11:51:21 - [MESSAGE][PASSED] - Text 'Fin de Jornada' is set on object 'Object Repository/WIZARD/3Infraestructura/7Motivos/Motivos/span_Motivos(1)/textarea_Descripcion'

2023-08-14 11:51:21 - [TEST_STEP][PASSED] - selectOptionByLabel(findTestObject("WIZARD/3Infraestructura/7Motivos/Motivos/span_Motivos(1)/select_Tipo motivo"), "Cierre", false): All options with label 'Cierre' are selected in object 'Object Repository/WIZARD/3Infraestructura/7Motivos/Motivos/span_Motivos(1)/select_Tipo motivo' 

2023-08-14 11:51:22 - [MESSAGE][PASSED] - All options with label 'Cierre' are selected in object 'Object Repository/WIZARD/3Infraestructura/7Motivos/Motivos/span_Motivos(1)/select_Tipo motivo' 

2023-08-14 11:51:22 - [TEST_STEP][PASSED] - selectOptionByLabel(findTestObject("WIZARD/3Infraestructura/7Motivos/Motivos/span_Motivos(1)/select_Tipo Ocio"), "Labores Administrativas", false): All options with label 'Labores Administrativas' are selected in object 'Object Repository/WIZARD/3Infraestructura/7Motivos/Motivos/span_Motivos(1)/select_Tipo Ocio' 

2023-08-14 11:51:23 - [MESSAGE][PASSED] - All options with label 'Labores Administrativas' are selected in object 'Object Repository/WIZARD/3Infraestructura/7Motivos/Motivos/span_Motivos(1)/select_Tipo Ocio' 

2023-08-14 11:51:23 - [TEST_STEP][PASSED] - click(findTestObject("WIZARD/3Infraestructura/7Motivos/Motivos/span_Motivos(1)/img_Nuevo")): Object: 'Object Repository/WIZARD/3Infraestructura/7Motivos/Motivos/span_Motivos(1)/img_Nuevo' is clicked on

2023-08-14 11:51:23 - [MESSAGE][PASSED] - Object: 'Object Repository/WIZARD/3Infraestructura/7Motivos/Motivos/span_Motivos(1)/img_Nuevo' is clicked on

2023-08-14 11:51:23 - [TEST_STEP][PASSED] - delay(3): Delayed 3 second(s)

2023-08-14 11:51:26 - [MESSAGE][PASSED] - Delayed 3 second(s)

2023-08-14 11:51:26 - [TEST_STEP][PASSED] - setText(findTestObject("WIZARD/3Infraestructura/7Motivos/Motivos/span_Motivos(1)/input_Nombre"), "Actividad Interna"): Text 'Actividad Interna' is set on object 'Object Repository/WIZARD/3Infraestructura/7Motivos/Motivos/span_Motivos(1)/input_Nombre'

2023-08-14 11:51:27 - [MESSAGE][PASSED] - Text 'Actividad Interna' is set on object 'Object Repository/WIZARD/3Infraestructura/7Motivos/Motivos/span_Motivos(1)/input_Nombre'

2023-08-14 11:51:27 - [TEST_STEP][PASSED] - setText(findTestObject("WIZARD/3Infraestructura/7Motivos/Motivos/span_Motivos(1)/textarea_Descripcion"), "Actividad Interna"): Text 'Actividad Interna' is set on object 'Object Repository/WIZARD/3Infraestructura/7Motivos/Motivos/span_Motivos(1)/textarea_Descripcion'

2023-08-14 11:51:28 - [MESSAGE][PASSED] - Text 'Actividad Interna' is set on object 'Object Repository/WIZARD/3Infraestructura/7Motivos/Motivos/span_Motivos(1)/textarea_Descripcion'

2023-08-14 11:51:28 - [TEST_STEP][PASSED] - selectOptionByLabel(findTestObject("WIZARD/3Infraestructura/7Motivos/Motivos/span_Motivos(1)/select_Tipo motivo"), "Cierre", false): All options with label 'Cierre' are selected in object 'Object Repository/WIZARD/3Infraestructura/7Motivos/Motivos/span_Motivos(1)/select_Tipo motivo' 

2023-08-14 11:51:28 - [MESSAGE][PASSED] - All options with label 'Cierre' are selected in object 'Object Repository/WIZARD/3Infraestructura/7Motivos/Motivos/span_Motivos(1)/select_Tipo motivo' 

2023-08-14 11:51:28 - [TEST_STEP][PASSED] - selectOptionByLabel(findTestObject("WIZARD/3Infraestructura/7Motivos/Motivos/span_Motivos(1)/select_Tipo Ocio"), "Labores Administrativas", false): All options with label 'Labores Administrativas' are selected in object 'Object Repository/WIZARD/3Infraestructura/7Motivos/Motivos/span_Motivos(1)/select_Tipo Ocio' 

2023-08-14 11:51:29 - [MESSAGE][PASSED] - All options with label 'Labores Administrativas' are selected in object 'Object Repository/WIZARD/3Infraestructura/7Motivos/Motivos/span_Motivos(1)/select_Tipo Ocio' 

2023-08-14 11:51:29 - [TEST_STEP][PASSED] - click(findTestObject("WIZARD/3Infraestructura/7Motivos/Motivos/span_Motivos(1)/img_Nuevo")): Object: 'Object Repository/WIZARD/3Infraestructura/7Motivos/Motivos/span_Motivos(1)/img_Nuevo' is clicked on

2023-08-14 11:51:30 - [MESSAGE][PASSED] - Object: 'Object Repository/WIZARD/3Infraestructura/7Motivos/Motivos/span_Motivos(1)/img_Nuevo' is clicked on

2023-08-14 11:51:30 - [TEST_STEP][PASSED] - delay(3): Delayed 3 second(s)

2023-08-14 11:51:33 - [MESSAGE][PASSED] - Delayed 3 second(s)

2023-08-14 11:51:33 - [TEST_STEP][PASSED] - setText(findTestObject("WIZARD/3Infraestructura/7Motivos/Motivos/span_Motivos(1)/input_Nombre"), "Falta Fotocopia"): Text 'Falta Fotocopia' is set on object 'Object Repository/WIZARD/3Infraestructura/7Motivos/Motivos/span_Motivos(1)/input_Nombre'

2023-08-14 11:51:33 - [MESSAGE][PASSED] - Text 'Falta Fotocopia' is set on object 'Object Repository/WIZARD/3Infraestructura/7Motivos/Motivos/span_Motivos(1)/input_Nombre'

2023-08-14 11:51:33 - [TEST_STEP][PASSED] - setText(findTestObject("WIZARD/3Infraestructura/7Motivos/Motivos/span_Motivos(1)/textarea_Descripcion"), "Falta Fotocopia"): Text 'Falta Fotocopia' is set on object 'Object Repository/WIZARD/3Infraestructura/7Motivos/Motivos/span_Motivos(1)/textarea_Descripcion'

2023-08-14 11:51:34 - [MESSAGE][PASSED] - Text 'Falta Fotocopia' is set on object 'Object Repository/WIZARD/3Infraestructura/7Motivos/Motivos/span_Motivos(1)/textarea_Descripcion'

2023-08-14 11:51:34 - [TEST_STEP][PASSED] - selectOptionByLabel(findTestObject("WIZARD/3Infraestructura/7Motivos/Motivos/span_Motivos(1)/select_Tipo motivo"), "Suspensión", false): All options with label 'Suspensión' are selected in object 'Object Repository/WIZARD/3Infraestructura/7Motivos/Motivos/span_Motivos(1)/select_Tipo motivo' 

2023-08-14 11:51:35 - [MESSAGE][PASSED] - All options with label 'Suspensión' are selected in object 'Object Repository/WIZARD/3Infraestructura/7Motivos/Motivos/span_Motivos(1)/select_Tipo motivo' 

2023-08-14 11:51:35 - [TEST_STEP][PASSED] - click(findTestObject("WIZARD/3Infraestructura/7Motivos/Motivos/span_Motivos(1)/img_Nuevo")): Object: 'Object Repository/WIZARD/3Infraestructura/7Motivos/Motivos/span_Motivos(1)/img_Nuevo' is clicked on

2023-08-14 11:51:36 - [MESSAGE][PASSED] - Object: 'Object Repository/WIZARD/3Infraestructura/7Motivos/Motivos/span_Motivos(1)/img_Nuevo' is clicked on

2023-08-14 11:51:36 - [TEST_STEP][PASSED] - delay(3): Delayed 3 second(s)

2023-08-14 11:51:39 - [MESSAGE][PASSED] - Delayed 3 second(s)

2023-08-14 11:51:39 - [TEST_STEP][PASSED] - setText(findTestObject("WIZARD/3Infraestructura/7Motivos/Motivos/span_Motivos(1)/input_Nombre"), "Falta Autorización"): Text 'Falta Autorización' is set on object 'Object Repository/WIZARD/3Infraestructura/7Motivos/Motivos/span_Motivos(1)/input_Nombre'

2023-08-14 11:51:40 - [MESSAGE][PASSED] - Text 'Falta Autorización' is set on object 'Object Repository/WIZARD/3Infraestructura/7Motivos/Motivos/span_Motivos(1)/input_Nombre'

2023-08-14 11:51:40 - [TEST_STEP][PASSED] - setText(findTestObject("WIZARD/3Infraestructura/7Motivos/Motivos/span_Motivos(1)/textarea_Descripcion"), "Falta Autorización"): Text 'Falta Autorización' is set on object 'Object Repository/WIZARD/3Infraestructura/7Motivos/Motivos/span_Motivos(1)/textarea_Descripcion'

2023-08-14 11:51:40 - [MESSAGE][PASSED] - Text 'Falta Autorización' is set on object 'Object Repository/WIZARD/3Infraestructura/7Motivos/Motivos/span_Motivos(1)/textarea_Descripcion'

2023-08-14 11:51:40 - [TEST_STEP][PASSED] - selectOptionByLabel(findTestObject("WIZARD/3Infraestructura/7Motivos/Motivos/span_Motivos(1)/select_Tipo motivo"), "Suspensión", false): All options with label 'Suspensión' are selected in object 'Object Repository/WIZARD/3Infraestructura/7Motivos/Motivos/span_Motivos(1)/select_Tipo motivo' 

2023-08-14 11:51:41 - [MESSAGE][PASSED] - All options with label 'Suspensión' are selected in object 'Object Repository/WIZARD/3Infraestructura/7Motivos/Motivos/span_Motivos(1)/select_Tipo motivo' 

2023-08-14 11:51:41 - [TEST_STEP][PASSED] - click(findTestObject("WIZARD/3Infraestructura/7Motivos/Motivos/span_Motivos(1)/img_Nuevo")): Object: 'Object Repository/WIZARD/3Infraestructura/7Motivos/Motivos/span_Motivos(1)/img_Nuevo' is clicked on

2023-08-14 11:51:41 - [MESSAGE][PASSED] - Object: 'Object Repository/WIZARD/3Infraestructura/7Motivos/Motivos/span_Motivos(1)/img_Nuevo' is clicked on

2023-08-14 11:51:41 - [TEST_STEP][PASSED] - delay(3): Delayed 3 second(s)

2023-08-14 11:51:44 - [MESSAGE][PASSED] - Delayed 3 second(s)

2023-08-14 11:51:44 - [TEST_STEP][PASSED] - setText(findTestObject("WIZARD/3Infraestructura/7Motivos/Motivos/span_Motivos(1)/input_Nombre"), "Falta Recibo de Pago"): Text 'Falta Recibo de Pago' is set on object 'Object Repository/WIZARD/3Infraestructura/7Motivos/Motivos/span_Motivos(1)/input_Nombre'

2023-08-14 11:51:45 - [MESSAGE][PASSED] - Text 'Falta Recibo de Pago' is set on object 'Object Repository/WIZARD/3Infraestructura/7Motivos/Motivos/span_Motivos(1)/input_Nombre'

2023-08-14 11:51:45 - [TEST_STEP][PASSED] - setText(findTestObject("WIZARD/3Infraestructura/7Motivos/Motivos/span_Motivos(1)/textarea_Descripcion"), "Falta Recibo de Pago"): Text 'Falta Recibo de Pago' is set on object 'Object Repository/WIZARD/3Infraestructura/7Motivos/Motivos/span_Motivos(1)/textarea_Descripcion'

2023-08-14 11:51:46 - [MESSAGE][PASSED] - Text 'Falta Recibo de Pago' is set on object 'Object Repository/WIZARD/3Infraestructura/7Motivos/Motivos/span_Motivos(1)/textarea_Descripcion'

2023-08-14 11:51:46 - [TEST_STEP][PASSED] - selectOptionByLabel(findTestObject("WIZARD/3Infraestructura/7Motivos/Motivos/span_Motivos(1)/select_Tipo motivo"), "Suspensión", false): All options with label 'Suspensión' are selected in object 'Object Repository/WIZARD/3Infraestructura/7Motivos/Motivos/span_Motivos(1)/select_Tipo motivo' 

2023-08-14 11:51:47 - [MESSAGE][PASSED] - All options with label 'Suspensión' are selected in object 'Object Repository/WIZARD/3Infraestructura/7Motivos/Motivos/span_Motivos(1)/select_Tipo motivo' 

2023-08-14 11:51:47 - [TEST_STEP][PASSED] - click(findTestObject("WIZARD/3Infraestructura/7Motivos/Motivos/span_Motivos(1)/img_Nuevo")): Object: 'Object Repository/WIZARD/3Infraestructura/7Motivos/Motivos/span_Motivos(1)/img_Nuevo' is clicked on

2023-08-14 11:51:48 - [MESSAGE][PASSED] - Object: 'Object Repository/WIZARD/3Infraestructura/7Motivos/Motivos/span_Motivos(1)/img_Nuevo' is clicked on

2023-08-14 11:51:48 - [TEST_STEP][PASSED] - delay(3): Delayed 3 second(s)

2023-08-14 11:51:51 - [MESSAGE][PASSED] - Delayed 3 second(s)

2023-08-14 11:51:51 - [TEST_STEP][PASSED] - setText(findTestObject("WIZARD/3Infraestructura/7Motivos/Motivos/span_Motivos(1)/input_Nombre"), "Falta Ausente"): Text 'Falta Ausente' is set on object 'Object Repository/WIZARD/3Infraestructura/7Motivos/Motivos/span_Motivos(1)/input_Nombre'

2023-08-14 11:51:51 - [MESSAGE][PASSED] - Text 'Falta Ausente' is set on object 'Object Repository/WIZARD/3Infraestructura/7Motivos/Motivos/span_Motivos(1)/input_Nombre'

2023-08-14 11:51:51 - [TEST_STEP][PASSED] - setText(findTestObject("WIZARD/3Infraestructura/7Motivos/Motivos/span_Motivos(1)/textarea_Descripcion"), "Falta Ausente"): Text 'Falta Ausente' is set on object 'Object Repository/WIZARD/3Infraestructura/7Motivos/Motivos/span_Motivos(1)/textarea_Descripcion'

2023-08-14 11:51:52 - [MESSAGE][PASSED] - Text 'Falta Ausente' is set on object 'Object Repository/WIZARD/3Infraestructura/7Motivos/Motivos/span_Motivos(1)/textarea_Descripcion'

2023-08-14 11:51:52 - [TEST_STEP][PASSED] - selectOptionByLabel(findTestObject("WIZARD/3Infraestructura/7Motivos/Motivos/span_Motivos(1)/select_Tipo motivo"), "Suspensión", false): All options with label 'Suspensión' are selected in object 'Object Repository/WIZARD/3Infraestructura/7Motivos/Motivos/span_Motivos(1)/select_Tipo motivo' 

2023-08-14 11:51:53 - [MESSAGE][PASSED] - All options with label 'Suspensión' are selected in object 'Object Repository/WIZARD/3Infraestructura/7Motivos/Motivos/span_Motivos(1)/select_Tipo motivo' 

2023-08-14 11:51:53 - [TEST_STEP][PASSED] - click(findTestObject("WIZARD/3Infraestructura/7Motivos/Motivos/span_Motivos(1)/img_Nuevo")): Object: 'Object Repository/WIZARD/3Infraestructura/7Motivos/Motivos/span_Motivos(1)/img_Nuevo' is clicked on

2023-08-14 11:51:54 - [MESSAGE][PASSED] - Object: 'Object Repository/WIZARD/3Infraestructura/7Motivos/Motivos/span_Motivos(1)/img_Nuevo' is clicked on

2023-08-14 11:51:54 - [TEST_STEP][PASSED] - delay(3): Delayed 3 second(s)

2023-08-14 11:51:57 - [MESSAGE][PASSED] - Delayed 3 second(s)

2023-08-14 11:51:57 - [TEST_STEP][PASSED] - setText(findTestObject("WIZARD/3Infraestructura/7Motivos/Motivos/span_Motivos(1)/input_Nombre"), "No Corresponde a Negocio"): Text 'No Corresponde a Negocio' is set on object 'Object Repository/WIZARD/3Infraestructura/7Motivos/Motivos/span_Motivos(1)/input_Nombre'

2023-08-14 11:51:58 - [MESSAGE][PASSED] - Text 'No Corresponde a Negocio' is set on object 'Object Repository/WIZARD/3Infraestructura/7Motivos/Motivos/span_Motivos(1)/input_Nombre'

2023-08-14 11:51:58 - [TEST_STEP][PASSED] - setText(findTestObject("WIZARD/3Infraestructura/7Motivos/Motivos/span_Motivos(1)/textarea_Descripcion"), "No Corresponde a Negocio"): Text 'No Corresponde a Negocio' is set on object 'Object Repository/WIZARD/3Infraestructura/7Motivos/Motivos/span_Motivos(1)/textarea_Descripcion'

2023-08-14 11:51:58 - [MESSAGE][PASSED] - Text 'No Corresponde a Negocio' is set on object 'Object Repository/WIZARD/3Infraestructura/7Motivos/Motivos/span_Motivos(1)/textarea_Descripcion'

2023-08-14 11:51:58 - [TEST_STEP][PASSED] - selectOptionByLabel(findTestObject("WIZARD/3Infraestructura/7Motivos/Motivos/span_Motivos(1)/select_Tipo motivo"), "Cancelación servicio", false): All options with label 'Cancelación servicio' are selected in object 'Object Repository/WIZARD/3Infraestructura/7Motivos/Motivos/span_Motivos(1)/select_Tipo motivo' 

2023-08-14 11:51:59 - [MESSAGE][PASSED] - All options with label 'Cancelación servicio' are selected in object 'Object Repository/WIZARD/3Infraestructura/7Motivos/Motivos/span_Motivos(1)/select_Tipo motivo' 

2023-08-14 11:51:59 - [TEST_STEP][PASSED] - click(findTestObject("WIZARD/3Infraestructura/7Motivos/Motivos/span_Motivos(1)/img_Nuevo")): Object: 'Object Repository/WIZARD/3Infraestructura/7Motivos/Motivos/span_Motivos(1)/img_Nuevo' is clicked on

2023-08-14 11:52:00 - [MESSAGE][PASSED] - Object: 'Object Repository/WIZARD/3Infraestructura/7Motivos/Motivos/span_Motivos(1)/img_Nuevo' is clicked on

2023-08-14 11:52:00 - [TEST_STEP][PASSED] - delay(3): Delayed 3 second(s)

2023-08-14 11:52:03 - [MESSAGE][PASSED] - Delayed 3 second(s)

2023-08-14 11:52:03 - [TEST_STEP][PASSED] - setText(findTestObject("WIZARD/3Infraestructura/7Motivos/Motivos/span_Motivos(1)/input_Nombre"), "Sin Documento"): Text 'Sin Documento' is set on object 'Object Repository/WIZARD/3Infraestructura/7Motivos/Motivos/span_Motivos(1)/input_Nombre'

2023-08-14 11:52:04 - [MESSAGE][PASSED] - Text 'Sin Documento' is set on object 'Object Repository/WIZARD/3Infraestructura/7Motivos/Motivos/span_Motivos(1)/input_Nombre'

2023-08-14 11:52:04 - [TEST_STEP][PASSED] - setText(findTestObject("WIZARD/3Infraestructura/7Motivos/Motivos/span_Motivos(1)/textarea_Descripcion"), "Sin Documento"): Text 'Sin Documento' is set on object 'Object Repository/WIZARD/3Infraestructura/7Motivos/Motivos/span_Motivos(1)/textarea_Descripcion'

2023-08-14 11:52:05 - [MESSAGE][PASSED] - Text 'Sin Documento' is set on object 'Object Repository/WIZARD/3Infraestructura/7Motivos/Motivos/span_Motivos(1)/textarea_Descripcion'

2023-08-14 11:52:05 - [TEST_STEP][PASSED] - selectOptionByLabel(findTestObject("WIZARD/3Infraestructura/7Motivos/Motivos/span_Motivos(1)/select_Tipo motivo"), "Cancelación servicio", false): All options with label 'Cancelación servicio' are selected in object 'Object Repository/WIZARD/3Infraestructura/7Motivos/Motivos/span_Motivos(1)/select_Tipo motivo' 

2023-08-14 11:52:05 - [MESSAGE][PASSED] - All options with label 'Cancelación servicio' are selected in object 'Object Repository/WIZARD/3Infraestructura/7Motivos/Motivos/span_Motivos(1)/select_Tipo motivo' 

2023-08-14 11:52:05 - [TEST_STEP][PASSED] - click(findTestObject("WIZARD/3Infraestructura/7Motivos/Motivos/span_Motivos(1)/img_Nuevo")): Object: 'Object Repository/WIZARD/3Infraestructura/7Motivos/Motivos/span_Motivos(1)/img_Nuevo' is clicked on

2023-08-14 11:52:06 - [MESSAGE][PASSED] - Object: 'Object Repository/WIZARD/3Infraestructura/7Motivos/Motivos/span_Motivos(1)/img_Nuevo' is clicked on

2023-08-14 11:52:06 - [TEST_STEP][PASSED] - delay(3): Delayed 3 second(s)

2023-08-14 11:52:09 - [MESSAGE][PASSED] - Delayed 3 second(s)

2023-08-14 11:52:09 - [TEST_STEP][PASSED] - setText(findTestObject("WIZARD/3Infraestructura/7Motivos/Motivos/span_Motivos(1)/input_Nombre"), "Tramitador"): Text 'Tramitador' is set on object 'Object Repository/WIZARD/3Infraestructura/7Motivos/Motivos/span_Motivos(1)/input_Nombre'

2023-08-14 11:52:10 - [MESSAGE][PASSED] - Text 'Tramitador' is set on object 'Object Repository/WIZARD/3Infraestructura/7Motivos/Motivos/span_Motivos(1)/input_Nombre'

2023-08-14 11:52:10 - [TEST_STEP][PASSED] - setText(findTestObject("WIZARD/3Infraestructura/7Motivos/Motivos/span_Motivos(1)/textarea_Descripcion"), "Tramitador"): Text 'Tramitador' is set on object 'Object Repository/WIZARD/3Infraestructura/7Motivos/Motivos/span_Motivos(1)/textarea_Descripcion'

2023-08-14 11:52:11 - [MESSAGE][PASSED] - Text 'Tramitador' is set on object 'Object Repository/WIZARD/3Infraestructura/7Motivos/Motivos/span_Motivos(1)/textarea_Descripcion'

2023-08-14 11:52:11 - [TEST_STEP][PASSED] - selectOptionByLabel(findTestObject("WIZARD/3Infraestructura/7Motivos/Motivos/span_Motivos(1)/select_Tipo motivo"), "Cancelación servicio", false): All options with label 'Cancelación servicio' are selected in object 'Object Repository/WIZARD/3Infraestructura/7Motivos/Motivos/span_Motivos(1)/select_Tipo motivo' 

2023-08-14 11:52:11 - [MESSAGE][PASSED] - All options with label 'Cancelación servicio' are selected in object 'Object Repository/WIZARD/3Infraestructura/7Motivos/Motivos/span_Motivos(1)/select_Tipo motivo' 

2023-08-14 11:52:11 - [TEST_STEP][PASSED] - click(findTestObject("WIZARD/3Infraestructura/7Motivos/Motivos/span_Motivos(1)/img_Nuevo")): Object: 'Object Repository/WIZARD/3Infraestructura/7Motivos/Motivos/span_Motivos(1)/img_Nuevo' is clicked on

2023-08-14 11:52:12 - [MESSAGE][PASSED] - Object: 'Object Repository/WIZARD/3Infraestructura/7Motivos/Motivos/span_Motivos(1)/img_Nuevo' is clicked on

2023-08-14 11:52:12 - [TEST_STEP][PASSED] - delay(3): Delayed 3 second(s)

2023-08-14 11:52:15 - [MESSAGE][PASSED] - Delayed 3 second(s)

2023-08-14 11:52:15 - [TEST_STEP][PASSED] - setText(findTestObject("WIZARD/3Infraestructura/7Motivos/Motivos/span_Motivos(1)/input_Nombre"), "Caída de ERP"): Text 'Caída de ERP' is set on object 'Object Repository/WIZARD/3Infraestructura/7Motivos/Motivos/span_Motivos(1)/input_Nombre'

2023-08-14 11:52:16 - [MESSAGE][PASSED] - Text 'Caída de ERP' is set on object 'Object Repository/WIZARD/3Infraestructura/7Motivos/Motivos/span_Motivos(1)/input_Nombre'

2023-08-14 11:52:16 - [TEST_STEP][PASSED] - setText(findTestObject("WIZARD/3Infraestructura/7Motivos/Motivos/span_Motivos(1)/textarea_Descripcion"), "Caída de ERP"): Text 'Caída de ERP' is set on object 'Object Repository/WIZARD/3Infraestructura/7Motivos/Motivos/span_Motivos(1)/textarea_Descripcion'

2023-08-14 11:52:16 - [MESSAGE][PASSED] - Text 'Caída de ERP' is set on object 'Object Repository/WIZARD/3Infraestructura/7Motivos/Motivos/span_Motivos(1)/textarea_Descripcion'

2023-08-14 11:52:16 - [TEST_STEP][PASSED] - selectOptionByLabel(findTestObject("WIZARD/3Infraestructura/7Motivos/Motivos/span_Motivos(1)/select_Tipo motivo"), "Cancelación servicio", false): All options with label 'Cancelación servicio' are selected in object 'Object Repository/WIZARD/3Infraestructura/7Motivos/Motivos/span_Motivos(1)/select_Tipo motivo' 

2023-08-14 11:52:17 - [MESSAGE][PASSED] - All options with label 'Cancelación servicio' are selected in object 'Object Repository/WIZARD/3Infraestructura/7Motivos/Motivos/span_Motivos(1)/select_Tipo motivo' 

2023-08-14 11:52:17 - [TEST_STEP][PASSED] - click(findTestObject("WIZARD/3Infraestructura/7Motivos/Motivos/span_Motivos(1)/img_Nuevo")): Object: 'Object Repository/WIZARD/3Infraestructura/7Motivos/Motivos/span_Motivos(1)/img_Nuevo' is clicked on

2023-08-14 11:52:18 - [MESSAGE][PASSED] - Object: 'Object Repository/WIZARD/3Infraestructura/7Motivos/Motivos/span_Motivos(1)/img_Nuevo' is clicked on

2023-08-14 11:52:18 - [TEST_STEP][PASSED] - delay(3): Delayed 3 second(s)

2023-08-14 11:52:21 - [MESSAGE][PASSED] - Delayed 3 second(s)

2023-08-14 11:52:21 - [TEST_STEP][PASSED] - takeFullPageScreenshot(): Taking screenshot successfully

2023-08-14 11:52:22 - [MESSAGE][INFO] - 0 hidden object(s)

2023-08-14 11:52:22 - [MESSAGE][PASSED] - Taking screenshot successfully
[[ATTACHMENT|C:\\CIEL INGENIERIA\\Katalon\\Digiturno55\\Reports\\20230814_104251\\WIZARD\\3Infraestructura\\7Motivos\\5.7 Crear Motivos\\20230814_104422\\1692031941421.png]]

2023-08-14 11:52:22 - [TEST_STEP][PASSED] - delay(3): Delayed 3 second(s)

2023-08-14 11:52:25 - [MESSAGE][PASSED] - Delayed 3 second(s)

2023-08-14 11:52:25 - [TEST_STEP][PASSED] - Start listener action : sampleAfterTestCase: null]]></system-out>
         <system-err><![CDATA[]]></system-err>
      </testcase>
      <system-out><![CDATA[2023-08-14 11:50:08 - [TEST_SUITE][PASSED] - 5.7 Crear Motivos: Test Cases/WIZARD/3Infraestructura/7Motivos/5.7 Crear Motivos]]></system-out>
      <system-err><![CDATA[]]></system-err>
   </testsuite>
</testsuites>
