<?xml version="1.0" encoding="UTF-8"?>
<testsuites name="67 Administracion de Redes" time="53.739" tests="1" failures="0" errors="0">
   <testsuite name="67 Administracion de Redes" tests="1" failures="0" errors="0" time="53.739" skipped="0" timestamp="2024-10-03 18:00:10" hostname="jdavila - PCPruebas101.ciel.cielingenieria.com" id="Test Suites/DIGITURNO/BASICO/67 Administracion de Redes">
      <properties>
         <property name="deviceName" value=""/>
         <property name="devicePlatform" value=""/>
         <property name="logFolder" value="C:\\CIEL INGENIERIA\\Katalon\\Digiturno55\\Reports\\20241003_171202\\DIGITURNO\\BASICO\\67 Administracion de Redes\\20241003_171319"/>
         <property name="logFiles" value="C:\\CIEL INGENIERIA\\Katalon\\Digiturno55\\Reports\\20241003_171202\\DIGITURNO\\BASICO\\67 Administracion de Redes\\20241003_171319\\execution0.log"/>
         <property name="attachments" value="C:\\CIEL INGENIERIA\\Katalon\\Digiturno55\\Reports\\20241003_171202\\DIGITURNO\\BASICO\\67 Administracion de Redes\\20241003_171319\\1727996427814.png, C:\\CIEL INGENIERIA\\Katalon\\Digiturno55\\Reports\\20241003_171202\\DIGITURNO\\BASICO\\67 Administracion de Redes\\20241003_171319\\1727996435002.png, C:\\CIEL INGENIERIA\\Katalon\\Digiturno55\\Reports\\20241003_171202\\DIGITURNO\\BASICO\\67 Administracion de Redes\\20241003_171319\\1727996460840.png"/>
         <property name="hostName" value="jdavila - PCPruebas101.ciel.cielingenieria.com"/>
         <property name="os" value="Windows 10 64bit"/>
         <property name="katalonVersion" value="8.6.9.208"/>
         <property name="browser" value="Chrome 129.0.0.0"/>
         <property name="hostAddress" value="192.168.91.13"/>
         <property name="sessionId" value="c9f1d2eac4380333155ed4146fee5b7f"/>
         <property name="seleniumVersion" value="3.141.59"/>
         <property name="proxyInformation" value="ProxyInformation { proxyOption=NO_PROXY, proxyServerType=HTTP, username=, password=********, proxyServerAddress=, proxyServerPort=0, executionList=&quot;&quot;, isApplyToDesiredCapabilities=true }"/>
         <property name="platform" value="Windows 10"/>
      </properties>
      <testcase name="Test Cases/DIGITURNO/BASICO/67 Administracion de Redes" time="53.444" classname="Test Cases/DIGITURNO/BASICO/67 Administracion de Redes" status="PASSED">
         <system-out><![CDATA[2024-10-03 18:00:11 - [TEST_CASE][PASSED] - Test Cases/DIGITURNO/BASICO/67 Administracion de Redes: Test Cases/DIGITURNO/BASICO/67 Administracion de Redes

2024-10-03 18:00:11 - [TEST_STEP][PASSED] - callTestCase(findTestCase("DIGITURNO/BASICO/32 Elementos del Sistema"), [:], STOP_ON_FAILURE): Call Test Case 'Test Cases/DIGITURNO/BASICO/32 Elementos del Sistema' successfully

2024-10-03 18:00:11 - [TEST_CASE][PASSED] - Test Cases/DIGITURNO/BASICO/32 Elementos del Sistema: Test Cases/DIGITURNO/BASICO/32 Elementos del Sistema

2024-10-03 18:00:11 - [TEST_STEP][PASSED] - callTestCase(findTestCase("DIGITURNO/BASICO/3 Configuracion"), [:], STOP_ON_FAILURE): Call Test Case 'Test Cases/DIGITURNO/BASICO/3 Configuracion' successfully

2024-10-03 18:00:12 - [TEST_CASE][PASSED] - Test Cases/DIGITURNO/BASICO/3 Configuracion: Test Cases/DIGITURNO/BASICO/3 Configuracion

2024-10-03 18:00:12 - [TEST_STEP][PASSED] - callTestCase(findTestCase("0InicioSesion"), [:], STOP_ON_FAILURE): Call Test Case 'Test Cases/0InicioSesion' successfully

2024-10-03 18:00:12 - [TEST_CASE][PASSED] - Test Cases/0InicioSesion: Test Cases/0InicioSesion

2024-10-03 18:00:12 - [TEST_STEP][PASSED] - openBrowser(UrlDigiturno): Browser is opened with url: 'https://PCPruebas101.ciel.cielingenieria.com:8910'

2024-10-03 18:00:13 - [MESSAGE][INFO] - Starting 'Chrome' driver

2024-10-03 18:00:13 - [MESSAGE][INFO] - User set preference: ['args', '[--use-fake-ui-for-media-stream, --disable-notifications]']

2024-10-03 18:00:13 - [MESSAGE][INFO] - Action delay is set to 0 milliseconds

2024-10-03 18:00:16 - [MESSAGE][PASSED] - Browser is opened with url: 'https://PCPruebas101.ciel.cielingenieria.com:8910'

2024-10-03 18:00:16 - [TEST_STEP][PASSED] - maximizeWindow(): Current window maximized

2024-10-03 18:00:16 - [MESSAGE][PASSED] - Current window maximized

2024-10-03 18:00:16 - [TEST_STEP][PASSED] - delay(3): Delayed 3 second(s)

2024-10-03 18:00:19 - [MESSAGE][PASSED] - Delayed 3 second(s)

2024-10-03 18:00:19 - [TEST_STEP][PASSED] - setText(findTestObject("0Inicio Sesion/input_Usuario"), "Ciel"): Text 'Ciel' is set on object 'Object Repository/0Inicio Sesion/input_Usuario'

2024-10-03 18:00:20 - [MESSAGE][PASSED] - Text 'Ciel' is set on object 'Object Repository/0Inicio Sesion/input_Usuario'

2024-10-03 18:00:20 - [TEST_STEP][PASSED] - setText(findTestObject("0Inicio Sesion/input_Clave"), "digiturno"): Text 'digiturno' is set on object 'Object Repository/0Inicio Sesion/input_Clave'

2024-10-03 18:00:20 - [MESSAGE][PASSED] - Text 'digiturno' is set on object 'Object Repository/0Inicio Sesion/input_Clave'

2024-10-03 18:00:20 - [TEST_STEP][PASSED] - click(findTestObject("0Inicio Sesion/btn_IniciarSesion")): Object: 'Object Repository/0Inicio Sesion/btn_IniciarSesion' is clicked on

2024-10-03 18:00:21 - [MESSAGE][PASSED] - Object: 'Object Repository/0Inicio Sesion/btn_IniciarSesion' is clicked on

2024-10-03 18:00:21 - [TEST_STEP][PASSED] - delay(3): Delayed 3 second(s)

2024-10-03 18:00:24 - [MESSAGE][PASSED] - Delayed 3 second(s)

2024-10-03 18:00:24 - [MESSAGE][PASSED] - Call Test Case 'Test Cases/0InicioSesion' successfully

2024-10-03 18:00:24 - [TEST_STEP][PASSED] - click(findTestObject("DIGITURNO/1Principal/img_Configuracion(1)")): Object: 'Object Repository/DIGITURNO/1Principal/img_Configuracion(1)' is clicked on

2024-10-03 18:00:24 - [MESSAGE][PASSED] - Object: 'Object Repository/DIGITURNO/1Principal/img_Configuracion(1)' is clicked on

2024-10-03 18:00:24 - [TEST_STEP][PASSED] - delay(3): Delayed 3 second(s)

2024-10-03 18:00:27 - [MESSAGE][PASSED] - Delayed 3 second(s)

2024-10-03 18:00:27 - [TEST_STEP][PASSED] - takeFullPageScreenshot(): Taking screenshot successfully

2024-10-03 18:00:28 - [MESSAGE][INFO] - 0 hidden object(s)

2024-10-03 18:00:28 - [MESSAGE][PASSED] - Taking screenshot successfully
[[ATTACHMENT|C:\\CIEL INGENIERIA\\Katalon\\Digiturno55\\Reports\\20241003_171202\\DIGITURNO\\BASICO\\67 Administracion de Redes\\20241003_171319\\1727996427814.png]]

2024-10-03 18:00:28 - [TEST_STEP][PASSED] - delay(3): Delayed 3 second(s)

2024-10-03 18:00:31 - [MESSAGE][PASSED] - Delayed 3 second(s)

2024-10-03 18:00:31 - [MESSAGE][PASSED] - Call Test Case 'Test Cases/DIGITURNO/BASICO/3 Configuracion' successfully

2024-10-03 18:00:31 - [TEST_STEP][PASSED] - click(findTestObject("DIGITURNO/CONFIGURACION/0Principal/img_6Elementos del sistema")): Object: 'Object Repository/DIGITURNO/CONFIGURACION/0Principal/img_6Elementos del sistema' is clicked on

2024-10-03 18:00:31 - [MESSAGE][PASSED] - Object: 'Object Repository/DIGITURNO/CONFIGURACION/0Principal/img_6Elementos del sistema' is clicked on

2024-10-03 18:00:31 - [TEST_STEP][PASSED] - delay(3): Delayed 3 second(s)

2024-10-03 18:00:34 - [MESSAGE][PASSED] - Delayed 3 second(s)

2024-10-03 18:00:34 - [TEST_STEP][PASSED] - takeFullPageScreenshot(): Taking screenshot successfully

2024-10-03 18:00:35 - [MESSAGE][INFO] - 0 hidden object(s)

2024-10-03 18:00:35 - [MESSAGE][PASSED] - Taking screenshot successfully
[[ATTACHMENT|C:\\CIEL INGENIERIA\\Katalon\\Digiturno55\\Reports\\20241003_171202\\DIGITURNO\\BASICO\\67 Administracion de Redes\\20241003_171319\\1727996435002.png]]

2024-10-03 18:00:35 - [TEST_STEP][PASSED] - delay(3): Delayed 3 second(s)

2024-10-03 18:00:38 - [MESSAGE][PASSED] - Delayed 3 second(s)

2024-10-03 18:00:38 - [MESSAGE][PASSED] - Call Test Case 'Test Cases/DIGITURNO/BASICO/32 Elementos del Sistema' successfully

2024-10-03 18:00:38 - [TEST_STEP][PASSED] - click(findTestObject("DIGITURNO/CONFIGURACION/6Elementos del Sistema/0Principal/img_7Redes")): Object: 'Object Repository/DIGITURNO/CONFIGURACION/6Elementos del Sistema/0Principal/img_7Redes' is clicked on

2024-10-03 18:00:39 - [MESSAGE][PASSED] - Object: 'Object Repository/DIGITURNO/CONFIGURACION/6Elementos del Sistema/0Principal/img_7Redes' is clicked on

2024-10-03 18:00:39 - [TEST_STEP][PASSED] - delay(3): Delayed 3 second(s)

2024-10-03 18:00:42 - [MESSAGE][PASSED] - Delayed 3 second(s)

2024-10-03 18:00:42 - [TEST_STEP][PASSED] - setText(findTestObject("DIGITURNO/CONFIGURACION/6Elementos del Sistema/7 Redes/Administracion/span_Administrador de recursos locales(1)/Edicion Administrador Recursos Locales/input_Nombre"), "Prueba"): Text 'Prueba' is set on object 'Object Repository/DIGITURNO/CONFIGURACION/6Elementos del Sistema/7 Redes/Administracion/span_Administrador de recursos locales(1)/Edicion Administrador Recursos Locales/input_Nombre'

2024-10-03 18:00:42 - [MESSAGE][PASSED] - Text 'Prueba' is set on object 'Object Repository/DIGITURNO/CONFIGURACION/6Elementos del Sistema/7 Redes/Administracion/span_Administrador de recursos locales(1)/Edicion Administrador Recursos Locales/input_Nombre'

2024-10-03 18:00:42 - [TEST_STEP][PASSED] - setText(findTestObject("DIGITURNO/CONFIGURACION/6Elementos del Sistema/7 Redes/Administracion/span_Administrador de recursos locales(1)/Edicion Administrador Recursos Locales/textarea_Descripcion"), "Prueba"): Text 'Prueba' is set on object 'Object Repository/DIGITURNO/CONFIGURACION/6Elementos del Sistema/7 Redes/Administracion/span_Administrador de recursos locales(1)/Edicion Administrador Recursos Locales/textarea_Descripcion'

2024-10-03 18:00:43 - [MESSAGE][PASSED] - Text 'Prueba' is set on object 'Object Repository/DIGITURNO/CONFIGURACION/6Elementos del Sistema/7 Redes/Administracion/span_Administrador de recursos locales(1)/Edicion Administrador Recursos Locales/textarea_Descripcion'

2024-10-03 18:00:43 - [TEST_STEP][PASSED] - click(findTestObject("DIGITURNO/CONFIGURACION/6Elementos del Sistema/7 Redes/Administracion/span_Administrador de recursos locales(1)/Edicion Administrador Recursos Locales/img_Nuevo")): Object: 'Object Repository/DIGITURNO/CONFIGURACION/6Elementos del Sistema/7 Redes/Administracion/span_Administrador de recursos locales(1)/Edicion Administrador Recursos Locales/img_Nuevo' is clicked on

2024-10-03 18:00:44 - [MESSAGE][PASSED] - Object: 'Object Repository/DIGITURNO/CONFIGURACION/6Elementos del Sistema/7 Redes/Administracion/span_Administrador de recursos locales(1)/Edicion Administrador Recursos Locales/img_Nuevo' is clicked on

2024-10-03 18:00:44 - [TEST_STEP][PASSED] - delay(3): Delayed 3 second(s)

2024-10-03 18:00:47 - [MESSAGE][PASSED] - Delayed 3 second(s)

2024-10-03 18:00:47 - [TEST_STEP][PASSED] - click(findTestObject("DIGITURNO/CONFIGURACION/6Elementos del Sistema/7 Redes/Administracion/span_Redes")): Object: 'Object Repository/DIGITURNO/CONFIGURACION/6Elementos del Sistema/7 Redes/Administracion/span_Redes' is clicked on

2024-10-03 18:00:47 - [MESSAGE][PASSED] - Object: 'Object Repository/DIGITURNO/CONFIGURACION/6Elementos del Sistema/7 Redes/Administracion/span_Redes' is clicked on

2024-10-03 18:00:47 - [TEST_STEP][PASSED] - delay(2): Delayed 2 second(s)

2024-10-03 18:00:49 - [MESSAGE][PASSED] - Delayed 2 second(s)

2024-10-03 18:00:49 - [TEST_STEP][PASSED] - setText(findTestObject("DIGITURNO/CONFIGURACION/6Elementos del Sistema/7 Redes/Administracion/span_Redes(1)/Edicion Redes/input_Nombre Red"), "Prueba"): Text 'Prueba' is set on object 'Object Repository/DIGITURNO/CONFIGURACION/6Elementos del Sistema/7 Redes/Administracion/span_Redes(1)/Edicion Redes/input_Nombre Red'

2024-10-03 18:00:50 - [MESSAGE][PASSED] - Text 'Prueba' is set on object 'Object Repository/DIGITURNO/CONFIGURACION/6Elementos del Sistema/7 Redes/Administracion/span_Redes(1)/Edicion Redes/input_Nombre Red'

2024-10-03 18:00:50 - [TEST_STEP][PASSED] - selectOptionByValue(findTestObject("DIGITURNO/CONFIGURACION/6Elementos del Sistema/7 Redes/Administracion/span_Redes(1)/Edicion Redes/select_Administrador Recursos Locales"), "Prueba", false): All options with value 'Prueba' are selected in object 'Object Repository/DIGITURNO/CONFIGURACION/6Elementos del Sistema/7 Redes/Administracion/span_Redes(1)/Edicion Redes/select_Administrador Recursos Locales' 

2024-10-03 18:00:51 - [MESSAGE][PASSED] - All options with value 'Prueba' are selected in object 'Object Repository/DIGITURNO/CONFIGURACION/6Elementos del Sistema/7 Redes/Administracion/span_Redes(1)/Edicion Redes/select_Administrador Recursos Locales' 

2024-10-03 18:00:51 - [TEST_STEP][PASSED] - delay(3): Delayed 3 second(s)

2024-10-03 18:00:54 - [MESSAGE][PASSED] - Delayed 3 second(s)

2024-10-03 18:00:54 - [TEST_STEP][PASSED] - click(findTestObject("DIGITURNO/CONFIGURACION/6Elementos del Sistema/7 Redes/Administracion/span_Redes(1)/Edicion Redes/label_Serial")): Object: 'Object Repository/DIGITURNO/CONFIGURACION/6Elementos del Sistema/7 Redes/Administracion/span_Redes(1)/Edicion Redes/label_Serial' is clicked on

2024-10-03 18:00:54 - [MESSAGE][PASSED] - Object: 'Object Repository/DIGITURNO/CONFIGURACION/6Elementos del Sistema/7 Redes/Administracion/span_Redes(1)/Edicion Redes/label_Serial' is clicked on

2024-10-03 18:00:54 - [TEST_STEP][PASSED] - delay(2): Delayed 2 second(s)

2024-10-03 18:00:56 - [MESSAGE][PASSED] - Delayed 2 second(s)

2024-10-03 18:00:56 - [TEST_STEP][PASSED] - setText(findTestObject("DIGITURNO/CONFIGURACION/6Elementos del Sistema/7 Redes/Administracion/span_Redes(1)/Edicion Redes/Serial/input_Puerto"), "1111111"): Text '1111111' is set on object 'Object Repository/DIGITURNO/CONFIGURACION/6Elementos del Sistema/7 Redes/Administracion/span_Redes(1)/Edicion Redes/Serial/input_Puerto'

2024-10-03 18:00:57 - [MESSAGE][PASSED] - Text '1111111' is set on object 'Object Repository/DIGITURNO/CONFIGURACION/6Elementos del Sistema/7 Redes/Administracion/span_Redes(1)/Edicion Redes/Serial/input_Puerto'

2024-10-03 18:00:57 - [TEST_STEP][PASSED] - click(findTestObject("DIGITURNO/CONFIGURACION/6Elementos del Sistema/7 Redes/Administracion/span_Redes(1)/Edicion Redes/img_Nuevo")): Object: 'Object Repository/DIGITURNO/CONFIGURACION/6Elementos del Sistema/7 Redes/Administracion/span_Redes(1)/Edicion Redes/img_Nuevo' is clicked on

2024-10-03 18:00:57 - [MESSAGE][PASSED] - Object: 'Object Repository/DIGITURNO/CONFIGURACION/6Elementos del Sistema/7 Redes/Administracion/span_Redes(1)/Edicion Redes/img_Nuevo' is clicked on

2024-10-03 18:00:57 - [TEST_STEP][PASSED] - delay(3): Delayed 3 second(s)

2024-10-03 18:01:00 - [MESSAGE][PASSED] - Delayed 3 second(s)

2024-10-03 18:01:00 - [TEST_STEP][PASSED] - takeFullPageScreenshot(): Taking screenshot successfully

2024-10-03 18:01:01 - [MESSAGE][INFO] - 0 hidden object(s)

2024-10-03 18:01:01 - [MESSAGE][PASSED] - Taking screenshot successfully
[[ATTACHMENT|C:\\CIEL INGENIERIA\\Katalon\\Digiturno55\\Reports\\20241003_171202\\DIGITURNO\\BASICO\\67 Administracion de Redes\\20241003_171319\\1727996460840.png]]

2024-10-03 18:01:01 - [TEST_STEP][PASSED] - delay(3): Delayed 3 second(s)

2024-10-03 18:01:04 - [MESSAGE][PASSED] - Delayed 3 second(s)

2024-10-03 18:01:04 - [TEST_STEP][PASSED] - Start listener action : sampleAfterTestCase: null]]></system-out>
         <system-err><![CDATA[]]></system-err>
      </testcase>
      <system-out><![CDATA[2024-10-03 18:00:10 - [TEST_SUITE][PASSED] - 67 Administracion de Redes: Test Cases/DIGITURNO/BASICO/67 Administracion de Redes]]></system-out>
      <system-err><![CDATA[]]></system-err>
   </testsuite>
</testsuites>
