<?xml version="1.0" encoding="UTF-8"?>
<testsuites name="5.7 Crear Motivos" time="137.452" tests="1" failures="0" errors="0">
   <testsuite name="5.7 Crear Motivos" tests="1" failures="0" errors="0" time="137.452" skipped="0" timestamp="2024-04-02 15:43:38" hostname="jdavila - PCPruebas101.ciel.cielingenieria.com" id="Test Suites/WIZARD/3Infraestructura/7Motivos/5.7 Crear Motivos">
      <properties>
         <property name="deviceName" value=""/>
         <property name="devicePlatform" value=""/>
         <property name="logFolder" value="C:\\CIEL INGENIERIA\\Katalon\\Digiturno55\\Reports\\20240402_143907\\WIZARD\\3Infraestructura\\7Motivos\\5.7 Crear Motivos\\20240402_144042"/>
         <property name="logFiles" value="C:\\CIEL INGENIERIA\\Katalon\\Digiturno55\\Reports\\20240402_143907\\WIZARD\\3Infraestructura\\7Motivos\\5.7 Crear Motivos\\20240402_144042\\execution0.log"/>
         <property name="attachments" value="C:\\CIEL INGENIERIA\\Katalon\\Digiturno55\\Reports\\20240402_143907\\WIZARD\\3Infraestructura\\7Motivos\\5.7 Crear Motivos\\20240402_144042\\1712090752325.png"/>
         <property name="hostName" value="jdavila - PCPruebas101.ciel.cielingenieria.com"/>
         <property name="os" value="Windows 10 64bit"/>
         <property name="katalonVersion" value="8.6.9.208"/>
         <property name="browser" value="Chrome 123.0.0.0"/>
         <property name="hostAddress" value="192.168.91.18"/>
         <property name="sessionId" value="55425a18f8857a7257a6e978ce2a095a"/>
         <property name="seleniumVersion" value="3.141.59"/>
         <property name="proxyInformation" value="ProxyInformation { proxyOption=NO_PROXY, proxyServerType=HTTP, username=, password=********, proxyServerAddress=, proxyServerPort=0, executionList=&quot;&quot;, isApplyToDesiredCapabilities=true }"/>
         <property name="platform" value="Windows 10"/>
      </properties>
      <testcase name="Test Cases/WIZARD/3Infraestructura/7Motivos/5.7 Crear Motivos" time="137.207" classname="Test Cases/WIZARD/3Infraestructura/7Motivos/5.7 Crear Motivos" status="PASSED">
         <system-out><![CDATA[2024-04-02 15:43:39 - [TEST_CASE][PASSED] - Test Cases/WIZARD/3Infraestructura/7Motivos/5.7 Crear Motivos: Test Cases/WIZARD/3Infraestructura/7Motivos/5.7 Crear Motivos

2024-04-02 15:43:39 - [TEST_STEP][PASSED] - callTestCase(findTestCase("0InicioSesion"), [:], STOP_ON_FAILURE): Call Test Case 'Test Cases/0InicioSesion' successfully

2024-04-02 15:43:39 - [TEST_CASE][PASSED] - Test Cases/0InicioSesion: Test Cases/0InicioSesion

2024-04-02 15:43:39 - [TEST_STEP][PASSED] - openBrowser(UrlDigiturno): Browser is opened with url: 'https://PCPruebas101.ciel.cielingenieria.com:8910'

2024-04-02 15:43:40 - [MESSAGE][INFO] - Starting 'Chrome' driver

2024-04-02 15:43:40 - [MESSAGE][INFO] - User set preference: ['args', '[--use-fake-ui-for-media-stream, --disable-notifications]']

2024-04-02 15:43:40 - [MESSAGE][INFO] - Action delay is set to 0 milliseconds

2024-04-02 15:43:43 - [MESSAGE][PASSED] - Browser is opened with url: 'https://PCPruebas101.ciel.cielingenieria.com:8910'

2024-04-02 15:43:43 - [TEST_STEP][PASSED] - maximizeWindow(): Current window maximized

2024-04-02 15:43:43 - [MESSAGE][PASSED] - Current window maximized

2024-04-02 15:43:43 - [TEST_STEP][PASSED] - delay(3): Delayed 3 second(s)

2024-04-02 15:43:46 - [MESSAGE][PASSED] - Delayed 3 second(s)

2024-04-02 15:43:46 - [TEST_STEP][PASSED] - setText(findTestObject("0Inicio Sesion/input_Usuario"), "Ciel"): Text 'Ciel' is set on object 'Object Repository/0Inicio Sesion/input_Usuario'

2024-04-02 15:43:47 - [MESSAGE][PASSED] - Text 'Ciel' is set on object 'Object Repository/0Inicio Sesion/input_Usuario'

2024-04-02 15:43:47 - [TEST_STEP][PASSED] - setText(findTestObject("0Inicio Sesion/input_Clave"), "digiturno"): Text 'digiturno' is set on object 'Object Repository/0Inicio Sesion/input_Clave'

2024-04-02 15:43:48 - [MESSAGE][PASSED] - Text 'digiturno' is set on object 'Object Repository/0Inicio Sesion/input_Clave'

2024-04-02 15:43:48 - [TEST_STEP][PASSED] - click(findTestObject("0Inicio Sesion/btn_IniciarSesion")): Object: 'Object Repository/0Inicio Sesion/btn_IniciarSesion' is clicked on

2024-04-02 15:43:48 - [MESSAGE][PASSED] - Object: 'Object Repository/0Inicio Sesion/btn_IniciarSesion' is clicked on

2024-04-02 15:43:48 - [TEST_STEP][PASSED] - delay(3): Delayed 3 second(s)

2024-04-02 15:43:51 - [MESSAGE][PASSED] - Delayed 3 second(s)

2024-04-02 15:43:51 - [MESSAGE][PASSED] - Call Test Case 'Test Cases/0InicioSesion' successfully

2024-04-02 15:43:51 - [TEST_STEP][PASSED] - click(findTestObject("WIZARD/0Principal/img_InfraestructuraMAX")): Object: 'Object Repository/WIZARD/0Principal/img_InfraestructuraMAX' is clicked on

2024-04-02 15:43:52 - [MESSAGE][PASSED] - Object: 'Object Repository/WIZARD/0Principal/img_InfraestructuraMAX' is clicked on

2024-04-02 15:43:52 - [TEST_STEP][PASSED] - delay(3): Delayed 3 second(s)

2024-04-02 15:43:55 - [MESSAGE][PASSED] - Delayed 3 second(s)

2024-04-02 15:43:55 - [TEST_STEP][PASSED] - click(findTestObject("WIZARD/3Infraestructura/0Menu/span_Motivos")): Object: 'Object Repository/WIZARD/3Infraestructura/0Menu/span_Motivos' is clicked on

2024-04-02 15:43:56 - [MESSAGE][PASSED] - Object: 'Object Repository/WIZARD/3Infraestructura/0Menu/span_Motivos' is clicked on

2024-04-02 15:43:56 - [TEST_STEP][PASSED] - delay(3): Delayed 3 second(s)

2024-04-02 15:43:59 - [MESSAGE][PASSED] - Delayed 3 second(s)

2024-04-02 15:43:59 - [TEST_STEP][PASSED] - click(findTestObject("WIZARD/3Infraestructura/7Motivos/Motivos/span_Motivos")): Object: 'Object Repository/WIZARD/3Infraestructura/7Motivos/Motivos/span_Motivos' is clicked on

2024-04-02 15:43:59 - [MESSAGE][PASSED] - Object: 'Object Repository/WIZARD/3Infraestructura/7Motivos/Motivos/span_Motivos' is clicked on

2024-04-02 15:43:59 - [TEST_STEP][PASSED] - delay(3): Delayed 3 second(s)

2024-04-02 15:44:02 - [MESSAGE][PASSED] - Delayed 3 second(s)

2024-04-02 15:44:02 - [TEST_STEP][PASSED] - setText(findTestObject("WIZARD/3Infraestructura/7Motivos/Motivos/span_Motivos(1)/input_Nombre"), "Hora de almuerzo"): Text 'Hora de almuerzo' is set on object 'Object Repository/WIZARD/3Infraestructura/7Motivos/Motivos/span_Motivos(1)/input_Nombre'

2024-04-02 15:44:03 - [MESSAGE][PASSED] - Text 'Hora de almuerzo' is set on object 'Object Repository/WIZARD/3Infraestructura/7Motivos/Motivos/span_Motivos(1)/input_Nombre'

2024-04-02 15:44:03 - [TEST_STEP][PASSED] - setText(findTestObject("WIZARD/3Infraestructura/7Motivos/Motivos/span_Motivos(1)/textarea_Descripcion"), "Hora de almuerzo"): Text 'Hora de almuerzo' is set on object 'Object Repository/WIZARD/3Infraestructura/7Motivos/Motivos/span_Motivos(1)/textarea_Descripcion'

2024-04-02 15:44:04 - [MESSAGE][PASSED] - Text 'Hora de almuerzo' is set on object 'Object Repository/WIZARD/3Infraestructura/7Motivos/Motivos/span_Motivos(1)/textarea_Descripcion'

2024-04-02 15:44:04 - [TEST_STEP][PASSED] - selectOptionByLabel(findTestObject("WIZARD/3Infraestructura/7Motivos/Motivos/span_Motivos(1)/select_Tipo motivo"), "Cierre", false): All options with label 'Cierre' are selected in object 'Object Repository/WIZARD/3Infraestructura/7Motivos/Motivos/span_Motivos(1)/select_Tipo motivo' 

2024-04-02 15:44:05 - [MESSAGE][PASSED] - All options with label 'Cierre' are selected in object 'Object Repository/WIZARD/3Infraestructura/7Motivos/Motivos/span_Motivos(1)/select_Tipo motivo' 

2024-04-02 15:44:05 - [TEST_STEP][PASSED] - selectOptionByLabel(findTestObject("WIZARD/3Infraestructura/7Motivos/Motivos/span_Motivos(1)/select_Tipo Ocio"), "Receso Laboral", false): All options with label 'Receso Laboral' are selected in object 'Object Repository/WIZARD/3Infraestructura/7Motivos/Motivos/span_Motivos(1)/select_Tipo Ocio' 

2024-04-02 15:44:06 - [MESSAGE][PASSED] - All options with label 'Receso Laboral' are selected in object 'Object Repository/WIZARD/3Infraestructura/7Motivos/Motivos/span_Motivos(1)/select_Tipo Ocio' 

2024-04-02 15:44:06 - [TEST_STEP][PASSED] - click(findTestObject("WIZARD/3Infraestructura/7Motivos/Motivos/span_Motivos(1)/img_Nuevo")): Object: 'Object Repository/WIZARD/3Infraestructura/7Motivos/Motivos/span_Motivos(1)/img_Nuevo' is clicked on

2024-04-02 15:44:06 - [MESSAGE][PASSED] - Object: 'Object Repository/WIZARD/3Infraestructura/7Motivos/Motivos/span_Motivos(1)/img_Nuevo' is clicked on

2024-04-02 15:44:06 - [TEST_STEP][PASSED] - delay(3): Delayed 3 second(s)

2024-04-02 15:44:09 - [MESSAGE][PASSED] - Delayed 3 second(s)

2024-04-02 15:44:09 - [TEST_STEP][PASSED] - setText(findTestObject("WIZARD/3Infraestructura/7Motivos/Motivos/span_Motivos(1)/input_Nombre"), "Pausa Activa AM"): Text 'Pausa Activa AM' is set on object 'Object Repository/WIZARD/3Infraestructura/7Motivos/Motivos/span_Motivos(1)/input_Nombre'

2024-04-02 15:44:10 - [MESSAGE][PASSED] - Text 'Pausa Activa AM' is set on object 'Object Repository/WIZARD/3Infraestructura/7Motivos/Motivos/span_Motivos(1)/input_Nombre'

2024-04-02 15:44:10 - [TEST_STEP][PASSED] - setText(findTestObject("WIZARD/3Infraestructura/7Motivos/Motivos/span_Motivos(1)/textarea_Descripcion"), "Pausa Activa AM"): Text 'Pausa Activa AM' is set on object 'Object Repository/WIZARD/3Infraestructura/7Motivos/Motivos/span_Motivos(1)/textarea_Descripcion'

2024-04-02 15:44:11 - [MESSAGE][PASSED] - Text 'Pausa Activa AM' is set on object 'Object Repository/WIZARD/3Infraestructura/7Motivos/Motivos/span_Motivos(1)/textarea_Descripcion'

2024-04-02 15:44:11 - [TEST_STEP][PASSED] - selectOptionByLabel(findTestObject("WIZARD/3Infraestructura/7Motivos/Motivos/span_Motivos(1)/select_Tipo motivo"), "Cierre", false): All options with label 'Cierre' are selected in object 'Object Repository/WIZARD/3Infraestructura/7Motivos/Motivos/span_Motivos(1)/select_Tipo motivo' 

2024-04-02 15:44:11 - [MESSAGE][PASSED] - All options with label 'Cierre' are selected in object 'Object Repository/WIZARD/3Infraestructura/7Motivos/Motivos/span_Motivos(1)/select_Tipo motivo' 

2024-04-02 15:44:11 - [TEST_STEP][PASSED] - selectOptionByLabel(findTestObject("WIZARD/3Infraestructura/7Motivos/Motivos/span_Motivos(1)/select_Tipo Ocio"), "Receso Laboral", false): All options with label 'Receso Laboral' are selected in object 'Object Repository/WIZARD/3Infraestructura/7Motivos/Motivos/span_Motivos(1)/select_Tipo Ocio' 

2024-04-02 15:44:12 - [MESSAGE][PASSED] - All options with label 'Receso Laboral' are selected in object 'Object Repository/WIZARD/3Infraestructura/7Motivos/Motivos/span_Motivos(1)/select_Tipo Ocio' 

2024-04-02 15:44:12 - [TEST_STEP][PASSED] - click(findTestObject("WIZARD/3Infraestructura/7Motivos/Motivos/span_Motivos(1)/img_Nuevo")): Object: 'Object Repository/WIZARD/3Infraestructura/7Motivos/Motivos/span_Motivos(1)/img_Nuevo' is clicked on

2024-04-02 15:44:13 - [MESSAGE][PASSED] - Object: 'Object Repository/WIZARD/3Infraestructura/7Motivos/Motivos/span_Motivos(1)/img_Nuevo' is clicked on

2024-04-02 15:44:13 - [TEST_STEP][PASSED] - delay(3): Delayed 3 second(s)

2024-04-02 15:44:16 - [MESSAGE][PASSED] - Delayed 3 second(s)

2024-04-02 15:44:16 - [TEST_STEP][PASSED] - setText(findTestObject("WIZARD/3Infraestructura/7Motivos/Motivos/span_Motivos(1)/input_Nombre"), "Pausa Activa PM"): Text 'Pausa Activa PM' is set on object 'Object Repository/WIZARD/3Infraestructura/7Motivos/Motivos/span_Motivos(1)/input_Nombre'

2024-04-02 15:44:17 - [MESSAGE][PASSED] - Text 'Pausa Activa PM' is set on object 'Object Repository/WIZARD/3Infraestructura/7Motivos/Motivos/span_Motivos(1)/input_Nombre'

2024-04-02 15:44:17 - [TEST_STEP][PASSED] - setText(findTestObject("WIZARD/3Infraestructura/7Motivos/Motivos/span_Motivos(1)/textarea_Descripcion"), "Pausa Activa PM"): Text 'Pausa Activa PM' is set on object 'Object Repository/WIZARD/3Infraestructura/7Motivos/Motivos/span_Motivos(1)/textarea_Descripcion'

2024-04-02 15:44:17 - [MESSAGE][PASSED] - Text 'Pausa Activa PM' is set on object 'Object Repository/WIZARD/3Infraestructura/7Motivos/Motivos/span_Motivos(1)/textarea_Descripcion'

2024-04-02 15:44:17 - [TEST_STEP][PASSED] - selectOptionByLabel(findTestObject("WIZARD/3Infraestructura/7Motivos/Motivos/span_Motivos(1)/select_Tipo motivo"), "Cierre", false): All options with label 'Cierre' are selected in object 'Object Repository/WIZARD/3Infraestructura/7Motivos/Motivos/span_Motivos(1)/select_Tipo motivo' 

2024-04-02 15:44:18 - [MESSAGE][PASSED] - All options with label 'Cierre' are selected in object 'Object Repository/WIZARD/3Infraestructura/7Motivos/Motivos/span_Motivos(1)/select_Tipo motivo' 

2024-04-02 15:44:18 - [TEST_STEP][PASSED] - selectOptionByLabel(findTestObject("WIZARD/3Infraestructura/7Motivos/Motivos/span_Motivos(1)/select_Tipo Ocio"), "Receso Laboral", false): All options with label 'Receso Laboral' are selected in object 'Object Repository/WIZARD/3Infraestructura/7Motivos/Motivos/span_Motivos(1)/select_Tipo Ocio' 

2024-04-02 15:44:19 - [MESSAGE][PASSED] - All options with label 'Receso Laboral' are selected in object 'Object Repository/WIZARD/3Infraestructura/7Motivos/Motivos/span_Motivos(1)/select_Tipo Ocio' 

2024-04-02 15:44:19 - [TEST_STEP][PASSED] - click(findTestObject("WIZARD/3Infraestructura/7Motivos/Motivos/span_Motivos(1)/img_Nuevo")): Object: 'Object Repository/WIZARD/3Infraestructura/7Motivos/Motivos/span_Motivos(1)/img_Nuevo' is clicked on

2024-04-02 15:44:20 - [MESSAGE][PASSED] - Object: 'Object Repository/WIZARD/3Infraestructura/7Motivos/Motivos/span_Motivos(1)/img_Nuevo' is clicked on

2024-04-02 15:44:20 - [TEST_STEP][PASSED] - delay(3): Delayed 3 second(s)

2024-04-02 15:44:23 - [MESSAGE][PASSED] - Delayed 3 second(s)

2024-04-02 15:44:23 - [TEST_STEP][PASSED] - setText(findTestObject("WIZARD/3Infraestructura/7Motivos/Motivos/span_Motivos(1)/input_Nombre"), "Capacitación"): Text 'Capacitación' is set on object 'Object Repository/WIZARD/3Infraestructura/7Motivos/Motivos/span_Motivos(1)/input_Nombre'

2024-04-02 15:44:23 - [MESSAGE][PASSED] - Text 'Capacitación' is set on object 'Object Repository/WIZARD/3Infraestructura/7Motivos/Motivos/span_Motivos(1)/input_Nombre'

2024-04-02 15:44:23 - [TEST_STEP][PASSED] - setText(findTestObject("WIZARD/3Infraestructura/7Motivos/Motivos/span_Motivos(1)/textarea_Descripcion"), "Capacitación"): Text 'Capacitación' is set on object 'Object Repository/WIZARD/3Infraestructura/7Motivos/Motivos/span_Motivos(1)/textarea_Descripcion'

2024-04-02 15:44:24 - [MESSAGE][PASSED] - Text 'Capacitación' is set on object 'Object Repository/WIZARD/3Infraestructura/7Motivos/Motivos/span_Motivos(1)/textarea_Descripcion'

2024-04-02 15:44:24 - [TEST_STEP][PASSED] - selectOptionByLabel(findTestObject("WIZARD/3Infraestructura/7Motivos/Motivos/span_Motivos(1)/select_Tipo motivo"), "Cierre", false): All options with label 'Cierre' are selected in object 'Object Repository/WIZARD/3Infraestructura/7Motivos/Motivos/span_Motivos(1)/select_Tipo motivo' 

2024-04-02 15:44:25 - [MESSAGE][PASSED] - All options with label 'Cierre' are selected in object 'Object Repository/WIZARD/3Infraestructura/7Motivos/Motivos/span_Motivos(1)/select_Tipo motivo' 

2024-04-02 15:44:25 - [TEST_STEP][PASSED] - selectOptionByLabel(findTestObject("WIZARD/3Infraestructura/7Motivos/Motivos/span_Motivos(1)/select_Tipo Ocio"), "Labores Administrativas", false): All options with label 'Labores Administrativas' are selected in object 'Object Repository/WIZARD/3Infraestructura/7Motivos/Motivos/span_Motivos(1)/select_Tipo Ocio' 

2024-04-02 15:44:26 - [MESSAGE][PASSED] - All options with label 'Labores Administrativas' are selected in object 'Object Repository/WIZARD/3Infraestructura/7Motivos/Motivos/span_Motivos(1)/select_Tipo Ocio' 

2024-04-02 15:44:26 - [TEST_STEP][PASSED] - click(findTestObject("WIZARD/3Infraestructura/7Motivos/Motivos/span_Motivos(1)/img_Nuevo")): Object: 'Object Repository/WIZARD/3Infraestructura/7Motivos/Motivos/span_Motivos(1)/img_Nuevo' is clicked on

2024-04-02 15:44:26 - [MESSAGE][PASSED] - Object: 'Object Repository/WIZARD/3Infraestructura/7Motivos/Motivos/span_Motivos(1)/img_Nuevo' is clicked on

2024-04-02 15:44:26 - [TEST_STEP][PASSED] - delay(3): Delayed 3 second(s)

2024-04-02 15:44:29 - [MESSAGE][PASSED] - Delayed 3 second(s)

2024-04-02 15:44:29 - [TEST_STEP][PASSED] - setText(findTestObject("WIZARD/3Infraestructura/7Motivos/Motivos/span_Motivos(1)/input_Nombre"), "Permiso Autorizado"): Text 'Permiso Autorizado' is set on object 'Object Repository/WIZARD/3Infraestructura/7Motivos/Motivos/span_Motivos(1)/input_Nombre'

2024-04-02 15:44:30 - [MESSAGE][PASSED] - Text 'Permiso Autorizado' is set on object 'Object Repository/WIZARD/3Infraestructura/7Motivos/Motivos/span_Motivos(1)/input_Nombre'

2024-04-02 15:44:30 - [TEST_STEP][PASSED] - setText(findTestObject("WIZARD/3Infraestructura/7Motivos/Motivos/span_Motivos(1)/textarea_Descripcion"), "Permiso Autorizado"): Text 'Permiso Autorizado' is set on object 'Object Repository/WIZARD/3Infraestructura/7Motivos/Motivos/span_Motivos(1)/textarea_Descripcion'

2024-04-02 15:44:31 - [MESSAGE][PASSED] - Text 'Permiso Autorizado' is set on object 'Object Repository/WIZARD/3Infraestructura/7Motivos/Motivos/span_Motivos(1)/textarea_Descripcion'

2024-04-02 15:44:31 - [TEST_STEP][PASSED] - selectOptionByLabel(findTestObject("WIZARD/3Infraestructura/7Motivos/Motivos/span_Motivos(1)/select_Tipo motivo"), "Cierre", false): All options with label 'Cierre' are selected in object 'Object Repository/WIZARD/3Infraestructura/7Motivos/Motivos/span_Motivos(1)/select_Tipo motivo' 

2024-04-02 15:44:32 - [MESSAGE][PASSED] - All options with label 'Cierre' are selected in object 'Object Repository/WIZARD/3Infraestructura/7Motivos/Motivos/span_Motivos(1)/select_Tipo motivo' 

2024-04-02 15:44:32 - [TEST_STEP][PASSED] - selectOptionByLabel(findTestObject("WIZARD/3Infraestructura/7Motivos/Motivos/span_Motivos(1)/select_Tipo Ocio"), "Tiempo Ocio Voluntario", false): All options with label 'Tiempo Ocio Voluntario' are selected in object 'Object Repository/WIZARD/3Infraestructura/7Motivos/Motivos/span_Motivos(1)/select_Tipo Ocio' 

2024-04-02 15:44:33 - [MESSAGE][PASSED] - All options with label 'Tiempo Ocio Voluntario' are selected in object 'Object Repository/WIZARD/3Infraestructura/7Motivos/Motivos/span_Motivos(1)/select_Tipo Ocio' 

2024-04-02 15:44:33 - [TEST_STEP][PASSED] - click(findTestObject("WIZARD/3Infraestructura/7Motivos/Motivos/span_Motivos(1)/img_Nuevo")): Object: 'Object Repository/WIZARD/3Infraestructura/7Motivos/Motivos/span_Motivos(1)/img_Nuevo' is clicked on

2024-04-02 15:44:33 - [MESSAGE][PASSED] - Object: 'Object Repository/WIZARD/3Infraestructura/7Motivos/Motivos/span_Motivos(1)/img_Nuevo' is clicked on

2024-04-02 15:44:33 - [TEST_STEP][PASSED] - delay(3): Delayed 3 second(s)

2024-04-02 15:44:36 - [MESSAGE][PASSED] - Delayed 3 second(s)

2024-04-02 15:44:36 - [TEST_STEP][PASSED] - setText(findTestObject("WIZARD/3Infraestructura/7Motivos/Motivos/span_Motivos(1)/input_Nombre"), "Falla Técnica"): Text 'Falla Técnica' is set on object 'Object Repository/WIZARD/3Infraestructura/7Motivos/Motivos/span_Motivos(1)/input_Nombre'

2024-04-02 15:44:37 - [MESSAGE][PASSED] - Text 'Falla Técnica' is set on object 'Object Repository/WIZARD/3Infraestructura/7Motivos/Motivos/span_Motivos(1)/input_Nombre'

2024-04-02 15:44:37 - [TEST_STEP][PASSED] - setText(findTestObject("WIZARD/3Infraestructura/7Motivos/Motivos/span_Motivos(1)/textarea_Descripcion"), "Falla Técnica"): Text 'Falla Técnica' is set on object 'Object Repository/WIZARD/3Infraestructura/7Motivos/Motivos/span_Motivos(1)/textarea_Descripcion'

2024-04-02 15:44:38 - [MESSAGE][PASSED] - Text 'Falla Técnica' is set on object 'Object Repository/WIZARD/3Infraestructura/7Motivos/Motivos/span_Motivos(1)/textarea_Descripcion'

2024-04-02 15:44:38 - [TEST_STEP][PASSED] - selectOptionByLabel(findTestObject("WIZARD/3Infraestructura/7Motivos/Motivos/span_Motivos(1)/select_Tipo motivo"), "Cierre", false): All options with label 'Cierre' are selected in object 'Object Repository/WIZARD/3Infraestructura/7Motivos/Motivos/span_Motivos(1)/select_Tipo motivo' 

2024-04-02 15:44:39 - [MESSAGE][PASSED] - All options with label 'Cierre' are selected in object 'Object Repository/WIZARD/3Infraestructura/7Motivos/Motivos/span_Motivos(1)/select_Tipo motivo' 

2024-04-02 15:44:39 - [TEST_STEP][PASSED] - selectOptionByLabel(findTestObject("WIZARD/3Infraestructura/7Motivos/Motivos/span_Motivos(1)/select_Tipo Ocio"), "Labores Administrativas", false): All options with label 'Labores Administrativas' are selected in object 'Object Repository/WIZARD/3Infraestructura/7Motivos/Motivos/span_Motivos(1)/select_Tipo Ocio' 

2024-04-02 15:44:40 - [MESSAGE][PASSED] - All options with label 'Labores Administrativas' are selected in object 'Object Repository/WIZARD/3Infraestructura/7Motivos/Motivos/span_Motivos(1)/select_Tipo Ocio' 

2024-04-02 15:44:40 - [TEST_STEP][PASSED] - click(findTestObject("WIZARD/3Infraestructura/7Motivos/Motivos/span_Motivos(1)/img_Nuevo")): Object: 'Object Repository/WIZARD/3Infraestructura/7Motivos/Motivos/span_Motivos(1)/img_Nuevo' is clicked on

2024-04-02 15:44:40 - [MESSAGE][PASSED] - Object: 'Object Repository/WIZARD/3Infraestructura/7Motivos/Motivos/span_Motivos(1)/img_Nuevo' is clicked on

2024-04-02 15:44:40 - [TEST_STEP][PASSED] - delay(3): Delayed 3 second(s)

2024-04-02 15:44:43 - [MESSAGE][PASSED] - Delayed 3 second(s)

2024-04-02 15:44:43 - [TEST_STEP][PASSED] - setText(findTestObject("WIZARD/3Infraestructura/7Motivos/Motivos/span_Motivos(1)/input_Nombre"), "WC - Baño"): Text 'WC - Baño' is set on object 'Object Repository/WIZARD/3Infraestructura/7Motivos/Motivos/span_Motivos(1)/input_Nombre'

2024-04-02 15:44:44 - [MESSAGE][PASSED] - Text 'WC - Baño' is set on object 'Object Repository/WIZARD/3Infraestructura/7Motivos/Motivos/span_Motivos(1)/input_Nombre'

2024-04-02 15:44:44 - [TEST_STEP][PASSED] - setText(findTestObject("WIZARD/3Infraestructura/7Motivos/Motivos/span_Motivos(1)/textarea_Descripcion"), "WC - Baño"): Text 'WC - Baño' is set on object 'Object Repository/WIZARD/3Infraestructura/7Motivos/Motivos/span_Motivos(1)/textarea_Descripcion'

2024-04-02 15:44:45 - [MESSAGE][PASSED] - Text 'WC - Baño' is set on object 'Object Repository/WIZARD/3Infraestructura/7Motivos/Motivos/span_Motivos(1)/textarea_Descripcion'

2024-04-02 15:44:45 - [TEST_STEP][PASSED] - selectOptionByLabel(findTestObject("WIZARD/3Infraestructura/7Motivos/Motivos/span_Motivos(1)/select_Tipo motivo"), "Cierre", false): All options with label 'Cierre' are selected in object 'Object Repository/WIZARD/3Infraestructura/7Motivos/Motivos/span_Motivos(1)/select_Tipo motivo' 

2024-04-02 15:44:45 - [MESSAGE][PASSED] - All options with label 'Cierre' are selected in object 'Object Repository/WIZARD/3Infraestructura/7Motivos/Motivos/span_Motivos(1)/select_Tipo motivo' 

2024-04-02 15:44:45 - [TEST_STEP][PASSED] - selectOptionByLabel(findTestObject("WIZARD/3Infraestructura/7Motivos/Motivos/span_Motivos(1)/select_Tipo Ocio"), "Receso Laboral", false): All options with label 'Receso Laboral' are selected in object 'Object Repository/WIZARD/3Infraestructura/7Motivos/Motivos/span_Motivos(1)/select_Tipo Ocio' 

2024-04-02 15:44:46 - [MESSAGE][PASSED] - All options with label 'Receso Laboral' are selected in object 'Object Repository/WIZARD/3Infraestructura/7Motivos/Motivos/span_Motivos(1)/select_Tipo Ocio' 

2024-04-02 15:44:46 - [TEST_STEP][PASSED] - click(findTestObject("WIZARD/3Infraestructura/7Motivos/Motivos/span_Motivos(1)/img_Nuevo")): Object: 'Object Repository/WIZARD/3Infraestructura/7Motivos/Motivos/span_Motivos(1)/img_Nuevo' is clicked on

2024-04-02 15:44:47 - [MESSAGE][PASSED] - Object: 'Object Repository/WIZARD/3Infraestructura/7Motivos/Motivos/span_Motivos(1)/img_Nuevo' is clicked on

2024-04-02 15:44:47 - [TEST_STEP][PASSED] - delay(3): Delayed 3 second(s)

2024-04-02 15:44:50 - [MESSAGE][PASSED] - Delayed 3 second(s)

2024-04-02 15:44:50 - [TEST_STEP][PASSED] - setText(findTestObject("WIZARD/3Infraestructura/7Motivos/Motivos/span_Motivos(1)/input_Nombre"), "Fin de Jornada"): Text 'Fin de Jornada' is set on object 'Object Repository/WIZARD/3Infraestructura/7Motivos/Motivos/span_Motivos(1)/input_Nombre'

2024-04-02 15:44:51 - [MESSAGE][PASSED] - Text 'Fin de Jornada' is set on object 'Object Repository/WIZARD/3Infraestructura/7Motivos/Motivos/span_Motivos(1)/input_Nombre'

2024-04-02 15:44:51 - [TEST_STEP][PASSED] - setText(findTestObject("WIZARD/3Infraestructura/7Motivos/Motivos/span_Motivos(1)/textarea_Descripcion"), "Fin de Jornada"): Text 'Fin de Jornada' is set on object 'Object Repository/WIZARD/3Infraestructura/7Motivos/Motivos/span_Motivos(1)/textarea_Descripcion'

2024-04-02 15:44:52 - [MESSAGE][PASSED] - Text 'Fin de Jornada' is set on object 'Object Repository/WIZARD/3Infraestructura/7Motivos/Motivos/span_Motivos(1)/textarea_Descripcion'

2024-04-02 15:44:52 - [TEST_STEP][PASSED] - selectOptionByLabel(findTestObject("WIZARD/3Infraestructura/7Motivos/Motivos/span_Motivos(1)/select_Tipo motivo"), "Cierre", false): All options with label 'Cierre' are selected in object 'Object Repository/WIZARD/3Infraestructura/7Motivos/Motivos/span_Motivos(1)/select_Tipo motivo' 

2024-04-02 15:44:52 - [MESSAGE][PASSED] - All options with label 'Cierre' are selected in object 'Object Repository/WIZARD/3Infraestructura/7Motivos/Motivos/span_Motivos(1)/select_Tipo motivo' 

2024-04-02 15:44:52 - [TEST_STEP][PASSED] - selectOptionByLabel(findTestObject("WIZARD/3Infraestructura/7Motivos/Motivos/span_Motivos(1)/select_Tipo Ocio"), "Labores Administrativas", false): All options with label 'Labores Administrativas' are selected in object 'Object Repository/WIZARD/3Infraestructura/7Motivos/Motivos/span_Motivos(1)/select_Tipo Ocio' 

2024-04-02 15:44:53 - [MESSAGE][PASSED] - All options with label 'Labores Administrativas' are selected in object 'Object Repository/WIZARD/3Infraestructura/7Motivos/Motivos/span_Motivos(1)/select_Tipo Ocio' 

2024-04-02 15:44:53 - [TEST_STEP][PASSED] - click(findTestObject("WIZARD/3Infraestructura/7Motivos/Motivos/span_Motivos(1)/img_Nuevo")): Object: 'Object Repository/WIZARD/3Infraestructura/7Motivos/Motivos/span_Motivos(1)/img_Nuevo' is clicked on

2024-04-02 15:44:54 - [MESSAGE][PASSED] - Object: 'Object Repository/WIZARD/3Infraestructura/7Motivos/Motivos/span_Motivos(1)/img_Nuevo' is clicked on

2024-04-02 15:44:54 - [TEST_STEP][PASSED] - delay(3): Delayed 3 second(s)

2024-04-02 15:44:57 - [MESSAGE][PASSED] - Delayed 3 second(s)

2024-04-02 15:44:57 - [TEST_STEP][PASSED] - setText(findTestObject("WIZARD/3Infraestructura/7Motivos/Motivos/span_Motivos(1)/input_Nombre"), "Actividad Interna"): Text 'Actividad Interna' is set on object 'Object Repository/WIZARD/3Infraestructura/7Motivos/Motivos/span_Motivos(1)/input_Nombre'

2024-04-02 15:44:58 - [MESSAGE][PASSED] - Text 'Actividad Interna' is set on object 'Object Repository/WIZARD/3Infraestructura/7Motivos/Motivos/span_Motivos(1)/input_Nombre'

2024-04-02 15:44:58 - [TEST_STEP][PASSED] - setText(findTestObject("WIZARD/3Infraestructura/7Motivos/Motivos/span_Motivos(1)/textarea_Descripcion"), "Actividad Interna"): Text 'Actividad Interna' is set on object 'Object Repository/WIZARD/3Infraestructura/7Motivos/Motivos/span_Motivos(1)/textarea_Descripcion'

2024-04-02 15:44:58 - [MESSAGE][PASSED] - Text 'Actividad Interna' is set on object 'Object Repository/WIZARD/3Infraestructura/7Motivos/Motivos/span_Motivos(1)/textarea_Descripcion'

2024-04-02 15:44:58 - [TEST_STEP][PASSED] - selectOptionByLabel(findTestObject("WIZARD/3Infraestructura/7Motivos/Motivos/span_Motivos(1)/select_Tipo motivo"), "Cierre", false): All options with label 'Cierre' are selected in object 'Object Repository/WIZARD/3Infraestructura/7Motivos/Motivos/span_Motivos(1)/select_Tipo motivo' 

2024-04-02 15:44:59 - [MESSAGE][PASSED] - All options with label 'Cierre' are selected in object 'Object Repository/WIZARD/3Infraestructura/7Motivos/Motivos/span_Motivos(1)/select_Tipo motivo' 

2024-04-02 15:44:59 - [TEST_STEP][PASSED] - selectOptionByLabel(findTestObject("WIZARD/3Infraestructura/7Motivos/Motivos/span_Motivos(1)/select_Tipo Ocio"), "Labores Administrativas", false): All options with label 'Labores Administrativas' are selected in object 'Object Repository/WIZARD/3Infraestructura/7Motivos/Motivos/span_Motivos(1)/select_Tipo Ocio' 

2024-04-02 15:45:00 - [MESSAGE][PASSED] - All options with label 'Labores Administrativas' are selected in object 'Object Repository/WIZARD/3Infraestructura/7Motivos/Motivos/span_Motivos(1)/select_Tipo Ocio' 

2024-04-02 15:45:00 - [TEST_STEP][PASSED] - click(findTestObject("WIZARD/3Infraestructura/7Motivos/Motivos/span_Motivos(1)/img_Nuevo")): Object: 'Object Repository/WIZARD/3Infraestructura/7Motivos/Motivos/span_Motivos(1)/img_Nuevo' is clicked on

2024-04-02 15:45:01 - [MESSAGE][PASSED] - Object: 'Object Repository/WIZARD/3Infraestructura/7Motivos/Motivos/span_Motivos(1)/img_Nuevo' is clicked on

2024-04-02 15:45:01 - [TEST_STEP][PASSED] - delay(3): Delayed 3 second(s)

2024-04-02 15:45:04 - [MESSAGE][PASSED] - Delayed 3 second(s)

2024-04-02 15:45:04 - [TEST_STEP][PASSED] - setText(findTestObject("WIZARD/3Infraestructura/7Motivos/Motivos/span_Motivos(1)/input_Nombre"), "Falta Fotocopia"): Text 'Falta Fotocopia' is set on object 'Object Repository/WIZARD/3Infraestructura/7Motivos/Motivos/span_Motivos(1)/input_Nombre'

2024-04-02 15:45:04 - [MESSAGE][PASSED] - Text 'Falta Fotocopia' is set on object 'Object Repository/WIZARD/3Infraestructura/7Motivos/Motivos/span_Motivos(1)/input_Nombre'

2024-04-02 15:45:04 - [TEST_STEP][PASSED] - setText(findTestObject("WIZARD/3Infraestructura/7Motivos/Motivos/span_Motivos(1)/textarea_Descripcion"), "Falta Fotocopia"): Text 'Falta Fotocopia' is set on object 'Object Repository/WIZARD/3Infraestructura/7Motivos/Motivos/span_Motivos(1)/textarea_Descripcion'

2024-04-02 15:45:05 - [MESSAGE][PASSED] - Text 'Falta Fotocopia' is set on object 'Object Repository/WIZARD/3Infraestructura/7Motivos/Motivos/span_Motivos(1)/textarea_Descripcion'

2024-04-02 15:45:05 - [TEST_STEP][PASSED] - selectOptionByLabel(findTestObject("WIZARD/3Infraestructura/7Motivos/Motivos/span_Motivos(1)/select_Tipo motivo"), "Suspensión", false): All options with label 'Suspensión' are selected in object 'Object Repository/WIZARD/3Infraestructura/7Motivos/Motivos/span_Motivos(1)/select_Tipo motivo' 

2024-04-02 15:45:06 - [MESSAGE][PASSED] - All options with label 'Suspensión' are selected in object 'Object Repository/WIZARD/3Infraestructura/7Motivos/Motivos/span_Motivos(1)/select_Tipo motivo' 

2024-04-02 15:45:06 - [TEST_STEP][PASSED] - click(findTestObject("WIZARD/3Infraestructura/7Motivos/Motivos/span_Motivos(1)/img_Nuevo")): Object: 'Object Repository/WIZARD/3Infraestructura/7Motivos/Motivos/span_Motivos(1)/img_Nuevo' is clicked on

2024-04-02 15:45:07 - [MESSAGE][PASSED] - Object: 'Object Repository/WIZARD/3Infraestructura/7Motivos/Motivos/span_Motivos(1)/img_Nuevo' is clicked on

2024-04-02 15:45:07 - [TEST_STEP][PASSED] - delay(3): Delayed 3 second(s)

2024-04-02 15:45:10 - [MESSAGE][PASSED] - Delayed 3 second(s)

2024-04-02 15:45:10 - [TEST_STEP][PASSED] - setText(findTestObject("WIZARD/3Infraestructura/7Motivos/Motivos/span_Motivos(1)/input_Nombre"), "Falta Autorización"): Text 'Falta Autorización' is set on object 'Object Repository/WIZARD/3Infraestructura/7Motivos/Motivos/span_Motivos(1)/input_Nombre'

2024-04-02 15:45:11 - [MESSAGE][PASSED] - Text 'Falta Autorización' is set on object 'Object Repository/WIZARD/3Infraestructura/7Motivos/Motivos/span_Motivos(1)/input_Nombre'

2024-04-02 15:45:11 - [TEST_STEP][PASSED] - setText(findTestObject("WIZARD/3Infraestructura/7Motivos/Motivos/span_Motivos(1)/textarea_Descripcion"), "Falta Autorización"): Text 'Falta Autorización' is set on object 'Object Repository/WIZARD/3Infraestructura/7Motivos/Motivos/span_Motivos(1)/textarea_Descripcion'

2024-04-02 15:45:11 - [MESSAGE][PASSED] - Text 'Falta Autorización' is set on object 'Object Repository/WIZARD/3Infraestructura/7Motivos/Motivos/span_Motivos(1)/textarea_Descripcion'

2024-04-02 15:45:11 - [TEST_STEP][PASSED] - selectOptionByLabel(findTestObject("WIZARD/3Infraestructura/7Motivos/Motivos/span_Motivos(1)/select_Tipo motivo"), "Suspensión", false): All options with label 'Suspensión' are selected in object 'Object Repository/WIZARD/3Infraestructura/7Motivos/Motivos/span_Motivos(1)/select_Tipo motivo' 

2024-04-02 15:45:12 - [MESSAGE][PASSED] - All options with label 'Suspensión' are selected in object 'Object Repository/WIZARD/3Infraestructura/7Motivos/Motivos/span_Motivos(1)/select_Tipo motivo' 

2024-04-02 15:45:12 - [TEST_STEP][PASSED] - click(findTestObject("WIZARD/3Infraestructura/7Motivos/Motivos/span_Motivos(1)/img_Nuevo")): Object: 'Object Repository/WIZARD/3Infraestructura/7Motivos/Motivos/span_Motivos(1)/img_Nuevo' is clicked on

2024-04-02 15:45:13 - [MESSAGE][PASSED] - Object: 'Object Repository/WIZARD/3Infraestructura/7Motivos/Motivos/span_Motivos(1)/img_Nuevo' is clicked on

2024-04-02 15:45:13 - [TEST_STEP][PASSED] - delay(3): Delayed 3 second(s)

2024-04-02 15:45:16 - [MESSAGE][PASSED] - Delayed 3 second(s)

2024-04-02 15:45:16 - [TEST_STEP][PASSED] - setText(findTestObject("WIZARD/3Infraestructura/7Motivos/Motivos/span_Motivos(1)/input_Nombre"), "Falta Recibo de Pago"): Text 'Falta Recibo de Pago' is set on object 'Object Repository/WIZARD/3Infraestructura/7Motivos/Motivos/span_Motivos(1)/input_Nombre'

2024-04-02 15:45:17 - [MESSAGE][PASSED] - Text 'Falta Recibo de Pago' is set on object 'Object Repository/WIZARD/3Infraestructura/7Motivos/Motivos/span_Motivos(1)/input_Nombre'

2024-04-02 15:45:17 - [TEST_STEP][PASSED] - setText(findTestObject("WIZARD/3Infraestructura/7Motivos/Motivos/span_Motivos(1)/textarea_Descripcion"), "Falta Recibo de Pago"): Text 'Falta Recibo de Pago' is set on object 'Object Repository/WIZARD/3Infraestructura/7Motivos/Motivos/span_Motivos(1)/textarea_Descripcion'

2024-04-02 15:45:17 - [MESSAGE][PASSED] - Text 'Falta Recibo de Pago' is set on object 'Object Repository/WIZARD/3Infraestructura/7Motivos/Motivos/span_Motivos(1)/textarea_Descripcion'

2024-04-02 15:45:17 - [TEST_STEP][PASSED] - selectOptionByLabel(findTestObject("WIZARD/3Infraestructura/7Motivos/Motivos/span_Motivos(1)/select_Tipo motivo"), "Suspensión", false): All options with label 'Suspensión' are selected in object 'Object Repository/WIZARD/3Infraestructura/7Motivos/Motivos/span_Motivos(1)/select_Tipo motivo' 

2024-04-02 15:45:18 - [MESSAGE][PASSED] - All options with label 'Suspensión' are selected in object 'Object Repository/WIZARD/3Infraestructura/7Motivos/Motivos/span_Motivos(1)/select_Tipo motivo' 

2024-04-02 15:45:18 - [TEST_STEP][PASSED] - click(findTestObject("WIZARD/3Infraestructura/7Motivos/Motivos/span_Motivos(1)/img_Nuevo")): Object: 'Object Repository/WIZARD/3Infraestructura/7Motivos/Motivos/span_Motivos(1)/img_Nuevo' is clicked on

2024-04-02 15:45:18 - [MESSAGE][PASSED] - Object: 'Object Repository/WIZARD/3Infraestructura/7Motivos/Motivos/span_Motivos(1)/img_Nuevo' is clicked on

2024-04-02 15:45:18 - [TEST_STEP][PASSED] - delay(3): Delayed 3 second(s)

2024-04-02 15:45:21 - [MESSAGE][PASSED] - Delayed 3 second(s)

2024-04-02 15:45:21 - [TEST_STEP][PASSED] - setText(findTestObject("WIZARD/3Infraestructura/7Motivos/Motivos/span_Motivos(1)/input_Nombre"), "Falta Ausente"): Text 'Falta Ausente' is set on object 'Object Repository/WIZARD/3Infraestructura/7Motivos/Motivos/span_Motivos(1)/input_Nombre'

2024-04-02 15:45:22 - [MESSAGE][PASSED] - Text 'Falta Ausente' is set on object 'Object Repository/WIZARD/3Infraestructura/7Motivos/Motivos/span_Motivos(1)/input_Nombre'

2024-04-02 15:45:22 - [TEST_STEP][PASSED] - setText(findTestObject("WIZARD/3Infraestructura/7Motivos/Motivos/span_Motivos(1)/textarea_Descripcion"), "Falta Ausente"): Text 'Falta Ausente' is set on object 'Object Repository/WIZARD/3Infraestructura/7Motivos/Motivos/span_Motivos(1)/textarea_Descripcion'

2024-04-02 15:45:23 - [MESSAGE][PASSED] - Text 'Falta Ausente' is set on object 'Object Repository/WIZARD/3Infraestructura/7Motivos/Motivos/span_Motivos(1)/textarea_Descripcion'

2024-04-02 15:45:23 - [TEST_STEP][PASSED] - selectOptionByLabel(findTestObject("WIZARD/3Infraestructura/7Motivos/Motivos/span_Motivos(1)/select_Tipo motivo"), "Suspensión", false): All options with label 'Suspensión' are selected in object 'Object Repository/WIZARD/3Infraestructura/7Motivos/Motivos/span_Motivos(1)/select_Tipo motivo' 

2024-04-02 15:45:24 - [MESSAGE][PASSED] - All options with label 'Suspensión' are selected in object 'Object Repository/WIZARD/3Infraestructura/7Motivos/Motivos/span_Motivos(1)/select_Tipo motivo' 

2024-04-02 15:45:24 - [TEST_STEP][PASSED] - click(findTestObject("WIZARD/3Infraestructura/7Motivos/Motivos/span_Motivos(1)/img_Nuevo")): Object: 'Object Repository/WIZARD/3Infraestructura/7Motivos/Motivos/span_Motivos(1)/img_Nuevo' is clicked on

2024-04-02 15:45:25 - [MESSAGE][PASSED] - Object: 'Object Repository/WIZARD/3Infraestructura/7Motivos/Motivos/span_Motivos(1)/img_Nuevo' is clicked on

2024-04-02 15:45:25 - [TEST_STEP][PASSED] - delay(3): Delayed 3 second(s)

2024-04-02 15:45:28 - [MESSAGE][PASSED] - Delayed 3 second(s)

2024-04-02 15:45:28 - [TEST_STEP][PASSED] - setText(findTestObject("WIZARD/3Infraestructura/7Motivos/Motivos/span_Motivos(1)/input_Nombre"), "No Corresponde a Negocio"): Text 'No Corresponde a Negocio' is set on object 'Object Repository/WIZARD/3Infraestructura/7Motivos/Motivos/span_Motivos(1)/input_Nombre'

2024-04-02 15:45:28 - [MESSAGE][PASSED] - Text 'No Corresponde a Negocio' is set on object 'Object Repository/WIZARD/3Infraestructura/7Motivos/Motivos/span_Motivos(1)/input_Nombre'

2024-04-02 15:45:28 - [TEST_STEP][PASSED] - setText(findTestObject("WIZARD/3Infraestructura/7Motivos/Motivos/span_Motivos(1)/textarea_Descripcion"), "No Corresponde a Negocio"): Text 'No Corresponde a Negocio' is set on object 'Object Repository/WIZARD/3Infraestructura/7Motivos/Motivos/span_Motivos(1)/textarea_Descripcion'

2024-04-02 15:45:29 - [MESSAGE][PASSED] - Text 'No Corresponde a Negocio' is set on object 'Object Repository/WIZARD/3Infraestructura/7Motivos/Motivos/span_Motivos(1)/textarea_Descripcion'

2024-04-02 15:45:29 - [TEST_STEP][PASSED] - selectOptionByLabel(findTestObject("WIZARD/3Infraestructura/7Motivos/Motivos/span_Motivos(1)/select_Tipo motivo"), "Cancelación servicio", false): All options with label 'Cancelación servicio' are selected in object 'Object Repository/WIZARD/3Infraestructura/7Motivos/Motivos/span_Motivos(1)/select_Tipo motivo' 

2024-04-02 15:45:30 - [MESSAGE][PASSED] - All options with label 'Cancelación servicio' are selected in object 'Object Repository/WIZARD/3Infraestructura/7Motivos/Motivos/span_Motivos(1)/select_Tipo motivo' 

2024-04-02 15:45:30 - [TEST_STEP][PASSED] - click(findTestObject("WIZARD/3Infraestructura/7Motivos/Motivos/span_Motivos(1)/img_Nuevo")): Object: 'Object Repository/WIZARD/3Infraestructura/7Motivos/Motivos/span_Motivos(1)/img_Nuevo' is clicked on

2024-04-02 15:45:31 - [MESSAGE][PASSED] - Object: 'Object Repository/WIZARD/3Infraestructura/7Motivos/Motivos/span_Motivos(1)/img_Nuevo' is clicked on

2024-04-02 15:45:31 - [TEST_STEP][PASSED] - delay(3): Delayed 3 second(s)

2024-04-02 15:45:34 - [MESSAGE][PASSED] - Delayed 3 second(s)

2024-04-02 15:45:34 - [TEST_STEP][PASSED] - setText(findTestObject("WIZARD/3Infraestructura/7Motivos/Motivos/span_Motivos(1)/input_Nombre"), "Sin Documento"): Text 'Sin Documento' is set on object 'Object Repository/WIZARD/3Infraestructura/7Motivos/Motivos/span_Motivos(1)/input_Nombre'

2024-04-02 15:45:34 - [MESSAGE][PASSED] - Text 'Sin Documento' is set on object 'Object Repository/WIZARD/3Infraestructura/7Motivos/Motivos/span_Motivos(1)/input_Nombre'

2024-04-02 15:45:34 - [TEST_STEP][PASSED] - setText(findTestObject("WIZARD/3Infraestructura/7Motivos/Motivos/span_Motivos(1)/textarea_Descripcion"), "Sin Documento"): Text 'Sin Documento' is set on object 'Object Repository/WIZARD/3Infraestructura/7Motivos/Motivos/span_Motivos(1)/textarea_Descripcion'

2024-04-02 15:45:35 - [MESSAGE][PASSED] - Text 'Sin Documento' is set on object 'Object Repository/WIZARD/3Infraestructura/7Motivos/Motivos/span_Motivos(1)/textarea_Descripcion'

2024-04-02 15:45:35 - [TEST_STEP][PASSED] - selectOptionByLabel(findTestObject("WIZARD/3Infraestructura/7Motivos/Motivos/span_Motivos(1)/select_Tipo motivo"), "Cancelación servicio", false): All options with label 'Cancelación servicio' are selected in object 'Object Repository/WIZARD/3Infraestructura/7Motivos/Motivos/span_Motivos(1)/select_Tipo motivo' 

2024-04-02 15:45:36 - [MESSAGE][PASSED] - All options with label 'Cancelación servicio' are selected in object 'Object Repository/WIZARD/3Infraestructura/7Motivos/Motivos/span_Motivos(1)/select_Tipo motivo' 

2024-04-02 15:45:36 - [TEST_STEP][PASSED] - click(findTestObject("WIZARD/3Infraestructura/7Motivos/Motivos/span_Motivos(1)/img_Nuevo")): Object: 'Object Repository/WIZARD/3Infraestructura/7Motivos/Motivos/span_Motivos(1)/img_Nuevo' is clicked on

2024-04-02 15:45:37 - [MESSAGE][PASSED] - Object: 'Object Repository/WIZARD/3Infraestructura/7Motivos/Motivos/span_Motivos(1)/img_Nuevo' is clicked on

2024-04-02 15:45:37 - [TEST_STEP][PASSED] - delay(3): Delayed 3 second(s)

2024-04-02 15:45:40 - [MESSAGE][PASSED] - Delayed 3 second(s)

2024-04-02 15:45:40 - [TEST_STEP][PASSED] - setText(findTestObject("WIZARD/3Infraestructura/7Motivos/Motivos/span_Motivos(1)/input_Nombre"), "Tramitador"): Text 'Tramitador' is set on object 'Object Repository/WIZARD/3Infraestructura/7Motivos/Motivos/span_Motivos(1)/input_Nombre'

2024-04-02 15:45:40 - [MESSAGE][PASSED] - Text 'Tramitador' is set on object 'Object Repository/WIZARD/3Infraestructura/7Motivos/Motivos/span_Motivos(1)/input_Nombre'

2024-04-02 15:45:40 - [TEST_STEP][PASSED] - setText(findTestObject("WIZARD/3Infraestructura/7Motivos/Motivos/span_Motivos(1)/textarea_Descripcion"), "Tramitador"): Text 'Tramitador' is set on object 'Object Repository/WIZARD/3Infraestructura/7Motivos/Motivos/span_Motivos(1)/textarea_Descripcion'

2024-04-02 15:45:41 - [MESSAGE][PASSED] - Text 'Tramitador' is set on object 'Object Repository/WIZARD/3Infraestructura/7Motivos/Motivos/span_Motivos(1)/textarea_Descripcion'

2024-04-02 15:45:41 - [TEST_STEP][PASSED] - selectOptionByLabel(findTestObject("WIZARD/3Infraestructura/7Motivos/Motivos/span_Motivos(1)/select_Tipo motivo"), "Cancelación servicio", false): All options with label 'Cancelación servicio' are selected in object 'Object Repository/WIZARD/3Infraestructura/7Motivos/Motivos/span_Motivos(1)/select_Tipo motivo' 

2024-04-02 15:45:42 - [MESSAGE][PASSED] - All options with label 'Cancelación servicio' are selected in object 'Object Repository/WIZARD/3Infraestructura/7Motivos/Motivos/span_Motivos(1)/select_Tipo motivo' 

2024-04-02 15:45:42 - [TEST_STEP][PASSED] - click(findTestObject("WIZARD/3Infraestructura/7Motivos/Motivos/span_Motivos(1)/img_Nuevo")): Object: 'Object Repository/WIZARD/3Infraestructura/7Motivos/Motivos/span_Motivos(1)/img_Nuevo' is clicked on

2024-04-02 15:45:43 - [MESSAGE][PASSED] - Object: 'Object Repository/WIZARD/3Infraestructura/7Motivos/Motivos/span_Motivos(1)/img_Nuevo' is clicked on

2024-04-02 15:45:43 - [TEST_STEP][PASSED] - delay(3): Delayed 3 second(s)

2024-04-02 15:45:46 - [MESSAGE][PASSED] - Delayed 3 second(s)

2024-04-02 15:45:46 - [TEST_STEP][PASSED] - setText(findTestObject("WIZARD/3Infraestructura/7Motivos/Motivos/span_Motivos(1)/input_Nombre"), "Caída de ERP"): Text 'Caída de ERP' is set on object 'Object Repository/WIZARD/3Infraestructura/7Motivos/Motivos/span_Motivos(1)/input_Nombre'

2024-04-02 15:45:47 - [MESSAGE][PASSED] - Text 'Caída de ERP' is set on object 'Object Repository/WIZARD/3Infraestructura/7Motivos/Motivos/span_Motivos(1)/input_Nombre'

2024-04-02 15:45:47 - [TEST_STEP][PASSED] - setText(findTestObject("WIZARD/3Infraestructura/7Motivos/Motivos/span_Motivos(1)/textarea_Descripcion"), "Caída de ERP"): Text 'Caída de ERP' is set on object 'Object Repository/WIZARD/3Infraestructura/7Motivos/Motivos/span_Motivos(1)/textarea_Descripcion'

2024-04-02 15:45:47 - [MESSAGE][PASSED] - Text 'Caída de ERP' is set on object 'Object Repository/WIZARD/3Infraestructura/7Motivos/Motivos/span_Motivos(1)/textarea_Descripcion'

2024-04-02 15:45:47 - [TEST_STEP][PASSED] - selectOptionByLabel(findTestObject("WIZARD/3Infraestructura/7Motivos/Motivos/span_Motivos(1)/select_Tipo motivo"), "Cancelación servicio", false): All options with label 'Cancelación servicio' are selected in object 'Object Repository/WIZARD/3Infraestructura/7Motivos/Motivos/span_Motivos(1)/select_Tipo motivo' 

2024-04-02 15:45:48 - [MESSAGE][PASSED] - All options with label 'Cancelación servicio' are selected in object 'Object Repository/WIZARD/3Infraestructura/7Motivos/Motivos/span_Motivos(1)/select_Tipo motivo' 

2024-04-02 15:45:48 - [TEST_STEP][PASSED] - click(findTestObject("WIZARD/3Infraestructura/7Motivos/Motivos/span_Motivos(1)/img_Nuevo")): Object: 'Object Repository/WIZARD/3Infraestructura/7Motivos/Motivos/span_Motivos(1)/img_Nuevo' is clicked on

2024-04-02 15:45:49 - [MESSAGE][PASSED] - Object: 'Object Repository/WIZARD/3Infraestructura/7Motivos/Motivos/span_Motivos(1)/img_Nuevo' is clicked on

2024-04-02 15:45:49 - [TEST_STEP][PASSED] - delay(3): Delayed 3 second(s)

2024-04-02 15:45:52 - [MESSAGE][PASSED] - Delayed 3 second(s)

2024-04-02 15:45:52 - [TEST_STEP][PASSED] - takeFullPageScreenshot(): Taking screenshot successfully

2024-04-02 15:45:53 - [MESSAGE][INFO] - 0 hidden object(s)

2024-04-02 15:45:53 - [MESSAGE][PASSED] - Taking screenshot successfully
[[ATTACHMENT|C:\\CIEL INGENIERIA\\Katalon\\Digiturno55\\Reports\\20240402_143907\\WIZARD\\3Infraestructura\\7Motivos\\5.7 Crear Motivos\\20240402_144042\\1712090752325.png]]

2024-04-02 15:45:53 - [TEST_STEP][PASSED] - delay(3): Delayed 3 second(s)

2024-04-02 15:45:56 - [MESSAGE][PASSED] - Delayed 3 second(s)

2024-04-02 15:45:56 - [TEST_STEP][PASSED] - Start listener action : sampleAfterTestCase: null]]></system-out>
         <system-err><![CDATA[]]></system-err>
      </testcase>
      <system-out><![CDATA[2024-04-02 15:43:38 - [TEST_SUITE][PASSED] - 5.7 Crear Motivos: Test Cases/WIZARD/3Infraestructura/7Motivos/5.7 Crear Motivos]]></system-out>
      <system-err><![CDATA[]]></system-err>
   </testsuite>
</testsuites>
