<?xml version="1.0" encoding="UTF-8"?>
<testsuites name="2.3 Creacion Elementos Servicios" time="166.438" tests="1" failures="0" errors="0">
   <testsuite name="2.3 Creacion Elementos Servicios" tests="1" failures="0" errors="0" time="166.438" skipped="0" timestamp="2024-04-02 13:57:19" hostname="jdavila - PCPruebas101.ciel.cielingenieria.com" id="Test Suites/WIZARD/1Modelo De Negocio/2.3 Creacion Elementos Servicios">
      <properties>
         <property name="deviceName" value=""/>
         <property name="devicePlatform" value=""/>
         <property name="logFolder" value="C:\\CIEL INGENIERIA\\Katalon\\Digiturno55\\Reports\\20240402_135301\\WIZARD\\1Modelo De Negocio\\2.3 Creacion Elementos Servicios\\20240402_135308"/>
         <property name="logFiles" value="C:\\CIEL INGENIERIA\\Katalon\\Digiturno55\\Reports\\20240402_135301\\WIZARD\\1Modelo De Negocio\\2.3 Creacion Elementos Servicios\\20240402_135308\\execution0.log"/>
         <property name="attachments" value="C:\\CIEL INGENIERIA\\Katalon\\Digiturno55\\Reports\\20240402_135301\\WIZARD\\1Modelo De Negocio\\2.3 Creacion Elementos Servicios\\20240402_135308\\1712084402578.png"/>
         <property name="hostName" value="jdavila - PCPruebas101.ciel.cielingenieria.com"/>
         <property name="os" value="Windows 10 64bit"/>
         <property name="katalonVersion" value="8.6.9.208"/>
         <property name="browser" value="Chrome 123.0.0.0"/>
         <property name="hostAddress" value="192.168.91.18"/>
         <property name="sessionId" value="9938ecaba2d3154f43230e00e94d9f7a"/>
         <property name="seleniumVersion" value="3.141.59"/>
         <property name="proxyInformation" value="ProxyInformation { proxyOption=NO_PROXY, proxyServerType=HTTP, username=, password=********, proxyServerAddress=, proxyServerPort=0, executionList=&quot;&quot;, isApplyToDesiredCapabilities=true }"/>
         <property name="platform" value="Windows 10"/>
      </properties>
      <testcase name="Test Cases/WIZARD/1Modelo De Negocio/2.3 Creacion Elementos Servicios" time="166.174" classname="Test Cases/WIZARD/1Modelo De Negocio/2.3 Creacion Elementos Servicios" status="PASSED">
         <system-out><![CDATA[2024-04-02 13:57:20 - [TEST_CASE][PASSED] - Test Cases/WIZARD/1Modelo De Negocio/2.3 Creacion Elementos Servicios: Test Cases/WIZARD/1Modelo De Negocio/2.3 Creacion Elementos Servicios

2024-04-02 13:57:20 - [TEST_STEP][PASSED] - callTestCase(findTestCase("0InicioSesion"), [:], STOP_ON_FAILURE): Call Test Case 'Test Cases/0InicioSesion' successfully

2024-04-02 13:57:20 - [TEST_CASE][PASSED] - Test Cases/0InicioSesion: Test Cases/0InicioSesion

2024-04-02 13:57:20 - [TEST_STEP][PASSED] - openBrowser(UrlDigiturno): Browser is opened with url: 'https://PCPruebas101.ciel.cielingenieria.com:8910'

2024-04-02 13:57:21 - [MESSAGE][INFO] - Starting 'Chrome' driver

2024-04-02 13:57:21 - [MESSAGE][INFO] - User set preference: ['args', '[--use-fake-ui-for-media-stream, --disable-notifications]']

2024-04-02 13:57:21 - [MESSAGE][INFO] - Action delay is set to 0 milliseconds

2024-04-02 13:57:23 - [MESSAGE][PASSED] - Browser is opened with url: 'https://PCPruebas101.ciel.cielingenieria.com:8910'

2024-04-02 13:57:23 - [TEST_STEP][PASSED] - maximizeWindow(): Current window maximized

2024-04-02 13:57:23 - [MESSAGE][PASSED] - Current window maximized

2024-04-02 13:57:23 - [TEST_STEP][PASSED] - delay(3): Delayed 3 second(s)

2024-04-02 13:57:26 - [MESSAGE][PASSED] - Delayed 3 second(s)

2024-04-02 13:57:26 - [TEST_STEP][PASSED] - setText(findTestObject("0Inicio Sesion/input_Usuario"), "Ciel"): Text 'Ciel' is set on object 'Object Repository/0Inicio Sesion/input_Usuario'

2024-04-02 13:57:27 - [MESSAGE][PASSED] - Text 'Ciel' is set on object 'Object Repository/0Inicio Sesion/input_Usuario'

2024-04-02 13:57:27 - [TEST_STEP][PASSED] - setText(findTestObject("0Inicio Sesion/input_Clave"), "digiturno"): Text 'digiturno' is set on object 'Object Repository/0Inicio Sesion/input_Clave'

2024-04-02 13:57:28 - [MESSAGE][PASSED] - Text 'digiturno' is set on object 'Object Repository/0Inicio Sesion/input_Clave'

2024-04-02 13:57:28 - [TEST_STEP][PASSED] - click(findTestObject("0Inicio Sesion/btn_IniciarSesion")): Object: 'Object Repository/0Inicio Sesion/btn_IniciarSesion' is clicked on

2024-04-02 13:57:28 - [MESSAGE][PASSED] - Object: 'Object Repository/0Inicio Sesion/btn_IniciarSesion' is clicked on

2024-04-02 13:57:28 - [TEST_STEP][PASSED] - delay(3): Delayed 3 second(s)

2024-04-02 13:57:31 - [MESSAGE][PASSED] - Delayed 3 second(s)

2024-04-02 13:57:31 - [MESSAGE][PASSED] - Call Test Case 'Test Cases/0InicioSesion' successfully

2024-04-02 13:57:31 - [TEST_STEP][PASSED] - click(findTestObject("WIZARD/0Principal/img_ModeloDeNegocioMAX")): Object: 'Object Repository/WIZARD/0Principal/img_ModeloDeNegocioMAX' is clicked on

2024-04-02 13:57:32 - [MESSAGE][PASSED] - Object: 'Object Repository/WIZARD/0Principal/img_ModeloDeNegocioMAX' is clicked on

2024-04-02 13:57:32 - [TEST_STEP][PASSED] - delay(3): Delayed 3 second(s)

2024-04-02 13:57:35 - [MESSAGE][PASSED] - Delayed 3 second(s)

2024-04-02 13:57:35 - [TEST_STEP][PASSED] - click(findTestObject("WIZARD/1Modelo De Negocio/00Menu/span_Elementos")): Object: 'Object Repository/WIZARD/1Modelo De Negocio/00Menu/span_Elementos' is clicked on

2024-04-02 13:57:36 - [MESSAGE][PASSED] - Object: 'Object Repository/WIZARD/1Modelo De Negocio/00Menu/span_Elementos' is clicked on

2024-04-02 13:57:36 - [TEST_STEP][PASSED] - delay(3): Delayed 3 second(s)

2024-04-02 13:57:39 - [MESSAGE][PASSED] - Delayed 3 second(s)

2024-04-02 13:57:39 - [TEST_STEP][PASSED] - click(findTestObject("WIZARD/1Modelo De Negocio/2Elementos/Nivel/option_3Servicio")): Object: 'Object Repository/WIZARD/1Modelo De Negocio/2Elementos/Nivel/option_3Servicio' is clicked on

2024-04-02 13:57:39 - [MESSAGE][PASSED] - Object: 'Object Repository/WIZARD/1Modelo De Negocio/2Elementos/Nivel/option_3Servicio' is clicked on

2024-04-02 13:57:39 - [TEST_STEP][PASSED] - delay(3): Delayed 3 second(s)

2024-04-02 13:57:42 - [MESSAGE][PASSED] - Delayed 3 second(s)

2024-04-02 13:57:42 - [TEST_STEP][PASSED] - click(findTestObject("WIZARD/1Modelo De Negocio/2Elementos/Nivel/Servicio/td_SRVO1")): Object: 'Object Repository/WIZARD/1Modelo De Negocio/2Elementos/Nivel/Servicio/td_SRVO1' is clicked on

2024-04-02 13:57:43 - [MESSAGE][PASSED] - Object: 'Object Repository/WIZARD/1Modelo De Negocio/2Elementos/Nivel/Servicio/td_SRVO1' is clicked on

2024-04-02 13:57:43 - [TEST_STEP][PASSED] - delay(3): Delayed 3 second(s)

2024-04-02 13:57:46 - [MESSAGE][PASSED] - Delayed 3 second(s)

2024-04-02 13:57:46 - [TEST_STEP][PASSED] - setText(findTestObject("WIZARD/1Modelo De Negocio/2Elementos/Edicion de Elementos/input_Nombre Elemento"), "Información"): Text 'Información' is set on object 'Object Repository/WIZARD/1Modelo De Negocio/2Elementos/Edicion de Elementos/input_Nombre Elemento'

2024-04-02 13:57:46 - [MESSAGE][PASSED] - Text 'Información' is set on object 'Object Repository/WIZARD/1Modelo De Negocio/2Elementos/Edicion de Elementos/input_Nombre Elemento'

2024-04-02 13:57:46 - [TEST_STEP][PASSED] - setText(findTestObject("WIZARD/1Modelo De Negocio/2Elementos/Edicion de Elementos/input_Descripcion Elemento"), "Información"): Text 'Información' is set on object 'Object Repository/WIZARD/1Modelo De Negocio/2Elementos/Edicion de Elementos/input_Descripcion Elemento'

2024-04-02 13:57:47 - [MESSAGE][PASSED] - Text 'Información' is set on object 'Object Repository/WIZARD/1Modelo De Negocio/2Elementos/Edicion de Elementos/input_Descripcion Elemento'

2024-04-02 13:57:47 - [TEST_STEP][PASSED] - executeJavaScript("return document.getElementById('ContentPlaceHolder1_lnkTiempoMaxAtencion').click()", []): Execute JavaScript 'return document.getElementById('ContentPlaceHolder1_lnkTiempoMaxAtencion').click()' successfully

2024-04-02 13:57:47 - [MESSAGE][PASSED] - Execute JavaScript 'return document.getElementById('ContentPlaceHolder1_lnkTiempoMaxAtencion').click()' successfully

2024-04-02 13:57:47 - [TEST_STEP][PASSED] - delay(2): Delayed 2 second(s)

2024-04-02 13:57:49 - [MESSAGE][PASSED] - Delayed 2 second(s)

2024-04-02 13:57:49 - [TEST_STEP][PASSED] - executeJavaScript("return document.getElementById('ContentPlaceHolder1_TimeSpanControlMaxTiempo_txtMinuto').value=10", []): Execute JavaScript 'return document.getElementById('ContentPlaceHolder1_TimeSpanControlMaxTiempo_txtMinuto').value=10' successfully

2024-04-02 13:57:49 - [MESSAGE][PASSED] - Execute JavaScript 'return document.getElementById('ContentPlaceHolder1_TimeSpanControlMaxTiempo_txtMinuto').value=10' successfully

2024-04-02 13:57:49 - [TEST_STEP][PASSED] - delay(5): Delayed 5 second(s)

2024-04-02 13:57:54 - [MESSAGE][PASSED] - Delayed 5 second(s)

2024-04-02 13:57:54 - [TEST_STEP][PASSED] - click(findTestObject("WIZARD/1Modelo De Negocio/2ModalTiempoMaxAtencion/btn_Aceptar")): Object: 'Object Repository/WIZARD/1Modelo De Negocio/2ModalTiempoMaxAtencion/btn_Aceptar' is clicked on

2024-04-02 13:57:55 - [MESSAGE][PASSED] - Object: 'Object Repository/WIZARD/1Modelo De Negocio/2ModalTiempoMaxAtencion/btn_Aceptar' is clicked on

2024-04-02 13:57:55 - [TEST_STEP][PASSED] - delay(3): Delayed 3 second(s)

2024-04-02 13:57:58 - [MESSAGE][PASSED] - Delayed 3 second(s)

2024-04-02 13:57:58 - [TEST_STEP][PASSED] - executeJavaScript("return document.getElementById('ContentPlaceHolder1_lnkTiempoControaldoAtencion').click()", []): Execute JavaScript 'return document.getElementById('ContentPlaceHolder1_lnkTiempoControaldoAtencion').click()' successfully

2024-04-02 13:57:58 - [MESSAGE][PASSED] - Execute JavaScript 'return document.getElementById('ContentPlaceHolder1_lnkTiempoControaldoAtencion').click()' successfully

2024-04-02 13:57:58 - [TEST_STEP][PASSED] - delay(2): Delayed 2 second(s)

2024-04-02 13:58:00 - [MESSAGE][PASSED] - Delayed 2 second(s)

2024-04-02 13:58:00 - [TEST_STEP][PASSED] - executeJavaScript("return document.getElementById('ContentPlaceHolder1_TimeSpanControlTiempoControlado_txtMinuto').value=5", []): Execute JavaScript 'return document.getElementById('ContentPlaceHolder1_TimeSpanControlTiempoControlado_txtMinuto').value=5' successfully

2024-04-02 13:58:00 - [MESSAGE][PASSED] - Execute JavaScript 'return document.getElementById('ContentPlaceHolder1_TimeSpanControlTiempoControlado_txtMinuto').value=5' successfully

2024-04-02 13:58:00 - [TEST_STEP][PASSED] - delay(5): Delayed 5 second(s)

2024-04-02 13:58:05 - [MESSAGE][PASSED] - Delayed 5 second(s)

2024-04-02 13:58:05 - [TEST_STEP][PASSED] - click(findTestObject("WIZARD/1Modelo De Negocio/2Modal Tiempo Controlado de atencion/btn_Aceptar")): Object: 'Object Repository/WIZARD/1Modelo De Negocio/2Modal Tiempo Controlado de atencion/btn_Aceptar' is clicked on

2024-04-02 13:58:05 - [MESSAGE][PASSED] - Object: 'Object Repository/WIZARD/1Modelo De Negocio/2Modal Tiempo Controlado de atencion/btn_Aceptar' is clicked on

2024-04-02 13:58:05 - [TEST_STEP][PASSED] - delay(3): Delayed 3 second(s)

2024-04-02 13:58:08 - [MESSAGE][PASSED] - Delayed 3 second(s)

2024-04-02 13:58:08 - [TEST_STEP][PASSED] - click(findTestObject("WIZARD/1Modelo De Negocio/2Elementos/Edicion de Elementos/btn_Actualizar")): Object: 'Object Repository/WIZARD/1Modelo De Negocio/2Elementos/Edicion de Elementos/btn_Actualizar' is clicked on

2024-04-02 13:58:09 - [MESSAGE][PASSED] - Object: 'Object Repository/WIZARD/1Modelo De Negocio/2Elementos/Edicion de Elementos/btn_Actualizar' is clicked on

2024-04-02 13:58:09 - [TEST_STEP][PASSED] - delay(20): Delayed 20 second(s)

2024-04-02 13:58:29 - [MESSAGE][PASSED] - Delayed 20 second(s)

2024-04-02 13:58:29 - [TEST_STEP][PASSED] - click(findTestObject("WIZARD/1Modelo De Negocio/2Elementos/Nivel/Servicio/td_SRVO2")): Object: 'Object Repository/WIZARD/1Modelo De Negocio/2Elementos/Nivel/Servicio/td_SRVO2' is clicked on

2024-04-02 13:58:29 - [MESSAGE][PASSED] - Object: 'Object Repository/WIZARD/1Modelo De Negocio/2Elementos/Nivel/Servicio/td_SRVO2' is clicked on

2024-04-02 13:58:29 - [TEST_STEP][PASSED] - delay(3): Delayed 3 second(s)

2024-04-02 13:58:32 - [MESSAGE][PASSED] - Delayed 3 second(s)

2024-04-02 13:58:32 - [TEST_STEP][PASSED] - setText(findTestObject("WIZARD/1Modelo De Negocio/2Elementos/Edicion de Elementos/input_Nombre Elemento"), "Radicaciones"): Text 'Radicaciones' is set on object 'Object Repository/WIZARD/1Modelo De Negocio/2Elementos/Edicion de Elementos/input_Nombre Elemento'

2024-04-02 13:58:33 - [MESSAGE][PASSED] - Text 'Radicaciones' is set on object 'Object Repository/WIZARD/1Modelo De Negocio/2Elementos/Edicion de Elementos/input_Nombre Elemento'

2024-04-02 13:58:33 - [TEST_STEP][PASSED] - setText(findTestObject("WIZARD/1Modelo De Negocio/2Elementos/Edicion de Elementos/input_Descripcion Elemento"), "Radicaciones"): Text 'Radicaciones' is set on object 'Object Repository/WIZARD/1Modelo De Negocio/2Elementos/Edicion de Elementos/input_Descripcion Elemento'

2024-04-02 13:58:34 - [MESSAGE][PASSED] - Text 'Radicaciones' is set on object 'Object Repository/WIZARD/1Modelo De Negocio/2Elementos/Edicion de Elementos/input_Descripcion Elemento'

2024-04-02 13:58:34 - [TEST_STEP][PASSED] - executeJavaScript("return document.getElementById('ContentPlaceHolder1_lnkTiempoMaxAtencion').click()", []): Execute JavaScript 'return document.getElementById('ContentPlaceHolder1_lnkTiempoMaxAtencion').click()' successfully

2024-04-02 13:58:34 - [MESSAGE][PASSED] - Execute JavaScript 'return document.getElementById('ContentPlaceHolder1_lnkTiempoMaxAtencion').click()' successfully

2024-04-02 13:58:34 - [TEST_STEP][PASSED] - delay(2): Delayed 2 second(s)

2024-04-02 13:58:36 - [MESSAGE][PASSED] - Delayed 2 second(s)

2024-04-02 13:58:36 - [TEST_STEP][PASSED] - executeJavaScript("return document.getElementById('ContentPlaceHolder1_TimeSpanControlMaxTiempo_txtMinuto').value=10", []): Execute JavaScript 'return document.getElementById('ContentPlaceHolder1_TimeSpanControlMaxTiempo_txtMinuto').value=10' successfully

2024-04-02 13:58:36 - [MESSAGE][PASSED] - Execute JavaScript 'return document.getElementById('ContentPlaceHolder1_TimeSpanControlMaxTiempo_txtMinuto').value=10' successfully

2024-04-02 13:58:36 - [TEST_STEP][PASSED] - delay(5): Delayed 5 second(s)

2024-04-02 13:58:41 - [MESSAGE][PASSED] - Delayed 5 second(s)

2024-04-02 13:58:41 - [TEST_STEP][PASSED] - click(findTestObject("WIZARD/1Modelo De Negocio/2ModalTiempoMaxAtencion/btn_Aceptar")): Object: 'Object Repository/WIZARD/1Modelo De Negocio/2ModalTiempoMaxAtencion/btn_Aceptar' is clicked on

2024-04-02 13:58:41 - [MESSAGE][PASSED] - Object: 'Object Repository/WIZARD/1Modelo De Negocio/2ModalTiempoMaxAtencion/btn_Aceptar' is clicked on

2024-04-02 13:58:41 - [TEST_STEP][PASSED] - delay(3): Delayed 3 second(s)

2024-04-02 13:58:44 - [MESSAGE][PASSED] - Delayed 3 second(s)

2024-04-02 13:58:44 - [TEST_STEP][PASSED] - executeJavaScript("return document.getElementById('ContentPlaceHolder1_lnkTiempoControaldoAtencion').click()", []): Execute JavaScript 'return document.getElementById('ContentPlaceHolder1_lnkTiempoControaldoAtencion').click()' successfully

2024-04-02 13:58:44 - [MESSAGE][PASSED] - Execute JavaScript 'return document.getElementById('ContentPlaceHolder1_lnkTiempoControaldoAtencion').click()' successfully

2024-04-02 13:58:44 - [TEST_STEP][PASSED] - delay(2): Delayed 2 second(s)

2024-04-02 13:58:46 - [MESSAGE][PASSED] - Delayed 2 second(s)

2024-04-02 13:58:46 - [TEST_STEP][PASSED] - executeJavaScript("return document.getElementById('ContentPlaceHolder1_TimeSpanControlTiempoControlado_txtMinuto').value=5", []): Execute JavaScript 'return document.getElementById('ContentPlaceHolder1_TimeSpanControlTiempoControlado_txtMinuto').value=5' successfully

2024-04-02 13:58:47 - [MESSAGE][PASSED] - Execute JavaScript 'return document.getElementById('ContentPlaceHolder1_TimeSpanControlTiempoControlado_txtMinuto').value=5' successfully

2024-04-02 13:58:47 - [TEST_STEP][PASSED] - delay(5): Delayed 5 second(s)

2024-04-02 13:58:52 - [MESSAGE][PASSED] - Delayed 5 second(s)

2024-04-02 13:58:52 - [TEST_STEP][PASSED] - click(findTestObject("WIZARD/1Modelo De Negocio/2Modal Tiempo Controlado de atencion/btn_Aceptar")): Object: 'Object Repository/WIZARD/1Modelo De Negocio/2Modal Tiempo Controlado de atencion/btn_Aceptar' is clicked on

2024-04-02 13:58:52 - [MESSAGE][PASSED] - Object: 'Object Repository/WIZARD/1Modelo De Negocio/2Modal Tiempo Controlado de atencion/btn_Aceptar' is clicked on

2024-04-02 13:58:52 - [TEST_STEP][PASSED] - delay(3): Delayed 3 second(s)

2024-04-02 13:58:55 - [MESSAGE][PASSED] - Delayed 3 second(s)

2024-04-02 13:58:55 - [TEST_STEP][PASSED] - click(findTestObject("WIZARD/1Modelo De Negocio/2Elementos/Edicion de Elementos/btn_Actualizar")): Object: 'Object Repository/WIZARD/1Modelo De Negocio/2Elementos/Edicion de Elementos/btn_Actualizar' is clicked on

2024-04-02 13:58:55 - [MESSAGE][PASSED] - Object: 'Object Repository/WIZARD/1Modelo De Negocio/2Elementos/Edicion de Elementos/btn_Actualizar' is clicked on

2024-04-02 13:58:55 - [TEST_STEP][PASSED] - delay(20): Delayed 20 second(s)

2024-04-02 13:59:15 - [MESSAGE][PASSED] - Delayed 20 second(s)

2024-04-02 13:59:15 - [TEST_STEP][PASSED] - click(findTestObject("WIZARD/1Modelo De Negocio/2Elementos/Nivel/Servicio/td_SRVO3")): Object: 'Object Repository/WIZARD/1Modelo De Negocio/2Elementos/Nivel/Servicio/td_SRVO3' is clicked on

2024-04-02 13:59:16 - [MESSAGE][PASSED] - Object: 'Object Repository/WIZARD/1Modelo De Negocio/2Elementos/Nivel/Servicio/td_SRVO3' is clicked on

2024-04-02 13:59:16 - [TEST_STEP][PASSED] - delay(3): Delayed 3 second(s)

2024-04-02 13:59:19 - [MESSAGE][PASSED] - Delayed 3 second(s)

2024-04-02 13:59:19 - [TEST_STEP][PASSED] - setText(findTestObject("WIZARD/1Modelo De Negocio/2Elementos/Edicion de Elementos/input_Nombre Elemento"), "PQRS"): Text 'PQRS' is set on object 'Object Repository/WIZARD/1Modelo De Negocio/2Elementos/Edicion de Elementos/input_Nombre Elemento'

2024-04-02 13:59:20 - [MESSAGE][PASSED] - Text 'PQRS' is set on object 'Object Repository/WIZARD/1Modelo De Negocio/2Elementos/Edicion de Elementos/input_Nombre Elemento'

2024-04-02 13:59:20 - [TEST_STEP][PASSED] - setText(findTestObject("WIZARD/1Modelo De Negocio/2Elementos/Edicion de Elementos/input_Descripcion Elemento"), "PQRS"): Text 'PQRS' is set on object 'Object Repository/WIZARD/1Modelo De Negocio/2Elementos/Edicion de Elementos/input_Descripcion Elemento'

2024-04-02 13:59:21 - [MESSAGE][PASSED] - Text 'PQRS' is set on object 'Object Repository/WIZARD/1Modelo De Negocio/2Elementos/Edicion de Elementos/input_Descripcion Elemento'

2024-04-02 13:59:21 - [TEST_STEP][PASSED] - executeJavaScript("return document.getElementById('ContentPlaceHolder1_lnkTiempoMaxAtencion').click()", []): Execute JavaScript 'return document.getElementById('ContentPlaceHolder1_lnkTiempoMaxAtencion').click()' successfully

2024-04-02 13:59:21 - [MESSAGE][PASSED] - Execute JavaScript 'return document.getElementById('ContentPlaceHolder1_lnkTiempoMaxAtencion').click()' successfully

2024-04-02 13:59:21 - [TEST_STEP][PASSED] - delay(2): Delayed 2 second(s)

2024-04-02 13:59:23 - [MESSAGE][PASSED] - Delayed 2 second(s)

2024-04-02 13:59:23 - [TEST_STEP][PASSED] - executeJavaScript("return document.getElementById('ContentPlaceHolder1_TimeSpanControlMaxTiempo_txtMinuto').value=10", []): Execute JavaScript 'return document.getElementById('ContentPlaceHolder1_TimeSpanControlMaxTiempo_txtMinuto').value=10' successfully

2024-04-02 13:59:23 - [MESSAGE][PASSED] - Execute JavaScript 'return document.getElementById('ContentPlaceHolder1_TimeSpanControlMaxTiempo_txtMinuto').value=10' successfully

2024-04-02 13:59:23 - [TEST_STEP][PASSED] - delay(5): Delayed 5 second(s)

2024-04-02 13:59:28 - [MESSAGE][PASSED] - Delayed 5 second(s)

2024-04-02 13:59:28 - [TEST_STEP][PASSED] - click(findTestObject("WIZARD/1Modelo De Negocio/2ModalTiempoMaxAtencion/btn_Aceptar")): Object: 'Object Repository/WIZARD/1Modelo De Negocio/2ModalTiempoMaxAtencion/btn_Aceptar' is clicked on

2024-04-02 13:59:28 - [MESSAGE][PASSED] - Object: 'Object Repository/WIZARD/1Modelo De Negocio/2ModalTiempoMaxAtencion/btn_Aceptar' is clicked on

2024-04-02 13:59:28 - [TEST_STEP][PASSED] - delay(3): Delayed 3 second(s)

2024-04-02 13:59:31 - [MESSAGE][PASSED] - Delayed 3 second(s)

2024-04-02 13:59:31 - [TEST_STEP][PASSED] - executeJavaScript("return document.getElementById('ContentPlaceHolder1_lnkTiempoControaldoAtencion').click()", []): Execute JavaScript 'return document.getElementById('ContentPlaceHolder1_lnkTiempoControaldoAtencion').click()' successfully

2024-04-02 13:59:31 - [MESSAGE][PASSED] - Execute JavaScript 'return document.getElementById('ContentPlaceHolder1_lnkTiempoControaldoAtencion').click()' successfully

2024-04-02 13:59:31 - [TEST_STEP][PASSED] - delay(2): Delayed 2 second(s)

2024-04-02 13:59:33 - [MESSAGE][PASSED] - Delayed 2 second(s)

2024-04-02 13:59:33 - [TEST_STEP][PASSED] - executeJavaScript("return document.getElementById('ContentPlaceHolder1_TimeSpanControlTiempoControlado_txtMinuto').value=5", []): Execute JavaScript 'return document.getElementById('ContentPlaceHolder1_TimeSpanControlTiempoControlado_txtMinuto').value=5' successfully

2024-04-02 13:59:33 - [MESSAGE][PASSED] - Execute JavaScript 'return document.getElementById('ContentPlaceHolder1_TimeSpanControlTiempoControlado_txtMinuto').value=5' successfully

2024-04-02 13:59:33 - [TEST_STEP][PASSED] - delay(5): Delayed 5 second(s)

2024-04-02 13:59:38 - [MESSAGE][PASSED] - Delayed 5 second(s)

2024-04-02 13:59:38 - [TEST_STEP][PASSED] - click(findTestObject("WIZARD/1Modelo De Negocio/2Modal Tiempo Controlado de atencion/btn_Aceptar")): Object: 'Object Repository/WIZARD/1Modelo De Negocio/2Modal Tiempo Controlado de atencion/btn_Aceptar' is clicked on

2024-04-02 13:59:39 - [MESSAGE][PASSED] - Object: 'Object Repository/WIZARD/1Modelo De Negocio/2Modal Tiempo Controlado de atencion/btn_Aceptar' is clicked on

2024-04-02 13:59:39 - [TEST_STEP][PASSED] - delay(3): Delayed 3 second(s)

2024-04-02 13:59:42 - [MESSAGE][PASSED] - Delayed 3 second(s)

2024-04-02 13:59:42 - [TEST_STEP][PASSED] - click(findTestObject("WIZARD/1Modelo De Negocio/2Elementos/Edicion de Elementos/btn_Actualizar")): Object: 'Object Repository/WIZARD/1Modelo De Negocio/2Elementos/Edicion de Elementos/btn_Actualizar' is clicked on

2024-04-02 13:59:42 - [MESSAGE][PASSED] - Object: 'Object Repository/WIZARD/1Modelo De Negocio/2Elementos/Edicion de Elementos/btn_Actualizar' is clicked on

2024-04-02 13:59:42 - [TEST_STEP][PASSED] - delay(20): Delayed 20 second(s)

2024-04-02 14:00:02 - [MESSAGE][PASSED] - Delayed 20 second(s)

2024-04-02 14:00:02 - [TEST_STEP][PASSED] - takeFullPageScreenshot(): Taking screenshot successfully

2024-04-02 14:00:03 - [MESSAGE][INFO] - 0 hidden object(s)

2024-04-02 14:00:03 - [MESSAGE][PASSED] - Taking screenshot successfully
[[ATTACHMENT|C:\\CIEL INGENIERIA\\Katalon\\Digiturno55\\Reports\\20240402_135301\\WIZARD\\1Modelo De Negocio\\2.3 Creacion Elementos Servicios\\20240402_135308\\1712084402578.png]]

2024-04-02 14:00:03 - [TEST_STEP][PASSED] - delay(3): Delayed 3 second(s)

2024-04-02 14:00:06 - [MESSAGE][PASSED] - Delayed 3 second(s)

2024-04-02 14:00:06 - [TEST_STEP][PASSED] - Start listener action : sampleAfterTestCase: null]]></system-out>
         <system-err><![CDATA[]]></system-err>
      </testcase>
      <system-out><![CDATA[2024-04-02 13:57:19 - [TEST_SUITE][PASSED] - 2.3 Creacion Elementos Servicios: Test Cases/WIZARD/1Modelo De Negocio/2.3 Creacion Elementos Servicios]]></system-out>
      <system-err><![CDATA[]]></system-err>
   </testsuite>
</testsuites>
