<?xml version="1.0" encoding="UTF-8"?>
<testsuites name="6 Nueva Transaccion Turno" time="59.29" tests="1" failures="0" errors="0">
   <testsuite name="6 Nueva Transaccion Turno" tests="1" failures="0" errors="0" time="59.29" skipped="0" timestamp="2023-08-14 14:02:28" hostname="jdavila - PCPruebas101.ciel.cielingenieria.com" id="Test Suites/DIGITURNO/OPERACION BASICA/6 Nueva Transaccion Turno">
      <properties>
         <property name="deviceName" value=""/>
         <property name="devicePlatform" value=""/>
         <property name="logFolder" value="C:\\CIEL INGENIERIA\\Katalon\\Digiturno55\\Reports\\20230814_135312\\DIGITURNO\\OPERACION BASICA\\6 Nueva Transaccion Turno\\20230814_135328"/>
         <property name="logFiles" value="C:\\CIEL INGENIERIA\\Katalon\\Digiturno55\\Reports\\20230814_135312\\DIGITURNO\\OPERACION BASICA\\6 Nueva Transaccion Turno\\20230814_135328\\execution0.log"/>
         <property name="attachments" value="C:\\CIEL INGENIERIA\\Katalon\\Digiturno55\\Reports\\20230814_135312\\DIGITURNO\\OPERACION BASICA\\6 Nueva Transaccion Turno\\20230814_135328\\1692039796159.png"/>
         <property name="hostName" value="jdavila - PCPruebas101.ciel.cielingenieria.com"/>
         <property name="os" value="Windows 10 64bit"/>
         <property name="katalonVersion" value="8.6.0.208"/>
         <property name="browser" value="Chrome 115.0.0.0"/>
         <property name="hostAddress" value="192.168.0.33"/>
         <property name="sessionId" value="3991fc88dcc11e20296f79cd7e4df34c"/>
         <property name="seleniumVersion" value="3.141.59"/>
         <property name="proxyInformation" value="ProxyInformation { proxyOption=NO_PROXY, proxyServerType=HTTP, username=, password=********, proxyServerAddress=, proxyServerPort=0, executionList=&quot;&quot;, isApplyToDesiredCapabilities=true }"/>
         <property name="platform" value="Windows 10"/>
      </properties>
      <testcase name="Test Cases/DIGITURNO/OPERACION BASICA/6 Nueva Transaccion Turno" time="59.049" classname="Test Cases/DIGITURNO/OPERACION BASICA/6 Nueva Transaccion Turno" status="PASSED">
         <system-out><![CDATA[2023-08-14 14:02:28 - [TEST_CASE][PASSED] - Test Cases/DIGITURNO/OPERACION BASICA/6 Nueva Transaccion Turno: Test Cases/DIGITURNO/OPERACION BASICA/6 Nueva Transaccion Turno

2023-08-14 14:02:28 - [TEST_STEP][PASSED] - callTestCase(findTestCase("0InicioSesion"), [:], STOP_ON_FAILURE): Call Test Case 'Test Cases/0InicioSesion' successfully

2023-08-14 14:02:29 - [TEST_CASE][PASSED] - Test Cases/0InicioSesion: Test Cases/0InicioSesion

2023-08-14 14:02:29 - [TEST_STEP][PASSED] - openBrowser(UrlDigiturno): Browser is opened with url: 'https://PCPruebas101.ciel.cielingenieria.com:8610'

2023-08-14 14:02:29 - [MESSAGE][INFO] - Starting 'Chrome' driver

2023-08-14 14:02:29 - [MESSAGE][INFO] - User set preference: ['args', '[--use-fake-ui-for-media-stream, --disable-notifications]']

2023-08-14 14:02:29 - [MESSAGE][INFO] - Action delay is set to 0 milliseconds

2023-08-14 14:02:32 - [MESSAGE][PASSED] - Browser is opened with url: 'https://PCPruebas101.ciel.cielingenieria.com:8610'

2023-08-14 14:02:32 - [TEST_STEP][PASSED] - maximizeWindow(): Current window maximized

2023-08-14 14:02:32 - [MESSAGE][PASSED] - Current window maximized

2023-08-14 14:02:32 - [TEST_STEP][PASSED] - delay(3): Delayed 3 second(s)

2023-08-14 14:02:35 - [MESSAGE][PASSED] - Delayed 3 second(s)

2023-08-14 14:02:35 - [TEST_STEP][PASSED] - setText(findTestObject("0Inicio Sesion/input_Usuario"), "Ciel"): Text 'Ciel' is set on object 'Object Repository/0Inicio Sesion/input_Usuario'

2023-08-14 14:02:36 - [MESSAGE][PASSED] - Text 'Ciel' is set on object 'Object Repository/0Inicio Sesion/input_Usuario'

2023-08-14 14:02:36 - [TEST_STEP][PASSED] - setText(findTestObject("0Inicio Sesion/input_Clave"), "digiturno"): Text 'digiturno' is set on object 'Object Repository/0Inicio Sesion/input_Clave'

2023-08-14 14:02:36 - [MESSAGE][PASSED] - Text 'digiturno' is set on object 'Object Repository/0Inicio Sesion/input_Clave'

2023-08-14 14:02:36 - [TEST_STEP][PASSED] - click(findTestObject("0Inicio Sesion/btn_IniciarSesion")): Object: 'Object Repository/0Inicio Sesion/btn_IniciarSesion' is clicked on

2023-08-14 14:02:37 - [MESSAGE][PASSED] - Object: 'Object Repository/0Inicio Sesion/btn_IniciarSesion' is clicked on

2023-08-14 14:02:37 - [TEST_STEP][PASSED] - delay(3): Delayed 3 second(s)

2023-08-14 14:02:40 - [MESSAGE][PASSED] - Delayed 3 second(s)

2023-08-14 14:02:40 - [MESSAGE][PASSED] - Call Test Case 'Test Cases/0InicioSesion' successfully

2023-08-14 14:02:40 - [TEST_STEP][PASSED] - click(findTestObject("DIGITURNO/1Principal/img_Operacion(1)")): Object: 'Object Repository/DIGITURNO/1Principal/img_Operacion(1)' is clicked on

2023-08-14 14:02:40 - [MESSAGE][PASSED] - Object: 'Object Repository/DIGITURNO/1Principal/img_Operacion(1)' is clicked on

2023-08-14 14:02:40 - [TEST_STEP][PASSED] - delay(3): Delayed 3 second(s)

2023-08-14 14:02:43 - [MESSAGE][PASSED] - Delayed 3 second(s)

2023-08-14 14:02:43 - [TEST_STEP][PASSED] - click(findTestObject("DIGITURNO/OPERACION/0Principal/Elementos del Sistema/img_Terminales")): Object: 'Object Repository/DIGITURNO/OPERACION/0Principal/Elementos del Sistema/img_Terminales' is clicked on

2023-08-14 14:02:44 - [MESSAGE][PASSED] - Object: 'Object Repository/DIGITURNO/OPERACION/0Principal/Elementos del Sistema/img_Terminales' is clicked on

2023-08-14 14:02:44 - [TEST_STEP][PASSED] - delay(3): Delayed 3 second(s)

2023-08-14 14:02:47 - [MESSAGE][PASSED] - Delayed 3 second(s)

2023-08-14 14:02:47 - [TEST_STEP][PASSED] - click(findTestObject("DIGITURNO/OPERACION/2Terminales/0Oficinas/td_1Bogota - CIEL")): Object: 'Object Repository/DIGITURNO/OPERACION/2Terminales/0Oficinas/td_1Bogota - CIEL' is clicked on

2023-08-14 14:02:47 - [MESSAGE][PASSED] - Object: 'Object Repository/DIGITURNO/OPERACION/2Terminales/0Oficinas/td_1Bogota - CIEL' is clicked on

2023-08-14 14:02:47 - [TEST_STEP][PASSED] - delay(3): Delayed 3 second(s)

2023-08-14 14:02:50 - [MESSAGE][PASSED] - Delayed 3 second(s)

2023-08-14 14:02:50 - [TEST_STEP][PASSED] - click(findTestObject("DIGITURNO/OPERACION/2Terminales/0Terminales (Menos WorkFlow)/td_1 - Terminal - Informacion")): Object: 'Object Repository/DIGITURNO/OPERACION/2Terminales/0Terminales (Menos WorkFlow)/td_1 - Terminal - Informacion' is clicked on

2023-08-14 14:02:51 - [MESSAGE][PASSED] - Object: 'Object Repository/DIGITURNO/OPERACION/2Terminales/0Terminales (Menos WorkFlow)/td_1 - Terminal - Informacion' is clicked on

2023-08-14 14:02:51 - [TEST_STEP][PASSED] - switchToWindowIndex(1): Switched to window with index: '1'

2023-08-14 14:02:51 - [MESSAGE][PASSED] - Switched to window with index: '1'

2023-08-14 14:02:51 - [TEST_STEP][PASSED] - delay(3): Delayed 3 second(s)

2023-08-14 14:02:54 - [MESSAGE][PASSED] - Delayed 3 second(s)

2023-08-14 14:02:54 - [TEST_STEP][PASSED] - click(findTestObject("DIGITURNO/OPERACION/2Terminales/Terminal/img_Llamar")): Object: 'Object Repository/DIGITURNO/OPERACION/2Terminales/Terminal/img_Llamar' is clicked on

2023-08-14 14:02:55 - [MESSAGE][PASSED] - Object: 'Object Repository/DIGITURNO/OPERACION/2Terminales/Terminal/img_Llamar' is clicked on

2023-08-14 14:02:55 - [TEST_STEP][PASSED] - delay(3): Delayed 3 second(s)

2023-08-14 14:02:58 - [MESSAGE][PASSED] - Delayed 3 second(s)

2023-08-14 14:02:58 - [TEST_STEP][PASSED] - click(findTestObject("DIGITURNO/OPERACION/2Terminales/Terminal/img_Ocupado")): Object: 'Object Repository/DIGITURNO/OPERACION/2Terminales/Terminal/img_Ocupado' is clicked on

2023-08-14 14:02:59 - [MESSAGE][PASSED] - Object: 'Object Repository/DIGITURNO/OPERACION/2Terminales/Terminal/img_Ocupado' is clicked on

2023-08-14 14:02:59 - [TEST_STEP][PASSED] - delay(3): Delayed 3 second(s)

2023-08-14 14:03:02 - [MESSAGE][PASSED] - Delayed 3 second(s)

2023-08-14 14:03:02 - [TEST_STEP][PASSED] - click(findTestObject("DIGITURNO/OPERACION/2Terminales/Terminal/img_Ocupado(1)/a_1Actualizacion de Datos")): Object: 'Object Repository/DIGITURNO/OPERACION/2Terminales/Terminal/img_Ocupado(1)/a_1Actualizacion de Datos' is clicked on

2023-08-14 14:03:02 - [MESSAGE][PASSED] - Object: 'Object Repository/DIGITURNO/OPERACION/2Terminales/Terminal/img_Ocupado(1)/a_1Actualizacion de Datos' is clicked on

2023-08-14 14:03:02 - [TEST_STEP][PASSED] - delay(3): Delayed 3 second(s)

2023-08-14 14:03:05 - [MESSAGE][PASSED] - Delayed 3 second(s)

2023-08-14 14:03:05 - [TEST_STEP][PASSED] - click(findTestObject("DIGITURNO/OPERACION/2Terminales/Terminal/img_Nueva Transaccion")): Object: 'Object Repository/DIGITURNO/OPERACION/2Terminales/Terminal/img_Nueva Transaccion' is clicked on

2023-08-14 14:03:06 - [MESSAGE][PASSED] - Object: 'Object Repository/DIGITURNO/OPERACION/2Terminales/Terminal/img_Nueva Transaccion' is clicked on

2023-08-14 14:03:06 - [TEST_STEP][PASSED] - delay(3): Delayed 3 second(s)

2023-08-14 14:03:09 - [MESSAGE][PASSED] - Delayed 3 second(s)

2023-08-14 14:03:09 - [TEST_STEP][PASSED] - click(findTestObject("DIGITURNO/OPERACION/2Terminales/Terminal/img_Nueva Transaccion(1)/a_3Radicaciones General")): Object: 'Object Repository/DIGITURNO/OPERACION/2Terminales/Terminal/img_Nueva Transaccion(1)/a_3Radicaciones General' is clicked on

2023-08-14 14:03:09 - [MESSAGE][PASSED] - Object: 'Object Repository/DIGITURNO/OPERACION/2Terminales/Terminal/img_Nueva Transaccion(1)/a_3Radicaciones General' is clicked on

2023-08-14 14:03:09 - [TEST_STEP][PASSED] - delay(3): Delayed 3 second(s)

2023-08-14 14:03:12 - [MESSAGE][PASSED] - Delayed 3 second(s)

2023-08-14 14:03:12 - [TEST_STEP][PASSED] - click(findTestObject("DIGITURNO/OPERACION/2Terminales/Terminal/img_Nueva Transaccion(1)/img_Nueva Transaccion(2)/a_2")): Object: 'Object Repository/DIGITURNO/OPERACION/2Terminales/Terminal/img_Nueva Transaccion(1)/img_Nueva Transaccion(2)/a_2' is clicked on

2023-08-14 14:03:13 - [MESSAGE][PASSED] - Object: 'Object Repository/DIGITURNO/OPERACION/2Terminales/Terminal/img_Nueva Transaccion(1)/img_Nueva Transaccion(2)/a_2' is clicked on

2023-08-14 14:03:13 - [TEST_STEP][PASSED] - delay(3): Delayed 3 second(s)

2023-08-14 14:03:16 - [MESSAGE][PASSED] - Delayed 3 second(s)

2023-08-14 14:03:16 - [TEST_STEP][PASSED] - takeFullPageScreenshot(): Taking screenshot successfully

2023-08-14 14:03:16 - [MESSAGE][INFO] - 0 hidden object(s)

2023-08-14 14:03:16 - [MESSAGE][PASSED] - Taking screenshot successfully
[[ATTACHMENT|C:\\CIEL INGENIERIA\\Katalon\\Digiturno55\\Reports\\20230814_135312\\DIGITURNO\\OPERACION BASICA\\6 Nueva Transaccion Turno\\20230814_135328\\1692039796159.png]]

2023-08-14 14:03:16 - [TEST_STEP][PASSED] - delay(3): Delayed 3 second(s)

2023-08-14 14:03:19 - [MESSAGE][PASSED] - Delayed 3 second(s)

2023-08-14 14:03:19 - [TEST_STEP][PASSED] - click(findTestObject("DIGITURNO/OPERACION/2Terminales/Terminal/img_Cerrar")): Object: 'Object Repository/DIGITURNO/OPERACION/2Terminales/Terminal/img_Cerrar' is clicked on

2023-08-14 14:03:20 - [MESSAGE][PASSED] - Object: 'Object Repository/DIGITURNO/OPERACION/2Terminales/Terminal/img_Cerrar' is clicked on

2023-08-14 14:03:20 - [TEST_STEP][PASSED] - delay(3): Delayed 3 second(s)

2023-08-14 14:03:23 - [MESSAGE][PASSED] - Delayed 3 second(s)

2023-08-14 14:03:23 - [TEST_STEP][PASSED] - click(findTestObject("DIGITURNO/OPERACION/2Terminales/Terminal/img_Cerrar(1)/btn_4FindeJornada_8")): Object: 'Object Repository/DIGITURNO/OPERACION/2Terminales/Terminal/img_Cerrar(1)/btn_4FindeJornada_8' is clicked on

2023-08-14 14:03:24 - [MESSAGE][PASSED] - Object: 'Object Repository/DIGITURNO/OPERACION/2Terminales/Terminal/img_Cerrar(1)/btn_4FindeJornada_8' is clicked on

2023-08-14 14:03:24 - [TEST_STEP][PASSED] - delay(3): Delayed 3 second(s)

2023-08-14 14:03:27 - [MESSAGE][PASSED] - Delayed 3 second(s)

2023-08-14 14:03:27 - [TEST_STEP][PASSED] - Start listener action : sampleAfterTestCase: null]]></system-out>
         <system-err><![CDATA[]]></system-err>
      </testcase>
      <system-out><![CDATA[2023-08-14 14:02:28 - [TEST_SUITE][PASSED] - 6 Nueva Transaccion Turno: Test Cases/DIGITURNO/OPERACION BASICA/6 Nueva Transaccion Turno]]></system-out>
      <system-err><![CDATA[]]></system-err>
   </testsuite>
</testsuites>
