<?xml version="1.0" encoding="UTF-8"?>
<testsuites name="15 Consultar Usuarios" time="45.513" tests="1" failures="0" errors="0">
   <testsuite name="15 Consultar Usuarios" tests="1" failures="0" errors="0" time="45.513" skipped="0" timestamp="2023-08-14 14:20:43" hostname="jdavila - PCPruebas101.ciel.cielingenieria.com" id="Test Suites/DIGITURNO/BASICO/15 Consultar Usuarios">
      <properties>
         <property name="deviceName" value=""/>
         <property name="devicePlatform" value=""/>
         <property name="logFolder" value="C:\\CIEL INGENIERIA\\Katalon\\Digiturno55\\Reports\\20230814_141235\\DIGITURNO\\BASICO\\15 Consultar Usuarios\\20230814_141244"/>
         <property name="logFiles" value="C:\\CIEL INGENIERIA\\Katalon\\Digiturno55\\Reports\\20230814_141235\\DIGITURNO\\BASICO\\15 Consultar Usuarios\\20230814_141244\\execution0.log"/>
         <property name="attachments" value="C:\\CIEL INGENIERIA\\Katalon\\Digiturno55\\Reports\\20230814_141235\\DIGITURNO\\BASICO\\15 Consultar Usuarios\\20230814_141244\\1692040862415.png, C:\\CIEL INGENIERIA\\Katalon\\Digiturno55\\Reports\\20230814_141235\\DIGITURNO\\BASICO\\15 Consultar Usuarios\\20230814_141244\\1692040877119.png, C:\\CIEL INGENIERIA\\Katalon\\Digiturno55\\Reports\\20230814_141235\\DIGITURNO\\BASICO\\15 Consultar Usuarios\\20230814_141244\\1692040885093.png"/>
         <property name="hostName" value="jdavila - PCPruebas101.ciel.cielingenieria.com"/>
         <property name="os" value="Windows 10 64bit"/>
         <property name="katalonVersion" value="8.6.0.208"/>
         <property name="browser" value="Chrome 115.0.0.0"/>
         <property name="hostAddress" value="192.168.0.33"/>
         <property name="sessionId" value="cffb8587040d0f1a6431bdf649b670c1"/>
         <property name="seleniumVersion" value="3.141.59"/>
         <property name="proxyInformation" value="ProxyInformation { proxyOption=NO_PROXY, proxyServerType=HTTP, username=, password=********, proxyServerAddress=, proxyServerPort=0, executionList=&quot;&quot;, isApplyToDesiredCapabilities=true }"/>
         <property name="platform" value="Windows 10"/>
      </properties>
      <testcase name="Test Cases/DIGITURNO/BASICO/15 Consultar Usuarios" time="45.269" classname="Test Cases/DIGITURNO/BASICO/15 Consultar Usuarios" status="PASSED">
         <system-out><![CDATA[2023-08-14 14:20:43 - [TEST_CASE][PASSED] - Test Cases/DIGITURNO/BASICO/15 Consultar Usuarios: Test Cases/DIGITURNO/BASICO/15 Consultar Usuarios

2023-08-14 14:20:43 - [TEST_STEP][PASSED] - callTestCase(findTestCase("DIGITURNO/BASICO/5 Usuarios"), [:], STOP_ON_FAILURE): Call Test Case 'Test Cases/DIGITURNO/BASICO/5 Usuarios' successfully

2023-08-14 14:20:43 - [TEST_CASE][PASSED] - Test Cases/DIGITURNO/BASICO/5 Usuarios: Test Cases/DIGITURNO/BASICO/5 Usuarios

2023-08-14 14:20:44 - [TEST_STEP][PASSED] - callTestCase(findTestCase("0InicioSesion"), [:], STOP_ON_FAILURE): Call Test Case 'Test Cases/0InicioSesion' successfully

2023-08-14 14:20:44 - [TEST_CASE][PASSED] - Test Cases/0InicioSesion: Test Cases/0InicioSesion

2023-08-14 14:20:44 - [TEST_STEP][PASSED] - openBrowser(UrlDigiturno): Browser is opened with url: 'https://PCPruebas101.ciel.cielingenieria.com:8610'

2023-08-14 14:20:44 - [MESSAGE][INFO] - Starting 'Chrome' driver

2023-08-14 14:20:44 - [MESSAGE][INFO] - User set preference: ['args', '[--use-fake-ui-for-media-stream, --disable-notifications]']

2023-08-14 14:20:44 - [MESSAGE][INFO] - Action delay is set to 0 milliseconds

2023-08-14 14:20:47 - [MESSAGE][PASSED] - Browser is opened with url: 'https://PCPruebas101.ciel.cielingenieria.com:8610'

2023-08-14 14:20:47 - [TEST_STEP][PASSED] - maximizeWindow(): Current window maximized

2023-08-14 14:20:47 - [MESSAGE][PASSED] - Current window maximized

2023-08-14 14:20:47 - [TEST_STEP][PASSED] - delay(3): Delayed 3 second(s)

2023-08-14 14:20:50 - [MESSAGE][PASSED] - Delayed 3 second(s)

2023-08-14 14:20:50 - [TEST_STEP][PASSED] - setText(findTestObject("0Inicio Sesion/input_Usuario"), "Ciel"): Text 'Ciel' is set on object 'Object Repository/0Inicio Sesion/input_Usuario'

2023-08-14 14:20:51 - [MESSAGE][PASSED] - Text 'Ciel' is set on object 'Object Repository/0Inicio Sesion/input_Usuario'

2023-08-14 14:20:51 - [TEST_STEP][PASSED] - setText(findTestObject("0Inicio Sesion/input_Clave"), "digiturno"): Text 'digiturno' is set on object 'Object Repository/0Inicio Sesion/input_Clave'

2023-08-14 14:20:51 - [MESSAGE][PASSED] - Text 'digiturno' is set on object 'Object Repository/0Inicio Sesion/input_Clave'

2023-08-14 14:20:51 - [TEST_STEP][PASSED] - click(findTestObject("0Inicio Sesion/btn_IniciarSesion")): Object: 'Object Repository/0Inicio Sesion/btn_IniciarSesion' is clicked on

2023-08-14 14:20:52 - [MESSAGE][PASSED] - Object: 'Object Repository/0Inicio Sesion/btn_IniciarSesion' is clicked on

2023-08-14 14:20:52 - [TEST_STEP][PASSED] - delay(3): Delayed 3 second(s)

2023-08-14 14:20:55 - [MESSAGE][PASSED] - Delayed 3 second(s)

2023-08-14 14:20:55 - [MESSAGE][PASSED] - Call Test Case 'Test Cases/0InicioSesion' successfully

2023-08-14 14:20:55 - [TEST_STEP][PASSED] - click(findTestObject("DIGITURNO/1Principal/img_Configuracion(1)")): Object: 'Object Repository/DIGITURNO/1Principal/img_Configuracion(1)' is clicked on

2023-08-14 14:20:55 - [MESSAGE][PASSED] - Object: 'Object Repository/DIGITURNO/1Principal/img_Configuracion(1)' is clicked on

2023-08-14 14:20:55 - [TEST_STEP][PASSED] - delay(3): Delayed 3 second(s)

2023-08-14 14:20:58 - [MESSAGE][PASSED] - Delayed 3 second(s)

2023-08-14 14:20:58 - [TEST_STEP][PASSED] - click(findTestObject("DIGITURNO/CONFIGURACION/0Principal/img_4Usuarios")): Object: 'Object Repository/DIGITURNO/CONFIGURACION/0Principal/img_4Usuarios' is clicked on

2023-08-14 14:20:59 - [MESSAGE][PASSED] - Object: 'Object Repository/DIGITURNO/CONFIGURACION/0Principal/img_4Usuarios' is clicked on

2023-08-14 14:20:59 - [TEST_STEP][PASSED] - delay(3): Delayed 3 second(s)

2023-08-14 14:21:02 - [MESSAGE][PASSED] - Delayed 3 second(s)

2023-08-14 14:21:02 - [TEST_STEP][PASSED] - takeFullPageScreenshot(STOP_ON_FAILURE): Taking screenshot successfully

2023-08-14 14:21:02 - [MESSAGE][INFO] - 0 hidden object(s)

2023-08-14 14:21:03 - [MESSAGE][PASSED] - Taking screenshot successfully
[[ATTACHMENT|C:\\CIEL INGENIERIA\\Katalon\\Digiturno55\\Reports\\20230814_141235\\DIGITURNO\\BASICO\\15 Consultar Usuarios\\20230814_141244\\1692040862415.png]]

2023-08-14 14:21:03 - [TEST_STEP][PASSED] - delay(3): Delayed 3 second(s)

2023-08-14 14:21:06 - [MESSAGE][PASSED] - Delayed 3 second(s)

2023-08-14 14:21:06 - [MESSAGE][PASSED] - Call Test Case 'Test Cases/DIGITURNO/BASICO/5 Usuarios' successfully

2023-08-14 14:21:06 - [TEST_STEP][PASSED] - delay(3): Delayed 3 second(s)

2023-08-14 14:21:09 - [MESSAGE][PASSED] - Delayed 3 second(s)

2023-08-14 14:21:09 - [TEST_STEP][PASSED] - click(findTestObject("DIGITURNO/CONFIGURACION/4Usuarios/0Principal/img_3Consultar Usuarios")): Object: 'Object Repository/DIGITURNO/CONFIGURACION/4Usuarios/0Principal/img_3Consultar Usuarios' is clicked on

2023-08-14 14:21:09 - [MESSAGE][PASSED] - Object: 'Object Repository/DIGITURNO/CONFIGURACION/4Usuarios/0Principal/img_3Consultar Usuarios' is clicked on

2023-08-14 14:21:09 - [TEST_STEP][PASSED] - delay(3): Delayed 3 second(s)

2023-08-14 14:21:12 - [MESSAGE][PASSED] - Delayed 3 second(s)

2023-08-14 14:21:12 - [TEST_STEP][PASSED] - setText(findTestObject("DIGITURNO/CONFIGURACION/4Usuarios/3Consultar Usuarios/0Filtro Por Nombre de usuario/input_TextoABuscar"), "admin"): Text 'admin' is set on object 'Object Repository/DIGITURNO/CONFIGURACION/4Usuarios/3Consultar Usuarios/0Filtro Por Nombre de usuario/input_TextoABuscar'

2023-08-14 14:21:13 - [MESSAGE][PASSED] - Text 'admin' is set on object 'Object Repository/DIGITURNO/CONFIGURACION/4Usuarios/3Consultar Usuarios/0Filtro Por Nombre de usuario/input_TextoABuscar'

2023-08-14 14:21:13 - [TEST_STEP][PASSED] - click(findTestObject("DIGITURNO/CONFIGURACION/4Usuarios/3Consultar Usuarios/0Filtro Por Nombre de usuario/img_Filtrar")): Object: 'Object Repository/DIGITURNO/CONFIGURACION/4Usuarios/3Consultar Usuarios/0Filtro Por Nombre de usuario/img_Filtrar' is clicked on

2023-08-14 14:21:14 - [MESSAGE][PASSED] - Object: 'Object Repository/DIGITURNO/CONFIGURACION/4Usuarios/3Consultar Usuarios/0Filtro Por Nombre de usuario/img_Filtrar' is clicked on

2023-08-14 14:21:14 - [TEST_STEP][PASSED] - delay(3): Delayed 3 second(s)

2023-08-14 14:21:17 - [MESSAGE][PASSED] - Delayed 3 second(s)

2023-08-14 14:21:17 - [TEST_STEP][PASSED] - takeFullPageScreenshot(): Taking screenshot successfully

2023-08-14 14:21:17 - [MESSAGE][INFO] - 0 hidden object(s)

2023-08-14 14:21:17 - [MESSAGE][PASSED] - Taking screenshot successfully
[[ATTACHMENT|C:\\CIEL INGENIERIA\\Katalon\\Digiturno55\\Reports\\20230814_141235\\DIGITURNO\\BASICO\\15 Consultar Usuarios\\20230814_141244\\1692040877119.png]]

2023-08-14 14:21:17 - [TEST_STEP][PASSED] - delay(3): Delayed 3 second(s)

2023-08-14 14:21:20 - [MESSAGE][PASSED] - Delayed 3 second(s)

2023-08-14 14:21:20 - [TEST_STEP][PASSED] - setText(findTestObject("DIGITURNO/CONFIGURACION/4Usuarios/3Consultar Usuarios/0Filtro Por Nombre de usuario/input_TextoABuscar"), "CIEL"): Text 'CIEL' is set on object 'Object Repository/DIGITURNO/CONFIGURACION/4Usuarios/3Consultar Usuarios/0Filtro Por Nombre de usuario/input_TextoABuscar'

2023-08-14 14:21:21 - [MESSAGE][PASSED] - Text 'CIEL' is set on object 'Object Repository/DIGITURNO/CONFIGURACION/4Usuarios/3Consultar Usuarios/0Filtro Por Nombre de usuario/input_TextoABuscar'

2023-08-14 14:21:21 - [TEST_STEP][PASSED] - click(findTestObject("DIGITURNO/CONFIGURACION/4Usuarios/3Consultar Usuarios/0Filtro Por Nombre de usuario/img_Filtrar")): Object: 'Object Repository/DIGITURNO/CONFIGURACION/4Usuarios/3Consultar Usuarios/0Filtro Por Nombre de usuario/img_Filtrar' is clicked on

2023-08-14 14:21:22 - [MESSAGE][PASSED] - Object: 'Object Repository/DIGITURNO/CONFIGURACION/4Usuarios/3Consultar Usuarios/0Filtro Por Nombre de usuario/img_Filtrar' is clicked on

2023-08-14 14:21:22 - [TEST_STEP][PASSED] - delay(3): Delayed 3 second(s)

2023-08-14 14:21:25 - [MESSAGE][PASSED] - Delayed 3 second(s)

2023-08-14 14:21:25 - [TEST_STEP][PASSED] - takeFullPageScreenshot(): Taking screenshot successfully

2023-08-14 14:21:25 - [MESSAGE][INFO] - 0 hidden object(s)

2023-08-14 14:21:25 - [MESSAGE][PASSED] - Taking screenshot successfully
[[ATTACHMENT|C:\\CIEL INGENIERIA\\Katalon\\Digiturno55\\Reports\\20230814_141235\\DIGITURNO\\BASICO\\15 Consultar Usuarios\\20230814_141244\\1692040885093.png]]

2023-08-14 14:21:25 - [TEST_STEP][PASSED] - delay(3): Delayed 3 second(s)

2023-08-14 14:21:28 - [MESSAGE][PASSED] - Delayed 3 second(s)

2023-08-14 14:21:28 - [TEST_STEP][PASSED] - Start listener action : sampleAfterTestCase: null]]></system-out>
         <system-err><![CDATA[]]></system-err>
      </testcase>
      <system-out><![CDATA[2023-08-14 14:20:43 - [TEST_SUITE][PASSED] - 15 Consultar Usuarios: Test Cases/DIGITURNO/BASICO/15 Consultar Usuarios]]></system-out>
      <system-err><![CDATA[]]></system-err>
   </testsuite>
</testsuites>
