<?xml version="1.0" encoding="UTF-8"?>
<testsuites name="5.7 Crear Motivos" time="137.422" tests="1" failures="0" errors="0">
   <testsuite name="5.7 Crear Motivos" tests="1" failures="0" errors="0" time="137.422" skipped="0" timestamp="2024-01-15 10:45:36" hostname="jdavila - PCPruebas101.ciel.cielingenieria.com" id="Test Suites/WIZARD/3Infraestructura/7Motivos/5.7 Crear Motivos">
      <properties>
         <property name="deviceName" value=""/>
         <property name="devicePlatform" value=""/>
         <property name="logFolder" value="C:\\CIEL INGENIERIA\\Katalon\\Digiturno55\\Reports\\20240115_094157\\WIZARD\\3Infraestructura\\7Motivos\\5.7 Crear Motivos\\20240115_094325"/>
         <property name="logFiles" value="C:\\CIEL INGENIERIA\\Katalon\\Digiturno55\\Reports\\20240115_094157\\WIZARD\\3Infraestructura\\7Motivos\\5.7 Crear Motivos\\20240115_094325\\execution0.log"/>
         <property name="attachments" value="C:\\CIEL INGENIERIA\\Katalon\\Digiturno55\\Reports\\20240115_094157\\WIZARD\\3Infraestructura\\7Motivos\\5.7 Crear Motivos\\20240115_094325\\1705333669813.png"/>
         <property name="hostName" value="jdavila - PCPruebas101.ciel.cielingenieria.com"/>
         <property name="os" value="Windows 10 64bit"/>
         <property name="katalonVersion" value="8.6.8.208"/>
         <property name="browser" value="Chrome 120.0.0.0"/>
         <property name="hostAddress" value="192.168.0.9"/>
         <property name="sessionId" value="d399c131318ee87a8a2611afef240819"/>
         <property name="seleniumVersion" value="3.141.59"/>
         <property name="proxyInformation" value="ProxyInformation { proxyOption=NO_PROXY, proxyServerType=HTTP, username=, password=********, proxyServerAddress=, proxyServerPort=0, executionList=&quot;&quot;, isApplyToDesiredCapabilities=true }"/>
         <property name="platform" value="Windows 10"/>
      </properties>
      <testcase name="Test Cases/WIZARD/3Infraestructura/7Motivos/5.7 Crear Motivos" time="137.192" classname="Test Cases/WIZARD/3Infraestructura/7Motivos/5.7 Crear Motivos" status="PASSED">
         <system-out><![CDATA[2024-01-15 10:45:36 - [TEST_CASE][PASSED] - Test Cases/WIZARD/3Infraestructura/7Motivos/5.7 Crear Motivos: Test Cases/WIZARD/3Infraestructura/7Motivos/5.7 Crear Motivos

2024-01-15 10:45:36 - [TEST_STEP][PASSED] - callTestCase(findTestCase("0InicioSesion"), [:], STOP_ON_FAILURE): Call Test Case 'Test Cases/0InicioSesion' successfully

2024-01-15 10:45:37 - [TEST_CASE][PASSED] - Test Cases/0InicioSesion: Test Cases/0InicioSesion

2024-01-15 10:45:37 - [TEST_STEP][PASSED] - openBrowser(UrlDigiturno): Browser is opened with url: 'https://PCPruebas101.ciel.cielingenieria.com:8610'

2024-01-15 10:45:37 - [MESSAGE][INFO] - Starting 'Chrome' driver

2024-01-15 10:45:37 - [MESSAGE][INFO] - User set preference: ['args', '[--use-fake-ui-for-media-stream, --disable-notifications]']

2024-01-15 10:45:37 - [MESSAGE][INFO] - Action delay is set to 0 milliseconds

2024-01-15 10:45:40 - [MESSAGE][PASSED] - Browser is opened with url: 'https://PCPruebas101.ciel.cielingenieria.com:8610'

2024-01-15 10:45:40 - [TEST_STEP][PASSED] - maximizeWindow(): Current window maximized

2024-01-15 10:45:40 - [MESSAGE][PASSED] - Current window maximized

2024-01-15 10:45:40 - [TEST_STEP][PASSED] - delay(3): Delayed 3 second(s)

2024-01-15 10:45:43 - [MESSAGE][PASSED] - Delayed 3 second(s)

2024-01-15 10:45:43 - [TEST_STEP][PASSED] - setText(findTestObject("0Inicio Sesion/input_Usuario"), "Ciel"): Text 'Ciel' is set on object 'Object Repository/0Inicio Sesion/input_Usuario'

2024-01-15 10:45:44 - [MESSAGE][PASSED] - Text 'Ciel' is set on object 'Object Repository/0Inicio Sesion/input_Usuario'

2024-01-15 10:45:44 - [TEST_STEP][PASSED] - setText(findTestObject("0Inicio Sesion/input_Clave"), "digiturno"): Text 'digiturno' is set on object 'Object Repository/0Inicio Sesion/input_Clave'

2024-01-15 10:45:44 - [MESSAGE][PASSED] - Text 'digiturno' is set on object 'Object Repository/0Inicio Sesion/input_Clave'

2024-01-15 10:45:44 - [TEST_STEP][PASSED] - click(findTestObject("0Inicio Sesion/btn_IniciarSesion")): Object: 'Object Repository/0Inicio Sesion/btn_IniciarSesion' is clicked on

2024-01-15 10:45:45 - [MESSAGE][PASSED] - Object: 'Object Repository/0Inicio Sesion/btn_IniciarSesion' is clicked on

2024-01-15 10:45:45 - [TEST_STEP][PASSED] - delay(3): Delayed 3 second(s)

2024-01-15 10:45:48 - [MESSAGE][PASSED] - Delayed 3 second(s)

2024-01-15 10:45:48 - [MESSAGE][PASSED] - Call Test Case 'Test Cases/0InicioSesion' successfully

2024-01-15 10:45:48 - [TEST_STEP][PASSED] - click(findTestObject("WIZARD/0Principal/img_InfraestructuraMAX")): Object: 'Object Repository/WIZARD/0Principal/img_InfraestructuraMAX' is clicked on

2024-01-15 10:45:49 - [MESSAGE][PASSED] - Object: 'Object Repository/WIZARD/0Principal/img_InfraestructuraMAX' is clicked on

2024-01-15 10:45:49 - [TEST_STEP][PASSED] - delay(3): Delayed 3 second(s)

2024-01-15 10:45:52 - [MESSAGE][PASSED] - Delayed 3 second(s)

2024-01-15 10:45:52 - [TEST_STEP][PASSED] - click(findTestObject("WIZARD/3Infraestructura/0Menu/span_Motivos")): Object: 'Object Repository/WIZARD/3Infraestructura/0Menu/span_Motivos' is clicked on

2024-01-15 10:45:54 - [MESSAGE][PASSED] - Object: 'Object Repository/WIZARD/3Infraestructura/0Menu/span_Motivos' is clicked on

2024-01-15 10:45:54 - [TEST_STEP][PASSED] - delay(3): Delayed 3 second(s)

2024-01-15 10:45:57 - [MESSAGE][PASSED] - Delayed 3 second(s)

2024-01-15 10:45:57 - [TEST_STEP][PASSED] - click(findTestObject("WIZARD/3Infraestructura/7Motivos/Motivos/span_Motivos")): Object: 'Object Repository/WIZARD/3Infraestructura/7Motivos/Motivos/span_Motivos' is clicked on

2024-01-15 10:45:57 - [MESSAGE][PASSED] - Object: 'Object Repository/WIZARD/3Infraestructura/7Motivos/Motivos/span_Motivos' is clicked on

2024-01-15 10:45:57 - [TEST_STEP][PASSED] - delay(3): Delayed 3 second(s)

2024-01-15 10:46:00 - [MESSAGE][PASSED] - Delayed 3 second(s)

2024-01-15 10:46:00 - [TEST_STEP][PASSED] - setText(findTestObject("WIZARD/3Infraestructura/7Motivos/Motivos/span_Motivos(1)/input_Nombre"), "Hora de almuerzo"): Text 'Hora de almuerzo' is set on object 'Object Repository/WIZARD/3Infraestructura/7Motivos/Motivos/span_Motivos(1)/input_Nombre'

2024-01-15 10:46:01 - [MESSAGE][PASSED] - Text 'Hora de almuerzo' is set on object 'Object Repository/WIZARD/3Infraestructura/7Motivos/Motivos/span_Motivos(1)/input_Nombre'

2024-01-15 10:46:01 - [TEST_STEP][PASSED] - setText(findTestObject("WIZARD/3Infraestructura/7Motivos/Motivos/span_Motivos(1)/textarea_Descripcion"), "Hora de almuerzo"): Text 'Hora de almuerzo' is set on object 'Object Repository/WIZARD/3Infraestructura/7Motivos/Motivos/span_Motivos(1)/textarea_Descripcion'

2024-01-15 10:46:02 - [MESSAGE][PASSED] - Text 'Hora de almuerzo' is set on object 'Object Repository/WIZARD/3Infraestructura/7Motivos/Motivos/span_Motivos(1)/textarea_Descripcion'

2024-01-15 10:46:02 - [TEST_STEP][PASSED] - selectOptionByLabel(findTestObject("WIZARD/3Infraestructura/7Motivos/Motivos/span_Motivos(1)/select_Tipo motivo"), "Cierre", false): All options with label 'Cierre' are selected in object 'Object Repository/WIZARD/3Infraestructura/7Motivos/Motivos/span_Motivos(1)/select_Tipo motivo' 

2024-01-15 10:46:03 - [MESSAGE][PASSED] - All options with label 'Cierre' are selected in object 'Object Repository/WIZARD/3Infraestructura/7Motivos/Motivos/span_Motivos(1)/select_Tipo motivo' 

2024-01-15 10:46:03 - [TEST_STEP][PASSED] - selectOptionByLabel(findTestObject("WIZARD/3Infraestructura/7Motivos/Motivos/span_Motivos(1)/select_Tipo Ocio"), "Receso Laboral", false): All options with label 'Receso Laboral' are selected in object 'Object Repository/WIZARD/3Infraestructura/7Motivos/Motivos/span_Motivos(1)/select_Tipo Ocio' 

2024-01-15 10:46:03 - [MESSAGE][PASSED] - All options with label 'Receso Laboral' are selected in object 'Object Repository/WIZARD/3Infraestructura/7Motivos/Motivos/span_Motivos(1)/select_Tipo Ocio' 

2024-01-15 10:46:03 - [TEST_STEP][PASSED] - click(findTestObject("WIZARD/3Infraestructura/7Motivos/Motivos/span_Motivos(1)/img_Nuevo")): Object: 'Object Repository/WIZARD/3Infraestructura/7Motivos/Motivos/span_Motivos(1)/img_Nuevo' is clicked on

2024-01-15 10:46:04 - [MESSAGE][PASSED] - Object: 'Object Repository/WIZARD/3Infraestructura/7Motivos/Motivos/span_Motivos(1)/img_Nuevo' is clicked on

2024-01-15 10:46:04 - [TEST_STEP][PASSED] - delay(3): Delayed 3 second(s)

2024-01-15 10:46:07 - [MESSAGE][PASSED] - Delayed 3 second(s)

2024-01-15 10:46:07 - [TEST_STEP][PASSED] - setText(findTestObject("WIZARD/3Infraestructura/7Motivos/Motivos/span_Motivos(1)/input_Nombre"), "Pausa Activa AM"): Text 'Pausa Activa AM' is set on object 'Object Repository/WIZARD/3Infraestructura/7Motivos/Motivos/span_Motivos(1)/input_Nombre'

2024-01-15 10:46:08 - [MESSAGE][PASSED] - Text 'Pausa Activa AM' is set on object 'Object Repository/WIZARD/3Infraestructura/7Motivos/Motivos/span_Motivos(1)/input_Nombre'

2024-01-15 10:46:08 - [TEST_STEP][PASSED] - setText(findTestObject("WIZARD/3Infraestructura/7Motivos/Motivos/span_Motivos(1)/textarea_Descripcion"), "Pausa Activa AM"): Text 'Pausa Activa AM' is set on object 'Object Repository/WIZARD/3Infraestructura/7Motivos/Motivos/span_Motivos(1)/textarea_Descripcion'

2024-01-15 10:46:08 - [MESSAGE][PASSED] - Text 'Pausa Activa AM' is set on object 'Object Repository/WIZARD/3Infraestructura/7Motivos/Motivos/span_Motivos(1)/textarea_Descripcion'

2024-01-15 10:46:08 - [TEST_STEP][PASSED] - selectOptionByLabel(findTestObject("WIZARD/3Infraestructura/7Motivos/Motivos/span_Motivos(1)/select_Tipo motivo"), "Cierre", false): All options with label 'Cierre' are selected in object 'Object Repository/WIZARD/3Infraestructura/7Motivos/Motivos/span_Motivos(1)/select_Tipo motivo' 

2024-01-15 10:46:09 - [MESSAGE][PASSED] - All options with label 'Cierre' are selected in object 'Object Repository/WIZARD/3Infraestructura/7Motivos/Motivos/span_Motivos(1)/select_Tipo motivo' 

2024-01-15 10:46:09 - [TEST_STEP][PASSED] - selectOptionByLabel(findTestObject("WIZARD/3Infraestructura/7Motivos/Motivos/span_Motivos(1)/select_Tipo Ocio"), "Receso Laboral", false): All options with label 'Receso Laboral' are selected in object 'Object Repository/WIZARD/3Infraestructura/7Motivos/Motivos/span_Motivos(1)/select_Tipo Ocio' 

2024-01-15 10:46:10 - [MESSAGE][PASSED] - All options with label 'Receso Laboral' are selected in object 'Object Repository/WIZARD/3Infraestructura/7Motivos/Motivos/span_Motivos(1)/select_Tipo Ocio' 

2024-01-15 10:46:10 - [TEST_STEP][PASSED] - click(findTestObject("WIZARD/3Infraestructura/7Motivos/Motivos/span_Motivos(1)/img_Nuevo")): Object: 'Object Repository/WIZARD/3Infraestructura/7Motivos/Motivos/span_Motivos(1)/img_Nuevo' is clicked on

2024-01-15 10:46:11 - [MESSAGE][PASSED] - Object: 'Object Repository/WIZARD/3Infraestructura/7Motivos/Motivos/span_Motivos(1)/img_Nuevo' is clicked on

2024-01-15 10:46:11 - [TEST_STEP][PASSED] - delay(3): Delayed 3 second(s)

2024-01-15 10:46:14 - [MESSAGE][PASSED] - Delayed 3 second(s)

2024-01-15 10:46:14 - [TEST_STEP][PASSED] - setText(findTestObject("WIZARD/3Infraestructura/7Motivos/Motivos/span_Motivos(1)/input_Nombre"), "Pausa Activa PM"): Text 'Pausa Activa PM' is set on object 'Object Repository/WIZARD/3Infraestructura/7Motivos/Motivos/span_Motivos(1)/input_Nombre'

2024-01-15 10:46:14 - [MESSAGE][PASSED] - Text 'Pausa Activa PM' is set on object 'Object Repository/WIZARD/3Infraestructura/7Motivos/Motivos/span_Motivos(1)/input_Nombre'

2024-01-15 10:46:14 - [TEST_STEP][PASSED] - setText(findTestObject("WIZARD/3Infraestructura/7Motivos/Motivos/span_Motivos(1)/textarea_Descripcion"), "Pausa Activa PM"): Text 'Pausa Activa PM' is set on object 'Object Repository/WIZARD/3Infraestructura/7Motivos/Motivos/span_Motivos(1)/textarea_Descripcion'

2024-01-15 10:46:15 - [MESSAGE][PASSED] - Text 'Pausa Activa PM' is set on object 'Object Repository/WIZARD/3Infraestructura/7Motivos/Motivos/span_Motivos(1)/textarea_Descripcion'

2024-01-15 10:46:15 - [TEST_STEP][PASSED] - selectOptionByLabel(findTestObject("WIZARD/3Infraestructura/7Motivos/Motivos/span_Motivos(1)/select_Tipo motivo"), "Cierre", false): All options with label 'Cierre' are selected in object 'Object Repository/WIZARD/3Infraestructura/7Motivos/Motivos/span_Motivos(1)/select_Tipo motivo' 

2024-01-15 10:46:16 - [MESSAGE][PASSED] - All options with label 'Cierre' are selected in object 'Object Repository/WIZARD/3Infraestructura/7Motivos/Motivos/span_Motivos(1)/select_Tipo motivo' 

2024-01-15 10:46:16 - [TEST_STEP][PASSED] - selectOptionByLabel(findTestObject("WIZARD/3Infraestructura/7Motivos/Motivos/span_Motivos(1)/select_Tipo Ocio"), "Receso Laboral", false): All options with label 'Receso Laboral' are selected in object 'Object Repository/WIZARD/3Infraestructura/7Motivos/Motivos/span_Motivos(1)/select_Tipo Ocio' 

2024-01-15 10:46:17 - [MESSAGE][PASSED] - All options with label 'Receso Laboral' are selected in object 'Object Repository/WIZARD/3Infraestructura/7Motivos/Motivos/span_Motivos(1)/select_Tipo Ocio' 

2024-01-15 10:46:17 - [TEST_STEP][PASSED] - click(findTestObject("WIZARD/3Infraestructura/7Motivos/Motivos/span_Motivos(1)/img_Nuevo")): Object: 'Object Repository/WIZARD/3Infraestructura/7Motivos/Motivos/span_Motivos(1)/img_Nuevo' is clicked on

2024-01-15 10:46:17 - [MESSAGE][PASSED] - Object: 'Object Repository/WIZARD/3Infraestructura/7Motivos/Motivos/span_Motivos(1)/img_Nuevo' is clicked on

2024-01-15 10:46:17 - [TEST_STEP][PASSED] - delay(3): Delayed 3 second(s)

2024-01-15 10:46:20 - [MESSAGE][PASSED] - Delayed 3 second(s)

2024-01-15 10:46:20 - [TEST_STEP][PASSED] - setText(findTestObject("WIZARD/3Infraestructura/7Motivos/Motivos/span_Motivos(1)/input_Nombre"), "Capacitación"): Text 'Capacitación' is set on object 'Object Repository/WIZARD/3Infraestructura/7Motivos/Motivos/span_Motivos(1)/input_Nombre'

2024-01-15 10:46:21 - [MESSAGE][PASSED] - Text 'Capacitación' is set on object 'Object Repository/WIZARD/3Infraestructura/7Motivos/Motivos/span_Motivos(1)/input_Nombre'

2024-01-15 10:46:21 - [TEST_STEP][PASSED] - setText(findTestObject("WIZARD/3Infraestructura/7Motivos/Motivos/span_Motivos(1)/textarea_Descripcion"), "Capacitación"): Text 'Capacitación' is set on object 'Object Repository/WIZARD/3Infraestructura/7Motivos/Motivos/span_Motivos(1)/textarea_Descripcion'

2024-01-15 10:46:22 - [MESSAGE][PASSED] - Text 'Capacitación' is set on object 'Object Repository/WIZARD/3Infraestructura/7Motivos/Motivos/span_Motivos(1)/textarea_Descripcion'

2024-01-15 10:46:22 - [TEST_STEP][PASSED] - selectOptionByLabel(findTestObject("WIZARD/3Infraestructura/7Motivos/Motivos/span_Motivos(1)/select_Tipo motivo"), "Cierre", false): All options with label 'Cierre' are selected in object 'Object Repository/WIZARD/3Infraestructura/7Motivos/Motivos/span_Motivos(1)/select_Tipo motivo' 

2024-01-15 10:46:23 - [MESSAGE][PASSED] - All options with label 'Cierre' are selected in object 'Object Repository/WIZARD/3Infraestructura/7Motivos/Motivos/span_Motivos(1)/select_Tipo motivo' 

2024-01-15 10:46:23 - [TEST_STEP][PASSED] - selectOptionByLabel(findTestObject("WIZARD/3Infraestructura/7Motivos/Motivos/span_Motivos(1)/select_Tipo Ocio"), "Labores Administrativas", false): All options with label 'Labores Administrativas' are selected in object 'Object Repository/WIZARD/3Infraestructura/7Motivos/Motivos/span_Motivos(1)/select_Tipo Ocio' 

2024-01-15 10:46:24 - [MESSAGE][PASSED] - All options with label 'Labores Administrativas' are selected in object 'Object Repository/WIZARD/3Infraestructura/7Motivos/Motivos/span_Motivos(1)/select_Tipo Ocio' 

2024-01-15 10:46:24 - [TEST_STEP][PASSED] - click(findTestObject("WIZARD/3Infraestructura/7Motivos/Motivos/span_Motivos(1)/img_Nuevo")): Object: 'Object Repository/WIZARD/3Infraestructura/7Motivos/Motivos/span_Motivos(1)/img_Nuevo' is clicked on

2024-01-15 10:46:24 - [MESSAGE][PASSED] - Object: 'Object Repository/WIZARD/3Infraestructura/7Motivos/Motivos/span_Motivos(1)/img_Nuevo' is clicked on

2024-01-15 10:46:24 - [TEST_STEP][PASSED] - delay(3): Delayed 3 second(s)

2024-01-15 10:46:27 - [MESSAGE][PASSED] - Delayed 3 second(s)

2024-01-15 10:46:27 - [TEST_STEP][PASSED] - setText(findTestObject("WIZARD/3Infraestructura/7Motivos/Motivos/span_Motivos(1)/input_Nombre"), "Permiso Autorizado"): Text 'Permiso Autorizado' is set on object 'Object Repository/WIZARD/3Infraestructura/7Motivos/Motivos/span_Motivos(1)/input_Nombre'

2024-01-15 10:46:28 - [MESSAGE][PASSED] - Text 'Permiso Autorizado' is set on object 'Object Repository/WIZARD/3Infraestructura/7Motivos/Motivos/span_Motivos(1)/input_Nombre'

2024-01-15 10:46:28 - [TEST_STEP][PASSED] - setText(findTestObject("WIZARD/3Infraestructura/7Motivos/Motivos/span_Motivos(1)/textarea_Descripcion"), "Permiso Autorizado"): Text 'Permiso Autorizado' is set on object 'Object Repository/WIZARD/3Infraestructura/7Motivos/Motivos/span_Motivos(1)/textarea_Descripcion'

2024-01-15 10:46:29 - [MESSAGE][PASSED] - Text 'Permiso Autorizado' is set on object 'Object Repository/WIZARD/3Infraestructura/7Motivos/Motivos/span_Motivos(1)/textarea_Descripcion'

2024-01-15 10:46:29 - [TEST_STEP][PASSED] - selectOptionByLabel(findTestObject("WIZARD/3Infraestructura/7Motivos/Motivos/span_Motivos(1)/select_Tipo motivo"), "Cierre", false): All options with label 'Cierre' are selected in object 'Object Repository/WIZARD/3Infraestructura/7Motivos/Motivos/span_Motivos(1)/select_Tipo motivo' 

2024-01-15 10:46:30 - [MESSAGE][PASSED] - All options with label 'Cierre' are selected in object 'Object Repository/WIZARD/3Infraestructura/7Motivos/Motivos/span_Motivos(1)/select_Tipo motivo' 

2024-01-15 10:46:30 - [TEST_STEP][PASSED] - selectOptionByLabel(findTestObject("WIZARD/3Infraestructura/7Motivos/Motivos/span_Motivos(1)/select_Tipo Ocio"), "Tiempo Ocio Voluntario", false): All options with label 'Tiempo Ocio Voluntario' are selected in object 'Object Repository/WIZARD/3Infraestructura/7Motivos/Motivos/span_Motivos(1)/select_Tipo Ocio' 

2024-01-15 10:46:31 - [MESSAGE][PASSED] - All options with label 'Tiempo Ocio Voluntario' are selected in object 'Object Repository/WIZARD/3Infraestructura/7Motivos/Motivos/span_Motivos(1)/select_Tipo Ocio' 

2024-01-15 10:46:31 - [TEST_STEP][PASSED] - click(findTestObject("WIZARD/3Infraestructura/7Motivos/Motivos/span_Motivos(1)/img_Nuevo")): Object: 'Object Repository/WIZARD/3Infraestructura/7Motivos/Motivos/span_Motivos(1)/img_Nuevo' is clicked on

2024-01-15 10:46:31 - [MESSAGE][PASSED] - Object: 'Object Repository/WIZARD/3Infraestructura/7Motivos/Motivos/span_Motivos(1)/img_Nuevo' is clicked on

2024-01-15 10:46:31 - [TEST_STEP][PASSED] - delay(3): Delayed 3 second(s)

2024-01-15 10:46:34 - [MESSAGE][PASSED] - Delayed 3 second(s)

2024-01-15 10:46:34 - [TEST_STEP][PASSED] - setText(findTestObject("WIZARD/3Infraestructura/7Motivos/Motivos/span_Motivos(1)/input_Nombre"), "Falla Técnica"): Text 'Falla Técnica' is set on object 'Object Repository/WIZARD/3Infraestructura/7Motivos/Motivos/span_Motivos(1)/input_Nombre'

2024-01-15 10:46:35 - [MESSAGE][PASSED] - Text 'Falla Técnica' is set on object 'Object Repository/WIZARD/3Infraestructura/7Motivos/Motivos/span_Motivos(1)/input_Nombre'

2024-01-15 10:46:35 - [TEST_STEP][PASSED] - setText(findTestObject("WIZARD/3Infraestructura/7Motivos/Motivos/span_Motivos(1)/textarea_Descripcion"), "Falla Técnica"): Text 'Falla Técnica' is set on object 'Object Repository/WIZARD/3Infraestructura/7Motivos/Motivos/span_Motivos(1)/textarea_Descripcion'

2024-01-15 10:46:36 - [MESSAGE][PASSED] - Text 'Falla Técnica' is set on object 'Object Repository/WIZARD/3Infraestructura/7Motivos/Motivos/span_Motivos(1)/textarea_Descripcion'

2024-01-15 10:46:36 - [TEST_STEP][PASSED] - selectOptionByLabel(findTestObject("WIZARD/3Infraestructura/7Motivos/Motivos/span_Motivos(1)/select_Tipo motivo"), "Cierre", false): All options with label 'Cierre' are selected in object 'Object Repository/WIZARD/3Infraestructura/7Motivos/Motivos/span_Motivos(1)/select_Tipo motivo' 

2024-01-15 10:46:36 - [MESSAGE][PASSED] - All options with label 'Cierre' are selected in object 'Object Repository/WIZARD/3Infraestructura/7Motivos/Motivos/span_Motivos(1)/select_Tipo motivo' 

2024-01-15 10:46:36 - [TEST_STEP][PASSED] - selectOptionByLabel(findTestObject("WIZARD/3Infraestructura/7Motivos/Motivos/span_Motivos(1)/select_Tipo Ocio"), "Labores Administrativas", false): All options with label 'Labores Administrativas' are selected in object 'Object Repository/WIZARD/3Infraestructura/7Motivos/Motivos/span_Motivos(1)/select_Tipo Ocio' 

2024-01-15 10:46:37 - [MESSAGE][PASSED] - All options with label 'Labores Administrativas' are selected in object 'Object Repository/WIZARD/3Infraestructura/7Motivos/Motivos/span_Motivos(1)/select_Tipo Ocio' 

2024-01-15 10:46:37 - [TEST_STEP][PASSED] - click(findTestObject("WIZARD/3Infraestructura/7Motivos/Motivos/span_Motivos(1)/img_Nuevo")): Object: 'Object Repository/WIZARD/3Infraestructura/7Motivos/Motivos/span_Motivos(1)/img_Nuevo' is clicked on

2024-01-15 10:46:38 - [MESSAGE][PASSED] - Object: 'Object Repository/WIZARD/3Infraestructura/7Motivos/Motivos/span_Motivos(1)/img_Nuevo' is clicked on

2024-01-15 10:46:38 - [TEST_STEP][PASSED] - delay(3): Delayed 3 second(s)

2024-01-15 10:46:41 - [MESSAGE][PASSED] - Delayed 3 second(s)

2024-01-15 10:46:41 - [TEST_STEP][PASSED] - setText(findTestObject("WIZARD/3Infraestructura/7Motivos/Motivos/span_Motivos(1)/input_Nombre"), "WC - Baño"): Text 'WC - Baño' is set on object 'Object Repository/WIZARD/3Infraestructura/7Motivos/Motivos/span_Motivos(1)/input_Nombre'

2024-01-15 10:46:42 - [MESSAGE][PASSED] - Text 'WC - Baño' is set on object 'Object Repository/WIZARD/3Infraestructura/7Motivos/Motivos/span_Motivos(1)/input_Nombre'

2024-01-15 10:46:42 - [TEST_STEP][PASSED] - setText(findTestObject("WIZARD/3Infraestructura/7Motivos/Motivos/span_Motivos(1)/textarea_Descripcion"), "WC - Baño"): Text 'WC - Baño' is set on object 'Object Repository/WIZARD/3Infraestructura/7Motivos/Motivos/span_Motivos(1)/textarea_Descripcion'

2024-01-15 10:46:42 - [MESSAGE][PASSED] - Text 'WC - Baño' is set on object 'Object Repository/WIZARD/3Infraestructura/7Motivos/Motivos/span_Motivos(1)/textarea_Descripcion'

2024-01-15 10:46:42 - [TEST_STEP][PASSED] - selectOptionByLabel(findTestObject("WIZARD/3Infraestructura/7Motivos/Motivos/span_Motivos(1)/select_Tipo motivo"), "Cierre", false): All options with label 'Cierre' are selected in object 'Object Repository/WIZARD/3Infraestructura/7Motivos/Motivos/span_Motivos(1)/select_Tipo motivo' 

2024-01-15 10:46:43 - [MESSAGE][PASSED] - All options with label 'Cierre' are selected in object 'Object Repository/WIZARD/3Infraestructura/7Motivos/Motivos/span_Motivos(1)/select_Tipo motivo' 

2024-01-15 10:46:43 - [TEST_STEP][PASSED] - selectOptionByLabel(findTestObject("WIZARD/3Infraestructura/7Motivos/Motivos/span_Motivos(1)/select_Tipo Ocio"), "Receso Laboral", false): All options with label 'Receso Laboral' are selected in object 'Object Repository/WIZARD/3Infraestructura/7Motivos/Motivos/span_Motivos(1)/select_Tipo Ocio' 

2024-01-15 10:46:44 - [MESSAGE][PASSED] - All options with label 'Receso Laboral' are selected in object 'Object Repository/WIZARD/3Infraestructura/7Motivos/Motivos/span_Motivos(1)/select_Tipo Ocio' 

2024-01-15 10:46:44 - [TEST_STEP][PASSED] - click(findTestObject("WIZARD/3Infraestructura/7Motivos/Motivos/span_Motivos(1)/img_Nuevo")): Object: 'Object Repository/WIZARD/3Infraestructura/7Motivos/Motivos/span_Motivos(1)/img_Nuevo' is clicked on

2024-01-15 10:46:44 - [MESSAGE][PASSED] - Object: 'Object Repository/WIZARD/3Infraestructura/7Motivos/Motivos/span_Motivos(1)/img_Nuevo' is clicked on

2024-01-15 10:46:44 - [TEST_STEP][PASSED] - delay(3): Delayed 3 second(s)

2024-01-15 10:46:48 - [MESSAGE][PASSED] - Delayed 3 second(s)

2024-01-15 10:46:48 - [TEST_STEP][PASSED] - setText(findTestObject("WIZARD/3Infraestructura/7Motivos/Motivos/span_Motivos(1)/input_Nombre"), "Fin de Jornada"): Text 'Fin de Jornada' is set on object 'Object Repository/WIZARD/3Infraestructura/7Motivos/Motivos/span_Motivos(1)/input_Nombre'

2024-01-15 10:46:48 - [MESSAGE][PASSED] - Text 'Fin de Jornada' is set on object 'Object Repository/WIZARD/3Infraestructura/7Motivos/Motivos/span_Motivos(1)/input_Nombre'

2024-01-15 10:46:48 - [TEST_STEP][PASSED] - setText(findTestObject("WIZARD/3Infraestructura/7Motivos/Motivos/span_Motivos(1)/textarea_Descripcion"), "Fin de Jornada"): Text 'Fin de Jornada' is set on object 'Object Repository/WIZARD/3Infraestructura/7Motivos/Motivos/span_Motivos(1)/textarea_Descripcion'

2024-01-15 10:46:49 - [MESSAGE][PASSED] - Text 'Fin de Jornada' is set on object 'Object Repository/WIZARD/3Infraestructura/7Motivos/Motivos/span_Motivos(1)/textarea_Descripcion'

2024-01-15 10:46:49 - [TEST_STEP][PASSED] - selectOptionByLabel(findTestObject("WIZARD/3Infraestructura/7Motivos/Motivos/span_Motivos(1)/select_Tipo motivo"), "Cierre", false): All options with label 'Cierre' are selected in object 'Object Repository/WIZARD/3Infraestructura/7Motivos/Motivos/span_Motivos(1)/select_Tipo motivo' 

2024-01-15 10:46:50 - [MESSAGE][PASSED] - All options with label 'Cierre' are selected in object 'Object Repository/WIZARD/3Infraestructura/7Motivos/Motivos/span_Motivos(1)/select_Tipo motivo' 

2024-01-15 10:46:50 - [TEST_STEP][PASSED] - selectOptionByLabel(findTestObject("WIZARD/3Infraestructura/7Motivos/Motivos/span_Motivos(1)/select_Tipo Ocio"), "Labores Administrativas", false): All options with label 'Labores Administrativas' are selected in object 'Object Repository/WIZARD/3Infraestructura/7Motivos/Motivos/span_Motivos(1)/select_Tipo Ocio' 

2024-01-15 10:46:51 - [MESSAGE][PASSED] - All options with label 'Labores Administrativas' are selected in object 'Object Repository/WIZARD/3Infraestructura/7Motivos/Motivos/span_Motivos(1)/select_Tipo Ocio' 

2024-01-15 10:46:51 - [TEST_STEP][PASSED] - click(findTestObject("WIZARD/3Infraestructura/7Motivos/Motivos/span_Motivos(1)/img_Nuevo")): Object: 'Object Repository/WIZARD/3Infraestructura/7Motivos/Motivos/span_Motivos(1)/img_Nuevo' is clicked on

2024-01-15 10:46:51 - [MESSAGE][PASSED] - Object: 'Object Repository/WIZARD/3Infraestructura/7Motivos/Motivos/span_Motivos(1)/img_Nuevo' is clicked on

2024-01-15 10:46:51 - [TEST_STEP][PASSED] - delay(3): Delayed 3 second(s)

2024-01-15 10:46:54 - [MESSAGE][PASSED] - Delayed 3 second(s)

2024-01-15 10:46:54 - [TEST_STEP][PASSED] - setText(findTestObject("WIZARD/3Infraestructura/7Motivos/Motivos/span_Motivos(1)/input_Nombre"), "Actividad Interna"): Text 'Actividad Interna' is set on object 'Object Repository/WIZARD/3Infraestructura/7Motivos/Motivos/span_Motivos(1)/input_Nombre'

2024-01-15 10:46:55 - [MESSAGE][PASSED] - Text 'Actividad Interna' is set on object 'Object Repository/WIZARD/3Infraestructura/7Motivos/Motivos/span_Motivos(1)/input_Nombre'

2024-01-15 10:46:55 - [TEST_STEP][PASSED] - setText(findTestObject("WIZARD/3Infraestructura/7Motivos/Motivos/span_Motivos(1)/textarea_Descripcion"), "Actividad Interna"): Text 'Actividad Interna' is set on object 'Object Repository/WIZARD/3Infraestructura/7Motivos/Motivos/span_Motivos(1)/textarea_Descripcion'

2024-01-15 10:46:56 - [MESSAGE][PASSED] - Text 'Actividad Interna' is set on object 'Object Repository/WIZARD/3Infraestructura/7Motivos/Motivos/span_Motivos(1)/textarea_Descripcion'

2024-01-15 10:46:56 - [TEST_STEP][PASSED] - selectOptionByLabel(findTestObject("WIZARD/3Infraestructura/7Motivos/Motivos/span_Motivos(1)/select_Tipo motivo"), "Cierre", false): All options with label 'Cierre' are selected in object 'Object Repository/WIZARD/3Infraestructura/7Motivos/Motivos/span_Motivos(1)/select_Tipo motivo' 

2024-01-15 10:46:56 - [MESSAGE][PASSED] - All options with label 'Cierre' are selected in object 'Object Repository/WIZARD/3Infraestructura/7Motivos/Motivos/span_Motivos(1)/select_Tipo motivo' 

2024-01-15 10:46:56 - [TEST_STEP][PASSED] - selectOptionByLabel(findTestObject("WIZARD/3Infraestructura/7Motivos/Motivos/span_Motivos(1)/select_Tipo Ocio"), "Labores Administrativas", false): All options with label 'Labores Administrativas' are selected in object 'Object Repository/WIZARD/3Infraestructura/7Motivos/Motivos/span_Motivos(1)/select_Tipo Ocio' 

2024-01-15 10:46:58 - [MESSAGE][PASSED] - All options with label 'Labores Administrativas' are selected in object 'Object Repository/WIZARD/3Infraestructura/7Motivos/Motivos/span_Motivos(1)/select_Tipo Ocio' 

2024-01-15 10:46:58 - [TEST_STEP][PASSED] - click(findTestObject("WIZARD/3Infraestructura/7Motivos/Motivos/span_Motivos(1)/img_Nuevo")): Object: 'Object Repository/WIZARD/3Infraestructura/7Motivos/Motivos/span_Motivos(1)/img_Nuevo' is clicked on

2024-01-15 10:46:58 - [MESSAGE][PASSED] - Object: 'Object Repository/WIZARD/3Infraestructura/7Motivos/Motivos/span_Motivos(1)/img_Nuevo' is clicked on

2024-01-15 10:46:58 - [TEST_STEP][PASSED] - delay(3): Delayed 3 second(s)

2024-01-15 10:47:01 - [MESSAGE][PASSED] - Delayed 3 second(s)

2024-01-15 10:47:01 - [TEST_STEP][PASSED] - setText(findTestObject("WIZARD/3Infraestructura/7Motivos/Motivos/span_Motivos(1)/input_Nombre"), "Falta Fotocopia"): Text 'Falta Fotocopia' is set on object 'Object Repository/WIZARD/3Infraestructura/7Motivos/Motivos/span_Motivos(1)/input_Nombre'

2024-01-15 10:47:02 - [MESSAGE][PASSED] - Text 'Falta Fotocopia' is set on object 'Object Repository/WIZARD/3Infraestructura/7Motivos/Motivos/span_Motivos(1)/input_Nombre'

2024-01-15 10:47:02 - [TEST_STEP][PASSED] - setText(findTestObject("WIZARD/3Infraestructura/7Motivos/Motivos/span_Motivos(1)/textarea_Descripcion"), "Falta Fotocopia"): Text 'Falta Fotocopia' is set on object 'Object Repository/WIZARD/3Infraestructura/7Motivos/Motivos/span_Motivos(1)/textarea_Descripcion'

2024-01-15 10:47:03 - [MESSAGE][PASSED] - Text 'Falta Fotocopia' is set on object 'Object Repository/WIZARD/3Infraestructura/7Motivos/Motivos/span_Motivos(1)/textarea_Descripcion'

2024-01-15 10:47:03 - [TEST_STEP][PASSED] - selectOptionByLabel(findTestObject("WIZARD/3Infraestructura/7Motivos/Motivos/span_Motivos(1)/select_Tipo motivo"), "Suspensión", false): All options with label 'Suspensión' are selected in object 'Object Repository/WIZARD/3Infraestructura/7Motivos/Motivos/span_Motivos(1)/select_Tipo motivo' 

2024-01-15 10:47:03 - [MESSAGE][PASSED] - All options with label 'Suspensión' are selected in object 'Object Repository/WIZARD/3Infraestructura/7Motivos/Motivos/span_Motivos(1)/select_Tipo motivo' 

2024-01-15 10:47:03 - [TEST_STEP][PASSED] - click(findTestObject("WIZARD/3Infraestructura/7Motivos/Motivos/span_Motivos(1)/img_Nuevo")): Object: 'Object Repository/WIZARD/3Infraestructura/7Motivos/Motivos/span_Motivos(1)/img_Nuevo' is clicked on

2024-01-15 10:47:04 - [MESSAGE][PASSED] - Object: 'Object Repository/WIZARD/3Infraestructura/7Motivos/Motivos/span_Motivos(1)/img_Nuevo' is clicked on

2024-01-15 10:47:04 - [TEST_STEP][PASSED] - delay(3): Delayed 3 second(s)

2024-01-15 10:47:07 - [MESSAGE][PASSED] - Delayed 3 second(s)

2024-01-15 10:47:07 - [TEST_STEP][PASSED] - setText(findTestObject("WIZARD/3Infraestructura/7Motivos/Motivos/span_Motivos(1)/input_Nombre"), "Falta Autorización"): Text 'Falta Autorización' is set on object 'Object Repository/WIZARD/3Infraestructura/7Motivos/Motivos/span_Motivos(1)/input_Nombre'

2024-01-15 10:47:08 - [MESSAGE][PASSED] - Text 'Falta Autorización' is set on object 'Object Repository/WIZARD/3Infraestructura/7Motivos/Motivos/span_Motivos(1)/input_Nombre'

2024-01-15 10:47:08 - [TEST_STEP][PASSED] - setText(findTestObject("WIZARD/3Infraestructura/7Motivos/Motivos/span_Motivos(1)/textarea_Descripcion"), "Falta Autorización"): Text 'Falta Autorización' is set on object 'Object Repository/WIZARD/3Infraestructura/7Motivos/Motivos/span_Motivos(1)/textarea_Descripcion'

2024-01-15 10:47:09 - [MESSAGE][PASSED] - Text 'Falta Autorización' is set on object 'Object Repository/WIZARD/3Infraestructura/7Motivos/Motivos/span_Motivos(1)/textarea_Descripcion'

2024-01-15 10:47:09 - [TEST_STEP][PASSED] - selectOptionByLabel(findTestObject("WIZARD/3Infraestructura/7Motivos/Motivos/span_Motivos(1)/select_Tipo motivo"), "Suspensión", false): All options with label 'Suspensión' are selected in object 'Object Repository/WIZARD/3Infraestructura/7Motivos/Motivos/span_Motivos(1)/select_Tipo motivo' 

2024-01-15 10:47:09 - [MESSAGE][PASSED] - All options with label 'Suspensión' are selected in object 'Object Repository/WIZARD/3Infraestructura/7Motivos/Motivos/span_Motivos(1)/select_Tipo motivo' 

2024-01-15 10:47:09 - [TEST_STEP][PASSED] - click(findTestObject("WIZARD/3Infraestructura/7Motivos/Motivos/span_Motivos(1)/img_Nuevo")): Object: 'Object Repository/WIZARD/3Infraestructura/7Motivos/Motivos/span_Motivos(1)/img_Nuevo' is clicked on

2024-01-15 10:47:10 - [MESSAGE][PASSED] - Object: 'Object Repository/WIZARD/3Infraestructura/7Motivos/Motivos/span_Motivos(1)/img_Nuevo' is clicked on

2024-01-15 10:47:10 - [TEST_STEP][PASSED] - delay(3): Delayed 3 second(s)

2024-01-15 10:47:13 - [MESSAGE][PASSED] - Delayed 3 second(s)

2024-01-15 10:47:13 - [TEST_STEP][PASSED] - setText(findTestObject("WIZARD/3Infraestructura/7Motivos/Motivos/span_Motivos(1)/input_Nombre"), "Falta Recibo de Pago"): Text 'Falta Recibo de Pago' is set on object 'Object Repository/WIZARD/3Infraestructura/7Motivos/Motivos/span_Motivos(1)/input_Nombre'

2024-01-15 10:47:14 - [MESSAGE][PASSED] - Text 'Falta Recibo de Pago' is set on object 'Object Repository/WIZARD/3Infraestructura/7Motivos/Motivos/span_Motivos(1)/input_Nombre'

2024-01-15 10:47:14 - [TEST_STEP][PASSED] - setText(findTestObject("WIZARD/3Infraestructura/7Motivos/Motivos/span_Motivos(1)/textarea_Descripcion"), "Falta Recibo de Pago"): Text 'Falta Recibo de Pago' is set on object 'Object Repository/WIZARD/3Infraestructura/7Motivos/Motivos/span_Motivos(1)/textarea_Descripcion'

2024-01-15 10:47:15 - [MESSAGE][PASSED] - Text 'Falta Recibo de Pago' is set on object 'Object Repository/WIZARD/3Infraestructura/7Motivos/Motivos/span_Motivos(1)/textarea_Descripcion'

2024-01-15 10:47:15 - [TEST_STEP][PASSED] - selectOptionByLabel(findTestObject("WIZARD/3Infraestructura/7Motivos/Motivos/span_Motivos(1)/select_Tipo motivo"), "Suspensión", false): All options with label 'Suspensión' are selected in object 'Object Repository/WIZARD/3Infraestructura/7Motivos/Motivos/span_Motivos(1)/select_Tipo motivo' 

2024-01-15 10:47:15 - [MESSAGE][PASSED] - All options with label 'Suspensión' are selected in object 'Object Repository/WIZARD/3Infraestructura/7Motivos/Motivos/span_Motivos(1)/select_Tipo motivo' 

2024-01-15 10:47:15 - [TEST_STEP][PASSED] - click(findTestObject("WIZARD/3Infraestructura/7Motivos/Motivos/span_Motivos(1)/img_Nuevo")): Object: 'Object Repository/WIZARD/3Infraestructura/7Motivos/Motivos/span_Motivos(1)/img_Nuevo' is clicked on

2024-01-15 10:47:16 - [MESSAGE][PASSED] - Object: 'Object Repository/WIZARD/3Infraestructura/7Motivos/Motivos/span_Motivos(1)/img_Nuevo' is clicked on

2024-01-15 10:47:16 - [TEST_STEP][PASSED] - delay(3): Delayed 3 second(s)

2024-01-15 10:47:19 - [MESSAGE][PASSED] - Delayed 3 second(s)

2024-01-15 10:47:19 - [TEST_STEP][PASSED] - setText(findTestObject("WIZARD/3Infraestructura/7Motivos/Motivos/span_Motivos(1)/input_Nombre"), "Falta Ausente"): Text 'Falta Ausente' is set on object 'Object Repository/WIZARD/3Infraestructura/7Motivos/Motivos/span_Motivos(1)/input_Nombre'

2024-01-15 10:47:20 - [MESSAGE][PASSED] - Text 'Falta Ausente' is set on object 'Object Repository/WIZARD/3Infraestructura/7Motivos/Motivos/span_Motivos(1)/input_Nombre'

2024-01-15 10:47:20 - [TEST_STEP][PASSED] - setText(findTestObject("WIZARD/3Infraestructura/7Motivos/Motivos/span_Motivos(1)/textarea_Descripcion"), "Falta Ausente"): Text 'Falta Ausente' is set on object 'Object Repository/WIZARD/3Infraestructura/7Motivos/Motivos/span_Motivos(1)/textarea_Descripcion'

2024-01-15 10:47:21 - [MESSAGE][PASSED] - Text 'Falta Ausente' is set on object 'Object Repository/WIZARD/3Infraestructura/7Motivos/Motivos/span_Motivos(1)/textarea_Descripcion'

2024-01-15 10:47:21 - [TEST_STEP][PASSED] - selectOptionByLabel(findTestObject("WIZARD/3Infraestructura/7Motivos/Motivos/span_Motivos(1)/select_Tipo motivo"), "Suspensión", false): All options with label 'Suspensión' are selected in object 'Object Repository/WIZARD/3Infraestructura/7Motivos/Motivos/span_Motivos(1)/select_Tipo motivo' 

2024-01-15 10:47:21 - [MESSAGE][PASSED] - All options with label 'Suspensión' are selected in object 'Object Repository/WIZARD/3Infraestructura/7Motivos/Motivos/span_Motivos(1)/select_Tipo motivo' 

2024-01-15 10:47:21 - [TEST_STEP][PASSED] - click(findTestObject("WIZARD/3Infraestructura/7Motivos/Motivos/span_Motivos(1)/img_Nuevo")): Object: 'Object Repository/WIZARD/3Infraestructura/7Motivos/Motivos/span_Motivos(1)/img_Nuevo' is clicked on

2024-01-15 10:47:22 - [MESSAGE][PASSED] - Object: 'Object Repository/WIZARD/3Infraestructura/7Motivos/Motivos/span_Motivos(1)/img_Nuevo' is clicked on

2024-01-15 10:47:22 - [TEST_STEP][PASSED] - delay(3): Delayed 3 second(s)

2024-01-15 10:47:25 - [MESSAGE][PASSED] - Delayed 3 second(s)

2024-01-15 10:47:25 - [TEST_STEP][PASSED] - setText(findTestObject("WIZARD/3Infraestructura/7Motivos/Motivos/span_Motivos(1)/input_Nombre"), "No Corresponde a Negocio"): Text 'No Corresponde a Negocio' is set on object 'Object Repository/WIZARD/3Infraestructura/7Motivos/Motivos/span_Motivos(1)/input_Nombre'

2024-01-15 10:47:26 - [MESSAGE][PASSED] - Text 'No Corresponde a Negocio' is set on object 'Object Repository/WIZARD/3Infraestructura/7Motivos/Motivos/span_Motivos(1)/input_Nombre'

2024-01-15 10:47:26 - [TEST_STEP][PASSED] - setText(findTestObject("WIZARD/3Infraestructura/7Motivos/Motivos/span_Motivos(1)/textarea_Descripcion"), "No Corresponde a Negocio"): Text 'No Corresponde a Negocio' is set on object 'Object Repository/WIZARD/3Infraestructura/7Motivos/Motivos/span_Motivos(1)/textarea_Descripcion'

2024-01-15 10:47:27 - [MESSAGE][PASSED] - Text 'No Corresponde a Negocio' is set on object 'Object Repository/WIZARD/3Infraestructura/7Motivos/Motivos/span_Motivos(1)/textarea_Descripcion'

2024-01-15 10:47:27 - [TEST_STEP][PASSED] - selectOptionByLabel(findTestObject("WIZARD/3Infraestructura/7Motivos/Motivos/span_Motivos(1)/select_Tipo motivo"), "Cancelación servicio", false): All options with label 'Cancelación servicio' are selected in object 'Object Repository/WIZARD/3Infraestructura/7Motivos/Motivos/span_Motivos(1)/select_Tipo motivo' 

2024-01-15 10:47:28 - [MESSAGE][PASSED] - All options with label 'Cancelación servicio' are selected in object 'Object Repository/WIZARD/3Infraestructura/7Motivos/Motivos/span_Motivos(1)/select_Tipo motivo' 

2024-01-15 10:47:28 - [TEST_STEP][PASSED] - click(findTestObject("WIZARD/3Infraestructura/7Motivos/Motivos/span_Motivos(1)/img_Nuevo")): Object: 'Object Repository/WIZARD/3Infraestructura/7Motivos/Motivos/span_Motivos(1)/img_Nuevo' is clicked on

2024-01-15 10:47:28 - [MESSAGE][PASSED] - Object: 'Object Repository/WIZARD/3Infraestructura/7Motivos/Motivos/span_Motivos(1)/img_Nuevo' is clicked on

2024-01-15 10:47:28 - [TEST_STEP][PASSED] - delay(3): Delayed 3 second(s)

2024-01-15 10:47:31 - [MESSAGE][PASSED] - Delayed 3 second(s)

2024-01-15 10:47:31 - [TEST_STEP][PASSED] - setText(findTestObject("WIZARD/3Infraestructura/7Motivos/Motivos/span_Motivos(1)/input_Nombre"), "Sin Documento"): Text 'Sin Documento' is set on object 'Object Repository/WIZARD/3Infraestructura/7Motivos/Motivos/span_Motivos(1)/input_Nombre'

2024-01-15 10:47:32 - [MESSAGE][PASSED] - Text 'Sin Documento' is set on object 'Object Repository/WIZARD/3Infraestructura/7Motivos/Motivos/span_Motivos(1)/input_Nombre'

2024-01-15 10:47:32 - [TEST_STEP][PASSED] - setText(findTestObject("WIZARD/3Infraestructura/7Motivos/Motivos/span_Motivos(1)/textarea_Descripcion"), "Sin Documento"): Text 'Sin Documento' is set on object 'Object Repository/WIZARD/3Infraestructura/7Motivos/Motivos/span_Motivos(1)/textarea_Descripcion'

2024-01-15 10:47:33 - [MESSAGE][PASSED] - Text 'Sin Documento' is set on object 'Object Repository/WIZARD/3Infraestructura/7Motivos/Motivos/span_Motivos(1)/textarea_Descripcion'

2024-01-15 10:47:33 - [TEST_STEP][PASSED] - selectOptionByLabel(findTestObject("WIZARD/3Infraestructura/7Motivos/Motivos/span_Motivos(1)/select_Tipo motivo"), "Cancelación servicio", false): All options with label 'Cancelación servicio' are selected in object 'Object Repository/WIZARD/3Infraestructura/7Motivos/Motivos/span_Motivos(1)/select_Tipo motivo' 

2024-01-15 10:47:34 - [MESSAGE][PASSED] - All options with label 'Cancelación servicio' are selected in object 'Object Repository/WIZARD/3Infraestructura/7Motivos/Motivos/span_Motivos(1)/select_Tipo motivo' 

2024-01-15 10:47:34 - [TEST_STEP][PASSED] - click(findTestObject("WIZARD/3Infraestructura/7Motivos/Motivos/span_Motivos(1)/img_Nuevo")): Object: 'Object Repository/WIZARD/3Infraestructura/7Motivos/Motivos/span_Motivos(1)/img_Nuevo' is clicked on

2024-01-15 10:47:34 - [MESSAGE][PASSED] - Object: 'Object Repository/WIZARD/3Infraestructura/7Motivos/Motivos/span_Motivos(1)/img_Nuevo' is clicked on

2024-01-15 10:47:34 - [TEST_STEP][PASSED] - delay(3): Delayed 3 second(s)

2024-01-15 10:47:37 - [MESSAGE][PASSED] - Delayed 3 second(s)

2024-01-15 10:47:37 - [TEST_STEP][PASSED] - setText(findTestObject("WIZARD/3Infraestructura/7Motivos/Motivos/span_Motivos(1)/input_Nombre"), "Tramitador"): Text 'Tramitador' is set on object 'Object Repository/WIZARD/3Infraestructura/7Motivos/Motivos/span_Motivos(1)/input_Nombre'

2024-01-15 10:47:38 - [MESSAGE][PASSED] - Text 'Tramitador' is set on object 'Object Repository/WIZARD/3Infraestructura/7Motivos/Motivos/span_Motivos(1)/input_Nombre'

2024-01-15 10:47:38 - [TEST_STEP][PASSED] - setText(findTestObject("WIZARD/3Infraestructura/7Motivos/Motivos/span_Motivos(1)/textarea_Descripcion"), "Tramitador"): Text 'Tramitador' is set on object 'Object Repository/WIZARD/3Infraestructura/7Motivos/Motivos/span_Motivos(1)/textarea_Descripcion'

2024-01-15 10:47:39 - [MESSAGE][PASSED] - Text 'Tramitador' is set on object 'Object Repository/WIZARD/3Infraestructura/7Motivos/Motivos/span_Motivos(1)/textarea_Descripcion'

2024-01-15 10:47:39 - [TEST_STEP][PASSED] - selectOptionByLabel(findTestObject("WIZARD/3Infraestructura/7Motivos/Motivos/span_Motivos(1)/select_Tipo motivo"), "Cancelación servicio", false): All options with label 'Cancelación servicio' are selected in object 'Object Repository/WIZARD/3Infraestructura/7Motivos/Motivos/span_Motivos(1)/select_Tipo motivo' 

2024-01-15 10:47:40 - [MESSAGE][PASSED] - All options with label 'Cancelación servicio' are selected in object 'Object Repository/WIZARD/3Infraestructura/7Motivos/Motivos/span_Motivos(1)/select_Tipo motivo' 

2024-01-15 10:47:40 - [TEST_STEP][PASSED] - click(findTestObject("WIZARD/3Infraestructura/7Motivos/Motivos/span_Motivos(1)/img_Nuevo")): Object: 'Object Repository/WIZARD/3Infraestructura/7Motivos/Motivos/span_Motivos(1)/img_Nuevo' is clicked on

2024-01-15 10:47:40 - [MESSAGE][PASSED] - Object: 'Object Repository/WIZARD/3Infraestructura/7Motivos/Motivos/span_Motivos(1)/img_Nuevo' is clicked on

2024-01-15 10:47:40 - [TEST_STEP][PASSED] - delay(3): Delayed 3 second(s)

2024-01-15 10:47:43 - [MESSAGE][PASSED] - Delayed 3 second(s)

2024-01-15 10:47:43 - [TEST_STEP][PASSED] - setText(findTestObject("WIZARD/3Infraestructura/7Motivos/Motivos/span_Motivos(1)/input_Nombre"), "Caída de ERP"): Text 'Caída de ERP' is set on object 'Object Repository/WIZARD/3Infraestructura/7Motivos/Motivos/span_Motivos(1)/input_Nombre'

2024-01-15 10:47:44 - [MESSAGE][PASSED] - Text 'Caída de ERP' is set on object 'Object Repository/WIZARD/3Infraestructura/7Motivos/Motivos/span_Motivos(1)/input_Nombre'

2024-01-15 10:47:44 - [TEST_STEP][PASSED] - setText(findTestObject("WIZARD/3Infraestructura/7Motivos/Motivos/span_Motivos(1)/textarea_Descripcion"), "Caída de ERP"): Text 'Caída de ERP' is set on object 'Object Repository/WIZARD/3Infraestructura/7Motivos/Motivos/span_Motivos(1)/textarea_Descripcion'

2024-01-15 10:47:45 - [MESSAGE][PASSED] - Text 'Caída de ERP' is set on object 'Object Repository/WIZARD/3Infraestructura/7Motivos/Motivos/span_Motivos(1)/textarea_Descripcion'

2024-01-15 10:47:45 - [TEST_STEP][PASSED] - selectOptionByLabel(findTestObject("WIZARD/3Infraestructura/7Motivos/Motivos/span_Motivos(1)/select_Tipo motivo"), "Cancelación servicio", false): All options with label 'Cancelación servicio' are selected in object 'Object Repository/WIZARD/3Infraestructura/7Motivos/Motivos/span_Motivos(1)/select_Tipo motivo' 

2024-01-15 10:47:46 - [MESSAGE][PASSED] - All options with label 'Cancelación servicio' are selected in object 'Object Repository/WIZARD/3Infraestructura/7Motivos/Motivos/span_Motivos(1)/select_Tipo motivo' 

2024-01-15 10:47:46 - [TEST_STEP][PASSED] - click(findTestObject("WIZARD/3Infraestructura/7Motivos/Motivos/span_Motivos(1)/img_Nuevo")): Object: 'Object Repository/WIZARD/3Infraestructura/7Motivos/Motivos/span_Motivos(1)/img_Nuevo' is clicked on

2024-01-15 10:47:46 - [MESSAGE][PASSED] - Object: 'Object Repository/WIZARD/3Infraestructura/7Motivos/Motivos/span_Motivos(1)/img_Nuevo' is clicked on

2024-01-15 10:47:46 - [TEST_STEP][PASSED] - delay(3): Delayed 3 second(s)

2024-01-15 10:47:49 - [MESSAGE][PASSED] - Delayed 3 second(s)

2024-01-15 10:47:49 - [TEST_STEP][PASSED] - takeFullPageScreenshot(): Taking screenshot successfully

2024-01-15 10:47:50 - [MESSAGE][INFO] - 0 hidden object(s)

2024-01-15 10:47:50 - [MESSAGE][PASSED] - Taking screenshot successfully
[[ATTACHMENT|C:\\CIEL INGENIERIA\\Katalon\\Digiturno55\\Reports\\20240115_094157\\WIZARD\\3Infraestructura\\7Motivos\\5.7 Crear Motivos\\20240115_094325\\1705333669813.png]]

2024-01-15 10:47:50 - [TEST_STEP][PASSED] - delay(3): Delayed 3 second(s)

2024-01-15 10:47:53 - [MESSAGE][PASSED] - Delayed 3 second(s)

2024-01-15 10:47:53 - [TEST_STEP][PASSED] - Start listener action : sampleAfterTestCase: null]]></system-out>
         <system-err><![CDATA[]]></system-err>
      </testcase>
      <system-out><![CDATA[2024-01-15 10:45:36 - [TEST_SUITE][PASSED] - 5.7 Crear Motivos: Test Cases/WIZARD/3Infraestructura/7Motivos/5.7 Crear Motivos]]></system-out>
      <system-err><![CDATA[]]></system-err>
   </testsuite>
</testsuites>
