<?xml version="1.0" encoding="UTF-8"?>
<testsuites name="67 Administracion de Redes" time="53.818" tests="1" failures="0" errors="0">
   <testsuite name="67 Administracion de Redes" tests="1" failures="0" errors="0" time="53.818" skipped="0" timestamp="2023-08-14 15:04:46" hostname="jdavila - PCPruebas101.ciel.cielingenieria.com" id="Test Suites/DIGITURNO/BASICO/67 Administracion de Redes">
      <properties>
         <property name="deviceName" value=""/>
         <property name="devicePlatform" value=""/>
         <property name="logFolder" value="C:\\CIEL INGENIERIA\\Katalon\\Digiturno55\\Reports\\20230814_141235\\DIGITURNO\\BASICO\\67 Administracion de Redes\\20230814_141343"/>
         <property name="logFiles" value="C:\\CIEL INGENIERIA\\Katalon\\Digiturno55\\Reports\\20230814_141235\\DIGITURNO\\BASICO\\67 Administracion de Redes\\20230814_141343\\execution0.log"/>
         <property name="attachments" value="C:\\CIEL INGENIERIA\\Katalon\\Digiturno55\\Reports\\20230814_141235\\DIGITURNO\\BASICO\\67 Administracion de Redes\\20230814_141343\\1692043503012.png, C:\\CIEL INGENIERIA\\Katalon\\Digiturno55\\Reports\\20230814_141235\\DIGITURNO\\BASICO\\67 Administracion de Redes\\20230814_141343\\1692043510264.png, C:\\CIEL INGENIERIA\\Katalon\\Digiturno55\\Reports\\20230814_141235\\DIGITURNO\\BASICO\\67 Administracion de Redes\\20230814_141343\\1692043537015.png"/>
         <property name="hostName" value="jdavila - PCPruebas101.ciel.cielingenieria.com"/>
         <property name="os" value="Windows 10 64bit"/>
         <property name="katalonVersion" value="8.6.0.208"/>
         <property name="browser" value="Chrome 115.0.0.0"/>
         <property name="hostAddress" value="192.168.0.33"/>
         <property name="sessionId" value="0b3b2ab944f90ea17a9781d6cea6cce9"/>
         <property name="seleniumVersion" value="3.141.59"/>
         <property name="proxyInformation" value="ProxyInformation { proxyOption=NO_PROXY, proxyServerType=HTTP, username=, password=********, proxyServerAddress=, proxyServerPort=0, executionList=&quot;&quot;, isApplyToDesiredCapabilities=true }"/>
         <property name="platform" value="Windows 10"/>
      </properties>
      <testcase name="Test Cases/DIGITURNO/BASICO/67 Administracion de Redes" time="53.574" classname="Test Cases/DIGITURNO/BASICO/67 Administracion de Redes" status="PASSED">
         <system-out><![CDATA[2023-08-14 15:04:47 - [TEST_CASE][PASSED] - Test Cases/DIGITURNO/BASICO/67 Administracion de Redes: Test Cases/DIGITURNO/BASICO/67 Administracion de Redes

2023-08-14 15:04:47 - [TEST_STEP][PASSED] - callTestCase(findTestCase("DIGITURNO/BASICO/32 Elementos del Sistema"), [:], STOP_ON_FAILURE): Call Test Case 'Test Cases/DIGITURNO/BASICO/32 Elementos del Sistema' successfully

2023-08-14 15:04:47 - [TEST_CASE][PASSED] - Test Cases/DIGITURNO/BASICO/32 Elementos del Sistema: Test Cases/DIGITURNO/BASICO/32 Elementos del Sistema

2023-08-14 15:04:47 - [TEST_STEP][PASSED] - callTestCase(findTestCase("DIGITURNO/BASICO/3 Configuracion"), [:], STOP_ON_FAILURE): Call Test Case 'Test Cases/DIGITURNO/BASICO/3 Configuracion' successfully

2023-08-14 15:04:47 - [TEST_CASE][PASSED] - Test Cases/DIGITURNO/BASICO/3 Configuracion: Test Cases/DIGITURNO/BASICO/3 Configuracion

2023-08-14 15:04:48 - [TEST_STEP][PASSED] - callTestCase(findTestCase("0InicioSesion"), [:], STOP_ON_FAILURE): Call Test Case 'Test Cases/0InicioSesion' successfully

2023-08-14 15:04:48 - [TEST_CASE][PASSED] - Test Cases/0InicioSesion: Test Cases/0InicioSesion

2023-08-14 15:04:48 - [TEST_STEP][PASSED] - openBrowser(UrlDigiturno): Browser is opened with url: 'https://PCPruebas101.ciel.cielingenieria.com:8610'

2023-08-14 15:04:48 - [MESSAGE][INFO] - Starting 'Chrome' driver

2023-08-14 15:04:48 - [MESSAGE][INFO] - User set preference: ['args', '[--use-fake-ui-for-media-stream, --disable-notifications]']

2023-08-14 15:04:48 - [MESSAGE][INFO] - Action delay is set to 0 milliseconds

2023-08-14 15:04:51 - [MESSAGE][PASSED] - Browser is opened with url: 'https://PCPruebas101.ciel.cielingenieria.com:8610'

2023-08-14 15:04:51 - [TEST_STEP][PASSED] - maximizeWindow(): Current window maximized

2023-08-14 15:04:51 - [MESSAGE][PASSED] - Current window maximized

2023-08-14 15:04:51 - [TEST_STEP][PASSED] - delay(3): Delayed 3 second(s)

2023-08-14 15:04:54 - [MESSAGE][PASSED] - Delayed 3 second(s)

2023-08-14 15:04:54 - [TEST_STEP][PASSED] - setText(findTestObject("0Inicio Sesion/input_Usuario"), "Ciel"): Text 'Ciel' is set on object 'Object Repository/0Inicio Sesion/input_Usuario'

2023-08-14 15:04:55 - [MESSAGE][PASSED] - Text 'Ciel' is set on object 'Object Repository/0Inicio Sesion/input_Usuario'

2023-08-14 15:04:55 - [TEST_STEP][PASSED] - setText(findTestObject("0Inicio Sesion/input_Clave"), "digiturno"): Text 'digiturno' is set on object 'Object Repository/0Inicio Sesion/input_Clave'

2023-08-14 15:04:55 - [MESSAGE][PASSED] - Text 'digiturno' is set on object 'Object Repository/0Inicio Sesion/input_Clave'

2023-08-14 15:04:55 - [TEST_STEP][PASSED] - click(findTestObject("0Inicio Sesion/btn_IniciarSesion")): Object: 'Object Repository/0Inicio Sesion/btn_IniciarSesion' is clicked on

2023-08-14 15:04:56 - [MESSAGE][PASSED] - Object: 'Object Repository/0Inicio Sesion/btn_IniciarSesion' is clicked on

2023-08-14 15:04:56 - [TEST_STEP][PASSED] - delay(3): Delayed 3 second(s)

2023-08-14 15:04:59 - [MESSAGE][PASSED] - Delayed 3 second(s)

2023-08-14 15:04:59 - [MESSAGE][PASSED] - Call Test Case 'Test Cases/0InicioSesion' successfully

2023-08-14 15:04:59 - [TEST_STEP][PASSED] - click(findTestObject("DIGITURNO/1Principal/img_Configuracion(1)")): Object: 'Object Repository/DIGITURNO/1Principal/img_Configuracion(1)' is clicked on

2023-08-14 15:04:59 - [MESSAGE][PASSED] - Object: 'Object Repository/DIGITURNO/1Principal/img_Configuracion(1)' is clicked on

2023-08-14 15:04:59 - [TEST_STEP][PASSED] - delay(3): Delayed 3 second(s)

2023-08-14 15:05:02 - [MESSAGE][PASSED] - Delayed 3 second(s)

2023-08-14 15:05:02 - [TEST_STEP][PASSED] - takeFullPageScreenshot(): Taking screenshot successfully

2023-08-14 15:05:03 - [MESSAGE][INFO] - 0 hidden object(s)

2023-08-14 15:05:03 - [MESSAGE][PASSED] - Taking screenshot successfully
[[ATTACHMENT|C:\\CIEL INGENIERIA\\Katalon\\Digiturno55\\Reports\\20230814_141235\\DIGITURNO\\BASICO\\67 Administracion de Redes\\20230814_141343\\1692043503012.png]]

2023-08-14 15:05:03 - [TEST_STEP][PASSED] - delay(3): Delayed 3 second(s)

2023-08-14 15:05:06 - [MESSAGE][PASSED] - Delayed 3 second(s)

2023-08-14 15:05:06 - [MESSAGE][PASSED] - Call Test Case 'Test Cases/DIGITURNO/BASICO/3 Configuracion' successfully

2023-08-14 15:05:06 - [TEST_STEP][PASSED] - click(findTestObject("DIGITURNO/CONFIGURACION/0Principal/img_6Elementos del sistema")): Object: 'Object Repository/DIGITURNO/CONFIGURACION/0Principal/img_6Elementos del sistema' is clicked on

2023-08-14 15:05:07 - [MESSAGE][PASSED] - Object: 'Object Repository/DIGITURNO/CONFIGURACION/0Principal/img_6Elementos del sistema' is clicked on

2023-08-14 15:05:07 - [TEST_STEP][PASSED] - delay(3): Delayed 3 second(s)

2023-08-14 15:05:10 - [MESSAGE][PASSED] - Delayed 3 second(s)

2023-08-14 15:05:10 - [TEST_STEP][PASSED] - takeFullPageScreenshot(): Taking screenshot successfully

2023-08-14 15:05:10 - [MESSAGE][INFO] - 0 hidden object(s)

2023-08-14 15:05:10 - [MESSAGE][PASSED] - Taking screenshot successfully
[[ATTACHMENT|C:\\CIEL INGENIERIA\\Katalon\\Digiturno55\\Reports\\20230814_141235\\DIGITURNO\\BASICO\\67 Administracion de Redes\\20230814_141343\\1692043510264.png]]

2023-08-14 15:05:10 - [TEST_STEP][PASSED] - delay(3): Delayed 3 second(s)

2023-08-14 15:05:13 - [MESSAGE][PASSED] - Delayed 3 second(s)

2023-08-14 15:05:13 - [MESSAGE][PASSED] - Call Test Case 'Test Cases/DIGITURNO/BASICO/32 Elementos del Sistema' successfully

2023-08-14 15:05:13 - [TEST_STEP][PASSED] - click(findTestObject("DIGITURNO/CONFIGURACION/6Elementos del Sistema/0Principal/img_7Redes")): Object: 'Object Repository/DIGITURNO/CONFIGURACION/6Elementos del Sistema/0Principal/img_7Redes' is clicked on

2023-08-14 15:05:14 - [MESSAGE][PASSED] - Object: 'Object Repository/DIGITURNO/CONFIGURACION/6Elementos del Sistema/0Principal/img_7Redes' is clicked on

2023-08-14 15:05:14 - [TEST_STEP][PASSED] - delay(3): Delayed 3 second(s)

2023-08-14 15:05:17 - [MESSAGE][PASSED] - Delayed 3 second(s)

2023-08-14 15:05:17 - [TEST_STEP][PASSED] - setText(findTestObject("DIGITURNO/CONFIGURACION/6Elementos del Sistema/7 Redes/Administracion/span_Administrador de recursos locales(1)/Edicion Administrador Recursos Locales/input_Nombre"), "Prueba"): Text 'Prueba' is set on object 'Object Repository/DIGITURNO/CONFIGURACION/6Elementos del Sistema/7 Redes/Administracion/span_Administrador de recursos locales(1)/Edicion Administrador Recursos Locales/input_Nombre'

2023-08-14 15:05:18 - [MESSAGE][PASSED] - Text 'Prueba' is set on object 'Object Repository/DIGITURNO/CONFIGURACION/6Elementos del Sistema/7 Redes/Administracion/span_Administrador de recursos locales(1)/Edicion Administrador Recursos Locales/input_Nombre'

2023-08-14 15:05:18 - [TEST_STEP][PASSED] - setText(findTestObject("DIGITURNO/CONFIGURACION/6Elementos del Sistema/7 Redes/Administracion/span_Administrador de recursos locales(1)/Edicion Administrador Recursos Locales/textarea_Descripcion"), "Prueba"): Text 'Prueba' is set on object 'Object Repository/DIGITURNO/CONFIGURACION/6Elementos del Sistema/7 Redes/Administracion/span_Administrador de recursos locales(1)/Edicion Administrador Recursos Locales/textarea_Descripcion'

2023-08-14 15:05:19 - [MESSAGE][PASSED] - Text 'Prueba' is set on object 'Object Repository/DIGITURNO/CONFIGURACION/6Elementos del Sistema/7 Redes/Administracion/span_Administrador de recursos locales(1)/Edicion Administrador Recursos Locales/textarea_Descripcion'

2023-08-14 15:05:19 - [TEST_STEP][PASSED] - click(findTestObject("DIGITURNO/CONFIGURACION/6Elementos del Sistema/7 Redes/Administracion/span_Administrador de recursos locales(1)/Edicion Administrador Recursos Locales/img_Nuevo")): Object: 'Object Repository/DIGITURNO/CONFIGURACION/6Elementos del Sistema/7 Redes/Administracion/span_Administrador de recursos locales(1)/Edicion Administrador Recursos Locales/img_Nuevo' is clicked on

2023-08-14 15:05:20 - [MESSAGE][PASSED] - Object: 'Object Repository/DIGITURNO/CONFIGURACION/6Elementos del Sistema/7 Redes/Administracion/span_Administrador de recursos locales(1)/Edicion Administrador Recursos Locales/img_Nuevo' is clicked on

2023-08-14 15:05:20 - [TEST_STEP][PASSED] - delay(3): Delayed 3 second(s)

2023-08-14 15:05:23 - [MESSAGE][PASSED] - Delayed 3 second(s)

2023-08-14 15:05:23 - [TEST_STEP][PASSED] - click(findTestObject("DIGITURNO/CONFIGURACION/6Elementos del Sistema/7 Redes/Administracion/span_Redes")): Object: 'Object Repository/DIGITURNO/CONFIGURACION/6Elementos del Sistema/7 Redes/Administracion/span_Redes' is clicked on

2023-08-14 15:05:23 - [MESSAGE][PASSED] - Object: 'Object Repository/DIGITURNO/CONFIGURACION/6Elementos del Sistema/7 Redes/Administracion/span_Redes' is clicked on

2023-08-14 15:05:23 - [TEST_STEP][PASSED] - delay(2): Delayed 2 second(s)

2023-08-14 15:05:25 - [MESSAGE][PASSED] - Delayed 2 second(s)

2023-08-14 15:05:25 - [TEST_STEP][PASSED] - setText(findTestObject("DIGITURNO/CONFIGURACION/6Elementos del Sistema/7 Redes/Administracion/span_Redes(1)/Edicion Redes/input_Nombre Red"), "Prueba"): Text 'Prueba' is set on object 'Object Repository/DIGITURNO/CONFIGURACION/6Elementos del Sistema/7 Redes/Administracion/span_Redes(1)/Edicion Redes/input_Nombre Red'

2023-08-14 15:05:26 - [MESSAGE][PASSED] - Text 'Prueba' is set on object 'Object Repository/DIGITURNO/CONFIGURACION/6Elementos del Sistema/7 Redes/Administracion/span_Redes(1)/Edicion Redes/input_Nombre Red'

2023-08-14 15:05:26 - [TEST_STEP][PASSED] - selectOptionByValue(findTestObject("DIGITURNO/CONFIGURACION/6Elementos del Sistema/7 Redes/Administracion/span_Redes(1)/Edicion Redes/select_Administrador Recursos Locales"), "Prueba", false): All options with value 'Prueba' are selected in object 'Object Repository/DIGITURNO/CONFIGURACION/6Elementos del Sistema/7 Redes/Administracion/span_Redes(1)/Edicion Redes/select_Administrador Recursos Locales' 

2023-08-14 15:05:27 - [MESSAGE][PASSED] - All options with value 'Prueba' are selected in object 'Object Repository/DIGITURNO/CONFIGURACION/6Elementos del Sistema/7 Redes/Administracion/span_Redes(1)/Edicion Redes/select_Administrador Recursos Locales' 

2023-08-14 15:05:27 - [TEST_STEP][PASSED] - delay(3): Delayed 3 second(s)

2023-08-14 15:05:30 - [MESSAGE][PASSED] - Delayed 3 second(s)

2023-08-14 15:05:30 - [TEST_STEP][PASSED] - click(findTestObject("DIGITURNO/CONFIGURACION/6Elementos del Sistema/7 Redes/Administracion/span_Redes(1)/Edicion Redes/label_Serial")): Object: 'Object Repository/DIGITURNO/CONFIGURACION/6Elementos del Sistema/7 Redes/Administracion/span_Redes(1)/Edicion Redes/label_Serial' is clicked on

2023-08-14 15:05:30 - [MESSAGE][PASSED] - Object: 'Object Repository/DIGITURNO/CONFIGURACION/6Elementos del Sistema/7 Redes/Administracion/span_Redes(1)/Edicion Redes/label_Serial' is clicked on

2023-08-14 15:05:30 - [TEST_STEP][PASSED] - delay(2): Delayed 2 second(s)

2023-08-14 15:05:32 - [MESSAGE][PASSED] - Delayed 2 second(s)

2023-08-14 15:05:32 - [TEST_STEP][PASSED] - setText(findTestObject("DIGITURNO/CONFIGURACION/6Elementos del Sistema/7 Redes/Administracion/span_Redes(1)/Edicion Redes/Serial/input_Puerto"), "1111111"): Text '1111111' is set on object 'Object Repository/DIGITURNO/CONFIGURACION/6Elementos del Sistema/7 Redes/Administracion/span_Redes(1)/Edicion Redes/Serial/input_Puerto'

2023-08-14 15:05:33 - [MESSAGE][PASSED] - Text '1111111' is set on object 'Object Repository/DIGITURNO/CONFIGURACION/6Elementos del Sistema/7 Redes/Administracion/span_Redes(1)/Edicion Redes/Serial/input_Puerto'

2023-08-14 15:05:33 - [TEST_STEP][PASSED] - click(findTestObject("DIGITURNO/CONFIGURACION/6Elementos del Sistema/7 Redes/Administracion/span_Redes(1)/Edicion Redes/img_Nuevo")): Object: 'Object Repository/DIGITURNO/CONFIGURACION/6Elementos del Sistema/7 Redes/Administracion/span_Redes(1)/Edicion Redes/img_Nuevo' is clicked on

2023-08-14 15:05:34 - [MESSAGE][PASSED] - Object: 'Object Repository/DIGITURNO/CONFIGURACION/6Elementos del Sistema/7 Redes/Administracion/span_Redes(1)/Edicion Redes/img_Nuevo' is clicked on

2023-08-14 15:05:34 - [TEST_STEP][PASSED] - delay(3): Delayed 3 second(s)

2023-08-14 15:05:37 - [MESSAGE][PASSED] - Delayed 3 second(s)

2023-08-14 15:05:37 - [TEST_STEP][PASSED] - takeFullPageScreenshot(): Taking screenshot successfully

2023-08-14 15:05:37 - [MESSAGE][INFO] - 0 hidden object(s)

2023-08-14 15:05:37 - [MESSAGE][PASSED] - Taking screenshot successfully
[[ATTACHMENT|C:\\CIEL INGENIERIA\\Katalon\\Digiturno55\\Reports\\20230814_141235\\DIGITURNO\\BASICO\\67 Administracion de Redes\\20230814_141343\\1692043537015.png]]

2023-08-14 15:05:37 - [TEST_STEP][PASSED] - delay(3): Delayed 3 second(s)

2023-08-14 15:05:40 - [MESSAGE][PASSED] - Delayed 3 second(s)

2023-08-14 15:05:40 - [TEST_STEP][PASSED] - Start listener action : sampleAfterTestCase: null]]></system-out>
         <system-err><![CDATA[]]></system-err>
      </testcase>
      <system-out><![CDATA[2023-08-14 15:04:46 - [TEST_SUITE][PASSED] - 67 Administracion de Redes: Test Cases/DIGITURNO/BASICO/67 Administracion de Redes]]></system-out>
      <system-err><![CDATA[]]></system-err>
   </testsuite>
</testsuites>
