<?xml version="1.0" encoding="UTF-8"?>
<testsuites name="5.5 Crear Terminales Bogota" time="83.514" tests="1" failures="0" errors="0">
   <testsuite name="5.5 Crear Terminales Bogota" tests="1" failures="0" errors="0" time="83.514" skipped="0" timestamp="2024-01-15 10:19:40" hostname="jdavila - PCPruebas101.ciel.cielingenieria.com" id="Test Suites/WIZARD/3Infraestructura/5Terminales/5.5 Crear Terminales Bogota">
      <properties>
         <property name="deviceName" value=""/>
         <property name="devicePlatform" value=""/>
         <property name="logFolder" value="C:\\CIEL INGENIERIA\\Katalon\\Digiturno55\\Reports\\20240115_094157\\WIZARD\\3Infraestructura\\5Terminales\\5.5 Crear Terminales Bogota\\20240115_094253"/>
         <property name="logFiles" value="C:\\CIEL INGENIERIA\\Katalon\\Digiturno55\\Reports\\20240115_094157\\WIZARD\\3Infraestructura\\5Terminales\\5.5 Crear Terminales Bogota\\20240115_094253\\execution0.log"/>
         <property name="attachments" value="C:\\CIEL INGENIERIA\\Katalon\\Digiturno55\\Reports\\20240115_094157\\WIZARD\\3Infraestructura\\5Terminales\\5.5 Crear Terminales Bogota\\20240115_094253\\1705332060268.png"/>
         <property name="hostName" value="jdavila - PCPruebas101.ciel.cielingenieria.com"/>
         <property name="os" value="Windows 10 64bit"/>
         <property name="katalonVersion" value="8.6.8.208"/>
         <property name="browser" value="Chrome 120.0.0.0"/>
         <property name="hostAddress" value="192.168.0.9"/>
         <property name="sessionId" value="a21318a3a475c4a3fed76a60f44bfd1c"/>
         <property name="seleniumVersion" value="3.141.59"/>
         <property name="proxyInformation" value="ProxyInformation { proxyOption=NO_PROXY, proxyServerType=HTTP, username=, password=********, proxyServerAddress=, proxyServerPort=0, executionList=&quot;&quot;, isApplyToDesiredCapabilities=true }"/>
         <property name="platform" value="Windows 10"/>
      </properties>
      <testcase name="Test Cases/WIZARD/3Infraestructura/5Terminales/5.5 Crear Terminales Bogota" time="83.295" classname="Test Cases/WIZARD/3Infraestructura/5Terminales/5.5 Crear Terminales Bogota" status="PASSED">
         <system-out><![CDATA[2024-01-15 10:19:40 - [TEST_CASE][PASSED] - Test Cases/WIZARD/3Infraestructura/5Terminales/5.5 Crear Terminales Bogota: Test Cases/WIZARD/3Infraestructura/5Terminales/5.5 Crear Terminales Bogota

2024-01-15 10:19:41 - [TEST_STEP][PASSED] - callTestCase(findTestCase("0InicioSesion"), [:], STOP_ON_FAILURE): Call Test Case 'Test Cases/0InicioSesion' successfully

2024-01-15 10:19:41 - [TEST_CASE][PASSED] - Test Cases/0InicioSesion: Test Cases/0InicioSesion

2024-01-15 10:19:41 - [TEST_STEP][PASSED] - openBrowser(UrlDigiturno): Browser is opened with url: 'https://PCPruebas101.ciel.cielingenieria.com:8610'

2024-01-15 10:19:41 - [MESSAGE][INFO] - Starting 'Chrome' driver

2024-01-15 10:19:41 - [MESSAGE][INFO] - User set preference: ['args', '[--use-fake-ui-for-media-stream, --disable-notifications]']

2024-01-15 10:19:41 - [MESSAGE][INFO] - Action delay is set to 0 milliseconds

2024-01-15 10:19:44 - [MESSAGE][PASSED] - Browser is opened with url: 'https://PCPruebas101.ciel.cielingenieria.com:8610'

2024-01-15 10:19:44 - [TEST_STEP][PASSED] - maximizeWindow(): Current window maximized

2024-01-15 10:19:44 - [MESSAGE][PASSED] - Current window maximized

2024-01-15 10:19:44 - [TEST_STEP][PASSED] - delay(3): Delayed 3 second(s)

2024-01-15 10:19:47 - [MESSAGE][PASSED] - Delayed 3 second(s)

2024-01-15 10:19:47 - [TEST_STEP][PASSED] - setText(findTestObject("0Inicio Sesion/input_Usuario"), "Ciel"): Text 'Ciel' is set on object 'Object Repository/0Inicio Sesion/input_Usuario'

2024-01-15 10:19:48 - [MESSAGE][PASSED] - Text 'Ciel' is set on object 'Object Repository/0Inicio Sesion/input_Usuario'

2024-01-15 10:19:48 - [TEST_STEP][PASSED] - setText(findTestObject("0Inicio Sesion/input_Clave"), "digiturno"): Text 'digiturno' is set on object 'Object Repository/0Inicio Sesion/input_Clave'

2024-01-15 10:19:48 - [MESSAGE][PASSED] - Text 'digiturno' is set on object 'Object Repository/0Inicio Sesion/input_Clave'

2024-01-15 10:19:48 - [TEST_STEP][PASSED] - click(findTestObject("0Inicio Sesion/btn_IniciarSesion")): Object: 'Object Repository/0Inicio Sesion/btn_IniciarSesion' is clicked on

2024-01-15 10:19:49 - [MESSAGE][PASSED] - Object: 'Object Repository/0Inicio Sesion/btn_IniciarSesion' is clicked on

2024-01-15 10:19:49 - [TEST_STEP][PASSED] - delay(3): Delayed 3 second(s)

2024-01-15 10:19:52 - [MESSAGE][PASSED] - Delayed 3 second(s)

2024-01-15 10:19:52 - [MESSAGE][PASSED] - Call Test Case 'Test Cases/0InicioSesion' successfully

2024-01-15 10:19:52 - [TEST_STEP][PASSED] - click(findTestObject("WIZARD/0Principal/img_InfraestructuraMAX")): Object: 'Object Repository/WIZARD/0Principal/img_InfraestructuraMAX' is clicked on

2024-01-15 10:19:53 - [MESSAGE][PASSED] - Object: 'Object Repository/WIZARD/0Principal/img_InfraestructuraMAX' is clicked on

2024-01-15 10:19:53 - [TEST_STEP][PASSED] - delay(3): Delayed 3 second(s)

2024-01-15 10:19:56 - [MESSAGE][PASSED] - Delayed 3 second(s)

2024-01-15 10:19:56 - [TEST_STEP][PASSED] - click(findTestObject("WIZARD/3Infraestructura/0Menu/span_Terminales")): Object: 'Object Repository/WIZARD/3Infraestructura/0Menu/span_Terminales' is clicked on

2024-01-15 10:19:57 - [MESSAGE][PASSED] - Object: 'Object Repository/WIZARD/3Infraestructura/0Menu/span_Terminales' is clicked on

2024-01-15 10:19:57 - [TEST_STEP][PASSED] - delay(3): Delayed 3 second(s)

2024-01-15 10:20:00 - [MESSAGE][PASSED] - Delayed 3 second(s)

2024-01-15 10:20:00 - [TEST_STEP][PASSED] - click(findTestObject("WIZARD/3Infraestructura/5Terminales/0OficinasModal/td_1Bogota - CIEL")): Object: 'Object Repository/WIZARD/3Infraestructura/5Terminales/0OficinasModal/td_1Bogota - CIEL' is clicked on

2024-01-15 10:20:00 - [MESSAGE][PASSED] - Object: 'Object Repository/WIZARD/3Infraestructura/5Terminales/0OficinasModal/td_1Bogota - CIEL' is clicked on

2024-01-15 10:20:00 - [TEST_STEP][PASSED] - delay(3): Delayed 3 second(s)

2024-01-15 10:20:03 - [MESSAGE][PASSED] - Delayed 3 second(s)

2024-01-15 10:20:03 - [TEST_STEP][PASSED] - click(findTestObject("WIZARD/3Infraestructura/5Terminales/Edicion/btn_SeleccionarGrupo")): Object: 'Object Repository/WIZARD/3Infraestructura/5Terminales/Edicion/btn_SeleccionarGrupo' is clicked on

2024-01-15 10:20:04 - [MESSAGE][PASSED] - Object: 'Object Repository/WIZARD/3Infraestructura/5Terminales/Edicion/btn_SeleccionarGrupo' is clicked on

2024-01-15 10:20:04 - [TEST_STEP][PASSED] - delay(3): Delayed 3 second(s)

2024-01-15 10:20:07 - [MESSAGE][PASSED] - Delayed 3 second(s)

2024-01-15 10:20:07 - [TEST_STEP][PASSED] - click(findTestObject("WIZARD/3Infraestructura/5Terminales/Edicion/btn_Seleccionar Grupo(1)/a_Grupo General")): Object: 'Object Repository/WIZARD/3Infraestructura/5Terminales/Edicion/btn_Seleccionar Grupo(1)/a_Grupo General' is clicked on

2024-01-15 10:20:07 - [MESSAGE][PASSED] - Object: 'Object Repository/WIZARD/3Infraestructura/5Terminales/Edicion/btn_Seleccionar Grupo(1)/a_Grupo General' is clicked on

2024-01-15 10:20:07 - [TEST_STEP][PASSED] - delay(3): Delayed 3 second(s)

2024-01-15 10:20:10 - [MESSAGE][PASSED] - Delayed 3 second(s)

2024-01-15 10:20:10 - [TEST_STEP][PASSED] - setText(findTestObject("WIZARD/3Infraestructura/5Terminales/Edicion/input_Nombre"), "A01"): Text 'A01' is set on object 'Object Repository/WIZARD/3Infraestructura/5Terminales/Edicion/input_Nombre'

2024-01-15 10:20:11 - [MESSAGE][PASSED] - Text 'A01' is set on object 'Object Repository/WIZARD/3Infraestructura/5Terminales/Edicion/input_Nombre'

2024-01-15 10:20:11 - [TEST_STEP][PASSED] - setText(findTestObject("WIZARD/3Infraestructura/5Terminales/Edicion/textarea_Descripcion"), "Bogota - Terminal - Informacion"): Text 'Bogota - Terminal - Informacion' is set on object 'Object Repository/WIZARD/3Infraestructura/5Terminales/Edicion/textarea_Descripcion'

2024-01-15 10:20:12 - [MESSAGE][PASSED] - Text 'Bogota - Terminal - Informacion' is set on object 'Object Repository/WIZARD/3Infraestructura/5Terminales/Edicion/textarea_Descripcion'

2024-01-15 10:20:12 - [TEST_STEP][PASSED] - scrollToElement(findTestObject("WIZARD/3Infraestructura/5Terminales/Edicion/Label/label_Mostrar ventana emergente"), 2): Scroll to object 'Object Repository/WIZARD/3Infraestructura/5Terminales/Edicion/Label/label_Mostrar ventana emergente' successfully

2024-01-15 10:20:13 - [MESSAGE][PASSED] - Scroll to object 'Object Repository/WIZARD/3Infraestructura/5Terminales/Edicion/Label/label_Mostrar ventana emergente' successfully

2024-01-15 10:20:13 - [TEST_STEP][PASSED] - check(findTestObject("WIZARD/3Infraestructura/5Terminales/Edicion/Label/label_Mostrar ventana emergente")): Object 'Object Repository/WIZARD/3Infraestructura/5Terminales/Edicion/Label/label_Mostrar ventana emergente' is checked

2024-01-15 10:20:13 - [MESSAGE][PASSED] - Object 'Object Repository/WIZARD/3Infraestructura/5Terminales/Edicion/Label/label_Mostrar ventana emergente' is checked

2024-01-15 10:20:13 - [TEST_STEP][PASSED] - scrollToPosition(0, 0): Browser is scrolled to position x = 0, y = 0

2024-01-15 10:20:13 - [MESSAGE][PASSED] - Browser is scrolled to position x = 0, y = 0

2024-01-15 10:20:13 - [TEST_STEP][PASSED] - delay(2): Delayed 2 second(s)

2024-01-15 10:20:15 - [MESSAGE][PASSED] - Delayed 2 second(s)

2024-01-15 10:20:15 - [TEST_STEP][PASSED] - click(findTestObject("WIZARD/3Infraestructura/5Terminales/Edicion/img_Nuevo")): Object: 'Object Repository/WIZARD/3Infraestructura/5Terminales/Edicion/img_Nuevo' is clicked on

2024-01-15 10:20:15 - [MESSAGE][PASSED] - Object: 'Object Repository/WIZARD/3Infraestructura/5Terminales/Edicion/img_Nuevo' is clicked on

2024-01-15 10:20:15 - [TEST_STEP][PASSED] - delay(3): Delayed 3 second(s)

2024-01-15 10:20:19 - [MESSAGE][PASSED] - Delayed 3 second(s)

2024-01-15 10:20:19 - [TEST_STEP][PASSED] - click(findTestObject("WIZARD/3Infraestructura/0Menu/span_Terminales")): Object: 'Object Repository/WIZARD/3Infraestructura/0Menu/span_Terminales' is clicked on

2024-01-15 10:20:19 - [MESSAGE][PASSED] - Object: 'Object Repository/WIZARD/3Infraestructura/0Menu/span_Terminales' is clicked on

2024-01-15 10:20:19 - [TEST_STEP][PASSED] - delay(3): Delayed 3 second(s)

2024-01-15 10:20:22 - [MESSAGE][PASSED] - Delayed 3 second(s)

2024-01-15 10:20:22 - [TEST_STEP][PASSED] - click(findTestObject("WIZARD/3Infraestructura/5Terminales/0OficinasModal/td_1Bogota - CIEL")): Object: 'Object Repository/WIZARD/3Infraestructura/5Terminales/0OficinasModal/td_1Bogota - CIEL' is clicked on

2024-01-15 10:20:23 - [MESSAGE][PASSED] - Object: 'Object Repository/WIZARD/3Infraestructura/5Terminales/0OficinasModal/td_1Bogota - CIEL' is clicked on

2024-01-15 10:20:23 - [TEST_STEP][PASSED] - delay(3): Delayed 3 second(s)

2024-01-15 10:20:26 - [MESSAGE][PASSED] - Delayed 3 second(s)

2024-01-15 10:20:26 - [TEST_STEP][PASSED] - click(findTestObject("WIZARD/3Infraestructura/5Terminales/Edicion/btn_SeleccionarGrupo")): Object: 'Object Repository/WIZARD/3Infraestructura/5Terminales/Edicion/btn_SeleccionarGrupo' is clicked on

2024-01-15 10:20:26 - [MESSAGE][PASSED] - Object: 'Object Repository/WIZARD/3Infraestructura/5Terminales/Edicion/btn_SeleccionarGrupo' is clicked on

2024-01-15 10:20:26 - [TEST_STEP][PASSED] - delay(3): Delayed 3 second(s)

2024-01-15 10:20:29 - [MESSAGE][PASSED] - Delayed 3 second(s)

2024-01-15 10:20:29 - [TEST_STEP][PASSED] - click(findTestObject("WIZARD/3Infraestructura/5Terminales/Edicion/btn_Seleccionar Grupo(1)/a_Grupo PQRS")): Object: 'Object Repository/WIZARD/3Infraestructura/5Terminales/Edicion/btn_Seleccionar Grupo(1)/a_Grupo PQRS' is clicked on

2024-01-15 10:20:30 - [MESSAGE][PASSED] - Object: 'Object Repository/WIZARD/3Infraestructura/5Terminales/Edicion/btn_Seleccionar Grupo(1)/a_Grupo PQRS' is clicked on

2024-01-15 10:20:30 - [TEST_STEP][PASSED] - scrollToElement(findTestObject("WIZARD/3Infraestructura/5Terminales/Edicion/input_Nombre"), 2): Scroll to object 'Object Repository/WIZARD/3Infraestructura/5Terminales/Edicion/input_Nombre' successfully

2024-01-15 10:20:30 - [MESSAGE][PASSED] - Scroll to object 'Object Repository/WIZARD/3Infraestructura/5Terminales/Edicion/input_Nombre' successfully

2024-01-15 10:20:30 - [TEST_STEP][PASSED] - setText(findTestObject("WIZARD/3Infraestructura/5Terminales/Edicion/input_Nombre"), "A02"): Text 'A02' is set on object 'Object Repository/WIZARD/3Infraestructura/5Terminales/Edicion/input_Nombre'

2024-01-15 10:20:31 - [MESSAGE][PASSED] - Text 'A02' is set on object 'Object Repository/WIZARD/3Infraestructura/5Terminales/Edicion/input_Nombre'

2024-01-15 10:20:31 - [TEST_STEP][PASSED] - setText(findTestObject("WIZARD/3Infraestructura/5Terminales/Edicion/textarea_Descripcion"), "Bogota - Terminal - PQRS"): Text 'Bogota - Terminal - PQRS' is set on object 'Object Repository/WIZARD/3Infraestructura/5Terminales/Edicion/textarea_Descripcion'

2024-01-15 10:20:32 - [MESSAGE][PASSED] - Text 'Bogota - Terminal - PQRS' is set on object 'Object Repository/WIZARD/3Infraestructura/5Terminales/Edicion/textarea_Descripcion'

2024-01-15 10:20:32 - [TEST_STEP][PASSED] - scrollToElement(findTestObject("WIZARD/3Infraestructura/5Terminales/Edicion/Label/label_Mostrar ventana emergente"), 2): Scroll to object 'Object Repository/WIZARD/3Infraestructura/5Terminales/Edicion/Label/label_Mostrar ventana emergente' successfully

2024-01-15 10:20:32 - [MESSAGE][PASSED] - Scroll to object 'Object Repository/WIZARD/3Infraestructura/5Terminales/Edicion/Label/label_Mostrar ventana emergente' successfully

2024-01-15 10:20:32 - [TEST_STEP][PASSED] - setText(findTestObject("WIZARD/3Infraestructura/5Terminales/Edicion/input_Direccion en sala"), "2"): Text '2' is set on object 'Object Repository/WIZARD/3Infraestructura/5Terminales/Edicion/input_Direccion en sala'

2024-01-15 10:20:33 - [MESSAGE][PASSED] - Text '2' is set on object 'Object Repository/WIZARD/3Infraestructura/5Terminales/Edicion/input_Direccion en sala'

2024-01-15 10:20:33 - [TEST_STEP][PASSED] - check(findTestObject("WIZARD/3Infraestructura/5Terminales/Edicion/Label/label_Mostrar ventana emergente")): Object 'Object Repository/WIZARD/3Infraestructura/5Terminales/Edicion/Label/label_Mostrar ventana emergente' is checked

2024-01-15 10:20:34 - [MESSAGE][PASSED] - Object 'Object Repository/WIZARD/3Infraestructura/5Terminales/Edicion/Label/label_Mostrar ventana emergente' is checked

2024-01-15 10:20:34 - [TEST_STEP][PASSED] - scrollToPosition(0, 0): Browser is scrolled to position x = 0, y = 0

2024-01-15 10:20:34 - [MESSAGE][PASSED] - Browser is scrolled to position x = 0, y = 0

2024-01-15 10:20:34 - [TEST_STEP][PASSED] - delay(2): Delayed 2 second(s)

2024-01-15 10:20:36 - [MESSAGE][PASSED] - Delayed 2 second(s)

2024-01-15 10:20:36 - [TEST_STEP][PASSED] - click(findTestObject("WIZARD/3Infraestructura/5Terminales/Edicion/img_Nuevo")): Object: 'Object Repository/WIZARD/3Infraestructura/5Terminales/Edicion/img_Nuevo' is clicked on

2024-01-15 10:20:36 - [MESSAGE][PASSED] - Object: 'Object Repository/WIZARD/3Infraestructura/5Terminales/Edicion/img_Nuevo' is clicked on

2024-01-15 10:20:36 - [TEST_STEP][PASSED] - delay(3): Delayed 3 second(s)

2024-01-15 10:20:39 - [MESSAGE][PASSED] - Delayed 3 second(s)

2024-01-15 10:20:39 - [TEST_STEP][PASSED] - click(findTestObject("WIZARD/3Infraestructura/0Menu/span_Terminales")): Object: 'Object Repository/WIZARD/3Infraestructura/0Menu/span_Terminales' is clicked on

2024-01-15 10:20:40 - [MESSAGE][PASSED] - Object: 'Object Repository/WIZARD/3Infraestructura/0Menu/span_Terminales' is clicked on

2024-01-15 10:20:40 - [TEST_STEP][PASSED] - delay(3): Delayed 3 second(s)

2024-01-15 10:20:43 - [MESSAGE][PASSED] - Delayed 3 second(s)

2024-01-15 10:20:43 - [TEST_STEP][PASSED] - click(findTestObject("WIZARD/3Infraestructura/5Terminales/0OficinasModal/td_1Bogota - CIEL")): Object: 'Object Repository/WIZARD/3Infraestructura/5Terminales/0OficinasModal/td_1Bogota - CIEL' is clicked on

2024-01-15 10:20:43 - [MESSAGE][PASSED] - Object: 'Object Repository/WIZARD/3Infraestructura/5Terminales/0OficinasModal/td_1Bogota - CIEL' is clicked on

2024-01-15 10:20:43 - [TEST_STEP][PASSED] - delay(3): Delayed 3 second(s)

2024-01-15 10:20:46 - [MESSAGE][PASSED] - Delayed 3 second(s)

2024-01-15 10:20:46 - [TEST_STEP][PASSED] - click(findTestObject("WIZARD/3Infraestructura/5Terminales/Edicion/btn_SeleccionarGrupo")): Object: 'Object Repository/WIZARD/3Infraestructura/5Terminales/Edicion/btn_SeleccionarGrupo' is clicked on

2024-01-15 10:20:47 - [MESSAGE][PASSED] - Object: 'Object Repository/WIZARD/3Infraestructura/5Terminales/Edicion/btn_SeleccionarGrupo' is clicked on

2024-01-15 10:20:47 - [TEST_STEP][PASSED] - delay(3): Delayed 3 second(s)

2024-01-15 10:20:50 - [MESSAGE][PASSED] - Delayed 3 second(s)

2024-01-15 10:20:50 - [TEST_STEP][PASSED] - click(findTestObject("WIZARD/3Infraestructura/5Terminales/Edicion/btn_Seleccionar Grupo(1)/a_Grupo Radicaciones")): Object: 'Object Repository/WIZARD/3Infraestructura/5Terminales/Edicion/btn_Seleccionar Grupo(1)/a_Grupo Radicaciones' is clicked on

2024-01-15 10:20:50 - [MESSAGE][PASSED] - Object: 'Object Repository/WIZARD/3Infraestructura/5Terminales/Edicion/btn_Seleccionar Grupo(1)/a_Grupo Radicaciones' is clicked on

2024-01-15 10:20:50 - [TEST_STEP][PASSED] - scrollToElement(findTestObject("WIZARD/3Infraestructura/5Terminales/Edicion/input_Nombre"), 2): Scroll to object 'Object Repository/WIZARD/3Infraestructura/5Terminales/Edicion/input_Nombre' successfully

2024-01-15 10:20:51 - [MESSAGE][PASSED] - Scroll to object 'Object Repository/WIZARD/3Infraestructura/5Terminales/Edicion/input_Nombre' successfully

2024-01-15 10:20:51 - [TEST_STEP][PASSED] - setText(findTestObject("WIZARD/3Infraestructura/5Terminales/Edicion/input_Nombre"), "A03"): Text 'A03' is set on object 'Object Repository/WIZARD/3Infraestructura/5Terminales/Edicion/input_Nombre'

2024-01-15 10:20:52 - [MESSAGE][PASSED] - Text 'A03' is set on object 'Object Repository/WIZARD/3Infraestructura/5Terminales/Edicion/input_Nombre'

2024-01-15 10:20:52 - [TEST_STEP][PASSED] - setText(findTestObject("WIZARD/3Infraestructura/5Terminales/Edicion/textarea_Descripcion"), "Bogota - Terminal - Radicaciones"): Text 'Bogota - Terminal - Radicaciones' is set on object 'Object Repository/WIZARD/3Infraestructura/5Terminales/Edicion/textarea_Descripcion'

2024-01-15 10:20:53 - [MESSAGE][PASSED] - Text 'Bogota - Terminal - Radicaciones' is set on object 'Object Repository/WIZARD/3Infraestructura/5Terminales/Edicion/textarea_Descripcion'

2024-01-15 10:20:53 - [TEST_STEP][PASSED] - scrollToElement(findTestObject("WIZARD/3Infraestructura/5Terminales/Edicion/Label/label_Mostrar ventana emergente"), 2): Scroll to object 'Object Repository/WIZARD/3Infraestructura/5Terminales/Edicion/Label/label_Mostrar ventana emergente' successfully

2024-01-15 10:20:53 - [MESSAGE][PASSED] - Scroll to object 'Object Repository/WIZARD/3Infraestructura/5Terminales/Edicion/Label/label_Mostrar ventana emergente' successfully

2024-01-15 10:20:53 - [TEST_STEP][PASSED] - setText(findTestObject("WIZARD/3Infraestructura/5Terminales/Edicion/input_Direccion en sala"), "3"): Text '3' is set on object 'Object Repository/WIZARD/3Infraestructura/5Terminales/Edicion/input_Direccion en sala'

2024-01-15 10:20:54 - [MESSAGE][PASSED] - Text '3' is set on object 'Object Repository/WIZARD/3Infraestructura/5Terminales/Edicion/input_Direccion en sala'

2024-01-15 10:20:54 - [TEST_STEP][PASSED] - check(findTestObject("WIZARD/3Infraestructura/5Terminales/Edicion/Label/label_Mostrar ventana emergente")): Object 'Object Repository/WIZARD/3Infraestructura/5Terminales/Edicion/Label/label_Mostrar ventana emergente' is checked

2024-01-15 10:20:54 - [MESSAGE][PASSED] - Object 'Object Repository/WIZARD/3Infraestructura/5Terminales/Edicion/Label/label_Mostrar ventana emergente' is checked

2024-01-15 10:20:54 - [TEST_STEP][PASSED] - scrollToPosition(0, 0): Browser is scrolled to position x = 0, y = 0

2024-01-15 10:20:54 - [MESSAGE][PASSED] - Browser is scrolled to position x = 0, y = 0

2024-01-15 10:20:54 - [TEST_STEP][PASSED] - delay(2): Delayed 2 second(s)

2024-01-15 10:20:56 - [MESSAGE][PASSED] - Delayed 2 second(s)

2024-01-15 10:20:56 - [TEST_STEP][PASSED] - click(findTestObject("WIZARD/3Infraestructura/5Terminales/Edicion/img_Nuevo")): Object: 'Object Repository/WIZARD/3Infraestructura/5Terminales/Edicion/img_Nuevo' is clicked on

2024-01-15 10:20:57 - [MESSAGE][PASSED] - Object: 'Object Repository/WIZARD/3Infraestructura/5Terminales/Edicion/img_Nuevo' is clicked on

2024-01-15 10:20:57 - [TEST_STEP][PASSED] - delay(3): Delayed 3 second(s)

2024-01-15 10:21:00 - [MESSAGE][PASSED] - Delayed 3 second(s)

2024-01-15 10:21:00 - [TEST_STEP][PASSED] - takeFullPageScreenshot(): Taking screenshot successfully

2024-01-15 10:21:00 - [MESSAGE][INFO] - 0 hidden object(s)

2024-01-15 10:21:01 - [MESSAGE][PASSED] - Taking screenshot successfully
[[ATTACHMENT|C:\\CIEL INGENIERIA\\Katalon\\Digiturno55\\Reports\\20240115_094157\\WIZARD\\3Infraestructura\\5Terminales\\5.5 Crear Terminales Bogota\\20240115_094253\\1705332060268.png]]

2024-01-15 10:21:01 - [TEST_STEP][PASSED] - delay(3): Delayed 3 second(s)

2024-01-15 10:21:04 - [MESSAGE][PASSED] - Delayed 3 second(s)

2024-01-15 10:21:04 - [TEST_STEP][PASSED] - Start listener action : sampleAfterTestCase: null]]></system-out>
         <system-err><![CDATA[]]></system-err>
      </testcase>
      <system-out><![CDATA[2024-01-15 10:19:40 - [TEST_SUITE][PASSED] - 5.5 Crear Terminales Bogota: Test Cases/WIZARD/3Infraestructura/5Terminales/5.5 Crear Terminales Bogota]]></system-out>
      <system-err><![CDATA[]]></system-err>
   </testsuite>
</testsuites>
