<?xml version="1.0" encoding="UTF-8"?>
<testsuites name="5.6 Relacionar Tableros" time="125.491" tests="1" failures="0" errors="0">
   <testsuite name="5.6 Relacionar Tableros" tests="1" failures="0" errors="0" time="125.491" skipped="0" timestamp="2023-08-14 11:39:10" hostname="jdavila - PCPruebas101.ciel.cielingenieria.com" id="Test Suites/WIZARD/3Infraestructura/6Tableros/5.6 Relacionar Tableros">
      <properties>
         <property name="deviceName" value=""/>
         <property name="devicePlatform" value=""/>
         <property name="logFolder" value="C:\\CIEL INGENIERIA\\Katalon\\Digiturno55\\Reports\\20230814_104251\\WIZARD\\3Infraestructura\\6Tableros\\5.6 Relacionar Tableros\\20230814_104406"/>
         <property name="logFiles" value="C:\\CIEL INGENIERIA\\Katalon\\Digiturno55\\Reports\\20230814_104251\\WIZARD\\3Infraestructura\\6Tableros\\5.6 Relacionar Tableros\\20230814_104406\\execution0.log"/>
         <property name="attachments" value="C:\\CIEL INGENIERIA\\Katalon\\Digiturno55\\Reports\\20230814_104251\\WIZARD\\3Infraestructura\\6Tableros\\5.6 Relacionar Tableros\\20230814_104406\\1692031272250.png"/>
         <property name="hostName" value="jdavila - PCPruebas101.ciel.cielingenieria.com"/>
         <property name="os" value="Windows 10 64bit"/>
         <property name="katalonVersion" value="8.6.0.208"/>
         <property name="browser" value="Chrome 115.0.0.0"/>
         <property name="hostAddress" value="192.168.0.33"/>
         <property name="sessionId" value="5abaec733463c1a2351453d964ba50bf"/>
         <property name="seleniumVersion" value="3.141.59"/>
         <property name="proxyInformation" value="ProxyInformation { proxyOption=NO_PROXY, proxyServerType=HTTP, username=, password=********, proxyServerAddress=, proxyServerPort=0, executionList=&quot;&quot;, isApplyToDesiredCapabilities=true }"/>
         <property name="platform" value="Windows 10"/>
      </properties>
      <testcase name="Test Cases/WIZARD/3Infraestructura/6Tableros/5.6 Relacionar Tableros" time="125.237" classname="Test Cases/WIZARD/3Infraestructura/6Tableros/5.6 Relacionar Tableros" status="PASSED">
         <system-out><![CDATA[2023-08-14 11:39:10 - [TEST_CASE][PASSED] - Test Cases/WIZARD/3Infraestructura/6Tableros/5.6 Relacionar Tableros: Test Cases/WIZARD/3Infraestructura/6Tableros/5.6 Relacionar Tableros

2023-08-14 11:39:11 - [TEST_STEP][PASSED] - callTestCase(findTestCase("0InicioSesion"), [:], STOP_ON_FAILURE): Call Test Case 'Test Cases/0InicioSesion' successfully

2023-08-14 11:39:11 - [TEST_CASE][PASSED] - Test Cases/0InicioSesion: Test Cases/0InicioSesion

2023-08-14 11:39:11 - [TEST_STEP][PASSED] - openBrowser(UrlDigiturno): Browser is opened with url: 'https://PCPruebas101.ciel.cielingenieria.com:8610'

2023-08-14 11:39:12 - [MESSAGE][INFO] - Starting 'Chrome' driver

2023-08-14 11:39:12 - [MESSAGE][INFO] - User set preference: ['args', '[--use-fake-ui-for-media-stream, --disable-notifications]']

2023-08-14 11:39:12 - [MESSAGE][INFO] - Action delay is set to 0 milliseconds

2023-08-14 11:39:14 - [MESSAGE][PASSED] - Browser is opened with url: 'https://PCPruebas101.ciel.cielingenieria.com:8610'

2023-08-14 11:39:14 - [TEST_STEP][PASSED] - maximizeWindow(): Current window maximized

2023-08-14 11:39:14 - [MESSAGE][PASSED] - Current window maximized

2023-08-14 11:39:14 - [TEST_STEP][PASSED] - delay(3): Delayed 3 second(s)

2023-08-14 11:39:17 - [MESSAGE][PASSED] - Delayed 3 second(s)

2023-08-14 11:39:17 - [TEST_STEP][PASSED] - setText(findTestObject("0Inicio Sesion/input_Usuario"), "Ciel"): Text 'Ciel' is set on object 'Object Repository/0Inicio Sesion/input_Usuario'

2023-08-14 11:39:18 - [MESSAGE][PASSED] - Text 'Ciel' is set on object 'Object Repository/0Inicio Sesion/input_Usuario'

2023-08-14 11:39:18 - [TEST_STEP][PASSED] - setText(findTestObject("0Inicio Sesion/input_Clave"), "digiturno"): Text 'digiturno' is set on object 'Object Repository/0Inicio Sesion/input_Clave'

2023-08-14 11:39:19 - [MESSAGE][PASSED] - Text 'digiturno' is set on object 'Object Repository/0Inicio Sesion/input_Clave'

2023-08-14 11:39:19 - [TEST_STEP][PASSED] - click(findTestObject("0Inicio Sesion/btn_IniciarSesion")): Object: 'Object Repository/0Inicio Sesion/btn_IniciarSesion' is clicked on

2023-08-14 11:39:19 - [MESSAGE][PASSED] - Object: 'Object Repository/0Inicio Sesion/btn_IniciarSesion' is clicked on

2023-08-14 11:39:19 - [TEST_STEP][PASSED] - delay(3): Delayed 3 second(s)

2023-08-14 11:39:22 - [MESSAGE][PASSED] - Delayed 3 second(s)

2023-08-14 11:39:22 - [MESSAGE][PASSED] - Call Test Case 'Test Cases/0InicioSesion' successfully

2023-08-14 11:39:22 - [TEST_STEP][PASSED] - click(findTestObject("WIZARD/0Principal/img_InfraestructuraMAX")): Object: 'Object Repository/WIZARD/0Principal/img_InfraestructuraMAX' is clicked on

2023-08-14 11:39:23 - [MESSAGE][PASSED] - Object: 'Object Repository/WIZARD/0Principal/img_InfraestructuraMAX' is clicked on

2023-08-14 11:39:23 - [TEST_STEP][PASSED] - delay(3): Delayed 3 second(s)

2023-08-14 11:39:26 - [MESSAGE][PASSED] - Delayed 3 second(s)

2023-08-14 11:39:26 - [TEST_STEP][PASSED] - click(findTestObject("WIZARD/3Infraestructura/0Menu/span_Tableros")): Object: 'Object Repository/WIZARD/3Infraestructura/0Menu/span_Tableros' is clicked on

2023-08-14 11:39:29 - [MESSAGE][PASSED] - Object: 'Object Repository/WIZARD/3Infraestructura/0Menu/span_Tableros' is clicked on

2023-08-14 11:39:29 - [TEST_STEP][PASSED] - delay(3): Delayed 3 second(s)

2023-08-14 11:39:32 - [MESSAGE][PASSED] - Delayed 3 second(s)

2023-08-14 11:39:32 - [TEST_STEP][PASSED] - click(findTestObject("WIZARD/3Infraestructura/6Tableros/0OficinaModal/td_Bogota - CIEL")): Object: 'Object Repository/WIZARD/3Infraestructura/6Tableros/0OficinaModal/td_Bogota - CIEL' is clicked on

2023-08-14 11:39:32 - [MESSAGE][PASSED] - Object: 'Object Repository/WIZARD/3Infraestructura/6Tableros/0OficinaModal/td_Bogota - CIEL' is clicked on

2023-08-14 11:39:32 - [TEST_STEP][PASSED] - delay(3): Delayed 3 second(s)

2023-08-14 11:39:35 - [MESSAGE][PASSED] - Delayed 3 second(s)

2023-08-14 11:39:35 - [TEST_STEP][PASSED] - click(findTestObject("WIZARD/3Infraestructura/6Tableros/Lista de Tableros/td_Tablero - 1")): Object: 'Object Repository/WIZARD/3Infraestructura/6Tableros/Lista de Tableros/td_Tablero - 1' is clicked on

2023-08-14 11:39:36 - [MESSAGE][PASSED] - Object: 'Object Repository/WIZARD/3Infraestructura/6Tableros/Lista de Tableros/td_Tablero - 1' is clicked on

2023-08-14 11:39:36 - [TEST_STEP][PASSED] - delay(3): Delayed 3 second(s)

2023-08-14 11:39:39 - [MESSAGE][PASSED] - Delayed 3 second(s)

2023-08-14 11:39:39 - [TEST_STEP][PASSED] - scrollToElement(findTestObject("WIZARD/3Infraestructura/6Tableros/Configuracion/Edicion/Elementos del nivel/img_Relacionar"), 2): Scroll to object 'Object Repository/WIZARD/3Infraestructura/6Tableros/Configuracion/Edicion/Elementos del nivel/img_Relacionar' successfully

2023-08-14 11:39:39 - [MESSAGE][PASSED] - Scroll to object 'Object Repository/WIZARD/3Infraestructura/6Tableros/Configuracion/Edicion/Elementos del nivel/img_Relacionar' successfully

2023-08-14 11:39:39 - [TEST_STEP][PASSED] - executeJavaScript("return document.getElementById('ContentPlaceHolder1_TabContainer1_tpEdicion_salasEntes_TablaHerramientas1_aSeleccionarTodo').click()", []): Execute JavaScript 'return document.getElementById('ContentPlaceHolder1_TabContainer1_tpEdicion_salasEntes_TablaHerramientas1_aSeleccionarTodo').click()' successfully

2023-08-14 11:39:39 - [MESSAGE][PASSED] - Execute JavaScript 'return document.getElementById('ContentPlaceHolder1_TabContainer1_tpEdicion_salasEntes_TablaHerramientas1_aSeleccionarTodo').click()' successfully

2023-08-14 11:39:39 - [TEST_STEP][PASSED] - click(findTestObject("WIZARD/3Infraestructura/6Tableros/Configuracion/Edicion/Elementos del nivel/img_Relacionar")): Object: 'Object Repository/WIZARD/3Infraestructura/6Tableros/Configuracion/Edicion/Elementos del nivel/img_Relacionar' is clicked on

2023-08-14 11:39:40 - [MESSAGE][PASSED] - Object: 'Object Repository/WIZARD/3Infraestructura/6Tableros/Configuracion/Edicion/Elementos del nivel/img_Relacionar' is clicked on

2023-08-14 11:39:40 - [TEST_STEP][PASSED] - delay(3): Delayed 3 second(s)

2023-08-14 11:39:43 - [MESSAGE][PASSED] - Delayed 3 second(s)

2023-08-14 11:39:43 - [TEST_STEP][PASSED] - click(findTestObject("WIZARD/3Infraestructura/0Menu/span_Tableros")): Object: 'Object Repository/WIZARD/3Infraestructura/0Menu/span_Tableros' is clicked on

2023-08-14 11:39:45 - [MESSAGE][PASSED] - Object: 'Object Repository/WIZARD/3Infraestructura/0Menu/span_Tableros' is clicked on

2023-08-14 11:39:45 - [TEST_STEP][PASSED] - delay(3): Delayed 3 second(s)

2023-08-14 11:39:48 - [MESSAGE][PASSED] - Delayed 3 second(s)

2023-08-14 11:39:48 - [TEST_STEP][PASSED] - click(findTestObject("WIZARD/3Infraestructura/6Tableros/0OficinaModal/td_Cali - Chipichape")): Object: 'Object Repository/WIZARD/3Infraestructura/6Tableros/0OficinaModal/td_Cali - Chipichape' is clicked on

2023-08-14 11:39:48 - [MESSAGE][PASSED] - Object: 'Object Repository/WIZARD/3Infraestructura/6Tableros/0OficinaModal/td_Cali - Chipichape' is clicked on

2023-08-14 11:39:48 - [TEST_STEP][PASSED] - delay(3): Delayed 3 second(s)

2023-08-14 11:39:51 - [MESSAGE][PASSED] - Delayed 3 second(s)

2023-08-14 11:39:51 - [TEST_STEP][PASSED] - click(findTestObject("WIZARD/3Infraestructura/6Tableros/Lista de Tableros/td_Tablero - 1")): Object: 'Object Repository/WIZARD/3Infraestructura/6Tableros/Lista de Tableros/td_Tablero - 1' is clicked on

2023-08-14 11:39:52 - [MESSAGE][PASSED] - Object: 'Object Repository/WIZARD/3Infraestructura/6Tableros/Lista de Tableros/td_Tablero - 1' is clicked on

2023-08-14 11:39:52 - [TEST_STEP][PASSED] - delay(3): Delayed 3 second(s)

2023-08-14 11:39:55 - [MESSAGE][PASSED] - Delayed 3 second(s)

2023-08-14 11:39:55 - [TEST_STEP][PASSED] - scrollToElement(findTestObject("WIZARD/3Infraestructura/6Tableros/Configuracion/Edicion/Elementos del nivel/img_Relacionar"), 2): Scroll to object 'Object Repository/WIZARD/3Infraestructura/6Tableros/Configuracion/Edicion/Elementos del nivel/img_Relacionar' successfully

2023-08-14 11:39:55 - [MESSAGE][PASSED] - Scroll to object 'Object Repository/WIZARD/3Infraestructura/6Tableros/Configuracion/Edicion/Elementos del nivel/img_Relacionar' successfully

2023-08-14 11:39:55 - [TEST_STEP][PASSED] - executeJavaScript("return document.getElementById('ContentPlaceHolder1_TabContainer1_tpEdicion_salasEntes_TablaHerramientas1_aSeleccionarTodo').click()", []): Execute JavaScript 'return document.getElementById('ContentPlaceHolder1_TabContainer1_tpEdicion_salasEntes_TablaHerramientas1_aSeleccionarTodo').click()' successfully

2023-08-14 11:39:55 - [MESSAGE][PASSED] - Execute JavaScript 'return document.getElementById('ContentPlaceHolder1_TabContainer1_tpEdicion_salasEntes_TablaHerramientas1_aSeleccionarTodo').click()' successfully

2023-08-14 11:39:55 - [TEST_STEP][PASSED] - click(findTestObject("WIZARD/3Infraestructura/6Tableros/Configuracion/Edicion/Elementos del nivel/img_Relacionar")): Object: 'Object Repository/WIZARD/3Infraestructura/6Tableros/Configuracion/Edicion/Elementos del nivel/img_Relacionar' is clicked on

2023-08-14 11:39:56 - [MESSAGE][PASSED] - Object: 'Object Repository/WIZARD/3Infraestructura/6Tableros/Configuracion/Edicion/Elementos del nivel/img_Relacionar' is clicked on

2023-08-14 11:39:56 - [TEST_STEP][PASSED] - delay(3): Delayed 3 second(s)

2023-08-14 11:39:59 - [MESSAGE][PASSED] - Delayed 3 second(s)

2023-08-14 11:39:59 - [TEST_STEP][PASSED] - click(findTestObject("WIZARD/3Infraestructura/0Menu/span_Tableros")): Object: 'Object Repository/WIZARD/3Infraestructura/0Menu/span_Tableros' is clicked on

2023-08-14 11:39:59 - [MESSAGE][PASSED] - Object: 'Object Repository/WIZARD/3Infraestructura/0Menu/span_Tableros' is clicked on

2023-08-14 11:39:59 - [TEST_STEP][PASSED] - delay(3): Delayed 3 second(s)

2023-08-14 11:40:02 - [MESSAGE][PASSED] - Delayed 3 second(s)

2023-08-14 11:40:02 - [TEST_STEP][PASSED] - click(findTestObject("WIZARD/3Infraestructura/6Tableros/0OficinaModal/td_Cartagena - Bocagrande")): Object: 'Object Repository/WIZARD/3Infraestructura/6Tableros/0OficinaModal/td_Cartagena - Bocagrande' is clicked on

2023-08-14 11:40:03 - [MESSAGE][PASSED] - Object: 'Object Repository/WIZARD/3Infraestructura/6Tableros/0OficinaModal/td_Cartagena - Bocagrande' is clicked on

2023-08-14 11:40:03 - [TEST_STEP][PASSED] - delay(3): Delayed 3 second(s)

2023-08-14 11:40:06 - [MESSAGE][PASSED] - Delayed 3 second(s)

2023-08-14 11:40:06 - [TEST_STEP][PASSED] - click(findTestObject("WIZARD/3Infraestructura/6Tableros/Lista de Tableros/td_Tablero - 1")): Object: 'Object Repository/WIZARD/3Infraestructura/6Tableros/Lista de Tableros/td_Tablero - 1' is clicked on

2023-08-14 11:40:06 - [MESSAGE][PASSED] - Object: 'Object Repository/WIZARD/3Infraestructura/6Tableros/Lista de Tableros/td_Tablero - 1' is clicked on

2023-08-14 11:40:06 - [TEST_STEP][PASSED] - delay(3): Delayed 3 second(s)

2023-08-14 11:40:09 - [MESSAGE][PASSED] - Delayed 3 second(s)

2023-08-14 11:40:09 - [TEST_STEP][PASSED] - scrollToElement(findTestObject("WIZARD/3Infraestructura/6Tableros/Configuracion/Edicion/Elementos del nivel/img_Relacionar"), 2): Scroll to object 'Object Repository/WIZARD/3Infraestructura/6Tableros/Configuracion/Edicion/Elementos del nivel/img_Relacionar' successfully

2023-08-14 11:40:10 - [MESSAGE][PASSED] - Scroll to object 'Object Repository/WIZARD/3Infraestructura/6Tableros/Configuracion/Edicion/Elementos del nivel/img_Relacionar' successfully

2023-08-14 11:40:10 - [TEST_STEP][PASSED] - executeJavaScript("return document.getElementById('ContentPlaceHolder1_TabContainer1_tpEdicion_salasEntes_TablaHerramientas1_aSeleccionarTodo').click()", []): Execute JavaScript 'return document.getElementById('ContentPlaceHolder1_TabContainer1_tpEdicion_salasEntes_TablaHerramientas1_aSeleccionarTodo').click()' successfully

2023-08-14 11:40:10 - [MESSAGE][PASSED] - Execute JavaScript 'return document.getElementById('ContentPlaceHolder1_TabContainer1_tpEdicion_salasEntes_TablaHerramientas1_aSeleccionarTodo').click()' successfully

2023-08-14 11:40:10 - [TEST_STEP][PASSED] - click(findTestObject("WIZARD/3Infraestructura/6Tableros/Configuracion/Edicion/Elementos del nivel/img_Relacionar")): Object: 'Object Repository/WIZARD/3Infraestructura/6Tableros/Configuracion/Edicion/Elementos del nivel/img_Relacionar' is clicked on

2023-08-14 11:40:10 - [MESSAGE][PASSED] - Object: 'Object Repository/WIZARD/3Infraestructura/6Tableros/Configuracion/Edicion/Elementos del nivel/img_Relacionar' is clicked on

2023-08-14 11:40:10 - [TEST_STEP][PASSED] - delay(3): Delayed 3 second(s)

2023-08-14 11:40:13 - [MESSAGE][PASSED] - Delayed 3 second(s)

2023-08-14 11:40:13 - [TEST_STEP][PASSED] - click(findTestObject("WIZARD/3Infraestructura/0Menu/span_Tableros")): Object: 'Object Repository/WIZARD/3Infraestructura/0Menu/span_Tableros' is clicked on

2023-08-14 11:40:14 - [MESSAGE][PASSED] - Object: 'Object Repository/WIZARD/3Infraestructura/0Menu/span_Tableros' is clicked on

2023-08-14 11:40:14 - [TEST_STEP][PASSED] - delay(3): Delayed 3 second(s)

2023-08-14 11:40:17 - [MESSAGE][PASSED] - Delayed 3 second(s)

2023-08-14 11:40:17 - [TEST_STEP][PASSED] - click(findTestObject("WIZARD/3Infraestructura/6Tableros/0OficinaModal/td_Manizales - Manizales")): Object: 'Object Repository/WIZARD/3Infraestructura/6Tableros/0OficinaModal/td_Manizales - Manizales' is clicked on

2023-08-14 11:40:17 - [MESSAGE][PASSED] - Object: 'Object Repository/WIZARD/3Infraestructura/6Tableros/0OficinaModal/td_Manizales - Manizales' is clicked on

2023-08-14 11:40:17 - [TEST_STEP][PASSED] - delay(3): Delayed 3 second(s)

2023-08-14 11:40:20 - [MESSAGE][PASSED] - Delayed 3 second(s)

2023-08-14 11:40:20 - [TEST_STEP][PASSED] - click(findTestObject("WIZARD/3Infraestructura/6Tableros/Lista de Tableros/td_Tablero - 1")): Object: 'Object Repository/WIZARD/3Infraestructura/6Tableros/Lista de Tableros/td_Tablero - 1' is clicked on

2023-08-14 11:40:21 - [MESSAGE][PASSED] - Object: 'Object Repository/WIZARD/3Infraestructura/6Tableros/Lista de Tableros/td_Tablero - 1' is clicked on

2023-08-14 11:40:21 - [TEST_STEP][PASSED] - delay(3): Delayed 3 second(s)

2023-08-14 11:40:24 - [MESSAGE][PASSED] - Delayed 3 second(s)

2023-08-14 11:40:24 - [TEST_STEP][PASSED] - scrollToElement(findTestObject("WIZARD/3Infraestructura/6Tableros/Configuracion/Edicion/Elementos del nivel/img_Relacionar"), 2): Scroll to object 'Object Repository/WIZARD/3Infraestructura/6Tableros/Configuracion/Edicion/Elementos del nivel/img_Relacionar' successfully

2023-08-14 11:40:24 - [MESSAGE][PASSED] - Scroll to object 'Object Repository/WIZARD/3Infraestructura/6Tableros/Configuracion/Edicion/Elementos del nivel/img_Relacionar' successfully

2023-08-14 11:40:24 - [TEST_STEP][PASSED] - executeJavaScript("return document.getElementById('ContentPlaceHolder1_TabContainer1_tpEdicion_salasEntes_TablaHerramientas1_aSeleccionarTodo').click()", []): Execute JavaScript 'return document.getElementById('ContentPlaceHolder1_TabContainer1_tpEdicion_salasEntes_TablaHerramientas1_aSeleccionarTodo').click()' successfully

2023-08-14 11:40:24 - [MESSAGE][PASSED] - Execute JavaScript 'return document.getElementById('ContentPlaceHolder1_TabContainer1_tpEdicion_salasEntes_TablaHerramientas1_aSeleccionarTodo').click()' successfully

2023-08-14 11:40:24 - [TEST_STEP][PASSED] - click(findTestObject("WIZARD/3Infraestructura/6Tableros/Configuracion/Edicion/Elementos del nivel/img_Relacionar")): Object: 'Object Repository/WIZARD/3Infraestructura/6Tableros/Configuracion/Edicion/Elementos del nivel/img_Relacionar' is clicked on

2023-08-14 11:40:25 - [MESSAGE][PASSED] - Object: 'Object Repository/WIZARD/3Infraestructura/6Tableros/Configuracion/Edicion/Elementos del nivel/img_Relacionar' is clicked on

2023-08-14 11:40:25 - [TEST_STEP][PASSED] - delay(3): Delayed 3 second(s)

2023-08-14 11:40:28 - [MESSAGE][PASSED] - Delayed 3 second(s)

2023-08-14 11:40:28 - [TEST_STEP][PASSED] - click(findTestObject("WIZARD/3Infraestructura/0Menu/span_Tableros")): Object: 'Object Repository/WIZARD/3Infraestructura/0Menu/span_Tableros' is clicked on

2023-08-14 11:40:29 - [MESSAGE][PASSED] - Object: 'Object Repository/WIZARD/3Infraestructura/0Menu/span_Tableros' is clicked on

2023-08-14 11:40:29 - [TEST_STEP][PASSED] - delay(3): Delayed 3 second(s)

2023-08-14 11:40:32 - [MESSAGE][PASSED] - Delayed 3 second(s)

2023-08-14 11:40:32 - [TEST_STEP][PASSED] - click(findTestObject("WIZARD/3Infraestructura/6Tableros/0OficinaModal/td_Medellin - Laureles")): Object: 'Object Repository/WIZARD/3Infraestructura/6Tableros/0OficinaModal/td_Medellin - Laureles' is clicked on

2023-08-14 11:40:32 - [MESSAGE][PASSED] - Object: 'Object Repository/WIZARD/3Infraestructura/6Tableros/0OficinaModal/td_Medellin - Laureles' is clicked on

2023-08-14 11:40:32 - [TEST_STEP][PASSED] - delay(3): Delayed 3 second(s)

2023-08-14 11:40:35 - [MESSAGE][PASSED] - Delayed 3 second(s)

2023-08-14 11:40:35 - [TEST_STEP][PASSED] - click(findTestObject("WIZARD/3Infraestructura/6Tableros/Lista de Tableros/td_Tablero - 1")): Object: 'Object Repository/WIZARD/3Infraestructura/6Tableros/Lista de Tableros/td_Tablero - 1' is clicked on

2023-08-14 11:40:36 - [MESSAGE][PASSED] - Object: 'Object Repository/WIZARD/3Infraestructura/6Tableros/Lista de Tableros/td_Tablero - 1' is clicked on

2023-08-14 11:40:36 - [TEST_STEP][PASSED] - delay(3): Delayed 3 second(s)

2023-08-14 11:40:39 - [MESSAGE][PASSED] - Delayed 3 second(s)

2023-08-14 11:40:39 - [TEST_STEP][PASSED] - scrollToElement(findTestObject("WIZARD/3Infraestructura/6Tableros/Configuracion/Edicion/Elementos del nivel/img_Relacionar"), 2): Scroll to object 'Object Repository/WIZARD/3Infraestructura/6Tableros/Configuracion/Edicion/Elementos del nivel/img_Relacionar' successfully

2023-08-14 11:40:39 - [MESSAGE][PASSED] - Scroll to object 'Object Repository/WIZARD/3Infraestructura/6Tableros/Configuracion/Edicion/Elementos del nivel/img_Relacionar' successfully

2023-08-14 11:40:39 - [TEST_STEP][PASSED] - executeJavaScript("return document.getElementById('ContentPlaceHolder1_TabContainer1_tpEdicion_salasEntes_TablaHerramientas1_aSeleccionarTodo').click()", []): Execute JavaScript 'return document.getElementById('ContentPlaceHolder1_TabContainer1_tpEdicion_salasEntes_TablaHerramientas1_aSeleccionarTodo').click()' successfully

2023-08-14 11:40:39 - [MESSAGE][PASSED] - Execute JavaScript 'return document.getElementById('ContentPlaceHolder1_TabContainer1_tpEdicion_salasEntes_TablaHerramientas1_aSeleccionarTodo').click()' successfully

2023-08-14 11:40:39 - [TEST_STEP][PASSED] - click(findTestObject("WIZARD/3Infraestructura/6Tableros/Configuracion/Edicion/Elementos del nivel/img_Relacionar")): Object: 'Object Repository/WIZARD/3Infraestructura/6Tableros/Configuracion/Edicion/Elementos del nivel/img_Relacionar' is clicked on

2023-08-14 11:40:40 - [MESSAGE][PASSED] - Object: 'Object Repository/WIZARD/3Infraestructura/6Tableros/Configuracion/Edicion/Elementos del nivel/img_Relacionar' is clicked on

2023-08-14 11:40:40 - [TEST_STEP][PASSED] - delay(3): Delayed 3 second(s)

2023-08-14 11:40:43 - [MESSAGE][PASSED] - Delayed 3 second(s)

2023-08-14 11:40:43 - [TEST_STEP][PASSED] - click(findTestObject("WIZARD/3Infraestructura/0Menu/span_Tableros")): Object: 'Object Repository/WIZARD/3Infraestructura/0Menu/span_Tableros' is clicked on

2023-08-14 11:40:43 - [MESSAGE][PASSED] - Object: 'Object Repository/WIZARD/3Infraestructura/0Menu/span_Tableros' is clicked on

2023-08-14 11:40:43 - [TEST_STEP][PASSED] - delay(3): Delayed 3 second(s)

2023-08-14 11:40:46 - [MESSAGE][PASSED] - Delayed 3 second(s)

2023-08-14 11:40:46 - [TEST_STEP][PASSED] - click(findTestObject("WIZARD/3Infraestructura/6Tableros/0OficinaModal/td_Virtual - Oficina Virtual")): Object: 'Object Repository/WIZARD/3Infraestructura/6Tableros/0OficinaModal/td_Virtual - Oficina Virtual' is clicked on

2023-08-14 11:40:47 - [MESSAGE][PASSED] - Object: 'Object Repository/WIZARD/3Infraestructura/6Tableros/0OficinaModal/td_Virtual - Oficina Virtual' is clicked on

2023-08-14 11:40:47 - [TEST_STEP][PASSED] - delay(3): Delayed 3 second(s)

2023-08-14 11:40:50 - [MESSAGE][PASSED] - Delayed 3 second(s)

2023-08-14 11:40:50 - [TEST_STEP][PASSED] - click(findTestObject("WIZARD/3Infraestructura/6Tableros/Lista de Tableros/td_Tablero - 1")): Object: 'Object Repository/WIZARD/3Infraestructura/6Tableros/Lista de Tableros/td_Tablero - 1' is clicked on

2023-08-14 11:40:50 - [MESSAGE][PASSED] - Object: 'Object Repository/WIZARD/3Infraestructura/6Tableros/Lista de Tableros/td_Tablero - 1' is clicked on

2023-08-14 11:40:50 - [TEST_STEP][PASSED] - delay(3): Delayed 3 second(s)

2023-08-14 11:40:53 - [MESSAGE][PASSED] - Delayed 3 second(s)

2023-08-14 11:40:53 - [TEST_STEP][PASSED] - scrollToElement(findTestObject("WIZARD/3Infraestructura/6Tableros/Configuracion/Edicion/Elementos del nivel/img_Relacionar"), 2): Scroll to object 'Object Repository/WIZARD/3Infraestructura/6Tableros/Configuracion/Edicion/Elementos del nivel/img_Relacionar' successfully

2023-08-14 11:40:54 - [MESSAGE][PASSED] - Scroll to object 'Object Repository/WIZARD/3Infraestructura/6Tableros/Configuracion/Edicion/Elementos del nivel/img_Relacionar' successfully

2023-08-14 11:40:54 - [TEST_STEP][PASSED] - executeJavaScript("return document.getElementById('ContentPlaceHolder1_TabContainer1_tpEdicion_salasEntes_TablaHerramientas1_aSeleccionarTodo').click()", []): Execute JavaScript 'return document.getElementById('ContentPlaceHolder1_TabContainer1_tpEdicion_salasEntes_TablaHerramientas1_aSeleccionarTodo').click()' successfully

2023-08-14 11:40:54 - [MESSAGE][PASSED] - Execute JavaScript 'return document.getElementById('ContentPlaceHolder1_TabContainer1_tpEdicion_salasEntes_TablaHerramientas1_aSeleccionarTodo').click()' successfully

2023-08-14 11:40:54 - [TEST_STEP][PASSED] - click(findTestObject("WIZARD/3Infraestructura/6Tableros/Configuracion/Edicion/Elementos del nivel/img_Relacionar")): Object: 'Object Repository/WIZARD/3Infraestructura/6Tableros/Configuracion/Edicion/Elementos del nivel/img_Relacionar' is clicked on

2023-08-14 11:40:54 - [MESSAGE][PASSED] - Object: 'Object Repository/WIZARD/3Infraestructura/6Tableros/Configuracion/Edicion/Elementos del nivel/img_Relacionar' is clicked on

2023-08-14 11:40:54 - [TEST_STEP][PASSED] - delay(3): Delayed 3 second(s)

2023-08-14 11:40:57 - [MESSAGE][PASSED] - Delayed 3 second(s)

2023-08-14 11:40:57 - [TEST_STEP][PASSED] - click(findTestObject("WIZARD/3Infraestructura/0Menu/span_Tableros")): Object: 'Object Repository/WIZARD/3Infraestructura/0Menu/span_Tableros' is clicked on

2023-08-14 11:40:58 - [MESSAGE][PASSED] - Object: 'Object Repository/WIZARD/3Infraestructura/0Menu/span_Tableros' is clicked on

2023-08-14 11:40:58 - [TEST_STEP][PASSED] - delay(3): Delayed 3 second(s)

2023-08-14 11:41:01 - [MESSAGE][PASSED] - Delayed 3 second(s)

2023-08-14 11:41:01 - [TEST_STEP][PASSED] - click(findTestObject("WIZARD/3Infraestructura/6Tableros/0OficinaModal/td_WorkFlow - Oficina WorkFlow")): Object: 'Object Repository/WIZARD/3Infraestructura/6Tableros/0OficinaModal/td_WorkFlow - Oficina WorkFlow' is clicked on

2023-08-14 11:41:01 - [MESSAGE][PASSED] - Object: 'Object Repository/WIZARD/3Infraestructura/6Tableros/0OficinaModal/td_WorkFlow - Oficina WorkFlow' is clicked on

2023-08-14 11:41:01 - [TEST_STEP][PASSED] - delay(3): Delayed 3 second(s)

2023-08-14 11:41:04 - [MESSAGE][PASSED] - Delayed 3 second(s)

2023-08-14 11:41:04 - [TEST_STEP][PASSED] - click(findTestObject("WIZARD/3Infraestructura/6Tableros/Lista de Tableros/td_Tablero - 1")): Object: 'Object Repository/WIZARD/3Infraestructura/6Tableros/Lista de Tableros/td_Tablero - 1' is clicked on

2023-08-14 11:41:05 - [MESSAGE][PASSED] - Object: 'Object Repository/WIZARD/3Infraestructura/6Tableros/Lista de Tableros/td_Tablero - 1' is clicked on

2023-08-14 11:41:05 - [TEST_STEP][PASSED] - delay(3): Delayed 3 second(s)

2023-08-14 11:41:08 - [MESSAGE][PASSED] - Delayed 3 second(s)

2023-08-14 11:41:08 - [TEST_STEP][PASSED] - scrollToElement(findTestObject("WIZARD/3Infraestructura/6Tableros/Configuracion/Edicion/Elementos del nivel/img_Relacionar"), 2): Scroll to object 'Object Repository/WIZARD/3Infraestructura/6Tableros/Configuracion/Edicion/Elementos del nivel/img_Relacionar' successfully

2023-08-14 11:41:08 - [MESSAGE][PASSED] - Scroll to object 'Object Repository/WIZARD/3Infraestructura/6Tableros/Configuracion/Edicion/Elementos del nivel/img_Relacionar' successfully

2023-08-14 11:41:08 - [TEST_STEP][PASSED] - executeJavaScript("return document.getElementById('ContentPlaceHolder1_TabContainer1_tpEdicion_salasEntes_TablaHerramientas1_aSeleccionarTodo').click()", []): Execute JavaScript 'return document.getElementById('ContentPlaceHolder1_TabContainer1_tpEdicion_salasEntes_TablaHerramientas1_aSeleccionarTodo').click()' successfully

2023-08-14 11:41:08 - [MESSAGE][PASSED] - Execute JavaScript 'return document.getElementById('ContentPlaceHolder1_TabContainer1_tpEdicion_salasEntes_TablaHerramientas1_aSeleccionarTodo').click()' successfully

2023-08-14 11:41:08 - [TEST_STEP][PASSED] - click(findTestObject("WIZARD/3Infraestructura/6Tableros/Configuracion/Edicion/Elementos del nivel/img_Relacionar")): Object: 'Object Repository/WIZARD/3Infraestructura/6Tableros/Configuracion/Edicion/Elementos del nivel/img_Relacionar' is clicked on

2023-08-14 11:41:09 - [MESSAGE][PASSED] - Object: 'Object Repository/WIZARD/3Infraestructura/6Tableros/Configuracion/Edicion/Elementos del nivel/img_Relacionar' is clicked on

2023-08-14 11:41:09 - [TEST_STEP][PASSED] - delay(3): Delayed 3 second(s)

2023-08-14 11:41:12 - [MESSAGE][PASSED] - Delayed 3 second(s)

2023-08-14 11:41:12 - [TEST_STEP][PASSED] - takeFullPageScreenshot(): Taking screenshot successfully

2023-08-14 11:41:12 - [MESSAGE][INFO] - 0 hidden object(s)

2023-08-14 11:41:13 - [MESSAGE][PASSED] - Taking screenshot successfully
[[ATTACHMENT|C:\\CIEL INGENIERIA\\Katalon\\Digiturno55\\Reports\\20230814_104251\\WIZARD\\3Infraestructura\\6Tableros\\5.6 Relacionar Tableros\\20230814_104406\\1692031272250.png]]

2023-08-14 11:41:13 - [TEST_STEP][PASSED] - delay(3): Delayed 3 second(s)

2023-08-14 11:41:16 - [MESSAGE][PASSED] - Delayed 3 second(s)

2023-08-14 11:41:16 - [TEST_STEP][PASSED] - Start listener action : sampleAfterTestCase: null]]></system-out>
         <system-err><![CDATA[]]></system-err>
      </testcase>
      <system-out><![CDATA[2023-08-14 11:39:10 - [TEST_SUITE][PASSED] - 5.6 Relacionar Tableros: Test Cases/WIZARD/3Infraestructura/6Tableros/5.6 Relacionar Tableros]]></system-out>
      <system-err><![CDATA[]]></system-err>
   </testsuite>
</testsuites>
