<?xml version="1.0" encoding="UTF-8"?>
<testsuites name="3.2 Agregar al arbol Tipo Cliente" time="37.923" tests="1" failures="0" errors="0">
   <testsuite name="3.2 Agregar al arbol Tipo Cliente" tests="1" failures="0" errors="0" time="37.923" skipped="0" timestamp="2023-08-14 08:28:16" hostname="jdavila - PCPruebas101.ciel.cielingenieria.com" id="Test Suites/WIZARD/1Modelo De Negocio/3.2 Agregar al arbol Tipo Cliente">
      <properties>
         <property name="deviceName" value=""/>
         <property name="devicePlatform" value=""/>
         <property name="logFolder" value="C:\\CIEL INGENIERIA\\Katalon\\Digiturno55\\Reports\\20230814_081405\\WIZARD\\1Modelo De Negocio\\3.2 Agregar al arbol Tipo Cliente\\20230814_081419"/>
         <property name="logFiles" value="C:\\CIEL INGENIERIA\\Katalon\\Digiturno55\\Reports\\20230814_081405\\WIZARD\\1Modelo De Negocio\\3.2 Agregar al arbol Tipo Cliente\\20230814_081419\\execution0.log"/>
         <property name="attachments" value="C:\\CIEL INGENIERIA\\Katalon\\Digiturno55\\Reports\\20230814_081405\\WIZARD\\1Modelo De Negocio\\3.2 Agregar al arbol Tipo Cliente\\20230814_081419\\1692019730326.png"/>
         <property name="hostName" value="jdavila - PCPruebas101.ciel.cielingenieria.com"/>
         <property name="os" value="Windows 10 64bit"/>
         <property name="katalonVersion" value="8.6.0.208"/>
         <property name="browser" value="Chrome 115.0.0.0"/>
         <property name="hostAddress" value="192.168.0.33"/>
         <property name="sessionId" value="bfef862a44bfb6e0e92c9d1db325103e"/>
         <property name="seleniumVersion" value="3.141.59"/>
         <property name="proxyInformation" value="ProxyInformation { proxyOption=NO_PROXY, proxyServerType=HTTP, username=, password=********, proxyServerAddress=, proxyServerPort=0, executionList=&quot;&quot;, isApplyToDesiredCapabilities=true }"/>
         <property name="platform" value="Windows 10"/>
      </properties>
      <testcase name="Test Cases/WIZARD/1Modelo De Negocio/3.2 Agregar al arbol Tipo Cliente" time="37.667" classname="Test Cases/WIZARD/1Modelo De Negocio/3.2 Agregar al arbol Tipo Cliente" status="PASSED">
         <system-out><![CDATA[2023-08-14 08:28:16 - [TEST_CASE][PASSED] - Test Cases/WIZARD/1Modelo De Negocio/3.2 Agregar al arbol Tipo Cliente: Test Cases/WIZARD/1Modelo De Negocio/3.2 Agregar al arbol Tipo Cliente

2023-08-14 08:28:16 - [TEST_STEP][PASSED] - callTestCase(findTestCase("0InicioSesion"), [:], STOP_ON_FAILURE): Call Test Case 'Test Cases/0InicioSesion' successfully

2023-08-14 08:28:16 - [TEST_CASE][PASSED] - Test Cases/0InicioSesion: Test Cases/0InicioSesion

2023-08-14 08:28:17 - [TEST_STEP][PASSED] - openBrowser(UrlDigiturno): Browser is opened with url: 'https://PCPruebas101.ciel.cielingenieria.com:8610'

2023-08-14 08:28:17 - [MESSAGE][INFO] - Starting 'Chrome' driver

2023-08-14 08:28:17 - [MESSAGE][INFO] - User set preference: ['args', '[--use-fake-ui-for-media-stream, --disable-notifications]']

2023-08-14 08:28:17 - [MESSAGE][INFO] - Action delay is set to 0 milliseconds

2023-08-14 08:28:20 - [MESSAGE][PASSED] - Browser is opened with url: 'https://PCPruebas101.ciel.cielingenieria.com:8610'

2023-08-14 08:28:20 - [TEST_STEP][PASSED] - maximizeWindow(): Current window maximized

2023-08-14 08:28:20 - [MESSAGE][PASSED] - Current window maximized

2023-08-14 08:28:20 - [TEST_STEP][PASSED] - delay(3): Delayed 3 second(s)

2023-08-14 08:28:23 - [MESSAGE][PASSED] - Delayed 3 second(s)

2023-08-14 08:28:23 - [TEST_STEP][PASSED] - setText(findTestObject("0Inicio Sesion/input_Usuario"), "Ciel"): Text 'Ciel' is set on object 'Object Repository/0Inicio Sesion/input_Usuario'

2023-08-14 08:28:24 - [MESSAGE][PASSED] - Text 'Ciel' is set on object 'Object Repository/0Inicio Sesion/input_Usuario'

2023-08-14 08:28:24 - [TEST_STEP][PASSED] - setText(findTestObject("0Inicio Sesion/input_Clave"), "digiturno"): Text 'digiturno' is set on object 'Object Repository/0Inicio Sesion/input_Clave'

2023-08-14 08:28:25 - [MESSAGE][PASSED] - Text 'digiturno' is set on object 'Object Repository/0Inicio Sesion/input_Clave'

2023-08-14 08:28:25 - [TEST_STEP][PASSED] - click(findTestObject("0Inicio Sesion/btn_IniciarSesion")): Object: 'Object Repository/0Inicio Sesion/btn_IniciarSesion' is clicked on

2023-08-14 08:28:25 - [MESSAGE][PASSED] - Object: 'Object Repository/0Inicio Sesion/btn_IniciarSesion' is clicked on

2023-08-14 08:28:25 - [TEST_STEP][PASSED] - delay(3): Delayed 3 second(s)

2023-08-14 08:28:28 - [MESSAGE][PASSED] - Delayed 3 second(s)

2023-08-14 08:28:28 - [MESSAGE][PASSED] - Call Test Case 'Test Cases/0InicioSesion' successfully

2023-08-14 08:28:28 - [TEST_STEP][PASSED] - click(findTestObject("WIZARD/0Principal/img_ModeloDeNegocioMAX")): Object: 'Object Repository/WIZARD/0Principal/img_ModeloDeNegocioMAX' is clicked on

2023-08-14 08:28:29 - [MESSAGE][PASSED] - Object: 'Object Repository/WIZARD/0Principal/img_ModeloDeNegocioMAX' is clicked on

2023-08-14 08:28:29 - [TEST_STEP][PASSED] - delay(3): Delayed 3 second(s)

2023-08-14 08:28:32 - [MESSAGE][PASSED] - Delayed 3 second(s)

2023-08-14 08:28:32 - [TEST_STEP][PASSED] - setText(findTestObject("WIZARD/1Modelo De Negocio/0ArbolDeJerarquia/input_cajaBusqueda"), "Area"): Text 'Area' is set on object 'Object Repository/WIZARD/1Modelo De Negocio/0ArbolDeJerarquia/input_cajaBusqueda'

2023-08-14 08:28:33 - [MESSAGE][PASSED] - Text 'Area' is set on object 'Object Repository/WIZARD/1Modelo De Negocio/0ArbolDeJerarquia/input_cajaBusqueda'

2023-08-14 08:28:33 - [TEST_STEP][PASSED] - delay(3): Delayed 3 second(s)

2023-08-14 08:28:36 - [MESSAGE][PASSED] - Delayed 3 second(s)

2023-08-14 08:28:36 - [TEST_STEP][PASSED] - rightClick(findTestObject("WIZARD/1Modelo De Negocio/0ArbolDeJerarquia/0AreaGeneral/span_1 Area General")): Object: 'Object Repository/WIZARD/1Modelo De Negocio/0ArbolDeJerarquia/0AreaGeneral/span_1 Area General' is right clicked on

2023-08-14 08:28:36 - [MESSAGE][PASSED] - Object: 'Object Repository/WIZARD/1Modelo De Negocio/0ArbolDeJerarquia/0AreaGeneral/span_1 Area General' is right clicked on

2023-08-14 08:28:36 - [TEST_STEP][PASSED] - mouseOver(findTestObject("WIZARD/1Modelo De Negocio/0ArbolDeJerarquia/0AreaGeneral/span_Elemento")): Object: 'Object Repository/WIZARD/1Modelo De Negocio/0ArbolDeJerarquia/0AreaGeneral/span_Elemento' is hovered

2023-08-14 08:28:37 - [MESSAGE][PASSED] - Object: 'Object Repository/WIZARD/1Modelo De Negocio/0ArbolDeJerarquia/0AreaGeneral/span_Elemento' is hovered

2023-08-14 08:28:37 - [TEST_STEP][PASSED] - delay(2): Delayed 2 second(s)

2023-08-14 08:28:39 - [MESSAGE][PASSED] - Delayed 2 second(s)

2023-08-14 08:28:39 - [TEST_STEP][PASSED] - click(findTestObject("WIZARD/1Modelo De Negocio/0ArbolDeJerarquia/0AreaGeneral/span_elemento (1)/span_Agregar Elementos")): Object: 'Object Repository/WIZARD/1Modelo De Negocio/0ArbolDeJerarquia/0AreaGeneral/span_elemento (1)/span_Agregar Elementos' is clicked on

2023-08-14 08:28:39 - [MESSAGE][PASSED] - Object: 'Object Repository/WIZARD/1Modelo De Negocio/0ArbolDeJerarquia/0AreaGeneral/span_elemento (1)/span_Agregar Elementos' is clicked on

2023-08-14 08:28:39 - [TEST_STEP][PASSED] - delay(3): Delayed 3 second(s)

2023-08-14 08:28:42 - [MESSAGE][PASSED] - Delayed 3 second(s)

2023-08-14 08:28:42 - [TEST_STEP][PASSED] - click(findTestObject("WIZARD/1Modelo De Negocio/0ArbolDeJerarquia/0AreaGeneral/span_elemento (1)/span_Agregar Elementos (1)/label_General (G)")): Object: 'Object Repository/WIZARD/1Modelo De Negocio/0ArbolDeJerarquia/0AreaGeneral/span_elemento (1)/span_Agregar Elementos (1)/label_General (G)' is clicked on

2023-08-14 08:28:43 - [MESSAGE][PASSED] - Object: 'Object Repository/WIZARD/1Modelo De Negocio/0ArbolDeJerarquia/0AreaGeneral/span_elemento (1)/span_Agregar Elementos (1)/label_General (G)' is clicked on

2023-08-14 08:28:43 - [TEST_STEP][PASSED] - click(findTestObject("WIZARD/1Modelo De Negocio/0ArbolDeJerarquia/0AreaGeneral/span_elemento (1)/span_Agregar Elementos (1)/label_Preferencial (P)")): Object: 'Object Repository/WIZARD/1Modelo De Negocio/0ArbolDeJerarquia/0AreaGeneral/span_elemento (1)/span_Agregar Elementos (1)/label_Preferencial (P)' is clicked on

2023-08-14 08:28:43 - [MESSAGE][PASSED] - Object: 'Object Repository/WIZARD/1Modelo De Negocio/0ArbolDeJerarquia/0AreaGeneral/span_elemento (1)/span_Agregar Elementos (1)/label_Preferencial (P)' is clicked on

2023-08-14 08:28:43 - [TEST_STEP][PASSED] - delay(3): Delayed 3 second(s)

2023-08-14 08:28:46 - [MESSAGE][PASSED] - Delayed 3 second(s)

2023-08-14 08:28:46 - [TEST_STEP][PASSED] - click(findTestObject("WIZARD/1Modelo De Negocio/0ArbolDeJerarquia/0AreaGeneral/span_elemento (1)/span_Agregar Elementos (1)/btn_Agregar")): Object: 'Object Repository/WIZARD/1Modelo De Negocio/0ArbolDeJerarquia/0AreaGeneral/span_elemento (1)/span_Agregar Elementos (1)/btn_Agregar' is clicked on

2023-08-14 08:28:47 - [MESSAGE][PASSED] - Object: 'Object Repository/WIZARD/1Modelo De Negocio/0ArbolDeJerarquia/0AreaGeneral/span_elemento (1)/span_Agregar Elementos (1)/btn_Agregar' is clicked on

2023-08-14 08:28:47 - [TEST_STEP][PASSED] - delay(3): Delayed 3 second(s)

2023-08-14 08:28:50 - [MESSAGE][PASSED] - Delayed 3 second(s)

2023-08-14 08:28:50 - [TEST_STEP][PASSED] - takeFullPageScreenshot(): Taking screenshot successfully

2023-08-14 08:28:50 - [MESSAGE][INFO] - 0 hidden object(s)

2023-08-14 08:28:51 - [MESSAGE][PASSED] - Taking screenshot successfully
[[ATTACHMENT|C:\\CIEL INGENIERIA\\Katalon\\Digiturno55\\Reports\\20230814_081405\\WIZARD\\1Modelo De Negocio\\3.2 Agregar al arbol Tipo Cliente\\20230814_081419\\1692019730326.png]]

2023-08-14 08:28:51 - [TEST_STEP][PASSED] - delay(3): Delayed 3 second(s)

2023-08-14 08:28:54 - [MESSAGE][PASSED] - Delayed 3 second(s)

2023-08-14 08:28:54 - [TEST_STEP][PASSED] - Start listener action : sampleAfterTestCase: null]]></system-out>
         <system-err><![CDATA[]]></system-err>
      </testcase>
      <system-out><![CDATA[2023-08-14 08:28:16 - [TEST_SUITE][PASSED] - 3.2 Agregar al arbol Tipo Cliente: Test Cases/WIZARD/1Modelo De Negocio/3.2 Agregar al arbol Tipo Cliente]]></system-out>
      <system-err><![CDATA[]]></system-err>
   </testsuite>
</testsuites>
