<?xml version="1.0" encoding="UTF-8"?>
<testsuites name="5.4 Relacionar Selectores" time="136.99" tests="1" failures="0" errors="0">
   <testsuite name="5.4 Relacionar Selectores" tests="1" failures="0" errors="0" time="136.99" skipped="0" timestamp="2024-01-15 10:17:13" hostname="jdavila - PCPruebas101.ciel.cielingenieria.com" id="Test Suites/WIZARD/3Infraestructura/4Selectores/5.4 Relacionar Selectores">
      <properties>
         <property name="deviceName" value=""/>
         <property name="devicePlatform" value=""/>
         <property name="logFolder" value="C:\\CIEL INGENIERIA\\Katalon\\Digiturno55\\Reports\\20240115_094157\\WIZARD\\3Infraestructura\\4Selectores\\5.4 Relacionar Selectores\\20240115_094251"/>
         <property name="logFiles" value="C:\\CIEL INGENIERIA\\Katalon\\Digiturno55\\Reports\\20240115_094157\\WIZARD\\3Infraestructura\\4Selectores\\5.4 Relacionar Selectores\\20240115_094251\\execution0.log"/>
         <property name="attachments" value="C:\\CIEL INGENIERIA\\Katalon\\Digiturno55\\Reports\\20240115_094157\\WIZARD\\3Infraestructura\\4Selectores\\5.4 Relacionar Selectores\\20240115_094251\\1705331966037.png"/>
         <property name="hostName" value="jdavila - PCPruebas101.ciel.cielingenieria.com"/>
         <property name="os" value="Windows 10 64bit"/>
         <property name="katalonVersion" value="8.6.8.208"/>
         <property name="browser" value="Chrome 120.0.0.0"/>
         <property name="hostAddress" value="192.168.0.9"/>
         <property name="sessionId" value="50f96caf4186a05afe8a60174a2e0cb4"/>
         <property name="seleniumVersion" value="3.141.59"/>
         <property name="proxyInformation" value="ProxyInformation { proxyOption=NO_PROXY, proxyServerType=HTTP, username=, password=********, proxyServerAddress=, proxyServerPort=0, executionList=&quot;&quot;, isApplyToDesiredCapabilities=true }"/>
         <property name="platform" value="Windows 10"/>
      </properties>
      <testcase name="Test Cases/WIZARD/3Infraestructura/4Selectores/5.4 Relacionar Selectores" time="136.745" classname="Test Cases/WIZARD/3Infraestructura/4Selectores/5.4 Relacionar Selectores" status="PASSED">
         <system-out><![CDATA[2024-01-15 10:17:13 - [TEST_CASE][PASSED] - Test Cases/WIZARD/3Infraestructura/4Selectores/5.4 Relacionar Selectores: Test Cases/WIZARD/3Infraestructura/4Selectores/5.4 Relacionar Selectores

2024-01-15 10:17:13 - [TEST_STEP][PASSED] - callTestCase(findTestCase("0InicioSesion"), [:], STOP_ON_FAILURE): Call Test Case 'Test Cases/0InicioSesion' successfully

2024-01-15 10:17:13 - [TEST_CASE][PASSED] - Test Cases/0InicioSesion: Test Cases/0InicioSesion

2024-01-15 10:17:13 - [TEST_STEP][PASSED] - openBrowser(UrlDigiturno): Browser is opened with url: 'https://PCPruebas101.ciel.cielingenieria.com:8610'

2024-01-15 10:17:14 - [MESSAGE][INFO] - Starting 'Chrome' driver

2024-01-15 10:17:14 - [MESSAGE][INFO] - User set preference: ['args', '[--use-fake-ui-for-media-stream, --disable-notifications]']

2024-01-15 10:17:14 - [MESSAGE][INFO] - Action delay is set to 0 milliseconds

2024-01-15 10:17:16 - [MESSAGE][PASSED] - Browser is opened with url: 'https://PCPruebas101.ciel.cielingenieria.com:8610'

2024-01-15 10:17:16 - [TEST_STEP][PASSED] - maximizeWindow(): Current window maximized

2024-01-15 10:17:16 - [MESSAGE][PASSED] - Current window maximized

2024-01-15 10:17:16 - [TEST_STEP][PASSED] - delay(3): Delayed 3 second(s)

2024-01-15 10:17:19 - [MESSAGE][PASSED] - Delayed 3 second(s)

2024-01-15 10:17:19 - [TEST_STEP][PASSED] - setText(findTestObject("0Inicio Sesion/input_Usuario"), "Ciel"): Text 'Ciel' is set on object 'Object Repository/0Inicio Sesion/input_Usuario'

2024-01-15 10:17:20 - [MESSAGE][PASSED] - Text 'Ciel' is set on object 'Object Repository/0Inicio Sesion/input_Usuario'

2024-01-15 10:17:20 - [TEST_STEP][PASSED] - setText(findTestObject("0Inicio Sesion/input_Clave"), "digiturno"): Text 'digiturno' is set on object 'Object Repository/0Inicio Sesion/input_Clave'

2024-01-15 10:17:21 - [MESSAGE][PASSED] - Text 'digiturno' is set on object 'Object Repository/0Inicio Sesion/input_Clave'

2024-01-15 10:17:21 - [TEST_STEP][PASSED] - click(findTestObject("0Inicio Sesion/btn_IniciarSesion")): Object: 'Object Repository/0Inicio Sesion/btn_IniciarSesion' is clicked on

2024-01-15 10:17:21 - [MESSAGE][PASSED] - Object: 'Object Repository/0Inicio Sesion/btn_IniciarSesion' is clicked on

2024-01-15 10:17:21 - [TEST_STEP][PASSED] - delay(3): Delayed 3 second(s)

2024-01-15 10:17:24 - [MESSAGE][PASSED] - Delayed 3 second(s)

2024-01-15 10:17:24 - [MESSAGE][PASSED] - Call Test Case 'Test Cases/0InicioSesion' successfully

2024-01-15 10:17:24 - [TEST_STEP][PASSED] - click(findTestObject("WIZARD/0Principal/img_InfraestructuraMAX")): Object: 'Object Repository/WIZARD/0Principal/img_InfraestructuraMAX' is clicked on

2024-01-15 10:17:26 - [MESSAGE][PASSED] - Object: 'Object Repository/WIZARD/0Principal/img_InfraestructuraMAX' is clicked on

2024-01-15 10:17:26 - [TEST_STEP][PASSED] - delay(3): Delayed 3 second(s)

2024-01-15 10:17:29 - [MESSAGE][PASSED] - Delayed 3 second(s)

2024-01-15 10:17:29 - [TEST_STEP][PASSED] - click(findTestObject("WIZARD/3Infraestructura/0Menu/span_Selectores")): Object: 'Object Repository/WIZARD/3Infraestructura/0Menu/span_Selectores' is clicked on

2024-01-15 10:17:29 - [MESSAGE][PASSED] - Object: 'Object Repository/WIZARD/3Infraestructura/0Menu/span_Selectores' is clicked on

2024-01-15 10:17:29 - [TEST_STEP][PASSED] - delay(3): Delayed 3 second(s)

2024-01-15 10:17:32 - [MESSAGE][PASSED] - Delayed 3 second(s)

2024-01-15 10:17:32 - [TEST_STEP][PASSED] - click(findTestObject("WIZARD/3Infraestructura/4Selectores/Edicion Selectores/btn_Oficinas(2)/td_1Bogota - CIEL")): Object: 'Object Repository/WIZARD/3Infraestructura/4Selectores/Edicion Selectores/btn_Oficinas(2)/td_1Bogota - CIEL' is clicked on

2024-01-15 10:17:33 - [MESSAGE][PASSED] - Object: 'Object Repository/WIZARD/3Infraestructura/4Selectores/Edicion Selectores/btn_Oficinas(2)/td_1Bogota - CIEL' is clicked on

2024-01-15 10:17:33 - [TEST_STEP][PASSED] - delay(3): Delayed 3 second(s)

2024-01-15 10:17:36 - [MESSAGE][PASSED] - Delayed 3 second(s)

2024-01-15 10:17:36 - [TEST_STEP][PASSED] - click(findTestObject("WIZARD/3Infraestructura/4Selectores/Lista de Selectores/td_Selector 01")): Object: 'Object Repository/WIZARD/3Infraestructura/4Selectores/Lista de Selectores/td_Selector 01' is clicked on

2024-01-15 10:17:36 - [MESSAGE][PASSED] - Object: 'Object Repository/WIZARD/3Infraestructura/4Selectores/Lista de Selectores/td_Selector 01' is clicked on

2024-01-15 10:17:36 - [TEST_STEP][PASSED] - delay(2): Delayed 2 second(s)

2024-01-15 10:17:38 - [MESSAGE][PASSED] - Delayed 2 second(s)

2024-01-15 10:17:38 - [TEST_STEP][PASSED] - scrollToElement(findTestObject("WIZARD/3Infraestructura/4Selectores/Edicion Selectores/Destino del turno/a_SeleccionarTodo"), 2): Scroll to object 'Object Repository/WIZARD/3Infraestructura/4Selectores/Edicion Selectores/Destino del turno/a_SeleccionarTodo' successfully

2024-01-15 10:17:39 - [MESSAGE][PASSED] - Scroll to object 'Object Repository/WIZARD/3Infraestructura/4Selectores/Edicion Selectores/Destino del turno/a_SeleccionarTodo' successfully

2024-01-15 10:17:39 - [TEST_STEP][PASSED] - click(findTestObject("WIZARD/3Infraestructura/4Selectores/Edicion Selectores/Destino del turno/a_SeleccionarTodo")): Object: 'Object Repository/WIZARD/3Infraestructura/4Selectores/Edicion Selectores/Destino del turno/a_SeleccionarTodo' is clicked on

2024-01-15 10:17:39 - [MESSAGE][PASSED] - Object: 'Object Repository/WIZARD/3Infraestructura/4Selectores/Edicion Selectores/Destino del turno/a_SeleccionarTodo' is clicked on

2024-01-15 10:17:39 - [TEST_STEP][PASSED] - delay(2): Delayed 2 second(s)

2024-01-15 10:17:41 - [MESSAGE][PASSED] - Delayed 2 second(s)

2024-01-15 10:17:41 - [TEST_STEP][PASSED] - click(findTestObject("WIZARD/3Infraestructura/4Selectores/Edicion Selectores/Destino del turno/img_Relacionar")): Object: 'Object Repository/WIZARD/3Infraestructura/4Selectores/Edicion Selectores/Destino del turno/img_Relacionar' is clicked on

2024-01-15 10:17:42 - [MESSAGE][PASSED] - Object: 'Object Repository/WIZARD/3Infraestructura/4Selectores/Edicion Selectores/Destino del turno/img_Relacionar' is clicked on

2024-01-15 10:17:42 - [TEST_STEP][PASSED] - delay(3): Delayed 3 second(s)

2024-01-15 10:17:45 - [MESSAGE][PASSED] - Delayed 3 second(s)

2024-01-15 10:17:45 - [TEST_STEP][PASSED] - click(findTestObject("WIZARD/3Infraestructura/0Menu/span_Selectores")): Object: 'Object Repository/WIZARD/3Infraestructura/0Menu/span_Selectores' is clicked on

2024-01-15 10:17:45 - [MESSAGE][PASSED] - Object: 'Object Repository/WIZARD/3Infraestructura/0Menu/span_Selectores' is clicked on

2024-01-15 10:17:45 - [TEST_STEP][PASSED] - delay(3): Delayed 3 second(s)

2024-01-15 10:17:48 - [MESSAGE][PASSED] - Delayed 3 second(s)

2024-01-15 10:17:48 - [TEST_STEP][PASSED] - click(findTestObject("WIZARD/3Infraestructura/4Selectores/Edicion Selectores/btn_Oficinas(2)/td_2Cali - Chipichape")): Object: 'Object Repository/WIZARD/3Infraestructura/4Selectores/Edicion Selectores/btn_Oficinas(2)/td_2Cali - Chipichape' is clicked on

2024-01-15 10:17:49 - [MESSAGE][PASSED] - Object: 'Object Repository/WIZARD/3Infraestructura/4Selectores/Edicion Selectores/btn_Oficinas(2)/td_2Cali - Chipichape' is clicked on

2024-01-15 10:17:49 - [TEST_STEP][PASSED] - delay(3): Delayed 3 second(s)

2024-01-15 10:17:52 - [MESSAGE][PASSED] - Delayed 3 second(s)

2024-01-15 10:17:52 - [TEST_STEP][PASSED] - click(findTestObject("WIZARD/3Infraestructura/4Selectores/Lista de Selectores/td_Selector 01")): Object: 'Object Repository/WIZARD/3Infraestructura/4Selectores/Lista de Selectores/td_Selector 01' is clicked on

2024-01-15 10:17:52 - [MESSAGE][PASSED] - Object: 'Object Repository/WIZARD/3Infraestructura/4Selectores/Lista de Selectores/td_Selector 01' is clicked on

2024-01-15 10:17:52 - [TEST_STEP][PASSED] - delay(3): Delayed 3 second(s)

2024-01-15 10:17:55 - [MESSAGE][PASSED] - Delayed 3 second(s)

2024-01-15 10:17:55 - [TEST_STEP][PASSED] - scrollToElement(findTestObject("WIZARD/3Infraestructura/4Selectores/Edicion Selectores/Destino del turno/a_SeleccionarTodo"), 2): Scroll to object 'Object Repository/WIZARD/3Infraestructura/4Selectores/Edicion Selectores/Destino del turno/a_SeleccionarTodo' successfully

2024-01-15 10:17:55 - [MESSAGE][PASSED] - Scroll to object 'Object Repository/WIZARD/3Infraestructura/4Selectores/Edicion Selectores/Destino del turno/a_SeleccionarTodo' successfully

2024-01-15 10:17:55 - [TEST_STEP][PASSED] - click(findTestObject("WIZARD/3Infraestructura/4Selectores/Edicion Selectores/Destino del turno/a_SeleccionarTodo")): Object: 'Object Repository/WIZARD/3Infraestructura/4Selectores/Edicion Selectores/Destino del turno/a_SeleccionarTodo' is clicked on

2024-01-15 10:17:56 - [MESSAGE][PASSED] - Object: 'Object Repository/WIZARD/3Infraestructura/4Selectores/Edicion Selectores/Destino del turno/a_SeleccionarTodo' is clicked on

2024-01-15 10:17:56 - [TEST_STEP][PASSED] - delay(2): Delayed 2 second(s)

2024-01-15 10:17:58 - [MESSAGE][PASSED] - Delayed 2 second(s)

2024-01-15 10:17:58 - [TEST_STEP][PASSED] - click(findTestObject("WIZARD/3Infraestructura/4Selectores/Edicion Selectores/Destino del turno/img_Relacionar")): Object: 'Object Repository/WIZARD/3Infraestructura/4Selectores/Edicion Selectores/Destino del turno/img_Relacionar' is clicked on

2024-01-15 10:17:58 - [MESSAGE][PASSED] - Object: 'Object Repository/WIZARD/3Infraestructura/4Selectores/Edicion Selectores/Destino del turno/img_Relacionar' is clicked on

2024-01-15 10:17:58 - [TEST_STEP][PASSED] - delay(3): Delayed 3 second(s)

2024-01-15 10:18:01 - [MESSAGE][PASSED] - Delayed 3 second(s)

2024-01-15 10:18:01 - [TEST_STEP][PASSED] - click(findTestObject("WIZARD/3Infraestructura/0Menu/span_Selectores")): Object: 'Object Repository/WIZARD/3Infraestructura/0Menu/span_Selectores' is clicked on

2024-01-15 10:18:02 - [MESSAGE][PASSED] - Object: 'Object Repository/WIZARD/3Infraestructura/0Menu/span_Selectores' is clicked on

2024-01-15 10:18:02 - [TEST_STEP][PASSED] - delay(3): Delayed 3 second(s)

2024-01-15 10:18:05 - [MESSAGE][PASSED] - Delayed 3 second(s)

2024-01-15 10:18:05 - [TEST_STEP][PASSED] - click(findTestObject("WIZARD/3Infraestructura/4Selectores/Edicion Selectores/btn_Oficinas(2)/td_3Cartagena - Bocagrande")): Object: 'Object Repository/WIZARD/3Infraestructura/4Selectores/Edicion Selectores/btn_Oficinas(2)/td_3Cartagena - Bocagrande' is clicked on

2024-01-15 10:18:05 - [MESSAGE][PASSED] - Object: 'Object Repository/WIZARD/3Infraestructura/4Selectores/Edicion Selectores/btn_Oficinas(2)/td_3Cartagena - Bocagrande' is clicked on

2024-01-15 10:18:05 - [TEST_STEP][PASSED] - delay(3): Delayed 3 second(s)

2024-01-15 10:18:08 - [MESSAGE][PASSED] - Delayed 3 second(s)

2024-01-15 10:18:08 - [TEST_STEP][PASSED] - click(findTestObject("WIZARD/3Infraestructura/4Selectores/Lista de Selectores/td_Selector 01")): Object: 'Object Repository/WIZARD/3Infraestructura/4Selectores/Lista de Selectores/td_Selector 01' is clicked on

2024-01-15 10:18:09 - [MESSAGE][PASSED] - Object: 'Object Repository/WIZARD/3Infraestructura/4Selectores/Lista de Selectores/td_Selector 01' is clicked on

2024-01-15 10:18:09 - [TEST_STEP][PASSED] - delay(3): Delayed 3 second(s)

2024-01-15 10:18:12 - [MESSAGE][PASSED] - Delayed 3 second(s)

2024-01-15 10:18:12 - [TEST_STEP][PASSED] - scrollToElement(findTestObject("WIZARD/3Infraestructura/4Selectores/Edicion Selectores/Destino del turno/a_SeleccionarTodo"), 2): Scroll to object 'Object Repository/WIZARD/3Infraestructura/4Selectores/Edicion Selectores/Destino del turno/a_SeleccionarTodo' successfully

2024-01-15 10:18:12 - [MESSAGE][PASSED] - Scroll to object 'Object Repository/WIZARD/3Infraestructura/4Selectores/Edicion Selectores/Destino del turno/a_SeleccionarTodo' successfully

2024-01-15 10:18:12 - [TEST_STEP][PASSED] - check(findTestObject("WIZARD/3Infraestructura/4Selectores/Edicion Selectores/Destino del turno/a_SeleccionarTodo")): Object 'Object Repository/WIZARD/3Infraestructura/4Selectores/Edicion Selectores/Destino del turno/a_SeleccionarTodo' is checked

2024-01-15 10:18:13 - [MESSAGE][PASSED] - Object 'Object Repository/WIZARD/3Infraestructura/4Selectores/Edicion Selectores/Destino del turno/a_SeleccionarTodo' is checked

2024-01-15 10:18:13 - [TEST_STEP][PASSED] - delay(2): Delayed 2 second(s)

2024-01-15 10:18:15 - [MESSAGE][PASSED] - Delayed 2 second(s)

2024-01-15 10:18:15 - [TEST_STEP][PASSED] - click(findTestObject("WIZARD/3Infraestructura/4Selectores/Edicion Selectores/Destino del turno/img_Relacionar")): Object: 'Object Repository/WIZARD/3Infraestructura/4Selectores/Edicion Selectores/Destino del turno/img_Relacionar' is clicked on

2024-01-15 10:18:15 - [MESSAGE][PASSED] - Object: 'Object Repository/WIZARD/3Infraestructura/4Selectores/Edicion Selectores/Destino del turno/img_Relacionar' is clicked on

2024-01-15 10:18:15 - [TEST_STEP][PASSED] - delay(3): Delayed 3 second(s)

2024-01-15 10:18:18 - [MESSAGE][PASSED] - Delayed 3 second(s)

2024-01-15 10:18:18 - [TEST_STEP][PASSED] - click(findTestObject("WIZARD/3Infraestructura/0Menu/span_Selectores")): Object: 'Object Repository/WIZARD/3Infraestructura/0Menu/span_Selectores' is clicked on

2024-01-15 10:18:19 - [MESSAGE][PASSED] - Object: 'Object Repository/WIZARD/3Infraestructura/0Menu/span_Selectores' is clicked on

2024-01-15 10:18:19 - [TEST_STEP][PASSED] - delay(3): Delayed 3 second(s)

2024-01-15 10:18:22 - [MESSAGE][PASSED] - Delayed 3 second(s)

2024-01-15 10:18:22 - [TEST_STEP][PASSED] - click(findTestObject("WIZARD/3Infraestructura/4Selectores/Edicion Selectores/btn_Oficinas(2)/td_4Manizales - Manizales")): Object: 'Object Repository/WIZARD/3Infraestructura/4Selectores/Edicion Selectores/btn_Oficinas(2)/td_4Manizales - Manizales' is clicked on

2024-01-15 10:18:22 - [MESSAGE][PASSED] - Object: 'Object Repository/WIZARD/3Infraestructura/4Selectores/Edicion Selectores/btn_Oficinas(2)/td_4Manizales - Manizales' is clicked on

2024-01-15 10:18:22 - [TEST_STEP][PASSED] - delay(3): Delayed 3 second(s)

2024-01-15 10:18:25 - [MESSAGE][PASSED] - Delayed 3 second(s)

2024-01-15 10:18:25 - [TEST_STEP][PASSED] - click(findTestObject("WIZARD/3Infraestructura/4Selectores/Lista de Selectores/td_Selector 01")): Object: 'Object Repository/WIZARD/3Infraestructura/4Selectores/Lista de Selectores/td_Selector 01' is clicked on

2024-01-15 10:18:26 - [MESSAGE][PASSED] - Object: 'Object Repository/WIZARD/3Infraestructura/4Selectores/Lista de Selectores/td_Selector 01' is clicked on

2024-01-15 10:18:26 - [TEST_STEP][PASSED] - delay(3): Delayed 3 second(s)

2024-01-15 10:18:29 - [MESSAGE][PASSED] - Delayed 3 second(s)

2024-01-15 10:18:29 - [TEST_STEP][PASSED] - scrollToElement(findTestObject("WIZARD/3Infraestructura/4Selectores/Edicion Selectores/Destino del turno/a_SeleccionarTodo"), 2): Scroll to object 'Object Repository/WIZARD/3Infraestructura/4Selectores/Edicion Selectores/Destino del turno/a_SeleccionarTodo' successfully

2024-01-15 10:18:29 - [MESSAGE][PASSED] - Scroll to object 'Object Repository/WIZARD/3Infraestructura/4Selectores/Edicion Selectores/Destino del turno/a_SeleccionarTodo' successfully

2024-01-15 10:18:29 - [TEST_STEP][PASSED] - click(findTestObject("WIZARD/3Infraestructura/4Selectores/Edicion Selectores/Destino del turno/a_SeleccionarTodo")): Object: 'Object Repository/WIZARD/3Infraestructura/4Selectores/Edicion Selectores/Destino del turno/a_SeleccionarTodo' is clicked on

2024-01-15 10:18:30 - [MESSAGE][PASSED] - Object: 'Object Repository/WIZARD/3Infraestructura/4Selectores/Edicion Selectores/Destino del turno/a_SeleccionarTodo' is clicked on

2024-01-15 10:18:30 - [TEST_STEP][PASSED] - delay(2): Delayed 2 second(s)

2024-01-15 10:18:32 - [MESSAGE][PASSED] - Delayed 2 second(s)

2024-01-15 10:18:32 - [TEST_STEP][PASSED] - click(findTestObject("WIZARD/3Infraestructura/4Selectores/Edicion Selectores/Destino del turno/img_Relacionar")): Object: 'Object Repository/WIZARD/3Infraestructura/4Selectores/Edicion Selectores/Destino del turno/img_Relacionar' is clicked on

2024-01-15 10:18:32 - [MESSAGE][PASSED] - Object: 'Object Repository/WIZARD/3Infraestructura/4Selectores/Edicion Selectores/Destino del turno/img_Relacionar' is clicked on

2024-01-15 10:18:32 - [TEST_STEP][PASSED] - delay(3): Delayed 3 second(s)

2024-01-15 10:18:35 - [MESSAGE][PASSED] - Delayed 3 second(s)

2024-01-15 10:18:35 - [TEST_STEP][PASSED] - click(findTestObject("WIZARD/3Infraestructura/0Menu/span_Selectores")): Object: 'Object Repository/WIZARD/3Infraestructura/0Menu/span_Selectores' is clicked on

2024-01-15 10:18:36 - [MESSAGE][PASSED] - Object: 'Object Repository/WIZARD/3Infraestructura/0Menu/span_Selectores' is clicked on

2024-01-15 10:18:36 - [TEST_STEP][PASSED] - delay(3): Delayed 3 second(s)

2024-01-15 10:18:39 - [MESSAGE][PASSED] - Delayed 3 second(s)

2024-01-15 10:18:39 - [TEST_STEP][PASSED] - click(findTestObject("WIZARD/3Infraestructura/4Selectores/Edicion Selectores/btn_Oficinas(2)/td_5Medellin - Laureles")): Object: 'Object Repository/WIZARD/3Infraestructura/4Selectores/Edicion Selectores/btn_Oficinas(2)/td_5Medellin - Laureles' is clicked on

2024-01-15 10:18:39 - [MESSAGE][PASSED] - Object: 'Object Repository/WIZARD/3Infraestructura/4Selectores/Edicion Selectores/btn_Oficinas(2)/td_5Medellin - Laureles' is clicked on

2024-01-15 10:18:39 - [TEST_STEP][PASSED] - delay(3): Delayed 3 second(s)

2024-01-15 10:18:42 - [MESSAGE][PASSED] - Delayed 3 second(s)

2024-01-15 10:18:42 - [TEST_STEP][PASSED] - click(findTestObject("WIZARD/3Infraestructura/4Selectores/Lista de Selectores/td_Selector 01")): Object: 'Object Repository/WIZARD/3Infraestructura/4Selectores/Lista de Selectores/td_Selector 01' is clicked on

2024-01-15 10:18:43 - [MESSAGE][PASSED] - Object: 'Object Repository/WIZARD/3Infraestructura/4Selectores/Lista de Selectores/td_Selector 01' is clicked on

2024-01-15 10:18:43 - [TEST_STEP][PASSED] - delay(3): Delayed 3 second(s)

2024-01-15 10:18:46 - [MESSAGE][PASSED] - Delayed 3 second(s)

2024-01-15 10:18:46 - [TEST_STEP][PASSED] - scrollToElement(findTestObject("WIZARD/3Infraestructura/4Selectores/Edicion Selectores/Destino del turno/a_SeleccionarTodo"), 2): Scroll to object 'Object Repository/WIZARD/3Infraestructura/4Selectores/Edicion Selectores/Destino del turno/a_SeleccionarTodo' successfully

2024-01-15 10:18:46 - [MESSAGE][PASSED] - Scroll to object 'Object Repository/WIZARD/3Infraestructura/4Selectores/Edicion Selectores/Destino del turno/a_SeleccionarTodo' successfully

2024-01-15 10:18:46 - [TEST_STEP][PASSED] - click(findTestObject("WIZARD/3Infraestructura/4Selectores/Edicion Selectores/Destino del turno/a_SeleccionarTodo")): Object: 'Object Repository/WIZARD/3Infraestructura/4Selectores/Edicion Selectores/Destino del turno/a_SeleccionarTodo' is clicked on

2024-01-15 10:18:46 - [MESSAGE][PASSED] - Object: 'Object Repository/WIZARD/3Infraestructura/4Selectores/Edicion Selectores/Destino del turno/a_SeleccionarTodo' is clicked on

2024-01-15 10:18:46 - [TEST_STEP][PASSED] - delay(2): Delayed 2 second(s)

2024-01-15 10:18:48 - [MESSAGE][PASSED] - Delayed 2 second(s)

2024-01-15 10:18:48 - [TEST_STEP][PASSED] - click(findTestObject("WIZARD/3Infraestructura/4Selectores/Edicion Selectores/Destino del turno/img_Relacionar")): Object: 'Object Repository/WIZARD/3Infraestructura/4Selectores/Edicion Selectores/Destino del turno/img_Relacionar' is clicked on

2024-01-15 10:18:49 - [MESSAGE][PASSED] - Object: 'Object Repository/WIZARD/3Infraestructura/4Selectores/Edicion Selectores/Destino del turno/img_Relacionar' is clicked on

2024-01-15 10:18:49 - [TEST_STEP][PASSED] - delay(3): Delayed 3 second(s)

2024-01-15 10:18:52 - [MESSAGE][PASSED] - Delayed 3 second(s)

2024-01-15 10:18:52 - [TEST_STEP][PASSED] - click(findTestObject("WIZARD/3Infraestructura/0Menu/span_Selectores")): Object: 'Object Repository/WIZARD/3Infraestructura/0Menu/span_Selectores' is clicked on

2024-01-15 10:18:52 - [MESSAGE][PASSED] - Object: 'Object Repository/WIZARD/3Infraestructura/0Menu/span_Selectores' is clicked on

2024-01-15 10:18:52 - [TEST_STEP][PASSED] - delay(3): Delayed 3 second(s)

2024-01-15 10:18:55 - [MESSAGE][PASSED] - Delayed 3 second(s)

2024-01-15 10:18:55 - [TEST_STEP][PASSED] - click(findTestObject("WIZARD/3Infraestructura/4Selectores/Edicion Selectores/btn_Oficinas(2)/td_6Virtual - Oficina Virtual")): Object: 'Object Repository/WIZARD/3Infraestructura/4Selectores/Edicion Selectores/btn_Oficinas(2)/td_6Virtual - Oficina Virtual' is clicked on

2024-01-15 10:18:56 - [MESSAGE][PASSED] - Object: 'Object Repository/WIZARD/3Infraestructura/4Selectores/Edicion Selectores/btn_Oficinas(2)/td_6Virtual - Oficina Virtual' is clicked on

2024-01-15 10:18:56 - [TEST_STEP][PASSED] - delay(3): Delayed 3 second(s)

2024-01-15 10:18:59 - [MESSAGE][PASSED] - Delayed 3 second(s)

2024-01-15 10:18:59 - [TEST_STEP][PASSED] - click(findTestObject("WIZARD/3Infraestructura/4Selectores/Lista de Selectores/td_Selector 01")): Object: 'Object Repository/WIZARD/3Infraestructura/4Selectores/Lista de Selectores/td_Selector 01' is clicked on

2024-01-15 10:18:59 - [MESSAGE][PASSED] - Object: 'Object Repository/WIZARD/3Infraestructura/4Selectores/Lista de Selectores/td_Selector 01' is clicked on

2024-01-15 10:18:59 - [TEST_STEP][PASSED] - delay(3): Delayed 3 second(s)

2024-01-15 10:19:02 - [MESSAGE][PASSED] - Delayed 3 second(s)

2024-01-15 10:19:02 - [TEST_STEP][PASSED] - scrollToElement(findTestObject("WIZARD/3Infraestructura/4Selectores/Edicion Selectores/Destino del turno/a_SeleccionarTodo"), 2): Scroll to object 'Object Repository/WIZARD/3Infraestructura/4Selectores/Edicion Selectores/Destino del turno/a_SeleccionarTodo' successfully

2024-01-15 10:19:03 - [MESSAGE][PASSED] - Scroll to object 'Object Repository/WIZARD/3Infraestructura/4Selectores/Edicion Selectores/Destino del turno/a_SeleccionarTodo' successfully

2024-01-15 10:19:03 - [TEST_STEP][PASSED] - click(findTestObject("WIZARD/3Infraestructura/4Selectores/Edicion Selectores/Destino del turno/a_SeleccionarTodo")): Object: 'Object Repository/WIZARD/3Infraestructura/4Selectores/Edicion Selectores/Destino del turno/a_SeleccionarTodo' is clicked on

2024-01-15 10:19:03 - [MESSAGE][PASSED] - Object: 'Object Repository/WIZARD/3Infraestructura/4Selectores/Edicion Selectores/Destino del turno/a_SeleccionarTodo' is clicked on

2024-01-15 10:19:03 - [TEST_STEP][PASSED] - delay(2): Delayed 2 second(s)

2024-01-15 10:19:05 - [MESSAGE][PASSED] - Delayed 2 second(s)

2024-01-15 10:19:05 - [TEST_STEP][PASSED] - click(findTestObject("WIZARD/3Infraestructura/4Selectores/Edicion Selectores/Destino del turno/img_Relacionar")): Object: 'Object Repository/WIZARD/3Infraestructura/4Selectores/Edicion Selectores/Destino del turno/img_Relacionar' is clicked on

2024-01-15 10:19:06 - [MESSAGE][PASSED] - Object: 'Object Repository/WIZARD/3Infraestructura/4Selectores/Edicion Selectores/Destino del turno/img_Relacionar' is clicked on

2024-01-15 10:19:06 - [TEST_STEP][PASSED] - delay(3): Delayed 3 second(s)

2024-01-15 10:19:09 - [MESSAGE][PASSED] - Delayed 3 second(s)

2024-01-15 10:19:09 - [TEST_STEP][PASSED] - click(findTestObject("WIZARD/3Infraestructura/0Menu/span_Selectores")): Object: 'Object Repository/WIZARD/3Infraestructura/0Menu/span_Selectores' is clicked on

2024-01-15 10:19:09 - [MESSAGE][PASSED] - Object: 'Object Repository/WIZARD/3Infraestructura/0Menu/span_Selectores' is clicked on

2024-01-15 10:19:09 - [TEST_STEP][PASSED] - delay(3): Delayed 3 second(s)

2024-01-15 10:19:12 - [MESSAGE][PASSED] - Delayed 3 second(s)

2024-01-15 10:19:12 - [TEST_STEP][PASSED] - click(findTestObject("WIZARD/3Infraestructura/4Selectores/Edicion Selectores/btn_Oficinas(2)/td_7WorkFlow - Oficina WorkFlow")): Object: 'Object Repository/WIZARD/3Infraestructura/4Selectores/Edicion Selectores/btn_Oficinas(2)/td_7WorkFlow - Oficina WorkFlow' is clicked on

2024-01-15 10:19:13 - [MESSAGE][PASSED] - Object: 'Object Repository/WIZARD/3Infraestructura/4Selectores/Edicion Selectores/btn_Oficinas(2)/td_7WorkFlow - Oficina WorkFlow' is clicked on

2024-01-15 10:19:13 - [TEST_STEP][PASSED] - delay(3): Delayed 3 second(s)

2024-01-15 10:19:16 - [MESSAGE][PASSED] - Delayed 3 second(s)

2024-01-15 10:19:16 - [TEST_STEP][PASSED] - click(findTestObject("WIZARD/3Infraestructura/4Selectores/Lista de Selectores/td_Selector 01")): Object: 'Object Repository/WIZARD/3Infraestructura/4Selectores/Lista de Selectores/td_Selector 01' is clicked on

2024-01-15 10:19:16 - [MESSAGE][PASSED] - Object: 'Object Repository/WIZARD/3Infraestructura/4Selectores/Lista de Selectores/td_Selector 01' is clicked on

2024-01-15 10:19:16 - [TEST_STEP][PASSED] - delay(3): Delayed 3 second(s)

2024-01-15 10:19:19 - [MESSAGE][PASSED] - Delayed 3 second(s)

2024-01-15 10:19:19 - [TEST_STEP][PASSED] - scrollToElement(findTestObject("WIZARD/3Infraestructura/4Selectores/Edicion Selectores/Destino del turno/a_SeleccionarTodo"), 2): Scroll to object 'Object Repository/WIZARD/3Infraestructura/4Selectores/Edicion Selectores/Destino del turno/a_SeleccionarTodo' successfully

2024-01-15 10:19:20 - [MESSAGE][PASSED] - Scroll to object 'Object Repository/WIZARD/3Infraestructura/4Selectores/Edicion Selectores/Destino del turno/a_SeleccionarTodo' successfully

2024-01-15 10:19:20 - [TEST_STEP][PASSED] - click(findTestObject("WIZARD/3Infraestructura/4Selectores/Edicion Selectores/Destino del turno/a_SeleccionarTodo")): Object: 'Object Repository/WIZARD/3Infraestructura/4Selectores/Edicion Selectores/Destino del turno/a_SeleccionarTodo' is clicked on

2024-01-15 10:19:20 - [MESSAGE][PASSED] - Object: 'Object Repository/WIZARD/3Infraestructura/4Selectores/Edicion Selectores/Destino del turno/a_SeleccionarTodo' is clicked on

2024-01-15 10:19:20 - [TEST_STEP][PASSED] - delay(2): Delayed 2 second(s)

2024-01-15 10:19:22 - [MESSAGE][PASSED] - Delayed 2 second(s)

2024-01-15 10:19:22 - [TEST_STEP][PASSED] - click(findTestObject("WIZARD/3Infraestructura/4Selectores/Edicion Selectores/Destino del turno/img_Relacionar")): Object: 'Object Repository/WIZARD/3Infraestructura/4Selectores/Edicion Selectores/Destino del turno/img_Relacionar' is clicked on

2024-01-15 10:19:23 - [MESSAGE][PASSED] - Object: 'Object Repository/WIZARD/3Infraestructura/4Selectores/Edicion Selectores/Destino del turno/img_Relacionar' is clicked on

2024-01-15 10:19:23 - [TEST_STEP][PASSED] - delay(3): Delayed 3 second(s)

2024-01-15 10:19:26 - [MESSAGE][PASSED] - Delayed 3 second(s)

2024-01-15 10:19:26 - [TEST_STEP][PASSED] - takeFullPageScreenshot(): Taking screenshot successfully

2024-01-15 10:19:26 - [MESSAGE][INFO] - 0 hidden object(s)

2024-01-15 10:19:26 - [MESSAGE][PASSED] - Taking screenshot successfully
[[ATTACHMENT|C:\\CIEL INGENIERIA\\Katalon\\Digiturno55\\Reports\\20240115_094157\\WIZARD\\3Infraestructura\\4Selectores\\5.4 Relacionar Selectores\\20240115_094251\\1705331966037.png]]

2024-01-15 10:19:26 - [TEST_STEP][PASSED] - delay(3): Delayed 3 second(s)

2024-01-15 10:19:30 - [MESSAGE][PASSED] - Delayed 3 second(s)

2024-01-15 10:19:30 - [TEST_STEP][PASSED] - Start listener action : sampleAfterTestCase: null]]></system-out>
         <system-err><![CDATA[]]></system-err>
      </testcase>
      <system-out><![CDATA[2024-01-15 10:17:13 - [TEST_SUITE][PASSED] - 5.4 Relacionar Selectores: Test Cases/WIZARD/3Infraestructura/4Selectores/5.4 Relacionar Selectores]]></system-out>
      <system-err><![CDATA[]]></system-err>
   </testsuite>
</testsuites>
