<?xml version="1.0" encoding="UTF-8"?>
<testsuites name="61 Campos Adicionales Crear Actualizar Eliminar" time="134.166" tests="3" failures="0" errors="0">
   <testsuite name="61 Campos Adicionales Crear Actualizar Eliminar" tests="3" failures="0" errors="0" time="134.166" skipped="0" timestamp="2023-08-14 14:58:23" hostname="jdavila - PCPruebas101.ciel.cielingenieria.com" id="Test Suites/DIGITURNO/BASICO/61 Campos Adicionales Crear Actualizar Eliminar">
      <properties>
         <property name="deviceName" value=""/>
         <property name="devicePlatform" value=""/>
         <property name="logFolder" value="C:\\CIEL INGENIERIA\\Katalon\\Digiturno55\\Reports\\20230814_141235\\DIGITURNO\\BASICO\\61 Campos Adicionales Crear Actualizar Eliminar\\20230814_141337"/>
         <property name="logFiles" value="C:\\CIEL INGENIERIA\\Katalon\\Digiturno55\\Reports\\20230814_141235\\DIGITURNO\\BASICO\\61 Campos Adicionales Crear Actualizar Eliminar\\20230814_141337\\execution0.log"/>
         <property name="attachments" value="C:\\CIEL INGENIERIA\\Katalon\\Digiturno55\\Reports\\20230814_141235\\DIGITURNO\\BASICO\\61 Campos Adicionales Crear Actualizar Eliminar\\20230814_141337\\1692043119518.png, C:\\CIEL INGENIERIA\\Katalon\\Digiturno55\\Reports\\20230814_141235\\DIGITURNO\\BASICO\\61 Campos Adicionales Crear Actualizar Eliminar\\20230814_141337\\1692043126792.png, C:\\CIEL INGENIERIA\\Katalon\\Digiturno55\\Reports\\20230814_141235\\DIGITURNO\\BASICO\\61 Campos Adicionales Crear Actualizar Eliminar\\20230814_141337\\1692043143667.png, C:\\CIEL INGENIERIA\\Katalon\\Digiturno55\\Reports\\20230814_141235\\DIGITURNO\\BASICO\\61 Campos Adicionales Crear Actualizar Eliminar\\20230814_141337\\1692043161823.png, C:\\CIEL INGENIERIA\\Katalon\\Digiturno55\\Reports\\20230814_141235\\DIGITURNO\\BASICO\\61 Campos Adicionales Crear Actualizar Eliminar\\20230814_141337\\1692043168921.png, C:\\CIEL INGENIERIA\\Katalon\\Digiturno55\\Reports\\20230814_141235\\DIGITURNO\\BASICO\\61 Campos Adicionales Crear Actualizar Eliminar\\20230814_141337\\1692043190169.png, C:\\CIEL INGENIERIA\\Katalon\\Digiturno55\\Reports\\20230814_141235\\DIGITURNO\\BASICO\\61 Campos Adicionales Crear Actualizar Eliminar\\20230814_141337\\1692043208489.png, C:\\CIEL INGENIERIA\\Katalon\\Digiturno55\\Reports\\20230814_141235\\DIGITURNO\\BASICO\\61 Campos Adicionales Crear Actualizar Eliminar\\20230814_141337\\1692043215641.png, C:\\CIEL INGENIERIA\\Katalon\\Digiturno55\\Reports\\20230814_141235\\DIGITURNO\\BASICO\\61 Campos Adicionales Crear Actualizar Eliminar\\20230814_141337\\1692043233893.png"/>
         <property name="hostName" value="jdavila - PCPruebas101.ciel.cielingenieria.com"/>
         <property name="os" value="Windows 10 64bit"/>
         <property name="katalonVersion" value="8.6.0.208"/>
         <property name="browser" value="Chrome 115.0.0.0"/>
         <property name="hostAddress" value="192.168.0.33"/>
         <property name="sessionId" value="3c1bda21db863feb3b090aff19acc585"/>
         <property name="seleniumVersion" value="3.141.59"/>
         <property name="proxyInformation" value="ProxyInformation { proxyOption=NO_PROXY, proxyServerType=HTTP, username=, password=********, proxyServerAddress=, proxyServerPort=0, executionList=&quot;&quot;, isApplyToDesiredCapabilities=true }"/>
         <property name="platform" value="Windows 10"/>
      </properties>
      <testcase name="Test Cases/DIGITURNO/BASICO/61 Campos Adicionales Crear" time="43.63" classname="Test Cases/DIGITURNO/BASICO/61 Campos Adicionales Crear" status="PASSED">
         <system-out><![CDATA[2023-08-14 14:58:23 - [TEST_CASE][PASSED] - Test Cases/DIGITURNO/BASICO/61 Campos Adicionales Crear: Test Cases/DIGITURNO/BASICO/61 Campos Adicionales Crear

2023-08-14 14:58:24 - [TEST_STEP][PASSED] - callTestCase(findTestCase("DIGITURNO/BASICO/59 Datos Complementarios"), [:], STOP_ON_FAILURE): Call Test Case 'Test Cases/DIGITURNO/BASICO/59 Datos Complementarios' successfully

2023-08-14 14:58:24 - [TEST_CASE][PASSED] - Test Cases/DIGITURNO/BASICO/59 Datos Complementarios: Test Cases/DIGITURNO/BASICO/59 Datos Complementarios

2023-08-14 14:58:24 - [TEST_STEP][PASSED] - callTestCase(findTestCase("DIGITURNO/BASICO/3 Configuracion"), [:], STOP_ON_FAILURE): Call Test Case 'Test Cases/DIGITURNO/BASICO/3 Configuracion' successfully

2023-08-14 14:58:24 - [TEST_CASE][PASSED] - Test Cases/DIGITURNO/BASICO/3 Configuracion: Test Cases/DIGITURNO/BASICO/3 Configuracion

2023-08-14 14:58:24 - [TEST_STEP][PASSED] - callTestCase(findTestCase("0InicioSesion"), [:], STOP_ON_FAILURE): Call Test Case 'Test Cases/0InicioSesion' successfully

2023-08-14 14:58:24 - [TEST_CASE][PASSED] - Test Cases/0InicioSesion: Test Cases/0InicioSesion

2023-08-14 14:58:25 - [TEST_STEP][PASSED] - openBrowser(UrlDigiturno): Browser is opened with url: 'https://PCPruebas101.ciel.cielingenieria.com:8610'

2023-08-14 14:58:25 - [MESSAGE][INFO] - Starting 'Chrome' driver

2023-08-14 14:58:25 - [MESSAGE][INFO] - User set preference: ['args', '[--use-fake-ui-for-media-stream, --disable-notifications]']

2023-08-14 14:58:25 - [MESSAGE][INFO] - Action delay is set to 0 milliseconds

2023-08-14 14:58:27 - [MESSAGE][PASSED] - Browser is opened with url: 'https://PCPruebas101.ciel.cielingenieria.com:8610'

2023-08-14 14:58:27 - [TEST_STEP][PASSED] - maximizeWindow(): Current window maximized

2023-08-14 14:58:27 - [MESSAGE][PASSED] - Current window maximized

2023-08-14 14:58:27 - [TEST_STEP][PASSED] - delay(3): Delayed 3 second(s)

2023-08-14 14:58:30 - [MESSAGE][PASSED] - Delayed 3 second(s)

2023-08-14 14:58:30 - [TEST_STEP][PASSED] - setText(findTestObject("0Inicio Sesion/input_Usuario"), "Ciel"): Text 'Ciel' is set on object 'Object Repository/0Inicio Sesion/input_Usuario'

2023-08-14 14:58:31 - [MESSAGE][PASSED] - Text 'Ciel' is set on object 'Object Repository/0Inicio Sesion/input_Usuario'

2023-08-14 14:58:31 - [TEST_STEP][PASSED] - setText(findTestObject("0Inicio Sesion/input_Clave"), "digiturno"): Text 'digiturno' is set on object 'Object Repository/0Inicio Sesion/input_Clave'

2023-08-14 14:58:32 - [MESSAGE][PASSED] - Text 'digiturno' is set on object 'Object Repository/0Inicio Sesion/input_Clave'

2023-08-14 14:58:32 - [TEST_STEP][PASSED] - click(findTestObject("0Inicio Sesion/btn_IniciarSesion")): Object: 'Object Repository/0Inicio Sesion/btn_IniciarSesion' is clicked on

2023-08-14 14:58:32 - [MESSAGE][PASSED] - Object: 'Object Repository/0Inicio Sesion/btn_IniciarSesion' is clicked on

2023-08-14 14:58:32 - [TEST_STEP][PASSED] - delay(3): Delayed 3 second(s)

2023-08-14 14:58:35 - [MESSAGE][PASSED] - Delayed 3 second(s)

2023-08-14 14:58:35 - [MESSAGE][PASSED] - Call Test Case 'Test Cases/0InicioSesion' successfully

2023-08-14 14:58:35 - [TEST_STEP][PASSED] - click(findTestObject("DIGITURNO/1Principal/img_Configuracion(1)")): Object: 'Object Repository/DIGITURNO/1Principal/img_Configuracion(1)' is clicked on

2023-08-14 14:58:36 - [MESSAGE][PASSED] - Object: 'Object Repository/DIGITURNO/1Principal/img_Configuracion(1)' is clicked on

2023-08-14 14:58:36 - [TEST_STEP][PASSED] - delay(3): Delayed 3 second(s)

2023-08-14 14:58:39 - [MESSAGE][PASSED] - Delayed 3 second(s)

2023-08-14 14:58:39 - [TEST_STEP][PASSED] - takeFullPageScreenshot(): Taking screenshot successfully

2023-08-14 14:58:40 - [MESSAGE][INFO] - 0 hidden object(s)

2023-08-14 14:58:40 - [MESSAGE][PASSED] - Taking screenshot successfully
[[ATTACHMENT|C:\\CIEL INGENIERIA\\Katalon\\Digiturno55\\Reports\\20230814_141235\\DIGITURNO\\BASICO\\61 Campos Adicionales Crear Actualizar Eliminar\\20230814_141337\\1692043119518.png]]

2023-08-14 14:58:40 - [TEST_STEP][PASSED] - delay(3): Delayed 3 second(s)

2023-08-14 14:58:43 - [MESSAGE][PASSED] - Delayed 3 second(s)

2023-08-14 14:58:43 - [MESSAGE][PASSED] - Call Test Case 'Test Cases/DIGITURNO/BASICO/3 Configuracion' successfully

2023-08-14 14:58:43 - [TEST_STEP][PASSED] - click(findTestObject("DIGITURNO/CONFIGURACION/0Principal/img_5Datos complementarios")): Object: 'Object Repository/DIGITURNO/CONFIGURACION/0Principal/img_5Datos complementarios' is clicked on

2023-08-14 14:58:43 - [MESSAGE][PASSED] - Object: 'Object Repository/DIGITURNO/CONFIGURACION/0Principal/img_5Datos complementarios' is clicked on

2023-08-14 14:58:43 - [TEST_STEP][PASSED] - delay(3): Delayed 3 second(s)

2023-08-14 14:58:46 - [MESSAGE][PASSED] - Delayed 3 second(s)

2023-08-14 14:58:46 - [TEST_STEP][PASSED] - takeFullPageScreenshot(): Taking screenshot successfully

2023-08-14 14:58:47 - [MESSAGE][INFO] - 0 hidden object(s)

2023-08-14 14:58:47 - [MESSAGE][PASSED] - Taking screenshot successfully
[[ATTACHMENT|C:\\CIEL INGENIERIA\\Katalon\\Digiturno55\\Reports\\20230814_141235\\DIGITURNO\\BASICO\\61 Campos Adicionales Crear Actualizar Eliminar\\20230814_141337\\1692043126792.png]]

2023-08-14 14:58:47 - [TEST_STEP][PASSED] - delay(3): Delayed 3 second(s)

2023-08-14 14:58:50 - [MESSAGE][PASSED] - Delayed 3 second(s)

2023-08-14 14:58:50 - [MESSAGE][PASSED] - Call Test Case 'Test Cases/DIGITURNO/BASICO/59 Datos Complementarios' successfully

2023-08-14 14:58:50 - [TEST_STEP][PASSED] - click(findTestObject("DIGITURNO/CONFIGURACION/5Datos Complementarios/0Principal/img_campos adicionales")): Object: 'Object Repository/DIGITURNO/CONFIGURACION/5Datos Complementarios/0Principal/img_campos adicionales' is clicked on

2023-08-14 14:58:51 - [MESSAGE][PASSED] - Object: 'Object Repository/DIGITURNO/CONFIGURACION/5Datos Complementarios/0Principal/img_campos adicionales' is clicked on

2023-08-14 14:58:51 - [TEST_STEP][PASSED] - delay(3): Delayed 3 second(s)

2023-08-14 14:58:54 - [MESSAGE][PASSED] - Delayed 3 second(s)

2023-08-14 14:58:54 - [TEST_STEP][PASSED] - setText(findTestObject("DIGITURNO/CONFIGURACION/5Datos Complementarios/Campos Adicionales/Adicion de campos Adicionales/Edicion de campos/input_Nombre"), "Prueba"): Text 'Prueba' is set on object 'Object Repository/DIGITURNO/CONFIGURACION/5Datos Complementarios/Campos Adicionales/Adicion de campos Adicionales/Edicion de campos/input_Nombre'

2023-08-14 14:58:55 - [MESSAGE][PASSED] - Text 'Prueba' is set on object 'Object Repository/DIGITURNO/CONFIGURACION/5Datos Complementarios/Campos Adicionales/Adicion de campos Adicionales/Edicion de campos/input_Nombre'

2023-08-14 14:58:55 - [TEST_STEP][PASSED] - selectOptionByIndex(findTestObject("DIGITURNO/CONFIGURACION/5Datos Complementarios/Campos Adicionales/Adicion de campos Adicionales/Edicion de campos/select_TipoDato"), 3): All options with index in [3] are selected on object 'Object Repository/DIGITURNO/CONFIGURACION/5Datos Complementarios/Campos Adicionales/Adicion de campos Adicionales/Edicion de campos/select_TipoDato'

2023-08-14 14:58:56 - [MESSAGE][PASSED] - All options with index in [3] are selected on object 'Object Repository/DIGITURNO/CONFIGURACION/5Datos Complementarios/Campos Adicionales/Adicion de campos Adicionales/Edicion de campos/select_TipoDato'

2023-08-14 14:58:56 - [TEST_STEP][PASSED] - delay(3): Delayed 3 second(s)

2023-08-14 14:58:59 - [MESSAGE][PASSED] - Delayed 3 second(s)

2023-08-14 14:58:59 - [TEST_STEP][PASSED] - setText(findTestObject("DIGITURNO/CONFIGURACION/5Datos Complementarios/Campos Adicionales/Adicion de campos Adicionales/Edicion de campos/input_Valor por defecto"), "0"): Text '0' is set on object 'Object Repository/DIGITURNO/CONFIGURACION/5Datos Complementarios/Campos Adicionales/Adicion de campos Adicionales/Edicion de campos/input_Valor por defecto'

2023-08-14 14:59:00 - [MESSAGE][PASSED] - Text '0' is set on object 'Object Repository/DIGITURNO/CONFIGURACION/5Datos Complementarios/Campos Adicionales/Adicion de campos Adicionales/Edicion de campos/input_Valor por defecto'

2023-08-14 14:59:00 - [TEST_STEP][PASSED] - click(findTestObject("DIGITURNO/CONFIGURACION/5Datos Complementarios/Campos Adicionales/Adicion de campos Adicionales/Edicion de campos/img_Nuevo")): Object: 'Object Repository/DIGITURNO/CONFIGURACION/5Datos Complementarios/Campos Adicionales/Adicion de campos Adicionales/Edicion de campos/img_Nuevo' is clicked on

2023-08-14 14:59:00 - [MESSAGE][PASSED] - Object: 'Object Repository/DIGITURNO/CONFIGURACION/5Datos Complementarios/Campos Adicionales/Adicion de campos Adicionales/Edicion de campos/img_Nuevo' is clicked on

2023-08-14 14:59:00 - [TEST_STEP][PASSED] - delay(3): Delayed 3 second(s)

2023-08-14 14:59:03 - [MESSAGE][PASSED] - Delayed 3 second(s)

2023-08-14 14:59:03 - [TEST_STEP][PASSED] - takeFullPageScreenshot(): Taking screenshot successfully

2023-08-14 14:59:04 - [MESSAGE][INFO] - 0 hidden object(s)

2023-08-14 14:59:04 - [MESSAGE][PASSED] - Taking screenshot successfully
[[ATTACHMENT|C:\\CIEL INGENIERIA\\Katalon\\Digiturno55\\Reports\\20230814_141235\\DIGITURNO\\BASICO\\61 Campos Adicionales Crear Actualizar Eliminar\\20230814_141337\\1692043143667.png]]

2023-08-14 14:59:04 - [TEST_STEP][PASSED] - delay(3): Delayed 3 second(s)

2023-08-14 14:59:07 - [MESSAGE][PASSED] - Delayed 3 second(s)

2023-08-14 14:59:07 - [TEST_STEP][PASSED] - Start listener action : sampleAfterTestCase: null]]></system-out>
         <system-err><![CDATA[]]></system-err>
      </testcase>
      <testcase name="Test Cases/DIGITURNO/BASICO/61 Campos Adicionales Actualizar" time="46.569" classname="Test Cases/DIGITURNO/BASICO/61 Campos Adicionales Actualizar" status="PASSED">
         <system-out><![CDATA[2023-08-14 14:59:07 - [TEST_CASE][PASSED] - Test Cases/DIGITURNO/BASICO/61 Campos Adicionales Actualizar: Test Cases/DIGITURNO/BASICO/61 Campos Adicionales Actualizar

2023-08-14 14:59:07 - [TEST_STEP][PASSED] - callTestCase(findTestCase("DIGITURNO/BASICO/59 Datos Complementarios"), [:], STOP_ON_FAILURE): Call Test Case 'Test Cases/DIGITURNO/BASICO/59 Datos Complementarios' successfully

2023-08-14 14:59:07 - [TEST_CASE][PASSED] - Test Cases/DIGITURNO/BASICO/59 Datos Complementarios: Test Cases/DIGITURNO/BASICO/59 Datos Complementarios

2023-08-14 14:59:07 - [TEST_STEP][PASSED] - callTestCase(findTestCase("DIGITURNO/BASICO/3 Configuracion"), [:], STOP_ON_FAILURE): Call Test Case 'Test Cases/DIGITURNO/BASICO/3 Configuracion' successfully

2023-08-14 14:59:07 - [TEST_CASE][PASSED] - Test Cases/DIGITURNO/BASICO/3 Configuracion: Test Cases/DIGITURNO/BASICO/3 Configuracion

2023-08-14 14:59:07 - [TEST_STEP][PASSED] - callTestCase(findTestCase("0InicioSesion"), [:], STOP_ON_FAILURE): Call Test Case 'Test Cases/0InicioSesion' successfully

2023-08-14 14:59:07 - [TEST_CASE][PASSED] - Test Cases/0InicioSesion: Test Cases/0InicioSesion

2023-08-14 14:59:07 - [TEST_STEP][PASSED] - openBrowser(UrlDigiturno): Browser is opened with url: 'https://PCPruebas101.ciel.cielingenieria.com:8610'

2023-08-14 14:59:07 - [MESSAGE][WARNING] - A browser is already opened. Closing browser and opening a new one

2023-08-14 14:59:08 - [MESSAGE][INFO] - Starting 'Chrome' driver

2023-08-14 14:59:08 - [MESSAGE][INFO] - User set preference: ['args', '[--use-fake-ui-for-media-stream, --disable-notifications]']

2023-08-14 14:59:08 - [MESSAGE][INFO] - Action delay is set to 0 milliseconds

2023-08-14 14:59:10 - [MESSAGE][PASSED] - Browser is opened with url: 'https://PCPruebas101.ciel.cielingenieria.com:8610'

2023-08-14 14:59:10 - [TEST_STEP][PASSED] - maximizeWindow(): Current window maximized

2023-08-14 14:59:10 - [MESSAGE][PASSED] - Current window maximized

2023-08-14 14:59:10 - [TEST_STEP][PASSED] - delay(3): Delayed 3 second(s)

2023-08-14 14:59:13 - [MESSAGE][PASSED] - Delayed 3 second(s)

2023-08-14 14:59:13 - [TEST_STEP][PASSED] - setText(findTestObject("0Inicio Sesion/input_Usuario"), "Ciel"): Text 'Ciel' is set on object 'Object Repository/0Inicio Sesion/input_Usuario'

2023-08-14 14:59:14 - [MESSAGE][PASSED] - Text 'Ciel' is set on object 'Object Repository/0Inicio Sesion/input_Usuario'

2023-08-14 14:59:14 - [TEST_STEP][PASSED] - setText(findTestObject("0Inicio Sesion/input_Clave"), "digiturno"): Text 'digiturno' is set on object 'Object Repository/0Inicio Sesion/input_Clave'

2023-08-14 14:59:14 - [MESSAGE][PASSED] - Text 'digiturno' is set on object 'Object Repository/0Inicio Sesion/input_Clave'

2023-08-14 14:59:14 - [TEST_STEP][PASSED] - click(findTestObject("0Inicio Sesion/btn_IniciarSesion")): Object: 'Object Repository/0Inicio Sesion/btn_IniciarSesion' is clicked on

2023-08-14 14:59:15 - [MESSAGE][PASSED] - Object: 'Object Repository/0Inicio Sesion/btn_IniciarSesion' is clicked on

2023-08-14 14:59:15 - [TEST_STEP][PASSED] - delay(3): Delayed 3 second(s)

2023-08-14 14:59:18 - [MESSAGE][PASSED] - Delayed 3 second(s)

2023-08-14 14:59:18 - [MESSAGE][PASSED] - Call Test Case 'Test Cases/0InicioSesion' successfully

2023-08-14 14:59:18 - [TEST_STEP][PASSED] - click(findTestObject("DIGITURNO/1Principal/img_Configuracion(1)")): Object: 'Object Repository/DIGITURNO/1Principal/img_Configuracion(1)' is clicked on

2023-08-14 14:59:18 - [MESSAGE][PASSED] - Object: 'Object Repository/DIGITURNO/1Principal/img_Configuracion(1)' is clicked on

2023-08-14 14:59:18 - [TEST_STEP][PASSED] - delay(3): Delayed 3 second(s)

2023-08-14 14:59:21 - [MESSAGE][PASSED] - Delayed 3 second(s)

2023-08-14 14:59:21 - [TEST_STEP][PASSED] - takeFullPageScreenshot(): Taking screenshot successfully

2023-08-14 14:59:22 - [MESSAGE][INFO] - 0 hidden object(s)

2023-08-14 14:59:22 - [MESSAGE][PASSED] - Taking screenshot successfully
[[ATTACHMENT|C:\\CIEL INGENIERIA\\Katalon\\Digiturno55\\Reports\\20230814_141235\\DIGITURNO\\BASICO\\61 Campos Adicionales Crear Actualizar Eliminar\\20230814_141337\\1692043161823.png]]

2023-08-14 14:59:22 - [TEST_STEP][PASSED] - delay(3): Delayed 3 second(s)

2023-08-14 14:59:25 - [MESSAGE][PASSED] - Delayed 3 second(s)

2023-08-14 14:59:25 - [MESSAGE][PASSED] - Call Test Case 'Test Cases/DIGITURNO/BASICO/3 Configuracion' successfully

2023-08-14 14:59:25 - [TEST_STEP][PASSED] - click(findTestObject("DIGITURNO/CONFIGURACION/0Principal/img_5Datos complementarios")): Object: 'Object Repository/DIGITURNO/CONFIGURACION/0Principal/img_5Datos complementarios' is clicked on

2023-08-14 14:59:25 - [MESSAGE][PASSED] - Object: 'Object Repository/DIGITURNO/CONFIGURACION/0Principal/img_5Datos complementarios' is clicked on

2023-08-14 14:59:25 - [TEST_STEP][PASSED] - delay(3): Delayed 3 second(s)

2023-08-14 14:59:28 - [MESSAGE][PASSED] - Delayed 3 second(s)

2023-08-14 14:59:28 - [TEST_STEP][PASSED] - takeFullPageScreenshot(): Taking screenshot successfully

2023-08-14 14:59:29 - [MESSAGE][INFO] - 0 hidden object(s)

2023-08-14 14:59:29 - [MESSAGE][PASSED] - Taking screenshot successfully
[[ATTACHMENT|C:\\CIEL INGENIERIA\\Katalon\\Digiturno55\\Reports\\20230814_141235\\DIGITURNO\\BASICO\\61 Campos Adicionales Crear Actualizar Eliminar\\20230814_141337\\1692043168921.png]]

2023-08-14 14:59:29 - [TEST_STEP][PASSED] - delay(3): Delayed 3 second(s)

2023-08-14 14:59:32 - [MESSAGE][PASSED] - Delayed 3 second(s)

2023-08-14 14:59:32 - [MESSAGE][PASSED] - Call Test Case 'Test Cases/DIGITURNO/BASICO/59 Datos Complementarios' successfully

2023-08-14 14:59:32 - [TEST_STEP][PASSED] - click(findTestObject("DIGITURNO/CONFIGURACION/5Datos Complementarios/0Principal/img_campos adicionales")): Object: 'Object Repository/DIGITURNO/CONFIGURACION/5Datos Complementarios/0Principal/img_campos adicionales' is clicked on

2023-08-14 14:59:33 - [MESSAGE][PASSED] - Object: 'Object Repository/DIGITURNO/CONFIGURACION/5Datos Complementarios/0Principal/img_campos adicionales' is clicked on

2023-08-14 14:59:33 - [TEST_STEP][PASSED] - delay(3): Delayed 3 second(s)

2023-08-14 14:59:36 - [MESSAGE][PASSED] - Delayed 3 second(s)

2023-08-14 14:59:36 - [TEST_STEP][PASSED] - setText(findTestObject("DIGITURNO/CONFIGURACION/5Datos Complementarios/Campos Adicionales/Adicion de campos Adicionales/Edicion de campos/0 Lista de campos/input_TextoABuscar"), "Prueba"): Text 'Prueba' is set on object 'Object Repository/DIGITURNO/CONFIGURACION/5Datos Complementarios/Campos Adicionales/Adicion de campos Adicionales/Edicion de campos/0 Lista de campos/input_TextoABuscar'

2023-08-14 14:59:36 - [MESSAGE][PASSED] - Text 'Prueba' is set on object 'Object Repository/DIGITURNO/CONFIGURACION/5Datos Complementarios/Campos Adicionales/Adicion de campos Adicionales/Edicion de campos/0 Lista de campos/input_TextoABuscar'

2023-08-14 14:59:36 - [TEST_STEP][PASSED] - delay(3): Delayed 3 second(s)

2023-08-14 14:59:39 - [MESSAGE][PASSED] - Delayed 3 second(s)

2023-08-14 14:59:39 - [TEST_STEP][PASSED] - click(findTestObject("DIGITURNO/CONFIGURACION/5Datos Complementarios/Campos Adicionales/Adicion de campos Adicionales/Edicion de campos/0 Lista de campos/td_1 Seleccion")): Object: 'Object Repository/DIGITURNO/CONFIGURACION/5Datos Complementarios/Campos Adicionales/Adicion de campos Adicionales/Edicion de campos/0 Lista de campos/td_1 Seleccion' is clicked on

2023-08-14 14:59:40 - [MESSAGE][PASSED] - Object: 'Object Repository/DIGITURNO/CONFIGURACION/5Datos Complementarios/Campos Adicionales/Adicion de campos Adicionales/Edicion de campos/0 Lista de campos/td_1 Seleccion' is clicked on

2023-08-14 14:59:40 - [TEST_STEP][PASSED] - delay(3): Delayed 3 second(s)

2023-08-14 14:59:43 - [MESSAGE][PASSED] - Delayed 3 second(s)

2023-08-14 14:59:43 - [TEST_STEP][PASSED] - selectOptionByIndex(findTestObject("DIGITURNO/CONFIGURACION/5Datos Complementarios/Campos Adicionales/Adicion de campos Adicionales/Edicion de campos/select_TipoDato"), 4): All options with index in [4] are selected on object 'Object Repository/DIGITURNO/CONFIGURACION/5Datos Complementarios/Campos Adicionales/Adicion de campos Adicionales/Edicion de campos/select_TipoDato'

2023-08-14 14:59:44 - [MESSAGE][PASSED] - All options with index in [4] are selected on object 'Object Repository/DIGITURNO/CONFIGURACION/5Datos Complementarios/Campos Adicionales/Adicion de campos Adicionales/Edicion de campos/select_TipoDato'

2023-08-14 14:59:44 - [TEST_STEP][PASSED] - delay(2): Delayed 2 second(s)

2023-08-14 14:59:46 - [MESSAGE][PASSED] - Delayed 2 second(s)

2023-08-14 14:59:46 - [TEST_STEP][PASSED] - click(findTestObject("DIGITURNO/CONFIGURACION/5Datos Complementarios/Campos Adicionales/Adicion de campos Adicionales/Edicion de campos/img_Actualizar")): Object: 'Object Repository/DIGITURNO/CONFIGURACION/5Datos Complementarios/Campos Adicionales/Adicion de campos Adicionales/Edicion de campos/img_Actualizar' is clicked on

2023-08-14 14:59:47 - [MESSAGE][PASSED] - Object: 'Object Repository/DIGITURNO/CONFIGURACION/5Datos Complementarios/Campos Adicionales/Adicion de campos Adicionales/Edicion de campos/img_Actualizar' is clicked on

2023-08-14 14:59:47 - [TEST_STEP][PASSED] - delay(3): Delayed 3 second(s)

2023-08-14 14:59:50 - [MESSAGE][PASSED] - Delayed 3 second(s)

2023-08-14 14:59:50 - [TEST_STEP][PASSED] - takeFullPageScreenshot(): Taking screenshot successfully

2023-08-14 14:59:50 - [MESSAGE][INFO] - 0 hidden object(s)

2023-08-14 14:59:50 - [MESSAGE][PASSED] - Taking screenshot successfully
[[ATTACHMENT|C:\\CIEL INGENIERIA\\Katalon\\Digiturno55\\Reports\\20230814_141235\\DIGITURNO\\BASICO\\61 Campos Adicionales Crear Actualizar Eliminar\\20230814_141337\\1692043190169.png]]

2023-08-14 14:59:50 - [TEST_STEP][PASSED] - delay(3): Delayed 3 second(s)

2023-08-14 14:59:53 - [MESSAGE][PASSED] - Delayed 3 second(s)

2023-08-14 14:59:53 - [TEST_STEP][PASSED] - Start listener action : sampleAfterTestCase: null]]></system-out>
         <system-err><![CDATA[]]></system-err>
      </testcase>
      <testcase name="Test Cases/DIGITURNO/BASICO/61 Campos Adicionales Eliminar" time="43.707" classname="Test Cases/DIGITURNO/BASICO/61 Campos Adicionales Eliminar" status="PASSED">
         <system-out><![CDATA[2023-08-14 14:59:53 - [TEST_CASE][PASSED] - Test Cases/DIGITURNO/BASICO/61 Campos Adicionales Eliminar: Test Cases/DIGITURNO/BASICO/61 Campos Adicionales Eliminar

2023-08-14 14:59:54 - [TEST_STEP][PASSED] - callTestCase(findTestCase("DIGITURNO/BASICO/59 Datos Complementarios"), [:], STOP_ON_FAILURE): Call Test Case 'Test Cases/DIGITURNO/BASICO/59 Datos Complementarios' successfully

2023-08-14 14:59:54 - [TEST_CASE][PASSED] - Test Cases/DIGITURNO/BASICO/59 Datos Complementarios: Test Cases/DIGITURNO/BASICO/59 Datos Complementarios

2023-08-14 14:59:54 - [TEST_STEP][PASSED] - callTestCase(findTestCase("DIGITURNO/BASICO/3 Configuracion"), [:], STOP_ON_FAILURE): Call Test Case 'Test Cases/DIGITURNO/BASICO/3 Configuracion' successfully

2023-08-14 14:59:54 - [TEST_CASE][PASSED] - Test Cases/DIGITURNO/BASICO/3 Configuracion: Test Cases/DIGITURNO/BASICO/3 Configuracion

2023-08-14 14:59:54 - [TEST_STEP][PASSED] - callTestCase(findTestCase("0InicioSesion"), [:], STOP_ON_FAILURE): Call Test Case 'Test Cases/0InicioSesion' successfully

2023-08-14 14:59:54 - [TEST_CASE][PASSED] - Test Cases/0InicioSesion: Test Cases/0InicioSesion

2023-08-14 14:59:54 - [TEST_STEP][PASSED] - openBrowser(UrlDigiturno): Browser is opened with url: 'https://PCPruebas101.ciel.cielingenieria.com:8610'

2023-08-14 14:59:54 - [MESSAGE][WARNING] - A browser is already opened. Closing browser and opening a new one

2023-08-14 14:59:55 - [MESSAGE][INFO] - Starting 'Chrome' driver

2023-08-14 14:59:55 - [MESSAGE][INFO] - User set preference: ['args', '[--use-fake-ui-for-media-stream, --disable-notifications]']

2023-08-14 14:59:55 - [MESSAGE][INFO] - Action delay is set to 0 milliseconds

2023-08-14 14:59:56 - [MESSAGE][PASSED] - Browser is opened with url: 'https://PCPruebas101.ciel.cielingenieria.com:8610'

2023-08-14 14:59:56 - [TEST_STEP][PASSED] - maximizeWindow(): Current window maximized

2023-08-14 14:59:56 - [MESSAGE][PASSED] - Current window maximized

2023-08-14 14:59:56 - [TEST_STEP][PASSED] - delay(3): Delayed 3 second(s)

2023-08-14 14:59:59 - [MESSAGE][PASSED] - Delayed 3 second(s)

2023-08-14 14:59:59 - [TEST_STEP][PASSED] - setText(findTestObject("0Inicio Sesion/input_Usuario"), "Ciel"): Text 'Ciel' is set on object 'Object Repository/0Inicio Sesion/input_Usuario'

2023-08-14 15:00:00 - [MESSAGE][PASSED] - Text 'Ciel' is set on object 'Object Repository/0Inicio Sesion/input_Usuario'

2023-08-14 15:00:00 - [TEST_STEP][PASSED] - setText(findTestObject("0Inicio Sesion/input_Clave"), "digiturno"): Text 'digiturno' is set on object 'Object Repository/0Inicio Sesion/input_Clave'

2023-08-14 15:00:01 - [MESSAGE][PASSED] - Text 'digiturno' is set on object 'Object Repository/0Inicio Sesion/input_Clave'

2023-08-14 15:00:01 - [TEST_STEP][PASSED] - click(findTestObject("0Inicio Sesion/btn_IniciarSesion")): Object: 'Object Repository/0Inicio Sesion/btn_IniciarSesion' is clicked on

2023-08-14 15:00:01 - [MESSAGE][PASSED] - Object: 'Object Repository/0Inicio Sesion/btn_IniciarSesion' is clicked on

2023-08-14 15:00:01 - [TEST_STEP][PASSED] - delay(3): Delayed 3 second(s)

2023-08-14 15:00:04 - [MESSAGE][PASSED] - Delayed 3 second(s)

2023-08-14 15:00:04 - [MESSAGE][PASSED] - Call Test Case 'Test Cases/0InicioSesion' successfully

2023-08-14 15:00:04 - [TEST_STEP][PASSED] - click(findTestObject("DIGITURNO/1Principal/img_Configuracion(1)")): Object: 'Object Repository/DIGITURNO/1Principal/img_Configuracion(1)' is clicked on

2023-08-14 15:00:05 - [MESSAGE][PASSED] - Object: 'Object Repository/DIGITURNO/1Principal/img_Configuracion(1)' is clicked on

2023-08-14 15:00:05 - [TEST_STEP][PASSED] - delay(3): Delayed 3 second(s)

2023-08-14 15:00:08 - [MESSAGE][PASSED] - Delayed 3 second(s)

2023-08-14 15:00:08 - [TEST_STEP][PASSED] - takeFullPageScreenshot(): Taking screenshot successfully

2023-08-14 15:00:08 - [MESSAGE][INFO] - 0 hidden object(s)

2023-08-14 15:00:08 - [MESSAGE][PASSED] - Taking screenshot successfully
[[ATTACHMENT|C:\\CIEL INGENIERIA\\Katalon\\Digiturno55\\Reports\\20230814_141235\\DIGITURNO\\BASICO\\61 Campos Adicionales Crear Actualizar Eliminar\\20230814_141337\\1692043208489.png]]

2023-08-14 15:00:08 - [TEST_STEP][PASSED] - delay(3): Delayed 3 second(s)

2023-08-14 15:00:12 - [MESSAGE][PASSED] - Delayed 3 second(s)

2023-08-14 15:00:12 - [MESSAGE][PASSED] - Call Test Case 'Test Cases/DIGITURNO/BASICO/3 Configuracion' successfully

2023-08-14 15:00:12 - [TEST_STEP][PASSED] - click(findTestObject("DIGITURNO/CONFIGURACION/0Principal/img_5Datos complementarios")): Object: 'Object Repository/DIGITURNO/CONFIGURACION/0Principal/img_5Datos complementarios' is clicked on

2023-08-14 15:00:12 - [MESSAGE][PASSED] - Object: 'Object Repository/DIGITURNO/CONFIGURACION/0Principal/img_5Datos complementarios' is clicked on

2023-08-14 15:00:12 - [TEST_STEP][PASSED] - delay(3): Delayed 3 second(s)

2023-08-14 15:00:15 - [MESSAGE][PASSED] - Delayed 3 second(s)

2023-08-14 15:00:15 - [TEST_STEP][PASSED] - takeFullPageScreenshot(): Taking screenshot successfully

2023-08-14 15:00:16 - [MESSAGE][INFO] - 0 hidden object(s)

2023-08-14 15:00:16 - [MESSAGE][PASSED] - Taking screenshot successfully
[[ATTACHMENT|C:\\CIEL INGENIERIA\\Katalon\\Digiturno55\\Reports\\20230814_141235\\DIGITURNO\\BASICO\\61 Campos Adicionales Crear Actualizar Eliminar\\20230814_141337\\1692043215641.png]]

2023-08-14 15:00:16 - [TEST_STEP][PASSED] - delay(3): Delayed 3 second(s)

2023-08-14 15:00:19 - [MESSAGE][PASSED] - Delayed 3 second(s)

2023-08-14 15:00:19 - [MESSAGE][PASSED] - Call Test Case 'Test Cases/DIGITURNO/BASICO/59 Datos Complementarios' successfully

2023-08-14 15:00:19 - [TEST_STEP][PASSED] - click(findTestObject("DIGITURNO/CONFIGURACION/5Datos Complementarios/0Principal/img_campos adicionales")): Object: 'Object Repository/DIGITURNO/CONFIGURACION/5Datos Complementarios/0Principal/img_campos adicionales' is clicked on

2023-08-14 15:00:19 - [MESSAGE][PASSED] - Object: 'Object Repository/DIGITURNO/CONFIGURACION/5Datos Complementarios/0Principal/img_campos adicionales' is clicked on

2023-08-14 15:00:19 - [TEST_STEP][PASSED] - delay(3): Delayed 3 second(s)

2023-08-14 15:00:22 - [MESSAGE][PASSED] - Delayed 3 second(s)

2023-08-14 15:00:22 - [TEST_STEP][PASSED] - setText(findTestObject("DIGITURNO/CONFIGURACION/5Datos Complementarios/Campos Adicionales/Adicion de campos Adicionales/Edicion de campos/0 Lista de campos/input_TextoABuscar"), "Prueba"): Text 'Prueba' is set on object 'Object Repository/DIGITURNO/CONFIGURACION/5Datos Complementarios/Campos Adicionales/Adicion de campos Adicionales/Edicion de campos/0 Lista de campos/input_TextoABuscar'

2023-08-14 15:00:23 - [MESSAGE][PASSED] - Text 'Prueba' is set on object 'Object Repository/DIGITURNO/CONFIGURACION/5Datos Complementarios/Campos Adicionales/Adicion de campos Adicionales/Edicion de campos/0 Lista de campos/input_TextoABuscar'

2023-08-14 15:00:23 - [TEST_STEP][PASSED] - delay(3): Delayed 3 second(s)

2023-08-14 15:00:26 - [MESSAGE][PASSED] - Delayed 3 second(s)

2023-08-14 15:00:26 - [TEST_STEP][PASSED] - click(findTestObject("DIGITURNO/CONFIGURACION/5Datos Complementarios/Campos Adicionales/Adicion de campos Adicionales/Edicion de campos/0 Lista de campos/td_1 Seleccion")): Object: 'Object Repository/DIGITURNO/CONFIGURACION/5Datos Complementarios/Campos Adicionales/Adicion de campos Adicionales/Edicion de campos/0 Lista de campos/td_1 Seleccion' is clicked on

2023-08-14 15:00:27 - [MESSAGE][PASSED] - Object: 'Object Repository/DIGITURNO/CONFIGURACION/5Datos Complementarios/Campos Adicionales/Adicion de campos Adicionales/Edicion de campos/0 Lista de campos/td_1 Seleccion' is clicked on

2023-08-14 15:00:27 - [TEST_STEP][PASSED] - delay(3): Delayed 3 second(s)

2023-08-14 15:00:30 - [MESSAGE][PASSED] - Delayed 3 second(s)

2023-08-14 15:00:30 - [TEST_STEP][PASSED] - click(findTestObject("DIGITURNO/CONFIGURACION/5Datos Complementarios/Campos Adicionales/Adicion de campos Adicionales/Edicion de campos/img_Eliminar")): Object: 'Object Repository/DIGITURNO/CONFIGURACION/5Datos Complementarios/Campos Adicionales/Adicion de campos Adicionales/Edicion de campos/img_Eliminar' is clicked on

2023-08-14 15:00:30 - [MESSAGE][PASSED] - Object: 'Object Repository/DIGITURNO/CONFIGURACION/5Datos Complementarios/Campos Adicionales/Adicion de campos Adicionales/Edicion de campos/img_Eliminar' is clicked on

2023-08-14 15:00:30 - [TEST_STEP][PASSED] - click(findTestObject("DIGITURNO/CONFIGURACION/5Datos Complementarios/Campos Adicionales/Adicion de campos Adicionales/Edicion de campos/img_Eliminar")): Object: 'Object Repository/DIGITURNO/CONFIGURACION/5Datos Complementarios/Campos Adicionales/Adicion de campos Adicionales/Edicion de campos/img_Eliminar' is clicked on

2023-08-14 15:00:30 - [MESSAGE][PASSED] - Object: 'Object Repository/DIGITURNO/CONFIGURACION/5Datos Complementarios/Campos Adicionales/Adicion de campos Adicionales/Edicion de campos/img_Eliminar' is clicked on

2023-08-14 15:00:30 - [TEST_STEP][PASSED] - acceptAlert(): Alert accepted

2023-08-14 15:00:30 - [MESSAGE][PASSED] - Alert accepted

2023-08-14 15:00:30 - [TEST_STEP][PASSED] - delay(3): Delayed 3 second(s)

2023-08-14 15:00:33 - [MESSAGE][PASSED] - Delayed 3 second(s)

2023-08-14 15:00:33 - [TEST_STEP][PASSED] - takeFullPageScreenshot(): Taking screenshot successfully

2023-08-14 15:00:34 - [MESSAGE][INFO] - 0 hidden object(s)

2023-08-14 15:00:34 - [MESSAGE][PASSED] - Taking screenshot successfully
[[ATTACHMENT|C:\\CIEL INGENIERIA\\Katalon\\Digiturno55\\Reports\\20230814_141235\\DIGITURNO\\BASICO\\61 Campos Adicionales Crear Actualizar Eliminar\\20230814_141337\\1692043233893.png]]

2023-08-14 15:00:34 - [TEST_STEP][PASSED] - delay(3): Delayed 3 second(s)

2023-08-14 15:00:37 - [MESSAGE][PASSED] - Delayed 3 second(s)

2023-08-14 15:00:37 - [TEST_STEP][PASSED] - Start listener action : sampleAfterTestCase: null]]></system-out>
         <system-err><![CDATA[]]></system-err>
      </testcase>
      <system-out><![CDATA[2023-08-14 14:58:23 - [TEST_SUITE][PASSED] - 61 Campos Adicionales Crear Actualizar Eliminar: Test Cases/DIGITURNO/BASICO/61 Campos Adicionales Eliminar]]></system-out>
      <system-err><![CDATA[]]></system-err>
   </testsuite>
</testsuites>
