<?xml version="1.0" encoding="UTF-8"?>
<testsuites name="5.5 Crear Terminales WorkFlow" time="131.698" tests="1" failures="0" errors="0">
   <testsuite name="5.5 Crear Terminales WorkFlow" tests="1" failures="0" errors="0" time="131.698" skipped="0" timestamp="2024-03-11 10:59:41" hostname="jdavila - PCPruebas101.ciel.cielingenieria.com" id="Test Suites/WIZARD/3Infraestructura/5Terminales/5.5 Crear Terminales WorkFlow">
      <properties>
         <property name="deviceName" value=""/>
         <property name="devicePlatform" value=""/>
         <property name="logFolder" value="C:\\CIEL INGENIERIA\\Katalon\\Digiturno55\\Reports\\20240311_101053\\WIZARD\\3Infraestructura\\5Terminales\\5.5 Crear Terminales WorkFlow\\20240311_101202"/>
         <property name="logFiles" value="C:\\CIEL INGENIERIA\\Katalon\\Digiturno55\\Reports\\20240311_101053\\WIZARD\\3Infraestructura\\5Terminales\\5.5 Crear Terminales WorkFlow\\20240311_101202\\execution0.log"/>
         <property name="attachments" value=""/>
         <property name="hostName" value="jdavila - PCPruebas101.ciel.cielingenieria.com"/>
         <property name="os" value="Windows 10 64bit"/>
         <property name="katalonVersion" value="8.6.8.208"/>
         <property name="browser" value="Chrome 122.0.0.0"/>
         <property name="hostAddress" value="192.168.91.14"/>
         <property name="sessionId" value="5a4f9a78b02f9e844af4889459df9f9f"/>
         <property name="seleniumVersion" value="3.141.59"/>
         <property name="proxyInformation" value="ProxyInformation { proxyOption=NO_PROXY, proxyServerType=HTTP, username=, password=********, proxyServerAddress=, proxyServerPort=0, executionList=&quot;&quot;, isApplyToDesiredCapabilities=true }"/>
         <property name="platform" value="Windows 10"/>
      </properties>
      <testcase name="Test Cases/WIZARD/3Infraestructura/5Terminales/5.5 Crear Terminales WorkFlow" time="131.456" classname="Test Cases/WIZARD/3Infraestructura/5Terminales/5.5 Crear Terminales WorkFlow" status="PASSED">
         <system-out><![CDATA[2024-03-11 10:59:41 - [TEST_CASE][PASSED] - Test Cases/WIZARD/3Infraestructura/5Terminales/5.5 Crear Terminales WorkFlow: Test Cases/WIZARD/3Infraestructura/5Terminales/5.5 Crear Terminales WorkFlow

2024-03-11 10:59:42 - [TEST_STEP][PASSED] - callTestCase(findTestCase("0InicioSesion"), [:], STOP_ON_FAILURE): Call Test Case 'Test Cases/0InicioSesion' successfully

2024-03-11 10:59:42 - [TEST_CASE][PASSED] - Test Cases/0InicioSesion: Test Cases/0InicioSesion

2024-03-11 10:59:42 - [TEST_STEP][PASSED] - openBrowser(UrlDigiturno): Browser is opened with url: 'https://PCPruebas101.ciel.cielingenieria.com:8910'

2024-03-11 10:59:43 - [MESSAGE][INFO] - Starting 'Chrome' driver

2024-03-11 10:59:43 - [MESSAGE][INFO] - User set preference: ['args', '[--use-fake-ui-for-media-stream, --disable-notifications]']

2024-03-11 10:59:43 - [MESSAGE][INFO] - Action delay is set to 0 milliseconds

2024-03-11 10:59:45 - [MESSAGE][PASSED] - Browser is opened with url: 'https://PCPruebas101.ciel.cielingenieria.com:8910'

2024-03-11 10:59:45 - [TEST_STEP][PASSED] - maximizeWindow(): Current window maximized

2024-03-11 10:59:46 - [MESSAGE][PASSED] - Current window maximized

2024-03-11 10:59:46 - [TEST_STEP][PASSED] - delay(3): Delayed 3 second(s)

2024-03-11 10:59:49 - [MESSAGE][PASSED] - Delayed 3 second(s)

2024-03-11 10:59:49 - [TEST_STEP][PASSED] - setText(findTestObject("0Inicio Sesion/input_Usuario"), "Ciel"): Text 'Ciel' is set on object 'Object Repository/0Inicio Sesion/input_Usuario'

2024-03-11 10:59:49 - [MESSAGE][PASSED] - Text 'Ciel' is set on object 'Object Repository/0Inicio Sesion/input_Usuario'

2024-03-11 10:59:49 - [TEST_STEP][PASSED] - setText(findTestObject("0Inicio Sesion/input_Clave"), "digiturno"): Text 'digiturno' is set on object 'Object Repository/0Inicio Sesion/input_Clave'

2024-03-11 10:59:50 - [MESSAGE][PASSED] - Text 'digiturno' is set on object 'Object Repository/0Inicio Sesion/input_Clave'

2024-03-11 10:59:50 - [TEST_STEP][PASSED] - click(findTestObject("0Inicio Sesion/btn_IniciarSesion")): Object: 'Object Repository/0Inicio Sesion/btn_IniciarSesion' is clicked on

2024-03-11 10:59:51 - [MESSAGE][PASSED] - Object: 'Object Repository/0Inicio Sesion/btn_IniciarSesion' is clicked on

2024-03-11 10:59:51 - [TEST_STEP][PASSED] - delay(3): Delayed 3 second(s)

2024-03-11 10:59:54 - [MESSAGE][PASSED] - Delayed 3 second(s)

2024-03-11 10:59:54 - [MESSAGE][PASSED] - Call Test Case 'Test Cases/0InicioSesion' successfully

2024-03-11 10:59:54 - [TEST_STEP][PASSED] - click(findTestObject("WIZARD/0Principal/img_InfraestructuraMAX")): Object: 'Object Repository/WIZARD/0Principal/img_InfraestructuraMAX' is clicked on

2024-03-11 10:59:54 - [MESSAGE][PASSED] - Object: 'Object Repository/WIZARD/0Principal/img_InfraestructuraMAX' is clicked on

2024-03-11 10:59:54 - [TEST_STEP][PASSED] - delay(3): Delayed 3 second(s)

2024-03-11 10:59:57 - [MESSAGE][PASSED] - Delayed 3 second(s)

2024-03-11 10:59:57 - [TEST_STEP][PASSED] - click(findTestObject("WIZARD/3Infraestructura/0Menu/span_Terminales")): Object: 'Object Repository/WIZARD/3Infraestructura/0Menu/span_Terminales' is clicked on

2024-03-11 10:59:58 - [MESSAGE][PASSED] - Object: 'Object Repository/WIZARD/3Infraestructura/0Menu/span_Terminales' is clicked on

2024-03-11 10:59:58 - [TEST_STEP][PASSED] - delay(3): Delayed 3 second(s)

2024-03-11 11:00:01 - [MESSAGE][PASSED] - Delayed 3 second(s)

2024-03-11 11:00:01 - [TEST_STEP][PASSED] - click(findTestObject("WIZARD/3Infraestructura/5Terminales/0OficinasModal/td_7WorkFlow - Oficina WorkFlow")): Object: 'Object Repository/WIZARD/3Infraestructura/5Terminales/0OficinasModal/td_7WorkFlow - Oficina WorkFlow' is clicked on

2024-03-11 11:00:01 - [MESSAGE][PASSED] - Object: 'Object Repository/WIZARD/3Infraestructura/5Terminales/0OficinasModal/td_7WorkFlow - Oficina WorkFlow' is clicked on

2024-03-11 11:00:01 - [TEST_STEP][PASSED] - delay(3): Delayed 3 second(s)

2024-03-11 11:00:04 - [MESSAGE][PASSED] - Delayed 3 second(s)

2024-03-11 11:00:04 - [TEST_STEP][PASSED] - click(findTestObject("WIZARD/3Infraestructura/5Terminales/Edicion/btn_SeleccionarGrupo")): Object: 'Object Repository/WIZARD/3Infraestructura/5Terminales/Edicion/btn_SeleccionarGrupo' is clicked on

2024-03-11 11:00:05 - [MESSAGE][PASSED] - Object: 'Object Repository/WIZARD/3Infraestructura/5Terminales/Edicion/btn_SeleccionarGrupo' is clicked on

2024-03-11 11:00:05 - [TEST_STEP][PASSED] - delay(3): Delayed 3 second(s)

2024-03-11 11:00:08 - [MESSAGE][PASSED] - Delayed 3 second(s)

2024-03-11 11:00:08 - [TEST_STEP][PASSED] - click(findTestObject("WIZARD/3Infraestructura/5Terminales/Edicion/btn_Seleccionar Grupo(WorkFlow)/a_Grupo General")): Object: 'Object Repository/WIZARD/3Infraestructura/5Terminales/Edicion/btn_Seleccionar Grupo(WorkFlow)/a_Grupo General' is clicked on

2024-03-11 11:00:08 - [MESSAGE][PASSED] - Object: 'Object Repository/WIZARD/3Infraestructura/5Terminales/Edicion/btn_Seleccionar Grupo(WorkFlow)/a_Grupo General' is clicked on

2024-03-11 11:00:08 - [TEST_STEP][PASSED] - delay(3): Delayed 3 second(s)

2024-03-11 11:00:11 - [MESSAGE][PASSED] - Delayed 3 second(s)

2024-03-11 11:00:11 - [TEST_STEP][PASSED] - setText(findTestObject("WIZARD/3Infraestructura/5Terminales/Edicion/input_Nombre"), "A01"): Text 'A01' is set on object 'Object Repository/WIZARD/3Infraestructura/5Terminales/Edicion/input_Nombre'

2024-03-11 11:00:12 - [MESSAGE][PASSED] - Text 'A01' is set on object 'Object Repository/WIZARD/3Infraestructura/5Terminales/Edicion/input_Nombre'

2024-03-11 11:00:12 - [TEST_STEP][PASSED] - setText(findTestObject("WIZARD/3Infraestructura/5Terminales/Edicion/textarea_Descripcion"), "WorkFlow - Terminal - General"): Text 'WorkFlow - Terminal - General' is set on object 'Object Repository/WIZARD/3Infraestructura/5Terminales/Edicion/textarea_Descripcion'

2024-03-11 11:00:13 - [MESSAGE][PASSED] - Text 'WorkFlow - Terminal - General' is set on object 'Object Repository/WIZARD/3Infraestructura/5Terminales/Edicion/textarea_Descripcion'

2024-03-11 11:00:13 - [TEST_STEP][PASSED] - scrollToElement(findTestObject("WIZARD/3Infraestructura/5Terminales/Edicion/Label/label_Mostrar ventana emergente"), 2): Scroll to object 'Object Repository/WIZARD/3Infraestructura/5Terminales/Edicion/Label/label_Mostrar ventana emergente' successfully

2024-03-11 11:00:13 - [MESSAGE][PASSED] - Scroll to object 'Object Repository/WIZARD/3Infraestructura/5Terminales/Edicion/Label/label_Mostrar ventana emergente' successfully

2024-03-11 11:00:13 - [TEST_STEP][PASSED] - check(findTestObject("WIZARD/3Infraestructura/5Terminales/Edicion/Label/label_Mostrar ventana emergente")): Object 'Object Repository/WIZARD/3Infraestructura/5Terminales/Edicion/Label/label_Mostrar ventana emergente' is checked

2024-03-11 11:00:14 - [MESSAGE][PASSED] - Object 'Object Repository/WIZARD/3Infraestructura/5Terminales/Edicion/Label/label_Mostrar ventana emergente' is checked

2024-03-11 11:00:14 - [TEST_STEP][PASSED] - scrollToPosition(0, 0): Browser is scrolled to position x = 0, y = 0

2024-03-11 11:00:14 - [MESSAGE][PASSED] - Browser is scrolled to position x = 0, y = 0

2024-03-11 11:00:14 - [TEST_STEP][PASSED] - delay(2): Delayed 2 second(s)

2024-03-11 11:00:16 - [MESSAGE][PASSED] - Delayed 2 second(s)

2024-03-11 11:00:16 - [TEST_STEP][PASSED] - click(findTestObject("WIZARD/3Infraestructura/5Terminales/Edicion/img_Nuevo")): Object: 'Object Repository/WIZARD/3Infraestructura/5Terminales/Edicion/img_Nuevo' is clicked on

2024-03-11 11:00:16 - [MESSAGE][PASSED] - Object: 'Object Repository/WIZARD/3Infraestructura/5Terminales/Edicion/img_Nuevo' is clicked on

2024-03-11 11:00:16 - [TEST_STEP][PASSED] - delay(3): Delayed 3 second(s)

2024-03-11 11:00:19 - [MESSAGE][PASSED] - Delayed 3 second(s)

2024-03-11 11:00:19 - [TEST_STEP][PASSED] - click(findTestObject("WIZARD/3Infraestructura/0Menu/span_Terminales")): Object: 'Object Repository/WIZARD/3Infraestructura/0Menu/span_Terminales' is clicked on

2024-03-11 11:00:20 - [MESSAGE][PASSED] - Object: 'Object Repository/WIZARD/3Infraestructura/0Menu/span_Terminales' is clicked on

2024-03-11 11:00:20 - [TEST_STEP][PASSED] - delay(3): Delayed 3 second(s)

2024-03-11 11:00:23 - [MESSAGE][PASSED] - Delayed 3 second(s)

2024-03-11 11:00:23 - [TEST_STEP][PASSED] - click(findTestObject("WIZARD/3Infraestructura/5Terminales/0OficinasModal/td_7WorkFlow - Oficina WorkFlow")): Object: 'Object Repository/WIZARD/3Infraestructura/5Terminales/0OficinasModal/td_7WorkFlow - Oficina WorkFlow' is clicked on

2024-03-11 11:00:23 - [MESSAGE][PASSED] - Object: 'Object Repository/WIZARD/3Infraestructura/5Terminales/0OficinasModal/td_7WorkFlow - Oficina WorkFlow' is clicked on

2024-03-11 11:00:23 - [TEST_STEP][PASSED] - delay(3): Delayed 3 second(s)

2024-03-11 11:00:26 - [MESSAGE][PASSED] - Delayed 3 second(s)

2024-03-11 11:00:26 - [TEST_STEP][PASSED] - click(findTestObject("WIZARD/3Infraestructura/5Terminales/Edicion/btn_SeleccionarGrupo")): Object: 'Object Repository/WIZARD/3Infraestructura/5Terminales/Edicion/btn_SeleccionarGrupo' is clicked on

2024-03-11 11:00:27 - [MESSAGE][PASSED] - Object: 'Object Repository/WIZARD/3Infraestructura/5Terminales/Edicion/btn_SeleccionarGrupo' is clicked on

2024-03-11 11:00:27 - [TEST_STEP][PASSED] - delay(3): Delayed 3 second(s)

2024-03-11 11:00:30 - [MESSAGE][PASSED] - Delayed 3 second(s)

2024-03-11 11:00:30 - [TEST_STEP][PASSED] - click(findTestObject("WIZARD/3Infraestructura/5Terminales/Edicion/btn_Seleccionar Grupo(WorkFlow)/a_Grupo Entrega Documentos")): Object: 'Object Repository/WIZARD/3Infraestructura/5Terminales/Edicion/btn_Seleccionar Grupo(WorkFlow)/a_Grupo Entrega Documentos' is clicked on

2024-03-11 11:00:30 - [MESSAGE][PASSED] - Object: 'Object Repository/WIZARD/3Infraestructura/5Terminales/Edicion/btn_Seleccionar Grupo(WorkFlow)/a_Grupo Entrega Documentos' is clicked on

2024-03-11 11:00:30 - [TEST_STEP][PASSED] - delay(3): Delayed 3 second(s)

2024-03-11 11:00:33 - [MESSAGE][PASSED] - Delayed 3 second(s)

2024-03-11 11:00:33 - [TEST_STEP][PASSED] - scrollToElement(findTestObject("WIZARD/3Infraestructura/5Terminales/Edicion/input_Nombre"), 2): Scroll to object 'Object Repository/WIZARD/3Infraestructura/5Terminales/Edicion/input_Nombre' successfully

2024-03-11 11:00:33 - [MESSAGE][PASSED] - Scroll to object 'Object Repository/WIZARD/3Infraestructura/5Terminales/Edicion/input_Nombre' successfully

2024-03-11 11:00:33 - [TEST_STEP][PASSED] - setText(findTestObject("WIZARD/3Infraestructura/5Terminales/Edicion/input_Nombre"), "A02"): Text 'A02' is set on object 'Object Repository/WIZARD/3Infraestructura/5Terminales/Edicion/input_Nombre'

2024-03-11 11:00:34 - [MESSAGE][PASSED] - Text 'A02' is set on object 'Object Repository/WIZARD/3Infraestructura/5Terminales/Edicion/input_Nombre'

2024-03-11 11:00:34 - [TEST_STEP][PASSED] - setText(findTestObject("WIZARD/3Infraestructura/5Terminales/Edicion/textarea_Descripcion"), "WorkFlow - Terminal - Entrega Documentos"): Text 'WorkFlow - Terminal - Entrega Documentos' is set on object 'Object Repository/WIZARD/3Infraestructura/5Terminales/Edicion/textarea_Descripcion'

2024-03-11 11:00:35 - [MESSAGE][PASSED] - Text 'WorkFlow - Terminal - Entrega Documentos' is set on object 'Object Repository/WIZARD/3Infraestructura/5Terminales/Edicion/textarea_Descripcion'

2024-03-11 11:00:35 - [TEST_STEP][PASSED] - scrollToElement(findTestObject("WIZARD/3Infraestructura/5Terminales/Edicion/Label/label_Mostrar ventana emergente"), 2): Scroll to object 'Object Repository/WIZARD/3Infraestructura/5Terminales/Edicion/Label/label_Mostrar ventana emergente' successfully

2024-03-11 11:00:36 - [MESSAGE][PASSED] - Scroll to object 'Object Repository/WIZARD/3Infraestructura/5Terminales/Edicion/Label/label_Mostrar ventana emergente' successfully

2024-03-11 11:00:36 - [TEST_STEP][PASSED] - clearText(findTestObject("WIZARD/3Infraestructura/5Terminales/Edicion/input_Direccion en sala")): Text of object 'Object Repository/WIZARD/3Infraestructura/5Terminales/Edicion/input_Direccion en sala' is cleared

2024-03-11 11:00:36 - [MESSAGE][PASSED] - Text of object 'Object Repository/WIZARD/3Infraestructura/5Terminales/Edicion/input_Direccion en sala' is cleared

2024-03-11 11:00:36 - [TEST_STEP][PASSED] - setText(findTestObject("WIZARD/3Infraestructura/5Terminales/Edicion/input_Direccion en sala"), "2"): Text '2' is set on object 'Object Repository/WIZARD/3Infraestructura/5Terminales/Edicion/input_Direccion en sala'

2024-03-11 11:00:37 - [MESSAGE][PASSED] - Text '2' is set on object 'Object Repository/WIZARD/3Infraestructura/5Terminales/Edicion/input_Direccion en sala'

2024-03-11 11:00:37 - [TEST_STEP][PASSED] - check(findTestObject("WIZARD/3Infraestructura/5Terminales/Edicion/Label/label_Mostrar ventana emergente")): Object 'Object Repository/WIZARD/3Infraestructura/5Terminales/Edicion/Label/label_Mostrar ventana emergente' is checked

2024-03-11 11:00:37 - [MESSAGE][PASSED] - Object 'Object Repository/WIZARD/3Infraestructura/5Terminales/Edicion/Label/label_Mostrar ventana emergente' is checked

2024-03-11 11:00:37 - [TEST_STEP][PASSED] - scrollToPosition(0, 0): Browser is scrolled to position x = 0, y = 0

2024-03-11 11:00:37 - [MESSAGE][PASSED] - Browser is scrolled to position x = 0, y = 0

2024-03-11 11:00:37 - [TEST_STEP][PASSED] - delay(2): Delayed 2 second(s)

2024-03-11 11:00:39 - [MESSAGE][PASSED] - Delayed 2 second(s)

2024-03-11 11:00:39 - [TEST_STEP][PASSED] - click(findTestObject("WIZARD/3Infraestructura/5Terminales/Edicion/img_Nuevo")): Object: 'Object Repository/WIZARD/3Infraestructura/5Terminales/Edicion/img_Nuevo' is clicked on

2024-03-11 11:00:40 - [MESSAGE][PASSED] - Object: 'Object Repository/WIZARD/3Infraestructura/5Terminales/Edicion/img_Nuevo' is clicked on

2024-03-11 11:00:40 - [TEST_STEP][PASSED] - delay(3): Delayed 3 second(s)

2024-03-11 11:00:43 - [MESSAGE][PASSED] - Delayed 3 second(s)

2024-03-11 11:00:43 - [TEST_STEP][PASSED] - click(findTestObject("WIZARD/3Infraestructura/0Menu/span_Terminales")): Object: 'Object Repository/WIZARD/3Infraestructura/0Menu/span_Terminales' is clicked on

2024-03-11 11:00:43 - [MESSAGE][PASSED] - Object: 'Object Repository/WIZARD/3Infraestructura/0Menu/span_Terminales' is clicked on

2024-03-11 11:00:43 - [TEST_STEP][PASSED] - delay(3): Delayed 3 second(s)

2024-03-11 11:00:46 - [MESSAGE][PASSED] - Delayed 3 second(s)

2024-03-11 11:00:46 - [TEST_STEP][PASSED] - click(findTestObject("WIZARD/3Infraestructura/5Terminales/0OficinasModal/td_7WorkFlow - Oficina WorkFlow")): Object: 'Object Repository/WIZARD/3Infraestructura/5Terminales/0OficinasModal/td_7WorkFlow - Oficina WorkFlow' is clicked on

2024-03-11 11:00:47 - [MESSAGE][PASSED] - Object: 'Object Repository/WIZARD/3Infraestructura/5Terminales/0OficinasModal/td_7WorkFlow - Oficina WorkFlow' is clicked on

2024-03-11 11:00:47 - [TEST_STEP][PASSED] - delay(3): Delayed 3 second(s)

2024-03-11 11:00:50 - [MESSAGE][PASSED] - Delayed 3 second(s)

2024-03-11 11:00:50 - [TEST_STEP][PASSED] - click(findTestObject("WIZARD/3Infraestructura/5Terminales/Edicion/btn_SeleccionarGrupo")): Object: 'Object Repository/WIZARD/3Infraestructura/5Terminales/Edicion/btn_SeleccionarGrupo' is clicked on

2024-03-11 11:00:50 - [MESSAGE][PASSED] - Object: 'Object Repository/WIZARD/3Infraestructura/5Terminales/Edicion/btn_SeleccionarGrupo' is clicked on

2024-03-11 11:00:50 - [TEST_STEP][PASSED] - delay(3): Delayed 3 second(s)

2024-03-11 11:00:53 - [MESSAGE][PASSED] - Delayed 3 second(s)

2024-03-11 11:00:53 - [TEST_STEP][PASSED] - click(findTestObject("WIZARD/3Infraestructura/5Terminales/Edicion/btn_Seleccionar Grupo(WorkFlow)/a_Grupo Pagos")): Object: 'Object Repository/WIZARD/3Infraestructura/5Terminales/Edicion/btn_Seleccionar Grupo(WorkFlow)/a_Grupo Pagos' is clicked on

2024-03-11 11:00:54 - [MESSAGE][PASSED] - Object: 'Object Repository/WIZARD/3Infraestructura/5Terminales/Edicion/btn_Seleccionar Grupo(WorkFlow)/a_Grupo Pagos' is clicked on

2024-03-11 11:00:54 - [TEST_STEP][PASSED] - delay(3): Delayed 3 second(s)

2024-03-11 11:00:57 - [MESSAGE][PASSED] - Delayed 3 second(s)

2024-03-11 11:00:57 - [TEST_STEP][PASSED] - scrollToElement(findTestObject("WIZARD/3Infraestructura/5Terminales/Edicion/input_Nombre"), 2): Scroll to object 'Object Repository/WIZARD/3Infraestructura/5Terminales/Edicion/input_Nombre' successfully

2024-03-11 11:00:57 - [MESSAGE][PASSED] - Scroll to object 'Object Repository/WIZARD/3Infraestructura/5Terminales/Edicion/input_Nombre' successfully

2024-03-11 11:00:57 - [TEST_STEP][PASSED] - setText(findTestObject("WIZARD/3Infraestructura/5Terminales/Edicion/input_Nombre"), "A03"): Text 'A03' is set on object 'Object Repository/WIZARD/3Infraestructura/5Terminales/Edicion/input_Nombre'

2024-03-11 11:00:58 - [MESSAGE][PASSED] - Text 'A03' is set on object 'Object Repository/WIZARD/3Infraestructura/5Terminales/Edicion/input_Nombre'

2024-03-11 11:00:58 - [TEST_STEP][PASSED] - setText(findTestObject("WIZARD/3Infraestructura/5Terminales/Edicion/textarea_Descripcion"), "WorkFlow - Terminal - Pagos"): Text 'WorkFlow - Terminal - Pagos' is set on object 'Object Repository/WIZARD/3Infraestructura/5Terminales/Edicion/textarea_Descripcion'

2024-03-11 11:00:59 - [MESSAGE][PASSED] - Text 'WorkFlow - Terminal - Pagos' is set on object 'Object Repository/WIZARD/3Infraestructura/5Terminales/Edicion/textarea_Descripcion'

2024-03-11 11:00:59 - [TEST_STEP][PASSED] - scrollToElement(findTestObject("WIZARD/3Infraestructura/5Terminales/Edicion/Label/label_Mostrar ventana emergente"), 2): Scroll to object 'Object Repository/WIZARD/3Infraestructura/5Terminales/Edicion/Label/label_Mostrar ventana emergente' successfully

2024-03-11 11:00:59 - [MESSAGE][PASSED] - Scroll to object 'Object Repository/WIZARD/3Infraestructura/5Terminales/Edicion/Label/label_Mostrar ventana emergente' successfully

2024-03-11 11:00:59 - [TEST_STEP][PASSED] - clearText(findTestObject("WIZARD/3Infraestructura/5Terminales/Edicion/input_Direccion en sala")): Text of object 'Object Repository/WIZARD/3Infraestructura/5Terminales/Edicion/input_Direccion en sala' is cleared

2024-03-11 11:00:59 - [MESSAGE][PASSED] - Text of object 'Object Repository/WIZARD/3Infraestructura/5Terminales/Edicion/input_Direccion en sala' is cleared

2024-03-11 11:00:59 - [TEST_STEP][PASSED] - setText(findTestObject("WIZARD/3Infraestructura/5Terminales/Edicion/input_Direccion en sala"), "3"): Text '3' is set on object 'Object Repository/WIZARD/3Infraestructura/5Terminales/Edicion/input_Direccion en sala'

2024-03-11 11:01:00 - [MESSAGE][PASSED] - Text '3' is set on object 'Object Repository/WIZARD/3Infraestructura/5Terminales/Edicion/input_Direccion en sala'

2024-03-11 11:01:00 - [TEST_STEP][PASSED] - check(findTestObject("WIZARD/3Infraestructura/5Terminales/Edicion/Label/label_Mostrar ventana emergente")): Object 'Object Repository/WIZARD/3Infraestructura/5Terminales/Edicion/Label/label_Mostrar ventana emergente' is checked

2024-03-11 11:01:00 - [MESSAGE][PASSED] - Object 'Object Repository/WIZARD/3Infraestructura/5Terminales/Edicion/Label/label_Mostrar ventana emergente' is checked

2024-03-11 11:01:00 - [TEST_STEP][PASSED] - scrollToPosition(0, 0): Browser is scrolled to position x = 0, y = 0

2024-03-11 11:01:01 - [MESSAGE][PASSED] - Browser is scrolled to position x = 0, y = 0

2024-03-11 11:01:01 - [TEST_STEP][PASSED] - delay(2): Delayed 2 second(s)

2024-03-11 11:01:03 - [MESSAGE][PASSED] - Delayed 2 second(s)

2024-03-11 11:01:03 - [TEST_STEP][PASSED] - click(findTestObject("WIZARD/3Infraestructura/5Terminales/Edicion/img_Nuevo")): Object: 'Object Repository/WIZARD/3Infraestructura/5Terminales/Edicion/img_Nuevo' is clicked on

2024-03-11 11:01:03 - [MESSAGE][PASSED] - Object: 'Object Repository/WIZARD/3Infraestructura/5Terminales/Edicion/img_Nuevo' is clicked on

2024-03-11 11:01:03 - [TEST_STEP][PASSED] - delay(3): Delayed 3 second(s)

2024-03-11 11:01:06 - [MESSAGE][PASSED] - Delayed 3 second(s)

2024-03-11 11:01:06 - [TEST_STEP][PASSED] - click(findTestObject("WIZARD/3Infraestructura/0Menu/span_Terminales")): Object: 'Object Repository/WIZARD/3Infraestructura/0Menu/span_Terminales' is clicked on

2024-03-11 11:01:07 - [MESSAGE][PASSED] - Object: 'Object Repository/WIZARD/3Infraestructura/0Menu/span_Terminales' is clicked on

2024-03-11 11:01:07 - [TEST_STEP][PASSED] - delay(3): Delayed 3 second(s)

2024-03-11 11:01:10 - [MESSAGE][PASSED] - Delayed 3 second(s)

2024-03-11 11:01:10 - [TEST_STEP][PASSED] - click(findTestObject("WIZARD/3Infraestructura/5Terminales/0OficinasModal/td_7WorkFlow - Oficina WorkFlow")): Object: 'Object Repository/WIZARD/3Infraestructura/5Terminales/0OficinasModal/td_7WorkFlow - Oficina WorkFlow' is clicked on

2024-03-11 11:01:10 - [MESSAGE][PASSED] - Object: 'Object Repository/WIZARD/3Infraestructura/5Terminales/0OficinasModal/td_7WorkFlow - Oficina WorkFlow' is clicked on

2024-03-11 11:01:10 - [TEST_STEP][PASSED] - delay(3): Delayed 3 second(s)

2024-03-11 11:01:13 - [MESSAGE][PASSED] - Delayed 3 second(s)

2024-03-11 11:01:13 - [TEST_STEP][PASSED] - click(findTestObject("WIZARD/3Infraestructura/5Terminales/Edicion/btn_SeleccionarGrupo")): Object: 'Object Repository/WIZARD/3Infraestructura/5Terminales/Edicion/btn_SeleccionarGrupo' is clicked on

2024-03-11 11:01:13 - [MESSAGE][PASSED] - Object: 'Object Repository/WIZARD/3Infraestructura/5Terminales/Edicion/btn_SeleccionarGrupo' is clicked on

2024-03-11 11:01:13 - [TEST_STEP][PASSED] - delay(3): Delayed 3 second(s)

2024-03-11 11:01:16 - [MESSAGE][PASSED] - Delayed 3 second(s)

2024-03-11 11:01:16 - [TEST_STEP][PASSED] - click(findTestObject("WIZARD/3Infraestructura/5Terminales/Edicion/btn_Seleccionar Grupo(WorkFlow)/a_Grupo Radicaciones")): Object: 'Object Repository/WIZARD/3Infraestructura/5Terminales/Edicion/btn_Seleccionar Grupo(WorkFlow)/a_Grupo Radicaciones' is clicked on

2024-03-11 11:01:17 - [MESSAGE][PASSED] - Object: 'Object Repository/WIZARD/3Infraestructura/5Terminales/Edicion/btn_Seleccionar Grupo(WorkFlow)/a_Grupo Radicaciones' is clicked on

2024-03-11 11:01:17 - [TEST_STEP][PASSED] - delay(3): Delayed 3 second(s)

2024-03-11 11:01:20 - [MESSAGE][PASSED] - Delayed 3 second(s)

2024-03-11 11:01:20 - [TEST_STEP][PASSED] - scrollToElement(findTestObject("WIZARD/3Infraestructura/5Terminales/Edicion/input_Nombre"), 2): Scroll to object 'Object Repository/WIZARD/3Infraestructura/5Terminales/Edicion/input_Nombre' successfully

2024-03-11 11:01:20 - [MESSAGE][PASSED] - Scroll to object 'Object Repository/WIZARD/3Infraestructura/5Terminales/Edicion/input_Nombre' successfully

2024-03-11 11:01:20 - [TEST_STEP][PASSED] - setText(findTestObject("WIZARD/3Infraestructura/5Terminales/Edicion/input_Nombre"), "A04"): Text 'A04' is set on object 'Object Repository/WIZARD/3Infraestructura/5Terminales/Edicion/input_Nombre'

2024-03-11 11:01:21 - [MESSAGE][PASSED] - Text 'A04' is set on object 'Object Repository/WIZARD/3Infraestructura/5Terminales/Edicion/input_Nombre'

2024-03-11 11:01:21 - [TEST_STEP][PASSED] - setText(findTestObject("WIZARD/3Infraestructura/5Terminales/Edicion/textarea_Descripcion"), "WorkFlow - Terminal - Radicaciones"): Text 'WorkFlow - Terminal - Radicaciones' is set on object 'Object Repository/WIZARD/3Infraestructura/5Terminales/Edicion/textarea_Descripcion'

2024-03-11 11:01:22 - [MESSAGE][PASSED] - Text 'WorkFlow - Terminal - Radicaciones' is set on object 'Object Repository/WIZARD/3Infraestructura/5Terminales/Edicion/textarea_Descripcion'

2024-03-11 11:01:22 - [TEST_STEP][PASSED] - scrollToElement(findTestObject("WIZARD/3Infraestructura/5Terminales/Edicion/Label/label_Mostrar ventana emergente"), 2): Scroll to object 'Object Repository/WIZARD/3Infraestructura/5Terminales/Edicion/Label/label_Mostrar ventana emergente' successfully

2024-03-11 11:01:22 - [MESSAGE][PASSED] - Scroll to object 'Object Repository/WIZARD/3Infraestructura/5Terminales/Edicion/Label/label_Mostrar ventana emergente' successfully

2024-03-11 11:01:22 - [TEST_STEP][PASSED] - clearText(findTestObject("WIZARD/3Infraestructura/5Terminales/Edicion/input_Direccion en sala")): Text of object 'Object Repository/WIZARD/3Infraestructura/5Terminales/Edicion/input_Direccion en sala' is cleared

2024-03-11 11:01:23 - [MESSAGE][PASSED] - Text of object 'Object Repository/WIZARD/3Infraestructura/5Terminales/Edicion/input_Direccion en sala' is cleared

2024-03-11 11:01:23 - [TEST_STEP][PASSED] - setText(findTestObject("WIZARD/3Infraestructura/5Terminales/Edicion/input_Direccion en sala"), "4"): Text '4' is set on object 'Object Repository/WIZARD/3Infraestructura/5Terminales/Edicion/input_Direccion en sala'

2024-03-11 11:01:24 - [MESSAGE][PASSED] - Text '4' is set on object 'Object Repository/WIZARD/3Infraestructura/5Terminales/Edicion/input_Direccion en sala'

2024-03-11 11:01:24 - [TEST_STEP][PASSED] - check(findTestObject("WIZARD/3Infraestructura/5Terminales/Edicion/Label/label_Mostrar ventana emergente")): Object 'Object Repository/WIZARD/3Infraestructura/5Terminales/Edicion/Label/label_Mostrar ventana emergente' is checked

2024-03-11 11:01:24 - [MESSAGE][PASSED] - Object 'Object Repository/WIZARD/3Infraestructura/5Terminales/Edicion/Label/label_Mostrar ventana emergente' is checked

2024-03-11 11:01:24 - [TEST_STEP][PASSED] - scrollToPosition(0, 0): Browser is scrolled to position x = 0, y = 0

2024-03-11 11:01:24 - [MESSAGE][PASSED] - Browser is scrolled to position x = 0, y = 0

2024-03-11 11:01:24 - [TEST_STEP][PASSED] - delay(2): Delayed 2 second(s)

2024-03-11 11:01:26 - [MESSAGE][PASSED] - Delayed 2 second(s)

2024-03-11 11:01:26 - [TEST_STEP][PASSED] - click(findTestObject("WIZARD/3Infraestructura/5Terminales/Edicion/img_Nuevo")): Object: 'Object Repository/WIZARD/3Infraestructura/5Terminales/Edicion/img_Nuevo' is clicked on

2024-03-11 11:01:27 - [MESSAGE][PASSED] - Object: 'Object Repository/WIZARD/3Infraestructura/5Terminales/Edicion/img_Nuevo' is clicked on

2024-03-11 11:01:27 - [TEST_STEP][PASSED] - delay(3): Delayed 3 second(s)

2024-03-11 11:01:30 - [MESSAGE][PASSED] - Delayed 3 second(s)

2024-03-11 11:01:30 - [TEST_STEP][PASSED] - click(findTestObject("WIZARD/3Infraestructura/0Menu/span_Terminales")): Object: 'Object Repository/WIZARD/3Infraestructura/0Menu/span_Terminales' is clicked on

2024-03-11 11:01:30 - [MESSAGE][PASSED] - Object: 'Object Repository/WIZARD/3Infraestructura/0Menu/span_Terminales' is clicked on

2024-03-11 11:01:30 - [TEST_STEP][PASSED] - delay(3): Delayed 3 second(s)

2024-03-11 11:01:33 - [MESSAGE][PASSED] - Delayed 3 second(s)

2024-03-11 11:01:33 - [TEST_STEP][PASSED] - click(findTestObject("WIZARD/3Infraestructura/5Terminales/0OficinasModal/td_7WorkFlow - Oficina WorkFlow")): Object: 'Object Repository/WIZARD/3Infraestructura/5Terminales/0OficinasModal/td_7WorkFlow - Oficina WorkFlow' is clicked on

2024-03-11 11:01:34 - [MESSAGE][PASSED] - Object: 'Object Repository/WIZARD/3Infraestructura/5Terminales/0OficinasModal/td_7WorkFlow - Oficina WorkFlow' is clicked on

2024-03-11 11:01:34 - [TEST_STEP][PASSED] - delay(3): Delayed 3 second(s)

2024-03-11 11:01:37 - [MESSAGE][PASSED] - Delayed 3 second(s)

2024-03-11 11:01:37 - [TEST_STEP][PASSED] - click(findTestObject("WIZARD/3Infraestructura/5Terminales/Edicion/btn_SeleccionarGrupo")): Object: 'Object Repository/WIZARD/3Infraestructura/5Terminales/Edicion/btn_SeleccionarGrupo' is clicked on

2024-03-11 11:01:37 - [MESSAGE][PASSED] - Object: 'Object Repository/WIZARD/3Infraestructura/5Terminales/Edicion/btn_SeleccionarGrupo' is clicked on

2024-03-11 11:01:37 - [TEST_STEP][PASSED] - delay(3): Delayed 3 second(s)

2024-03-11 11:01:40 - [MESSAGE][PASSED] - Delayed 3 second(s)

2024-03-11 11:01:40 - [TEST_STEP][PASSED] - click(findTestObject("WIZARD/3Infraestructura/5Terminales/Edicion/btn_Seleccionar Grupo(WorkFlow)/a_Grupo Recepciones")): Object: 'Object Repository/WIZARD/3Infraestructura/5Terminales/Edicion/btn_Seleccionar Grupo(WorkFlow)/a_Grupo Recepciones' is clicked on

2024-03-11 11:01:40 - [MESSAGE][PASSED] - Object: 'Object Repository/WIZARD/3Infraestructura/5Terminales/Edicion/btn_Seleccionar Grupo(WorkFlow)/a_Grupo Recepciones' is clicked on

2024-03-11 11:01:40 - [TEST_STEP][PASSED] - delay(3): Delayed 3 second(s)

2024-03-11 11:01:43 - [MESSAGE][PASSED] - Delayed 3 second(s)

2024-03-11 11:01:43 - [TEST_STEP][PASSED] - scrollToElement(findTestObject("WIZARD/3Infraestructura/5Terminales/Edicion/input_Nombre"), 2): Scroll to object 'Object Repository/WIZARD/3Infraestructura/5Terminales/Edicion/input_Nombre' successfully

2024-03-11 11:01:44 - [MESSAGE][PASSED] - Scroll to object 'Object Repository/WIZARD/3Infraestructura/5Terminales/Edicion/input_Nombre' successfully

2024-03-11 11:01:44 - [TEST_STEP][PASSED] - setText(findTestObject("WIZARD/3Infraestructura/5Terminales/Edicion/input_Nombre"), "A05"): Text 'A05' is set on object 'Object Repository/WIZARD/3Infraestructura/5Terminales/Edicion/input_Nombre'

2024-03-11 11:01:45 - [MESSAGE][PASSED] - Text 'A05' is set on object 'Object Repository/WIZARD/3Infraestructura/5Terminales/Edicion/input_Nombre'

2024-03-11 11:01:45 - [TEST_STEP][PASSED] - setText(findTestObject("WIZARD/3Infraestructura/5Terminales/Edicion/textarea_Descripcion"), "WorkFlow - Terminal - Recepciones"): Text 'WorkFlow - Terminal - Recepciones' is set on object 'Object Repository/WIZARD/3Infraestructura/5Terminales/Edicion/textarea_Descripcion'

2024-03-11 11:01:45 - [MESSAGE][PASSED] - Text 'WorkFlow - Terminal - Recepciones' is set on object 'Object Repository/WIZARD/3Infraestructura/5Terminales/Edicion/textarea_Descripcion'

2024-03-11 11:01:45 - [TEST_STEP][PASSED] - scrollToElement(findTestObject("WIZARD/3Infraestructura/5Terminales/Edicion/Label/label_Mostrar ventana emergente"), 2): Scroll to object 'Object Repository/WIZARD/3Infraestructura/5Terminales/Edicion/Label/label_Mostrar ventana emergente' successfully

2024-03-11 11:01:46 - [MESSAGE][PASSED] - Scroll to object 'Object Repository/WIZARD/3Infraestructura/5Terminales/Edicion/Label/label_Mostrar ventana emergente' successfully

2024-03-11 11:01:46 - [TEST_STEP][PASSED] - clearText(findTestObject("WIZARD/3Infraestructura/5Terminales/Edicion/input_Direccion en sala")): Text of object 'Object Repository/WIZARD/3Infraestructura/5Terminales/Edicion/input_Direccion en sala' is cleared

2024-03-11 11:01:46 - [MESSAGE][PASSED] - Text of object 'Object Repository/WIZARD/3Infraestructura/5Terminales/Edicion/input_Direccion en sala' is cleared

2024-03-11 11:01:46 - [TEST_STEP][PASSED] - setText(findTestObject("WIZARD/3Infraestructura/5Terminales/Edicion/input_Direccion en sala"), "5"): Text '5' is set on object 'Object Repository/WIZARD/3Infraestructura/5Terminales/Edicion/input_Direccion en sala'

2024-03-11 11:01:47 - [MESSAGE][PASSED] - Text '5' is set on object 'Object Repository/WIZARD/3Infraestructura/5Terminales/Edicion/input_Direccion en sala'

2024-03-11 11:01:47 - [TEST_STEP][PASSED] - check(findTestObject("WIZARD/3Infraestructura/5Terminales/Edicion/Label/label_Mostrar ventana emergente")): Object 'Object Repository/WIZARD/3Infraestructura/5Terminales/Edicion/Label/label_Mostrar ventana emergente' is checked

2024-03-11 11:01:47 - [MESSAGE][PASSED] - Object 'Object Repository/WIZARD/3Infraestructura/5Terminales/Edicion/Label/label_Mostrar ventana emergente' is checked

2024-03-11 11:01:47 - [TEST_STEP][PASSED] - scrollToPosition(0, 0): Browser is scrolled to position x = 0, y = 0

2024-03-11 11:01:47 - [MESSAGE][PASSED] - Browser is scrolled to position x = 0, y = 0

2024-03-11 11:01:47 - [TEST_STEP][PASSED] - delay(2): Delayed 2 second(s)

2024-03-11 11:01:49 - [MESSAGE][PASSED] - Delayed 2 second(s)

2024-03-11 11:01:49 - [TEST_STEP][PASSED] - click(findTestObject("WIZARD/3Infraestructura/5Terminales/Edicion/img_Nuevo")): Object: 'Object Repository/WIZARD/3Infraestructura/5Terminales/Edicion/img_Nuevo' is clicked on

2024-03-11 11:01:50 - [MESSAGE][PASSED] - Object: 'Object Repository/WIZARD/3Infraestructura/5Terminales/Edicion/img_Nuevo' is clicked on

2024-03-11 11:01:50 - [TEST_STEP][PASSED] - delay(3): Delayed 3 second(s)

2024-03-11 11:01:53 - [MESSAGE][PASSED] - Delayed 3 second(s)

2024-03-11 11:01:53 - [TEST_STEP][PASSED] - Start listener action : sampleAfterTestCase: null]]></system-out>
         <system-err><![CDATA[]]></system-err>
      </testcase>
      <system-out><![CDATA[2024-03-11 10:59:41 - [TEST_SUITE][PASSED] - 5.5 Crear Terminales WorkFlow: Test Cases/WIZARD/3Infraestructura/5Terminales/5.5 Crear Terminales WorkFlow]]></system-out>
      <system-err><![CDATA[]]></system-err>
   </testsuite>
</testsuites>
