<?xml version="1.0" encoding="UTF-8"?>
<testsuites name="3.4c Agregar arbol a SubServicios PQRS" time="57.672" tests="1" failures="0" errors="0">
   <testsuite name="3.4c Agregar arbol a SubServicios PQRS" tests="1" failures="0" errors="0" time="57.672" skipped="0" timestamp="2023-08-14 08:32:28" hostname="jdavila - PCPruebas101.ciel.cielingenieria.com" id="Test Suites/WIZARD/1Modelo De Negocio/3.4c Agregar arbol a SubServicios PQRS">
      <properties>
         <property name="deviceName" value=""/>
         <property name="devicePlatform" value=""/>
         <property name="logFolder" value="C:\\CIEL INGENIERIA\\Katalon\\Digiturno55\\Reports\\20230814_081405\\WIZARD\\1Modelo De Negocio\\3.4c Agregar arbol a SubServicios PQRS\\20230814_081427"/>
         <property name="logFiles" value="C:\\CIEL INGENIERIA\\Katalon\\Digiturno55\\Reports\\20230814_081405\\WIZARD\\1Modelo De Negocio\\3.4c Agregar arbol a SubServicios PQRS\\20230814_081427\\execution0.log"/>
         <property name="attachments" value="C:\\CIEL INGENIERIA\\Katalon\\Digiturno55\\Reports\\20230814_081405\\WIZARD\\1Modelo De Negocio\\3.4c Agregar arbol a SubServicios PQRS\\20230814_081427\\1692020002756.png"/>
         <property name="hostName" value="jdavila - PCPruebas101.ciel.cielingenieria.com"/>
         <property name="os" value="Windows 10 64bit"/>
         <property name="katalonVersion" value="8.6.0.208"/>
         <property name="browser" value="Chrome 115.0.0.0"/>
         <property name="hostAddress" value="192.168.0.33"/>
         <property name="sessionId" value="94750aad8b0cb90adc1723a8303ef3cd"/>
         <property name="seleniumVersion" value="3.141.59"/>
         <property name="proxyInformation" value="ProxyInformation { proxyOption=NO_PROXY, proxyServerType=HTTP, username=, password=********, proxyServerAddress=, proxyServerPort=0, executionList=&quot;&quot;, isApplyToDesiredCapabilities=true }"/>
         <property name="platform" value="Windows 10"/>
      </properties>
      <testcase name="Test Cases/WIZARD/1Modelo De Negocio/3.4c Agregar arbol a SubServicios PQRS" time="57.426" classname="Test Cases/WIZARD/1Modelo De Negocio/3.4c Agregar arbol a SubServicios PQRS" status="PASSED">
         <system-out><![CDATA[2023-08-14 08:32:29 - [TEST_CASE][PASSED] - Test Cases/WIZARD/1Modelo De Negocio/3.4c Agregar arbol a SubServicios PQRS: Test Cases/WIZARD/1Modelo De Negocio/3.4c Agregar arbol a SubServicios PQRS

2023-08-14 08:32:29 - [TEST_STEP][PASSED] - callTestCase(findTestCase("0InicioSesion"), [:], STOP_ON_FAILURE): Call Test Case 'Test Cases/0InicioSesion' successfully

2023-08-14 08:32:29 - [TEST_CASE][PASSED] - Test Cases/0InicioSesion: Test Cases/0InicioSesion

2023-08-14 08:32:29 - [TEST_STEP][PASSED] - openBrowser(UrlDigiturno): Browser is opened with url: 'https://PCPruebas101.ciel.cielingenieria.com:8610'

2023-08-14 08:32:30 - [MESSAGE][INFO] - Starting 'Chrome' driver

2023-08-14 08:32:30 - [MESSAGE][INFO] - User set preference: ['args', '[--use-fake-ui-for-media-stream, --disable-notifications]']

2023-08-14 08:32:30 - [MESSAGE][INFO] - Action delay is set to 0 milliseconds

2023-08-14 08:32:33 - [MESSAGE][PASSED] - Browser is opened with url: 'https://PCPruebas101.ciel.cielingenieria.com:8610'

2023-08-14 08:32:33 - [TEST_STEP][PASSED] - maximizeWindow(): Current window maximized

2023-08-14 08:32:33 - [MESSAGE][PASSED] - Current window maximized

2023-08-14 08:32:33 - [TEST_STEP][PASSED] - delay(3): Delayed 3 second(s)

2023-08-14 08:32:36 - [MESSAGE][PASSED] - Delayed 3 second(s)

2023-08-14 08:32:36 - [TEST_STEP][PASSED] - setText(findTestObject("0Inicio Sesion/input_Usuario"), "Ciel"): Text 'Ciel' is set on object 'Object Repository/0Inicio Sesion/input_Usuario'

2023-08-14 08:32:37 - [MESSAGE][PASSED] - Text 'Ciel' is set on object 'Object Repository/0Inicio Sesion/input_Usuario'

2023-08-14 08:32:37 - [TEST_STEP][PASSED] - setText(findTestObject("0Inicio Sesion/input_Clave"), "digiturno"): Text 'digiturno' is set on object 'Object Repository/0Inicio Sesion/input_Clave'

2023-08-14 08:32:37 - [MESSAGE][PASSED] - Text 'digiturno' is set on object 'Object Repository/0Inicio Sesion/input_Clave'

2023-08-14 08:32:37 - [TEST_STEP][PASSED] - click(findTestObject("0Inicio Sesion/btn_IniciarSesion")): Object: 'Object Repository/0Inicio Sesion/btn_IniciarSesion' is clicked on

2023-08-14 08:32:38 - [MESSAGE][PASSED] - Object: 'Object Repository/0Inicio Sesion/btn_IniciarSesion' is clicked on

2023-08-14 08:32:38 - [TEST_STEP][PASSED] - delay(3): Delayed 3 second(s)

2023-08-14 08:32:41 - [MESSAGE][PASSED] - Delayed 3 second(s)

2023-08-14 08:32:41 - [MESSAGE][PASSED] - Call Test Case 'Test Cases/0InicioSesion' successfully

2023-08-14 08:32:41 - [TEST_STEP][PASSED] - click(findTestObject("WIZARD/0Principal/img_ModeloDeNegocioMAX")): Object: 'Object Repository/WIZARD/0Principal/img_ModeloDeNegocioMAX' is clicked on

2023-08-14 08:32:42 - [MESSAGE][PASSED] - Object: 'Object Repository/WIZARD/0Principal/img_ModeloDeNegocioMAX' is clicked on

2023-08-14 08:32:42 - [TEST_STEP][PASSED] - delay(3): Delayed 3 second(s)

2023-08-14 08:32:45 - [MESSAGE][PASSED] - Delayed 3 second(s)

2023-08-14 08:32:45 - [TEST_STEP][PASSED] - setText(findTestObject("WIZARD/1Modelo De Negocio/0ArbolDeJerarquia/input_cajaBusqueda"), "PQRS"): Text 'PQRS' is set on object 'Object Repository/WIZARD/1Modelo De Negocio/0ArbolDeJerarquia/input_cajaBusqueda'

2023-08-14 08:32:46 - [MESSAGE][PASSED] - Text 'PQRS' is set on object 'Object Repository/WIZARD/1Modelo De Negocio/0ArbolDeJerarquia/input_cajaBusqueda'

2023-08-14 08:32:46 - [TEST_STEP][PASSED] - delay(3): Delayed 3 second(s)

2023-08-14 08:32:49 - [MESSAGE][PASSED] - Delayed 3 second(s)

2023-08-14 08:32:49 - [TEST_STEP][PASSED] - rightClick(findTestObject("WIZARD/1Modelo De Negocio/0ArbolDeJerarquia/1General/8 General PQRS/span_8 PQRS")): Object: 'Object Repository/WIZARD/1Modelo De Negocio/0ArbolDeJerarquia/1General/8 General PQRS/span_8 PQRS' is right clicked on

2023-08-14 08:32:49 - [MESSAGE][PASSED] - Object: 'Object Repository/WIZARD/1Modelo De Negocio/0ArbolDeJerarquia/1General/8 General PQRS/span_8 PQRS' is right clicked on

2023-08-14 08:32:49 - [TEST_STEP][PASSED] - mouseOver(findTestObject("WIZARD/1Modelo De Negocio/0ArbolDeJerarquia/1General/8 General PQRS/span_Elemento")): Object: 'Object Repository/WIZARD/1Modelo De Negocio/0ArbolDeJerarquia/1General/8 General PQRS/span_Elemento' is hovered

2023-08-14 08:32:50 - [MESSAGE][PASSED] - Object: 'Object Repository/WIZARD/1Modelo De Negocio/0ArbolDeJerarquia/1General/8 General PQRS/span_Elemento' is hovered

2023-08-14 08:32:50 - [TEST_STEP][PASSED] - delay(2): Delayed 2 second(s)

2023-08-14 08:32:52 - [MESSAGE][PASSED] - Delayed 2 second(s)

2023-08-14 08:32:52 - [TEST_STEP][PASSED] - click(findTestObject("WIZARD/1Modelo De Negocio/0ArbolDeJerarquia/1General/8 General PQRS/span_Elemento(1)/span_Agregar Elementos")): Object: 'Object Repository/WIZARD/1Modelo De Negocio/0ArbolDeJerarquia/1General/8 General PQRS/span_Elemento(1)/span_Agregar Elementos' is clicked on

2023-08-14 08:32:52 - [MESSAGE][PASSED] - Object: 'Object Repository/WIZARD/1Modelo De Negocio/0ArbolDeJerarquia/1General/8 General PQRS/span_Elemento(1)/span_Agregar Elementos' is clicked on

2023-08-14 08:32:52 - [TEST_STEP][PASSED] - delay(3): Delayed 3 second(s)

2023-08-14 08:32:55 - [MESSAGE][PASSED] - Delayed 3 second(s)

2023-08-14 08:32:55 - [TEST_STEP][PASSED] - click(findTestObject("WIZARD/1Modelo De Negocio/0ArbolDeJerarquia/1General/8 General PQRS/span_Elemento(1)/span_Agregar Elementos(1)/servicios/label_6 Peticion")): Object: 'Object Repository/WIZARD/1Modelo De Negocio/0ArbolDeJerarquia/1General/8 General PQRS/span_Elemento(1)/span_Agregar Elementos(1)/servicios/label_6 Peticion' is clicked on

2023-08-14 08:32:56 - [MESSAGE][PASSED] - Object: 'Object Repository/WIZARD/1Modelo De Negocio/0ArbolDeJerarquia/1General/8 General PQRS/span_Elemento(1)/span_Agregar Elementos(1)/servicios/label_6 Peticion' is clicked on

2023-08-14 08:32:56 - [TEST_STEP][PASSED] - click(findTestObject("WIZARD/1Modelo De Negocio/0ArbolDeJerarquia/1General/8 General PQRS/span_Elemento(1)/span_Agregar Elementos(1)/servicios/label_7 Queja")): Object: 'Object Repository/WIZARD/1Modelo De Negocio/0ArbolDeJerarquia/1General/8 General PQRS/span_Elemento(1)/span_Agregar Elementos(1)/servicios/label_7 Queja' is clicked on

2023-08-14 08:32:56 - [MESSAGE][PASSED] - Object: 'Object Repository/WIZARD/1Modelo De Negocio/0ArbolDeJerarquia/1General/8 General PQRS/span_Elemento(1)/span_Agregar Elementos(1)/servicios/label_7 Queja' is clicked on

2023-08-14 08:32:56 - [TEST_STEP][PASSED] - click(findTestObject("WIZARD/1Modelo De Negocio/0ArbolDeJerarquia/1General/8 General PQRS/span_Elemento(1)/span_Agregar Elementos(1)/servicios/label_8 Reclamo")): Object: 'Object Repository/WIZARD/1Modelo De Negocio/0ArbolDeJerarquia/1General/8 General PQRS/span_Elemento(1)/span_Agregar Elementos(1)/servicios/label_8 Reclamo' is clicked on

2023-08-14 08:32:57 - [MESSAGE][PASSED] - Object: 'Object Repository/WIZARD/1Modelo De Negocio/0ArbolDeJerarquia/1General/8 General PQRS/span_Elemento(1)/span_Agregar Elementos(1)/servicios/label_8 Reclamo' is clicked on

2023-08-14 08:32:57 - [TEST_STEP][PASSED] - click(findTestObject("WIZARD/1Modelo De Negocio/0ArbolDeJerarquia/1General/8 General PQRS/span_Elemento(1)/span_Agregar Elementos(1)/servicios/label_11 Solicitud")): Object: 'Object Repository/WIZARD/1Modelo De Negocio/0ArbolDeJerarquia/1General/8 General PQRS/span_Elemento(1)/span_Agregar Elementos(1)/servicios/label_11 Solicitud' is clicked on

2023-08-14 08:32:57 - [MESSAGE][PASSED] - Object: 'Object Repository/WIZARD/1Modelo De Negocio/0ArbolDeJerarquia/1General/8 General PQRS/span_Elemento(1)/span_Agregar Elementos(1)/servicios/label_11 Solicitud' is clicked on

2023-08-14 08:32:57 - [TEST_STEP][PASSED] - delay(3): Delayed 3 second(s)

2023-08-14 08:33:00 - [MESSAGE][PASSED] - Delayed 3 second(s)

2023-08-14 08:33:00 - [TEST_STEP][PASSED] - click(findTestObject("WIZARD/1Modelo De Negocio/0ArbolDeJerarquia/1General/8 General PQRS/span_Elemento(1)/span_Agregar Elementos(1)/btn_Agregar")): Object: 'Object Repository/WIZARD/1Modelo De Negocio/0ArbolDeJerarquia/1General/8 General PQRS/span_Elemento(1)/span_Agregar Elementos(1)/btn_Agregar' is clicked on

2023-08-14 08:33:01 - [MESSAGE][PASSED] - Object: 'Object Repository/WIZARD/1Modelo De Negocio/0ArbolDeJerarquia/1General/8 General PQRS/span_Elemento(1)/span_Agregar Elementos(1)/btn_Agregar' is clicked on

2023-08-14 08:33:01 - [TEST_STEP][PASSED] - delay(3): Delayed 3 second(s)

2023-08-14 08:33:04 - [MESSAGE][PASSED] - Delayed 3 second(s)

2023-08-14 08:33:04 - [TEST_STEP][PASSED] - setText(findTestObject("WIZARD/1Modelo De Negocio/0ArbolDeJerarquia/input_cajaBusqueda"), "PQRS"): Text 'PQRS' is set on object 'Object Repository/WIZARD/1Modelo De Negocio/0ArbolDeJerarquia/input_cajaBusqueda'

2023-08-14 08:33:04 - [MESSAGE][PASSED] - Text 'PQRS' is set on object 'Object Repository/WIZARD/1Modelo De Negocio/0ArbolDeJerarquia/input_cajaBusqueda'

2023-08-14 08:33:04 - [TEST_STEP][PASSED] - delay(3): Delayed 3 second(s)

2023-08-14 08:33:07 - [MESSAGE][PASSED] - Delayed 3 second(s)

2023-08-14 08:33:07 - [TEST_STEP][PASSED] - rightClick(findTestObject("WIZARD/1Modelo De Negocio/0ArbolDeJerarquia/1Preferencial/5 Preferencial PQRS/span_5 PQRS")): Object: 'Object Repository/WIZARD/1Modelo De Negocio/0ArbolDeJerarquia/1Preferencial/5 Preferencial PQRS/span_5 PQRS' is right clicked on

2023-08-14 08:33:08 - [MESSAGE][PASSED] - Object: 'Object Repository/WIZARD/1Modelo De Negocio/0ArbolDeJerarquia/1Preferencial/5 Preferencial PQRS/span_5 PQRS' is right clicked on

2023-08-14 08:33:08 - [TEST_STEP][PASSED] - mouseOver(findTestObject("WIZARD/1Modelo De Negocio/0ArbolDeJerarquia/1Preferencial/5 Preferencial PQRS/span_Elemento")): Object: 'Object Repository/WIZARD/1Modelo De Negocio/0ArbolDeJerarquia/1Preferencial/5 Preferencial PQRS/span_Elemento' is hovered

2023-08-14 08:33:09 - [MESSAGE][PASSED] - Object: 'Object Repository/WIZARD/1Modelo De Negocio/0ArbolDeJerarquia/1Preferencial/5 Preferencial PQRS/span_Elemento' is hovered

2023-08-14 08:33:09 - [TEST_STEP][PASSED] - delay(2): Delayed 2 second(s)

2023-08-14 08:33:11 - [MESSAGE][PASSED] - Delayed 2 second(s)

2023-08-14 08:33:11 - [TEST_STEP][PASSED] - click(findTestObject("WIZARD/1Modelo De Negocio/0ArbolDeJerarquia/1Preferencial/5 Preferencial PQRS/span_Elemento(1)/span_Agregar Elementos")): Object: 'Object Repository/WIZARD/1Modelo De Negocio/0ArbolDeJerarquia/1Preferencial/5 Preferencial PQRS/span_Elemento(1)/span_Agregar Elementos' is clicked on

2023-08-14 08:33:11 - [MESSAGE][PASSED] - Object: 'Object Repository/WIZARD/1Modelo De Negocio/0ArbolDeJerarquia/1Preferencial/5 Preferencial PQRS/span_Elemento(1)/span_Agregar Elementos' is clicked on

2023-08-14 08:33:11 - [TEST_STEP][PASSED] - delay(3): Delayed 3 second(s)

2023-08-14 08:33:14 - [MESSAGE][PASSED] - Delayed 3 second(s)

2023-08-14 08:33:14 - [TEST_STEP][PASSED] - click(findTestObject("WIZARD/1Modelo De Negocio/0ArbolDeJerarquia/1Preferencial/5 Preferencial PQRS/span_Elemento(1)/span_Agregar Elementos(1)/servicios/label_6 Peticion")): Object: 'Object Repository/WIZARD/1Modelo De Negocio/0ArbolDeJerarquia/1Preferencial/5 Preferencial PQRS/span_Elemento(1)/span_Agregar Elementos(1)/servicios/label_6 Peticion' is clicked on

2023-08-14 08:33:15 - [MESSAGE][PASSED] - Object: 'Object Repository/WIZARD/1Modelo De Negocio/0ArbolDeJerarquia/1Preferencial/5 Preferencial PQRS/span_Elemento(1)/span_Agregar Elementos(1)/servicios/label_6 Peticion' is clicked on

2023-08-14 08:33:15 - [TEST_STEP][PASSED] - click(findTestObject("WIZARD/1Modelo De Negocio/0ArbolDeJerarquia/1Preferencial/5 Preferencial PQRS/span_Elemento(1)/span_Agregar Elementos(1)/servicios/label_7 Queja")): Object: 'Object Repository/WIZARD/1Modelo De Negocio/0ArbolDeJerarquia/1Preferencial/5 Preferencial PQRS/span_Elemento(1)/span_Agregar Elementos(1)/servicios/label_7 Queja' is clicked on

2023-08-14 08:33:15 - [MESSAGE][PASSED] - Object: 'Object Repository/WIZARD/1Modelo De Negocio/0ArbolDeJerarquia/1Preferencial/5 Preferencial PQRS/span_Elemento(1)/span_Agregar Elementos(1)/servicios/label_7 Queja' is clicked on

2023-08-14 08:33:15 - [TEST_STEP][PASSED] - click(findTestObject("WIZARD/1Modelo De Negocio/0ArbolDeJerarquia/1Preferencial/5 Preferencial PQRS/span_Elemento(1)/span_Agregar Elementos(1)/servicios/label_8 Reclamo")): Object: 'Object Repository/WIZARD/1Modelo De Negocio/0ArbolDeJerarquia/1Preferencial/5 Preferencial PQRS/span_Elemento(1)/span_Agregar Elementos(1)/servicios/label_8 Reclamo' is clicked on

2023-08-14 08:33:15 - [MESSAGE][PASSED] - Object: 'Object Repository/WIZARD/1Modelo De Negocio/0ArbolDeJerarquia/1Preferencial/5 Preferencial PQRS/span_Elemento(1)/span_Agregar Elementos(1)/servicios/label_8 Reclamo' is clicked on

2023-08-14 08:33:15 - [TEST_STEP][PASSED] - click(findTestObject("WIZARD/1Modelo De Negocio/0ArbolDeJerarquia/1Preferencial/5 Preferencial PQRS/span_Elemento(1)/span_Agregar Elementos(1)/servicios/label_11 Solicitud")): Object: 'Object Repository/WIZARD/1Modelo De Negocio/0ArbolDeJerarquia/1Preferencial/5 Preferencial PQRS/span_Elemento(1)/span_Agregar Elementos(1)/servicios/label_11 Solicitud' is clicked on

2023-08-14 08:33:16 - [MESSAGE][PASSED] - Object: 'Object Repository/WIZARD/1Modelo De Negocio/0ArbolDeJerarquia/1Preferencial/5 Preferencial PQRS/span_Elemento(1)/span_Agregar Elementos(1)/servicios/label_11 Solicitud' is clicked on

2023-08-14 08:33:16 - [TEST_STEP][PASSED] - delay(3): Delayed 3 second(s)

2023-08-14 08:33:19 - [MESSAGE][PASSED] - Delayed 3 second(s)

2023-08-14 08:33:19 - [TEST_STEP][PASSED] - click(findTestObject("WIZARD/1Modelo De Negocio/0ArbolDeJerarquia/1Preferencial/5 Preferencial PQRS/span_Elemento(1)/span_Agregar Elementos(1)/btn_Agregar")): Object: 'Object Repository/WIZARD/1Modelo De Negocio/0ArbolDeJerarquia/1Preferencial/5 Preferencial PQRS/span_Elemento(1)/span_Agregar Elementos(1)/btn_Agregar' is clicked on

2023-08-14 08:33:19 - [MESSAGE][PASSED] - Object: 'Object Repository/WIZARD/1Modelo De Negocio/0ArbolDeJerarquia/1Preferencial/5 Preferencial PQRS/span_Elemento(1)/span_Agregar Elementos(1)/btn_Agregar' is clicked on

2023-08-14 08:33:19 - [TEST_STEP][PASSED] - delay(3): Delayed 3 second(s)

2023-08-14 08:33:22 - [MESSAGE][PASSED] - Delayed 3 second(s)

2023-08-14 08:33:22 - [TEST_STEP][PASSED] - takeFullPageScreenshot(): Taking screenshot successfully

2023-08-14 08:33:23 - [MESSAGE][INFO] - 0 hidden object(s)

2023-08-14 08:33:23 - [MESSAGE][PASSED] - Taking screenshot successfully
[[ATTACHMENT|C:\\CIEL INGENIERIA\\Katalon\\Digiturno55\\Reports\\20230814_081405\\WIZARD\\1Modelo De Negocio\\3.4c Agregar arbol a SubServicios PQRS\\20230814_081427\\1692020002756.png]]

2023-08-14 08:33:23 - [TEST_STEP][PASSED] - delay(3): Delayed 3 second(s)

2023-08-14 08:33:26 - [MESSAGE][PASSED] - Delayed 3 second(s)

2023-08-14 08:33:26 - [TEST_STEP][PASSED] - Start listener action : sampleAfterTestCase: null]]></system-out>
         <system-err><![CDATA[]]></system-err>
      </testcase>
      <system-out><![CDATA[2023-08-14 08:32:28 - [TEST_SUITE][PASSED] - 3.4c Agregar arbol a SubServicios PQRS: Test Cases/WIZARD/1Modelo De Negocio/3.4c Agregar arbol a SubServicios PQRS]]></system-out>
      <system-err><![CDATA[]]></system-err>
   </testsuite>
</testsuites>
