<?xml version="1.0" encoding="UTF-8"?>
<testsuites name="5.5 Crear Terminales WorkFlow" time="132.146" tests="1" failures="0" errors="0">
   <testsuite name="5.5 Crear Terminales WorkFlow" tests="1" failures="0" errors="0" time="132.146" skipped="0" timestamp="2024-01-15 10:29:27" hostname="jdavila - PCPruebas101.ciel.cielingenieria.com" id="Test Suites/WIZARD/3Infraestructura/5Terminales/5.5 Crear Terminales WorkFlow">
      <properties>
         <property name="deviceName" value=""/>
         <property name="devicePlatform" value=""/>
         <property name="logFolder" value="C:\\CIEL INGENIERIA\\Katalon\\Digiturno55\\Reports\\20240115_094157\\WIZARD\\3Infraestructura\\5Terminales\\5.5 Crear Terminales WorkFlow\\20240115_094305"/>
         <property name="logFiles" value="C:\\CIEL INGENIERIA\\Katalon\\Digiturno55\\Reports\\20240115_094157\\WIZARD\\3Infraestructura\\5Terminales\\5.5 Crear Terminales WorkFlow\\20240115_094305\\execution0.log"/>
         <property name="attachments" value=""/>
         <property name="hostName" value="jdavila - PCPruebas101.ciel.cielingenieria.com"/>
         <property name="os" value="Windows 10 64bit"/>
         <property name="katalonVersion" value="8.6.8.208"/>
         <property name="browser" value="Chrome 120.0.0.0"/>
         <property name="hostAddress" value="192.168.0.9"/>
         <property name="sessionId" value="64202417dbaa26ac96f79a2226580bfd"/>
         <property name="seleniumVersion" value="3.141.59"/>
         <property name="proxyInformation" value="ProxyInformation { proxyOption=NO_PROXY, proxyServerType=HTTP, username=, password=********, proxyServerAddress=, proxyServerPort=0, executionList=&quot;&quot;, isApplyToDesiredCapabilities=true }"/>
         <property name="platform" value="Windows 10"/>
      </properties>
      <testcase name="Test Cases/WIZARD/3Infraestructura/5Terminales/5.5 Crear Terminales WorkFlow" time="131.913" classname="Test Cases/WIZARD/3Infraestructura/5Terminales/5.5 Crear Terminales WorkFlow" status="PASSED">
         <system-out><![CDATA[2024-01-15 10:29:27 - [TEST_CASE][PASSED] - Test Cases/WIZARD/3Infraestructura/5Terminales/5.5 Crear Terminales WorkFlow: Test Cases/WIZARD/3Infraestructura/5Terminales/5.5 Crear Terminales WorkFlow

2024-01-15 10:29:27 - [TEST_STEP][PASSED] - callTestCase(findTestCase("0InicioSesion"), [:], STOP_ON_FAILURE): Call Test Case 'Test Cases/0InicioSesion' successfully

2024-01-15 10:29:27 - [TEST_CASE][PASSED] - Test Cases/0InicioSesion: Test Cases/0InicioSesion

2024-01-15 10:29:28 - [TEST_STEP][PASSED] - openBrowser(UrlDigiturno): Browser is opened with url: 'https://PCPruebas101.ciel.cielingenieria.com:8610'

2024-01-15 10:29:28 - [MESSAGE][INFO] - Starting 'Chrome' driver

2024-01-15 10:29:28 - [MESSAGE][INFO] - User set preference: ['args', '[--use-fake-ui-for-media-stream, --disable-notifications]']

2024-01-15 10:29:28 - [MESSAGE][INFO] - Action delay is set to 0 milliseconds

2024-01-15 10:29:30 - [MESSAGE][PASSED] - Browser is opened with url: 'https://PCPruebas101.ciel.cielingenieria.com:8610'

2024-01-15 10:29:30 - [TEST_STEP][PASSED] - maximizeWindow(): Current window maximized

2024-01-15 10:29:31 - [MESSAGE][PASSED] - Current window maximized

2024-01-15 10:29:31 - [TEST_STEP][PASSED] - delay(3): Delayed 3 second(s)

2024-01-15 10:29:34 - [MESSAGE][PASSED] - Delayed 3 second(s)

2024-01-15 10:29:34 - [TEST_STEP][PASSED] - setText(findTestObject("0Inicio Sesion/input_Usuario"), "Ciel"): Text 'Ciel' is set on object 'Object Repository/0Inicio Sesion/input_Usuario'

2024-01-15 10:29:34 - [MESSAGE][PASSED] - Text 'Ciel' is set on object 'Object Repository/0Inicio Sesion/input_Usuario'

2024-01-15 10:29:34 - [TEST_STEP][PASSED] - setText(findTestObject("0Inicio Sesion/input_Clave"), "digiturno"): Text 'digiturno' is set on object 'Object Repository/0Inicio Sesion/input_Clave'

2024-01-15 10:29:35 - [MESSAGE][PASSED] - Text 'digiturno' is set on object 'Object Repository/0Inicio Sesion/input_Clave'

2024-01-15 10:29:35 - [TEST_STEP][PASSED] - click(findTestObject("0Inicio Sesion/btn_IniciarSesion")): Object: 'Object Repository/0Inicio Sesion/btn_IniciarSesion' is clicked on

2024-01-15 10:29:36 - [MESSAGE][PASSED] - Object: 'Object Repository/0Inicio Sesion/btn_IniciarSesion' is clicked on

2024-01-15 10:29:36 - [TEST_STEP][PASSED] - delay(3): Delayed 3 second(s)

2024-01-15 10:29:39 - [MESSAGE][PASSED] - Delayed 3 second(s)

2024-01-15 10:29:39 - [MESSAGE][PASSED] - Call Test Case 'Test Cases/0InicioSesion' successfully

2024-01-15 10:29:39 - [TEST_STEP][PASSED] - click(findTestObject("WIZARD/0Principal/img_InfraestructuraMAX")): Object: 'Object Repository/WIZARD/0Principal/img_InfraestructuraMAX' is clicked on

2024-01-15 10:29:40 - [MESSAGE][PASSED] - Object: 'Object Repository/WIZARD/0Principal/img_InfraestructuraMAX' is clicked on

2024-01-15 10:29:40 - [TEST_STEP][PASSED] - delay(3): Delayed 3 second(s)

2024-01-15 10:29:43 - [MESSAGE][PASSED] - Delayed 3 second(s)

2024-01-15 10:29:43 - [TEST_STEP][PASSED] - click(findTestObject("WIZARD/3Infraestructura/0Menu/span_Terminales")): Object: 'Object Repository/WIZARD/3Infraestructura/0Menu/span_Terminales' is clicked on

2024-01-15 10:29:43 - [MESSAGE][PASSED] - Object: 'Object Repository/WIZARD/3Infraestructura/0Menu/span_Terminales' is clicked on

2024-01-15 10:29:43 - [TEST_STEP][PASSED] - delay(3): Delayed 3 second(s)

2024-01-15 10:29:46 - [MESSAGE][PASSED] - Delayed 3 second(s)

2024-01-15 10:29:46 - [TEST_STEP][PASSED] - click(findTestObject("WIZARD/3Infraestructura/5Terminales/0OficinasModal/td_7WorkFlow - Oficina WorkFlow")): Object: 'Object Repository/WIZARD/3Infraestructura/5Terminales/0OficinasModal/td_7WorkFlow - Oficina WorkFlow' is clicked on

2024-01-15 10:29:47 - [MESSAGE][PASSED] - Object: 'Object Repository/WIZARD/3Infraestructura/5Terminales/0OficinasModal/td_7WorkFlow - Oficina WorkFlow' is clicked on

2024-01-15 10:29:47 - [TEST_STEP][PASSED] - delay(3): Delayed 3 second(s)

2024-01-15 10:29:50 - [MESSAGE][PASSED] - Delayed 3 second(s)

2024-01-15 10:29:50 - [TEST_STEP][PASSED] - click(findTestObject("WIZARD/3Infraestructura/5Terminales/Edicion/btn_SeleccionarGrupo")): Object: 'Object Repository/WIZARD/3Infraestructura/5Terminales/Edicion/btn_SeleccionarGrupo' is clicked on

2024-01-15 10:29:50 - [MESSAGE][PASSED] - Object: 'Object Repository/WIZARD/3Infraestructura/5Terminales/Edicion/btn_SeleccionarGrupo' is clicked on

2024-01-15 10:29:50 - [TEST_STEP][PASSED] - delay(3): Delayed 3 second(s)

2024-01-15 10:29:53 - [MESSAGE][PASSED] - Delayed 3 second(s)

2024-01-15 10:29:53 - [TEST_STEP][PASSED] - click(findTestObject("WIZARD/3Infraestructura/5Terminales/Edicion/btn_Seleccionar Grupo(WorkFlow)/a_Grupo General")): Object: 'Object Repository/WIZARD/3Infraestructura/5Terminales/Edicion/btn_Seleccionar Grupo(WorkFlow)/a_Grupo General' is clicked on

2024-01-15 10:29:54 - [MESSAGE][PASSED] - Object: 'Object Repository/WIZARD/3Infraestructura/5Terminales/Edicion/btn_Seleccionar Grupo(WorkFlow)/a_Grupo General' is clicked on

2024-01-15 10:29:54 - [TEST_STEP][PASSED] - delay(3): Delayed 3 second(s)

2024-01-15 10:29:57 - [MESSAGE][PASSED] - Delayed 3 second(s)

2024-01-15 10:29:57 - [TEST_STEP][PASSED] - setText(findTestObject("WIZARD/3Infraestructura/5Terminales/Edicion/input_Nombre"), "A01"): Text 'A01' is set on object 'Object Repository/WIZARD/3Infraestructura/5Terminales/Edicion/input_Nombre'

2024-01-15 10:29:58 - [MESSAGE][PASSED] - Text 'A01' is set on object 'Object Repository/WIZARD/3Infraestructura/5Terminales/Edicion/input_Nombre'

2024-01-15 10:29:58 - [TEST_STEP][PASSED] - setText(findTestObject("WIZARD/3Infraestructura/5Terminales/Edicion/textarea_Descripcion"), "WorkFlow - Terminal - General"): Text 'WorkFlow - Terminal - General' is set on object 'Object Repository/WIZARD/3Infraestructura/5Terminales/Edicion/textarea_Descripcion'

2024-01-15 10:29:58 - [MESSAGE][PASSED] - Text 'WorkFlow - Terminal - General' is set on object 'Object Repository/WIZARD/3Infraestructura/5Terminales/Edicion/textarea_Descripcion'

2024-01-15 10:29:58 - [TEST_STEP][PASSED] - scrollToElement(findTestObject("WIZARD/3Infraestructura/5Terminales/Edicion/Label/label_Mostrar ventana emergente"), 2): Scroll to object 'Object Repository/WIZARD/3Infraestructura/5Terminales/Edicion/Label/label_Mostrar ventana emergente' successfully

2024-01-15 10:29:59 - [MESSAGE][PASSED] - Scroll to object 'Object Repository/WIZARD/3Infraestructura/5Terminales/Edicion/Label/label_Mostrar ventana emergente' successfully

2024-01-15 10:29:59 - [TEST_STEP][PASSED] - check(findTestObject("WIZARD/3Infraestructura/5Terminales/Edicion/Label/label_Mostrar ventana emergente")): Object 'Object Repository/WIZARD/3Infraestructura/5Terminales/Edicion/Label/label_Mostrar ventana emergente' is checked

2024-01-15 10:29:59 - [MESSAGE][PASSED] - Object 'Object Repository/WIZARD/3Infraestructura/5Terminales/Edicion/Label/label_Mostrar ventana emergente' is checked

2024-01-15 10:29:59 - [TEST_STEP][PASSED] - scrollToPosition(0, 0): Browser is scrolled to position x = 0, y = 0

2024-01-15 10:29:59 - [MESSAGE][PASSED] - Browser is scrolled to position x = 0, y = 0

2024-01-15 10:29:59 - [TEST_STEP][PASSED] - delay(2): Delayed 2 second(s)

2024-01-15 10:30:01 - [MESSAGE][PASSED] - Delayed 2 second(s)

2024-01-15 10:30:01 - [TEST_STEP][PASSED] - click(findTestObject("WIZARD/3Infraestructura/5Terminales/Edicion/img_Nuevo")): Object: 'Object Repository/WIZARD/3Infraestructura/5Terminales/Edicion/img_Nuevo' is clicked on

2024-01-15 10:30:02 - [MESSAGE][PASSED] - Object: 'Object Repository/WIZARD/3Infraestructura/5Terminales/Edicion/img_Nuevo' is clicked on

2024-01-15 10:30:02 - [TEST_STEP][PASSED] - delay(3): Delayed 3 second(s)

2024-01-15 10:30:05 - [MESSAGE][PASSED] - Delayed 3 second(s)

2024-01-15 10:30:05 - [TEST_STEP][PASSED] - click(findTestObject("WIZARD/3Infraestructura/0Menu/span_Terminales")): Object: 'Object Repository/WIZARD/3Infraestructura/0Menu/span_Terminales' is clicked on

2024-01-15 10:30:05 - [MESSAGE][PASSED] - Object: 'Object Repository/WIZARD/3Infraestructura/0Menu/span_Terminales' is clicked on

2024-01-15 10:30:05 - [TEST_STEP][PASSED] - delay(3): Delayed 3 second(s)

2024-01-15 10:30:08 - [MESSAGE][PASSED] - Delayed 3 second(s)

2024-01-15 10:30:08 - [TEST_STEP][PASSED] - click(findTestObject("WIZARD/3Infraestructura/5Terminales/0OficinasModal/td_7WorkFlow - Oficina WorkFlow")): Object: 'Object Repository/WIZARD/3Infraestructura/5Terminales/0OficinasModal/td_7WorkFlow - Oficina WorkFlow' is clicked on

2024-01-15 10:30:09 - [MESSAGE][PASSED] - Object: 'Object Repository/WIZARD/3Infraestructura/5Terminales/0OficinasModal/td_7WorkFlow - Oficina WorkFlow' is clicked on

2024-01-15 10:30:09 - [TEST_STEP][PASSED] - delay(3): Delayed 3 second(s)

2024-01-15 10:30:12 - [MESSAGE][PASSED] - Delayed 3 second(s)

2024-01-15 10:30:12 - [TEST_STEP][PASSED] - click(findTestObject("WIZARD/3Infraestructura/5Terminales/Edicion/btn_SeleccionarGrupo")): Object: 'Object Repository/WIZARD/3Infraestructura/5Terminales/Edicion/btn_SeleccionarGrupo' is clicked on

2024-01-15 10:30:12 - [MESSAGE][PASSED] - Object: 'Object Repository/WIZARD/3Infraestructura/5Terminales/Edicion/btn_SeleccionarGrupo' is clicked on

2024-01-15 10:30:12 - [TEST_STEP][PASSED] - delay(3): Delayed 3 second(s)

2024-01-15 10:30:15 - [MESSAGE][PASSED] - Delayed 3 second(s)

2024-01-15 10:30:15 - [TEST_STEP][PASSED] - click(findTestObject("WIZARD/3Infraestructura/5Terminales/Edicion/btn_Seleccionar Grupo(WorkFlow)/a_Grupo Entrega Documentos")): Object: 'Object Repository/WIZARD/3Infraestructura/5Terminales/Edicion/btn_Seleccionar Grupo(WorkFlow)/a_Grupo Entrega Documentos' is clicked on

2024-01-15 10:30:16 - [MESSAGE][PASSED] - Object: 'Object Repository/WIZARD/3Infraestructura/5Terminales/Edicion/btn_Seleccionar Grupo(WorkFlow)/a_Grupo Entrega Documentos' is clicked on

2024-01-15 10:30:16 - [TEST_STEP][PASSED] - delay(3): Delayed 3 second(s)

2024-01-15 10:30:19 - [MESSAGE][PASSED] - Delayed 3 second(s)

2024-01-15 10:30:19 - [TEST_STEP][PASSED] - scrollToElement(findTestObject("WIZARD/3Infraestructura/5Terminales/Edicion/input_Nombre"), 2): Scroll to object 'Object Repository/WIZARD/3Infraestructura/5Terminales/Edicion/input_Nombre' successfully

2024-01-15 10:30:19 - [MESSAGE][PASSED] - Scroll to object 'Object Repository/WIZARD/3Infraestructura/5Terminales/Edicion/input_Nombre' successfully

2024-01-15 10:30:19 - [TEST_STEP][PASSED] - setText(findTestObject("WIZARD/3Infraestructura/5Terminales/Edicion/input_Nombre"), "A02"): Text 'A02' is set on object 'Object Repository/WIZARD/3Infraestructura/5Terminales/Edicion/input_Nombre'

2024-01-15 10:30:20 - [MESSAGE][PASSED] - Text 'A02' is set on object 'Object Repository/WIZARD/3Infraestructura/5Terminales/Edicion/input_Nombre'

2024-01-15 10:30:20 - [TEST_STEP][PASSED] - setText(findTestObject("WIZARD/3Infraestructura/5Terminales/Edicion/textarea_Descripcion"), "WorkFlow - Terminal - Entrega Documentos"): Text 'WorkFlow - Terminal - Entrega Documentos' is set on object 'Object Repository/WIZARD/3Infraestructura/5Terminales/Edicion/textarea_Descripcion'

2024-01-15 10:30:21 - [MESSAGE][PASSED] - Text 'WorkFlow - Terminal - Entrega Documentos' is set on object 'Object Repository/WIZARD/3Infraestructura/5Terminales/Edicion/textarea_Descripcion'

2024-01-15 10:30:21 - [TEST_STEP][PASSED] - scrollToElement(findTestObject("WIZARD/3Infraestructura/5Terminales/Edicion/Label/label_Mostrar ventana emergente"), 2): Scroll to object 'Object Repository/WIZARD/3Infraestructura/5Terminales/Edicion/Label/label_Mostrar ventana emergente' successfully

2024-01-15 10:30:21 - [MESSAGE][PASSED] - Scroll to object 'Object Repository/WIZARD/3Infraestructura/5Terminales/Edicion/Label/label_Mostrar ventana emergente' successfully

2024-01-15 10:30:21 - [TEST_STEP][PASSED] - clearText(findTestObject("WIZARD/3Infraestructura/5Terminales/Edicion/input_Direccion en sala")): Text of object 'Object Repository/WIZARD/3Infraestructura/5Terminales/Edicion/input_Direccion en sala' is cleared

2024-01-15 10:30:22 - [MESSAGE][PASSED] - Text of object 'Object Repository/WIZARD/3Infraestructura/5Terminales/Edicion/input_Direccion en sala' is cleared

2024-01-15 10:30:22 - [TEST_STEP][PASSED] - setText(findTestObject("WIZARD/3Infraestructura/5Terminales/Edicion/input_Direccion en sala"), "2"): Text '2' is set on object 'Object Repository/WIZARD/3Infraestructura/5Terminales/Edicion/input_Direccion en sala'

2024-01-15 10:30:23 - [MESSAGE][PASSED] - Text '2' is set on object 'Object Repository/WIZARD/3Infraestructura/5Terminales/Edicion/input_Direccion en sala'

2024-01-15 10:30:23 - [TEST_STEP][PASSED] - check(findTestObject("WIZARD/3Infraestructura/5Terminales/Edicion/Label/label_Mostrar ventana emergente")): Object 'Object Repository/WIZARD/3Infraestructura/5Terminales/Edicion/Label/label_Mostrar ventana emergente' is checked

2024-01-15 10:30:23 - [MESSAGE][PASSED] - Object 'Object Repository/WIZARD/3Infraestructura/5Terminales/Edicion/Label/label_Mostrar ventana emergente' is checked

2024-01-15 10:30:23 - [TEST_STEP][PASSED] - scrollToPosition(0, 0): Browser is scrolled to position x = 0, y = 0

2024-01-15 10:30:23 - [MESSAGE][PASSED] - Browser is scrolled to position x = 0, y = 0

2024-01-15 10:30:23 - [TEST_STEP][PASSED] - delay(2): Delayed 2 second(s)

2024-01-15 10:30:25 - [MESSAGE][PASSED] - Delayed 2 second(s)

2024-01-15 10:30:25 - [TEST_STEP][PASSED] - click(findTestObject("WIZARD/3Infraestructura/5Terminales/Edicion/img_Nuevo")): Object: 'Object Repository/WIZARD/3Infraestructura/5Terminales/Edicion/img_Nuevo' is clicked on

2024-01-15 10:30:26 - [MESSAGE][PASSED] - Object: 'Object Repository/WIZARD/3Infraestructura/5Terminales/Edicion/img_Nuevo' is clicked on

2024-01-15 10:30:26 - [TEST_STEP][PASSED] - delay(3): Delayed 3 second(s)

2024-01-15 10:30:29 - [MESSAGE][PASSED] - Delayed 3 second(s)

2024-01-15 10:30:29 - [TEST_STEP][PASSED] - click(findTestObject("WIZARD/3Infraestructura/0Menu/span_Terminales")): Object: 'Object Repository/WIZARD/3Infraestructura/0Menu/span_Terminales' is clicked on

2024-01-15 10:30:29 - [MESSAGE][PASSED] - Object: 'Object Repository/WIZARD/3Infraestructura/0Menu/span_Terminales' is clicked on

2024-01-15 10:30:29 - [TEST_STEP][PASSED] - delay(3): Delayed 3 second(s)

2024-01-15 10:30:32 - [MESSAGE][PASSED] - Delayed 3 second(s)

2024-01-15 10:30:32 - [TEST_STEP][PASSED] - click(findTestObject("WIZARD/3Infraestructura/5Terminales/0OficinasModal/td_7WorkFlow - Oficina WorkFlow")): Object: 'Object Repository/WIZARD/3Infraestructura/5Terminales/0OficinasModal/td_7WorkFlow - Oficina WorkFlow' is clicked on

2024-01-15 10:30:32 - [MESSAGE][PASSED] - Object: 'Object Repository/WIZARD/3Infraestructura/5Terminales/0OficinasModal/td_7WorkFlow - Oficina WorkFlow' is clicked on

2024-01-15 10:30:32 - [TEST_STEP][PASSED] - delay(3): Delayed 3 second(s)

2024-01-15 10:30:35 - [MESSAGE][PASSED] - Delayed 3 second(s)

2024-01-15 10:30:35 - [TEST_STEP][PASSED] - click(findTestObject("WIZARD/3Infraestructura/5Terminales/Edicion/btn_SeleccionarGrupo")): Object: 'Object Repository/WIZARD/3Infraestructura/5Terminales/Edicion/btn_SeleccionarGrupo' is clicked on

2024-01-15 10:30:36 - [MESSAGE][PASSED] - Object: 'Object Repository/WIZARD/3Infraestructura/5Terminales/Edicion/btn_SeleccionarGrupo' is clicked on

2024-01-15 10:30:36 - [TEST_STEP][PASSED] - delay(3): Delayed 3 second(s)

2024-01-15 10:30:39 - [MESSAGE][PASSED] - Delayed 3 second(s)

2024-01-15 10:30:39 - [TEST_STEP][PASSED] - click(findTestObject("WIZARD/3Infraestructura/5Terminales/Edicion/btn_Seleccionar Grupo(WorkFlow)/a_Grupo Pagos")): Object: 'Object Repository/WIZARD/3Infraestructura/5Terminales/Edicion/btn_Seleccionar Grupo(WorkFlow)/a_Grupo Pagos' is clicked on

2024-01-15 10:30:39 - [MESSAGE][PASSED] - Object: 'Object Repository/WIZARD/3Infraestructura/5Terminales/Edicion/btn_Seleccionar Grupo(WorkFlow)/a_Grupo Pagos' is clicked on

2024-01-15 10:30:39 - [TEST_STEP][PASSED] - delay(3): Delayed 3 second(s)

2024-01-15 10:30:42 - [MESSAGE][PASSED] - Delayed 3 second(s)

2024-01-15 10:30:42 - [TEST_STEP][PASSED] - scrollToElement(findTestObject("WIZARD/3Infraestructura/5Terminales/Edicion/input_Nombre"), 2): Scroll to object 'Object Repository/WIZARD/3Infraestructura/5Terminales/Edicion/input_Nombre' successfully

2024-01-15 10:30:43 - [MESSAGE][PASSED] - Scroll to object 'Object Repository/WIZARD/3Infraestructura/5Terminales/Edicion/input_Nombre' successfully

2024-01-15 10:30:43 - [TEST_STEP][PASSED] - setText(findTestObject("WIZARD/3Infraestructura/5Terminales/Edicion/input_Nombre"), "A03"): Text 'A03' is set on object 'Object Repository/WIZARD/3Infraestructura/5Terminales/Edicion/input_Nombre'

2024-01-15 10:30:44 - [MESSAGE][PASSED] - Text 'A03' is set on object 'Object Repository/WIZARD/3Infraestructura/5Terminales/Edicion/input_Nombre'

2024-01-15 10:30:44 - [TEST_STEP][PASSED] - setText(findTestObject("WIZARD/3Infraestructura/5Terminales/Edicion/textarea_Descripcion"), "WorkFlow - Terminal - Pagos"): Text 'WorkFlow - Terminal - Pagos' is set on object 'Object Repository/WIZARD/3Infraestructura/5Terminales/Edicion/textarea_Descripcion'

2024-01-15 10:30:44 - [MESSAGE][PASSED] - Text 'WorkFlow - Terminal - Pagos' is set on object 'Object Repository/WIZARD/3Infraestructura/5Terminales/Edicion/textarea_Descripcion'

2024-01-15 10:30:44 - [TEST_STEP][PASSED] - scrollToElement(findTestObject("WIZARD/3Infraestructura/5Terminales/Edicion/Label/label_Mostrar ventana emergente"), 2): Scroll to object 'Object Repository/WIZARD/3Infraestructura/5Terminales/Edicion/Label/label_Mostrar ventana emergente' successfully

2024-01-15 10:30:45 - [MESSAGE][PASSED] - Scroll to object 'Object Repository/WIZARD/3Infraestructura/5Terminales/Edicion/Label/label_Mostrar ventana emergente' successfully

2024-01-15 10:30:45 - [TEST_STEP][PASSED] - clearText(findTestObject("WIZARD/3Infraestructura/5Terminales/Edicion/input_Direccion en sala")): Text of object 'Object Repository/WIZARD/3Infraestructura/5Terminales/Edicion/input_Direccion en sala' is cleared

2024-01-15 10:30:45 - [MESSAGE][PASSED] - Text of object 'Object Repository/WIZARD/3Infraestructura/5Terminales/Edicion/input_Direccion en sala' is cleared

2024-01-15 10:30:45 - [TEST_STEP][PASSED] - setText(findTestObject("WIZARD/3Infraestructura/5Terminales/Edicion/input_Direccion en sala"), "3"): Text '3' is set on object 'Object Repository/WIZARD/3Infraestructura/5Terminales/Edicion/input_Direccion en sala'

2024-01-15 10:30:46 - [MESSAGE][PASSED] - Text '3' is set on object 'Object Repository/WIZARD/3Infraestructura/5Terminales/Edicion/input_Direccion en sala'

2024-01-15 10:30:46 - [TEST_STEP][PASSED] - check(findTestObject("WIZARD/3Infraestructura/5Terminales/Edicion/Label/label_Mostrar ventana emergente")): Object 'Object Repository/WIZARD/3Infraestructura/5Terminales/Edicion/Label/label_Mostrar ventana emergente' is checked

2024-01-15 10:30:47 - [MESSAGE][PASSED] - Object 'Object Repository/WIZARD/3Infraestructura/5Terminales/Edicion/Label/label_Mostrar ventana emergente' is checked

2024-01-15 10:30:47 - [TEST_STEP][PASSED] - scrollToPosition(0, 0): Browser is scrolled to position x = 0, y = 0

2024-01-15 10:30:47 - [MESSAGE][PASSED] - Browser is scrolled to position x = 0, y = 0

2024-01-15 10:30:47 - [TEST_STEP][PASSED] - delay(2): Delayed 2 second(s)

2024-01-15 10:30:49 - [MESSAGE][PASSED] - Delayed 2 second(s)

2024-01-15 10:30:49 - [TEST_STEP][PASSED] - click(findTestObject("WIZARD/3Infraestructura/5Terminales/Edicion/img_Nuevo")): Object: 'Object Repository/WIZARD/3Infraestructura/5Terminales/Edicion/img_Nuevo' is clicked on

2024-01-15 10:30:49 - [MESSAGE][PASSED] - Object: 'Object Repository/WIZARD/3Infraestructura/5Terminales/Edicion/img_Nuevo' is clicked on

2024-01-15 10:30:49 - [TEST_STEP][PASSED] - delay(3): Delayed 3 second(s)

2024-01-15 10:30:52 - [MESSAGE][PASSED] - Delayed 3 second(s)

2024-01-15 10:30:52 - [TEST_STEP][PASSED] - click(findTestObject("WIZARD/3Infraestructura/0Menu/span_Terminales")): Object: 'Object Repository/WIZARD/3Infraestructura/0Menu/span_Terminales' is clicked on

2024-01-15 10:30:53 - [MESSAGE][PASSED] - Object: 'Object Repository/WIZARD/3Infraestructura/0Menu/span_Terminales' is clicked on

2024-01-15 10:30:53 - [TEST_STEP][PASSED] - delay(3): Delayed 3 second(s)

2024-01-15 10:30:56 - [MESSAGE][PASSED] - Delayed 3 second(s)

2024-01-15 10:30:56 - [TEST_STEP][PASSED] - click(findTestObject("WIZARD/3Infraestructura/5Terminales/0OficinasModal/td_7WorkFlow - Oficina WorkFlow")): Object: 'Object Repository/WIZARD/3Infraestructura/5Terminales/0OficinasModal/td_7WorkFlow - Oficina WorkFlow' is clicked on

2024-01-15 10:30:56 - [MESSAGE][PASSED] - Object: 'Object Repository/WIZARD/3Infraestructura/5Terminales/0OficinasModal/td_7WorkFlow - Oficina WorkFlow' is clicked on

2024-01-15 10:30:56 - [TEST_STEP][PASSED] - delay(3): Delayed 3 second(s)

2024-01-15 10:30:59 - [MESSAGE][PASSED] - Delayed 3 second(s)

2024-01-15 10:30:59 - [TEST_STEP][PASSED] - click(findTestObject("WIZARD/3Infraestructura/5Terminales/Edicion/btn_SeleccionarGrupo")): Object: 'Object Repository/WIZARD/3Infraestructura/5Terminales/Edicion/btn_SeleccionarGrupo' is clicked on

2024-01-15 10:31:00 - [MESSAGE][PASSED] - Object: 'Object Repository/WIZARD/3Infraestructura/5Terminales/Edicion/btn_SeleccionarGrupo' is clicked on

2024-01-15 10:31:00 - [TEST_STEP][PASSED] - delay(3): Delayed 3 second(s)

2024-01-15 10:31:03 - [MESSAGE][PASSED] - Delayed 3 second(s)

2024-01-15 10:31:03 - [TEST_STEP][PASSED] - click(findTestObject("WIZARD/3Infraestructura/5Terminales/Edicion/btn_Seleccionar Grupo(WorkFlow)/a_Grupo Radicaciones")): Object: 'Object Repository/WIZARD/3Infraestructura/5Terminales/Edicion/btn_Seleccionar Grupo(WorkFlow)/a_Grupo Radicaciones' is clicked on

2024-01-15 10:31:03 - [MESSAGE][PASSED] - Object: 'Object Repository/WIZARD/3Infraestructura/5Terminales/Edicion/btn_Seleccionar Grupo(WorkFlow)/a_Grupo Radicaciones' is clicked on

2024-01-15 10:31:03 - [TEST_STEP][PASSED] - delay(3): Delayed 3 second(s)

2024-01-15 10:31:06 - [MESSAGE][PASSED] - Delayed 3 second(s)

2024-01-15 10:31:06 - [TEST_STEP][PASSED] - scrollToElement(findTestObject("WIZARD/3Infraestructura/5Terminales/Edicion/input_Nombre"), 2): Scroll to object 'Object Repository/WIZARD/3Infraestructura/5Terminales/Edicion/input_Nombre' successfully

2024-01-15 10:31:06 - [MESSAGE][PASSED] - Scroll to object 'Object Repository/WIZARD/3Infraestructura/5Terminales/Edicion/input_Nombre' successfully

2024-01-15 10:31:06 - [TEST_STEP][PASSED] - setText(findTestObject("WIZARD/3Infraestructura/5Terminales/Edicion/input_Nombre"), "A04"): Text 'A04' is set on object 'Object Repository/WIZARD/3Infraestructura/5Terminales/Edicion/input_Nombre'

2024-01-15 10:31:07 - [MESSAGE][PASSED] - Text 'A04' is set on object 'Object Repository/WIZARD/3Infraestructura/5Terminales/Edicion/input_Nombre'

2024-01-15 10:31:07 - [TEST_STEP][PASSED] - setText(findTestObject("WIZARD/3Infraestructura/5Terminales/Edicion/textarea_Descripcion"), "WorkFlow - Terminal - Radicaciones"): Text 'WorkFlow - Terminal - Radicaciones' is set on object 'Object Repository/WIZARD/3Infraestructura/5Terminales/Edicion/textarea_Descripcion'

2024-01-15 10:31:08 - [MESSAGE][PASSED] - Text 'WorkFlow - Terminal - Radicaciones' is set on object 'Object Repository/WIZARD/3Infraestructura/5Terminales/Edicion/textarea_Descripcion'

2024-01-15 10:31:08 - [TEST_STEP][PASSED] - scrollToElement(findTestObject("WIZARD/3Infraestructura/5Terminales/Edicion/Label/label_Mostrar ventana emergente"), 2): Scroll to object 'Object Repository/WIZARD/3Infraestructura/5Terminales/Edicion/Label/label_Mostrar ventana emergente' successfully

2024-01-15 10:31:08 - [MESSAGE][PASSED] - Scroll to object 'Object Repository/WIZARD/3Infraestructura/5Terminales/Edicion/Label/label_Mostrar ventana emergente' successfully

2024-01-15 10:31:08 - [TEST_STEP][PASSED] - clearText(findTestObject("WIZARD/3Infraestructura/5Terminales/Edicion/input_Direccion en sala")): Text of object 'Object Repository/WIZARD/3Infraestructura/5Terminales/Edicion/input_Direccion en sala' is cleared

2024-01-15 10:31:09 - [MESSAGE][PASSED] - Text of object 'Object Repository/WIZARD/3Infraestructura/5Terminales/Edicion/input_Direccion en sala' is cleared

2024-01-15 10:31:09 - [TEST_STEP][PASSED] - setText(findTestObject("WIZARD/3Infraestructura/5Terminales/Edicion/input_Direccion en sala"), "4"): Text '4' is set on object 'Object Repository/WIZARD/3Infraestructura/5Terminales/Edicion/input_Direccion en sala'

2024-01-15 10:31:10 - [MESSAGE][PASSED] - Text '4' is set on object 'Object Repository/WIZARD/3Infraestructura/5Terminales/Edicion/input_Direccion en sala'

2024-01-15 10:31:10 - [TEST_STEP][PASSED] - check(findTestObject("WIZARD/3Infraestructura/5Terminales/Edicion/Label/label_Mostrar ventana emergente")): Object 'Object Repository/WIZARD/3Infraestructura/5Terminales/Edicion/Label/label_Mostrar ventana emergente' is checked

2024-01-15 10:31:10 - [MESSAGE][PASSED] - Object 'Object Repository/WIZARD/3Infraestructura/5Terminales/Edicion/Label/label_Mostrar ventana emergente' is checked

2024-01-15 10:31:10 - [TEST_STEP][PASSED] - scrollToPosition(0, 0): Browser is scrolled to position x = 0, y = 0

2024-01-15 10:31:10 - [MESSAGE][PASSED] - Browser is scrolled to position x = 0, y = 0

2024-01-15 10:31:10 - [TEST_STEP][PASSED] - delay(2): Delayed 2 second(s)

2024-01-15 10:31:12 - [MESSAGE][PASSED] - Delayed 2 second(s)

2024-01-15 10:31:12 - [TEST_STEP][PASSED] - click(findTestObject("WIZARD/3Infraestructura/5Terminales/Edicion/img_Nuevo")): Object: 'Object Repository/WIZARD/3Infraestructura/5Terminales/Edicion/img_Nuevo' is clicked on

2024-01-15 10:31:12 - [MESSAGE][PASSED] - Object: 'Object Repository/WIZARD/3Infraestructura/5Terminales/Edicion/img_Nuevo' is clicked on

2024-01-15 10:31:12 - [TEST_STEP][PASSED] - delay(3): Delayed 3 second(s)

2024-01-15 10:31:15 - [MESSAGE][PASSED] - Delayed 3 second(s)

2024-01-15 10:31:15 - [TEST_STEP][PASSED] - click(findTestObject("WIZARD/3Infraestructura/0Menu/span_Terminales")): Object: 'Object Repository/WIZARD/3Infraestructura/0Menu/span_Terminales' is clicked on

2024-01-15 10:31:16 - [MESSAGE][PASSED] - Object: 'Object Repository/WIZARD/3Infraestructura/0Menu/span_Terminales' is clicked on

2024-01-15 10:31:16 - [TEST_STEP][PASSED] - delay(3): Delayed 3 second(s)

2024-01-15 10:31:19 - [MESSAGE][PASSED] - Delayed 3 second(s)

2024-01-15 10:31:19 - [TEST_STEP][PASSED] - click(findTestObject("WIZARD/3Infraestructura/5Terminales/0OficinasModal/td_7WorkFlow - Oficina WorkFlow")): Object: 'Object Repository/WIZARD/3Infraestructura/5Terminales/0OficinasModal/td_7WorkFlow - Oficina WorkFlow' is clicked on

2024-01-15 10:31:19 - [MESSAGE][PASSED] - Object: 'Object Repository/WIZARD/3Infraestructura/5Terminales/0OficinasModal/td_7WorkFlow - Oficina WorkFlow' is clicked on

2024-01-15 10:31:19 - [TEST_STEP][PASSED] - delay(3): Delayed 3 second(s)

2024-01-15 10:31:22 - [MESSAGE][PASSED] - Delayed 3 second(s)

2024-01-15 10:31:22 - [TEST_STEP][PASSED] - click(findTestObject("WIZARD/3Infraestructura/5Terminales/Edicion/btn_SeleccionarGrupo")): Object: 'Object Repository/WIZARD/3Infraestructura/5Terminales/Edicion/btn_SeleccionarGrupo' is clicked on

2024-01-15 10:31:23 - [MESSAGE][PASSED] - Object: 'Object Repository/WIZARD/3Infraestructura/5Terminales/Edicion/btn_SeleccionarGrupo' is clicked on

2024-01-15 10:31:23 - [TEST_STEP][PASSED] - delay(3): Delayed 3 second(s)

2024-01-15 10:31:26 - [MESSAGE][PASSED] - Delayed 3 second(s)

2024-01-15 10:31:26 - [TEST_STEP][PASSED] - click(findTestObject("WIZARD/3Infraestructura/5Terminales/Edicion/btn_Seleccionar Grupo(WorkFlow)/a_Grupo Recepciones")): Object: 'Object Repository/WIZARD/3Infraestructura/5Terminales/Edicion/btn_Seleccionar Grupo(WorkFlow)/a_Grupo Recepciones' is clicked on

2024-01-15 10:31:26 - [MESSAGE][PASSED] - Object: 'Object Repository/WIZARD/3Infraestructura/5Terminales/Edicion/btn_Seleccionar Grupo(WorkFlow)/a_Grupo Recepciones' is clicked on

2024-01-15 10:31:26 - [TEST_STEP][PASSED] - delay(3): Delayed 3 second(s)

2024-01-15 10:31:29 - [MESSAGE][PASSED] - Delayed 3 second(s)

2024-01-15 10:31:29 - [TEST_STEP][PASSED] - scrollToElement(findTestObject("WIZARD/3Infraestructura/5Terminales/Edicion/input_Nombre"), 2): Scroll to object 'Object Repository/WIZARD/3Infraestructura/5Terminales/Edicion/input_Nombre' successfully

2024-01-15 10:31:30 - [MESSAGE][PASSED] - Scroll to object 'Object Repository/WIZARD/3Infraestructura/5Terminales/Edicion/input_Nombre' successfully

2024-01-15 10:31:30 - [TEST_STEP][PASSED] - setText(findTestObject("WIZARD/3Infraestructura/5Terminales/Edicion/input_Nombre"), "A05"): Text 'A05' is set on object 'Object Repository/WIZARD/3Infraestructura/5Terminales/Edicion/input_Nombre'

2024-01-15 10:31:30 - [MESSAGE][PASSED] - Text 'A05' is set on object 'Object Repository/WIZARD/3Infraestructura/5Terminales/Edicion/input_Nombre'

2024-01-15 10:31:30 - [TEST_STEP][PASSED] - setText(findTestObject("WIZARD/3Infraestructura/5Terminales/Edicion/textarea_Descripcion"), "WorkFlow - Terminal - Recepciones"): Text 'WorkFlow - Terminal - Recepciones' is set on object 'Object Repository/WIZARD/3Infraestructura/5Terminales/Edicion/textarea_Descripcion'

2024-01-15 10:31:31 - [MESSAGE][PASSED] - Text 'WorkFlow - Terminal - Recepciones' is set on object 'Object Repository/WIZARD/3Infraestructura/5Terminales/Edicion/textarea_Descripcion'

2024-01-15 10:31:31 - [TEST_STEP][PASSED] - scrollToElement(findTestObject("WIZARD/3Infraestructura/5Terminales/Edicion/Label/label_Mostrar ventana emergente"), 2): Scroll to object 'Object Repository/WIZARD/3Infraestructura/5Terminales/Edicion/Label/label_Mostrar ventana emergente' successfully

2024-01-15 10:31:32 - [MESSAGE][PASSED] - Scroll to object 'Object Repository/WIZARD/3Infraestructura/5Terminales/Edicion/Label/label_Mostrar ventana emergente' successfully

2024-01-15 10:31:32 - [TEST_STEP][PASSED] - clearText(findTestObject("WIZARD/3Infraestructura/5Terminales/Edicion/input_Direccion en sala")): Text of object 'Object Repository/WIZARD/3Infraestructura/5Terminales/Edicion/input_Direccion en sala' is cleared

2024-01-15 10:31:32 - [MESSAGE][PASSED] - Text of object 'Object Repository/WIZARD/3Infraestructura/5Terminales/Edicion/input_Direccion en sala' is cleared

2024-01-15 10:31:32 - [TEST_STEP][PASSED] - setText(findTestObject("WIZARD/3Infraestructura/5Terminales/Edicion/input_Direccion en sala"), "5"): Text '5' is set on object 'Object Repository/WIZARD/3Infraestructura/5Terminales/Edicion/input_Direccion en sala'

2024-01-15 10:31:33 - [MESSAGE][PASSED] - Text '5' is set on object 'Object Repository/WIZARD/3Infraestructura/5Terminales/Edicion/input_Direccion en sala'

2024-01-15 10:31:33 - [TEST_STEP][PASSED] - check(findTestObject("WIZARD/3Infraestructura/5Terminales/Edicion/Label/label_Mostrar ventana emergente")): Object 'Object Repository/WIZARD/3Infraestructura/5Terminales/Edicion/Label/label_Mostrar ventana emergente' is checked

2024-01-15 10:31:33 - [MESSAGE][PASSED] - Object 'Object Repository/WIZARD/3Infraestructura/5Terminales/Edicion/Label/label_Mostrar ventana emergente' is checked

2024-01-15 10:31:33 - [TEST_STEP][PASSED] - scrollToPosition(0, 0): Browser is scrolled to position x = 0, y = 0

2024-01-15 10:31:33 - [MESSAGE][PASSED] - Browser is scrolled to position x = 0, y = 0

2024-01-15 10:31:33 - [TEST_STEP][PASSED] - delay(2): Delayed 2 second(s)

2024-01-15 10:31:35 - [MESSAGE][PASSED] - Delayed 2 second(s)

2024-01-15 10:31:35 - [TEST_STEP][PASSED] - click(findTestObject("WIZARD/3Infraestructura/5Terminales/Edicion/img_Nuevo")): Object: 'Object Repository/WIZARD/3Infraestructura/5Terminales/Edicion/img_Nuevo' is clicked on

2024-01-15 10:31:36 - [MESSAGE][PASSED] - Object: 'Object Repository/WIZARD/3Infraestructura/5Terminales/Edicion/img_Nuevo' is clicked on

2024-01-15 10:31:36 - [TEST_STEP][PASSED] - delay(3): Delayed 3 second(s)

2024-01-15 10:31:39 - [MESSAGE][PASSED] - Delayed 3 second(s)

2024-01-15 10:31:39 - [TEST_STEP][PASSED] - Start listener action : sampleAfterTestCase: null]]></system-out>
         <system-err><![CDATA[]]></system-err>
      </testcase>
      <system-out><![CDATA[2024-01-15 10:29:27 - [TEST_SUITE][PASSED] - 5.5 Crear Terminales WorkFlow: Test Cases/WIZARD/3Infraestructura/5Terminales/5.5 Crear Terminales WorkFlow]]></system-out>
      <system-err><![CDATA[]]></system-err>
   </testsuite>
</testsuites>
