<?xml version="1.0" encoding="UTF-8"?>
<testsuites name="0 Generar Turno" time="182.487" tests="1" failures="0" errors="0">
   <testsuite name="0 Generar Turno" tests="1" failures="0" errors="0" time="182.487" skipped="0" timestamp="2023-08-14 13:53:45" hostname="jdavila - PCPruebas101.ciel.cielingenieria.com" id="Test Suites/DIGITURNO/OPERACION BASICA/0 Generar Turno">
      <properties>
         <property name="deviceName" value=""/>
         <property name="devicePlatform" value=""/>
         <property name="logFolder" value="C:\\CIEL INGENIERIA\\Katalon\\Digiturno55\\Reports\\20230814_135312\\DIGITURNO\\OPERACION BASICA\\0 Generar Turno\\20230814_135314"/>
         <property name="logFiles" value="C:\\CIEL INGENIERIA\\Katalon\\Digiturno55\\Reports\\20230814_135312\\DIGITURNO\\OPERACION BASICA\\0 Generar Turno\\20230814_135314\\execution0.log"/>
         <property name="attachments" value=""/>
         <property name="hostName" value="jdavila - PCPruebas101.ciel.cielingenieria.com"/>
         <property name="os" value="Windows 10 64bit"/>
         <property name="katalonVersion" value="8.6.0.208"/>
         <property name="browser" value="Chrome 115.0.0.0"/>
         <property name="hostAddress" value="192.168.0.33"/>
         <property name="sessionId" value="aa35b94571bad7b72e8b35fb52ff3730"/>
         <property name="seleniumVersion" value="3.141.59"/>
         <property name="proxyInformation" value="ProxyInformation { proxyOption=NO_PROXY, proxyServerType=HTTP, username=, password=********, proxyServerAddress=, proxyServerPort=0, executionList=&quot;&quot;, isApplyToDesiredCapabilities=true }"/>
         <property name="platform" value="Windows 10"/>
      </properties>
      <testcase name="Test Cases/DIGITURNO/OPERACION BASICA/0 Generar Turno" time="182.197" classname="Test Cases/DIGITURNO/OPERACION BASICA/0 Generar Turno" status="PASSED">
         <system-out><![CDATA[2023-08-14 13:53:45 - [TEST_CASE][PASSED] - Test Cases/DIGITURNO/OPERACION BASICA/0 Generar Turno: Test Cases/DIGITURNO/OPERACION BASICA/0 Generar Turno

2023-08-14 13:53:46 - [TEST_STEP][PASSED] - callTestCase(findTestCase("0InicioSesion"), [:], STOP_ON_FAILURE): Call Test Case 'Test Cases/0InicioSesion' successfully

2023-08-14 13:53:46 - [TEST_CASE][PASSED] - Test Cases/0InicioSesion: Test Cases/0InicioSesion

2023-08-14 13:53:46 - [TEST_STEP][PASSED] - openBrowser(UrlDigiturno): Browser is opened with url: 'https://PCPruebas101.ciel.cielingenieria.com:8610'

2023-08-14 13:53:47 - [MESSAGE][INFO] - Starting 'Chrome' driver

2023-08-14 13:53:47 - [MESSAGE][INFO] - User set preference: ['args', '[--use-fake-ui-for-media-stream, --disable-notifications]']

2023-08-14 13:53:47 - [MESSAGE][INFO] - Action delay is set to 0 milliseconds

2023-08-14 13:53:50 - [MESSAGE][PASSED] - Browser is opened with url: 'https://PCPruebas101.ciel.cielingenieria.com:8610'

2023-08-14 13:53:50 - [TEST_STEP][PASSED] - maximizeWindow(): Current window maximized

2023-08-14 13:53:50 - [MESSAGE][PASSED] - Current window maximized

2023-08-14 13:53:50 - [TEST_STEP][PASSED] - delay(3): Delayed 3 second(s)

2023-08-14 13:53:53 - [MESSAGE][PASSED] - Delayed 3 second(s)

2023-08-14 13:53:53 - [TEST_STEP][PASSED] - setText(findTestObject("0Inicio Sesion/input_Usuario"), "Ciel"): Text 'Ciel' is set on object 'Object Repository/0Inicio Sesion/input_Usuario'

2023-08-14 13:53:54 - [MESSAGE][PASSED] - Text 'Ciel' is set on object 'Object Repository/0Inicio Sesion/input_Usuario'

2023-08-14 13:53:54 - [TEST_STEP][PASSED] - setText(findTestObject("0Inicio Sesion/input_Clave"), "digiturno"): Text 'digiturno' is set on object 'Object Repository/0Inicio Sesion/input_Clave'

2023-08-14 13:53:55 - [MESSAGE][PASSED] - Text 'digiturno' is set on object 'Object Repository/0Inicio Sesion/input_Clave'

2023-08-14 13:53:55 - [TEST_STEP][PASSED] - click(findTestObject("0Inicio Sesion/btn_IniciarSesion")): Object: 'Object Repository/0Inicio Sesion/btn_IniciarSesion' is clicked on

2023-08-14 13:53:56 - [MESSAGE][PASSED] - Object: 'Object Repository/0Inicio Sesion/btn_IniciarSesion' is clicked on

2023-08-14 13:53:56 - [TEST_STEP][PASSED] - delay(3): Delayed 3 second(s)

2023-08-14 13:53:59 - [MESSAGE][PASSED] - Delayed 3 second(s)

2023-08-14 13:53:59 - [MESSAGE][PASSED] - Call Test Case 'Test Cases/0InicioSesion' successfully

2023-08-14 13:53:59 - [TEST_STEP][PASSED] - delay(3): Delayed 3 second(s)

2023-08-14 13:54:02 - [MESSAGE][PASSED] - Delayed 3 second(s)

2023-08-14 13:54:02 - [TEST_STEP][PASSED] - click(findTestObject("DIGITURNO/1Principal/img_Operacion(1)")): Object: 'Object Repository/DIGITURNO/1Principal/img_Operacion(1)' is clicked on

2023-08-14 13:54:10 - [MESSAGE][PASSED] - Object: 'Object Repository/DIGITURNO/1Principal/img_Operacion(1)' is clicked on

2023-08-14 13:54:10 - [TEST_STEP][PASSED] - delay(3): Delayed 3 second(s)

2023-08-14 13:54:13 - [MESSAGE][PASSED] - Delayed 3 second(s)

2023-08-14 13:54:13 - [TEST_STEP][PASSED] - click(findTestObject("DIGITURNO/OPERACION/0Principal/Elementos del Sistema/img_Selectores")): Object: 'Object Repository/DIGITURNO/OPERACION/0Principal/Elementos del Sistema/img_Selectores' is clicked on

2023-08-14 13:54:16 - [MESSAGE][PASSED] - Object: 'Object Repository/DIGITURNO/OPERACION/0Principal/Elementos del Sistema/img_Selectores' is clicked on

2023-08-14 13:54:16 - [TEST_STEP][PASSED] - delay(3): Delayed 3 second(s)

2023-08-14 13:54:19 - [MESSAGE][PASSED] - Delayed 3 second(s)

2023-08-14 13:54:19 - [TEST_STEP][PASSED] - click(findTestObject("DIGITURNO/OPERACION/1Selectores/Oficinas/td_1Bogota - CIEL")): Object: 'Object Repository/DIGITURNO/OPERACION/1Selectores/Oficinas/td_1Bogota - CIEL' is clicked on

2023-08-14 13:54:20 - [MESSAGE][PASSED] - Object: 'Object Repository/DIGITURNO/OPERACION/1Selectores/Oficinas/td_1Bogota - CIEL' is clicked on

2023-08-14 13:54:20 - [TEST_STEP][PASSED] - delay(3): Delayed 3 second(s)

2023-08-14 13:54:23 - [MESSAGE][PASSED] - Delayed 3 second(s)

2023-08-14 13:54:23 - [TEST_STEP][PASSED] - click(findTestObject("DIGITURNO/OPERACION/1Selectores/Lista de Selectores/td_Selector 01")): Object: 'Object Repository/DIGITURNO/OPERACION/1Selectores/Lista de Selectores/td_Selector 01' is clicked on

2023-08-14 13:54:23 - [MESSAGE][PASSED] - Object: 'Object Repository/DIGITURNO/OPERACION/1Selectores/Lista de Selectores/td_Selector 01' is clicked on

2023-08-14 13:54:23 - [TEST_STEP][PASSED] - delay(5): Delayed 5 second(s)

2023-08-14 13:54:28 - [MESSAGE][PASSED] - Delayed 5 second(s)

2023-08-14 13:54:28 - [TEST_STEP][PASSED] - switchToWindowIndex(1): Switched to window with index: '1'

2023-08-14 13:54:28 - [MESSAGE][PASSED] - Switched to window with index: '1'

2023-08-14 13:54:28 - [TEST_STEP][PASSED] - delay(2): Delayed 2 second(s)

2023-08-14 13:54:30 - [MESSAGE][PASSED] - Delayed 2 second(s)

2023-08-14 13:54:30 - [TEST_STEP][PASSED] - setText(findTestObject("DIGITURNO/OPERACION/1Selectores/Selector/Jerarquia/input_cajaBusqueda"), "info"): Text 'info' is set on object 'Object Repository/DIGITURNO/OPERACION/1Selectores/Selector/Jerarquia/input_cajaBusqueda'

2023-08-14 13:54:48 - [MESSAGE][PASSED] - Text 'info' is set on object 'Object Repository/DIGITURNO/OPERACION/1Selectores/Selector/Jerarquia/input_cajaBusqueda'

2023-08-14 13:54:48 - [TEST_STEP][PASSED] - delay(3): Delayed 3 second(s)

2023-08-14 13:54:51 - [MESSAGE][PASSED] - Delayed 3 second(s)

2023-08-14 13:54:51 - [TEST_STEP][PASSED] - for (def index : (1..12)): Delayed 3 second(s)

2023-08-14 13:54:51 - [TEST_STEP][PASSED] - click(findTestObject("DIGITURNO/OPERACION/1Selectores/Selector/Jerarquia/a_WIZ General Informacion")): Object: 'Object Repository/DIGITURNO/OPERACION/1Selectores/Selector/Jerarquia/a_WIZ General Informacion' is clicked on

2023-08-14 13:54:51 - [MESSAGE][PASSED] - Object: 'Object Repository/DIGITURNO/OPERACION/1Selectores/Selector/Jerarquia/a_WIZ General Informacion' is clicked on

2023-08-14 13:54:51 - [TEST_STEP][PASSED] - delay(3): Delayed 3 second(s)

2023-08-14 13:54:55 - [MESSAGE][PASSED] - Delayed 3 second(s)

2023-08-14 13:54:55 - [TEST_STEP][PASSED] - click(findTestObject("DIGITURNO/OPERACION/1Selectores/Selector/Generar Turno/img_Con Impresion")): Object: 'Object Repository/DIGITURNO/OPERACION/1Selectores/Selector/Generar Turno/img_Con Impresion' is clicked on

2023-08-14 13:54:55 - [MESSAGE][PASSED] - Object: 'Object Repository/DIGITURNO/OPERACION/1Selectores/Selector/Generar Turno/img_Con Impresion' is clicked on

2023-08-14 13:54:55 - [TEST_STEP][PASSED] - delay(3): Delayed 3 second(s)

2023-08-14 13:54:58 - [MESSAGE][PASSED] - Delayed 3 second(s)

2023-08-14 13:54:58 - [TEST_STEP][PASSED] - click(findTestObject("DIGITURNO/OPERACION/1Selectores/Selector/Jerarquia/a_WIZ General Informacion")): Object: 'Object Repository/DIGITURNO/OPERACION/1Selectores/Selector/Jerarquia/a_WIZ General Informacion' is clicked on

2023-08-14 13:55:14 - [MESSAGE][PASSED] - Object: 'Object Repository/DIGITURNO/OPERACION/1Selectores/Selector/Jerarquia/a_WIZ General Informacion' is clicked on

2023-08-14 13:55:14 - [TEST_STEP][PASSED] - delay(3): Delayed 3 second(s)

2023-08-14 13:55:17 - [MESSAGE][PASSED] - Delayed 3 second(s)

2023-08-14 13:55:17 - [TEST_STEP][PASSED] - click(findTestObject("DIGITURNO/OPERACION/1Selectores/Selector/Generar Turno/img_Con Impresion")): Object: 'Object Repository/DIGITURNO/OPERACION/1Selectores/Selector/Generar Turno/img_Con Impresion' is clicked on

2023-08-14 13:55:18 - [MESSAGE][PASSED] - Object: 'Object Repository/DIGITURNO/OPERACION/1Selectores/Selector/Generar Turno/img_Con Impresion' is clicked on

2023-08-14 13:55:18 - [TEST_STEP][PASSED] - delay(3): Delayed 3 second(s)

2023-08-14 13:55:21 - [MESSAGE][PASSED] - Delayed 3 second(s)

2023-08-14 13:55:21 - [TEST_STEP][PASSED] - click(findTestObject("DIGITURNO/OPERACION/1Selectores/Selector/Jerarquia/a_WIZ General Informacion")): Object: 'Object Repository/DIGITURNO/OPERACION/1Selectores/Selector/Jerarquia/a_WIZ General Informacion' is clicked on

2023-08-14 13:55:24 - [MESSAGE][PASSED] - Object: 'Object Repository/DIGITURNO/OPERACION/1Selectores/Selector/Jerarquia/a_WIZ General Informacion' is clicked on

2023-08-14 13:55:24 - [TEST_STEP][PASSED] - delay(3): Delayed 3 second(s)

2023-08-14 13:55:27 - [MESSAGE][PASSED] - Delayed 3 second(s)

2023-08-14 13:55:27 - [TEST_STEP][PASSED] - click(findTestObject("DIGITURNO/OPERACION/1Selectores/Selector/Generar Turno/img_Con Impresion")): Object: 'Object Repository/DIGITURNO/OPERACION/1Selectores/Selector/Generar Turno/img_Con Impresion' is clicked on

2023-08-14 13:55:28 - [MESSAGE][PASSED] - Object: 'Object Repository/DIGITURNO/OPERACION/1Selectores/Selector/Generar Turno/img_Con Impresion' is clicked on

2023-08-14 13:55:28 - [TEST_STEP][PASSED] - delay(3): Delayed 3 second(s)

2023-08-14 13:55:31 - [MESSAGE][PASSED] - Delayed 3 second(s)

2023-08-14 13:55:31 - [TEST_STEP][PASSED] - click(findTestObject("DIGITURNO/OPERACION/1Selectores/Selector/Jerarquia/a_WIZ General Informacion")): Object: 'Object Repository/DIGITURNO/OPERACION/1Selectores/Selector/Jerarquia/a_WIZ General Informacion' is clicked on

2023-08-14 13:55:32 - [MESSAGE][PASSED] - Object: 'Object Repository/DIGITURNO/OPERACION/1Selectores/Selector/Jerarquia/a_WIZ General Informacion' is clicked on

2023-08-14 13:55:32 - [TEST_STEP][PASSED] - delay(3): Delayed 3 second(s)

2023-08-14 13:55:35 - [MESSAGE][PASSED] - Delayed 3 second(s)

2023-08-14 13:55:35 - [TEST_STEP][PASSED] - click(findTestObject("DIGITURNO/OPERACION/1Selectores/Selector/Generar Turno/img_Con Impresion")): Object: 'Object Repository/DIGITURNO/OPERACION/1Selectores/Selector/Generar Turno/img_Con Impresion' is clicked on

2023-08-14 13:55:36 - [MESSAGE][PASSED] - Object: 'Object Repository/DIGITURNO/OPERACION/1Selectores/Selector/Generar Turno/img_Con Impresion' is clicked on

2023-08-14 13:55:36 - [TEST_STEP][PASSED] - delay(3): Delayed 3 second(s)

2023-08-14 13:55:39 - [MESSAGE][PASSED] - Delayed 3 second(s)

2023-08-14 13:55:39 - [TEST_STEP][PASSED] - click(findTestObject("DIGITURNO/OPERACION/1Selectores/Selector/Jerarquia/a_WIZ General Informacion")): Object: 'Object Repository/DIGITURNO/OPERACION/1Selectores/Selector/Jerarquia/a_WIZ General Informacion' is clicked on

2023-08-14 13:55:40 - [MESSAGE][PASSED] - Object: 'Object Repository/DIGITURNO/OPERACION/1Selectores/Selector/Jerarquia/a_WIZ General Informacion' is clicked on

2023-08-14 13:55:40 - [TEST_STEP][PASSED] - delay(3): Delayed 3 second(s)

2023-08-14 13:55:43 - [MESSAGE][PASSED] - Delayed 3 second(s)

2023-08-14 13:55:43 - [TEST_STEP][PASSED] - click(findTestObject("DIGITURNO/OPERACION/1Selectores/Selector/Generar Turno/img_Con Impresion")): Object: 'Object Repository/DIGITURNO/OPERACION/1Selectores/Selector/Generar Turno/img_Con Impresion' is clicked on

2023-08-14 13:55:43 - [MESSAGE][PASSED] - Object: 'Object Repository/DIGITURNO/OPERACION/1Selectores/Selector/Generar Turno/img_Con Impresion' is clicked on

2023-08-14 13:55:43 - [TEST_STEP][PASSED] - delay(3): Delayed 3 second(s)

2023-08-14 13:55:46 - [MESSAGE][PASSED] - Delayed 3 second(s)

2023-08-14 13:55:46 - [TEST_STEP][PASSED] - click(findTestObject("DIGITURNO/OPERACION/1Selectores/Selector/Jerarquia/a_WIZ General Informacion")): Object: 'Object Repository/DIGITURNO/OPERACION/1Selectores/Selector/Jerarquia/a_WIZ General Informacion' is clicked on

2023-08-14 13:55:47 - [MESSAGE][PASSED] - Object: 'Object Repository/DIGITURNO/OPERACION/1Selectores/Selector/Jerarquia/a_WIZ General Informacion' is clicked on

2023-08-14 13:55:47 - [TEST_STEP][PASSED] - delay(3): Delayed 3 second(s)

2023-08-14 13:55:50 - [MESSAGE][PASSED] - Delayed 3 second(s)

2023-08-14 13:55:50 - [TEST_STEP][PASSED] - click(findTestObject("DIGITURNO/OPERACION/1Selectores/Selector/Generar Turno/img_Con Impresion")): Object: 'Object Repository/DIGITURNO/OPERACION/1Selectores/Selector/Generar Turno/img_Con Impresion' is clicked on

2023-08-14 13:55:51 - [MESSAGE][PASSED] - Object: 'Object Repository/DIGITURNO/OPERACION/1Selectores/Selector/Generar Turno/img_Con Impresion' is clicked on

2023-08-14 13:55:51 - [TEST_STEP][PASSED] - delay(3): Delayed 3 second(s)

2023-08-14 13:55:54 - [MESSAGE][PASSED] - Delayed 3 second(s)

2023-08-14 13:55:54 - [TEST_STEP][PASSED] - click(findTestObject("DIGITURNO/OPERACION/1Selectores/Selector/Jerarquia/a_WIZ General Informacion")): Object: 'Object Repository/DIGITURNO/OPERACION/1Selectores/Selector/Jerarquia/a_WIZ General Informacion' is clicked on

2023-08-14 13:55:55 - [MESSAGE][PASSED] - Object: 'Object Repository/DIGITURNO/OPERACION/1Selectores/Selector/Jerarquia/a_WIZ General Informacion' is clicked on

2023-08-14 13:55:55 - [TEST_STEP][PASSED] - delay(3): Delayed 3 second(s)

2023-08-14 13:55:58 - [MESSAGE][PASSED] - Delayed 3 second(s)

2023-08-14 13:55:58 - [TEST_STEP][PASSED] - click(findTestObject("DIGITURNO/OPERACION/1Selectores/Selector/Generar Turno/img_Con Impresion")): Object: 'Object Repository/DIGITURNO/OPERACION/1Selectores/Selector/Generar Turno/img_Con Impresion' is clicked on

2023-08-14 13:55:59 - [MESSAGE][PASSED] - Object: 'Object Repository/DIGITURNO/OPERACION/1Selectores/Selector/Generar Turno/img_Con Impresion' is clicked on

2023-08-14 13:55:59 - [TEST_STEP][PASSED] - delay(3): Delayed 3 second(s)

2023-08-14 13:56:02 - [MESSAGE][PASSED] - Delayed 3 second(s)

2023-08-14 13:56:02 - [TEST_STEP][PASSED] - click(findTestObject("DIGITURNO/OPERACION/1Selectores/Selector/Jerarquia/a_WIZ General Informacion")): Object: 'Object Repository/DIGITURNO/OPERACION/1Selectores/Selector/Jerarquia/a_WIZ General Informacion' is clicked on

2023-08-14 13:56:03 - [MESSAGE][PASSED] - Object: 'Object Repository/DIGITURNO/OPERACION/1Selectores/Selector/Jerarquia/a_WIZ General Informacion' is clicked on

2023-08-14 13:56:03 - [TEST_STEP][PASSED] - delay(3): Delayed 3 second(s)

2023-08-14 13:56:06 - [MESSAGE][PASSED] - Delayed 3 second(s)

2023-08-14 13:56:06 - [TEST_STEP][PASSED] - click(findTestObject("DIGITURNO/OPERACION/1Selectores/Selector/Generar Turno/img_Con Impresion")): Object: 'Object Repository/DIGITURNO/OPERACION/1Selectores/Selector/Generar Turno/img_Con Impresion' is clicked on

2023-08-14 13:56:06 - [MESSAGE][PASSED] - Object: 'Object Repository/DIGITURNO/OPERACION/1Selectores/Selector/Generar Turno/img_Con Impresion' is clicked on

2023-08-14 13:56:06 - [TEST_STEP][PASSED] - delay(3): Delayed 3 second(s)

2023-08-14 13:56:09 - [MESSAGE][PASSED] - Delayed 3 second(s)

2023-08-14 13:56:09 - [TEST_STEP][PASSED] - click(findTestObject("DIGITURNO/OPERACION/1Selectores/Selector/Jerarquia/a_WIZ General Informacion")): Object: 'Object Repository/DIGITURNO/OPERACION/1Selectores/Selector/Jerarquia/a_WIZ General Informacion' is clicked on

2023-08-14 13:56:11 - [MESSAGE][PASSED] - Object: 'Object Repository/DIGITURNO/OPERACION/1Selectores/Selector/Jerarquia/a_WIZ General Informacion' is clicked on

2023-08-14 13:56:11 - [TEST_STEP][PASSED] - delay(3): Delayed 3 second(s)

2023-08-14 13:56:14 - [MESSAGE][PASSED] - Delayed 3 second(s)

2023-08-14 13:56:14 - [TEST_STEP][PASSED] - click(findTestObject("DIGITURNO/OPERACION/1Selectores/Selector/Generar Turno/img_Con Impresion")): Object: 'Object Repository/DIGITURNO/OPERACION/1Selectores/Selector/Generar Turno/img_Con Impresion' is clicked on

2023-08-14 13:56:15 - [MESSAGE][PASSED] - Object: 'Object Repository/DIGITURNO/OPERACION/1Selectores/Selector/Generar Turno/img_Con Impresion' is clicked on

2023-08-14 13:56:15 - [TEST_STEP][PASSED] - delay(3): Delayed 3 second(s)

2023-08-14 13:56:18 - [MESSAGE][PASSED] - Delayed 3 second(s)

2023-08-14 13:56:18 - [TEST_STEP][PASSED] - click(findTestObject("DIGITURNO/OPERACION/1Selectores/Selector/Jerarquia/a_WIZ General Informacion")): Object: 'Object Repository/DIGITURNO/OPERACION/1Selectores/Selector/Jerarquia/a_WIZ General Informacion' is clicked on

2023-08-14 13:56:19 - [MESSAGE][PASSED] - Object: 'Object Repository/DIGITURNO/OPERACION/1Selectores/Selector/Jerarquia/a_WIZ General Informacion' is clicked on

2023-08-14 13:56:19 - [TEST_STEP][PASSED] - delay(3): Delayed 3 second(s)

2023-08-14 13:56:22 - [MESSAGE][PASSED] - Delayed 3 second(s)

2023-08-14 13:56:22 - [TEST_STEP][PASSED] - click(findTestObject("DIGITURNO/OPERACION/1Selectores/Selector/Generar Turno/img_Con Impresion")): Object: 'Object Repository/DIGITURNO/OPERACION/1Selectores/Selector/Generar Turno/img_Con Impresion' is clicked on

2023-08-14 13:56:23 - [MESSAGE][PASSED] - Object: 'Object Repository/DIGITURNO/OPERACION/1Selectores/Selector/Generar Turno/img_Con Impresion' is clicked on

2023-08-14 13:56:23 - [TEST_STEP][PASSED] - delay(3): Delayed 3 second(s)

2023-08-14 13:56:26 - [MESSAGE][PASSED] - Delayed 3 second(s)

2023-08-14 13:56:26 - [TEST_STEP][PASSED] - click(findTestObject("DIGITURNO/OPERACION/1Selectores/Selector/Jerarquia/a_WIZ General Informacion")): Object: 'Object Repository/DIGITURNO/OPERACION/1Selectores/Selector/Jerarquia/a_WIZ General Informacion' is clicked on

2023-08-14 13:56:26 - [MESSAGE][PASSED] - Object: 'Object Repository/DIGITURNO/OPERACION/1Selectores/Selector/Jerarquia/a_WIZ General Informacion' is clicked on

2023-08-14 13:56:26 - [TEST_STEP][PASSED] - delay(3): Delayed 3 second(s)

2023-08-14 13:56:29 - [MESSAGE][PASSED] - Delayed 3 second(s)

2023-08-14 13:56:29 - [TEST_STEP][PASSED] - click(findTestObject("DIGITURNO/OPERACION/1Selectores/Selector/Generar Turno/img_Con Impresion")): Object: 'Object Repository/DIGITURNO/OPERACION/1Selectores/Selector/Generar Turno/img_Con Impresion' is clicked on

2023-08-14 13:56:30 - [MESSAGE][PASSED] - Object: 'Object Repository/DIGITURNO/OPERACION/1Selectores/Selector/Generar Turno/img_Con Impresion' is clicked on

2023-08-14 13:56:30 - [TEST_STEP][PASSED] - delay(3): Delayed 3 second(s)

2023-08-14 13:56:33 - [MESSAGE][PASSED] - Delayed 3 second(s)

2023-08-14 13:56:33 - [TEST_STEP][PASSED] - click(findTestObject("DIGITURNO/OPERACION/1Selectores/Selector/Jerarquia/a_WIZ General Informacion")): Object: 'Object Repository/DIGITURNO/OPERACION/1Selectores/Selector/Jerarquia/a_WIZ General Informacion' is clicked on

2023-08-14 13:56:34 - [MESSAGE][PASSED] - Object: 'Object Repository/DIGITURNO/OPERACION/1Selectores/Selector/Jerarquia/a_WIZ General Informacion' is clicked on

2023-08-14 13:56:34 - [TEST_STEP][PASSED] - delay(3): Delayed 3 second(s)

2023-08-14 13:56:37 - [MESSAGE][PASSED] - Delayed 3 second(s)

2023-08-14 13:56:37 - [TEST_STEP][PASSED] - click(findTestObject("DIGITURNO/OPERACION/1Selectores/Selector/Generar Turno/img_Con Impresion")): Object: 'Object Repository/DIGITURNO/OPERACION/1Selectores/Selector/Generar Turno/img_Con Impresion' is clicked on

2023-08-14 13:56:37 - [MESSAGE][PASSED] - Object: 'Object Repository/DIGITURNO/OPERACION/1Selectores/Selector/Generar Turno/img_Con Impresion' is clicked on

2023-08-14 13:56:37 - [TEST_STEP][PASSED] - delay(3): Delayed 3 second(s)

2023-08-14 13:56:40 - [MESSAGE][PASSED] - Delayed 3 second(s)

2023-08-14 13:56:40 - [TEST_STEP][PASSED] - click(findTestObject("DIGITURNO/OPERACION/1Selectores/Selector/0Informacion de Selector/img_Cerrar")): Object: 'Object Repository/DIGITURNO/OPERACION/1Selectores/Selector/0Informacion de Selector/img_Cerrar' is clicked on

2023-08-14 13:56:41 - [MESSAGE][PASSED] - Object: 'Object Repository/DIGITURNO/OPERACION/1Selectores/Selector/0Informacion de Selector/img_Cerrar' is clicked on

2023-08-14 13:56:41 - [TEST_STEP][PASSED] - delay(3): Delayed 3 second(s)

2023-08-14 13:56:44 - [MESSAGE][PASSED] - Delayed 3 second(s)

2023-08-14 13:56:44 - [TEST_STEP][PASSED] - click(findTestObject("DIGITURNO/OPERACION/1Selectores/Selector/0Informacion de Selector/img_Cerrar(1)/btn_4FindeJornada_8")): Object: 'Object Repository/DIGITURNO/OPERACION/1Selectores/Selector/0Informacion de Selector/img_Cerrar(1)/btn_4FindeJornada_8' is clicked on

2023-08-14 13:56:45 - [MESSAGE][PASSED] - Object: 'Object Repository/DIGITURNO/OPERACION/1Selectores/Selector/0Informacion de Selector/img_Cerrar(1)/btn_4FindeJornada_8' is clicked on

2023-08-14 13:56:45 - [TEST_STEP][PASSED] - delay(3): Delayed 3 second(s)

2023-08-14 13:56:48 - [MESSAGE][PASSED] - Delayed 3 second(s)

2023-08-14 13:56:48 - [TEST_STEP][PASSED] - Start listener action : sampleAfterTestCase: null]]></system-out>
         <system-err><![CDATA[]]></system-err>
      </testcase>
      <system-out><![CDATA[2023-08-14 13:53:45 - [TEST_SUITE][PASSED] - 0 Generar Turno: Test Cases/DIGITURNO/OPERACION BASICA/0 Generar Turno]]></system-out>
      <system-err><![CDATA[]]></system-err>
   </testsuite>
</testsuites>
