<?xml version="1.0" encoding="UTF-8"?>
<testsuites name="70 Usuarios por perfil" time="41.816" tests="1" failures="0" errors="0">
   <testsuite name="70 Usuarios por perfil" tests="1" failures="0" errors="0" time="41.816" skipped="0" timestamp="2023-08-14 15:07:13" hostname="jdavila - PCPruebas101.ciel.cielingenieria.com" id="Test Suites/DIGITURNO/BASICO/70 Usuarios por perfil">
      <properties>
         <property name="deviceName" value=""/>
         <property name="devicePlatform" value=""/>
         <property name="logFolder" value="C:\\CIEL INGENIERIA\\Katalon\\Digiturno55\\Reports\\20230814_141235\\DIGITURNO\\BASICO\\70 Usuarios por perfil\\20230814_141347"/>
         <property name="logFiles" value="C:\\CIEL INGENIERIA\\Katalon\\Digiturno55\\Reports\\20230814_141235\\DIGITURNO\\BASICO\\70 Usuarios por perfil\\20230814_141347\\execution0.log"/>
         <property name="attachments" value="C:\\CIEL INGENIERIA\\Katalon\\Digiturno55\\Reports\\20230814_141235\\DIGITURNO\\BASICO\\70 Usuarios por perfil\\20230814_141347\\1692043652468.png, C:\\CIEL INGENIERIA\\Katalon\\Digiturno55\\Reports\\20230814_141235\\DIGITURNO\\BASICO\\70 Usuarios por perfil\\20230814_141347\\1692043663948.png, C:\\CIEL INGENIERIA\\Katalon\\Digiturno55\\Reports\\20230814_141235\\DIGITURNO\\BASICO\\70 Usuarios por perfil\\20230814_141347\\1692043671553.png"/>
         <property name="hostName" value="jdavila - PCPruebas101.ciel.cielingenieria.com"/>
         <property name="os" value="Windows 10 64bit"/>
         <property name="katalonVersion" value="8.6.0.208"/>
         <property name="browser" value="Chrome 115.0.0.0"/>
         <property name="hostAddress" value="192.168.0.33"/>
         <property name="sessionId" value="384b974163354bfa121c68f91e55d8a4"/>
         <property name="seleniumVersion" value="3.141.59"/>
         <property name="proxyInformation" value="ProxyInformation { proxyOption=NO_PROXY, proxyServerType=HTTP, username=, password=********, proxyServerAddress=, proxyServerPort=0, executionList=&quot;&quot;, isApplyToDesiredCapabilities=true }"/>
         <property name="platform" value="Windows 10"/>
      </properties>
      <testcase name="Test Cases/DIGITURNO/BASICO/70 Usuario por perfil" time="41.543" classname="Test Cases/DIGITURNO/BASICO/70 Usuario por perfil" status="PASSED">
         <system-out><![CDATA[2023-08-14 15:07:13 - [TEST_CASE][PASSED] - Test Cases/DIGITURNO/BASICO/70 Usuario por perfil: Test Cases/DIGITURNO/BASICO/70 Usuario por perfil

2023-08-14 15:07:13 - [TEST_STEP][PASSED] - callTestCase(findTestCase("DIGITURNO/BASICO/5 Usuarios"), [:], STOP_ON_FAILURE): Call Test Case 'Test Cases/DIGITURNO/BASICO/5 Usuarios' successfully

2023-08-14 15:07:13 - [TEST_CASE][PASSED] - Test Cases/DIGITURNO/BASICO/5 Usuarios: Test Cases/DIGITURNO/BASICO/5 Usuarios

2023-08-14 15:07:14 - [TEST_STEP][PASSED] - callTestCase(findTestCase("0InicioSesion"), [:], STOP_ON_FAILURE): Call Test Case 'Test Cases/0InicioSesion' successfully

2023-08-14 15:07:14 - [TEST_CASE][PASSED] - Test Cases/0InicioSesion: Test Cases/0InicioSesion

2023-08-14 15:07:14 - [TEST_STEP][PASSED] - openBrowser(UrlDigiturno): Browser is opened with url: 'https://PCPruebas101.ciel.cielingenieria.com:8610'

2023-08-14 15:07:14 - [MESSAGE][INFO] - Starting 'Chrome' driver

2023-08-14 15:07:14 - [MESSAGE][INFO] - User set preference: ['args', '[--use-fake-ui-for-media-stream, --disable-notifications]']

2023-08-14 15:07:14 - [MESSAGE][INFO] - Action delay is set to 0 milliseconds

2023-08-14 15:07:17 - [MESSAGE][PASSED] - Browser is opened with url: 'https://PCPruebas101.ciel.cielingenieria.com:8610'

2023-08-14 15:07:17 - [TEST_STEP][PASSED] - maximizeWindow(): Current window maximized

2023-08-14 15:07:17 - [MESSAGE][PASSED] - Current window maximized

2023-08-14 15:07:17 - [TEST_STEP][PASSED] - delay(3): Delayed 3 second(s)

2023-08-14 15:07:20 - [MESSAGE][PASSED] - Delayed 3 second(s)

2023-08-14 15:07:20 - [TEST_STEP][PASSED] - setText(findTestObject("0Inicio Sesion/input_Usuario"), "Ciel"): Text 'Ciel' is set on object 'Object Repository/0Inicio Sesion/input_Usuario'

2023-08-14 15:07:21 - [MESSAGE][PASSED] - Text 'Ciel' is set on object 'Object Repository/0Inicio Sesion/input_Usuario'

2023-08-14 15:07:21 - [TEST_STEP][PASSED] - setText(findTestObject("0Inicio Sesion/input_Clave"), "digiturno"): Text 'digiturno' is set on object 'Object Repository/0Inicio Sesion/input_Clave'

2023-08-14 15:07:21 - [MESSAGE][PASSED] - Text 'digiturno' is set on object 'Object Repository/0Inicio Sesion/input_Clave'

2023-08-14 15:07:21 - [TEST_STEP][PASSED] - click(findTestObject("0Inicio Sesion/btn_IniciarSesion")): Object: 'Object Repository/0Inicio Sesion/btn_IniciarSesion' is clicked on

2023-08-14 15:07:22 - [MESSAGE][PASSED] - Object: 'Object Repository/0Inicio Sesion/btn_IniciarSesion' is clicked on

2023-08-14 15:07:22 - [TEST_STEP][PASSED] - delay(3): Delayed 3 second(s)

2023-08-14 15:07:25 - [MESSAGE][PASSED] - Delayed 3 second(s)

2023-08-14 15:07:25 - [MESSAGE][PASSED] - Call Test Case 'Test Cases/0InicioSesion' successfully

2023-08-14 15:07:25 - [TEST_STEP][PASSED] - click(findTestObject("DIGITURNO/1Principal/img_Configuracion(1)")): Object: 'Object Repository/DIGITURNO/1Principal/img_Configuracion(1)' is clicked on

2023-08-14 15:07:25 - [MESSAGE][PASSED] - Object: 'Object Repository/DIGITURNO/1Principal/img_Configuracion(1)' is clicked on

2023-08-14 15:07:25 - [TEST_STEP][PASSED] - delay(3): Delayed 3 second(s)

2023-08-14 15:07:28 - [MESSAGE][PASSED] - Delayed 3 second(s)

2023-08-14 15:07:28 - [TEST_STEP][PASSED] - click(findTestObject("DIGITURNO/CONFIGURACION/0Principal/img_4Usuarios")): Object: 'Object Repository/DIGITURNO/CONFIGURACION/0Principal/img_4Usuarios' is clicked on

2023-08-14 15:07:29 - [MESSAGE][PASSED] - Object: 'Object Repository/DIGITURNO/CONFIGURACION/0Principal/img_4Usuarios' is clicked on

2023-08-14 15:07:29 - [TEST_STEP][PASSED] - delay(3): Delayed 3 second(s)

2023-08-14 15:07:32 - [MESSAGE][PASSED] - Delayed 3 second(s)

2023-08-14 15:07:32 - [TEST_STEP][PASSED] - takeFullPageScreenshot(STOP_ON_FAILURE): Taking screenshot successfully

2023-08-14 15:07:32 - [MESSAGE][INFO] - 0 hidden object(s)

2023-08-14 15:07:33 - [MESSAGE][PASSED] - Taking screenshot successfully
[[ATTACHMENT|C:\\CIEL INGENIERIA\\Katalon\\Digiturno55\\Reports\\20230814_141235\\DIGITURNO\\BASICO\\70 Usuarios por perfil\\20230814_141347\\1692043652468.png]]

2023-08-14 15:07:33 - [TEST_STEP][PASSED] - delay(3): Delayed 3 second(s)

2023-08-14 15:07:36 - [MESSAGE][PASSED] - Delayed 3 second(s)

2023-08-14 15:07:36 - [MESSAGE][PASSED] - Call Test Case 'Test Cases/DIGITURNO/BASICO/5 Usuarios' successfully

2023-08-14 15:07:36 - [TEST_STEP][PASSED] - click(findTestObject("DIGITURNO/CONFIGURACION/4Usuarios/0Principal/img_6Usuario por Perfil")): Object: 'Object Repository/DIGITURNO/CONFIGURACION/4Usuarios/0Principal/img_6Usuario por Perfil' is clicked on

2023-08-14 15:07:36 - [MESSAGE][PASSED] - Object: 'Object Repository/DIGITURNO/CONFIGURACION/4Usuarios/0Principal/img_6Usuario por Perfil' is clicked on

2023-08-14 15:07:36 - [TEST_STEP][PASSED] - delay(3): Delayed 3 second(s)

2023-08-14 15:07:39 - [MESSAGE][PASSED] - Delayed 3 second(s)

2023-08-14 15:07:39 - [TEST_STEP][PASSED] - selectOptionByIndex(findTestObject("DIGITURNO/CONFIGURACION/4Usuarios/6Usuario por perfil/select_Perfiles"), 1): All options with index in [1] are selected on object 'Object Repository/DIGITURNO/CONFIGURACION/4Usuarios/6Usuario por perfil/select_Perfiles'

2023-08-14 15:07:40 - [MESSAGE][PASSED] - All options with index in [1] are selected on object 'Object Repository/DIGITURNO/CONFIGURACION/4Usuarios/6Usuario por perfil/select_Perfiles'

2023-08-14 15:07:40 - [TEST_STEP][PASSED] - delay(3): Delayed 3 second(s)

2023-08-14 15:07:43 - [MESSAGE][PASSED] - Delayed 3 second(s)

2023-08-14 15:07:43 - [TEST_STEP][PASSED] - takeFullPageScreenshot(): Taking screenshot successfully

2023-08-14 15:07:44 - [MESSAGE][INFO] - 0 hidden object(s)

2023-08-14 15:07:44 - [MESSAGE][PASSED] - Taking screenshot successfully
[[ATTACHMENT|C:\\CIEL INGENIERIA\\Katalon\\Digiturno55\\Reports\\20230814_141235\\DIGITURNO\\BASICO\\70 Usuarios por perfil\\20230814_141347\\1692043663948.png]]

2023-08-14 15:07:44 - [TEST_STEP][PASSED] - delay(3): Delayed 3 second(s)

2023-08-14 15:07:47 - [MESSAGE][PASSED] - Delayed 3 second(s)

2023-08-14 15:07:47 - [TEST_STEP][PASSED] - selectOptionByIndex(findTestObject("DIGITURNO/CONFIGURACION/4Usuarios/6Usuario por perfil/select_Perfiles"), 0): All options with index in [0] are selected on object 'Object Repository/DIGITURNO/CONFIGURACION/4Usuarios/6Usuario por perfil/select_Perfiles'

2023-08-14 15:07:48 - [MESSAGE][PASSED] - All options with index in [0] are selected on object 'Object Repository/DIGITURNO/CONFIGURACION/4Usuarios/6Usuario por perfil/select_Perfiles'

2023-08-14 15:07:48 - [TEST_STEP][PASSED] - delay(3): Delayed 3 second(s)

2023-08-14 15:07:51 - [MESSAGE][PASSED] - Delayed 3 second(s)

2023-08-14 15:07:51 - [TEST_STEP][PASSED] - takeFullPageScreenshot(): Taking screenshot successfully

2023-08-14 15:07:51 - [MESSAGE][INFO] - 0 hidden object(s)

2023-08-14 15:07:52 - [MESSAGE][PASSED] - Taking screenshot successfully
[[ATTACHMENT|C:\\CIEL INGENIERIA\\Katalon\\Digiturno55\\Reports\\20230814_141235\\DIGITURNO\\BASICO\\70 Usuarios por perfil\\20230814_141347\\1692043671553.png]]

2023-08-14 15:07:52 - [TEST_STEP][PASSED] - delay(3): Delayed 3 second(s)

2023-08-14 15:07:55 - [MESSAGE][PASSED] - Delayed 3 second(s)

2023-08-14 15:07:55 - [TEST_STEP][PASSED] - Start listener action : sampleAfterTestCase: null]]></system-out>
         <system-err><![CDATA[]]></system-err>
      </testcase>
      <system-out><![CDATA[2023-08-14 15:07:13 - [TEST_SUITE][PASSED] - 70 Usuarios por perfil: Test Cases/DIGITURNO/BASICO/70 Usuario por perfil]]></system-out>
      <system-err><![CDATA[]]></system-err>
   </testsuite>
</testsuites>
