<?xml version="1.0" encoding="UTF-8"?>
<testsuites name="5.3 Crear Grupos Manizales" time="83.971" tests="1" failures="0" errors="0">
   <testsuite name="5.3 Crear Grupos Manizales" tests="1" failures="0" errors="0" time="83.971" skipped="0" timestamp="2024-01-15 10:08:17" hostname="jdavila - PCPruebas101.ciel.cielingenieria.com" id="Test Suites/WIZARD/3Infraestructura/3Grupos/5.3 Crear Grupos Manizales">
      <properties>
         <property name="deviceName" value=""/>
         <property name="devicePlatform" value=""/>
         <property name="logFolder" value="C:\\CIEL INGENIERIA\\Katalon\\Digiturno55\\Reports\\20240115_094157\\WIZARD\\3Infraestructura\\3Grupos\\5.3 Crear Grupos Manizales\\20240115_094241"/>
         <property name="logFiles" value="C:\\CIEL INGENIERIA\\Katalon\\Digiturno55\\Reports\\20240115_094157\\WIZARD\\3Infraestructura\\3Grupos\\5.3 Crear Grupos Manizales\\20240115_094241\\execution0.log"/>
         <property name="attachments" value="C:\\CIEL INGENIERIA\\Katalon\\Digiturno55\\Reports\\20240115_094157\\WIZARD\\3Infraestructura\\3Grupos\\5.3 Crear Grupos Manizales\\20240115_094241\\1705331377880.png"/>
         <property name="hostName" value="jdavila - PCPruebas101.ciel.cielingenieria.com"/>
         <property name="os" value="Windows 10 64bit"/>
         <property name="katalonVersion" value="8.6.8.208"/>
         <property name="browser" value="Chrome 120.0.0.0"/>
         <property name="hostAddress" value="192.168.0.9"/>
         <property name="sessionId" value="347aadf6f0f6d765663bff7ee0dcd1b9"/>
         <property name="seleniumVersion" value="3.141.59"/>
         <property name="proxyInformation" value="ProxyInformation { proxyOption=NO_PROXY, proxyServerType=HTTP, username=, password=********, proxyServerAddress=, proxyServerPort=0, executionList=&quot;&quot;, isApplyToDesiredCapabilities=true }"/>
         <property name="platform" value="Windows 10"/>
      </properties>
      <testcase name="Test Cases/WIZARD/3Infraestructura/3Grupos/5.3 Crear Grupos Manizales" time="83.726" classname="Test Cases/WIZARD/3Infraestructura/3Grupos/5.3 Crear Grupos Manizales" status="PASSED">
         <system-out><![CDATA[2024-01-15 10:08:18 - [TEST_CASE][PASSED] - Test Cases/WIZARD/3Infraestructura/3Grupos/5.3 Crear Grupos Manizales: Test Cases/WIZARD/3Infraestructura/3Grupos/5.3 Crear Grupos Manizales

2024-01-15 10:08:18 - [TEST_STEP][PASSED] - callTestCase(findTestCase("0InicioSesion"), [:], STOP_ON_FAILURE): Call Test Case 'Test Cases/0InicioSesion' successfully

2024-01-15 10:08:18 - [TEST_CASE][PASSED] - Test Cases/0InicioSesion: Test Cases/0InicioSesion

2024-01-15 10:08:18 - [TEST_STEP][PASSED] - openBrowser(UrlDigiturno): Browser is opened with url: 'https://PCPruebas101.ciel.cielingenieria.com:8610'

2024-01-15 10:08:19 - [MESSAGE][INFO] - Starting 'Chrome' driver

2024-01-15 10:08:19 - [MESSAGE][INFO] - User set preference: ['args', '[--use-fake-ui-for-media-stream, --disable-notifications]']

2024-01-15 10:08:19 - [MESSAGE][INFO] - Action delay is set to 0 milliseconds

2024-01-15 10:08:21 - [MESSAGE][PASSED] - Browser is opened with url: 'https://PCPruebas101.ciel.cielingenieria.com:8610'

2024-01-15 10:08:21 - [TEST_STEP][PASSED] - maximizeWindow(): Current window maximized

2024-01-15 10:08:21 - [MESSAGE][PASSED] - Current window maximized

2024-01-15 10:08:21 - [TEST_STEP][PASSED] - delay(3): Delayed 3 second(s)

2024-01-15 10:08:24 - [MESSAGE][PASSED] - Delayed 3 second(s)

2024-01-15 10:08:24 - [TEST_STEP][PASSED] - setText(findTestObject("0Inicio Sesion/input_Usuario"), "Ciel"): Text 'Ciel' is set on object 'Object Repository/0Inicio Sesion/input_Usuario'

2024-01-15 10:08:25 - [MESSAGE][PASSED] - Text 'Ciel' is set on object 'Object Repository/0Inicio Sesion/input_Usuario'

2024-01-15 10:08:25 - [TEST_STEP][PASSED] - setText(findTestObject("0Inicio Sesion/input_Clave"), "digiturno"): Text 'digiturno' is set on object 'Object Repository/0Inicio Sesion/input_Clave'

2024-01-15 10:08:26 - [MESSAGE][PASSED] - Text 'digiturno' is set on object 'Object Repository/0Inicio Sesion/input_Clave'

2024-01-15 10:08:26 - [TEST_STEP][PASSED] - click(findTestObject("0Inicio Sesion/btn_IniciarSesion")): Object: 'Object Repository/0Inicio Sesion/btn_IniciarSesion' is clicked on

2024-01-15 10:08:26 - [MESSAGE][PASSED] - Object: 'Object Repository/0Inicio Sesion/btn_IniciarSesion' is clicked on

2024-01-15 10:08:26 - [TEST_STEP][PASSED] - delay(3): Delayed 3 second(s)

2024-01-15 10:08:29 - [MESSAGE][PASSED] - Delayed 3 second(s)

2024-01-15 10:08:29 - [MESSAGE][PASSED] - Call Test Case 'Test Cases/0InicioSesion' successfully

2024-01-15 10:08:29 - [TEST_STEP][PASSED] - click(findTestObject("WIZARD/0Principal/img_InfraestructuraMAX")): Object: 'Object Repository/WIZARD/0Principal/img_InfraestructuraMAX' is clicked on

2024-01-15 10:08:30 - [MESSAGE][PASSED] - Object: 'Object Repository/WIZARD/0Principal/img_InfraestructuraMAX' is clicked on

2024-01-15 10:08:30 - [TEST_STEP][PASSED] - delay(3): Delayed 3 second(s)

2024-01-15 10:08:33 - [MESSAGE][PASSED] - Delayed 3 second(s)

2024-01-15 10:08:33 - [TEST_STEP][PASSED] - click(findTestObject("WIZARD/3Infraestructura/0Menu/span_Grupos")): Object: 'Object Repository/WIZARD/3Infraestructura/0Menu/span_Grupos' is clicked on

2024-01-15 10:08:34 - [MESSAGE][PASSED] - Object: 'Object Repository/WIZARD/3Infraestructura/0Menu/span_Grupos' is clicked on

2024-01-15 10:08:34 - [TEST_STEP][PASSED] - delay(3): Delayed 3 second(s)

2024-01-15 10:08:37 - [MESSAGE][PASSED] - Delayed 3 second(s)

2024-01-15 10:08:37 - [TEST_STEP][PASSED] - click(findTestObject("WIZARD/3Infraestructura/3Grupos/Edicion/btn_Sala")): Object: 'Object Repository/WIZARD/3Infraestructura/3Grupos/Edicion/btn_Sala' is clicked on

2024-01-15 10:08:37 - [MESSAGE][PASSED] - Object: 'Object Repository/WIZARD/3Infraestructura/3Grupos/Edicion/btn_Sala' is clicked on

2024-01-15 10:08:37 - [TEST_STEP][PASSED] - delay(3): Delayed 3 second(s)

2024-01-15 10:08:40 - [MESSAGE][PASSED] - Delayed 3 second(s)

2024-01-15 10:08:40 - [TEST_STEP][PASSED] - click(findTestObject("WIZARD/3Infraestructura/3Grupos/Edicion/btn_Sala(1)/a_4Manizales - Sala General")): Object: 'Object Repository/WIZARD/3Infraestructura/3Grupos/Edicion/btn_Sala(1)/a_4Manizales - Sala General' is clicked on

2024-01-15 10:08:41 - [MESSAGE][PASSED] - Object: 'Object Repository/WIZARD/3Infraestructura/3Grupos/Edicion/btn_Sala(1)/a_4Manizales - Sala General' is clicked on

2024-01-15 10:08:41 - [TEST_STEP][PASSED] - delay(3): Delayed 3 second(s)

2024-01-15 10:08:44 - [MESSAGE][PASSED] - Delayed 3 second(s)

2024-01-15 10:08:44 - [TEST_STEP][PASSED] - setText(findTestObject("WIZARD/3Infraestructura/3Grupos/Edicion/input_Nombre"), "Grupo Información"): Text 'Grupo Información' is set on object 'Object Repository/WIZARD/3Infraestructura/3Grupos/Edicion/input_Nombre'

2024-01-15 10:08:45 - [MESSAGE][PASSED] - Text 'Grupo Información' is set on object 'Object Repository/WIZARD/3Infraestructura/3Grupos/Edicion/input_Nombre'

2024-01-15 10:08:45 - [TEST_STEP][PASSED] - setText(findTestObject("WIZARD/3Infraestructura/3Grupos/Edicion/textarea_Descripcion"), "Manizales - Grupo Información"): Text 'Manizales - Grupo Información' is set on object 'Object Repository/WIZARD/3Infraestructura/3Grupos/Edicion/textarea_Descripcion'

2024-01-15 10:08:46 - [MESSAGE][PASSED] - Text 'Manizales - Grupo Información' is set on object 'Object Repository/WIZARD/3Infraestructura/3Grupos/Edicion/textarea_Descripcion'

2024-01-15 10:08:46 - [TEST_STEP][PASSED] - scrollToPosition(0, 800): Browser is scrolled to position x = 0, y = 800

2024-01-15 10:08:46 - [MESSAGE][PASSED] - Browser is scrolled to position x = 0, y = 800

2024-01-15 10:08:46 - [TEST_STEP][PASSED] - selectOptionByLabel(findTestObject("WIZARD/3Infraestructura/3Grupos/Edicion/select_Nivel de visualizacion en Transferencias"), "Área", false): All options with label 'Área' are selected in object 'Object Repository/WIZARD/3Infraestructura/3Grupos/Edicion/select_Nivel de visualizacion en Transferencias' 

2024-01-15 10:08:46 - [MESSAGE][PASSED] - All options with label 'Área' are selected in object 'Object Repository/WIZARD/3Infraestructura/3Grupos/Edicion/select_Nivel de visualizacion en Transferencias' 

2024-01-15 10:08:46 - [TEST_STEP][PASSED] - delay(2): Delayed 2 second(s)

2024-01-15 10:08:48 - [MESSAGE][PASSED] - Delayed 2 second(s)

2024-01-15 10:08:48 - [TEST_STEP][PASSED] - selectOptionByLabel(findTestObject("WIZARD/3Infraestructura/3Grupos/Edicion/select_Nivel de visualizacion en Nuevo Servicio"), "Área", false): All options with label 'Área' are selected in object 'Object Repository/WIZARD/3Infraestructura/3Grupos/Edicion/select_Nivel de visualizacion en Nuevo Servicio' 

2024-01-15 10:08:49 - [MESSAGE][PASSED] - All options with label 'Área' are selected in object 'Object Repository/WIZARD/3Infraestructura/3Grupos/Edicion/select_Nivel de visualizacion en Nuevo Servicio' 

2024-01-15 10:08:49 - [TEST_STEP][PASSED] - delay(2): Delayed 2 second(s)

2024-01-15 10:08:51 - [MESSAGE][PASSED] - Delayed 2 second(s)

2024-01-15 10:08:51 - [TEST_STEP][PASSED] - scrollToPosition(0, 0): Browser is scrolled to position x = 0, y = 0

2024-01-15 10:08:51 - [MESSAGE][PASSED] - Browser is scrolled to position x = 0, y = 0

2024-01-15 10:08:51 - [TEST_STEP][PASSED] - click(findTestObject("WIZARD/3Infraestructura/3Grupos/Edicion/img_Nuevo")): Object: 'Object Repository/WIZARD/3Infraestructura/3Grupos/Edicion/img_Nuevo' is clicked on

2024-01-15 10:08:52 - [MESSAGE][PASSED] - Object: 'Object Repository/WIZARD/3Infraestructura/3Grupos/Edicion/img_Nuevo' is clicked on

2024-01-15 10:08:52 - [TEST_STEP][PASSED] - delay(3): Delayed 3 second(s)

2024-01-15 10:08:55 - [MESSAGE][PASSED] - Delayed 3 second(s)

2024-01-15 10:08:55 - [TEST_STEP][PASSED] - click(findTestObject("WIZARD/3Infraestructura/0Menu/span_Grupos")): Object: 'Object Repository/WIZARD/3Infraestructura/0Menu/span_Grupos' is clicked on

2024-01-15 10:08:55 - [MESSAGE][PASSED] - Object: 'Object Repository/WIZARD/3Infraestructura/0Menu/span_Grupos' is clicked on

2024-01-15 10:08:55 - [TEST_STEP][PASSED] - delay(3): Delayed 3 second(s)

2024-01-15 10:08:58 - [MESSAGE][PASSED] - Delayed 3 second(s)

2024-01-15 10:08:58 - [TEST_STEP][PASSED] - click(findTestObject("WIZARD/3Infraestructura/3Grupos/Edicion/btn_Sala")): Object: 'Object Repository/WIZARD/3Infraestructura/3Grupos/Edicion/btn_Sala' is clicked on

2024-01-15 10:08:59 - [MESSAGE][PASSED] - Object: 'Object Repository/WIZARD/3Infraestructura/3Grupos/Edicion/btn_Sala' is clicked on

2024-01-15 10:08:59 - [TEST_STEP][PASSED] - delay(3): Delayed 3 second(s)

2024-01-15 10:09:02 - [MESSAGE][PASSED] - Delayed 3 second(s)

2024-01-15 10:09:02 - [TEST_STEP][PASSED] - click(findTestObject("WIZARD/3Infraestructura/3Grupos/Edicion/btn_Sala(1)/a_4Manizales - Sala General")): Object: 'Object Repository/WIZARD/3Infraestructura/3Grupos/Edicion/btn_Sala(1)/a_4Manizales - Sala General' is clicked on

2024-01-15 10:09:02 - [MESSAGE][PASSED] - Object: 'Object Repository/WIZARD/3Infraestructura/3Grupos/Edicion/btn_Sala(1)/a_4Manizales - Sala General' is clicked on

2024-01-15 10:09:02 - [TEST_STEP][PASSED] - delay(3): Delayed 3 second(s)

2024-01-15 10:09:05 - [MESSAGE][PASSED] - Delayed 3 second(s)

2024-01-15 10:09:05 - [TEST_STEP][PASSED] - setText(findTestObject("WIZARD/3Infraestructura/3Grupos/Edicion/input_Nombre"), "Grupo PQRS"): Text 'Grupo PQRS' is set on object 'Object Repository/WIZARD/3Infraestructura/3Grupos/Edicion/input_Nombre'

2024-01-15 10:09:06 - [MESSAGE][PASSED] - Text 'Grupo PQRS' is set on object 'Object Repository/WIZARD/3Infraestructura/3Grupos/Edicion/input_Nombre'

2024-01-15 10:09:06 - [TEST_STEP][PASSED] - setText(findTestObject("WIZARD/3Infraestructura/3Grupos/Edicion/textarea_Descripcion"), "Manizales - PQRS"): Text 'Manizales - PQRS' is set on object 'Object Repository/WIZARD/3Infraestructura/3Grupos/Edicion/textarea_Descripcion'

2024-01-15 10:09:07 - [MESSAGE][PASSED] - Text 'Manizales - PQRS' is set on object 'Object Repository/WIZARD/3Infraestructura/3Grupos/Edicion/textarea_Descripcion'

2024-01-15 10:09:07 - [TEST_STEP][PASSED] - scrollToPosition(0, 800): Browser is scrolled to position x = 0, y = 800

2024-01-15 10:09:07 - [MESSAGE][PASSED] - Browser is scrolled to position x = 0, y = 800

2024-01-15 10:09:07 - [TEST_STEP][PASSED] - selectOptionByLabel(findTestObject("WIZARD/3Infraestructura/3Grupos/Edicion/select_Nivel de visualizacion en Transferencias"), "Área", false): All options with label 'Área' are selected in object 'Object Repository/WIZARD/3Infraestructura/3Grupos/Edicion/select_Nivel de visualizacion en Transferencias' 

2024-01-15 10:09:08 - [MESSAGE][PASSED] - All options with label 'Área' are selected in object 'Object Repository/WIZARD/3Infraestructura/3Grupos/Edicion/select_Nivel de visualizacion en Transferencias' 

2024-01-15 10:09:08 - [TEST_STEP][PASSED] - delay(2): Delayed 2 second(s)

2024-01-15 10:09:10 - [MESSAGE][PASSED] - Delayed 2 second(s)

2024-01-15 10:09:10 - [TEST_STEP][PASSED] - selectOptionByLabel(findTestObject("WIZARD/3Infraestructura/3Grupos/Edicion/select_Nivel de visualizacion en Nuevo Servicio"), "Área", false): All options with label 'Área' are selected in object 'Object Repository/WIZARD/3Infraestructura/3Grupos/Edicion/select_Nivel de visualizacion en Nuevo Servicio' 

2024-01-15 10:09:11 - [MESSAGE][PASSED] - All options with label 'Área' are selected in object 'Object Repository/WIZARD/3Infraestructura/3Grupos/Edicion/select_Nivel de visualizacion en Nuevo Servicio' 

2024-01-15 10:09:11 - [TEST_STEP][PASSED] - delay(2): Delayed 2 second(s)

2024-01-15 10:09:13 - [MESSAGE][PASSED] - Delayed 2 second(s)

2024-01-15 10:09:13 - [TEST_STEP][PASSED] - scrollToPosition(0, 0): Browser is scrolled to position x = 0, y = 0

2024-01-15 10:09:13 - [MESSAGE][PASSED] - Browser is scrolled to position x = 0, y = 0

2024-01-15 10:09:13 - [TEST_STEP][PASSED] - click(findTestObject("WIZARD/3Infraestructura/3Grupos/Edicion/img_Nuevo")): Object: 'Object Repository/WIZARD/3Infraestructura/3Grupos/Edicion/img_Nuevo' is clicked on

2024-01-15 10:09:13 - [MESSAGE][PASSED] - Object: 'Object Repository/WIZARD/3Infraestructura/3Grupos/Edicion/img_Nuevo' is clicked on

2024-01-15 10:09:13 - [TEST_STEP][PASSED] - delay(3): Delayed 3 second(s)

2024-01-15 10:09:16 - [MESSAGE][PASSED] - Delayed 3 second(s)

2024-01-15 10:09:16 - [TEST_STEP][PASSED] - click(findTestObject("WIZARD/3Infraestructura/0Menu/span_Grupos")): Object: 'Object Repository/WIZARD/3Infraestructura/0Menu/span_Grupos' is clicked on

2024-01-15 10:09:17 - [MESSAGE][PASSED] - Object: 'Object Repository/WIZARD/3Infraestructura/0Menu/span_Grupos' is clicked on

2024-01-15 10:09:17 - [TEST_STEP][PASSED] - delay(3): Delayed 3 second(s)

2024-01-15 10:09:20 - [MESSAGE][PASSED] - Delayed 3 second(s)

2024-01-15 10:09:20 - [TEST_STEP][PASSED] - click(findTestObject("WIZARD/3Infraestructura/3Grupos/Edicion/btn_Sala")): Object: 'Object Repository/WIZARD/3Infraestructura/3Grupos/Edicion/btn_Sala' is clicked on

2024-01-15 10:09:20 - [MESSAGE][PASSED] - Object: 'Object Repository/WIZARD/3Infraestructura/3Grupos/Edicion/btn_Sala' is clicked on

2024-01-15 10:09:20 - [TEST_STEP][PASSED] - delay(3): Delayed 3 second(s)

2024-01-15 10:09:23 - [MESSAGE][PASSED] - Delayed 3 second(s)

2024-01-15 10:09:23 - [TEST_STEP][PASSED] - click(findTestObject("WIZARD/3Infraestructura/3Grupos/Edicion/btn_Sala(1)/a_4Manizales - Sala General")): Object: 'Object Repository/WIZARD/3Infraestructura/3Grupos/Edicion/btn_Sala(1)/a_4Manizales - Sala General' is clicked on

2024-01-15 10:09:24 - [MESSAGE][PASSED] - Object: 'Object Repository/WIZARD/3Infraestructura/3Grupos/Edicion/btn_Sala(1)/a_4Manizales - Sala General' is clicked on

2024-01-15 10:09:24 - [TEST_STEP][PASSED] - delay(3): Delayed 3 second(s)

2024-01-15 10:09:27 - [MESSAGE][PASSED] - Delayed 3 second(s)

2024-01-15 10:09:27 - [TEST_STEP][PASSED] - setText(findTestObject("WIZARD/3Infraestructura/3Grupos/Edicion/input_Nombre"), "Grupo Radicaciones"): Text 'Grupo Radicaciones' is set on object 'Object Repository/WIZARD/3Infraestructura/3Grupos/Edicion/input_Nombre'

2024-01-15 10:09:27 - [MESSAGE][PASSED] - Text 'Grupo Radicaciones' is set on object 'Object Repository/WIZARD/3Infraestructura/3Grupos/Edicion/input_Nombre'

2024-01-15 10:09:27 - [TEST_STEP][PASSED] - setText(findTestObject("WIZARD/3Infraestructura/3Grupos/Edicion/textarea_Descripcion"), "Manizales - Radicaciones"): Text 'Manizales - Radicaciones' is set on object 'Object Repository/WIZARD/3Infraestructura/3Grupos/Edicion/textarea_Descripcion'

2024-01-15 10:09:28 - [MESSAGE][PASSED] - Text 'Manizales - Radicaciones' is set on object 'Object Repository/WIZARD/3Infraestructura/3Grupos/Edicion/textarea_Descripcion'

2024-01-15 10:09:28 - [TEST_STEP][PASSED] - scrollToPosition(0, 800): Browser is scrolled to position x = 0, y = 800

2024-01-15 10:09:28 - [MESSAGE][PASSED] - Browser is scrolled to position x = 0, y = 800

2024-01-15 10:09:28 - [TEST_STEP][PASSED] - selectOptionByLabel(findTestObject("WIZARD/3Infraestructura/3Grupos/Edicion/select_Nivel de visualizacion en Transferencias"), "Área", false): All options with label 'Área' are selected in object 'Object Repository/WIZARD/3Infraestructura/3Grupos/Edicion/select_Nivel de visualizacion en Transferencias' 

2024-01-15 10:09:29 - [MESSAGE][PASSED] - All options with label 'Área' are selected in object 'Object Repository/WIZARD/3Infraestructura/3Grupos/Edicion/select_Nivel de visualizacion en Transferencias' 

2024-01-15 10:09:29 - [TEST_STEP][PASSED] - delay(2): Delayed 2 second(s)

2024-01-15 10:09:31 - [MESSAGE][PASSED] - Delayed 2 second(s)

2024-01-15 10:09:31 - [TEST_STEP][PASSED] - selectOptionByLabel(findTestObject("WIZARD/3Infraestructura/3Grupos/Edicion/select_Nivel de visualizacion en Nuevo Servicio"), "Área", false): All options with label 'Área' are selected in object 'Object Repository/WIZARD/3Infraestructura/3Grupos/Edicion/select_Nivel de visualizacion en Nuevo Servicio' 

2024-01-15 10:09:32 - [MESSAGE][PASSED] - All options with label 'Área' are selected in object 'Object Repository/WIZARD/3Infraestructura/3Grupos/Edicion/select_Nivel de visualizacion en Nuevo Servicio' 

2024-01-15 10:09:32 - [TEST_STEP][PASSED] - delay(2): Delayed 2 second(s)

2024-01-15 10:09:34 - [MESSAGE][PASSED] - Delayed 2 second(s)

2024-01-15 10:09:34 - [TEST_STEP][PASSED] - scrollToPosition(0, 0): Browser is scrolled to position x = 0, y = 0

2024-01-15 10:09:34 - [MESSAGE][PASSED] - Browser is scrolled to position x = 0, y = 0

2024-01-15 10:09:34 - [TEST_STEP][PASSED] - click(findTestObject("WIZARD/3Infraestructura/3Grupos/Edicion/img_Nuevo")): Object: 'Object Repository/WIZARD/3Infraestructura/3Grupos/Edicion/img_Nuevo' is clicked on

2024-01-15 10:09:34 - [MESSAGE][PASSED] - Object: 'Object Repository/WIZARD/3Infraestructura/3Grupos/Edicion/img_Nuevo' is clicked on

2024-01-15 10:09:34 - [TEST_STEP][PASSED] - delay(3): Delayed 3 second(s)

2024-01-15 10:09:37 - [MESSAGE][PASSED] - Delayed 3 second(s)

2024-01-15 10:09:37 - [TEST_STEP][PASSED] - takeFullPageScreenshot(): Taking screenshot successfully

2024-01-15 10:09:38 - [MESSAGE][INFO] - 0 hidden object(s)

2024-01-15 10:09:38 - [MESSAGE][PASSED] - Taking screenshot successfully
[[ATTACHMENT|C:\\CIEL INGENIERIA\\Katalon\\Digiturno55\\Reports\\20240115_094157\\WIZARD\\3Infraestructura\\3Grupos\\5.3 Crear Grupos Manizales\\20240115_094241\\1705331377880.png]]

2024-01-15 10:09:38 - [TEST_STEP][PASSED] - delay(3): Delayed 3 second(s)

2024-01-15 10:09:41 - [MESSAGE][PASSED] - Delayed 3 second(s)

2024-01-15 10:09:41 - [TEST_STEP][PASSED] - Start listener action : sampleAfterTestCase: null]]></system-out>
         <system-err><![CDATA[]]></system-err>
      </testcase>
      <system-out><![CDATA[2024-01-15 10:08:17 - [TEST_SUITE][PASSED] - 5.3 Crear Grupos Manizales: Test Cases/WIZARD/3Infraestructura/3Grupos/5.3 Crear Grupos Manizales]]></system-out>
      <system-err><![CDATA[]]></system-err>
   </testsuite>
</testsuites>
