<?xml version="1.0" encoding="UTF-8"?>
<testsuites name="7 Transferir Turno" time="73.583" tests="1" failures="0" errors="0">
   <testsuite name="7 Transferir Turno" tests="1" failures="0" errors="0" time="73.583" skipped="0" timestamp="2023-07-11 12:55:43" hostname="jdavila - PCPruebas101.ciel.cielingenieria.com" id="Test Suites/DIGITURNO/OPERACION BASICA/7 Transferir Turno">
      <properties>
         <property name="deviceName" value=""/>
         <property name="devicePlatform" value=""/>
         <property name="logFolder" value="C:\\CIEL INGENIERIA\\Katalon\\Digiturno55\\Reports\\20230711_124537\\DIGITURNO\\OPERACION BASICA\\7 Transferir Turno\\20230711_124556"/>
         <property name="logFiles" value="C:\\CIEL INGENIERIA\\Katalon\\Digiturno55\\Reports\\20230711_124537\\DIGITURNO\\OPERACION BASICA\\7 Transferir Turno\\20230711_124556\\execution0.log"/>
         <property name="attachments" value="C:\\CIEL INGENIERIA\\Katalon\\Digiturno55\\Reports\\20230711_124537\\DIGITURNO\\OPERACION BASICA\\7 Transferir Turno\\20230711_124556\\1689098206045.png"/>
         <property name="hostName" value="jdavila - PCPruebas101.ciel.cielingenieria.com"/>
         <property name="os" value="Windows 10 64bit"/>
         <property name="katalonVersion" value="8.6.0.208"/>
         <property name="browser" value="Chrome 114.0.0.0"/>
         <property name="hostAddress" value="192.168.0.33"/>
         <property name="sessionId" value="dc0e7db9b27dad93235eaedf0db7ba99"/>
         <property name="seleniumVersion" value="3.141.59"/>
         <property name="proxyInformation" value="ProxyInformation { proxyOption=NO_PROXY, proxyServerType=HTTP, username=, password=********, proxyServerAddress=, proxyServerPort=0, executionList=&quot;&quot;, isApplyToDesiredCapabilities=true }"/>
         <property name="platform" value="Windows 10"/>
      </properties>
      <testcase name="Test Cases/DIGITURNO/OPERACION BASICA/7 Transferir Turno" time="73.341" classname="Test Cases/DIGITURNO/OPERACION BASICA/7 Transferir Turno" status="PASSED">
         <system-out><![CDATA[2023-07-11 12:55:43 - [TEST_CASE][PASSED] - Test Cases/DIGITURNO/OPERACION BASICA/7 Transferir Turno: Test Cases/DIGITURNO/OPERACION BASICA/7 Transferir Turno

2023-07-11 12:55:43 - [TEST_STEP][PASSED] - callTestCase(findTestCase("0InicioSesion"), [:], STOP_ON_FAILURE): Call Test Case 'Test Cases/0InicioSesion' successfully

2023-07-11 12:55:43 - [TEST_CASE][PASSED] - Test Cases/0InicioSesion: Test Cases/0InicioSesion

2023-07-11 12:55:44 - [TEST_STEP][PASSED] - openBrowser(UrlDigiturno): Browser is opened with url: 'https://PCPruebas101.ciel.cielingenieria.com:8810'

2023-07-11 12:55:44 - [MESSAGE][INFO] - Starting 'Chrome' driver

2023-07-11 12:55:44 - [MESSAGE][INFO] - User set preference: ['args', '[--use-fake-ui-for-media-stream, --disable-notifications]']

2023-07-11 12:55:44 - [MESSAGE][INFO] - Action delay is set to 0 milliseconds

2023-07-11 12:55:47 - [MESSAGE][PASSED] - Browser is opened with url: 'https://PCPruebas101.ciel.cielingenieria.com:8810'

2023-07-11 12:55:47 - [TEST_STEP][PASSED] - maximizeWindow(): Current window maximized

2023-07-11 12:55:47 - [MESSAGE][PASSED] - Current window maximized

2023-07-11 12:55:47 - [TEST_STEP][PASSED] - delay(3): Delayed 3 second(s)

2023-07-11 12:55:50 - [MESSAGE][PASSED] - Delayed 3 second(s)

2023-07-11 12:55:50 - [TEST_STEP][PASSED] - setText(findTestObject("0Inicio Sesion/input_Usuario"), "Ciel"): Text 'Ciel' is set on object 'Object Repository/0Inicio Sesion/input_Usuario'

2023-07-11 12:55:51 - [MESSAGE][PASSED] - Text 'Ciel' is set on object 'Object Repository/0Inicio Sesion/input_Usuario'

2023-07-11 12:55:51 - [TEST_STEP][PASSED] - setText(findTestObject("0Inicio Sesion/input_Clave"), "digiturno"): Text 'digiturno' is set on object 'Object Repository/0Inicio Sesion/input_Clave'

2023-07-11 12:55:51 - [MESSAGE][PASSED] - Text 'digiturno' is set on object 'Object Repository/0Inicio Sesion/input_Clave'

2023-07-11 12:55:51 - [TEST_STEP][PASSED] - click(findTestObject("0Inicio Sesion/btn_IniciarSesion")): Object: 'Object Repository/0Inicio Sesion/btn_IniciarSesion' is clicked on

2023-07-11 12:55:52 - [MESSAGE][PASSED] - Object: 'Object Repository/0Inicio Sesion/btn_IniciarSesion' is clicked on

2023-07-11 12:55:52 - [TEST_STEP][PASSED] - delay(3): Delayed 3 second(s)

2023-07-11 12:55:55 - [MESSAGE][PASSED] - Delayed 3 second(s)

2023-07-11 12:55:55 - [MESSAGE][PASSED] - Call Test Case 'Test Cases/0InicioSesion' successfully

2023-07-11 12:55:55 - [TEST_STEP][PASSED] - click(findTestObject("DIGITURNO/1Principal/img_Operacion(1)")): Object: 'Object Repository/DIGITURNO/1Principal/img_Operacion(1)' is clicked on

2023-07-11 12:55:55 - [MESSAGE][PASSED] - Object: 'Object Repository/DIGITURNO/1Principal/img_Operacion(1)' is clicked on

2023-07-11 12:55:55 - [TEST_STEP][PASSED] - delay(3): Delayed 3 second(s)

2023-07-11 12:55:58 - [MESSAGE][PASSED] - Delayed 3 second(s)

2023-07-11 12:55:58 - [TEST_STEP][PASSED] - click(findTestObject("DIGITURNO/OPERACION/0Principal/Elementos del Sistema/img_Terminales")): Object: 'Object Repository/DIGITURNO/OPERACION/0Principal/Elementos del Sistema/img_Terminales' is clicked on

2023-07-11 12:55:59 - [MESSAGE][PASSED] - Object: 'Object Repository/DIGITURNO/OPERACION/0Principal/Elementos del Sistema/img_Terminales' is clicked on

2023-07-11 12:55:59 - [TEST_STEP][PASSED] - delay(3): Delayed 3 second(s)

2023-07-11 12:56:02 - [MESSAGE][PASSED] - Delayed 3 second(s)

2023-07-11 12:56:02 - [TEST_STEP][PASSED] - click(findTestObject("DIGITURNO/OPERACION/2Terminales/0Oficinas/td_1Bogota - CIEL")): Object: 'Object Repository/DIGITURNO/OPERACION/2Terminales/0Oficinas/td_1Bogota - CIEL' is clicked on

2023-07-11 12:56:02 - [MESSAGE][PASSED] - Object: 'Object Repository/DIGITURNO/OPERACION/2Terminales/0Oficinas/td_1Bogota - CIEL' is clicked on

2023-07-11 12:56:02 - [TEST_STEP][PASSED] - delay(3): Delayed 3 second(s)

2023-07-11 12:56:05 - [MESSAGE][PASSED] - Delayed 3 second(s)

2023-07-11 12:56:05 - [TEST_STEP][PASSED] - click(findTestObject("DIGITURNO/OPERACION/2Terminales/0Terminales (Menos WorkFlow)/td_1 - Terminal - Informacion")): Object: 'Object Repository/DIGITURNO/OPERACION/2Terminales/0Terminales (Menos WorkFlow)/td_1 - Terminal - Informacion' is clicked on

2023-07-11 12:56:06 - [MESSAGE][PASSED] - Object: 'Object Repository/DIGITURNO/OPERACION/2Terminales/0Terminales (Menos WorkFlow)/td_1 - Terminal - Informacion' is clicked on

2023-07-11 12:56:06 - [TEST_STEP][PASSED] - delay(3): Delayed 3 second(s)

2023-07-11 12:56:09 - [MESSAGE][PASSED] - Delayed 3 second(s)

2023-07-11 12:56:09 - [TEST_STEP][PASSED] - switchToWindowIndex(1): Switched to window with index: '1'

2023-07-11 12:56:09 - [MESSAGE][PASSED] - Switched to window with index: '1'

2023-07-11 12:56:09 - [TEST_STEP][PASSED] - delay(3): Delayed 3 second(s)

2023-07-11 12:56:12 - [MESSAGE][PASSED] - Delayed 3 second(s)

2023-07-11 12:56:12 - [TEST_STEP][PASSED] - click(findTestObject("DIGITURNO/OPERACION/2Terminales/Terminal/img_Llamar")): Object: 'Object Repository/DIGITURNO/OPERACION/2Terminales/Terminal/img_Llamar' is clicked on

2023-07-11 12:56:12 - [MESSAGE][PASSED] - Object: 'Object Repository/DIGITURNO/OPERACION/2Terminales/Terminal/img_Llamar' is clicked on

2023-07-11 12:56:12 - [TEST_STEP][PASSED] - delay(3): Delayed 3 second(s)

2023-07-11 12:56:15 - [MESSAGE][PASSED] - Delayed 3 second(s)

2023-07-11 12:56:15 - [TEST_STEP][PASSED] - click(findTestObject("DIGITURNO/OPERACION/2Terminales/Terminal/img_Ocupado")): Object: 'Object Repository/DIGITURNO/OPERACION/2Terminales/Terminal/img_Ocupado' is clicked on

2023-07-11 12:56:17 - [MESSAGE][PASSED] - Object: 'Object Repository/DIGITURNO/OPERACION/2Terminales/Terminal/img_Ocupado' is clicked on

2023-07-11 12:56:17 - [TEST_STEP][PASSED] - delay(3): Delayed 3 second(s)

2023-07-11 12:56:20 - [MESSAGE][PASSED] - Delayed 3 second(s)

2023-07-11 12:56:20 - [TEST_STEP][PASSED] - click(findTestObject("DIGITURNO/OPERACION/2Terminales/Terminal/img_Ocupado(1)/a_1Actualizacion de Datos")): Object: 'Object Repository/DIGITURNO/OPERACION/2Terminales/Terminal/img_Ocupado(1)/a_1Actualizacion de Datos' is clicked on

2023-07-11 12:56:20 - [MESSAGE][PASSED] - Object: 'Object Repository/DIGITURNO/OPERACION/2Terminales/Terminal/img_Ocupado(1)/a_1Actualizacion de Datos' is clicked on

2023-07-11 12:56:20 - [TEST_STEP][PASSED] - delay(3): Delayed 3 second(s)

2023-07-11 12:56:23 - [MESSAGE][PASSED] - Delayed 3 second(s)

2023-07-11 12:56:23 - [TEST_STEP][PASSED] - click(findTestObject("DIGITURNO/OPERACION/2Terminales/Terminal/img_Transferir")): Object: 'Object Repository/DIGITURNO/OPERACION/2Terminales/Terminal/img_Transferir' is clicked on

2023-07-11 12:56:25 - [MESSAGE][PASSED] - Object: 'Object Repository/DIGITURNO/OPERACION/2Terminales/Terminal/img_Transferir' is clicked on

2023-07-11 12:56:25 - [TEST_STEP][PASSED] - delay(3): Delayed 3 second(s)

2023-07-11 12:56:28 - [MESSAGE][PASSED] - Delayed 3 second(s)

2023-07-11 12:56:28 - [TEST_STEP][PASSED] - click(findTestObject("DIGITURNO/OPERACION/2Terminales/Terminal/img_Tranferir(1)/a_CIEL - Sala General")): Object: 'Object Repository/DIGITURNO/OPERACION/2Terminales/Terminal/img_Tranferir(1)/a_CIEL - Sala General' is clicked on

2023-07-11 12:56:29 - [MESSAGE][PASSED] - Object: 'Object Repository/DIGITURNO/OPERACION/2Terminales/Terminal/img_Tranferir(1)/a_CIEL - Sala General' is clicked on

2023-07-11 12:56:29 - [TEST_STEP][PASSED] - delay(3): Delayed 3 second(s)

2023-07-11 12:56:32 - [MESSAGE][PASSED] - Delayed 3 second(s)

2023-07-11 12:56:32 - [TEST_STEP][PASSED] - selectOptionByIndex(findTestObject("DIGITURNO/OPERACION/2Terminales/Terminal/img_Tranferir(1)/img_Transferir(2)/select_HoraAgenda"), 1): All options with index in [1] are selected on object 'Object Repository/DIGITURNO/OPERACION/2Terminales/Terminal/img_Tranferir(1)/img_Transferir(2)/select_HoraAgenda'

2023-07-11 12:56:35 - [MESSAGE][PASSED] - All options with index in [1] are selected on object 'Object Repository/DIGITURNO/OPERACION/2Terminales/Terminal/img_Tranferir(1)/img_Transferir(2)/select_HoraAgenda'

2023-07-11 12:56:35 - [TEST_STEP][PASSED] - delay(3): Delayed 3 second(s)

2023-07-11 12:56:38 - [MESSAGE][PASSED] - Delayed 3 second(s)

2023-07-11 12:56:38 - [TEST_STEP][PASSED] - click(findTestObject("DIGITURNO/OPERACION/2Terminales/Terminal/img_Tranferir(1)/img_Transferir(2)/img_Transferir(3)/a_2PQRS")): Object: 'Object Repository/DIGITURNO/OPERACION/2Terminales/Terminal/img_Tranferir(1)/img_Transferir(2)/img_Transferir(3)/a_2PQRS' is clicked on

2023-07-11 12:56:39 - [MESSAGE][PASSED] - Object: 'Object Repository/DIGITURNO/OPERACION/2Terminales/Terminal/img_Tranferir(1)/img_Transferir(2)/img_Transferir(3)/a_2PQRS' is clicked on

2023-07-11 12:56:39 - [TEST_STEP][PASSED] - delay(3): Delayed 3 second(s)

2023-07-11 12:56:42 - [MESSAGE][PASSED] - Delayed 3 second(s)

2023-07-11 12:56:42 - [TEST_STEP][PASSED] - click(findTestObject("DIGITURNO/OPERACION/2Terminales/Terminal/img_Tranferir(1)/img_Transferir(2)/img_Transferir(3)/img_Transferir(4)/img_Aceptar")): Object: 'Object Repository/DIGITURNO/OPERACION/2Terminales/Terminal/img_Tranferir(1)/img_Transferir(2)/img_Transferir(3)/img_Transferir(4)/img_Aceptar' is clicked on

2023-07-11 12:56:43 - [MESSAGE][PASSED] - Object: 'Object Repository/DIGITURNO/OPERACION/2Terminales/Terminal/img_Tranferir(1)/img_Transferir(2)/img_Transferir(3)/img_Transferir(4)/img_Aceptar' is clicked on

2023-07-11 12:56:43 - [TEST_STEP][PASSED] - delay(3): Delayed 3 second(s)

2023-07-11 12:56:46 - [MESSAGE][PASSED] - Delayed 3 second(s)

2023-07-11 12:56:46 - [TEST_STEP][PASSED] - takeFullPageScreenshot(): Taking screenshot successfully

2023-07-11 12:56:46 - [MESSAGE][INFO] - 0 hidden object(s)

2023-07-11 12:56:46 - [MESSAGE][PASSED] - Taking screenshot successfully
[[ATTACHMENT|C:\\CIEL INGENIERIA\\Katalon\\Digiturno55\\Reports\\20230711_124537\\DIGITURNO\\OPERACION BASICA\\7 Transferir Turno\\20230711_124556\\1689098206045.png]]

2023-07-11 12:56:46 - [TEST_STEP][PASSED] - delay(3): Delayed 3 second(s)

2023-07-11 12:56:49 - [MESSAGE][PASSED] - Delayed 3 second(s)

2023-07-11 12:56:49 - [TEST_STEP][PASSED] - click(findTestObject("DIGITURNO/OPERACION/2Terminales/Terminal/img_Cerrar")): Object: 'Object Repository/DIGITURNO/OPERACION/2Terminales/Terminal/img_Cerrar' is clicked on

2023-07-11 12:56:50 - [MESSAGE][PASSED] - Object: 'Object Repository/DIGITURNO/OPERACION/2Terminales/Terminal/img_Cerrar' is clicked on

2023-07-11 12:56:50 - [TEST_STEP][PASSED] - delay(3): Delayed 3 second(s)

2023-07-11 12:56:53 - [MESSAGE][PASSED] - Delayed 3 second(s)

2023-07-11 12:56:53 - [TEST_STEP][PASSED] - click(findTestObject("DIGITURNO/OPERACION/2Terminales/Terminal/img_Cerrar(1)/btn_4FindeJornada_8")): Object: 'Object Repository/DIGITURNO/OPERACION/2Terminales/Terminal/img_Cerrar(1)/btn_4FindeJornada_8' is clicked on

2023-07-11 12:56:53 - [MESSAGE][PASSED] - Object: 'Object Repository/DIGITURNO/OPERACION/2Terminales/Terminal/img_Cerrar(1)/btn_4FindeJornada_8' is clicked on

2023-07-11 12:56:53 - [TEST_STEP][PASSED] - delay(3): Delayed 3 second(s)

2023-07-11 12:56:56 - [MESSAGE][PASSED] - Delayed 3 second(s)

2023-07-11 12:56:56 - [TEST_STEP][PASSED] - Start listener action : sampleAfterTestCase: null]]></system-out>
         <system-err><![CDATA[]]></system-err>
      </testcase>
      <system-out><![CDATA[2023-07-11 12:55:43 - [TEST_SUITE][PASSED] - 7 Transferir Turno: Test Cases/DIGITURNO/OPERACION BASICA/7 Transferir Turno]]></system-out>
      <system-err><![CDATA[]]></system-err>
   </testsuite>
</testsuites>
