<?xml version="1.0" encoding="UTF-8"?>
<testsuites name="35 Usuarios por Terminales" time="43.05" tests="1" failures="0" errors="0">
   <testsuite name="35 Usuarios por Terminales" tests="1" failures="0" errors="0" time="43.05" skipped="0" timestamp="2024-10-03 17:38:55" hostname="jdavila - PCPruebas101.ciel.cielingenieria.com" id="Test Suites/DIGITURNO/BASICO/35 Usuarios por Terminales">
      <properties>
         <property name="deviceName" value=""/>
         <property name="devicePlatform" value=""/>
         <property name="logFolder" value="C:\\CIEL INGENIERIA\\Katalon\\Digiturno55\\Reports\\20241003_171202\\DIGITURNO\\BASICO\\35 Usuarios por Terminales\\20241003_171246"/>
         <property name="logFiles" value="C:\\CIEL INGENIERIA\\Katalon\\Digiturno55\\Reports\\20241003_171202\\DIGITURNO\\BASICO\\35 Usuarios por Terminales\\20241003_171246\\execution0.log"/>
         <property name="attachments" value="C:\\CIEL INGENIERIA\\Katalon\\Digiturno55\\Reports\\20241003_171202\\DIGITURNO\\BASICO\\35 Usuarios por Terminales\\20241003_171246\\1727995156184.png, C:\\CIEL INGENIERIA\\Katalon\\Digiturno55\\Reports\\20241003_171202\\DIGITURNO\\BASICO\\35 Usuarios por Terminales\\20241003_171246\\1727995175196.png"/>
         <property name="hostName" value="jdavila - PCPruebas101.ciel.cielingenieria.com"/>
         <property name="os" value="Windows 10 64bit"/>
         <property name="katalonVersion" value="8.6.9.208"/>
         <property name="browser" value="Chrome 129.0.0.0"/>
         <property name="hostAddress" value="192.168.91.13"/>
         <property name="sessionId" value="a5e714ef6b81f0e0a920239388b115bf"/>
         <property name="seleniumVersion" value="3.141.59"/>
         <property name="proxyInformation" value="ProxyInformation { proxyOption=NO_PROXY, proxyServerType=HTTP, username=, password=********, proxyServerAddress=, proxyServerPort=0, executionList=&quot;&quot;, isApplyToDesiredCapabilities=true }"/>
         <property name="platform" value="Windows 10"/>
      </properties>
      <testcase name="Test Cases/DIGITURNO/BASICO/35 Usuarios por Terminales" time="42.758" classname="Test Cases/DIGITURNO/BASICO/35 Usuarios por Terminales" status="PASSED">
         <system-out><![CDATA[2024-10-03 17:38:56 - [TEST_CASE][PASSED] - Test Cases/DIGITURNO/BASICO/35 Usuarios por Terminales: Test Cases/DIGITURNO/BASICO/35 Usuarios por Terminales

2024-10-03 17:38:56 - [TEST_STEP][PASSED] - callTestCase(findTestCase("DIGITURNO/BASICO/5 Usuarios"), [:], STOP_ON_FAILURE): Call Test Case 'Test Cases/DIGITURNO/BASICO/5 Usuarios' successfully

2024-10-03 17:38:56 - [TEST_CASE][PASSED] - Test Cases/DIGITURNO/BASICO/5 Usuarios: Test Cases/DIGITURNO/BASICO/5 Usuarios

2024-10-03 17:38:57 - [TEST_STEP][PASSED] - callTestCase(findTestCase("0InicioSesion"), [:], STOP_ON_FAILURE): Call Test Case 'Test Cases/0InicioSesion' successfully

2024-10-03 17:38:57 - [TEST_CASE][PASSED] - Test Cases/0InicioSesion: Test Cases/0InicioSesion

2024-10-03 17:38:57 - [TEST_STEP][PASSED] - openBrowser(UrlDigiturno): Browser is opened with url: 'https://PCPruebas101.ciel.cielingenieria.com:8910'

2024-10-03 17:38:57 - [MESSAGE][INFO] - Starting 'Chrome' driver

2024-10-03 17:38:57 - [MESSAGE][INFO] - User set preference: ['args', '[--use-fake-ui-for-media-stream, --disable-notifications]']

2024-10-03 17:38:57 - [MESSAGE][INFO] - Action delay is set to 0 milliseconds

2024-10-03 17:39:00 - [MESSAGE][PASSED] - Browser is opened with url: 'https://PCPruebas101.ciel.cielingenieria.com:8910'

2024-10-03 17:39:00 - [TEST_STEP][PASSED] - maximizeWindow(): Current window maximized

2024-10-03 17:39:01 - [MESSAGE][PASSED] - Current window maximized

2024-10-03 17:39:01 - [TEST_STEP][PASSED] - delay(3): Delayed 3 second(s)

2024-10-03 17:39:04 - [MESSAGE][PASSED] - Delayed 3 second(s)

2024-10-03 17:39:04 - [TEST_STEP][PASSED] - setText(findTestObject("0Inicio Sesion/input_Usuario"), "Ciel"): Text 'Ciel' is set on object 'Object Repository/0Inicio Sesion/input_Usuario'

2024-10-03 17:39:04 - [MESSAGE][PASSED] - Text 'Ciel' is set on object 'Object Repository/0Inicio Sesion/input_Usuario'

2024-10-03 17:39:04 - [TEST_STEP][PASSED] - setText(findTestObject("0Inicio Sesion/input_Clave"), "digiturno"): Text 'digiturno' is set on object 'Object Repository/0Inicio Sesion/input_Clave'

2024-10-03 17:39:05 - [MESSAGE][PASSED] - Text 'digiturno' is set on object 'Object Repository/0Inicio Sesion/input_Clave'

2024-10-03 17:39:05 - [TEST_STEP][PASSED] - click(findTestObject("0Inicio Sesion/btn_IniciarSesion")): Object: 'Object Repository/0Inicio Sesion/btn_IniciarSesion' is clicked on

2024-10-03 17:39:05 - [MESSAGE][PASSED] - Object: 'Object Repository/0Inicio Sesion/btn_IniciarSesion' is clicked on

2024-10-03 17:39:05 - [TEST_STEP][PASSED] - delay(3): Delayed 3 second(s)

2024-10-03 17:39:09 - [MESSAGE][PASSED] - Delayed 3 second(s)

2024-10-03 17:39:09 - [MESSAGE][PASSED] - Call Test Case 'Test Cases/0InicioSesion' successfully

2024-10-03 17:39:09 - [TEST_STEP][PASSED] - click(findTestObject("DIGITURNO/1Principal/img_Configuracion(1)")): Object: 'Object Repository/DIGITURNO/1Principal/img_Configuracion(1)' is clicked on

2024-10-03 17:39:09 - [MESSAGE][PASSED] - Object: 'Object Repository/DIGITURNO/1Principal/img_Configuracion(1)' is clicked on

2024-10-03 17:39:09 - [TEST_STEP][PASSED] - delay(3): Delayed 3 second(s)

2024-10-03 17:39:12 - [MESSAGE][PASSED] - Delayed 3 second(s)

2024-10-03 17:39:12 - [TEST_STEP][PASSED] - click(findTestObject("DIGITURNO/CONFIGURACION/0Principal/img_4Usuarios")): Object: 'Object Repository/DIGITURNO/CONFIGURACION/0Principal/img_4Usuarios' is clicked on

2024-10-03 17:39:13 - [MESSAGE][PASSED] - Object: 'Object Repository/DIGITURNO/CONFIGURACION/0Principal/img_4Usuarios' is clicked on

2024-10-03 17:39:13 - [TEST_STEP][PASSED] - delay(3): Delayed 3 second(s)

2024-10-03 17:39:16 - [MESSAGE][PASSED] - Delayed 3 second(s)

2024-10-03 17:39:16 - [TEST_STEP][PASSED] - takeFullPageScreenshot(STOP_ON_FAILURE): Taking screenshot successfully

2024-10-03 17:39:16 - [MESSAGE][INFO] - 0 hidden object(s)

2024-10-03 17:39:16 - [MESSAGE][PASSED] - Taking screenshot successfully
[[ATTACHMENT|C:\\CIEL INGENIERIA\\Katalon\\Digiturno55\\Reports\\20241003_171202\\DIGITURNO\\BASICO\\35 Usuarios por Terminales\\20241003_171246\\1727995156184.png]]

2024-10-03 17:39:16 - [TEST_STEP][PASSED] - delay(3): Delayed 3 second(s)

2024-10-03 17:39:19 - [MESSAGE][PASSED] - Delayed 3 second(s)

2024-10-03 17:39:19 - [MESSAGE][PASSED] - Call Test Case 'Test Cases/DIGITURNO/BASICO/5 Usuarios' successfully

2024-10-03 17:39:19 - [TEST_STEP][PASSED] - click(findTestObject("DIGITURNO/CONFIGURACION/4Usuarios/0Principal/img_5Usuarios en Terminales")): Object: 'Object Repository/DIGITURNO/CONFIGURACION/4Usuarios/0Principal/img_5Usuarios en Terminales' is clicked on

2024-10-03 17:39:20 - [MESSAGE][PASSED] - Object: 'Object Repository/DIGITURNO/CONFIGURACION/4Usuarios/0Principal/img_5Usuarios en Terminales' is clicked on

2024-10-03 17:39:20 - [TEST_STEP][PASSED] - delay(3): Delayed 3 second(s)

2024-10-03 17:39:23 - [MESSAGE][PASSED] - Delayed 3 second(s)

2024-10-03 17:39:23 - [TEST_STEP][PASSED] - click(findTestObject("DIGITURNO/CONFIGURACION/4Usuarios/5Usuarios en Terminales/0Oficinas/Oficinas/td1_Bogota - CIEL")): Object: 'Object Repository/DIGITURNO/CONFIGURACION/4Usuarios/5Usuarios en Terminales/0Oficinas/Oficinas/td1_Bogota - CIEL' is clicked on

2024-10-03 17:39:23 - [MESSAGE][PASSED] - Object: 'Object Repository/DIGITURNO/CONFIGURACION/4Usuarios/5Usuarios en Terminales/0Oficinas/Oficinas/td1_Bogota - CIEL' is clicked on

2024-10-03 17:39:23 - [TEST_STEP][PASSED] - delay(2): Delayed 2 second(s)

2024-10-03 17:39:25 - [MESSAGE][PASSED] - Delayed 2 second(s)

2024-10-03 17:39:25 - [TEST_STEP][PASSED] - click(findTestObject("DIGITURNO/CONFIGURACION/4Usuarios/5Usuarios en Terminales/0Usuarios/td_1CIEL")): Object: 'Object Repository/DIGITURNO/CONFIGURACION/4Usuarios/5Usuarios en Terminales/0Usuarios/td_1CIEL' is clicked on

2024-10-03 17:39:26 - [MESSAGE][PASSED] - Object: 'Object Repository/DIGITURNO/CONFIGURACION/4Usuarios/5Usuarios en Terminales/0Usuarios/td_1CIEL' is clicked on

2024-10-03 17:39:26 - [TEST_STEP][PASSED] - delay(2): Delayed 2 second(s)

2024-10-03 17:39:28 - [MESSAGE][PASSED] - Delayed 2 second(s)

2024-10-03 17:39:28 - [TEST_STEP][PASSED] - click(findTestObject("DIGITURNO/CONFIGURACION/4Usuarios/5Usuarios en Terminales/Selectores Disponibles/a_SeleccionarTodo")): Object: 'Object Repository/DIGITURNO/CONFIGURACION/4Usuarios/5Usuarios en Terminales/Selectores Disponibles/a_SeleccionarTodo' is clicked on

2024-10-03 17:39:28 - [MESSAGE][PASSED] - Object: 'Object Repository/DIGITURNO/CONFIGURACION/4Usuarios/5Usuarios en Terminales/Selectores Disponibles/a_SeleccionarTodo' is clicked on

2024-10-03 17:39:28 - [TEST_STEP][PASSED] - click(findTestObject("DIGITURNO/CONFIGURACION/4Usuarios/5Usuarios en Terminales/Selectores Disponibles/img_Agregar Selectores")): Object: 'Object Repository/DIGITURNO/CONFIGURACION/4Usuarios/5Usuarios en Terminales/Selectores Disponibles/img_Agregar Selectores' is clicked on

2024-10-03 17:39:29 - [MESSAGE][PASSED] - Object: 'Object Repository/DIGITURNO/CONFIGURACION/4Usuarios/5Usuarios en Terminales/Selectores Disponibles/img_Agregar Selectores' is clicked on

2024-10-03 17:39:29 - [TEST_STEP][PASSED] - delay(2): Delayed 2 second(s)

2024-10-03 17:39:31 - [MESSAGE][PASSED] - Delayed 2 second(s)

2024-10-03 17:39:31 - [TEST_STEP][PASSED] - click(findTestObject("DIGITURNO/CONFIGURACION/4Usuarios/5Usuarios en Terminales/Terminales Disponibles/a_SeleccionarTodo")): Object: 'Object Repository/DIGITURNO/CONFIGURACION/4Usuarios/5Usuarios en Terminales/Terminales Disponibles/a_SeleccionarTodo' is clicked on

2024-10-03 17:39:31 - [MESSAGE][PASSED] - Object: 'Object Repository/DIGITURNO/CONFIGURACION/4Usuarios/5Usuarios en Terminales/Terminales Disponibles/a_SeleccionarTodo' is clicked on

2024-10-03 17:39:31 - [TEST_STEP][PASSED] - click(findTestObject("DIGITURNO/CONFIGURACION/4Usuarios/5Usuarios en Terminales/Terminales Disponibles/img_Agregar Terminales")): Object: 'Object Repository/DIGITURNO/CONFIGURACION/4Usuarios/5Usuarios en Terminales/Terminales Disponibles/img_Agregar Terminales' is clicked on

2024-10-03 17:39:32 - [MESSAGE][PASSED] - Object: 'Object Repository/DIGITURNO/CONFIGURACION/4Usuarios/5Usuarios en Terminales/Terminales Disponibles/img_Agregar Terminales' is clicked on

2024-10-03 17:39:32 - [TEST_STEP][PASSED] - delay(3): Delayed 3 second(s)

2024-10-03 17:39:35 - [MESSAGE][PASSED] - Delayed 3 second(s)

2024-10-03 17:39:35 - [TEST_STEP][PASSED] - takeFullPageScreenshot(): Taking screenshot successfully

2024-10-03 17:39:35 - [MESSAGE][INFO] - 0 hidden object(s)

2024-10-03 17:39:35 - [MESSAGE][PASSED] - Taking screenshot successfully
[[ATTACHMENT|C:\\CIEL INGENIERIA\\Katalon\\Digiturno55\\Reports\\20241003_171202\\DIGITURNO\\BASICO\\35 Usuarios por Terminales\\20241003_171246\\1727995175196.png]]

2024-10-03 17:39:35 - [TEST_STEP][PASSED] - delay(3): Delayed 3 second(s)

2024-10-03 17:39:38 - [MESSAGE][PASSED] - Delayed 3 second(s)

2024-10-03 17:39:38 - [TEST_STEP][PASSED] - Start listener action : sampleAfterTestCase: null]]></system-out>
         <system-err><![CDATA[]]></system-err>
      </testcase>
      <system-out><![CDATA[2024-10-03 17:38:55 - [TEST_SUITE][PASSED] - 35 Usuarios por Terminales: Test Cases/DIGITURNO/BASICO/35 Usuarios por Terminales]]></system-out>
      <system-err><![CDATA[]]></system-err>
   </testsuite>
</testsuites>
