<?xml version="1.0" encoding="UTF-8"?>
<testsuites name="31 Jornadas de Atencion Crear Actualizar Eliminar" time="161.314" tests="3" failures="0" errors="0">
   <testsuite name="31 Jornadas de Atencion Crear Actualizar Eliminar" tests="3" failures="0" errors="0" time="161.314" skipped="0" timestamp="2023-07-11 11:56:37" hostname="jdavila - PCPruebas101.ciel.cielingenieria.com" id="Test Suites/DIGITURNO/BASICO/31 Jornadas de Atencion Crear Actualizar Eliminar">
      <properties>
         <property name="deviceName" value=""/>
         <property name="devicePlatform" value=""/>
         <property name="logFolder" value="C:\\CIEL INGENIERIA\\Katalon\\Digiturno55\\Reports\\20230711_113602\\DIGITURNO\\BASICO\\31 Jornadas de Atencion Crear Actualizar Eliminar\\20230711_113629"/>
         <property name="logFiles" value="C:\\CIEL INGENIERIA\\Katalon\\Digiturno55\\Reports\\20230711_113602\\DIGITURNO\\BASICO\\31 Jornadas de Atencion Crear Actualizar Eliminar\\20230711_113629\\execution0.log"/>
         <property name="attachments" value="C:\\CIEL INGENIERIA\\Katalon\\Digiturno55\\Reports\\20230711_113602\\DIGITURNO\\BASICO\\31 Jornadas de Atencion Crear Actualizar Eliminar\\20230711_113629\\1689094612963.png, C:\\CIEL INGENIERIA\\Katalon\\Digiturno55\\Reports\\20230711_113602\\DIGITURNO\\BASICO\\31 Jornadas de Atencion Crear Actualizar Eliminar\\20230711_113629\\1689094673820.png, C:\\CIEL INGENIERIA\\Katalon\\Digiturno55\\Reports\\20230711_113602\\DIGITURNO\\BASICO\\31 Jornadas de Atencion Crear Actualizar Eliminar\\20230711_113629\\1689094692069.png, C:\\CIEL INGENIERIA\\Katalon\\Digiturno55\\Reports\\20230711_113602\\DIGITURNO\\BASICO\\31 Jornadas de Atencion Crear Actualizar Eliminar\\20230711_113629\\1689094716172.png, C:\\CIEL INGENIERIA\\Katalon\\Digiturno55\\Reports\\20230711_113602\\DIGITURNO\\BASICO\\31 Jornadas de Atencion Crear Actualizar Eliminar\\20230711_113629\\1689094734162.png, C:\\CIEL INGENIERIA\\Katalon\\Digiturno55\\Reports\\20230711_113602\\DIGITURNO\\BASICO\\31 Jornadas de Atencion Crear Actualizar Eliminar\\20230711_113629\\1689094754811.png"/>
         <property name="hostName" value="jdavila - PCPruebas101.ciel.cielingenieria.com"/>
         <property name="os" value="Windows 10 64bit"/>
         <property name="katalonVersion" value="8.6.0.208"/>
         <property name="browser" value="Chrome 114.0.0.0"/>
         <property name="hostAddress" value="192.168.0.33"/>
         <property name="sessionId" value="3d87bdc940866fe4423d310e714d7323"/>
         <property name="seleniumVersion" value="3.141.59"/>
         <property name="proxyInformation" value="ProxyInformation { proxyOption=NO_PROXY, proxyServerType=HTTP, username=, password=********, proxyServerAddress=, proxyServerPort=0, executionList=&quot;&quot;, isApplyToDesiredCapabilities=true }"/>
         <property name="platform" value="Windows 10"/>
      </properties>
      <testcase name="Test Cases/DIGITURNO/BASICO/31 Jornadas de Atencion Crear" time="80.156" classname="Test Cases/DIGITURNO/BASICO/31 Jornadas de Atencion Crear" status="PASSED">
         <system-out><![CDATA[2023-07-11 11:56:37 - [TEST_CASE][PASSED] - Test Cases/DIGITURNO/BASICO/31 Jornadas de Atencion Crear: Test Cases/DIGITURNO/BASICO/31 Jornadas de Atencion Crear

2023-07-11 11:56:37 - [TEST_STEP][PASSED] - callTestCase(findTestCase("DIGITURNO/BASICO/3 Configuracion"), [:], STOP_ON_FAILURE): Call Test Case 'Test Cases/DIGITURNO/BASICO/3 Configuracion' successfully

2023-07-11 11:56:37 - [TEST_CASE][PASSED] - Test Cases/DIGITURNO/BASICO/3 Configuracion: Test Cases/DIGITURNO/BASICO/3 Configuracion

2023-07-11 11:56:38 - [TEST_STEP][PASSED] - callTestCase(findTestCase("0InicioSesion"), [:], STOP_ON_FAILURE): Call Test Case 'Test Cases/0InicioSesion' successfully

2023-07-11 11:56:38 - [TEST_CASE][PASSED] - Test Cases/0InicioSesion: Test Cases/0InicioSesion

2023-07-11 11:56:38 - [TEST_STEP][PASSED] - openBrowser(UrlDigiturno): Browser is opened with url: 'https://PCPruebas101.ciel.cielingenieria.com:8810'

2023-07-11 11:56:38 - [MESSAGE][INFO] - Starting 'Chrome' driver

2023-07-11 11:56:38 - [MESSAGE][INFO] - User set preference: ['args', '[--use-fake-ui-for-media-stream, --disable-notifications]']

2023-07-11 11:56:38 - [MESSAGE][INFO] - Action delay is set to 0 milliseconds

2023-07-11 11:56:41 - [MESSAGE][PASSED] - Browser is opened with url: 'https://PCPruebas101.ciel.cielingenieria.com:8810'

2023-07-11 11:56:41 - [TEST_STEP][PASSED] - maximizeWindow(): Current window maximized

2023-07-11 11:56:41 - [MESSAGE][PASSED] - Current window maximized

2023-07-11 11:56:41 - [TEST_STEP][PASSED] - delay(3): Delayed 3 second(s)

2023-07-11 11:56:44 - [MESSAGE][PASSED] - Delayed 3 second(s)

2023-07-11 11:56:44 - [TEST_STEP][PASSED] - setText(findTestObject("0Inicio Sesion/input_Usuario"), "Ciel"): Text 'Ciel' is set on object 'Object Repository/0Inicio Sesion/input_Usuario'

2023-07-11 11:56:45 - [MESSAGE][PASSED] - Text 'Ciel' is set on object 'Object Repository/0Inicio Sesion/input_Usuario'

2023-07-11 11:56:45 - [TEST_STEP][PASSED] - setText(findTestObject("0Inicio Sesion/input_Clave"), "digiturno"): Text 'digiturno' is set on object 'Object Repository/0Inicio Sesion/input_Clave'

2023-07-11 11:56:45 - [MESSAGE][PASSED] - Text 'digiturno' is set on object 'Object Repository/0Inicio Sesion/input_Clave'

2023-07-11 11:56:45 - [TEST_STEP][PASSED] - click(findTestObject("0Inicio Sesion/btn_IniciarSesion")): Object: 'Object Repository/0Inicio Sesion/btn_IniciarSesion' is clicked on

2023-07-11 11:56:46 - [MESSAGE][PASSED] - Object: 'Object Repository/0Inicio Sesion/btn_IniciarSesion' is clicked on

2023-07-11 11:56:46 - [TEST_STEP][PASSED] - delay(3): Delayed 3 second(s)

2023-07-11 11:56:49 - [MESSAGE][PASSED] - Delayed 3 second(s)

2023-07-11 11:56:49 - [MESSAGE][PASSED] - Call Test Case 'Test Cases/0InicioSesion' successfully

2023-07-11 11:56:49 - [TEST_STEP][PASSED] - click(findTestObject("DIGITURNO/1Principal/img_Configuracion(1)")): Object: 'Object Repository/DIGITURNO/1Principal/img_Configuracion(1)' is clicked on

2023-07-11 11:56:49 - [MESSAGE][PASSED] - Object: 'Object Repository/DIGITURNO/1Principal/img_Configuracion(1)' is clicked on

2023-07-11 11:56:49 - [TEST_STEP][PASSED] - delay(3): Delayed 3 second(s)

2023-07-11 11:56:52 - [MESSAGE][PASSED] - Delayed 3 second(s)

2023-07-11 11:56:52 - [TEST_STEP][PASSED] - takeFullPageScreenshot(): Taking screenshot successfully

2023-07-11 11:56:53 - [MESSAGE][INFO] - 0 hidden object(s)

2023-07-11 11:56:53 - [MESSAGE][PASSED] - Taking screenshot successfully
[[ATTACHMENT|C:\\CIEL INGENIERIA\\Katalon\\Digiturno55\\Reports\\20230711_113602\\DIGITURNO\\BASICO\\31 Jornadas de Atencion Crear Actualizar Eliminar\\20230711_113629\\1689094612963.png]]

2023-07-11 11:56:53 - [TEST_STEP][PASSED] - delay(3): Delayed 3 second(s)

2023-07-11 11:56:56 - [MESSAGE][PASSED] - Delayed 3 second(s)

2023-07-11 11:56:56 - [MESSAGE][PASSED] - Call Test Case 'Test Cases/DIGITURNO/BASICO/3 Configuracion' successfully

2023-07-11 11:56:56 - [TEST_STEP][PASSED] - click(findTestObject("DIGITURNO/CONFIGURACION/0Principal/img_3Jornadas de atencion")): Object: 'Object Repository/DIGITURNO/CONFIGURACION/0Principal/img_3Jornadas de atencion' is clicked on

2023-07-11 11:57:12 - [MESSAGE][PASSED] - Object: 'Object Repository/DIGITURNO/CONFIGURACION/0Principal/img_3Jornadas de atencion' is clicked on

2023-07-11 11:57:12 - [TEST_STEP][PASSED] - delay(2): Delayed 2 second(s)

2023-07-11 11:57:14 - [MESSAGE][PASSED] - Delayed 2 second(s)

2023-07-11 11:57:14 - [TEST_STEP][PASSED] - click(findTestObject("DIGITURNO/CONFIGURACION/3Jornadas de Atencion/0Modal Inicial Oficinas/td_1Bogota - CIEL")): Object: 'Object Repository/DIGITURNO/CONFIGURACION/3Jornadas de Atencion/0Modal Inicial Oficinas/td_1Bogota - CIEL' is clicked on

2023-07-11 11:57:14 - [MESSAGE][PASSED] - Object: 'Object Repository/DIGITURNO/CONFIGURACION/3Jornadas de Atencion/0Modal Inicial Oficinas/td_1Bogota - CIEL' is clicked on

2023-07-11 11:57:14 - [TEST_STEP][PASSED] - delay(3): Delayed 3 second(s)

2023-07-11 11:57:17 - [MESSAGE][PASSED] - Delayed 3 second(s)

2023-07-11 11:57:17 - [TEST_STEP][PASSED] - click(findTestObject("DIGITURNO/CONFIGURACION/3Jornadas de Atencion/Edicion/btn_SeleccionarOficina")): Object: 'Object Repository/DIGITURNO/CONFIGURACION/3Jornadas de Atencion/Edicion/btn_SeleccionarOficina' is clicked on

2023-07-11 11:57:17 - [MESSAGE][PASSED] - Object: 'Object Repository/DIGITURNO/CONFIGURACION/3Jornadas de Atencion/Edicion/btn_SeleccionarOficina' is clicked on

2023-07-11 11:57:17 - [TEST_STEP][PASSED] - delay(3): Delayed 3 second(s)

2023-07-11 11:57:21 - [MESSAGE][PASSED] - Delayed 3 second(s)

2023-07-11 11:57:21 - [TEST_STEP][PASSED] - click(findTestObject("DIGITURNO/CONFIGURACION/3Jornadas de Atencion/Edicion/btn_SeleccionarOficina(1)/td_1Bogota - CIEL")): Object: 'Object Repository/DIGITURNO/CONFIGURACION/3Jornadas de Atencion/Edicion/btn_SeleccionarOficina(1)/td_1Bogota - CIEL' is clicked on

2023-07-11 11:57:21 - [MESSAGE][PASSED] - Object: 'Object Repository/DIGITURNO/CONFIGURACION/3Jornadas de Atencion/Edicion/btn_SeleccionarOficina(1)/td_1Bogota - CIEL' is clicked on

2023-07-11 11:57:21 - [TEST_STEP][PASSED] - delay(3): Delayed 3 second(s)

2023-07-11 11:57:24 - [MESSAGE][PASSED] - Delayed 3 second(s)

2023-07-11 11:57:24 - [TEST_STEP][PASSED] - check(findTestObject("DIGITURNO/CONFIGURACION/3Jornadas de Atencion/Edicion/Label/label_Habilitada")): Object 'Object Repository/DIGITURNO/CONFIGURACION/3Jornadas de Atencion/Edicion/Label/label_Habilitada' is checked

2023-07-11 11:57:24 - [MESSAGE][PASSED] - Object 'Object Repository/DIGITURNO/CONFIGURACION/3Jornadas de Atencion/Edicion/Label/label_Habilitada' is checked

2023-07-11 11:57:24 - [TEST_STEP][PASSED] - delay(3): Delayed 3 second(s)

2023-07-11 11:57:28 - [MESSAGE][PASSED] - Delayed 3 second(s)

2023-07-11 11:57:28 - [TEST_STEP][PASSED] - setText(findTestObject("DIGITURNO/CONFIGURACION/3Jornadas de Atencion/Edicion/input_Nombre"), "Prueba"): Text 'Prueba' is set on object 'Object Repository/DIGITURNO/CONFIGURACION/3Jornadas de Atencion/Edicion/input_Nombre'

2023-07-11 11:57:28 - [MESSAGE][PASSED] - Text 'Prueba' is set on object 'Object Repository/DIGITURNO/CONFIGURACION/3Jornadas de Atencion/Edicion/input_Nombre'

2023-07-11 11:57:28 - [TEST_STEP][PASSED] - setText(findTestObject("DIGITURNO/CONFIGURACION/3Jornadas de Atencion/Edicion/textarea_Descripcion"), "Prueba"): Text 'Prueba' is set on object 'Object Repository/DIGITURNO/CONFIGURACION/3Jornadas de Atencion/Edicion/textarea_Descripcion'

2023-07-11 11:57:29 - [MESSAGE][PASSED] - Text 'Prueba' is set on object 'Object Repository/DIGITURNO/CONFIGURACION/3Jornadas de Atencion/Edicion/textarea_Descripcion'

2023-07-11 11:57:29 - [TEST_STEP][PASSED] - setText(findTestObject("DIGITURNO/CONFIGURACION/3Jornadas de Atencion/Edicion/input_Prioridad"), "9"): Text '9' is set on object 'Object Repository/DIGITURNO/CONFIGURACION/3Jornadas de Atencion/Edicion/input_Prioridad'

2023-07-11 11:57:30 - [MESSAGE][PASSED] - Text '9' is set on object 'Object Repository/DIGITURNO/CONFIGURACION/3Jornadas de Atencion/Edicion/input_Prioridad'

2023-07-11 11:57:30 - [TEST_STEP][PASSED] - setText(findTestObject("DIGITURNO/CONFIGURACION/3Jornadas de Atencion/Edicion/input_Fecha inicio ddmmaaaa"), "12/05/2022"): Text '12/05/2022' is set on object 'Object Repository/DIGITURNO/CONFIGURACION/3Jornadas de Atencion/Edicion/input_Fecha inicio ddmmaaaa'

2023-07-11 11:57:31 - [MESSAGE][PASSED] - Text '12/05/2022' is set on object 'Object Repository/DIGITURNO/CONFIGURACION/3Jornadas de Atencion/Edicion/input_Fecha inicio ddmmaaaa'

2023-07-11 11:57:31 - [TEST_STEP][PASSED] - setText(findTestObject("DIGITURNO/CONFIGURACION/3Jornadas de Atencion/Edicion/input_Fecha Inicio HH"), "08"): Text '08' is set on object 'Object Repository/DIGITURNO/CONFIGURACION/3Jornadas de Atencion/Edicion/input_Fecha Inicio HH'

2023-07-11 11:57:32 - [MESSAGE][PASSED] - Text '08' is set on object 'Object Repository/DIGITURNO/CONFIGURACION/3Jornadas de Atencion/Edicion/input_Fecha Inicio HH'

2023-07-11 11:57:32 - [TEST_STEP][PASSED] - setText(findTestObject("DIGITURNO/CONFIGURACION/3Jornadas de Atencion/Edicion/input_Fecha Inicio MM"), "00"): Text '00' is set on object 'Object Repository/DIGITURNO/CONFIGURACION/3Jornadas de Atencion/Edicion/input_Fecha Inicio MM'

2023-07-11 11:57:33 - [MESSAGE][PASSED] - Text '00' is set on object 'Object Repository/DIGITURNO/CONFIGURACION/3Jornadas de Atencion/Edicion/input_Fecha Inicio MM'

2023-07-11 11:57:33 - [TEST_STEP][PASSED] - delay(3): Delayed 3 second(s)

2023-07-11 11:57:36 - [MESSAGE][PASSED] - Delayed 3 second(s)

2023-07-11 11:57:36 - [TEST_STEP][PASSED] - setText(findTestObject("DIGITURNO/CONFIGURACION/3Jornadas de Atencion/Edicion/input_Fecha fin ddmmaaaa"), "30/06/2022"): Text '30/06/2022' is set on object 'Object Repository/DIGITURNO/CONFIGURACION/3Jornadas de Atencion/Edicion/input_Fecha fin ddmmaaaa'

2023-07-11 11:57:37 - [MESSAGE][PASSED] - Text '30/06/2022' is set on object 'Object Repository/DIGITURNO/CONFIGURACION/3Jornadas de Atencion/Edicion/input_Fecha fin ddmmaaaa'

2023-07-11 11:57:37 - [TEST_STEP][PASSED] - setText(findTestObject("DIGITURNO/CONFIGURACION/3Jornadas de Atencion/Edicion/input_Fecha Fin HH"), "18"): Text '18' is set on object 'Object Repository/DIGITURNO/CONFIGURACION/3Jornadas de Atencion/Edicion/input_Fecha Fin HH'

2023-07-11 11:57:38 - [MESSAGE][PASSED] - Text '18' is set on object 'Object Repository/DIGITURNO/CONFIGURACION/3Jornadas de Atencion/Edicion/input_Fecha Fin HH'

2023-07-11 11:57:38 - [TEST_STEP][PASSED] - setText(findTestObject("DIGITURNO/CONFIGURACION/3Jornadas de Atencion/Edicion/input_Fecha Fin MM"), "00"): Text '00' is set on object 'Object Repository/DIGITURNO/CONFIGURACION/3Jornadas de Atencion/Edicion/input_Fecha Fin MM'

2023-07-11 11:57:39 - [MESSAGE][PASSED] - Text '00' is set on object 'Object Repository/DIGITURNO/CONFIGURACION/3Jornadas de Atencion/Edicion/input_Fecha Fin MM'

2023-07-11 11:57:39 - [TEST_STEP][PASSED] - delay(3): Delayed 3 second(s)

2023-07-11 11:57:42 - [MESSAGE][PASSED] - Delayed 3 second(s)

2023-07-11 11:57:42 - [TEST_STEP][PASSED] - scrollToPosition(0, 700): Browser is scrolled to position x = 0, y = 700

2023-07-11 11:57:42 - [MESSAGE][PASSED] - Browser is scrolled to position x = 0, y = 700

2023-07-11 11:57:42 - [TEST_STEP][PASSED] - click(findTestObject("DIGITURNO/CONFIGURACION/3Jornadas de Atencion/Edicion/Label/label_Semanal")): Object: 'Object Repository/DIGITURNO/CONFIGURACION/3Jornadas de Atencion/Edicion/Label/label_Semanal' is clicked on

2023-07-11 11:57:43 - [MESSAGE][PASSED] - Object: 'Object Repository/DIGITURNO/CONFIGURACION/3Jornadas de Atencion/Edicion/Label/label_Semanal' is clicked on

2023-07-11 11:57:43 - [TEST_STEP][PASSED] - delay(2): Delayed 2 second(s)

2023-07-11 11:57:45 - [MESSAGE][PASSED] - Delayed 2 second(s)

2023-07-11 11:57:45 - [TEST_STEP][PASSED] - check(findTestObject("DIGITURNO/CONFIGURACION/3Jornadas de Atencion/Edicion/Label/label_Semanal(1)/label_lunes")): Object 'Object Repository/DIGITURNO/CONFIGURACION/3Jornadas de Atencion/Edicion/Label/label_Semanal(1)/label_lunes' is checked

2023-07-11 11:57:45 - [MESSAGE][PASSED] - Object 'Object Repository/DIGITURNO/CONFIGURACION/3Jornadas de Atencion/Edicion/Label/label_Semanal(1)/label_lunes' is checked

2023-07-11 11:57:45 - [TEST_STEP][PASSED] - check(findTestObject("DIGITURNO/CONFIGURACION/3Jornadas de Atencion/Edicion/Label/label_Semanal(1)/label_martes")): Object 'Object Repository/DIGITURNO/CONFIGURACION/3Jornadas de Atencion/Edicion/Label/label_Semanal(1)/label_martes' is checked

2023-07-11 11:57:46 - [MESSAGE][PASSED] - Object 'Object Repository/DIGITURNO/CONFIGURACION/3Jornadas de Atencion/Edicion/Label/label_Semanal(1)/label_martes' is checked

2023-07-11 11:57:46 - [TEST_STEP][PASSED] - check(findTestObject("DIGITURNO/CONFIGURACION/3Jornadas de Atencion/Edicion/Label/label_Semanal(1)/label_miercoles")): Object 'Object Repository/DIGITURNO/CONFIGURACION/3Jornadas de Atencion/Edicion/Label/label_Semanal(1)/label_miercoles' is checked

2023-07-11 11:57:46 - [MESSAGE][PASSED] - Object 'Object Repository/DIGITURNO/CONFIGURACION/3Jornadas de Atencion/Edicion/Label/label_Semanal(1)/label_miercoles' is checked

2023-07-11 11:57:46 - [TEST_STEP][PASSED] - check(findTestObject("DIGITURNO/CONFIGURACION/3Jornadas de Atencion/Edicion/Label/label_Semanal(1)/label_jueves")): Object 'Object Repository/DIGITURNO/CONFIGURACION/3Jornadas de Atencion/Edicion/Label/label_Semanal(1)/label_jueves' is checked

2023-07-11 11:57:46 - [MESSAGE][PASSED] - Object 'Object Repository/DIGITURNO/CONFIGURACION/3Jornadas de Atencion/Edicion/Label/label_Semanal(1)/label_jueves' is checked

2023-07-11 11:57:46 - [TEST_STEP][PASSED] - check(findTestObject("DIGITURNO/CONFIGURACION/3Jornadas de Atencion/Edicion/Label/label_Semanal(1)/label_viernes")): Object 'Object Repository/DIGITURNO/CONFIGURACION/3Jornadas de Atencion/Edicion/Label/label_Semanal(1)/label_viernes' is checked

2023-07-11 11:57:47 - [MESSAGE][PASSED] - Object 'Object Repository/DIGITURNO/CONFIGURACION/3Jornadas de Atencion/Edicion/Label/label_Semanal(1)/label_viernes' is checked

2023-07-11 11:57:47 - [TEST_STEP][PASSED] - delay(3): Delayed 3 second(s)

2023-07-11 11:57:50 - [MESSAGE][PASSED] - Delayed 3 second(s)

2023-07-11 11:57:50 - [TEST_STEP][PASSED] - scrollToPosition(0, 0): Browser is scrolled to position x = 0, y = 0

2023-07-11 11:57:50 - [MESSAGE][PASSED] - Browser is scrolled to position x = 0, y = 0

2023-07-11 11:57:50 - [TEST_STEP][PASSED] - click(findTestObject("DIGITURNO/CONFIGURACION/3Jornadas de Atencion/Edicion/img_Nuevo")): Object: 'Object Repository/DIGITURNO/CONFIGURACION/3Jornadas de Atencion/Edicion/img_Nuevo' is clicked on

2023-07-11 11:57:50 - [MESSAGE][PASSED] - Object: 'Object Repository/DIGITURNO/CONFIGURACION/3Jornadas de Atencion/Edicion/img_Nuevo' is clicked on

2023-07-11 11:57:50 - [TEST_STEP][PASSED] - delay(3): Delayed 3 second(s)

2023-07-11 11:57:53 - [MESSAGE][PASSED] - Delayed 3 second(s)

2023-07-11 11:57:53 - [TEST_STEP][PASSED] - takeFullPageScreenshot(): Taking screenshot successfully

2023-07-11 11:57:54 - [MESSAGE][INFO] - 0 hidden object(s)

2023-07-11 11:57:54 - [MESSAGE][PASSED] - Taking screenshot successfully
[[ATTACHMENT|C:\\CIEL INGENIERIA\\Katalon\\Digiturno55\\Reports\\20230711_113602\\DIGITURNO\\BASICO\\31 Jornadas de Atencion Crear Actualizar Eliminar\\20230711_113629\\1689094673820.png]]

2023-07-11 11:57:54 - [TEST_STEP][PASSED] - delay(3): Delayed 3 second(s)

2023-07-11 11:57:57 - [MESSAGE][PASSED] - Delayed 3 second(s)

2023-07-11 11:57:57 - [TEST_STEP][PASSED] - Start listener action : sampleAfterTestCase: null]]></system-out>
         <system-err><![CDATA[]]></system-err>
      </testcase>
      <testcase name="Test Cases/DIGITURNO/BASICO/31 Jornadas de Atencion Actualizar" time="42.318" classname="Test Cases/DIGITURNO/BASICO/31 Jornadas de Atencion Actualizar" status="PASSED">
         <system-out><![CDATA[2023-07-11 11:57:57 - [TEST_CASE][PASSED] - Test Cases/DIGITURNO/BASICO/31 Jornadas de Atencion Actualizar: Test Cases/DIGITURNO/BASICO/31 Jornadas de Atencion Actualizar

2023-07-11 11:57:58 - [TEST_STEP][PASSED] - callTestCase(findTestCase("DIGITURNO/BASICO/3 Configuracion"), [:], STOP_ON_FAILURE): Call Test Case 'Test Cases/DIGITURNO/BASICO/3 Configuracion' successfully

2023-07-11 11:57:58 - [TEST_CASE][PASSED] - Test Cases/DIGITURNO/BASICO/3 Configuracion: Test Cases/DIGITURNO/BASICO/3 Configuracion

2023-07-11 11:57:58 - [TEST_STEP][PASSED] - callTestCase(findTestCase("0InicioSesion"), [:], STOP_ON_FAILURE): Call Test Case 'Test Cases/0InicioSesion' successfully

2023-07-11 11:57:58 - [TEST_CASE][PASSED] - Test Cases/0InicioSesion: Test Cases/0InicioSesion

2023-07-11 11:57:58 - [TEST_STEP][PASSED] - openBrowser(UrlDigiturno): Browser is opened with url: 'https://PCPruebas101.ciel.cielingenieria.com:8810'

2023-07-11 11:57:58 - [MESSAGE][WARNING] - A browser is already opened. Closing browser and opening a new one

2023-07-11 11:57:58 - [MESSAGE][INFO] - Starting 'Chrome' driver

2023-07-11 11:57:58 - [MESSAGE][INFO] - User set preference: ['args', '[--use-fake-ui-for-media-stream, --disable-notifications]']

2023-07-11 11:57:58 - [MESSAGE][INFO] - Action delay is set to 0 milliseconds

2023-07-11 11:58:00 - [MESSAGE][PASSED] - Browser is opened with url: 'https://PCPruebas101.ciel.cielingenieria.com:8810'

2023-07-11 11:58:00 - [TEST_STEP][PASSED] - maximizeWindow(): Current window maximized

2023-07-11 11:58:00 - [MESSAGE][PASSED] - Current window maximized

2023-07-11 11:58:00 - [TEST_STEP][PASSED] - delay(3): Delayed 3 second(s)

2023-07-11 11:58:03 - [MESSAGE][PASSED] - Delayed 3 second(s)

2023-07-11 11:58:03 - [TEST_STEP][PASSED] - setText(findTestObject("0Inicio Sesion/input_Usuario"), "Ciel"): Text 'Ciel' is set on object 'Object Repository/0Inicio Sesion/input_Usuario'

2023-07-11 11:58:04 - [MESSAGE][PASSED] - Text 'Ciel' is set on object 'Object Repository/0Inicio Sesion/input_Usuario'

2023-07-11 11:58:04 - [TEST_STEP][PASSED] - setText(findTestObject("0Inicio Sesion/input_Clave"), "digiturno"): Text 'digiturno' is set on object 'Object Repository/0Inicio Sesion/input_Clave'

2023-07-11 11:58:05 - [MESSAGE][PASSED] - Text 'digiturno' is set on object 'Object Repository/0Inicio Sesion/input_Clave'

2023-07-11 11:58:05 - [TEST_STEP][PASSED] - click(findTestObject("0Inicio Sesion/btn_IniciarSesion")): Object: 'Object Repository/0Inicio Sesion/btn_IniciarSesion' is clicked on

2023-07-11 11:58:05 - [MESSAGE][PASSED] - Object: 'Object Repository/0Inicio Sesion/btn_IniciarSesion' is clicked on

2023-07-11 11:58:05 - [TEST_STEP][PASSED] - delay(3): Delayed 3 second(s)

2023-07-11 11:58:08 - [MESSAGE][PASSED] - Delayed 3 second(s)

2023-07-11 11:58:08 - [MESSAGE][PASSED] - Call Test Case 'Test Cases/0InicioSesion' successfully

2023-07-11 11:58:08 - [TEST_STEP][PASSED] - click(findTestObject("DIGITURNO/1Principal/img_Configuracion(1)")): Object: 'Object Repository/DIGITURNO/1Principal/img_Configuracion(1)' is clicked on

2023-07-11 11:58:09 - [MESSAGE][PASSED] - Object: 'Object Repository/DIGITURNO/1Principal/img_Configuracion(1)' is clicked on

2023-07-11 11:58:09 - [TEST_STEP][PASSED] - delay(3): Delayed 3 second(s)

2023-07-11 11:58:12 - [MESSAGE][PASSED] - Delayed 3 second(s)

2023-07-11 11:58:12 - [TEST_STEP][PASSED] - takeFullPageScreenshot(): Taking screenshot successfully

2023-07-11 11:58:12 - [MESSAGE][INFO] - 0 hidden object(s)

2023-07-11 11:58:12 - [MESSAGE][PASSED] - Taking screenshot successfully
[[ATTACHMENT|C:\\CIEL INGENIERIA\\Katalon\\Digiturno55\\Reports\\20230711_113602\\DIGITURNO\\BASICO\\31 Jornadas de Atencion Crear Actualizar Eliminar\\20230711_113629\\1689094692069.png]]

2023-07-11 11:58:12 - [TEST_STEP][PASSED] - delay(3): Delayed 3 second(s)

2023-07-11 11:58:15 - [MESSAGE][PASSED] - Delayed 3 second(s)

2023-07-11 11:58:15 - [MESSAGE][PASSED] - Call Test Case 'Test Cases/DIGITURNO/BASICO/3 Configuracion' successfully

2023-07-11 11:58:15 - [TEST_STEP][PASSED] - click(findTestObject("DIGITURNO/CONFIGURACION/0Principal/img_3Jornadas de atencion")): Object: 'Object Repository/DIGITURNO/CONFIGURACION/0Principal/img_3Jornadas de atencion' is clicked on

2023-07-11 11:58:16 - [MESSAGE][PASSED] - Object: 'Object Repository/DIGITURNO/CONFIGURACION/0Principal/img_3Jornadas de atencion' is clicked on

2023-07-11 11:58:16 - [TEST_STEP][PASSED] - delay(2): Delayed 2 second(s)

2023-07-11 11:58:18 - [MESSAGE][PASSED] - Delayed 2 second(s)

2023-07-11 11:58:18 - [TEST_STEP][PASSED] - click(findTestObject("DIGITURNO/CONFIGURACION/3Jornadas de Atencion/0Modal Inicial Oficinas/td_1Bogota - CIEL")): Object: 'Object Repository/DIGITURNO/CONFIGURACION/3Jornadas de Atencion/0Modal Inicial Oficinas/td_1Bogota - CIEL' is clicked on

2023-07-11 11:58:18 - [MESSAGE][PASSED] - Object: 'Object Repository/DIGITURNO/CONFIGURACION/3Jornadas de Atencion/0Modal Inicial Oficinas/td_1Bogota - CIEL' is clicked on

2023-07-11 11:58:18 - [TEST_STEP][PASSED] - delay(3): Delayed 3 second(s)

2023-07-11 11:58:21 - [MESSAGE][PASSED] - Delayed 3 second(s)

2023-07-11 11:58:21 - [TEST_STEP][PASSED] - setText(findTestObject("DIGITURNO/CONFIGURACION/3Jornadas de Atencion/Lista de Jornadas/input_TextoABuscar"), "Prueba"): Text 'Prueba' is set on object 'Object Repository/DIGITURNO/CONFIGURACION/3Jornadas de Atencion/Lista de Jornadas/input_TextoABuscar'

2023-07-11 11:58:22 - [MESSAGE][PASSED] - Text 'Prueba' is set on object 'Object Repository/DIGITURNO/CONFIGURACION/3Jornadas de Atencion/Lista de Jornadas/input_TextoABuscar'

2023-07-11 11:58:22 - [TEST_STEP][PASSED] - delay(3): Delayed 3 second(s)

2023-07-11 11:58:25 - [MESSAGE][PASSED] - Delayed 3 second(s)

2023-07-11 11:58:25 - [TEST_STEP][PASSED] - click(findTestObject("DIGITURNO/CONFIGURACION/3Jornadas de Atencion/Lista de Jornadas/td_1 Seleccion Busqueda")): Object: 'Object Repository/DIGITURNO/CONFIGURACION/3Jornadas de Atencion/Lista de Jornadas/td_1 Seleccion Busqueda' is clicked on

2023-07-11 11:58:25 - [MESSAGE][PASSED] - Object: 'Object Repository/DIGITURNO/CONFIGURACION/3Jornadas de Atencion/Lista de Jornadas/td_1 Seleccion Busqueda' is clicked on

2023-07-11 11:58:25 - [TEST_STEP][PASSED] - delay(3): Delayed 3 second(s)

2023-07-11 11:58:28 - [MESSAGE][PASSED] - Delayed 3 second(s)

2023-07-11 11:58:28 - [TEST_STEP][PASSED] - setText(findTestObject("DIGITURNO/CONFIGURACION/3Jornadas de Atencion/Edicion/textarea_Descripcion"), "Prueba Actualizada"): Text 'Prueba Actualizada' is set on object 'Object Repository/DIGITURNO/CONFIGURACION/3Jornadas de Atencion/Edicion/textarea_Descripcion'

2023-07-11 11:58:29 - [MESSAGE][PASSED] - Text 'Prueba Actualizada' is set on object 'Object Repository/DIGITURNO/CONFIGURACION/3Jornadas de Atencion/Edicion/textarea_Descripcion'

2023-07-11 11:58:29 - [TEST_STEP][PASSED] - scrollToElement(findTestObject("DIGITURNO/CONFIGURACION/3Jornadas de Atencion/Edicion/Label/label_Semanal(1)/label_sabado"), 1): Scroll to object 'Object Repository/DIGITURNO/CONFIGURACION/3Jornadas de Atencion/Edicion/Label/label_Semanal(1)/label_sabado' successfully

2023-07-11 11:58:30 - [MESSAGE][PASSED] - Scroll to object 'Object Repository/DIGITURNO/CONFIGURACION/3Jornadas de Atencion/Edicion/Label/label_Semanal(1)/label_sabado' successfully

2023-07-11 11:58:30 - [TEST_STEP][PASSED] - check(findTestObject("DIGITURNO/CONFIGURACION/3Jornadas de Atencion/Edicion/Label/label_Semanal(1)/label_sabado")): Object 'Object Repository/DIGITURNO/CONFIGURACION/3Jornadas de Atencion/Edicion/Label/label_Semanal(1)/label_sabado' is checked

2023-07-11 11:58:30 - [MESSAGE][PASSED] - Object 'Object Repository/DIGITURNO/CONFIGURACION/3Jornadas de Atencion/Edicion/Label/label_Semanal(1)/label_sabado' is checked

2023-07-11 11:58:30 - [TEST_STEP][PASSED] - delay(2): Delayed 2 second(s)

2023-07-11 11:58:32 - [MESSAGE][PASSED] - Delayed 2 second(s)

2023-07-11 11:58:32 - [TEST_STEP][PASSED] - scrollToPosition(0, 0): Browser is scrolled to position x = 0, y = 0

2023-07-11 11:58:32 - [MESSAGE][PASSED] - Browser is scrolled to position x = 0, y = 0

2023-07-11 11:58:32 - [TEST_STEP][PASSED] - click(findTestObject("DIGITURNO/CONFIGURACION/3Jornadas de Atencion/Edicion/img_Actualizar")): Object: 'Object Repository/DIGITURNO/CONFIGURACION/3Jornadas de Atencion/Edicion/img_Actualizar' is clicked on

2023-07-11 11:58:33 - [MESSAGE][PASSED] - Object: 'Object Repository/DIGITURNO/CONFIGURACION/3Jornadas de Atencion/Edicion/img_Actualizar' is clicked on

2023-07-11 11:58:33 - [TEST_STEP][PASSED] - delay(3): Delayed 3 second(s)

2023-07-11 11:58:36 - [MESSAGE][PASSED] - Delayed 3 second(s)

2023-07-11 11:58:36 - [TEST_STEP][PASSED] - takeFullPageScreenshot(): Taking screenshot successfully

2023-07-11 11:58:36 - [MESSAGE][INFO] - 0 hidden object(s)

2023-07-11 11:58:36 - [MESSAGE][PASSED] - Taking screenshot successfully
[[ATTACHMENT|C:\\CIEL INGENIERIA\\Katalon\\Digiturno55\\Reports\\20230711_113602\\DIGITURNO\\BASICO\\31 Jornadas de Atencion Crear Actualizar Eliminar\\20230711_113629\\1689094716172.png]]

2023-07-11 11:58:36 - [TEST_STEP][PASSED] - delay(3): Delayed 3 second(s)

2023-07-11 11:58:39 - [MESSAGE][PASSED] - Delayed 3 second(s)

2023-07-11 11:58:39 - [TEST_STEP][PASSED] - Start listener action : sampleAfterTestCase: null]]></system-out>
         <system-err><![CDATA[]]></system-err>
      </testcase>
      <testcase name="Test Cases/DIGITURNO/BASICO/31 Jornadas de Atencion Eliminar" time="38.58" classname="Test Cases/DIGITURNO/BASICO/31 Jornadas de Atencion Eliminar" status="PASSED">
         <system-out><![CDATA[2023-07-11 11:58:39 - [TEST_CASE][PASSED] - Test Cases/DIGITURNO/BASICO/31 Jornadas de Atencion Eliminar: Test Cases/DIGITURNO/BASICO/31 Jornadas de Atencion Eliminar

2023-07-11 11:58:40 - [TEST_STEP][PASSED] - callTestCase(findTestCase("DIGITURNO/BASICO/3 Configuracion"), [:], STOP_ON_FAILURE): Call Test Case 'Test Cases/DIGITURNO/BASICO/3 Configuracion' successfully

2023-07-11 11:58:40 - [TEST_CASE][PASSED] - Test Cases/DIGITURNO/BASICO/3 Configuracion: Test Cases/DIGITURNO/BASICO/3 Configuracion

2023-07-11 11:58:40 - [TEST_STEP][PASSED] - callTestCase(findTestCase("0InicioSesion"), [:], STOP_ON_FAILURE): Call Test Case 'Test Cases/0InicioSesion' successfully

2023-07-11 11:58:40 - [TEST_CASE][PASSED] - Test Cases/0InicioSesion: Test Cases/0InicioSesion

2023-07-11 11:58:40 - [TEST_STEP][PASSED] - openBrowser(UrlDigiturno): Browser is opened with url: 'https://PCPruebas101.ciel.cielingenieria.com:8810'

2023-07-11 11:58:40 - [MESSAGE][WARNING] - A browser is already opened. Closing browser and opening a new one

2023-07-11 11:58:41 - [MESSAGE][INFO] - Starting 'Chrome' driver

2023-07-11 11:58:41 - [MESSAGE][INFO] - User set preference: ['args', '[--use-fake-ui-for-media-stream, --disable-notifications]']

2023-07-11 11:58:41 - [MESSAGE][INFO] - Action delay is set to 0 milliseconds

2023-07-11 11:58:42 - [MESSAGE][PASSED] - Browser is opened with url: 'https://PCPruebas101.ciel.cielingenieria.com:8810'

2023-07-11 11:58:42 - [TEST_STEP][PASSED] - maximizeWindow(): Current window maximized

2023-07-11 11:58:42 - [MESSAGE][PASSED] - Current window maximized

2023-07-11 11:58:42 - [TEST_STEP][PASSED] - delay(3): Delayed 3 second(s)

2023-07-11 11:58:45 - [MESSAGE][PASSED] - Delayed 3 second(s)

2023-07-11 11:58:45 - [TEST_STEP][PASSED] - setText(findTestObject("0Inicio Sesion/input_Usuario"), "Ciel"): Text 'Ciel' is set on object 'Object Repository/0Inicio Sesion/input_Usuario'

2023-07-11 11:58:46 - [MESSAGE][PASSED] - Text 'Ciel' is set on object 'Object Repository/0Inicio Sesion/input_Usuario'

2023-07-11 11:58:46 - [TEST_STEP][PASSED] - setText(findTestObject("0Inicio Sesion/input_Clave"), "digiturno"): Text 'digiturno' is set on object 'Object Repository/0Inicio Sesion/input_Clave'

2023-07-11 11:58:47 - [MESSAGE][PASSED] - Text 'digiturno' is set on object 'Object Repository/0Inicio Sesion/input_Clave'

2023-07-11 11:58:47 - [TEST_STEP][PASSED] - click(findTestObject("0Inicio Sesion/btn_IniciarSesion")): Object: 'Object Repository/0Inicio Sesion/btn_IniciarSesion' is clicked on

2023-07-11 11:58:47 - [MESSAGE][PASSED] - Object: 'Object Repository/0Inicio Sesion/btn_IniciarSesion' is clicked on

2023-07-11 11:58:47 - [TEST_STEP][PASSED] - delay(3): Delayed 3 second(s)

2023-07-11 11:58:50 - [MESSAGE][PASSED] - Delayed 3 second(s)

2023-07-11 11:58:50 - [MESSAGE][PASSED] - Call Test Case 'Test Cases/0InicioSesion' successfully

2023-07-11 11:58:50 - [TEST_STEP][PASSED] - click(findTestObject("DIGITURNO/1Principal/img_Configuracion(1)")): Object: 'Object Repository/DIGITURNO/1Principal/img_Configuracion(1)' is clicked on

2023-07-11 11:58:51 - [MESSAGE][PASSED] - Object: 'Object Repository/DIGITURNO/1Principal/img_Configuracion(1)' is clicked on

2023-07-11 11:58:51 - [TEST_STEP][PASSED] - delay(3): Delayed 3 second(s)

2023-07-11 11:58:54 - [MESSAGE][PASSED] - Delayed 3 second(s)

2023-07-11 11:58:54 - [TEST_STEP][PASSED] - takeFullPageScreenshot(): Taking screenshot successfully

2023-07-11 11:58:54 - [MESSAGE][INFO] - 0 hidden object(s)

2023-07-11 11:58:54 - [MESSAGE][PASSED] - Taking screenshot successfully
[[ATTACHMENT|C:\\CIEL INGENIERIA\\Katalon\\Digiturno55\\Reports\\20230711_113602\\DIGITURNO\\BASICO\\31 Jornadas de Atencion Crear Actualizar Eliminar\\20230711_113629\\1689094734162.png]]

2023-07-11 11:58:54 - [TEST_STEP][PASSED] - delay(3): Delayed 3 second(s)

2023-07-11 11:58:57 - [MESSAGE][PASSED] - Delayed 3 second(s)

2023-07-11 11:58:57 - [MESSAGE][PASSED] - Call Test Case 'Test Cases/DIGITURNO/BASICO/3 Configuracion' successfully

2023-07-11 11:58:57 - [TEST_STEP][PASSED] - click(findTestObject("DIGITURNO/CONFIGURACION/0Principal/img_3Jornadas de atencion")): Object: 'Object Repository/DIGITURNO/CONFIGURACION/0Principal/img_3Jornadas de atencion' is clicked on

2023-07-11 11:58:58 - [MESSAGE][PASSED] - Object: 'Object Repository/DIGITURNO/CONFIGURACION/0Principal/img_3Jornadas de atencion' is clicked on

2023-07-11 11:58:58 - [TEST_STEP][PASSED] - delay(2): Delayed 2 second(s)

2023-07-11 11:59:00 - [MESSAGE][PASSED] - Delayed 2 second(s)

2023-07-11 11:59:00 - [TEST_STEP][PASSED] - click(findTestObject("DIGITURNO/CONFIGURACION/3Jornadas de Atencion/0Modal Inicial Oficinas/td_1Bogota - CIEL")): Object: 'Object Repository/DIGITURNO/CONFIGURACION/3Jornadas de Atencion/0Modal Inicial Oficinas/td_1Bogota - CIEL' is clicked on

2023-07-11 11:59:00 - [MESSAGE][PASSED] - Object: 'Object Repository/DIGITURNO/CONFIGURACION/3Jornadas de Atencion/0Modal Inicial Oficinas/td_1Bogota - CIEL' is clicked on

2023-07-11 11:59:00 - [TEST_STEP][PASSED] - delay(3): Delayed 3 second(s)

2023-07-11 11:59:03 - [MESSAGE][PASSED] - Delayed 3 second(s)

2023-07-11 11:59:03 - [TEST_STEP][PASSED] - setText(findTestObject("DIGITURNO/CONFIGURACION/3Jornadas de Atencion/Lista de Jornadas/input_TextoABuscar"), "Prueba"): Text 'Prueba' is set on object 'Object Repository/DIGITURNO/CONFIGURACION/3Jornadas de Atencion/Lista de Jornadas/input_TextoABuscar'

2023-07-11 11:59:04 - [MESSAGE][PASSED] - Text 'Prueba' is set on object 'Object Repository/DIGITURNO/CONFIGURACION/3Jornadas de Atencion/Lista de Jornadas/input_TextoABuscar'

2023-07-11 11:59:04 - [TEST_STEP][PASSED] - delay(3): Delayed 3 second(s)

2023-07-11 11:59:07 - [MESSAGE][PASSED] - Delayed 3 second(s)

2023-07-11 11:59:07 - [TEST_STEP][PASSED] - click(findTestObject("DIGITURNO/CONFIGURACION/3Jornadas de Atencion/Lista de Jornadas/td_1 Seleccion Busqueda")): Object: 'Object Repository/DIGITURNO/CONFIGURACION/3Jornadas de Atencion/Lista de Jornadas/td_1 Seleccion Busqueda' is clicked on

2023-07-11 11:59:08 - [MESSAGE][PASSED] - Object: 'Object Repository/DIGITURNO/CONFIGURACION/3Jornadas de Atencion/Lista de Jornadas/td_1 Seleccion Busqueda' is clicked on

2023-07-11 11:59:08 - [TEST_STEP][PASSED] - delay(3): Delayed 3 second(s)

2023-07-11 11:59:11 - [MESSAGE][PASSED] - Delayed 3 second(s)

2023-07-11 11:59:11 - [TEST_STEP][PASSED] - scrollToPosition(0, 0): Browser is scrolled to position x = 0, y = 0

2023-07-11 11:59:11 - [MESSAGE][PASSED] - Browser is scrolled to position x = 0, y = 0

2023-07-11 11:59:11 - [TEST_STEP][PASSED] - click(findTestObject("DIGITURNO/CONFIGURACION/3Jornadas de Atencion/Edicion/img_Eliminar")): Object: 'Object Repository/DIGITURNO/CONFIGURACION/3Jornadas de Atencion/Edicion/img_Eliminar' is clicked on

2023-07-11 11:59:11 - [MESSAGE][PASSED] - Object: 'Object Repository/DIGITURNO/CONFIGURACION/3Jornadas de Atencion/Edicion/img_Eliminar' is clicked on

2023-07-11 11:59:11 - [TEST_STEP][PASSED] - click(findTestObject("DIGITURNO/CONFIGURACION/3Jornadas de Atencion/Edicion/img_Eliminar")): Object: 'Object Repository/DIGITURNO/CONFIGURACION/3Jornadas de Atencion/Edicion/img_Eliminar' is clicked on

2023-07-11 11:59:11 - [MESSAGE][PASSED] - Object: 'Object Repository/DIGITURNO/CONFIGURACION/3Jornadas de Atencion/Edicion/img_Eliminar' is clicked on

2023-07-11 11:59:11 - [TEST_STEP][PASSED] - acceptAlert(): Alert accepted

2023-07-11 11:59:11 - [MESSAGE][PASSED] - Alert accepted

2023-07-11 11:59:11 - [TEST_STEP][PASSED] - delay(3): Delayed 3 second(s)

2023-07-11 11:59:14 - [MESSAGE][PASSED] - Delayed 3 second(s)

2023-07-11 11:59:14 - [TEST_STEP][PASSED] - takeFullPageScreenshot(): Taking screenshot successfully

2023-07-11 11:59:15 - [MESSAGE][INFO] - 0 hidden object(s)

2023-07-11 11:59:15 - [MESSAGE][PASSED] - Taking screenshot successfully
[[ATTACHMENT|C:\\CIEL INGENIERIA\\Katalon\\Digiturno55\\Reports\\20230711_113602\\DIGITURNO\\BASICO\\31 Jornadas de Atencion Crear Actualizar Eliminar\\20230711_113629\\1689094754811.png]]

2023-07-11 11:59:15 - [TEST_STEP][PASSED] - delay(3): Delayed 3 second(s)

2023-07-11 11:59:18 - [MESSAGE][PASSED] - Delayed 3 second(s)

2023-07-11 11:59:18 - [TEST_STEP][PASSED] - Start listener action : sampleAfterTestCase: null]]></system-out>
         <system-err><![CDATA[]]></system-err>
      </testcase>
      <system-out><![CDATA[2023-07-11 11:56:37 - [TEST_SUITE][PASSED] - 31 Jornadas de Atencion Crear Actualizar Eliminar: Test Cases/DIGITURNO/BASICO/31 Jornadas de Atencion Eliminar]]></system-out>
      <system-err><![CDATA[]]></system-err>
   </testsuite>
</testsuites>
