<?xml version="1.0" encoding="UTF-8"?>
<testsuites name="5.3 Crear Grupos WorkFlow" time="125.857" tests="1" failures="0" errors="0">
   <testsuite name="5.3 Crear Grupos WorkFlow" tests="1" failures="0" errors="0" time="125.857" skipped="0" timestamp="2024-03-11 10:43:00" hostname="jdavila - PCPruebas101.ciel.cielingenieria.com" id="Test Suites/WIZARD/3Infraestructura/3Grupos/5.3 Crear Grupos WorkFlow">
      <properties>
         <property name="deviceName" value=""/>
         <property name="devicePlatform" value=""/>
         <property name="logFolder" value="C:\\CIEL INGENIERIA\\Katalon\\Digiturno55\\Reports\\20240311_101053\\WIZARD\\3Infraestructura\\3Grupos\\5.3 Crear Grupos WorkFlow\\20240311_101144"/>
         <property name="logFiles" value="C:\\CIEL INGENIERIA\\Katalon\\Digiturno55\\Reports\\20240311_101053\\WIZARD\\3Infraestructura\\3Grupos\\5.3 Crear Grupos WorkFlow\\20240311_101144\\execution0.log"/>
         <property name="attachments" value="C:\\CIEL INGENIERIA\\Katalon\\Digiturno55\\Reports\\20240311_101053\\WIZARD\\3Infraestructura\\3Grupos\\5.3 Crear Grupos WorkFlow\\20240311_101144\\1710171902336.png"/>
         <property name="hostName" value="jdavila - PCPruebas101.ciel.cielingenieria.com"/>
         <property name="os" value="Windows 10 64bit"/>
         <property name="katalonVersion" value="8.6.8.208"/>
         <property name="browser" value="Chrome 122.0.0.0"/>
         <property name="hostAddress" value="192.168.91.14"/>
         <property name="sessionId" value="00365e1e5dcfbf75a90629763db1b555"/>
         <property name="seleniumVersion" value="3.141.59"/>
         <property name="proxyInformation" value="ProxyInformation { proxyOption=NO_PROXY, proxyServerType=HTTP, username=, password=********, proxyServerAddress=, proxyServerPort=0, executionList=&quot;&quot;, isApplyToDesiredCapabilities=true }"/>
         <property name="platform" value="Windows 10"/>
      </properties>
      <testcase name="Test Cases/WIZARD/3Infraestructura/3Grupos/5.3 Crear Grupos WorkFlow" time="125.623" classname="Test Cases/WIZARD/3Infraestructura/3Grupos/5.3 Crear Grupos WorkFlow" status="PASSED">
         <system-out><![CDATA[2024-03-11 10:43:00 - [TEST_CASE][PASSED] - Test Cases/WIZARD/3Infraestructura/3Grupos/5.3 Crear Grupos WorkFlow: Test Cases/WIZARD/3Infraestructura/3Grupos/5.3 Crear Grupos WorkFlow

2024-03-11 10:43:01 - [TEST_STEP][PASSED] - callTestCase(findTestCase("0InicioSesion"), [:], STOP_ON_FAILURE): Call Test Case 'Test Cases/0InicioSesion' successfully

2024-03-11 10:43:01 - [TEST_CASE][PASSED] - Test Cases/0InicioSesion: Test Cases/0InicioSesion

2024-03-11 10:43:01 - [TEST_STEP][PASSED] - openBrowser(UrlDigiturno): Browser is opened with url: 'https://PCPruebas101.ciel.cielingenieria.com:8910'

2024-03-11 10:43:02 - [MESSAGE][INFO] - Starting 'Chrome' driver

2024-03-11 10:43:02 - [MESSAGE][INFO] - User set preference: ['args', '[--use-fake-ui-for-media-stream, --disable-notifications]']

2024-03-11 10:43:02 - [MESSAGE][INFO] - Action delay is set to 0 milliseconds

2024-03-11 10:43:04 - [MESSAGE][PASSED] - Browser is opened with url: 'https://PCPruebas101.ciel.cielingenieria.com:8910'

2024-03-11 10:43:04 - [TEST_STEP][PASSED] - maximizeWindow(): Current window maximized

2024-03-11 10:43:05 - [MESSAGE][PASSED] - Current window maximized

2024-03-11 10:43:05 - [TEST_STEP][PASSED] - delay(3): Delayed 3 second(s)

2024-03-11 10:43:08 - [MESSAGE][PASSED] - Delayed 3 second(s)

2024-03-11 10:43:08 - [TEST_STEP][PASSED] - setText(findTestObject("0Inicio Sesion/input_Usuario"), "Ciel"): Text 'Ciel' is set on object 'Object Repository/0Inicio Sesion/input_Usuario'

2024-03-11 10:43:08 - [MESSAGE][PASSED] - Text 'Ciel' is set on object 'Object Repository/0Inicio Sesion/input_Usuario'

2024-03-11 10:43:08 - [TEST_STEP][PASSED] - setText(findTestObject("0Inicio Sesion/input_Clave"), "digiturno"): Text 'digiturno' is set on object 'Object Repository/0Inicio Sesion/input_Clave'

2024-03-11 10:43:09 - [MESSAGE][PASSED] - Text 'digiturno' is set on object 'Object Repository/0Inicio Sesion/input_Clave'

2024-03-11 10:43:09 - [TEST_STEP][PASSED] - click(findTestObject("0Inicio Sesion/btn_IniciarSesion")): Object: 'Object Repository/0Inicio Sesion/btn_IniciarSesion' is clicked on

2024-03-11 10:43:10 - [MESSAGE][PASSED] - Object: 'Object Repository/0Inicio Sesion/btn_IniciarSesion' is clicked on

2024-03-11 10:43:10 - [TEST_STEP][PASSED] - delay(3): Delayed 3 second(s)

2024-03-11 10:43:13 - [MESSAGE][PASSED] - Delayed 3 second(s)

2024-03-11 10:43:13 - [MESSAGE][PASSED] - Call Test Case 'Test Cases/0InicioSesion' successfully

2024-03-11 10:43:13 - [TEST_STEP][PASSED] - click(findTestObject("WIZARD/0Principal/img_InfraestructuraMAX")): Object: 'Object Repository/WIZARD/0Principal/img_InfraestructuraMAX' is clicked on

2024-03-11 10:43:13 - [MESSAGE][PASSED] - Object: 'Object Repository/WIZARD/0Principal/img_InfraestructuraMAX' is clicked on

2024-03-11 10:43:13 - [TEST_STEP][PASSED] - delay(3): Delayed 3 second(s)

2024-03-11 10:43:16 - [MESSAGE][PASSED] - Delayed 3 second(s)

2024-03-11 10:43:16 - [TEST_STEP][PASSED] - click(findTestObject("WIZARD/3Infraestructura/0Menu/span_Grupos")): Object: 'Object Repository/WIZARD/3Infraestructura/0Menu/span_Grupos' is clicked on

2024-03-11 10:43:17 - [MESSAGE][PASSED] - Object: 'Object Repository/WIZARD/3Infraestructura/0Menu/span_Grupos' is clicked on

2024-03-11 10:43:17 - [TEST_STEP][PASSED] - delay(3): Delayed 3 second(s)

2024-03-11 10:43:20 - [MESSAGE][PASSED] - Delayed 3 second(s)

2024-03-11 10:43:20 - [TEST_STEP][PASSED] - click(findTestObject("WIZARD/3Infraestructura/3Grupos/Edicion/btn_Sala")): Object: 'Object Repository/WIZARD/3Infraestructura/3Grupos/Edicion/btn_Sala' is clicked on

2024-03-11 10:43:20 - [MESSAGE][PASSED] - Object: 'Object Repository/WIZARD/3Infraestructura/3Grupos/Edicion/btn_Sala' is clicked on

2024-03-11 10:43:20 - [TEST_STEP][PASSED] - delay(3): Delayed 3 second(s)

2024-03-11 10:43:23 - [MESSAGE][PASSED] - Delayed 3 second(s)

2024-03-11 10:43:23 - [TEST_STEP][PASSED] - click(findTestObject("WIZARD/3Infraestructura/3Grupos/Edicion/btn_Sala(1)/a_WorkFlow - Sala General")): Object: 'Object Repository/WIZARD/3Infraestructura/3Grupos/Edicion/btn_Sala(1)/a_WorkFlow - Sala General' is clicked on

2024-03-11 10:43:24 - [MESSAGE][PASSED] - Object: 'Object Repository/WIZARD/3Infraestructura/3Grupos/Edicion/btn_Sala(1)/a_WorkFlow - Sala General' is clicked on

2024-03-11 10:43:24 - [TEST_STEP][PASSED] - delay(3): Delayed 3 second(s)

2024-03-11 10:43:27 - [MESSAGE][PASSED] - Delayed 3 second(s)

2024-03-11 10:43:27 - [TEST_STEP][PASSED] - setText(findTestObject("WIZARD/3Infraestructura/3Grupos/Edicion/input_Nombre"), "Grupo General"): Text 'Grupo General' is set on object 'Object Repository/WIZARD/3Infraestructura/3Grupos/Edicion/input_Nombre'

2024-03-11 10:43:28 - [MESSAGE][PASSED] - Text 'Grupo General' is set on object 'Object Repository/WIZARD/3Infraestructura/3Grupos/Edicion/input_Nombre'

2024-03-11 10:43:28 - [TEST_STEP][PASSED] - setText(findTestObject("WIZARD/3Infraestructura/3Grupos/Edicion/textarea_Descripcion"), "WorkFlow - Grupo General"): Text 'WorkFlow - Grupo General' is set on object 'Object Repository/WIZARD/3Infraestructura/3Grupos/Edicion/textarea_Descripcion'

2024-03-11 10:43:28 - [MESSAGE][PASSED] - Text 'WorkFlow - Grupo General' is set on object 'Object Repository/WIZARD/3Infraestructura/3Grupos/Edicion/textarea_Descripcion'

2024-03-11 10:43:28 - [TEST_STEP][PASSED] - scrollToPosition(0, 800): Browser is scrolled to position x = 0, y = 800

2024-03-11 10:43:28 - [MESSAGE][PASSED] - Browser is scrolled to position x = 0, y = 800

2024-03-11 10:43:28 - [TEST_STEP][PASSED] - selectOptionByLabel(findTestObject("WIZARD/3Infraestructura/3Grupos/Edicion/select_Nivel de visualizacion en Transferencias"), "Área", false): All options with label 'Área' are selected in object 'Object Repository/WIZARD/3Infraestructura/3Grupos/Edicion/select_Nivel de visualizacion en Transferencias' 

2024-03-11 10:43:29 - [MESSAGE][PASSED] - All options with label 'Área' are selected in object 'Object Repository/WIZARD/3Infraestructura/3Grupos/Edicion/select_Nivel de visualizacion en Transferencias' 

2024-03-11 10:43:29 - [TEST_STEP][PASSED] - delay(2): Delayed 2 second(s)

2024-03-11 10:43:31 - [MESSAGE][PASSED] - Delayed 2 second(s)

2024-03-11 10:43:31 - [TEST_STEP][PASSED] - selectOptionByLabel(findTestObject("WIZARD/3Infraestructura/3Grupos/Edicion/select_Nivel de visualizacion en Nuevo Servicio"), "Área", false): All options with label 'Área' are selected in object 'Object Repository/WIZARD/3Infraestructura/3Grupos/Edicion/select_Nivel de visualizacion en Nuevo Servicio' 

2024-03-11 10:43:32 - [MESSAGE][PASSED] - All options with label 'Área' are selected in object 'Object Repository/WIZARD/3Infraestructura/3Grupos/Edicion/select_Nivel de visualizacion en Nuevo Servicio' 

2024-03-11 10:43:32 - [TEST_STEP][PASSED] - delay(2): Delayed 2 second(s)

2024-03-11 10:43:34 - [MESSAGE][PASSED] - Delayed 2 second(s)

2024-03-11 10:43:34 - [TEST_STEP][PASSED] - scrollToPosition(0, 0): Browser is scrolled to position x = 0, y = 0

2024-03-11 10:43:34 - [MESSAGE][PASSED] - Browser is scrolled to position x = 0, y = 0

2024-03-11 10:43:34 - [TEST_STEP][PASSED] - click(findTestObject("WIZARD/3Infraestructura/3Grupos/Edicion/img_Nuevo")): Object: 'Object Repository/WIZARD/3Infraestructura/3Grupos/Edicion/img_Nuevo' is clicked on

2024-03-11 10:43:34 - [MESSAGE][PASSED] - Object: 'Object Repository/WIZARD/3Infraestructura/3Grupos/Edicion/img_Nuevo' is clicked on

2024-03-11 10:43:34 - [TEST_STEP][PASSED] - delay(3): Delayed 3 second(s)

2024-03-11 10:43:37 - [MESSAGE][PASSED] - Delayed 3 second(s)

2024-03-11 10:43:37 - [TEST_STEP][PASSED] - click(findTestObject("WIZARD/3Infraestructura/0Menu/span_Grupos")): Object: 'Object Repository/WIZARD/3Infraestructura/0Menu/span_Grupos' is clicked on

2024-03-11 10:43:38 - [MESSAGE][PASSED] - Object: 'Object Repository/WIZARD/3Infraestructura/0Menu/span_Grupos' is clicked on

2024-03-11 10:43:38 - [TEST_STEP][PASSED] - delay(3): Delayed 3 second(s)

2024-03-11 10:43:41 - [MESSAGE][PASSED] - Delayed 3 second(s)

2024-03-11 10:43:41 - [TEST_STEP][PASSED] - click(findTestObject("WIZARD/3Infraestructura/3Grupos/Edicion/btn_Sala")): Object: 'Object Repository/WIZARD/3Infraestructura/3Grupos/Edicion/btn_Sala' is clicked on

2024-03-11 10:43:41 - [MESSAGE][PASSED] - Object: 'Object Repository/WIZARD/3Infraestructura/3Grupos/Edicion/btn_Sala' is clicked on

2024-03-11 10:43:41 - [TEST_STEP][PASSED] - delay(3): Delayed 3 second(s)

2024-03-11 10:43:44 - [MESSAGE][PASSED] - Delayed 3 second(s)

2024-03-11 10:43:44 - [TEST_STEP][PASSED] - click(findTestObject("WIZARD/3Infraestructura/3Grupos/Edicion/btn_Sala(1)/a_WorkFlow - Sala Entrega Documentos")): Object: 'Object Repository/WIZARD/3Infraestructura/3Grupos/Edicion/btn_Sala(1)/a_WorkFlow - Sala Entrega Documentos' is clicked on

2024-03-11 10:43:45 - [MESSAGE][PASSED] - Object: 'Object Repository/WIZARD/3Infraestructura/3Grupos/Edicion/btn_Sala(1)/a_WorkFlow - Sala Entrega Documentos' is clicked on

2024-03-11 10:43:45 - [TEST_STEP][PASSED] - delay(3): Delayed 3 second(s)

2024-03-11 10:43:48 - [MESSAGE][PASSED] - Delayed 3 second(s)

2024-03-11 10:43:48 - [TEST_STEP][PASSED] - setText(findTestObject("WIZARD/3Infraestructura/3Grupos/Edicion/input_Nombre"), "Grupo Entrega Documentos"): Text 'Grupo Entrega Documentos' is set on object 'Object Repository/WIZARD/3Infraestructura/3Grupos/Edicion/input_Nombre'

2024-03-11 10:43:49 - [MESSAGE][PASSED] - Text 'Grupo Entrega Documentos' is set on object 'Object Repository/WIZARD/3Infraestructura/3Grupos/Edicion/input_Nombre'

2024-03-11 10:43:49 - [TEST_STEP][PASSED] - setText(findTestObject("WIZARD/3Infraestructura/3Grupos/Edicion/textarea_Descripcion"), "WorkFlow - Entrega Documentos"): Text 'WorkFlow - Entrega Documentos' is set on object 'Object Repository/WIZARD/3Infraestructura/3Grupos/Edicion/textarea_Descripcion'

2024-03-11 10:43:50 - [MESSAGE][PASSED] - Text 'WorkFlow - Entrega Documentos' is set on object 'Object Repository/WIZARD/3Infraestructura/3Grupos/Edicion/textarea_Descripcion'

2024-03-11 10:43:50 - [TEST_STEP][PASSED] - scrollToPosition(0, 800): Browser is scrolled to position x = 0, y = 800

2024-03-11 10:43:50 - [MESSAGE][PASSED] - Browser is scrolled to position x = 0, y = 800

2024-03-11 10:43:50 - [TEST_STEP][PASSED] - selectOptionByLabel(findTestObject("WIZARD/3Infraestructura/3Grupos/Edicion/select_Nivel de visualizacion en Transferencias"), "Área", false): All options with label 'Área' are selected in object 'Object Repository/WIZARD/3Infraestructura/3Grupos/Edicion/select_Nivel de visualizacion en Transferencias' 

2024-03-11 10:43:50 - [MESSAGE][PASSED] - All options with label 'Área' are selected in object 'Object Repository/WIZARD/3Infraestructura/3Grupos/Edicion/select_Nivel de visualizacion en Transferencias' 

2024-03-11 10:43:50 - [TEST_STEP][PASSED] - delay(2): Delayed 2 second(s)

2024-03-11 10:43:52 - [MESSAGE][PASSED] - Delayed 2 second(s)

2024-03-11 10:43:52 - [TEST_STEP][PASSED] - selectOptionByLabel(findTestObject("WIZARD/3Infraestructura/3Grupos/Edicion/select_Nivel de visualizacion en Nuevo Servicio"), "Área", false): All options with label 'Área' are selected in object 'Object Repository/WIZARD/3Infraestructura/3Grupos/Edicion/select_Nivel de visualizacion en Nuevo Servicio' 

2024-03-11 10:43:53 - [MESSAGE][PASSED] - All options with label 'Área' are selected in object 'Object Repository/WIZARD/3Infraestructura/3Grupos/Edicion/select_Nivel de visualizacion en Nuevo Servicio' 

2024-03-11 10:43:53 - [TEST_STEP][PASSED] - delay(2): Delayed 2 second(s)

2024-03-11 10:43:55 - [MESSAGE][PASSED] - Delayed 2 second(s)

2024-03-11 10:43:55 - [TEST_STEP][PASSED] - scrollToPosition(0, 0): Browser is scrolled to position x = 0, y = 0

2024-03-11 10:43:55 - [MESSAGE][PASSED] - Browser is scrolled to position x = 0, y = 0

2024-03-11 10:43:55 - [TEST_STEP][PASSED] - click(findTestObject("WIZARD/3Infraestructura/3Grupos/Edicion/img_Nuevo")): Object: 'Object Repository/WIZARD/3Infraestructura/3Grupos/Edicion/img_Nuevo' is clicked on

2024-03-11 10:43:56 - [MESSAGE][PASSED] - Object: 'Object Repository/WIZARD/3Infraestructura/3Grupos/Edicion/img_Nuevo' is clicked on

2024-03-11 10:43:56 - [TEST_STEP][PASSED] - delay(3): Delayed 3 second(s)

2024-03-11 10:43:59 - [MESSAGE][PASSED] - Delayed 3 second(s)

2024-03-11 10:43:59 - [TEST_STEP][PASSED] - click(findTestObject("WIZARD/3Infraestructura/0Menu/span_Grupos")): Object: 'Object Repository/WIZARD/3Infraestructura/0Menu/span_Grupos' is clicked on

2024-03-11 10:43:59 - [MESSAGE][PASSED] - Object: 'Object Repository/WIZARD/3Infraestructura/0Menu/span_Grupos' is clicked on

2024-03-11 10:43:59 - [TEST_STEP][PASSED] - delay(3): Delayed 3 second(s)

2024-03-11 10:44:02 - [MESSAGE][PASSED] - Delayed 3 second(s)

2024-03-11 10:44:02 - [TEST_STEP][PASSED] - click(findTestObject("WIZARD/3Infraestructura/3Grupos/Edicion/btn_Sala")): Object: 'Object Repository/WIZARD/3Infraestructura/3Grupos/Edicion/btn_Sala' is clicked on

2024-03-11 10:44:03 - [MESSAGE][PASSED] - Object: 'Object Repository/WIZARD/3Infraestructura/3Grupos/Edicion/btn_Sala' is clicked on

2024-03-11 10:44:03 - [TEST_STEP][PASSED] - delay(3): Delayed 3 second(s)

2024-03-11 10:44:06 - [MESSAGE][PASSED] - Delayed 3 second(s)

2024-03-11 10:44:06 - [TEST_STEP][PASSED] - click(findTestObject("WIZARD/3Infraestructura/3Grupos/Edicion/btn_Sala(1)/a_WorkFlow - Sala Pagos")): Object: 'Object Repository/WIZARD/3Infraestructura/3Grupos/Edicion/btn_Sala(1)/a_WorkFlow - Sala Pagos' is clicked on

2024-03-11 10:44:06 - [MESSAGE][PASSED] - Object: 'Object Repository/WIZARD/3Infraestructura/3Grupos/Edicion/btn_Sala(1)/a_WorkFlow - Sala Pagos' is clicked on

2024-03-11 10:44:06 - [TEST_STEP][PASSED] - delay(3): Delayed 3 second(s)

2024-03-11 10:44:09 - [MESSAGE][PASSED] - Delayed 3 second(s)

2024-03-11 10:44:09 - [TEST_STEP][PASSED] - setText(findTestObject("WIZARD/3Infraestructura/3Grupos/Edicion/input_Nombre"), "Grupo Pagos"): Text 'Grupo Pagos' is set on object 'Object Repository/WIZARD/3Infraestructura/3Grupos/Edicion/input_Nombre'

2024-03-11 10:44:10 - [MESSAGE][PASSED] - Text 'Grupo Pagos' is set on object 'Object Repository/WIZARD/3Infraestructura/3Grupos/Edicion/input_Nombre'

2024-03-11 10:44:10 - [TEST_STEP][PASSED] - setText(findTestObject("WIZARD/3Infraestructura/3Grupos/Edicion/textarea_Descripcion"), "WorkFlow - Pagos"): Text 'WorkFlow - Pagos' is set on object 'Object Repository/WIZARD/3Infraestructura/3Grupos/Edicion/textarea_Descripcion'

2024-03-11 10:44:11 - [MESSAGE][PASSED] - Text 'WorkFlow - Pagos' is set on object 'Object Repository/WIZARD/3Infraestructura/3Grupos/Edicion/textarea_Descripcion'

2024-03-11 10:44:11 - [TEST_STEP][PASSED] - scrollToPosition(0, 800): Browser is scrolled to position x = 0, y = 800

2024-03-11 10:44:11 - [MESSAGE][PASSED] - Browser is scrolled to position x = 0, y = 800

2024-03-11 10:44:11 - [TEST_STEP][PASSED] - selectOptionByLabel(findTestObject("WIZARD/3Infraestructura/3Grupos/Edicion/select_Nivel de visualizacion en Transferencias"), "Área", false): All options with label 'Área' are selected in object 'Object Repository/WIZARD/3Infraestructura/3Grupos/Edicion/select_Nivel de visualizacion en Transferencias' 

2024-03-11 10:44:12 - [MESSAGE][PASSED] - All options with label 'Área' are selected in object 'Object Repository/WIZARD/3Infraestructura/3Grupos/Edicion/select_Nivel de visualizacion en Transferencias' 

2024-03-11 10:44:12 - [TEST_STEP][PASSED] - delay(2): Delayed 2 second(s)

2024-03-11 10:44:14 - [MESSAGE][PASSED] - Delayed 2 second(s)

2024-03-11 10:44:14 - [TEST_STEP][PASSED] - selectOptionByLabel(findTestObject("WIZARD/3Infraestructura/3Grupos/Edicion/select_Nivel de visualizacion en Nuevo Servicio"), "Área", false): All options with label 'Área' are selected in object 'Object Repository/WIZARD/3Infraestructura/3Grupos/Edicion/select_Nivel de visualizacion en Nuevo Servicio' 

2024-03-11 10:44:14 - [MESSAGE][PASSED] - All options with label 'Área' are selected in object 'Object Repository/WIZARD/3Infraestructura/3Grupos/Edicion/select_Nivel de visualizacion en Nuevo Servicio' 

2024-03-11 10:44:14 - [TEST_STEP][PASSED] - delay(2): Delayed 2 second(s)

2024-03-11 10:44:16 - [MESSAGE][PASSED] - Delayed 2 second(s)

2024-03-11 10:44:16 - [TEST_STEP][PASSED] - scrollToPosition(0, 0): Browser is scrolled to position x = 0, y = 0

2024-03-11 10:44:16 - [MESSAGE][PASSED] - Browser is scrolled to position x = 0, y = 0

2024-03-11 10:44:16 - [TEST_STEP][PASSED] - click(findTestObject("WIZARD/3Infraestructura/3Grupos/Edicion/img_Nuevo")): Object: 'Object Repository/WIZARD/3Infraestructura/3Grupos/Edicion/img_Nuevo' is clicked on

2024-03-11 10:44:17 - [MESSAGE][PASSED] - Object: 'Object Repository/WIZARD/3Infraestructura/3Grupos/Edicion/img_Nuevo' is clicked on

2024-03-11 10:44:17 - [TEST_STEP][PASSED] - delay(3): Delayed 3 second(s)

2024-03-11 10:44:20 - [MESSAGE][PASSED] - Delayed 3 second(s)

2024-03-11 10:44:20 - [TEST_STEP][PASSED] - click(findTestObject("WIZARD/3Infraestructura/0Menu/span_Grupos")): Object: 'Object Repository/WIZARD/3Infraestructura/0Menu/span_Grupos' is clicked on

2024-03-11 10:44:20 - [MESSAGE][PASSED] - Object: 'Object Repository/WIZARD/3Infraestructura/0Menu/span_Grupos' is clicked on

2024-03-11 10:44:20 - [TEST_STEP][PASSED] - delay(3): Delayed 3 second(s)

2024-03-11 10:44:23 - [MESSAGE][PASSED] - Delayed 3 second(s)

2024-03-11 10:44:23 - [TEST_STEP][PASSED] - click(findTestObject("WIZARD/3Infraestructura/3Grupos/Edicion/btn_Sala")): Object: 'Object Repository/WIZARD/3Infraestructura/3Grupos/Edicion/btn_Sala' is clicked on

2024-03-11 10:44:24 - [MESSAGE][PASSED] - Object: 'Object Repository/WIZARD/3Infraestructura/3Grupos/Edicion/btn_Sala' is clicked on

2024-03-11 10:44:24 - [TEST_STEP][PASSED] - delay(3): Delayed 3 second(s)

2024-03-11 10:44:27 - [MESSAGE][PASSED] - Delayed 3 second(s)

2024-03-11 10:44:27 - [TEST_STEP][PASSED] - click(findTestObject("WIZARD/3Infraestructura/3Grupos/Edicion/btn_Sala(1)/a_WorkFlow - Sala Radicaciones")): Object: 'Object Repository/WIZARD/3Infraestructura/3Grupos/Edicion/btn_Sala(1)/a_WorkFlow - Sala Radicaciones' is clicked on

2024-03-11 10:44:27 - [MESSAGE][PASSED] - Object: 'Object Repository/WIZARD/3Infraestructura/3Grupos/Edicion/btn_Sala(1)/a_WorkFlow - Sala Radicaciones' is clicked on

2024-03-11 10:44:27 - [TEST_STEP][PASSED] - delay(3): Delayed 3 second(s)

2024-03-11 10:44:30 - [MESSAGE][PASSED] - Delayed 3 second(s)

2024-03-11 10:44:30 - [TEST_STEP][PASSED] - setText(findTestObject("WIZARD/3Infraestructura/3Grupos/Edicion/input_Nombre"), "Grupo Radicaciones"): Text 'Grupo Radicaciones' is set on object 'Object Repository/WIZARD/3Infraestructura/3Grupos/Edicion/input_Nombre'

2024-03-11 10:44:31 - [MESSAGE][PASSED] - Text 'Grupo Radicaciones' is set on object 'Object Repository/WIZARD/3Infraestructura/3Grupos/Edicion/input_Nombre'

2024-03-11 10:44:31 - [TEST_STEP][PASSED] - setText(findTestObject("WIZARD/3Infraestructura/3Grupos/Edicion/textarea_Descripcion"), "WorkFlow - Radicaciones"): Text 'WorkFlow - Radicaciones' is set on object 'Object Repository/WIZARD/3Infraestructura/3Grupos/Edicion/textarea_Descripcion'

2024-03-11 10:44:32 - [MESSAGE][PASSED] - Text 'WorkFlow - Radicaciones' is set on object 'Object Repository/WIZARD/3Infraestructura/3Grupos/Edicion/textarea_Descripcion'

2024-03-11 10:44:32 - [TEST_STEP][PASSED] - scrollToPosition(0, 800): Browser is scrolled to position x = 0, y = 800

2024-03-11 10:44:32 - [MESSAGE][PASSED] - Browser is scrolled to position x = 0, y = 800

2024-03-11 10:44:32 - [TEST_STEP][PASSED] - selectOptionByLabel(findTestObject("WIZARD/3Infraestructura/3Grupos/Edicion/select_Nivel de visualizacion en Transferencias"), "Área", false): All options with label 'Área' are selected in object 'Object Repository/WIZARD/3Infraestructura/3Grupos/Edicion/select_Nivel de visualizacion en Transferencias' 

2024-03-11 10:44:33 - [MESSAGE][PASSED] - All options with label 'Área' are selected in object 'Object Repository/WIZARD/3Infraestructura/3Grupos/Edicion/select_Nivel de visualizacion en Transferencias' 

2024-03-11 10:44:33 - [TEST_STEP][PASSED] - delay(2): Delayed 2 second(s)

2024-03-11 10:44:35 - [MESSAGE][PASSED] - Delayed 2 second(s)

2024-03-11 10:44:35 - [TEST_STEP][PASSED] - selectOptionByLabel(findTestObject("WIZARD/3Infraestructura/3Grupos/Edicion/select_Nivel de visualizacion en Nuevo Servicio"), "Área", false): All options with label 'Área' are selected in object 'Object Repository/WIZARD/3Infraestructura/3Grupos/Edicion/select_Nivel de visualizacion en Nuevo Servicio' 

2024-03-11 10:44:35 - [MESSAGE][PASSED] - All options with label 'Área' are selected in object 'Object Repository/WIZARD/3Infraestructura/3Grupos/Edicion/select_Nivel de visualizacion en Nuevo Servicio' 

2024-03-11 10:44:35 - [TEST_STEP][PASSED] - delay(2): Delayed 2 second(s)

2024-03-11 10:44:37 - [MESSAGE][PASSED] - Delayed 2 second(s)

2024-03-11 10:44:37 - [TEST_STEP][PASSED] - scrollToPosition(0, 0): Browser is scrolled to position x = 0, y = 0

2024-03-11 10:44:37 - [MESSAGE][PASSED] - Browser is scrolled to position x = 0, y = 0

2024-03-11 10:44:37 - [TEST_STEP][PASSED] - click(findTestObject("WIZARD/3Infraestructura/3Grupos/Edicion/img_Nuevo")): Object: 'Object Repository/WIZARD/3Infraestructura/3Grupos/Edicion/img_Nuevo' is clicked on

2024-03-11 10:44:38 - [MESSAGE][PASSED] - Object: 'Object Repository/WIZARD/3Infraestructura/3Grupos/Edicion/img_Nuevo' is clicked on

2024-03-11 10:44:38 - [TEST_STEP][PASSED] - delay(3): Delayed 3 second(s)

2024-03-11 10:44:41 - [MESSAGE][PASSED] - Delayed 3 second(s)

2024-03-11 10:44:41 - [TEST_STEP][PASSED] - click(findTestObject("WIZARD/3Infraestructura/0Menu/span_Grupos")): Object: 'Object Repository/WIZARD/3Infraestructura/0Menu/span_Grupos' is clicked on

2024-03-11 10:44:41 - [MESSAGE][PASSED] - Object: 'Object Repository/WIZARD/3Infraestructura/0Menu/span_Grupos' is clicked on

2024-03-11 10:44:41 - [TEST_STEP][PASSED] - delay(3): Delayed 3 second(s)

2024-03-11 10:44:44 - [MESSAGE][PASSED] - Delayed 3 second(s)

2024-03-11 10:44:44 - [TEST_STEP][PASSED] - click(findTestObject("WIZARD/3Infraestructura/3Grupos/Edicion/btn_Sala")): Object: 'Object Repository/WIZARD/3Infraestructura/3Grupos/Edicion/btn_Sala' is clicked on

2024-03-11 10:44:45 - [MESSAGE][PASSED] - Object: 'Object Repository/WIZARD/3Infraestructura/3Grupos/Edicion/btn_Sala' is clicked on

2024-03-11 10:44:45 - [TEST_STEP][PASSED] - delay(3): Delayed 3 second(s)

2024-03-11 10:44:48 - [MESSAGE][PASSED] - Delayed 3 second(s)

2024-03-11 10:44:48 - [TEST_STEP][PASSED] - click(findTestObject("WIZARD/3Infraestructura/3Grupos/Edicion/btn_Sala(1)/a_WorkFlow - Sala Recepcion")): Object: 'Object Repository/WIZARD/3Infraestructura/3Grupos/Edicion/btn_Sala(1)/a_WorkFlow - Sala Recepcion' is clicked on

2024-03-11 10:44:48 - [MESSAGE][PASSED] - Object: 'Object Repository/WIZARD/3Infraestructura/3Grupos/Edicion/btn_Sala(1)/a_WorkFlow - Sala Recepcion' is clicked on

2024-03-11 10:44:48 - [TEST_STEP][PASSED] - delay(3): Delayed 3 second(s)

2024-03-11 10:44:51 - [MESSAGE][PASSED] - Delayed 3 second(s)

2024-03-11 10:44:51 - [TEST_STEP][PASSED] - setText(findTestObject("WIZARD/3Infraestructura/3Grupos/Edicion/input_Nombre"), "Grupo Recepciones"): Text 'Grupo Recepciones' is set on object 'Object Repository/WIZARD/3Infraestructura/3Grupos/Edicion/input_Nombre'

2024-03-11 10:44:52 - [MESSAGE][PASSED] - Text 'Grupo Recepciones' is set on object 'Object Repository/WIZARD/3Infraestructura/3Grupos/Edicion/input_Nombre'

2024-03-11 10:44:52 - [TEST_STEP][PASSED] - setText(findTestObject("WIZARD/3Infraestructura/3Grupos/Edicion/textarea_Descripcion"), "WorkFlow - Recepciones"): Text 'WorkFlow - Recepciones' is set on object 'Object Repository/WIZARD/3Infraestructura/3Grupos/Edicion/textarea_Descripcion'

2024-03-11 10:44:53 - [MESSAGE][PASSED] - Text 'WorkFlow - Recepciones' is set on object 'Object Repository/WIZARD/3Infraestructura/3Grupos/Edicion/textarea_Descripcion'

2024-03-11 10:44:53 - [TEST_STEP][PASSED] - scrollToPosition(0, 800): Browser is scrolled to position x = 0, y = 800

2024-03-11 10:44:53 - [MESSAGE][PASSED] - Browser is scrolled to position x = 0, y = 800

2024-03-11 10:44:53 - [TEST_STEP][PASSED] - selectOptionByLabel(findTestObject("WIZARD/3Infraestructura/3Grupos/Edicion/select_Nivel de visualizacion en Transferencias"), "Área", false): All options with label 'Área' are selected in object 'Object Repository/WIZARD/3Infraestructura/3Grupos/Edicion/select_Nivel de visualizacion en Transferencias' 

2024-03-11 10:44:54 - [MESSAGE][PASSED] - All options with label 'Área' are selected in object 'Object Repository/WIZARD/3Infraestructura/3Grupos/Edicion/select_Nivel de visualizacion en Transferencias' 

2024-03-11 10:44:54 - [TEST_STEP][PASSED] - delay(2): Delayed 2 second(s)

2024-03-11 10:44:56 - [MESSAGE][PASSED] - Delayed 2 second(s)

2024-03-11 10:44:56 - [TEST_STEP][PASSED] - selectOptionByLabel(findTestObject("WIZARD/3Infraestructura/3Grupos/Edicion/select_Nivel de visualizacion en Nuevo Servicio"), "Área", false): All options with label 'Área' are selected in object 'Object Repository/WIZARD/3Infraestructura/3Grupos/Edicion/select_Nivel de visualizacion en Nuevo Servicio' 

2024-03-11 10:44:56 - [MESSAGE][PASSED] - All options with label 'Área' are selected in object 'Object Repository/WIZARD/3Infraestructura/3Grupos/Edicion/select_Nivel de visualizacion en Nuevo Servicio' 

2024-03-11 10:44:56 - [TEST_STEP][PASSED] - delay(2): Delayed 2 second(s)

2024-03-11 10:44:58 - [MESSAGE][PASSED] - Delayed 2 second(s)

2024-03-11 10:44:58 - [TEST_STEP][PASSED] - scrollToPosition(0, 0): Browser is scrolled to position x = 0, y = 0

2024-03-11 10:44:58 - [MESSAGE][PASSED] - Browser is scrolled to position x = 0, y = 0

2024-03-11 10:44:58 - [TEST_STEP][PASSED] - click(findTestObject("WIZARD/3Infraestructura/3Grupos/Edicion/img_Nuevo")): Object: 'Object Repository/WIZARD/3Infraestructura/3Grupos/Edicion/img_Nuevo' is clicked on

2024-03-11 10:44:59 - [MESSAGE][PASSED] - Object: 'Object Repository/WIZARD/3Infraestructura/3Grupos/Edicion/img_Nuevo' is clicked on

2024-03-11 10:44:59 - [TEST_STEP][PASSED] - delay(3): Delayed 3 second(s)

2024-03-11 10:45:02 - [MESSAGE][PASSED] - Delayed 3 second(s)

2024-03-11 10:45:02 - [TEST_STEP][PASSED] - takeFullPageScreenshot(): Taking screenshot successfully

2024-03-11 10:45:03 - [MESSAGE][INFO] - 0 hidden object(s)

2024-03-11 10:45:03 - [MESSAGE][PASSED] - Taking screenshot successfully
[[ATTACHMENT|C:\\CIEL INGENIERIA\\Katalon\\Digiturno55\\Reports\\20240311_101053\\WIZARD\\3Infraestructura\\3Grupos\\5.3 Crear Grupos WorkFlow\\20240311_101144\\1710171902336.png]]

2024-03-11 10:45:03 - [TEST_STEP][PASSED] - delay(3): Delayed 3 second(s)

2024-03-11 10:45:06 - [MESSAGE][PASSED] - Delayed 3 second(s)

2024-03-11 10:45:06 - [TEST_STEP][PASSED] - Start listener action : sampleAfterTestCase: null]]></system-out>
         <system-err><![CDATA[]]></system-err>
      </testcase>
      <system-out><![CDATA[2024-03-11 10:43:00 - [TEST_SUITE][PASSED] - 5.3 Crear Grupos WorkFlow: Test Cases/WIZARD/3Infraestructura/3Grupos/5.3 Crear Grupos WorkFlow]]></system-out>
      <system-err><![CDATA[]]></system-err>
   </testsuite>
</testsuites>
