<?xml version="1.0" encoding="UTF-8"?>
<testsuites name="14 Paginas por perfil Asociar y Desasociar" time="81.517" tests="2" failures="0" errors="0">
   <testsuite name="14 Paginas por perfil Asociar y Desasociar" tests="2" failures="0" errors="0" time="81.517" skipped="0" timestamp="2023-08-14 14:19:11" hostname="jdavila - PCPruebas101.ciel.cielingenieria.com" id="Test Suites/DIGITURNO/BASICO/14 Paginas por perfil Asociar y Desasociar">
      <properties>
         <property name="deviceName" value=""/>
         <property name="devicePlatform" value=""/>
         <property name="logFolder" value="C:\\CIEL INGENIERIA\\Katalon\\Digiturno55\\Reports\\20230814_141235\\DIGITURNO\\BASICO\\14 Paginas por perfil Asociar y Desasociar\\20230814_141242"/>
         <property name="logFiles" value="C:\\CIEL INGENIERIA\\Katalon\\Digiturno55\\Reports\\20230814_141235\\DIGITURNO\\BASICO\\14 Paginas por perfil Asociar y Desasociar\\20230814_141242\\execution0.log"/>
         <property name="attachments" value="C:\\CIEL INGENIERIA\\Katalon\\Digiturno55\\Reports\\20230814_141235\\DIGITURNO\\BASICO\\14 Paginas por perfil Asociar y Desasociar\\20230814_141242\\1692040771605.png, C:\\CIEL INGENIERIA\\Katalon\\Digiturno55\\Reports\\20230814_141235\\DIGITURNO\\BASICO\\14 Paginas por perfil Asociar y Desasociar\\20230814_141242\\1692040791520.png, C:\\CIEL INGENIERIA\\Katalon\\Digiturno55\\Reports\\20230814_141235\\DIGITURNO\\BASICO\\14 Paginas por perfil Asociar y Desasociar\\20230814_141242\\1692040813071.png, C:\\CIEL INGENIERIA\\Katalon\\Digiturno55\\Reports\\20230814_141235\\DIGITURNO\\BASICO\\14 Paginas por perfil Asociar y Desasociar\\20230814_141242\\1692040829689.png"/>
         <property name="hostName" value="jdavila - PCPruebas101.ciel.cielingenieria.com"/>
         <property name="os" value="Windows 10 64bit"/>
         <property name="katalonVersion" value="8.6.0.208"/>
         <property name="browser" value="Chrome 115.0.0.0"/>
         <property name="hostAddress" value="192.168.0.33"/>
         <property name="sessionId" value="506ecf47365226610bb052df1eaf0705"/>
         <property name="seleniumVersion" value="3.141.59"/>
         <property name="proxyInformation" value="ProxyInformation { proxyOption=NO_PROXY, proxyServerType=HTTP, username=, password=********, proxyServerAddress=, proxyServerPort=0, executionList=&quot;&quot;, isApplyToDesiredCapabilities=true }"/>
         <property name="platform" value="Windows 10"/>
      </properties>
      <testcase name="Test Cases/DIGITURNO/BASICO/14 Paginas por perfil Asociar" time="43.071" classname="Test Cases/DIGITURNO/BASICO/14 Paginas por perfil Asociar" status="PASSED">
         <system-out><![CDATA[2023-08-14 14:19:12 - [TEST_CASE][PASSED] - Test Cases/DIGITURNO/BASICO/14 Paginas por perfil Asociar: Test Cases/DIGITURNO/BASICO/14 Paginas por perfil Asociar

2023-08-14 14:19:12 - [TEST_STEP][PASSED] - callTestCase(findTestCase("DIGITURNO/BASICO/5 Usuarios"), [:], STOP_ON_FAILURE): Call Test Case 'Test Cases/DIGITURNO/BASICO/5 Usuarios' successfully

2023-08-14 14:19:12 - [TEST_CASE][PASSED] - Test Cases/DIGITURNO/BASICO/5 Usuarios: Test Cases/DIGITURNO/BASICO/5 Usuarios

2023-08-14 14:19:12 - [TEST_STEP][PASSED] - callTestCase(findTestCase("0InicioSesion"), [:], STOP_ON_FAILURE): Call Test Case 'Test Cases/0InicioSesion' successfully

2023-08-14 14:19:12 - [TEST_CASE][PASSED] - Test Cases/0InicioSesion: Test Cases/0InicioSesion

2023-08-14 14:19:13 - [TEST_STEP][PASSED] - openBrowser(UrlDigiturno): Browser is opened with url: 'https://PCPruebas101.ciel.cielingenieria.com:8610'

2023-08-14 14:19:13 - [MESSAGE][INFO] - Starting 'Chrome' driver

2023-08-14 14:19:13 - [MESSAGE][INFO] - User set preference: ['args', '[--use-fake-ui-for-media-stream, --disable-notifications]']

2023-08-14 14:19:13 - [MESSAGE][INFO] - Action delay is set to 0 milliseconds

2023-08-14 14:19:16 - [MESSAGE][PASSED] - Browser is opened with url: 'https://PCPruebas101.ciel.cielingenieria.com:8610'

2023-08-14 14:19:16 - [TEST_STEP][PASSED] - maximizeWindow(): Current window maximized

2023-08-14 14:19:16 - [MESSAGE][PASSED] - Current window maximized

2023-08-14 14:19:16 - [TEST_STEP][PASSED] - delay(3): Delayed 3 second(s)

2023-08-14 14:19:19 - [MESSAGE][PASSED] - Delayed 3 second(s)

2023-08-14 14:19:19 - [TEST_STEP][PASSED] - setText(findTestObject("0Inicio Sesion/input_Usuario"), "Ciel"): Text 'Ciel' is set on object 'Object Repository/0Inicio Sesion/input_Usuario'

2023-08-14 14:19:20 - [MESSAGE][PASSED] - Text 'Ciel' is set on object 'Object Repository/0Inicio Sesion/input_Usuario'

2023-08-14 14:19:20 - [TEST_STEP][PASSED] - setText(findTestObject("0Inicio Sesion/input_Clave"), "digiturno"): Text 'digiturno' is set on object 'Object Repository/0Inicio Sesion/input_Clave'

2023-08-14 14:19:20 - [MESSAGE][PASSED] - Text 'digiturno' is set on object 'Object Repository/0Inicio Sesion/input_Clave'

2023-08-14 14:19:20 - [TEST_STEP][PASSED] - click(findTestObject("0Inicio Sesion/btn_IniciarSesion")): Object: 'Object Repository/0Inicio Sesion/btn_IniciarSesion' is clicked on

2023-08-14 14:19:21 - [MESSAGE][PASSED] - Object: 'Object Repository/0Inicio Sesion/btn_IniciarSesion' is clicked on

2023-08-14 14:19:21 - [TEST_STEP][PASSED] - delay(3): Delayed 3 second(s)

2023-08-14 14:19:24 - [MESSAGE][PASSED] - Delayed 3 second(s)

2023-08-14 14:19:24 - [MESSAGE][PASSED] - Call Test Case 'Test Cases/0InicioSesion' successfully

2023-08-14 14:19:24 - [TEST_STEP][PASSED] - click(findTestObject("DIGITURNO/1Principal/img_Configuracion(1)")): Object: 'Object Repository/DIGITURNO/1Principal/img_Configuracion(1)' is clicked on

2023-08-14 14:19:24 - [MESSAGE][PASSED] - Object: 'Object Repository/DIGITURNO/1Principal/img_Configuracion(1)' is clicked on

2023-08-14 14:19:24 - [TEST_STEP][PASSED] - delay(3): Delayed 3 second(s)

2023-08-14 14:19:27 - [MESSAGE][PASSED] - Delayed 3 second(s)

2023-08-14 14:19:27 - [TEST_STEP][PASSED] - click(findTestObject("DIGITURNO/CONFIGURACION/0Principal/img_4Usuarios")): Object: 'Object Repository/DIGITURNO/CONFIGURACION/0Principal/img_4Usuarios' is clicked on

2023-08-14 14:19:28 - [MESSAGE][PASSED] - Object: 'Object Repository/DIGITURNO/CONFIGURACION/0Principal/img_4Usuarios' is clicked on

2023-08-14 14:19:28 - [TEST_STEP][PASSED] - delay(3): Delayed 3 second(s)

2023-08-14 14:19:31 - [MESSAGE][PASSED] - Delayed 3 second(s)

2023-08-14 14:19:31 - [TEST_STEP][PASSED] - takeFullPageScreenshot(STOP_ON_FAILURE): Taking screenshot successfully

2023-08-14 14:19:32 - [MESSAGE][INFO] - 0 hidden object(s)

2023-08-14 14:19:32 - [MESSAGE][PASSED] - Taking screenshot successfully
[[ATTACHMENT|C:\\CIEL INGENIERIA\\Katalon\\Digiturno55\\Reports\\20230814_141235\\DIGITURNO\\BASICO\\14 Paginas por perfil Asociar y Desasociar\\20230814_141242\\1692040771605.png]]

2023-08-14 14:19:32 - [TEST_STEP][PASSED] - delay(3): Delayed 3 second(s)

2023-08-14 14:19:35 - [MESSAGE][PASSED] - Delayed 3 second(s)

2023-08-14 14:19:35 - [MESSAGE][PASSED] - Call Test Case 'Test Cases/DIGITURNO/BASICO/5 Usuarios' successfully

2023-08-14 14:19:35 - [TEST_STEP][PASSED] - delay(3): Delayed 3 second(s)

2023-08-14 14:19:38 - [MESSAGE][PASSED] - Delayed 3 second(s)

2023-08-14 14:19:38 - [TEST_STEP][PASSED] - click(findTestObject("DIGITURNO/CONFIGURACION/4Usuarios/0Principal/img_2Paginas por perfil")): Object: 'Object Repository/DIGITURNO/CONFIGURACION/4Usuarios/0Principal/img_2Paginas por perfil' is clicked on

2023-08-14 14:19:39 - [MESSAGE][PASSED] - Object: 'Object Repository/DIGITURNO/CONFIGURACION/4Usuarios/0Principal/img_2Paginas por perfil' is clicked on

2023-08-14 14:19:39 - [TEST_STEP][PASSED] - delay(3): Delayed 3 second(s)

2023-08-14 14:19:42 - [MESSAGE][PASSED] - Delayed 3 second(s)

2023-08-14 14:19:42 - [TEST_STEP][PASSED] - setText(findTestObject("DIGITURNO/CONFIGURACION/4Usuarios/2Paginas por perfil/Paginas de la aplicacion/input_TextoABuscar"), "alarmas"): Text 'alarmas' is set on object 'Object Repository/DIGITURNO/CONFIGURACION/4Usuarios/2Paginas por perfil/Paginas de la aplicacion/input_TextoABuscar'

2023-08-14 14:19:43 - [MESSAGE][PASSED] - Text 'alarmas' is set on object 'Object Repository/DIGITURNO/CONFIGURACION/4Usuarios/2Paginas por perfil/Paginas de la aplicacion/input_TextoABuscar'

2023-08-14 14:19:43 - [TEST_STEP][PASSED] - click(findTestObject("DIGITURNO/CONFIGURACION/4Usuarios/2Paginas por perfil/Perfiles de la aplicacion/option_3Consulta")): Object: 'Object Repository/DIGITURNO/CONFIGURACION/4Usuarios/2Paginas por perfil/Perfiles de la aplicacion/option_3Consulta' is clicked on

2023-08-14 14:19:43 - [MESSAGE][PASSED] - Object: 'Object Repository/DIGITURNO/CONFIGURACION/4Usuarios/2Paginas por perfil/Perfiles de la aplicacion/option_3Consulta' is clicked on

2023-08-14 14:19:43 - [TEST_STEP][PASSED] - delay(2): Delayed 2 second(s)

2023-08-14 14:19:45 - [MESSAGE][PASSED] - Delayed 2 second(s)

2023-08-14 14:19:45 - [TEST_STEP][PASSED] - click(findTestObject("DIGITURNO/CONFIGURACION/4Usuarios/2Paginas por perfil/Paginas de la aplicacion/a_SeleccionarTodo")): Object: 'Object Repository/DIGITURNO/CONFIGURACION/4Usuarios/2Paginas por perfil/Paginas de la aplicacion/a_SeleccionarTodo' is clicked on

2023-08-14 14:19:46 - [MESSAGE][PASSED] - Object: 'Object Repository/DIGITURNO/CONFIGURACION/4Usuarios/2Paginas por perfil/Paginas de la aplicacion/a_SeleccionarTodo' is clicked on

2023-08-14 14:19:46 - [TEST_STEP][PASSED] - delay(2): Delayed 2 second(s)

2023-08-14 14:19:48 - [MESSAGE][PASSED] - Delayed 2 second(s)

2023-08-14 14:19:48 - [TEST_STEP][PASSED] - click(findTestObject("DIGITURNO/CONFIGURACION/4Usuarios/2Paginas por perfil/Perfiles de la aplicacion/img_Nuevo")): Object: 'Object Repository/DIGITURNO/CONFIGURACION/4Usuarios/2Paginas por perfil/Perfiles de la aplicacion/img_Nuevo' is clicked on

2023-08-14 14:19:48 - [MESSAGE][PASSED] - Object: 'Object Repository/DIGITURNO/CONFIGURACION/4Usuarios/2Paginas por perfil/Perfiles de la aplicacion/img_Nuevo' is clicked on

2023-08-14 14:19:48 - [TEST_STEP][PASSED] - delay(3): Delayed 3 second(s)

2023-08-14 14:19:51 - [MESSAGE][PASSED] - Delayed 3 second(s)

2023-08-14 14:19:51 - [TEST_STEP][PASSED] - takeFullPageScreenshot(): Taking screenshot successfully

2023-08-14 14:19:51 - [MESSAGE][INFO] - 0 hidden object(s)

2023-08-14 14:19:52 - [MESSAGE][PASSED] - Taking screenshot successfully
[[ATTACHMENT|C:\\CIEL INGENIERIA\\Katalon\\Digiturno55\\Reports\\20230814_141235\\DIGITURNO\\BASICO\\14 Paginas por perfil Asociar y Desasociar\\20230814_141242\\1692040791520.png]]

2023-08-14 14:19:52 - [TEST_STEP][PASSED] - delay(3): Delayed 3 second(s)

2023-08-14 14:19:55 - [MESSAGE][PASSED] - Delayed 3 second(s)

2023-08-14 14:19:55 - [TEST_STEP][PASSED] - Start listener action : sampleAfterTestCase: null]]></system-out>
         <system-err><![CDATA[]]></system-err>
      </testcase>
      <testcase name="Test Cases/DIGITURNO/BASICO/14 Paginas por perfil Desasociar" time="38.174" classname="Test Cases/DIGITURNO/BASICO/14 Paginas por perfil Desasociar" status="PASSED">
         <system-out><![CDATA[2023-08-14 14:19:55 - [TEST_CASE][PASSED] - Test Cases/DIGITURNO/BASICO/14 Paginas por perfil Desasociar: Test Cases/DIGITURNO/BASICO/14 Paginas por perfil Desasociar

2023-08-14 14:19:55 - [TEST_STEP][PASSED] - callTestCase(findTestCase("DIGITURNO/BASICO/5 Usuarios"), [:], STOP_ON_FAILURE): Call Test Case 'Test Cases/DIGITURNO/BASICO/5 Usuarios' successfully

2023-08-14 14:19:55 - [TEST_CASE][PASSED] - Test Cases/DIGITURNO/BASICO/5 Usuarios: Test Cases/DIGITURNO/BASICO/5 Usuarios

2023-08-14 14:19:55 - [TEST_STEP][PASSED] - callTestCase(findTestCase("0InicioSesion"), [:], STOP_ON_FAILURE): Call Test Case 'Test Cases/0InicioSesion' successfully

2023-08-14 14:19:55 - [TEST_CASE][PASSED] - Test Cases/0InicioSesion: Test Cases/0InicioSesion

2023-08-14 14:19:55 - [TEST_STEP][PASSED] - openBrowser(UrlDigiturno): Browser is opened with url: 'https://PCPruebas101.ciel.cielingenieria.com:8610'

2023-08-14 14:19:55 - [MESSAGE][WARNING] - A browser is already opened. Closing browser and opening a new one

2023-08-14 14:19:56 - [MESSAGE][INFO] - Starting 'Chrome' driver

2023-08-14 14:19:56 - [MESSAGE][INFO] - User set preference: ['args', '[--use-fake-ui-for-media-stream, --disable-notifications]']

2023-08-14 14:19:56 - [MESSAGE][INFO] - Action delay is set to 0 milliseconds

2023-08-14 14:19:58 - [MESSAGE][PASSED] - Browser is opened with url: 'https://PCPruebas101.ciel.cielingenieria.com:8610'

2023-08-14 14:19:58 - [TEST_STEP][PASSED] - maximizeWindow(): Current window maximized

2023-08-14 14:19:58 - [MESSAGE][PASSED] - Current window maximized

2023-08-14 14:19:58 - [TEST_STEP][PASSED] - delay(3): Delayed 3 second(s)

2023-08-14 14:20:01 - [MESSAGE][PASSED] - Delayed 3 second(s)

2023-08-14 14:20:01 - [TEST_STEP][PASSED] - setText(findTestObject("0Inicio Sesion/input_Usuario"), "Ciel"): Text 'Ciel' is set on object 'Object Repository/0Inicio Sesion/input_Usuario'

2023-08-14 14:20:01 - [MESSAGE][PASSED] - Text 'Ciel' is set on object 'Object Repository/0Inicio Sesion/input_Usuario'

2023-08-14 14:20:01 - [TEST_STEP][PASSED] - setText(findTestObject("0Inicio Sesion/input_Clave"), "digiturno"): Text 'digiturno' is set on object 'Object Repository/0Inicio Sesion/input_Clave'

2023-08-14 14:20:02 - [MESSAGE][PASSED] - Text 'digiturno' is set on object 'Object Repository/0Inicio Sesion/input_Clave'

2023-08-14 14:20:02 - [TEST_STEP][PASSED] - click(findTestObject("0Inicio Sesion/btn_IniciarSesion")): Object: 'Object Repository/0Inicio Sesion/btn_IniciarSesion' is clicked on

2023-08-14 14:20:03 - [MESSAGE][PASSED] - Object: 'Object Repository/0Inicio Sesion/btn_IniciarSesion' is clicked on

2023-08-14 14:20:03 - [TEST_STEP][PASSED] - delay(3): Delayed 3 second(s)

2023-08-14 14:20:06 - [MESSAGE][PASSED] - Delayed 3 second(s)

2023-08-14 14:20:06 - [MESSAGE][PASSED] - Call Test Case 'Test Cases/0InicioSesion' successfully

2023-08-14 14:20:06 - [TEST_STEP][PASSED] - click(findTestObject("DIGITURNO/1Principal/img_Configuracion(1)")): Object: 'Object Repository/DIGITURNO/1Principal/img_Configuracion(1)' is clicked on

2023-08-14 14:20:06 - [MESSAGE][PASSED] - Object: 'Object Repository/DIGITURNO/1Principal/img_Configuracion(1)' is clicked on

2023-08-14 14:20:06 - [TEST_STEP][PASSED] - delay(3): Delayed 3 second(s)

2023-08-14 14:20:09 - [MESSAGE][PASSED] - Delayed 3 second(s)

2023-08-14 14:20:09 - [TEST_STEP][PASSED] - click(findTestObject("DIGITURNO/CONFIGURACION/0Principal/img_4Usuarios")): Object: 'Object Repository/DIGITURNO/CONFIGURACION/0Principal/img_4Usuarios' is clicked on

2023-08-14 14:20:10 - [MESSAGE][PASSED] - Object: 'Object Repository/DIGITURNO/CONFIGURACION/0Principal/img_4Usuarios' is clicked on

2023-08-14 14:20:10 - [TEST_STEP][PASSED] - delay(3): Delayed 3 second(s)

2023-08-14 14:20:13 - [MESSAGE][PASSED] - Delayed 3 second(s)

2023-08-14 14:20:13 - [TEST_STEP][PASSED] - takeFullPageScreenshot(STOP_ON_FAILURE): Taking screenshot successfully

2023-08-14 14:20:13 - [MESSAGE][INFO] - 0 hidden object(s)

2023-08-14 14:20:13 - [MESSAGE][PASSED] - Taking screenshot successfully
[[ATTACHMENT|C:\\CIEL INGENIERIA\\Katalon\\Digiturno55\\Reports\\20230814_141235\\DIGITURNO\\BASICO\\14 Paginas por perfil Asociar y Desasociar\\20230814_141242\\1692040813071.png]]

2023-08-14 14:20:13 - [TEST_STEP][PASSED] - delay(3): Delayed 3 second(s)

2023-08-14 14:20:16 - [MESSAGE][PASSED] - Delayed 3 second(s)

2023-08-14 14:20:16 - [MESSAGE][PASSED] - Call Test Case 'Test Cases/DIGITURNO/BASICO/5 Usuarios' successfully

2023-08-14 14:20:16 - [TEST_STEP][PASSED] - delay(3): Delayed 3 second(s)

2023-08-14 14:20:19 - [MESSAGE][PASSED] - Delayed 3 second(s)

2023-08-14 14:20:19 - [TEST_STEP][PASSED] - click(findTestObject("DIGITURNO/CONFIGURACION/4Usuarios/0Principal/img_2Paginas por perfil")): Object: 'Object Repository/DIGITURNO/CONFIGURACION/4Usuarios/0Principal/img_2Paginas por perfil' is clicked on

2023-08-14 14:20:20 - [MESSAGE][PASSED] - Object: 'Object Repository/DIGITURNO/CONFIGURACION/4Usuarios/0Principal/img_2Paginas por perfil' is clicked on

2023-08-14 14:20:20 - [TEST_STEP][PASSED] - delay(3): Delayed 3 second(s)

2023-08-14 14:20:23 - [MESSAGE][PASSED] - Delayed 3 second(s)

2023-08-14 14:20:23 - [TEST_STEP][PASSED] - setText(findTestObject("DIGITURNO/CONFIGURACION/4Usuarios/2Paginas por perfil/Paginas de la aplicacion/input_TextoABuscar"), "alarmas"): Text 'alarmas' is set on object 'Object Repository/DIGITURNO/CONFIGURACION/4Usuarios/2Paginas por perfil/Paginas de la aplicacion/input_TextoABuscar'

2023-08-14 14:20:24 - [MESSAGE][PASSED] - Text 'alarmas' is set on object 'Object Repository/DIGITURNO/CONFIGURACION/4Usuarios/2Paginas por perfil/Paginas de la aplicacion/input_TextoABuscar'

2023-08-14 14:20:24 - [TEST_STEP][PASSED] - click(findTestObject("DIGITURNO/CONFIGURACION/4Usuarios/2Paginas por perfil/Perfiles de la aplicacion/option_3Consulta")): Object: 'Object Repository/DIGITURNO/CONFIGURACION/4Usuarios/2Paginas por perfil/Perfiles de la aplicacion/option_3Consulta' is clicked on

2023-08-14 14:20:24 - [MESSAGE][PASSED] - Object: 'Object Repository/DIGITURNO/CONFIGURACION/4Usuarios/2Paginas por perfil/Perfiles de la aplicacion/option_3Consulta' is clicked on

2023-08-14 14:20:24 - [TEST_STEP][PASSED] - delay(2): Delayed 2 second(s)

2023-08-14 14:20:26 - [MESSAGE][PASSED] - Delayed 2 second(s)

2023-08-14 14:20:26 - [TEST_STEP][PASSED] - click(findTestObject("DIGITURNO/CONFIGURACION/4Usuarios/2Paginas por perfil/Paginas de la aplicacion/a_SeleccionarTodo")): Object: 'Object Repository/DIGITURNO/CONFIGURACION/4Usuarios/2Paginas por perfil/Paginas de la aplicacion/a_SeleccionarTodo' is clicked on

2023-08-14 14:20:27 - [MESSAGE][PASSED] - Object: 'Object Repository/DIGITURNO/CONFIGURACION/4Usuarios/2Paginas por perfil/Paginas de la aplicacion/a_SeleccionarTodo' is clicked on

2023-08-14 14:20:27 - [TEST_STEP][PASSED] - delay(2): Delayed 2 second(s)

2023-08-14 14:20:29 - [MESSAGE][PASSED] - Delayed 2 second(s)

2023-08-14 14:20:29 - [TEST_STEP][PASSED] - click(findTestObject("DIGITURNO/CONFIGURACION/4Usuarios/2Paginas por perfil/Perfiles de la aplicacion/img_Eliminar")): Object: 'Object Repository/DIGITURNO/CONFIGURACION/4Usuarios/2Paginas por perfil/Perfiles de la aplicacion/img_Eliminar' is clicked on

2023-08-14 14:20:29 - [MESSAGE][PASSED] - Object: 'Object Repository/DIGITURNO/CONFIGURACION/4Usuarios/2Paginas por perfil/Perfiles de la aplicacion/img_Eliminar' is clicked on

2023-08-14 14:20:29 - [TEST_STEP][PASSED] - click(findTestObject("DIGITURNO/CONFIGURACION/4Usuarios/2Paginas por perfil/Perfiles de la aplicacion/img_Eliminar")): Object: 'Object Repository/DIGITURNO/CONFIGURACION/4Usuarios/2Paginas por perfil/Perfiles de la aplicacion/img_Eliminar' is clicked on

2023-08-14 14:20:29 - [MESSAGE][PASSED] - Object: 'Object Repository/DIGITURNO/CONFIGURACION/4Usuarios/2Paginas por perfil/Perfiles de la aplicacion/img_Eliminar' is clicked on

2023-08-14 14:20:29 - [TEST_STEP][PASSED] - acceptAlert(STOP_ON_FAILURE): Alert accepted

2023-08-14 14:20:29 - [MESSAGE][PASSED] - Alert accepted

2023-08-14 14:20:29 - [TEST_STEP][PASSED] - takeFullPageScreenshot(): Taking screenshot successfully

2023-08-14 14:20:30 - [MESSAGE][INFO] - 0 hidden object(s)

2023-08-14 14:20:30 - [MESSAGE][PASSED] - Taking screenshot successfully
[[ATTACHMENT|C:\\CIEL INGENIERIA\\Katalon\\Digiturno55\\Reports\\20230814_141235\\DIGITURNO\\BASICO\\14 Paginas por perfil Asociar y Desasociar\\20230814_141242\\1692040829689.png]]

2023-08-14 14:20:30 - [TEST_STEP][PASSED] - delay(3): Delayed 3 second(s)

2023-08-14 14:20:33 - [MESSAGE][PASSED] - Delayed 3 second(s)

2023-08-14 14:20:33 - [TEST_STEP][PASSED] - Start listener action : sampleAfterTestCase: null]]></system-out>
         <system-err><![CDATA[]]></system-err>
      </testcase>
      <system-out><![CDATA[2023-08-14 14:19:11 - [TEST_SUITE][PASSED] - 14 Paginas por perfil Asociar y Desasociar: Test Cases/DIGITURNO/BASICO/14 Paginas por perfil Desasociar]]></system-out>
      <system-err><![CDATA[]]></system-err>
   </testsuite>
</testsuites>
