<?xml version="1.0" encoding="UTF-8"?>
<testsuites name="13 Perfiles Crear Actualizar Eliminar" time="124.043" tests="3" failures="0" errors="0">
   <testsuite name="13 Perfiles Crear Actualizar Eliminar" tests="3" failures="0" errors="0" time="124.043" skipped="0" timestamp="2023-07-11 11:40:28" hostname="jdavila - PCPruebas101.ciel.cielingenieria.com" id="Test Suites/DIGITURNO/BASICO/13 Perfiles Crear Actualizar Eliminar">
      <properties>
         <property name="deviceName" value=""/>
         <property name="devicePlatform" value=""/>
         <property name="logFolder" value="C:\\CIEL INGENIERIA\\Katalon\\Digiturno55\\Reports\\20230711_113602\\DIGITURNO\\BASICO\\13 Perfiles Crear Actualizar Eliminar\\20230711_113607"/>
         <property name="logFiles" value="C:\\CIEL INGENIERIA\\Katalon\\Digiturno55\\Reports\\20230711_113602\\DIGITURNO\\BASICO\\13 Perfiles Crear Actualizar Eliminar\\20230711_113607\\execution0.log"/>
         <property name="attachments" value="C:\\CIEL INGENIERIA\\Katalon\\Digiturno55\\Reports\\20230711_113602\\DIGITURNO\\BASICO\\13 Perfiles Crear Actualizar Eliminar\\20230711_113607\\1689093647661.png, C:\\CIEL INGENIERIA\\Katalon\\Digiturno55\\Reports\\20230711_113602\\DIGITURNO\\BASICO\\13 Perfiles Crear Actualizar Eliminar\\20230711_113607\\1689093663396.png, C:\\CIEL INGENIERIA\\Katalon\\Digiturno55\\Reports\\20230711_113602\\DIGITURNO\\BASICO\\13 Perfiles Crear Actualizar Eliminar\\20230711_113607\\1689093684041.png, C:\\CIEL INGENIERIA\\Katalon\\Digiturno55\\Reports\\20230711_113602\\DIGITURNO\\BASICO\\13 Perfiles Crear Actualizar Eliminar\\20230711_113607\\1689093706805.png, C:\\CIEL INGENIERIA\\Katalon\\Digiturno55\\Reports\\20230711_113602\\DIGITURNO\\BASICO\\13 Perfiles Crear Actualizar Eliminar\\20230711_113607\\1689093728380.png, C:\\CIEL INGENIERIA\\Katalon\\Digiturno55\\Reports\\20230711_113602\\DIGITURNO\\BASICO\\13 Perfiles Crear Actualizar Eliminar\\20230711_113607\\1689093748771.png"/>
         <property name="hostName" value="jdavila - PCPruebas101.ciel.cielingenieria.com"/>
         <property name="os" value="Windows 10 64bit"/>
         <property name="katalonVersion" value="8.6.0.208"/>
         <property name="browser" value="Chrome 114.0.0.0"/>
         <property name="hostAddress" value="192.168.0.33"/>
         <property name="sessionId" value="f60c75e9ea5eac52c350e97cb7723700"/>
         <property name="seleniumVersion" value="3.141.59"/>
         <property name="proxyInformation" value="ProxyInformation { proxyOption=NO_PROXY, proxyServerType=HTTP, username=, password=********, proxyServerAddress=, proxyServerPort=0, executionList=&quot;&quot;, isApplyToDesiredCapabilities=true }"/>
         <property name="platform" value="Windows 10"/>
      </properties>
      <testcase name="Test Cases/DIGITURNO/BASICO/13 Perfiles Crear" time="37.521" classname="Test Cases/DIGITURNO/BASICO/13 Perfiles Crear" status="PASSED">
         <system-out><![CDATA[2023-07-11 11:40:28 - [TEST_CASE][PASSED] - Test Cases/DIGITURNO/BASICO/13 Perfiles Crear: Test Cases/DIGITURNO/BASICO/13 Perfiles Crear

2023-07-11 11:40:28 - [TEST_STEP][PASSED] - callTestCase(findTestCase("DIGITURNO/BASICO/5 Usuarios"), [:], STOP_ON_FAILURE): Call Test Case 'Test Cases/DIGITURNO/BASICO/5 Usuarios' successfully

2023-07-11 11:40:29 - [TEST_CASE][PASSED] - Test Cases/DIGITURNO/BASICO/5 Usuarios: Test Cases/DIGITURNO/BASICO/5 Usuarios

2023-07-11 11:40:29 - [TEST_STEP][PASSED] - callTestCase(findTestCase("0InicioSesion"), [:], STOP_ON_FAILURE): Call Test Case 'Test Cases/0InicioSesion' successfully

2023-07-11 11:40:29 - [TEST_CASE][PASSED] - Test Cases/0InicioSesion: Test Cases/0InicioSesion

2023-07-11 11:40:29 - [TEST_STEP][PASSED] - openBrowser(UrlDigiturno): Browser is opened with url: 'https://PCPruebas101.ciel.cielingenieria.com:8810'

2023-07-11 11:40:30 - [MESSAGE][INFO] - Starting 'Chrome' driver

2023-07-11 11:40:30 - [MESSAGE][INFO] - User set preference: ['args', '[--use-fake-ui-for-media-stream, --disable-notifications]']

2023-07-11 11:40:30 - [MESSAGE][INFO] - Action delay is set to 0 milliseconds

2023-07-11 11:40:32 - [MESSAGE][PASSED] - Browser is opened with url: 'https://PCPruebas101.ciel.cielingenieria.com:8810'

2023-07-11 11:40:32 - [TEST_STEP][PASSED] - maximizeWindow(): Current window maximized

2023-07-11 11:40:32 - [MESSAGE][PASSED] - Current window maximized

2023-07-11 11:40:32 - [TEST_STEP][PASSED] - delay(3): Delayed 3 second(s)

2023-07-11 11:40:35 - [MESSAGE][PASSED] - Delayed 3 second(s)

2023-07-11 11:40:35 - [TEST_STEP][PASSED] - setText(findTestObject("0Inicio Sesion/input_Usuario"), "Ciel"): Text 'Ciel' is set on object 'Object Repository/0Inicio Sesion/input_Usuario'

2023-07-11 11:40:36 - [MESSAGE][PASSED] - Text 'Ciel' is set on object 'Object Repository/0Inicio Sesion/input_Usuario'

2023-07-11 11:40:36 - [TEST_STEP][PASSED] - setText(findTestObject("0Inicio Sesion/input_Clave"), "digiturno"): Text 'digiturno' is set on object 'Object Repository/0Inicio Sesion/input_Clave'

2023-07-11 11:40:37 - [MESSAGE][PASSED] - Text 'digiturno' is set on object 'Object Repository/0Inicio Sesion/input_Clave'

2023-07-11 11:40:37 - [TEST_STEP][PASSED] - click(findTestObject("0Inicio Sesion/btn_IniciarSesion")): Object: 'Object Repository/0Inicio Sesion/btn_IniciarSesion' is clicked on

2023-07-11 11:40:37 - [MESSAGE][PASSED] - Object: 'Object Repository/0Inicio Sesion/btn_IniciarSesion' is clicked on

2023-07-11 11:40:37 - [TEST_STEP][PASSED] - delay(3): Delayed 3 second(s)

2023-07-11 11:40:40 - [MESSAGE][PASSED] - Delayed 3 second(s)

2023-07-11 11:40:40 - [MESSAGE][PASSED] - Call Test Case 'Test Cases/0InicioSesion' successfully

2023-07-11 11:40:40 - [TEST_STEP][PASSED] - click(findTestObject("DIGITURNO/1Principal/img_Configuracion(1)")): Object: 'Object Repository/DIGITURNO/1Principal/img_Configuracion(1)' is clicked on

2023-07-11 11:40:41 - [MESSAGE][PASSED] - Object: 'Object Repository/DIGITURNO/1Principal/img_Configuracion(1)' is clicked on

2023-07-11 11:40:41 - [TEST_STEP][PASSED] - delay(3): Delayed 3 second(s)

2023-07-11 11:40:44 - [MESSAGE][PASSED] - Delayed 3 second(s)

2023-07-11 11:40:44 - [TEST_STEP][PASSED] - click(findTestObject("DIGITURNO/CONFIGURACION/0Principal/img_4Usuarios")): Object: 'Object Repository/DIGITURNO/CONFIGURACION/0Principal/img_4Usuarios' is clicked on

2023-07-11 11:40:44 - [MESSAGE][PASSED] - Object: 'Object Repository/DIGITURNO/CONFIGURACION/0Principal/img_4Usuarios' is clicked on

2023-07-11 11:40:44 - [TEST_STEP][PASSED] - delay(3): Delayed 3 second(s)

2023-07-11 11:40:47 - [MESSAGE][PASSED] - Delayed 3 second(s)

2023-07-11 11:40:47 - [TEST_STEP][PASSED] - takeFullPageScreenshot(STOP_ON_FAILURE): Taking screenshot successfully

2023-07-11 11:40:48 - [MESSAGE][INFO] - 0 hidden object(s)

2023-07-11 11:40:48 - [MESSAGE][PASSED] - Taking screenshot successfully
[[ATTACHMENT|C:\\CIEL INGENIERIA\\Katalon\\Digiturno55\\Reports\\20230711_113602\\DIGITURNO\\BASICO\\13 Perfiles Crear Actualizar Eliminar\\20230711_113607\\1689093647661.png]]

2023-07-11 11:40:48 - [TEST_STEP][PASSED] - delay(3): Delayed 3 second(s)

2023-07-11 11:40:51 - [MESSAGE][PASSED] - Delayed 3 second(s)

2023-07-11 11:40:51 - [MESSAGE][PASSED] - Call Test Case 'Test Cases/DIGITURNO/BASICO/5 Usuarios' successfully

2023-07-11 11:40:51 - [TEST_STEP][PASSED] - delay(2): Delayed 2 second(s)

2023-07-11 11:40:53 - [MESSAGE][PASSED] - Delayed 2 second(s)

2023-07-11 11:40:53 - [TEST_STEP][PASSED] - click(findTestObject("DIGITURNO/CONFIGURACION/4Usuarios/0Principal/img_1Perfiles")): Object: 'Object Repository/DIGITURNO/CONFIGURACION/4Usuarios/0Principal/img_1Perfiles' is clicked on

2023-07-11 11:40:54 - [MESSAGE][PASSED] - Object: 'Object Repository/DIGITURNO/CONFIGURACION/4Usuarios/0Principal/img_1Perfiles' is clicked on

2023-07-11 11:40:54 - [TEST_STEP][PASSED] - delay(3): Delayed 3 second(s)

2023-07-11 11:40:57 - [MESSAGE][PASSED] - Delayed 3 second(s)

2023-07-11 11:40:57 - [TEST_STEP][PASSED] - scrollToElement(findTestObject("DIGITURNO/CONFIGURACION/4Usuarios/1Perfiles/Edicion/input_Nombre"), 0): Scroll to object 'Object Repository/DIGITURNO/CONFIGURACION/4Usuarios/1Perfiles/Edicion/input_Nombre' successfully

2023-07-11 11:40:57 - [MESSAGE][WARNING] - Timeout '0' is invalid. Using default page load timeout: '30'

2023-07-11 11:40:57 - [MESSAGE][PASSED] - Scroll to object 'Object Repository/DIGITURNO/CONFIGURACION/4Usuarios/1Perfiles/Edicion/input_Nombre' successfully

2023-07-11 11:40:57 - [TEST_STEP][PASSED] - setText(findTestObject("DIGITURNO/CONFIGURACION/4Usuarios/1Perfiles/Edicion/input_Nombre"), "prueba"): Text 'prueba' is set on object 'Object Repository/DIGITURNO/CONFIGURACION/4Usuarios/1Perfiles/Edicion/input_Nombre'

2023-07-11 11:40:58 - [MESSAGE][PASSED] - Text 'prueba' is set on object 'Object Repository/DIGITURNO/CONFIGURACION/4Usuarios/1Perfiles/Edicion/input_Nombre'

2023-07-11 11:40:58 - [TEST_STEP][PASSED] - setText(findTestObject("DIGITURNO/CONFIGURACION/4Usuarios/1Perfiles/Edicion/textarea_Descripcion"), "prueba"): Text 'prueba' is set on object 'Object Repository/DIGITURNO/CONFIGURACION/4Usuarios/1Perfiles/Edicion/textarea_Descripcion'

2023-07-11 11:40:59 - [MESSAGE][PASSED] - Text 'prueba' is set on object 'Object Repository/DIGITURNO/CONFIGURACION/4Usuarios/1Perfiles/Edicion/textarea_Descripcion'

2023-07-11 11:40:59 - [TEST_STEP][PASSED] - setText(findTestObject("DIGITURNO/CONFIGURACION/4Usuarios/1Perfiles/Edicion/input_Prioridad"), "3"): Text '3' is set on object 'Object Repository/DIGITURNO/CONFIGURACION/4Usuarios/1Perfiles/Edicion/input_Prioridad'

2023-07-11 11:40:59 - [MESSAGE][PASSED] - Text '3' is set on object 'Object Repository/DIGITURNO/CONFIGURACION/4Usuarios/1Perfiles/Edicion/input_Prioridad'

2023-07-11 11:40:59 - [TEST_STEP][PASSED] - delay(0): Delayed 0 second(s)

2023-07-11 11:40:59 - [MESSAGE][PASSED] - Delayed 0 second(s)

2023-07-11 11:40:59 - [TEST_STEP][PASSED] - scrollToPosition(0, 0): Browser is scrolled to position x = 0, y = 0

2023-07-11 11:40:59 - [MESSAGE][PASSED] - Browser is scrolled to position x = 0, y = 0

2023-07-11 11:40:59 - [TEST_STEP][PASSED] - click(findTestObject("DIGITURNO/CONFIGURACION/4Usuarios/1Perfiles/Edicion/img_Nuevo")): Object: 'Object Repository/DIGITURNO/CONFIGURACION/4Usuarios/1Perfiles/Edicion/img_Nuevo' is clicked on

2023-07-11 11:41:00 - [MESSAGE][PASSED] - Object: 'Object Repository/DIGITURNO/CONFIGURACION/4Usuarios/1Perfiles/Edicion/img_Nuevo' is clicked on

2023-07-11 11:41:00 - [TEST_STEP][PASSED] - delay(3): Delayed 3 second(s)

2023-07-11 11:41:03 - [MESSAGE][PASSED] - Delayed 3 second(s)

2023-07-11 11:41:03 - [TEST_STEP][PASSED] - takeFullPageScreenshot(): Taking screenshot successfully

2023-07-11 11:41:03 - [MESSAGE][INFO] - 0 hidden object(s)

2023-07-11 11:41:04 - [MESSAGE][PASSED] - Taking screenshot successfully
[[ATTACHMENT|C:\\CIEL INGENIERIA\\Katalon\\Digiturno55\\Reports\\20230711_113602\\DIGITURNO\\BASICO\\13 Perfiles Crear Actualizar Eliminar\\20230711_113607\\1689093663396.png]]

2023-07-11 11:41:04 - [TEST_STEP][PASSED] - delay(2): Delayed 2 second(s)

2023-07-11 11:41:06 - [MESSAGE][PASSED] - Delayed 2 second(s)

2023-07-11 11:41:06 - [TEST_STEP][PASSED] - Start listener action : sampleAfterTestCase: null]]></system-out>
         <system-err><![CDATA[]]></system-err>
      </testcase>
      <testcase name="Test Cases/DIGITURNO/BASICO/13 Perfil Actualizar" time="44.344" classname="Test Cases/DIGITURNO/BASICO/13 Perfil Actualizar" status="PASSED">
         <system-out><![CDATA[2023-07-11 11:41:06 - [TEST_CASE][PASSED] - Test Cases/DIGITURNO/BASICO/13 Perfil Actualizar: Test Cases/DIGITURNO/BASICO/13 Perfil Actualizar

2023-07-11 11:41:06 - [TEST_STEP][PASSED] - callTestCase(findTestCase("DIGITURNO/BASICO/5 Usuarios"), [:], STOP_ON_FAILURE): Call Test Case 'Test Cases/DIGITURNO/BASICO/5 Usuarios' successfully

2023-07-11 11:41:06 - [TEST_CASE][PASSED] - Test Cases/DIGITURNO/BASICO/5 Usuarios: Test Cases/DIGITURNO/BASICO/5 Usuarios

2023-07-11 11:41:06 - [TEST_STEP][PASSED] - callTestCase(findTestCase("0InicioSesion"), [:], STOP_ON_FAILURE): Call Test Case 'Test Cases/0InicioSesion' successfully

2023-07-11 11:41:06 - [TEST_CASE][PASSED] - Test Cases/0InicioSesion: Test Cases/0InicioSesion

2023-07-11 11:41:06 - [TEST_STEP][PASSED] - openBrowser(UrlDigiturno): Browser is opened with url: 'https://PCPruebas101.ciel.cielingenieria.com:8810'

2023-07-11 11:41:06 - [MESSAGE][WARNING] - A browser is already opened. Closing browser and opening a new one

2023-07-11 11:41:07 - [MESSAGE][INFO] - Starting 'Chrome' driver

2023-07-11 11:41:07 - [MESSAGE][INFO] - User set preference: ['args', '[--use-fake-ui-for-media-stream, --disable-notifications]']

2023-07-11 11:41:07 - [MESSAGE][INFO] - Action delay is set to 0 milliseconds

2023-07-11 11:41:08 - [MESSAGE][PASSED] - Browser is opened with url: 'https://PCPruebas101.ciel.cielingenieria.com:8810'

2023-07-11 11:41:08 - [TEST_STEP][PASSED] - maximizeWindow(): Current window maximized

2023-07-11 11:41:09 - [MESSAGE][PASSED] - Current window maximized

2023-07-11 11:41:09 - [TEST_STEP][PASSED] - delay(3): Delayed 3 second(s)

2023-07-11 11:41:12 - [MESSAGE][PASSED] - Delayed 3 second(s)

2023-07-11 11:41:12 - [TEST_STEP][PASSED] - setText(findTestObject("0Inicio Sesion/input_Usuario"), "Ciel"): Text 'Ciel' is set on object 'Object Repository/0Inicio Sesion/input_Usuario'

2023-07-11 11:41:12 - [MESSAGE][PASSED] - Text 'Ciel' is set on object 'Object Repository/0Inicio Sesion/input_Usuario'

2023-07-11 11:41:12 - [TEST_STEP][PASSED] - setText(findTestObject("0Inicio Sesion/input_Clave"), "digiturno"): Text 'digiturno' is set on object 'Object Repository/0Inicio Sesion/input_Clave'

2023-07-11 11:41:13 - [MESSAGE][PASSED] - Text 'digiturno' is set on object 'Object Repository/0Inicio Sesion/input_Clave'

2023-07-11 11:41:13 - [TEST_STEP][PASSED] - click(findTestObject("0Inicio Sesion/btn_IniciarSesion")): Object: 'Object Repository/0Inicio Sesion/btn_IniciarSesion' is clicked on

2023-07-11 11:41:13 - [MESSAGE][PASSED] - Object: 'Object Repository/0Inicio Sesion/btn_IniciarSesion' is clicked on

2023-07-11 11:41:13 - [TEST_STEP][PASSED] - delay(3): Delayed 3 second(s)

2023-07-11 11:41:16 - [MESSAGE][PASSED] - Delayed 3 second(s)

2023-07-11 11:41:16 - [MESSAGE][PASSED] - Call Test Case 'Test Cases/0InicioSesion' successfully

2023-07-11 11:41:16 - [TEST_STEP][PASSED] - click(findTestObject("DIGITURNO/1Principal/img_Configuracion(1)")): Object: 'Object Repository/DIGITURNO/1Principal/img_Configuracion(1)' is clicked on

2023-07-11 11:41:17 - [MESSAGE][PASSED] - Object: 'Object Repository/DIGITURNO/1Principal/img_Configuracion(1)' is clicked on

2023-07-11 11:41:17 - [TEST_STEP][PASSED] - delay(3): Delayed 3 second(s)

2023-07-11 11:41:20 - [MESSAGE][PASSED] - Delayed 3 second(s)

2023-07-11 11:41:20 - [TEST_STEP][PASSED] - click(findTestObject("DIGITURNO/CONFIGURACION/0Principal/img_4Usuarios")): Object: 'Object Repository/DIGITURNO/CONFIGURACION/0Principal/img_4Usuarios' is clicked on

2023-07-11 11:41:21 - [MESSAGE][PASSED] - Object: 'Object Repository/DIGITURNO/CONFIGURACION/0Principal/img_4Usuarios' is clicked on

2023-07-11 11:41:21 - [TEST_STEP][PASSED] - delay(3): Delayed 3 second(s)

2023-07-11 11:41:24 - [MESSAGE][PASSED] - Delayed 3 second(s)

2023-07-11 11:41:24 - [TEST_STEP][PASSED] - takeFullPageScreenshot(STOP_ON_FAILURE): Taking screenshot successfully

2023-07-11 11:41:24 - [MESSAGE][INFO] - 0 hidden object(s)

2023-07-11 11:41:24 - [MESSAGE][PASSED] - Taking screenshot successfully
[[ATTACHMENT|C:\\CIEL INGENIERIA\\Katalon\\Digiturno55\\Reports\\20230711_113602\\DIGITURNO\\BASICO\\13 Perfiles Crear Actualizar Eliminar\\20230711_113607\\1689093684041.png]]

2023-07-11 11:41:24 - [TEST_STEP][PASSED] - delay(3): Delayed 3 second(s)

2023-07-11 11:41:27 - [MESSAGE][PASSED] - Delayed 3 second(s)

2023-07-11 11:41:27 - [MESSAGE][PASSED] - Call Test Case 'Test Cases/DIGITURNO/BASICO/5 Usuarios' successfully

2023-07-11 11:41:27 - [TEST_STEP][PASSED] - delay(2): Delayed 2 second(s)

2023-07-11 11:41:29 - [MESSAGE][PASSED] - Delayed 2 second(s)

2023-07-11 11:41:29 - [TEST_STEP][PASSED] - click(findTestObject("DIGITURNO/CONFIGURACION/4Usuarios/0Principal/img_1Perfiles")): Object: 'Object Repository/DIGITURNO/CONFIGURACION/4Usuarios/0Principal/img_1Perfiles' is clicked on

2023-07-11 11:41:30 - [MESSAGE][PASSED] - Object: 'Object Repository/DIGITURNO/CONFIGURACION/4Usuarios/0Principal/img_1Perfiles' is clicked on

2023-07-11 11:41:30 - [TEST_STEP][PASSED] - delay(3): Delayed 3 second(s)

2023-07-11 11:41:33 - [MESSAGE][PASSED] - Delayed 3 second(s)

2023-07-11 11:41:33 - [TEST_STEP][PASSED] - setText(findTestObject("DIGITURNO/CONFIGURACION/4Usuarios/1Perfiles/Perfiles/input_TextoABuscar"), "prueba"): Text 'prueba' is set on object 'Object Repository/DIGITURNO/CONFIGURACION/4Usuarios/1Perfiles/Perfiles/input_TextoABuscar'

2023-07-11 11:41:34 - [MESSAGE][PASSED] - Text 'prueba' is set on object 'Object Repository/DIGITURNO/CONFIGURACION/4Usuarios/1Perfiles/Perfiles/input_TextoABuscar'

2023-07-11 11:41:34 - [TEST_STEP][PASSED] - delay(3): Delayed 3 second(s)

2023-07-11 11:41:37 - [MESSAGE][PASSED] - Delayed 3 second(s)

2023-07-11 11:41:37 - [TEST_STEP][PASSED] - click(findTestObject("DIGITURNO/CONFIGURACION/4Usuarios/1Perfiles/Perfiles/td_SeleccionLista1")): Object: 'Object Repository/DIGITURNO/CONFIGURACION/4Usuarios/1Perfiles/Perfiles/td_SeleccionLista1' is clicked on

2023-07-11 11:41:37 - [MESSAGE][PASSED] - Object: 'Object Repository/DIGITURNO/CONFIGURACION/4Usuarios/1Perfiles/Perfiles/td_SeleccionLista1' is clicked on

2023-07-11 11:41:37 - [TEST_STEP][PASSED] - delay(3): Delayed 3 second(s)

2023-07-11 11:41:40 - [MESSAGE][PASSED] - Delayed 3 second(s)

2023-07-11 11:41:40 - [TEST_STEP][PASSED] - setText(findTestObject("DIGITURNO/CONFIGURACION/4Usuarios/1Perfiles/Edicion/textarea_Descripcion"), "prueba Actualizada"): Text 'prueba Actualizada' is set on object 'Object Repository/DIGITURNO/CONFIGURACION/4Usuarios/1Perfiles/Edicion/textarea_Descripcion'

2023-07-11 11:41:41 - [MESSAGE][PASSED] - Text 'prueba Actualizada' is set on object 'Object Repository/DIGITURNO/CONFIGURACION/4Usuarios/1Perfiles/Edicion/textarea_Descripcion'

2023-07-11 11:41:41 - [TEST_STEP][PASSED] - delay(2): Delayed 2 second(s)

2023-07-11 11:41:43 - [MESSAGE][PASSED] - Delayed 2 second(s)

2023-07-11 11:41:43 - [TEST_STEP][PASSED] - click(findTestObject("DIGITURNO/CONFIGURACION/4Usuarios/1Perfiles/Edicion/img_Actualizar")): Object: 'Object Repository/DIGITURNO/CONFIGURACION/4Usuarios/1Perfiles/Edicion/img_Actualizar' is clicked on

2023-07-11 11:41:43 - [MESSAGE][PASSED] - Object: 'Object Repository/DIGITURNO/CONFIGURACION/4Usuarios/1Perfiles/Edicion/img_Actualizar' is clicked on

2023-07-11 11:41:43 - [TEST_STEP][PASSED] - delay(3): Delayed 3 second(s)

2023-07-11 11:41:46 - [MESSAGE][PASSED] - Delayed 3 second(s)

2023-07-11 11:41:46 - [TEST_STEP][PASSED] - takeFullPageScreenshot(): Taking screenshot successfully

2023-07-11 11:41:47 - [MESSAGE][INFO] - 0 hidden object(s)

2023-07-11 11:41:47 - [MESSAGE][PASSED] - Taking screenshot successfully
[[ATTACHMENT|C:\\CIEL INGENIERIA\\Katalon\\Digiturno55\\Reports\\20230711_113602\\DIGITURNO\\BASICO\\13 Perfiles Crear Actualizar Eliminar\\20230711_113607\\1689093706805.png]]

2023-07-11 11:41:47 - [TEST_STEP][PASSED] - delay(3): Delayed 3 second(s)

2023-07-11 11:41:50 - [MESSAGE][PASSED] - Delayed 3 second(s)

2023-07-11 11:41:50 - [TEST_STEP][PASSED] - Start listener action : sampleAfterTestCase: null]]></system-out>
         <system-err><![CDATA[]]></system-err>
      </testcase>
      <testcase name="Test Cases/DIGITURNO/BASICO/13 Perfil Eliminar" time="41.933" classname="Test Cases/DIGITURNO/BASICO/13 Perfil Eliminar" status="PASSED">
         <system-out><![CDATA[2023-07-11 11:41:50 - [TEST_CASE][PASSED] - Test Cases/DIGITURNO/BASICO/13 Perfil Eliminar: Test Cases/DIGITURNO/BASICO/13 Perfil Eliminar

2023-07-11 11:41:50 - [TEST_STEP][PASSED] - callTestCase(findTestCase("DIGITURNO/BASICO/5 Usuarios"), [:], STOP_ON_FAILURE): Call Test Case 'Test Cases/DIGITURNO/BASICO/5 Usuarios' successfully

2023-07-11 11:41:50 - [TEST_CASE][PASSED] - Test Cases/DIGITURNO/BASICO/5 Usuarios: Test Cases/DIGITURNO/BASICO/5 Usuarios

2023-07-11 11:41:50 - [TEST_STEP][PASSED] - callTestCase(findTestCase("0InicioSesion"), [:], STOP_ON_FAILURE): Call Test Case 'Test Cases/0InicioSesion' successfully

2023-07-11 11:41:50 - [TEST_CASE][PASSED] - Test Cases/0InicioSesion: Test Cases/0InicioSesion

2023-07-11 11:41:50 - [TEST_STEP][PASSED] - openBrowser(UrlDigiturno): Browser is opened with url: 'https://PCPruebas101.ciel.cielingenieria.com:8810'

2023-07-11 11:41:50 - [MESSAGE][WARNING] - A browser is already opened. Closing browser and opening a new one

2023-07-11 11:41:51 - [MESSAGE][INFO] - Starting 'Chrome' driver

2023-07-11 11:41:51 - [MESSAGE][INFO] - User set preference: ['args', '[--use-fake-ui-for-media-stream, --disable-notifications]']

2023-07-11 11:41:51 - [MESSAGE][INFO] - Action delay is set to 0 milliseconds

2023-07-11 11:41:53 - [MESSAGE][PASSED] - Browser is opened with url: 'https://PCPruebas101.ciel.cielingenieria.com:8810'

2023-07-11 11:41:53 - [TEST_STEP][PASSED] - maximizeWindow(): Current window maximized

2023-07-11 11:41:53 - [MESSAGE][PASSED] - Current window maximized

2023-07-11 11:41:53 - [TEST_STEP][PASSED] - delay(3): Delayed 3 second(s)

2023-07-11 11:41:56 - [MESSAGE][PASSED] - Delayed 3 second(s)

2023-07-11 11:41:56 - [TEST_STEP][PASSED] - setText(findTestObject("0Inicio Sesion/input_Usuario"), "Ciel"): Text 'Ciel' is set on object 'Object Repository/0Inicio Sesion/input_Usuario'

2023-07-11 11:41:57 - [MESSAGE][PASSED] - Text 'Ciel' is set on object 'Object Repository/0Inicio Sesion/input_Usuario'

2023-07-11 11:41:57 - [TEST_STEP][PASSED] - setText(findTestObject("0Inicio Sesion/input_Clave"), "digiturno"): Text 'digiturno' is set on object 'Object Repository/0Inicio Sesion/input_Clave'

2023-07-11 11:41:57 - [MESSAGE][PASSED] - Text 'digiturno' is set on object 'Object Repository/0Inicio Sesion/input_Clave'

2023-07-11 11:41:57 - [TEST_STEP][PASSED] - click(findTestObject("0Inicio Sesion/btn_IniciarSesion")): Object: 'Object Repository/0Inicio Sesion/btn_IniciarSesion' is clicked on

2023-07-11 11:41:58 - [MESSAGE][PASSED] - Object: 'Object Repository/0Inicio Sesion/btn_IniciarSesion' is clicked on

2023-07-11 11:41:58 - [TEST_STEP][PASSED] - delay(3): Delayed 3 second(s)

2023-07-11 11:42:01 - [MESSAGE][PASSED] - Delayed 3 second(s)

2023-07-11 11:42:01 - [MESSAGE][PASSED] - Call Test Case 'Test Cases/0InicioSesion' successfully

2023-07-11 11:42:01 - [TEST_STEP][PASSED] - click(findTestObject("DIGITURNO/1Principal/img_Configuracion(1)")): Object: 'Object Repository/DIGITURNO/1Principal/img_Configuracion(1)' is clicked on

2023-07-11 11:42:01 - [MESSAGE][PASSED] - Object: 'Object Repository/DIGITURNO/1Principal/img_Configuracion(1)' is clicked on

2023-07-11 11:42:01 - [TEST_STEP][PASSED] - delay(3): Delayed 3 second(s)

2023-07-11 11:42:04 - [MESSAGE][PASSED] - Delayed 3 second(s)

2023-07-11 11:42:04 - [TEST_STEP][PASSED] - click(findTestObject("DIGITURNO/CONFIGURACION/0Principal/img_4Usuarios")): Object: 'Object Repository/DIGITURNO/CONFIGURACION/0Principal/img_4Usuarios' is clicked on

2023-07-11 11:42:05 - [MESSAGE][PASSED] - Object: 'Object Repository/DIGITURNO/CONFIGURACION/0Principal/img_4Usuarios' is clicked on

2023-07-11 11:42:05 - [TEST_STEP][PASSED] - delay(3): Delayed 3 second(s)

2023-07-11 11:42:08 - [MESSAGE][PASSED] - Delayed 3 second(s)

2023-07-11 11:42:08 - [TEST_STEP][PASSED] - takeFullPageScreenshot(STOP_ON_FAILURE): Taking screenshot successfully

2023-07-11 11:42:08 - [MESSAGE][INFO] - 0 hidden object(s)

2023-07-11 11:42:08 - [MESSAGE][PASSED] - Taking screenshot successfully
[[ATTACHMENT|C:\\CIEL INGENIERIA\\Katalon\\Digiturno55\\Reports\\20230711_113602\\DIGITURNO\\BASICO\\13 Perfiles Crear Actualizar Eliminar\\20230711_113607\\1689093728380.png]]

2023-07-11 11:42:08 - [TEST_STEP][PASSED] - delay(3): Delayed 3 second(s)

2023-07-11 11:42:11 - [MESSAGE][PASSED] - Delayed 3 second(s)

2023-07-11 11:42:11 - [MESSAGE][PASSED] - Call Test Case 'Test Cases/DIGITURNO/BASICO/5 Usuarios' successfully

2023-07-11 11:42:11 - [TEST_STEP][PASSED] - delay(2): Delayed 2 second(s)

2023-07-11 11:42:13 - [MESSAGE][PASSED] - Delayed 2 second(s)

2023-07-11 11:42:13 - [TEST_STEP][PASSED] - click(findTestObject("DIGITURNO/CONFIGURACION/4Usuarios/0Principal/img_1Perfiles")): Object: 'Object Repository/DIGITURNO/CONFIGURACION/4Usuarios/0Principal/img_1Perfiles' is clicked on

2023-07-11 11:42:14 - [MESSAGE][PASSED] - Object: 'Object Repository/DIGITURNO/CONFIGURACION/4Usuarios/0Principal/img_1Perfiles' is clicked on

2023-07-11 11:42:14 - [TEST_STEP][PASSED] - delay(3): Delayed 3 second(s)

2023-07-11 11:42:17 - [MESSAGE][PASSED] - Delayed 3 second(s)

2023-07-11 11:42:17 - [TEST_STEP][PASSED] - setText(findTestObject("DIGITURNO/CONFIGURACION/4Usuarios/1Perfiles/Perfiles/input_TextoABuscar"), "prueba"): Text 'prueba' is set on object 'Object Repository/DIGITURNO/CONFIGURACION/4Usuarios/1Perfiles/Perfiles/input_TextoABuscar'

2023-07-11 11:42:18 - [MESSAGE][PASSED] - Text 'prueba' is set on object 'Object Repository/DIGITURNO/CONFIGURACION/4Usuarios/1Perfiles/Perfiles/input_TextoABuscar'

2023-07-11 11:42:18 - [TEST_STEP][PASSED] - delay(3): Delayed 3 second(s)

2023-07-11 11:42:21 - [MESSAGE][PASSED] - Delayed 3 second(s)

2023-07-11 11:42:21 - [TEST_STEP][PASSED] - click(findTestObject("DIGITURNO/CONFIGURACION/4Usuarios/1Perfiles/Perfiles/td_SeleccionLista1")): Object: 'Object Repository/DIGITURNO/CONFIGURACION/4Usuarios/1Perfiles/Perfiles/td_SeleccionLista1' is clicked on

2023-07-11 11:42:21 - [MESSAGE][PASSED] - Object: 'Object Repository/DIGITURNO/CONFIGURACION/4Usuarios/1Perfiles/Perfiles/td_SeleccionLista1' is clicked on

2023-07-11 11:42:21 - [TEST_STEP][PASSED] - delay(3): Delayed 3 second(s)

2023-07-11 11:42:24 - [MESSAGE][PASSED] - Delayed 3 second(s)

2023-07-11 11:42:24 - [TEST_STEP][PASSED] - click(findTestObject("DIGITURNO/CONFIGURACION/4Usuarios/1Perfiles/Edicion/img_Eliminar")): Object: 'Object Repository/DIGITURNO/CONFIGURACION/4Usuarios/1Perfiles/Edicion/img_Eliminar' is clicked on

2023-07-11 11:42:25 - [MESSAGE][PASSED] - Object: 'Object Repository/DIGITURNO/CONFIGURACION/4Usuarios/1Perfiles/Edicion/img_Eliminar' is clicked on

2023-07-11 11:42:25 - [TEST_STEP][PASSED] - click(findTestObject("DIGITURNO/CONFIGURACION/4Usuarios/1Perfiles/Edicion/img_Eliminar")): Object: 'Object Repository/DIGITURNO/CONFIGURACION/4Usuarios/1Perfiles/Edicion/img_Eliminar' is clicked on

2023-07-11 11:42:25 - [MESSAGE][PASSED] - Object: 'Object Repository/DIGITURNO/CONFIGURACION/4Usuarios/1Perfiles/Edicion/img_Eliminar' is clicked on

2023-07-11 11:42:25 - [TEST_STEP][PASSED] - acceptAlert(): Alert accepted

2023-07-11 11:42:25 - [MESSAGE][PASSED] - Alert accepted

2023-07-11 11:42:25 - [TEST_STEP][PASSED] - delay(3): Delayed 3 second(s)

2023-07-11 11:42:28 - [MESSAGE][PASSED] - Delayed 3 second(s)

2023-07-11 11:42:28 - [TEST_STEP][PASSED] - takeFullPageScreenshot(): Taking screenshot successfully

2023-07-11 11:42:29 - [MESSAGE][INFO] - 0 hidden object(s)

2023-07-11 11:42:29 - [MESSAGE][PASSED] - Taking screenshot successfully
[[ATTACHMENT|C:\\CIEL INGENIERIA\\Katalon\\Digiturno55\\Reports\\20230711_113602\\DIGITURNO\\BASICO\\13 Perfiles Crear Actualizar Eliminar\\20230711_113607\\1689093748771.png]]

2023-07-11 11:42:29 - [TEST_STEP][PASSED] - delay(3): Delayed 3 second(s)

2023-07-11 11:42:32 - [MESSAGE][PASSED] - Delayed 3 second(s)

2023-07-11 11:42:32 - [TEST_STEP][PASSED] - Start listener action : sampleAfterTestCase: null]]></system-out>
         <system-err><![CDATA[]]></system-err>
      </testcase>
      <system-out><![CDATA[2023-07-11 11:40:28 - [TEST_SUITE][PASSED] - 13 Perfiles Crear Actualizar Eliminar: Test Cases/DIGITURNO/BASICO/13 Perfil Eliminar]]></system-out>
      <system-err><![CDATA[]]></system-err>
   </testsuite>
</testsuites>
