<?xml version="1.0" encoding="UTF-8"?>
<testsuites name="11 Paginas Activar y Desactivar" time="97.154" tests="2" failures="0" errors="0">
   <testsuite name="11 Paginas Activar y Desactivar" tests="2" failures="0" errors="0" time="97.154" skipped="0" timestamp="2023-07-11 11:38:42" hostname="jdavila - PCPruebas101.ciel.cielingenieria.com" id="Test Suites/DIGITURNO/BASICO/11 Paginas Activar y Desactivar">
      <properties>
         <property name="deviceName" value=""/>
         <property name="devicePlatform" value=""/>
         <property name="logFolder" value="C:\\CIEL INGENIERIA\\Katalon\\Digiturno55\\Reports\\20230711_113602\\DIGITURNO\\BASICO\\11 Paginas Activar y Desactivar\\20230711_113605"/>
         <property name="logFiles" value="C:\\CIEL INGENIERIA\\Katalon\\Digiturno55\\Reports\\20230711_113602\\DIGITURNO\\BASICO\\11 Paginas Activar y Desactivar\\20230711_113605\\execution0.log"/>
         <property name="attachments" value="C:\\CIEL INGENIERIA\\Katalon\\Digiturno55\\Reports\\20230711_113602\\DIGITURNO\\BASICO\\11 Paginas Activar y Desactivar\\20230711_113605\\1689093573925.png, C:\\CIEL INGENIERIA\\Katalon\\Digiturno55\\Reports\\20230711_113602\\DIGITURNO\\BASICO\\11 Paginas Activar y Desactivar\\20230711_113605\\1689093615956.png"/>
         <property name="hostName" value="jdavila - PCPruebas101.ciel.cielingenieria.com"/>
         <property name="os" value="Windows 10 64bit"/>
         <property name="katalonVersion" value="8.6.0.208"/>
         <property name="browser" value="Chrome 114.0.0.0"/>
         <property name="hostAddress" value="192.168.0.33"/>
         <property name="sessionId" value="88ab05ce48b64b45d77adeca7ad30f72"/>
         <property name="seleniumVersion" value="3.141.59"/>
         <property name="proxyInformation" value="ProxyInformation { proxyOption=NO_PROXY, proxyServerType=HTTP, username=, password=********, proxyServerAddress=, proxyServerPort=0, executionList=&quot;&quot;, isApplyToDesiredCapabilities=true }"/>
         <property name="platform" value="Windows 10"/>
      </properties>
      <testcase name="Test Cases/DIGITURNO/BASICO/11 Paginas Activar o Desactivar" time="54.98" classname="Test Cases/DIGITURNO/BASICO/11 Paginas Activar o Desactivar" status="PASSED">
         <system-out><![CDATA[2023-07-11 11:38:42 - [TEST_CASE][PASSED] - Test Cases/DIGITURNO/BASICO/11 Paginas Activar o Desactivar: Test Cases/DIGITURNO/BASICO/11 Paginas Activar o Desactivar

2023-07-11 11:38:42 - [TEST_STEP][PASSED] - callTestCase(findTestCase("0InicioSesion"), [:], STOP_ON_FAILURE): Call Test Case 'Test Cases/0InicioSesion' successfully

2023-07-11 11:38:43 - [TEST_CASE][PASSED] - Test Cases/0InicioSesion: Test Cases/0InicioSesion

2023-07-11 11:38:43 - [TEST_STEP][PASSED] - openBrowser(UrlDigiturno): Browser is opened with url: 'https://PCPruebas101.ciel.cielingenieria.com:8810'

2023-07-11 11:38:43 - [MESSAGE][INFO] - Starting 'Chrome' driver

2023-07-11 11:38:43 - [MESSAGE][INFO] - User set preference: ['args', '[--use-fake-ui-for-media-stream, --disable-notifications]']

2023-07-11 11:38:43 - [MESSAGE][INFO] - Action delay is set to 0 milliseconds

2023-07-11 11:38:45 - [MESSAGE][PASSED] - Browser is opened with url: 'https://PCPruebas101.ciel.cielingenieria.com:8810'

2023-07-11 11:38:45 - [TEST_STEP][PASSED] - maximizeWindow(): Current window maximized

2023-07-11 11:38:46 - [MESSAGE][PASSED] - Current window maximized

2023-07-11 11:38:46 - [TEST_STEP][PASSED] - delay(3): Delayed 3 second(s)

2023-07-11 11:38:49 - [MESSAGE][PASSED] - Delayed 3 second(s)

2023-07-11 11:38:49 - [TEST_STEP][PASSED] - setText(findTestObject("0Inicio Sesion/input_Usuario"), "Ciel"): Text 'Ciel' is set on object 'Object Repository/0Inicio Sesion/input_Usuario'

2023-07-11 11:38:49 - [MESSAGE][PASSED] - Text 'Ciel' is set on object 'Object Repository/0Inicio Sesion/input_Usuario'

2023-07-11 11:38:49 - [TEST_STEP][PASSED] - setText(findTestObject("0Inicio Sesion/input_Clave"), "digiturno"): Text 'digiturno' is set on object 'Object Repository/0Inicio Sesion/input_Clave'

2023-07-11 11:38:50 - [MESSAGE][PASSED] - Text 'digiturno' is set on object 'Object Repository/0Inicio Sesion/input_Clave'

2023-07-11 11:38:50 - [TEST_STEP][PASSED] - click(findTestObject("0Inicio Sesion/btn_IniciarSesion")): Object: 'Object Repository/0Inicio Sesion/btn_IniciarSesion' is clicked on

2023-07-11 11:38:50 - [MESSAGE][PASSED] - Object: 'Object Repository/0Inicio Sesion/btn_IniciarSesion' is clicked on

2023-07-11 11:38:50 - [TEST_STEP][PASSED] - delay(3): Delayed 3 second(s)

2023-07-11 11:38:53 - [MESSAGE][PASSED] - Delayed 3 second(s)

2023-07-11 11:38:54 - [MESSAGE][PASSED] - Call Test Case 'Test Cases/0InicioSesion' successfully

2023-07-11 11:38:54 - [TEST_STEP][PASSED] - click(findTestObject("DIGITURNO/1Principal/img_Configuracion(1)")): Object: 'Object Repository/DIGITURNO/1Principal/img_Configuracion(1)' is clicked on

2023-07-11 11:38:54 - [MESSAGE][PASSED] - Object: 'Object Repository/DIGITURNO/1Principal/img_Configuracion(1)' is clicked on

2023-07-11 11:38:54 - [TEST_STEP][PASSED] - delay(3): Delayed 3 second(s)

2023-07-11 11:38:57 - [MESSAGE][PASSED] - Delayed 3 second(s)

2023-07-11 11:38:57 - [TEST_STEP][PASSED] - click(findTestObject("DIGITURNO/CONFIGURACION/0Principal/img_7Sistema")): Object: 'Object Repository/DIGITURNO/CONFIGURACION/0Principal/img_7Sistema' is clicked on

2023-07-11 11:39:09 - [MESSAGE][PASSED] - Object: 'Object Repository/DIGITURNO/CONFIGURACION/0Principal/img_7Sistema' is clicked on

2023-07-11 11:39:09 - [TEST_STEP][PASSED] - delay(3): Delayed 3 second(s)

2023-07-11 11:39:12 - [MESSAGE][PASSED] - Delayed 3 second(s)

2023-07-11 11:39:12 - [TEST_STEP][PASSED] - click(findTestObject("DIGITURNO/CONFIGURACION/7Sistema/0Principal/img_4 Paginas")): Object: 'Object Repository/DIGITURNO/CONFIGURACION/7Sistema/0Principal/img_4 Paginas' is clicked on

2023-07-11 11:39:13 - [MESSAGE][PASSED] - Object: 'Object Repository/DIGITURNO/CONFIGURACION/7Sistema/0Principal/img_4 Paginas' is clicked on

2023-07-11 11:39:13 - [TEST_STEP][PASSED] - delay(3): Delayed 3 second(s)

2023-07-11 11:39:16 - [MESSAGE][PASSED] - Delayed 3 second(s)

2023-07-11 11:39:16 - [TEST_STEP][PASSED] - setText(findTestObject("DIGITURNO/CONFIGURACION/7Sistema/4 Paginas/Lista de Paginas/input_TextoABuscar"), "31"): Text '31' is set on object 'Object Repository/DIGITURNO/CONFIGURACION/7Sistema/4 Paginas/Lista de Paginas/input_TextoABuscar'

2023-07-11 11:39:17 - [MESSAGE][PASSED] - Text '31' is set on object 'Object Repository/DIGITURNO/CONFIGURACION/7Sistema/4 Paginas/Lista de Paginas/input_TextoABuscar'

2023-07-11 11:39:17 - [TEST_STEP][PASSED] - delay(3): Delayed 3 second(s)

2023-07-11 11:39:20 - [MESSAGE][PASSED] - Delayed 3 second(s)

2023-07-11 11:39:20 - [TEST_STEP][PASSED] - click(findTestObject("DIGITURNO/CONFIGURACION/7Sistema/4 Paginas/Lista de Paginas/img_Editar"), STOP_ON_FAILURE): Object: 'Object Repository/DIGITURNO/CONFIGURACION/7Sistema/4 Paginas/Lista de Paginas/img_Editar' is clicked on

2023-07-11 11:39:20 - [MESSAGE][PASSED] - Object: 'Object Repository/DIGITURNO/CONFIGURACION/7Sistema/4 Paginas/Lista de Paginas/img_Editar' is clicked on

2023-07-11 11:39:20 - [TEST_STEP][PASSED] - delay(3): Delayed 3 second(s)

2023-07-11 11:39:23 - [MESSAGE][PASSED] - Delayed 3 second(s)

2023-07-11 11:39:23 - [TEST_STEP][PASSED] - check(findTestObject("DIGITURNO/CONFIGURACION/7Sistema/4 Paginas/Lista de Paginas/img_Editar(1)/label_Es visible"), STOP_ON_FAILURE): Object 'Object Repository/DIGITURNO/CONFIGURACION/7Sistema/4 Paginas/Lista de Paginas/img_Editar(1)/label_Es visible' is checked

2023-07-11 11:39:24 - [MESSAGE][PASSED] - Object 'Object Repository/DIGITURNO/CONFIGURACION/7Sistema/4 Paginas/Lista de Paginas/img_Editar(1)/label_Es visible' is checked

2023-07-11 11:39:24 - [TEST_STEP][PASSED] - delay(3): Delayed 3 second(s)

2023-07-11 11:39:27 - [MESSAGE][PASSED] - Delayed 3 second(s)

2023-07-11 11:39:27 - [TEST_STEP][PASSED] - click(findTestObject("DIGITURNO/CONFIGURACION/7Sistema/4 Paginas/Lista de Paginas/img_Editar(1)/img_icono Actualizar")): Object: 'Object Repository/DIGITURNO/CONFIGURACION/7Sistema/4 Paginas/Lista de Paginas/img_Editar(1)/img_icono Actualizar' is clicked on

2023-07-11 11:39:27 - [MESSAGE][PASSED] - Object: 'Object Repository/DIGITURNO/CONFIGURACION/7Sistema/4 Paginas/Lista de Paginas/img_Editar(1)/img_icono Actualizar' is clicked on

2023-07-11 11:39:27 - [TEST_STEP][PASSED] - delay(3): Delayed 3 second(s)

2023-07-11 11:39:30 - [MESSAGE][PASSED] - Delayed 3 second(s)

2023-07-11 11:39:30 - [TEST_STEP][PASSED] - back(): Navigate back successfully

2023-07-11 11:39:31 - [MESSAGE][PASSED] - Navigate back successfully

2023-07-11 11:39:31 - [TEST_STEP][PASSED] - back(): Navigate back successfully

2023-07-11 11:39:31 - [MESSAGE][PASSED] - Navigate back successfully

2023-07-11 11:39:31 - [TEST_STEP][PASSED] - back(): Navigate back successfully

2023-07-11 11:39:31 - [MESSAGE][PASSED] - Navigate back successfully

2023-07-11 11:39:31 - [TEST_STEP][PASSED] - click(findTestObject("DIGITURNO/1Principal/img_Configuracion(1)")): Object: 'Object Repository/DIGITURNO/1Principal/img_Configuracion(1)' is clicked on

2023-07-11 11:39:31 - [MESSAGE][PASSED] - Object: 'Object Repository/DIGITURNO/1Principal/img_Configuracion(1)' is clicked on

2023-07-11 11:39:31 - [TEST_STEP][PASSED] - delay(2): Delayed 2 second(s)

2023-07-11 11:39:33 - [MESSAGE][PASSED] - Delayed 2 second(s)

2023-07-11 11:39:33 - [TEST_STEP][PASSED] - takeFullPageScreenshot(): Taking screenshot successfully

2023-07-11 11:39:34 - [MESSAGE][INFO] - 0 hidden object(s)

2023-07-11 11:39:34 - [MESSAGE][PASSED] - Taking screenshot successfully
[[ATTACHMENT|C:\\CIEL INGENIERIA\\Katalon\\Digiturno55\\Reports\\20230711_113602\\DIGITURNO\\BASICO\\11 Paginas Activar y Desactivar\\20230711_113605\\1689093573925.png]]

2023-07-11 11:39:34 - [TEST_STEP][PASSED] - delay(3): Delayed 3 second(s)

2023-07-11 11:39:37 - [MESSAGE][PASSED] - Delayed 3 second(s)

2023-07-11 11:39:37 - [TEST_STEP][PASSED] - Start listener action : sampleAfterTestCase: null]]></system-out>
         <system-err><![CDATA[]]></system-err>
      </testcase>
      <testcase name="Test Cases/DIGITURNO/BASICO/11 Paginas Activar o Desactivar" time="41.916" classname="Test Cases/DIGITURNO/BASICO/11 Paginas Activar o Desactivar" status="PASSED">
         <system-out><![CDATA[2023-07-11 11:39:37 - [TEST_CASE][PASSED] - Test Cases/DIGITURNO/BASICO/11 Paginas Activar o Desactivar: Test Cases/DIGITURNO/BASICO/11 Paginas Activar o Desactivar

2023-07-11 11:39:37 - [TEST_STEP][PASSED] - callTestCase(findTestCase("0InicioSesion"), [:], STOP_ON_FAILURE): Call Test Case 'Test Cases/0InicioSesion' successfully

2023-07-11 11:39:37 - [TEST_CASE][PASSED] - Test Cases/0InicioSesion: Test Cases/0InicioSesion

2023-07-11 11:39:37 - [TEST_STEP][PASSED] - openBrowser(UrlDigiturno): Browser is opened with url: 'https://PCPruebas101.ciel.cielingenieria.com:8810'

2023-07-11 11:39:37 - [MESSAGE][WARNING] - A browser is already opened. Closing browser and opening a new one

2023-07-11 11:39:38 - [MESSAGE][INFO] - Starting 'Chrome' driver

2023-07-11 11:39:38 - [MESSAGE][INFO] - User set preference: ['args', '[--use-fake-ui-for-media-stream, --disable-notifications]']

2023-07-11 11:39:38 - [MESSAGE][INFO] - Action delay is set to 0 milliseconds

2023-07-11 11:39:40 - [MESSAGE][PASSED] - Browser is opened with url: 'https://PCPruebas101.ciel.cielingenieria.com:8810'

2023-07-11 11:39:40 - [TEST_STEP][PASSED] - maximizeWindow(): Current window maximized

2023-07-11 11:39:40 - [MESSAGE][PASSED] - Current window maximized

2023-07-11 11:39:40 - [TEST_STEP][PASSED] - delay(3): Delayed 3 second(s)

2023-07-11 11:39:43 - [MESSAGE][PASSED] - Delayed 3 second(s)

2023-07-11 11:39:43 - [TEST_STEP][PASSED] - setText(findTestObject("0Inicio Sesion/input_Usuario"), "Ciel"): Text 'Ciel' is set on object 'Object Repository/0Inicio Sesion/input_Usuario'

2023-07-11 11:39:43 - [MESSAGE][PASSED] - Text 'Ciel' is set on object 'Object Repository/0Inicio Sesion/input_Usuario'

2023-07-11 11:39:43 - [TEST_STEP][PASSED] - setText(findTestObject("0Inicio Sesion/input_Clave"), "digiturno"): Text 'digiturno' is set on object 'Object Repository/0Inicio Sesion/input_Clave'

2023-07-11 11:39:44 - [MESSAGE][PASSED] - Text 'digiturno' is set on object 'Object Repository/0Inicio Sesion/input_Clave'

2023-07-11 11:39:44 - [TEST_STEP][PASSED] - click(findTestObject("0Inicio Sesion/btn_IniciarSesion")): Object: 'Object Repository/0Inicio Sesion/btn_IniciarSesion' is clicked on

2023-07-11 11:39:45 - [MESSAGE][PASSED] - Object: 'Object Repository/0Inicio Sesion/btn_IniciarSesion' is clicked on

2023-07-11 11:39:45 - [TEST_STEP][PASSED] - delay(3): Delayed 3 second(s)

2023-07-11 11:39:48 - [MESSAGE][PASSED] - Delayed 3 second(s)

2023-07-11 11:39:48 - [MESSAGE][PASSED] - Call Test Case 'Test Cases/0InicioSesion' successfully

2023-07-11 11:39:48 - [TEST_STEP][PASSED] - click(findTestObject("DIGITURNO/1Principal/img_Configuracion(1)")): Object: 'Object Repository/DIGITURNO/1Principal/img_Configuracion(1)' is clicked on

2023-07-11 11:39:48 - [MESSAGE][PASSED] - Object: 'Object Repository/DIGITURNO/1Principal/img_Configuracion(1)' is clicked on

2023-07-11 11:39:48 - [TEST_STEP][PASSED] - delay(3): Delayed 3 second(s)

2023-07-11 11:39:51 - [MESSAGE][PASSED] - Delayed 3 second(s)

2023-07-11 11:39:51 - [TEST_STEP][PASSED] - click(findTestObject("DIGITURNO/CONFIGURACION/0Principal/img_7Sistema")): Object: 'Object Repository/DIGITURNO/CONFIGURACION/0Principal/img_7Sistema' is clicked on

2023-07-11 11:39:52 - [MESSAGE][PASSED] - Object: 'Object Repository/DIGITURNO/CONFIGURACION/0Principal/img_7Sistema' is clicked on

2023-07-11 11:39:52 - [TEST_STEP][PASSED] - delay(3): Delayed 3 second(s)

2023-07-11 11:39:55 - [MESSAGE][PASSED] - Delayed 3 second(s)

2023-07-11 11:39:55 - [TEST_STEP][PASSED] - click(findTestObject("DIGITURNO/CONFIGURACION/7Sistema/0Principal/img_4 Paginas")): Object: 'Object Repository/DIGITURNO/CONFIGURACION/7Sistema/0Principal/img_4 Paginas' is clicked on

2023-07-11 11:39:55 - [MESSAGE][PASSED] - Object: 'Object Repository/DIGITURNO/CONFIGURACION/7Sistema/0Principal/img_4 Paginas' is clicked on

2023-07-11 11:39:55 - [TEST_STEP][PASSED] - delay(3): Delayed 3 second(s)

2023-07-11 11:39:58 - [MESSAGE][PASSED] - Delayed 3 second(s)

2023-07-11 11:39:58 - [TEST_STEP][PASSED] - setText(findTestObject("DIGITURNO/CONFIGURACION/7Sistema/4 Paginas/Lista de Paginas/input_TextoABuscar"), "31"): Text '31' is set on object 'Object Repository/DIGITURNO/CONFIGURACION/7Sistema/4 Paginas/Lista de Paginas/input_TextoABuscar'

2023-07-11 11:39:59 - [MESSAGE][PASSED] - Text '31' is set on object 'Object Repository/DIGITURNO/CONFIGURACION/7Sistema/4 Paginas/Lista de Paginas/input_TextoABuscar'

2023-07-11 11:39:59 - [TEST_STEP][PASSED] - delay(3): Delayed 3 second(s)

2023-07-11 11:40:02 - [MESSAGE][PASSED] - Delayed 3 second(s)

2023-07-11 11:40:02 - [TEST_STEP][PASSED] - click(findTestObject("DIGITURNO/CONFIGURACION/7Sistema/4 Paginas/Lista de Paginas/img_Editar"), STOP_ON_FAILURE): Object: 'Object Repository/DIGITURNO/CONFIGURACION/7Sistema/4 Paginas/Lista de Paginas/img_Editar' is clicked on

2023-07-11 11:40:03 - [MESSAGE][PASSED] - Object: 'Object Repository/DIGITURNO/CONFIGURACION/7Sistema/4 Paginas/Lista de Paginas/img_Editar' is clicked on

2023-07-11 11:40:03 - [TEST_STEP][PASSED] - delay(3): Delayed 3 second(s)

2023-07-11 11:40:06 - [MESSAGE][PASSED] - Delayed 3 second(s)

2023-07-11 11:40:06 - [TEST_STEP][PASSED] - check(findTestObject("DIGITURNO/CONFIGURACION/7Sistema/4 Paginas/Lista de Paginas/img_Editar(1)/label_Es visible"), STOP_ON_FAILURE): Object 'Object Repository/DIGITURNO/CONFIGURACION/7Sistema/4 Paginas/Lista de Paginas/img_Editar(1)/label_Es visible' is checked

2023-07-11 11:40:06 - [MESSAGE][PASSED] - Object 'Object Repository/DIGITURNO/CONFIGURACION/7Sistema/4 Paginas/Lista de Paginas/img_Editar(1)/label_Es visible' is checked

2023-07-11 11:40:06 - [TEST_STEP][PASSED] - delay(3): Delayed 3 second(s)

2023-07-11 11:40:09 - [MESSAGE][PASSED] - Delayed 3 second(s)

2023-07-11 11:40:09 - [TEST_STEP][PASSED] - click(findTestObject("DIGITURNO/CONFIGURACION/7Sistema/4 Paginas/Lista de Paginas/img_Editar(1)/img_icono Actualizar")): Object: 'Object Repository/DIGITURNO/CONFIGURACION/7Sistema/4 Paginas/Lista de Paginas/img_Editar(1)/img_icono Actualizar' is clicked on

2023-07-11 11:40:10 - [MESSAGE][PASSED] - Object: 'Object Repository/DIGITURNO/CONFIGURACION/7Sistema/4 Paginas/Lista de Paginas/img_Editar(1)/img_icono Actualizar' is clicked on

2023-07-11 11:40:10 - [TEST_STEP][PASSED] - delay(3): Delayed 3 second(s)

2023-07-11 11:40:13 - [MESSAGE][PASSED] - Delayed 3 second(s)

2023-07-11 11:40:13 - [TEST_STEP][PASSED] - back(): Navigate back successfully

2023-07-11 11:40:13 - [MESSAGE][PASSED] - Navigate back successfully

2023-07-11 11:40:13 - [TEST_STEP][PASSED] - back(): Navigate back successfully

2023-07-11 11:40:13 - [MESSAGE][PASSED] - Navigate back successfully

2023-07-11 11:40:13 - [TEST_STEP][PASSED] - back(): Navigate back successfully

2023-07-11 11:40:13 - [MESSAGE][PASSED] - Navigate back successfully

2023-07-11 11:40:13 - [TEST_STEP][PASSED] - click(findTestObject("DIGITURNO/1Principal/img_Configuracion(1)")): Object: 'Object Repository/DIGITURNO/1Principal/img_Configuracion(1)' is clicked on

2023-07-11 11:40:13 - [MESSAGE][PASSED] - Object: 'Object Repository/DIGITURNO/1Principal/img_Configuracion(1)' is clicked on

2023-07-11 11:40:13 - [TEST_STEP][PASSED] - delay(2): Delayed 2 second(s)

2023-07-11 11:40:15 - [MESSAGE][PASSED] - Delayed 2 second(s)

2023-07-11 11:40:15 - [TEST_STEP][PASSED] - takeFullPageScreenshot(): Taking screenshot successfully

2023-07-11 11:40:16 - [MESSAGE][INFO] - 0 hidden object(s)

2023-07-11 11:40:16 - [MESSAGE][PASSED] - Taking screenshot successfully
[[ATTACHMENT|C:\\CIEL INGENIERIA\\Katalon\\Digiturno55\\Reports\\20230711_113602\\DIGITURNO\\BASICO\\11 Paginas Activar y Desactivar\\20230711_113605\\1689093615956.png]]

2023-07-11 11:40:16 - [TEST_STEP][PASSED] - delay(3): Delayed 3 second(s)

2023-07-11 11:40:19 - [MESSAGE][PASSED] - Delayed 3 second(s)

2023-07-11 11:40:19 - [TEST_STEP][PASSED] - Start listener action : sampleAfterTestCase: null]]></system-out>
         <system-err><![CDATA[]]></system-err>
      </testcase>
      <system-out><![CDATA[2023-07-11 11:38:42 - [TEST_SUITE][PASSED] - 11 Paginas Activar y Desactivar: Test Cases/DIGITURNO/BASICO/11 Paginas Activar o Desactivar]]></system-out>
      <system-err><![CDATA[]]></system-err>
   </testsuite>
</testsuites>
