<?xml version="1.0" encoding="UTF-8"?>
<testsuites name="5.1 Crear Oficina Medellin" time="60.201" tests="1" failures="0" errors="0">
   <testsuite name="5.1 Crear Oficina Medellin" tests="1" failures="0" errors="0" time="60.201" skipped="0" timestamp="2024-04-02 14:45:59" hostname="jdavila - PCPruebas101.ciel.cielingenieria.com" id="Test Suites/WIZARD/3Infraestructura/1Oficinas/5.1 Crear Oficina Medellin">
      <properties>
         <property name="deviceName" value=""/>
         <property name="devicePlatform" value=""/>
         <property name="logFolder" value="C:\\CIEL INGENIERIA\\Katalon\\Digiturno55\\Reports\\20240402_143907\\WIZARD\\3Infraestructura\\1Oficinas\\5.1 Crear Oficina Medellin\\20240402_143916"/>
         <property name="logFiles" value="C:\\CIEL INGENIERIA\\Katalon\\Digiturno55\\Reports\\20240402_143907\\WIZARD\\3Infraestructura\\1Oficinas\\5.1 Crear Oficina Medellin\\20240402_143916\\execution0.log"/>
         <property name="attachments" value="C:\\CIEL INGENIERIA\\Katalon\\Digiturno55\\Reports\\20240402_143907\\WIZARD\\3Infraestructura\\1Oficinas\\5.1 Crear Oficina Medellin\\20240402_143916\\1712087215669.png"/>
         <property name="hostName" value="jdavila - PCPruebas101.ciel.cielingenieria.com"/>
         <property name="os" value="Windows 10 64bit"/>
         <property name="katalonVersion" value="8.6.9.208"/>
         <property name="browser" value="Chrome 123.0.0.0"/>
         <property name="hostAddress" value="192.168.91.18"/>
         <property name="sessionId" value="6fcf837f22bbdb568159775126039e23"/>
         <property name="seleniumVersion" value="3.141.59"/>
         <property name="proxyInformation" value="ProxyInformation { proxyOption=NO_PROXY, proxyServerType=HTTP, username=, password=********, proxyServerAddress=, proxyServerPort=0, executionList=&quot;&quot;, isApplyToDesiredCapabilities=true }"/>
         <property name="platform" value="Windows 10"/>
      </properties>
      <testcase name="Test Cases/WIZARD/3Infraestructura/1Oficinas/5.1 Crear Oficina Medellin" time="59.954" classname="Test Cases/WIZARD/3Infraestructura/1Oficinas/5.1 Crear Oficina Medellin" status="PASSED">
         <system-out><![CDATA[2024-04-02 14:45:59 - [TEST_CASE][PASSED] - Test Cases/WIZARD/3Infraestructura/1Oficinas/5.1 Crear Oficina Medellin: Test Cases/WIZARD/3Infraestructura/1Oficinas/5.1 Crear Oficina Medellin

2024-04-02 14:45:59 - [TEST_STEP][PASSED] - callTestCase(findTestCase("0InicioSesion"), [:], STOP_ON_FAILURE): Call Test Case 'Test Cases/0InicioSesion' successfully

2024-04-02 14:46:00 - [TEST_CASE][PASSED] - Test Cases/0InicioSesion: Test Cases/0InicioSesion

2024-04-02 14:46:00 - [TEST_STEP][PASSED] - openBrowser(UrlDigiturno): Browser is opened with url: 'https://PCPruebas101.ciel.cielingenieria.com:8910'

2024-04-02 14:46:00 - [MESSAGE][INFO] - Starting 'Chrome' driver

2024-04-02 14:46:00 - [MESSAGE][INFO] - User set preference: ['args', '[--use-fake-ui-for-media-stream, --disable-notifications]']

2024-04-02 14:46:00 - [MESSAGE][INFO] - Action delay is set to 0 milliseconds

2024-04-02 14:46:03 - [MESSAGE][PASSED] - Browser is opened with url: 'https://PCPruebas101.ciel.cielingenieria.com:8910'

2024-04-02 14:46:03 - [TEST_STEP][PASSED] - maximizeWindow(): Current window maximized

2024-04-02 14:46:03 - [MESSAGE][PASSED] - Current window maximized

2024-04-02 14:46:03 - [TEST_STEP][PASSED] - delay(3): Delayed 3 second(s)

2024-04-02 14:46:06 - [MESSAGE][PASSED] - Delayed 3 second(s)

2024-04-02 14:46:06 - [TEST_STEP][PASSED] - setText(findTestObject("0Inicio Sesion/input_Usuario"), "Ciel"): Text 'Ciel' is set on object 'Object Repository/0Inicio Sesion/input_Usuario'

2024-04-02 14:46:07 - [MESSAGE][PASSED] - Text 'Ciel' is set on object 'Object Repository/0Inicio Sesion/input_Usuario'

2024-04-02 14:46:07 - [TEST_STEP][PASSED] - setText(findTestObject("0Inicio Sesion/input_Clave"), "digiturno"): Text 'digiturno' is set on object 'Object Repository/0Inicio Sesion/input_Clave'

2024-04-02 14:46:08 - [MESSAGE][PASSED] - Text 'digiturno' is set on object 'Object Repository/0Inicio Sesion/input_Clave'

2024-04-02 14:46:08 - [TEST_STEP][PASSED] - click(findTestObject("0Inicio Sesion/btn_IniciarSesion")): Object: 'Object Repository/0Inicio Sesion/btn_IniciarSesion' is clicked on

2024-04-02 14:46:09 - [MESSAGE][PASSED] - Object: 'Object Repository/0Inicio Sesion/btn_IniciarSesion' is clicked on

2024-04-02 14:46:09 - [TEST_STEP][PASSED] - delay(3): Delayed 3 second(s)

2024-04-02 14:46:12 - [MESSAGE][PASSED] - Delayed 3 second(s)

2024-04-02 14:46:12 - [MESSAGE][PASSED] - Call Test Case 'Test Cases/0InicioSesion' successfully

2024-04-02 14:46:12 - [TEST_STEP][PASSED] - click(findTestObject("WIZARD/0Principal/img_InfraestructuraMAX")): Object: 'Object Repository/WIZARD/0Principal/img_InfraestructuraMAX' is clicked on

2024-04-02 14:46:12 - [MESSAGE][PASSED] - Object: 'Object Repository/WIZARD/0Principal/img_InfraestructuraMAX' is clicked on

2024-04-02 14:46:12 - [TEST_STEP][PASSED] - delay(3): Delayed 3 second(s)

2024-04-02 14:46:15 - [MESSAGE][PASSED] - Delayed 3 second(s)

2024-04-02 14:46:15 - [TEST_STEP][PASSED] - click(findTestObject("WIZARD/3Infraestructura/0Menu/span_Oficinas")): Object: 'Object Repository/WIZARD/3Infraestructura/0Menu/span_Oficinas' is clicked on

2024-04-02 14:46:16 - [MESSAGE][PASSED] - Object: 'Object Repository/WIZARD/3Infraestructura/0Menu/span_Oficinas' is clicked on

2024-04-02 14:46:16 - [TEST_STEP][PASSED] - delay(3): Delayed 3 second(s)

2024-04-02 14:46:19 - [MESSAGE][PASSED] - Delayed 3 second(s)

2024-04-02 14:46:19 - [TEST_STEP][PASSED] - selectOptionByLabel(findTestObject("WIZARD/3Infraestructura/1Oficinas/2Edicion/Edicion/select_Pais"), "Colombia", false): All options with label 'Colombia' are selected in object 'Object Repository/WIZARD/3Infraestructura/1Oficinas/2Edicion/Edicion/select_Pais' 

2024-04-02 14:46:20 - [MESSAGE][PASSED] - All options with label 'Colombia' are selected in object 'Object Repository/WIZARD/3Infraestructura/1Oficinas/2Edicion/Edicion/select_Pais' 

2024-04-02 14:46:20 - [TEST_STEP][PASSED] - delay(2): Delayed 2 second(s)

2024-04-02 14:46:22 - [MESSAGE][PASSED] - Delayed 2 second(s)

2024-04-02 14:46:22 - [TEST_STEP][PASSED] - selectOptionByLabel(findTestObject("WIZARD/3Infraestructura/1Oficinas/2Edicion/Edicion/select_Departamento"), "Antioquia", false): All options with label 'Antioquia' are selected in object 'Object Repository/WIZARD/3Infraestructura/1Oficinas/2Edicion/Edicion/select_Departamento' 

2024-04-02 14:46:23 - [MESSAGE][PASSED] - All options with label 'Antioquia' are selected in object 'Object Repository/WIZARD/3Infraestructura/1Oficinas/2Edicion/Edicion/select_Departamento' 

2024-04-02 14:46:23 - [TEST_STEP][PASSED] - delay(2): Delayed 2 second(s)

2024-04-02 14:46:25 - [MESSAGE][PASSED] - Delayed 2 second(s)

2024-04-02 14:46:25 - [TEST_STEP][PASSED] - selectOptionByLabel(findTestObject("WIZARD/3Infraestructura/1Oficinas/2Edicion/Edicion/select_Ciudad"), "Medellin", false): All options with label 'Medellin' are selected in object 'Object Repository/WIZARD/3Infraestructura/1Oficinas/2Edicion/Edicion/select_Ciudad' 

2024-04-02 14:46:25 - [MESSAGE][PASSED] - All options with label 'Medellin' are selected in object 'Object Repository/WIZARD/3Infraestructura/1Oficinas/2Edicion/Edicion/select_Ciudad' 

2024-04-02 14:46:25 - [TEST_STEP][PASSED] - delay(2): Delayed 2 second(s)

2024-04-02 14:46:27 - [MESSAGE][PASSED] - Delayed 2 second(s)

2024-04-02 14:46:27 - [TEST_STEP][PASSED] - setText(findTestObject("WIZARD/3Infraestructura/1Oficinas/2Edicion/Edicion/input_Nombre"), "Medellin - Laureles"): Text 'Medellin - Laureles' is set on object 'Object Repository/WIZARD/3Infraestructura/1Oficinas/2Edicion/Edicion/input_Nombre'

2024-04-02 14:46:28 - [MESSAGE][PASSED] - Text 'Medellin - Laureles' is set on object 'Object Repository/WIZARD/3Infraestructura/1Oficinas/2Edicion/Edicion/input_Nombre'

2024-04-02 14:46:28 - [TEST_STEP][PASSED] - selectOptionByLabel(findTestObject("WIZARD/3Infraestructura/1Oficinas/2Edicion/Edicion/select_Nivel de Pregunta"), "Ninguno", false): All options with label 'Ninguno' are selected in object 'Object Repository/WIZARD/3Infraestructura/1Oficinas/2Edicion/Edicion/select_Nivel de Pregunta' 

2024-04-02 14:46:29 - [MESSAGE][PASSED] - All options with label 'Ninguno' are selected in object 'Object Repository/WIZARD/3Infraestructura/1Oficinas/2Edicion/Edicion/select_Nivel de Pregunta' 

2024-04-02 14:46:29 - [TEST_STEP][PASSED] - delay(3): Delayed 3 second(s)

2024-04-02 14:46:32 - [MESSAGE][PASSED] - Delayed 3 second(s)

2024-04-02 14:46:32 - [TEST_STEP][PASSED] - setText(findTestObject("WIZARD/3Infraestructura/1Oficinas/2Edicion/Edicion/input_MaximoTurnosXCliente"), "2"): Text '2' is set on object 'Object Repository/WIZARD/3Infraestructura/1Oficinas/2Edicion/Edicion/input_MaximoTurnosXCliente'

2024-04-02 14:46:33 - [MESSAGE][PASSED] - Text '2' is set on object 'Object Repository/WIZARD/3Infraestructura/1Oficinas/2Edicion/Edicion/input_MaximoTurnosXCliente'

2024-04-02 14:46:33 - [TEST_STEP][PASSED] - setText(findTestObject("WIZARD/3Infraestructura/1Oficinas/2Edicion/Edicion/input_Nivel de servicio de espera"), "0"): Text '0' is set on object 'Object Repository/WIZARD/3Infraestructura/1Oficinas/2Edicion/Edicion/input_Nivel de servicio de espera'

2024-04-02 14:46:34 - [MESSAGE][PASSED] - Text '0' is set on object 'Object Repository/WIZARD/3Infraestructura/1Oficinas/2Edicion/Edicion/input_Nivel de servicio de espera'

2024-04-02 14:46:34 - [TEST_STEP][PASSED] - scrollToPosition(100, 800): Browser is scrolled to position x = 100, y = 800

2024-04-02 14:46:34 - [MESSAGE][PASSED] - Browser is scrolled to position x = 100, y = 800

2024-04-02 14:46:34 - [TEST_STEP][PASSED] - delay(3): Delayed 3 second(s)

2024-04-02 14:46:37 - [MESSAGE][PASSED] - Delayed 3 second(s)

2024-04-02 14:46:37 - [TEST_STEP][PASSED] - setText(findTestObject("WIZARD/3Infraestructura/1Oficinas/2Edicion/App/input_Nombre a mostrar"), "Medellin - Laureles"): Text 'Medellin - Laureles' is set on object 'Object Repository/WIZARD/3Infraestructura/1Oficinas/2Edicion/App/input_Nombre a mostrar'

2024-04-02 14:46:38 - [MESSAGE][PASSED] - Text 'Medellin - Laureles' is set on object 'Object Repository/WIZARD/3Infraestructura/1Oficinas/2Edicion/App/input_Nombre a mostrar'

2024-04-02 14:46:38 - [TEST_STEP][PASSED] - setText(findTestObject("WIZARD/3Infraestructura/1Oficinas/2Edicion/App/input_Direccion"), "Calle 10 No 24-3"): Text 'Calle 10 No 24-3' is set on object 'Object Repository/WIZARD/3Infraestructura/1Oficinas/2Edicion/App/input_Direccion'

2024-04-02 14:46:39 - [MESSAGE][PASSED] - Text 'Calle 10 No 24-3' is set on object 'Object Repository/WIZARD/3Infraestructura/1Oficinas/2Edicion/App/input_Direccion'

2024-04-02 14:46:39 - [TEST_STEP][PASSED] - setText(findTestObject("WIZARD/3Infraestructura/1Oficinas/2Edicion/App/input_Numero de telefono"), "3279000"): Text '3279000' is set on object 'Object Repository/WIZARD/3Infraestructura/1Oficinas/2Edicion/App/input_Numero de telefono'

2024-04-02 14:46:39 - [MESSAGE][PASSED] - Text '3279000' is set on object 'Object Repository/WIZARD/3Infraestructura/1Oficinas/2Edicion/App/input_Numero de telefono'

2024-04-02 14:46:39 - [TEST_STEP][PASSED] - setText(findTestObject("WIZARD/3Infraestructura/1Oficinas/2Edicion/App/input_Distancia minima creacion turnos (m)"), "100"): Text '100' is set on object 'Object Repository/WIZARD/3Infraestructura/1Oficinas/2Edicion/App/input_Distancia minima creacion turnos (m)'

2024-04-02 14:46:40 - [MESSAGE][PASSED] - Text '100' is set on object 'Object Repository/WIZARD/3Infraestructura/1Oficinas/2Edicion/App/input_Distancia minima creacion turnos (m)'

2024-04-02 14:46:40 - [TEST_STEP][PASSED] - setText(findTestObject("WIZARD/3Infraestructura/1Oficinas/2Edicion/App/input_Cantidad de turnos para prellamado"), "2"): Text '2' is set on object 'Object Repository/WIZARD/3Infraestructura/1Oficinas/2Edicion/App/input_Cantidad de turnos para prellamado'

2024-04-02 14:46:41 - [MESSAGE][PASSED] - Text '2' is set on object 'Object Repository/WIZARD/3Infraestructura/1Oficinas/2Edicion/App/input_Cantidad de turnos para prellamado'

2024-04-02 14:46:41 - [TEST_STEP][PASSED] - delay(3): Delayed 3 second(s)

2024-04-02 14:46:44 - [MESSAGE][PASSED] - Delayed 3 second(s)

2024-04-02 14:46:44 - [TEST_STEP][PASSED] - setText(findTestObject("WIZARD/3Infraestructura/1Oficinas/2Edicion/App/input_Longitud"), "0.0000000000"): Text '0.0000000000' is set on object 'Object Repository/WIZARD/3Infraestructura/1Oficinas/2Edicion/App/input_Longitud'

2024-04-02 14:46:45 - [MESSAGE][PASSED] - Text '0.0000000000' is set on object 'Object Repository/WIZARD/3Infraestructura/1Oficinas/2Edicion/App/input_Longitud'

2024-04-02 14:46:45 - [TEST_STEP][PASSED] - setText(findTestObject("WIZARD/3Infraestructura/1Oficinas/2Edicion/App/input_Latitud"), "0.0000000000"): Text '0.0000000000' is set on object 'Object Repository/WIZARD/3Infraestructura/1Oficinas/2Edicion/App/input_Latitud'

2024-04-02 14:46:46 - [MESSAGE][PASSED] - Text '0.0000000000' is set on object 'Object Repository/WIZARD/3Infraestructura/1Oficinas/2Edicion/App/input_Latitud'

2024-04-02 14:46:46 - [TEST_STEP][PASSED] - delay(3): Delayed 3 second(s)

2024-04-02 14:46:49 - [MESSAGE][PASSED] - Delayed 3 second(s)

2024-04-02 14:46:49 - [TEST_STEP][PASSED] - scrollToPosition(0, 0): Browser is scrolled to position x = 0, y = 0

2024-04-02 14:46:49 - [MESSAGE][PASSED] - Browser is scrolled to position x = 0, y = 0

2024-04-02 14:46:49 - [TEST_STEP][PASSED] - delay(3): Delayed 3 second(s)

2024-04-02 14:46:52 - [MESSAGE][PASSED] - Delayed 3 second(s)

2024-04-02 14:46:52 - [TEST_STEP][PASSED] - click(findTestObject("WIZARD/3Infraestructura/1Oficinas/2Edicion/Edicion/img_Nuevo")): Object: 'Object Repository/WIZARD/3Infraestructura/1Oficinas/2Edicion/Edicion/img_Nuevo' is clicked on

2024-04-02 14:46:52 - [MESSAGE][PASSED] - Object: 'Object Repository/WIZARD/3Infraestructura/1Oficinas/2Edicion/Edicion/img_Nuevo' is clicked on

2024-04-02 14:46:52 - [TEST_STEP][PASSED] - delay(3): Delayed 3 second(s)

2024-04-02 14:46:55 - [MESSAGE][PASSED] - Delayed 3 second(s)

2024-04-02 14:46:55 - [TEST_STEP][PASSED] - takeFullPageScreenshot(): Taking screenshot successfully

2024-04-02 14:46:56 - [MESSAGE][INFO] - 0 hidden object(s)

2024-04-02 14:46:56 - [MESSAGE][PASSED] - Taking screenshot successfully
[[ATTACHMENT|C:\\CIEL INGENIERIA\\Katalon\\Digiturno55\\Reports\\20240402_143907\\WIZARD\\3Infraestructura\\1Oficinas\\5.1 Crear Oficina Medellin\\20240402_143916\\1712087215669.png]]

2024-04-02 14:46:56 - [TEST_STEP][PASSED] - delay(3): Delayed 3 second(s)

2024-04-02 14:46:59 - [MESSAGE][PASSED] - Delayed 3 second(s)

2024-04-02 14:46:59 - [TEST_STEP][PASSED] - Start listener action : sampleAfterTestCase: null]]></system-out>
         <system-err><![CDATA[]]></system-err>
      </testcase>
      <system-out><![CDATA[2024-04-02 14:45:59 - [TEST_SUITE][PASSED] - 5.1 Crear Oficina Medellin: Test Cases/WIZARD/3Infraestructura/1Oficinas/5.1 Crear Oficina Medellin]]></system-out>
      <system-err><![CDATA[]]></system-err>
   </testsuite>
</testsuites>
