<?xml version="1.0" encoding="UTF-8"?>
<testsuites name="5.4 Crear Selectores" time="109.279" tests="1" failures="0" errors="0">
   <testsuite name="5.4 Crear Selectores" tests="1" failures="0" errors="0" time="109.279" skipped="0" timestamp="2024-04-02 15:12:50" hostname="jdavila - PCPruebas101.ciel.cielingenieria.com" id="Test Suites/WIZARD/3Infraestructura/4Selectores/5.4 Crear Selectores">
      <properties>
         <property name="deviceName" value=""/>
         <property name="devicePlatform" value=""/>
         <property name="logFolder" value="C:\\CIEL INGENIERIA\\Katalon\\Digiturno55\\Reports\\20240402_143907\\WIZARD\\3Infraestructura\\4Selectores\\5.4 Crear Selectores\\20240402_144000"/>
         <property name="logFiles" value="C:\\CIEL INGENIERIA\\Katalon\\Digiturno55\\Reports\\20240402_143907\\WIZARD\\3Infraestructura\\4Selectores\\5.4 Crear Selectores\\20240402_144000\\execution0.log"/>
         <property name="attachments" value="C:\\CIEL INGENIERIA\\Katalon\\Digiturno55\\Reports\\20240402_143907\\WIZARD\\3Infraestructura\\4Selectores\\5.4 Crear Selectores\\20240402_144000\\1712088875903.png"/>
         <property name="hostName" value="jdavila - PCPruebas101.ciel.cielingenieria.com"/>
         <property name="os" value="Windows 10 64bit"/>
         <property name="katalonVersion" value="8.6.9.208"/>
         <property name="browser" value="Chrome 123.0.0.0"/>
         <property name="hostAddress" value="192.168.91.18"/>
         <property name="sessionId" value="0cfb38e422023af3883e59a8487c85fd"/>
         <property name="seleniumVersion" value="3.141.59"/>
         <property name="proxyInformation" value="ProxyInformation { proxyOption=NO_PROXY, proxyServerType=HTTP, username=, password=********, proxyServerAddress=, proxyServerPort=0, executionList=&quot;&quot;, isApplyToDesiredCapabilities=true }"/>
         <property name="platform" value="Windows 10"/>
      </properties>
      <testcase name="Test Cases/WIZARD/3Infraestructura/4Selectores/5.4 Crear Selectores" time="109.028" classname="Test Cases/WIZARD/3Infraestructura/4Selectores/5.4 Crear Selectores" status="PASSED">
         <system-out><![CDATA[2024-04-02 15:12:50 - [TEST_CASE][PASSED] - Test Cases/WIZARD/3Infraestructura/4Selectores/5.4 Crear Selectores: Test Cases/WIZARD/3Infraestructura/4Selectores/5.4 Crear Selectores

2024-04-02 15:12:51 - [TEST_STEP][PASSED] - callTestCase(findTestCase("0InicioSesion"), [:], STOP_ON_FAILURE): Call Test Case 'Test Cases/0InicioSesion' successfully

2024-04-02 15:12:51 - [TEST_CASE][PASSED] - Test Cases/0InicioSesion: Test Cases/0InicioSesion

2024-04-02 15:12:51 - [TEST_STEP][PASSED] - openBrowser(UrlDigiturno): Browser is opened with url: 'https://PCPruebas101.ciel.cielingenieria.com:8910'

2024-04-02 15:12:51 - [MESSAGE][INFO] - Starting 'Chrome' driver

2024-04-02 15:12:51 - [MESSAGE][INFO] - User set preference: ['args', '[--use-fake-ui-for-media-stream, --disable-notifications]']

2024-04-02 15:12:51 - [MESSAGE][INFO] - Action delay is set to 0 milliseconds

2024-04-02 15:12:54 - [MESSAGE][PASSED] - Browser is opened with url: 'https://PCPruebas101.ciel.cielingenieria.com:8910'

2024-04-02 15:12:54 - [TEST_STEP][PASSED] - maximizeWindow(): Current window maximized

2024-04-02 15:12:55 - [MESSAGE][PASSED] - Current window maximized

2024-04-02 15:12:55 - [TEST_STEP][PASSED] - delay(3): Delayed 3 second(s)

2024-04-02 15:12:58 - [MESSAGE][PASSED] - Delayed 3 second(s)

2024-04-02 15:12:58 - [TEST_STEP][PASSED] - setText(findTestObject("0Inicio Sesion/input_Usuario"), "Ciel"): Text 'Ciel' is set on object 'Object Repository/0Inicio Sesion/input_Usuario'

2024-04-02 15:12:58 - [MESSAGE][PASSED] - Text 'Ciel' is set on object 'Object Repository/0Inicio Sesion/input_Usuario'

2024-04-02 15:12:58 - [TEST_STEP][PASSED] - setText(findTestObject("0Inicio Sesion/input_Clave"), "digiturno"): Text 'digiturno' is set on object 'Object Repository/0Inicio Sesion/input_Clave'

2024-04-02 15:12:59 - [MESSAGE][PASSED] - Text 'digiturno' is set on object 'Object Repository/0Inicio Sesion/input_Clave'

2024-04-02 15:12:59 - [TEST_STEP][PASSED] - click(findTestObject("0Inicio Sesion/btn_IniciarSesion")): Object: 'Object Repository/0Inicio Sesion/btn_IniciarSesion' is clicked on

2024-04-02 15:13:00 - [MESSAGE][PASSED] - Object: 'Object Repository/0Inicio Sesion/btn_IniciarSesion' is clicked on

2024-04-02 15:13:00 - [TEST_STEP][PASSED] - delay(3): Delayed 3 second(s)

2024-04-02 15:13:03 - [MESSAGE][PASSED] - Delayed 3 second(s)

2024-04-02 15:13:03 - [MESSAGE][PASSED] - Call Test Case 'Test Cases/0InicioSesion' successfully

2024-04-02 15:13:03 - [TEST_STEP][PASSED] - click(findTestObject("WIZARD/0Principal/img_InfraestructuraMAX")): Object: 'Object Repository/WIZARD/0Principal/img_InfraestructuraMAX' is clicked on

2024-04-02 15:13:03 - [MESSAGE][PASSED] - Object: 'Object Repository/WIZARD/0Principal/img_InfraestructuraMAX' is clicked on

2024-04-02 15:13:03 - [TEST_STEP][PASSED] - delay(3): Delayed 3 second(s)

2024-04-02 15:13:06 - [MESSAGE][PASSED] - Delayed 3 second(s)

2024-04-02 15:13:06 - [TEST_STEP][PASSED] - click(findTestObject("WIZARD/3Infraestructura/0Menu/span_Selectores")): Object: 'Object Repository/WIZARD/3Infraestructura/0Menu/span_Selectores' is clicked on

2024-04-02 15:13:07 - [MESSAGE][PASSED] - Object: 'Object Repository/WIZARD/3Infraestructura/0Menu/span_Selectores' is clicked on

2024-04-02 15:13:07 - [TEST_STEP][PASSED] - delay(3): Delayed 3 second(s)

2024-04-02 15:13:10 - [MESSAGE][PASSED] - Delayed 3 second(s)

2024-04-02 15:13:10 - [TEST_STEP][PASSED] - click(findTestObject("WIZARD/3Infraestructura/4Selectores/Edicion Selectores/btn_Oficina")): Object: 'Object Repository/WIZARD/3Infraestructura/4Selectores/Edicion Selectores/btn_Oficina' is clicked on

2024-04-02 15:13:11 - [MESSAGE][PASSED] - Object: 'Object Repository/WIZARD/3Infraestructura/4Selectores/Edicion Selectores/btn_Oficina' is clicked on

2024-04-02 15:13:11 - [TEST_STEP][PASSED] - delay(3): Delayed 3 second(s)

2024-04-02 15:13:14 - [MESSAGE][PASSED] - Delayed 3 second(s)

2024-04-02 15:13:14 - [TEST_STEP][PASSED] - click(findTestObject("WIZARD/3Infraestructura/4Selectores/Edicion Selectores/btn_Oficina(1)/td_1Bogota - CIEL")): Object: 'Object Repository/WIZARD/3Infraestructura/4Selectores/Edicion Selectores/btn_Oficina(1)/td_1Bogota - CIEL' is clicked on

2024-04-02 15:13:14 - [MESSAGE][PASSED] - Object: 'Object Repository/WIZARD/3Infraestructura/4Selectores/Edicion Selectores/btn_Oficina(1)/td_1Bogota - CIEL' is clicked on

2024-04-02 15:13:14 - [TEST_STEP][PASSED] - delay(3): Delayed 3 second(s)

2024-04-02 15:13:17 - [MESSAGE][PASSED] - Delayed 3 second(s)

2024-04-02 15:13:17 - [TEST_STEP][PASSED] - setText(findTestObject("WIZARD/3Infraestructura/4Selectores/Edicion Selectores/input_Nombre"), "Bogota Selector 01"): Text 'Bogota Selector 01' is set on object 'Object Repository/WIZARD/3Infraestructura/4Selectores/Edicion Selectores/input_Nombre'

2024-04-02 15:13:18 - [MESSAGE][PASSED] - Text 'Bogota Selector 01' is set on object 'Object Repository/WIZARD/3Infraestructura/4Selectores/Edicion Selectores/input_Nombre'

2024-04-02 15:13:18 - [TEST_STEP][PASSED] - setText(findTestObject("WIZARD/3Infraestructura/4Selectores/Edicion Selectores/textarea_Descripcion"), "Bogota Selector 01"): Text 'Bogota Selector 01' is set on object 'Object Repository/WIZARD/3Infraestructura/4Selectores/Edicion Selectores/textarea_Descripcion'

2024-04-02 15:13:19 - [MESSAGE][PASSED] - Text 'Bogota Selector 01' is set on object 'Object Repository/WIZARD/3Infraestructura/4Selectores/Edicion Selectores/textarea_Descripcion'

2024-04-02 15:13:19 - [TEST_STEP][PASSED] - click(findTestObject("WIZARD/3Infraestructura/4Selectores/Edicion Selectores/img_Nuevo")): Object: 'Object Repository/WIZARD/3Infraestructura/4Selectores/Edicion Selectores/img_Nuevo' is clicked on

2024-04-02 15:13:19 - [MESSAGE][PASSED] - Object: 'Object Repository/WIZARD/3Infraestructura/4Selectores/Edicion Selectores/img_Nuevo' is clicked on

2024-04-02 15:13:19 - [TEST_STEP][PASSED] - delay(3): Delayed 3 second(s)

2024-04-02 15:13:22 - [MESSAGE][PASSED] - Delayed 3 second(s)

2024-04-02 15:13:22 - [TEST_STEP][PASSED] - click(findTestObject("WIZARD/3Infraestructura/0Menu/span_Selectores")): Object: 'Object Repository/WIZARD/3Infraestructura/0Menu/span_Selectores' is clicked on

2024-04-02 15:13:23 - [MESSAGE][PASSED] - Object: 'Object Repository/WIZARD/3Infraestructura/0Menu/span_Selectores' is clicked on

2024-04-02 15:13:23 - [TEST_STEP][PASSED] - delay(3): Delayed 3 second(s)

2024-04-02 15:13:26 - [MESSAGE][PASSED] - Delayed 3 second(s)

2024-04-02 15:13:26 - [TEST_STEP][PASSED] - click(findTestObject("WIZARD/3Infraestructura/4Selectores/Edicion Selectores/btn_Oficinas(2)/td_2Cali - Chipichape")): Object: 'Object Repository/WIZARD/3Infraestructura/4Selectores/Edicion Selectores/btn_Oficinas(2)/td_2Cali - Chipichape' is clicked on

2024-04-02 15:13:26 - [MESSAGE][PASSED] - Object: 'Object Repository/WIZARD/3Infraestructura/4Selectores/Edicion Selectores/btn_Oficinas(2)/td_2Cali - Chipichape' is clicked on

2024-04-02 15:13:26 - [TEST_STEP][PASSED] - delay(3): Delayed 3 second(s)

2024-04-02 15:13:29 - [MESSAGE][PASSED] - Delayed 3 second(s)

2024-04-02 15:13:29 - [TEST_STEP][PASSED] - setText(findTestObject("WIZARD/3Infraestructura/4Selectores/Edicion Selectores/input_Nombre"), "Cali Selector 01"): Text 'Cali Selector 01' is set on object 'Object Repository/WIZARD/3Infraestructura/4Selectores/Edicion Selectores/input_Nombre'

2024-04-02 15:13:30 - [MESSAGE][PASSED] - Text 'Cali Selector 01' is set on object 'Object Repository/WIZARD/3Infraestructura/4Selectores/Edicion Selectores/input_Nombre'

2024-04-02 15:13:30 - [TEST_STEP][PASSED] - setText(findTestObject("WIZARD/3Infraestructura/4Selectores/Edicion Selectores/textarea_Descripcion"), "Cali Selector 01"): Text 'Cali Selector 01' is set on object 'Object Repository/WIZARD/3Infraestructura/4Selectores/Edicion Selectores/textarea_Descripcion'

2024-04-02 15:13:31 - [MESSAGE][PASSED] - Text 'Cali Selector 01' is set on object 'Object Repository/WIZARD/3Infraestructura/4Selectores/Edicion Selectores/textarea_Descripcion'

2024-04-02 15:13:31 - [TEST_STEP][PASSED] - click(findTestObject("WIZARD/3Infraestructura/4Selectores/Edicion Selectores/img_Nuevo")): Object: 'Object Repository/WIZARD/3Infraestructura/4Selectores/Edicion Selectores/img_Nuevo' is clicked on

2024-04-02 15:13:31 - [MESSAGE][PASSED] - Object: 'Object Repository/WIZARD/3Infraestructura/4Selectores/Edicion Selectores/img_Nuevo' is clicked on

2024-04-02 15:13:31 - [TEST_STEP][PASSED] - delay(3): Delayed 3 second(s)

2024-04-02 15:13:34 - [MESSAGE][PASSED] - Delayed 3 second(s)

2024-04-02 15:13:34 - [TEST_STEP][PASSED] - click(findTestObject("WIZARD/3Infraestructura/0Menu/span_Selectores")): Object: 'Object Repository/WIZARD/3Infraestructura/0Menu/span_Selectores' is clicked on

2024-04-02 15:13:35 - [MESSAGE][PASSED] - Object: 'Object Repository/WIZARD/3Infraestructura/0Menu/span_Selectores' is clicked on

2024-04-02 15:13:35 - [TEST_STEP][PASSED] - delay(3): Delayed 3 second(s)

2024-04-02 15:13:38 - [MESSAGE][PASSED] - Delayed 3 second(s)

2024-04-02 15:13:38 - [TEST_STEP][PASSED] - click(findTestObject("WIZARD/3Infraestructura/4Selectores/Edicion Selectores/btn_Oficinas(2)/td_3Cartagena - Bocagrande")): Object: 'Object Repository/WIZARD/3Infraestructura/4Selectores/Edicion Selectores/btn_Oficinas(2)/td_3Cartagena - Bocagrande' is clicked on

2024-04-02 15:13:38 - [MESSAGE][PASSED] - Object: 'Object Repository/WIZARD/3Infraestructura/4Selectores/Edicion Selectores/btn_Oficinas(2)/td_3Cartagena - Bocagrande' is clicked on

2024-04-02 15:13:38 - [TEST_STEP][PASSED] - delay(3): Delayed 3 second(s)

2024-04-02 15:13:41 - [MESSAGE][PASSED] - Delayed 3 second(s)

2024-04-02 15:13:41 - [TEST_STEP][PASSED] - setText(findTestObject("WIZARD/3Infraestructura/4Selectores/Edicion Selectores/input_Nombre"), "Cartagena Selector 01"): Text 'Cartagena Selector 01' is set on object 'Object Repository/WIZARD/3Infraestructura/4Selectores/Edicion Selectores/input_Nombre'

2024-04-02 15:13:42 - [MESSAGE][PASSED] - Text 'Cartagena Selector 01' is set on object 'Object Repository/WIZARD/3Infraestructura/4Selectores/Edicion Selectores/input_Nombre'

2024-04-02 15:13:42 - [TEST_STEP][PASSED] - setText(findTestObject("WIZARD/3Infraestructura/4Selectores/Edicion Selectores/textarea_Descripcion"), "Cartagena Selector 01"): Text 'Cartagena Selector 01' is set on object 'Object Repository/WIZARD/3Infraestructura/4Selectores/Edicion Selectores/textarea_Descripcion'

2024-04-02 15:13:43 - [MESSAGE][PASSED] - Text 'Cartagena Selector 01' is set on object 'Object Repository/WIZARD/3Infraestructura/4Selectores/Edicion Selectores/textarea_Descripcion'

2024-04-02 15:13:43 - [TEST_STEP][PASSED] - click(findTestObject("WIZARD/3Infraestructura/4Selectores/Edicion Selectores/img_Nuevo")): Object: 'Object Repository/WIZARD/3Infraestructura/4Selectores/Edicion Selectores/img_Nuevo' is clicked on

2024-04-02 15:13:44 - [MESSAGE][PASSED] - Object: 'Object Repository/WIZARD/3Infraestructura/4Selectores/Edicion Selectores/img_Nuevo' is clicked on

2024-04-02 15:13:44 - [TEST_STEP][PASSED] - delay(3): Delayed 3 second(s)

2024-04-02 15:13:47 - [MESSAGE][PASSED] - Delayed 3 second(s)

2024-04-02 15:13:47 - [TEST_STEP][PASSED] - click(findTestObject("WIZARD/3Infraestructura/0Menu/span_Selectores")): Object: 'Object Repository/WIZARD/3Infraestructura/0Menu/span_Selectores' is clicked on

2024-04-02 15:13:47 - [MESSAGE][PASSED] - Object: 'Object Repository/WIZARD/3Infraestructura/0Menu/span_Selectores' is clicked on

2024-04-02 15:13:47 - [TEST_STEP][PASSED] - delay(3): Delayed 3 second(s)

2024-04-02 15:13:50 - [MESSAGE][PASSED] - Delayed 3 second(s)

2024-04-02 15:13:50 - [TEST_STEP][PASSED] - click(findTestObject("WIZARD/3Infraestructura/4Selectores/Edicion Selectores/btn_Oficinas(2)/td_4Manizales - Manizales")): Object: 'Object Repository/WIZARD/3Infraestructura/4Selectores/Edicion Selectores/btn_Oficinas(2)/td_4Manizales - Manizales' is clicked on

2024-04-02 15:13:51 - [MESSAGE][PASSED] - Object: 'Object Repository/WIZARD/3Infraestructura/4Selectores/Edicion Selectores/btn_Oficinas(2)/td_4Manizales - Manizales' is clicked on

2024-04-02 15:13:51 - [TEST_STEP][PASSED] - delay(3): Delayed 3 second(s)

2024-04-02 15:13:54 - [MESSAGE][PASSED] - Delayed 3 second(s)

2024-04-02 15:13:54 - [TEST_STEP][PASSED] - setText(findTestObject("WIZARD/3Infraestructura/4Selectores/Edicion Selectores/input_Nombre"), "Manizales Selector 01"): Text 'Manizales Selector 01' is set on object 'Object Repository/WIZARD/3Infraestructura/4Selectores/Edicion Selectores/input_Nombre'

2024-04-02 15:13:55 - [MESSAGE][PASSED] - Text 'Manizales Selector 01' is set on object 'Object Repository/WIZARD/3Infraestructura/4Selectores/Edicion Selectores/input_Nombre'

2024-04-02 15:13:55 - [TEST_STEP][PASSED] - setText(findTestObject("WIZARD/3Infraestructura/4Selectores/Edicion Selectores/textarea_Descripcion"), "Manizales Selector 01"): Text 'Manizales Selector 01' is set on object 'Object Repository/WIZARD/3Infraestructura/4Selectores/Edicion Selectores/textarea_Descripcion'

2024-04-02 15:13:55 - [MESSAGE][PASSED] - Text 'Manizales Selector 01' is set on object 'Object Repository/WIZARD/3Infraestructura/4Selectores/Edicion Selectores/textarea_Descripcion'

2024-04-02 15:13:55 - [TEST_STEP][PASSED] - click(findTestObject("WIZARD/3Infraestructura/4Selectores/Edicion Selectores/img_Nuevo")): Object: 'Object Repository/WIZARD/3Infraestructura/4Selectores/Edicion Selectores/img_Nuevo' is clicked on

2024-04-02 15:13:56 - [MESSAGE][PASSED] - Object: 'Object Repository/WIZARD/3Infraestructura/4Selectores/Edicion Selectores/img_Nuevo' is clicked on

2024-04-02 15:13:56 - [TEST_STEP][PASSED] - delay(3): Delayed 3 second(s)

2024-04-02 15:13:59 - [MESSAGE][PASSED] - Delayed 3 second(s)

2024-04-02 15:13:59 - [TEST_STEP][PASSED] - click(findTestObject("WIZARD/3Infraestructura/0Menu/span_Selectores")): Object: 'Object Repository/WIZARD/3Infraestructura/0Menu/span_Selectores' is clicked on

2024-04-02 15:13:59 - [MESSAGE][PASSED] - Object: 'Object Repository/WIZARD/3Infraestructura/0Menu/span_Selectores' is clicked on

2024-04-02 15:13:59 - [TEST_STEP][PASSED] - delay(3): Delayed 3 second(s)

2024-04-02 15:14:02 - [MESSAGE][PASSED] - Delayed 3 second(s)

2024-04-02 15:14:02 - [TEST_STEP][PASSED] - click(findTestObject("WIZARD/3Infraestructura/4Selectores/Edicion Selectores/btn_Oficinas(2)/td_5Medellin - Laureles")): Object: 'Object Repository/WIZARD/3Infraestructura/4Selectores/Edicion Selectores/btn_Oficinas(2)/td_5Medellin - Laureles' is clicked on

2024-04-02 15:14:03 - [MESSAGE][PASSED] - Object: 'Object Repository/WIZARD/3Infraestructura/4Selectores/Edicion Selectores/btn_Oficinas(2)/td_5Medellin - Laureles' is clicked on

2024-04-02 15:14:03 - [TEST_STEP][PASSED] - delay(3): Delayed 3 second(s)

2024-04-02 15:14:06 - [MESSAGE][PASSED] - Delayed 3 second(s)

2024-04-02 15:14:06 - [TEST_STEP][PASSED] - setText(findTestObject("WIZARD/3Infraestructura/4Selectores/Edicion Selectores/input_Nombre"), "Medellin Selector 01"): Text 'Medellin Selector 01' is set on object 'Object Repository/WIZARD/3Infraestructura/4Selectores/Edicion Selectores/input_Nombre'

2024-04-02 15:14:07 - [MESSAGE][PASSED] - Text 'Medellin Selector 01' is set on object 'Object Repository/WIZARD/3Infraestructura/4Selectores/Edicion Selectores/input_Nombre'

2024-04-02 15:14:07 - [TEST_STEP][PASSED] - setText(findTestObject("WIZARD/3Infraestructura/4Selectores/Edicion Selectores/textarea_Descripcion"), "Medellin Selector 01"): Text 'Medellin Selector 01' is set on object 'Object Repository/WIZARD/3Infraestructura/4Selectores/Edicion Selectores/textarea_Descripcion'

2024-04-02 15:14:08 - [MESSAGE][PASSED] - Text 'Medellin Selector 01' is set on object 'Object Repository/WIZARD/3Infraestructura/4Selectores/Edicion Selectores/textarea_Descripcion'

2024-04-02 15:14:08 - [TEST_STEP][PASSED] - click(findTestObject("WIZARD/3Infraestructura/4Selectores/Edicion Selectores/img_Nuevo")): Object: 'Object Repository/WIZARD/3Infraestructura/4Selectores/Edicion Selectores/img_Nuevo' is clicked on

2024-04-02 15:14:08 - [MESSAGE][PASSED] - Object: 'Object Repository/WIZARD/3Infraestructura/4Selectores/Edicion Selectores/img_Nuevo' is clicked on

2024-04-02 15:14:08 - [TEST_STEP][PASSED] - delay(3): Delayed 3 second(s)

2024-04-02 15:14:11 - [MESSAGE][PASSED] - Delayed 3 second(s)

2024-04-02 15:14:11 - [TEST_STEP][PASSED] - click(findTestObject("WIZARD/3Infraestructura/0Menu/span_Selectores")): Object: 'Object Repository/WIZARD/3Infraestructura/0Menu/span_Selectores' is clicked on

2024-04-02 15:14:12 - [MESSAGE][PASSED] - Object: 'Object Repository/WIZARD/3Infraestructura/0Menu/span_Selectores' is clicked on

2024-04-02 15:14:12 - [TEST_STEP][PASSED] - delay(3): Delayed 3 second(s)

2024-04-02 15:14:15 - [MESSAGE][PASSED] - Delayed 3 second(s)

2024-04-02 15:14:15 - [TEST_STEP][PASSED] - click(findTestObject("WIZARD/3Infraestructura/4Selectores/Edicion Selectores/btn_Oficinas(2)/td_6Virtual - Oficina Virtual")): Object: 'Object Repository/WIZARD/3Infraestructura/4Selectores/Edicion Selectores/btn_Oficinas(2)/td_6Virtual - Oficina Virtual' is clicked on

2024-04-02 15:14:15 - [MESSAGE][PASSED] - Object: 'Object Repository/WIZARD/3Infraestructura/4Selectores/Edicion Selectores/btn_Oficinas(2)/td_6Virtual - Oficina Virtual' is clicked on

2024-04-02 15:14:15 - [TEST_STEP][PASSED] - delay(3): Delayed 3 second(s)

2024-04-02 15:14:18 - [MESSAGE][PASSED] - Delayed 3 second(s)

2024-04-02 15:14:18 - [TEST_STEP][PASSED] - setText(findTestObject("WIZARD/3Infraestructura/4Selectores/Edicion Selectores/input_Nombre"), "Virtual Selector 01"): Text 'Virtual Selector 01' is set on object 'Object Repository/WIZARD/3Infraestructura/4Selectores/Edicion Selectores/input_Nombre'

2024-04-02 15:14:19 - [MESSAGE][PASSED] - Text 'Virtual Selector 01' is set on object 'Object Repository/WIZARD/3Infraestructura/4Selectores/Edicion Selectores/input_Nombre'

2024-04-02 15:14:19 - [TEST_STEP][PASSED] - setText(findTestObject("WIZARD/3Infraestructura/4Selectores/Edicion Selectores/textarea_Descripcion"), "Virtual Selector 01"): Text 'Virtual Selector 01' is set on object 'Object Repository/WIZARD/3Infraestructura/4Selectores/Edicion Selectores/textarea_Descripcion'

2024-04-02 15:14:20 - [MESSAGE][PASSED] - Text 'Virtual Selector 01' is set on object 'Object Repository/WIZARD/3Infraestructura/4Selectores/Edicion Selectores/textarea_Descripcion'

2024-04-02 15:14:20 - [TEST_STEP][PASSED] - click(findTestObject("WIZARD/3Infraestructura/4Selectores/Edicion Selectores/img_Nuevo")): Object: 'Object Repository/WIZARD/3Infraestructura/4Selectores/Edicion Selectores/img_Nuevo' is clicked on

2024-04-02 15:14:20 - [MESSAGE][PASSED] - Object: 'Object Repository/WIZARD/3Infraestructura/4Selectores/Edicion Selectores/img_Nuevo' is clicked on

2024-04-02 15:14:20 - [TEST_STEP][PASSED] - delay(3): Delayed 3 second(s)

2024-04-02 15:14:23 - [MESSAGE][PASSED] - Delayed 3 second(s)

2024-04-02 15:14:23 - [TEST_STEP][PASSED] - click(findTestObject("WIZARD/3Infraestructura/0Menu/span_Selectores")): Object: 'Object Repository/WIZARD/3Infraestructura/0Menu/span_Selectores' is clicked on

2024-04-02 15:14:24 - [MESSAGE][PASSED] - Object: 'Object Repository/WIZARD/3Infraestructura/0Menu/span_Selectores' is clicked on

2024-04-02 15:14:24 - [TEST_STEP][PASSED] - delay(3): Delayed 3 second(s)

2024-04-02 15:14:27 - [MESSAGE][PASSED] - Delayed 3 second(s)

2024-04-02 15:14:27 - [TEST_STEP][PASSED] - click(findTestObject("WIZARD/3Infraestructura/4Selectores/Edicion Selectores/btn_Oficinas(2)/td_7WorkFlow - Oficina WorkFlow")): Object: 'Object Repository/WIZARD/3Infraestructura/4Selectores/Edicion Selectores/btn_Oficinas(2)/td_7WorkFlow - Oficina WorkFlow' is clicked on

2024-04-02 15:14:27 - [MESSAGE][PASSED] - Object: 'Object Repository/WIZARD/3Infraestructura/4Selectores/Edicion Selectores/btn_Oficinas(2)/td_7WorkFlow - Oficina WorkFlow' is clicked on

2024-04-02 15:14:27 - [TEST_STEP][PASSED] - delay(3): Delayed 3 second(s)

2024-04-02 15:14:30 - [MESSAGE][PASSED] - Delayed 3 second(s)

2024-04-02 15:14:30 - [TEST_STEP][PASSED] - setText(findTestObject("WIZARD/3Infraestructura/4Selectores/Edicion Selectores/input_Nombre"), "WorkFlow Selector 01"): Text 'WorkFlow Selector 01' is set on object 'Object Repository/WIZARD/3Infraestructura/4Selectores/Edicion Selectores/input_Nombre'

2024-04-02 15:14:31 - [MESSAGE][PASSED] - Text 'WorkFlow Selector 01' is set on object 'Object Repository/WIZARD/3Infraestructura/4Selectores/Edicion Selectores/input_Nombre'

2024-04-02 15:14:31 - [TEST_STEP][PASSED] - setText(findTestObject("WIZARD/3Infraestructura/4Selectores/Edicion Selectores/textarea_Descripcion"), "WorkFlow Selector 01"): Text 'WorkFlow Selector 01' is set on object 'Object Repository/WIZARD/3Infraestructura/4Selectores/Edicion Selectores/textarea_Descripcion'

2024-04-02 15:14:32 - [MESSAGE][PASSED] - Text 'WorkFlow Selector 01' is set on object 'Object Repository/WIZARD/3Infraestructura/4Selectores/Edicion Selectores/textarea_Descripcion'

2024-04-02 15:14:32 - [TEST_STEP][PASSED] - click(findTestObject("WIZARD/3Infraestructura/4Selectores/Edicion Selectores/img_Nuevo")): Object: 'Object Repository/WIZARD/3Infraestructura/4Selectores/Edicion Selectores/img_Nuevo' is clicked on

2024-04-02 15:14:32 - [MESSAGE][PASSED] - Object: 'Object Repository/WIZARD/3Infraestructura/4Selectores/Edicion Selectores/img_Nuevo' is clicked on

2024-04-02 15:14:32 - [TEST_STEP][PASSED] - delay(3): Delayed 3 second(s)

2024-04-02 15:14:35 - [MESSAGE][PASSED] - Delayed 3 second(s)

2024-04-02 15:14:35 - [TEST_STEP][PASSED] - takeFullPageScreenshot(): Taking screenshot successfully

2024-04-02 15:14:36 - [MESSAGE][INFO] - 0 hidden object(s)

2024-04-02 15:14:36 - [MESSAGE][PASSED] - Taking screenshot successfully
[[ATTACHMENT|C:\\CIEL INGENIERIA\\Katalon\\Digiturno55\\Reports\\20240402_143907\\WIZARD\\3Infraestructura\\4Selectores\\5.4 Crear Selectores\\20240402_144000\\1712088875903.png]]

2024-04-02 15:14:36 - [TEST_STEP][PASSED] - delay(3): Delayed 3 second(s)

2024-04-02 15:14:39 - [MESSAGE][PASSED] - Delayed 3 second(s)

2024-04-02 15:14:39 - [TEST_STEP][PASSED] - Start listener action : sampleAfterTestCase: null]]></system-out>
         <system-err><![CDATA[]]></system-err>
      </testcase>
      <system-out><![CDATA[2024-04-02 15:12:50 - [TEST_SUITE][PASSED] - 5.4 Crear Selectores: Test Cases/WIZARD/3Infraestructura/4Selectores/5.4 Crear Selectores]]></system-out>
      <system-err><![CDATA[]]></system-err>
   </testsuite>
</testsuites>
