<?xml version="1.0" encoding="UTF-8"?>
<testsuites name="13 Perfiles Crear Actualizar Eliminar" time="126.377" tests="3" failures="0" errors="0">
   <testsuite name="13 Perfiles Crear Actualizar Eliminar" tests="3" failures="0" errors="0" time="126.377" skipped="0" timestamp="2024-10-03 17:16:12" hostname="jdavila - PCPruebas101.ciel.cielingenieria.com" id="Test Suites/DIGITURNO/BASICO/13 Perfiles Crear Actualizar Eliminar">
      <properties>
         <property name="deviceName" value=""/>
         <property name="devicePlatform" value=""/>
         <property name="logFolder" value="C:\\CIEL INGENIERIA\\Katalon\\Digiturno55\\Reports\\20241003_171202\\DIGITURNO\\BASICO\\13 Perfiles Crear Actualizar Eliminar\\20241003_171211"/>
         <property name="logFiles" value="C:\\CIEL INGENIERIA\\Katalon\\Digiturno55\\Reports\\20241003_171202\\DIGITURNO\\BASICO\\13 Perfiles Crear Actualizar Eliminar\\20241003_171211\\execution0.log"/>
         <property name="attachments" value="C:\\CIEL INGENIERIA\\Katalon\\Digiturno55\\Reports\\20241003_171202\\DIGITURNO\\BASICO\\13 Perfiles Crear Actualizar Eliminar\\20241003_171211\\1727993792557.png, C:\\CIEL INGENIERIA\\Katalon\\Digiturno55\\Reports\\20241003_171202\\DIGITURNO\\BASICO\\13 Perfiles Crear Actualizar Eliminar\\20241003_171211\\1727993808199.png, C:\\CIEL INGENIERIA\\Katalon\\Digiturno55\\Reports\\20241003_171202\\DIGITURNO\\BASICO\\13 Perfiles Crear Actualizar Eliminar\\20241003_171211\\1727993829684.png, C:\\CIEL INGENIERIA\\Katalon\\Digiturno55\\Reports\\20241003_171202\\DIGITURNO\\BASICO\\13 Perfiles Crear Actualizar Eliminar\\20241003_171211\\1727993852238.png, C:\\CIEL INGENIERIA\\Katalon\\Digiturno55\\Reports\\20241003_171202\\DIGITURNO\\BASICO\\13 Perfiles Crear Actualizar Eliminar\\20241003_171211\\1727993874910.png, C:\\CIEL INGENIERIA\\Katalon\\Digiturno55\\Reports\\20241003_171202\\DIGITURNO\\BASICO\\13 Perfiles Crear Actualizar Eliminar\\20241003_171211\\1727993894794.png"/>
         <property name="hostName" value="jdavila - PCPruebas101.ciel.cielingenieria.com"/>
         <property name="os" value="Windows 10 64bit"/>
         <property name="katalonVersion" value="8.6.9.208"/>
         <property name="browser" value="Chrome 129.0.0.0"/>
         <property name="hostAddress" value="192.168.91.13"/>
         <property name="sessionId" value="fc8fb1f9aa53912b7ca86f93c1c5f318"/>
         <property name="seleniumVersion" value="3.141.59"/>
         <property name="proxyInformation" value="ProxyInformation { proxyOption=NO_PROXY, proxyServerType=HTTP, username=, password=********, proxyServerAddress=, proxyServerPort=0, executionList=&quot;&quot;, isApplyToDesiredCapabilities=true }"/>
         <property name="platform" value="Windows 10"/>
      </properties>
      <testcase name="Test Cases/DIGITURNO/BASICO/13 Perfiles Crear" time="38.506" classname="Test Cases/DIGITURNO/BASICO/13 Perfiles Crear" status="PASSED">
         <system-out><![CDATA[2024-10-03 17:16:12 - [TEST_CASE][PASSED] - Test Cases/DIGITURNO/BASICO/13 Perfiles Crear: Test Cases/DIGITURNO/BASICO/13 Perfiles Crear

2024-10-03 17:16:12 - [TEST_STEP][PASSED] - callTestCase(findTestCase("DIGITURNO/BASICO/5 Usuarios"), [:], STOP_ON_FAILURE): Call Test Case 'Test Cases/DIGITURNO/BASICO/5 Usuarios' successfully

2024-10-03 17:16:12 - [TEST_CASE][PASSED] - Test Cases/DIGITURNO/BASICO/5 Usuarios: Test Cases/DIGITURNO/BASICO/5 Usuarios

2024-10-03 17:16:13 - [TEST_STEP][PASSED] - callTestCase(findTestCase("0InicioSesion"), [:], STOP_ON_FAILURE): Call Test Case 'Test Cases/0InicioSesion' successfully

2024-10-03 17:16:13 - [TEST_CASE][PASSED] - Test Cases/0InicioSesion: Test Cases/0InicioSesion

2024-10-03 17:16:13 - [TEST_STEP][PASSED] - openBrowser(UrlDigiturno): Browser is opened with url: 'https://PCPruebas101.ciel.cielingenieria.com:8910'

2024-10-03 17:16:14 - [MESSAGE][INFO] - Starting 'Chrome' driver

2024-10-03 17:16:14 - [MESSAGE][INFO] - User set preference: ['args', '[--use-fake-ui-for-media-stream, --disable-notifications]']

2024-10-03 17:16:14 - [MESSAGE][INFO] - Action delay is set to 0 milliseconds

2024-10-03 17:16:17 - [MESSAGE][PASSED] - Browser is opened with url: 'https://PCPruebas101.ciel.cielingenieria.com:8910'

2024-10-03 17:16:17 - [TEST_STEP][PASSED] - maximizeWindow(): Current window maximized

2024-10-03 17:16:17 - [MESSAGE][PASSED] - Current window maximized

2024-10-03 17:16:17 - [TEST_STEP][PASSED] - delay(3): Delayed 3 second(s)

2024-10-03 17:16:20 - [MESSAGE][PASSED] - Delayed 3 second(s)

2024-10-03 17:16:20 - [TEST_STEP][PASSED] - setText(findTestObject("0Inicio Sesion/input_Usuario"), "Ciel"): Text 'Ciel' is set on object 'Object Repository/0Inicio Sesion/input_Usuario'

2024-10-03 17:16:21 - [MESSAGE][PASSED] - Text 'Ciel' is set on object 'Object Repository/0Inicio Sesion/input_Usuario'

2024-10-03 17:16:21 - [TEST_STEP][PASSED] - setText(findTestObject("0Inicio Sesion/input_Clave"), "digiturno"): Text 'digiturno' is set on object 'Object Repository/0Inicio Sesion/input_Clave'

2024-10-03 17:16:21 - [MESSAGE][PASSED] - Text 'digiturno' is set on object 'Object Repository/0Inicio Sesion/input_Clave'

2024-10-03 17:16:21 - [TEST_STEP][PASSED] - click(findTestObject("0Inicio Sesion/btn_IniciarSesion")): Object: 'Object Repository/0Inicio Sesion/btn_IniciarSesion' is clicked on

2024-10-03 17:16:22 - [MESSAGE][PASSED] - Object: 'Object Repository/0Inicio Sesion/btn_IniciarSesion' is clicked on

2024-10-03 17:16:22 - [TEST_STEP][PASSED] - delay(3): Delayed 3 second(s)

2024-10-03 17:16:25 - [MESSAGE][PASSED] - Delayed 3 second(s)

2024-10-03 17:16:25 - [MESSAGE][PASSED] - Call Test Case 'Test Cases/0InicioSesion' successfully

2024-10-03 17:16:25 - [TEST_STEP][PASSED] - click(findTestObject("DIGITURNO/1Principal/img_Configuracion(1)")): Object: 'Object Repository/DIGITURNO/1Principal/img_Configuracion(1)' is clicked on

2024-10-03 17:16:25 - [MESSAGE][PASSED] - Object: 'Object Repository/DIGITURNO/1Principal/img_Configuracion(1)' is clicked on

2024-10-03 17:16:25 - [TEST_STEP][PASSED] - delay(3): Delayed 3 second(s)

2024-10-03 17:16:28 - [MESSAGE][PASSED] - Delayed 3 second(s)

2024-10-03 17:16:28 - [TEST_STEP][PASSED] - click(findTestObject("DIGITURNO/CONFIGURACION/0Principal/img_4Usuarios")): Object: 'Object Repository/DIGITURNO/CONFIGURACION/0Principal/img_4Usuarios' is clicked on

2024-10-03 17:16:29 - [MESSAGE][PASSED] - Object: 'Object Repository/DIGITURNO/CONFIGURACION/0Principal/img_4Usuarios' is clicked on

2024-10-03 17:16:29 - [TEST_STEP][PASSED] - delay(3): Delayed 3 second(s)

2024-10-03 17:16:32 - [MESSAGE][PASSED] - Delayed 3 second(s)

2024-10-03 17:16:32 - [TEST_STEP][PASSED] - takeFullPageScreenshot(STOP_ON_FAILURE): Taking screenshot successfully

2024-10-03 17:16:32 - [MESSAGE][INFO] - 0 hidden object(s)

2024-10-03 17:16:33 - [MESSAGE][PASSED] - Taking screenshot successfully
[[ATTACHMENT|C:\\CIEL INGENIERIA\\Katalon\\Digiturno55\\Reports\\20241003_171202\\DIGITURNO\\BASICO\\13 Perfiles Crear Actualizar Eliminar\\20241003_171211\\1727993792557.png]]

2024-10-03 17:16:33 - [TEST_STEP][PASSED] - delay(3): Delayed 3 second(s)

2024-10-03 17:16:36 - [MESSAGE][PASSED] - Delayed 3 second(s)

2024-10-03 17:16:36 - [MESSAGE][PASSED] - Call Test Case 'Test Cases/DIGITURNO/BASICO/5 Usuarios' successfully

2024-10-03 17:16:36 - [TEST_STEP][PASSED] - delay(2): Delayed 2 second(s)

2024-10-03 17:16:38 - [MESSAGE][PASSED] - Delayed 2 second(s)

2024-10-03 17:16:38 - [TEST_STEP][PASSED] - click(findTestObject("DIGITURNO/CONFIGURACION/4Usuarios/0Principal/img_1Perfiles")): Object: 'Object Repository/DIGITURNO/CONFIGURACION/4Usuarios/0Principal/img_1Perfiles' is clicked on

2024-10-03 17:16:39 - [MESSAGE][PASSED] - Object: 'Object Repository/DIGITURNO/CONFIGURACION/4Usuarios/0Principal/img_1Perfiles' is clicked on

2024-10-03 17:16:39 - [TEST_STEP][PASSED] - delay(3): Delayed 3 second(s)

2024-10-03 17:16:42 - [MESSAGE][PASSED] - Delayed 3 second(s)

2024-10-03 17:16:42 - [TEST_STEP][PASSED] - scrollToElement(findTestObject("DIGITURNO/CONFIGURACION/4Usuarios/1Perfiles/Edicion/input_Nombre"), 0): Scroll to object 'Object Repository/DIGITURNO/CONFIGURACION/4Usuarios/1Perfiles/Edicion/input_Nombre' successfully

2024-10-03 17:16:42 - [MESSAGE][WARNING] - Timeout '0' is invalid. Using default page load timeout: '30'

2024-10-03 17:16:42 - [MESSAGE][PASSED] - Scroll to object 'Object Repository/DIGITURNO/CONFIGURACION/4Usuarios/1Perfiles/Edicion/input_Nombre' successfully

2024-10-03 17:16:42 - [TEST_STEP][PASSED] - setText(findTestObject("DIGITURNO/CONFIGURACION/4Usuarios/1Perfiles/Edicion/input_Nombre"), "prueba"): Text 'prueba' is set on object 'Object Repository/DIGITURNO/CONFIGURACION/4Usuarios/1Perfiles/Edicion/input_Nombre'

2024-10-03 17:16:43 - [MESSAGE][PASSED] - Text 'prueba' is set on object 'Object Repository/DIGITURNO/CONFIGURACION/4Usuarios/1Perfiles/Edicion/input_Nombre'

2024-10-03 17:16:43 - [TEST_STEP][PASSED] - setText(findTestObject("DIGITURNO/CONFIGURACION/4Usuarios/1Perfiles/Edicion/textarea_Descripcion"), "prueba"): Text 'prueba' is set on object 'Object Repository/DIGITURNO/CONFIGURACION/4Usuarios/1Perfiles/Edicion/textarea_Descripcion'

2024-10-03 17:16:44 - [MESSAGE][PASSED] - Text 'prueba' is set on object 'Object Repository/DIGITURNO/CONFIGURACION/4Usuarios/1Perfiles/Edicion/textarea_Descripcion'

2024-10-03 17:16:44 - [TEST_STEP][PASSED] - setText(findTestObject("DIGITURNO/CONFIGURACION/4Usuarios/1Perfiles/Edicion/input_Prioridad"), "3"): Text '3' is set on object 'Object Repository/DIGITURNO/CONFIGURACION/4Usuarios/1Perfiles/Edicion/input_Prioridad'

2024-10-03 17:16:44 - [MESSAGE][PASSED] - Text '3' is set on object 'Object Repository/DIGITURNO/CONFIGURACION/4Usuarios/1Perfiles/Edicion/input_Prioridad'

2024-10-03 17:16:44 - [TEST_STEP][PASSED] - delay(0): Delayed 0 second(s)

2024-10-03 17:16:44 - [MESSAGE][PASSED] - Delayed 0 second(s)

2024-10-03 17:16:44 - [TEST_STEP][PASSED] - scrollToPosition(0, 0): Browser is scrolled to position x = 0, y = 0

2024-10-03 17:16:44 - [MESSAGE][PASSED] - Browser is scrolled to position x = 0, y = 0

2024-10-03 17:16:44 - [TEST_STEP][PASSED] - click(findTestObject("DIGITURNO/CONFIGURACION/4Usuarios/1Perfiles/Edicion/img_Nuevo")): Object: 'Object Repository/DIGITURNO/CONFIGURACION/4Usuarios/1Perfiles/Edicion/img_Nuevo' is clicked on

2024-10-03 17:16:45 - [MESSAGE][PASSED] - Object: 'Object Repository/DIGITURNO/CONFIGURACION/4Usuarios/1Perfiles/Edicion/img_Nuevo' is clicked on

2024-10-03 17:16:45 - [TEST_STEP][PASSED] - delay(3): Delayed 3 second(s)

2024-10-03 17:16:48 - [MESSAGE][PASSED] - Delayed 3 second(s)

2024-10-03 17:16:48 - [TEST_STEP][PASSED] - takeFullPageScreenshot(): Taking screenshot successfully

2024-10-03 17:16:48 - [MESSAGE][INFO] - 0 hidden object(s)

2024-10-03 17:16:48 - [MESSAGE][PASSED] - Taking screenshot successfully
[[ATTACHMENT|C:\\CIEL INGENIERIA\\Katalon\\Digiturno55\\Reports\\20241003_171202\\DIGITURNO\\BASICO\\13 Perfiles Crear Actualizar Eliminar\\20241003_171211\\1727993808199.png]]

2024-10-03 17:16:48 - [TEST_STEP][PASSED] - delay(2): Delayed 2 second(s)

2024-10-03 17:16:50 - [MESSAGE][PASSED] - Delayed 2 second(s)

2024-10-03 17:16:50 - [TEST_STEP][PASSED] - Start listener action : sampleAfterTestCase: null]]></system-out>
         <system-err><![CDATA[]]></system-err>
      </testcase>
      <testcase name="Test Cases/DIGITURNO/BASICO/13 Perfil Actualizar" time="44.955" classname="Test Cases/DIGITURNO/BASICO/13 Perfil Actualizar" status="PASSED">
         <system-out><![CDATA[2024-10-03 17:16:50 - [TEST_CASE][PASSED] - Test Cases/DIGITURNO/BASICO/13 Perfil Actualizar: Test Cases/DIGITURNO/BASICO/13 Perfil Actualizar

2024-10-03 17:16:51 - [TEST_STEP][PASSED] - callTestCase(findTestCase("DIGITURNO/BASICO/5 Usuarios"), [:], STOP_ON_FAILURE): Call Test Case 'Test Cases/DIGITURNO/BASICO/5 Usuarios' successfully

2024-10-03 17:16:51 - [TEST_CASE][PASSED] - Test Cases/DIGITURNO/BASICO/5 Usuarios: Test Cases/DIGITURNO/BASICO/5 Usuarios

2024-10-03 17:16:51 - [TEST_STEP][PASSED] - callTestCase(findTestCase("0InicioSesion"), [:], STOP_ON_FAILURE): Call Test Case 'Test Cases/0InicioSesion' successfully

2024-10-03 17:16:51 - [TEST_CASE][PASSED] - Test Cases/0InicioSesion: Test Cases/0InicioSesion

2024-10-03 17:16:51 - [TEST_STEP][PASSED] - openBrowser(UrlDigiturno): Browser is opened with url: 'https://PCPruebas101.ciel.cielingenieria.com:8910'

2024-10-03 17:16:51 - [MESSAGE][WARNING] - A browser is already opened. Closing browser and opening a new one

2024-10-03 17:16:52 - [MESSAGE][INFO] - Starting 'Chrome' driver

2024-10-03 17:16:52 - [MESSAGE][INFO] - User set preference: ['args', '[--use-fake-ui-for-media-stream, --disable-notifications]']

2024-10-03 17:16:52 - [MESSAGE][INFO] - Action delay is set to 0 milliseconds

2024-10-03 17:16:54 - [MESSAGE][PASSED] - Browser is opened with url: 'https://PCPruebas101.ciel.cielingenieria.com:8910'

2024-10-03 17:16:54 - [TEST_STEP][PASSED] - maximizeWindow(): Current window maximized

2024-10-03 17:16:54 - [MESSAGE][PASSED] - Current window maximized

2024-10-03 17:16:54 - [TEST_STEP][PASSED] - delay(3): Delayed 3 second(s)

2024-10-03 17:16:57 - [MESSAGE][PASSED] - Delayed 3 second(s)

2024-10-03 17:16:57 - [TEST_STEP][PASSED] - setText(findTestObject("0Inicio Sesion/input_Usuario"), "Ciel"): Text 'Ciel' is set on object 'Object Repository/0Inicio Sesion/input_Usuario'

2024-10-03 17:16:58 - [MESSAGE][PASSED] - Text 'Ciel' is set on object 'Object Repository/0Inicio Sesion/input_Usuario'

2024-10-03 17:16:58 - [TEST_STEP][PASSED] - setText(findTestObject("0Inicio Sesion/input_Clave"), "digiturno"): Text 'digiturno' is set on object 'Object Repository/0Inicio Sesion/input_Clave'

2024-10-03 17:16:59 - [MESSAGE][PASSED] - Text 'digiturno' is set on object 'Object Repository/0Inicio Sesion/input_Clave'

2024-10-03 17:16:59 - [TEST_STEP][PASSED] - click(findTestObject("0Inicio Sesion/btn_IniciarSesion")): Object: 'Object Repository/0Inicio Sesion/btn_IniciarSesion' is clicked on

2024-10-03 17:16:59 - [MESSAGE][PASSED] - Object: 'Object Repository/0Inicio Sesion/btn_IniciarSesion' is clicked on

2024-10-03 17:16:59 - [TEST_STEP][PASSED] - delay(3): Delayed 3 second(s)

2024-10-03 17:17:02 - [MESSAGE][PASSED] - Delayed 3 second(s)

2024-10-03 17:17:02 - [MESSAGE][PASSED] - Call Test Case 'Test Cases/0InicioSesion' successfully

2024-10-03 17:17:02 - [TEST_STEP][PASSED] - click(findTestObject("DIGITURNO/1Principal/img_Configuracion(1)")): Object: 'Object Repository/DIGITURNO/1Principal/img_Configuracion(1)' is clicked on

2024-10-03 17:17:03 - [MESSAGE][PASSED] - Object: 'Object Repository/DIGITURNO/1Principal/img_Configuracion(1)' is clicked on

2024-10-03 17:17:03 - [TEST_STEP][PASSED] - delay(3): Delayed 3 second(s)

2024-10-03 17:17:06 - [MESSAGE][PASSED] - Delayed 3 second(s)

2024-10-03 17:17:06 - [TEST_STEP][PASSED] - click(findTestObject("DIGITURNO/CONFIGURACION/0Principal/img_4Usuarios")): Object: 'Object Repository/DIGITURNO/CONFIGURACION/0Principal/img_4Usuarios' is clicked on

2024-10-03 17:17:06 - [MESSAGE][PASSED] - Object: 'Object Repository/DIGITURNO/CONFIGURACION/0Principal/img_4Usuarios' is clicked on

2024-10-03 17:17:06 - [TEST_STEP][PASSED] - delay(3): Delayed 3 second(s)

2024-10-03 17:17:09 - [MESSAGE][PASSED] - Delayed 3 second(s)

2024-10-03 17:17:09 - [TEST_STEP][PASSED] - takeFullPageScreenshot(STOP_ON_FAILURE): Taking screenshot successfully

2024-10-03 17:17:10 - [MESSAGE][INFO] - 0 hidden object(s)

2024-10-03 17:17:10 - [MESSAGE][PASSED] - Taking screenshot successfully
[[ATTACHMENT|C:\\CIEL INGENIERIA\\Katalon\\Digiturno55\\Reports\\20241003_171202\\DIGITURNO\\BASICO\\13 Perfiles Crear Actualizar Eliminar\\20241003_171211\\1727993829684.png]]

2024-10-03 17:17:10 - [TEST_STEP][PASSED] - delay(3): Delayed 3 second(s)

2024-10-03 17:17:13 - [MESSAGE][PASSED] - Delayed 3 second(s)

2024-10-03 17:17:13 - [MESSAGE][PASSED] - Call Test Case 'Test Cases/DIGITURNO/BASICO/5 Usuarios' successfully

2024-10-03 17:17:13 - [TEST_STEP][PASSED] - delay(2): Delayed 2 second(s)

2024-10-03 17:17:15 - [MESSAGE][PASSED] - Delayed 2 second(s)

2024-10-03 17:17:15 - [TEST_STEP][PASSED] - click(findTestObject("DIGITURNO/CONFIGURACION/4Usuarios/0Principal/img_1Perfiles")): Object: 'Object Repository/DIGITURNO/CONFIGURACION/4Usuarios/0Principal/img_1Perfiles' is clicked on

2024-10-03 17:17:15 - [MESSAGE][PASSED] - Object: 'Object Repository/DIGITURNO/CONFIGURACION/4Usuarios/0Principal/img_1Perfiles' is clicked on

2024-10-03 17:17:15 - [TEST_STEP][PASSED] - delay(3): Delayed 3 second(s)

2024-10-03 17:17:18 - [MESSAGE][PASSED] - Delayed 3 second(s)

2024-10-03 17:17:18 - [TEST_STEP][PASSED] - setText(findTestObject("DIGITURNO/CONFIGURACION/4Usuarios/1Perfiles/Perfiles/input_TextoABuscar"), "prueba"): Text 'prueba' is set on object 'Object Repository/DIGITURNO/CONFIGURACION/4Usuarios/1Perfiles/Perfiles/input_TextoABuscar'

2024-10-03 17:17:19 - [MESSAGE][PASSED] - Text 'prueba' is set on object 'Object Repository/DIGITURNO/CONFIGURACION/4Usuarios/1Perfiles/Perfiles/input_TextoABuscar'

2024-10-03 17:17:19 - [TEST_STEP][PASSED] - delay(3): Delayed 3 second(s)

2024-10-03 17:17:22 - [MESSAGE][PASSED] - Delayed 3 second(s)

2024-10-03 17:17:22 - [TEST_STEP][PASSED] - click(findTestObject("DIGITURNO/CONFIGURACION/4Usuarios/1Perfiles/Perfiles/td_SeleccionLista1")): Object: 'Object Repository/DIGITURNO/CONFIGURACION/4Usuarios/1Perfiles/Perfiles/td_SeleccionLista1' is clicked on

2024-10-03 17:17:22 - [MESSAGE][PASSED] - Object: 'Object Repository/DIGITURNO/CONFIGURACION/4Usuarios/1Perfiles/Perfiles/td_SeleccionLista1' is clicked on

2024-10-03 17:17:22 - [TEST_STEP][PASSED] - delay(3): Delayed 3 second(s)

2024-10-03 17:17:25 - [MESSAGE][PASSED] - Delayed 3 second(s)

2024-10-03 17:17:25 - [TEST_STEP][PASSED] - setText(findTestObject("DIGITURNO/CONFIGURACION/4Usuarios/1Perfiles/Edicion/textarea_Descripcion"), "prueba Actualizada"): Text 'prueba Actualizada' is set on object 'Object Repository/DIGITURNO/CONFIGURACION/4Usuarios/1Perfiles/Edicion/textarea_Descripcion'

2024-10-03 17:17:26 - [MESSAGE][PASSED] - Text 'prueba Actualizada' is set on object 'Object Repository/DIGITURNO/CONFIGURACION/4Usuarios/1Perfiles/Edicion/textarea_Descripcion'

2024-10-03 17:17:26 - [TEST_STEP][PASSED] - delay(2): Delayed 2 second(s)

2024-10-03 17:17:28 - [MESSAGE][PASSED] - Delayed 2 second(s)

2024-10-03 17:17:28 - [TEST_STEP][PASSED] - click(findTestObject("DIGITURNO/CONFIGURACION/4Usuarios/1Perfiles/Edicion/img_Actualizar")): Object: 'Object Repository/DIGITURNO/CONFIGURACION/4Usuarios/1Perfiles/Edicion/img_Actualizar' is clicked on

2024-10-03 17:17:29 - [MESSAGE][PASSED] - Object: 'Object Repository/DIGITURNO/CONFIGURACION/4Usuarios/1Perfiles/Edicion/img_Actualizar' is clicked on

2024-10-03 17:17:29 - [TEST_STEP][PASSED] - delay(3): Delayed 3 second(s)

2024-10-03 17:17:32 - [MESSAGE][PASSED] - Delayed 3 second(s)

2024-10-03 17:17:32 - [TEST_STEP][PASSED] - takeFullPageScreenshot(): Taking screenshot successfully

2024-10-03 17:17:32 - [MESSAGE][INFO] - 0 hidden object(s)

2024-10-03 17:17:32 - [MESSAGE][PASSED] - Taking screenshot successfully
[[ATTACHMENT|C:\\CIEL INGENIERIA\\Katalon\\Digiturno55\\Reports\\20241003_171202\\DIGITURNO\\BASICO\\13 Perfiles Crear Actualizar Eliminar\\20241003_171211\\1727993852238.png]]

2024-10-03 17:17:32 - [TEST_STEP][PASSED] - delay(3): Delayed 3 second(s)

2024-10-03 17:17:35 - [MESSAGE][PASSED] - Delayed 3 second(s)

2024-10-03 17:17:35 - [TEST_STEP][PASSED] - Start listener action : sampleAfterTestCase: null]]></system-out>
         <system-err><![CDATA[]]></system-err>
      </testcase>
      <testcase name="Test Cases/DIGITURNO/BASICO/13 Perfil Eliminar" time="42.561" classname="Test Cases/DIGITURNO/BASICO/13 Perfil Eliminar" status="PASSED">
         <system-out><![CDATA[2024-10-03 17:17:35 - [TEST_CASE][PASSED] - Test Cases/DIGITURNO/BASICO/13 Perfil Eliminar: Test Cases/DIGITURNO/BASICO/13 Perfil Eliminar

2024-10-03 17:17:36 - [TEST_STEP][PASSED] - callTestCase(findTestCase("DIGITURNO/BASICO/5 Usuarios"), [:], STOP_ON_FAILURE): Call Test Case 'Test Cases/DIGITURNO/BASICO/5 Usuarios' successfully

2024-10-03 17:17:36 - [TEST_CASE][PASSED] - Test Cases/DIGITURNO/BASICO/5 Usuarios: Test Cases/DIGITURNO/BASICO/5 Usuarios

2024-10-03 17:17:36 - [TEST_STEP][PASSED] - callTestCase(findTestCase("0InicioSesion"), [:], STOP_ON_FAILURE): Call Test Case 'Test Cases/0InicioSesion' successfully

2024-10-03 17:17:36 - [TEST_CASE][PASSED] - Test Cases/0InicioSesion: Test Cases/0InicioSesion

2024-10-03 17:17:36 - [TEST_STEP][PASSED] - openBrowser(UrlDigiturno): Browser is opened with url: 'https://PCPruebas101.ciel.cielingenieria.com:8910'

2024-10-03 17:17:36 - [MESSAGE][WARNING] - A browser is already opened. Closing browser and opening a new one

2024-10-03 17:17:37 - [MESSAGE][INFO] - Starting 'Chrome' driver

2024-10-03 17:17:37 - [MESSAGE][INFO] - User set preference: ['args', '[--use-fake-ui-for-media-stream, --disable-notifications]']

2024-10-03 17:17:37 - [MESSAGE][INFO] - Action delay is set to 0 milliseconds

2024-10-03 17:17:39 - [MESSAGE][PASSED] - Browser is opened with url: 'https://PCPruebas101.ciel.cielingenieria.com:8910'

2024-10-03 17:17:39 - [TEST_STEP][PASSED] - maximizeWindow(): Current window maximized

2024-10-03 17:17:39 - [MESSAGE][PASSED] - Current window maximized

2024-10-03 17:17:39 - [TEST_STEP][PASSED] - delay(3): Delayed 3 second(s)

2024-10-03 17:17:42 - [MESSAGE][PASSED] - Delayed 3 second(s)

2024-10-03 17:17:42 - [TEST_STEP][PASSED] - setText(findTestObject("0Inicio Sesion/input_Usuario"), "Ciel"): Text 'Ciel' is set on object 'Object Repository/0Inicio Sesion/input_Usuario'

2024-10-03 17:17:43 - [MESSAGE][PASSED] - Text 'Ciel' is set on object 'Object Repository/0Inicio Sesion/input_Usuario'

2024-10-03 17:17:43 - [TEST_STEP][PASSED] - setText(findTestObject("0Inicio Sesion/input_Clave"), "digiturno"): Text 'digiturno' is set on object 'Object Repository/0Inicio Sesion/input_Clave'

2024-10-03 17:17:44 - [MESSAGE][PASSED] - Text 'digiturno' is set on object 'Object Repository/0Inicio Sesion/input_Clave'

2024-10-03 17:17:44 - [TEST_STEP][PASSED] - click(findTestObject("0Inicio Sesion/btn_IniciarSesion")): Object: 'Object Repository/0Inicio Sesion/btn_IniciarSesion' is clicked on

2024-10-03 17:17:44 - [MESSAGE][PASSED] - Object: 'Object Repository/0Inicio Sesion/btn_IniciarSesion' is clicked on

2024-10-03 17:17:44 - [TEST_STEP][PASSED] - delay(3): Delayed 3 second(s)

2024-10-03 17:17:47 - [MESSAGE][PASSED] - Delayed 3 second(s)

2024-10-03 17:17:47 - [MESSAGE][PASSED] - Call Test Case 'Test Cases/0InicioSesion' successfully

2024-10-03 17:17:47 - [TEST_STEP][PASSED] - click(findTestObject("DIGITURNO/1Principal/img_Configuracion(1)")): Object: 'Object Repository/DIGITURNO/1Principal/img_Configuracion(1)' is clicked on

2024-10-03 17:17:48 - [MESSAGE][PASSED] - Object: 'Object Repository/DIGITURNO/1Principal/img_Configuracion(1)' is clicked on

2024-10-03 17:17:48 - [TEST_STEP][PASSED] - delay(3): Delayed 3 second(s)

2024-10-03 17:17:51 - [MESSAGE][PASSED] - Delayed 3 second(s)

2024-10-03 17:17:51 - [TEST_STEP][PASSED] - click(findTestObject("DIGITURNO/CONFIGURACION/0Principal/img_4Usuarios")): Object: 'Object Repository/DIGITURNO/CONFIGURACION/0Principal/img_4Usuarios' is clicked on

2024-10-03 17:17:51 - [MESSAGE][PASSED] - Object: 'Object Repository/DIGITURNO/CONFIGURACION/0Principal/img_4Usuarios' is clicked on

2024-10-03 17:17:51 - [TEST_STEP][PASSED] - delay(3): Delayed 3 second(s)

2024-10-03 17:17:54 - [MESSAGE][PASSED] - Delayed 3 second(s)

2024-10-03 17:17:54 - [TEST_STEP][PASSED] - takeFullPageScreenshot(STOP_ON_FAILURE): Taking screenshot successfully

2024-10-03 17:17:55 - [MESSAGE][INFO] - 0 hidden object(s)

2024-10-03 17:17:55 - [MESSAGE][PASSED] - Taking screenshot successfully
[[ATTACHMENT|C:\\CIEL INGENIERIA\\Katalon\\Digiturno55\\Reports\\20241003_171202\\DIGITURNO\\BASICO\\13 Perfiles Crear Actualizar Eliminar\\20241003_171211\\1727993874910.png]]

2024-10-03 17:17:55 - [TEST_STEP][PASSED] - delay(3): Delayed 3 second(s)

2024-10-03 17:17:58 - [MESSAGE][PASSED] - Delayed 3 second(s)

2024-10-03 17:17:58 - [MESSAGE][PASSED] - Call Test Case 'Test Cases/DIGITURNO/BASICO/5 Usuarios' successfully

2024-10-03 17:17:58 - [TEST_STEP][PASSED] - delay(2): Delayed 2 second(s)

2024-10-03 17:18:00 - [MESSAGE][PASSED] - Delayed 2 second(s)

2024-10-03 17:18:00 - [TEST_STEP][PASSED] - click(findTestObject("DIGITURNO/CONFIGURACION/4Usuarios/0Principal/img_1Perfiles")): Object: 'Object Repository/DIGITURNO/CONFIGURACION/4Usuarios/0Principal/img_1Perfiles' is clicked on

2024-10-03 17:18:00 - [MESSAGE][PASSED] - Object: 'Object Repository/DIGITURNO/CONFIGURACION/4Usuarios/0Principal/img_1Perfiles' is clicked on

2024-10-03 17:18:00 - [TEST_STEP][PASSED] - delay(3): Delayed 3 second(s)

2024-10-03 17:18:03 - [MESSAGE][PASSED] - Delayed 3 second(s)

2024-10-03 17:18:03 - [TEST_STEP][PASSED] - setText(findTestObject("DIGITURNO/CONFIGURACION/4Usuarios/1Perfiles/Perfiles/input_TextoABuscar"), "prueba"): Text 'prueba' is set on object 'Object Repository/DIGITURNO/CONFIGURACION/4Usuarios/1Perfiles/Perfiles/input_TextoABuscar'

2024-10-03 17:18:04 - [MESSAGE][PASSED] - Text 'prueba' is set on object 'Object Repository/DIGITURNO/CONFIGURACION/4Usuarios/1Perfiles/Perfiles/input_TextoABuscar'

2024-10-03 17:18:04 - [TEST_STEP][PASSED] - delay(3): Delayed 3 second(s)

2024-10-03 17:18:07 - [MESSAGE][PASSED] - Delayed 3 second(s)

2024-10-03 17:18:07 - [TEST_STEP][PASSED] - click(findTestObject("DIGITURNO/CONFIGURACION/4Usuarios/1Perfiles/Perfiles/td_SeleccionLista1")): Object: 'Object Repository/DIGITURNO/CONFIGURACION/4Usuarios/1Perfiles/Perfiles/td_SeleccionLista1' is clicked on

2024-10-03 17:18:08 - [MESSAGE][PASSED] - Object: 'Object Repository/DIGITURNO/CONFIGURACION/4Usuarios/1Perfiles/Perfiles/td_SeleccionLista1' is clicked on

2024-10-03 17:18:08 - [TEST_STEP][PASSED] - delay(3): Delayed 3 second(s)

2024-10-03 17:18:11 - [MESSAGE][PASSED] - Delayed 3 second(s)

2024-10-03 17:18:11 - [TEST_STEP][PASSED] - click(findTestObject("DIGITURNO/CONFIGURACION/4Usuarios/1Perfiles/Edicion/img_Eliminar")): Object: 'Object Repository/DIGITURNO/CONFIGURACION/4Usuarios/1Perfiles/Edicion/img_Eliminar' is clicked on

2024-10-03 17:18:11 - [MESSAGE][PASSED] - Object: 'Object Repository/DIGITURNO/CONFIGURACION/4Usuarios/1Perfiles/Edicion/img_Eliminar' is clicked on

2024-10-03 17:18:11 - [TEST_STEP][PASSED] - click(findTestObject("DIGITURNO/CONFIGURACION/4Usuarios/1Perfiles/Edicion/img_Eliminar")): Object: 'Object Repository/DIGITURNO/CONFIGURACION/4Usuarios/1Perfiles/Edicion/img_Eliminar' is clicked on

2024-10-03 17:18:11 - [MESSAGE][PASSED] - Object: 'Object Repository/DIGITURNO/CONFIGURACION/4Usuarios/1Perfiles/Edicion/img_Eliminar' is clicked on

2024-10-03 17:18:11 - [TEST_STEP][PASSED] - acceptAlert(): Alert accepted

2024-10-03 17:18:11 - [MESSAGE][PASSED] - Alert accepted

2024-10-03 17:18:11 - [TEST_STEP][PASSED] - delay(3): Delayed 3 second(s)

2024-10-03 17:18:14 - [MESSAGE][PASSED] - Delayed 3 second(s)

2024-10-03 17:18:14 - [TEST_STEP][PASSED] - takeFullPageScreenshot(): Taking screenshot successfully

2024-10-03 17:18:15 - [MESSAGE][INFO] - 0 hidden object(s)

2024-10-03 17:18:15 - [MESSAGE][PASSED] - Taking screenshot successfully
[[ATTACHMENT|C:\\CIEL INGENIERIA\\Katalon\\Digiturno55\\Reports\\20241003_171202\\DIGITURNO\\BASICO\\13 Perfiles Crear Actualizar Eliminar\\20241003_171211\\1727993894794.png]]

2024-10-03 17:18:15 - [TEST_STEP][PASSED] - delay(3): Delayed 3 second(s)

2024-10-03 17:18:18 - [MESSAGE][PASSED] - Delayed 3 second(s)

2024-10-03 17:18:18 - [TEST_STEP][PASSED] - Start listener action : sampleAfterTestCase: null]]></system-out>
         <system-err><![CDATA[]]></system-err>
      </testcase>
      <system-out><![CDATA[2024-10-03 17:16:12 - [TEST_SUITE][PASSED] - 13 Perfiles Crear Actualizar Eliminar: Test Cases/DIGITURNO/BASICO/13 Perfil Eliminar]]></system-out>
      <system-err><![CDATA[]]></system-err>
   </testsuite>
</testsuites>
