<?xml version="1.0" encoding="UTF-8"?>
<testsuites name="5.3 Crear Grupos Bocagrande" time="86.46" tests="1" failures="0" errors="0">
   <testsuite name="5.3 Crear Grupos Bocagrande" tests="1" failures="0" errors="0" time="86.46" skipped="0" timestamp="2023-08-14 11:07:25" hostname="jdavila - PCPruebas101.ciel.cielingenieria.com" id="Test Suites/WIZARD/3Infraestructura/3Grupos/5.3 Crear Grupos Bocagrande">
      <properties>
         <property name="deviceName" value=""/>
         <property name="devicePlatform" value=""/>
         <property name="logFolder" value="C:\\CIEL INGENIERIA\\Katalon\\Digiturno55\\Reports\\20230814_104251\\WIZARD\\3Infraestructura\\3Grupos\\5.3 Crear Grupos Bocagrande\\20230814_104333"/>
         <property name="logFiles" value="C:\\CIEL INGENIERIA\\Katalon\\Digiturno55\\Reports\\20230814_104251\\WIZARD\\3Infraestructura\\3Grupos\\5.3 Crear Grupos Bocagrande\\20230814_104333\\execution0.log"/>
         <property name="attachments" value="C:\\CIEL INGENIERIA\\Katalon\\Digiturno55\\Reports\\20230814_104251\\WIZARD\\3Infraestructura\\3Grupos\\5.3 Crear Grupos Bocagrande\\20230814_104333\\1692029327830.png"/>
         <property name="hostName" value="jdavila - PCPruebas101.ciel.cielingenieria.com"/>
         <property name="os" value="Windows 10 64bit"/>
         <property name="katalonVersion" value="8.6.0.208"/>
         <property name="browser" value="Chrome 115.0.0.0"/>
         <property name="hostAddress" value="192.168.0.33"/>
         <property name="sessionId" value="ca7f0da6d5da581211bc4217ef66542d"/>
         <property name="seleniumVersion" value="3.141.59"/>
         <property name="proxyInformation" value="ProxyInformation { proxyOption=NO_PROXY, proxyServerType=HTTP, username=, password=********, proxyServerAddress=, proxyServerPort=0, executionList=&quot;&quot;, isApplyToDesiredCapabilities=true }"/>
         <property name="platform" value="Windows 10"/>
      </properties>
      <testcase name="Test Cases/WIZARD/3Infraestructura/3Grupos/5.3 Crear Grupos Bocagrande" time="86.219" classname="Test Cases/WIZARD/3Infraestructura/3Grupos/5.3 Crear Grupos Bocagrande" status="PASSED">
         <system-out><![CDATA[2023-08-14 11:07:25 - [TEST_CASE][PASSED] - Test Cases/WIZARD/3Infraestructura/3Grupos/5.3 Crear Grupos Bocagrande: Test Cases/WIZARD/3Infraestructura/3Grupos/5.3 Crear Grupos Bocagrande

2023-08-14 11:07:25 - [TEST_STEP][PASSED] - callTestCase(findTestCase("0InicioSesion"), [:], STOP_ON_FAILURE): Call Test Case 'Test Cases/0InicioSesion' successfully

2023-08-14 11:07:25 - [TEST_CASE][PASSED] - Test Cases/0InicioSesion: Test Cases/0InicioSesion

2023-08-14 11:07:26 - [TEST_STEP][PASSED] - openBrowser(UrlDigiturno): Browser is opened with url: 'https://PCPruebas101.ciel.cielingenieria.com:8610'

2023-08-14 11:07:26 - [MESSAGE][INFO] - Starting 'Chrome' driver

2023-08-14 11:07:26 - [MESSAGE][INFO] - User set preference: ['args', '[--use-fake-ui-for-media-stream, --disable-notifications]']

2023-08-14 11:07:26 - [MESSAGE][INFO] - Action delay is set to 0 milliseconds

2023-08-14 11:07:28 - [MESSAGE][PASSED] - Browser is opened with url: 'https://PCPruebas101.ciel.cielingenieria.com:8610'

2023-08-14 11:07:28 - [TEST_STEP][PASSED] - maximizeWindow(): Current window maximized

2023-08-14 11:07:28 - [MESSAGE][PASSED] - Current window maximized

2023-08-14 11:07:28 - [TEST_STEP][PASSED] - delay(3): Delayed 3 second(s)

2023-08-14 11:07:31 - [MESSAGE][PASSED] - Delayed 3 second(s)

2023-08-14 11:07:31 - [TEST_STEP][PASSED] - setText(findTestObject("0Inicio Sesion/input_Usuario"), "Ciel"): Text 'Ciel' is set on object 'Object Repository/0Inicio Sesion/input_Usuario'

2023-08-14 11:07:32 - [MESSAGE][PASSED] - Text 'Ciel' is set on object 'Object Repository/0Inicio Sesion/input_Usuario'

2023-08-14 11:07:32 - [TEST_STEP][PASSED] - setText(findTestObject("0Inicio Sesion/input_Clave"), "digiturno"): Text 'digiturno' is set on object 'Object Repository/0Inicio Sesion/input_Clave'

2023-08-14 11:07:33 - [MESSAGE][PASSED] - Text 'digiturno' is set on object 'Object Repository/0Inicio Sesion/input_Clave'

2023-08-14 11:07:33 - [TEST_STEP][PASSED] - click(findTestObject("0Inicio Sesion/btn_IniciarSesion")): Object: 'Object Repository/0Inicio Sesion/btn_IniciarSesion' is clicked on

2023-08-14 11:07:33 - [MESSAGE][PASSED] - Object: 'Object Repository/0Inicio Sesion/btn_IniciarSesion' is clicked on

2023-08-14 11:07:33 - [TEST_STEP][PASSED] - delay(3): Delayed 3 second(s)

2023-08-14 11:07:36 - [MESSAGE][PASSED] - Delayed 3 second(s)

2023-08-14 11:07:36 - [MESSAGE][PASSED] - Call Test Case 'Test Cases/0InicioSesion' successfully

2023-08-14 11:07:36 - [TEST_STEP][PASSED] - click(findTestObject("WIZARD/0Principal/img_InfraestructuraMAX")): Object: 'Object Repository/WIZARD/0Principal/img_InfraestructuraMAX' is clicked on

2023-08-14 11:07:38 - [MESSAGE][PASSED] - Object: 'Object Repository/WIZARD/0Principal/img_InfraestructuraMAX' is clicked on

2023-08-14 11:07:38 - [TEST_STEP][PASSED] - delay(3): Delayed 3 second(s)

2023-08-14 11:07:41 - [MESSAGE][PASSED] - Delayed 3 second(s)

2023-08-14 11:07:41 - [TEST_STEP][PASSED] - click(findTestObject("WIZARD/3Infraestructura/0Menu/span_Grupos")): Object: 'Object Repository/WIZARD/3Infraestructura/0Menu/span_Grupos' is clicked on

2023-08-14 11:07:42 - [MESSAGE][PASSED] - Object: 'Object Repository/WIZARD/3Infraestructura/0Menu/span_Grupos' is clicked on

2023-08-14 11:07:42 - [TEST_STEP][PASSED] - delay(3): Delayed 3 second(s)

2023-08-14 11:07:45 - [MESSAGE][PASSED] - Delayed 3 second(s)

2023-08-14 11:07:45 - [TEST_STEP][PASSED] - click(findTestObject("WIZARD/3Infraestructura/3Grupos/Edicion/btn_Sala")): Object: 'Object Repository/WIZARD/3Infraestructura/3Grupos/Edicion/btn_Sala' is clicked on

2023-08-14 11:07:45 - [MESSAGE][PASSED] - Object: 'Object Repository/WIZARD/3Infraestructura/3Grupos/Edicion/btn_Sala' is clicked on

2023-08-14 11:07:45 - [TEST_STEP][PASSED] - delay(3): Delayed 3 second(s)

2023-08-14 11:07:48 - [MESSAGE][PASSED] - Delayed 3 second(s)

2023-08-14 11:07:48 - [TEST_STEP][PASSED] - click(findTestObject("WIZARD/3Infraestructura/3Grupos/Edicion/btn_Sala(1)/a_3Bocagrande - Sala General")): Object: 'Object Repository/WIZARD/3Infraestructura/3Grupos/Edicion/btn_Sala(1)/a_3Bocagrande - Sala General' is clicked on

2023-08-14 11:07:49 - [MESSAGE][PASSED] - Object: 'Object Repository/WIZARD/3Infraestructura/3Grupos/Edicion/btn_Sala(1)/a_3Bocagrande - Sala General' is clicked on

2023-08-14 11:07:49 - [TEST_STEP][PASSED] - delay(3): Delayed 3 second(s)

2023-08-14 11:07:52 - [MESSAGE][PASSED] - Delayed 3 second(s)

2023-08-14 11:07:52 - [TEST_STEP][PASSED] - setText(findTestObject("WIZARD/3Infraestructura/3Grupos/Edicion/input_Nombre"), "Grupo Información"): Text 'Grupo Información' is set on object 'Object Repository/WIZARD/3Infraestructura/3Grupos/Edicion/input_Nombre'

2023-08-14 11:07:53 - [MESSAGE][PASSED] - Text 'Grupo Información' is set on object 'Object Repository/WIZARD/3Infraestructura/3Grupos/Edicion/input_Nombre'

2023-08-14 11:07:53 - [TEST_STEP][PASSED] - setText(findTestObject("WIZARD/3Infraestructura/3Grupos/Edicion/textarea_Descripcion"), "Bocagrande - Grupo Información"): Text 'Bocagrande - Grupo Información' is set on object 'Object Repository/WIZARD/3Infraestructura/3Grupos/Edicion/textarea_Descripcion'

2023-08-14 11:07:53 - [MESSAGE][PASSED] - Text 'Bocagrande - Grupo Información' is set on object 'Object Repository/WIZARD/3Infraestructura/3Grupos/Edicion/textarea_Descripcion'

2023-08-14 11:07:53 - [TEST_STEP][PASSED] - scrollToPosition(0, 800): Browser is scrolled to position x = 0, y = 800

2023-08-14 11:07:53 - [MESSAGE][PASSED] - Browser is scrolled to position x = 0, y = 800

2023-08-14 11:07:53 - [TEST_STEP][PASSED] - selectOptionByLabel(findTestObject("WIZARD/3Infraestructura/3Grupos/Edicion/select_Nivel de visualizacion en Transferencias"), "Área", false): All options with label 'Área' are selected in object 'Object Repository/WIZARD/3Infraestructura/3Grupos/Edicion/select_Nivel de visualizacion en Transferencias' 

2023-08-14 11:07:54 - [MESSAGE][PASSED] - All options with label 'Área' are selected in object 'Object Repository/WIZARD/3Infraestructura/3Grupos/Edicion/select_Nivel de visualizacion en Transferencias' 

2023-08-14 11:07:54 - [TEST_STEP][PASSED] - delay(2): Delayed 2 second(s)

2023-08-14 11:07:56 - [MESSAGE][PASSED] - Delayed 2 second(s)

2023-08-14 11:07:56 - [TEST_STEP][PASSED] - selectOptionByLabel(findTestObject("WIZARD/3Infraestructura/3Grupos/Edicion/select_Nivel de visualizacion en Nuevo Servicio"), "Área", false): All options with label 'Área' are selected in object 'Object Repository/WIZARD/3Infraestructura/3Grupos/Edicion/select_Nivel de visualizacion en Nuevo Servicio' 

2023-08-14 11:07:57 - [MESSAGE][PASSED] - All options with label 'Área' are selected in object 'Object Repository/WIZARD/3Infraestructura/3Grupos/Edicion/select_Nivel de visualizacion en Nuevo Servicio' 

2023-08-14 11:07:57 - [TEST_STEP][PASSED] - delay(2): Delayed 2 second(s)

2023-08-14 11:07:59 - [MESSAGE][PASSED] - Delayed 2 second(s)

2023-08-14 11:07:59 - [TEST_STEP][PASSED] - scrollToPosition(0, 0): Browser is scrolled to position x = 0, y = 0

2023-08-14 11:07:59 - [MESSAGE][PASSED] - Browser is scrolled to position x = 0, y = 0

2023-08-14 11:07:59 - [TEST_STEP][PASSED] - click(findTestObject("WIZARD/3Infraestructura/3Grupos/Edicion/img_Nuevo")): Object: 'Object Repository/WIZARD/3Infraestructura/3Grupos/Edicion/img_Nuevo' is clicked on

2023-08-14 11:08:00 - [MESSAGE][PASSED] - Object: 'Object Repository/WIZARD/3Infraestructura/3Grupos/Edicion/img_Nuevo' is clicked on

2023-08-14 11:08:00 - [TEST_STEP][PASSED] - delay(3): Delayed 3 second(s)

2023-08-14 11:08:03 - [MESSAGE][PASSED] - Delayed 3 second(s)

2023-08-14 11:08:03 - [TEST_STEP][PASSED] - click(findTestObject("WIZARD/3Infraestructura/0Menu/span_Grupos")): Object: 'Object Repository/WIZARD/3Infraestructura/0Menu/span_Grupos' is clicked on

2023-08-14 11:08:04 - [MESSAGE][PASSED] - Object: 'Object Repository/WIZARD/3Infraestructura/0Menu/span_Grupos' is clicked on

2023-08-14 11:08:04 - [TEST_STEP][PASSED] - delay(3): Delayed 3 second(s)

2023-08-14 11:08:07 - [MESSAGE][PASSED] - Delayed 3 second(s)

2023-08-14 11:08:07 - [TEST_STEP][PASSED] - click(findTestObject("WIZARD/3Infraestructura/3Grupos/Edicion/btn_Sala")): Object: 'Object Repository/WIZARD/3Infraestructura/3Grupos/Edicion/btn_Sala' is clicked on

2023-08-14 11:08:07 - [MESSAGE][PASSED] - Object: 'Object Repository/WIZARD/3Infraestructura/3Grupos/Edicion/btn_Sala' is clicked on

2023-08-14 11:08:07 - [TEST_STEP][PASSED] - delay(3): Delayed 3 second(s)

2023-08-14 11:08:10 - [MESSAGE][PASSED] - Delayed 3 second(s)

2023-08-14 11:08:10 - [TEST_STEP][PASSED] - click(findTestObject("WIZARD/3Infraestructura/3Grupos/Edicion/btn_Sala(1)/a_3Bocagrande - Sala General")): Object: 'Object Repository/WIZARD/3Infraestructura/3Grupos/Edicion/btn_Sala(1)/a_3Bocagrande - Sala General' is clicked on

2023-08-14 11:08:11 - [MESSAGE][PASSED] - Object: 'Object Repository/WIZARD/3Infraestructura/3Grupos/Edicion/btn_Sala(1)/a_3Bocagrande - Sala General' is clicked on

2023-08-14 11:08:11 - [TEST_STEP][PASSED] - delay(3): Delayed 3 second(s)

2023-08-14 11:08:14 - [MESSAGE][PASSED] - Delayed 3 second(s)

2023-08-14 11:08:14 - [TEST_STEP][PASSED] - setText(findTestObject("WIZARD/3Infraestructura/3Grupos/Edicion/input_Nombre"), "Grupo PQRS"): Text 'Grupo PQRS' is set on object 'Object Repository/WIZARD/3Infraestructura/3Grupos/Edicion/input_Nombre'

2023-08-14 11:08:14 - [MESSAGE][PASSED] - Text 'Grupo PQRS' is set on object 'Object Repository/WIZARD/3Infraestructura/3Grupos/Edicion/input_Nombre'

2023-08-14 11:08:14 - [TEST_STEP][PASSED] - setText(findTestObject("WIZARD/3Infraestructura/3Grupos/Edicion/textarea_Descripcion"), "Bocagrande - PQRS"): Text 'Bocagrande - PQRS' is set on object 'Object Repository/WIZARD/3Infraestructura/3Grupos/Edicion/textarea_Descripcion'

2023-08-14 11:08:15 - [MESSAGE][PASSED] - Text 'Bocagrande - PQRS' is set on object 'Object Repository/WIZARD/3Infraestructura/3Grupos/Edicion/textarea_Descripcion'

2023-08-14 11:08:15 - [TEST_STEP][PASSED] - scrollToPosition(0, 800): Browser is scrolled to position x = 0, y = 800

2023-08-14 11:08:15 - [MESSAGE][PASSED] - Browser is scrolled to position x = 0, y = 800

2023-08-14 11:08:15 - [TEST_STEP][PASSED] - selectOptionByLabel(findTestObject("WIZARD/3Infraestructura/3Grupos/Edicion/select_Nivel de visualizacion en Transferencias"), "Área", false): All options with label 'Área' are selected in object 'Object Repository/WIZARD/3Infraestructura/3Grupos/Edicion/select_Nivel de visualizacion en Transferencias' 

2023-08-14 11:08:16 - [MESSAGE][PASSED] - All options with label 'Área' are selected in object 'Object Repository/WIZARD/3Infraestructura/3Grupos/Edicion/select_Nivel de visualizacion en Transferencias' 

2023-08-14 11:08:16 - [TEST_STEP][PASSED] - delay(2): Delayed 2 second(s)

2023-08-14 11:08:18 - [MESSAGE][PASSED] - Delayed 2 second(s)

2023-08-14 11:08:18 - [TEST_STEP][PASSED] - selectOptionByLabel(findTestObject("WIZARD/3Infraestructura/3Grupos/Edicion/select_Nivel de visualizacion en Nuevo Servicio"), "Área", false): All options with label 'Área' are selected in object 'Object Repository/WIZARD/3Infraestructura/3Grupos/Edicion/select_Nivel de visualizacion en Nuevo Servicio' 

2023-08-14 11:08:19 - [MESSAGE][PASSED] - All options with label 'Área' are selected in object 'Object Repository/WIZARD/3Infraestructura/3Grupos/Edicion/select_Nivel de visualizacion en Nuevo Servicio' 

2023-08-14 11:08:19 - [TEST_STEP][PASSED] - delay(2): Delayed 2 second(s)

2023-08-14 11:08:21 - [MESSAGE][PASSED] - Delayed 2 second(s)

2023-08-14 11:08:21 - [TEST_STEP][PASSED] - scrollToPosition(0, 0): Browser is scrolled to position x = 0, y = 0

2023-08-14 11:08:21 - [MESSAGE][PASSED] - Browser is scrolled to position x = 0, y = 0

2023-08-14 11:08:21 - [TEST_STEP][PASSED] - click(findTestObject("WIZARD/3Infraestructura/3Grupos/Edicion/img_Nuevo")): Object: 'Object Repository/WIZARD/3Infraestructura/3Grupos/Edicion/img_Nuevo' is clicked on

2023-08-14 11:08:21 - [MESSAGE][PASSED] - Object: 'Object Repository/WIZARD/3Infraestructura/3Grupos/Edicion/img_Nuevo' is clicked on

2023-08-14 11:08:21 - [TEST_STEP][PASSED] - delay(3): Delayed 3 second(s)

2023-08-14 11:08:24 - [MESSAGE][PASSED] - Delayed 3 second(s)

2023-08-14 11:08:24 - [TEST_STEP][PASSED] - click(findTestObject("WIZARD/3Infraestructura/0Menu/span_Grupos")): Object: 'Object Repository/WIZARD/3Infraestructura/0Menu/span_Grupos' is clicked on

2023-08-14 11:08:25 - [MESSAGE][PASSED] - Object: 'Object Repository/WIZARD/3Infraestructura/0Menu/span_Grupos' is clicked on

2023-08-14 11:08:25 - [TEST_STEP][PASSED] - delay(3): Delayed 3 second(s)

2023-08-14 11:08:28 - [MESSAGE][PASSED] - Delayed 3 second(s)

2023-08-14 11:08:28 - [TEST_STEP][PASSED] - click(findTestObject("WIZARD/3Infraestructura/3Grupos/Edicion/btn_Sala")): Object: 'Object Repository/WIZARD/3Infraestructura/3Grupos/Edicion/btn_Sala' is clicked on

2023-08-14 11:08:28 - [MESSAGE][PASSED] - Object: 'Object Repository/WIZARD/3Infraestructura/3Grupos/Edicion/btn_Sala' is clicked on

2023-08-14 11:08:28 - [TEST_STEP][PASSED] - delay(3): Delayed 3 second(s)

2023-08-14 11:08:31 - [MESSAGE][PASSED] - Delayed 3 second(s)

2023-08-14 11:08:31 - [TEST_STEP][PASSED] - click(findTestObject("WIZARD/3Infraestructura/3Grupos/Edicion/btn_Sala(1)/a_3Bocagrande - Sala General")): Object: 'Object Repository/WIZARD/3Infraestructura/3Grupos/Edicion/btn_Sala(1)/a_3Bocagrande - Sala General' is clicked on

2023-08-14 11:08:32 - [MESSAGE][PASSED] - Object: 'Object Repository/WIZARD/3Infraestructura/3Grupos/Edicion/btn_Sala(1)/a_3Bocagrande - Sala General' is clicked on

2023-08-14 11:08:32 - [TEST_STEP][PASSED] - delay(3): Delayed 3 second(s)

2023-08-14 11:08:35 - [MESSAGE][PASSED] - Delayed 3 second(s)

2023-08-14 11:08:35 - [TEST_STEP][PASSED] - setText(findTestObject("WIZARD/3Infraestructura/3Grupos/Edicion/input_Nombre"), "Grupo Radicaciones"): Text 'Grupo Radicaciones' is set on object 'Object Repository/WIZARD/3Infraestructura/3Grupos/Edicion/input_Nombre'

2023-08-14 11:08:36 - [MESSAGE][PASSED] - Text 'Grupo Radicaciones' is set on object 'Object Repository/WIZARD/3Infraestructura/3Grupos/Edicion/input_Nombre'

2023-08-14 11:08:36 - [TEST_STEP][PASSED] - setText(findTestObject("WIZARD/3Infraestructura/3Grupos/Edicion/textarea_Descripcion"), "Bocagrande - Radicaciones"): Text 'Bocagrande - Radicaciones' is set on object 'Object Repository/WIZARD/3Infraestructura/3Grupos/Edicion/textarea_Descripcion'

2023-08-14 11:08:36 - [MESSAGE][PASSED] - Text 'Bocagrande - Radicaciones' is set on object 'Object Repository/WIZARD/3Infraestructura/3Grupos/Edicion/textarea_Descripcion'

2023-08-14 11:08:36 - [TEST_STEP][PASSED] - scrollToPosition(0, 800): Browser is scrolled to position x = 0, y = 800

2023-08-14 11:08:36 - [MESSAGE][PASSED] - Browser is scrolled to position x = 0, y = 800

2023-08-14 11:08:36 - [TEST_STEP][PASSED] - selectOptionByLabel(findTestObject("WIZARD/3Infraestructura/3Grupos/Edicion/select_Nivel de visualizacion en Transferencias"), "Área", false): All options with label 'Área' are selected in object 'Object Repository/WIZARD/3Infraestructura/3Grupos/Edicion/select_Nivel de visualizacion en Transferencias' 

2023-08-14 11:08:37 - [MESSAGE][PASSED] - All options with label 'Área' are selected in object 'Object Repository/WIZARD/3Infraestructura/3Grupos/Edicion/select_Nivel de visualizacion en Transferencias' 

2023-08-14 11:08:37 - [TEST_STEP][PASSED] - delay(2): Delayed 2 second(s)

2023-08-14 11:08:39 - [MESSAGE][PASSED] - Delayed 2 second(s)

2023-08-14 11:08:39 - [TEST_STEP][PASSED] - selectOptionByLabel(findTestObject("WIZARD/3Infraestructura/3Grupos/Edicion/select_Nivel de visualizacion en Nuevo Servicio"), "Área", false): All options with label 'Área' are selected in object 'Object Repository/WIZARD/3Infraestructura/3Grupos/Edicion/select_Nivel de visualizacion en Nuevo Servicio' 

2023-08-14 11:08:40 - [MESSAGE][PASSED] - All options with label 'Área' are selected in object 'Object Repository/WIZARD/3Infraestructura/3Grupos/Edicion/select_Nivel de visualizacion en Nuevo Servicio' 

2023-08-14 11:08:40 - [TEST_STEP][PASSED] - delay(2): Delayed 2 second(s)

2023-08-14 11:08:42 - [MESSAGE][PASSED] - Delayed 2 second(s)

2023-08-14 11:08:42 - [TEST_STEP][PASSED] - scrollToPosition(0, 0): Browser is scrolled to position x = 0, y = 0

2023-08-14 11:08:42 - [MESSAGE][PASSED] - Browser is scrolled to position x = 0, y = 0

2023-08-14 11:08:42 - [TEST_STEP][PASSED] - delay(2): Delayed 2 second(s)

2023-08-14 11:08:44 - [MESSAGE][PASSED] - Delayed 2 second(s)

2023-08-14 11:08:44 - [TEST_STEP][PASSED] - click(findTestObject("WIZARD/3Infraestructura/3Grupos/Edicion/img_Nuevo")): Object: 'Object Repository/WIZARD/3Infraestructura/3Grupos/Edicion/img_Nuevo' is clicked on

2023-08-14 11:08:44 - [MESSAGE][PASSED] - Object: 'Object Repository/WIZARD/3Infraestructura/3Grupos/Edicion/img_Nuevo' is clicked on

2023-08-14 11:08:44 - [TEST_STEP][PASSED] - delay(3): Delayed 3 second(s)

2023-08-14 11:08:47 - [MESSAGE][PASSED] - Delayed 3 second(s)

2023-08-14 11:08:47 - [TEST_STEP][PASSED] - takeFullPageScreenshot(): Taking screenshot successfully

2023-08-14 11:08:48 - [MESSAGE][INFO] - 0 hidden object(s)

2023-08-14 11:08:48 - [MESSAGE][PASSED] - Taking screenshot successfully
[[ATTACHMENT|C:\\CIEL INGENIERIA\\Katalon\\Digiturno55\\Reports\\20230814_104251\\WIZARD\\3Infraestructura\\3Grupos\\5.3 Crear Grupos Bocagrande\\20230814_104333\\1692029327830.png]]

2023-08-14 11:08:48 - [TEST_STEP][PASSED] - delay(3): Delayed 3 second(s)

2023-08-14 11:08:51 - [MESSAGE][PASSED] - Delayed 3 second(s)

2023-08-14 11:08:51 - [TEST_STEP][PASSED] - Start listener action : sampleAfterTestCase: null]]></system-out>
         <system-err><![CDATA[]]></system-err>
      </testcase>
      <system-out><![CDATA[2023-08-14 11:07:25 - [TEST_SUITE][PASSED] - 5.3 Crear Grupos Bocagrande: Test Cases/WIZARD/3Infraestructura/3Grupos/5.3 Crear Grupos Bocagrande]]></system-out>
      <system-err><![CDATA[]]></system-err>
   </testsuite>
</testsuites>
