<?xml version="1.0" encoding="UTF-8"?>
<testsuites name="67 Administracion de Redes" time="53.167" tests="1" failures="0" errors="0">
   <testsuite name="67 Administracion de Redes" tests="1" failures="0" errors="0" time="53.167" skipped="0" timestamp="2023-07-11 12:26:53" hostname="jdavila - PCPruebas101.ciel.cielingenieria.com" id="Test Suites/DIGITURNO/BASICO/67 Administracion de Redes">
      <properties>
         <property name="deviceName" value=""/>
         <property name="devicePlatform" value=""/>
         <property name="logFolder" value="C:\\CIEL INGENIERIA\\Katalon\\Digiturno55\\Reports\\20230711_113602\\DIGITURNO\\BASICO\\67 Administracion de Redes\\20230711_113705"/>
         <property name="logFiles" value="C:\\CIEL INGENIERIA\\Katalon\\Digiturno55\\Reports\\20230711_113602\\DIGITURNO\\BASICO\\67 Administracion de Redes\\20230711_113705\\execution0.log"/>
         <property name="attachments" value="C:\\CIEL INGENIERIA\\Katalon\\Digiturno55\\Reports\\20230711_113602\\DIGITURNO\\BASICO\\67 Administracion de Redes\\20230711_113705\\1689096428857.png, C:\\CIEL INGENIERIA\\Katalon\\Digiturno55\\Reports\\20230711_113602\\DIGITURNO\\BASICO\\67 Administracion de Redes\\20230711_113705\\1689096436056.png, C:\\CIEL INGENIERIA\\Katalon\\Digiturno55\\Reports\\20230711_113602\\DIGITURNO\\BASICO\\67 Administracion de Redes\\20230711_113705\\1689096462422.png"/>
         <property name="hostName" value="jdavila - PCPruebas101.ciel.cielingenieria.com"/>
         <property name="os" value="Windows 10 64bit"/>
         <property name="katalonVersion" value="8.6.0.208"/>
         <property name="browser" value="Chrome 114.0.0.0"/>
         <property name="hostAddress" value="192.168.0.33"/>
         <property name="sessionId" value="b62d2cdb7e88b21709f1e5604e0c3e8b"/>
         <property name="seleniumVersion" value="3.141.59"/>
         <property name="proxyInformation" value="ProxyInformation { proxyOption=NO_PROXY, proxyServerType=HTTP, username=, password=********, proxyServerAddress=, proxyServerPort=0, executionList=&quot;&quot;, isApplyToDesiredCapabilities=true }"/>
         <property name="platform" value="Windows 10"/>
      </properties>
      <testcase name="Test Cases/DIGITURNO/BASICO/67 Administracion de Redes" time="52.919" classname="Test Cases/DIGITURNO/BASICO/67 Administracion de Redes" status="PASSED">
         <system-out><![CDATA[2023-07-11 12:26:53 - [TEST_CASE][PASSED] - Test Cases/DIGITURNO/BASICO/67 Administracion de Redes: Test Cases/DIGITURNO/BASICO/67 Administracion de Redes

2023-07-11 12:26:53 - [TEST_STEP][PASSED] - callTestCase(findTestCase("DIGITURNO/BASICO/32 Elementos del Sistema"), [:], STOP_ON_FAILURE): Call Test Case 'Test Cases/DIGITURNO/BASICO/32 Elementos del Sistema' successfully

2023-07-11 12:26:53 - [TEST_CASE][PASSED] - Test Cases/DIGITURNO/BASICO/32 Elementos del Sistema: Test Cases/DIGITURNO/BASICO/32 Elementos del Sistema

2023-07-11 12:26:53 - [TEST_STEP][PASSED] - callTestCase(findTestCase("DIGITURNO/BASICO/3 Configuracion"), [:], STOP_ON_FAILURE): Call Test Case 'Test Cases/DIGITURNO/BASICO/3 Configuracion' successfully

2023-07-11 12:26:53 - [TEST_CASE][PASSED] - Test Cases/DIGITURNO/BASICO/3 Configuracion: Test Cases/DIGITURNO/BASICO/3 Configuracion

2023-07-11 12:26:54 - [TEST_STEP][PASSED] - callTestCase(findTestCase("0InicioSesion"), [:], STOP_ON_FAILURE): Call Test Case 'Test Cases/0InicioSesion' successfully

2023-07-11 12:26:54 - [TEST_CASE][PASSED] - Test Cases/0InicioSesion: Test Cases/0InicioSesion

2023-07-11 12:26:54 - [TEST_STEP][PASSED] - openBrowser(UrlDigiturno): Browser is opened with url: 'https://PCPruebas101.ciel.cielingenieria.com:8810'

2023-07-11 12:26:54 - [MESSAGE][INFO] - Starting 'Chrome' driver

2023-07-11 12:26:54 - [MESSAGE][INFO] - User set preference: ['args', '[--use-fake-ui-for-media-stream, --disable-notifications]']

2023-07-11 12:26:54 - [MESSAGE][INFO] - Action delay is set to 0 milliseconds

2023-07-11 12:26:57 - [MESSAGE][PASSED] - Browser is opened with url: 'https://PCPruebas101.ciel.cielingenieria.com:8810'

2023-07-11 12:26:57 - [TEST_STEP][PASSED] - maximizeWindow(): Current window maximized

2023-07-11 12:26:57 - [MESSAGE][PASSED] - Current window maximized

2023-07-11 12:26:57 - [TEST_STEP][PASSED] - delay(3): Delayed 3 second(s)

2023-07-11 12:27:00 - [MESSAGE][PASSED] - Delayed 3 second(s)

2023-07-11 12:27:00 - [TEST_STEP][PASSED] - setText(findTestObject("0Inicio Sesion/input_Usuario"), "Ciel"): Text 'Ciel' is set on object 'Object Repository/0Inicio Sesion/input_Usuario'

2023-07-11 12:27:01 - [MESSAGE][PASSED] - Text 'Ciel' is set on object 'Object Repository/0Inicio Sesion/input_Usuario'

2023-07-11 12:27:01 - [TEST_STEP][PASSED] - setText(findTestObject("0Inicio Sesion/input_Clave"), "digiturno"): Text 'digiturno' is set on object 'Object Repository/0Inicio Sesion/input_Clave'

2023-07-11 12:27:01 - [MESSAGE][PASSED] - Text 'digiturno' is set on object 'Object Repository/0Inicio Sesion/input_Clave'

2023-07-11 12:27:01 - [TEST_STEP][PASSED] - click(findTestObject("0Inicio Sesion/btn_IniciarSesion")): Object: 'Object Repository/0Inicio Sesion/btn_IniciarSesion' is clicked on

2023-07-11 12:27:02 - [MESSAGE][PASSED] - Object: 'Object Repository/0Inicio Sesion/btn_IniciarSesion' is clicked on

2023-07-11 12:27:02 - [TEST_STEP][PASSED] - delay(3): Delayed 3 second(s)

2023-07-11 12:27:05 - [MESSAGE][PASSED] - Delayed 3 second(s)

2023-07-11 12:27:05 - [MESSAGE][PASSED] - Call Test Case 'Test Cases/0InicioSesion' successfully

2023-07-11 12:27:05 - [TEST_STEP][PASSED] - click(findTestObject("DIGITURNO/1Principal/img_Configuracion(1)")): Object: 'Object Repository/DIGITURNO/1Principal/img_Configuracion(1)' is clicked on

2023-07-11 12:27:05 - [MESSAGE][PASSED] - Object: 'Object Repository/DIGITURNO/1Principal/img_Configuracion(1)' is clicked on

2023-07-11 12:27:05 - [TEST_STEP][PASSED] - delay(3): Delayed 3 second(s)

2023-07-11 12:27:08 - [MESSAGE][PASSED] - Delayed 3 second(s)

2023-07-11 12:27:08 - [TEST_STEP][PASSED] - takeFullPageScreenshot(): Taking screenshot successfully

2023-07-11 12:27:09 - [MESSAGE][INFO] - 0 hidden object(s)

2023-07-11 12:27:09 - [MESSAGE][PASSED] - Taking screenshot successfully
[[ATTACHMENT|C:\\CIEL INGENIERIA\\Katalon\\Digiturno55\\Reports\\20230711_113602\\DIGITURNO\\BASICO\\67 Administracion de Redes\\20230711_113705\\1689096428857.png]]

2023-07-11 12:27:09 - [TEST_STEP][PASSED] - delay(3): Delayed 3 second(s)

2023-07-11 12:27:12 - [MESSAGE][PASSED] - Delayed 3 second(s)

2023-07-11 12:27:12 - [MESSAGE][PASSED] - Call Test Case 'Test Cases/DIGITURNO/BASICO/3 Configuracion' successfully

2023-07-11 12:27:12 - [TEST_STEP][PASSED] - click(findTestObject("DIGITURNO/CONFIGURACION/0Principal/img_6Elementos del sistema")): Object: 'Object Repository/DIGITURNO/CONFIGURACION/0Principal/img_6Elementos del sistema' is clicked on

2023-07-11 12:27:13 - [MESSAGE][PASSED] - Object: 'Object Repository/DIGITURNO/CONFIGURACION/0Principal/img_6Elementos del sistema' is clicked on

2023-07-11 12:27:13 - [TEST_STEP][PASSED] - delay(3): Delayed 3 second(s)

2023-07-11 12:27:16 - [MESSAGE][PASSED] - Delayed 3 second(s)

2023-07-11 12:27:16 - [TEST_STEP][PASSED] - takeFullPageScreenshot(): Taking screenshot successfully

2023-07-11 12:27:16 - [MESSAGE][INFO] - 0 hidden object(s)

2023-07-11 12:27:16 - [MESSAGE][PASSED] - Taking screenshot successfully
[[ATTACHMENT|C:\\CIEL INGENIERIA\\Katalon\\Digiturno55\\Reports\\20230711_113602\\DIGITURNO\\BASICO\\67 Administracion de Redes\\20230711_113705\\1689096436056.png]]

2023-07-11 12:27:16 - [TEST_STEP][PASSED] - delay(3): Delayed 3 second(s)

2023-07-11 12:27:19 - [MESSAGE][PASSED] - Delayed 3 second(s)

2023-07-11 12:27:19 - [MESSAGE][PASSED] - Call Test Case 'Test Cases/DIGITURNO/BASICO/32 Elementos del Sistema' successfully

2023-07-11 12:27:19 - [TEST_STEP][PASSED] - click(findTestObject("DIGITURNO/CONFIGURACION/6Elementos del Sistema/0Principal/img_7Redes")): Object: 'Object Repository/DIGITURNO/CONFIGURACION/6Elementos del Sistema/0Principal/img_7Redes' is clicked on

2023-07-11 12:27:20 - [MESSAGE][PASSED] - Object: 'Object Repository/DIGITURNO/CONFIGURACION/6Elementos del Sistema/0Principal/img_7Redes' is clicked on

2023-07-11 12:27:20 - [TEST_STEP][PASSED] - delay(3): Delayed 3 second(s)

2023-07-11 12:27:23 - [MESSAGE][PASSED] - Delayed 3 second(s)

2023-07-11 12:27:23 - [TEST_STEP][PASSED] - setText(findTestObject("DIGITURNO/CONFIGURACION/6Elementos del Sistema/7 Redes/Administracion/span_Administrador de recursos locales(1)/Edicion Administrador Recursos Locales/input_Nombre"), "Prueba"): Text 'Prueba' is set on object 'Object Repository/DIGITURNO/CONFIGURACION/6Elementos del Sistema/7 Redes/Administracion/span_Administrador de recursos locales(1)/Edicion Administrador Recursos Locales/input_Nombre'

2023-07-11 12:27:24 - [MESSAGE][PASSED] - Text 'Prueba' is set on object 'Object Repository/DIGITURNO/CONFIGURACION/6Elementos del Sistema/7 Redes/Administracion/span_Administrador de recursos locales(1)/Edicion Administrador Recursos Locales/input_Nombre'

2023-07-11 12:27:24 - [TEST_STEP][PASSED] - setText(findTestObject("DIGITURNO/CONFIGURACION/6Elementos del Sistema/7 Redes/Administracion/span_Administrador de recursos locales(1)/Edicion Administrador Recursos Locales/textarea_Descripcion"), "Prueba"): Text 'Prueba' is set on object 'Object Repository/DIGITURNO/CONFIGURACION/6Elementos del Sistema/7 Redes/Administracion/span_Administrador de recursos locales(1)/Edicion Administrador Recursos Locales/textarea_Descripcion'

2023-07-11 12:27:25 - [MESSAGE][PASSED] - Text 'Prueba' is set on object 'Object Repository/DIGITURNO/CONFIGURACION/6Elementos del Sistema/7 Redes/Administracion/span_Administrador de recursos locales(1)/Edicion Administrador Recursos Locales/textarea_Descripcion'

2023-07-11 12:27:25 - [TEST_STEP][PASSED] - click(findTestObject("DIGITURNO/CONFIGURACION/6Elementos del Sistema/7 Redes/Administracion/span_Administrador de recursos locales(1)/Edicion Administrador Recursos Locales/img_Nuevo")): Object: 'Object Repository/DIGITURNO/CONFIGURACION/6Elementos del Sistema/7 Redes/Administracion/span_Administrador de recursos locales(1)/Edicion Administrador Recursos Locales/img_Nuevo' is clicked on

2023-07-11 12:27:25 - [MESSAGE][PASSED] - Object: 'Object Repository/DIGITURNO/CONFIGURACION/6Elementos del Sistema/7 Redes/Administracion/span_Administrador de recursos locales(1)/Edicion Administrador Recursos Locales/img_Nuevo' is clicked on

2023-07-11 12:27:25 - [TEST_STEP][PASSED] - delay(3): Delayed 3 second(s)

2023-07-11 12:27:28 - [MESSAGE][PASSED] - Delayed 3 second(s)

2023-07-11 12:27:28 - [TEST_STEP][PASSED] - click(findTestObject("DIGITURNO/CONFIGURACION/6Elementos del Sistema/7 Redes/Administracion/span_Redes")): Object: 'Object Repository/DIGITURNO/CONFIGURACION/6Elementos del Sistema/7 Redes/Administracion/span_Redes' is clicked on

2023-07-11 12:27:28 - [MESSAGE][PASSED] - Object: 'Object Repository/DIGITURNO/CONFIGURACION/6Elementos del Sistema/7 Redes/Administracion/span_Redes' is clicked on

2023-07-11 12:27:28 - [TEST_STEP][PASSED] - delay(2): Delayed 2 second(s)

2023-07-11 12:27:31 - [MESSAGE][PASSED] - Delayed 2 second(s)

2023-07-11 12:27:31 - [TEST_STEP][PASSED] - setText(findTestObject("DIGITURNO/CONFIGURACION/6Elementos del Sistema/7 Redes/Administracion/span_Redes(1)/Edicion Redes/input_Nombre Red"), "Prueba"): Text 'Prueba' is set on object 'Object Repository/DIGITURNO/CONFIGURACION/6Elementos del Sistema/7 Redes/Administracion/span_Redes(1)/Edicion Redes/input_Nombre Red'

2023-07-11 12:27:31 - [MESSAGE][PASSED] - Text 'Prueba' is set on object 'Object Repository/DIGITURNO/CONFIGURACION/6Elementos del Sistema/7 Redes/Administracion/span_Redes(1)/Edicion Redes/input_Nombre Red'

2023-07-11 12:27:31 - [TEST_STEP][PASSED] - selectOptionByValue(findTestObject("DIGITURNO/CONFIGURACION/6Elementos del Sistema/7 Redes/Administracion/span_Redes(1)/Edicion Redes/select_Administrador Recursos Locales"), "Prueba", false): All options with value 'Prueba' are selected in object 'Object Repository/DIGITURNO/CONFIGURACION/6Elementos del Sistema/7 Redes/Administracion/span_Redes(1)/Edicion Redes/select_Administrador Recursos Locales' 

2023-07-11 12:27:32 - [MESSAGE][PASSED] - All options with value 'Prueba' are selected in object 'Object Repository/DIGITURNO/CONFIGURACION/6Elementos del Sistema/7 Redes/Administracion/span_Redes(1)/Edicion Redes/select_Administrador Recursos Locales' 

2023-07-11 12:27:32 - [TEST_STEP][PASSED] - delay(3): Delayed 3 second(s)

2023-07-11 12:27:35 - [MESSAGE][PASSED] - Delayed 3 second(s)

2023-07-11 12:27:35 - [TEST_STEP][PASSED] - click(findTestObject("DIGITURNO/CONFIGURACION/6Elementos del Sistema/7 Redes/Administracion/span_Redes(1)/Edicion Redes/label_Serial")): Object: 'Object Repository/DIGITURNO/CONFIGURACION/6Elementos del Sistema/7 Redes/Administracion/span_Redes(1)/Edicion Redes/label_Serial' is clicked on

2023-07-11 12:27:36 - [MESSAGE][PASSED] - Object: 'Object Repository/DIGITURNO/CONFIGURACION/6Elementos del Sistema/7 Redes/Administracion/span_Redes(1)/Edicion Redes/label_Serial' is clicked on

2023-07-11 12:27:36 - [TEST_STEP][PASSED] - delay(2): Delayed 2 second(s)

2023-07-11 12:27:38 - [MESSAGE][PASSED] - Delayed 2 second(s)

2023-07-11 12:27:38 - [TEST_STEP][PASSED] - setText(findTestObject("DIGITURNO/CONFIGURACION/6Elementos del Sistema/7 Redes/Administracion/span_Redes(1)/Edicion Redes/Serial/input_Puerto"), "1111111"): Text '1111111' is set on object 'Object Repository/DIGITURNO/CONFIGURACION/6Elementos del Sistema/7 Redes/Administracion/span_Redes(1)/Edicion Redes/Serial/input_Puerto'

2023-07-11 12:27:38 - [MESSAGE][PASSED] - Text '1111111' is set on object 'Object Repository/DIGITURNO/CONFIGURACION/6Elementos del Sistema/7 Redes/Administracion/span_Redes(1)/Edicion Redes/Serial/input_Puerto'

2023-07-11 12:27:38 - [TEST_STEP][PASSED] - click(findTestObject("DIGITURNO/CONFIGURACION/6Elementos del Sistema/7 Redes/Administracion/span_Redes(1)/Edicion Redes/img_Nuevo")): Object: 'Object Repository/DIGITURNO/CONFIGURACION/6Elementos del Sistema/7 Redes/Administracion/span_Redes(1)/Edicion Redes/img_Nuevo' is clicked on

2023-07-11 12:27:39 - [MESSAGE][PASSED] - Object: 'Object Repository/DIGITURNO/CONFIGURACION/6Elementos del Sistema/7 Redes/Administracion/span_Redes(1)/Edicion Redes/img_Nuevo' is clicked on

2023-07-11 12:27:39 - [TEST_STEP][PASSED] - delay(3): Delayed 3 second(s)

2023-07-11 12:27:42 - [MESSAGE][PASSED] - Delayed 3 second(s)

2023-07-11 12:27:42 - [TEST_STEP][PASSED] - takeFullPageScreenshot(): Taking screenshot successfully

2023-07-11 12:27:42 - [MESSAGE][INFO] - 0 hidden object(s)

2023-07-11 12:27:43 - [MESSAGE][PASSED] - Taking screenshot successfully
[[ATTACHMENT|C:\\CIEL INGENIERIA\\Katalon\\Digiturno55\\Reports\\20230711_113602\\DIGITURNO\\BASICO\\67 Administracion de Redes\\20230711_113705\\1689096462422.png]]

2023-07-11 12:27:43 - [TEST_STEP][PASSED] - delay(3): Delayed 3 second(s)

2023-07-11 12:27:46 - [MESSAGE][PASSED] - Delayed 3 second(s)

2023-07-11 12:27:46 - [TEST_STEP][PASSED] - Start listener action : sampleAfterTestCase: null]]></system-out>
         <system-err><![CDATA[]]></system-err>
      </testcase>
      <system-out><![CDATA[2023-07-11 12:26:53 - [TEST_SUITE][PASSED] - 67 Administracion de Redes: Test Cases/DIGITURNO/BASICO/67 Administracion de Redes]]></system-out>
      <system-err><![CDATA[]]></system-err>
   </testsuite>
</testsuites>
