<?xml version="1.0" encoding="UTF-8"?>
<testsuites name="4.2 Crear Elementos Geograficos Departamento" time="80.728" tests="1" failures="0" errors="0">
   <testsuite name="4.2 Crear Elementos Geograficos Departamento" tests="1" failures="0" errors="0" time="80.728" skipped="0" timestamp="2023-08-14 10:34:06" hostname="jdavila - PCPruebas101.ciel.cielingenieria.com" id="Test Suites/WIZARD/2Estructura Geografica/4.2 Crear Elementos Geograficos Departamento">
      <properties>
         <property name="deviceName" value=""/>
         <property name="devicePlatform" value=""/>
         <property name="logFolder" value="C:\\CIEL INGENIERIA\\Katalon\\Digiturno55\\Reports\\20230814_103032\\WIZARD\\2Estructura Geografica\\4.2 Crear Elementos Geograficos Departamento\\20230814_103038"/>
         <property name="logFiles" value="C:\\CIEL INGENIERIA\\Katalon\\Digiturno55\\Reports\\20230814_103032\\WIZARD\\2Estructura Geografica\\4.2 Crear Elementos Geograficos Departamento\\20230814_103038\\execution0.log"/>
         <property name="attachments" value="C:\\CIEL INGENIERIA\\Katalon\\Digiturno55\\Reports\\20230814_103032\\WIZARD\\2Estructura Geografica\\4.2 Crear Elementos Geograficos Departamento\\20230814_103038\\1692027323498.png"/>
         <property name="hostName" value="jdavila - PCPruebas101.ciel.cielingenieria.com"/>
         <property name="os" value="Windows 10 64bit"/>
         <property name="katalonVersion" value="8.6.0.208"/>
         <property name="browser" value="Chrome 115.0.0.0"/>
         <property name="hostAddress" value="192.168.0.33"/>
         <property name="sessionId" value="d175a2b2a5546c0610e17d2d303023c9"/>
         <property name="seleniumVersion" value="3.141.59"/>
         <property name="proxyInformation" value="ProxyInformation { proxyOption=NO_PROXY, proxyServerType=HTTP, username=, password=********, proxyServerAddress=, proxyServerPort=0, executionList=&quot;&quot;, isApplyToDesiredCapabilities=true }"/>
         <property name="platform" value="Windows 10"/>
      </properties>
      <testcase name="Test Cases/WIZARD/2Estructura Geografica/4.2 Crear Elementos Geograficos Departamento" time="80.48" classname="Test Cases/WIZARD/2Estructura Geografica/4.2 Crear Elementos Geograficos Departamento" status="PASSED">
         <system-out><![CDATA[2023-08-14 10:34:06 - [TEST_CASE][PASSED] - Test Cases/WIZARD/2Estructura Geografica/4.2 Crear Elementos Geograficos Departamento: Test Cases/WIZARD/2Estructura Geografica/4.2 Crear Elementos Geograficos Departamento

2023-08-14 10:34:07 - [TEST_STEP][PASSED] - callTestCase(findTestCase("0InicioSesion"), [:], STOP_ON_FAILURE): Call Test Case 'Test Cases/0InicioSesion' successfully

2023-08-14 10:34:07 - [TEST_CASE][PASSED] - Test Cases/0InicioSesion: Test Cases/0InicioSesion

2023-08-14 10:34:07 - [TEST_STEP][PASSED] - openBrowser(UrlDigiturno): Browser is opened with url: 'https://PCPruebas101.ciel.cielingenieria.com:8610'

2023-08-14 10:34:08 - [MESSAGE][INFO] - Starting 'Chrome' driver

2023-08-14 10:34:08 - [MESSAGE][INFO] - User set preference: ['args', '[--use-fake-ui-for-media-stream, --disable-notifications]']

2023-08-14 10:34:08 - [MESSAGE][INFO] - Action delay is set to 0 milliseconds

2023-08-14 10:34:10 - [MESSAGE][PASSED] - Browser is opened with url: 'https://PCPruebas101.ciel.cielingenieria.com:8610'

2023-08-14 10:34:10 - [TEST_STEP][PASSED] - maximizeWindow(): Current window maximized

2023-08-14 10:34:10 - [MESSAGE][PASSED] - Current window maximized

2023-08-14 10:34:10 - [TEST_STEP][PASSED] - delay(3): Delayed 3 second(s)

2023-08-14 10:34:13 - [MESSAGE][PASSED] - Delayed 3 second(s)

2023-08-14 10:34:13 - [TEST_STEP][PASSED] - setText(findTestObject("0Inicio Sesion/input_Usuario"), "Ciel"): Text 'Ciel' is set on object 'Object Repository/0Inicio Sesion/input_Usuario'

2023-08-14 10:34:14 - [MESSAGE][PASSED] - Text 'Ciel' is set on object 'Object Repository/0Inicio Sesion/input_Usuario'

2023-08-14 10:34:14 - [TEST_STEP][PASSED] - setText(findTestObject("0Inicio Sesion/input_Clave"), "digiturno"): Text 'digiturno' is set on object 'Object Repository/0Inicio Sesion/input_Clave'

2023-08-14 10:34:15 - [MESSAGE][PASSED] - Text 'digiturno' is set on object 'Object Repository/0Inicio Sesion/input_Clave'

2023-08-14 10:34:15 - [TEST_STEP][PASSED] - click(findTestObject("0Inicio Sesion/btn_IniciarSesion")): Object: 'Object Repository/0Inicio Sesion/btn_IniciarSesion' is clicked on

2023-08-14 10:34:15 - [MESSAGE][PASSED] - Object: 'Object Repository/0Inicio Sesion/btn_IniciarSesion' is clicked on

2023-08-14 10:34:15 - [TEST_STEP][PASSED] - delay(3): Delayed 3 second(s)

2023-08-14 10:34:18 - [MESSAGE][PASSED] - Delayed 3 second(s)

2023-08-14 10:34:18 - [MESSAGE][PASSED] - Call Test Case 'Test Cases/0InicioSesion' successfully

2023-08-14 10:34:18 - [TEST_STEP][PASSED] - click(findTestObject("WIZARD/0Principal/img_EstructuraGeograficaMAX")): Object: 'Object Repository/WIZARD/0Principal/img_EstructuraGeograficaMAX' is clicked on

2023-08-14 10:34:22 - [MESSAGE][PASSED] - Object: 'Object Repository/WIZARD/0Principal/img_EstructuraGeograficaMAX' is clicked on

2023-08-14 10:34:22 - [TEST_STEP][PASSED] - delay(3): Delayed 3 second(s)

2023-08-14 10:34:25 - [MESSAGE][PASSED] - Delayed 3 second(s)

2023-08-14 10:34:25 - [TEST_STEP][PASSED] - click(findTestObject("WIZARD/2Estructura Geografica/0Arbol Geografico/span_Elementos geograficos")): Object: 'Object Repository/WIZARD/2Estructura Geografica/0Arbol Geografico/span_Elementos geograficos' is clicked on

2023-08-14 10:34:26 - [MESSAGE][PASSED] - Object: 'Object Repository/WIZARD/2Estructura Geografica/0Arbol Geografico/span_Elementos geograficos' is clicked on

2023-08-14 10:34:26 - [TEST_STEP][PASSED] - delay(3): Delayed 3 second(s)

2023-08-14 10:34:29 - [MESSAGE][PASSED] - Delayed 3 second(s)

2023-08-14 10:34:29 - [TEST_STEP][PASSED] - click(findTestObject("WIZARD/2Estructura Geografica/2Elementos Geograficos/Niveles Geograficos/option_Departamento")): Object: 'Object Repository/WIZARD/2Estructura Geografica/2Elementos Geograficos/Niveles Geograficos/option_Departamento' is clicked on

2023-08-14 10:34:30 - [MESSAGE][PASSED] - Object: 'Object Repository/WIZARD/2Estructura Geografica/2Elementos Geograficos/Niveles Geograficos/option_Departamento' is clicked on

2023-08-14 10:34:30 - [TEST_STEP][PASSED] - delay(3): Delayed 3 second(s)

2023-08-14 10:34:33 - [MESSAGE][PASSED] - Delayed 3 second(s)

2023-08-14 10:34:33 - [TEST_STEP][PASSED] - setText(findTestObject("WIZARD/2Estructura Geografica/2Elementos Geograficos/Edicion Elemento Geografico/input_Nombre elemento"), "Cundinamarca"): Text 'Cundinamarca' is set on object 'Object Repository/WIZARD/2Estructura Geografica/2Elementos Geograficos/Edicion Elemento Geografico/input_Nombre elemento'

2023-08-14 10:34:33 - [MESSAGE][PASSED] - Text 'Cundinamarca' is set on object 'Object Repository/WIZARD/2Estructura Geografica/2Elementos Geograficos/Edicion Elemento Geografico/input_Nombre elemento'

2023-08-14 10:34:33 - [TEST_STEP][PASSED] - click(findTestObject("WIZARD/2Estructura Geografica/2Elementos Geograficos/Edicion Elemento Geografico/btn_Nuevo")): Object: 'Object Repository/WIZARD/2Estructura Geografica/2Elementos Geograficos/Edicion Elemento Geografico/btn_Nuevo' is clicked on

2023-08-14 10:34:34 - [MESSAGE][PASSED] - Object: 'Object Repository/WIZARD/2Estructura Geografica/2Elementos Geograficos/Edicion Elemento Geografico/btn_Nuevo' is clicked on

2023-08-14 10:34:34 - [TEST_STEP][PASSED] - delay(3): Delayed 3 second(s)

2023-08-14 10:34:37 - [MESSAGE][PASSED] - Delayed 3 second(s)

2023-08-14 10:34:37 - [TEST_STEP][PASSED] - click(findTestObject("WIZARD/2Estructura Geografica/2Elementos Geograficos/Niveles Geograficos/option_Departamento")): Object: 'Object Repository/WIZARD/2Estructura Geografica/2Elementos Geograficos/Niveles Geograficos/option_Departamento' is clicked on

2023-08-14 10:34:37 - [MESSAGE][PASSED] - Object: 'Object Repository/WIZARD/2Estructura Geografica/2Elementos Geograficos/Niveles Geograficos/option_Departamento' is clicked on

2023-08-14 10:34:37 - [TEST_STEP][PASSED] - delay(3): Delayed 3 second(s)

2023-08-14 10:34:40 - [MESSAGE][PASSED] - Delayed 3 second(s)

2023-08-14 10:34:40 - [TEST_STEP][PASSED] - setText(findTestObject("WIZARD/2Estructura Geografica/2Elementos Geograficos/Edicion Elemento Geografico/input_Nombre elemento"), "Valle del Cauca"): Text 'Valle del Cauca' is set on object 'Object Repository/WIZARD/2Estructura Geografica/2Elementos Geograficos/Edicion Elemento Geografico/input_Nombre elemento'

2023-08-14 10:34:41 - [MESSAGE][PASSED] - Text 'Valle del Cauca' is set on object 'Object Repository/WIZARD/2Estructura Geografica/2Elementos Geograficos/Edicion Elemento Geografico/input_Nombre elemento'

2023-08-14 10:34:41 - [TEST_STEP][PASSED] - click(findTestObject("WIZARD/2Estructura Geografica/2Elementos Geograficos/Edicion Elemento Geografico/btn_Nuevo")): Object: 'Object Repository/WIZARD/2Estructura Geografica/2Elementos Geograficos/Edicion Elemento Geografico/btn_Nuevo' is clicked on

2023-08-14 10:34:42 - [MESSAGE][PASSED] - Object: 'Object Repository/WIZARD/2Estructura Geografica/2Elementos Geograficos/Edicion Elemento Geografico/btn_Nuevo' is clicked on

2023-08-14 10:34:42 - [TEST_STEP][PASSED] - delay(3): Delayed 3 second(s)

2023-08-14 10:34:45 - [MESSAGE][PASSED] - Delayed 3 second(s)

2023-08-14 10:34:45 - [TEST_STEP][PASSED] - click(findTestObject("WIZARD/2Estructura Geografica/2Elementos Geograficos/Niveles Geograficos/option_Departamento")): Object: 'Object Repository/WIZARD/2Estructura Geografica/2Elementos Geograficos/Niveles Geograficos/option_Departamento' is clicked on

2023-08-14 10:34:45 - [MESSAGE][PASSED] - Object: 'Object Repository/WIZARD/2Estructura Geografica/2Elementos Geograficos/Niveles Geograficos/option_Departamento' is clicked on

2023-08-14 10:34:45 - [TEST_STEP][PASSED] - delay(3): Delayed 3 second(s)

2023-08-14 10:34:48 - [MESSAGE][PASSED] - Delayed 3 second(s)

2023-08-14 10:34:48 - [TEST_STEP][PASSED] - setText(findTestObject("WIZARD/2Estructura Geografica/2Elementos Geograficos/Edicion Elemento Geografico/input_Nombre elemento"), "Bolivar"): Text 'Bolivar' is set on object 'Object Repository/WIZARD/2Estructura Geografica/2Elementos Geograficos/Edicion Elemento Geografico/input_Nombre elemento'

2023-08-14 10:34:49 - [MESSAGE][PASSED] - Text 'Bolivar' is set on object 'Object Repository/WIZARD/2Estructura Geografica/2Elementos Geograficos/Edicion Elemento Geografico/input_Nombre elemento'

2023-08-14 10:34:49 - [TEST_STEP][PASSED] - click(findTestObject("WIZARD/2Estructura Geografica/2Elementos Geograficos/Edicion Elemento Geografico/btn_Nuevo")): Object: 'Object Repository/WIZARD/2Estructura Geografica/2Elementos Geograficos/Edicion Elemento Geografico/btn_Nuevo' is clicked on

2023-08-14 10:34:49 - [MESSAGE][PASSED] - Object: 'Object Repository/WIZARD/2Estructura Geografica/2Elementos Geograficos/Edicion Elemento Geografico/btn_Nuevo' is clicked on

2023-08-14 10:34:49 - [TEST_STEP][PASSED] - delay(3): Delayed 3 second(s)

2023-08-14 10:34:52 - [MESSAGE][PASSED] - Delayed 3 second(s)

2023-08-14 10:34:52 - [TEST_STEP][PASSED] - click(findTestObject("WIZARD/2Estructura Geografica/2Elementos Geograficos/Niveles Geograficos/option_Departamento")): Object: 'Object Repository/WIZARD/2Estructura Geografica/2Elementos Geograficos/Niveles Geograficos/option_Departamento' is clicked on

2023-08-14 10:34:53 - [MESSAGE][PASSED] - Object: 'Object Repository/WIZARD/2Estructura Geografica/2Elementos Geograficos/Niveles Geograficos/option_Departamento' is clicked on

2023-08-14 10:34:53 - [TEST_STEP][PASSED] - delay(3): Delayed 3 second(s)

2023-08-14 10:34:56 - [MESSAGE][PASSED] - Delayed 3 second(s)

2023-08-14 10:34:56 - [TEST_STEP][PASSED] - setText(findTestObject("WIZARD/2Estructura Geografica/2Elementos Geograficos/Edicion Elemento Geografico/input_Nombre elemento"), "Caldas"): Text 'Caldas' is set on object 'Object Repository/WIZARD/2Estructura Geografica/2Elementos Geograficos/Edicion Elemento Geografico/input_Nombre elemento'

2023-08-14 10:34:57 - [MESSAGE][PASSED] - Text 'Caldas' is set on object 'Object Repository/WIZARD/2Estructura Geografica/2Elementos Geograficos/Edicion Elemento Geografico/input_Nombre elemento'

2023-08-14 10:34:57 - [TEST_STEP][PASSED] - click(findTestObject("WIZARD/2Estructura Geografica/2Elementos Geograficos/Edicion Elemento Geografico/btn_Nuevo")): Object: 'Object Repository/WIZARD/2Estructura Geografica/2Elementos Geograficos/Edicion Elemento Geografico/btn_Nuevo' is clicked on

2023-08-14 10:34:57 - [MESSAGE][PASSED] - Object: 'Object Repository/WIZARD/2Estructura Geografica/2Elementos Geograficos/Edicion Elemento Geografico/btn_Nuevo' is clicked on

2023-08-14 10:34:57 - [TEST_STEP][PASSED] - delay(3): Delayed 3 second(s)

2023-08-14 10:35:00 - [MESSAGE][PASSED] - Delayed 3 second(s)

2023-08-14 10:35:00 - [TEST_STEP][PASSED] - click(findTestObject("WIZARD/2Estructura Geografica/2Elementos Geograficos/Niveles Geograficos/option_Departamento")): Object: 'Object Repository/WIZARD/2Estructura Geografica/2Elementos Geograficos/Niveles Geograficos/option_Departamento' is clicked on

2023-08-14 10:35:00 - [MESSAGE][PASSED] - Object: 'Object Repository/WIZARD/2Estructura Geografica/2Elementos Geograficos/Niveles Geograficos/option_Departamento' is clicked on

2023-08-14 10:35:00 - [TEST_STEP][PASSED] - delay(3): Delayed 3 second(s)

2023-08-14 10:35:03 - [MESSAGE][PASSED] - Delayed 3 second(s)

2023-08-14 10:35:03 - [TEST_STEP][PASSED] - setText(findTestObject("WIZARD/2Estructura Geografica/2Elementos Geograficos/Edicion Elemento Geografico/input_Nombre elemento"), "Dpto Virtual"): Text 'Dpto Virtual' is set on object 'Object Repository/WIZARD/2Estructura Geografica/2Elementos Geograficos/Edicion Elemento Geografico/input_Nombre elemento'

2023-08-14 10:35:04 - [MESSAGE][PASSED] - Text 'Dpto Virtual' is set on object 'Object Repository/WIZARD/2Estructura Geografica/2Elementos Geograficos/Edicion Elemento Geografico/input_Nombre elemento'

2023-08-14 10:35:04 - [TEST_STEP][PASSED] - click(findTestObject("WIZARD/2Estructura Geografica/2Elementos Geograficos/Edicion Elemento Geografico/btn_Nuevo")): Object: 'Object Repository/WIZARD/2Estructura Geografica/2Elementos Geograficos/Edicion Elemento Geografico/btn_Nuevo' is clicked on

2023-08-14 10:35:05 - [MESSAGE][PASSED] - Object: 'Object Repository/WIZARD/2Estructura Geografica/2Elementos Geograficos/Edicion Elemento Geografico/btn_Nuevo' is clicked on

2023-08-14 10:35:05 - [TEST_STEP][PASSED] - delay(3): Delayed 3 second(s)

2023-08-14 10:35:08 - [MESSAGE][PASSED] - Delayed 3 second(s)

2023-08-14 10:35:08 - [TEST_STEP][PASSED] - click(findTestObject("WIZARD/2Estructura Geografica/2Elementos Geograficos/Niveles Geograficos/option_Departamento")): Object: 'Object Repository/WIZARD/2Estructura Geografica/2Elementos Geograficos/Niveles Geograficos/option_Departamento' is clicked on

2023-08-14 10:35:08 - [MESSAGE][PASSED] - Object: 'Object Repository/WIZARD/2Estructura Geografica/2Elementos Geograficos/Niveles Geograficos/option_Departamento' is clicked on

2023-08-14 10:35:08 - [TEST_STEP][PASSED] - delay(3): Delayed 3 second(s)

2023-08-14 10:35:11 - [MESSAGE][PASSED] - Delayed 3 second(s)

2023-08-14 10:35:11 - [TEST_STEP][PASSED] - setText(findTestObject("WIZARD/2Estructura Geografica/2Elementos Geograficos/Edicion Elemento Geografico/input_Nombre elemento"), "Dpto WorkFlow"): Text 'Dpto WorkFlow' is set on object 'Object Repository/WIZARD/2Estructura Geografica/2Elementos Geograficos/Edicion Elemento Geografico/input_Nombre elemento'

2023-08-14 10:35:12 - [MESSAGE][PASSED] - Text 'Dpto WorkFlow' is set on object 'Object Repository/WIZARD/2Estructura Geografica/2Elementos Geograficos/Edicion Elemento Geografico/input_Nombre elemento'

2023-08-14 10:35:12 - [TEST_STEP][PASSED] - click(findTestObject("WIZARD/2Estructura Geografica/2Elementos Geograficos/Edicion Elemento Geografico/btn_Nuevo")): Object: 'Object Repository/WIZARD/2Estructura Geografica/2Elementos Geograficos/Edicion Elemento Geografico/btn_Nuevo' is clicked on

2023-08-14 10:35:12 - [MESSAGE][PASSED] - Object: 'Object Repository/WIZARD/2Estructura Geografica/2Elementos Geograficos/Edicion Elemento Geografico/btn_Nuevo' is clicked on

2023-08-14 10:35:12 - [TEST_STEP][PASSED] - delay(3): Delayed 3 second(s)

2023-08-14 10:35:15 - [MESSAGE][PASSED] - Delayed 3 second(s)

2023-08-14 10:35:15 - [TEST_STEP][PASSED] - click(findTestObject("WIZARD/2Estructura Geografica/2Elementos Geograficos/Niveles Geograficos/option_Departamento")): Object: 'Object Repository/WIZARD/2Estructura Geografica/2Elementos Geograficos/Niveles Geograficos/option_Departamento' is clicked on

2023-08-14 10:35:16 - [MESSAGE][PASSED] - Object: 'Object Repository/WIZARD/2Estructura Geografica/2Elementos Geograficos/Niveles Geograficos/option_Departamento' is clicked on

2023-08-14 10:35:16 - [TEST_STEP][PASSED] - delay(3): Delayed 3 second(s)

2023-08-14 10:35:19 - [MESSAGE][PASSED] - Delayed 3 second(s)

2023-08-14 10:35:19 - [TEST_STEP][PASSED] - setText(findTestObject("WIZARD/2Estructura Geografica/2Elementos Geograficos/Edicion Elemento Geografico/input_Nombre elemento"), "Antioquia"): Text 'Antioquia' is set on object 'Object Repository/WIZARD/2Estructura Geografica/2Elementos Geograficos/Edicion Elemento Geografico/input_Nombre elemento'

2023-08-14 10:35:20 - [MESSAGE][PASSED] - Text 'Antioquia' is set on object 'Object Repository/WIZARD/2Estructura Geografica/2Elementos Geograficos/Edicion Elemento Geografico/input_Nombre elemento'

2023-08-14 10:35:20 - [TEST_STEP][PASSED] - click(findTestObject("WIZARD/2Estructura Geografica/2Elementos Geograficos/Edicion Elemento Geografico/btn_Nuevo")): Object: 'Object Repository/WIZARD/2Estructura Geografica/2Elementos Geograficos/Edicion Elemento Geografico/btn_Nuevo' is clicked on

2023-08-14 10:35:20 - [MESSAGE][PASSED] - Object: 'Object Repository/WIZARD/2Estructura Geografica/2Elementos Geograficos/Edicion Elemento Geografico/btn_Nuevo' is clicked on

2023-08-14 10:35:20 - [TEST_STEP][PASSED] - delay(3): Delayed 3 second(s)

2023-08-14 10:35:23 - [MESSAGE][PASSED] - Delayed 3 second(s)

2023-08-14 10:35:23 - [TEST_STEP][PASSED] - takeFullPageScreenshot(): Taking screenshot successfully

2023-08-14 10:35:24 - [MESSAGE][INFO] - 0 hidden object(s)

2023-08-14 10:35:24 - [MESSAGE][PASSED] - Taking screenshot successfully
[[ATTACHMENT|C:\\CIEL INGENIERIA\\Katalon\\Digiturno55\\Reports\\20230814_103032\\WIZARD\\2Estructura Geografica\\4.2 Crear Elementos Geograficos Departamento\\20230814_103038\\1692027323498.png]]

2023-08-14 10:35:24 - [TEST_STEP][PASSED] - delay(3): Delayed 3 second(s)

2023-08-14 10:35:27 - [MESSAGE][PASSED] - Delayed 3 second(s)

2023-08-14 10:35:27 - [TEST_STEP][PASSED] - Start listener action : sampleAfterTestCase: null]]></system-out>
         <system-err><![CDATA[]]></system-err>
      </testcase>
      <system-out><![CDATA[2023-08-14 10:34:06 - [TEST_SUITE][PASSED] - 4.2 Crear Elementos Geograficos Departamento: Test Cases/WIZARD/2Estructura Geografica/4.2 Crear Elementos Geograficos Departamento]]></system-out>
      <system-err><![CDATA[]]></system-err>
   </testsuite>
</testsuites>
