<?xml version="1.0" encoding="UTF-8"?>
<testsuites name="5.1 Crear Oficina Bogota" time="89.006" tests="1" failures="0" errors="0">
   <testsuite name="5.1 Crear Oficina Bogota" tests="1" failures="0" errors="0" time="89.006" skipped="0" timestamp="2024-03-11 10:12:33" hostname="jdavila - PCPruebas101.ciel.cielingenieria.com" id="Test Suites/WIZARD/3Infraestructura/1Oficinas/5.1 Crear Oficina Bogota">
      <properties>
         <property name="deviceName" value=""/>
         <property name="devicePlatform" value=""/>
         <property name="logFolder" value="C:\\CIEL INGENIERIA\\Katalon\\Digiturno55\\Reports\\20240311_101053\\WIZARD\\3Infraestructura\\1Oficinas\\5.1 Crear Oficina Bogota\\20240311_101055"/>
         <property name="logFiles" value="C:\\CIEL INGENIERIA\\Katalon\\Digiturno55\\Reports\\20240311_101053\\WIZARD\\3Infraestructura\\1Oficinas\\5.1 Crear Oficina Bogota\\20240311_101055\\execution0.log"/>
         <property name="attachments" value="C:\\CIEL INGENIERIA\\Katalon\\Digiturno55\\Reports\\20240311_101053\\WIZARD\\3Infraestructura\\1Oficinas\\5.1 Crear Oficina Bogota\\20240311_101055\\1710170039041.png"/>
         <property name="hostName" value="jdavila - PCPruebas101.ciel.cielingenieria.com"/>
         <property name="os" value="Windows 10 64bit"/>
         <property name="katalonVersion" value="8.6.8.208"/>
         <property name="browser" value="Chrome 122.0.0.0"/>
         <property name="hostAddress" value="192.168.91.14"/>
         <property name="sessionId" value="c0a41d1d0eb621fe27e7a9062116f1f1"/>
         <property name="seleniumVersion" value="3.141.59"/>
         <property name="proxyInformation" value="ProxyInformation { proxyOption=NO_PROXY, proxyServerType=HTTP, username=, password=********, proxyServerAddress=, proxyServerPort=0, executionList=&quot;&quot;, isApplyToDesiredCapabilities=true }"/>
         <property name="platform" value="Windows 10"/>
      </properties>
      <testcase name="Test Cases/WIZARD/3Infraestructura/1Oficinas/5.1 Crear Oficina Bogota" time="88.756" classname="Test Cases/WIZARD/3Infraestructura/1Oficinas/5.1 Crear Oficina Bogota" status="PASSED">
         <system-out><![CDATA[2024-03-11 10:12:34 - [TEST_CASE][PASSED] - Test Cases/WIZARD/3Infraestructura/1Oficinas/5.1 Crear Oficina Bogota: Test Cases/WIZARD/3Infraestructura/1Oficinas/5.1 Crear Oficina Bogota

2024-03-11 10:12:34 - [TEST_STEP][PASSED] - callTestCase(findTestCase("0InicioSesion"), [:], STOP_ON_FAILURE): Call Test Case 'Test Cases/0InicioSesion' successfully

2024-03-11 10:12:34 - [TEST_CASE][PASSED] - Test Cases/0InicioSesion: Test Cases/0InicioSesion

2024-03-11 10:12:34 - [TEST_STEP][PASSED] - openBrowser(UrlDigiturno): Browser is opened with url: 'https://PCPruebas101.ciel.cielingenieria.com:8910'

2024-03-11 10:12:35 - [MESSAGE][INFO] - Starting 'Chrome' driver

2024-03-11 10:12:35 - [MESSAGE][INFO] - User set preference: ['args', '[--use-fake-ui-for-media-stream, --disable-notifications]']

2024-03-11 10:12:35 - [MESSAGE][INFO] - Action delay is set to 0 milliseconds

2024-03-11 10:12:38 - [MESSAGE][PASSED] - Browser is opened with url: 'https://PCPruebas101.ciel.cielingenieria.com:8910'

2024-03-11 10:12:38 - [TEST_STEP][PASSED] - maximizeWindow(): Current window maximized

2024-03-11 10:12:38 - [MESSAGE][PASSED] - Current window maximized

2024-03-11 10:12:38 - [TEST_STEP][PASSED] - delay(3): Delayed 3 second(s)

2024-03-11 10:12:41 - [MESSAGE][PASSED] - Delayed 3 second(s)

2024-03-11 10:12:41 - [TEST_STEP][PASSED] - setText(findTestObject("0Inicio Sesion/input_Usuario"), "Ciel"): Text 'Ciel' is set on object 'Object Repository/0Inicio Sesion/input_Usuario'

2024-03-11 10:12:42 - [MESSAGE][PASSED] - Text 'Ciel' is set on object 'Object Repository/0Inicio Sesion/input_Usuario'

2024-03-11 10:12:42 - [TEST_STEP][PASSED] - setText(findTestObject("0Inicio Sesion/input_Clave"), "digiturno"): Text 'digiturno' is set on object 'Object Repository/0Inicio Sesion/input_Clave'

2024-03-11 10:12:42 - [MESSAGE][PASSED] - Text 'digiturno' is set on object 'Object Repository/0Inicio Sesion/input_Clave'

2024-03-11 10:12:42 - [TEST_STEP][PASSED] - click(findTestObject("0Inicio Sesion/btn_IniciarSesion")): Object: 'Object Repository/0Inicio Sesion/btn_IniciarSesion' is clicked on

2024-03-11 10:12:43 - [MESSAGE][PASSED] - Object: 'Object Repository/0Inicio Sesion/btn_IniciarSesion' is clicked on

2024-03-11 10:12:43 - [TEST_STEP][PASSED] - delay(3): Delayed 3 second(s)

2024-03-11 10:12:46 - [MESSAGE][PASSED] - Delayed 3 second(s)

2024-03-11 10:12:46 - [MESSAGE][PASSED] - Call Test Case 'Test Cases/0InicioSesion' successfully

2024-03-11 10:12:46 - [TEST_STEP][PASSED] - click(findTestObject("WIZARD/0Principal/img_InfraestructuraMAX")): Object: 'Object Repository/WIZARD/0Principal/img_InfraestructuraMAX' is clicked on

2024-03-11 10:13:16 - [MESSAGE][PASSED] - Object: 'Object Repository/WIZARD/0Principal/img_InfraestructuraMAX' is clicked on

2024-03-11 10:13:16 - [TEST_STEP][PASSED] - delay(3): Delayed 3 second(s)

2024-03-11 10:13:19 - [MESSAGE][PASSED] - Delayed 3 second(s)

2024-03-11 10:13:19 - [TEST_STEP][PASSED] - click(findTestObject("WIZARD/3Infraestructura/0Menu/span_Oficinas")): Object: 'Object Repository/WIZARD/3Infraestructura/0Menu/span_Oficinas' is clicked on

2024-03-11 10:13:21 - [MESSAGE][PASSED] - Object: 'Object Repository/WIZARD/3Infraestructura/0Menu/span_Oficinas' is clicked on

2024-03-11 10:13:21 - [TEST_STEP][PASSED] - delay(3): Delayed 3 second(s)

2024-03-11 10:13:24 - [MESSAGE][PASSED] - Delayed 3 second(s)

2024-03-11 10:13:24 - [TEST_STEP][PASSED] - selectOptionByLabel(findTestObject("WIZARD/3Infraestructura/1Oficinas/2Edicion/Edicion/select_Pais"), "Colombia", false): All options with label 'Colombia' are selected in object 'Object Repository/WIZARD/3Infraestructura/1Oficinas/2Edicion/Edicion/select_Pais' 

2024-03-11 10:13:24 - [MESSAGE][PASSED] - All options with label 'Colombia' are selected in object 'Object Repository/WIZARD/3Infraestructura/1Oficinas/2Edicion/Edicion/select_Pais' 

2024-03-11 10:13:24 - [TEST_STEP][PASSED] - delay(2): Delayed 2 second(s)

2024-03-11 10:13:26 - [MESSAGE][PASSED] - Delayed 2 second(s)

2024-03-11 10:13:26 - [TEST_STEP][PASSED] - selectOptionByLabel(findTestObject("WIZARD/3Infraestructura/1Oficinas/2Edicion/Edicion/select_Departamento"), "Cundinamarca", false): All options with label 'Cundinamarca' are selected in object 'Object Repository/WIZARD/3Infraestructura/1Oficinas/2Edicion/Edicion/select_Departamento' 

2024-03-11 10:13:27 - [MESSAGE][PASSED] - All options with label 'Cundinamarca' are selected in object 'Object Repository/WIZARD/3Infraestructura/1Oficinas/2Edicion/Edicion/select_Departamento' 

2024-03-11 10:13:27 - [TEST_STEP][PASSED] - delay(2): Delayed 2 second(s)

2024-03-11 10:13:29 - [MESSAGE][PASSED] - Delayed 2 second(s)

2024-03-11 10:13:29 - [TEST_STEP][PASSED] - selectOptionByLabel(findTestObject("WIZARD/3Infraestructura/1Oficinas/2Edicion/Edicion/select_Ciudad"), "Bogota", false): All options with label 'Bogota' are selected in object 'Object Repository/WIZARD/3Infraestructura/1Oficinas/2Edicion/Edicion/select_Ciudad' 

2024-03-11 10:13:30 - [MESSAGE][PASSED] - All options with label 'Bogota' are selected in object 'Object Repository/WIZARD/3Infraestructura/1Oficinas/2Edicion/Edicion/select_Ciudad' 

2024-03-11 10:13:30 - [TEST_STEP][PASSED] - delay(2): Delayed 2 second(s)

2024-03-11 10:13:32 - [MESSAGE][PASSED] - Delayed 2 second(s)

2024-03-11 10:13:32 - [TEST_STEP][PASSED] - setText(findTestObject("WIZARD/3Infraestructura/1Oficinas/2Edicion/Edicion/input_Nombre"), "Bogota - CIEL"): Text 'Bogota - CIEL' is set on object 'Object Repository/WIZARD/3Infraestructura/1Oficinas/2Edicion/Edicion/input_Nombre'

2024-03-11 10:13:33 - [MESSAGE][PASSED] - Text 'Bogota - CIEL' is set on object 'Object Repository/WIZARD/3Infraestructura/1Oficinas/2Edicion/Edicion/input_Nombre'

2024-03-11 10:13:33 - [TEST_STEP][PASSED] - selectOptionByLabel(findTestObject("WIZARD/3Infraestructura/1Oficinas/2Edicion/Edicion/select_Nivel de Pregunta"), "Ninguno", false): All options with label 'Ninguno' are selected in object 'Object Repository/WIZARD/3Infraestructura/1Oficinas/2Edicion/Edicion/select_Nivel de Pregunta' 

2024-03-11 10:13:34 - [MESSAGE][PASSED] - All options with label 'Ninguno' are selected in object 'Object Repository/WIZARD/3Infraestructura/1Oficinas/2Edicion/Edicion/select_Nivel de Pregunta' 

2024-03-11 10:13:34 - [TEST_STEP][PASSED] - delay(3): Delayed 3 second(s)

2024-03-11 10:13:37 - [MESSAGE][PASSED] - Delayed 3 second(s)

2024-03-11 10:13:37 - [TEST_STEP][PASSED] - setText(findTestObject("WIZARD/3Infraestructura/1Oficinas/2Edicion/Edicion/input_MaximoTurnosXCliente"), "2"): Text '2' is set on object 'Object Repository/WIZARD/3Infraestructura/1Oficinas/2Edicion/Edicion/input_MaximoTurnosXCliente'

2024-03-11 10:13:38 - [MESSAGE][PASSED] - Text '2' is set on object 'Object Repository/WIZARD/3Infraestructura/1Oficinas/2Edicion/Edicion/input_MaximoTurnosXCliente'

2024-03-11 10:13:38 - [TEST_STEP][PASSED] - setText(findTestObject("WIZARD/3Infraestructura/1Oficinas/2Edicion/Edicion/input_Nivel de servicio de espera"), "0"): Text '0' is set on object 'Object Repository/WIZARD/3Infraestructura/1Oficinas/2Edicion/Edicion/input_Nivel de servicio de espera'

2024-03-11 10:13:38 - [MESSAGE][PASSED] - Text '0' is set on object 'Object Repository/WIZARD/3Infraestructura/1Oficinas/2Edicion/Edicion/input_Nivel de servicio de espera'

2024-03-11 10:13:38 - [TEST_STEP][PASSED] - scrollToPosition(100, 800): Browser is scrolled to position x = 100, y = 800

2024-03-11 10:13:38 - [MESSAGE][PASSED] - Browser is scrolled to position x = 100, y = 800

2024-03-11 10:13:38 - [TEST_STEP][PASSED] - delay(3): Delayed 3 second(s)

2024-03-11 10:13:41 - [MESSAGE][PASSED] - Delayed 3 second(s)

2024-03-11 10:13:41 - [TEST_STEP][PASSED] - setText(findTestObject("WIZARD/3Infraestructura/1Oficinas/2Edicion/App/input_Nombre a mostrar"), "Bogotá - CIEL"): Text 'Bogotá - CIEL' is set on object 'Object Repository/WIZARD/3Infraestructura/1Oficinas/2Edicion/App/input_Nombre a mostrar'

2024-03-11 10:13:42 - [MESSAGE][PASSED] - Text 'Bogotá - CIEL' is set on object 'Object Repository/WIZARD/3Infraestructura/1Oficinas/2Edicion/App/input_Nombre a mostrar'

2024-03-11 10:13:42 - [TEST_STEP][PASSED] - setText(findTestObject("WIZARD/3Infraestructura/1Oficinas/2Edicion/App/input_Direccion"), "Calle 36 No 24-38"): Text 'Calle 36 No 24-38' is set on object 'Object Repository/WIZARD/3Infraestructura/1Oficinas/2Edicion/App/input_Direccion'

2024-03-11 10:13:43 - [MESSAGE][PASSED] - Text 'Calle 36 No 24-38' is set on object 'Object Repository/WIZARD/3Infraestructura/1Oficinas/2Edicion/App/input_Direccion'

2024-03-11 10:13:43 - [TEST_STEP][PASSED] - setText(findTestObject("WIZARD/3Infraestructura/1Oficinas/2Edicion/App/input_Numero de telefono"), "3279000"): Text '3279000' is set on object 'Object Repository/WIZARD/3Infraestructura/1Oficinas/2Edicion/App/input_Numero de telefono'

2024-03-11 10:13:44 - [MESSAGE][PASSED] - Text '3279000' is set on object 'Object Repository/WIZARD/3Infraestructura/1Oficinas/2Edicion/App/input_Numero de telefono'

2024-03-11 10:13:44 - [TEST_STEP][PASSED] - setText(findTestObject("WIZARD/3Infraestructura/1Oficinas/2Edicion/App/input_Distancia minima creacion turnos (m)"), "100"): Text '100' is set on object 'Object Repository/WIZARD/3Infraestructura/1Oficinas/2Edicion/App/input_Distancia minima creacion turnos (m)'

2024-03-11 10:13:45 - [MESSAGE][PASSED] - Text '100' is set on object 'Object Repository/WIZARD/3Infraestructura/1Oficinas/2Edicion/App/input_Distancia minima creacion turnos (m)'

2024-03-11 10:13:45 - [TEST_STEP][PASSED] - setText(findTestObject("WIZARD/3Infraestructura/1Oficinas/2Edicion/App/input_Cantidad de turnos para prellamado"), "2"): Text '2' is set on object 'Object Repository/WIZARD/3Infraestructura/1Oficinas/2Edicion/App/input_Cantidad de turnos para prellamado'

2024-03-11 10:13:45 - [MESSAGE][PASSED] - Text '2' is set on object 'Object Repository/WIZARD/3Infraestructura/1Oficinas/2Edicion/App/input_Cantidad de turnos para prellamado'

2024-03-11 10:13:45 - [TEST_STEP][PASSED] - delay(3): Delayed 3 second(s)

2024-03-11 10:13:48 - [MESSAGE][PASSED] - Delayed 3 second(s)

2024-03-11 10:13:48 - [TEST_STEP][PASSED] - setText(findTestObject("WIZARD/3Infraestructura/1Oficinas/2Edicion/App/input_Longitud"), "0.0000000000"): Text '0.0000000000' is set on object 'Object Repository/WIZARD/3Infraestructura/1Oficinas/2Edicion/App/input_Longitud'

2024-03-11 10:13:49 - [MESSAGE][PASSED] - Text '0.0000000000' is set on object 'Object Repository/WIZARD/3Infraestructura/1Oficinas/2Edicion/App/input_Longitud'

2024-03-11 10:13:49 - [TEST_STEP][PASSED] - setText(findTestObject("WIZARD/3Infraestructura/1Oficinas/2Edicion/App/input_Latitud"), "0.0000000000"): Text '0.0000000000' is set on object 'Object Repository/WIZARD/3Infraestructura/1Oficinas/2Edicion/App/input_Latitud'

2024-03-11 10:13:50 - [MESSAGE][PASSED] - Text '0.0000000000' is set on object 'Object Repository/WIZARD/3Infraestructura/1Oficinas/2Edicion/App/input_Latitud'

2024-03-11 10:13:50 - [TEST_STEP][PASSED] - delay(3): Delayed 3 second(s)

2024-03-11 10:13:53 - [MESSAGE][PASSED] - Delayed 3 second(s)

2024-03-11 10:13:53 - [TEST_STEP][PASSED] - scrollToPosition(0, 0): Browser is scrolled to position x = 0, y = 0

2024-03-11 10:13:53 - [MESSAGE][PASSED] - Browser is scrolled to position x = 0, y = 0

2024-03-11 10:13:53 - [TEST_STEP][PASSED] - delay(2): Delayed 2 second(s)

2024-03-11 10:13:55 - [MESSAGE][PASSED] - Delayed 2 second(s)

2024-03-11 10:13:55 - [TEST_STEP][PASSED] - click(findTestObject("WIZARD/3Infraestructura/1Oficinas/2Edicion/Edicion/img_Nuevo")): Object: 'Object Repository/WIZARD/3Infraestructura/1Oficinas/2Edicion/Edicion/img_Nuevo' is clicked on

2024-03-11 10:13:56 - [MESSAGE][PASSED] - Object: 'Object Repository/WIZARD/3Infraestructura/1Oficinas/2Edicion/Edicion/img_Nuevo' is clicked on

2024-03-11 10:13:56 - [TEST_STEP][PASSED] - delay(3): Delayed 3 second(s)

2024-03-11 10:13:59 - [MESSAGE][PASSED] - Delayed 3 second(s)

2024-03-11 10:13:59 - [TEST_STEP][PASSED] - takeFullPageScreenshot(): Taking screenshot successfully

2024-03-11 10:13:59 - [MESSAGE][INFO] - 0 hidden object(s)

2024-03-11 10:13:59 - [MESSAGE][PASSED] - Taking screenshot successfully
[[ATTACHMENT|C:\\CIEL INGENIERIA\\Katalon\\Digiturno55\\Reports\\20240311_101053\\WIZARD\\3Infraestructura\\1Oficinas\\5.1 Crear Oficina Bogota\\20240311_101055\\1710170039041.png]]

2024-03-11 10:13:59 - [TEST_STEP][PASSED] - delay(3): Delayed 3 second(s)

2024-03-11 10:14:02 - [MESSAGE][PASSED] - Delayed 3 second(s)

2024-03-11 10:14:02 - [TEST_STEP][PASSED] - Start listener action : sampleAfterTestCase: null]]></system-out>
         <system-err><![CDATA[]]></system-err>
      </testcase>
      <system-out><![CDATA[2024-03-11 10:12:33 - [TEST_SUITE][PASSED] - 5.1 Crear Oficina Bogota: Test Cases/WIZARD/3Infraestructura/1Oficinas/5.1 Crear Oficina Bogota]]></system-out>
      <system-err><![CDATA[]]></system-err>
   </testsuite>
</testsuites>
