<?xml version="1.0" encoding="UTF-8"?>
<testsuites name="5.3 Crear Grupos Manizales" time="83.87" tests="1" failures="0" errors="0">
   <testsuite name="5.3 Crear Grupos Manizales" tests="1" failures="0" errors="0" time="83.87" skipped="0" timestamp="2024-03-11 10:38:09" hostname="jdavila - PCPruebas101.ciel.cielingenieria.com" id="Test Suites/WIZARD/3Infraestructura/3Grupos/5.3 Crear Grupos Manizales">
      <properties>
         <property name="deviceName" value=""/>
         <property name="devicePlatform" value=""/>
         <property name="logFolder" value="C:\\CIEL INGENIERIA\\Katalon\\Digiturno55\\Reports\\20240311_101053\\WIZARD\\3Infraestructura\\3Grupos\\5.3 Crear Grupos Manizales\\20240311_101138"/>
         <property name="logFiles" value="C:\\CIEL INGENIERIA\\Katalon\\Digiturno55\\Reports\\20240311_101053\\WIZARD\\3Infraestructura\\3Grupos\\5.3 Crear Grupos Manizales\\20240311_101138\\execution0.log"/>
         <property name="attachments" value="C:\\CIEL INGENIERIA\\Katalon\\Digiturno55\\Reports\\20240311_101053\\WIZARD\\3Infraestructura\\3Grupos\\5.3 Crear Grupos Manizales\\20240311_101138\\1710171569806.png"/>
         <property name="hostName" value="jdavila - PCPruebas101.ciel.cielingenieria.com"/>
         <property name="os" value="Windows 10 64bit"/>
         <property name="katalonVersion" value="8.6.8.208"/>
         <property name="browser" value="Chrome 122.0.0.0"/>
         <property name="hostAddress" value="192.168.91.14"/>
         <property name="sessionId" value="a575ed2ec220299e3636a24b347f5a10"/>
         <property name="seleniumVersion" value="3.141.59"/>
         <property name="proxyInformation" value="ProxyInformation { proxyOption=NO_PROXY, proxyServerType=HTTP, username=, password=********, proxyServerAddress=, proxyServerPort=0, executionList=&quot;&quot;, isApplyToDesiredCapabilities=true }"/>
         <property name="platform" value="Windows 10"/>
      </properties>
      <testcase name="Test Cases/WIZARD/3Infraestructura/3Grupos/5.3 Crear Grupos Manizales" time="83.631" classname="Test Cases/WIZARD/3Infraestructura/3Grupos/5.3 Crear Grupos Manizales" status="PASSED">
         <system-out><![CDATA[2024-03-11 10:38:10 - [TEST_CASE][PASSED] - Test Cases/WIZARD/3Infraestructura/3Grupos/5.3 Crear Grupos Manizales: Test Cases/WIZARD/3Infraestructura/3Grupos/5.3 Crear Grupos Manizales

2024-03-11 10:38:10 - [TEST_STEP][PASSED] - callTestCase(findTestCase("0InicioSesion"), [:], STOP_ON_FAILURE): Call Test Case 'Test Cases/0InicioSesion' successfully

2024-03-11 10:38:10 - [TEST_CASE][PASSED] - Test Cases/0InicioSesion: Test Cases/0InicioSesion

2024-03-11 10:38:10 - [TEST_STEP][PASSED] - openBrowser(UrlDigiturno): Browser is opened with url: 'https://PCPruebas101.ciel.cielingenieria.com:8910'

2024-03-11 10:38:11 - [MESSAGE][INFO] - Starting 'Chrome' driver

2024-03-11 10:38:11 - [MESSAGE][INFO] - User set preference: ['args', '[--use-fake-ui-for-media-stream, --disable-notifications]']

2024-03-11 10:38:11 - [MESSAGE][INFO] - Action delay is set to 0 milliseconds

2024-03-11 10:38:14 - [MESSAGE][PASSED] - Browser is opened with url: 'https://PCPruebas101.ciel.cielingenieria.com:8910'

2024-03-11 10:38:14 - [TEST_STEP][PASSED] - maximizeWindow(): Current window maximized

2024-03-11 10:38:14 - [MESSAGE][PASSED] - Current window maximized

2024-03-11 10:38:14 - [TEST_STEP][PASSED] - delay(3): Delayed 3 second(s)

2024-03-11 10:38:17 - [MESSAGE][PASSED] - Delayed 3 second(s)

2024-03-11 10:38:17 - [TEST_STEP][PASSED] - setText(findTestObject("0Inicio Sesion/input_Usuario"), "Ciel"): Text 'Ciel' is set on object 'Object Repository/0Inicio Sesion/input_Usuario'

2024-03-11 10:38:18 - [MESSAGE][PASSED] - Text 'Ciel' is set on object 'Object Repository/0Inicio Sesion/input_Usuario'

2024-03-11 10:38:18 - [TEST_STEP][PASSED] - setText(findTestObject("0Inicio Sesion/input_Clave"), "digiturno"): Text 'digiturno' is set on object 'Object Repository/0Inicio Sesion/input_Clave'

2024-03-11 10:38:19 - [MESSAGE][PASSED] - Text 'digiturno' is set on object 'Object Repository/0Inicio Sesion/input_Clave'

2024-03-11 10:38:19 - [TEST_STEP][PASSED] - click(findTestObject("0Inicio Sesion/btn_IniciarSesion")): Object: 'Object Repository/0Inicio Sesion/btn_IniciarSesion' is clicked on

2024-03-11 10:38:19 - [MESSAGE][PASSED] - Object: 'Object Repository/0Inicio Sesion/btn_IniciarSesion' is clicked on

2024-03-11 10:38:19 - [TEST_STEP][PASSED] - delay(3): Delayed 3 second(s)

2024-03-11 10:38:22 - [MESSAGE][PASSED] - Delayed 3 second(s)

2024-03-11 10:38:22 - [MESSAGE][PASSED] - Call Test Case 'Test Cases/0InicioSesion' successfully

2024-03-11 10:38:22 - [TEST_STEP][PASSED] - click(findTestObject("WIZARD/0Principal/img_InfraestructuraMAX")): Object: 'Object Repository/WIZARD/0Principal/img_InfraestructuraMAX' is clicked on

2024-03-11 10:38:23 - [MESSAGE][PASSED] - Object: 'Object Repository/WIZARD/0Principal/img_InfraestructuraMAX' is clicked on

2024-03-11 10:38:23 - [TEST_STEP][PASSED] - delay(3): Delayed 3 second(s)

2024-03-11 10:38:26 - [MESSAGE][PASSED] - Delayed 3 second(s)

2024-03-11 10:38:26 - [TEST_STEP][PASSED] - click(findTestObject("WIZARD/3Infraestructura/0Menu/span_Grupos")): Object: 'Object Repository/WIZARD/3Infraestructura/0Menu/span_Grupos' is clicked on

2024-03-11 10:38:26 - [MESSAGE][PASSED] - Object: 'Object Repository/WIZARD/3Infraestructura/0Menu/span_Grupos' is clicked on

2024-03-11 10:38:26 - [TEST_STEP][PASSED] - delay(3): Delayed 3 second(s)

2024-03-11 10:38:29 - [MESSAGE][PASSED] - Delayed 3 second(s)

2024-03-11 10:38:29 - [TEST_STEP][PASSED] - click(findTestObject("WIZARD/3Infraestructura/3Grupos/Edicion/btn_Sala")): Object: 'Object Repository/WIZARD/3Infraestructura/3Grupos/Edicion/btn_Sala' is clicked on

2024-03-11 10:38:30 - [MESSAGE][PASSED] - Object: 'Object Repository/WIZARD/3Infraestructura/3Grupos/Edicion/btn_Sala' is clicked on

2024-03-11 10:38:30 - [TEST_STEP][PASSED] - delay(3): Delayed 3 second(s)

2024-03-11 10:38:33 - [MESSAGE][PASSED] - Delayed 3 second(s)

2024-03-11 10:38:33 - [TEST_STEP][PASSED] - click(findTestObject("WIZARD/3Infraestructura/3Grupos/Edicion/btn_Sala(1)/a_4Manizales - Sala General")): Object: 'Object Repository/WIZARD/3Infraestructura/3Grupos/Edicion/btn_Sala(1)/a_4Manizales - Sala General' is clicked on

2024-03-11 10:38:33 - [MESSAGE][PASSED] - Object: 'Object Repository/WIZARD/3Infraestructura/3Grupos/Edicion/btn_Sala(1)/a_4Manizales - Sala General' is clicked on

2024-03-11 10:38:33 - [TEST_STEP][PASSED] - delay(3): Delayed 3 second(s)

2024-03-11 10:38:36 - [MESSAGE][PASSED] - Delayed 3 second(s)

2024-03-11 10:38:36 - [TEST_STEP][PASSED] - setText(findTestObject("WIZARD/3Infraestructura/3Grupos/Edicion/input_Nombre"), "Grupo Información"): Text 'Grupo Información' is set on object 'Object Repository/WIZARD/3Infraestructura/3Grupos/Edicion/input_Nombre'

2024-03-11 10:38:37 - [MESSAGE][PASSED] - Text 'Grupo Información' is set on object 'Object Repository/WIZARD/3Infraestructura/3Grupos/Edicion/input_Nombre'

2024-03-11 10:38:37 - [TEST_STEP][PASSED] - setText(findTestObject("WIZARD/3Infraestructura/3Grupos/Edicion/textarea_Descripcion"), "Manizales - Grupo Información"): Text 'Manizales - Grupo Información' is set on object 'Object Repository/WIZARD/3Infraestructura/3Grupos/Edicion/textarea_Descripcion'

2024-03-11 10:38:38 - [MESSAGE][PASSED] - Text 'Manizales - Grupo Información' is set on object 'Object Repository/WIZARD/3Infraestructura/3Grupos/Edicion/textarea_Descripcion'

2024-03-11 10:38:38 - [TEST_STEP][PASSED] - scrollToPosition(0, 800): Browser is scrolled to position x = 0, y = 800

2024-03-11 10:38:38 - [MESSAGE][PASSED] - Browser is scrolled to position x = 0, y = 800

2024-03-11 10:38:38 - [TEST_STEP][PASSED] - selectOptionByLabel(findTestObject("WIZARD/3Infraestructura/3Grupos/Edicion/select_Nivel de visualizacion en Transferencias"), "Área", false): All options with label 'Área' are selected in object 'Object Repository/WIZARD/3Infraestructura/3Grupos/Edicion/select_Nivel de visualizacion en Transferencias' 

2024-03-11 10:38:39 - [MESSAGE][PASSED] - All options with label 'Área' are selected in object 'Object Repository/WIZARD/3Infraestructura/3Grupos/Edicion/select_Nivel de visualizacion en Transferencias' 

2024-03-11 10:38:39 - [TEST_STEP][PASSED] - delay(2): Delayed 2 second(s)

2024-03-11 10:38:41 - [MESSAGE][PASSED] - Delayed 2 second(s)

2024-03-11 10:38:41 - [TEST_STEP][PASSED] - selectOptionByLabel(findTestObject("WIZARD/3Infraestructura/3Grupos/Edicion/select_Nivel de visualizacion en Nuevo Servicio"), "Área", false): All options with label 'Área' are selected in object 'Object Repository/WIZARD/3Infraestructura/3Grupos/Edicion/select_Nivel de visualizacion en Nuevo Servicio' 

2024-03-11 10:38:42 - [MESSAGE][PASSED] - All options with label 'Área' are selected in object 'Object Repository/WIZARD/3Infraestructura/3Grupos/Edicion/select_Nivel de visualizacion en Nuevo Servicio' 

2024-03-11 10:38:42 - [TEST_STEP][PASSED] - delay(2): Delayed 2 second(s)

2024-03-11 10:38:44 - [MESSAGE][PASSED] - Delayed 2 second(s)

2024-03-11 10:38:44 - [TEST_STEP][PASSED] - scrollToPosition(0, 0): Browser is scrolled to position x = 0, y = 0

2024-03-11 10:38:44 - [MESSAGE][PASSED] - Browser is scrolled to position x = 0, y = 0

2024-03-11 10:38:44 - [TEST_STEP][PASSED] - click(findTestObject("WIZARD/3Infraestructura/3Grupos/Edicion/img_Nuevo")): Object: 'Object Repository/WIZARD/3Infraestructura/3Grupos/Edicion/img_Nuevo' is clicked on

2024-03-11 10:38:44 - [MESSAGE][PASSED] - Object: 'Object Repository/WIZARD/3Infraestructura/3Grupos/Edicion/img_Nuevo' is clicked on

2024-03-11 10:38:44 - [TEST_STEP][PASSED] - delay(3): Delayed 3 second(s)

2024-03-11 10:38:47 - [MESSAGE][PASSED] - Delayed 3 second(s)

2024-03-11 10:38:47 - [TEST_STEP][PASSED] - click(findTestObject("WIZARD/3Infraestructura/0Menu/span_Grupos")): Object: 'Object Repository/WIZARD/3Infraestructura/0Menu/span_Grupos' is clicked on

2024-03-11 10:38:48 - [MESSAGE][PASSED] - Object: 'Object Repository/WIZARD/3Infraestructura/0Menu/span_Grupos' is clicked on

2024-03-11 10:38:48 - [TEST_STEP][PASSED] - delay(3): Delayed 3 second(s)

2024-03-11 10:38:51 - [MESSAGE][PASSED] - Delayed 3 second(s)

2024-03-11 10:38:51 - [TEST_STEP][PASSED] - click(findTestObject("WIZARD/3Infraestructura/3Grupos/Edicion/btn_Sala")): Object: 'Object Repository/WIZARD/3Infraestructura/3Grupos/Edicion/btn_Sala' is clicked on

2024-03-11 10:38:51 - [MESSAGE][PASSED] - Object: 'Object Repository/WIZARD/3Infraestructura/3Grupos/Edicion/btn_Sala' is clicked on

2024-03-11 10:38:51 - [TEST_STEP][PASSED] - delay(3): Delayed 3 second(s)

2024-03-11 10:38:54 - [MESSAGE][PASSED] - Delayed 3 second(s)

2024-03-11 10:38:54 - [TEST_STEP][PASSED] - click(findTestObject("WIZARD/3Infraestructura/3Grupos/Edicion/btn_Sala(1)/a_4Manizales - Sala General")): Object: 'Object Repository/WIZARD/3Infraestructura/3Grupos/Edicion/btn_Sala(1)/a_4Manizales - Sala General' is clicked on

2024-03-11 10:38:55 - [MESSAGE][PASSED] - Object: 'Object Repository/WIZARD/3Infraestructura/3Grupos/Edicion/btn_Sala(1)/a_4Manizales - Sala General' is clicked on

2024-03-11 10:38:55 - [TEST_STEP][PASSED] - delay(3): Delayed 3 second(s)

2024-03-11 10:38:58 - [MESSAGE][PASSED] - Delayed 3 second(s)

2024-03-11 10:38:58 - [TEST_STEP][PASSED] - setText(findTestObject("WIZARD/3Infraestructura/3Grupos/Edicion/input_Nombre"), "Grupo PQRS"): Text 'Grupo PQRS' is set on object 'Object Repository/WIZARD/3Infraestructura/3Grupos/Edicion/input_Nombre'

2024-03-11 10:38:58 - [MESSAGE][PASSED] - Text 'Grupo PQRS' is set on object 'Object Repository/WIZARD/3Infraestructura/3Grupos/Edicion/input_Nombre'

2024-03-11 10:38:58 - [TEST_STEP][PASSED] - setText(findTestObject("WIZARD/3Infraestructura/3Grupos/Edicion/textarea_Descripcion"), "Manizales - PQRS"): Text 'Manizales - PQRS' is set on object 'Object Repository/WIZARD/3Infraestructura/3Grupos/Edicion/textarea_Descripcion'

2024-03-11 10:38:59 - [MESSAGE][PASSED] - Text 'Manizales - PQRS' is set on object 'Object Repository/WIZARD/3Infraestructura/3Grupos/Edicion/textarea_Descripcion'

2024-03-11 10:38:59 - [TEST_STEP][PASSED] - scrollToPosition(0, 800): Browser is scrolled to position x = 0, y = 800

2024-03-11 10:38:59 - [MESSAGE][PASSED] - Browser is scrolled to position x = 0, y = 800

2024-03-11 10:38:59 - [TEST_STEP][PASSED] - selectOptionByLabel(findTestObject("WIZARD/3Infraestructura/3Grupos/Edicion/select_Nivel de visualizacion en Transferencias"), "Área", false): All options with label 'Área' are selected in object 'Object Repository/WIZARD/3Infraestructura/3Grupos/Edicion/select_Nivel de visualizacion en Transferencias' 

2024-03-11 10:39:00 - [MESSAGE][PASSED] - All options with label 'Área' are selected in object 'Object Repository/WIZARD/3Infraestructura/3Grupos/Edicion/select_Nivel de visualizacion en Transferencias' 

2024-03-11 10:39:00 - [TEST_STEP][PASSED] - delay(2): Delayed 2 second(s)

2024-03-11 10:39:02 - [MESSAGE][PASSED] - Delayed 2 second(s)

2024-03-11 10:39:02 - [TEST_STEP][PASSED] - selectOptionByLabel(findTestObject("WIZARD/3Infraestructura/3Grupos/Edicion/select_Nivel de visualizacion en Nuevo Servicio"), "Área", false): All options with label 'Área' are selected in object 'Object Repository/WIZARD/3Infraestructura/3Grupos/Edicion/select_Nivel de visualizacion en Nuevo Servicio' 

2024-03-11 10:39:03 - [MESSAGE][PASSED] - All options with label 'Área' are selected in object 'Object Repository/WIZARD/3Infraestructura/3Grupos/Edicion/select_Nivel de visualizacion en Nuevo Servicio' 

2024-03-11 10:39:03 - [TEST_STEP][PASSED] - delay(2): Delayed 2 second(s)

2024-03-11 10:39:05 - [MESSAGE][PASSED] - Delayed 2 second(s)

2024-03-11 10:39:05 - [TEST_STEP][PASSED] - scrollToPosition(0, 0): Browser is scrolled to position x = 0, y = 0

2024-03-11 10:39:05 - [MESSAGE][PASSED] - Browser is scrolled to position x = 0, y = 0

2024-03-11 10:39:05 - [TEST_STEP][PASSED] - click(findTestObject("WIZARD/3Infraestructura/3Grupos/Edicion/img_Nuevo")): Object: 'Object Repository/WIZARD/3Infraestructura/3Grupos/Edicion/img_Nuevo' is clicked on

2024-03-11 10:39:05 - [MESSAGE][PASSED] - Object: 'Object Repository/WIZARD/3Infraestructura/3Grupos/Edicion/img_Nuevo' is clicked on

2024-03-11 10:39:05 - [TEST_STEP][PASSED] - delay(3): Delayed 3 second(s)

2024-03-11 10:39:08 - [MESSAGE][PASSED] - Delayed 3 second(s)

2024-03-11 10:39:08 - [TEST_STEP][PASSED] - click(findTestObject("WIZARD/3Infraestructura/0Menu/span_Grupos")): Object: 'Object Repository/WIZARD/3Infraestructura/0Menu/span_Grupos' is clicked on

2024-03-11 10:39:09 - [MESSAGE][PASSED] - Object: 'Object Repository/WIZARD/3Infraestructura/0Menu/span_Grupos' is clicked on

2024-03-11 10:39:09 - [TEST_STEP][PASSED] - delay(3): Delayed 3 second(s)

2024-03-11 10:39:12 - [MESSAGE][PASSED] - Delayed 3 second(s)

2024-03-11 10:39:12 - [TEST_STEP][PASSED] - click(findTestObject("WIZARD/3Infraestructura/3Grupos/Edicion/btn_Sala")): Object: 'Object Repository/WIZARD/3Infraestructura/3Grupos/Edicion/btn_Sala' is clicked on

2024-03-11 10:39:12 - [MESSAGE][PASSED] - Object: 'Object Repository/WIZARD/3Infraestructura/3Grupos/Edicion/btn_Sala' is clicked on

2024-03-11 10:39:12 - [TEST_STEP][PASSED] - delay(3): Delayed 3 second(s)

2024-03-11 10:39:15 - [MESSAGE][PASSED] - Delayed 3 second(s)

2024-03-11 10:39:15 - [TEST_STEP][PASSED] - click(findTestObject("WIZARD/3Infraestructura/3Grupos/Edicion/btn_Sala(1)/a_4Manizales - Sala General")): Object: 'Object Repository/WIZARD/3Infraestructura/3Grupos/Edicion/btn_Sala(1)/a_4Manizales - Sala General' is clicked on

2024-03-11 10:39:16 - [MESSAGE][PASSED] - Object: 'Object Repository/WIZARD/3Infraestructura/3Grupos/Edicion/btn_Sala(1)/a_4Manizales - Sala General' is clicked on

2024-03-11 10:39:16 - [TEST_STEP][PASSED] - delay(3): Delayed 3 second(s)

2024-03-11 10:39:19 - [MESSAGE][PASSED] - Delayed 3 second(s)

2024-03-11 10:39:19 - [TEST_STEP][PASSED] - setText(findTestObject("WIZARD/3Infraestructura/3Grupos/Edicion/input_Nombre"), "Grupo Radicaciones"): Text 'Grupo Radicaciones' is set on object 'Object Repository/WIZARD/3Infraestructura/3Grupos/Edicion/input_Nombre'

2024-03-11 10:39:19 - [MESSAGE][PASSED] - Text 'Grupo Radicaciones' is set on object 'Object Repository/WIZARD/3Infraestructura/3Grupos/Edicion/input_Nombre'

2024-03-11 10:39:19 - [TEST_STEP][PASSED] - setText(findTestObject("WIZARD/3Infraestructura/3Grupos/Edicion/textarea_Descripcion"), "Manizales - Radicaciones"): Text 'Manizales - Radicaciones' is set on object 'Object Repository/WIZARD/3Infraestructura/3Grupos/Edicion/textarea_Descripcion'

2024-03-11 10:39:20 - [MESSAGE][PASSED] - Text 'Manizales - Radicaciones' is set on object 'Object Repository/WIZARD/3Infraestructura/3Grupos/Edicion/textarea_Descripcion'

2024-03-11 10:39:20 - [TEST_STEP][PASSED] - scrollToPosition(0, 800): Browser is scrolled to position x = 0, y = 800

2024-03-11 10:39:20 - [MESSAGE][PASSED] - Browser is scrolled to position x = 0, y = 800

2024-03-11 10:39:20 - [TEST_STEP][PASSED] - selectOptionByLabel(findTestObject("WIZARD/3Infraestructura/3Grupos/Edicion/select_Nivel de visualizacion en Transferencias"), "Área", false): All options with label 'Área' are selected in object 'Object Repository/WIZARD/3Infraestructura/3Grupos/Edicion/select_Nivel de visualizacion en Transferencias' 

2024-03-11 10:39:21 - [MESSAGE][PASSED] - All options with label 'Área' are selected in object 'Object Repository/WIZARD/3Infraestructura/3Grupos/Edicion/select_Nivel de visualizacion en Transferencias' 

2024-03-11 10:39:21 - [TEST_STEP][PASSED] - delay(2): Delayed 2 second(s)

2024-03-11 10:39:23 - [MESSAGE][PASSED] - Delayed 2 second(s)

2024-03-11 10:39:23 - [TEST_STEP][PASSED] - selectOptionByLabel(findTestObject("WIZARD/3Infraestructura/3Grupos/Edicion/select_Nivel de visualizacion en Nuevo Servicio"), "Área", false): All options with label 'Área' are selected in object 'Object Repository/WIZARD/3Infraestructura/3Grupos/Edicion/select_Nivel de visualizacion en Nuevo Servicio' 

2024-03-11 10:39:24 - [MESSAGE][PASSED] - All options with label 'Área' are selected in object 'Object Repository/WIZARD/3Infraestructura/3Grupos/Edicion/select_Nivel de visualizacion en Nuevo Servicio' 

2024-03-11 10:39:24 - [TEST_STEP][PASSED] - delay(2): Delayed 2 second(s)

2024-03-11 10:39:26 - [MESSAGE][PASSED] - Delayed 2 second(s)

2024-03-11 10:39:26 - [TEST_STEP][PASSED] - scrollToPosition(0, 0): Browser is scrolled to position x = 0, y = 0

2024-03-11 10:39:26 - [MESSAGE][PASSED] - Browser is scrolled to position x = 0, y = 0

2024-03-11 10:39:26 - [TEST_STEP][PASSED] - click(findTestObject("WIZARD/3Infraestructura/3Grupos/Edicion/img_Nuevo")): Object: 'Object Repository/WIZARD/3Infraestructura/3Grupos/Edicion/img_Nuevo' is clicked on

2024-03-11 10:39:26 - [MESSAGE][PASSED] - Object: 'Object Repository/WIZARD/3Infraestructura/3Grupos/Edicion/img_Nuevo' is clicked on

2024-03-11 10:39:26 - [TEST_STEP][PASSED] - delay(3): Delayed 3 second(s)

2024-03-11 10:39:29 - [MESSAGE][PASSED] - Delayed 3 second(s)

2024-03-11 10:39:29 - [TEST_STEP][PASSED] - takeFullPageScreenshot(): Taking screenshot successfully

2024-03-11 10:39:30 - [MESSAGE][INFO] - 0 hidden object(s)

2024-03-11 10:39:30 - [MESSAGE][PASSED] - Taking screenshot successfully
[[ATTACHMENT|C:\\CIEL INGENIERIA\\Katalon\\Digiturno55\\Reports\\20240311_101053\\WIZARD\\3Infraestructura\\3Grupos\\5.3 Crear Grupos Manizales\\20240311_101138\\1710171569806.png]]

2024-03-11 10:39:30 - [TEST_STEP][PASSED] - delay(3): Delayed 3 second(s)

2024-03-11 10:39:33 - [MESSAGE][PASSED] - Delayed 3 second(s)

2024-03-11 10:39:33 - [TEST_STEP][PASSED] - Start listener action : sampleAfterTestCase: null]]></system-out>
         <system-err><![CDATA[]]></system-err>
      </testcase>
      <system-out><![CDATA[2024-03-11 10:38:09 - [TEST_SUITE][PASSED] - 5.3 Crear Grupos Manizales: Test Cases/WIZARD/3Infraestructura/3Grupos/5.3 Crear Grupos Manizales]]></system-out>
      <system-err><![CDATA[]]></system-err>
   </testsuite>
</testsuites>
