<?xml version="1.0" encoding="UTF-8"?>
<testsuites name="5.6 Creacion Columnas Tablero Virtual" time="63.578" tests="1" failures="0" errors="0">
   <testsuite name="5.6 Creacion Columnas Tablero Virtual" tests="1" failures="0" errors="0" time="63.578" skipped="0" timestamp="2024-01-15 10:43:12" hostname="jdavila - PCPruebas101.ciel.cielingenieria.com" id="Test Suites/WIZARD/3Infraestructura/6Tableros/5.6 Creacion Columnas Tablero Virtual">
      <properties>
         <property name="deviceName" value=""/>
         <property name="devicePlatform" value=""/>
         <property name="logFolder" value="C:\\CIEL INGENIERIA\\Katalon\\Digiturno55\\Reports\\20240115_094157\\WIZARD\\3Infraestructura\\6Tableros\\5.6 Creacion Columnas Tablero Virtual\\20240115_094321"/>
         <property name="logFiles" value="C:\\CIEL INGENIERIA\\Katalon\\Digiturno55\\Reports\\20240115_094157\\WIZARD\\3Infraestructura\\6Tableros\\5.6 Creacion Columnas Tablero Virtual\\20240115_094321\\execution0.log"/>
         <property name="attachments" value="C:\\CIEL INGENIERIA\\Katalon\\Digiturno55\\Reports\\20240115_094157\\WIZARD\\3Infraestructura\\6Tableros\\5.6 Creacion Columnas Tablero Virtual\\20240115_094321\\1705333451970.png"/>
         <property name="hostName" value="jdavila - PCPruebas101.ciel.cielingenieria.com"/>
         <property name="os" value="Windows 10 64bit"/>
         <property name="katalonVersion" value="8.6.8.208"/>
         <property name="browser" value="Chrome 120.0.0.0"/>
         <property name="hostAddress" value="192.168.0.9"/>
         <property name="sessionId" value="298b35073b3ff75cf7d7affb8bace8bc"/>
         <property name="seleniumVersion" value="3.141.59"/>
         <property name="proxyInformation" value="ProxyInformation { proxyOption=NO_PROXY, proxyServerType=HTTP, username=, password=********, proxyServerAddress=, proxyServerPort=0, executionList=&quot;&quot;, isApplyToDesiredCapabilities=true }"/>
         <property name="platform" value="Windows 10"/>
      </properties>
      <testcase name="Test Cases/WIZARD/3Infraestructura/6Tableros/5.6 Creacion Columnas Tablero Virtual" time="63.346" classname="Test Cases/WIZARD/3Infraestructura/6Tableros/5.6 Creacion Columnas Tablero Virtual" status="PASSED">
         <system-out><![CDATA[2024-01-15 10:43:12 - [TEST_CASE][PASSED] - Test Cases/WIZARD/3Infraestructura/6Tableros/5.6 Creacion Columnas Tablero Virtual: Test Cases/WIZARD/3Infraestructura/6Tableros/5.6 Creacion Columnas Tablero Virtual

2024-01-15 10:43:12 - [TEST_STEP][PASSED] - callTestCase(findTestCase("0InicioSesion"), [:], STOP_ON_FAILURE): Call Test Case 'Test Cases/0InicioSesion' successfully

2024-01-15 10:43:12 - [TEST_CASE][PASSED] - Test Cases/0InicioSesion: Test Cases/0InicioSesion

2024-01-15 10:43:13 - [TEST_STEP][PASSED] - openBrowser(UrlDigiturno): Browser is opened with url: 'https://PCPruebas101.ciel.cielingenieria.com:8610'

2024-01-15 10:43:13 - [MESSAGE][INFO] - Starting 'Chrome' driver

2024-01-15 10:43:13 - [MESSAGE][INFO] - User set preference: ['args', '[--use-fake-ui-for-media-stream, --disable-notifications]']

2024-01-15 10:43:13 - [MESSAGE][INFO] - Action delay is set to 0 milliseconds

2024-01-15 10:43:16 - [MESSAGE][PASSED] - Browser is opened with url: 'https://PCPruebas101.ciel.cielingenieria.com:8610'

2024-01-15 10:43:16 - [TEST_STEP][PASSED] - maximizeWindow(): Current window maximized

2024-01-15 10:43:16 - [MESSAGE][PASSED] - Current window maximized

2024-01-15 10:43:16 - [TEST_STEP][PASSED] - delay(3): Delayed 3 second(s)

2024-01-15 10:43:19 - [MESSAGE][PASSED] - Delayed 3 second(s)

2024-01-15 10:43:19 - [TEST_STEP][PASSED] - setText(findTestObject("0Inicio Sesion/input_Usuario"), "Ciel"): Text 'Ciel' is set on object 'Object Repository/0Inicio Sesion/input_Usuario'

2024-01-15 10:43:20 - [MESSAGE][PASSED] - Text 'Ciel' is set on object 'Object Repository/0Inicio Sesion/input_Usuario'

2024-01-15 10:43:20 - [TEST_STEP][PASSED] - setText(findTestObject("0Inicio Sesion/input_Clave"), "digiturno"): Text 'digiturno' is set on object 'Object Repository/0Inicio Sesion/input_Clave'

2024-01-15 10:43:21 - [MESSAGE][PASSED] - Text 'digiturno' is set on object 'Object Repository/0Inicio Sesion/input_Clave'

2024-01-15 10:43:21 - [TEST_STEP][PASSED] - click(findTestObject("0Inicio Sesion/btn_IniciarSesion")): Object: 'Object Repository/0Inicio Sesion/btn_IniciarSesion' is clicked on

2024-01-15 10:43:21 - [MESSAGE][PASSED] - Object: 'Object Repository/0Inicio Sesion/btn_IniciarSesion' is clicked on

2024-01-15 10:43:21 - [TEST_STEP][PASSED] - delay(3): Delayed 3 second(s)

2024-01-15 10:43:24 - [MESSAGE][PASSED] - Delayed 3 second(s)

2024-01-15 10:43:24 - [MESSAGE][PASSED] - Call Test Case 'Test Cases/0InicioSesion' successfully

2024-01-15 10:43:24 - [TEST_STEP][PASSED] - click(findTestObject("WIZARD/0Principal/img_InfraestructuraMAX")): Object: 'Object Repository/WIZARD/0Principal/img_InfraestructuraMAX' is clicked on

2024-01-15 10:43:25 - [MESSAGE][PASSED] - Object: 'Object Repository/WIZARD/0Principal/img_InfraestructuraMAX' is clicked on

2024-01-15 10:43:25 - [TEST_STEP][PASSED] - delay(3): Delayed 3 second(s)

2024-01-15 10:43:28 - [MESSAGE][PASSED] - Delayed 3 second(s)

2024-01-15 10:43:28 - [TEST_STEP][PASSED] - click(findTestObject("WIZARD/3Infraestructura/0Menu/span_Tableros")): Object: 'Object Repository/WIZARD/3Infraestructura/0Menu/span_Tableros' is clicked on

2024-01-15 10:43:29 - [MESSAGE][PASSED] - Object: 'Object Repository/WIZARD/3Infraestructura/0Menu/span_Tableros' is clicked on

2024-01-15 10:43:29 - [TEST_STEP][PASSED] - delay(3): Delayed 3 second(s)

2024-01-15 10:43:32 - [MESSAGE][PASSED] - Delayed 3 second(s)

2024-01-15 10:43:32 - [TEST_STEP][PASSED] - click(findTestObject("WIZARD/3Infraestructura/6Tableros/0OficinaModal/td_Virtual - Oficina Virtual")): Object: 'Object Repository/WIZARD/3Infraestructura/6Tableros/0OficinaModal/td_Virtual - Oficina Virtual' is clicked on

2024-01-15 10:43:32 - [MESSAGE][PASSED] - Object: 'Object Repository/WIZARD/3Infraestructura/6Tableros/0OficinaModal/td_Virtual - Oficina Virtual' is clicked on

2024-01-15 10:43:32 - [TEST_STEP][PASSED] - delay(3): Delayed 3 second(s)

2024-01-15 10:43:35 - [MESSAGE][PASSED] - Delayed 3 second(s)

2024-01-15 10:43:35 - [TEST_STEP][PASSED] - click(findTestObject("WIZARD/3Infraestructura/6Tableros/Lista de Tableros/td_Tablero - 1")): Object: 'Object Repository/WIZARD/3Infraestructura/6Tableros/Lista de Tableros/td_Tablero - 1' is clicked on

2024-01-15 10:43:36 - [MESSAGE][PASSED] - Object: 'Object Repository/WIZARD/3Infraestructura/6Tableros/Lista de Tableros/td_Tablero - 1' is clicked on

2024-01-15 10:43:36 - [TEST_STEP][PASSED] - delay(3): Delayed 3 second(s)

2024-01-15 10:43:39 - [MESSAGE][PASSED] - Delayed 3 second(s)

2024-01-15 10:43:39 - [TEST_STEP][PASSED] - click(findTestObject("WIZARD/3Infraestructura/6Tableros/Configuracion/span_Columnas")): Object: 'Object Repository/WIZARD/3Infraestructura/6Tableros/Configuracion/span_Columnas' is clicked on

2024-01-15 10:43:39 - [MESSAGE][PASSED] - Object: 'Object Repository/WIZARD/3Infraestructura/6Tableros/Configuracion/span_Columnas' is clicked on

2024-01-15 10:43:39 - [TEST_STEP][PASSED] - delay(2): Delayed 2 second(s)

2024-01-15 10:43:41 - [MESSAGE][PASSED] - Delayed 2 second(s)

2024-01-15 10:43:41 - [TEST_STEP][PASSED] - setText(findTestObject("WIZARD/3Infraestructura/6Tableros/Configuracion/Columnas/input_Nombre"), "Turno"): Text 'Turno' is set on object 'Object Repository/WIZARD/3Infraestructura/6Tableros/Configuracion/Columnas/input_Nombre'

2024-01-15 10:43:42 - [MESSAGE][PASSED] - Text 'Turno' is set on object 'Object Repository/WIZARD/3Infraestructura/6Tableros/Configuracion/Columnas/input_Nombre'

2024-01-15 10:43:42 - [TEST_STEP][PASSED] - setText(findTestObject("WIZARD/3Infraestructura/6Tableros/Configuracion/Columnas/textarea_Descripcion"), "Turno"): Text 'Turno' is set on object 'Object Repository/WIZARD/3Infraestructura/6Tableros/Configuracion/Columnas/textarea_Descripcion'

2024-01-15 10:43:43 - [MESSAGE][PASSED] - Text 'Turno' is set on object 'Object Repository/WIZARD/3Infraestructura/6Tableros/Configuracion/Columnas/textarea_Descripcion'

2024-01-15 10:43:43 - [TEST_STEP][PASSED] - setText(findTestObject("WIZARD/3Infraestructura/6Tableros/Configuracion/Columnas/input_Titulo"), "Turno"): Text 'Turno' is set on object 'Object Repository/WIZARD/3Infraestructura/6Tableros/Configuracion/Columnas/input_Titulo'

2024-01-15 10:43:43 - [MESSAGE][PASSED] - Text 'Turno' is set on object 'Object Repository/WIZARD/3Infraestructura/6Tableros/Configuracion/Columnas/input_Titulo'

2024-01-15 10:43:43 - [TEST_STEP][PASSED] - scrollToElement(findTestObject("WIZARD/3Infraestructura/6Tableros/Configuracion/Columnas/btn_Atributos"), 2): Scroll to object 'Object Repository/WIZARD/3Infraestructura/6Tableros/Configuracion/Columnas/btn_Atributos' successfully

2024-01-15 10:43:44 - [MESSAGE][PASSED] - Scroll to object 'Object Repository/WIZARD/3Infraestructura/6Tableros/Configuracion/Columnas/btn_Atributos' successfully

2024-01-15 10:43:44 - [TEST_STEP][PASSED] - check(findTestObject("WIZARD/3Infraestructura/6Tableros/Configuracion/Edicion/Label/Columnas/label_Habilitada")): Object 'Object Repository/WIZARD/3Infraestructura/6Tableros/Configuracion/Edicion/Label/Columnas/label_Habilitada' is checked

2024-01-15 10:43:44 - [MESSAGE][PASSED] - Object 'Object Repository/WIZARD/3Infraestructura/6Tableros/Configuracion/Edicion/Label/Columnas/label_Habilitada' is checked

2024-01-15 10:43:44 - [TEST_STEP][PASSED] - click(findTestObject("WIZARD/3Infraestructura/6Tableros/Configuracion/Columnas/btn_Atributos")): Object: 'Object Repository/WIZARD/3Infraestructura/6Tableros/Configuracion/Columnas/btn_Atributos' is clicked on

2024-01-15 10:43:45 - [MESSAGE][PASSED] - Object: 'Object Repository/WIZARD/3Infraestructura/6Tableros/Configuracion/Columnas/btn_Atributos' is clicked on

2024-01-15 10:43:45 - [TEST_STEP][PASSED] - delay(3): Delayed 3 second(s)

2024-01-15 10:43:48 - [MESSAGE][PASSED] - Delayed 3 second(s)

2024-01-15 10:43:48 - [TEST_STEP][PASSED] - click(findTestObject("WIZARD/3Infraestructura/6Tableros/Configuracion/Columnas/btn_Atributos (1)/a_Turno.Numero")): Object: 'Object Repository/WIZARD/3Infraestructura/6Tableros/Configuracion/Columnas/btn_Atributos (1)/a_Turno.Numero' is clicked on

2024-01-15 10:43:48 - [MESSAGE][PASSED] - Object: 'Object Repository/WIZARD/3Infraestructura/6Tableros/Configuracion/Columnas/btn_Atributos (1)/a_Turno.Numero' is clicked on

2024-01-15 10:43:48 - [TEST_STEP][PASSED] - delay(2): Delayed 2 second(s)

2024-01-15 10:43:50 - [MESSAGE][PASSED] - Delayed 2 second(s)

2024-01-15 10:43:50 - [TEST_STEP][PASSED] - scrollToPosition(0, 0): Browser is scrolled to position x = 0, y = 0

2024-01-15 10:43:50 - [MESSAGE][PASSED] - Browser is scrolled to position x = 0, y = 0

2024-01-15 10:43:50 - [TEST_STEP][PASSED] - delay(2): Delayed 2 second(s)

2024-01-15 10:43:52 - [MESSAGE][PASSED] - Delayed 2 second(s)

2024-01-15 10:43:52 - [TEST_STEP][PASSED] - click(findTestObject("WIZARD/3Infraestructura/6Tableros/Configuracion/Columnas/img_Nuevo")): Object: 'Object Repository/WIZARD/3Infraestructura/6Tableros/Configuracion/Columnas/img_Nuevo' is clicked on

2024-01-15 10:43:53 - [MESSAGE][PASSED] - Object: 'Object Repository/WIZARD/3Infraestructura/6Tableros/Configuracion/Columnas/img_Nuevo' is clicked on

2024-01-15 10:43:53 - [TEST_STEP][PASSED] - delay(3): Delayed 3 second(s)

2024-01-15 10:43:56 - [MESSAGE][PASSED] - Delayed 3 second(s)

2024-01-15 10:43:56 - [TEST_STEP][PASSED] - scrollToElement(findTestObject("WIZARD/3Infraestructura/6Tableros/Configuracion/Columnas/input_Nombre"), 2): Scroll to object 'Object Repository/WIZARD/3Infraestructura/6Tableros/Configuracion/Columnas/input_Nombre' successfully

2024-01-15 10:43:56 - [MESSAGE][PASSED] - Scroll to object 'Object Repository/WIZARD/3Infraestructura/6Tableros/Configuracion/Columnas/input_Nombre' successfully

2024-01-15 10:43:56 - [TEST_STEP][PASSED] - setText(findTestObject("WIZARD/3Infraestructura/6Tableros/Configuracion/Columnas/input_Nombre"), "Modulo"): Text 'Modulo' is set on object 'Object Repository/WIZARD/3Infraestructura/6Tableros/Configuracion/Columnas/input_Nombre'

2024-01-15 10:43:57 - [MESSAGE][PASSED] - Text 'Modulo' is set on object 'Object Repository/WIZARD/3Infraestructura/6Tableros/Configuracion/Columnas/input_Nombre'

2024-01-15 10:43:57 - [TEST_STEP][PASSED] - setText(findTestObject("WIZARD/3Infraestructura/6Tableros/Configuracion/Columnas/textarea_Descripcion"), "Modulo"): Text 'Modulo' is set on object 'Object Repository/WIZARD/3Infraestructura/6Tableros/Configuracion/Columnas/textarea_Descripcion'

2024-01-15 10:43:58 - [MESSAGE][PASSED] - Text 'Modulo' is set on object 'Object Repository/WIZARD/3Infraestructura/6Tableros/Configuracion/Columnas/textarea_Descripcion'

2024-01-15 10:43:58 - [TEST_STEP][PASSED] - setText(findTestObject("WIZARD/3Infraestructura/6Tableros/Configuracion/Columnas/input_Titulo"), "Modulo"): Text 'Modulo' is set on object 'Object Repository/WIZARD/3Infraestructura/6Tableros/Configuracion/Columnas/input_Titulo'

2024-01-15 10:43:59 - [MESSAGE][PASSED] - Text 'Modulo' is set on object 'Object Repository/WIZARD/3Infraestructura/6Tableros/Configuracion/Columnas/input_Titulo'

2024-01-15 10:43:59 - [TEST_STEP][PASSED] - scrollToElement(findTestObject("WIZARD/3Infraestructura/6Tableros/Configuracion/Columnas/btn_Atributos"), 2): Scroll to object 'Object Repository/WIZARD/3Infraestructura/6Tableros/Configuracion/Columnas/btn_Atributos' successfully

2024-01-15 10:43:59 - [MESSAGE][PASSED] - Scroll to object 'Object Repository/WIZARD/3Infraestructura/6Tableros/Configuracion/Columnas/btn_Atributos' successfully

2024-01-15 10:43:59 - [TEST_STEP][PASSED] - clearText(findTestObject("WIZARD/3Infraestructura/6Tableros/Configuracion/Columnas/input_Elementos")): Text of object 'Object Repository/WIZARD/3Infraestructura/6Tableros/Configuracion/Columnas/input_Elementos' is cleared

2024-01-15 10:44:00 - [MESSAGE][PASSED] - Text of object 'Object Repository/WIZARD/3Infraestructura/6Tableros/Configuracion/Columnas/input_Elementos' is cleared

2024-01-15 10:44:00 - [TEST_STEP][PASSED] - click(findTestObject("WIZARD/3Infraestructura/6Tableros/Configuracion/Columnas/btn_Atributos")): Object: 'Object Repository/WIZARD/3Infraestructura/6Tableros/Configuracion/Columnas/btn_Atributos' is clicked on

2024-01-15 10:44:00 - [MESSAGE][PASSED] - Object: 'Object Repository/WIZARD/3Infraestructura/6Tableros/Configuracion/Columnas/btn_Atributos' is clicked on

2024-01-15 10:44:00 - [TEST_STEP][PASSED] - delay(3): Delayed 3 second(s)

2024-01-15 10:44:03 - [MESSAGE][PASSED] - Delayed 3 second(s)

2024-01-15 10:44:03 - [TEST_STEP][PASSED] - click(findTestObject("WIZARD/3Infraestructura/6Tableros/Configuracion/Columnas/btn_Atributos (1)/a_Terminal.Modulo")): Object: 'Object Repository/WIZARD/3Infraestructura/6Tableros/Configuracion/Columnas/btn_Atributos (1)/a_Terminal.Modulo' is clicked on

2024-01-15 10:44:03 - [MESSAGE][PASSED] - Object: 'Object Repository/WIZARD/3Infraestructura/6Tableros/Configuracion/Columnas/btn_Atributos (1)/a_Terminal.Modulo' is clicked on

2024-01-15 10:44:03 - [TEST_STEP][PASSED] - delay(2): Delayed 2 second(s)

2024-01-15 10:44:05 - [MESSAGE][PASSED] - Delayed 2 second(s)

2024-01-15 10:44:05 - [TEST_STEP][PASSED] - click(findTestObject("WIZARD/3Infraestructura/6Tableros/Configuracion/Columnas/btn_Orden UP"), STOP_ON_FAILURE): Object: 'Object Repository/WIZARD/3Infraestructura/6Tableros/Configuracion/Columnas/btn_Orden UP' is clicked on

2024-01-15 10:44:06 - [MESSAGE][PASSED] - Object: 'Object Repository/WIZARD/3Infraestructura/6Tableros/Configuracion/Columnas/btn_Orden UP' is clicked on

2024-01-15 10:44:06 - [TEST_STEP][PASSED] - scrollToPosition(0, 0): Browser is scrolled to position x = 0, y = 0

2024-01-15 10:44:06 - [MESSAGE][PASSED] - Browser is scrolled to position x = 0, y = 0

2024-01-15 10:44:06 - [TEST_STEP][PASSED] - delay(2): Delayed 2 second(s)

2024-01-15 10:44:08 - [MESSAGE][PASSED] - Delayed 2 second(s)

2024-01-15 10:44:08 - [TEST_STEP][PASSED] - click(findTestObject("WIZARD/3Infraestructura/6Tableros/Configuracion/Columnas/img_Nuevo")): Object: 'Object Repository/WIZARD/3Infraestructura/6Tableros/Configuracion/Columnas/img_Nuevo' is clicked on

2024-01-15 10:44:08 - [MESSAGE][PASSED] - Object: 'Object Repository/WIZARD/3Infraestructura/6Tableros/Configuracion/Columnas/img_Nuevo' is clicked on

2024-01-15 10:44:08 - [TEST_STEP][PASSED] - delay(3): Delayed 3 second(s)

2024-01-15 10:44:11 - [MESSAGE][PASSED] - Delayed 3 second(s)

2024-01-15 10:44:11 - [TEST_STEP][PASSED] - takeFullPageScreenshot(): Taking screenshot successfully

2024-01-15 10:44:12 - [MESSAGE][INFO] - 0 hidden object(s)

2024-01-15 10:44:12 - [MESSAGE][PASSED] - Taking screenshot successfully
[[ATTACHMENT|C:\\CIEL INGENIERIA\\Katalon\\Digiturno55\\Reports\\20240115_094157\\WIZARD\\3Infraestructura\\6Tableros\\5.6 Creacion Columnas Tablero Virtual\\20240115_094321\\1705333451970.png]]

2024-01-15 10:44:12 - [TEST_STEP][PASSED] - delay(3): Delayed 3 second(s)

2024-01-15 10:44:15 - [MESSAGE][PASSED] - Delayed 3 second(s)

2024-01-15 10:44:15 - [TEST_STEP][PASSED] - Start listener action : sampleAfterTestCase: null]]></system-out>
         <system-err><![CDATA[]]></system-err>
      </testcase>
      <system-out><![CDATA[2024-01-15 10:43:12 - [TEST_SUITE][PASSED] - 5.6 Creacion Columnas Tablero Virtual: Test Cases/WIZARD/3Infraestructura/6Tableros/5.6 Creacion Columnas Tablero Virtual]]></system-out>
      <system-err><![CDATA[]]></system-err>
   </testsuite>
</testsuites>
