<?xml version="1.0" encoding="UTF-8"?>
<testsuites name="24 Salas Crear Eliminar" time="106.373" tests="2" failures="0" errors="0">
   <testsuite name="24 Salas Crear Eliminar" tests="2" failures="0" errors="0" time="106.373" skipped="0" timestamp="2024-10-03 17:26:34" hostname="jdavila - PCPruebas101.ciel.cielingenieria.com" id="Test Suites/DIGITURNO/BASICO/24 Salas Crear Eliminar">
      <properties>
         <property name="deviceName" value=""/>
         <property name="devicePlatform" value=""/>
         <property name="logFolder" value="C:\\CIEL INGENIERIA\\Katalon\\Digiturno55\\Reports\\20241003_171202\\DIGITURNO\\BASICO\\24 Salas Crear Eliminar\\20241003_171228"/>
         <property name="logFiles" value="C:\\CIEL INGENIERIA\\Katalon\\Digiturno55\\Reports\\20241003_171202\\DIGITURNO\\BASICO\\24 Salas Crear Eliminar\\20241003_171228\\execution0.log"/>
         <property name="attachments" value="C:\\CIEL INGENIERIA\\Katalon\\Digiturno55\\Reports\\20241003_171202\\DIGITURNO\\BASICO\\24 Salas Crear Eliminar\\20241003_171228\\1727994414229.png, C:\\CIEL INGENIERIA\\Katalon\\Digiturno55\\Reports\\20241003_171202\\DIGITURNO\\BASICO\\24 Salas Crear Eliminar\\20241003_171228\\1727994458612.png, C:\\CIEL INGENIERIA\\Katalon\\Digiturno55\\Reports\\20241003_171202\\DIGITURNO\\BASICO\\24 Salas Crear Eliminar\\20241003_171228\\1727994481233.png, C:\\CIEL INGENIERIA\\Katalon\\Digiturno55\\Reports\\20241003_171202\\DIGITURNO\\BASICO\\24 Salas Crear Eliminar\\20241003_171228\\1727994497253.png"/>
         <property name="hostName" value="jdavila - PCPruebas101.ciel.cielingenieria.com"/>
         <property name="os" value="Windows 10 64bit"/>
         <property name="katalonVersion" value="8.6.9.208"/>
         <property name="browser" value="Chrome 129.0.0.0"/>
         <property name="hostAddress" value="192.168.91.13"/>
         <property name="sessionId" value="a9f3f0b3f89601bcc610ab1098026552"/>
         <property name="seleniumVersion" value="3.141.59"/>
         <property name="proxyInformation" value="ProxyInformation { proxyOption=NO_PROXY, proxyServerType=HTTP, username=, password=********, proxyServerAddress=, proxyServerPort=0, executionList=&quot;&quot;, isApplyToDesiredCapabilities=true }"/>
         <property name="platform" value="Windows 10"/>
      </properties>
      <testcase name="Test Cases/DIGITURNO/BASICO/24 Salas Crear" time="67.464" classname="Test Cases/DIGITURNO/BASICO/24 Salas Crear" status="PASSED">
         <system-out><![CDATA[2024-10-03 17:26:34 - [TEST_CASE][PASSED] - Test Cases/DIGITURNO/BASICO/24 Salas Crear: Test Cases/DIGITURNO/BASICO/24 Salas Crear

2024-10-03 17:26:35 - [TEST_STEP][PASSED] - callTestCase(findTestCase("DIGITURNO/BASICO/21 Distribucion Geografica"), [:], STOP_ON_FAILURE): Call Test Case 'Test Cases/DIGITURNO/BASICO/21 Distribucion Geografica' successfully

2024-10-03 17:26:35 - [TEST_CASE][PASSED] - Test Cases/DIGITURNO/BASICO/21 Distribucion Geografica: Test Cases/DIGITURNO/BASICO/21 Distribucion Geografica

2024-10-03 17:26:35 - [TEST_STEP][PASSED] - callTestCase(findTestCase("0InicioSesion"), [:], STOP_ON_FAILURE): Call Test Case 'Test Cases/0InicioSesion' successfully

2024-10-03 17:26:35 - [TEST_CASE][PASSED] - Test Cases/0InicioSesion: Test Cases/0InicioSesion

2024-10-03 17:26:36 - [TEST_STEP][PASSED] - openBrowser(UrlDigiturno): Browser is opened with url: 'https://PCPruebas101.ciel.cielingenieria.com:8910'

2024-10-03 17:26:36 - [MESSAGE][INFO] - Starting 'Chrome' driver

2024-10-03 17:26:36 - [MESSAGE][INFO] - User set preference: ['args', '[--use-fake-ui-for-media-stream, --disable-notifications]']

2024-10-03 17:26:36 - [MESSAGE][INFO] - Action delay is set to 0 milliseconds

2024-10-03 17:26:39 - [MESSAGE][PASSED] - Browser is opened with url: 'https://PCPruebas101.ciel.cielingenieria.com:8910'

2024-10-03 17:26:39 - [TEST_STEP][PASSED] - maximizeWindow(): Current window maximized

2024-10-03 17:26:39 - [MESSAGE][PASSED] - Current window maximized

2024-10-03 17:26:39 - [TEST_STEP][PASSED] - delay(3): Delayed 3 second(s)

2024-10-03 17:26:42 - [MESSAGE][PASSED] - Delayed 3 second(s)

2024-10-03 17:26:42 - [TEST_STEP][PASSED] - setText(findTestObject("0Inicio Sesion/input_Usuario"), "Ciel"): Text 'Ciel' is set on object 'Object Repository/0Inicio Sesion/input_Usuario'

2024-10-03 17:26:42 - [MESSAGE][PASSED] - Text 'Ciel' is set on object 'Object Repository/0Inicio Sesion/input_Usuario'

2024-10-03 17:26:42 - [TEST_STEP][PASSED] - setText(findTestObject("0Inicio Sesion/input_Clave"), "digiturno"): Text 'digiturno' is set on object 'Object Repository/0Inicio Sesion/input_Clave'

2024-10-03 17:26:43 - [MESSAGE][PASSED] - Text 'digiturno' is set on object 'Object Repository/0Inicio Sesion/input_Clave'

2024-10-03 17:26:43 - [TEST_STEP][PASSED] - click(findTestObject("0Inicio Sesion/btn_IniciarSesion")): Object: 'Object Repository/0Inicio Sesion/btn_IniciarSesion' is clicked on

2024-10-03 17:26:44 - [MESSAGE][PASSED] - Object: 'Object Repository/0Inicio Sesion/btn_IniciarSesion' is clicked on

2024-10-03 17:26:44 - [TEST_STEP][PASSED] - delay(3): Delayed 3 second(s)

2024-10-03 17:26:47 - [MESSAGE][PASSED] - Delayed 3 second(s)

2024-10-03 17:26:47 - [MESSAGE][PASSED] - Call Test Case 'Test Cases/0InicioSesion' successfully

2024-10-03 17:26:47 - [TEST_STEP][PASSED] - click(findTestObject("DIGITURNO/1Principal/img_Configuracion(1)")): Object: 'Object Repository/DIGITURNO/1Principal/img_Configuracion(1)' is clicked on

2024-10-03 17:26:47 - [MESSAGE][PASSED] - Object: 'Object Repository/DIGITURNO/1Principal/img_Configuracion(1)' is clicked on

2024-10-03 17:26:47 - [TEST_STEP][PASSED] - delay(3): Delayed 3 second(s)

2024-10-03 17:26:50 - [MESSAGE][PASSED] - Delayed 3 second(s)

2024-10-03 17:26:50 - [TEST_STEP][PASSED] - click(findTestObject("DIGITURNO/CONFIGURACION/0Principal/img_2Distribucion Geografica")): Object: 'Object Repository/DIGITURNO/CONFIGURACION/0Principal/img_2Distribucion Geografica' is clicked on

2024-10-03 17:26:51 - [MESSAGE][PASSED] - Object: 'Object Repository/DIGITURNO/CONFIGURACION/0Principal/img_2Distribucion Geografica' is clicked on

2024-10-03 17:26:51 - [TEST_STEP][PASSED] - delay(3): Delayed 3 second(s)

2024-10-03 17:26:54 - [MESSAGE][PASSED] - Delayed 3 second(s)

2024-10-03 17:26:54 - [TEST_STEP][PASSED] - takeFullPageScreenshot(): Taking screenshot successfully

2024-10-03 17:26:54 - [MESSAGE][INFO] - 0 hidden object(s)

2024-10-03 17:26:54 - [MESSAGE][PASSED] - Taking screenshot successfully
[[ATTACHMENT|C:\\CIEL INGENIERIA\\Katalon\\Digiturno55\\Reports\\20241003_171202\\DIGITURNO\\BASICO\\24 Salas Crear Eliminar\\20241003_171228\\1727994414229.png]]

2024-10-03 17:26:54 - [TEST_STEP][PASSED] - delay(3): Delayed 3 second(s)

2024-10-03 17:26:57 - [MESSAGE][PASSED] - Delayed 3 second(s)

2024-10-03 17:26:57 - [MESSAGE][PASSED] - Call Test Case 'Test Cases/DIGITURNO/BASICO/21 Distribucion Geografica' successfully

2024-10-03 17:26:57 - [TEST_STEP][PASSED] - click(findTestObject("DIGITURNO/CONFIGURACION/2Distribucion Geografica/0Principal/img_3Salas")): Object: 'Object Repository/DIGITURNO/CONFIGURACION/2Distribucion Geografica/0Principal/img_3Salas' is clicked on

2024-10-03 17:26:58 - [MESSAGE][PASSED] - Object: 'Object Repository/DIGITURNO/CONFIGURACION/2Distribucion Geografica/0Principal/img_3Salas' is clicked on

2024-10-03 17:26:58 - [TEST_STEP][PASSED] - delay(2): Delayed 2 second(s)

2024-10-03 17:27:00 - [MESSAGE][PASSED] - Delayed 2 second(s)

2024-10-03 17:27:00 - [TEST_STEP][PASSED] - click(findTestObject("DIGITURNO/CONFIGURACION/2Distribucion Geografica/3Salas/0Modal Inicial Oficinas/td_1Bogota - CIEL")): Object: 'Object Repository/DIGITURNO/CONFIGURACION/2Distribucion Geografica/3Salas/0Modal Inicial Oficinas/td_1Bogota - CIEL' is clicked on

2024-10-03 17:27:01 - [MESSAGE][PASSED] - Object: 'Object Repository/DIGITURNO/CONFIGURACION/2Distribucion Geografica/3Salas/0Modal Inicial Oficinas/td_1Bogota - CIEL' is clicked on

2024-10-03 17:27:01 - [TEST_STEP][PASSED] - delay(3): Delayed 3 second(s)

2024-10-03 17:27:04 - [MESSAGE][PASSED] - Delayed 3 second(s)

2024-10-03 17:27:04 - [TEST_STEP][PASSED] - click(findTestObject("DIGITURNO/CONFIGURACION/2Distribucion Geografica/3Salas/Edicion/btn_SeleccionarOficina")): Object: 'Object Repository/DIGITURNO/CONFIGURACION/2Distribucion Geografica/3Salas/Edicion/btn_SeleccionarOficina' is clicked on

2024-10-03 17:27:04 - [MESSAGE][PASSED] - Object: 'Object Repository/DIGITURNO/CONFIGURACION/2Distribucion Geografica/3Salas/Edicion/btn_SeleccionarOficina' is clicked on

2024-10-03 17:27:04 - [TEST_STEP][PASSED] - delay(3): Delayed 3 second(s)

2024-10-03 17:27:07 - [MESSAGE][PASSED] - Delayed 3 second(s)

2024-10-03 17:27:07 - [TEST_STEP][PASSED] - click(findTestObject("DIGITURNO/CONFIGURACION/2Distribucion Geografica/3Salas/Edicion/btn_SeleccionarOficina(1)/a_Bogota - CIEL")): Object: 'Object Repository/DIGITURNO/CONFIGURACION/2Distribucion Geografica/3Salas/Edicion/btn_SeleccionarOficina(1)/a_Bogota - CIEL' is clicked on

2024-10-03 17:27:07 - [MESSAGE][PASSED] - Object: 'Object Repository/DIGITURNO/CONFIGURACION/2Distribucion Geografica/3Salas/Edicion/btn_SeleccionarOficina(1)/a_Bogota - CIEL' is clicked on

2024-10-03 17:27:07 - [TEST_STEP][PASSED] - delay(3): Delayed 3 second(s)

2024-10-03 17:27:10 - [MESSAGE][PASSED] - Delayed 3 second(s)

2024-10-03 17:27:10 - [TEST_STEP][PASSED] - setText(findTestObject("DIGITURNO/CONFIGURACION/2Distribucion Geografica/3Salas/Edicion/input_Nombre"), "Prueba"): Text 'Prueba' is set on object 'Object Repository/DIGITURNO/CONFIGURACION/2Distribucion Geografica/3Salas/Edicion/input_Nombre'

2024-10-03 17:27:11 - [MESSAGE][PASSED] - Text 'Prueba' is set on object 'Object Repository/DIGITURNO/CONFIGURACION/2Distribucion Geografica/3Salas/Edicion/input_Nombre'

2024-10-03 17:27:11 - [TEST_STEP][PASSED] - setText(findTestObject("DIGITURNO/CONFIGURACION/2Distribucion Geografica/3Salas/Edicion/textarea_Descripcion"), "Prueba"): Text 'Prueba' is set on object 'Object Repository/DIGITURNO/CONFIGURACION/2Distribucion Geografica/3Salas/Edicion/textarea_Descripcion'

2024-10-03 17:27:12 - [MESSAGE][PASSED] - Text 'Prueba' is set on object 'Object Repository/DIGITURNO/CONFIGURACION/2Distribucion Geografica/3Salas/Edicion/textarea_Descripcion'

2024-10-03 17:27:12 - [TEST_STEP][PASSED] - setText(findTestObject("DIGITURNO/CONFIGURACION/2Distribucion Geografica/3Salas/Edicion/input_Maximo de ocupacion"), "100"): Text '100' is set on object 'Object Repository/DIGITURNO/CONFIGURACION/2Distribucion Geografica/3Salas/Edicion/input_Maximo de ocupacion'

2024-10-03 17:27:13 - [MESSAGE][PASSED] - Text '100' is set on object 'Object Repository/DIGITURNO/CONFIGURACION/2Distribucion Geografica/3Salas/Edicion/input_Maximo de ocupacion'

2024-10-03 17:27:13 - [TEST_STEP][PASSED] - setText(findTestObject("DIGITURNO/CONFIGURACION/2Distribucion Geografica/3Salas/Edicion/input_Promesa de Espera MM"), "5"): Text '5' is set on object 'Object Repository/DIGITURNO/CONFIGURACION/2Distribucion Geografica/3Salas/Edicion/input_Promesa de Espera MM'

2024-10-03 17:27:13 - [MESSAGE][PASSED] - Text '5' is set on object 'Object Repository/DIGITURNO/CONFIGURACION/2Distribucion Geografica/3Salas/Edicion/input_Promesa de Espera MM'

2024-10-03 17:27:13 - [TEST_STEP][PASSED] - setText(findTestObject("DIGITURNO/CONFIGURACION/2Distribucion Geografica/3Salas/Edicion/input_Promesa de Atencion MM"), "5"): Text '5' is set on object 'Object Repository/DIGITURNO/CONFIGURACION/2Distribucion Geografica/3Salas/Edicion/input_Promesa de Atencion MM'

2024-10-03 17:27:14 - [MESSAGE][PASSED] - Text '5' is set on object 'Object Repository/DIGITURNO/CONFIGURACION/2Distribucion Geografica/3Salas/Edicion/input_Promesa de Atencion MM'

2024-10-03 17:27:14 - [TEST_STEP][PASSED] - check(findTestObject("DIGITURNO/CONFIGURACION/2Distribucion Geografica/3Salas/Edicion/label_Nivelar llamados en terminales")): Object 'Object Repository/DIGITURNO/CONFIGURACION/2Distribucion Geografica/3Salas/Edicion/label_Nivelar llamados en terminales' is checked

2024-10-03 17:27:15 - [MESSAGE][PASSED] - Object 'Object Repository/DIGITURNO/CONFIGURACION/2Distribucion Geografica/3Salas/Edicion/label_Nivelar llamados en terminales' is checked

2024-10-03 17:27:15 - [TEST_STEP][PASSED] - delay(3): Delayed 3 second(s)

2024-10-03 17:27:18 - [MESSAGE][PASSED] - Delayed 3 second(s)

2024-10-03 17:27:18 - [TEST_STEP][PASSED] - check(findTestObject("DIGITURNO/CONFIGURACION/2Distribucion Geografica/3Salas/Edicion/label_Habilitar agendamiento")): Object 'Object Repository/DIGITURNO/CONFIGURACION/2Distribucion Geografica/3Salas/Edicion/label_Habilitar agendamiento' is checked

2024-10-03 17:27:18 - [MESSAGE][PASSED] - Object 'Object Repository/DIGITURNO/CONFIGURACION/2Distribucion Geografica/3Salas/Edicion/label_Habilitar agendamiento' is checked

2024-10-03 17:27:18 - [TEST_STEP][PASSED] - scrollToElement(findTestObject("DIGITURNO/CONFIGURACION/2Distribucion Geografica/3Salas/Edicion/label_Habilitar agendamiento"), 2): Scroll to object 'Object Repository/DIGITURNO/CONFIGURACION/2Distribucion Geografica/3Salas/Edicion/label_Habilitar agendamiento' successfully

2024-10-03 17:27:19 - [MESSAGE][PASSED] - Scroll to object 'Object Repository/DIGITURNO/CONFIGURACION/2Distribucion Geografica/3Salas/Edicion/label_Habilitar agendamiento' successfully

2024-10-03 17:27:19 - [TEST_STEP][PASSED] - setText(findTestObject("DIGITURNO/CONFIGURACION/2Distribucion Geografica/3Salas/Edicion/Agendamiento de llamado/input_Intervalo creacion MM"), "5"): Text '5' is set on object 'Object Repository/DIGITURNO/CONFIGURACION/2Distribucion Geografica/3Salas/Edicion/Agendamiento de llamado/input_Intervalo creacion MM'

2024-10-03 17:27:19 - [MESSAGE][PASSED] - Text '5' is set on object 'Object Repository/DIGITURNO/CONFIGURACION/2Distribucion Geografica/3Salas/Edicion/Agendamiento de llamado/input_Intervalo creacion MM'

2024-10-03 17:27:19 - [TEST_STEP][PASSED] - delay(3, STOP_ON_FAILURE): Delayed 3 second(s)

2024-10-03 17:27:22 - [MESSAGE][PASSED] - Delayed 3 second(s)

2024-10-03 17:27:22 - [TEST_STEP][PASSED] - clearText(findTestObject("DIGITURNO/CONFIGURACION/2Distribucion Geografica/3Salas/Edicion/Agendamiento de llamado/input_Tiempo Limite de creacion HH")): Text of object 'Object Repository/DIGITURNO/CONFIGURACION/2Distribucion Geografica/3Salas/Edicion/Agendamiento de llamado/input_Tiempo Limite de creacion HH' is cleared

2024-10-03 17:27:23 - [MESSAGE][PASSED] - Text of object 'Object Repository/DIGITURNO/CONFIGURACION/2Distribucion Geografica/3Salas/Edicion/Agendamiento de llamado/input_Tiempo Limite de creacion HH' is cleared

2024-10-03 17:27:23 - [TEST_STEP][PASSED] - setText(findTestObject("DIGITURNO/CONFIGURACION/2Distribucion Geografica/3Salas/Edicion/Agendamiento de llamado/input_Tiempo Limite de creacion HH"), "23"): Text '23' is set on object 'Object Repository/DIGITURNO/CONFIGURACION/2Distribucion Geografica/3Salas/Edicion/Agendamiento de llamado/input_Tiempo Limite de creacion HH'

2024-10-03 17:27:24 - [MESSAGE][PASSED] - Text '23' is set on object 'Object Repository/DIGITURNO/CONFIGURACION/2Distribucion Geografica/3Salas/Edicion/Agendamiento de llamado/input_Tiempo Limite de creacion HH'

2024-10-03 17:27:24 - [TEST_STEP][PASSED] - delay(2, STOP_ON_FAILURE): Delayed 2 second(s)

2024-10-03 17:27:26 - [MESSAGE][PASSED] - Delayed 2 second(s)

2024-10-03 17:27:26 - [TEST_STEP][PASSED] - clearText(findTestObject("DIGITURNO/CONFIGURACION/2Distribucion Geografica/3Salas/Edicion/Agendamiento de llamado/input_Tiempo Limite de creacion MM")): Text of object 'Object Repository/DIGITURNO/CONFIGURACION/2Distribucion Geografica/3Salas/Edicion/Agendamiento de llamado/input_Tiempo Limite de creacion MM' is cleared

2024-10-03 17:27:26 - [MESSAGE][PASSED] - Text of object 'Object Repository/DIGITURNO/CONFIGURACION/2Distribucion Geografica/3Salas/Edicion/Agendamiento de llamado/input_Tiempo Limite de creacion MM' is cleared

2024-10-03 17:27:26 - [TEST_STEP][PASSED] - setText(findTestObject("DIGITURNO/CONFIGURACION/2Distribucion Geografica/3Salas/Edicion/Agendamiento de llamado/input_Tiempo Limite de creacion MM"), "59"): Text '59' is set on object 'Object Repository/DIGITURNO/CONFIGURACION/2Distribucion Geografica/3Salas/Edicion/Agendamiento de llamado/input_Tiempo Limite de creacion MM'

2024-10-03 17:27:27 - [MESSAGE][PASSED] - Text '59' is set on object 'Object Repository/DIGITURNO/CONFIGURACION/2Distribucion Geografica/3Salas/Edicion/Agendamiento de llamado/input_Tiempo Limite de creacion MM'

2024-10-03 17:27:27 - [TEST_STEP][PASSED] - delay(3): Delayed 3 second(s)

2024-10-03 17:27:30 - [MESSAGE][PASSED] - Delayed 3 second(s)

2024-10-03 17:27:30 - [TEST_STEP][PASSED] - check(findTestObject("DIGITURNO/CONFIGURACION/2Distribucion Geografica/3Salas/Edicion/label_Paso a distraido")): Object 'Object Repository/DIGITURNO/CONFIGURACION/2Distribucion Geografica/3Salas/Edicion/label_Paso a distraido' is checked

2024-10-03 17:27:30 - [MESSAGE][PASSED] - Object 'Object Repository/DIGITURNO/CONFIGURACION/2Distribucion Geografica/3Salas/Edicion/label_Paso a distraido' is checked

2024-10-03 17:27:30 - [TEST_STEP][PASSED] - delay(2): Delayed 2 second(s)

2024-10-03 17:27:32 - [MESSAGE][PASSED] - Delayed 2 second(s)

2024-10-03 17:27:32 - [TEST_STEP][PASSED] - setText(findTestObject("DIGITURNO/CONFIGURACION/2Distribucion Geografica/3Salas/Edicion/Distraidos/input_Tiempo automatico a Distraido SS"), "45"): Text '45' is set on object 'Object Repository/DIGITURNO/CONFIGURACION/2Distribucion Geografica/3Salas/Edicion/Distraidos/input_Tiempo automatico a Distraido SS'

2024-10-03 17:27:33 - [MESSAGE][PASSED] - Text '45' is set on object 'Object Repository/DIGITURNO/CONFIGURACION/2Distribucion Geografica/3Salas/Edicion/Distraidos/input_Tiempo automatico a Distraido SS'

2024-10-03 17:27:33 - [TEST_STEP][PASSED] - delay(1): Delayed 1 second(s)

2024-10-03 17:27:34 - [MESSAGE][PASSED] - Delayed 1 second(s)

2024-10-03 17:27:34 - [TEST_STEP][PASSED] - setText(findTestObject("DIGITURNO/CONFIGURACION/2Distribucion Geografica/3Salas/Edicion/Distraidos/input_Tiempo de Rellamado MM"), "3"): Text '3' is set on object 'Object Repository/DIGITURNO/CONFIGURACION/2Distribucion Geografica/3Salas/Edicion/Distraidos/input_Tiempo de Rellamado MM'

2024-10-03 17:27:35 - [MESSAGE][PASSED] - Text '3' is set on object 'Object Repository/DIGITURNO/CONFIGURACION/2Distribucion Geografica/3Salas/Edicion/Distraidos/input_Tiempo de Rellamado MM'

2024-10-03 17:27:35 - [TEST_STEP][PASSED] - scrollToPosition(0, 2): Browser is scrolled to position x = 0, y = 2

2024-10-03 17:27:35 - [MESSAGE][PASSED] - Browser is scrolled to position x = 0, y = 2

2024-10-03 17:27:35 - [TEST_STEP][PASSED] - click(findTestObject("DIGITURNO/CONFIGURACION/2Distribucion Geografica/3Salas/Edicion/img_Nuevo")): Object: 'Object Repository/DIGITURNO/CONFIGURACION/2Distribucion Geografica/3Salas/Edicion/img_Nuevo' is clicked on

2024-10-03 17:27:35 - [MESSAGE][PASSED] - Object: 'Object Repository/DIGITURNO/CONFIGURACION/2Distribucion Geografica/3Salas/Edicion/img_Nuevo' is clicked on

2024-10-03 17:27:35 - [TEST_STEP][PASSED] - delay(3): Delayed 3 second(s)

2024-10-03 17:27:38 - [MESSAGE][PASSED] - Delayed 3 second(s)

2024-10-03 17:27:38 - [TEST_STEP][PASSED] - takeFullPageScreenshot(): Taking screenshot successfully

2024-10-03 17:27:39 - [MESSAGE][INFO] - 0 hidden object(s)

2024-10-03 17:27:39 - [MESSAGE][PASSED] - Taking screenshot successfully
[[ATTACHMENT|C:\\CIEL INGENIERIA\\Katalon\\Digiturno55\\Reports\\20241003_171202\\DIGITURNO\\BASICO\\24 Salas Crear Eliminar\\20241003_171228\\1727994458612.png]]

2024-10-03 17:27:39 - [TEST_STEP][PASSED] - delay(3): Delayed 3 second(s)

2024-10-03 17:27:42 - [MESSAGE][PASSED] - Delayed 3 second(s)

2024-10-03 17:27:42 - [TEST_STEP][PASSED] - Start listener action : sampleAfterTestCase: null]]></system-out>
         <system-err><![CDATA[]]></system-err>
      </testcase>
      <testcase name="Test Cases/DIGITURNO/BASICO/24 Salas Eliminar" time="38.594" classname="Test Cases/DIGITURNO/BASICO/24 Salas Eliminar" status="PASSED">
         <system-out><![CDATA[2024-10-03 17:27:42 - [TEST_CASE][PASSED] - Test Cases/DIGITURNO/BASICO/24 Salas Eliminar: Test Cases/DIGITURNO/BASICO/24 Salas Eliminar

2024-10-03 17:27:42 - [TEST_STEP][PASSED] - callTestCase(findTestCase("DIGITURNO/BASICO/21 Distribucion Geografica"), [:], STOP_ON_FAILURE): Call Test Case 'Test Cases/DIGITURNO/BASICO/21 Distribucion Geografica' successfully

2024-10-03 17:27:43 - [TEST_CASE][PASSED] - Test Cases/DIGITURNO/BASICO/21 Distribucion Geografica: Test Cases/DIGITURNO/BASICO/21 Distribucion Geografica

2024-10-03 17:27:43 - [TEST_STEP][PASSED] - callTestCase(findTestCase("0InicioSesion"), [:], STOP_ON_FAILURE): Call Test Case 'Test Cases/0InicioSesion' successfully

2024-10-03 17:27:43 - [TEST_CASE][PASSED] - Test Cases/0InicioSesion: Test Cases/0InicioSesion

2024-10-03 17:27:43 - [TEST_STEP][PASSED] - openBrowser(UrlDigiturno): Browser is opened with url: 'https://PCPruebas101.ciel.cielingenieria.com:8910'

2024-10-03 17:27:43 - [MESSAGE][WARNING] - A browser is already opened. Closing browser and opening a new one

2024-10-03 17:27:43 - [MESSAGE][INFO] - Starting 'Chrome' driver

2024-10-03 17:27:43 - [MESSAGE][INFO] - User set preference: ['args', '[--use-fake-ui-for-media-stream, --disable-notifications]']

2024-10-03 17:27:43 - [MESSAGE][INFO] - Action delay is set to 0 milliseconds

2024-10-03 17:27:46 - [MESSAGE][PASSED] - Browser is opened with url: 'https://PCPruebas101.ciel.cielingenieria.com:8910'

2024-10-03 17:27:46 - [TEST_STEP][PASSED] - maximizeWindow(): Current window maximized

2024-10-03 17:27:46 - [MESSAGE][PASSED] - Current window maximized

2024-10-03 17:27:46 - [TEST_STEP][PASSED] - delay(3): Delayed 3 second(s)

2024-10-03 17:27:49 - [MESSAGE][PASSED] - Delayed 3 second(s)

2024-10-03 17:27:49 - [TEST_STEP][PASSED] - setText(findTestObject("0Inicio Sesion/input_Usuario"), "Ciel"): Text 'Ciel' is set on object 'Object Repository/0Inicio Sesion/input_Usuario'

2024-10-03 17:27:50 - [MESSAGE][PASSED] - Text 'Ciel' is set on object 'Object Repository/0Inicio Sesion/input_Usuario'

2024-10-03 17:27:50 - [TEST_STEP][PASSED] - setText(findTestObject("0Inicio Sesion/input_Clave"), "digiturno"): Text 'digiturno' is set on object 'Object Repository/0Inicio Sesion/input_Clave'

2024-10-03 17:27:50 - [MESSAGE][PASSED] - Text 'digiturno' is set on object 'Object Repository/0Inicio Sesion/input_Clave'

2024-10-03 17:27:50 - [TEST_STEP][PASSED] - click(findTestObject("0Inicio Sesion/btn_IniciarSesion")): Object: 'Object Repository/0Inicio Sesion/btn_IniciarSesion' is clicked on

2024-10-03 17:27:51 - [MESSAGE][PASSED] - Object: 'Object Repository/0Inicio Sesion/btn_IniciarSesion' is clicked on

2024-10-03 17:27:51 - [TEST_STEP][PASSED] - delay(3): Delayed 3 second(s)

2024-10-03 17:27:54 - [MESSAGE][PASSED] - Delayed 3 second(s)

2024-10-03 17:27:54 - [MESSAGE][PASSED] - Call Test Case 'Test Cases/0InicioSesion' successfully

2024-10-03 17:27:54 - [TEST_STEP][PASSED] - click(findTestObject("DIGITURNO/1Principal/img_Configuracion(1)")): Object: 'Object Repository/DIGITURNO/1Principal/img_Configuracion(1)' is clicked on

2024-10-03 17:27:54 - [MESSAGE][PASSED] - Object: 'Object Repository/DIGITURNO/1Principal/img_Configuracion(1)' is clicked on

2024-10-03 17:27:54 - [TEST_STEP][PASSED] - delay(3): Delayed 3 second(s)

2024-10-03 17:27:57 - [MESSAGE][PASSED] - Delayed 3 second(s)

2024-10-03 17:27:57 - [TEST_STEP][PASSED] - click(findTestObject("DIGITURNO/CONFIGURACION/0Principal/img_2Distribucion Geografica")): Object: 'Object Repository/DIGITURNO/CONFIGURACION/0Principal/img_2Distribucion Geografica' is clicked on

2024-10-03 17:27:58 - [MESSAGE][PASSED] - Object: 'Object Repository/DIGITURNO/CONFIGURACION/0Principal/img_2Distribucion Geografica' is clicked on

2024-10-03 17:27:58 - [TEST_STEP][PASSED] - delay(3): Delayed 3 second(s)

2024-10-03 17:28:01 - [MESSAGE][PASSED] - Delayed 3 second(s)

2024-10-03 17:28:01 - [TEST_STEP][PASSED] - takeFullPageScreenshot(): Taking screenshot successfully

2024-10-03 17:28:01 - [MESSAGE][INFO] - 0 hidden object(s)

2024-10-03 17:28:01 - [MESSAGE][PASSED] - Taking screenshot successfully
[[ATTACHMENT|C:\\CIEL INGENIERIA\\Katalon\\Digiturno55\\Reports\\20241003_171202\\DIGITURNO\\BASICO\\24 Salas Crear Eliminar\\20241003_171228\\1727994481233.png]]

2024-10-03 17:28:01 - [TEST_STEP][PASSED] - delay(3): Delayed 3 second(s)

2024-10-03 17:28:04 - [MESSAGE][PASSED] - Delayed 3 second(s)

2024-10-03 17:28:04 - [MESSAGE][PASSED] - Call Test Case 'Test Cases/DIGITURNO/BASICO/21 Distribucion Geografica' successfully

2024-10-03 17:28:04 - [TEST_STEP][PASSED] - click(findTestObject("DIGITURNO/CONFIGURACION/2Distribucion Geografica/0Principal/img_3Salas")): Object: 'Object Repository/DIGITURNO/CONFIGURACION/2Distribucion Geografica/0Principal/img_3Salas' is clicked on

2024-10-03 17:28:05 - [MESSAGE][PASSED] - Object: 'Object Repository/DIGITURNO/CONFIGURACION/2Distribucion Geografica/0Principal/img_3Salas' is clicked on

2024-10-03 17:28:05 - [TEST_STEP][PASSED] - delay(2): Delayed 2 second(s)

2024-10-03 17:28:07 - [MESSAGE][PASSED] - Delayed 2 second(s)

2024-10-03 17:28:07 - [TEST_STEP][PASSED] - click(findTestObject("DIGITURNO/CONFIGURACION/2Distribucion Geografica/3Salas/0Modal Inicial Oficinas/td_1Bogota - CIEL")): Object: 'Object Repository/DIGITURNO/CONFIGURACION/2Distribucion Geografica/3Salas/0Modal Inicial Oficinas/td_1Bogota - CIEL' is clicked on

2024-10-03 17:28:07 - [MESSAGE][PASSED] - Object: 'Object Repository/DIGITURNO/CONFIGURACION/2Distribucion Geografica/3Salas/0Modal Inicial Oficinas/td_1Bogota - CIEL' is clicked on

2024-10-03 17:28:07 - [TEST_STEP][PASSED] - setText(findTestObject("DIGITURNO/CONFIGURACION/2Distribucion Geografica/3Salas/Lista de Salas/input_TextoABuscar"), "Prueba"): Text 'Prueba' is set on object 'Object Repository/DIGITURNO/CONFIGURACION/2Distribucion Geografica/3Salas/Lista de Salas/input_TextoABuscar'

2024-10-03 17:28:09 - [MESSAGE][PASSED] - Text 'Prueba' is set on object 'Object Repository/DIGITURNO/CONFIGURACION/2Distribucion Geografica/3Salas/Lista de Salas/input_TextoABuscar'

2024-10-03 17:28:09 - [TEST_STEP][PASSED] - delay(2): Delayed 2 second(s)

2024-10-03 17:28:11 - [MESSAGE][PASSED] - Delayed 2 second(s)

2024-10-03 17:28:11 - [TEST_STEP][PASSED] - click(findTestObject("DIGITURNO/CONFIGURACION/2Distribucion Geografica/3Salas/Lista de Salas/td_1 Seleccion Busqueda")): Object: 'Object Repository/DIGITURNO/CONFIGURACION/2Distribucion Geografica/3Salas/Lista de Salas/td_1 Seleccion Busqueda' is clicked on

2024-10-03 17:28:11 - [MESSAGE][PASSED] - Object: 'Object Repository/DIGITURNO/CONFIGURACION/2Distribucion Geografica/3Salas/Lista de Salas/td_1 Seleccion Busqueda' is clicked on

2024-10-03 17:28:11 - [TEST_STEP][PASSED] - delay(2): Delayed 2 second(s)

2024-10-03 17:28:13 - [MESSAGE][PASSED] - Delayed 2 second(s)

2024-10-03 17:28:13 - [TEST_STEP][PASSED] - click(findTestObject("DIGITURNO/CONFIGURACION/2Distribucion Geografica/3Salas/Edicion/img_Eliminar")): Object: 'Object Repository/DIGITURNO/CONFIGURACION/2Distribucion Geografica/3Salas/Edicion/img_Eliminar' is clicked on

2024-10-03 17:28:14 - [MESSAGE][PASSED] - Object: 'Object Repository/DIGITURNO/CONFIGURACION/2Distribucion Geografica/3Salas/Edicion/img_Eliminar' is clicked on

2024-10-03 17:28:14 - [TEST_STEP][PASSED] - click(findTestObject("DIGITURNO/CONFIGURACION/2Distribucion Geografica/3Salas/Edicion/img_Eliminar")): Object: 'Object Repository/DIGITURNO/CONFIGURACION/2Distribucion Geografica/3Salas/Edicion/img_Eliminar' is clicked on

2024-10-03 17:28:14 - [MESSAGE][PASSED] - Object: 'Object Repository/DIGITURNO/CONFIGURACION/2Distribucion Geografica/3Salas/Edicion/img_Eliminar' is clicked on

2024-10-03 17:28:14 - [TEST_STEP][PASSED] - acceptAlert(): Alert accepted

2024-10-03 17:28:14 - [MESSAGE][PASSED] - Alert accepted

2024-10-03 17:28:14 - [TEST_STEP][PASSED] - delay(3): Delayed 3 second(s)

2024-10-03 17:28:17 - [MESSAGE][PASSED] - Delayed 3 second(s)

2024-10-03 17:28:17 - [TEST_STEP][PASSED] - takeFullPageScreenshot(): Taking screenshot successfully

2024-10-03 17:28:17 - [MESSAGE][INFO] - 0 hidden object(s)

2024-10-03 17:28:18 - [MESSAGE][PASSED] - Taking screenshot successfully
[[ATTACHMENT|C:\\CIEL INGENIERIA\\Katalon\\Digiturno55\\Reports\\20241003_171202\\DIGITURNO\\BASICO\\24 Salas Crear Eliminar\\20241003_171228\\1727994497253.png]]

2024-10-03 17:28:18 - [TEST_STEP][PASSED] - delay(3): Delayed 3 second(s)

2024-10-03 17:28:21 - [MESSAGE][PASSED] - Delayed 3 second(s)

2024-10-03 17:28:21 - [TEST_STEP][PASSED] - Start listener action : sampleAfterTestCase: null]]></system-out>
         <system-err><![CDATA[]]></system-err>
      </testcase>
      <system-out><![CDATA[2024-10-03 17:26:34 - [TEST_SUITE][PASSED] - 24 Salas Crear Eliminar: Test Cases/DIGITURNO/BASICO/24 Salas Eliminar]]></system-out>
      <system-err><![CDATA[]]></system-err>
   </testsuite>
</testsuites>
