<?xml version="1.0" encoding="UTF-8"?>
<testsuites name="10 Terminal Deshabilitar Audio y Video" time="104.83" tests="1" failures="0" errors="0">
   <testsuite name="10 Terminal Deshabilitar Audio y Video" tests="1" failures="0" errors="0" time="104.83" skipped="0" timestamp="2023-08-31 10:51:19" hostname="jdavila - PCPruebas101.ciel.cielingenieria.com" id="Test Suites/VIDEO ATENCION/10 Terminal Deshabilitar Audio y Video">
      <properties>
         <property name="deviceName" value=""/>
         <property name="devicePlatform" value=""/>
         <property name="logFolder" value="C:\\CIEL INGENIERIA\\Katalon\\Digiturno55\\Reports\\20230831_105113\\VIDEO ATENCION\\10 Terminal Deshabilitar Audio y Video\\20230831_105113"/>
         <property name="logFiles" value="C:\\CIEL INGENIERIA\\Katalon\\Digiturno55\\Reports\\20230831_105113\\VIDEO ATENCION\\10 Terminal Deshabilitar Audio y Video\\20230831_105113\\execution0.log"/>
         <property name="attachments" value="C:\\CIEL INGENIERIA\\Katalon\\Digiturno55\\Reports\\20230831_105113\\VIDEO ATENCION\\10 Terminal Deshabilitar Audio y Video\\20230831_105113\\1693497121080.png, C:\\CIEL INGENIERIA\\Katalon\\Digiturno55\\Reports\\20230831_105113\\VIDEO ATENCION\\10 Terminal Deshabilitar Audio y Video\\20230831_105113\\1693497126909.png, C:\\CIEL INGENIERIA\\Katalon\\Digiturno55\\Reports\\20230831_105113\\VIDEO ATENCION\\10 Terminal Deshabilitar Audio y Video\\20230831_105113\\1693497152259.png, C:\\CIEL INGENIERIA\\Katalon\\Digiturno55\\Reports\\20230831_105113\\VIDEO ATENCION\\10 Terminal Deshabilitar Audio y Video\\20230831_105113\\1693497162792.png, C:\\CIEL INGENIERIA\\Katalon\\Digiturno55\\Reports\\20230831_105113\\VIDEO ATENCION\\10 Terminal Deshabilitar Audio y Video\\20230831_105113\\1693497167019.png, C:\\CIEL INGENIERIA\\Katalon\\Digiturno55\\Reports\\20230831_105113\\VIDEO ATENCION\\10 Terminal Deshabilitar Audio y Video\\20230831_105113\\1693497171692.png"/>
         <property name="hostName" value="jdavila - PCPruebas101.ciel.cielingenieria.com"/>
         <property name="os" value="Windows 10 64bit"/>
         <property name="katalonVersion" value="8.6.6.208"/>
         <property name="browser" value="Chrome 116.0.0.0"/>
         <property name="hostAddress" value="192.168.0.5"/>
         <property name="sessionId" value="63ba31280ccb3671c9f223fb56e8a836"/>
         <property name="seleniumVersion" value="3.141.59"/>
         <property name="proxyInformation" value="ProxyInformation { proxyOption=NO_PROXY, proxyServerType=HTTP, username=, password=********, proxyServerAddress=, proxyServerPort=0, executionList=&quot;&quot;, isApplyToDesiredCapabilities=true }"/>
         <property name="platform" value="Windows 10"/>
      </properties>
      <testcase name="Test Cases/VIDEO ATENCION/10 Terminal Deshabilitar Audio y Video" time="104.476" classname="Test Cases/VIDEO ATENCION/10 Terminal Deshabilitar Audio y Video" status="PASSED">
         <system-out><![CDATA[2023-08-31 10:51:20 - [TEST_CASE][PASSED] - Test Cases/VIDEO ATENCION/10 Terminal Deshabilitar Audio y Video: Test Cases/VIDEO ATENCION/10 Terminal Deshabilitar Audio y Video

2023-08-31 10:51:20 - [TEST_STEP][PASSED] - openBrowser(UrlDigiturno): Browser is opened with url: 'https://PCPruebas101.ciel.cielingenieria.com:8610'

2023-08-31 10:51:21 - [MESSAGE][INFO] - Starting 'Chrome' driver

2023-08-31 10:51:21 - [MESSAGE][INFO] - User set preference: ['args', '[--use-fake-ui-for-media-stream, --disable-notifications]']

2023-08-31 10:51:21 - [MESSAGE][INFO] - Action delay is set to 0 milliseconds

2023-08-31 10:51:23 - [MESSAGE][PASSED] - Browser is opened with url: 'https://PCPruebas101.ciel.cielingenieria.com:8610'

2023-08-31 10:51:23 - [TEST_STEP][PASSED] - maximizeWindow(): Current window maximized

2023-08-31 10:51:24 - [MESSAGE][PASSED] - Current window maximized

2023-08-31 10:51:24 - [TEST_STEP][PASSED] - delay(3): Delayed 3 second(s)

2023-08-31 10:51:27 - [MESSAGE][PASSED] - Delayed 3 second(s)

2023-08-31 10:51:27 - [TEST_STEP][PASSED] - setText(findTestObject("0Inicio Sesion/input_Usuario"), "ciel"): Text 'ciel' is set on object 'Object Repository/0Inicio Sesion/input_Usuario'

2023-08-31 10:51:28 - [MESSAGE][PASSED] - Text 'ciel' is set on object 'Object Repository/0Inicio Sesion/input_Usuario'

2023-08-31 10:51:28 - [TEST_STEP][PASSED] - setText(findTestObject("0Inicio Sesion/input_Clave"), "digiturno"): Text 'digiturno' is set on object 'Object Repository/0Inicio Sesion/input_Clave'

2023-08-31 10:51:29 - [MESSAGE][PASSED] - Text 'digiturno' is set on object 'Object Repository/0Inicio Sesion/input_Clave'

2023-08-31 10:51:29 - [TEST_STEP][PASSED] - click(findTestObject("0Inicio Sesion/btn_IniciarSesion")): Object: 'Object Repository/0Inicio Sesion/btn_IniciarSesion' is clicked on

2023-08-31 10:51:29 - [MESSAGE][PASSED] - Object: 'Object Repository/0Inicio Sesion/btn_IniciarSesion' is clicked on

2023-08-31 10:51:29 - [TEST_STEP][PASSED] - delay(3): Delayed 3 second(s)

2023-08-31 10:51:32 - [MESSAGE][PASSED] - Delayed 3 second(s)

2023-08-31 10:51:32 - [TEST_STEP][PASSED] - click(findTestObject("DIGITURNO/1Principal/img_Operacion(1)")): Object: 'Object Repository/DIGITURNO/1Principal/img_Operacion(1)' is clicked on

2023-08-31 10:51:33 - [MESSAGE][PASSED] - Object: 'Object Repository/DIGITURNO/1Principal/img_Operacion(1)' is clicked on

2023-08-31 10:51:33 - [TEST_STEP][PASSED] - click(findTestObject("DIGITURNO/OPERACION/0Principal/Elementos del Sistema/img_Terminales")): Object: 'Object Repository/DIGITURNO/OPERACION/0Principal/Elementos del Sistema/img_Terminales' is clicked on

2023-08-31 10:51:34 - [MESSAGE][PASSED] - Object: 'Object Repository/DIGITURNO/OPERACION/0Principal/Elementos del Sistema/img_Terminales' is clicked on

2023-08-31 10:51:34 - [TEST_STEP][PASSED] - click(findTestObject("DIGITURNO/OPERACION/2Terminales/0Oficinas/td_2Cali - Chipichape")): Object: 'Object Repository/DIGITURNO/OPERACION/2Terminales/0Oficinas/td_2Cali - Chipichape' is clicked on

2023-08-31 10:51:34 - [MESSAGE][PASSED] - Object: 'Object Repository/DIGITURNO/OPERACION/2Terminales/0Oficinas/td_2Cali - Chipichape' is clicked on

2023-08-31 10:51:34 - [TEST_STEP][PASSED] - delay(2): Delayed 2 second(s)

2023-08-31 10:51:36 - [MESSAGE][PASSED] - Delayed 2 second(s)

2023-08-31 10:51:36 - [TEST_STEP][PASSED] - click(findTestObject("DIGITURNO/OPERACION/2Terminales/0Terminales (Menos WorkFlow)/td_1 - Terminal - Informacion")): Object: 'Object Repository/DIGITURNO/OPERACION/2Terminales/0Terminales (Menos WorkFlow)/td_1 - Terminal - Informacion' is clicked on

2023-08-31 10:51:37 - [MESSAGE][PASSED] - Object: 'Object Repository/DIGITURNO/OPERACION/2Terminales/0Terminales (Menos WorkFlow)/td_1 - Terminal - Informacion' is clicked on

2023-08-31 10:51:37 - [TEST_STEP][PASSED] - delay(3): Delayed 3 second(s)

2023-08-31 10:51:40 - [MESSAGE][PASSED] - Delayed 3 second(s)

2023-08-31 10:51:40 - [TEST_STEP][PASSED] - navigateToUrl(UrlVideoAtencion): Navigate to 'https://PCPruebas101.ciel.cielingenieria.com:8802/videoatencion.html?conf=selector1' successfully

2023-08-31 10:51:41 - [MESSAGE][PASSED] - Navigate to 'https://PCPruebas101.ciel.cielingenieria.com:8802/videoatencion.html?conf=selector1' successfully

2023-08-31 10:51:41 - [TEST_STEP][PASSED] - waitForElementClickable(findTestObject("VIDEO ATENCION/Cliente/0btn_Solicitar Video Atencion"), 5): Object 'Object Repository/VIDEO ATENCION/Cliente/0btn_Solicitar Video Atencion' is clickable

2023-08-31 10:51:46 - [MESSAGE][PASSED] - Object 'Object Repository/VIDEO ATENCION/Cliente/0btn_Solicitar Video Atencion' is clickable

2023-08-31 10:51:46 - [TEST_STEP][PASSED] - click(findTestObject("VIDEO ATENCION/Cliente/0btn_Solicitar Video Atencion")): Object: 'Object Repository/VIDEO ATENCION/Cliente/0btn_Solicitar Video Atencion' is clicked on

2023-08-31 10:51:46 - [MESSAGE][PASSED] - Object: 'Object Repository/VIDEO ATENCION/Cliente/0btn_Solicitar Video Atencion' is clicked on

2023-08-31 10:51:46 - [TEST_STEP][PASSED] - delay(3): Delayed 3 second(s)

2023-08-31 10:51:49 - [MESSAGE][PASSED] - Delayed 3 second(s)

2023-08-31 10:51:49 - [TEST_STEP][PASSED] - selectOptionByIndex(findTestObject("VIDEO ATENCION/Cliente/select_Tipo Identificacion"), 1): All options with index in [1] are selected on object 'Object Repository/VIDEO ATENCION/Cliente/select_Tipo Identificacion'

2023-08-31 10:51:51 - [MESSAGE][PASSED] - All options with index in [1] are selected on object 'Object Repository/VIDEO ATENCION/Cliente/select_Tipo Identificacion'

2023-08-31 10:51:51 - [TEST_STEP][PASSED] - setText(findTestObject("VIDEO ATENCION/Cliente/input_Identificacion"), "636711"): Text '636711' is set on object 'Object Repository/VIDEO ATENCION/Cliente/input_Identificacion'

2023-08-31 10:51:52 - [MESSAGE][PASSED] - Text '636711' is set on object 'Object Repository/VIDEO ATENCION/Cliente/input_Identificacion'

2023-08-31 10:51:52 - [TEST_STEP][PASSED] - setText(findTestObject("VIDEO ATENCION/Cliente/input_NombreCompleto"), "Jaime Enrique Davila Zuazo"): Text 'Jaime Enrique Davila Zuazo' is set on object 'Object Repository/VIDEO ATENCION/Cliente/input_NombreCompleto'

2023-08-31 10:51:53 - [MESSAGE][PASSED] - Text 'Jaime Enrique Davila Zuazo' is set on object 'Object Repository/VIDEO ATENCION/Cliente/input_NombreCompleto'

2023-08-31 10:51:53 - [TEST_STEP][PASSED] - setText(findTestObject("VIDEO ATENCION/Cliente/input_Primer Nombre"), "Jaime"): Text 'Jaime' is set on object 'Object Repository/VIDEO ATENCION/Cliente/input_Primer Nombre'

2023-08-31 10:51:54 - [MESSAGE][PASSED] - Text 'Jaime' is set on object 'Object Repository/VIDEO ATENCION/Cliente/input_Primer Nombre'

2023-08-31 10:51:54 - [TEST_STEP][PASSED] - setText(findTestObject("VIDEO ATENCION/Cliente/input_Segundo Nombre"), "Enrique"): Text 'Enrique' is set on object 'Object Repository/VIDEO ATENCION/Cliente/input_Segundo Nombre'

2023-08-31 10:51:55 - [MESSAGE][PASSED] - Text 'Enrique' is set on object 'Object Repository/VIDEO ATENCION/Cliente/input_Segundo Nombre'

2023-08-31 10:51:55 - [TEST_STEP][PASSED] - setText(findTestObject("VIDEO ATENCION/Cliente/input_Primer Apellido"), "Davila"): Text 'Davila' is set on object 'Object Repository/VIDEO ATENCION/Cliente/input_Primer Apellido'

2023-08-31 10:51:56 - [MESSAGE][PASSED] - Text 'Davila' is set on object 'Object Repository/VIDEO ATENCION/Cliente/input_Primer Apellido'

2023-08-31 10:51:56 - [TEST_STEP][PASSED] - setText(findTestObject("VIDEO ATENCION/Cliente/input_Segundo Apellido"), "Zuazo"): Text 'Zuazo' is set on object 'Object Repository/VIDEO ATENCION/Cliente/input_Segundo Apellido'

2023-08-31 10:51:58 - [MESSAGE][PASSED] - Text 'Zuazo' is set on object 'Object Repository/VIDEO ATENCION/Cliente/input_Segundo Apellido'

2023-08-31 10:51:58 - [TEST_STEP][PASSED] - setText(findTestObject("VIDEO ATENCION/Cliente/input_Celular"), "3194159302"): Text '3194159302' is set on object 'Object Repository/VIDEO ATENCION/Cliente/input_Celular'

2023-08-31 10:51:58 - [MESSAGE][PASSED] - Text '3194159302' is set on object 'Object Repository/VIDEO ATENCION/Cliente/input_Celular'

2023-08-31 10:51:58 - [TEST_STEP][PASSED] - setText(findTestObject("VIDEO ATENCION/Cliente/input_Correo"), "edavilaz@gmail.com"): Text 'edavilaz@gmail.com' is set on object 'Object Repository/VIDEO ATENCION/Cliente/input_Correo'

2023-08-31 10:52:00 - [MESSAGE][PASSED] - Text 'edavilaz@gmail.com' is set on object 'Object Repository/VIDEO ATENCION/Cliente/input_Correo'

2023-08-31 10:52:00 - [TEST_STEP][PASSED] - setText(findTestObject("VIDEO ATENCION/Cliente/input_Confirme Correo"), "edavilaz@gmail.com"): Text 'edavilaz@gmail.com' is set on object 'Object Repository/VIDEO ATENCION/Cliente/input_Confirme Correo'

2023-08-31 10:52:01 - [MESSAGE][PASSED] - Text 'edavilaz@gmail.com' is set on object 'Object Repository/VIDEO ATENCION/Cliente/input_Confirme Correo'

2023-08-31 10:52:01 - [TEST_STEP][PASSED] - takeFullPageScreenshot(): Taking screenshot successfully

2023-08-31 10:52:02 - [MESSAGE][INFO] - 0 hidden object(s)

2023-08-31 10:52:02 - [MESSAGE][PASSED] - Taking screenshot successfully
[[ATTACHMENT|C:\\CIEL INGENIERIA\\Katalon\\Digiturno55\\Reports\\20230831_105113\\VIDEO ATENCION\\10 Terminal Deshabilitar Audio y Video\\20230831_105113\\1693497121080.png]]

2023-08-31 10:52:02 - [TEST_STEP][PASSED] - scrollToElement(findTestObject("VIDEO ATENCION/Cliente/img_Continuar (Guarda Cliente)"), 2): Scroll to object 'Object Repository/VIDEO ATENCION/Cliente/img_Continuar (Guarda Cliente)' successfully

2023-08-31 10:52:03 - [MESSAGE][PASSED] - Scroll to object 'Object Repository/VIDEO ATENCION/Cliente/img_Continuar (Guarda Cliente)' successfully

2023-08-31 10:52:03 - [TEST_STEP][PASSED] - click(findTestObject("VIDEO ATENCION/Cliente/img_Continuar (Guarda Cliente)")): Object: 'Object Repository/VIDEO ATENCION/Cliente/img_Continuar (Guarda Cliente)' is clicked on

2023-08-31 10:52:03 - [MESSAGE][PASSED] - Object: 'Object Repository/VIDEO ATENCION/Cliente/img_Continuar (Guarda Cliente)' is clicked on

2023-08-31 10:52:03 - [TEST_STEP][PASSED] - delay(3): Delayed 3 second(s)

2023-08-31 10:52:06 - [MESSAGE][PASSED] - Delayed 3 second(s)

2023-08-31 10:52:06 - [TEST_STEP][PASSED] - takeFullPageScreenshot(): Taking screenshot successfully

2023-08-31 10:52:07 - [MESSAGE][INFO] - 0 hidden object(s)

2023-08-31 10:52:07 - [MESSAGE][PASSED] - Taking screenshot successfully
[[ATTACHMENT|C:\\CIEL INGENIERIA\\Katalon\\Digiturno55\\Reports\\20230831_105113\\VIDEO ATENCION\\10 Terminal Deshabilitar Audio y Video\\20230831_105113\\1693497126909.png]]

2023-08-31 10:52:07 - [TEST_STEP][PASSED] - delay(3): Delayed 3 second(s)

2023-08-31 10:52:10 - [MESSAGE][PASSED] - Delayed 3 second(s)

2023-08-31 10:52:10 - [TEST_STEP][PASSED] - switchToWindowIndex(1): Switched to window with index: '1'

2023-08-31 10:52:10 - [MESSAGE][PASSED] - Switched to window with index: '1'

2023-08-31 10:52:10 - [TEST_STEP][PASSED] - maximizeWindow(): Current window maximized

2023-08-31 10:52:11 - [MESSAGE][PASSED] - Current window maximized

2023-08-31 10:52:11 - [TEST_STEP][PASSED] - delay(3): Delayed 3 second(s)

2023-08-31 10:52:14 - [MESSAGE][PASSED] - Delayed 3 second(s)

2023-08-31 10:52:14 - [TEST_STEP][PASSED] - click(findTestObject("DIGITURNO/OPERACION/2Terminales/Terminal/img_Llamar")): Object: 'Object Repository/DIGITURNO/OPERACION/2Terminales/Terminal/img_Llamar' is clicked on

2023-08-31 10:52:14 - [MESSAGE][PASSED] - Object: 'Object Repository/DIGITURNO/OPERACION/2Terminales/Terminal/img_Llamar' is clicked on

2023-08-31 10:52:14 - [TEST_STEP][PASSED] - delay(3): Delayed 3 second(s)

2023-08-31 10:52:18 - [MESSAGE][PASSED] - Delayed 3 second(s)

2023-08-31 10:52:18 - [TEST_STEP][PASSED] - click(findTestObject("DIGITURNO/OPERACION/2Terminales/Terminal/img_Ocupado")): Object: 'Object Repository/DIGITURNO/OPERACION/2Terminales/Terminal/img_Ocupado' is clicked on

2023-08-31 10:52:22 - [MESSAGE][PASSED] - Object: 'Object Repository/DIGITURNO/OPERACION/2Terminales/Terminal/img_Ocupado' is clicked on

2023-08-31 10:52:22 - [TEST_STEP][PASSED] - delay(3): Delayed 3 second(s)

2023-08-31 10:52:25 - [MESSAGE][PASSED] - Delayed 3 second(s)

2023-08-31 10:52:25 - [TEST_STEP][PASSED] - click(findTestObject("DIGITURNO/OPERACION/2Terminales/Terminal/img_Ocupado(1)/a_1Actualizacion de Datos")): Object: 'Object Repository/DIGITURNO/OPERACION/2Terminales/Terminal/img_Ocupado(1)/a_1Actualizacion de Datos' is clicked on

2023-08-31 10:52:29 - [MESSAGE][PASSED] - Object: 'Object Repository/DIGITURNO/OPERACION/2Terminales/Terminal/img_Ocupado(1)/a_1Actualizacion de Datos' is clicked on

2023-08-31 10:52:29 - [TEST_STEP][PASSED] - delay(3): Delayed 3 second(s)

2023-08-31 10:52:32 - [MESSAGE][PASSED] - Delayed 3 second(s)

2023-08-31 10:52:32 - [TEST_STEP][PASSED] - takeFullPageScreenshot(): Taking screenshot successfully

2023-08-31 10:52:33 - [MESSAGE][INFO] - 0 hidden object(s)

2023-08-31 10:52:33 - [MESSAGE][PASSED] - Taking screenshot successfully
[[ATTACHMENT|C:\\CIEL INGENIERIA\\Katalon\\Digiturno55\\Reports\\20230831_105113\\VIDEO ATENCION\\10 Terminal Deshabilitar Audio y Video\\20230831_105113\\1693497152259.png]]

2023-08-31 10:52:33 - [TEST_STEP][PASSED] - delay(3): Delayed 3 second(s)

2023-08-31 10:52:36 - [MESSAGE][PASSED] - Delayed 3 second(s)

2023-08-31 10:52:36 - [TEST_STEP][PASSED] - click(findTestObject("VIDEO ATENCION/Terminal/img_1CerrarCamara")): Object: 'Object Repository/VIDEO ATENCION/Terminal/img_1CerrarCamara' is clicked on

2023-08-31 10:52:37 - [MESSAGE][PASSED] - Object: 'Object Repository/VIDEO ATENCION/Terminal/img_1CerrarCamara' is clicked on

2023-08-31 10:52:37 - [TEST_STEP][PASSED] - click(findTestObject("VIDEO ATENCION/Terminal/img_1CerraMicrofono")): Object: 'Object Repository/VIDEO ATENCION/Terminal/img_1CerraMicrofono' is clicked on

2023-08-31 10:52:39 - [MESSAGE][PASSED] - Object: 'Object Repository/VIDEO ATENCION/Terminal/img_1CerraMicrofono' is clicked on

2023-08-31 10:52:39 - [TEST_STEP][PASSED] - delay(3): Delayed 3 second(s)

2023-08-31 10:52:42 - [MESSAGE][PASSED] - Delayed 3 second(s)

2023-08-31 10:52:42 - [TEST_STEP][PASSED] - takeFullPageScreenshot(): Taking screenshot successfully

2023-08-31 10:52:43 - [MESSAGE][INFO] - 0 hidden object(s)

2023-08-31 10:52:43 - [MESSAGE][PASSED] - Taking screenshot successfully
[[ATTACHMENT|C:\\CIEL INGENIERIA\\Katalon\\Digiturno55\\Reports\\20230831_105113\\VIDEO ATENCION\\10 Terminal Deshabilitar Audio y Video\\20230831_105113\\1693497162792.png]]

2023-08-31 10:52:43 - [TEST_STEP][PASSED] - switchToWindowIndex(0): Switched to window with index: '0'

2023-08-31 10:52:43 - [MESSAGE][PASSED] - Switched to window with index: '0'

2023-08-31 10:52:43 - [TEST_STEP][PASSED] - delay(3): Delayed 3 second(s)

2023-08-31 10:52:47 - [MESSAGE][PASSED] - Delayed 3 second(s)

2023-08-31 10:52:47 - [TEST_STEP][PASSED] - takeFullPageScreenshot(): Taking screenshot successfully

2023-08-31 10:52:48 - [MESSAGE][INFO] - 0 hidden object(s)

2023-08-31 10:52:48 - [MESSAGE][PASSED] - Taking screenshot successfully
[[ATTACHMENT|C:\\CIEL INGENIERIA\\Katalon\\Digiturno55\\Reports\\20230831_105113\\VIDEO ATENCION\\10 Terminal Deshabilitar Audio y Video\\20230831_105113\\1693497167019.png]]

2023-08-31 10:52:48 - [TEST_STEP][PASSED] - switchToWindowIndex(1): Switched to window with index: '1'

2023-08-31 10:52:48 - [MESSAGE][PASSED] - Switched to window with index: '1'

2023-08-31 10:52:48 - [TEST_STEP][PASSED] - delay(3): Delayed 3 second(s)

2023-08-31 10:52:51 - [MESSAGE][PASSED] - Delayed 3 second(s)

2023-08-31 10:52:51 - [TEST_STEP][PASSED] - takeFullPageScreenshot(): Taking screenshot successfully

2023-08-31 10:52:52 - [MESSAGE][INFO] - 0 hidden object(s)

2023-08-31 10:52:52 - [MESSAGE][PASSED] - Taking screenshot successfully
[[ATTACHMENT|C:\\CIEL INGENIERIA\\Katalon\\Digiturno55\\Reports\\20230831_105113\\VIDEO ATENCION\\10 Terminal Deshabilitar Audio y Video\\20230831_105113\\1693497171692.png]]

2023-08-31 10:52:52 - [TEST_STEP][PASSED] - delay(3): Delayed 3 second(s)

2023-08-31 10:52:55 - [MESSAGE][PASSED] - Delayed 3 second(s)

2023-08-31 10:52:55 - [TEST_STEP][PASSED] - click(findTestObject("DIGITURNO/OPERACION/2Terminales/Terminal/img_Cerrar")): Object: 'Object Repository/DIGITURNO/OPERACION/2Terminales/Terminal/img_Cerrar' is clicked on

2023-08-31 10:52:56 - [MESSAGE][PASSED] - Object: 'Object Repository/DIGITURNO/OPERACION/2Terminales/Terminal/img_Cerrar' is clicked on

2023-08-31 10:52:56 - [TEST_STEP][PASSED] - delay(3): Delayed 3 second(s)

2023-08-31 10:52:59 - [MESSAGE][PASSED] - Delayed 3 second(s)

2023-08-31 10:52:59 - [TEST_STEP][PASSED] - click(findTestObject("DIGITURNO/OPERACION/2Terminales/Terminal/img_Cerrar(1)/btn_4FindeJornada_8")): Object: 'Object Repository/DIGITURNO/OPERACION/2Terminales/Terminal/img_Cerrar(1)/btn_4FindeJornada_8' is clicked on

2023-08-31 10:53:00 - [MESSAGE][PASSED] - Object: 'Object Repository/DIGITURNO/OPERACION/2Terminales/Terminal/img_Cerrar(1)/btn_4FindeJornada_8' is clicked on

2023-08-31 10:53:00 - [TEST_STEP][PASSED] - delay(3): Delayed 3 second(s)

2023-08-31 10:53:03 - [MESSAGE][PASSED] - Delayed 3 second(s)

2023-08-31 10:53:03 - [TEST_STEP][PASSED] - closeBrowser(): Browser is closed

2023-08-31 10:53:04 - [MESSAGE][PASSED] - Browser is closed

2023-08-31 10:53:04 - [TEST_STEP][PASSED] - Start listener action : sampleAfterTestCase: null]]></system-out>
         <system-err><![CDATA[]]></system-err>
      </testcase>
      <system-out><![CDATA[2023-08-31 10:51:19 - [TEST_SUITE][PASSED] - 10 Terminal Deshabilitar Audio y Video: Test Cases/VIDEO ATENCION/10 Terminal Deshabilitar Audio y Video]]></system-out>
      <system-err><![CDATA[]]></system-err>
   </testsuite>
</testsuites>
