<?xml version="1.0" encoding="UTF-8"?>
<testsuites name="3.4a Agregar arbol a Subservicios Informacion" time="57.504" tests="1" failures="0" errors="0">
   <testsuite name="3.4a Agregar arbol a Subservicios Informacion" tests="1" failures="0" errors="0" time="57.504" skipped="0" timestamp="2024-04-02 14:08:08" hostname="jdavila - PCPruebas101.ciel.cielingenieria.com" id="Test Suites/WIZARD/1Modelo De Negocio/3.4a Agregar arbol a Subservicios Informacion">
      <properties>
         <property name="deviceName" value=""/>
         <property name="devicePlatform" value=""/>
         <property name="logFolder" value="C:\\CIEL INGENIERIA\\Katalon\\Digiturno55\\Reports\\20240402_135301\\WIZARD\\1Modelo De Negocio\\3.4a Agregar arbol a Subservicios Informacion\\20240402_135318"/>
         <property name="logFiles" value="C:\\CIEL INGENIERIA\\Katalon\\Digiturno55\\Reports\\20240402_135301\\WIZARD\\1Modelo De Negocio\\3.4a Agregar arbol a Subservicios Informacion\\20240402_135318\\execution0.log"/>
         <property name="attachments" value="C:\\CIEL INGENIERIA\\Katalon\\Digiturno55\\Reports\\20240402_135301\\WIZARD\\1Modelo De Negocio\\3.4a Agregar arbol a Subservicios Informacion\\20240402_135318\\1712084941961.png"/>
         <property name="hostName" value="jdavila - PCPruebas101.ciel.cielingenieria.com"/>
         <property name="os" value="Windows 10 64bit"/>
         <property name="katalonVersion" value="8.6.9.208"/>
         <property name="browser" value="Chrome 123.0.0.0"/>
         <property name="hostAddress" value="192.168.91.18"/>
         <property name="sessionId" value="c342f474e1211d6a27a3a9e73b11aea0"/>
         <property name="seleniumVersion" value="3.141.59"/>
         <property name="proxyInformation" value="ProxyInformation { proxyOption=NO_PROXY, proxyServerType=HTTP, username=, password=********, proxyServerAddress=, proxyServerPort=0, executionList=&quot;&quot;, isApplyToDesiredCapabilities=true }"/>
         <property name="platform" value="Windows 10"/>
      </properties>
      <testcase name="Test Cases/WIZARD/1Modelo De Negocio/3.4a Agregar arbol a SubServicios Informacion" time="57.247" classname="Test Cases/WIZARD/1Modelo De Negocio/3.4a Agregar arbol a SubServicios Informacion" status="PASSED">
         <system-out><![CDATA[2024-04-02 14:08:08 - [TEST_CASE][PASSED] - Test Cases/WIZARD/1Modelo De Negocio/3.4a Agregar arbol a SubServicios Informacion: Test Cases/WIZARD/1Modelo De Negocio/3.4a Agregar arbol a SubServicios Informacion

2024-04-02 14:08:08 - [TEST_STEP][PASSED] - callTestCase(findTestCase("0InicioSesion"), [:], STOP_ON_FAILURE): Call Test Case 'Test Cases/0InicioSesion' successfully

2024-04-02 14:08:09 - [TEST_CASE][PASSED] - Test Cases/0InicioSesion: Test Cases/0InicioSesion

2024-04-02 14:08:09 - [TEST_STEP][PASSED] - openBrowser(UrlDigiturno): Browser is opened with url: 'https://PCPruebas101.ciel.cielingenieria.com:8910'

2024-04-02 14:08:09 - [MESSAGE][INFO] - Starting 'Chrome' driver

2024-04-02 14:08:09 - [MESSAGE][INFO] - User set preference: ['args', '[--use-fake-ui-for-media-stream, --disable-notifications]']

2024-04-02 14:08:09 - [MESSAGE][INFO] - Action delay is set to 0 milliseconds

2024-04-02 14:08:12 - [MESSAGE][PASSED] - Browser is opened with url: 'https://PCPruebas101.ciel.cielingenieria.com:8910'

2024-04-02 14:08:12 - [TEST_STEP][PASSED] - maximizeWindow(): Current window maximized

2024-04-02 14:08:12 - [MESSAGE][PASSED] - Current window maximized

2024-04-02 14:08:12 - [TEST_STEP][PASSED] - delay(3): Delayed 3 second(s)

2024-04-02 14:08:16 - [MESSAGE][PASSED] - Delayed 3 second(s)

2024-04-02 14:08:16 - [TEST_STEP][PASSED] - setText(findTestObject("0Inicio Sesion/input_Usuario"), "Ciel"): Text 'Ciel' is set on object 'Object Repository/0Inicio Sesion/input_Usuario'

2024-04-02 14:08:16 - [MESSAGE][PASSED] - Text 'Ciel' is set on object 'Object Repository/0Inicio Sesion/input_Usuario'

2024-04-02 14:08:16 - [TEST_STEP][PASSED] - setText(findTestObject("0Inicio Sesion/input_Clave"), "digiturno"): Text 'digiturno' is set on object 'Object Repository/0Inicio Sesion/input_Clave'

2024-04-02 14:08:17 - [MESSAGE][PASSED] - Text 'digiturno' is set on object 'Object Repository/0Inicio Sesion/input_Clave'

2024-04-02 14:08:17 - [TEST_STEP][PASSED] - click(findTestObject("0Inicio Sesion/btn_IniciarSesion")): Object: 'Object Repository/0Inicio Sesion/btn_IniciarSesion' is clicked on

2024-04-02 14:08:18 - [MESSAGE][PASSED] - Object: 'Object Repository/0Inicio Sesion/btn_IniciarSesion' is clicked on

2024-04-02 14:08:18 - [TEST_STEP][PASSED] - delay(3): Delayed 3 second(s)

2024-04-02 14:08:21 - [MESSAGE][PASSED] - Delayed 3 second(s)

2024-04-02 14:08:21 - [MESSAGE][PASSED] - Call Test Case 'Test Cases/0InicioSesion' successfully

2024-04-02 14:08:21 - [TEST_STEP][PASSED] - click(findTestObject("WIZARD/0Principal/img_ModeloDeNegocioMAX")): Object: 'Object Repository/WIZARD/0Principal/img_ModeloDeNegocioMAX' is clicked on

2024-04-02 14:08:21 - [MESSAGE][PASSED] - Object: 'Object Repository/WIZARD/0Principal/img_ModeloDeNegocioMAX' is clicked on

2024-04-02 14:08:21 - [TEST_STEP][PASSED] - delay(3): Delayed 3 second(s)

2024-04-02 14:08:24 - [MESSAGE][PASSED] - Delayed 3 second(s)

2024-04-02 14:08:24 - [TEST_STEP][PASSED] - setText(findTestObject("WIZARD/1Modelo De Negocio/0ArbolDeJerarquia/input_cajaBusqueda"), "Información"): Text 'Información' is set on object 'Object Repository/WIZARD/1Modelo De Negocio/0ArbolDeJerarquia/input_cajaBusqueda'

2024-04-02 14:08:25 - [MESSAGE][PASSED] - Text 'Información' is set on object 'Object Repository/WIZARD/1Modelo De Negocio/0ArbolDeJerarquia/input_cajaBusqueda'

2024-04-02 14:08:25 - [TEST_STEP][PASSED] - delay(3): Delayed 3 second(s)

2024-04-02 14:08:28 - [MESSAGE][PASSED] - Delayed 3 second(s)

2024-04-02 14:08:28 - [TEST_STEP][PASSED] - rightClick(findTestObject("WIZARD/1Modelo De Negocio/0ArbolDeJerarquia/1General/7 General Informacion/span_7 Informacion")): Object: 'Object Repository/WIZARD/1Modelo De Negocio/0ArbolDeJerarquia/1General/7 General Informacion/span_7 Informacion' is right clicked on

2024-04-02 14:08:29 - [MESSAGE][PASSED] - Object: 'Object Repository/WIZARD/1Modelo De Negocio/0ArbolDeJerarquia/1General/7 General Informacion/span_7 Informacion' is right clicked on

2024-04-02 14:08:29 - [TEST_STEP][PASSED] - mouseOver(findTestObject("WIZARD/1Modelo De Negocio/0ArbolDeJerarquia/1General/7 General Informacion/span_Elemento")): Object: 'Object Repository/WIZARD/1Modelo De Negocio/0ArbolDeJerarquia/1General/7 General Informacion/span_Elemento' is hovered

2024-04-02 14:08:29 - [MESSAGE][PASSED] - Object: 'Object Repository/WIZARD/1Modelo De Negocio/0ArbolDeJerarquia/1General/7 General Informacion/span_Elemento' is hovered

2024-04-02 14:08:29 - [TEST_STEP][PASSED] - delay(2): Delayed 2 second(s)

2024-04-02 14:08:31 - [MESSAGE][PASSED] - Delayed 2 second(s)

2024-04-02 14:08:31 - [TEST_STEP][PASSED] - click(findTestObject("WIZARD/1Modelo De Negocio/0ArbolDeJerarquia/1General/7 General Informacion/span_Elemento(1)/span_Agregar Elementos")): Object: 'Object Repository/WIZARD/1Modelo De Negocio/0ArbolDeJerarquia/1General/7 General Informacion/span_Elemento(1)/span_Agregar Elementos' is clicked on

2024-04-02 14:08:32 - [MESSAGE][PASSED] - Object: 'Object Repository/WIZARD/1Modelo De Negocio/0ArbolDeJerarquia/1General/7 General Informacion/span_Elemento(1)/span_Agregar Elementos' is clicked on

2024-04-02 14:08:32 - [TEST_STEP][PASSED] - delay(3): Delayed 3 second(s)

2024-04-02 14:08:35 - [MESSAGE][PASSED] - Delayed 3 second(s)

2024-04-02 14:08:35 - [TEST_STEP][PASSED] - click(findTestObject("WIZARD/1Modelo De Negocio/0ArbolDeJerarquia/1General/7 General Informacion/span_Elemento(1)/span_Agregar Elementos(1)/servicios/label_0 Actualizacion de Datos")): Object: 'Object Repository/WIZARD/1Modelo De Negocio/0ArbolDeJerarquia/1General/7 General Informacion/span_Elemento(1)/span_Agregar Elementos(1)/servicios/label_0 Actualizacion de Datos' is clicked on

2024-04-02 14:08:35 - [MESSAGE][PASSED] - Object: 'Object Repository/WIZARD/1Modelo De Negocio/0ArbolDeJerarquia/1General/7 General Informacion/span_Elemento(1)/span_Agregar Elementos(1)/servicios/label_0 Actualizacion de Datos' is clicked on

2024-04-02 14:08:35 - [TEST_STEP][PASSED] - click(findTestObject("WIZARD/1Modelo De Negocio/0ArbolDeJerarquia/1General/7 General Informacion/span_Elemento(1)/span_Agregar Elementos(1)/servicios/label_3 Facturacion")): Object: 'Object Repository/WIZARD/1Modelo De Negocio/0ArbolDeJerarquia/1General/7 General Informacion/span_Elemento(1)/span_Agregar Elementos(1)/servicios/label_3 Facturacion' is clicked on

2024-04-02 14:08:36 - [MESSAGE][PASSED] - Object: 'Object Repository/WIZARD/1Modelo De Negocio/0ArbolDeJerarquia/1General/7 General Informacion/span_Elemento(1)/span_Agregar Elementos(1)/servicios/label_3 Facturacion' is clicked on

2024-04-02 14:08:36 - [TEST_STEP][PASSED] - click(findTestObject("WIZARD/1Modelo De Negocio/0ArbolDeJerarquia/1General/7 General Informacion/span_Elemento(1)/span_Agregar Elementos(1)/servicios/label_5 Inscripciones")): Object: 'Object Repository/WIZARD/1Modelo De Negocio/0ArbolDeJerarquia/1General/7 General Informacion/span_Elemento(1)/span_Agregar Elementos(1)/servicios/label_5 Inscripciones' is clicked on

2024-04-02 14:08:36 - [MESSAGE][PASSED] - Object: 'Object Repository/WIZARD/1Modelo De Negocio/0ArbolDeJerarquia/1General/7 General Informacion/span_Elemento(1)/span_Agregar Elementos(1)/servicios/label_5 Inscripciones' is clicked on

2024-04-02 14:08:36 - [TEST_STEP][PASSED] - click(findTestObject("WIZARD/1Modelo De Negocio/0ArbolDeJerarquia/1General/7 General Informacion/span_Elemento(1)/span_Agregar Elementos(1)/servicios/label_10 Renovaciones")): Object: 'Object Repository/WIZARD/1Modelo De Negocio/0ArbolDeJerarquia/1General/7 General Informacion/span_Elemento(1)/span_Agregar Elementos(1)/servicios/label_10 Renovaciones' is clicked on

2024-04-02 14:08:36 - [MESSAGE][PASSED] - Object: 'Object Repository/WIZARD/1Modelo De Negocio/0ArbolDeJerarquia/1General/7 General Informacion/span_Elemento(1)/span_Agregar Elementos(1)/servicios/label_10 Renovaciones' is clicked on

2024-04-02 14:08:36 - [TEST_STEP][PASSED] - delay(3): Delayed 3 second(s)

2024-04-02 14:08:39 - [MESSAGE][PASSED] - Delayed 3 second(s)

2024-04-02 14:08:39 - [TEST_STEP][PASSED] - click(findTestObject("WIZARD/1Modelo De Negocio/0ArbolDeJerarquia/1General/7 General Informacion/span_Elemento(1)/span_Agregar Elementos(1)/btn_Agregar")): Object: 'Object Repository/WIZARD/1Modelo De Negocio/0ArbolDeJerarquia/1General/7 General Informacion/span_Elemento(1)/span_Agregar Elementos(1)/btn_Agregar' is clicked on

2024-04-02 14:08:40 - [MESSAGE][PASSED] - Object: 'Object Repository/WIZARD/1Modelo De Negocio/0ArbolDeJerarquia/1General/7 General Informacion/span_Elemento(1)/span_Agregar Elementos(1)/btn_Agregar' is clicked on

2024-04-02 14:08:40 - [TEST_STEP][PASSED] - delay(3): Delayed 3 second(s)

2024-04-02 14:08:43 - [MESSAGE][PASSED] - Delayed 3 second(s)

2024-04-02 14:08:43 - [TEST_STEP][PASSED] - setText(findTestObject("WIZARD/1Modelo De Negocio/0ArbolDeJerarquia/input_cajaBusqueda"), "Información"): Text 'Información' is set on object 'Object Repository/WIZARD/1Modelo De Negocio/0ArbolDeJerarquia/input_cajaBusqueda'

2024-04-02 14:08:44 - [MESSAGE][PASSED] - Text 'Información' is set on object 'Object Repository/WIZARD/1Modelo De Negocio/0ArbolDeJerarquia/input_cajaBusqueda'

2024-04-02 14:08:44 - [TEST_STEP][PASSED] - delay(3): Delayed 3 second(s)

2024-04-02 14:08:47 - [MESSAGE][PASSED] - Delayed 3 second(s)

2024-04-02 14:08:47 - [TEST_STEP][PASSED] - rightClick(findTestObject("WIZARD/1Modelo De Negocio/0ArbolDeJerarquia/1Preferencial/4 Preferencial Informacion/span_4 Informacion")): Object: 'Object Repository/WIZARD/1Modelo De Negocio/0ArbolDeJerarquia/1Preferencial/4 Preferencial Informacion/span_4 Informacion' is right clicked on

2024-04-02 14:08:47 - [MESSAGE][PASSED] - Object: 'Object Repository/WIZARD/1Modelo De Negocio/0ArbolDeJerarquia/1Preferencial/4 Preferencial Informacion/span_4 Informacion' is right clicked on

2024-04-02 14:08:47 - [TEST_STEP][PASSED] - mouseOver(findTestObject("WIZARD/1Modelo De Negocio/0ArbolDeJerarquia/1Preferencial/4 Preferencial Informacion/span_Elemento")): Object: 'Object Repository/WIZARD/1Modelo De Negocio/0ArbolDeJerarquia/1Preferencial/4 Preferencial Informacion/span_Elemento' is hovered

2024-04-02 14:08:48 - [MESSAGE][PASSED] - Object: 'Object Repository/WIZARD/1Modelo De Negocio/0ArbolDeJerarquia/1Preferencial/4 Preferencial Informacion/span_Elemento' is hovered

2024-04-02 14:08:48 - [TEST_STEP][PASSED] - delay(2): Delayed 2 second(s)

2024-04-02 14:08:50 - [MESSAGE][PASSED] - Delayed 2 second(s)

2024-04-02 14:08:50 - [TEST_STEP][PASSED] - click(findTestObject("WIZARD/1Modelo De Negocio/0ArbolDeJerarquia/1Preferencial/4 Preferencial Informacion/span_Elemento(1)/span_Agregar Elementos")): Object: 'Object Repository/WIZARD/1Modelo De Negocio/0ArbolDeJerarquia/1Preferencial/4 Preferencial Informacion/span_Elemento(1)/span_Agregar Elementos' is clicked on

2024-04-02 14:08:50 - [MESSAGE][PASSED] - Object: 'Object Repository/WIZARD/1Modelo De Negocio/0ArbolDeJerarquia/1Preferencial/4 Preferencial Informacion/span_Elemento(1)/span_Agregar Elementos' is clicked on

2024-04-02 14:08:50 - [TEST_STEP][PASSED] - delay(3): Delayed 3 second(s)

2024-04-02 14:08:53 - [MESSAGE][PASSED] - Delayed 3 second(s)

2024-04-02 14:08:53 - [TEST_STEP][PASSED] - click(findTestObject("WIZARD/1Modelo De Negocio/0ArbolDeJerarquia/1Preferencial/4 Preferencial Informacion/span_Elemento(1)/span_Agregar Elementos(1)/servicios/label_0 Actualizacion de Datos")): Object: 'Object Repository/WIZARD/1Modelo De Negocio/0ArbolDeJerarquia/1Preferencial/4 Preferencial Informacion/span_Elemento(1)/span_Agregar Elementos(1)/servicios/label_0 Actualizacion de Datos' is clicked on

2024-04-02 14:08:54 - [MESSAGE][PASSED] - Object: 'Object Repository/WIZARD/1Modelo De Negocio/0ArbolDeJerarquia/1Preferencial/4 Preferencial Informacion/span_Elemento(1)/span_Agregar Elementos(1)/servicios/label_0 Actualizacion de Datos' is clicked on

2024-04-02 14:08:54 - [TEST_STEP][PASSED] - click(findTestObject("WIZARD/1Modelo De Negocio/0ArbolDeJerarquia/1Preferencial/4 Preferencial Informacion/span_Elemento(1)/span_Agregar Elementos(1)/servicios/label_3 Facturacion")): Object: 'Object Repository/WIZARD/1Modelo De Negocio/0ArbolDeJerarquia/1Preferencial/4 Preferencial Informacion/span_Elemento(1)/span_Agregar Elementos(1)/servicios/label_3 Facturacion' is clicked on

2024-04-02 14:08:54 - [MESSAGE][PASSED] - Object: 'Object Repository/WIZARD/1Modelo De Negocio/0ArbolDeJerarquia/1Preferencial/4 Preferencial Informacion/span_Elemento(1)/span_Agregar Elementos(1)/servicios/label_3 Facturacion' is clicked on

2024-04-02 14:08:54 - [TEST_STEP][PASSED] - click(findTestObject("WIZARD/1Modelo De Negocio/0ArbolDeJerarquia/1Preferencial/4 Preferencial Informacion/span_Elemento(1)/span_Agregar Elementos(1)/servicios/label_5 Inscripciones")): Object: 'Object Repository/WIZARD/1Modelo De Negocio/0ArbolDeJerarquia/1Preferencial/4 Preferencial Informacion/span_Elemento(1)/span_Agregar Elementos(1)/servicios/label_5 Inscripciones' is clicked on

2024-04-02 14:08:55 - [MESSAGE][PASSED] - Object: 'Object Repository/WIZARD/1Modelo De Negocio/0ArbolDeJerarquia/1Preferencial/4 Preferencial Informacion/span_Elemento(1)/span_Agregar Elementos(1)/servicios/label_5 Inscripciones' is clicked on

2024-04-02 14:08:55 - [TEST_STEP][PASSED] - click(findTestObject("WIZARD/1Modelo De Negocio/0ArbolDeJerarquia/1Preferencial/4 Preferencial Informacion/span_Elemento(1)/span_Agregar Elementos(1)/servicios/label_10 Renovaciones")): Object: 'Object Repository/WIZARD/1Modelo De Negocio/0ArbolDeJerarquia/1Preferencial/4 Preferencial Informacion/span_Elemento(1)/span_Agregar Elementos(1)/servicios/label_10 Renovaciones' is clicked on

2024-04-02 14:08:55 - [MESSAGE][PASSED] - Object: 'Object Repository/WIZARD/1Modelo De Negocio/0ArbolDeJerarquia/1Preferencial/4 Preferencial Informacion/span_Elemento(1)/span_Agregar Elementos(1)/servicios/label_10 Renovaciones' is clicked on

2024-04-02 14:08:55 - [TEST_STEP][PASSED] - delay(3): Delayed 3 second(s)

2024-04-02 14:08:58 - [MESSAGE][PASSED] - Delayed 3 second(s)

2024-04-02 14:08:58 - [TEST_STEP][PASSED] - click(findTestObject("WIZARD/1Modelo De Negocio/0ArbolDeJerarquia/1Preferencial/4 Preferencial Informacion/span_Elemento(1)/span_Agregar Elementos(1)/btn_Agregar")): Object: 'Object Repository/WIZARD/1Modelo De Negocio/0ArbolDeJerarquia/1Preferencial/4 Preferencial Informacion/span_Elemento(1)/span_Agregar Elementos(1)/btn_Agregar' is clicked on

2024-04-02 14:08:58 - [MESSAGE][PASSED] - Object: 'Object Repository/WIZARD/1Modelo De Negocio/0ArbolDeJerarquia/1Preferencial/4 Preferencial Informacion/span_Elemento(1)/span_Agregar Elementos(1)/btn_Agregar' is clicked on

2024-04-02 14:08:58 - [TEST_STEP][PASSED] - delay(3): Delayed 3 second(s)

2024-04-02 14:09:01 - [MESSAGE][PASSED] - Delayed 3 second(s)

2024-04-02 14:09:01 - [TEST_STEP][PASSED] - takeFullPageScreenshot(): Taking screenshot successfully

2024-04-02 14:09:02 - [MESSAGE][INFO] - 0 hidden object(s)

2024-04-02 14:09:02 - [MESSAGE][PASSED] - Taking screenshot successfully
[[ATTACHMENT|C:\\CIEL INGENIERIA\\Katalon\\Digiturno55\\Reports\\20240402_135301\\WIZARD\\1Modelo De Negocio\\3.4a Agregar arbol a Subservicios Informacion\\20240402_135318\\1712084941961.png]]

2024-04-02 14:09:02 - [TEST_STEP][PASSED] - delay(3): Delayed 3 second(s)

2024-04-02 14:09:05 - [MESSAGE][PASSED] - Delayed 3 second(s)

2024-04-02 14:09:05 - [TEST_STEP][PASSED] - Start listener action : sampleAfterTestCase: null]]></system-out>
         <system-err><![CDATA[]]></system-err>
      </testcase>
      <system-out><![CDATA[2024-04-02 14:08:08 - [TEST_SUITE][PASSED] - 3.4a Agregar arbol a Subservicios Informacion: Test Cases/WIZARD/1Modelo De Negocio/3.4a Agregar arbol a SubServicios Informacion]]></system-out>
      <system-err><![CDATA[]]></system-err>
   </testsuite>
</testsuites>
