<?xml version="1.0" encoding="UTF-8"?>
<testsuites name="5.5 Crear Terminales Cartagena" time="85.993" tests="1" failures="0" errors="0">
   <testsuite name="5.5 Crear Terminales Cartagena" tests="1" failures="0" errors="0" time="85.993" skipped="0" timestamp="2023-08-14 11:26:55" hostname="jdavila - PCPruebas101.ciel.cielingenieria.com" id="Test Suites/WIZARD/3Infraestructura/5Terminales/5.5 Crear Terminales Cartagena">
      <properties>
         <property name="deviceName" value=""/>
         <property name="devicePlatform" value=""/>
         <property name="logFolder" value="C:\\CIEL INGENIERIA\\Katalon\\Digiturno55\\Reports\\20230814_104251\\WIZARD\\3Infraestructura\\5Terminales\\5.5 Crear Terminales Cartagena\\20230814_104354"/>
         <property name="logFiles" value="C:\\CIEL INGENIERIA\\Katalon\\Digiturno55\\Reports\\20230814_104251\\WIZARD\\3Infraestructura\\5Terminales\\5.5 Crear Terminales Cartagena\\20230814_104354\\execution0.log"/>
         <property name="attachments" value="C:\\CIEL INGENIERIA\\Katalon\\Digiturno55\\Reports\\20230814_104251\\WIZARD\\3Infraestructura\\5Terminales\\5.5 Crear Terminales Cartagena\\20230814_104354\\1692030497639.png"/>
         <property name="hostName" value="jdavila - PCPruebas101.ciel.cielingenieria.com"/>
         <property name="os" value="Windows 10 64bit"/>
         <property name="katalonVersion" value="8.6.0.208"/>
         <property name="browser" value="Chrome 115.0.0.0"/>
         <property name="hostAddress" value="192.168.0.33"/>
         <property name="sessionId" value="bbd9ce9796cc14f95a4db741e1e7c5ac"/>
         <property name="seleniumVersion" value="3.141.59"/>
         <property name="proxyInformation" value="ProxyInformation { proxyOption=NO_PROXY, proxyServerType=HTTP, username=, password=********, proxyServerAddress=, proxyServerPort=0, executionList=&quot;&quot;, isApplyToDesiredCapabilities=true }"/>
         <property name="platform" value="Windows 10"/>
      </properties>
      <testcase name="Test Cases/WIZARD/3Infraestructura/5Terminales/5.5 Crear Terminales Cartagena" time="85.744" classname="Test Cases/WIZARD/3Infraestructura/5Terminales/5.5 Crear Terminales Cartagena" status="PASSED">
         <system-out><![CDATA[2023-08-14 11:26:55 - [TEST_CASE][PASSED] - Test Cases/WIZARD/3Infraestructura/5Terminales/5.5 Crear Terminales Cartagena: Test Cases/WIZARD/3Infraestructura/5Terminales/5.5 Crear Terminales Cartagena

2023-08-14 11:26:56 - [TEST_STEP][PASSED] - callTestCase(findTestCase("0InicioSesion"), [:], STOP_ON_FAILURE): Call Test Case 'Test Cases/0InicioSesion' successfully

2023-08-14 11:26:56 - [TEST_CASE][PASSED] - Test Cases/0InicioSesion: Test Cases/0InicioSesion

2023-08-14 11:26:56 - [TEST_STEP][PASSED] - openBrowser(UrlDigiturno): Browser is opened with url: 'https://PCPruebas101.ciel.cielingenieria.com:8610'

2023-08-14 11:26:56 - [MESSAGE][INFO] - Starting 'Chrome' driver

2023-08-14 11:26:56 - [MESSAGE][INFO] - User set preference: ['args', '[--use-fake-ui-for-media-stream, --disable-notifications]']

2023-08-14 11:26:56 - [MESSAGE][INFO] - Action delay is set to 0 milliseconds

2023-08-14 11:26:59 - [MESSAGE][PASSED] - Browser is opened with url: 'https://PCPruebas101.ciel.cielingenieria.com:8610'

2023-08-14 11:26:59 - [TEST_STEP][PASSED] - maximizeWindow(): Current window maximized

2023-08-14 11:26:59 - [MESSAGE][PASSED] - Current window maximized

2023-08-14 11:26:59 - [TEST_STEP][PASSED] - delay(3): Delayed 3 second(s)

2023-08-14 11:27:02 - [MESSAGE][PASSED] - Delayed 3 second(s)

2023-08-14 11:27:02 - [TEST_STEP][PASSED] - setText(findTestObject("0Inicio Sesion/input_Usuario"), "Ciel"): Text 'Ciel' is set on object 'Object Repository/0Inicio Sesion/input_Usuario'

2023-08-14 11:27:03 - [MESSAGE][PASSED] - Text 'Ciel' is set on object 'Object Repository/0Inicio Sesion/input_Usuario'

2023-08-14 11:27:03 - [TEST_STEP][PASSED] - setText(findTestObject("0Inicio Sesion/input_Clave"), "digiturno"): Text 'digiturno' is set on object 'Object Repository/0Inicio Sesion/input_Clave'

2023-08-14 11:27:03 - [MESSAGE][PASSED] - Text 'digiturno' is set on object 'Object Repository/0Inicio Sesion/input_Clave'

2023-08-14 11:27:03 - [TEST_STEP][PASSED] - click(findTestObject("0Inicio Sesion/btn_IniciarSesion")): Object: 'Object Repository/0Inicio Sesion/btn_IniciarSesion' is clicked on

2023-08-14 11:27:04 - [MESSAGE][PASSED] - Object: 'Object Repository/0Inicio Sesion/btn_IniciarSesion' is clicked on

2023-08-14 11:27:04 - [TEST_STEP][PASSED] - delay(3): Delayed 3 second(s)

2023-08-14 11:27:07 - [MESSAGE][PASSED] - Delayed 3 second(s)

2023-08-14 11:27:07 - [MESSAGE][PASSED] - Call Test Case 'Test Cases/0InicioSesion' successfully

2023-08-14 11:27:07 - [TEST_STEP][PASSED] - click(findTestObject("WIZARD/0Principal/img_InfraestructuraMAX")): Object: 'Object Repository/WIZARD/0Principal/img_InfraestructuraMAX' is clicked on

2023-08-14 11:27:08 - [MESSAGE][PASSED] - Object: 'Object Repository/WIZARD/0Principal/img_InfraestructuraMAX' is clicked on

2023-08-14 11:27:08 - [TEST_STEP][PASSED] - delay(3): Delayed 3 second(s)

2023-08-14 11:27:11 - [MESSAGE][PASSED] - Delayed 3 second(s)

2023-08-14 11:27:11 - [TEST_STEP][PASSED] - click(findTestObject("WIZARD/3Infraestructura/0Menu/span_Terminales")): Object: 'Object Repository/WIZARD/3Infraestructura/0Menu/span_Terminales' is clicked on

2023-08-14 11:27:12 - [MESSAGE][PASSED] - Object: 'Object Repository/WIZARD/3Infraestructura/0Menu/span_Terminales' is clicked on

2023-08-14 11:27:12 - [TEST_STEP][PASSED] - delay(3): Delayed 3 second(s)

2023-08-14 11:27:15 - [MESSAGE][PASSED] - Delayed 3 second(s)

2023-08-14 11:27:15 - [TEST_STEP][PASSED] - click(findTestObject("WIZARD/3Infraestructura/5Terminales/0OficinasModal/td_3Cartagena - Bocagrande")): Object: 'Object Repository/WIZARD/3Infraestructura/5Terminales/0OficinasModal/td_3Cartagena - Bocagrande' is clicked on

2023-08-14 11:27:15 - [MESSAGE][PASSED] - Object: 'Object Repository/WIZARD/3Infraestructura/5Terminales/0OficinasModal/td_3Cartagena - Bocagrande' is clicked on

2023-08-14 11:27:15 - [TEST_STEP][PASSED] - delay(3): Delayed 3 second(s)

2023-08-14 11:27:18 - [MESSAGE][PASSED] - Delayed 3 second(s)

2023-08-14 11:27:18 - [TEST_STEP][PASSED] - click(findTestObject("WIZARD/3Infraestructura/5Terminales/Edicion/btn_SeleccionarGrupo")): Object: 'Object Repository/WIZARD/3Infraestructura/5Terminales/Edicion/btn_SeleccionarGrupo' is clicked on

2023-08-14 11:27:19 - [MESSAGE][PASSED] - Object: 'Object Repository/WIZARD/3Infraestructura/5Terminales/Edicion/btn_SeleccionarGrupo' is clicked on

2023-08-14 11:27:19 - [TEST_STEP][PASSED] - delay(3): Delayed 3 second(s)

2023-08-14 11:27:22 - [MESSAGE][PASSED] - Delayed 3 second(s)

2023-08-14 11:27:22 - [TEST_STEP][PASSED] - click(findTestObject("WIZARD/3Infraestructura/5Terminales/Edicion/btn_Seleccionar Grupo(1)/a_Grupo General")): Object: 'Object Repository/WIZARD/3Infraestructura/5Terminales/Edicion/btn_Seleccionar Grupo(1)/a_Grupo General' is clicked on

2023-08-14 11:27:22 - [MESSAGE][PASSED] - Object: 'Object Repository/WIZARD/3Infraestructura/5Terminales/Edicion/btn_Seleccionar Grupo(1)/a_Grupo General' is clicked on

2023-08-14 11:27:22 - [TEST_STEP][PASSED] - delay(3): Delayed 3 second(s)

2023-08-14 11:27:25 - [MESSAGE][PASSED] - Delayed 3 second(s)

2023-08-14 11:27:25 - [TEST_STEP][PASSED] - scrollToElement(findTestObject("WIZARD/3Infraestructura/5Terminales/Edicion/input_Nombre"), 2): Scroll to object 'Object Repository/WIZARD/3Infraestructura/5Terminales/Edicion/input_Nombre' successfully

2023-08-14 11:27:25 - [MESSAGE][PASSED] - Scroll to object 'Object Repository/WIZARD/3Infraestructura/5Terminales/Edicion/input_Nombre' successfully

2023-08-14 11:27:25 - [TEST_STEP][PASSED] - setText(findTestObject("WIZARD/3Infraestructura/5Terminales/Edicion/input_Nombre"), "A01"): Text 'A01' is set on object 'Object Repository/WIZARD/3Infraestructura/5Terminales/Edicion/input_Nombre'

2023-08-14 11:27:26 - [MESSAGE][PASSED] - Text 'A01' is set on object 'Object Repository/WIZARD/3Infraestructura/5Terminales/Edicion/input_Nombre'

2023-08-14 11:27:26 - [TEST_STEP][PASSED] - setText(findTestObject("WIZARD/3Infraestructura/5Terminales/Edicion/textarea_Descripcion"), "Cartagena - Terminal - Informacion"): Text 'Cartagena - Terminal - Informacion' is set on object 'Object Repository/WIZARD/3Infraestructura/5Terminales/Edicion/textarea_Descripcion'

2023-08-14 11:27:27 - [MESSAGE][PASSED] - Text 'Cartagena - Terminal - Informacion' is set on object 'Object Repository/WIZARD/3Infraestructura/5Terminales/Edicion/textarea_Descripcion'

2023-08-14 11:27:27 - [TEST_STEP][PASSED] - scrollToElement(findTestObject("WIZARD/3Infraestructura/5Terminales/Edicion/Label/label_Mostrar ventana emergente"), 2): Scroll to object 'Object Repository/WIZARD/3Infraestructura/5Terminales/Edicion/Label/label_Mostrar ventana emergente' successfully

2023-08-14 11:27:28 - [MESSAGE][PASSED] - Scroll to object 'Object Repository/WIZARD/3Infraestructura/5Terminales/Edicion/Label/label_Mostrar ventana emergente' successfully

2023-08-14 11:27:28 - [TEST_STEP][PASSED] - check(findTestObject("WIZARD/3Infraestructura/5Terminales/Edicion/Label/label_Mostrar ventana emergente")): Object 'Object Repository/WIZARD/3Infraestructura/5Terminales/Edicion/Label/label_Mostrar ventana emergente' is checked

2023-08-14 11:27:28 - [MESSAGE][PASSED] - Object 'Object Repository/WIZARD/3Infraestructura/5Terminales/Edicion/Label/label_Mostrar ventana emergente' is checked

2023-08-14 11:27:28 - [TEST_STEP][PASSED] - scrollToPosition(0, 0): Browser is scrolled to position x = 0, y = 0

2023-08-14 11:27:28 - [MESSAGE][PASSED] - Browser is scrolled to position x = 0, y = 0

2023-08-14 11:27:28 - [TEST_STEP][PASSED] - delay(2): Delayed 2 second(s)

2023-08-14 11:27:30 - [MESSAGE][PASSED] - Delayed 2 second(s)

2023-08-14 11:27:30 - [TEST_STEP][PASSED] - click(findTestObject("WIZARD/3Infraestructura/5Terminales/Edicion/img_Nuevo")): Object: 'Object Repository/WIZARD/3Infraestructura/5Terminales/Edicion/img_Nuevo' is clicked on

2023-08-14 11:27:31 - [MESSAGE][PASSED] - Object: 'Object Repository/WIZARD/3Infraestructura/5Terminales/Edicion/img_Nuevo' is clicked on

2023-08-14 11:27:31 - [TEST_STEP][PASSED] - delay(3): Delayed 3 second(s)

2023-08-14 11:27:34 - [MESSAGE][PASSED] - Delayed 3 second(s)

2023-08-14 11:27:34 - [TEST_STEP][PASSED] - click(findTestObject("WIZARD/3Infraestructura/0Menu/span_Terminales")): Object: 'Object Repository/WIZARD/3Infraestructura/0Menu/span_Terminales' is clicked on

2023-08-14 11:27:34 - [MESSAGE][PASSED] - Object: 'Object Repository/WIZARD/3Infraestructura/0Menu/span_Terminales' is clicked on

2023-08-14 11:27:34 - [TEST_STEP][PASSED] - delay(3): Delayed 3 second(s)

2023-08-14 11:27:37 - [MESSAGE][PASSED] - Delayed 3 second(s)

2023-08-14 11:27:37 - [TEST_STEP][PASSED] - click(findTestObject("WIZARD/3Infraestructura/5Terminales/0OficinasModal/td_3Cartagena - Bocagrande")): Object: 'Object Repository/WIZARD/3Infraestructura/5Terminales/0OficinasModal/td_3Cartagena - Bocagrande' is clicked on

2023-08-14 11:27:38 - [MESSAGE][PASSED] - Object: 'Object Repository/WIZARD/3Infraestructura/5Terminales/0OficinasModal/td_3Cartagena - Bocagrande' is clicked on

2023-08-14 11:27:38 - [TEST_STEP][PASSED] - delay(3): Delayed 3 second(s)

2023-08-14 11:27:41 - [MESSAGE][PASSED] - Delayed 3 second(s)

2023-08-14 11:27:41 - [TEST_STEP][PASSED] - click(findTestObject("WIZARD/3Infraestructura/5Terminales/Edicion/btn_SeleccionarGrupo")): Object: 'Object Repository/WIZARD/3Infraestructura/5Terminales/Edicion/btn_SeleccionarGrupo' is clicked on

2023-08-14 11:27:41 - [MESSAGE][PASSED] - Object: 'Object Repository/WIZARD/3Infraestructura/5Terminales/Edicion/btn_SeleccionarGrupo' is clicked on

2023-08-14 11:27:41 - [TEST_STEP][PASSED] - delay(3): Delayed 3 second(s)

2023-08-14 11:27:44 - [MESSAGE][PASSED] - Delayed 3 second(s)

2023-08-14 11:27:44 - [TEST_STEP][PASSED] - click(findTestObject("WIZARD/3Infraestructura/5Terminales/Edicion/btn_Seleccionar Grupo(1)/a_Grupo PQRS")): Object: 'Object Repository/WIZARD/3Infraestructura/5Terminales/Edicion/btn_Seleccionar Grupo(1)/a_Grupo PQRS' is clicked on

2023-08-14 11:27:45 - [MESSAGE][PASSED] - Object: 'Object Repository/WIZARD/3Infraestructura/5Terminales/Edicion/btn_Seleccionar Grupo(1)/a_Grupo PQRS' is clicked on

2023-08-14 11:27:45 - [TEST_STEP][PASSED] - delay(3): Delayed 3 second(s)

2023-08-14 11:27:48 - [MESSAGE][PASSED] - Delayed 3 second(s)

2023-08-14 11:27:48 - [TEST_STEP][PASSED] - scrollToElement(findTestObject("WIZARD/3Infraestructura/5Terminales/Edicion/input_Nombre"), 2): Scroll to object 'Object Repository/WIZARD/3Infraestructura/5Terminales/Edicion/input_Nombre' successfully

2023-08-14 11:27:48 - [MESSAGE][PASSED] - Scroll to object 'Object Repository/WIZARD/3Infraestructura/5Terminales/Edicion/input_Nombre' successfully

2023-08-14 11:27:48 - [TEST_STEP][PASSED] - setText(findTestObject("WIZARD/3Infraestructura/5Terminales/Edicion/input_Nombre"), "A02"): Text 'A02' is set on object 'Object Repository/WIZARD/3Infraestructura/5Terminales/Edicion/input_Nombre'

2023-08-14 11:27:49 - [MESSAGE][PASSED] - Text 'A02' is set on object 'Object Repository/WIZARD/3Infraestructura/5Terminales/Edicion/input_Nombre'

2023-08-14 11:27:49 - [TEST_STEP][PASSED] - setText(findTestObject("WIZARD/3Infraestructura/5Terminales/Edicion/textarea_Descripcion"), "Cartagena - Terminal - PQRS"): Text 'Cartagena - Terminal - PQRS' is set on object 'Object Repository/WIZARD/3Infraestructura/5Terminales/Edicion/textarea_Descripcion'

2023-08-14 11:27:50 - [MESSAGE][PASSED] - Text 'Cartagena - Terminal - PQRS' is set on object 'Object Repository/WIZARD/3Infraestructura/5Terminales/Edicion/textarea_Descripcion'

2023-08-14 11:27:50 - [TEST_STEP][PASSED] - scrollToElement(findTestObject("WIZARD/3Infraestructura/5Terminales/Edicion/Label/label_Mostrar ventana emergente"), 2): Scroll to object 'Object Repository/WIZARD/3Infraestructura/5Terminales/Edicion/Label/label_Mostrar ventana emergente' successfully

2023-08-14 11:27:50 - [MESSAGE][PASSED] - Scroll to object 'Object Repository/WIZARD/3Infraestructura/5Terminales/Edicion/Label/label_Mostrar ventana emergente' successfully

2023-08-14 11:27:50 - [TEST_STEP][PASSED] - setText(findTestObject("WIZARD/3Infraestructura/5Terminales/Edicion/input_Direccion en sala"), "2"): Text '2' is set on object 'Object Repository/WIZARD/3Infraestructura/5Terminales/Edicion/input_Direccion en sala'

2023-08-14 11:27:51 - [MESSAGE][PASSED] - Text '2' is set on object 'Object Repository/WIZARD/3Infraestructura/5Terminales/Edicion/input_Direccion en sala'

2023-08-14 11:27:51 - [TEST_STEP][PASSED] - check(findTestObject("WIZARD/3Infraestructura/5Terminales/Edicion/Label/label_Mostrar ventana emergente")): Object 'Object Repository/WIZARD/3Infraestructura/5Terminales/Edicion/Label/label_Mostrar ventana emergente' is checked

2023-08-14 11:27:51 - [MESSAGE][PASSED] - Object 'Object Repository/WIZARD/3Infraestructura/5Terminales/Edicion/Label/label_Mostrar ventana emergente' is checked

2023-08-14 11:27:51 - [TEST_STEP][PASSED] - scrollToPosition(0, 0): Browser is scrolled to position x = 0, y = 0

2023-08-14 11:27:52 - [MESSAGE][PASSED] - Browser is scrolled to position x = 0, y = 0

2023-08-14 11:27:52 - [TEST_STEP][PASSED] - delay(2): Delayed 2 second(s)

2023-08-14 11:27:54 - [MESSAGE][PASSED] - Delayed 2 second(s)

2023-08-14 11:27:54 - [TEST_STEP][PASSED] - click(findTestObject("WIZARD/3Infraestructura/5Terminales/Edicion/img_Nuevo")): Object: 'Object Repository/WIZARD/3Infraestructura/5Terminales/Edicion/img_Nuevo' is clicked on

2023-08-14 11:27:54 - [MESSAGE][PASSED] - Object: 'Object Repository/WIZARD/3Infraestructura/5Terminales/Edicion/img_Nuevo' is clicked on

2023-08-14 11:27:54 - [TEST_STEP][PASSED] - delay(3): Delayed 3 second(s)

2023-08-14 11:27:57 - [MESSAGE][PASSED] - Delayed 3 second(s)

2023-08-14 11:27:57 - [TEST_STEP][PASSED] - click(findTestObject("WIZARD/3Infraestructura/0Menu/span_Terminales")): Object: 'Object Repository/WIZARD/3Infraestructura/0Menu/span_Terminales' is clicked on

2023-08-14 11:27:58 - [MESSAGE][PASSED] - Object: 'Object Repository/WIZARD/3Infraestructura/0Menu/span_Terminales' is clicked on

2023-08-14 11:27:58 - [TEST_STEP][PASSED] - delay(3): Delayed 3 second(s)

2023-08-14 11:28:01 - [MESSAGE][PASSED] - Delayed 3 second(s)

2023-08-14 11:28:01 - [TEST_STEP][PASSED] - click(findTestObject("WIZARD/3Infraestructura/5Terminales/0OficinasModal/td_3Cartagena - Bocagrande")): Object: 'Object Repository/WIZARD/3Infraestructura/5Terminales/0OficinasModal/td_3Cartagena - Bocagrande' is clicked on

2023-08-14 11:28:01 - [MESSAGE][PASSED] - Object: 'Object Repository/WIZARD/3Infraestructura/5Terminales/0OficinasModal/td_3Cartagena - Bocagrande' is clicked on

2023-08-14 11:28:01 - [TEST_STEP][PASSED] - delay(3): Delayed 3 second(s)

2023-08-14 11:28:04 - [MESSAGE][PASSED] - Delayed 3 second(s)

2023-08-14 11:28:04 - [TEST_STEP][PASSED] - click(findTestObject("WIZARD/3Infraestructura/5Terminales/Edicion/btn_SeleccionarGrupo")): Object: 'Object Repository/WIZARD/3Infraestructura/5Terminales/Edicion/btn_SeleccionarGrupo' is clicked on

2023-08-14 11:28:05 - [MESSAGE][PASSED] - Object: 'Object Repository/WIZARD/3Infraestructura/5Terminales/Edicion/btn_SeleccionarGrupo' is clicked on

2023-08-14 11:28:05 - [TEST_STEP][PASSED] - delay(3): Delayed 3 second(s)

2023-08-14 11:28:08 - [MESSAGE][PASSED] - Delayed 3 second(s)

2023-08-14 11:28:08 - [TEST_STEP][PASSED] - click(findTestObject("WIZARD/3Infraestructura/5Terminales/Edicion/btn_Seleccionar Grupo(1)/a_Grupo Radicaciones")): Object: 'Object Repository/WIZARD/3Infraestructura/5Terminales/Edicion/btn_Seleccionar Grupo(1)/a_Grupo Radicaciones' is clicked on

2023-08-14 11:28:08 - [MESSAGE][PASSED] - Object: 'Object Repository/WIZARD/3Infraestructura/5Terminales/Edicion/btn_Seleccionar Grupo(1)/a_Grupo Radicaciones' is clicked on

2023-08-14 11:28:08 - [TEST_STEP][PASSED] - delay(3): Delayed 3 second(s)

2023-08-14 11:28:11 - [MESSAGE][PASSED] - Delayed 3 second(s)

2023-08-14 11:28:11 - [TEST_STEP][PASSED] - scrollToElement(findTestObject("WIZARD/3Infraestructura/5Terminales/Edicion/input_Nombre"), 2): Scroll to object 'Object Repository/WIZARD/3Infraestructura/5Terminales/Edicion/input_Nombre' successfully

2023-08-14 11:28:11 - [MESSAGE][PASSED] - Scroll to object 'Object Repository/WIZARD/3Infraestructura/5Terminales/Edicion/input_Nombre' successfully

2023-08-14 11:28:11 - [TEST_STEP][PASSED] - setText(findTestObject("WIZARD/3Infraestructura/5Terminales/Edicion/input_Nombre"), "A03"): Text 'A03' is set on object 'Object Repository/WIZARD/3Infraestructura/5Terminales/Edicion/input_Nombre'

2023-08-14 11:28:12 - [MESSAGE][PASSED] - Text 'A03' is set on object 'Object Repository/WIZARD/3Infraestructura/5Terminales/Edicion/input_Nombre'

2023-08-14 11:28:12 - [TEST_STEP][PASSED] - setText(findTestObject("WIZARD/3Infraestructura/5Terminales/Edicion/textarea_Descripcion"), "Cartagena - Terminal - Radicaciones"): Text 'Cartagena - Terminal - Radicaciones' is set on object 'Object Repository/WIZARD/3Infraestructura/5Terminales/Edicion/textarea_Descripcion'

2023-08-14 11:28:13 - [MESSAGE][PASSED] - Text 'Cartagena - Terminal - Radicaciones' is set on object 'Object Repository/WIZARD/3Infraestructura/5Terminales/Edicion/textarea_Descripcion'

2023-08-14 11:28:13 - [TEST_STEP][PASSED] - scrollToElement(findTestObject("WIZARD/3Infraestructura/5Terminales/Edicion/Label/label_Mostrar ventana emergente"), 2): Scroll to object 'Object Repository/WIZARD/3Infraestructura/5Terminales/Edicion/Label/label_Mostrar ventana emergente' successfully

2023-08-14 11:28:13 - [MESSAGE][PASSED] - Scroll to object 'Object Repository/WIZARD/3Infraestructura/5Terminales/Edicion/Label/label_Mostrar ventana emergente' successfully

2023-08-14 11:28:13 - [TEST_STEP][PASSED] - setText(findTestObject("WIZARD/3Infraestructura/5Terminales/Edicion/input_Direccion en sala"), "3"): Text '3' is set on object 'Object Repository/WIZARD/3Infraestructura/5Terminales/Edicion/input_Direccion en sala'

2023-08-14 11:28:14 - [MESSAGE][PASSED] - Text '3' is set on object 'Object Repository/WIZARD/3Infraestructura/5Terminales/Edicion/input_Direccion en sala'

2023-08-14 11:28:14 - [TEST_STEP][PASSED] - check(findTestObject("WIZARD/3Infraestructura/5Terminales/Edicion/Label/label_Mostrar ventana emergente")): Object 'Object Repository/WIZARD/3Infraestructura/5Terminales/Edicion/Label/label_Mostrar ventana emergente' is checked

2023-08-14 11:28:15 - [MESSAGE][PASSED] - Object 'Object Repository/WIZARD/3Infraestructura/5Terminales/Edicion/Label/label_Mostrar ventana emergente' is checked

2023-08-14 11:28:15 - [TEST_STEP][PASSED] - scrollToPosition(0, 0): Browser is scrolled to position x = 0, y = 0

2023-08-14 11:28:15 - [MESSAGE][PASSED] - Browser is scrolled to position x = 0, y = 0

2023-08-14 11:28:15 - [TEST_STEP][PASSED] - delay(2): Delayed 2 second(s)

2023-08-14 11:28:17 - [MESSAGE][PASSED] - Delayed 2 second(s)

2023-08-14 11:28:17 - [TEST_STEP][PASSED] - click(findTestObject("WIZARD/3Infraestructura/5Terminales/Edicion/img_Nuevo")): Object: 'Object Repository/WIZARD/3Infraestructura/5Terminales/Edicion/img_Nuevo' is clicked on

2023-08-14 11:28:17 - [MESSAGE][PASSED] - Object: 'Object Repository/WIZARD/3Infraestructura/5Terminales/Edicion/img_Nuevo' is clicked on

2023-08-14 11:28:17 - [TEST_STEP][PASSED] - scrollToPosition(0, 0): Browser is scrolled to position x = 0, y = 0

2023-08-14 11:28:17 - [MESSAGE][PASSED] - Browser is scrolled to position x = 0, y = 0

2023-08-14 11:28:17 - [TEST_STEP][PASSED] - takeFullPageScreenshot(): Taking screenshot successfully

2023-08-14 11:28:18 - [MESSAGE][INFO] - 0 hidden object(s)

2023-08-14 11:28:18 - [MESSAGE][PASSED] - Taking screenshot successfully
[[ATTACHMENT|C:\\CIEL INGENIERIA\\Katalon\\Digiturno55\\Reports\\20230814_104251\\WIZARD\\3Infraestructura\\5Terminales\\5.5 Crear Terminales Cartagena\\20230814_104354\\1692030497639.png]]

2023-08-14 11:28:18 - [TEST_STEP][PASSED] - delay(3): Delayed 3 second(s)

2023-08-14 11:28:21 - [MESSAGE][PASSED] - Delayed 3 second(s)

2023-08-14 11:28:21 - [TEST_STEP][PASSED] - Start listener action : sampleAfterTestCase: null]]></system-out>
         <system-err><![CDATA[]]></system-err>
      </testcase>
      <system-out><![CDATA[2023-08-14 11:26:55 - [TEST_SUITE][PASSED] - 5.5 Crear Terminales Cartagena: Test Cases/WIZARD/3Infraestructura/5Terminales/5.5 Crear Terminales Cartagena]]></system-out>
      <system-err><![CDATA[]]></system-err>
   </testsuite>
</testsuites>
