<?xml version="1.0" encoding="UTF-8"?>
<testsuites name="3.4c Agregar arbol a SubServicios PQRS" time="56.919" tests="1" failures="0" errors="0">
   <testsuite name="3.4c Agregar arbol a SubServicios PQRS" tests="1" failures="0" errors="0" time="56.919" skipped="0" timestamp="2024-01-15 09:28:51" hostname="jdavila - PCPruebas101.ciel.cielingenieria.com" id="Test Suites/WIZARD/1Modelo De Negocio/3.4c Agregar arbol a SubServicios PQRS">
      <properties>
         <property name="deviceName" value=""/>
         <property name="devicePlatform" value=""/>
         <property name="logFolder" value="C:\\CIEL INGENIERIA\\Katalon\\Digiturno55\\Reports\\20240115_091123\\WIZARD\\1Modelo De Negocio\\3.4c Agregar arbol a SubServicios PQRS\\20240115_091148"/>
         <property name="logFiles" value="C:\\CIEL INGENIERIA\\Katalon\\Digiturno55\\Reports\\20240115_091123\\WIZARD\\1Modelo De Negocio\\3.4c Agregar arbol a SubServicios PQRS\\20240115_091148\\execution0.log"/>
         <property name="attachments" value="C:\\CIEL INGENIERIA\\Katalon\\Digiturno55\\Reports\\20240115_091123\\WIZARD\\1Modelo De Negocio\\3.4c Agregar arbol a SubServicios PQRS\\20240115_091148\\1705328984435.png"/>
         <property name="hostName" value="jdavila - PCPruebas101.ciel.cielingenieria.com"/>
         <property name="os" value="Windows 10 64bit"/>
         <property name="katalonVersion" value="8.6.8.208"/>
         <property name="browser" value="Chrome 120.0.0.0"/>
         <property name="hostAddress" value="192.168.0.9"/>
         <property name="sessionId" value="890d566a243d988c0159d2810fc55c0c"/>
         <property name="seleniumVersion" value="3.141.59"/>
         <property name="proxyInformation" value="ProxyInformation { proxyOption=NO_PROXY, proxyServerType=HTTP, username=, password=********, proxyServerAddress=, proxyServerPort=0, executionList=&quot;&quot;, isApplyToDesiredCapabilities=true }"/>
         <property name="platform" value="Windows 10"/>
      </properties>
      <testcase name="Test Cases/WIZARD/1Modelo De Negocio/3.4c Agregar arbol a SubServicios PQRS" time="56.682" classname="Test Cases/WIZARD/1Modelo De Negocio/3.4c Agregar arbol a SubServicios PQRS" status="PASSED">
         <system-out><![CDATA[2024-01-15 09:28:51 - [TEST_CASE][PASSED] - Test Cases/WIZARD/1Modelo De Negocio/3.4c Agregar arbol a SubServicios PQRS: Test Cases/WIZARD/1Modelo De Negocio/3.4c Agregar arbol a SubServicios PQRS

2024-01-15 09:28:51 - [TEST_STEP][PASSED] - callTestCase(findTestCase("0InicioSesion"), [:], STOP_ON_FAILURE): Call Test Case 'Test Cases/0InicioSesion' successfully

2024-01-15 09:28:52 - [TEST_CASE][PASSED] - Test Cases/0InicioSesion: Test Cases/0InicioSesion

2024-01-15 09:28:52 - [TEST_STEP][PASSED] - openBrowser(UrlDigiturno): Browser is opened with url: 'https://PCPruebas101.ciel.cielingenieria.com:8610'

2024-01-15 09:28:52 - [MESSAGE][INFO] - Starting 'Chrome' driver

2024-01-15 09:28:52 - [MESSAGE][INFO] - User set preference: ['args', '[--use-fake-ui-for-media-stream, --disable-notifications]']

2024-01-15 09:28:52 - [MESSAGE][INFO] - Action delay is set to 0 milliseconds

2024-01-15 09:28:55 - [MESSAGE][PASSED] - Browser is opened with url: 'https://PCPruebas101.ciel.cielingenieria.com:8610'

2024-01-15 09:28:55 - [TEST_STEP][PASSED] - maximizeWindow(): Current window maximized

2024-01-15 09:28:55 - [MESSAGE][PASSED] - Current window maximized

2024-01-15 09:28:55 - [TEST_STEP][PASSED] - delay(3): Delayed 3 second(s)

2024-01-15 09:28:58 - [MESSAGE][PASSED] - Delayed 3 second(s)

2024-01-15 09:28:58 - [TEST_STEP][PASSED] - setText(findTestObject("0Inicio Sesion/input_Usuario"), "Ciel"): Text 'Ciel' is set on object 'Object Repository/0Inicio Sesion/input_Usuario'

2024-01-15 09:28:59 - [MESSAGE][PASSED] - Text 'Ciel' is set on object 'Object Repository/0Inicio Sesion/input_Usuario'

2024-01-15 09:28:59 - [TEST_STEP][PASSED] - setText(findTestObject("0Inicio Sesion/input_Clave"), "digiturno"): Text 'digiturno' is set on object 'Object Repository/0Inicio Sesion/input_Clave'

2024-01-15 09:28:59 - [MESSAGE][PASSED] - Text 'digiturno' is set on object 'Object Repository/0Inicio Sesion/input_Clave'

2024-01-15 09:28:59 - [TEST_STEP][PASSED] - click(findTestObject("0Inicio Sesion/btn_IniciarSesion")): Object: 'Object Repository/0Inicio Sesion/btn_IniciarSesion' is clicked on

2024-01-15 09:29:00 - [MESSAGE][PASSED] - Object: 'Object Repository/0Inicio Sesion/btn_IniciarSesion' is clicked on

2024-01-15 09:29:00 - [TEST_STEP][PASSED] - delay(3): Delayed 3 second(s)

2024-01-15 09:29:03 - [MESSAGE][PASSED] - Delayed 3 second(s)

2024-01-15 09:29:03 - [MESSAGE][PASSED] - Call Test Case 'Test Cases/0InicioSesion' successfully

2024-01-15 09:29:03 - [TEST_STEP][PASSED] - click(findTestObject("WIZARD/0Principal/img_ModeloDeNegocioMAX")): Object: 'Object Repository/WIZARD/0Principal/img_ModeloDeNegocioMAX' is clicked on

2024-01-15 09:29:03 - [MESSAGE][PASSED] - Object: 'Object Repository/WIZARD/0Principal/img_ModeloDeNegocioMAX' is clicked on

2024-01-15 09:29:03 - [TEST_STEP][PASSED] - delay(3): Delayed 3 second(s)

2024-01-15 09:29:07 - [MESSAGE][PASSED] - Delayed 3 second(s)

2024-01-15 09:29:07 - [TEST_STEP][PASSED] - setText(findTestObject("WIZARD/1Modelo De Negocio/0ArbolDeJerarquia/input_cajaBusqueda"), "PQRS"): Text 'PQRS' is set on object 'Object Repository/WIZARD/1Modelo De Negocio/0ArbolDeJerarquia/input_cajaBusqueda'

2024-01-15 09:29:07 - [MESSAGE][PASSED] - Text 'PQRS' is set on object 'Object Repository/WIZARD/1Modelo De Negocio/0ArbolDeJerarquia/input_cajaBusqueda'

2024-01-15 09:29:07 - [TEST_STEP][PASSED] - delay(3): Delayed 3 second(s)

2024-01-15 09:29:10 - [MESSAGE][PASSED] - Delayed 3 second(s)

2024-01-15 09:29:10 - [TEST_STEP][PASSED] - rightClick(findTestObject("WIZARD/1Modelo De Negocio/0ArbolDeJerarquia/1General/8 General PQRS/span_8 PQRS")): Object: 'Object Repository/WIZARD/1Modelo De Negocio/0ArbolDeJerarquia/1General/8 General PQRS/span_8 PQRS' is right clicked on

2024-01-15 09:29:11 - [MESSAGE][PASSED] - Object: 'Object Repository/WIZARD/1Modelo De Negocio/0ArbolDeJerarquia/1General/8 General PQRS/span_8 PQRS' is right clicked on

2024-01-15 09:29:11 - [TEST_STEP][PASSED] - mouseOver(findTestObject("WIZARD/1Modelo De Negocio/0ArbolDeJerarquia/1General/8 General PQRS/span_Elemento")): Object: 'Object Repository/WIZARD/1Modelo De Negocio/0ArbolDeJerarquia/1General/8 General PQRS/span_Elemento' is hovered

2024-01-15 09:29:12 - [MESSAGE][PASSED] - Object: 'Object Repository/WIZARD/1Modelo De Negocio/0ArbolDeJerarquia/1General/8 General PQRS/span_Elemento' is hovered

2024-01-15 09:29:12 - [TEST_STEP][PASSED] - delay(2): Delayed 2 second(s)

2024-01-15 09:29:14 - [MESSAGE][PASSED] - Delayed 2 second(s)

2024-01-15 09:29:14 - [TEST_STEP][PASSED] - click(findTestObject("WIZARD/1Modelo De Negocio/0ArbolDeJerarquia/1General/8 General PQRS/span_Elemento(1)/span_Agregar Elementos")): Object: 'Object Repository/WIZARD/1Modelo De Negocio/0ArbolDeJerarquia/1General/8 General PQRS/span_Elemento(1)/span_Agregar Elementos' is clicked on

2024-01-15 09:29:14 - [MESSAGE][PASSED] - Object: 'Object Repository/WIZARD/1Modelo De Negocio/0ArbolDeJerarquia/1General/8 General PQRS/span_Elemento(1)/span_Agregar Elementos' is clicked on

2024-01-15 09:29:14 - [TEST_STEP][PASSED] - delay(3): Delayed 3 second(s)

2024-01-15 09:29:17 - [MESSAGE][PASSED] - Delayed 3 second(s)

2024-01-15 09:29:17 - [TEST_STEP][PASSED] - click(findTestObject("WIZARD/1Modelo De Negocio/0ArbolDeJerarquia/1General/8 General PQRS/span_Elemento(1)/span_Agregar Elementos(1)/servicios/label_6 Peticion")): Object: 'Object Repository/WIZARD/1Modelo De Negocio/0ArbolDeJerarquia/1General/8 General PQRS/span_Elemento(1)/span_Agregar Elementos(1)/servicios/label_6 Peticion' is clicked on

2024-01-15 09:29:18 - [MESSAGE][PASSED] - Object: 'Object Repository/WIZARD/1Modelo De Negocio/0ArbolDeJerarquia/1General/8 General PQRS/span_Elemento(1)/span_Agregar Elementos(1)/servicios/label_6 Peticion' is clicked on

2024-01-15 09:29:18 - [TEST_STEP][PASSED] - click(findTestObject("WIZARD/1Modelo De Negocio/0ArbolDeJerarquia/1General/8 General PQRS/span_Elemento(1)/span_Agregar Elementos(1)/servicios/label_7 Queja")): Object: 'Object Repository/WIZARD/1Modelo De Negocio/0ArbolDeJerarquia/1General/8 General PQRS/span_Elemento(1)/span_Agregar Elementos(1)/servicios/label_7 Queja' is clicked on

2024-01-15 09:29:18 - [MESSAGE][PASSED] - Object: 'Object Repository/WIZARD/1Modelo De Negocio/0ArbolDeJerarquia/1General/8 General PQRS/span_Elemento(1)/span_Agregar Elementos(1)/servicios/label_7 Queja' is clicked on

2024-01-15 09:29:18 - [TEST_STEP][PASSED] - click(findTestObject("WIZARD/1Modelo De Negocio/0ArbolDeJerarquia/1General/8 General PQRS/span_Elemento(1)/span_Agregar Elementos(1)/servicios/label_8 Reclamo")): Object: 'Object Repository/WIZARD/1Modelo De Negocio/0ArbolDeJerarquia/1General/8 General PQRS/span_Elemento(1)/span_Agregar Elementos(1)/servicios/label_8 Reclamo' is clicked on

2024-01-15 09:29:18 - [MESSAGE][PASSED] - Object: 'Object Repository/WIZARD/1Modelo De Negocio/0ArbolDeJerarquia/1General/8 General PQRS/span_Elemento(1)/span_Agregar Elementos(1)/servicios/label_8 Reclamo' is clicked on

2024-01-15 09:29:18 - [TEST_STEP][PASSED] - click(findTestObject("WIZARD/1Modelo De Negocio/0ArbolDeJerarquia/1General/8 General PQRS/span_Elemento(1)/span_Agregar Elementos(1)/servicios/label_11 Solicitud")): Object: 'Object Repository/WIZARD/1Modelo De Negocio/0ArbolDeJerarquia/1General/8 General PQRS/span_Elemento(1)/span_Agregar Elementos(1)/servicios/label_11 Solicitud' is clicked on

2024-01-15 09:29:19 - [MESSAGE][PASSED] - Object: 'Object Repository/WIZARD/1Modelo De Negocio/0ArbolDeJerarquia/1General/8 General PQRS/span_Elemento(1)/span_Agregar Elementos(1)/servicios/label_11 Solicitud' is clicked on

2024-01-15 09:29:19 - [TEST_STEP][PASSED] - delay(3): Delayed 3 second(s)

2024-01-15 09:29:22 - [MESSAGE][PASSED] - Delayed 3 second(s)

2024-01-15 09:29:22 - [TEST_STEP][PASSED] - click(findTestObject("WIZARD/1Modelo De Negocio/0ArbolDeJerarquia/1General/8 General PQRS/span_Elemento(1)/span_Agregar Elementos(1)/btn_Agregar")): Object: 'Object Repository/WIZARD/1Modelo De Negocio/0ArbolDeJerarquia/1General/8 General PQRS/span_Elemento(1)/span_Agregar Elementos(1)/btn_Agregar' is clicked on

2024-01-15 09:29:22 - [MESSAGE][PASSED] - Object: 'Object Repository/WIZARD/1Modelo De Negocio/0ArbolDeJerarquia/1General/8 General PQRS/span_Elemento(1)/span_Agregar Elementos(1)/btn_Agregar' is clicked on

2024-01-15 09:29:22 - [TEST_STEP][PASSED] - delay(3): Delayed 3 second(s)

2024-01-15 09:29:25 - [MESSAGE][PASSED] - Delayed 3 second(s)

2024-01-15 09:29:25 - [TEST_STEP][PASSED] - setText(findTestObject("WIZARD/1Modelo De Negocio/0ArbolDeJerarquia/input_cajaBusqueda"), "PQRS"): Text 'PQRS' is set on object 'Object Repository/WIZARD/1Modelo De Negocio/0ArbolDeJerarquia/input_cajaBusqueda'

2024-01-15 09:29:26 - [MESSAGE][PASSED] - Text 'PQRS' is set on object 'Object Repository/WIZARD/1Modelo De Negocio/0ArbolDeJerarquia/input_cajaBusqueda'

2024-01-15 09:29:26 - [TEST_STEP][PASSED] - delay(3): Delayed 3 second(s)

2024-01-15 09:29:29 - [MESSAGE][PASSED] - Delayed 3 second(s)

2024-01-15 09:29:29 - [TEST_STEP][PASSED] - rightClick(findTestObject("WIZARD/1Modelo De Negocio/0ArbolDeJerarquia/1Preferencial/5 Preferencial PQRS/span_5 PQRS")): Object: 'Object Repository/WIZARD/1Modelo De Negocio/0ArbolDeJerarquia/1Preferencial/5 Preferencial PQRS/span_5 PQRS' is right clicked on

2024-01-15 09:29:30 - [MESSAGE][PASSED] - Object: 'Object Repository/WIZARD/1Modelo De Negocio/0ArbolDeJerarquia/1Preferencial/5 Preferencial PQRS/span_5 PQRS' is right clicked on

2024-01-15 09:29:30 - [TEST_STEP][PASSED] - mouseOver(findTestObject("WIZARD/1Modelo De Negocio/0ArbolDeJerarquia/1Preferencial/5 Preferencial PQRS/span_Elemento")): Object: 'Object Repository/WIZARD/1Modelo De Negocio/0ArbolDeJerarquia/1Preferencial/5 Preferencial PQRS/span_Elemento' is hovered

2024-01-15 09:29:30 - [MESSAGE][PASSED] - Object: 'Object Repository/WIZARD/1Modelo De Negocio/0ArbolDeJerarquia/1Preferencial/5 Preferencial PQRS/span_Elemento' is hovered

2024-01-15 09:29:30 - [TEST_STEP][PASSED] - delay(2): Delayed 2 second(s)

2024-01-15 09:29:32 - [MESSAGE][PASSED] - Delayed 2 second(s)

2024-01-15 09:29:32 - [TEST_STEP][PASSED] - click(findTestObject("WIZARD/1Modelo De Negocio/0ArbolDeJerarquia/1Preferencial/5 Preferencial PQRS/span_Elemento(1)/span_Agregar Elementos")): Object: 'Object Repository/WIZARD/1Modelo De Negocio/0ArbolDeJerarquia/1Preferencial/5 Preferencial PQRS/span_Elemento(1)/span_Agregar Elementos' is clicked on

2024-01-15 09:29:33 - [MESSAGE][PASSED] - Object: 'Object Repository/WIZARD/1Modelo De Negocio/0ArbolDeJerarquia/1Preferencial/5 Preferencial PQRS/span_Elemento(1)/span_Agregar Elementos' is clicked on

2024-01-15 09:29:33 - [TEST_STEP][PASSED] - delay(3): Delayed 3 second(s)

2024-01-15 09:29:36 - [MESSAGE][PASSED] - Delayed 3 second(s)

2024-01-15 09:29:36 - [TEST_STEP][PASSED] - click(findTestObject("WIZARD/1Modelo De Negocio/0ArbolDeJerarquia/1Preferencial/5 Preferencial PQRS/span_Elemento(1)/span_Agregar Elementos(1)/servicios/label_6 Peticion")): Object: 'Object Repository/WIZARD/1Modelo De Negocio/0ArbolDeJerarquia/1Preferencial/5 Preferencial PQRS/span_Elemento(1)/span_Agregar Elementos(1)/servicios/label_6 Peticion' is clicked on

2024-01-15 09:29:36 - [MESSAGE][PASSED] - Object: 'Object Repository/WIZARD/1Modelo De Negocio/0ArbolDeJerarquia/1Preferencial/5 Preferencial PQRS/span_Elemento(1)/span_Agregar Elementos(1)/servicios/label_6 Peticion' is clicked on

2024-01-15 09:29:36 - [TEST_STEP][PASSED] - click(findTestObject("WIZARD/1Modelo De Negocio/0ArbolDeJerarquia/1Preferencial/5 Preferencial PQRS/span_Elemento(1)/span_Agregar Elementos(1)/servicios/label_7 Queja")): Object: 'Object Repository/WIZARD/1Modelo De Negocio/0ArbolDeJerarquia/1Preferencial/5 Preferencial PQRS/span_Elemento(1)/span_Agregar Elementos(1)/servicios/label_7 Queja' is clicked on

2024-01-15 09:29:37 - [MESSAGE][PASSED] - Object: 'Object Repository/WIZARD/1Modelo De Negocio/0ArbolDeJerarquia/1Preferencial/5 Preferencial PQRS/span_Elemento(1)/span_Agregar Elementos(1)/servicios/label_7 Queja' is clicked on

2024-01-15 09:29:37 - [TEST_STEP][PASSED] - click(findTestObject("WIZARD/1Modelo De Negocio/0ArbolDeJerarquia/1Preferencial/5 Preferencial PQRS/span_Elemento(1)/span_Agregar Elementos(1)/servicios/label_8 Reclamo")): Object: 'Object Repository/WIZARD/1Modelo De Negocio/0ArbolDeJerarquia/1Preferencial/5 Preferencial PQRS/span_Elemento(1)/span_Agregar Elementos(1)/servicios/label_8 Reclamo' is clicked on

2024-01-15 09:29:37 - [MESSAGE][PASSED] - Object: 'Object Repository/WIZARD/1Modelo De Negocio/0ArbolDeJerarquia/1Preferencial/5 Preferencial PQRS/span_Elemento(1)/span_Agregar Elementos(1)/servicios/label_8 Reclamo' is clicked on

2024-01-15 09:29:37 - [TEST_STEP][PASSED] - click(findTestObject("WIZARD/1Modelo De Negocio/0ArbolDeJerarquia/1Preferencial/5 Preferencial PQRS/span_Elemento(1)/span_Agregar Elementos(1)/servicios/label_11 Solicitud")): Object: 'Object Repository/WIZARD/1Modelo De Negocio/0ArbolDeJerarquia/1Preferencial/5 Preferencial PQRS/span_Elemento(1)/span_Agregar Elementos(1)/servicios/label_11 Solicitud' is clicked on

2024-01-15 09:29:37 - [MESSAGE][PASSED] - Object: 'Object Repository/WIZARD/1Modelo De Negocio/0ArbolDeJerarquia/1Preferencial/5 Preferencial PQRS/span_Elemento(1)/span_Agregar Elementos(1)/servicios/label_11 Solicitud' is clicked on

2024-01-15 09:29:37 - [TEST_STEP][PASSED] - delay(3): Delayed 3 second(s)

2024-01-15 09:29:40 - [MESSAGE][PASSED] - Delayed 3 second(s)

2024-01-15 09:29:40 - [TEST_STEP][PASSED] - click(findTestObject("WIZARD/1Modelo De Negocio/0ArbolDeJerarquia/1Preferencial/5 Preferencial PQRS/span_Elemento(1)/span_Agregar Elementos(1)/btn_Agregar")): Object: 'Object Repository/WIZARD/1Modelo De Negocio/0ArbolDeJerarquia/1Preferencial/5 Preferencial PQRS/span_Elemento(1)/span_Agregar Elementos(1)/btn_Agregar' is clicked on

2024-01-15 09:29:41 - [MESSAGE][PASSED] - Object: 'Object Repository/WIZARD/1Modelo De Negocio/0ArbolDeJerarquia/1Preferencial/5 Preferencial PQRS/span_Elemento(1)/span_Agregar Elementos(1)/btn_Agregar' is clicked on

2024-01-15 09:29:41 - [TEST_STEP][PASSED] - delay(3): Delayed 3 second(s)

2024-01-15 09:29:44 - [MESSAGE][PASSED] - Delayed 3 second(s)

2024-01-15 09:29:44 - [TEST_STEP][PASSED] - takeFullPageScreenshot(): Taking screenshot successfully

2024-01-15 09:29:45 - [MESSAGE][INFO] - 0 hidden object(s)

2024-01-15 09:29:45 - [MESSAGE][PASSED] - Taking screenshot successfully
[[ATTACHMENT|C:\\CIEL INGENIERIA\\Katalon\\Digiturno55\\Reports\\20240115_091123\\WIZARD\\1Modelo De Negocio\\3.4c Agregar arbol a SubServicios PQRS\\20240115_091148\\1705328984435.png]]

2024-01-15 09:29:45 - [TEST_STEP][PASSED] - delay(3): Delayed 3 second(s)

2024-01-15 09:29:48 - [MESSAGE][PASSED] - Delayed 3 second(s)

2024-01-15 09:29:48 - [TEST_STEP][PASSED] - Start listener action : sampleAfterTestCase: null]]></system-out>
         <system-err><![CDATA[]]></system-err>
      </testcase>
      <system-out><![CDATA[2024-01-15 09:28:51 - [TEST_SUITE][PASSED] - 3.4c Agregar arbol a SubServicios PQRS: Test Cases/WIZARD/1Modelo De Negocio/3.4c Agregar arbol a SubServicios PQRS]]></system-out>
      <system-err><![CDATA[]]></system-err>
   </testsuite>
</testsuites>
