<?xml version="1.0" encoding="UTF-8"?>
<testsuites name="15 Consultar Usuarios" time="45.999" tests="1" failures="0" errors="0">
   <testsuite name="15 Consultar Usuarios" tests="1" failures="0" errors="0" time="45.999" skipped="0" timestamp="2024-10-03 16:28:49" hostname="jdavila - PCPruebas101.ciel.cielingenieria.com" id="Test Suites/DIGITURNO/BASICO/15 Consultar Usuarios">
      <properties>
         <property name="deviceName" value=""/>
         <property name="devicePlatform" value=""/>
         <property name="logFolder" value="C:\\CIEL INGENIERIA\\Katalon\\Digiturno55\\Reports\\20241003_162025\\DIGITURNO\\BASICO\\15 Consultar Usuarios\\20241003_162041"/>
         <property name="logFiles" value="C:\\CIEL INGENIERIA\\Katalon\\Digiturno55\\Reports\\20241003_162025\\DIGITURNO\\BASICO\\15 Consultar Usuarios\\20241003_162041\\execution0.log"/>
         <property name="attachments" value="C:\\CIEL INGENIERIA\\Katalon\\Digiturno55\\Reports\\20241003_162025\\DIGITURNO\\BASICO\\15 Consultar Usuarios\\20241003_162041\\1727990949784.png, C:\\CIEL INGENIERIA\\Katalon\\Digiturno55\\Reports\\20241003_162025\\DIGITURNO\\BASICO\\15 Consultar Usuarios\\20241003_162041\\1727990964479.png, C:\\CIEL INGENIERIA\\Katalon\\Digiturno55\\Reports\\20241003_162025\\DIGITURNO\\BASICO\\15 Consultar Usuarios\\20241003_162041\\1727990972196.png"/>
         <property name="hostName" value="jdavila - PCPruebas101.ciel.cielingenieria.com"/>
         <property name="os" value="Windows 10 64bit"/>
         <property name="katalonVersion" value="8.6.9.208"/>
         <property name="browser" value="Chrome 129.0.0.0"/>
         <property name="hostAddress" value="192.168.91.13"/>
         <property name="sessionId" value="cac6cc682d5f9871d47a69fe17c089ff"/>
         <property name="seleniumVersion" value="3.141.59"/>
         <property name="proxyInformation" value="ProxyInformation { proxyOption=NO_PROXY, proxyServerType=HTTP, username=, password=********, proxyServerAddress=, proxyServerPort=0, executionList=&quot;&quot;, isApplyToDesiredCapabilities=true }"/>
         <property name="platform" value="Windows 10"/>
      </properties>
      <testcase name="Test Cases/DIGITURNO/BASICO/15 Consultar Usuarios" time="45.726" classname="Test Cases/DIGITURNO/BASICO/15 Consultar Usuarios" status="PASSED">
         <system-out><![CDATA[2024-10-03 16:28:49 - [TEST_CASE][PASSED] - Test Cases/DIGITURNO/BASICO/15 Consultar Usuarios: Test Cases/DIGITURNO/BASICO/15 Consultar Usuarios

2024-10-03 16:28:50 - [TEST_STEP][PASSED] - callTestCase(findTestCase("DIGITURNO/BASICO/5 Usuarios"), [:], STOP_ON_FAILURE): Call Test Case 'Test Cases/DIGITURNO/BASICO/5 Usuarios' successfully

2024-10-03 16:28:50 - [TEST_CASE][PASSED] - Test Cases/DIGITURNO/BASICO/5 Usuarios: Test Cases/DIGITURNO/BASICO/5 Usuarios

2024-10-03 16:28:50 - [TEST_STEP][PASSED] - callTestCase(findTestCase("0InicioSesion"), [:], STOP_ON_FAILURE): Call Test Case 'Test Cases/0InicioSesion' successfully

2024-10-03 16:28:50 - [TEST_CASE][PASSED] - Test Cases/0InicioSesion: Test Cases/0InicioSesion

2024-10-03 16:28:51 - [TEST_STEP][PASSED] - openBrowser(UrlDigiturno): Browser is opened with url: 'https://PCPruebas101.ciel.cielingenieria.com:8910'

2024-10-03 16:28:51 - [MESSAGE][INFO] - Starting 'Chrome' driver

2024-10-03 16:28:51 - [MESSAGE][INFO] - User set preference: ['args', '[--use-fake-ui-for-media-stream, --disable-notifications]']

2024-10-03 16:28:51 - [MESSAGE][INFO] - Action delay is set to 0 milliseconds

2024-10-03 16:28:54 - [MESSAGE][PASSED] - Browser is opened with url: 'https://PCPruebas101.ciel.cielingenieria.com:8910'

2024-10-03 16:28:54 - [TEST_STEP][PASSED] - maximizeWindow(): Current window maximized

2024-10-03 16:28:54 - [MESSAGE][PASSED] - Current window maximized

2024-10-03 16:28:54 - [TEST_STEP][PASSED] - delay(3): Delayed 3 second(s)

2024-10-03 16:28:57 - [MESSAGE][PASSED] - Delayed 3 second(s)

2024-10-03 16:28:57 - [TEST_STEP][PASSED] - setText(findTestObject("0Inicio Sesion/input_Usuario"), "Ciel"): Text 'Ciel' is set on object 'Object Repository/0Inicio Sesion/input_Usuario'

2024-10-03 16:28:58 - [MESSAGE][PASSED] - Text 'Ciel' is set on object 'Object Repository/0Inicio Sesion/input_Usuario'

2024-10-03 16:28:58 - [TEST_STEP][PASSED] - setText(findTestObject("0Inicio Sesion/input_Clave"), "digiturno"): Text 'digiturno' is set on object 'Object Repository/0Inicio Sesion/input_Clave'

2024-10-03 16:28:59 - [MESSAGE][PASSED] - Text 'digiturno' is set on object 'Object Repository/0Inicio Sesion/input_Clave'

2024-10-03 16:28:59 - [TEST_STEP][PASSED] - click(findTestObject("0Inicio Sesion/btn_IniciarSesion")): Object: 'Object Repository/0Inicio Sesion/btn_IniciarSesion' is clicked on

2024-10-03 16:28:59 - [MESSAGE][PASSED] - Object: 'Object Repository/0Inicio Sesion/btn_IniciarSesion' is clicked on

2024-10-03 16:28:59 - [TEST_STEP][PASSED] - delay(3): Delayed 3 second(s)

2024-10-03 16:29:02 - [MESSAGE][PASSED] - Delayed 3 second(s)

2024-10-03 16:29:02 - [MESSAGE][PASSED] - Call Test Case 'Test Cases/0InicioSesion' successfully

2024-10-03 16:29:02 - [TEST_STEP][PASSED] - click(findTestObject("DIGITURNO/1Principal/img_Configuracion(1)")): Object: 'Object Repository/DIGITURNO/1Principal/img_Configuracion(1)' is clicked on

2024-10-03 16:29:03 - [MESSAGE][PASSED] - Object: 'Object Repository/DIGITURNO/1Principal/img_Configuracion(1)' is clicked on

2024-10-03 16:29:03 - [TEST_STEP][PASSED] - delay(3): Delayed 3 second(s)

2024-10-03 16:29:06 - [MESSAGE][PASSED] - Delayed 3 second(s)

2024-10-03 16:29:06 - [TEST_STEP][PASSED] - click(findTestObject("DIGITURNO/CONFIGURACION/0Principal/img_4Usuarios")): Object: 'Object Repository/DIGITURNO/CONFIGURACION/0Principal/img_4Usuarios' is clicked on

2024-10-03 16:29:06 - [MESSAGE][PASSED] - Object: 'Object Repository/DIGITURNO/CONFIGURACION/0Principal/img_4Usuarios' is clicked on

2024-10-03 16:29:06 - [TEST_STEP][PASSED] - delay(3): Delayed 3 second(s)

2024-10-03 16:29:09 - [MESSAGE][PASSED] - Delayed 3 second(s)

2024-10-03 16:29:09 - [TEST_STEP][PASSED] - takeFullPageScreenshot(STOP_ON_FAILURE): Taking screenshot successfully

2024-10-03 16:29:10 - [MESSAGE][INFO] - 0 hidden object(s)

2024-10-03 16:29:10 - [MESSAGE][PASSED] - Taking screenshot successfully
[[ATTACHMENT|C:\\CIEL INGENIERIA\\Katalon\\Digiturno55\\Reports\\20241003_162025\\DIGITURNO\\BASICO\\15 Consultar Usuarios\\20241003_162041\\1727990949784.png]]

2024-10-03 16:29:10 - [TEST_STEP][PASSED] - delay(3): Delayed 3 second(s)

2024-10-03 16:29:13 - [MESSAGE][PASSED] - Delayed 3 second(s)

2024-10-03 16:29:13 - [MESSAGE][PASSED] - Call Test Case 'Test Cases/DIGITURNO/BASICO/5 Usuarios' successfully

2024-10-03 16:29:13 - [TEST_STEP][PASSED] - delay(3): Delayed 3 second(s)

2024-10-03 16:29:16 - [MESSAGE][PASSED] - Delayed 3 second(s)

2024-10-03 16:29:16 - [TEST_STEP][PASSED] - click(findTestObject("DIGITURNO/CONFIGURACION/4Usuarios/0Principal/img_3Consultar Usuarios")): Object: 'Object Repository/DIGITURNO/CONFIGURACION/4Usuarios/0Principal/img_3Consultar Usuarios' is clicked on

2024-10-03 16:29:17 - [MESSAGE][PASSED] - Object: 'Object Repository/DIGITURNO/CONFIGURACION/4Usuarios/0Principal/img_3Consultar Usuarios' is clicked on

2024-10-03 16:29:17 - [TEST_STEP][PASSED] - delay(3): Delayed 3 second(s)

2024-10-03 16:29:20 - [MESSAGE][PASSED] - Delayed 3 second(s)

2024-10-03 16:29:20 - [TEST_STEP][PASSED] - setText(findTestObject("DIGITURNO/CONFIGURACION/4Usuarios/3Consultar Usuarios/0Filtro Por Nombre de usuario/input_TextoABuscar"), "admin"): Text 'admin' is set on object 'Object Repository/DIGITURNO/CONFIGURACION/4Usuarios/3Consultar Usuarios/0Filtro Por Nombre de usuario/input_TextoABuscar'

2024-10-03 16:29:21 - [MESSAGE][PASSED] - Text 'admin' is set on object 'Object Repository/DIGITURNO/CONFIGURACION/4Usuarios/3Consultar Usuarios/0Filtro Por Nombre de usuario/input_TextoABuscar'

2024-10-03 16:29:21 - [TEST_STEP][PASSED] - click(findTestObject("DIGITURNO/CONFIGURACION/4Usuarios/3Consultar Usuarios/0Filtro Por Nombre de usuario/img_Filtrar")): Object: 'Object Repository/DIGITURNO/CONFIGURACION/4Usuarios/3Consultar Usuarios/0Filtro Por Nombre de usuario/img_Filtrar' is clicked on

2024-10-03 16:29:21 - [MESSAGE][PASSED] - Object: 'Object Repository/DIGITURNO/CONFIGURACION/4Usuarios/3Consultar Usuarios/0Filtro Por Nombre de usuario/img_Filtrar' is clicked on

2024-10-03 16:29:21 - [TEST_STEP][PASSED] - delay(3): Delayed 3 second(s)

2024-10-03 16:29:24 - [MESSAGE][PASSED] - Delayed 3 second(s)

2024-10-03 16:29:24 - [TEST_STEP][PASSED] - takeFullPageScreenshot(): Taking screenshot successfully

2024-10-03 16:29:24 - [MESSAGE][INFO] - 0 hidden object(s)

2024-10-03 16:29:24 - [MESSAGE][PASSED] - Taking screenshot successfully
[[ATTACHMENT|C:\\CIEL INGENIERIA\\Katalon\\Digiturno55\\Reports\\20241003_162025\\DIGITURNO\\BASICO\\15 Consultar Usuarios\\20241003_162041\\1727990964479.png]]

2024-10-03 16:29:24 - [TEST_STEP][PASSED] - delay(3): Delayed 3 second(s)

2024-10-03 16:29:28 - [MESSAGE][PASSED] - Delayed 3 second(s)

2024-10-03 16:29:28 - [TEST_STEP][PASSED] - setText(findTestObject("DIGITURNO/CONFIGURACION/4Usuarios/3Consultar Usuarios/0Filtro Por Nombre de usuario/input_TextoABuscar"), "CIEL"): Text 'CIEL' is set on object 'Object Repository/DIGITURNO/CONFIGURACION/4Usuarios/3Consultar Usuarios/0Filtro Por Nombre de usuario/input_TextoABuscar'

2024-10-03 16:29:28 - [MESSAGE][PASSED] - Text 'CIEL' is set on object 'Object Repository/DIGITURNO/CONFIGURACION/4Usuarios/3Consultar Usuarios/0Filtro Por Nombre de usuario/input_TextoABuscar'

2024-10-03 16:29:28 - [TEST_STEP][PASSED] - click(findTestObject("DIGITURNO/CONFIGURACION/4Usuarios/3Consultar Usuarios/0Filtro Por Nombre de usuario/img_Filtrar")): Object: 'Object Repository/DIGITURNO/CONFIGURACION/4Usuarios/3Consultar Usuarios/0Filtro Por Nombre de usuario/img_Filtrar' is clicked on

2024-10-03 16:29:29 - [MESSAGE][PASSED] - Object: 'Object Repository/DIGITURNO/CONFIGURACION/4Usuarios/3Consultar Usuarios/0Filtro Por Nombre de usuario/img_Filtrar' is clicked on

2024-10-03 16:29:29 - [TEST_STEP][PASSED] - delay(3): Delayed 3 second(s)

2024-10-03 16:29:32 - [MESSAGE][PASSED] - Delayed 3 second(s)

2024-10-03 16:29:32 - [TEST_STEP][PASSED] - takeFullPageScreenshot(): Taking screenshot successfully

2024-10-03 16:29:32 - [MESSAGE][INFO] - 0 hidden object(s)

2024-10-03 16:29:32 - [MESSAGE][PASSED] - Taking screenshot successfully
[[ATTACHMENT|C:\\CIEL INGENIERIA\\Katalon\\Digiturno55\\Reports\\20241003_162025\\DIGITURNO\\BASICO\\15 Consultar Usuarios\\20241003_162041\\1727990972196.png]]

2024-10-03 16:29:32 - [TEST_STEP][PASSED] - delay(3): Delayed 3 second(s)

2024-10-03 16:29:35 - [MESSAGE][PASSED] - Delayed 3 second(s)

2024-10-03 16:29:35 - [TEST_STEP][PASSED] - Start listener action : sampleAfterTestCase: null]]></system-out>
         <system-err><![CDATA[]]></system-err>
      </testcase>
      <system-out><![CDATA[2024-10-03 16:28:49 - [TEST_SUITE][PASSED] - 15 Consultar Usuarios: Test Cases/DIGITURNO/BASICO/15 Consultar Usuarios]]></system-out>
      <system-err><![CDATA[]]></system-err>
   </testsuite>
</testsuites>
