<?xml version="1.0" encoding="UTF-8"?>
<testsuites name="5.3 Crear Grupos Ciel" time="100.251" tests="1" failures="0" errors="0">
   <testsuite name="5.3 Crear Grupos Ciel" tests="1" failures="0" errors="0" time="100.251" skipped="0" timestamp="2023-08-14 11:05:35" hostname="jdavila - PCPruebas101.ciel.cielingenieria.com" id="Test Suites/WIZARD/3Infraestructura/3Grupos/5.3 Crear Grupos Ciel">
      <properties>
         <property name="deviceName" value=""/>
         <property name="devicePlatform" value=""/>
         <property name="logFolder" value="C:\\CIEL INGENIERIA\\Katalon\\Digiturno55\\Reports\\20230814_104251\\WIZARD\\3Infraestructura\\3Grupos\\5.3 Crear Grupos Ciel\\20230814_104331"/>
         <property name="logFiles" value="C:\\CIEL INGENIERIA\\Katalon\\Digiturno55\\Reports\\20230814_104251\\WIZARD\\3Infraestructura\\3Grupos\\5.3 Crear Grupos Ciel\\20230814_104331\\execution0.log"/>
         <property name="attachments" value="C:\\CIEL INGENIERIA\\Katalon\\Digiturno55\\Reports\\20230814_104251\\WIZARD\\3Infraestructura\\3Grupos\\5.3 Crear Grupos Ciel\\20230814_104331\\1692029231793.png"/>
         <property name="hostName" value="jdavila - PCPruebas101.ciel.cielingenieria.com"/>
         <property name="os" value="Windows 10 64bit"/>
         <property name="katalonVersion" value="8.6.0.208"/>
         <property name="browser" value="Chrome 115.0.0.0"/>
         <property name="hostAddress" value="192.168.0.33"/>
         <property name="sessionId" value="e71e9027c2bfa91cfeb8d86024ceda56"/>
         <property name="seleniumVersion" value="3.141.59"/>
         <property name="proxyInformation" value="ProxyInformation { proxyOption=NO_PROXY, proxyServerType=HTTP, username=, password=********, proxyServerAddress=, proxyServerPort=0, executionList=&quot;&quot;, isApplyToDesiredCapabilities=true }"/>
         <property name="platform" value="Windows 10"/>
      </properties>
      <testcase name="Test Cases/WIZARD/3Infraestructura/3Grupos/5.3 Crear Grupos Ciel" time="100.004" classname="Test Cases/WIZARD/3Infraestructura/3Grupos/5.3 Crear Grupos Ciel" status="PASSED">
         <system-out><![CDATA[2023-08-14 11:05:35 - [TEST_CASE][PASSED] - Test Cases/WIZARD/3Infraestructura/3Grupos/5.3 Crear Grupos Ciel: Test Cases/WIZARD/3Infraestructura/3Grupos/5.3 Crear Grupos Ciel

2023-08-14 11:05:36 - [TEST_STEP][PASSED] - callTestCase(findTestCase("0InicioSesion"), [:], STOP_ON_FAILURE): Call Test Case 'Test Cases/0InicioSesion' successfully

2023-08-14 11:05:36 - [TEST_CASE][PASSED] - Test Cases/0InicioSesion: Test Cases/0InicioSesion

2023-08-14 11:05:36 - [TEST_STEP][PASSED] - openBrowser(UrlDigiturno): Browser is opened with url: 'https://PCPruebas101.ciel.cielingenieria.com:8610'

2023-08-14 11:05:36 - [MESSAGE][INFO] - Starting 'Chrome' driver

2023-08-14 11:05:36 - [MESSAGE][INFO] - User set preference: ['args', '[--use-fake-ui-for-media-stream, --disable-notifications]']

2023-08-14 11:05:36 - [MESSAGE][INFO] - Action delay is set to 0 milliseconds

2023-08-14 11:05:39 - [MESSAGE][PASSED] - Browser is opened with url: 'https://PCPruebas101.ciel.cielingenieria.com:8610'

2023-08-14 11:05:39 - [TEST_STEP][PASSED] - maximizeWindow(): Current window maximized

2023-08-14 11:05:39 - [MESSAGE][PASSED] - Current window maximized

2023-08-14 11:05:39 - [TEST_STEP][PASSED] - delay(3): Delayed 3 second(s)

2023-08-14 11:05:42 - [MESSAGE][PASSED] - Delayed 3 second(s)

2023-08-14 11:05:42 - [TEST_STEP][PASSED] - setText(findTestObject("0Inicio Sesion/input_Usuario"), "Ciel"): Text 'Ciel' is set on object 'Object Repository/0Inicio Sesion/input_Usuario'

2023-08-14 11:05:43 - [MESSAGE][PASSED] - Text 'Ciel' is set on object 'Object Repository/0Inicio Sesion/input_Usuario'

2023-08-14 11:05:43 - [TEST_STEP][PASSED] - setText(findTestObject("0Inicio Sesion/input_Clave"), "digiturno"): Text 'digiturno' is set on object 'Object Repository/0Inicio Sesion/input_Clave'

2023-08-14 11:05:43 - [MESSAGE][PASSED] - Text 'digiturno' is set on object 'Object Repository/0Inicio Sesion/input_Clave'

2023-08-14 11:05:43 - [TEST_STEP][PASSED] - click(findTestObject("0Inicio Sesion/btn_IniciarSesion")): Object: 'Object Repository/0Inicio Sesion/btn_IniciarSesion' is clicked on

2023-08-14 11:05:44 - [MESSAGE][PASSED] - Object: 'Object Repository/0Inicio Sesion/btn_IniciarSesion' is clicked on

2023-08-14 11:05:44 - [TEST_STEP][PASSED] - delay(3): Delayed 3 second(s)

2023-08-14 11:05:47 - [MESSAGE][PASSED] - Delayed 3 second(s)

2023-08-14 11:05:47 - [MESSAGE][PASSED] - Call Test Case 'Test Cases/0InicioSesion' successfully

2023-08-14 11:05:47 - [TEST_STEP][PASSED] - click(findTestObject("WIZARD/0Principal/img_InfraestructuraMAX")): Object: 'Object Repository/WIZARD/0Principal/img_InfraestructuraMAX' is clicked on

2023-08-14 11:05:48 - [MESSAGE][PASSED] - Object: 'Object Repository/WIZARD/0Principal/img_InfraestructuraMAX' is clicked on

2023-08-14 11:05:48 - [TEST_STEP][PASSED] - delay(3): Delayed 3 second(s)

2023-08-14 11:05:51 - [MESSAGE][PASSED] - Delayed 3 second(s)

2023-08-14 11:05:51 - [TEST_STEP][PASSED] - click(findTestObject("WIZARD/3Infraestructura/0Menu/span_Grupos")): Object: 'Object Repository/WIZARD/3Infraestructura/0Menu/span_Grupos' is clicked on

2023-08-14 11:05:52 - [MESSAGE][PASSED] - Object: 'Object Repository/WIZARD/3Infraestructura/0Menu/span_Grupos' is clicked on

2023-08-14 11:05:52 - [TEST_STEP][PASSED] - delay(3): Delayed 3 second(s)

2023-08-14 11:05:55 - [MESSAGE][PASSED] - Delayed 3 second(s)

2023-08-14 11:05:55 - [TEST_STEP][PASSED] - click(findTestObject("WIZARD/3Infraestructura/3Grupos/Edicion/btn_Sala")): Object: 'Object Repository/WIZARD/3Infraestructura/3Grupos/Edicion/btn_Sala' is clicked on

2023-08-14 11:05:56 - [MESSAGE][PASSED] - Object: 'Object Repository/WIZARD/3Infraestructura/3Grupos/Edicion/btn_Sala' is clicked on

2023-08-14 11:05:56 - [TEST_STEP][PASSED] - delay(3): Delayed 3 second(s)

2023-08-14 11:05:59 - [MESSAGE][PASSED] - Delayed 3 second(s)

2023-08-14 11:05:59 - [TEST_STEP][PASSED] - click(findTestObject("WIZARD/3Infraestructura/3Grupos/Edicion/btn_Sala(1)/a_1CIEL - Sala General")): Object: 'Object Repository/WIZARD/3Infraestructura/3Grupos/Edicion/btn_Sala(1)/a_1CIEL - Sala General' is clicked on

2023-08-14 11:05:59 - [MESSAGE][PASSED] - Object: 'Object Repository/WIZARD/3Infraestructura/3Grupos/Edicion/btn_Sala(1)/a_1CIEL - Sala General' is clicked on

2023-08-14 11:05:59 - [TEST_STEP][PASSED] - delay(3): Delayed 3 second(s)

2023-08-14 11:06:02 - [MESSAGE][PASSED] - Delayed 3 second(s)

2023-08-14 11:06:02 - [TEST_STEP][PASSED] - setText(findTestObject("WIZARD/3Infraestructura/3Grupos/Edicion/input_Nombre"), "Grupo General"): Text 'Grupo General' is set on object 'Object Repository/WIZARD/3Infraestructura/3Grupos/Edicion/input_Nombre'

2023-08-14 11:06:03 - [MESSAGE][PASSED] - Text 'Grupo General' is set on object 'Object Repository/WIZARD/3Infraestructura/3Grupos/Edicion/input_Nombre'

2023-08-14 11:06:03 - [TEST_STEP][PASSED] - setText(findTestObject("WIZARD/3Infraestructura/3Grupos/Edicion/textarea_Descripcion"), "CIEL - Grupo General"): Text 'CIEL - Grupo General' is set on object 'Object Repository/WIZARD/3Infraestructura/3Grupos/Edicion/textarea_Descripcion'

2023-08-14 11:06:04 - [MESSAGE][PASSED] - Text 'CIEL - Grupo General' is set on object 'Object Repository/WIZARD/3Infraestructura/3Grupos/Edicion/textarea_Descripcion'

2023-08-14 11:06:04 - [TEST_STEP][PASSED] - scrollToPosition(0, 1000): Browser is scrolled to position x = 0, y = 1000

2023-08-14 11:06:04 - [MESSAGE][PASSED] - Browser is scrolled to position x = 0, y = 1000

2023-08-14 11:06:04 - [TEST_STEP][PASSED] - selectOptionByLabel(findTestObject("WIZARD/3Infraestructura/3Grupos/Edicion/select_Nivel de visualizacion en Transferencias"), "Área", false): All options with label 'Área' are selected in object 'Object Repository/WIZARD/3Infraestructura/3Grupos/Edicion/select_Nivel de visualizacion en Transferencias' 

2023-08-14 11:06:05 - [MESSAGE][PASSED] - All options with label 'Área' are selected in object 'Object Repository/WIZARD/3Infraestructura/3Grupos/Edicion/select_Nivel de visualizacion en Transferencias' 

2023-08-14 11:06:05 - [TEST_STEP][PASSED] - delay(2): Delayed 2 second(s)

2023-08-14 11:06:07 - [MESSAGE][PASSED] - Delayed 2 second(s)

2023-08-14 11:06:07 - [TEST_STEP][PASSED] - selectOptionByLabel(findTestObject("WIZARD/3Infraestructura/3Grupos/Edicion/select_Nivel de visualizacion en Nuevo Servicio"), "Área", false): All options with label 'Área' are selected in object 'Object Repository/WIZARD/3Infraestructura/3Grupos/Edicion/select_Nivel de visualizacion en Nuevo Servicio' 

2023-08-14 11:06:08 - [MESSAGE][PASSED] - All options with label 'Área' are selected in object 'Object Repository/WIZARD/3Infraestructura/3Grupos/Edicion/select_Nivel de visualizacion en Nuevo Servicio' 

2023-08-14 11:06:08 - [TEST_STEP][PASSED] - delay(2): Delayed 2 second(s)

2023-08-14 11:06:10 - [MESSAGE][PASSED] - Delayed 2 second(s)

2023-08-14 11:06:10 - [TEST_STEP][PASSED] - scrollToPosition(0, 0): Browser is scrolled to position x = 0, y = 0

2023-08-14 11:06:10 - [MESSAGE][PASSED] - Browser is scrolled to position x = 0, y = 0

2023-08-14 11:06:10 - [TEST_STEP][PASSED] - delay(2): Delayed 2 second(s)

2023-08-14 11:06:12 - [MESSAGE][PASSED] - Delayed 2 second(s)

2023-08-14 11:06:12 - [TEST_STEP][PASSED] - click(findTestObject("WIZARD/3Infraestructura/3Grupos/Edicion/img_Nuevo")): Object: 'Object Repository/WIZARD/3Infraestructura/3Grupos/Edicion/img_Nuevo' is clicked on

2023-08-14 11:06:12 - [MESSAGE][PASSED] - Object: 'Object Repository/WIZARD/3Infraestructura/3Grupos/Edicion/img_Nuevo' is clicked on

2023-08-14 11:06:12 - [TEST_STEP][PASSED] - delay(3): Delayed 3 second(s)

2023-08-14 11:06:15 - [MESSAGE][PASSED] - Delayed 3 second(s)

2023-08-14 11:06:15 - [TEST_STEP][PASSED] - click(findTestObject("WIZARD/3Infraestructura/0Menu/span_Grupos")): Object: 'Object Repository/WIZARD/3Infraestructura/0Menu/span_Grupos' is clicked on

2023-08-14 11:06:29 - [MESSAGE][PASSED] - Object: 'Object Repository/WIZARD/3Infraestructura/0Menu/span_Grupos' is clicked on

2023-08-14 11:06:29 - [TEST_STEP][PASSED] - delay(3): Delayed 3 second(s)

2023-08-14 11:06:32 - [MESSAGE][PASSED] - Delayed 3 second(s)

2023-08-14 11:06:32 - [TEST_STEP][PASSED] - click(findTestObject("WIZARD/3Infraestructura/3Grupos/Edicion/btn_Sala")): Object: 'Object Repository/WIZARD/3Infraestructura/3Grupos/Edicion/btn_Sala' is clicked on

2023-08-14 11:06:33 - [MESSAGE][PASSED] - Object: 'Object Repository/WIZARD/3Infraestructura/3Grupos/Edicion/btn_Sala' is clicked on

2023-08-14 11:06:33 - [TEST_STEP][PASSED] - delay(3): Delayed 3 second(s)

2023-08-14 11:06:36 - [MESSAGE][PASSED] - Delayed 3 second(s)

2023-08-14 11:06:36 - [TEST_STEP][PASSED] - click(findTestObject("WIZARD/3Infraestructura/3Grupos/Edicion/btn_Sala(1)/a_1CIEL - Sala General")): Object: 'Object Repository/WIZARD/3Infraestructura/3Grupos/Edicion/btn_Sala(1)/a_1CIEL - Sala General' is clicked on

2023-08-14 11:06:36 - [MESSAGE][PASSED] - Object: 'Object Repository/WIZARD/3Infraestructura/3Grupos/Edicion/btn_Sala(1)/a_1CIEL - Sala General' is clicked on

2023-08-14 11:06:36 - [TEST_STEP][PASSED] - delay(3): Delayed 3 second(s)

2023-08-14 11:06:39 - [MESSAGE][PASSED] - Delayed 3 second(s)

2023-08-14 11:06:39 - [TEST_STEP][PASSED] - setText(findTestObject("WIZARD/3Infraestructura/3Grupos/Edicion/input_Nombre"), "Grupo PQRS"): Text 'Grupo PQRS' is set on object 'Object Repository/WIZARD/3Infraestructura/3Grupos/Edicion/input_Nombre'

2023-08-14 11:06:40 - [MESSAGE][PASSED] - Text 'Grupo PQRS' is set on object 'Object Repository/WIZARD/3Infraestructura/3Grupos/Edicion/input_Nombre'

2023-08-14 11:06:40 - [TEST_STEP][PASSED] - setText(findTestObject("WIZARD/3Infraestructura/3Grupos/Edicion/textarea_Descripcion"), "CIEL - PQRS"): Text 'CIEL - PQRS' is set on object 'Object Repository/WIZARD/3Infraestructura/3Grupos/Edicion/textarea_Descripcion'

2023-08-14 11:06:41 - [MESSAGE][PASSED] - Text 'CIEL - PQRS' is set on object 'Object Repository/WIZARD/3Infraestructura/3Grupos/Edicion/textarea_Descripcion'

2023-08-14 11:06:41 - [TEST_STEP][PASSED] - scrollToPosition(0, 1000): Browser is scrolled to position x = 0, y = 1000

2023-08-14 11:06:41 - [MESSAGE][PASSED] - Browser is scrolled to position x = 0, y = 1000

2023-08-14 11:06:41 - [TEST_STEP][PASSED] - selectOptionByLabel(findTestObject("WIZARD/3Infraestructura/3Grupos/Edicion/select_Nivel de visualizacion en Transferencias"), "Área", false): All options with label 'Área' are selected in object 'Object Repository/WIZARD/3Infraestructura/3Grupos/Edicion/select_Nivel de visualizacion en Transferencias' 

2023-08-14 11:06:41 - [MESSAGE][PASSED] - All options with label 'Área' are selected in object 'Object Repository/WIZARD/3Infraestructura/3Grupos/Edicion/select_Nivel de visualizacion en Transferencias' 

2023-08-14 11:06:41 - [TEST_STEP][PASSED] - delay(2): Delayed 2 second(s)

2023-08-14 11:06:43 - [MESSAGE][PASSED] - Delayed 2 second(s)

2023-08-14 11:06:43 - [TEST_STEP][PASSED] - selectOptionByLabel(findTestObject("WIZARD/3Infraestructura/3Grupos/Edicion/select_Nivel de visualizacion en Nuevo Servicio"), "Área", false): All options with label 'Área' are selected in object 'Object Repository/WIZARD/3Infraestructura/3Grupos/Edicion/select_Nivel de visualizacion en Nuevo Servicio' 

2023-08-14 11:06:44 - [MESSAGE][PASSED] - All options with label 'Área' are selected in object 'Object Repository/WIZARD/3Infraestructura/3Grupos/Edicion/select_Nivel de visualizacion en Nuevo Servicio' 

2023-08-14 11:06:44 - [TEST_STEP][PASSED] - delay(2): Delayed 2 second(s)

2023-08-14 11:06:46 - [MESSAGE][PASSED] - Delayed 2 second(s)

2023-08-14 11:06:46 - [TEST_STEP][PASSED] - scrollToPosition(0, 0): Browser is scrolled to position x = 0, y = 0

2023-08-14 11:06:46 - [MESSAGE][PASSED] - Browser is scrolled to position x = 0, y = 0

2023-08-14 11:06:46 - [TEST_STEP][PASSED] - click(findTestObject("WIZARD/3Infraestructura/3Grupos/Edicion/img_Nuevo")): Object: 'Object Repository/WIZARD/3Infraestructura/3Grupos/Edicion/img_Nuevo' is clicked on

2023-08-14 11:06:47 - [MESSAGE][PASSED] - Object: 'Object Repository/WIZARD/3Infraestructura/3Grupos/Edicion/img_Nuevo' is clicked on

2023-08-14 11:06:47 - [TEST_STEP][PASSED] - delay(3): Delayed 3 second(s)

2023-08-14 11:06:50 - [MESSAGE][PASSED] - Delayed 3 second(s)

2023-08-14 11:06:50 - [TEST_STEP][PASSED] - click(findTestObject("WIZARD/3Infraestructura/0Menu/span_Grupos")): Object: 'Object Repository/WIZARD/3Infraestructura/0Menu/span_Grupos' is clicked on

2023-08-14 11:06:51 - [MESSAGE][PASSED] - Object: 'Object Repository/WIZARD/3Infraestructura/0Menu/span_Grupos' is clicked on

2023-08-14 11:06:51 - [TEST_STEP][PASSED] - delay(3): Delayed 3 second(s)

2023-08-14 11:06:54 - [MESSAGE][PASSED] - Delayed 3 second(s)

2023-08-14 11:06:54 - [TEST_STEP][PASSED] - click(findTestObject("WIZARD/3Infraestructura/3Grupos/Edicion/btn_Sala")): Object: 'Object Repository/WIZARD/3Infraestructura/3Grupos/Edicion/btn_Sala' is clicked on

2023-08-14 11:06:54 - [MESSAGE][PASSED] - Object: 'Object Repository/WIZARD/3Infraestructura/3Grupos/Edicion/btn_Sala' is clicked on

2023-08-14 11:06:54 - [TEST_STEP][PASSED] - delay(3): Delayed 3 second(s)

2023-08-14 11:06:57 - [MESSAGE][PASSED] - Delayed 3 second(s)

2023-08-14 11:06:57 - [TEST_STEP][PASSED] - click(findTestObject("WIZARD/3Infraestructura/3Grupos/Edicion/btn_Sala(1)/a_1CIEL - Sala General")): Object: 'Object Repository/WIZARD/3Infraestructura/3Grupos/Edicion/btn_Sala(1)/a_1CIEL - Sala General' is clicked on

2023-08-14 11:06:58 - [MESSAGE][PASSED] - Object: 'Object Repository/WIZARD/3Infraestructura/3Grupos/Edicion/btn_Sala(1)/a_1CIEL - Sala General' is clicked on

2023-08-14 11:06:58 - [TEST_STEP][PASSED] - delay(3): Delayed 3 second(s)

2023-08-14 11:07:01 - [MESSAGE][PASSED] - Delayed 3 second(s)

2023-08-14 11:07:01 - [TEST_STEP][PASSED] - setText(findTestObject("WIZARD/3Infraestructura/3Grupos/Edicion/input_Nombre"), "Grupo Radicaciones"): Text 'Grupo Radicaciones' is set on object 'Object Repository/WIZARD/3Infraestructura/3Grupos/Edicion/input_Nombre'

2023-08-14 11:07:01 - [MESSAGE][PASSED] - Text 'Grupo Radicaciones' is set on object 'Object Repository/WIZARD/3Infraestructura/3Grupos/Edicion/input_Nombre'

2023-08-14 11:07:01 - [TEST_STEP][PASSED] - setText(findTestObject("WIZARD/3Infraestructura/3Grupos/Edicion/textarea_Descripcion"), "CIEL - Radicaciones"): Text 'CIEL - Radicaciones' is set on object 'Object Repository/WIZARD/3Infraestructura/3Grupos/Edicion/textarea_Descripcion'

2023-08-14 11:07:02 - [MESSAGE][PASSED] - Text 'CIEL - Radicaciones' is set on object 'Object Repository/WIZARD/3Infraestructura/3Grupos/Edicion/textarea_Descripcion'

2023-08-14 11:07:02 - [TEST_STEP][PASSED] - scrollToPosition(0, 1000): Browser is scrolled to position x = 0, y = 1000

2023-08-14 11:07:02 - [MESSAGE][PASSED] - Browser is scrolled to position x = 0, y = 1000

2023-08-14 11:07:02 - [TEST_STEP][PASSED] - selectOptionByLabel(findTestObject("WIZARD/3Infraestructura/3Grupos/Edicion/select_Nivel de visualizacion en Transferencias"), "Área", false): All options with label 'Área' are selected in object 'Object Repository/WIZARD/3Infraestructura/3Grupos/Edicion/select_Nivel de visualizacion en Transferencias' 

2023-08-14 11:07:03 - [MESSAGE][PASSED] - All options with label 'Área' are selected in object 'Object Repository/WIZARD/3Infraestructura/3Grupos/Edicion/select_Nivel de visualizacion en Transferencias' 

2023-08-14 11:07:03 - [TEST_STEP][PASSED] - delay(2): Delayed 2 second(s)

2023-08-14 11:07:05 - [MESSAGE][PASSED] - Delayed 2 second(s)

2023-08-14 11:07:05 - [TEST_STEP][PASSED] - selectOptionByLabel(findTestObject("WIZARD/3Infraestructura/3Grupos/Edicion/select_Nivel de visualizacion en Nuevo Servicio"), "Área", false): All options with label 'Área' are selected in object 'Object Repository/WIZARD/3Infraestructura/3Grupos/Edicion/select_Nivel de visualizacion en Nuevo Servicio' 

2023-08-14 11:07:06 - [MESSAGE][PASSED] - All options with label 'Área' are selected in object 'Object Repository/WIZARD/3Infraestructura/3Grupos/Edicion/select_Nivel de visualizacion en Nuevo Servicio' 

2023-08-14 11:07:06 - [TEST_STEP][PASSED] - delay(2): Delayed 2 second(s)

2023-08-14 11:07:08 - [MESSAGE][PASSED] - Delayed 2 second(s)

2023-08-14 11:07:08 - [TEST_STEP][PASSED] - scrollToPosition(0, 0): Browser is scrolled to position x = 0, y = 0

2023-08-14 11:07:08 - [MESSAGE][PASSED] - Browser is scrolled to position x = 0, y = 0

2023-08-14 11:07:08 - [TEST_STEP][PASSED] - click(findTestObject("WIZARD/3Infraestructura/3Grupos/Edicion/img_Nuevo")): Object: 'Object Repository/WIZARD/3Infraestructura/3Grupos/Edicion/img_Nuevo' is clicked on

2023-08-14 11:07:08 - [MESSAGE][PASSED] - Object: 'Object Repository/WIZARD/3Infraestructura/3Grupos/Edicion/img_Nuevo' is clicked on

2023-08-14 11:07:08 - [TEST_STEP][PASSED] - delay(3): Delayed 3 second(s)

2023-08-14 11:07:11 - [MESSAGE][PASSED] - Delayed 3 second(s)

2023-08-14 11:07:11 - [TEST_STEP][PASSED] - takeFullPageScreenshot(): Taking screenshot successfully

2023-08-14 11:07:12 - [MESSAGE][INFO] - 0 hidden object(s)

2023-08-14 11:07:12 - [MESSAGE][PASSED] - Taking screenshot successfully
[[ATTACHMENT|C:\\CIEL INGENIERIA\\Katalon\\Digiturno55\\Reports\\20230814_104251\\WIZARD\\3Infraestructura\\3Grupos\\5.3 Crear Grupos Ciel\\20230814_104331\\1692029231793.png]]

2023-08-14 11:07:12 - [TEST_STEP][PASSED] - delay(3): Delayed 3 second(s)

2023-08-14 11:07:15 - [MESSAGE][PASSED] - Delayed 3 second(s)

2023-08-14 11:07:15 - [TEST_STEP][PASSED] - Start listener action : sampleAfterTestCase: null]]></system-out>
         <system-err><![CDATA[]]></system-err>
      </testcase>
      <system-out><![CDATA[2023-08-14 11:05:35 - [TEST_SUITE][PASSED] - 5.3 Crear Grupos Ciel: Test Cases/WIZARD/3Infraestructura/3Grupos/5.3 Crear Grupos Ciel]]></system-out>
      <system-err><![CDATA[]]></system-err>
   </testsuite>
</testsuites>
