<?xml version="1.0" encoding="UTF-8"?>
<testsuites name="90 Administracion Rapida de Terminales" time="45.134" tests="1" failures="0" errors="0">
   <testsuite name="90 Administracion Rapida de Terminales" tests="1" failures="0" errors="0" time="45.134" skipped="0" timestamp="2024-04-08 10:04:41" hostname="jdavila - PCPruebas101.ciel.cielingenieria.com" id="Test Suites/DIGITURNO/BASICO/90 Administracion Rapida de Terminales">
      <properties>
         <property name="deviceName" value=""/>
         <property name="devicePlatform" value=""/>
         <property name="logFolder" value="C:\\CIEL INGENIERIA\\Katalon\\Digiturno55\\Reports\\20240408_090839\\DIGITURNO\\BASICO\\90 Administracion Rapida de Terminales\\20240408_090959"/>
         <property name="logFiles" value="C:\\CIEL INGENIERIA\\Katalon\\Digiturno55\\Reports\\20240408_090839\\DIGITURNO\\BASICO\\90 Administracion Rapida de Terminales\\20240408_090959\\execution0.log"/>
         <property name="attachments" value="C:\\CIEL INGENIERIA\\Katalon\\Digiturno55\\Reports\\20240408_090839\\DIGITURNO\\BASICO\\90 Administracion Rapida de Terminales\\20240408_090959\\1712588697442.png, C:\\CIEL INGENIERIA\\Katalon\\Digiturno55\\Reports\\20240408_090839\\DIGITURNO\\BASICO\\90 Administracion Rapida de Terminales\\20240408_090959\\1712588704686.png, C:\\CIEL INGENIERIA\\Katalon\\Digiturno55\\Reports\\20240408_090839\\DIGITURNO\\BASICO\\90 Administracion Rapida de Terminales\\20240408_090959\\1712588723037.png"/>
         <property name="hostName" value="jdavila - PCPruebas101.ciel.cielingenieria.com"/>
         <property name="os" value="Windows 10 64bit"/>
         <property name="katalonVersion" value="8.6.9.208"/>
         <property name="browser" value="Chrome 123.0.0.0"/>
         <property name="hostAddress" value="192.168.0.6"/>
         <property name="sessionId" value="9bcef6008a984227059ddf14af6193c6"/>
         <property name="seleniumVersion" value="3.141.59"/>
         <property name="proxyInformation" value="ProxyInformation { proxyOption=NO_PROXY, proxyServerType=HTTP, username=, password=********, proxyServerAddress=, proxyServerPort=0, executionList=&quot;&quot;, isApplyToDesiredCapabilities=true }"/>
         <property name="platform" value="Windows 10"/>
      </properties>
      <testcase name="Test Cases/DIGITURNO/BASICO/90 Administracion Rapida de Terminales" time="44.867" classname="Test Cases/DIGITURNO/BASICO/90 Administracion Rapida de Terminales" status="PASSED">
         <system-out><![CDATA[2024-04-08 10:04:41 - [TEST_CASE][PASSED] - Test Cases/DIGITURNO/BASICO/90 Administracion Rapida de Terminales: Test Cases/DIGITURNO/BASICO/90 Administracion Rapida de Terminales

2024-04-08 10:04:41 - [TEST_STEP][PASSED] - callTestCase(findTestCase("DIGITURNO/BASICO/39 Modelo de atencion"), [:], STOP_ON_FAILURE): Call Test Case 'Test Cases/DIGITURNO/BASICO/39 Modelo de atencion' successfully

2024-04-08 10:04:42 - [TEST_CASE][PASSED] - Test Cases/DIGITURNO/BASICO/39 Modelo de atencion: Test Cases/DIGITURNO/BASICO/39 Modelo de atencion

2024-04-08 10:04:42 - [TEST_STEP][PASSED] - callTestCase(findTestCase("DIGITURNO/BASICO/3 Configuracion"), [:], STOP_ON_FAILURE): Call Test Case 'Test Cases/DIGITURNO/BASICO/3 Configuracion' successfully

2024-04-08 10:04:42 - [TEST_CASE][PASSED] - Test Cases/DIGITURNO/BASICO/3 Configuracion: Test Cases/DIGITURNO/BASICO/3 Configuracion

2024-04-08 10:04:42 - [TEST_STEP][PASSED] - callTestCase(findTestCase("0InicioSesion"), [:], STOP_ON_FAILURE): Call Test Case 'Test Cases/0InicioSesion' successfully

2024-04-08 10:04:42 - [TEST_CASE][PASSED] - Test Cases/0InicioSesion: Test Cases/0InicioSesion

2024-04-08 10:04:43 - [TEST_STEP][PASSED] - openBrowser(UrlDigiturno): Browser is opened with url: 'https://PCPruebas101.ciel.cielingenieria.com:8910'

2024-04-08 10:04:43 - [MESSAGE][INFO] - Starting 'Chrome' driver

2024-04-08 10:04:43 - [MESSAGE][INFO] - User set preference: ['args', '[--use-fake-ui-for-media-stream, --disable-notifications]']

2024-04-08 10:04:43 - [MESSAGE][INFO] - Action delay is set to 0 milliseconds

2024-04-08 10:04:45 - [MESSAGE][PASSED] - Browser is opened with url: 'https://PCPruebas101.ciel.cielingenieria.com:8910'

2024-04-08 10:04:45 - [TEST_STEP][PASSED] - maximizeWindow(): Current window maximized

2024-04-08 10:04:45 - [MESSAGE][PASSED] - Current window maximized

2024-04-08 10:04:45 - [TEST_STEP][PASSED] - delay(3): Delayed 3 second(s)

2024-04-08 10:04:48 - [MESSAGE][PASSED] - Delayed 3 second(s)

2024-04-08 10:04:48 - [TEST_STEP][PASSED] - setText(findTestObject("0Inicio Sesion/input_Usuario"), "Ciel"): Text 'Ciel' is set on object 'Object Repository/0Inicio Sesion/input_Usuario'

2024-04-08 10:04:49 - [MESSAGE][PASSED] - Text 'Ciel' is set on object 'Object Repository/0Inicio Sesion/input_Usuario'

2024-04-08 10:04:49 - [TEST_STEP][PASSED] - setText(findTestObject("0Inicio Sesion/input_Clave"), "digiturno"): Text 'digiturno' is set on object 'Object Repository/0Inicio Sesion/input_Clave'

2024-04-08 10:04:50 - [MESSAGE][PASSED] - Text 'digiturno' is set on object 'Object Repository/0Inicio Sesion/input_Clave'

2024-04-08 10:04:50 - [TEST_STEP][PASSED] - click(findTestObject("0Inicio Sesion/btn_IniciarSesion")): Object: 'Object Repository/0Inicio Sesion/btn_IniciarSesion' is clicked on

2024-04-08 10:04:50 - [MESSAGE][PASSED] - Object: 'Object Repository/0Inicio Sesion/btn_IniciarSesion' is clicked on

2024-04-08 10:04:50 - [TEST_STEP][PASSED] - delay(3): Delayed 3 second(s)

2024-04-08 10:04:53 - [MESSAGE][PASSED] - Delayed 3 second(s)

2024-04-08 10:04:53 - [MESSAGE][PASSED] - Call Test Case 'Test Cases/0InicioSesion' successfully

2024-04-08 10:04:53 - [TEST_STEP][PASSED] - click(findTestObject("DIGITURNO/1Principal/img_Configuracion(1)")): Object: 'Object Repository/DIGITURNO/1Principal/img_Configuracion(1)' is clicked on

2024-04-08 10:04:54 - [MESSAGE][PASSED] - Object: 'Object Repository/DIGITURNO/1Principal/img_Configuracion(1)' is clicked on

2024-04-08 10:04:54 - [TEST_STEP][PASSED] - delay(3): Delayed 3 second(s)

2024-04-08 10:04:57 - [MESSAGE][PASSED] - Delayed 3 second(s)

2024-04-08 10:04:57 - [TEST_STEP][PASSED] - takeFullPageScreenshot(): Taking screenshot successfully

2024-04-08 10:04:57 - [MESSAGE][INFO] - 0 hidden object(s)

2024-04-08 10:04:58 - [MESSAGE][PASSED] - Taking screenshot successfully
[[ATTACHMENT|C:\\CIEL INGENIERIA\\Katalon\\Digiturno55\\Reports\\20240408_090839\\DIGITURNO\\BASICO\\90 Administracion Rapida de Terminales\\20240408_090959\\1712588697442.png]]

2024-04-08 10:04:58 - [TEST_STEP][PASSED] - delay(3): Delayed 3 second(s)

2024-04-08 10:05:01 - [MESSAGE][PASSED] - Delayed 3 second(s)

2024-04-08 10:05:01 - [MESSAGE][PASSED] - Call Test Case 'Test Cases/DIGITURNO/BASICO/3 Configuracion' successfully

2024-04-08 10:05:01 - [TEST_STEP][PASSED] - click(findTestObject("DIGITURNO/CONFIGURACION/0Principal/img_1Modelo de atencion")): Object: 'Object Repository/DIGITURNO/CONFIGURACION/0Principal/img_1Modelo de atencion' is clicked on

2024-04-08 10:05:01 - [MESSAGE][PASSED] - Object: 'Object Repository/DIGITURNO/CONFIGURACION/0Principal/img_1Modelo de atencion' is clicked on

2024-04-08 10:05:01 - [TEST_STEP][PASSED] - delay(3): Delayed 3 second(s)

2024-04-08 10:05:04 - [MESSAGE][PASSED] - Delayed 3 second(s)

2024-04-08 10:05:04 - [TEST_STEP][PASSED] - takeFullPageScreenshot(): Taking screenshot successfully

2024-04-08 10:05:05 - [MESSAGE][INFO] - 0 hidden object(s)

2024-04-08 10:05:05 - [MESSAGE][PASSED] - Taking screenshot successfully
[[ATTACHMENT|C:\\CIEL INGENIERIA\\Katalon\\Digiturno55\\Reports\\20240408_090839\\DIGITURNO\\BASICO\\90 Administracion Rapida de Terminales\\20240408_090959\\1712588704686.png]]

2024-04-08 10:05:05 - [TEST_STEP][PASSED] - delay(3): Delayed 3 second(s)

2024-04-08 10:05:08 - [MESSAGE][PASSED] - Delayed 3 second(s)

2024-04-08 10:05:08 - [MESSAGE][PASSED] - Call Test Case 'Test Cases/DIGITURNO/BASICO/39 Modelo de atencion' successfully

2024-04-08 10:05:08 - [TEST_STEP][PASSED] - click(findTestObject("DIGITURNO/CONFIGURACION/1Modelo de Atencion/0Principal/img_4Gestion Rapida Terminales")): Object: 'Object Repository/DIGITURNO/CONFIGURACION/1Modelo de Atencion/0Principal/img_4Gestion Rapida Terminales' is clicked on

2024-04-08 10:05:08 - [MESSAGE][PASSED] - Object: 'Object Repository/DIGITURNO/CONFIGURACION/1Modelo de Atencion/0Principal/img_4Gestion Rapida Terminales' is clicked on

2024-04-08 10:05:08 - [TEST_STEP][PASSED] - delay(3): Delayed 3 second(s)

2024-04-08 10:05:11 - [MESSAGE][PASSED] - Delayed 3 second(s)

2024-04-08 10:05:11 - [TEST_STEP][PASSED] - click(findTestObject("DIGITURNO/CONFIGURACION/1Modelo de Atencion/4Adm Rapida De Terminales/a_Terminal (click)"), STOP_ON_FAILURE): Object: 'Object Repository/DIGITURNO/CONFIGURACION/1Modelo de Atencion/4Adm Rapida De Terminales/a_Terminal (click)' is clicked on

2024-04-08 10:05:12 - [MESSAGE][PASSED] - Object: 'Object Repository/DIGITURNO/CONFIGURACION/1Modelo de Atencion/4Adm Rapida De Terminales/a_Terminal (click)' is clicked on

2024-04-08 10:05:12 - [TEST_STEP][PASSED] - click(findTestObject("DIGITURNO/CONFIGURACION/1Modelo de Atencion/4Adm Rapida De Terminales/Terminal/label_1 A01")): Object: 'Object Repository/DIGITURNO/CONFIGURACION/1Modelo de Atencion/4Adm Rapida De Terminales/Terminal/label_1 A01' is clicked on

2024-04-08 10:05:12 - [MESSAGE][PASSED] - Object: 'Object Repository/DIGITURNO/CONFIGURACION/1Modelo de Atencion/4Adm Rapida De Terminales/Terminal/label_1 A01' is clicked on

2024-04-08 10:05:12 - [TEST_STEP][PASSED] - delay(2): Delayed 2 second(s)

2024-04-08 10:05:14 - [MESSAGE][PASSED] - Delayed 2 second(s)

2024-04-08 10:05:14 - [TEST_STEP][PASSED] - click(findTestObject("DIGITURNO/CONFIGURACION/1Modelo de Atencion/4Adm Rapida De Terminales/a_Cola (Click)")): Object: 'Object Repository/DIGITURNO/CONFIGURACION/1Modelo de Atencion/4Adm Rapida De Terminales/a_Cola (Click)' is clicked on

2024-04-08 10:05:15 - [MESSAGE][PASSED] - Object: 'Object Repository/DIGITURNO/CONFIGURACION/1Modelo de Atencion/4Adm Rapida De Terminales/a_Cola (Click)' is clicked on

2024-04-08 10:05:15 - [TEST_STEP][PASSED] - click(findTestObject("DIGITURNO/CONFIGURACION/1Modelo de Atencion/4Adm Rapida De Terminales/Cola/label_1 7 - Area General - General (G) - Informacin")): Object: 'Object Repository/DIGITURNO/CONFIGURACION/1Modelo de Atencion/4Adm Rapida De Terminales/Cola/label_1 7 - Area General - General (G) - Informacin' is clicked on

2024-04-08 10:05:15 - [MESSAGE][PASSED] - Object: 'Object Repository/DIGITURNO/CONFIGURACION/1Modelo de Atencion/4Adm Rapida De Terminales/Cola/label_1 7 - Area General - General (G) - Informacin' is clicked on

2024-04-08 10:05:15 - [TEST_STEP][PASSED] - delay(2): Delayed 2 second(s)

2024-04-08 10:05:17 - [MESSAGE][PASSED] - Delayed 2 second(s)

2024-04-08 10:05:17 - [TEST_STEP][PASSED] - selectOptionByIndex(findTestObject("DIGITURNO/CONFIGURACION/1Modelo de Atencion/4Adm Rapida De Terminales/select_Grupo"), 1): All options with index in [1] are selected on object 'Object Repository/DIGITURNO/CONFIGURACION/1Modelo de Atencion/4Adm Rapida De Terminales/select_Grupo'

2024-04-08 10:05:19 - [MESSAGE][PASSED] - All options with index in [1] are selected on object 'Object Repository/DIGITURNO/CONFIGURACION/1Modelo de Atencion/4Adm Rapida De Terminales/select_Grupo'

2024-04-08 10:05:19 - [TEST_STEP][PASSED] - click(findTestObject("DIGITURNO/CONFIGURACION/1Modelo de Atencion/4Adm Rapida De Terminales/btn_Guardar")): Object: 'Object Repository/DIGITURNO/CONFIGURACION/1Modelo de Atencion/4Adm Rapida De Terminales/btn_Guardar' is clicked on

2024-04-08 10:05:20 - [MESSAGE][PASSED] - Object: 'Object Repository/DIGITURNO/CONFIGURACION/1Modelo de Atencion/4Adm Rapida De Terminales/btn_Guardar' is clicked on

2024-04-08 10:05:20 - [TEST_STEP][PASSED] - delay(3): Delayed 3 second(s)

2024-04-08 10:05:23 - [MESSAGE][PASSED] - Delayed 3 second(s)

2024-04-08 10:05:23 - [TEST_STEP][PASSED] - takeFullPageScreenshot(): Taking screenshot successfully

2024-04-08 10:05:23 - [MESSAGE][INFO] - 0 hidden object(s)

2024-04-08 10:05:23 - [MESSAGE][PASSED] - Taking screenshot successfully
[[ATTACHMENT|C:\\CIEL INGENIERIA\\Katalon\\Digiturno55\\Reports\\20240408_090839\\DIGITURNO\\BASICO\\90 Administracion Rapida de Terminales\\20240408_090959\\1712588723037.png]]

2024-04-08 10:05:23 - [TEST_STEP][PASSED] - delay(3): Delayed 3 second(s)

2024-04-08 10:05:26 - [MESSAGE][PASSED] - Delayed 3 second(s)

2024-04-08 10:05:26 - [TEST_STEP][PASSED] - Start listener action : sampleAfterTestCase: null]]></system-out>
         <system-err><![CDATA[]]></system-err>
      </testcase>
      <system-out><![CDATA[2024-04-08 10:04:41 - [TEST_SUITE][PASSED] - 90 Administracion Rapida de Terminales: Test Cases/DIGITURNO/BASICO/90 Administracion Rapida de Terminales]]></system-out>
      <system-err><![CDATA[]]></system-err>
   </testsuite>
</testsuites>
