<?xml version="1.0" encoding="UTF-8"?>
<testsuites name="42 Prioridades Crear Eliminar" time="87.9" tests="2" failures="0" errors="0">
   <testsuite name="42 Prioridades Crear Eliminar" tests="2" failures="0" errors="0" time="87.9" skipped="0" timestamp="2024-10-03 17:47:29" hostname="jdavila - PCPruebas101.ciel.cielingenieria.com" id="Test Suites/DIGITURNO/BASICO/42 Prioridades Crear Eliminar">
      <properties>
         <property name="deviceName" value=""/>
         <property name="devicePlatform" value=""/>
         <property name="logFolder" value="C:\\CIEL INGENIERIA\\Katalon\\Digiturno55\\Reports\\20241003_171202\\DIGITURNO\\BASICO\\42 Prioridades Crear Eliminar\\20241003_171300"/>
         <property name="logFiles" value="C:\\CIEL INGENIERIA\\Katalon\\Digiturno55\\Reports\\20241003_171202\\DIGITURNO\\BASICO\\42 Prioridades Crear Eliminar\\20241003_171300\\execution0.log"/>
         <property name="attachments" value="C:\\CIEL INGENIERIA\\Katalon\\Digiturno55\\Reports\\20241003_171202\\DIGITURNO\\BASICO\\42 Prioridades Crear Eliminar\\20241003_171300\\1727995666366.png, C:\\CIEL INGENIERIA\\Katalon\\Digiturno55\\Reports\\20241003_171202\\DIGITURNO\\BASICO\\42 Prioridades Crear Eliminar\\20241003_171300\\1727995673577.png, C:\\CIEL INGENIERIA\\Katalon\\Digiturno55\\Reports\\20241003_171202\\DIGITURNO\\BASICO\\42 Prioridades Crear Eliminar\\20241003_171300\\1727995689863.png, C:\\CIEL INGENIERIA\\Katalon\\Digiturno55\\Reports\\20241003_171202\\DIGITURNO\\BASICO\\42 Prioridades Crear Eliminar\\20241003_171300\\1727995708508.png, C:\\CIEL INGENIERIA\\Katalon\\Digiturno55\\Reports\\20241003_171202\\DIGITURNO\\BASICO\\42 Prioridades Crear Eliminar\\20241003_171300\\1727995715560.png, C:\\CIEL INGENIERIA\\Katalon\\Digiturno55\\Reports\\20241003_171202\\DIGITURNO\\BASICO\\42 Prioridades Crear Eliminar\\20241003_171300\\1727995733562.png"/>
         <property name="hostName" value="jdavila - PCPruebas101.ciel.cielingenieria.com"/>
         <property name="os" value="Windows 10 64bit"/>
         <property name="katalonVersion" value="8.6.9.208"/>
         <property name="browser" value="Chrome 129.0.0.0"/>
         <property name="hostAddress" value="192.168.91.13"/>
         <property name="sessionId" value="8b819c5dff0d14cec39b96a86ae780c9"/>
         <property name="seleniumVersion" value="3.141.59"/>
         <property name="proxyInformation" value="ProxyInformation { proxyOption=NO_PROXY, proxyServerType=HTTP, username=, password=********, proxyServerAddress=, proxyServerPort=0, executionList=&quot;&quot;, isApplyToDesiredCapabilities=true }"/>
         <property name="platform" value="Windows 10"/>
      </properties>
      <testcase name="Test Cases/DIGITURNO/BASICO/42 Prioridades Crear" time="43.81" classname="Test Cases/DIGITURNO/BASICO/42 Prioridades Crear" status="PASSED">
         <system-out><![CDATA[2024-10-03 17:47:29 - [TEST_CASE][PASSED] - Test Cases/DIGITURNO/BASICO/42 Prioridades Crear: Test Cases/DIGITURNO/BASICO/42 Prioridades Crear

2024-10-03 17:47:29 - [TEST_STEP][PASSED] - callTestCase(findTestCase("DIGITURNO/BASICO/39 Modelo de atencion"), [:], STOP_ON_FAILURE): Call Test Case 'Test Cases/DIGITURNO/BASICO/39 Modelo de atencion' successfully

2024-10-03 17:47:30 - [TEST_CASE][PASSED] - Test Cases/DIGITURNO/BASICO/39 Modelo de atencion: Test Cases/DIGITURNO/BASICO/39 Modelo de atencion

2024-10-03 17:47:30 - [TEST_STEP][PASSED] - callTestCase(findTestCase("DIGITURNO/BASICO/3 Configuracion"), [:], STOP_ON_FAILURE): Call Test Case 'Test Cases/DIGITURNO/BASICO/3 Configuracion' successfully

2024-10-03 17:47:30 - [TEST_CASE][PASSED] - Test Cases/DIGITURNO/BASICO/3 Configuracion: Test Cases/DIGITURNO/BASICO/3 Configuracion

2024-10-03 17:47:30 - [TEST_STEP][PASSED] - callTestCase(findTestCase("0InicioSesion"), [:], STOP_ON_FAILURE): Call Test Case 'Test Cases/0InicioSesion' successfully

2024-10-03 17:47:30 - [TEST_CASE][PASSED] - Test Cases/0InicioSesion: Test Cases/0InicioSesion

2024-10-03 17:47:31 - [TEST_STEP][PASSED] - openBrowser(UrlDigiturno): Browser is opened with url: 'https://PCPruebas101.ciel.cielingenieria.com:8910'

2024-10-03 17:47:31 - [MESSAGE][INFO] - Starting 'Chrome' driver

2024-10-03 17:47:31 - [MESSAGE][INFO] - User set preference: ['args', '[--use-fake-ui-for-media-stream, --disable-notifications]']

2024-10-03 17:47:31 - [MESSAGE][INFO] - Action delay is set to 0 milliseconds

2024-10-03 17:47:34 - [MESSAGE][PASSED] - Browser is opened with url: 'https://PCPruebas101.ciel.cielingenieria.com:8910'

2024-10-03 17:47:34 - [TEST_STEP][PASSED] - maximizeWindow(): Current window maximized

2024-10-03 17:47:34 - [MESSAGE][PASSED] - Current window maximized

2024-10-03 17:47:34 - [TEST_STEP][PASSED] - delay(3): Delayed 3 second(s)

2024-10-03 17:47:37 - [MESSAGE][PASSED] - Delayed 3 second(s)

2024-10-03 17:47:37 - [TEST_STEP][PASSED] - setText(findTestObject("0Inicio Sesion/input_Usuario"), "Ciel"): Text 'Ciel' is set on object 'Object Repository/0Inicio Sesion/input_Usuario'

2024-10-03 17:47:38 - [MESSAGE][PASSED] - Text 'Ciel' is set on object 'Object Repository/0Inicio Sesion/input_Usuario'

2024-10-03 17:47:38 - [TEST_STEP][PASSED] - setText(findTestObject("0Inicio Sesion/input_Clave"), "digiturno"): Text 'digiturno' is set on object 'Object Repository/0Inicio Sesion/input_Clave'

2024-10-03 17:47:39 - [MESSAGE][PASSED] - Text 'digiturno' is set on object 'Object Repository/0Inicio Sesion/input_Clave'

2024-10-03 17:47:39 - [TEST_STEP][PASSED] - click(findTestObject("0Inicio Sesion/btn_IniciarSesion")): Object: 'Object Repository/0Inicio Sesion/btn_IniciarSesion' is clicked on

2024-10-03 17:47:39 - [MESSAGE][PASSED] - Object: 'Object Repository/0Inicio Sesion/btn_IniciarSesion' is clicked on

2024-10-03 17:47:39 - [TEST_STEP][PASSED] - delay(3): Delayed 3 second(s)

2024-10-03 17:47:42 - [MESSAGE][PASSED] - Delayed 3 second(s)

2024-10-03 17:47:42 - [MESSAGE][PASSED] - Call Test Case 'Test Cases/0InicioSesion' successfully

2024-10-03 17:47:42 - [TEST_STEP][PASSED] - click(findTestObject("DIGITURNO/1Principal/img_Configuracion(1)")): Object: 'Object Repository/DIGITURNO/1Principal/img_Configuracion(1)' is clicked on

2024-10-03 17:47:43 - [MESSAGE][PASSED] - Object: 'Object Repository/DIGITURNO/1Principal/img_Configuracion(1)' is clicked on

2024-10-03 17:47:43 - [TEST_STEP][PASSED] - delay(3): Delayed 3 second(s)

2024-10-03 17:47:46 - [MESSAGE][PASSED] - Delayed 3 second(s)

2024-10-03 17:47:46 - [TEST_STEP][PASSED] - takeFullPageScreenshot(): Taking screenshot successfully

2024-10-03 17:47:46 - [MESSAGE][INFO] - 0 hidden object(s)

2024-10-03 17:47:46 - [MESSAGE][PASSED] - Taking screenshot successfully
[[ATTACHMENT|C:\\CIEL INGENIERIA\\Katalon\\Digiturno55\\Reports\\20241003_171202\\DIGITURNO\\BASICO\\42 Prioridades Crear Eliminar\\20241003_171300\\1727995666366.png]]

2024-10-03 17:47:46 - [TEST_STEP][PASSED] - delay(3): Delayed 3 second(s)

2024-10-03 17:47:49 - [MESSAGE][PASSED] - Delayed 3 second(s)

2024-10-03 17:47:49 - [MESSAGE][PASSED] - Call Test Case 'Test Cases/DIGITURNO/BASICO/3 Configuracion' successfully

2024-10-03 17:47:49 - [TEST_STEP][PASSED] - click(findTestObject("DIGITURNO/CONFIGURACION/0Principal/img_1Modelo de atencion")): Object: 'Object Repository/DIGITURNO/CONFIGURACION/0Principal/img_1Modelo de atencion' is clicked on

2024-10-03 17:47:50 - [MESSAGE][PASSED] - Object: 'Object Repository/DIGITURNO/CONFIGURACION/0Principal/img_1Modelo de atencion' is clicked on

2024-10-03 17:47:50 - [TEST_STEP][PASSED] - delay(3): Delayed 3 second(s)

2024-10-03 17:47:53 - [MESSAGE][PASSED] - Delayed 3 second(s)

2024-10-03 17:47:53 - [TEST_STEP][PASSED] - takeFullPageScreenshot(): Taking screenshot successfully

2024-10-03 17:47:53 - [MESSAGE][INFO] - 0 hidden object(s)

2024-10-03 17:47:54 - [MESSAGE][PASSED] - Taking screenshot successfully
[[ATTACHMENT|C:\\CIEL INGENIERIA\\Katalon\\Digiturno55\\Reports\\20241003_171202\\DIGITURNO\\BASICO\\42 Prioridades Crear Eliminar\\20241003_171300\\1727995673577.png]]

2024-10-03 17:47:54 - [TEST_STEP][PASSED] - delay(3): Delayed 3 second(s)

2024-10-03 17:47:57 - [MESSAGE][PASSED] - Delayed 3 second(s)

2024-10-03 17:47:57 - [MESSAGE][PASSED] - Call Test Case 'Test Cases/DIGITURNO/BASICO/39 Modelo de atencion' successfully

2024-10-03 17:47:57 - [TEST_STEP][PASSED] - click(findTestObject("DIGITURNO/CONFIGURACION/1Modelo de Atencion/0Principal/img_3Prioridades")): Object: 'Object Repository/DIGITURNO/CONFIGURACION/1Modelo de Atencion/0Principal/img_3Prioridades' is clicked on

2024-10-03 17:47:58 - [MESSAGE][PASSED] - Object: 'Object Repository/DIGITURNO/CONFIGURACION/1Modelo de Atencion/0Principal/img_3Prioridades' is clicked on

2024-10-03 17:47:58 - [TEST_STEP][PASSED] - delay(3): Delayed 3 second(s)

2024-10-03 17:48:01 - [MESSAGE][PASSED] - Delayed 3 second(s)

2024-10-03 17:48:01 - [TEST_STEP][PASSED] - click(findTestObject("DIGITURNO/CONFIGURACION/1Modelo de Atencion/3Prioridades/Prioridad por sala por jornada/a_selectOficina (click)")): Object: 'Object Repository/DIGITURNO/CONFIGURACION/1Modelo de Atencion/3Prioridades/Prioridad por sala por jornada/a_selectOficina (click)' is clicked on

2024-10-03 17:48:01 - [MESSAGE][PASSED] - Object: 'Object Repository/DIGITURNO/CONFIGURACION/1Modelo de Atencion/3Prioridades/Prioridad por sala por jornada/a_selectOficina (click)' is clicked on

2024-10-03 17:48:01 - [TEST_STEP][PASSED] - delay(2): Delayed 2 second(s)

2024-10-03 17:48:03 - [MESSAGE][PASSED] - Delayed 2 second(s)

2024-10-03 17:48:03 - [TEST_STEP][PASSED] - click(findTestObject("DIGITURNO/CONFIGURACION/1Modelo de Atencion/3Prioridades/Prioridad por sala por jornada/li_1Bogota - CIEL")): Object: 'Object Repository/DIGITURNO/CONFIGURACION/1Modelo de Atencion/3Prioridades/Prioridad por sala por jornada/li_1Bogota - CIEL' is clicked on

2024-10-03 17:48:04 - [MESSAGE][PASSED] - Object: 'Object Repository/DIGITURNO/CONFIGURACION/1Modelo de Atencion/3Prioridades/Prioridad por sala por jornada/li_1Bogota - CIEL' is clicked on

2024-10-03 17:48:04 - [TEST_STEP][PASSED] - delay(2): Delayed 2 second(s)

2024-10-03 17:48:06 - [MESSAGE][PASSED] - Delayed 2 second(s)

2024-10-03 17:48:06 - [TEST_STEP][PASSED] - click(findTestObject("DIGITURNO/CONFIGURACION/1Modelo de Atencion/3Prioridades/Prioridad por sala por jornada/img_Actualizar")): Object: 'Object Repository/DIGITURNO/CONFIGURACION/1Modelo de Atencion/3Prioridades/Prioridad por sala por jornada/img_Actualizar' is clicked on

2024-10-03 17:48:06 - [MESSAGE][PASSED] - Object: 'Object Repository/DIGITURNO/CONFIGURACION/1Modelo de Atencion/3Prioridades/Prioridad por sala por jornada/img_Actualizar' is clicked on

2024-10-03 17:48:06 - [TEST_STEP][PASSED] - click(findTestObject("DIGITURNO/CONFIGURACION/1Modelo de Atencion/3Prioridades/Prioridad por sala por jornada/img_Actualizar")): Object: 'Object Repository/DIGITURNO/CONFIGURACION/1Modelo de Atencion/3Prioridades/Prioridad por sala por jornada/img_Actualizar' is clicked on

2024-10-03 17:48:06 - [MESSAGE][PASSED] - Object: 'Object Repository/DIGITURNO/CONFIGURACION/1Modelo de Atencion/3Prioridades/Prioridad por sala por jornada/img_Actualizar' is clicked on

2024-10-03 17:48:06 - [TEST_STEP][PASSED] - acceptAlert(): Alert accepted

2024-10-03 17:48:06 - [MESSAGE][PASSED] - Alert accepted

2024-10-03 17:48:06 - [TEST_STEP][PASSED] - delay(3): Delayed 3 second(s)

2024-10-03 17:48:09 - [MESSAGE][PASSED] - Delayed 3 second(s)

2024-10-03 17:48:09 - [TEST_STEP][PASSED] - takeFullPageScreenshot(): Taking screenshot successfully

2024-10-03 17:48:10 - [MESSAGE][INFO] - 0 hidden object(s)

2024-10-03 17:48:10 - [MESSAGE][PASSED] - Taking screenshot successfully
[[ATTACHMENT|C:\\CIEL INGENIERIA\\Katalon\\Digiturno55\\Reports\\20241003_171202\\DIGITURNO\\BASICO\\42 Prioridades Crear Eliminar\\20241003_171300\\1727995689863.png]]

2024-10-03 17:48:10 - [TEST_STEP][PASSED] - delay(3): Delayed 3 second(s)

2024-10-03 17:48:13 - [MESSAGE][PASSED] - Delayed 3 second(s)

2024-10-03 17:48:13 - [TEST_STEP][PASSED] - Start listener action : sampleAfterTestCase: null]]></system-out>
         <system-err><![CDATA[]]></system-err>
      </testcase>
      <testcase name="Test Cases/DIGITURNO/BASICO/42 Prioridades Eliminar" time="43.784" classname="Test Cases/DIGITURNO/BASICO/42 Prioridades Eliminar" status="PASSED">
         <system-out><![CDATA[2024-10-03 17:48:13 - [TEST_CASE][PASSED] - Test Cases/DIGITURNO/BASICO/42 Prioridades Eliminar: Test Cases/DIGITURNO/BASICO/42 Prioridades Eliminar

2024-10-03 17:48:13 - [TEST_STEP][PASSED] - callTestCase(findTestCase("DIGITURNO/BASICO/39 Modelo de atencion"), [:], STOP_ON_FAILURE): Call Test Case 'Test Cases/DIGITURNO/BASICO/39 Modelo de atencion' successfully

2024-10-03 17:48:13 - [TEST_CASE][PASSED] - Test Cases/DIGITURNO/BASICO/39 Modelo de atencion: Test Cases/DIGITURNO/BASICO/39 Modelo de atencion

2024-10-03 17:48:13 - [TEST_STEP][PASSED] - callTestCase(findTestCase("DIGITURNO/BASICO/3 Configuracion"), [:], STOP_ON_FAILURE): Call Test Case 'Test Cases/DIGITURNO/BASICO/3 Configuracion' successfully

2024-10-03 17:48:13 - [TEST_CASE][PASSED] - Test Cases/DIGITURNO/BASICO/3 Configuracion: Test Cases/DIGITURNO/BASICO/3 Configuracion

2024-10-03 17:48:13 - [TEST_STEP][PASSED] - callTestCase(findTestCase("0InicioSesion"), [:], STOP_ON_FAILURE): Call Test Case 'Test Cases/0InicioSesion' successfully

2024-10-03 17:48:13 - [TEST_CASE][PASSED] - Test Cases/0InicioSesion: Test Cases/0InicioSesion

2024-10-03 17:48:13 - [TEST_STEP][PASSED] - openBrowser(UrlDigiturno): Browser is opened with url: 'https://PCPruebas101.ciel.cielingenieria.com:8910'

2024-10-03 17:48:13 - [MESSAGE][WARNING] - A browser is already opened. Closing browser and opening a new one

2024-10-03 17:48:14 - [MESSAGE][INFO] - Starting 'Chrome' driver

2024-10-03 17:48:14 - [MESSAGE][INFO] - User set preference: ['args', '[--use-fake-ui-for-media-stream, --disable-notifications]']

2024-10-03 17:48:14 - [MESSAGE][INFO] - Action delay is set to 0 milliseconds

2024-10-03 17:48:16 - [MESSAGE][PASSED] - Browser is opened with url: 'https://PCPruebas101.ciel.cielingenieria.com:8910'

2024-10-03 17:48:16 - [TEST_STEP][PASSED] - maximizeWindow(): Current window maximized

2024-10-03 17:48:17 - [MESSAGE][PASSED] - Current window maximized

2024-10-03 17:48:17 - [TEST_STEP][PASSED] - delay(3): Delayed 3 second(s)

2024-10-03 17:48:20 - [MESSAGE][PASSED] - Delayed 3 second(s)

2024-10-03 17:48:20 - [TEST_STEP][PASSED] - setText(findTestObject("0Inicio Sesion/input_Usuario"), "Ciel"): Text 'Ciel' is set on object 'Object Repository/0Inicio Sesion/input_Usuario'

2024-10-03 17:48:20 - [MESSAGE][PASSED] - Text 'Ciel' is set on object 'Object Repository/0Inicio Sesion/input_Usuario'

2024-10-03 17:48:20 - [TEST_STEP][PASSED] - setText(findTestObject("0Inicio Sesion/input_Clave"), "digiturno"): Text 'digiturno' is set on object 'Object Repository/0Inicio Sesion/input_Clave'

2024-10-03 17:48:21 - [MESSAGE][PASSED] - Text 'digiturno' is set on object 'Object Repository/0Inicio Sesion/input_Clave'

2024-10-03 17:48:21 - [TEST_STEP][PASSED] - click(findTestObject("0Inicio Sesion/btn_IniciarSesion")): Object: 'Object Repository/0Inicio Sesion/btn_IniciarSesion' is clicked on

2024-10-03 17:48:21 - [MESSAGE][PASSED] - Object: 'Object Repository/0Inicio Sesion/btn_IniciarSesion' is clicked on

2024-10-03 17:48:21 - [TEST_STEP][PASSED] - delay(3): Delayed 3 second(s)

2024-10-03 17:48:24 - [MESSAGE][PASSED] - Delayed 3 second(s)

2024-10-03 17:48:24 - [MESSAGE][PASSED] - Call Test Case 'Test Cases/0InicioSesion' successfully

2024-10-03 17:48:24 - [TEST_STEP][PASSED] - click(findTestObject("DIGITURNO/1Principal/img_Configuracion(1)")): Object: 'Object Repository/DIGITURNO/1Principal/img_Configuracion(1)' is clicked on

2024-10-03 17:48:25 - [MESSAGE][PASSED] - Object: 'Object Repository/DIGITURNO/1Principal/img_Configuracion(1)' is clicked on

2024-10-03 17:48:25 - [TEST_STEP][PASSED] - delay(3): Delayed 3 second(s)

2024-10-03 17:48:28 - [MESSAGE][PASSED] - Delayed 3 second(s)

2024-10-03 17:48:28 - [TEST_STEP][PASSED] - takeFullPageScreenshot(): Taking screenshot successfully

2024-10-03 17:48:28 - [MESSAGE][INFO] - 0 hidden object(s)

2024-10-03 17:48:28 - [MESSAGE][PASSED] - Taking screenshot successfully
[[ATTACHMENT|C:\\CIEL INGENIERIA\\Katalon\\Digiturno55\\Reports\\20241003_171202\\DIGITURNO\\BASICO\\42 Prioridades Crear Eliminar\\20241003_171300\\1727995708508.png]]

2024-10-03 17:48:28 - [TEST_STEP][PASSED] - delay(3): Delayed 3 second(s)

2024-10-03 17:48:31 - [MESSAGE][PASSED] - Delayed 3 second(s)

2024-10-03 17:48:31 - [MESSAGE][PASSED] - Call Test Case 'Test Cases/DIGITURNO/BASICO/3 Configuracion' successfully

2024-10-03 17:48:31 - [TEST_STEP][PASSED] - click(findTestObject("DIGITURNO/CONFIGURACION/0Principal/img_1Modelo de atencion")): Object: 'Object Repository/DIGITURNO/CONFIGURACION/0Principal/img_1Modelo de atencion' is clicked on

2024-10-03 17:48:32 - [MESSAGE][PASSED] - Object: 'Object Repository/DIGITURNO/CONFIGURACION/0Principal/img_1Modelo de atencion' is clicked on

2024-10-03 17:48:32 - [TEST_STEP][PASSED] - delay(3): Delayed 3 second(s)

2024-10-03 17:48:35 - [MESSAGE][PASSED] - Delayed 3 second(s)

2024-10-03 17:48:35 - [TEST_STEP][PASSED] - takeFullPageScreenshot(): Taking screenshot successfully

2024-10-03 17:48:35 - [MESSAGE][INFO] - 0 hidden object(s)

2024-10-03 17:48:36 - [MESSAGE][PASSED] - Taking screenshot successfully
[[ATTACHMENT|C:\\CIEL INGENIERIA\\Katalon\\Digiturno55\\Reports\\20241003_171202\\DIGITURNO\\BASICO\\42 Prioridades Crear Eliminar\\20241003_171300\\1727995715560.png]]

2024-10-03 17:48:36 - [TEST_STEP][PASSED] - delay(3): Delayed 3 second(s)

2024-10-03 17:48:39 - [MESSAGE][PASSED] - Delayed 3 second(s)

2024-10-03 17:48:39 - [MESSAGE][PASSED] - Call Test Case 'Test Cases/DIGITURNO/BASICO/39 Modelo de atencion' successfully

2024-10-03 17:48:39 - [TEST_STEP][PASSED] - click(findTestObject("DIGITURNO/CONFIGURACION/1Modelo de Atencion/0Principal/img_3Prioridades")): Object: 'Object Repository/DIGITURNO/CONFIGURACION/1Modelo de Atencion/0Principal/img_3Prioridades' is clicked on

2024-10-03 17:48:39 - [MESSAGE][PASSED] - Object: 'Object Repository/DIGITURNO/CONFIGURACION/1Modelo de Atencion/0Principal/img_3Prioridades' is clicked on

2024-10-03 17:48:39 - [TEST_STEP][PASSED] - delay(3): Delayed 3 second(s)

2024-10-03 17:48:42 - [MESSAGE][PASSED] - Delayed 3 second(s)

2024-10-03 17:48:42 - [TEST_STEP][PASSED] - click(findTestObject("DIGITURNO/CONFIGURACION/1Modelo de Atencion/3Prioridades/Prioridad por sala por jornada/a_selectOficina (click)")): Object: 'Object Repository/DIGITURNO/CONFIGURACION/1Modelo de Atencion/3Prioridades/Prioridad por sala por jornada/a_selectOficina (click)' is clicked on

2024-10-03 17:48:43 - [MESSAGE][PASSED] - Object: 'Object Repository/DIGITURNO/CONFIGURACION/1Modelo de Atencion/3Prioridades/Prioridad por sala por jornada/a_selectOficina (click)' is clicked on

2024-10-03 17:48:43 - [TEST_STEP][PASSED] - delay(2): Delayed 2 second(s)

2024-10-03 17:48:45 - [MESSAGE][PASSED] - Delayed 2 second(s)

2024-10-03 17:48:45 - [TEST_STEP][PASSED] - click(findTestObject("DIGITURNO/CONFIGURACION/1Modelo de Atencion/3Prioridades/Prioridad por sala por jornada/li_1Bogota - CIEL")): Object: 'Object Repository/DIGITURNO/CONFIGURACION/1Modelo de Atencion/3Prioridades/Prioridad por sala por jornada/li_1Bogota - CIEL' is clicked on

2024-10-03 17:48:45 - [MESSAGE][PASSED] - Object: 'Object Repository/DIGITURNO/CONFIGURACION/1Modelo de Atencion/3Prioridades/Prioridad por sala por jornada/li_1Bogota - CIEL' is clicked on

2024-10-03 17:48:45 - [TEST_STEP][PASSED] - delay(2): Delayed 2 second(s)

2024-10-03 17:48:47 - [MESSAGE][PASSED] - Delayed 2 second(s)

2024-10-03 17:48:47 - [TEST_STEP][PASSED] - click(findTestObject("DIGITURNO/CONFIGURACION/1Modelo de Atencion/3Prioridades/Prioridad por sala por jornada/Jornadas/td_1 Bogota - CIEL Jornada 1 Ter 1")): Object: 'Object Repository/DIGITURNO/CONFIGURACION/1Modelo de Atencion/3Prioridades/Prioridad por sala por jornada/Jornadas/td_1 Bogota - CIEL Jornada 1 Ter 1' is clicked on

2024-10-03 17:48:47 - [MESSAGE][PASSED] - Object: 'Object Repository/DIGITURNO/CONFIGURACION/1Modelo de Atencion/3Prioridades/Prioridad por sala por jornada/Jornadas/td_1 Bogota - CIEL Jornada 1 Ter 1' is clicked on

2024-10-03 17:48:47 - [TEST_STEP][PASSED] - delay(2): Delayed 2 second(s)

2024-10-03 17:48:49 - [MESSAGE][PASSED] - Delayed 2 second(s)

2024-10-03 17:48:49 - [TEST_STEP][PASSED] - click(findTestObject("DIGITURNO/CONFIGURACION/1Modelo de Atencion/3Prioridades/Prioridad por sala por jornada/img_Eliminar")): Object: 'Object Repository/DIGITURNO/CONFIGURACION/1Modelo de Atencion/3Prioridades/Prioridad por sala por jornada/img_Eliminar' is clicked on

2024-10-03 17:48:50 - [MESSAGE][PASSED] - Object: 'Object Repository/DIGITURNO/CONFIGURACION/1Modelo de Atencion/3Prioridades/Prioridad por sala por jornada/img_Eliminar' is clicked on

2024-10-03 17:48:50 - [TEST_STEP][PASSED] - click(findTestObject("DIGITURNO/CONFIGURACION/1Modelo de Atencion/3Prioridades/Prioridad por sala por jornada/img_Eliminar")): Object: 'Object Repository/DIGITURNO/CONFIGURACION/1Modelo de Atencion/3Prioridades/Prioridad por sala por jornada/img_Eliminar' is clicked on

2024-10-03 17:48:50 - [MESSAGE][PASSED] - Object: 'Object Repository/DIGITURNO/CONFIGURACION/1Modelo de Atencion/3Prioridades/Prioridad por sala por jornada/img_Eliminar' is clicked on

2024-10-03 17:48:50 - [TEST_STEP][PASSED] - acceptAlert(): Alert accepted

2024-10-03 17:48:50 - [MESSAGE][PASSED] - Alert accepted

2024-10-03 17:48:50 - [TEST_STEP][PASSED] - delay(3): Delayed 3 second(s)

2024-10-03 17:48:53 - [MESSAGE][PASSED] - Delayed 3 second(s)

2024-10-03 17:48:53 - [TEST_STEP][PASSED] - takeFullPageScreenshot(): Taking screenshot successfully

2024-10-03 17:48:53 - [MESSAGE][INFO] - 0 hidden object(s)

2024-10-03 17:48:54 - [MESSAGE][PASSED] - Taking screenshot successfully
[[ATTACHMENT|C:\\CIEL INGENIERIA\\Katalon\\Digiturno55\\Reports\\20241003_171202\\DIGITURNO\\BASICO\\42 Prioridades Crear Eliminar\\20241003_171300\\1727995733562.png]]

2024-10-03 17:48:54 - [TEST_STEP][PASSED] - delay(3): Delayed 3 second(s)

2024-10-03 17:48:57 - [MESSAGE][PASSED] - Delayed 3 second(s)

2024-10-03 17:48:57 - [TEST_STEP][PASSED] - Start listener action : sampleAfterTestCase: null]]></system-out>
         <system-err><![CDATA[]]></system-err>
      </testcase>
      <system-out><![CDATA[2024-10-03 17:47:29 - [TEST_SUITE][PASSED] - 42 Prioridades Crear Eliminar: Test Cases/DIGITURNO/BASICO/42 Prioridades Eliminar]]></system-out>
      <system-err><![CDATA[]]></system-err>
   </testsuite>
</testsuites>
