<?xml version="1.0" encoding="UTF-8"?>
<testsuites name="4.1 Crear Elemento Geografico Pais" time="30.976" tests="1" failures="0" errors="0">
   <testsuite name="4.1 Crear Elemento Geografico Pais" tests="1" failures="0" errors="0" time="30.976" skipped="0" timestamp="2024-01-15 09:38:21" hostname="jdavila - PCPruebas101.ciel.cielingenieria.com" id="Test Suites/WIZARD/2Estructura Geografica/4.1 Crear Elemento Geografico Pais">
      <properties>
         <property name="deviceName" value=""/>
         <property name="devicePlatform" value=""/>
         <property name="logFolder" value="C:\\CIEL INGENIERIA\\Katalon\\Digiturno55\\Reports\\20240115_093711\\WIZARD\\2Estructura Geografica\\4.1 Crear Elemento Geografico Pais\\20240115_093714"/>
         <property name="logFiles" value="C:\\CIEL INGENIERIA\\Katalon\\Digiturno55\\Reports\\20240115_093711\\WIZARD\\2Estructura Geografica\\4.1 Crear Elemento Geografico Pais\\20240115_093714\\execution0.log"/>
         <property name="attachments" value="C:\\CIEL INGENIERIA\\Katalon\\Digiturno55\\Reports\\20240115_093711\\WIZARD\\2Estructura Geografica\\4.1 Crear Elemento Geografico Pais\\20240115_093714\\1705329528533.png"/>
         <property name="hostName" value="jdavila - PCPruebas101.ciel.cielingenieria.com"/>
         <property name="os" value="Windows 10 64bit"/>
         <property name="katalonVersion" value="8.6.8.208"/>
         <property name="browser" value="Chrome 120.0.0.0"/>
         <property name="hostAddress" value="192.168.0.9"/>
         <property name="sessionId" value="65cf1f8dd28ec9725adeb7c2760d7ebf"/>
         <property name="seleniumVersion" value="3.141.59"/>
         <property name="proxyInformation" value="ProxyInformation { proxyOption=NO_PROXY, proxyServerType=HTTP, username=, password=********, proxyServerAddress=, proxyServerPort=0, executionList=&quot;&quot;, isApplyToDesiredCapabilities=true }"/>
         <property name="platform" value="Windows 10"/>
      </properties>
      <testcase name="Test Cases/WIZARD/2Estructura Geografica/4.1 Crear Elemento Geografico Pais" time="30.741" classname="Test Cases/WIZARD/2Estructura Geografica/4.1 Crear Elemento Geografico Pais" status="PASSED">
         <system-out><![CDATA[2024-01-15 09:38:21 - [TEST_CASE][PASSED] - Test Cases/WIZARD/2Estructura Geografica/4.1 Crear Elemento Geografico Pais: Test Cases/WIZARD/2Estructura Geografica/4.1 Crear Elemento Geografico Pais

2024-01-15 09:38:21 - [TEST_STEP][PASSED] - callTestCase(findTestCase("0InicioSesion"), [:], STOP_ON_FAILURE): Call Test Case 'Test Cases/0InicioSesion' successfully

2024-01-15 09:38:22 - [TEST_CASE][PASSED] - Test Cases/0InicioSesion: Test Cases/0InicioSesion

2024-01-15 09:38:22 - [TEST_STEP][PASSED] - openBrowser(UrlDigiturno): Browser is opened with url: 'https://PCPruebas101.ciel.cielingenieria.com:8610'

2024-01-15 09:38:22 - [MESSAGE][INFO] - Starting 'Chrome' driver

2024-01-15 09:38:22 - [MESSAGE][INFO] - User set preference: ['args', '[--use-fake-ui-for-media-stream, --disable-notifications]']

2024-01-15 09:38:22 - [MESSAGE][INFO] - Action delay is set to 0 milliseconds

2024-01-15 09:38:25 - [MESSAGE][PASSED] - Browser is opened with url: 'https://PCPruebas101.ciel.cielingenieria.com:8610'

2024-01-15 09:38:25 - [TEST_STEP][PASSED] - maximizeWindow(): Current window maximized

2024-01-15 09:38:25 - [MESSAGE][PASSED] - Current window maximized

2024-01-15 09:38:25 - [TEST_STEP][PASSED] - delay(3): Delayed 3 second(s)

2024-01-15 09:38:28 - [MESSAGE][PASSED] - Delayed 3 second(s)

2024-01-15 09:38:28 - [TEST_STEP][PASSED] - setText(findTestObject("0Inicio Sesion/input_Usuario"), "Ciel"): Text 'Ciel' is set on object 'Object Repository/0Inicio Sesion/input_Usuario'

2024-01-15 09:38:29 - [MESSAGE][PASSED] - Text 'Ciel' is set on object 'Object Repository/0Inicio Sesion/input_Usuario'

2024-01-15 09:38:29 - [TEST_STEP][PASSED] - setText(findTestObject("0Inicio Sesion/input_Clave"), "digiturno"): Text 'digiturno' is set on object 'Object Repository/0Inicio Sesion/input_Clave'

2024-01-15 09:38:29 - [MESSAGE][PASSED] - Text 'digiturno' is set on object 'Object Repository/0Inicio Sesion/input_Clave'

2024-01-15 09:38:29 - [TEST_STEP][PASSED] - click(findTestObject("0Inicio Sesion/btn_IniciarSesion")): Object: 'Object Repository/0Inicio Sesion/btn_IniciarSesion' is clicked on

2024-01-15 09:38:30 - [MESSAGE][PASSED] - Object: 'Object Repository/0Inicio Sesion/btn_IniciarSesion' is clicked on

2024-01-15 09:38:30 - [TEST_STEP][PASSED] - delay(3): Delayed 3 second(s)

2024-01-15 09:38:33 - [MESSAGE][PASSED] - Delayed 3 second(s)

2024-01-15 09:38:33 - [MESSAGE][PASSED] - Call Test Case 'Test Cases/0InicioSesion' successfully

2024-01-15 09:38:33 - [TEST_STEP][PASSED] - click(findTestObject("WIZARD/0Principal/img_EstructuraGeograficaMAX")): Object: 'Object Repository/WIZARD/0Principal/img_EstructuraGeograficaMAX' is clicked on

2024-01-15 09:38:34 - [MESSAGE][PASSED] - Object: 'Object Repository/WIZARD/0Principal/img_EstructuraGeograficaMAX' is clicked on

2024-01-15 09:38:34 - [TEST_STEP][PASSED] - delay(3): Delayed 3 second(s)

2024-01-15 09:38:37 - [MESSAGE][PASSED] - Delayed 3 second(s)

2024-01-15 09:38:37 - [TEST_STEP][PASSED] - click(findTestObject("WIZARD/2Estructura Geografica/0Arbol Geografico/span_Elementos geograficos")): Object: 'Object Repository/WIZARD/2Estructura Geografica/0Arbol Geografico/span_Elementos geograficos' is clicked on

2024-01-15 09:38:37 - [MESSAGE][PASSED] - Object: 'Object Repository/WIZARD/2Estructura Geografica/0Arbol Geografico/span_Elementos geograficos' is clicked on

2024-01-15 09:38:37 - [TEST_STEP][PASSED] - delay(3): Delayed 3 second(s)

2024-01-15 09:38:40 - [MESSAGE][PASSED] - Delayed 3 second(s)

2024-01-15 09:38:40 - [TEST_STEP][PASSED] - click(findTestObject("WIZARD/2Estructura Geografica/2Elementos Geograficos/Niveles Geograficos/option_Pais")): Object: 'Object Repository/WIZARD/2Estructura Geografica/2Elementos Geograficos/Niveles Geograficos/option_Pais' is clicked on

2024-01-15 09:38:41 - [MESSAGE][PASSED] - Object: 'Object Repository/WIZARD/2Estructura Geografica/2Elementos Geograficos/Niveles Geograficos/option_Pais' is clicked on

2024-01-15 09:38:41 - [TEST_STEP][PASSED] - delay(3): Delayed 3 second(s)

2024-01-15 09:38:44 - [MESSAGE][PASSED] - Delayed 3 second(s)

2024-01-15 09:38:44 - [TEST_STEP][PASSED] - setText(findTestObject("WIZARD/2Estructura Geografica/2Elementos Geograficos/Edicion Elemento Geografico/input_Nombre elemento"), "Colombia"): Text 'Colombia' is set on object 'Object Repository/WIZARD/2Estructura Geografica/2Elementos Geograficos/Edicion Elemento Geografico/input_Nombre elemento'

2024-01-15 09:38:45 - [MESSAGE][PASSED] - Text 'Colombia' is set on object 'Object Repository/WIZARD/2Estructura Geografica/2Elementos Geograficos/Edicion Elemento Geografico/input_Nombre elemento'

2024-01-15 09:38:45 - [TEST_STEP][PASSED] - click(findTestObject("WIZARD/2Estructura Geografica/2Elementos Geograficos/Edicion Elemento Geografico/btn_Nuevo")): Object: 'Object Repository/WIZARD/2Estructura Geografica/2Elementos Geograficos/Edicion Elemento Geografico/btn_Nuevo' is clicked on

2024-01-15 09:38:45 - [MESSAGE][PASSED] - Object: 'Object Repository/WIZARD/2Estructura Geografica/2Elementos Geograficos/Edicion Elemento Geografico/btn_Nuevo' is clicked on

2024-01-15 09:38:45 - [TEST_STEP][PASSED] - delay(3): Delayed 3 second(s)

2024-01-15 09:38:48 - [MESSAGE][PASSED] - Delayed 3 second(s)

2024-01-15 09:38:48 - [TEST_STEP][PASSED] - takeFullPageScreenshot(): Taking screenshot successfully

2024-01-15 09:38:49 - [MESSAGE][INFO] - 0 hidden object(s)

2024-01-15 09:38:49 - [MESSAGE][PASSED] - Taking screenshot successfully
[[ATTACHMENT|C:\\CIEL INGENIERIA\\Katalon\\Digiturno55\\Reports\\20240115_093711\\WIZARD\\2Estructura Geografica\\4.1 Crear Elemento Geografico Pais\\20240115_093714\\1705329528533.png]]

2024-01-15 09:38:49 - [TEST_STEP][PASSED] - delay(3): Delayed 3 second(s)

2024-01-15 09:38:52 - [MESSAGE][PASSED] - Delayed 3 second(s)

2024-01-15 09:38:52 - [TEST_STEP][PASSED] - Start listener action : sampleAfterTestCase: null]]></system-out>
         <system-err><![CDATA[]]></system-err>
      </testcase>
      <system-out><![CDATA[2024-01-15 09:38:21 - [TEST_SUITE][PASSED] - 4.1 Crear Elemento Geografico Pais: Test Cases/WIZARD/2Estructura Geografica/4.1 Crear Elemento Geografico Pais]]></system-out>
      <system-err><![CDATA[]]></system-err>
   </testsuite>
</testsuites>
