<?xml version="1.0" encoding="UTF-8"?>
<testsuites name="38 Selectores Crear Actualizar Eliminar" time="153.688" tests="3" failures="0" errors="0">
   <testsuite name="38 Selectores Crear Actualizar Eliminar" tests="3" failures="0" errors="0" time="153.688" skipped="0" timestamp="2024-10-03 18:22:52" hostname="jdavila - PCPruebas101.ciel.cielingenieria.com" id="Test Suites/DIGITURNO/BASICO/38 Selectores Crear Actualizar Eliminar">
      <properties>
         <property name="deviceName" value=""/>
         <property name="devicePlatform" value=""/>
         <property name="logFolder" value="C:\\CIEL INGENIERIA\\Katalon\\Digiturno55\\Reports\\20241003_182246\\DIGITURNO\\BASICO\\38 Selectores Crear Actualizar Eliminar\\20241003_182246"/>
         <property name="logFiles" value="C:\\CIEL INGENIERIA\\Katalon\\Digiturno55\\Reports\\20241003_182246\\DIGITURNO\\BASICO\\38 Selectores Crear Actualizar Eliminar\\20241003_182246\\execution0.log"/>
         <property name="attachments" value="C:\\CIEL INGENIERIA\\Katalon\\Digiturno55\\Reports\\20241003_182246\\DIGITURNO\\BASICO\\38 Selectores Crear Actualizar Eliminar\\20241003_182246\\1727997788864.png, C:\\CIEL INGENIERIA\\Katalon\\Digiturno55\\Reports\\20241003_182246\\DIGITURNO\\BASICO\\38 Selectores Crear Actualizar Eliminar\\20241003_182246\\1727997796004.png, C:\\CIEL INGENIERIA\\Katalon\\Digiturno55\\Reports\\20241003_182246\\DIGITURNO\\BASICO\\38 Selectores Crear Actualizar Eliminar\\20241003_182246\\1727997820869.png, C:\\CIEL INGENIERIA\\Katalon\\Digiturno55\\Reports\\20241003_182246\\DIGITURNO\\BASICO\\38 Selectores Crear Actualizar Eliminar\\20241003_182246\\1727997839810.png, C:\\CIEL INGENIERIA\\Katalon\\Digiturno55\\Reports\\20241003_182246\\DIGITURNO\\BASICO\\38 Selectores Crear Actualizar Eliminar\\20241003_182246\\1727997846852.png, C:\\CIEL INGENIERIA\\Katalon\\Digiturno55\\Reports\\20241003_182246\\DIGITURNO\\BASICO\\38 Selectores Crear Actualizar Eliminar\\20241003_182246\\1727997866160.png, C:\\CIEL INGENIERIA\\Katalon\\Digiturno55\\Reports\\20241003_182246\\DIGITURNO\\BASICO\\38 Selectores Crear Actualizar Eliminar\\20241003_182246\\1727997885280.png, C:\\CIEL INGENIERIA\\Katalon\\Digiturno55\\Reports\\20241003_182246\\DIGITURNO\\BASICO\\38 Selectores Crear Actualizar Eliminar\\20241003_182246\\1727997892305.png, C:\\CIEL INGENIERIA\\Katalon\\Digiturno55\\Reports\\20241003_182246\\DIGITURNO\\BASICO\\38 Selectores Crear Actualizar Eliminar\\20241003_182246\\1727997922138.png"/>
         <property name="hostName" value="jdavila - PCPruebas101.ciel.cielingenieria.com"/>
         <property name="os" value="Windows 10 64bit"/>
         <property name="katalonVersion" value="8.6.9.208"/>
         <property name="browser" value="Chrome 129.0.0.0"/>
         <property name="hostAddress" value="192.168.91.13"/>
         <property name="sessionId" value="13e8546388be1a38046a005f61f3b5c9"/>
         <property name="seleniumVersion" value="3.141.59"/>
         <property name="proxyInformation" value="ProxyInformation { proxyOption=NO_PROXY, proxyServerType=HTTP, username=, password=********, proxyServerAddress=, proxyServerPort=0, executionList=&quot;&quot;, isApplyToDesiredCapabilities=true }"/>
         <property name="platform" value="Windows 10"/>
      </properties>
      <testcase name="Test Cases/DIGITURNO/BASICO/38 Selectores Crear" time="52.156" classname="Test Cases/DIGITURNO/BASICO/38 Selectores Crear" status="PASSED">
         <system-out><![CDATA[2024-10-03 18:22:52 - [TEST_CASE][PASSED] - Test Cases/DIGITURNO/BASICO/38 Selectores Crear: Test Cases/DIGITURNO/BASICO/38 Selectores Crear

2024-10-03 18:22:52 - [TEST_STEP][PASSED] - callTestCase(findTestCase("DIGITURNO/BASICO/32 Elementos del Sistema"), [:], STOP_ON_FAILURE): Call Test Case 'Test Cases/DIGITURNO/BASICO/32 Elementos del Sistema' successfully

2024-10-03 18:22:52 - [TEST_CASE][PASSED] - Test Cases/DIGITURNO/BASICO/32 Elementos del Sistema: Test Cases/DIGITURNO/BASICO/32 Elementos del Sistema

2024-10-03 18:22:53 - [TEST_STEP][PASSED] - callTestCase(findTestCase("DIGITURNO/BASICO/3 Configuracion"), [:], STOP_ON_FAILURE): Call Test Case 'Test Cases/DIGITURNO/BASICO/3 Configuracion' successfully

2024-10-03 18:22:53 - [TEST_CASE][PASSED] - Test Cases/DIGITURNO/BASICO/3 Configuracion: Test Cases/DIGITURNO/BASICO/3 Configuracion

2024-10-03 18:22:53 - [TEST_STEP][PASSED] - callTestCase(findTestCase("0InicioSesion"), [:], STOP_ON_FAILURE): Call Test Case 'Test Cases/0InicioSesion' successfully

2024-10-03 18:22:53 - [TEST_CASE][PASSED] - Test Cases/0InicioSesion: Test Cases/0InicioSesion

2024-10-03 18:22:53 - [TEST_STEP][PASSED] - openBrowser(UrlDigiturno): Browser is opened with url: 'https://PCPruebas101.ciel.cielingenieria.com:8910'

2024-10-03 18:22:54 - [MESSAGE][INFO] - Starting 'Chrome' driver

2024-10-03 18:22:54 - [MESSAGE][INFO] - User set preference: ['args', '[--use-fake-ui-for-media-stream, --disable-notifications]']

2024-10-03 18:22:54 - [MESSAGE][INFO] - Action delay is set to 0 milliseconds

2024-10-03 18:22:57 - [MESSAGE][PASSED] - Browser is opened with url: 'https://PCPruebas101.ciel.cielingenieria.com:8910'

2024-10-03 18:22:57 - [TEST_STEP][PASSED] - maximizeWindow(): Current window maximized

2024-10-03 18:22:57 - [MESSAGE][PASSED] - Current window maximized

2024-10-03 18:22:57 - [TEST_STEP][PASSED] - delay(3): Delayed 3 second(s)

2024-10-03 18:23:00 - [MESSAGE][PASSED] - Delayed 3 second(s)

2024-10-03 18:23:00 - [TEST_STEP][PASSED] - setText(findTestObject("0Inicio Sesion/input_Usuario"), "Ciel"): Text 'Ciel' is set on object 'Object Repository/0Inicio Sesion/input_Usuario'

2024-10-03 18:23:01 - [MESSAGE][PASSED] - Text 'Ciel' is set on object 'Object Repository/0Inicio Sesion/input_Usuario'

2024-10-03 18:23:01 - [TEST_STEP][PASSED] - setText(findTestObject("0Inicio Sesion/input_Clave"), "digiturno"): Text 'digiturno' is set on object 'Object Repository/0Inicio Sesion/input_Clave'

2024-10-03 18:23:01 - [MESSAGE][PASSED] - Text 'digiturno' is set on object 'Object Repository/0Inicio Sesion/input_Clave'

2024-10-03 18:23:01 - [TEST_STEP][PASSED] - click(findTestObject("0Inicio Sesion/btn_IniciarSesion")): Object: 'Object Repository/0Inicio Sesion/btn_IniciarSesion' is clicked on

2024-10-03 18:23:02 - [MESSAGE][PASSED] - Object: 'Object Repository/0Inicio Sesion/btn_IniciarSesion' is clicked on

2024-10-03 18:23:02 - [TEST_STEP][PASSED] - delay(3): Delayed 3 second(s)

2024-10-03 18:23:05 - [MESSAGE][PASSED] - Delayed 3 second(s)

2024-10-03 18:23:05 - [MESSAGE][PASSED] - Call Test Case 'Test Cases/0InicioSesion' successfully

2024-10-03 18:23:05 - [TEST_STEP][PASSED] - click(findTestObject("DIGITURNO/1Principal/img_Configuracion(1)")): Object: 'Object Repository/DIGITURNO/1Principal/img_Configuracion(1)' is clicked on

2024-10-03 18:23:05 - [MESSAGE][PASSED] - Object: 'Object Repository/DIGITURNO/1Principal/img_Configuracion(1)' is clicked on

2024-10-03 18:23:05 - [TEST_STEP][PASSED] - delay(3): Delayed 3 second(s)

2024-10-03 18:23:08 - [MESSAGE][PASSED] - Delayed 3 second(s)

2024-10-03 18:23:08 - [TEST_STEP][PASSED] - takeFullPageScreenshot(): Taking screenshot successfully

2024-10-03 18:23:09 - [MESSAGE][INFO] - 0 hidden object(s)

2024-10-03 18:23:09 - [MESSAGE][PASSED] - Taking screenshot successfully
[[ATTACHMENT|C:\\CIEL INGENIERIA\\Katalon\\Digiturno55\\Reports\\20241003_182246\\DIGITURNO\\BASICO\\38 Selectores Crear Actualizar Eliminar\\20241003_182246\\1727997788864.png]]

2024-10-03 18:23:09 - [TEST_STEP][PASSED] - delay(3): Delayed 3 second(s)

2024-10-03 18:23:12 - [MESSAGE][PASSED] - Delayed 3 second(s)

2024-10-03 18:23:12 - [MESSAGE][PASSED] - Call Test Case 'Test Cases/DIGITURNO/BASICO/3 Configuracion' successfully

2024-10-03 18:23:12 - [TEST_STEP][PASSED] - click(findTestObject("DIGITURNO/CONFIGURACION/0Principal/img_6Elementos del sistema")): Object: 'Object Repository/DIGITURNO/CONFIGURACION/0Principal/img_6Elementos del sistema' is clicked on

2024-10-03 18:23:12 - [MESSAGE][PASSED] - Object: 'Object Repository/DIGITURNO/CONFIGURACION/0Principal/img_6Elementos del sistema' is clicked on

2024-10-03 18:23:12 - [TEST_STEP][PASSED] - delay(3): Delayed 3 second(s)

2024-10-03 18:23:16 - [MESSAGE][PASSED] - Delayed 3 second(s)

2024-10-03 18:23:16 - [TEST_STEP][PASSED] - takeFullPageScreenshot(): Taking screenshot successfully

2024-10-03 18:23:16 - [MESSAGE][INFO] - 0 hidden object(s)

2024-10-03 18:23:16 - [MESSAGE][PASSED] - Taking screenshot successfully
[[ATTACHMENT|C:\\CIEL INGENIERIA\\Katalon\\Digiturno55\\Reports\\20241003_182246\\DIGITURNO\\BASICO\\38 Selectores Crear Actualizar Eliminar\\20241003_182246\\1727997796004.png]]

2024-10-03 18:23:16 - [TEST_STEP][PASSED] - delay(3): Delayed 3 second(s)

2024-10-03 18:23:19 - [MESSAGE][PASSED] - Delayed 3 second(s)

2024-10-03 18:23:19 - [MESSAGE][PASSED] - Call Test Case 'Test Cases/DIGITURNO/BASICO/32 Elementos del Sistema' successfully

2024-10-03 18:23:19 - [TEST_STEP][PASSED] - click(findTestObject("DIGITURNO/CONFIGURACION/6Elementos del Sistema/0Principal/img_1Selectores")): Object: 'Object Repository/DIGITURNO/CONFIGURACION/6Elementos del Sistema/0Principal/img_1Selectores' is clicked on

2024-10-03 18:23:20 - [MESSAGE][PASSED] - Object: 'Object Repository/DIGITURNO/CONFIGURACION/6Elementos del Sistema/0Principal/img_1Selectores' is clicked on

2024-10-03 18:23:20 - [TEST_STEP][PASSED] - click(findTestObject("DIGITURNO/CONFIGURACION/6Elementos del Sistema/1 Selectores/0Oficina Modal/td_1Bogota - CIEL")): Object: 'Object Repository/DIGITURNO/CONFIGURACION/6Elementos del Sistema/1 Selectores/0Oficina Modal/td_1Bogota - CIEL' is clicked on

2024-10-03 18:23:20 - [MESSAGE][PASSED] - Object: 'Object Repository/DIGITURNO/CONFIGURACION/6Elementos del Sistema/1 Selectores/0Oficina Modal/td_1Bogota - CIEL' is clicked on

2024-10-03 18:23:20 - [TEST_STEP][PASSED] - scrollToElement(findTestObject("DIGITURNO/CONFIGURACION/6Elementos del Sistema/1 Selectores/Configuracion/span_Edicion(1)/Infomacion General/btn_SelecccionarOficina"), 2): Scroll to object 'Object Repository/DIGITURNO/CONFIGURACION/6Elementos del Sistema/1 Selectores/Configuracion/span_Edicion(1)/Infomacion General/btn_SelecccionarOficina' successfully

2024-10-03 18:23:21 - [MESSAGE][PASSED] - Scroll to object 'Object Repository/DIGITURNO/CONFIGURACION/6Elementos del Sistema/1 Selectores/Configuracion/span_Edicion(1)/Infomacion General/btn_SelecccionarOficina' successfully

2024-10-03 18:23:21 - [TEST_STEP][PASSED] - click(findTestObject("DIGITURNO/CONFIGURACION/6Elementos del Sistema/1 Selectores/Configuracion/span_Edicion(1)/Infomacion General/btn_SelecccionarOficina"), STOP_ON_FAILURE): Object: 'Object Repository/DIGITURNO/CONFIGURACION/6Elementos del Sistema/1 Selectores/Configuracion/span_Edicion(1)/Infomacion General/btn_SelecccionarOficina' is clicked on

2024-10-03 18:23:21 - [MESSAGE][PASSED] - Object: 'Object Repository/DIGITURNO/CONFIGURACION/6Elementos del Sistema/1 Selectores/Configuracion/span_Edicion(1)/Infomacion General/btn_SelecccionarOficina' is clicked on

2024-10-03 18:23:21 - [TEST_STEP][PASSED] - click(findTestObject("DIGITURNO/CONFIGURACION/6Elementos del Sistema/1 Selectores/Configuracion/span_Edicion(1)/Infomacion General/btn_SeleccionarOficina(1)/td_Bogota - CIEL")): Object: 'Object Repository/DIGITURNO/CONFIGURACION/6Elementos del Sistema/1 Selectores/Configuracion/span_Edicion(1)/Infomacion General/btn_SeleccionarOficina(1)/td_Bogota - CIEL' is clicked on

2024-10-03 18:23:22 - [MESSAGE][PASSED] - Object: 'Object Repository/DIGITURNO/CONFIGURACION/6Elementos del Sistema/1 Selectores/Configuracion/span_Edicion(1)/Infomacion General/btn_SeleccionarOficina(1)/td_Bogota - CIEL' is clicked on

2024-10-03 18:23:22 - [TEST_STEP][PASSED] - scrollToElement(findTestObject("DIGITURNO/CONFIGURACION/6Elementos del Sistema/1 Selectores/Configuracion/span_Edicion(1)/Infomacion General/input_Nombre"), 2): Scroll to object 'Object Repository/DIGITURNO/CONFIGURACION/6Elementos del Sistema/1 Selectores/Configuracion/span_Edicion(1)/Infomacion General/input_Nombre' successfully

2024-10-03 18:23:23 - [MESSAGE][PASSED] - Scroll to object 'Object Repository/DIGITURNO/CONFIGURACION/6Elementos del Sistema/1 Selectores/Configuracion/span_Edicion(1)/Infomacion General/input_Nombre' successfully

2024-10-03 18:23:23 - [TEST_STEP][PASSED] - setText(findTestObject("DIGITURNO/CONFIGURACION/6Elementos del Sistema/1 Selectores/Configuracion/span_Edicion(1)/Infomacion General/input_Nombre"), "Prueba"): Text 'Prueba' is set on object 'Object Repository/DIGITURNO/CONFIGURACION/6Elementos del Sistema/1 Selectores/Configuracion/span_Edicion(1)/Infomacion General/input_Nombre'

2024-10-03 18:23:24 - [MESSAGE][PASSED] - Text 'Prueba' is set on object 'Object Repository/DIGITURNO/CONFIGURACION/6Elementos del Sistema/1 Selectores/Configuracion/span_Edicion(1)/Infomacion General/input_Nombre'

2024-10-03 18:23:24 - [TEST_STEP][PASSED] - setText(findTestObject("DIGITURNO/CONFIGURACION/6Elementos del Sistema/1 Selectores/Configuracion/span_Edicion(1)/Infomacion General/textarea_Descripcion"), "Prueba"): Text 'Prueba' is set on object 'Object Repository/DIGITURNO/CONFIGURACION/6Elementos del Sistema/1 Selectores/Configuracion/span_Edicion(1)/Infomacion General/textarea_Descripcion'

2024-10-03 18:23:24 - [MESSAGE][PASSED] - Text 'Prueba' is set on object 'Object Repository/DIGITURNO/CONFIGURACION/6Elementos del Sistema/1 Selectores/Configuracion/span_Edicion(1)/Infomacion General/textarea_Descripcion'

2024-10-03 18:23:24 - [TEST_STEP][PASSED] - click(findTestObject("DIGITURNO/CONFIGURACION/6Elementos del Sistema/1 Selectores/Configuracion/span_Edicion(1)/Infomacion General/img_Nuevo")): Object: 'Object Repository/DIGITURNO/CONFIGURACION/6Elementos del Sistema/1 Selectores/Configuracion/span_Edicion(1)/Infomacion General/img_Nuevo' is clicked on

2024-10-03 18:23:37 - [MESSAGE][PASSED] - Object: 'Object Repository/DIGITURNO/CONFIGURACION/6Elementos del Sistema/1 Selectores/Configuracion/span_Edicion(1)/Infomacion General/img_Nuevo' is clicked on

2024-10-03 18:23:37 - [TEST_STEP][PASSED] - delay(3): Delayed 3 second(s)

2024-10-03 18:23:40 - [MESSAGE][PASSED] - Delayed 3 second(s)

2024-10-03 18:23:40 - [TEST_STEP][PASSED] - takeFullPageScreenshot(): Taking screenshot successfully

2024-10-03 18:23:41 - [MESSAGE][INFO] - 0 hidden object(s)

2024-10-03 18:23:41 - [MESSAGE][PASSED] - Taking screenshot successfully
[[ATTACHMENT|C:\\CIEL INGENIERIA\\Katalon\\Digiturno55\\Reports\\20241003_182246\\DIGITURNO\\BASICO\\38 Selectores Crear Actualizar Eliminar\\20241003_182246\\1727997820869.png]]

2024-10-03 18:23:41 - [TEST_STEP][PASSED] - delay(3): Delayed 3 second(s)

2024-10-03 18:23:44 - [MESSAGE][PASSED] - Delayed 3 second(s)

2024-10-03 18:23:44 - [TEST_STEP][PASSED] - Start listener action : sampleAfterTestCase: null]]></system-out>
         <system-err><![CDATA[]]></system-err>
      </testcase>
      <testcase name="Test Cases/DIGITURNO/BASICO/38 Selectores Actualizar" time="45.301" classname="Test Cases/DIGITURNO/BASICO/38 Selectores Actualizar" status="PASSED">
         <system-out><![CDATA[2024-10-03 18:23:44 - [TEST_CASE][PASSED] - Test Cases/DIGITURNO/BASICO/38 Selectores Actualizar: Test Cases/DIGITURNO/BASICO/38 Selectores Actualizar

2024-10-03 18:23:44 - [TEST_STEP][PASSED] - callTestCase(findTestCase("DIGITURNO/BASICO/32 Elementos del Sistema"), [:], STOP_ON_FAILURE): Call Test Case 'Test Cases/DIGITURNO/BASICO/32 Elementos del Sistema' successfully

2024-10-03 18:23:44 - [TEST_CASE][PASSED] - Test Cases/DIGITURNO/BASICO/32 Elementos del Sistema: Test Cases/DIGITURNO/BASICO/32 Elementos del Sistema

2024-10-03 18:23:45 - [TEST_STEP][PASSED] - callTestCase(findTestCase("DIGITURNO/BASICO/3 Configuracion"), [:], STOP_ON_FAILURE): Call Test Case 'Test Cases/DIGITURNO/BASICO/3 Configuracion' successfully

2024-10-03 18:23:45 - [TEST_CASE][PASSED] - Test Cases/DIGITURNO/BASICO/3 Configuracion: Test Cases/DIGITURNO/BASICO/3 Configuracion

2024-10-03 18:23:45 - [TEST_STEP][PASSED] - callTestCase(findTestCase("0InicioSesion"), [:], STOP_ON_FAILURE): Call Test Case 'Test Cases/0InicioSesion' successfully

2024-10-03 18:23:45 - [TEST_CASE][PASSED] - Test Cases/0InicioSesion: Test Cases/0InicioSesion

2024-10-03 18:23:45 - [TEST_STEP][PASSED] - openBrowser(UrlDigiturno): Browser is opened with url: 'https://PCPruebas101.ciel.cielingenieria.com:8910'

2024-10-03 18:23:45 - [MESSAGE][WARNING] - A browser is already opened. Closing browser and opening a new one

2024-10-03 18:23:45 - [MESSAGE][INFO] - Starting 'Chrome' driver

2024-10-03 18:23:45 - [MESSAGE][INFO] - User set preference: ['args', '[--use-fake-ui-for-media-stream, --disable-notifications]']

2024-10-03 18:23:45 - [MESSAGE][INFO] - Action delay is set to 0 milliseconds

2024-10-03 18:23:48 - [MESSAGE][PASSED] - Browser is opened with url: 'https://PCPruebas101.ciel.cielingenieria.com:8910'

2024-10-03 18:23:48 - [TEST_STEP][PASSED] - maximizeWindow(): Current window maximized

2024-10-03 18:23:48 - [MESSAGE][PASSED] - Current window maximized

2024-10-03 18:23:48 - [TEST_STEP][PASSED] - delay(3): Delayed 3 second(s)

2024-10-03 18:23:51 - [MESSAGE][PASSED] - Delayed 3 second(s)

2024-10-03 18:23:51 - [TEST_STEP][PASSED] - setText(findTestObject("0Inicio Sesion/input_Usuario"), "Ciel"): Text 'Ciel' is set on object 'Object Repository/0Inicio Sesion/input_Usuario'

2024-10-03 18:23:52 - [MESSAGE][PASSED] - Text 'Ciel' is set on object 'Object Repository/0Inicio Sesion/input_Usuario'

2024-10-03 18:23:52 - [TEST_STEP][PASSED] - setText(findTestObject("0Inicio Sesion/input_Clave"), "digiturno"): Text 'digiturno' is set on object 'Object Repository/0Inicio Sesion/input_Clave'

2024-10-03 18:23:52 - [MESSAGE][PASSED] - Text 'digiturno' is set on object 'Object Repository/0Inicio Sesion/input_Clave'

2024-10-03 18:23:52 - [TEST_STEP][PASSED] - click(findTestObject("0Inicio Sesion/btn_IniciarSesion")): Object: 'Object Repository/0Inicio Sesion/btn_IniciarSesion' is clicked on

2024-10-03 18:23:53 - [MESSAGE][PASSED] - Object: 'Object Repository/0Inicio Sesion/btn_IniciarSesion' is clicked on

2024-10-03 18:23:53 - [TEST_STEP][PASSED] - delay(3): Delayed 3 second(s)

2024-10-03 18:23:56 - [MESSAGE][PASSED] - Delayed 3 second(s)

2024-10-03 18:23:56 - [MESSAGE][PASSED] - Call Test Case 'Test Cases/0InicioSesion' successfully

2024-10-03 18:23:56 - [TEST_STEP][PASSED] - click(findTestObject("DIGITURNO/1Principal/img_Configuracion(1)")): Object: 'Object Repository/DIGITURNO/1Principal/img_Configuracion(1)' is clicked on

2024-10-03 18:23:56 - [MESSAGE][PASSED] - Object: 'Object Repository/DIGITURNO/1Principal/img_Configuracion(1)' is clicked on

2024-10-03 18:23:56 - [TEST_STEP][PASSED] - delay(3): Delayed 3 second(s)

2024-10-03 18:23:59 - [MESSAGE][PASSED] - Delayed 3 second(s)

2024-10-03 18:23:59 - [TEST_STEP][PASSED] - takeFullPageScreenshot(): Taking screenshot successfully

2024-10-03 18:24:00 - [MESSAGE][INFO] - 0 hidden object(s)

2024-10-03 18:24:00 - [MESSAGE][PASSED] - Taking screenshot successfully
[[ATTACHMENT|C:\\CIEL INGENIERIA\\Katalon\\Digiturno55\\Reports\\20241003_182246\\DIGITURNO\\BASICO\\38 Selectores Crear Actualizar Eliminar\\20241003_182246\\1727997839810.png]]

2024-10-03 18:24:00 - [TEST_STEP][PASSED] - delay(3): Delayed 3 second(s)

2024-10-03 18:24:03 - [MESSAGE][PASSED] - Delayed 3 second(s)

2024-10-03 18:24:03 - [MESSAGE][PASSED] - Call Test Case 'Test Cases/DIGITURNO/BASICO/3 Configuracion' successfully

2024-10-03 18:24:03 - [TEST_STEP][PASSED] - click(findTestObject("DIGITURNO/CONFIGURACION/0Principal/img_6Elementos del sistema")): Object: 'Object Repository/DIGITURNO/CONFIGURACION/0Principal/img_6Elementos del sistema' is clicked on

2024-10-03 18:24:03 - [MESSAGE][PASSED] - Object: 'Object Repository/DIGITURNO/CONFIGURACION/0Principal/img_6Elementos del sistema' is clicked on

2024-10-03 18:24:03 - [TEST_STEP][PASSED] - delay(3): Delayed 3 second(s)

2024-10-03 18:24:06 - [MESSAGE][PASSED] - Delayed 3 second(s)

2024-10-03 18:24:06 - [TEST_STEP][PASSED] - takeFullPageScreenshot(): Taking screenshot successfully

2024-10-03 18:24:07 - [MESSAGE][INFO] - 0 hidden object(s)

2024-10-03 18:24:07 - [MESSAGE][PASSED] - Taking screenshot successfully
[[ATTACHMENT|C:\\CIEL INGENIERIA\\Katalon\\Digiturno55\\Reports\\20241003_182246\\DIGITURNO\\BASICO\\38 Selectores Crear Actualizar Eliminar\\20241003_182246\\1727997846852.png]]

2024-10-03 18:24:07 - [TEST_STEP][PASSED] - delay(3): Delayed 3 second(s)

2024-10-03 18:24:10 - [MESSAGE][PASSED] - Delayed 3 second(s)

2024-10-03 18:24:10 - [MESSAGE][PASSED] - Call Test Case 'Test Cases/DIGITURNO/BASICO/32 Elementos del Sistema' successfully

2024-10-03 18:24:10 - [TEST_STEP][PASSED] - click(findTestObject("DIGITURNO/CONFIGURACION/6Elementos del Sistema/0Principal/img_1Selectores")): Object: 'Object Repository/DIGITURNO/CONFIGURACION/6Elementos del Sistema/0Principal/img_1Selectores' is clicked on

2024-10-03 18:24:10 - [MESSAGE][PASSED] - Object: 'Object Repository/DIGITURNO/CONFIGURACION/6Elementos del Sistema/0Principal/img_1Selectores' is clicked on

2024-10-03 18:24:10 - [TEST_STEP][PASSED] - delay(3): Delayed 3 second(s)

2024-10-03 18:24:13 - [MESSAGE][PASSED] - Delayed 3 second(s)

2024-10-03 18:24:13 - [TEST_STEP][PASSED] - click(findTestObject("DIGITURNO/CONFIGURACION/6Elementos del Sistema/1 Selectores/0Oficina Modal/td_1Bogota - CIEL")): Object: 'Object Repository/DIGITURNO/CONFIGURACION/6Elementos del Sistema/1 Selectores/0Oficina Modal/td_1Bogota - CIEL' is clicked on

2024-10-03 18:24:14 - [MESSAGE][PASSED] - Object: 'Object Repository/DIGITURNO/CONFIGURACION/6Elementos del Sistema/1 Selectores/0Oficina Modal/td_1Bogota - CIEL' is clicked on

2024-10-03 18:24:14 - [TEST_STEP][PASSED] - delay(2): Delayed 2 second(s)

2024-10-03 18:24:16 - [MESSAGE][PASSED] - Delayed 2 second(s)

2024-10-03 18:24:16 - [TEST_STEP][PASSED] - setText(findTestObject("DIGITURNO/CONFIGURACION/6Elementos del Sistema/1 Selectores/Lista de Selectores/input_TextoABuscar"), "Prueba"): Text 'Prueba' is set on object 'Object Repository/DIGITURNO/CONFIGURACION/6Elementos del Sistema/1 Selectores/Lista de Selectores/input_TextoABuscar'

2024-10-03 18:24:17 - [MESSAGE][PASSED] - Text 'Prueba' is set on object 'Object Repository/DIGITURNO/CONFIGURACION/6Elementos del Sistema/1 Selectores/Lista de Selectores/input_TextoABuscar'

2024-10-03 18:24:17 - [TEST_STEP][PASSED] - delay(2): Delayed 2 second(s)

2024-10-03 18:24:19 - [MESSAGE][PASSED] - Delayed 2 second(s)

2024-10-03 18:24:19 - [TEST_STEP][PASSED] - click(findTestObject("DIGITURNO/CONFIGURACION/6Elementos del Sistema/1 Selectores/Lista de Selectores/td_1 Seleccion Busqueda")): Object: 'Object Repository/DIGITURNO/CONFIGURACION/6Elementos del Sistema/1 Selectores/Lista de Selectores/td_1 Seleccion Busqueda' is clicked on

2024-10-03 18:24:19 - [MESSAGE][PASSED] - Object: 'Object Repository/DIGITURNO/CONFIGURACION/6Elementos del Sistema/1 Selectores/Lista de Selectores/td_1 Seleccion Busqueda' is clicked on

2024-10-03 18:24:19 - [TEST_STEP][PASSED] - check(findTestObject("DIGITURNO/CONFIGURACION/6Elementos del Sistema/1 Selectores/Configuracion/span_Edicion(1)/Destino del turno/a_SeleccionarTodo")): Object 'Object Repository/DIGITURNO/CONFIGURACION/6Elementos del Sistema/1 Selectores/Configuracion/span_Edicion(1)/Destino del turno/a_SeleccionarTodo' is checked

2024-10-03 18:24:20 - [MESSAGE][PASSED] - Object 'Object Repository/DIGITURNO/CONFIGURACION/6Elementos del Sistema/1 Selectores/Configuracion/span_Edicion(1)/Destino del turno/a_SeleccionarTodo' is checked

2024-10-03 18:24:20 - [TEST_STEP][PASSED] - click(findTestObject("DIGITURNO/CONFIGURACION/6Elementos del Sistema/1 Selectores/Configuracion/span_Edicion(1)/Destino del turno/img_Relacionar")): Object: 'Object Repository/DIGITURNO/CONFIGURACION/6Elementos del Sistema/1 Selectores/Configuracion/span_Edicion(1)/Destino del turno/img_Relacionar' is clicked on

2024-10-03 18:24:20 - [MESSAGE][PASSED] - Object: 'Object Repository/DIGITURNO/CONFIGURACION/6Elementos del Sistema/1 Selectores/Configuracion/span_Edicion(1)/Destino del turno/img_Relacionar' is clicked on

2024-10-03 18:24:20 - [TEST_STEP][PASSED] - delay(2): Delayed 2 second(s)

2024-10-03 18:24:22 - [MESSAGE][PASSED] - Delayed 2 second(s)

2024-10-03 18:24:22 - [TEST_STEP][PASSED] - click(findTestObject("DIGITURNO/CONFIGURACION/6Elementos del Sistema/1 Selectores/Configuracion/span_Edicion(1)/Infomacion General/img_Actualizar")): Object: 'Object Repository/DIGITURNO/CONFIGURACION/6Elementos del Sistema/1 Selectores/Configuracion/span_Edicion(1)/Infomacion General/img_Actualizar' is clicked on

2024-10-03 18:24:23 - [MESSAGE][PASSED] - Object: 'Object Repository/DIGITURNO/CONFIGURACION/6Elementos del Sistema/1 Selectores/Configuracion/span_Edicion(1)/Infomacion General/img_Actualizar' is clicked on

2024-10-03 18:24:23 - [TEST_STEP][PASSED] - delay(3): Delayed 3 second(s)

2024-10-03 18:24:26 - [MESSAGE][PASSED] - Delayed 3 second(s)

2024-10-03 18:24:26 - [TEST_STEP][PASSED] - takeFullPageScreenshot(): Taking screenshot successfully

2024-10-03 18:24:26 - [MESSAGE][INFO] - 0 hidden object(s)

2024-10-03 18:24:26 - [MESSAGE][PASSED] - Taking screenshot successfully
[[ATTACHMENT|C:\\CIEL INGENIERIA\\Katalon\\Digiturno55\\Reports\\20241003_182246\\DIGITURNO\\BASICO\\38 Selectores Crear Actualizar Eliminar\\20241003_182246\\1727997866160.png]]

2024-10-03 18:24:26 - [TEST_STEP][PASSED] - delay(3): Delayed 3 second(s)

2024-10-03 18:24:29 - [MESSAGE][PASSED] - Delayed 3 second(s)

2024-10-03 18:24:29 - [TEST_STEP][PASSED] - Start listener action : sampleAfterTestCase: null]]></system-out>
         <system-err><![CDATA[]]></system-err>
      </testcase>
      <testcase name="Test Cases/DIGITURNO/BASICO/38 Selector Eliminar" time="55.929" classname="Test Cases/DIGITURNO/BASICO/38 Selector Eliminar" status="PASSED">
         <system-out><![CDATA[2024-10-03 18:24:29 - [TEST_CASE][PASSED] - Test Cases/DIGITURNO/BASICO/38 Selector Eliminar: Test Cases/DIGITURNO/BASICO/38 Selector Eliminar

2024-10-03 18:24:30 - [TEST_STEP][PASSED] - callTestCase(findTestCase("DIGITURNO/BASICO/32 Elementos del Sistema"), [:], STOP_ON_FAILURE): Call Test Case 'Test Cases/DIGITURNO/BASICO/32 Elementos del Sistema' successfully

2024-10-03 18:24:30 - [TEST_CASE][PASSED] - Test Cases/DIGITURNO/BASICO/32 Elementos del Sistema: Test Cases/DIGITURNO/BASICO/32 Elementos del Sistema

2024-10-03 18:24:30 - [TEST_STEP][PASSED] - callTestCase(findTestCase("DIGITURNO/BASICO/3 Configuracion"), [:], STOP_ON_FAILURE): Call Test Case 'Test Cases/DIGITURNO/BASICO/3 Configuracion' successfully

2024-10-03 18:24:30 - [TEST_CASE][PASSED] - Test Cases/DIGITURNO/BASICO/3 Configuracion: Test Cases/DIGITURNO/BASICO/3 Configuracion

2024-10-03 18:24:30 - [TEST_STEP][PASSED] - callTestCase(findTestCase("0InicioSesion"), [:], STOP_ON_FAILURE): Call Test Case 'Test Cases/0InicioSesion' successfully

2024-10-03 18:24:30 - [TEST_CASE][PASSED] - Test Cases/0InicioSesion: Test Cases/0InicioSesion

2024-10-03 18:24:30 - [TEST_STEP][PASSED] - openBrowser(UrlDigiturno): Browser is opened with url: 'https://PCPruebas101.ciel.cielingenieria.com:8910'

2024-10-03 18:24:30 - [MESSAGE][WARNING] - A browser is already opened. Closing browser and opening a new one

2024-10-03 18:24:31 - [MESSAGE][INFO] - Starting 'Chrome' driver

2024-10-03 18:24:31 - [MESSAGE][INFO] - User set preference: ['args', '[--use-fake-ui-for-media-stream, --disable-notifications]']

2024-10-03 18:24:31 - [MESSAGE][INFO] - Action delay is set to 0 milliseconds

2024-10-03 18:24:33 - [MESSAGE][PASSED] - Browser is opened with url: 'https://PCPruebas101.ciel.cielingenieria.com:8910'

2024-10-03 18:24:33 - [TEST_STEP][PASSED] - maximizeWindow(): Current window maximized

2024-10-03 18:24:33 - [MESSAGE][PASSED] - Current window maximized

2024-10-03 18:24:33 - [TEST_STEP][PASSED] - delay(3): Delayed 3 second(s)

2024-10-03 18:24:36 - [MESSAGE][PASSED] - Delayed 3 second(s)

2024-10-03 18:24:36 - [TEST_STEP][PASSED] - setText(findTestObject("0Inicio Sesion/input_Usuario"), "Ciel"): Text 'Ciel' is set on object 'Object Repository/0Inicio Sesion/input_Usuario'

2024-10-03 18:24:37 - [MESSAGE][PASSED] - Text 'Ciel' is set on object 'Object Repository/0Inicio Sesion/input_Usuario'

2024-10-03 18:24:37 - [TEST_STEP][PASSED] - setText(findTestObject("0Inicio Sesion/input_Clave"), "digiturno"): Text 'digiturno' is set on object 'Object Repository/0Inicio Sesion/input_Clave'

2024-10-03 18:24:38 - [MESSAGE][PASSED] - Text 'digiturno' is set on object 'Object Repository/0Inicio Sesion/input_Clave'

2024-10-03 18:24:38 - [TEST_STEP][PASSED] - click(findTestObject("0Inicio Sesion/btn_IniciarSesion")): Object: 'Object Repository/0Inicio Sesion/btn_IniciarSesion' is clicked on

2024-10-03 18:24:38 - [MESSAGE][PASSED] - Object: 'Object Repository/0Inicio Sesion/btn_IniciarSesion' is clicked on

2024-10-03 18:24:38 - [TEST_STEP][PASSED] - delay(3): Delayed 3 second(s)

2024-10-03 18:24:41 - [MESSAGE][PASSED] - Delayed 3 second(s)

2024-10-03 18:24:41 - [MESSAGE][PASSED] - Call Test Case 'Test Cases/0InicioSesion' successfully

2024-10-03 18:24:41 - [TEST_STEP][PASSED] - click(findTestObject("DIGITURNO/1Principal/img_Configuracion(1)")): Object: 'Object Repository/DIGITURNO/1Principal/img_Configuracion(1)' is clicked on

2024-10-03 18:24:42 - [MESSAGE][PASSED] - Object: 'Object Repository/DIGITURNO/1Principal/img_Configuracion(1)' is clicked on

2024-10-03 18:24:42 - [TEST_STEP][PASSED] - delay(3): Delayed 3 second(s)

2024-10-03 18:24:45 - [MESSAGE][PASSED] - Delayed 3 second(s)

2024-10-03 18:24:45 - [TEST_STEP][PASSED] - takeFullPageScreenshot(): Taking screenshot successfully

2024-10-03 18:24:45 - [MESSAGE][INFO] - 0 hidden object(s)

2024-10-03 18:24:45 - [MESSAGE][PASSED] - Taking screenshot successfully
[[ATTACHMENT|C:\\CIEL INGENIERIA\\Katalon\\Digiturno55\\Reports\\20241003_182246\\DIGITURNO\\BASICO\\38 Selectores Crear Actualizar Eliminar\\20241003_182246\\1727997885280.png]]

2024-10-03 18:24:45 - [TEST_STEP][PASSED] - delay(3): Delayed 3 second(s)

2024-10-03 18:24:48 - [MESSAGE][PASSED] - Delayed 3 second(s)

2024-10-03 18:24:48 - [MESSAGE][PASSED] - Call Test Case 'Test Cases/DIGITURNO/BASICO/3 Configuracion' successfully

2024-10-03 18:24:48 - [TEST_STEP][PASSED] - click(findTestObject("DIGITURNO/CONFIGURACION/0Principal/img_6Elementos del sistema")): Object: 'Object Repository/DIGITURNO/CONFIGURACION/0Principal/img_6Elementos del sistema' is clicked on

2024-10-03 18:24:49 - [MESSAGE][PASSED] - Object: 'Object Repository/DIGITURNO/CONFIGURACION/0Principal/img_6Elementos del sistema' is clicked on

2024-10-03 18:24:49 - [TEST_STEP][PASSED] - delay(3): Delayed 3 second(s)

2024-10-03 18:24:52 - [MESSAGE][PASSED] - Delayed 3 second(s)

2024-10-03 18:24:52 - [TEST_STEP][PASSED] - takeFullPageScreenshot(): Taking screenshot successfully

2024-10-03 18:24:52 - [MESSAGE][INFO] - 0 hidden object(s)

2024-10-03 18:24:52 - [MESSAGE][PASSED] - Taking screenshot successfully
[[ATTACHMENT|C:\\CIEL INGENIERIA\\Katalon\\Digiturno55\\Reports\\20241003_182246\\DIGITURNO\\BASICO\\38 Selectores Crear Actualizar Eliminar\\20241003_182246\\1727997892305.png]]

2024-10-03 18:24:52 - [TEST_STEP][PASSED] - delay(3): Delayed 3 second(s)

2024-10-03 18:24:55 - [MESSAGE][PASSED] - Delayed 3 second(s)

2024-10-03 18:24:55 - [MESSAGE][PASSED] - Call Test Case 'Test Cases/DIGITURNO/BASICO/32 Elementos del Sistema' successfully

2024-10-03 18:24:55 - [TEST_STEP][PASSED] - click(findTestObject("DIGITURNO/CONFIGURACION/6Elementos del Sistema/0Principal/img_1Selectores")): Object: 'Object Repository/DIGITURNO/CONFIGURACION/6Elementos del Sistema/0Principal/img_1Selectores' is clicked on

2024-10-03 18:24:56 - [MESSAGE][PASSED] - Object: 'Object Repository/DIGITURNO/CONFIGURACION/6Elementos del Sistema/0Principal/img_1Selectores' is clicked on

2024-10-03 18:24:56 - [TEST_STEP][PASSED] - delay(3): Delayed 3 second(s)

2024-10-03 18:24:59 - [MESSAGE][PASSED] - Delayed 3 second(s)

2024-10-03 18:24:59 - [TEST_STEP][PASSED] - click(findTestObject("DIGITURNO/CONFIGURACION/6Elementos del Sistema/1 Selectores/0Oficina Modal/td_1Bogota - CIEL")): Object: 'Object Repository/DIGITURNO/CONFIGURACION/6Elementos del Sistema/1 Selectores/0Oficina Modal/td_1Bogota - CIEL' is clicked on

2024-10-03 18:24:59 - [MESSAGE][PASSED] - Object: 'Object Repository/DIGITURNO/CONFIGURACION/6Elementos del Sistema/1 Selectores/0Oficina Modal/td_1Bogota - CIEL' is clicked on

2024-10-03 18:24:59 - [TEST_STEP][PASSED] - delay(2): Delayed 2 second(s)

2024-10-03 18:25:01 - [MESSAGE][PASSED] - Delayed 2 second(s)

2024-10-03 18:25:01 - [TEST_STEP][PASSED] - setText(findTestObject("DIGITURNO/CONFIGURACION/6Elementos del Sistema/1 Selectores/Lista de Selectores/input_TextoABuscar"), "Prueba"): Text 'Prueba' is set on object 'Object Repository/DIGITURNO/CONFIGURACION/6Elementos del Sistema/1 Selectores/Lista de Selectores/input_TextoABuscar'

2024-10-03 18:25:02 - [MESSAGE][PASSED] - Text 'Prueba' is set on object 'Object Repository/DIGITURNO/CONFIGURACION/6Elementos del Sistema/1 Selectores/Lista de Selectores/input_TextoABuscar'

2024-10-03 18:25:02 - [TEST_STEP][PASSED] - delay(2): Delayed 2 second(s)

2024-10-03 18:25:04 - [MESSAGE][PASSED] - Delayed 2 second(s)

2024-10-03 18:25:04 - [TEST_STEP][PASSED] - click(findTestObject("DIGITURNO/CONFIGURACION/6Elementos del Sistema/1 Selectores/Lista de Selectores/td_1 Seleccion Busqueda")): Object: 'Object Repository/DIGITURNO/CONFIGURACION/6Elementos del Sistema/1 Selectores/Lista de Selectores/td_1 Seleccion Busqueda' is clicked on

2024-10-03 18:25:04 - [MESSAGE][PASSED] - Object: 'Object Repository/DIGITURNO/CONFIGURACION/6Elementos del Sistema/1 Selectores/Lista de Selectores/td_1 Seleccion Busqueda' is clicked on

2024-10-03 18:25:04 - [TEST_STEP][PASSED] - click(findTestObject("DIGITURNO/CONFIGURACION/6Elementos del Sistema/1 Selectores/Configuracion/span_Edicion(1)/Destino del turno/a_SeleccionarTodo")): Object: 'Object Repository/DIGITURNO/CONFIGURACION/6Elementos del Sistema/1 Selectores/Configuracion/span_Edicion(1)/Destino del turno/a_SeleccionarTodo' is clicked on

2024-10-03 18:25:15 - [MESSAGE][PASSED] - Object: 'Object Repository/DIGITURNO/CONFIGURACION/6Elementos del Sistema/1 Selectores/Configuracion/span_Edicion(1)/Destino del turno/a_SeleccionarTodo' is clicked on

2024-10-03 18:25:15 - [TEST_STEP][PASSED] - click(findTestObject("DIGITURNO/CONFIGURACION/6Elementos del Sistema/1 Selectores/Configuracion/span_Edicion(1)/Destino del turno/img_Eliminar")): Object: 'Object Repository/DIGITURNO/CONFIGURACION/6Elementos del Sistema/1 Selectores/Configuracion/span_Edicion(1)/Destino del turno/img_Eliminar' is clicked on

2024-10-03 18:25:16 - [MESSAGE][PASSED] - Object: 'Object Repository/DIGITURNO/CONFIGURACION/6Elementos del Sistema/1 Selectores/Configuracion/span_Edicion(1)/Destino del turno/img_Eliminar' is clicked on

2024-10-03 18:25:16 - [TEST_STEP][PASSED] - delay(3): Delayed 3 second(s)

2024-10-03 18:25:19 - [MESSAGE][PASSED] - Delayed 3 second(s)

2024-10-03 18:25:19 - [TEST_STEP][PASSED] - click(findTestObject("DIGITURNO/CONFIGURACION/6Elementos del Sistema/1 Selectores/Configuracion/span_Edicion(1)/Infomacion General/img_Eliminar")): Object: 'Object Repository/DIGITURNO/CONFIGURACION/6Elementos del Sistema/1 Selectores/Configuracion/span_Edicion(1)/Infomacion General/img_Eliminar' is clicked on

2024-10-03 18:25:19 - [MESSAGE][PASSED] - Object: 'Object Repository/DIGITURNO/CONFIGURACION/6Elementos del Sistema/1 Selectores/Configuracion/span_Edicion(1)/Infomacion General/img_Eliminar' is clicked on

2024-10-03 18:25:19 - [TEST_STEP][PASSED] - click(findTestObject("DIGITURNO/CONFIGURACION/6Elementos del Sistema/1 Selectores/Configuracion/span_Edicion(1)/Infomacion General/img_Eliminar")): Object: 'Object Repository/DIGITURNO/CONFIGURACION/6Elementos del Sistema/1 Selectores/Configuracion/span_Edicion(1)/Infomacion General/img_Eliminar' is clicked on

2024-10-03 18:25:20 - [MESSAGE][PASSED] - Object: 'Object Repository/DIGITURNO/CONFIGURACION/6Elementos del Sistema/1 Selectores/Configuracion/span_Edicion(1)/Infomacion General/img_Eliminar' is clicked on

2024-10-03 18:25:20 - [TEST_STEP][PASSED] - acceptAlert(): Alert accepted

2024-10-03 18:25:20 - [MESSAGE][PASSED] - Alert accepted

2024-10-03 18:25:20 - [TEST_STEP][PASSED] - delay(2): Delayed 2 second(s)

2024-10-03 18:25:22 - [MESSAGE][PASSED] - Delayed 2 second(s)

2024-10-03 18:25:22 - [TEST_STEP][PASSED] - takeFullPageScreenshot(): Taking screenshot successfully

2024-10-03 18:25:22 - [MESSAGE][INFO] - 0 hidden object(s)

2024-10-03 18:25:22 - [MESSAGE][PASSED] - Taking screenshot successfully
[[ATTACHMENT|C:\\CIEL INGENIERIA\\Katalon\\Digiturno55\\Reports\\20241003_182246\\DIGITURNO\\BASICO\\38 Selectores Crear Actualizar Eliminar\\20241003_182246\\1727997922138.png]]

2024-10-03 18:25:22 - [TEST_STEP][PASSED] - delay(3): Delayed 3 second(s)

2024-10-03 18:25:25 - [MESSAGE][PASSED] - Delayed 3 second(s)

2024-10-03 18:25:25 - [TEST_STEP][PASSED] - Start listener action : sampleAfterTestCase: null]]></system-out>
         <system-err><![CDATA[]]></system-err>
      </testcase>
      <system-out><![CDATA[2024-10-03 18:22:52 - [TEST_SUITE][PASSED] - 38 Selectores Crear Actualizar Eliminar: Test Cases/DIGITURNO/BASICO/38 Selector Eliminar]]></system-out>
      <system-err><![CDATA[]]></system-err>
   </testsuite>
</testsuites>
