<?xml version="1.0" encoding="UTF-8"?>
<testsuites name="5.6 Crear Tableros" time="185.339" tests="1" failures="0" errors="0">
   <testsuite name="5.6 Crear Tableros" tests="1" failures="0" errors="0" time="185.339" skipped="0" timestamp="2023-08-14 11:35:54" hostname="jdavila - PCPruebas101.ciel.cielingenieria.com" id="Test Suites/WIZARD/3Infraestructura/6Tableros/5.6 Crear Tableros">
      <properties>
         <property name="deviceName" value=""/>
         <property name="devicePlatform" value=""/>
         <property name="logFolder" value="C:\\CIEL INGENIERIA\\Katalon\\Digiturno55\\Reports\\20230814_104251\\WIZARD\\3Infraestructura\\6Tableros\\5.6 Crear Tableros\\20230814_104404"/>
         <property name="logFiles" value="C:\\CIEL INGENIERIA\\Katalon\\Digiturno55\\Reports\\20230814_104251\\WIZARD\\3Infraestructura\\6Tableros\\5.6 Crear Tableros\\20230814_104404\\execution0.log"/>
         <property name="attachments" value="C:\\CIEL INGENIERIA\\Katalon\\Digiturno55\\Reports\\20230814_104251\\WIZARD\\3Infraestructura\\6Tableros\\5.6 Crear Tableros\\20230814_104404\\1692031135553.png"/>
         <property name="hostName" value="jdavila - PCPruebas101.ciel.cielingenieria.com"/>
         <property name="os" value="Windows 10 64bit"/>
         <property name="katalonVersion" value="8.6.0.208"/>
         <property name="browser" value="Chrome 115.0.0.0"/>
         <property name="hostAddress" value="192.168.0.33"/>
         <property name="sessionId" value="3dd9337c5ba67f7a44a9ca78171883b2"/>
         <property name="seleniumVersion" value="3.141.59"/>
         <property name="proxyInformation" value="ProxyInformation { proxyOption=NO_PROXY, proxyServerType=HTTP, username=, password=********, proxyServerAddress=, proxyServerPort=0, executionList=&quot;&quot;, isApplyToDesiredCapabilities=true }"/>
         <property name="platform" value="Windows 10"/>
      </properties>
      <testcase name="Test Cases/WIZARD/3Infraestructura/6Tableros/5.6 Crear Tableros" time="185.052" classname="Test Cases/WIZARD/3Infraestructura/6Tableros/5.6 Crear Tableros" status="PASSED">
         <system-out><![CDATA[2023-08-14 11:35:54 - [TEST_CASE][PASSED] - Test Cases/WIZARD/3Infraestructura/6Tableros/5.6 Crear Tableros: Test Cases/WIZARD/3Infraestructura/6Tableros/5.6 Crear Tableros

2023-08-14 11:35:55 - [TEST_STEP][PASSED] - callTestCase(findTestCase("0InicioSesion"), [:], STOP_ON_FAILURE): Call Test Case 'Test Cases/0InicioSesion' successfully

2023-08-14 11:35:55 - [TEST_CASE][PASSED] - Test Cases/0InicioSesion: Test Cases/0InicioSesion

2023-08-14 11:35:55 - [TEST_STEP][PASSED] - openBrowser(UrlDigiturno): Browser is opened with url: 'https://PCPruebas101.ciel.cielingenieria.com:8610'

2023-08-14 11:35:55 - [MESSAGE][INFO] - Starting 'Chrome' driver

2023-08-14 11:35:55 - [MESSAGE][INFO] - User set preference: ['args', '[--use-fake-ui-for-media-stream, --disable-notifications]']

2023-08-14 11:35:55 - [MESSAGE][INFO] - Action delay is set to 0 milliseconds

2023-08-14 11:35:58 - [MESSAGE][PASSED] - Browser is opened with url: 'https://PCPruebas101.ciel.cielingenieria.com:8610'

2023-08-14 11:35:58 - [TEST_STEP][PASSED] - maximizeWindow(): Current window maximized

2023-08-14 11:35:58 - [MESSAGE][PASSED] - Current window maximized

2023-08-14 11:35:58 - [TEST_STEP][PASSED] - delay(3): Delayed 3 second(s)

2023-08-14 11:36:01 - [MESSAGE][PASSED] - Delayed 3 second(s)

2023-08-14 11:36:01 - [TEST_STEP][PASSED] - setText(findTestObject("0Inicio Sesion/input_Usuario"), "Ciel"): Text 'Ciel' is set on object 'Object Repository/0Inicio Sesion/input_Usuario'

2023-08-14 11:36:02 - [MESSAGE][PASSED] - Text 'Ciel' is set on object 'Object Repository/0Inicio Sesion/input_Usuario'

2023-08-14 11:36:02 - [TEST_STEP][PASSED] - setText(findTestObject("0Inicio Sesion/input_Clave"), "digiturno"): Text 'digiturno' is set on object 'Object Repository/0Inicio Sesion/input_Clave'

2023-08-14 11:36:03 - [MESSAGE][PASSED] - Text 'digiturno' is set on object 'Object Repository/0Inicio Sesion/input_Clave'

2023-08-14 11:36:03 - [TEST_STEP][PASSED] - click(findTestObject("0Inicio Sesion/btn_IniciarSesion")): Object: 'Object Repository/0Inicio Sesion/btn_IniciarSesion' is clicked on

2023-08-14 11:36:03 - [MESSAGE][PASSED] - Object: 'Object Repository/0Inicio Sesion/btn_IniciarSesion' is clicked on

2023-08-14 11:36:03 - [TEST_STEP][PASSED] - delay(3): Delayed 3 second(s)

2023-08-14 11:36:06 - [MESSAGE][PASSED] - Delayed 3 second(s)

2023-08-14 11:36:06 - [MESSAGE][PASSED] - Call Test Case 'Test Cases/0InicioSesion' successfully

2023-08-14 11:36:06 - [TEST_STEP][PASSED] - click(findTestObject("WIZARD/0Principal/img_InfraestructuraMAX")): Object: 'Object Repository/WIZARD/0Principal/img_InfraestructuraMAX' is clicked on

2023-08-14 11:36:08 - [MESSAGE][PASSED] - Object: 'Object Repository/WIZARD/0Principal/img_InfraestructuraMAX' is clicked on

2023-08-14 11:36:08 - [TEST_STEP][PASSED] - delay(3): Delayed 3 second(s)

2023-08-14 11:36:11 - [MESSAGE][PASSED] - Delayed 3 second(s)

2023-08-14 11:36:11 - [TEST_STEP][PASSED] - click(findTestObject("WIZARD/3Infraestructura/0Menu/span_Tableros")): Object: 'Object Repository/WIZARD/3Infraestructura/0Menu/span_Tableros' is clicked on

2023-08-14 11:36:12 - [MESSAGE][PASSED] - Object: 'Object Repository/WIZARD/3Infraestructura/0Menu/span_Tableros' is clicked on

2023-08-14 11:36:12 - [TEST_STEP][PASSED] - delay(3): Delayed 3 second(s)

2023-08-14 11:36:15 - [MESSAGE][PASSED] - Delayed 3 second(s)

2023-08-14 11:36:15 - [TEST_STEP][PASSED] - click(findTestObject("WIZARD/3Infraestructura/6Tableros/0OficinaModal/a_x(Cerrar)")): Object: 'Object Repository/WIZARD/3Infraestructura/6Tableros/0OficinaModal/a_x(Cerrar)' is clicked on

2023-08-14 11:36:16 - [MESSAGE][PASSED] - Object: 'Object Repository/WIZARD/3Infraestructura/6Tableros/0OficinaModal/a_x(Cerrar)' is clicked on

2023-08-14 11:36:16 - [TEST_STEP][PASSED] - delay(3): Delayed 3 second(s)

2023-08-14 11:36:19 - [MESSAGE][PASSED] - Delayed 3 second(s)

2023-08-14 11:36:19 - [TEST_STEP][PASSED] - click(findTestObject("WIZARD/3Infraestructura/6Tableros/Configuracion/Edicion/btn_SeleccionarOficina")): Object: 'Object Repository/WIZARD/3Infraestructura/6Tableros/Configuracion/Edicion/btn_SeleccionarOficina' is clicked on

2023-08-14 11:36:19 - [MESSAGE][PASSED] - Object: 'Object Repository/WIZARD/3Infraestructura/6Tableros/Configuracion/Edicion/btn_SeleccionarOficina' is clicked on

2023-08-14 11:36:19 - [TEST_STEP][PASSED] - delay(3): Delayed 3 second(s)

2023-08-14 11:36:22 - [MESSAGE][PASSED] - Delayed 3 second(s)

2023-08-14 11:36:22 - [TEST_STEP][PASSED] - click(findTestObject("WIZARD/3Infraestructura/6Tableros/Configuracion/Edicion/btn_Seleccionar Oficina(1)/td_1Bogota - CIEL")): Object: 'Object Repository/WIZARD/3Infraestructura/6Tableros/Configuracion/Edicion/btn_Seleccionar Oficina(1)/td_1Bogota - CIEL' is clicked on

2023-08-14 11:36:23 - [MESSAGE][PASSED] - Object: 'Object Repository/WIZARD/3Infraestructura/6Tableros/Configuracion/Edicion/btn_Seleccionar Oficina(1)/td_1Bogota - CIEL' is clicked on

2023-08-14 11:36:23 - [TEST_STEP][PASSED] - delay(3): Delayed 3 second(s)

2023-08-14 11:36:26 - [MESSAGE][PASSED] - Delayed 3 second(s)

2023-08-14 11:36:26 - [TEST_STEP][PASSED] - setText(findTestObject("WIZARD/3Infraestructura/6Tableros/Configuracion/Edicion/input_Nombre"), "Bogota - Tablero - 1 "): Text 'Bogota - Tablero - 1 ' is set on object 'Object Repository/WIZARD/3Infraestructura/6Tableros/Configuracion/Edicion/input_Nombre'

2023-08-14 11:36:27 - [MESSAGE][PASSED] - Text 'Bogota - Tablero - 1 ' is set on object 'Object Repository/WIZARD/3Infraestructura/6Tableros/Configuracion/Edicion/input_Nombre'

2023-08-14 11:36:27 - [TEST_STEP][PASSED] - setText(findTestObject("WIZARD/3Infraestructura/6Tableros/Configuracion/Edicion/textarea_Descripcion"), "Bogota - Tablero - 1"): Text 'Bogota - Tablero - 1' is set on object 'Object Repository/WIZARD/3Infraestructura/6Tableros/Configuracion/Edicion/textarea_Descripcion'

2023-08-14 11:36:27 - [MESSAGE][PASSED] - Text 'Bogota - Tablero - 1' is set on object 'Object Repository/WIZARD/3Infraestructura/6Tableros/Configuracion/Edicion/textarea_Descripcion'

2023-08-14 11:36:27 - [TEST_STEP][PASSED] - scrollToPosition(0, 0): Browser is scrolled to position x = 0, y = 0

2023-08-14 11:36:27 - [MESSAGE][PASSED] - Browser is scrolled to position x = 0, y = 0

2023-08-14 11:36:27 - [TEST_STEP][PASSED] - delay(2): Delayed 2 second(s)

2023-08-14 11:36:29 - [MESSAGE][PASSED] - Delayed 2 second(s)

2023-08-14 11:36:29 - [TEST_STEP][PASSED] - click(findTestObject("WIZARD/3Infraestructura/6Tableros/Configuracion/Edicion/img_Nuevo")): Object: 'Object Repository/WIZARD/3Infraestructura/6Tableros/Configuracion/Edicion/img_Nuevo' is clicked on

2023-08-14 11:36:30 - [MESSAGE][PASSED] - Object: 'Object Repository/WIZARD/3Infraestructura/6Tableros/Configuracion/Edicion/img_Nuevo' is clicked on

2023-08-14 11:36:30 - [TEST_STEP][PASSED] - delay(3): Delayed 3 second(s)

2023-08-14 11:36:33 - [MESSAGE][PASSED] - Delayed 3 second(s)

2023-08-14 11:36:33 - [TEST_STEP][PASSED] - click(findTestObject("WIZARD/3Infraestructura/0Menu/span_Tableros")): Object: 'Object Repository/WIZARD/3Infraestructura/0Menu/span_Tableros' is clicked on

2023-08-14 11:36:39 - [MESSAGE][PASSED] - Object: 'Object Repository/WIZARD/3Infraestructura/0Menu/span_Tableros' is clicked on

2023-08-14 11:36:39 - [TEST_STEP][PASSED] - delay(3): Delayed 3 second(s)

2023-08-14 11:36:42 - [MESSAGE][PASSED] - Delayed 3 second(s)

2023-08-14 11:36:42 - [TEST_STEP][PASSED] - click(findTestObject("WIZARD/3Infraestructura/6Tableros/0OficinaModal/a_x(Cerrar)")): Object: 'Object Repository/WIZARD/3Infraestructura/6Tableros/0OficinaModal/a_x(Cerrar)' is clicked on

2023-08-14 11:36:42 - [MESSAGE][PASSED] - Object: 'Object Repository/WIZARD/3Infraestructura/6Tableros/0OficinaModal/a_x(Cerrar)' is clicked on

2023-08-14 11:36:42 - [TEST_STEP][PASSED] - delay(3): Delayed 3 second(s)

2023-08-14 11:36:45 - [MESSAGE][PASSED] - Delayed 3 second(s)

2023-08-14 11:36:45 - [TEST_STEP][PASSED] - click(findTestObject("WIZARD/3Infraestructura/6Tableros/Configuracion/Edicion/btn_SeleccionarOficina")): Object: 'Object Repository/WIZARD/3Infraestructura/6Tableros/Configuracion/Edicion/btn_SeleccionarOficina' is clicked on

2023-08-14 11:36:45 - [MESSAGE][PASSED] - Object: 'Object Repository/WIZARD/3Infraestructura/6Tableros/Configuracion/Edicion/btn_SeleccionarOficina' is clicked on

2023-08-14 11:36:45 - [TEST_STEP][PASSED] - delay(3): Delayed 3 second(s)

2023-08-14 11:36:48 - [MESSAGE][PASSED] - Delayed 3 second(s)

2023-08-14 11:36:48 - [TEST_STEP][PASSED] - click(findTestObject("WIZARD/3Infraestructura/6Tableros/Configuracion/Edicion/btn_Seleccionar Oficina(1)/td_2Cali - Chipichape")): Object: 'Object Repository/WIZARD/3Infraestructura/6Tableros/Configuracion/Edicion/btn_Seleccionar Oficina(1)/td_2Cali - Chipichape' is clicked on

2023-08-14 11:36:49 - [MESSAGE][PASSED] - Object: 'Object Repository/WIZARD/3Infraestructura/6Tableros/Configuracion/Edicion/btn_Seleccionar Oficina(1)/td_2Cali - Chipichape' is clicked on

2023-08-14 11:36:49 - [TEST_STEP][PASSED] - delay(3): Delayed 3 second(s)

2023-08-14 11:36:52 - [MESSAGE][PASSED] - Delayed 3 second(s)

2023-08-14 11:36:52 - [TEST_STEP][PASSED] - scrollToElement(findTestObject("WIZARD/3Infraestructura/6Tableros/Configuracion/Edicion/input_Nombre"), 2): Scroll to object 'Object Repository/WIZARD/3Infraestructura/6Tableros/Configuracion/Edicion/input_Nombre' successfully

2023-08-14 11:36:52 - [MESSAGE][PASSED] - Scroll to object 'Object Repository/WIZARD/3Infraestructura/6Tableros/Configuracion/Edicion/input_Nombre' successfully

2023-08-14 11:36:52 - [TEST_STEP][PASSED] - setText(findTestObject("WIZARD/3Infraestructura/6Tableros/Configuracion/Edicion/input_Nombre"), "Cali - Tablero - 1 "): Text 'Cali - Tablero - 1 ' is set on object 'Object Repository/WIZARD/3Infraestructura/6Tableros/Configuracion/Edicion/input_Nombre'

2023-08-14 11:36:53 - [MESSAGE][PASSED] - Text 'Cali - Tablero - 1 ' is set on object 'Object Repository/WIZARD/3Infraestructura/6Tableros/Configuracion/Edicion/input_Nombre'

2023-08-14 11:36:53 - [TEST_STEP][PASSED] - setText(findTestObject("WIZARD/3Infraestructura/6Tableros/Configuracion/Edicion/textarea_Descripcion"), "Cali - Tablero - 1"): Text 'Cali - Tablero - 1' is set on object 'Object Repository/WIZARD/3Infraestructura/6Tableros/Configuracion/Edicion/textarea_Descripcion'

2023-08-14 11:36:54 - [MESSAGE][PASSED] - Text 'Cali - Tablero - 1' is set on object 'Object Repository/WIZARD/3Infraestructura/6Tableros/Configuracion/Edicion/textarea_Descripcion'

2023-08-14 11:36:54 - [TEST_STEP][PASSED] - scrollToPosition(0, 0): Browser is scrolled to position x = 0, y = 0

2023-08-14 11:36:54 - [MESSAGE][PASSED] - Browser is scrolled to position x = 0, y = 0

2023-08-14 11:36:54 - [TEST_STEP][PASSED] - delay(2): Delayed 2 second(s)

2023-08-14 11:36:56 - [MESSAGE][PASSED] - Delayed 2 second(s)

2023-08-14 11:36:56 - [TEST_STEP][PASSED] - click(findTestObject("WIZARD/3Infraestructura/6Tableros/Configuracion/Edicion/img_Nuevo")): Object: 'Object Repository/WIZARD/3Infraestructura/6Tableros/Configuracion/Edicion/img_Nuevo' is clicked on

2023-08-14 11:36:56 - [MESSAGE][PASSED] - Object: 'Object Repository/WIZARD/3Infraestructura/6Tableros/Configuracion/Edicion/img_Nuevo' is clicked on

2023-08-14 11:36:56 - [TEST_STEP][PASSED] - delay(3): Delayed 3 second(s)

2023-08-14 11:36:59 - [MESSAGE][PASSED] - Delayed 3 second(s)

2023-08-14 11:36:59 - [TEST_STEP][PASSED] - click(findTestObject("WIZARD/3Infraestructura/0Menu/span_Tableros")): Object: 'Object Repository/WIZARD/3Infraestructura/0Menu/span_Tableros' is clicked on

2023-08-14 11:37:00 - [MESSAGE][PASSED] - Object: 'Object Repository/WIZARD/3Infraestructura/0Menu/span_Tableros' is clicked on

2023-08-14 11:37:00 - [TEST_STEP][PASSED] - delay(3): Delayed 3 second(s)

2023-08-14 11:37:03 - [MESSAGE][PASSED] - Delayed 3 second(s)

2023-08-14 11:37:03 - [TEST_STEP][PASSED] - click(findTestObject("WIZARD/3Infraestructura/6Tableros/0OficinaModal/a_x(Cerrar)")): Object: 'Object Repository/WIZARD/3Infraestructura/6Tableros/0OficinaModal/a_x(Cerrar)' is clicked on

2023-08-14 11:37:04 - [MESSAGE][PASSED] - Object: 'Object Repository/WIZARD/3Infraestructura/6Tableros/0OficinaModal/a_x(Cerrar)' is clicked on

2023-08-14 11:37:04 - [TEST_STEP][PASSED] - delay(3): Delayed 3 second(s)

2023-08-14 11:37:07 - [MESSAGE][PASSED] - Delayed 3 second(s)

2023-08-14 11:37:07 - [TEST_STEP][PASSED] - click(findTestObject("WIZARD/3Infraestructura/6Tableros/Configuracion/Edicion/btn_SeleccionarOficina")): Object: 'Object Repository/WIZARD/3Infraestructura/6Tableros/Configuracion/Edicion/btn_SeleccionarOficina' is clicked on

2023-08-14 11:37:07 - [MESSAGE][PASSED] - Object: 'Object Repository/WIZARD/3Infraestructura/6Tableros/Configuracion/Edicion/btn_SeleccionarOficina' is clicked on

2023-08-14 11:37:07 - [TEST_STEP][PASSED] - delay(3): Delayed 3 second(s)

2023-08-14 11:37:10 - [MESSAGE][PASSED] - Delayed 3 second(s)

2023-08-14 11:37:10 - [TEST_STEP][PASSED] - click(findTestObject("WIZARD/3Infraestructura/6Tableros/Configuracion/Edicion/btn_Seleccionar Oficina(1)/td_3Cartagena - Bocagrande")): Object: 'Object Repository/WIZARD/3Infraestructura/6Tableros/Configuracion/Edicion/btn_Seleccionar Oficina(1)/td_3Cartagena - Bocagrande' is clicked on

2023-08-14 11:37:11 - [MESSAGE][PASSED] - Object: 'Object Repository/WIZARD/3Infraestructura/6Tableros/Configuracion/Edicion/btn_Seleccionar Oficina(1)/td_3Cartagena - Bocagrande' is clicked on

2023-08-14 11:37:11 - [TEST_STEP][PASSED] - delay(3): Delayed 3 second(s)

2023-08-14 11:37:14 - [MESSAGE][PASSED] - Delayed 3 second(s)

2023-08-14 11:37:14 - [TEST_STEP][PASSED] - scrollToElement(findTestObject("WIZARD/3Infraestructura/6Tableros/Configuracion/Edicion/input_Nombre"), 2): Scroll to object 'Object Repository/WIZARD/3Infraestructura/6Tableros/Configuracion/Edicion/input_Nombre' successfully

2023-08-14 11:37:14 - [MESSAGE][PASSED] - Scroll to object 'Object Repository/WIZARD/3Infraestructura/6Tableros/Configuracion/Edicion/input_Nombre' successfully

2023-08-14 11:37:14 - [TEST_STEP][PASSED] - setText(findTestObject("WIZARD/3Infraestructura/6Tableros/Configuracion/Edicion/input_Nombre"), "Cartagena - Tablero - 1 "): Text 'Cartagena - Tablero - 1 ' is set on object 'Object Repository/WIZARD/3Infraestructura/6Tableros/Configuracion/Edicion/input_Nombre'

2023-08-14 11:37:15 - [MESSAGE][PASSED] - Text 'Cartagena - Tablero - 1 ' is set on object 'Object Repository/WIZARD/3Infraestructura/6Tableros/Configuracion/Edicion/input_Nombre'

2023-08-14 11:37:15 - [TEST_STEP][PASSED] - setText(findTestObject("WIZARD/3Infraestructura/6Tableros/Configuracion/Edicion/textarea_Descripcion"), "Cartagena - Tablero - 1"): Text 'Cartagena - Tablero - 1' is set on object 'Object Repository/WIZARD/3Infraestructura/6Tableros/Configuracion/Edicion/textarea_Descripcion'

2023-08-14 11:37:16 - [MESSAGE][PASSED] - Text 'Cartagena - Tablero - 1' is set on object 'Object Repository/WIZARD/3Infraestructura/6Tableros/Configuracion/Edicion/textarea_Descripcion'

2023-08-14 11:37:16 - [TEST_STEP][PASSED] - scrollToPosition(0, 0): Browser is scrolled to position x = 0, y = 0

2023-08-14 11:37:16 - [MESSAGE][PASSED] - Browser is scrolled to position x = 0, y = 0

2023-08-14 11:37:16 - [TEST_STEP][PASSED] - delay(2): Delayed 2 second(s)

2023-08-14 11:37:18 - [MESSAGE][PASSED] - Delayed 2 second(s)

2023-08-14 11:37:18 - [TEST_STEP][PASSED] - click(findTestObject("WIZARD/3Infraestructura/6Tableros/Configuracion/Edicion/img_Nuevo")): Object: 'Object Repository/WIZARD/3Infraestructura/6Tableros/Configuracion/Edicion/img_Nuevo' is clicked on

2023-08-14 11:37:18 - [MESSAGE][PASSED] - Object: 'Object Repository/WIZARD/3Infraestructura/6Tableros/Configuracion/Edicion/img_Nuevo' is clicked on

2023-08-14 11:37:18 - [TEST_STEP][PASSED] - delay(3): Delayed 3 second(s)

2023-08-14 11:37:21 - [MESSAGE][PASSED] - Delayed 3 second(s)

2023-08-14 11:37:21 - [TEST_STEP][PASSED] - click(findTestObject("WIZARD/3Infraestructura/0Menu/span_Tableros")): Object: 'Object Repository/WIZARD/3Infraestructura/0Menu/span_Tableros' is clicked on

2023-08-14 11:37:24 - [MESSAGE][PASSED] - Object: 'Object Repository/WIZARD/3Infraestructura/0Menu/span_Tableros' is clicked on

2023-08-14 11:37:24 - [TEST_STEP][PASSED] - delay(3): Delayed 3 second(s)

2023-08-14 11:37:27 - [MESSAGE][PASSED] - Delayed 3 second(s)

2023-08-14 11:37:27 - [TEST_STEP][PASSED] - click(findTestObject("WIZARD/3Infraestructura/6Tableros/0OficinaModal/a_x(Cerrar)")): Object: 'Object Repository/WIZARD/3Infraestructura/6Tableros/0OficinaModal/a_x(Cerrar)' is clicked on

2023-08-14 11:37:27 - [MESSAGE][PASSED] - Object: 'Object Repository/WIZARD/3Infraestructura/6Tableros/0OficinaModal/a_x(Cerrar)' is clicked on

2023-08-14 11:37:27 - [TEST_STEP][PASSED] - delay(3): Delayed 3 second(s)

2023-08-14 11:37:30 - [MESSAGE][PASSED] - Delayed 3 second(s)

2023-08-14 11:37:30 - [TEST_STEP][PASSED] - click(findTestObject("WIZARD/3Infraestructura/6Tableros/Configuracion/Edicion/btn_SeleccionarOficina")): Object: 'Object Repository/WIZARD/3Infraestructura/6Tableros/Configuracion/Edicion/btn_SeleccionarOficina' is clicked on

2023-08-14 11:37:31 - [MESSAGE][PASSED] - Object: 'Object Repository/WIZARD/3Infraestructura/6Tableros/Configuracion/Edicion/btn_SeleccionarOficina' is clicked on

2023-08-14 11:37:31 - [TEST_STEP][PASSED] - delay(3): Delayed 3 second(s)

2023-08-14 11:37:34 - [MESSAGE][PASSED] - Delayed 3 second(s)

2023-08-14 11:37:34 - [TEST_STEP][PASSED] - click(findTestObject("WIZARD/3Infraestructura/6Tableros/Configuracion/Edicion/btn_Seleccionar Oficina(1)/td_4Manizales - Manizales")): Object: 'Object Repository/WIZARD/3Infraestructura/6Tableros/Configuracion/Edicion/btn_Seleccionar Oficina(1)/td_4Manizales - Manizales' is clicked on

2023-08-14 11:37:34 - [MESSAGE][PASSED] - Object: 'Object Repository/WIZARD/3Infraestructura/6Tableros/Configuracion/Edicion/btn_Seleccionar Oficina(1)/td_4Manizales - Manizales' is clicked on

2023-08-14 11:37:34 - [TEST_STEP][PASSED] - delay(3): Delayed 3 second(s)

2023-08-14 11:37:37 - [MESSAGE][PASSED] - Delayed 3 second(s)

2023-08-14 11:37:37 - [TEST_STEP][PASSED] - scrollToElement(findTestObject("WIZARD/3Infraestructura/6Tableros/Configuracion/Edicion/input_Nombre"), 2): Scroll to object 'Object Repository/WIZARD/3Infraestructura/6Tableros/Configuracion/Edicion/input_Nombre' successfully

2023-08-14 11:37:38 - [MESSAGE][PASSED] - Scroll to object 'Object Repository/WIZARD/3Infraestructura/6Tableros/Configuracion/Edicion/input_Nombre' successfully

2023-08-14 11:37:38 - [TEST_STEP][PASSED] - setText(findTestObject("WIZARD/3Infraestructura/6Tableros/Configuracion/Edicion/input_Nombre"), "Manizales - Tablero - 1 "): Text 'Manizales - Tablero - 1 ' is set on object 'Object Repository/WIZARD/3Infraestructura/6Tableros/Configuracion/Edicion/input_Nombre'

2023-08-14 11:37:39 - [MESSAGE][PASSED] - Text 'Manizales - Tablero - 1 ' is set on object 'Object Repository/WIZARD/3Infraestructura/6Tableros/Configuracion/Edicion/input_Nombre'

2023-08-14 11:37:39 - [TEST_STEP][PASSED] - setText(findTestObject("WIZARD/3Infraestructura/6Tableros/Configuracion/Edicion/textarea_Descripcion"), "Manizales - Tablero - 1"): Text 'Manizales - Tablero - 1' is set on object 'Object Repository/WIZARD/3Infraestructura/6Tableros/Configuracion/Edicion/textarea_Descripcion'

2023-08-14 11:37:39 - [MESSAGE][PASSED] - Text 'Manizales - Tablero - 1' is set on object 'Object Repository/WIZARD/3Infraestructura/6Tableros/Configuracion/Edicion/textarea_Descripcion'

2023-08-14 11:37:39 - [TEST_STEP][PASSED] - scrollToPosition(0, 0): Browser is scrolled to position x = 0, y = 0

2023-08-14 11:37:39 - [MESSAGE][PASSED] - Browser is scrolled to position x = 0, y = 0

2023-08-14 11:37:39 - [TEST_STEP][PASSED] - delay(2): Delayed 2 second(s)

2023-08-14 11:37:41 - [MESSAGE][PASSED] - Delayed 2 second(s)

2023-08-14 11:37:41 - [TEST_STEP][PASSED] - click(findTestObject("WIZARD/3Infraestructura/6Tableros/Configuracion/Edicion/img_Nuevo")): Object: 'Object Repository/WIZARD/3Infraestructura/6Tableros/Configuracion/Edicion/img_Nuevo' is clicked on

2023-08-14 11:37:42 - [MESSAGE][PASSED] - Object: 'Object Repository/WIZARD/3Infraestructura/6Tableros/Configuracion/Edicion/img_Nuevo' is clicked on

2023-08-14 11:37:42 - [TEST_STEP][PASSED] - delay(3): Delayed 3 second(s)

2023-08-14 11:37:45 - [MESSAGE][PASSED] - Delayed 3 second(s)

2023-08-14 11:37:45 - [TEST_STEP][PASSED] - click(findTestObject("WIZARD/3Infraestructura/0Menu/span_Tableros")): Object: 'Object Repository/WIZARD/3Infraestructura/0Menu/span_Tableros' is clicked on

2023-08-14 11:37:47 - [MESSAGE][PASSED] - Object: 'Object Repository/WIZARD/3Infraestructura/0Menu/span_Tableros' is clicked on

2023-08-14 11:37:47 - [TEST_STEP][PASSED] - delay(3): Delayed 3 second(s)

2023-08-14 11:37:50 - [MESSAGE][PASSED] - Delayed 3 second(s)

2023-08-14 11:37:50 - [TEST_STEP][PASSED] - click(findTestObject("WIZARD/3Infraestructura/6Tableros/0OficinaModal/a_x(Cerrar)")): Object: 'Object Repository/WIZARD/3Infraestructura/6Tableros/0OficinaModal/a_x(Cerrar)' is clicked on

2023-08-14 11:37:51 - [MESSAGE][PASSED] - Object: 'Object Repository/WIZARD/3Infraestructura/6Tableros/0OficinaModal/a_x(Cerrar)' is clicked on

2023-08-14 11:37:51 - [TEST_STEP][PASSED] - delay(3): Delayed 3 second(s)

2023-08-14 11:37:54 - [MESSAGE][PASSED] - Delayed 3 second(s)

2023-08-14 11:37:54 - [TEST_STEP][PASSED] - click(findTestObject("WIZARD/3Infraestructura/6Tableros/Configuracion/Edicion/btn_SeleccionarOficina")): Object: 'Object Repository/WIZARD/3Infraestructura/6Tableros/Configuracion/Edicion/btn_SeleccionarOficina' is clicked on

2023-08-14 11:37:54 - [MESSAGE][PASSED] - Object: 'Object Repository/WIZARD/3Infraestructura/6Tableros/Configuracion/Edicion/btn_SeleccionarOficina' is clicked on

2023-08-14 11:37:54 - [TEST_STEP][PASSED] - delay(3): Delayed 3 second(s)

2023-08-14 11:37:57 - [MESSAGE][PASSED] - Delayed 3 second(s)

2023-08-14 11:37:57 - [TEST_STEP][PASSED] - click(findTestObject("WIZARD/3Infraestructura/6Tableros/Configuracion/Edicion/btn_Seleccionar Oficina(1)/td_5Medellin - Laureles")): Object: 'Object Repository/WIZARD/3Infraestructura/6Tableros/Configuracion/Edicion/btn_Seleccionar Oficina(1)/td_5Medellin - Laureles' is clicked on

2023-08-14 11:37:57 - [MESSAGE][PASSED] - Object: 'Object Repository/WIZARD/3Infraestructura/6Tableros/Configuracion/Edicion/btn_Seleccionar Oficina(1)/td_5Medellin - Laureles' is clicked on

2023-08-14 11:37:57 - [TEST_STEP][PASSED] - delay(3): Delayed 3 second(s)

2023-08-14 11:38:00 - [MESSAGE][PASSED] - Delayed 3 second(s)

2023-08-14 11:38:00 - [TEST_STEP][PASSED] - scrollToElement(findTestObject("WIZARD/3Infraestructura/6Tableros/Configuracion/Edicion/input_Nombre"), 2): Scroll to object 'Object Repository/WIZARD/3Infraestructura/6Tableros/Configuracion/Edicion/input_Nombre' successfully

2023-08-14 11:38:01 - [MESSAGE][PASSED] - Scroll to object 'Object Repository/WIZARD/3Infraestructura/6Tableros/Configuracion/Edicion/input_Nombre' successfully

2023-08-14 11:38:01 - [TEST_STEP][PASSED] - setText(findTestObject("WIZARD/3Infraestructura/6Tableros/Configuracion/Edicion/input_Nombre"), "Medellin - Tablero - 1 "): Text 'Medellin - Tablero - 1 ' is set on object 'Object Repository/WIZARD/3Infraestructura/6Tableros/Configuracion/Edicion/input_Nombre'

2023-08-14 11:38:02 - [MESSAGE][PASSED] - Text 'Medellin - Tablero - 1 ' is set on object 'Object Repository/WIZARD/3Infraestructura/6Tableros/Configuracion/Edicion/input_Nombre'

2023-08-14 11:38:02 - [TEST_STEP][PASSED] - setText(findTestObject("WIZARD/3Infraestructura/6Tableros/Configuracion/Edicion/textarea_Descripcion"), "Medellin - Tablero - 1"): Text 'Medellin - Tablero - 1' is set on object 'Object Repository/WIZARD/3Infraestructura/6Tableros/Configuracion/Edicion/textarea_Descripcion'

2023-08-14 11:38:02 - [MESSAGE][PASSED] - Text 'Medellin - Tablero - 1' is set on object 'Object Repository/WIZARD/3Infraestructura/6Tableros/Configuracion/Edicion/textarea_Descripcion'

2023-08-14 11:38:02 - [TEST_STEP][PASSED] - scrollToPosition(0, 0): Browser is scrolled to position x = 0, y = 0

2023-08-14 11:38:02 - [MESSAGE][PASSED] - Browser is scrolled to position x = 0, y = 0

2023-08-14 11:38:02 - [TEST_STEP][PASSED] - delay(2): Delayed 2 second(s)

2023-08-14 11:38:04 - [MESSAGE][PASSED] - Delayed 2 second(s)

2023-08-14 11:38:04 - [TEST_STEP][PASSED] - click(findTestObject("WIZARD/3Infraestructura/6Tableros/Configuracion/Edicion/img_Nuevo")): Object: 'Object Repository/WIZARD/3Infraestructura/6Tableros/Configuracion/Edicion/img_Nuevo' is clicked on

2023-08-14 11:38:05 - [MESSAGE][PASSED] - Object: 'Object Repository/WIZARD/3Infraestructura/6Tableros/Configuracion/Edicion/img_Nuevo' is clicked on

2023-08-14 11:38:05 - [TEST_STEP][PASSED] - delay(3): Delayed 3 second(s)

2023-08-14 11:38:08 - [MESSAGE][PASSED] - Delayed 3 second(s)

2023-08-14 11:38:08 - [TEST_STEP][PASSED] - click(findTestObject("WIZARD/3Infraestructura/0Menu/span_Tableros")): Object: 'Object Repository/WIZARD/3Infraestructura/0Menu/span_Tableros' is clicked on

2023-08-14 11:38:10 - [MESSAGE][PASSED] - Object: 'Object Repository/WIZARD/3Infraestructura/0Menu/span_Tableros' is clicked on

2023-08-14 11:38:10 - [TEST_STEP][PASSED] - delay(3): Delayed 3 second(s)

2023-08-14 11:38:13 - [MESSAGE][PASSED] - Delayed 3 second(s)

2023-08-14 11:38:13 - [TEST_STEP][PASSED] - click(findTestObject("WIZARD/3Infraestructura/6Tableros/0OficinaModal/a_x(Cerrar)")): Object: 'Object Repository/WIZARD/3Infraestructura/6Tableros/0OficinaModal/a_x(Cerrar)' is clicked on

2023-08-14 11:38:14 - [MESSAGE][PASSED] - Object: 'Object Repository/WIZARD/3Infraestructura/6Tableros/0OficinaModal/a_x(Cerrar)' is clicked on

2023-08-14 11:38:14 - [TEST_STEP][PASSED] - delay(3): Delayed 3 second(s)

2023-08-14 11:38:17 - [MESSAGE][PASSED] - Delayed 3 second(s)

2023-08-14 11:38:17 - [TEST_STEP][PASSED] - click(findTestObject("WIZARD/3Infraestructura/6Tableros/Configuracion/Edicion/btn_SeleccionarOficina")): Object: 'Object Repository/WIZARD/3Infraestructura/6Tableros/Configuracion/Edicion/btn_SeleccionarOficina' is clicked on

2023-08-14 11:38:17 - [MESSAGE][PASSED] - Object: 'Object Repository/WIZARD/3Infraestructura/6Tableros/Configuracion/Edicion/btn_SeleccionarOficina' is clicked on

2023-08-14 11:38:17 - [TEST_STEP][PASSED] - delay(3): Delayed 3 second(s)

2023-08-14 11:38:20 - [MESSAGE][PASSED] - Delayed 3 second(s)

2023-08-14 11:38:20 - [TEST_STEP][PASSED] - click(findTestObject("WIZARD/3Infraestructura/6Tableros/Configuracion/Edicion/btn_Seleccionar Oficina(1)/td_6Virtual - Oficina Virtual")): Object: 'Object Repository/WIZARD/3Infraestructura/6Tableros/Configuracion/Edicion/btn_Seleccionar Oficina(1)/td_6Virtual - Oficina Virtual' is clicked on

2023-08-14 11:38:21 - [MESSAGE][PASSED] - Object: 'Object Repository/WIZARD/3Infraestructura/6Tableros/Configuracion/Edicion/btn_Seleccionar Oficina(1)/td_6Virtual - Oficina Virtual' is clicked on

2023-08-14 11:38:21 - [TEST_STEP][PASSED] - delay(3): Delayed 3 second(s)

2023-08-14 11:38:24 - [MESSAGE][PASSED] - Delayed 3 second(s)

2023-08-14 11:38:24 - [TEST_STEP][PASSED] - scrollToElement(findTestObject("WIZARD/3Infraestructura/6Tableros/Configuracion/Edicion/input_Nombre"), 2): Scroll to object 'Object Repository/WIZARD/3Infraestructura/6Tableros/Configuracion/Edicion/input_Nombre' successfully

2023-08-14 11:38:24 - [MESSAGE][PASSED] - Scroll to object 'Object Repository/WIZARD/3Infraestructura/6Tableros/Configuracion/Edicion/input_Nombre' successfully

2023-08-14 11:38:24 - [TEST_STEP][PASSED] - setText(findTestObject("WIZARD/3Infraestructura/6Tableros/Configuracion/Edicion/input_Nombre"), "Virtual - Tablero - 1 "): Text 'Virtual - Tablero - 1 ' is set on object 'Object Repository/WIZARD/3Infraestructura/6Tableros/Configuracion/Edicion/input_Nombre'

2023-08-14 11:38:25 - [MESSAGE][PASSED] - Text 'Virtual - Tablero - 1 ' is set on object 'Object Repository/WIZARD/3Infraestructura/6Tableros/Configuracion/Edicion/input_Nombre'

2023-08-14 11:38:25 - [TEST_STEP][PASSED] - setText(findTestObject("WIZARD/3Infraestructura/6Tableros/Configuracion/Edicion/textarea_Descripcion"), "Virtual - Tablero - 1"): Text 'Virtual - Tablero - 1' is set on object 'Object Repository/WIZARD/3Infraestructura/6Tableros/Configuracion/Edicion/textarea_Descripcion'

2023-08-14 11:38:26 - [MESSAGE][PASSED] - Text 'Virtual - Tablero - 1' is set on object 'Object Repository/WIZARD/3Infraestructura/6Tableros/Configuracion/Edicion/textarea_Descripcion'

2023-08-14 11:38:26 - [TEST_STEP][PASSED] - scrollToPosition(0, 0): Browser is scrolled to position x = 0, y = 0

2023-08-14 11:38:26 - [MESSAGE][PASSED] - Browser is scrolled to position x = 0, y = 0

2023-08-14 11:38:26 - [TEST_STEP][PASSED] - delay(2): Delayed 2 second(s)

2023-08-14 11:38:28 - [MESSAGE][PASSED] - Delayed 2 second(s)

2023-08-14 11:38:28 - [TEST_STEP][PASSED] - click(findTestObject("WIZARD/3Infraestructura/6Tableros/Configuracion/Edicion/img_Nuevo")): Object: 'Object Repository/WIZARD/3Infraestructura/6Tableros/Configuracion/Edicion/img_Nuevo' is clicked on

2023-08-14 11:38:28 - [MESSAGE][PASSED] - Object: 'Object Repository/WIZARD/3Infraestructura/6Tableros/Configuracion/Edicion/img_Nuevo' is clicked on

2023-08-14 11:38:28 - [TEST_STEP][PASSED] - delay(3): Delayed 3 second(s)

2023-08-14 11:38:31 - [MESSAGE][PASSED] - Delayed 3 second(s)

2023-08-14 11:38:31 - [TEST_STEP][PASSED] - click(findTestObject("WIZARD/3Infraestructura/0Menu/span_Tableros")): Object: 'Object Repository/WIZARD/3Infraestructura/0Menu/span_Tableros' is clicked on

2023-08-14 11:38:34 - [MESSAGE][PASSED] - Object: 'Object Repository/WIZARD/3Infraestructura/0Menu/span_Tableros' is clicked on

2023-08-14 11:38:34 - [TEST_STEP][PASSED] - delay(3): Delayed 3 second(s)

2023-08-14 11:38:37 - [MESSAGE][PASSED] - Delayed 3 second(s)

2023-08-14 11:38:37 - [TEST_STEP][PASSED] - click(findTestObject("WIZARD/3Infraestructura/6Tableros/0OficinaModal/a_x(Cerrar)")): Object: 'Object Repository/WIZARD/3Infraestructura/6Tableros/0OficinaModal/a_x(Cerrar)' is clicked on

2023-08-14 11:38:38 - [MESSAGE][PASSED] - Object: 'Object Repository/WIZARD/3Infraestructura/6Tableros/0OficinaModal/a_x(Cerrar)' is clicked on

2023-08-14 11:38:38 - [TEST_STEP][PASSED] - delay(3): Delayed 3 second(s)

2023-08-14 11:38:41 - [MESSAGE][PASSED] - Delayed 3 second(s)

2023-08-14 11:38:41 - [TEST_STEP][PASSED] - click(findTestObject("WIZARD/3Infraestructura/6Tableros/Configuracion/Edicion/btn_SeleccionarOficina")): Object: 'Object Repository/WIZARD/3Infraestructura/6Tableros/Configuracion/Edicion/btn_SeleccionarOficina' is clicked on

2023-08-14 11:38:41 - [MESSAGE][PASSED] - Object: 'Object Repository/WIZARD/3Infraestructura/6Tableros/Configuracion/Edicion/btn_SeleccionarOficina' is clicked on

2023-08-14 11:38:41 - [TEST_STEP][PASSED] - delay(3): Delayed 3 second(s)

2023-08-14 11:38:44 - [MESSAGE][PASSED] - Delayed 3 second(s)

2023-08-14 11:38:44 - [TEST_STEP][PASSED] - click(findTestObject("WIZARD/3Infraestructura/6Tableros/Configuracion/Edicion/btn_Seleccionar Oficina(1)/td_7WorkFlow - Oficina WorkFlow")): Object: 'Object Repository/WIZARD/3Infraestructura/6Tableros/Configuracion/Edicion/btn_Seleccionar Oficina(1)/td_7WorkFlow - Oficina WorkFlow' is clicked on

2023-08-14 11:38:45 - [MESSAGE][PASSED] - Object: 'Object Repository/WIZARD/3Infraestructura/6Tableros/Configuracion/Edicion/btn_Seleccionar Oficina(1)/td_7WorkFlow - Oficina WorkFlow' is clicked on

2023-08-14 11:38:45 - [TEST_STEP][PASSED] - delay(3): Delayed 3 second(s)

2023-08-14 11:38:48 - [MESSAGE][PASSED] - Delayed 3 second(s)

2023-08-14 11:38:48 - [TEST_STEP][PASSED] - scrollToElement(findTestObject("WIZARD/3Infraestructura/6Tableros/Configuracion/Edicion/input_Nombre"), 2): Scroll to object 'Object Repository/WIZARD/3Infraestructura/6Tableros/Configuracion/Edicion/input_Nombre' successfully

2023-08-14 11:38:48 - [MESSAGE][PASSED] - Scroll to object 'Object Repository/WIZARD/3Infraestructura/6Tableros/Configuracion/Edicion/input_Nombre' successfully

2023-08-14 11:38:48 - [TEST_STEP][PASSED] - setText(findTestObject("WIZARD/3Infraestructura/6Tableros/Configuracion/Edicion/input_Nombre"), "WorkFlow - Tablero - 1 "): Text 'WorkFlow - Tablero - 1 ' is set on object 'Object Repository/WIZARD/3Infraestructura/6Tableros/Configuracion/Edicion/input_Nombre'

2023-08-14 11:38:49 - [MESSAGE][PASSED] - Text 'WorkFlow - Tablero - 1 ' is set on object 'Object Repository/WIZARD/3Infraestructura/6Tableros/Configuracion/Edicion/input_Nombre'

2023-08-14 11:38:49 - [TEST_STEP][PASSED] - setText(findTestObject("WIZARD/3Infraestructura/6Tableros/Configuracion/Edicion/textarea_Descripcion"), "WorkFlow - Tablero - 1"): Text 'WorkFlow - Tablero - 1' is set on object 'Object Repository/WIZARD/3Infraestructura/6Tableros/Configuracion/Edicion/textarea_Descripcion'

2023-08-14 11:38:50 - [MESSAGE][PASSED] - Text 'WorkFlow - Tablero - 1' is set on object 'Object Repository/WIZARD/3Infraestructura/6Tableros/Configuracion/Edicion/textarea_Descripcion'

2023-08-14 11:38:50 - [TEST_STEP][PASSED] - scrollToPosition(0, 0): Browser is scrolled to position x = 0, y = 0

2023-08-14 11:38:50 - [MESSAGE][PASSED] - Browser is scrolled to position x = 0, y = 0

2023-08-14 11:38:50 - [TEST_STEP][PASSED] - delay(2): Delayed 2 second(s)

2023-08-14 11:38:52 - [MESSAGE][PASSED] - Delayed 2 second(s)

2023-08-14 11:38:52 - [TEST_STEP][PASSED] - click(findTestObject("WIZARD/3Infraestructura/6Tableros/Configuracion/Edicion/img_Nuevo")): Object: 'Object Repository/WIZARD/3Infraestructura/6Tableros/Configuracion/Edicion/img_Nuevo' is clicked on

2023-08-14 11:38:52 - [MESSAGE][PASSED] - Object: 'Object Repository/WIZARD/3Infraestructura/6Tableros/Configuracion/Edicion/img_Nuevo' is clicked on

2023-08-14 11:38:52 - [TEST_STEP][PASSED] - delay(3): Delayed 3 second(s)

2023-08-14 11:38:55 - [MESSAGE][PASSED] - Delayed 3 second(s)

2023-08-14 11:38:55 - [TEST_STEP][PASSED] - takeFullPageScreenshot(): Taking screenshot successfully

2023-08-14 11:38:56 - [MESSAGE][INFO] - 0 hidden object(s)

2023-08-14 11:38:56 - [MESSAGE][PASSED] - Taking screenshot successfully
[[ATTACHMENT|C:\\CIEL INGENIERIA\\Katalon\\Digiturno55\\Reports\\20230814_104251\\WIZARD\\3Infraestructura\\6Tableros\\5.6 Crear Tableros\\20230814_104404\\1692031135553.png]]

2023-08-14 11:38:56 - [TEST_STEP][PASSED] - delay(3): Delayed 3 second(s)

2023-08-14 11:38:59 - [MESSAGE][PASSED] - Delayed 3 second(s)

2023-08-14 11:38:59 - [TEST_STEP][PASSED] - Start listener action : sampleAfterTestCase: null]]></system-out>
         <system-err><![CDATA[]]></system-err>
      </testcase>
      <system-out><![CDATA[2023-08-14 11:35:54 - [TEST_SUITE][PASSED] - 5.6 Crear Tableros: Test Cases/WIZARD/3Infraestructura/6Tableros/5.6 Crear Tableros]]></system-out>
      <system-err><![CDATA[]]></system-err>
   </testsuite>
</testsuites>
