<?xml version="1.0" encoding="UTF-8"?>
<testsuites name="4 Cancelacion Transaccion" time="50.446" tests="1" failures="0" errors="0">
   <testsuite name="4 Cancelacion Transaccion" tests="1" failures="0" errors="0" time="50.446" skipped="0" timestamp="2024-04-08 07:56:47" hostname="jdavila - PCPruebas101.ciel.cielingenieria.com" id="Test Suites/DIGITURNO/OPERACION BASICA TERMINAL/4 Cancelacion Transaccion">
      <properties>
         <property name="deviceName" value=""/>
         <property name="devicePlatform" value=""/>
         <property name="logFolder" value="C:\\CIEL INGENIERIA\\Katalon\\Digiturno55\\Reports\\20240408_075042\\DIGITURNO\\OPERACION BASICA TERMINAL\\4 Cancelacion Transaccion\\20240408_075051"/>
         <property name="logFiles" value="C:\\CIEL INGENIERIA\\Katalon\\Digiturno55\\Reports\\20240408_075042\\DIGITURNO\\OPERACION BASICA TERMINAL\\4 Cancelacion Transaccion\\20240408_075051\\execution0.log"/>
         <property name="attachments" value="C:\\CIEL INGENIERIA\\Katalon\\Digiturno55\\Reports\\20240408_075042\\DIGITURNO\\OPERACION BASICA TERMINAL\\4 Cancelacion Transaccion\\20240408_075051\\1712581019544.png, C:\\CIEL INGENIERIA\\Katalon\\Digiturno55\\Reports\\20240408_075042\\DIGITURNO\\OPERACION BASICA TERMINAL\\4 Cancelacion Transaccion\\20240408_075051\\1712581048013.png"/>
         <property name="hostName" value="jdavila - PCPruebas101.ciel.cielingenieria.com"/>
         <property name="os" value="Windows 10 64bit"/>
         <property name="katalonVersion" value="8.6.9.208"/>
         <property name="browser" value="Chrome 123.0.0.0"/>
         <property name="hostAddress" value="192.168.0.6"/>
         <property name="sessionId" value="e6bbdc3841fb6945080dcef701d9bde0"/>
         <property name="seleniumVersion" value="3.141.59"/>
         <property name="proxyInformation" value="ProxyInformation { proxyOption=NO_PROXY, proxyServerType=HTTP, username=, password=********, proxyServerAddress=, proxyServerPort=0, executionList=&quot;&quot;, isApplyToDesiredCapabilities=true }"/>
         <property name="platform" value="Windows 10"/>
      </properties>
      <testcase name="Test Cases/DIGITURNO/OPERACION BASICA TERMINAL/4 Cancelacion Transaccion" time="50.165" classname="Test Cases/DIGITURNO/OPERACION BASICA TERMINAL/4 Cancelacion Transaccion" status="PASSED">
         <system-out><![CDATA[2024-04-08 07:56:47 - [TEST_CASE][PASSED] - Test Cases/DIGITURNO/OPERACION BASICA TERMINAL/4 Cancelacion Transaccion: Test Cases/DIGITURNO/OPERACION BASICA TERMINAL/4 Cancelacion Transaccion

2024-04-08 07:56:48 - [TEST_STEP][PASSED] - callTestCase(findTestCase("0InicioSesionOperacionBasica"), [:], STOP_ON_FAILURE): Call Test Case 'Test Cases/0InicioSesionOperacionBasica' successfully

2024-04-08 07:56:48 - [TEST_CASE][PASSED] - Test Cases/0InicioSesionOperacionBasica: Test Cases/0InicioSesionOperacionBasica

2024-04-08 07:56:48 - [TEST_STEP][PASSED] - openBrowser(UrlDigiturno): Browser is opened with url: 'https://PCPruebas101.ciel.cielingenieria.com:8910'

2024-04-08 07:56:49 - [MESSAGE][INFO] - Starting 'Chrome' driver

2024-04-08 07:56:49 - [MESSAGE][INFO] - User set preference: ['args', '[--use-fake-ui-for-media-stream, --disable-notifications]']

2024-04-08 07:56:49 - [MESSAGE][INFO] - Action delay is set to 0 milliseconds

2024-04-08 07:56:51 - [MESSAGE][PASSED] - Browser is opened with url: 'https://PCPruebas101.ciel.cielingenieria.com:8910'

2024-04-08 07:56:51 - [TEST_STEP][PASSED] - maximizeWindow(): Current window maximized

2024-04-08 07:56:51 - [MESSAGE][PASSED] - Current window maximized

2024-04-08 07:56:51 - [TEST_STEP][PASSED] - delay(3): Delayed 3 second(s)

2024-04-08 07:56:54 - [MESSAGE][PASSED] - Delayed 3 second(s)

2024-04-08 07:56:54 - [TEST_STEP][PASSED] - setText(findTestObject("0Inicio Sesion/input_Usuario"), "Ciel"): Text 'Ciel' is set on object 'Object Repository/0Inicio Sesion/input_Usuario'

2024-04-08 07:56:55 - [MESSAGE][PASSED] - Text 'Ciel' is set on object 'Object Repository/0Inicio Sesion/input_Usuario'

2024-04-08 07:56:55 - [TEST_STEP][PASSED] - setText(findTestObject("0Inicio Sesion/input_Clave"), "digiturno"): Text 'digiturno' is set on object 'Object Repository/0Inicio Sesion/input_Clave'

2024-04-08 07:56:56 - [MESSAGE][PASSED] - Text 'digiturno' is set on object 'Object Repository/0Inicio Sesion/input_Clave'

2024-04-08 07:56:56 - [TEST_STEP][PASSED] - click(findTestObject("0Inicio Sesion/btn_IniciarSesion")): Object: 'Object Repository/0Inicio Sesion/btn_IniciarSesion' is clicked on

2024-04-08 07:56:56 - [MESSAGE][PASSED] - Object: 'Object Repository/0Inicio Sesion/btn_IniciarSesion' is clicked on

2024-04-08 07:56:56 - [TEST_STEP][PASSED] - delay(3): Delayed 3 second(s)

2024-04-08 07:56:59 - [MESSAGE][PASSED] - Delayed 3 second(s)

2024-04-08 07:56:59 - [TEST_STEP][PASSED] - takeFullPageScreenshot(): Taking screenshot successfully

2024-04-08 07:56:59 - [MESSAGE][INFO] - 0 hidden object(s)

2024-04-08 07:57:00 - [MESSAGE][PASSED] - Taking screenshot successfully
[[ATTACHMENT|C:\\CIEL INGENIERIA\\Katalon\\Digiturno55\\Reports\\20240408_075042\\DIGITURNO\\OPERACION BASICA TERMINAL\\4 Cancelacion Transaccion\\20240408_075051\\1712581019544.png]]

2024-04-08 07:57:00 - [TEST_STEP][PASSED] - delay(3): Delayed 3 second(s)

2024-04-08 07:57:03 - [MESSAGE][PASSED] - Delayed 3 second(s)

2024-04-08 07:57:03 - [MESSAGE][PASSED] - Call Test Case 'Test Cases/0InicioSesionOperacionBasica' successfully

2024-04-08 07:57:03 - [TEST_STEP][PASSED] - click(findTestObject("DIGITURNO/1Principal/img_Operacion(1)")): Object: 'Object Repository/DIGITURNO/1Principal/img_Operacion(1)' is clicked on

2024-04-08 07:57:03 - [MESSAGE][PASSED] - Object: 'Object Repository/DIGITURNO/1Principal/img_Operacion(1)' is clicked on

2024-04-08 07:57:03 - [TEST_STEP][PASSED] - delay(3): Delayed 3 second(s)

2024-04-08 07:57:06 - [MESSAGE][PASSED] - Delayed 3 second(s)

2024-04-08 07:57:06 - [TEST_STEP][PASSED] - click(findTestObject("DIGITURNO/OPERACION/0Principal/Elementos del Sistema/img_Terminales")): Object: 'Object Repository/DIGITURNO/OPERACION/0Principal/Elementos del Sistema/img_Terminales' is clicked on

2024-04-08 07:57:07 - [MESSAGE][PASSED] - Object: 'Object Repository/DIGITURNO/OPERACION/0Principal/Elementos del Sistema/img_Terminales' is clicked on

2024-04-08 07:57:07 - [TEST_STEP][PASSED] - delay(3): Delayed 3 second(s)

2024-04-08 07:57:10 - [MESSAGE][PASSED] - Delayed 3 second(s)

2024-04-08 07:57:10 - [TEST_STEP][PASSED] - click(findTestObject("DIGITURNO/OPERACION/2Terminales/0Oficinas/td_1Bogota - CIEL")): Object: 'Object Repository/DIGITURNO/OPERACION/2Terminales/0Oficinas/td_1Bogota - CIEL' is clicked on

2024-04-08 07:57:10 - [MESSAGE][PASSED] - Object: 'Object Repository/DIGITURNO/OPERACION/2Terminales/0Oficinas/td_1Bogota - CIEL' is clicked on

2024-04-08 07:57:10 - [TEST_STEP][PASSED] - delay(3): Delayed 3 second(s)

2024-04-08 07:57:13 - [MESSAGE][PASSED] - Delayed 3 second(s)

2024-04-08 07:57:13 - [TEST_STEP][PASSED] - click(findTestObject("DIGITURNO/OPERACION/2Terminales/0Terminales (Menos WorkFlow)/td_1 - Terminal - Informacion")): Object: 'Object Repository/DIGITURNO/OPERACION/2Terminales/0Terminales (Menos WorkFlow)/td_1 - Terminal - Informacion' is clicked on

2024-04-08 07:57:14 - [MESSAGE][PASSED] - Object: 'Object Repository/DIGITURNO/OPERACION/2Terminales/0Terminales (Menos WorkFlow)/td_1 - Terminal - Informacion' is clicked on

2024-04-08 07:57:14 - [TEST_STEP][PASSED] - switchToWindowIndex(1): Switched to window with index: '1'

2024-04-08 07:57:14 - [MESSAGE][PASSED] - Switched to window with index: '1'

2024-04-08 07:57:14 - [TEST_STEP][PASSED] - delay(3): Delayed 3 second(s)

2024-04-08 07:57:17 - [MESSAGE][PASSED] - Delayed 3 second(s)

2024-04-08 07:57:17 - [TEST_STEP][PASSED] - click(findTestObject("DIGITURNO/OPERACION/2Terminales/Terminal/img_Llamar")): Object: 'Object Repository/DIGITURNO/OPERACION/2Terminales/Terminal/img_Llamar' is clicked on

2024-04-08 07:57:17 - [MESSAGE][PASSED] - Object: 'Object Repository/DIGITURNO/OPERACION/2Terminales/Terminal/img_Llamar' is clicked on

2024-04-08 07:57:17 - [TEST_STEP][PASSED] - delay(3): Delayed 3 second(s)

2024-04-08 07:57:20 - [MESSAGE][PASSED] - Delayed 3 second(s)

2024-04-08 07:57:20 - [TEST_STEP][PASSED] - click(findTestObject("DIGITURNO/OPERACION/2Terminales/Terminal/img_Cancelar Transaccion")): Object: 'Object Repository/DIGITURNO/OPERACION/2Terminales/Terminal/img_Cancelar Transaccion' is clicked on

2024-04-08 07:57:21 - [MESSAGE][PASSED] - Object: 'Object Repository/DIGITURNO/OPERACION/2Terminales/Terminal/img_Cancelar Transaccion' is clicked on

2024-04-08 07:57:21 - [TEST_STEP][PASSED] - delay(3): Delayed 3 second(s)

2024-04-08 07:57:24 - [MESSAGE][PASSED] - Delayed 3 second(s)

2024-04-08 07:57:24 - [TEST_STEP][PASSED] - click(findTestObject("DIGITURNO/OPERACION/2Terminales/Terminal/img_Cancelar Transaccion(1)/btn_4Tramitador_16C")): Object: 'Object Repository/DIGITURNO/OPERACION/2Terminales/Terminal/img_Cancelar Transaccion(1)/btn_4Tramitador_16C' is clicked on

2024-04-08 07:57:24 - [MESSAGE][PASSED] - Object: 'Object Repository/DIGITURNO/OPERACION/2Terminales/Terminal/img_Cancelar Transaccion(1)/btn_4Tramitador_16C' is clicked on

2024-04-08 07:57:24 - [TEST_STEP][PASSED] - delay(3): Delayed 3 second(s)

2024-04-08 07:57:28 - [MESSAGE][PASSED] - Delayed 3 second(s)

2024-04-08 07:57:28 - [TEST_STEP][PASSED] - takeFullPageScreenshot(): Taking screenshot successfully

2024-04-08 07:57:28 - [MESSAGE][INFO] - 0 hidden object(s)

2024-04-08 07:57:28 - [MESSAGE][PASSED] - Taking screenshot successfully
[[ATTACHMENT|C:\\CIEL INGENIERIA\\Katalon\\Digiturno55\\Reports\\20240408_075042\\DIGITURNO\\OPERACION BASICA TERMINAL\\4 Cancelacion Transaccion\\20240408_075051\\1712581048013.png]]

2024-04-08 07:57:28 - [TEST_STEP][PASSED] - delay(2): Delayed 2 second(s)

2024-04-08 07:57:30 - [MESSAGE][PASSED] - Delayed 2 second(s)

2024-04-08 07:57:30 - [TEST_STEP][PASSED] - click(findTestObject("DIGITURNO/OPERACION/2Terminales/Terminal/img_Cerrar")): Object: 'Object Repository/DIGITURNO/OPERACION/2Terminales/Terminal/img_Cerrar' is clicked on

2024-04-08 07:57:31 - [MESSAGE][PASSED] - Object: 'Object Repository/DIGITURNO/OPERACION/2Terminales/Terminal/img_Cerrar' is clicked on

2024-04-08 07:57:31 - [TEST_STEP][PASSED] - delay(3): Delayed 3 second(s)

2024-04-08 07:57:34 - [MESSAGE][PASSED] - Delayed 3 second(s)

2024-04-08 07:57:34 - [TEST_STEP][PASSED] - click(findTestObject("DIGITURNO/OPERACION/2Terminales/Terminal/img_Cerrar(1)/btn_4FindeJornada_8")): Object: 'Object Repository/DIGITURNO/OPERACION/2Terminales/Terminal/img_Cerrar(1)/btn_4FindeJornada_8' is clicked on

2024-04-08 07:57:34 - [MESSAGE][PASSED] - Object: 'Object Repository/DIGITURNO/OPERACION/2Terminales/Terminal/img_Cerrar(1)/btn_4FindeJornada_8' is clicked on

2024-04-08 07:57:34 - [TEST_STEP][PASSED] - delay(3): Delayed 3 second(s)

2024-04-08 07:57:37 - [MESSAGE][PASSED] - Delayed 3 second(s)

2024-04-08 07:57:37 - [TEST_STEP][PASSED] - Start listener action : sampleAfterTestCase: null]]></system-out>
         <system-err><![CDATA[]]></system-err>
      </testcase>
      <system-out><![CDATA[2024-04-08 07:56:47 - [TEST_SUITE][PASSED] - 4 Cancelacion Transaccion: Test Cases/DIGITURNO/OPERACION BASICA TERMINAL/4 Cancelacion Transaccion]]></system-out>
      <system-err><![CDATA[]]></system-err>
   </testsuite>
</testsuites>
