<?xml version="1.0" encoding="UTF-8"?>
<testsuites name="5.3 Crear Grupos Chipichape" time="83.611" tests="1" failures="0" errors="0">
   <testsuite name="5.3 Crear Grupos Chipichape" tests="1" failures="0" errors="0" time="83.611" skipped="0" timestamp="2024-03-11 10:36:34" hostname="jdavila - PCPruebas101.ciel.cielingenieria.com" id="Test Suites/WIZARD/3Infraestructura/3Grupos/5.3 Crear Grupos Chipichape">
      <properties>
         <property name="deviceName" value=""/>
         <property name="devicePlatform" value=""/>
         <property name="logFolder" value="C:\\CIEL INGENIERIA\\Katalon\\Digiturno55\\Reports\\20240311_101053\\WIZARD\\3Infraestructura\\3Grupos\\5.3 Crear Grupos Chipichape\\20240311_101136"/>
         <property name="logFiles" value="C:\\CIEL INGENIERIA\\Katalon\\Digiturno55\\Reports\\20240311_101053\\WIZARD\\3Infraestructura\\3Grupos\\5.3 Crear Grupos Chipichape\\20240311_101136\\execution0.log"/>
         <property name="attachments" value="C:\\CIEL INGENIERIA\\Katalon\\Digiturno55\\Reports\\20240311_101053\\WIZARD\\3Infraestructura\\3Grupos\\5.3 Crear Grupos Chipichape\\20240311_101136\\1710171474361.png"/>
         <property name="hostName" value="jdavila - PCPruebas101.ciel.cielingenieria.com"/>
         <property name="os" value="Windows 10 64bit"/>
         <property name="katalonVersion" value="8.6.8.208"/>
         <property name="browser" value="Chrome 122.0.0.0"/>
         <property name="hostAddress" value="192.168.91.14"/>
         <property name="sessionId" value="1f1f68d226d731b2b755307afe39d5b4"/>
         <property name="seleniumVersion" value="3.141.59"/>
         <property name="proxyInformation" value="ProxyInformation { proxyOption=NO_PROXY, proxyServerType=HTTP, username=, password=********, proxyServerAddress=, proxyServerPort=0, executionList=&quot;&quot;, isApplyToDesiredCapabilities=true }"/>
         <property name="platform" value="Windows 10"/>
      </properties>
      <testcase name="Test Cases/WIZARD/3Infraestructura/3Grupos/5.3 Crear Grupos Chipichape" time="83.376" classname="Test Cases/WIZARD/3Infraestructura/3Grupos/5.3 Crear Grupos Chipichape" status="PASSED">
         <system-out><![CDATA[2024-03-11 10:36:34 - [TEST_CASE][PASSED] - Test Cases/WIZARD/3Infraestructura/3Grupos/5.3 Crear Grupos Chipichape: Test Cases/WIZARD/3Infraestructura/3Grupos/5.3 Crear Grupos Chipichape

2024-03-11 10:36:35 - [TEST_STEP][PASSED] - callTestCase(findTestCase("0InicioSesion"), [:], STOP_ON_FAILURE): Call Test Case 'Test Cases/0InicioSesion' successfully

2024-03-11 10:36:35 - [TEST_CASE][PASSED] - Test Cases/0InicioSesion: Test Cases/0InicioSesion

2024-03-11 10:36:35 - [TEST_STEP][PASSED] - openBrowser(UrlDigiturno): Browser is opened with url: 'https://PCPruebas101.ciel.cielingenieria.com:8910'

2024-03-11 10:36:35 - [MESSAGE][INFO] - Starting 'Chrome' driver

2024-03-11 10:36:36 - [MESSAGE][INFO] - User set preference: ['args', '[--use-fake-ui-for-media-stream, --disable-notifications]']

2024-03-11 10:36:36 - [MESSAGE][INFO] - Action delay is set to 0 milliseconds

2024-03-11 10:36:38 - [MESSAGE][PASSED] - Browser is opened with url: 'https://PCPruebas101.ciel.cielingenieria.com:8910'

2024-03-11 10:36:38 - [TEST_STEP][PASSED] - maximizeWindow(): Current window maximized

2024-03-11 10:36:39 - [MESSAGE][PASSED] - Current window maximized

2024-03-11 10:36:39 - [TEST_STEP][PASSED] - delay(3): Delayed 3 second(s)

2024-03-11 10:36:42 - [MESSAGE][PASSED] - Delayed 3 second(s)

2024-03-11 10:36:42 - [TEST_STEP][PASSED] - setText(findTestObject("0Inicio Sesion/input_Usuario"), "Ciel"): Text 'Ciel' is set on object 'Object Repository/0Inicio Sesion/input_Usuario'

2024-03-11 10:36:42 - [MESSAGE][PASSED] - Text 'Ciel' is set on object 'Object Repository/0Inicio Sesion/input_Usuario'

2024-03-11 10:36:42 - [TEST_STEP][PASSED] - setText(findTestObject("0Inicio Sesion/input_Clave"), "digiturno"): Text 'digiturno' is set on object 'Object Repository/0Inicio Sesion/input_Clave'

2024-03-11 10:36:43 - [MESSAGE][PASSED] - Text 'digiturno' is set on object 'Object Repository/0Inicio Sesion/input_Clave'

2024-03-11 10:36:43 - [TEST_STEP][PASSED] - click(findTestObject("0Inicio Sesion/btn_IniciarSesion")): Object: 'Object Repository/0Inicio Sesion/btn_IniciarSesion' is clicked on

2024-03-11 10:36:43 - [MESSAGE][PASSED] - Object: 'Object Repository/0Inicio Sesion/btn_IniciarSesion' is clicked on

2024-03-11 10:36:43 - [TEST_STEP][PASSED] - delay(3): Delayed 3 second(s)

2024-03-11 10:36:46 - [MESSAGE][PASSED] - Delayed 3 second(s)

2024-03-11 10:36:47 - [MESSAGE][PASSED] - Call Test Case 'Test Cases/0InicioSesion' successfully

2024-03-11 10:36:47 - [TEST_STEP][PASSED] - click(findTestObject("WIZARD/0Principal/img_InfraestructuraMAX")): Object: 'Object Repository/WIZARD/0Principal/img_InfraestructuraMAX' is clicked on

2024-03-11 10:36:47 - [MESSAGE][PASSED] - Object: 'Object Repository/WIZARD/0Principal/img_InfraestructuraMAX' is clicked on

2024-03-11 10:36:47 - [TEST_STEP][PASSED] - delay(3): Delayed 3 second(s)

2024-03-11 10:36:50 - [MESSAGE][PASSED] - Delayed 3 second(s)

2024-03-11 10:36:50 - [TEST_STEP][PASSED] - click(findTestObject("WIZARD/3Infraestructura/0Menu/span_Grupos")): Object: 'Object Repository/WIZARD/3Infraestructura/0Menu/span_Grupos' is clicked on

2024-03-11 10:36:51 - [MESSAGE][PASSED] - Object: 'Object Repository/WIZARD/3Infraestructura/0Menu/span_Grupos' is clicked on

2024-03-11 10:36:51 - [TEST_STEP][PASSED] - delay(3): Delayed 3 second(s)

2024-03-11 10:36:54 - [MESSAGE][PASSED] - Delayed 3 second(s)

2024-03-11 10:36:54 - [TEST_STEP][PASSED] - click(findTestObject("WIZARD/3Infraestructura/3Grupos/Edicion/btn_Sala")): Object: 'Object Repository/WIZARD/3Infraestructura/3Grupos/Edicion/btn_Sala' is clicked on

2024-03-11 10:36:54 - [MESSAGE][PASSED] - Object: 'Object Repository/WIZARD/3Infraestructura/3Grupos/Edicion/btn_Sala' is clicked on

2024-03-11 10:36:54 - [TEST_STEP][PASSED] - delay(3): Delayed 3 second(s)

2024-03-11 10:36:57 - [MESSAGE][PASSED] - Delayed 3 second(s)

2024-03-11 10:36:57 - [TEST_STEP][PASSED] - click(findTestObject("WIZARD/3Infraestructura/3Grupos/Edicion/btn_Sala(1)/a_2Chipichape - Sala General")): Object: 'Object Repository/WIZARD/3Infraestructura/3Grupos/Edicion/btn_Sala(1)/a_2Chipichape - Sala General' is clicked on

2024-03-11 10:36:58 - [MESSAGE][PASSED] - Object: 'Object Repository/WIZARD/3Infraestructura/3Grupos/Edicion/btn_Sala(1)/a_2Chipichape - Sala General' is clicked on

2024-03-11 10:36:58 - [TEST_STEP][PASSED] - delay(3): Delayed 3 second(s)

2024-03-11 10:37:01 - [MESSAGE][PASSED] - Delayed 3 second(s)

2024-03-11 10:37:01 - [TEST_STEP][PASSED] - setText(findTestObject("WIZARD/3Infraestructura/3Grupos/Edicion/input_Nombre"), "Grupo Información"): Text 'Grupo Información' is set on object 'Object Repository/WIZARD/3Infraestructura/3Grupos/Edicion/input_Nombre'

2024-03-11 10:37:02 - [MESSAGE][PASSED] - Text 'Grupo Información' is set on object 'Object Repository/WIZARD/3Infraestructura/3Grupos/Edicion/input_Nombre'

2024-03-11 10:37:02 - [TEST_STEP][PASSED] - setText(findTestObject("WIZARD/3Infraestructura/3Grupos/Edicion/textarea_Descripcion"), "Chipichape - Grupo Información"): Text 'Chipichape - Grupo Información' is set on object 'Object Repository/WIZARD/3Infraestructura/3Grupos/Edicion/textarea_Descripcion'

2024-03-11 10:37:02 - [MESSAGE][PASSED] - Text 'Chipichape - Grupo Información' is set on object 'Object Repository/WIZARD/3Infraestructura/3Grupos/Edicion/textarea_Descripcion'

2024-03-11 10:37:02 - [TEST_STEP][PASSED] - scrollToPosition(0, 800): Browser is scrolled to position x = 0, y = 800

2024-03-11 10:37:02 - [MESSAGE][PASSED] - Browser is scrolled to position x = 0, y = 800

2024-03-11 10:37:02 - [TEST_STEP][PASSED] - selectOptionByLabel(findTestObject("WIZARD/3Infraestructura/3Grupos/Edicion/select_Nivel de visualizacion en Transferencias"), "Área", false): All options with label 'Área' are selected in object 'Object Repository/WIZARD/3Infraestructura/3Grupos/Edicion/select_Nivel de visualizacion en Transferencias' 

2024-03-11 10:37:03 - [MESSAGE][PASSED] - All options with label 'Área' are selected in object 'Object Repository/WIZARD/3Infraestructura/3Grupos/Edicion/select_Nivel de visualizacion en Transferencias' 

2024-03-11 10:37:03 - [TEST_STEP][PASSED] - delay(2): Delayed 2 second(s)

2024-03-11 10:37:05 - [MESSAGE][PASSED] - Delayed 2 second(s)

2024-03-11 10:37:05 - [TEST_STEP][PASSED] - selectOptionByLabel(findTestObject("WIZARD/3Infraestructura/3Grupos/Edicion/select_Nivel de visualizacion en Nuevo Servicio"), "Área", false): All options with label 'Área' are selected in object 'Object Repository/WIZARD/3Infraestructura/3Grupos/Edicion/select_Nivel de visualizacion en Nuevo Servicio' 

2024-03-11 10:37:06 - [MESSAGE][PASSED] - All options with label 'Área' are selected in object 'Object Repository/WIZARD/3Infraestructura/3Grupos/Edicion/select_Nivel de visualizacion en Nuevo Servicio' 

2024-03-11 10:37:06 - [TEST_STEP][PASSED] - delay(2): Delayed 2 second(s)

2024-03-11 10:37:08 - [MESSAGE][PASSED] - Delayed 2 second(s)

2024-03-11 10:37:08 - [TEST_STEP][PASSED] - scrollToPosition(0, 0): Browser is scrolled to position x = 0, y = 0

2024-03-11 10:37:08 - [MESSAGE][PASSED] - Browser is scrolled to position x = 0, y = 0

2024-03-11 10:37:08 - [TEST_STEP][PASSED] - click(findTestObject("WIZARD/3Infraestructura/3Grupos/Edicion/img_Nuevo")): Object: 'Object Repository/WIZARD/3Infraestructura/3Grupos/Edicion/img_Nuevo' is clicked on

2024-03-11 10:37:08 - [MESSAGE][PASSED] - Object: 'Object Repository/WIZARD/3Infraestructura/3Grupos/Edicion/img_Nuevo' is clicked on

2024-03-11 10:37:08 - [TEST_STEP][PASSED] - delay(3): Delayed 3 second(s)

2024-03-11 10:37:11 - [MESSAGE][PASSED] - Delayed 3 second(s)

2024-03-11 10:37:11 - [TEST_STEP][PASSED] - click(findTestObject("WIZARD/3Infraestructura/0Menu/span_Grupos")): Object: 'Object Repository/WIZARD/3Infraestructura/0Menu/span_Grupos' is clicked on

2024-03-11 10:37:12 - [MESSAGE][PASSED] - Object: 'Object Repository/WIZARD/3Infraestructura/0Menu/span_Grupos' is clicked on

2024-03-11 10:37:12 - [TEST_STEP][PASSED] - delay(3): Delayed 3 second(s)

2024-03-11 10:37:15 - [MESSAGE][PASSED] - Delayed 3 second(s)

2024-03-11 10:37:15 - [TEST_STEP][PASSED] - click(findTestObject("WIZARD/3Infraestructura/3Grupos/Edicion/btn_Sala")): Object: 'Object Repository/WIZARD/3Infraestructura/3Grupos/Edicion/btn_Sala' is clicked on

2024-03-11 10:37:16 - [MESSAGE][PASSED] - Object: 'Object Repository/WIZARD/3Infraestructura/3Grupos/Edicion/btn_Sala' is clicked on

2024-03-11 10:37:16 - [TEST_STEP][PASSED] - delay(3): Delayed 3 second(s)

2024-03-11 10:37:19 - [MESSAGE][PASSED] - Delayed 3 second(s)

2024-03-11 10:37:19 - [TEST_STEP][PASSED] - click(findTestObject("WIZARD/3Infraestructura/3Grupos/Edicion/btn_Sala(1)/a_2Chipichape - Sala General")): Object: 'Object Repository/WIZARD/3Infraestructura/3Grupos/Edicion/btn_Sala(1)/a_2Chipichape - Sala General' is clicked on

2024-03-11 10:37:19 - [MESSAGE][PASSED] - Object: 'Object Repository/WIZARD/3Infraestructura/3Grupos/Edicion/btn_Sala(1)/a_2Chipichape - Sala General' is clicked on

2024-03-11 10:37:19 - [TEST_STEP][PASSED] - delay(3): Delayed 3 second(s)

2024-03-11 10:37:22 - [MESSAGE][PASSED] - Delayed 3 second(s)

2024-03-11 10:37:22 - [TEST_STEP][PASSED] - setText(findTestObject("WIZARD/3Infraestructura/3Grupos/Edicion/input_Nombre"), "Grupo PQRS"): Text 'Grupo PQRS' is set on object 'Object Repository/WIZARD/3Infraestructura/3Grupos/Edicion/input_Nombre'

2024-03-11 10:37:23 - [MESSAGE][PASSED] - Text 'Grupo PQRS' is set on object 'Object Repository/WIZARD/3Infraestructura/3Grupos/Edicion/input_Nombre'

2024-03-11 10:37:23 - [TEST_STEP][PASSED] - setText(findTestObject("WIZARD/3Infraestructura/3Grupos/Edicion/textarea_Descripcion"), "Chipichape - PQRS"): Text 'Chipichape - PQRS' is set on object 'Object Repository/WIZARD/3Infraestructura/3Grupos/Edicion/textarea_Descripcion'

2024-03-11 10:37:24 - [MESSAGE][PASSED] - Text 'Chipichape - PQRS' is set on object 'Object Repository/WIZARD/3Infraestructura/3Grupos/Edicion/textarea_Descripcion'

2024-03-11 10:37:24 - [TEST_STEP][PASSED] - scrollToPosition(0, 800): Browser is scrolled to position x = 0, y = 800

2024-03-11 10:37:24 - [MESSAGE][PASSED] - Browser is scrolled to position x = 0, y = 800

2024-03-11 10:37:24 - [TEST_STEP][PASSED] - selectOptionByLabel(findTestObject("WIZARD/3Infraestructura/3Grupos/Edicion/select_Nivel de visualizacion en Transferencias"), "Área", false): All options with label 'Área' are selected in object 'Object Repository/WIZARD/3Infraestructura/3Grupos/Edicion/select_Nivel de visualizacion en Transferencias' 

2024-03-11 10:37:24 - [MESSAGE][PASSED] - All options with label 'Área' are selected in object 'Object Repository/WIZARD/3Infraestructura/3Grupos/Edicion/select_Nivel de visualizacion en Transferencias' 

2024-03-11 10:37:24 - [TEST_STEP][PASSED] - delay(2): Delayed 2 second(s)

2024-03-11 10:37:26 - [MESSAGE][PASSED] - Delayed 2 second(s)

2024-03-11 10:37:26 - [TEST_STEP][PASSED] - selectOptionByLabel(findTestObject("WIZARD/3Infraestructura/3Grupos/Edicion/select_Nivel de visualizacion en Nuevo Servicio"), "Área", false): All options with label 'Área' are selected in object 'Object Repository/WIZARD/3Infraestructura/3Grupos/Edicion/select_Nivel de visualizacion en Nuevo Servicio' 

2024-03-11 10:37:27 - [MESSAGE][PASSED] - All options with label 'Área' are selected in object 'Object Repository/WIZARD/3Infraestructura/3Grupos/Edicion/select_Nivel de visualizacion en Nuevo Servicio' 

2024-03-11 10:37:27 - [TEST_STEP][PASSED] - delay(2): Delayed 2 second(s)

2024-03-11 10:37:29 - [MESSAGE][PASSED] - Delayed 2 second(s)

2024-03-11 10:37:29 - [TEST_STEP][PASSED] - scrollToPosition(0, 0): Browser is scrolled to position x = 0, y = 0

2024-03-11 10:37:29 - [MESSAGE][PASSED] - Browser is scrolled to position x = 0, y = 0

2024-03-11 10:37:29 - [TEST_STEP][PASSED] - click(findTestObject("WIZARD/3Infraestructura/3Grupos/Edicion/img_Nuevo")): Object: 'Object Repository/WIZARD/3Infraestructura/3Grupos/Edicion/img_Nuevo' is clicked on

2024-03-11 10:37:30 - [MESSAGE][PASSED] - Object: 'Object Repository/WIZARD/3Infraestructura/3Grupos/Edicion/img_Nuevo' is clicked on

2024-03-11 10:37:30 - [TEST_STEP][PASSED] - delay(3): Delayed 3 second(s)

2024-03-11 10:37:33 - [MESSAGE][PASSED] - Delayed 3 second(s)

2024-03-11 10:37:33 - [TEST_STEP][PASSED] - click(findTestObject("WIZARD/3Infraestructura/0Menu/span_Grupos")): Object: 'Object Repository/WIZARD/3Infraestructura/0Menu/span_Grupos' is clicked on

2024-03-11 10:37:33 - [MESSAGE][PASSED] - Object: 'Object Repository/WIZARD/3Infraestructura/0Menu/span_Grupos' is clicked on

2024-03-11 10:37:33 - [TEST_STEP][PASSED] - delay(3): Delayed 3 second(s)

2024-03-11 10:37:36 - [MESSAGE][PASSED] - Delayed 3 second(s)

2024-03-11 10:37:36 - [TEST_STEP][PASSED] - click(findTestObject("WIZARD/3Infraestructura/3Grupos/Edicion/btn_Sala")): Object: 'Object Repository/WIZARD/3Infraestructura/3Grupos/Edicion/btn_Sala' is clicked on

2024-03-11 10:37:37 - [MESSAGE][PASSED] - Object: 'Object Repository/WIZARD/3Infraestructura/3Grupos/Edicion/btn_Sala' is clicked on

2024-03-11 10:37:37 - [TEST_STEP][PASSED] - delay(3): Delayed 3 second(s)

2024-03-11 10:37:40 - [MESSAGE][PASSED] - Delayed 3 second(s)

2024-03-11 10:37:40 - [TEST_STEP][PASSED] - click(findTestObject("WIZARD/3Infraestructura/3Grupos/Edicion/btn_Sala(1)/a_2Chipichape - Sala General")): Object: 'Object Repository/WIZARD/3Infraestructura/3Grupos/Edicion/btn_Sala(1)/a_2Chipichape - Sala General' is clicked on

2024-03-11 10:37:40 - [MESSAGE][PASSED] - Object: 'Object Repository/WIZARD/3Infraestructura/3Grupos/Edicion/btn_Sala(1)/a_2Chipichape - Sala General' is clicked on

2024-03-11 10:37:40 - [TEST_STEP][PASSED] - delay(3): Delayed 3 second(s)

2024-03-11 10:37:43 - [MESSAGE][PASSED] - Delayed 3 second(s)

2024-03-11 10:37:43 - [TEST_STEP][PASSED] - setText(findTestObject("WIZARD/3Infraestructura/3Grupos/Edicion/input_Nombre"), "Grupo Radicaciones"): Text 'Grupo Radicaciones' is set on object 'Object Repository/WIZARD/3Infraestructura/3Grupos/Edicion/input_Nombre'

2024-03-11 10:37:44 - [MESSAGE][PASSED] - Text 'Grupo Radicaciones' is set on object 'Object Repository/WIZARD/3Infraestructura/3Grupos/Edicion/input_Nombre'

2024-03-11 10:37:44 - [TEST_STEP][PASSED] - setText(findTestObject("WIZARD/3Infraestructura/3Grupos/Edicion/textarea_Descripcion"), "Chipichape- Radicaciones"): Text 'Chipichape- Radicaciones' is set on object 'Object Repository/WIZARD/3Infraestructura/3Grupos/Edicion/textarea_Descripcion'

2024-03-11 10:37:45 - [MESSAGE][PASSED] - Text 'Chipichape- Radicaciones' is set on object 'Object Repository/WIZARD/3Infraestructura/3Grupos/Edicion/textarea_Descripcion'

2024-03-11 10:37:45 - [TEST_STEP][PASSED] - scrollToPosition(0, 800): Browser is scrolled to position x = 0, y = 800

2024-03-11 10:37:45 - [MESSAGE][PASSED] - Browser is scrolled to position x = 0, y = 800

2024-03-11 10:37:45 - [TEST_STEP][PASSED] - selectOptionByLabel(findTestObject("WIZARD/3Infraestructura/3Grupos/Edicion/select_Nivel de visualizacion en Transferencias"), "Área", false): All options with label 'Área' are selected in object 'Object Repository/WIZARD/3Infraestructura/3Grupos/Edicion/select_Nivel de visualizacion en Transferencias' 

2024-03-11 10:37:46 - [MESSAGE][PASSED] - All options with label 'Área' are selected in object 'Object Repository/WIZARD/3Infraestructura/3Grupos/Edicion/select_Nivel de visualizacion en Transferencias' 

2024-03-11 10:37:46 - [TEST_STEP][PASSED] - delay(2): Delayed 2 second(s)

2024-03-11 10:37:48 - [MESSAGE][PASSED] - Delayed 2 second(s)

2024-03-11 10:37:48 - [TEST_STEP][PASSED] - selectOptionByLabel(findTestObject("WIZARD/3Infraestructura/3Grupos/Edicion/select_Nivel de visualizacion en Nuevo Servicio"), "Área", false): All options with label 'Área' are selected in object 'Object Repository/WIZARD/3Infraestructura/3Grupos/Edicion/select_Nivel de visualizacion en Nuevo Servicio' 

2024-03-11 10:37:48 - [MESSAGE][PASSED] - All options with label 'Área' are selected in object 'Object Repository/WIZARD/3Infraestructura/3Grupos/Edicion/select_Nivel de visualizacion en Nuevo Servicio' 

2024-03-11 10:37:48 - [TEST_STEP][PASSED] - delay(2): Delayed 2 second(s)

2024-03-11 10:37:50 - [MESSAGE][PASSED] - Delayed 2 second(s)

2024-03-11 10:37:50 - [TEST_STEP][PASSED] - scrollToPosition(0, 0): Browser is scrolled to position x = 0, y = 0

2024-03-11 10:37:50 - [MESSAGE][PASSED] - Browser is scrolled to position x = 0, y = 0

2024-03-11 10:37:50 - [TEST_STEP][PASSED] - click(findTestObject("WIZARD/3Infraestructura/3Grupos/Edicion/img_Nuevo")): Object: 'Object Repository/WIZARD/3Infraestructura/3Grupos/Edicion/img_Nuevo' is clicked on

2024-03-11 10:37:51 - [MESSAGE][PASSED] - Object: 'Object Repository/WIZARD/3Infraestructura/3Grupos/Edicion/img_Nuevo' is clicked on

2024-03-11 10:37:51 - [TEST_STEP][PASSED] - delay(3): Delayed 3 second(s)

2024-03-11 10:37:54 - [MESSAGE][PASSED] - Delayed 3 second(s)

2024-03-11 10:37:54 - [TEST_STEP][PASSED] - takeFullPageScreenshot(): Taking screenshot successfully

2024-03-11 10:37:55 - [MESSAGE][INFO] - 0 hidden object(s)

2024-03-11 10:37:55 - [MESSAGE][PASSED] - Taking screenshot successfully
[[ATTACHMENT|C:\\CIEL INGENIERIA\\Katalon\\Digiturno55\\Reports\\20240311_101053\\WIZARD\\3Infraestructura\\3Grupos\\5.3 Crear Grupos Chipichape\\20240311_101136\\1710171474361.png]]

2024-03-11 10:37:55 - [TEST_STEP][PASSED] - delay(3): Delayed 3 second(s)

2024-03-11 10:37:58 - [MESSAGE][PASSED] - Delayed 3 second(s)

2024-03-11 10:37:58 - [TEST_STEP][PASSED] - Start listener action : sampleAfterTestCase: null]]></system-out>
         <system-err><![CDATA[]]></system-err>
      </testcase>
      <system-out><![CDATA[2024-03-11 10:36:34 - [TEST_SUITE][PASSED] - 5.3 Crear Grupos Chipichape: Test Cases/WIZARD/3Infraestructura/3Grupos/5.3 Crear Grupos Chipichape]]></system-out>
      <system-err><![CDATA[]]></system-err>
   </testsuite>
</testsuites>
