<?xml version="1.0" encoding="UTF-8"?>
<testsuites name="4 Cancelacion Transaccion" time="49.534" tests="1" failures="0" errors="0">
   <testsuite name="4 Cancelacion Transaccion" tests="1" failures="0" errors="0" time="49.534" skipped="0" timestamp="2023-07-11 12:52:12" hostname="jdavila - PCPruebas101.ciel.cielingenieria.com" id="Test Suites/DIGITURNO/OPERACION BASICA/4 Cancelacion Transaccion">
      <properties>
         <property name="deviceName" value=""/>
         <property name="devicePlatform" value=""/>
         <property name="logFolder" value="C:\\CIEL INGENIERIA\\Katalon\\Digiturno55\\Reports\\20230711_124537\\DIGITURNO\\OPERACION BASICA\\4 Cancelacion Transaccion\\20230711_124548"/>
         <property name="logFiles" value="C:\\CIEL INGENIERIA\\Katalon\\Digiturno55\\Reports\\20230711_124537\\DIGITURNO\\OPERACION BASICA\\4 Cancelacion Transaccion\\20230711_124548\\execution0.log"/>
         <property name="attachments" value="C:\\CIEL INGENIERIA\\Katalon\\Digiturno55\\Reports\\20230711_124537\\DIGITURNO\\OPERACION BASICA\\4 Cancelacion Transaccion\\20230711_124548\\1689097971331.png"/>
         <property name="hostName" value="jdavila - PCPruebas101.ciel.cielingenieria.com"/>
         <property name="os" value="Windows 10 64bit"/>
         <property name="katalonVersion" value="8.6.0.208"/>
         <property name="browser" value="Chrome 114.0.0.0"/>
         <property name="hostAddress" value="192.168.0.33"/>
         <property name="sessionId" value="c2a839fd13806fa1fb5c283a06aedcb3"/>
         <property name="seleniumVersion" value="3.141.59"/>
         <property name="proxyInformation" value="ProxyInformation { proxyOption=NO_PROXY, proxyServerType=HTTP, username=, password=********, proxyServerAddress=, proxyServerPort=0, executionList=&quot;&quot;, isApplyToDesiredCapabilities=true }"/>
         <property name="platform" value="Windows 10"/>
      </properties>
      <testcase name="Test Cases/DIGITURNO/OPERACION BASICA/4 Cancelacion Transaccion" time="49.314" classname="Test Cases/DIGITURNO/OPERACION BASICA/4 Cancelacion Transaccion" status="PASSED">
         <system-out><![CDATA[2023-07-11 12:52:12 - [TEST_CASE][PASSED] - Test Cases/DIGITURNO/OPERACION BASICA/4 Cancelacion Transaccion: Test Cases/DIGITURNO/OPERACION BASICA/4 Cancelacion Transaccion

2023-07-11 12:52:12 - [TEST_STEP][PASSED] - callTestCase(findTestCase("0InicioSesion"), [:], STOP_ON_FAILURE): Call Test Case 'Test Cases/0InicioSesion' successfully

2023-07-11 12:52:12 - [TEST_CASE][PASSED] - Test Cases/0InicioSesion: Test Cases/0InicioSesion

2023-07-11 12:52:13 - [TEST_STEP][PASSED] - openBrowser(UrlDigiturno): Browser is opened with url: 'https://PCPruebas101.ciel.cielingenieria.com:8810'

2023-07-11 12:52:13 - [MESSAGE][INFO] - Starting 'Chrome' driver

2023-07-11 12:52:13 - [MESSAGE][INFO] - User set preference: ['args', '[--use-fake-ui-for-media-stream, --disable-notifications]']

2023-07-11 12:52:13 - [MESSAGE][INFO] - Action delay is set to 0 milliseconds

2023-07-11 12:52:16 - [MESSAGE][PASSED] - Browser is opened with url: 'https://PCPruebas101.ciel.cielingenieria.com:8810'

2023-07-11 12:52:16 - [TEST_STEP][PASSED] - maximizeWindow(): Current window maximized

2023-07-11 12:52:16 - [MESSAGE][PASSED] - Current window maximized

2023-07-11 12:52:16 - [TEST_STEP][PASSED] - delay(3): Delayed 3 second(s)

2023-07-11 12:52:19 - [MESSAGE][PASSED] - Delayed 3 second(s)

2023-07-11 12:52:19 - [TEST_STEP][PASSED] - setText(findTestObject("0Inicio Sesion/input_Usuario"), "Ciel"): Text 'Ciel' is set on object 'Object Repository/0Inicio Sesion/input_Usuario'

2023-07-11 12:52:20 - [MESSAGE][PASSED] - Text 'Ciel' is set on object 'Object Repository/0Inicio Sesion/input_Usuario'

2023-07-11 12:52:20 - [TEST_STEP][PASSED] - setText(findTestObject("0Inicio Sesion/input_Clave"), "digiturno"): Text 'digiturno' is set on object 'Object Repository/0Inicio Sesion/input_Clave'

2023-07-11 12:52:20 - [MESSAGE][PASSED] - Text 'digiturno' is set on object 'Object Repository/0Inicio Sesion/input_Clave'

2023-07-11 12:52:20 - [TEST_STEP][PASSED] - click(findTestObject("0Inicio Sesion/btn_IniciarSesion")): Object: 'Object Repository/0Inicio Sesion/btn_IniciarSesion' is clicked on

2023-07-11 12:52:21 - [MESSAGE][PASSED] - Object: 'Object Repository/0Inicio Sesion/btn_IniciarSesion' is clicked on

2023-07-11 12:52:21 - [TEST_STEP][PASSED] - delay(3): Delayed 3 second(s)

2023-07-11 12:52:24 - [MESSAGE][PASSED] - Delayed 3 second(s)

2023-07-11 12:52:24 - [MESSAGE][PASSED] - Call Test Case 'Test Cases/0InicioSesion' successfully

2023-07-11 12:52:24 - [TEST_STEP][PASSED] - click(findTestObject("DIGITURNO/1Principal/img_Operacion(1)")): Object: 'Object Repository/DIGITURNO/1Principal/img_Operacion(1)' is clicked on

2023-07-11 12:52:25 - [MESSAGE][PASSED] - Object: 'Object Repository/DIGITURNO/1Principal/img_Operacion(1)' is clicked on

2023-07-11 12:52:25 - [TEST_STEP][PASSED] - delay(3): Delayed 3 second(s)

2023-07-11 12:52:28 - [MESSAGE][PASSED] - Delayed 3 second(s)

2023-07-11 12:52:28 - [TEST_STEP][PASSED] - click(findTestObject("DIGITURNO/OPERACION/0Principal/Elementos del Sistema/img_Terminales")): Object: 'Object Repository/DIGITURNO/OPERACION/0Principal/Elementos del Sistema/img_Terminales' is clicked on

2023-07-11 12:52:28 - [MESSAGE][PASSED] - Object: 'Object Repository/DIGITURNO/OPERACION/0Principal/Elementos del Sistema/img_Terminales' is clicked on

2023-07-11 12:52:28 - [TEST_STEP][PASSED] - delay(3): Delayed 3 second(s)

2023-07-11 12:52:31 - [MESSAGE][PASSED] - Delayed 3 second(s)

2023-07-11 12:52:31 - [TEST_STEP][PASSED] - click(findTestObject("DIGITURNO/OPERACION/2Terminales/0Oficinas/td_1Bogota - CIEL")): Object: 'Object Repository/DIGITURNO/OPERACION/2Terminales/0Oficinas/td_1Bogota - CIEL' is clicked on

2023-07-11 12:52:32 - [MESSAGE][PASSED] - Object: 'Object Repository/DIGITURNO/OPERACION/2Terminales/0Oficinas/td_1Bogota - CIEL' is clicked on

2023-07-11 12:52:32 - [TEST_STEP][PASSED] - delay(3): Delayed 3 second(s)

2023-07-11 12:52:35 - [MESSAGE][PASSED] - Delayed 3 second(s)

2023-07-11 12:52:35 - [TEST_STEP][PASSED] - click(findTestObject("DIGITURNO/OPERACION/2Terminales/0Terminales (Menos WorkFlow)/td_1 - Terminal - Informacion")): Object: 'Object Repository/DIGITURNO/OPERACION/2Terminales/0Terminales (Menos WorkFlow)/td_1 - Terminal - Informacion' is clicked on

2023-07-11 12:52:35 - [MESSAGE][PASSED] - Object: 'Object Repository/DIGITURNO/OPERACION/2Terminales/0Terminales (Menos WorkFlow)/td_1 - Terminal - Informacion' is clicked on

2023-07-11 12:52:35 - [TEST_STEP][PASSED] - switchToWindowIndex(1): Switched to window with index: '1'

2023-07-11 12:52:36 - [MESSAGE][PASSED] - Switched to window with index: '1'

2023-07-11 12:52:36 - [TEST_STEP][PASSED] - delay(3): Delayed 3 second(s)

2023-07-11 12:52:39 - [MESSAGE][PASSED] - Delayed 3 second(s)

2023-07-11 12:52:39 - [TEST_STEP][PASSED] - click(findTestObject("DIGITURNO/OPERACION/2Terminales/Terminal/img_Llamar")): Object: 'Object Repository/DIGITURNO/OPERACION/2Terminales/Terminal/img_Llamar' is clicked on

2023-07-11 12:52:40 - [MESSAGE][PASSED] - Object: 'Object Repository/DIGITURNO/OPERACION/2Terminales/Terminal/img_Llamar' is clicked on

2023-07-11 12:52:40 - [TEST_STEP][PASSED] - delay(3): Delayed 3 second(s)

2023-07-11 12:52:43 - [MESSAGE][PASSED] - Delayed 3 second(s)

2023-07-11 12:52:43 - [TEST_STEP][PASSED] - click(findTestObject("DIGITURNO/OPERACION/2Terminales/Terminal/img_Cancelar Transaccion")): Object: 'Object Repository/DIGITURNO/OPERACION/2Terminales/Terminal/img_Cancelar Transaccion' is clicked on

2023-07-11 12:52:44 - [MESSAGE][PASSED] - Object: 'Object Repository/DIGITURNO/OPERACION/2Terminales/Terminal/img_Cancelar Transaccion' is clicked on

2023-07-11 12:52:44 - [TEST_STEP][PASSED] - delay(3): Delayed 3 second(s)

2023-07-11 12:52:47 - [MESSAGE][PASSED] - Delayed 3 second(s)

2023-07-11 12:52:47 - [TEST_STEP][PASSED] - click(findTestObject("DIGITURNO/OPERACION/2Terminales/Terminal/img_Cancelar Transaccion(1)/btn_4Tramitador_16C")): Object: 'Object Repository/DIGITURNO/OPERACION/2Terminales/Terminal/img_Cancelar Transaccion(1)/btn_4Tramitador_16C' is clicked on

2023-07-11 12:52:48 - [MESSAGE][PASSED] - Object: 'Object Repository/DIGITURNO/OPERACION/2Terminales/Terminal/img_Cancelar Transaccion(1)/btn_4Tramitador_16C' is clicked on

2023-07-11 12:52:48 - [TEST_STEP][PASSED] - delay(3): Delayed 3 second(s)

2023-07-11 12:52:51 - [MESSAGE][PASSED] - Delayed 3 second(s)

2023-07-11 12:52:51 - [TEST_STEP][PASSED] - takeFullPageScreenshot(): Taking screenshot successfully

2023-07-11 12:52:52 - [MESSAGE][INFO] - 0 hidden object(s)

2023-07-11 12:52:52 - [MESSAGE][PASSED] - Taking screenshot successfully
[[ATTACHMENT|C:\\CIEL INGENIERIA\\Katalon\\Digiturno55\\Reports\\20230711_124537\\DIGITURNO\\OPERACION BASICA\\4 Cancelacion Transaccion\\20230711_124548\\1689097971331.png]]

2023-07-11 12:52:52 - [TEST_STEP][PASSED] - delay(2): Delayed 2 second(s)

2023-07-11 12:52:54 - [MESSAGE][PASSED] - Delayed 2 second(s)

2023-07-11 12:52:54 - [TEST_STEP][PASSED] - click(findTestObject("DIGITURNO/OPERACION/2Terminales/Terminal/img_Cerrar")): Object: 'Object Repository/DIGITURNO/OPERACION/2Terminales/Terminal/img_Cerrar' is clicked on

2023-07-11 12:52:54 - [MESSAGE][PASSED] - Object: 'Object Repository/DIGITURNO/OPERACION/2Terminales/Terminal/img_Cerrar' is clicked on

2023-07-11 12:52:54 - [TEST_STEP][PASSED] - delay(3): Delayed 3 second(s)

2023-07-11 12:52:57 - [MESSAGE][PASSED] - Delayed 3 second(s)

2023-07-11 12:52:57 - [TEST_STEP][PASSED] - click(findTestObject("DIGITURNO/OPERACION/2Terminales/Terminal/img_Cerrar(1)/btn_4FindeJornada_8")): Object: 'Object Repository/DIGITURNO/OPERACION/2Terminales/Terminal/img_Cerrar(1)/btn_4FindeJornada_8' is clicked on

2023-07-11 12:52:58 - [MESSAGE][PASSED] - Object: 'Object Repository/DIGITURNO/OPERACION/2Terminales/Terminal/img_Cerrar(1)/btn_4FindeJornada_8' is clicked on

2023-07-11 12:52:58 - [TEST_STEP][PASSED] - delay(3): Delayed 3 second(s)

2023-07-11 12:53:01 - [MESSAGE][PASSED] - Delayed 3 second(s)

2023-07-11 12:53:01 - [TEST_STEP][PASSED] - Start listener action : sampleAfterTestCase: null]]></system-out>
         <system-err><![CDATA[]]></system-err>
      </testcase>
      <system-out><![CDATA[2023-07-11 12:52:12 - [TEST_SUITE][PASSED] - 4 Cancelacion Transaccion: Test Cases/DIGITURNO/OPERACION BASICA/4 Cancelacion Transaccion]]></system-out>
      <system-err><![CDATA[]]></system-err>
   </testsuite>
</testsuites>
