<?xml version="1.0" encoding="UTF-8"?>
<testsuites name="11 Paginas Activar y Desactivar" time="101.356" tests="2" failures="0" errors="0">
   <testsuite name="11 Paginas Activar y Desactivar" tests="2" failures="0" errors="0" time="101.356" skipped="0" timestamp="2023-08-14 14:15:05" hostname="jdavila - PCPruebas101.ciel.cielingenieria.com" id="Test Suites/DIGITURNO/BASICO/11 Paginas Activar y Desactivar">
      <properties>
         <property name="deviceName" value=""/>
         <property name="devicePlatform" value=""/>
         <property name="logFolder" value="C:\\CIEL INGENIERIA\\Katalon\\Digiturno55\\Reports\\20230814_141235\\DIGITURNO\\BASICO\\11 Paginas Activar y Desactivar\\20230814_141238"/>
         <property name="logFiles" value="C:\\CIEL INGENIERIA\\Katalon\\Digiturno55\\Reports\\20230814_141235\\DIGITURNO\\BASICO\\11 Paginas Activar y Desactivar\\20230814_141238\\execution0.log"/>
         <property name="attachments" value="C:\\CIEL INGENIERIA\\Katalon\\Digiturno55\\Reports\\20230814_141235\\DIGITURNO\\BASICO\\11 Paginas Activar y Desactivar\\20230814_141238\\1692040561154.png, C:\\CIEL INGENIERIA\\Katalon\\Digiturno55\\Reports\\20230814_141235\\DIGITURNO\\BASICO\\11 Paginas Activar y Desactivar\\20230814_141238\\1692040603174.png"/>
         <property name="hostName" value="jdavila - PCPruebas101.ciel.cielingenieria.com"/>
         <property name="os" value="Windows 10 64bit"/>
         <property name="katalonVersion" value="8.6.0.208"/>
         <property name="browser" value="Chrome 115.0.0.0"/>
         <property name="hostAddress" value="192.168.0.33"/>
         <property name="sessionId" value="e4c9f11555681c2ffcd2f1a61e1f5c17"/>
         <property name="seleniumVersion" value="3.141.59"/>
         <property name="proxyInformation" value="ProxyInformation { proxyOption=NO_PROXY, proxyServerType=HTTP, username=, password=********, proxyServerAddress=, proxyServerPort=0, executionList=&quot;&quot;, isApplyToDesiredCapabilities=true }"/>
         <property name="platform" value="Windows 10"/>
      </properties>
      <testcase name="Test Cases/DIGITURNO/BASICO/11 Paginas Activar o Desactivar" time="59.182" classname="Test Cases/DIGITURNO/BASICO/11 Paginas Activar o Desactivar" status="PASSED">
         <system-out><![CDATA[2023-08-14 14:15:05 - [TEST_CASE][PASSED] - Test Cases/DIGITURNO/BASICO/11 Paginas Activar o Desactivar: Test Cases/DIGITURNO/BASICO/11 Paginas Activar o Desactivar

2023-08-14 14:15:05 - [TEST_STEP][PASSED] - callTestCase(findTestCase("0InicioSesion"), [:], STOP_ON_FAILURE): Call Test Case 'Test Cases/0InicioSesion' successfully

2023-08-14 14:15:06 - [TEST_CASE][PASSED] - Test Cases/0InicioSesion: Test Cases/0InicioSesion

2023-08-14 14:15:06 - [TEST_STEP][PASSED] - openBrowser(UrlDigiturno): Browser is opened with url: 'https://PCPruebas101.ciel.cielingenieria.com:8610'

2023-08-14 14:15:06 - [MESSAGE][INFO] - Starting 'Chrome' driver

2023-08-14 14:15:06 - [MESSAGE][INFO] - User set preference: ['args', '[--use-fake-ui-for-media-stream, --disable-notifications]']

2023-08-14 14:15:06 - [MESSAGE][INFO] - Action delay is set to 0 milliseconds

2023-08-14 14:15:10 - [MESSAGE][PASSED] - Browser is opened with url: 'https://PCPruebas101.ciel.cielingenieria.com:8610'

2023-08-14 14:15:10 - [TEST_STEP][PASSED] - maximizeWindow(): Current window maximized

2023-08-14 14:15:10 - [MESSAGE][PASSED] - Current window maximized

2023-08-14 14:15:10 - [TEST_STEP][PASSED] - delay(3): Delayed 3 second(s)

2023-08-14 14:15:13 - [MESSAGE][PASSED] - Delayed 3 second(s)

2023-08-14 14:15:13 - [TEST_STEP][PASSED] - setText(findTestObject("0Inicio Sesion/input_Usuario"), "Ciel"): Text 'Ciel' is set on object 'Object Repository/0Inicio Sesion/input_Usuario'

2023-08-14 14:15:14 - [MESSAGE][PASSED] - Text 'Ciel' is set on object 'Object Repository/0Inicio Sesion/input_Usuario'

2023-08-14 14:15:14 - [TEST_STEP][PASSED] - setText(findTestObject("0Inicio Sesion/input_Clave"), "digiturno"): Text 'digiturno' is set on object 'Object Repository/0Inicio Sesion/input_Clave'

2023-08-14 14:15:14 - [MESSAGE][PASSED] - Text 'digiturno' is set on object 'Object Repository/0Inicio Sesion/input_Clave'

2023-08-14 14:15:14 - [TEST_STEP][PASSED] - click(findTestObject("0Inicio Sesion/btn_IniciarSesion")): Object: 'Object Repository/0Inicio Sesion/btn_IniciarSesion' is clicked on

2023-08-14 14:15:15 - [MESSAGE][PASSED] - Object: 'Object Repository/0Inicio Sesion/btn_IniciarSesion' is clicked on

2023-08-14 14:15:15 - [TEST_STEP][PASSED] - delay(3): Delayed 3 second(s)

2023-08-14 14:15:18 - [MESSAGE][PASSED] - Delayed 3 second(s)

2023-08-14 14:15:18 - [MESSAGE][PASSED] - Call Test Case 'Test Cases/0InicioSesion' successfully

2023-08-14 14:15:18 - [TEST_STEP][PASSED] - click(findTestObject("DIGITURNO/1Principal/img_Configuracion(1)")): Object: 'Object Repository/DIGITURNO/1Principal/img_Configuracion(1)' is clicked on

2023-08-14 14:15:19 - [MESSAGE][PASSED] - Object: 'Object Repository/DIGITURNO/1Principal/img_Configuracion(1)' is clicked on

2023-08-14 14:15:19 - [TEST_STEP][PASSED] - delay(3): Delayed 3 second(s)

2023-08-14 14:15:22 - [MESSAGE][PASSED] - Delayed 3 second(s)

2023-08-14 14:15:22 - [TEST_STEP][PASSED] - click(findTestObject("DIGITURNO/CONFIGURACION/0Principal/img_7Sistema")): Object: 'Object Repository/DIGITURNO/CONFIGURACION/0Principal/img_7Sistema' is clicked on

2023-08-14 14:15:36 - [MESSAGE][PASSED] - Object: 'Object Repository/DIGITURNO/CONFIGURACION/0Principal/img_7Sistema' is clicked on

2023-08-14 14:15:36 - [TEST_STEP][PASSED] - delay(3): Delayed 3 second(s)

2023-08-14 14:15:39 - [MESSAGE][PASSED] - Delayed 3 second(s)

2023-08-14 14:15:39 - [TEST_STEP][PASSED] - click(findTestObject("DIGITURNO/CONFIGURACION/7Sistema/0Principal/img_4 Paginas")): Object: 'Object Repository/DIGITURNO/CONFIGURACION/7Sistema/0Principal/img_4 Paginas' is clicked on

2023-08-14 14:15:40 - [MESSAGE][PASSED] - Object: 'Object Repository/DIGITURNO/CONFIGURACION/7Sistema/0Principal/img_4 Paginas' is clicked on

2023-08-14 14:15:40 - [TEST_STEP][PASSED] - delay(3): Delayed 3 second(s)

2023-08-14 14:15:43 - [MESSAGE][PASSED] - Delayed 3 second(s)

2023-08-14 14:15:43 - [TEST_STEP][PASSED] - setText(findTestObject("DIGITURNO/CONFIGURACION/7Sistema/4 Paginas/Lista de Paginas/input_TextoABuscar"), "31"): Text '31' is set on object 'Object Repository/DIGITURNO/CONFIGURACION/7Sistema/4 Paginas/Lista de Paginas/input_TextoABuscar'

2023-08-14 14:15:44 - [MESSAGE][PASSED] - Text '31' is set on object 'Object Repository/DIGITURNO/CONFIGURACION/7Sistema/4 Paginas/Lista de Paginas/input_TextoABuscar'

2023-08-14 14:15:44 - [TEST_STEP][PASSED] - delay(3): Delayed 3 second(s)

2023-08-14 14:15:47 - [MESSAGE][PASSED] - Delayed 3 second(s)

2023-08-14 14:15:47 - [TEST_STEP][PASSED] - click(findTestObject("DIGITURNO/CONFIGURACION/7Sistema/4 Paginas/Lista de Paginas/img_Editar"), STOP_ON_FAILURE): Object: 'Object Repository/DIGITURNO/CONFIGURACION/7Sistema/4 Paginas/Lista de Paginas/img_Editar' is clicked on

2023-08-14 14:15:48 - [MESSAGE][PASSED] - Object: 'Object Repository/DIGITURNO/CONFIGURACION/7Sistema/4 Paginas/Lista de Paginas/img_Editar' is clicked on

2023-08-14 14:15:48 - [TEST_STEP][PASSED] - delay(3): Delayed 3 second(s)

2023-08-14 14:15:51 - [MESSAGE][PASSED] - Delayed 3 second(s)

2023-08-14 14:15:51 - [TEST_STEP][PASSED] - check(findTestObject("DIGITURNO/CONFIGURACION/7Sistema/4 Paginas/Lista de Paginas/img_Editar(1)/label_Es visible"), STOP_ON_FAILURE): Object 'Object Repository/DIGITURNO/CONFIGURACION/7Sistema/4 Paginas/Lista de Paginas/img_Editar(1)/label_Es visible' is checked

2023-08-14 14:15:51 - [MESSAGE][PASSED] - Object 'Object Repository/DIGITURNO/CONFIGURACION/7Sistema/4 Paginas/Lista de Paginas/img_Editar(1)/label_Es visible' is checked

2023-08-14 14:15:51 - [TEST_STEP][PASSED] - delay(3): Delayed 3 second(s)

2023-08-14 14:15:54 - [MESSAGE][PASSED] - Delayed 3 second(s)

2023-08-14 14:15:54 - [TEST_STEP][PASSED] - click(findTestObject("DIGITURNO/CONFIGURACION/7Sistema/4 Paginas/Lista de Paginas/img_Editar(1)/img_icono Actualizar")): Object: 'Object Repository/DIGITURNO/CONFIGURACION/7Sistema/4 Paginas/Lista de Paginas/img_Editar(1)/img_icono Actualizar' is clicked on

2023-08-14 14:15:55 - [MESSAGE][PASSED] - Object: 'Object Repository/DIGITURNO/CONFIGURACION/7Sistema/4 Paginas/Lista de Paginas/img_Editar(1)/img_icono Actualizar' is clicked on

2023-08-14 14:15:55 - [TEST_STEP][PASSED] - delay(3): Delayed 3 second(s)

2023-08-14 14:15:58 - [MESSAGE][PASSED] - Delayed 3 second(s)

2023-08-14 14:15:58 - [TEST_STEP][PASSED] - back(): Navigate back successfully

2023-08-14 14:15:58 - [MESSAGE][PASSED] - Navigate back successfully

2023-08-14 14:15:58 - [TEST_STEP][PASSED] - back(): Navigate back successfully

2023-08-14 14:15:58 - [MESSAGE][PASSED] - Navigate back successfully

2023-08-14 14:15:58 - [TEST_STEP][PASSED] - back(): Navigate back successfully

2023-08-14 14:15:58 - [MESSAGE][PASSED] - Navigate back successfully

2023-08-14 14:15:58 - [TEST_STEP][PASSED] - click(findTestObject("DIGITURNO/1Principal/img_Configuracion(1)")): Object: 'Object Repository/DIGITURNO/1Principal/img_Configuracion(1)' is clicked on

2023-08-14 14:15:59 - [MESSAGE][PASSED] - Object: 'Object Repository/DIGITURNO/1Principal/img_Configuracion(1)' is clicked on

2023-08-14 14:15:59 - [TEST_STEP][PASSED] - delay(2): Delayed 2 second(s)

2023-08-14 14:16:01 - [MESSAGE][PASSED] - Delayed 2 second(s)

2023-08-14 14:16:01 - [TEST_STEP][PASSED] - takeFullPageScreenshot(): Taking screenshot successfully

2023-08-14 14:16:01 - [MESSAGE][INFO] - 0 hidden object(s)

2023-08-14 14:16:01 - [MESSAGE][PASSED] - Taking screenshot successfully
[[ATTACHMENT|C:\\CIEL INGENIERIA\\Katalon\\Digiturno55\\Reports\\20230814_141235\\DIGITURNO\\BASICO\\11 Paginas Activar y Desactivar\\20230814_141238\\1692040561154.png]]

2023-08-14 14:16:01 - [TEST_STEP][PASSED] - delay(3): Delayed 3 second(s)

2023-08-14 14:16:04 - [MESSAGE][PASSED] - Delayed 3 second(s)

2023-08-14 14:16:04 - [TEST_STEP][PASSED] - Start listener action : sampleAfterTestCase: null]]></system-out>
         <system-err><![CDATA[]]></system-err>
      </testcase>
      <testcase name="Test Cases/DIGITURNO/BASICO/11 Paginas Activar o Desactivar" time="41.887" classname="Test Cases/DIGITURNO/BASICO/11 Paginas Activar o Desactivar" status="PASSED">
         <system-out><![CDATA[2023-08-14 14:16:04 - [TEST_CASE][PASSED] - Test Cases/DIGITURNO/BASICO/11 Paginas Activar o Desactivar: Test Cases/DIGITURNO/BASICO/11 Paginas Activar o Desactivar

2023-08-14 14:16:04 - [TEST_STEP][PASSED] - callTestCase(findTestCase("0InicioSesion"), [:], STOP_ON_FAILURE): Call Test Case 'Test Cases/0InicioSesion' successfully

2023-08-14 14:16:04 - [TEST_CASE][PASSED] - Test Cases/0InicioSesion: Test Cases/0InicioSesion

2023-08-14 14:16:04 - [TEST_STEP][PASSED] - openBrowser(UrlDigiturno): Browser is opened with url: 'https://PCPruebas101.ciel.cielingenieria.com:8610'

2023-08-14 14:16:04 - [MESSAGE][WARNING] - A browser is already opened. Closing browser and opening a new one

2023-08-14 14:16:05 - [MESSAGE][INFO] - Starting 'Chrome' driver

2023-08-14 14:16:05 - [MESSAGE][INFO] - User set preference: ['args', '[--use-fake-ui-for-media-stream, --disable-notifications]']

2023-08-14 14:16:05 - [MESSAGE][INFO] - Action delay is set to 0 milliseconds

2023-08-14 14:16:07 - [MESSAGE][PASSED] - Browser is opened with url: 'https://PCPruebas101.ciel.cielingenieria.com:8610'

2023-08-14 14:16:07 - [TEST_STEP][PASSED] - maximizeWindow(): Current window maximized

2023-08-14 14:16:07 - [MESSAGE][PASSED] - Current window maximized

2023-08-14 14:16:07 - [TEST_STEP][PASSED] - delay(3): Delayed 3 second(s)

2023-08-14 14:16:10 - [MESSAGE][PASSED] - Delayed 3 second(s)

2023-08-14 14:16:10 - [TEST_STEP][PASSED] - setText(findTestObject("0Inicio Sesion/input_Usuario"), "Ciel"): Text 'Ciel' is set on object 'Object Repository/0Inicio Sesion/input_Usuario'

2023-08-14 14:16:11 - [MESSAGE][PASSED] - Text 'Ciel' is set on object 'Object Repository/0Inicio Sesion/input_Usuario'

2023-08-14 14:16:11 - [TEST_STEP][PASSED] - setText(findTestObject("0Inicio Sesion/input_Clave"), "digiturno"): Text 'digiturno' is set on object 'Object Repository/0Inicio Sesion/input_Clave'

2023-08-14 14:16:11 - [MESSAGE][PASSED] - Text 'digiturno' is set on object 'Object Repository/0Inicio Sesion/input_Clave'

2023-08-14 14:16:11 - [TEST_STEP][PASSED] - click(findTestObject("0Inicio Sesion/btn_IniciarSesion")): Object: 'Object Repository/0Inicio Sesion/btn_IniciarSesion' is clicked on

2023-08-14 14:16:12 - [MESSAGE][PASSED] - Object: 'Object Repository/0Inicio Sesion/btn_IniciarSesion' is clicked on

2023-08-14 14:16:12 - [TEST_STEP][PASSED] - delay(3): Delayed 3 second(s)

2023-08-14 14:16:15 - [MESSAGE][PASSED] - Delayed 3 second(s)

2023-08-14 14:16:15 - [MESSAGE][PASSED] - Call Test Case 'Test Cases/0InicioSesion' successfully

2023-08-14 14:16:15 - [TEST_STEP][PASSED] - click(findTestObject("DIGITURNO/1Principal/img_Configuracion(1)")): Object: 'Object Repository/DIGITURNO/1Principal/img_Configuracion(1)' is clicked on

2023-08-14 14:16:15 - [MESSAGE][PASSED] - Object: 'Object Repository/DIGITURNO/1Principal/img_Configuracion(1)' is clicked on

2023-08-14 14:16:15 - [TEST_STEP][PASSED] - delay(3): Delayed 3 second(s)

2023-08-14 14:16:18 - [MESSAGE][PASSED] - Delayed 3 second(s)

2023-08-14 14:16:18 - [TEST_STEP][PASSED] - click(findTestObject("DIGITURNO/CONFIGURACION/0Principal/img_7Sistema")): Object: 'Object Repository/DIGITURNO/CONFIGURACION/0Principal/img_7Sistema' is clicked on

2023-08-14 14:16:19 - [MESSAGE][PASSED] - Object: 'Object Repository/DIGITURNO/CONFIGURACION/0Principal/img_7Sistema' is clicked on

2023-08-14 14:16:19 - [TEST_STEP][PASSED] - delay(3): Delayed 3 second(s)

2023-08-14 14:16:22 - [MESSAGE][PASSED] - Delayed 3 second(s)

2023-08-14 14:16:22 - [TEST_STEP][PASSED] - click(findTestObject("DIGITURNO/CONFIGURACION/7Sistema/0Principal/img_4 Paginas")): Object: 'Object Repository/DIGITURNO/CONFIGURACION/7Sistema/0Principal/img_4 Paginas' is clicked on

2023-08-14 14:16:22 - [MESSAGE][PASSED] - Object: 'Object Repository/DIGITURNO/CONFIGURACION/7Sistema/0Principal/img_4 Paginas' is clicked on

2023-08-14 14:16:22 - [TEST_STEP][PASSED] - delay(3): Delayed 3 second(s)

2023-08-14 14:16:26 - [MESSAGE][PASSED] - Delayed 3 second(s)

2023-08-14 14:16:26 - [TEST_STEP][PASSED] - setText(findTestObject("DIGITURNO/CONFIGURACION/7Sistema/4 Paginas/Lista de Paginas/input_TextoABuscar"), "31"): Text '31' is set on object 'Object Repository/DIGITURNO/CONFIGURACION/7Sistema/4 Paginas/Lista de Paginas/input_TextoABuscar'

2023-08-14 14:16:26 - [MESSAGE][PASSED] - Text '31' is set on object 'Object Repository/DIGITURNO/CONFIGURACION/7Sistema/4 Paginas/Lista de Paginas/input_TextoABuscar'

2023-08-14 14:16:26 - [TEST_STEP][PASSED] - delay(3): Delayed 3 second(s)

2023-08-14 14:16:29 - [MESSAGE][PASSED] - Delayed 3 second(s)

2023-08-14 14:16:29 - [TEST_STEP][PASSED] - click(findTestObject("DIGITURNO/CONFIGURACION/7Sistema/4 Paginas/Lista de Paginas/img_Editar"), STOP_ON_FAILURE): Object: 'Object Repository/DIGITURNO/CONFIGURACION/7Sistema/4 Paginas/Lista de Paginas/img_Editar' is clicked on

2023-08-14 14:16:30 - [MESSAGE][PASSED] - Object: 'Object Repository/DIGITURNO/CONFIGURACION/7Sistema/4 Paginas/Lista de Paginas/img_Editar' is clicked on

2023-08-14 14:16:30 - [TEST_STEP][PASSED] - delay(3): Delayed 3 second(s)

2023-08-14 14:16:33 - [MESSAGE][PASSED] - Delayed 3 second(s)

2023-08-14 14:16:33 - [TEST_STEP][PASSED] - check(findTestObject("DIGITURNO/CONFIGURACION/7Sistema/4 Paginas/Lista de Paginas/img_Editar(1)/label_Es visible"), STOP_ON_FAILURE): Object 'Object Repository/DIGITURNO/CONFIGURACION/7Sistema/4 Paginas/Lista de Paginas/img_Editar(1)/label_Es visible' is checked

2023-08-14 14:16:33 - [MESSAGE][PASSED] - Object 'Object Repository/DIGITURNO/CONFIGURACION/7Sistema/4 Paginas/Lista de Paginas/img_Editar(1)/label_Es visible' is checked

2023-08-14 14:16:33 - [TEST_STEP][PASSED] - delay(3): Delayed 3 second(s)

2023-08-14 14:16:36 - [MESSAGE][PASSED] - Delayed 3 second(s)

2023-08-14 14:16:36 - [TEST_STEP][PASSED] - click(findTestObject("DIGITURNO/CONFIGURACION/7Sistema/4 Paginas/Lista de Paginas/img_Editar(1)/img_icono Actualizar")): Object: 'Object Repository/DIGITURNO/CONFIGURACION/7Sistema/4 Paginas/Lista de Paginas/img_Editar(1)/img_icono Actualizar' is clicked on

2023-08-14 14:16:37 - [MESSAGE][PASSED] - Object: 'Object Repository/DIGITURNO/CONFIGURACION/7Sistema/4 Paginas/Lista de Paginas/img_Editar(1)/img_icono Actualizar' is clicked on

2023-08-14 14:16:37 - [TEST_STEP][PASSED] - delay(3): Delayed 3 second(s)

2023-08-14 14:16:40 - [MESSAGE][PASSED] - Delayed 3 second(s)

2023-08-14 14:16:40 - [TEST_STEP][PASSED] - back(): Navigate back successfully

2023-08-14 14:16:40 - [MESSAGE][PASSED] - Navigate back successfully

2023-08-14 14:16:40 - [TEST_STEP][PASSED] - back(): Navigate back successfully

2023-08-14 14:16:40 - [MESSAGE][PASSED] - Navigate back successfully

2023-08-14 14:16:40 - [TEST_STEP][PASSED] - back(): Navigate back successfully

2023-08-14 14:16:40 - [MESSAGE][PASSED] - Navigate back successfully

2023-08-14 14:16:40 - [TEST_STEP][PASSED] - click(findTestObject("DIGITURNO/1Principal/img_Configuracion(1)")): Object: 'Object Repository/DIGITURNO/1Principal/img_Configuracion(1)' is clicked on

2023-08-14 14:16:41 - [MESSAGE][PASSED] - Object: 'Object Repository/DIGITURNO/1Principal/img_Configuracion(1)' is clicked on

2023-08-14 14:16:41 - [TEST_STEP][PASSED] - delay(2): Delayed 2 second(s)

2023-08-14 14:16:43 - [MESSAGE][PASSED] - Delayed 2 second(s)

2023-08-14 14:16:43 - [TEST_STEP][PASSED] - takeFullPageScreenshot(): Taking screenshot successfully

2023-08-14 14:16:43 - [MESSAGE][INFO] - 0 hidden object(s)

2023-08-14 14:16:43 - [MESSAGE][PASSED] - Taking screenshot successfully
[[ATTACHMENT|C:\\CIEL INGENIERIA\\Katalon\\Digiturno55\\Reports\\20230814_141235\\DIGITURNO\\BASICO\\11 Paginas Activar y Desactivar\\20230814_141238\\1692040603174.png]]

2023-08-14 14:16:43 - [TEST_STEP][PASSED] - delay(3): Delayed 3 second(s)

2023-08-14 14:16:46 - [MESSAGE][PASSED] - Delayed 3 second(s)

2023-08-14 14:16:46 - [TEST_STEP][PASSED] - Start listener action : sampleAfterTestCase: null]]></system-out>
         <system-err><![CDATA[]]></system-err>
      </testcase>
      <system-out><![CDATA[2023-08-14 14:15:05 - [TEST_SUITE][PASSED] - 11 Paginas Activar y Desactivar: Test Cases/DIGITURNO/BASICO/11 Paginas Activar o Desactivar]]></system-out>
      <system-err><![CDATA[]]></system-err>
   </testsuite>
</testsuites>
