<?xml version="1.0" encoding="UTF-8"?>
<testsuites name="0 Generar Turno" time="138.673" tests="1" failures="0" errors="0">
   <testsuite name="0 Generar Turno" tests="1" failures="0" errors="0" time="138.673" skipped="0" timestamp="2023-07-11 12:46:12" hostname="jdavila - PCPruebas101.ciel.cielingenieria.com" id="Test Suites/DIGITURNO/OPERACION BASICA/0 Generar Turno">
      <properties>
         <property name="deviceName" value=""/>
         <property name="devicePlatform" value=""/>
         <property name="logFolder" value="C:\\CIEL INGENIERIA\\Katalon\\Digiturno55\\Reports\\20230711_124537\\DIGITURNO\\OPERACION BASICA\\0 Generar Turno\\20230711_124539"/>
         <property name="logFiles" value="C:\\CIEL INGENIERIA\\Katalon\\Digiturno55\\Reports\\20230711_124537\\DIGITURNO\\OPERACION BASICA\\0 Generar Turno\\20230711_124539\\execution0.log"/>
         <property name="attachments" value=""/>
         <property name="hostName" value="jdavila - PCPruebas101.ciel.cielingenieria.com"/>
         <property name="os" value="Windows 10 64bit"/>
         <property name="katalonVersion" value="8.6.0.208"/>
         <property name="browser" value="Chrome 114.0.0.0"/>
         <property name="hostAddress" value="192.168.0.33"/>
         <property name="sessionId" value="534d7fe053b7c1999b3c8127e46dd233"/>
         <property name="seleniumVersion" value="3.141.59"/>
         <property name="proxyInformation" value="ProxyInformation { proxyOption=NO_PROXY, proxyServerType=HTTP, username=, password=********, proxyServerAddress=, proxyServerPort=0, executionList=&quot;&quot;, isApplyToDesiredCapabilities=true }"/>
         <property name="platform" value="Windows 10"/>
      </properties>
      <testcase name="Test Cases/DIGITURNO/OPERACION BASICA/0 Generar Turno" time="138.437" classname="Test Cases/DIGITURNO/OPERACION BASICA/0 Generar Turno" status="PASSED">
         <system-out><![CDATA[2023-07-11 12:46:12 - [TEST_CASE][PASSED] - Test Cases/DIGITURNO/OPERACION BASICA/0 Generar Turno: Test Cases/DIGITURNO/OPERACION BASICA/0 Generar Turno

2023-07-11 12:46:13 - [TEST_STEP][PASSED] - callTestCase(findTestCase("0InicioSesion"), [:], STOP_ON_FAILURE): Call Test Case 'Test Cases/0InicioSesion' successfully

2023-07-11 12:46:13 - [TEST_CASE][PASSED] - Test Cases/0InicioSesion: Test Cases/0InicioSesion

2023-07-11 12:46:13 - [TEST_STEP][PASSED] - openBrowser(UrlDigiturno): Browser is opened with url: 'https://PCPruebas101.ciel.cielingenieria.com:8810'

2023-07-11 12:46:14 - [MESSAGE][INFO] - Starting 'Chrome' driver

2023-07-11 12:46:14 - [MESSAGE][INFO] - User set preference: ['args', '[--use-fake-ui-for-media-stream, --disable-notifications]']

2023-07-11 12:46:14 - [MESSAGE][INFO] - Action delay is set to 0 milliseconds

2023-07-11 12:46:17 - [MESSAGE][PASSED] - Browser is opened with url: 'https://PCPruebas101.ciel.cielingenieria.com:8810'

2023-07-11 12:46:17 - [TEST_STEP][PASSED] - maximizeWindow(): Current window maximized

2023-07-11 12:46:18 - [MESSAGE][PASSED] - Current window maximized

2023-07-11 12:46:18 - [TEST_STEP][PASSED] - delay(3): Delayed 3 second(s)

2023-07-11 12:46:21 - [MESSAGE][PASSED] - Delayed 3 second(s)

2023-07-11 12:46:21 - [TEST_STEP][PASSED] - setText(findTestObject("0Inicio Sesion/input_Usuario"), "Ciel"): Text 'Ciel' is set on object 'Object Repository/0Inicio Sesion/input_Usuario'

2023-07-11 12:46:21 - [MESSAGE][PASSED] - Text 'Ciel' is set on object 'Object Repository/0Inicio Sesion/input_Usuario'

2023-07-11 12:46:21 - [TEST_STEP][PASSED] - setText(findTestObject("0Inicio Sesion/input_Clave"), "digiturno"): Text 'digiturno' is set on object 'Object Repository/0Inicio Sesion/input_Clave'

2023-07-11 12:46:22 - [MESSAGE][PASSED] - Text 'digiturno' is set on object 'Object Repository/0Inicio Sesion/input_Clave'

2023-07-11 12:46:22 - [TEST_STEP][PASSED] - click(findTestObject("0Inicio Sesion/btn_IniciarSesion")): Object: 'Object Repository/0Inicio Sesion/btn_IniciarSesion' is clicked on

2023-07-11 12:46:23 - [MESSAGE][PASSED] - Object: 'Object Repository/0Inicio Sesion/btn_IniciarSesion' is clicked on

2023-07-11 12:46:23 - [TEST_STEP][PASSED] - delay(3): Delayed 3 second(s)

2023-07-11 12:46:26 - [MESSAGE][PASSED] - Delayed 3 second(s)

2023-07-11 12:46:26 - [MESSAGE][PASSED] - Call Test Case 'Test Cases/0InicioSesion' successfully

2023-07-11 12:46:26 - [TEST_STEP][PASSED] - delay(3): Delayed 3 second(s)

2023-07-11 12:46:29 - [MESSAGE][PASSED] - Delayed 3 second(s)

2023-07-11 12:46:29 - [TEST_STEP][PASSED] - click(findTestObject("DIGITURNO/1Principal/img_Operacion(1)")): Object: 'Object Repository/DIGITURNO/1Principal/img_Operacion(1)' is clicked on

2023-07-11 12:46:30 - [MESSAGE][PASSED] - Object: 'Object Repository/DIGITURNO/1Principal/img_Operacion(1)' is clicked on

2023-07-11 12:46:30 - [TEST_STEP][PASSED] - delay(3): Delayed 3 second(s)

2023-07-11 12:46:33 - [MESSAGE][PASSED] - Delayed 3 second(s)

2023-07-11 12:46:33 - [TEST_STEP][PASSED] - click(findTestObject("DIGITURNO/OPERACION/0Principal/Elementos del Sistema/img_Selectores")): Object: 'Object Repository/DIGITURNO/OPERACION/0Principal/Elementos del Sistema/img_Selectores' is clicked on

2023-07-11 12:46:33 - [MESSAGE][PASSED] - Object: 'Object Repository/DIGITURNO/OPERACION/0Principal/Elementos del Sistema/img_Selectores' is clicked on

2023-07-11 12:46:33 - [TEST_STEP][PASSED] - delay(3): Delayed 3 second(s)

2023-07-11 12:46:36 - [MESSAGE][PASSED] - Delayed 3 second(s)

2023-07-11 12:46:36 - [TEST_STEP][PASSED] - click(findTestObject("DIGITURNO/OPERACION/1Selectores/Oficinas/td_1Bogota - CIEL")): Object: 'Object Repository/DIGITURNO/OPERACION/1Selectores/Oficinas/td_1Bogota - CIEL' is clicked on

2023-07-11 12:46:37 - [MESSAGE][PASSED] - Object: 'Object Repository/DIGITURNO/OPERACION/1Selectores/Oficinas/td_1Bogota - CIEL' is clicked on

2023-07-11 12:46:37 - [TEST_STEP][PASSED] - delay(3): Delayed 3 second(s)

2023-07-11 12:46:40 - [MESSAGE][PASSED] - Delayed 3 second(s)

2023-07-11 12:46:40 - [TEST_STEP][PASSED] - click(findTestObject("DIGITURNO/OPERACION/1Selectores/Lista de Selectores/td_Selector 01")): Object: 'Object Repository/DIGITURNO/OPERACION/1Selectores/Lista de Selectores/td_Selector 01' is clicked on

2023-07-11 12:46:40 - [MESSAGE][PASSED] - Object: 'Object Repository/DIGITURNO/OPERACION/1Selectores/Lista de Selectores/td_Selector 01' is clicked on

2023-07-11 12:46:40 - [TEST_STEP][PASSED] - delay(5): Delayed 5 second(s)

2023-07-11 12:46:45 - [MESSAGE][PASSED] - Delayed 5 second(s)

2023-07-11 12:46:45 - [TEST_STEP][PASSED] - switchToWindowIndex(1): Switched to window with index: '1'

2023-07-11 12:46:45 - [MESSAGE][PASSED] - Switched to window with index: '1'

2023-07-11 12:46:45 - [TEST_STEP][PASSED] - delay(2): Delayed 2 second(s)

2023-07-11 12:46:47 - [MESSAGE][PASSED] - Delayed 2 second(s)

2023-07-11 12:46:47 - [TEST_STEP][PASSED] - setText(findTestObject("DIGITURNO/OPERACION/1Selectores/Selector/Jerarquia/input_cajaBusqueda"), "info"): Text 'info' is set on object 'Object Repository/DIGITURNO/OPERACION/1Selectores/Selector/Jerarquia/input_cajaBusqueda'

2023-07-11 12:46:48 - [MESSAGE][PASSED] - Text 'info' is set on object 'Object Repository/DIGITURNO/OPERACION/1Selectores/Selector/Jerarquia/input_cajaBusqueda'

2023-07-11 12:46:48 - [TEST_STEP][PASSED] - delay(3): Delayed 3 second(s)

2023-07-11 12:46:51 - [MESSAGE][PASSED] - Delayed 3 second(s)

2023-07-11 12:46:51 - [TEST_STEP][PASSED] - for (def index : (1..12)): Delayed 3 second(s)

2023-07-11 12:46:51 - [TEST_STEP][PASSED] - click(findTestObject("DIGITURNO/OPERACION/1Selectores/Selector/Jerarquia/a_WIZ General Informacion")): Object: 'Object Repository/DIGITURNO/OPERACION/1Selectores/Selector/Jerarquia/a_WIZ General Informacion' is clicked on

2023-07-11 12:46:52 - [MESSAGE][PASSED] - Object: 'Object Repository/DIGITURNO/OPERACION/1Selectores/Selector/Jerarquia/a_WIZ General Informacion' is clicked on

2023-07-11 12:46:52 - [TEST_STEP][PASSED] - delay(3): Delayed 3 second(s)

2023-07-11 12:46:55 - [MESSAGE][PASSED] - Delayed 3 second(s)

2023-07-11 12:46:55 - [TEST_STEP][PASSED] - click(findTestObject("DIGITURNO/OPERACION/1Selectores/Selector/Generar Turno/img_Con Impresion")): Object: 'Object Repository/DIGITURNO/OPERACION/1Selectores/Selector/Generar Turno/img_Con Impresion' is clicked on

2023-07-11 12:46:55 - [MESSAGE][PASSED] - Object: 'Object Repository/DIGITURNO/OPERACION/1Selectores/Selector/Generar Turno/img_Con Impresion' is clicked on

2023-07-11 12:46:55 - [TEST_STEP][PASSED] - delay(3): Delayed 3 second(s)

2023-07-11 12:46:58 - [MESSAGE][PASSED] - Delayed 3 second(s)

2023-07-11 12:46:58 - [TEST_STEP][PASSED] - click(findTestObject("DIGITURNO/OPERACION/1Selectores/Selector/Jerarquia/a_WIZ General Informacion")): Object: 'Object Repository/DIGITURNO/OPERACION/1Selectores/Selector/Jerarquia/a_WIZ General Informacion' is clicked on

2023-07-11 12:47:00 - [MESSAGE][PASSED] - Object: 'Object Repository/DIGITURNO/OPERACION/1Selectores/Selector/Jerarquia/a_WIZ General Informacion' is clicked on

2023-07-11 12:47:00 - [TEST_STEP][PASSED] - delay(3): Delayed 3 second(s)

2023-07-11 12:47:03 - [MESSAGE][PASSED] - Delayed 3 second(s)

2023-07-11 12:47:03 - [TEST_STEP][PASSED] - click(findTestObject("DIGITURNO/OPERACION/1Selectores/Selector/Generar Turno/img_Con Impresion")): Object: 'Object Repository/DIGITURNO/OPERACION/1Selectores/Selector/Generar Turno/img_Con Impresion' is clicked on

2023-07-11 12:47:03 - [MESSAGE][PASSED] - Object: 'Object Repository/DIGITURNO/OPERACION/1Selectores/Selector/Generar Turno/img_Con Impresion' is clicked on

2023-07-11 12:47:03 - [TEST_STEP][PASSED] - delay(3): Delayed 3 second(s)

2023-07-11 12:47:06 - [MESSAGE][PASSED] - Delayed 3 second(s)

2023-07-11 12:47:06 - [TEST_STEP][PASSED] - click(findTestObject("DIGITURNO/OPERACION/1Selectores/Selector/Jerarquia/a_WIZ General Informacion")): Object: 'Object Repository/DIGITURNO/OPERACION/1Selectores/Selector/Jerarquia/a_WIZ General Informacion' is clicked on

2023-07-11 12:47:07 - [MESSAGE][PASSED] - Object: 'Object Repository/DIGITURNO/OPERACION/1Selectores/Selector/Jerarquia/a_WIZ General Informacion' is clicked on

2023-07-11 12:47:07 - [TEST_STEP][PASSED] - delay(3): Delayed 3 second(s)

2023-07-11 12:47:10 - [MESSAGE][PASSED] - Delayed 3 second(s)

2023-07-11 12:47:10 - [TEST_STEP][PASSED] - click(findTestObject("DIGITURNO/OPERACION/1Selectores/Selector/Generar Turno/img_Con Impresion")): Object: 'Object Repository/DIGITURNO/OPERACION/1Selectores/Selector/Generar Turno/img_Con Impresion' is clicked on

2023-07-11 12:47:11 - [MESSAGE][PASSED] - Object: 'Object Repository/DIGITURNO/OPERACION/1Selectores/Selector/Generar Turno/img_Con Impresion' is clicked on

2023-07-11 12:47:11 - [TEST_STEP][PASSED] - delay(3): Delayed 3 second(s)

2023-07-11 12:47:14 - [MESSAGE][PASSED] - Delayed 3 second(s)

2023-07-11 12:47:14 - [TEST_STEP][PASSED] - click(findTestObject("DIGITURNO/OPERACION/1Selectores/Selector/Jerarquia/a_WIZ General Informacion")): Object: 'Object Repository/DIGITURNO/OPERACION/1Selectores/Selector/Jerarquia/a_WIZ General Informacion' is clicked on

2023-07-11 12:47:15 - [MESSAGE][PASSED] - Object: 'Object Repository/DIGITURNO/OPERACION/1Selectores/Selector/Jerarquia/a_WIZ General Informacion' is clicked on

2023-07-11 12:47:15 - [TEST_STEP][PASSED] - delay(3): Delayed 3 second(s)

2023-07-11 12:47:18 - [MESSAGE][PASSED] - Delayed 3 second(s)

2023-07-11 12:47:18 - [TEST_STEP][PASSED] - click(findTestObject("DIGITURNO/OPERACION/1Selectores/Selector/Generar Turno/img_Con Impresion")): Object: 'Object Repository/DIGITURNO/OPERACION/1Selectores/Selector/Generar Turno/img_Con Impresion' is clicked on

2023-07-11 12:47:19 - [MESSAGE][PASSED] - Object: 'Object Repository/DIGITURNO/OPERACION/1Selectores/Selector/Generar Turno/img_Con Impresion' is clicked on

2023-07-11 12:47:19 - [TEST_STEP][PASSED] - delay(3): Delayed 3 second(s)

2023-07-11 12:47:22 - [MESSAGE][PASSED] - Delayed 3 second(s)

2023-07-11 12:47:22 - [TEST_STEP][PASSED] - click(findTestObject("DIGITURNO/OPERACION/1Selectores/Selector/Jerarquia/a_WIZ General Informacion")): Object: 'Object Repository/DIGITURNO/OPERACION/1Selectores/Selector/Jerarquia/a_WIZ General Informacion' is clicked on

2023-07-11 12:47:23 - [MESSAGE][PASSED] - Object: 'Object Repository/DIGITURNO/OPERACION/1Selectores/Selector/Jerarquia/a_WIZ General Informacion' is clicked on

2023-07-11 12:47:23 - [TEST_STEP][PASSED] - delay(3): Delayed 3 second(s)

2023-07-11 12:47:26 - [MESSAGE][PASSED] - Delayed 3 second(s)

2023-07-11 12:47:26 - [TEST_STEP][PASSED] - click(findTestObject("DIGITURNO/OPERACION/1Selectores/Selector/Generar Turno/img_Con Impresion")): Object: 'Object Repository/DIGITURNO/OPERACION/1Selectores/Selector/Generar Turno/img_Con Impresion' is clicked on

2023-07-11 12:47:27 - [MESSAGE][PASSED] - Object: 'Object Repository/DIGITURNO/OPERACION/1Selectores/Selector/Generar Turno/img_Con Impresion' is clicked on

2023-07-11 12:47:27 - [TEST_STEP][PASSED] - delay(3): Delayed 3 second(s)

2023-07-11 12:47:30 - [MESSAGE][PASSED] - Delayed 3 second(s)

2023-07-11 12:47:30 - [TEST_STEP][PASSED] - click(findTestObject("DIGITURNO/OPERACION/1Selectores/Selector/Jerarquia/a_WIZ General Informacion")): Object: 'Object Repository/DIGITURNO/OPERACION/1Selectores/Selector/Jerarquia/a_WIZ General Informacion' is clicked on

2023-07-11 12:47:31 - [MESSAGE][PASSED] - Object: 'Object Repository/DIGITURNO/OPERACION/1Selectores/Selector/Jerarquia/a_WIZ General Informacion' is clicked on

2023-07-11 12:47:31 - [TEST_STEP][PASSED] - delay(3): Delayed 3 second(s)

2023-07-11 12:47:34 - [MESSAGE][PASSED] - Delayed 3 second(s)

2023-07-11 12:47:34 - [TEST_STEP][PASSED] - click(findTestObject("DIGITURNO/OPERACION/1Selectores/Selector/Generar Turno/img_Con Impresion")): Object: 'Object Repository/DIGITURNO/OPERACION/1Selectores/Selector/Generar Turno/img_Con Impresion' is clicked on

2023-07-11 12:47:34 - [MESSAGE][PASSED] - Object: 'Object Repository/DIGITURNO/OPERACION/1Selectores/Selector/Generar Turno/img_Con Impresion' is clicked on

2023-07-11 12:47:34 - [TEST_STEP][PASSED] - delay(3): Delayed 3 second(s)

2023-07-11 12:47:37 - [MESSAGE][PASSED] - Delayed 3 second(s)

2023-07-11 12:47:37 - [TEST_STEP][PASSED] - click(findTestObject("DIGITURNO/OPERACION/1Selectores/Selector/Jerarquia/a_WIZ General Informacion")): Object: 'Object Repository/DIGITURNO/OPERACION/1Selectores/Selector/Jerarquia/a_WIZ General Informacion' is clicked on

2023-07-11 12:47:38 - [MESSAGE][PASSED] - Object: 'Object Repository/DIGITURNO/OPERACION/1Selectores/Selector/Jerarquia/a_WIZ General Informacion' is clicked on

2023-07-11 12:47:38 - [TEST_STEP][PASSED] - delay(3): Delayed 3 second(s)

2023-07-11 12:47:41 - [MESSAGE][PASSED] - Delayed 3 second(s)

2023-07-11 12:47:41 - [TEST_STEP][PASSED] - click(findTestObject("DIGITURNO/OPERACION/1Selectores/Selector/Generar Turno/img_Con Impresion")): Object: 'Object Repository/DIGITURNO/OPERACION/1Selectores/Selector/Generar Turno/img_Con Impresion' is clicked on

2023-07-11 12:47:42 - [MESSAGE][PASSED] - Object: 'Object Repository/DIGITURNO/OPERACION/1Selectores/Selector/Generar Turno/img_Con Impresion' is clicked on

2023-07-11 12:47:42 - [TEST_STEP][PASSED] - delay(3): Delayed 3 second(s)

2023-07-11 12:47:45 - [MESSAGE][PASSED] - Delayed 3 second(s)

2023-07-11 12:47:45 - [TEST_STEP][PASSED] - click(findTestObject("DIGITURNO/OPERACION/1Selectores/Selector/Jerarquia/a_WIZ General Informacion")): Object: 'Object Repository/DIGITURNO/OPERACION/1Selectores/Selector/Jerarquia/a_WIZ General Informacion' is clicked on

2023-07-11 12:47:46 - [MESSAGE][PASSED] - Object: 'Object Repository/DIGITURNO/OPERACION/1Selectores/Selector/Jerarquia/a_WIZ General Informacion' is clicked on

2023-07-11 12:47:46 - [TEST_STEP][PASSED] - delay(3): Delayed 3 second(s)

2023-07-11 12:47:49 - [MESSAGE][PASSED] - Delayed 3 second(s)

2023-07-11 12:47:49 - [TEST_STEP][PASSED] - click(findTestObject("DIGITURNO/OPERACION/1Selectores/Selector/Generar Turno/img_Con Impresion")): Object: 'Object Repository/DIGITURNO/OPERACION/1Selectores/Selector/Generar Turno/img_Con Impresion' is clicked on

2023-07-11 12:47:50 - [MESSAGE][PASSED] - Object: 'Object Repository/DIGITURNO/OPERACION/1Selectores/Selector/Generar Turno/img_Con Impresion' is clicked on

2023-07-11 12:47:50 - [TEST_STEP][PASSED] - delay(3): Delayed 3 second(s)

2023-07-11 12:47:53 - [MESSAGE][PASSED] - Delayed 3 second(s)

2023-07-11 12:47:53 - [TEST_STEP][PASSED] - click(findTestObject("DIGITURNO/OPERACION/1Selectores/Selector/Jerarquia/a_WIZ General Informacion")): Object: 'Object Repository/DIGITURNO/OPERACION/1Selectores/Selector/Jerarquia/a_WIZ General Informacion' is clicked on

2023-07-11 12:47:54 - [MESSAGE][PASSED] - Object: 'Object Repository/DIGITURNO/OPERACION/1Selectores/Selector/Jerarquia/a_WIZ General Informacion' is clicked on

2023-07-11 12:47:54 - [TEST_STEP][PASSED] - delay(3): Delayed 3 second(s)

2023-07-11 12:47:57 - [MESSAGE][PASSED] - Delayed 3 second(s)

2023-07-11 12:47:57 - [TEST_STEP][PASSED] - click(findTestObject("DIGITURNO/OPERACION/1Selectores/Selector/Generar Turno/img_Con Impresion")): Object: 'Object Repository/DIGITURNO/OPERACION/1Selectores/Selector/Generar Turno/img_Con Impresion' is clicked on

2023-07-11 12:47:58 - [MESSAGE][PASSED] - Object: 'Object Repository/DIGITURNO/OPERACION/1Selectores/Selector/Generar Turno/img_Con Impresion' is clicked on

2023-07-11 12:47:58 - [TEST_STEP][PASSED] - delay(3): Delayed 3 second(s)

2023-07-11 12:48:01 - [MESSAGE][PASSED] - Delayed 3 second(s)

2023-07-11 12:48:01 - [TEST_STEP][PASSED] - click(findTestObject("DIGITURNO/OPERACION/1Selectores/Selector/Jerarquia/a_WIZ General Informacion")): Object: 'Object Repository/DIGITURNO/OPERACION/1Selectores/Selector/Jerarquia/a_WIZ General Informacion' is clicked on

2023-07-11 12:48:02 - [MESSAGE][PASSED] - Object: 'Object Repository/DIGITURNO/OPERACION/1Selectores/Selector/Jerarquia/a_WIZ General Informacion' is clicked on

2023-07-11 12:48:02 - [TEST_STEP][PASSED] - delay(3): Delayed 3 second(s)

2023-07-11 12:48:05 - [MESSAGE][PASSED] - Delayed 3 second(s)

2023-07-11 12:48:05 - [TEST_STEP][PASSED] - click(findTestObject("DIGITURNO/OPERACION/1Selectores/Selector/Generar Turno/img_Con Impresion")): Object: 'Object Repository/DIGITURNO/OPERACION/1Selectores/Selector/Generar Turno/img_Con Impresion' is clicked on

2023-07-11 12:48:06 - [MESSAGE][PASSED] - Object: 'Object Repository/DIGITURNO/OPERACION/1Selectores/Selector/Generar Turno/img_Con Impresion' is clicked on

2023-07-11 12:48:06 - [TEST_STEP][PASSED] - delay(3): Delayed 3 second(s)

2023-07-11 12:48:09 - [MESSAGE][PASSED] - Delayed 3 second(s)

2023-07-11 12:48:09 - [TEST_STEP][PASSED] - click(findTestObject("DIGITURNO/OPERACION/1Selectores/Selector/Jerarquia/a_WIZ General Informacion")): Object: 'Object Repository/DIGITURNO/OPERACION/1Selectores/Selector/Jerarquia/a_WIZ General Informacion' is clicked on

2023-07-11 12:48:09 - [MESSAGE][PASSED] - Object: 'Object Repository/DIGITURNO/OPERACION/1Selectores/Selector/Jerarquia/a_WIZ General Informacion' is clicked on

2023-07-11 12:48:09 - [TEST_STEP][PASSED] - delay(3): Delayed 3 second(s)

2023-07-11 12:48:12 - [MESSAGE][PASSED] - Delayed 3 second(s)

2023-07-11 12:48:12 - [TEST_STEP][PASSED] - click(findTestObject("DIGITURNO/OPERACION/1Selectores/Selector/Generar Turno/img_Con Impresion")): Object: 'Object Repository/DIGITURNO/OPERACION/1Selectores/Selector/Generar Turno/img_Con Impresion' is clicked on

2023-07-11 12:48:13 - [MESSAGE][PASSED] - Object: 'Object Repository/DIGITURNO/OPERACION/1Selectores/Selector/Generar Turno/img_Con Impresion' is clicked on

2023-07-11 12:48:13 - [TEST_STEP][PASSED] - delay(3): Delayed 3 second(s)

2023-07-11 12:48:16 - [MESSAGE][PASSED] - Delayed 3 second(s)

2023-07-11 12:48:16 - [TEST_STEP][PASSED] - click(findTestObject("DIGITURNO/OPERACION/1Selectores/Selector/Jerarquia/a_WIZ General Informacion")): Object: 'Object Repository/DIGITURNO/OPERACION/1Selectores/Selector/Jerarquia/a_WIZ General Informacion' is clicked on

2023-07-11 12:48:16 - [MESSAGE][PASSED] - Object: 'Object Repository/DIGITURNO/OPERACION/1Selectores/Selector/Jerarquia/a_WIZ General Informacion' is clicked on

2023-07-11 12:48:16 - [TEST_STEP][PASSED] - delay(3): Delayed 3 second(s)

2023-07-11 12:48:19 - [MESSAGE][PASSED] - Delayed 3 second(s)

2023-07-11 12:48:19 - [TEST_STEP][PASSED] - click(findTestObject("DIGITURNO/OPERACION/1Selectores/Selector/Generar Turno/img_Con Impresion")): Object: 'Object Repository/DIGITURNO/OPERACION/1Selectores/Selector/Generar Turno/img_Con Impresion' is clicked on

2023-07-11 12:48:20 - [MESSAGE][PASSED] - Object: 'Object Repository/DIGITURNO/OPERACION/1Selectores/Selector/Generar Turno/img_Con Impresion' is clicked on

2023-07-11 12:48:20 - [TEST_STEP][PASSED] - delay(3): Delayed 3 second(s)

2023-07-11 12:48:23 - [MESSAGE][PASSED] - Delayed 3 second(s)

2023-07-11 12:48:23 - [TEST_STEP][PASSED] - click(findTestObject("DIGITURNO/OPERACION/1Selectores/Selector/0Informacion de Selector/img_Cerrar")): Object: 'Object Repository/DIGITURNO/OPERACION/1Selectores/Selector/0Informacion de Selector/img_Cerrar' is clicked on

2023-07-11 12:48:24 - [MESSAGE][PASSED] - Object: 'Object Repository/DIGITURNO/OPERACION/1Selectores/Selector/0Informacion de Selector/img_Cerrar' is clicked on

2023-07-11 12:48:24 - [TEST_STEP][PASSED] - delay(3): Delayed 3 second(s)

2023-07-11 12:48:27 - [MESSAGE][PASSED] - Delayed 3 second(s)

2023-07-11 12:48:27 - [TEST_STEP][PASSED] - click(findTestObject("DIGITURNO/OPERACION/1Selectores/Selector/0Informacion de Selector/img_Cerrar(1)/btn_4FindeJornada_8")): Object: 'Object Repository/DIGITURNO/OPERACION/1Selectores/Selector/0Informacion de Selector/img_Cerrar(1)/btn_4FindeJornada_8' is clicked on

2023-07-11 12:48:28 - [MESSAGE][PASSED] - Object: 'Object Repository/DIGITURNO/OPERACION/1Selectores/Selector/0Informacion de Selector/img_Cerrar(1)/btn_4FindeJornada_8' is clicked on

2023-07-11 12:48:28 - [TEST_STEP][PASSED] - delay(3): Delayed 3 second(s)

2023-07-11 12:48:31 - [MESSAGE][PASSED] - Delayed 3 second(s)

2023-07-11 12:48:31 - [TEST_STEP][PASSED] - Start listener action : sampleAfterTestCase: null]]></system-out>
         <system-err><![CDATA[]]></system-err>
      </testcase>
      <system-out><![CDATA[2023-07-11 12:46:12 - [TEST_SUITE][PASSED] - 0 Generar Turno: Test Cases/DIGITURNO/OPERACION BASICA/0 Generar Turno]]></system-out>
      <system-err><![CDATA[]]></system-err>
   </testsuite>
</testsuites>
