<?xml version="1.0" encoding="UTF-8"?>
<testsuites name="41 Numeradores Crear Actualizar Eliminar" time="125.995" tests="3" failures="0" errors="0">
   <testsuite name="41 Numeradores Crear Actualizar Eliminar" tests="3" failures="0" errors="0" time="125.995" skipped="0" timestamp="2023-07-11 12:08:57" hostname="jdavila - PCPruebas101.ciel.cielingenieria.com" id="Test Suites/DIGITURNO/BASICO/41 Numeradores Crear Actualizar Eliminar">
      <properties>
         <property name="deviceName" value=""/>
         <property name="devicePlatform" value=""/>
         <property name="logFolder" value="C:\\CIEL INGENIERIA\\Katalon\\Digiturno55\\Reports\\20230711_113602\\DIGITURNO\\BASICO\\41 Numeradores Crear Actualizar Eliminar\\20230711_113645"/>
         <property name="logFiles" value="C:\\CIEL INGENIERIA\\Katalon\\Digiturno55\\Reports\\20230711_113602\\DIGITURNO\\BASICO\\41 Numeradores Crear Actualizar Eliminar\\20230711_113645\\execution0.log"/>
         <property name="attachments" value="C:\\CIEL INGENIERIA\\Katalon\\Digiturno55\\Reports\\20230711_113602\\DIGITURNO\\BASICO\\41 Numeradores Crear Actualizar Eliminar\\20230711_113645\\1689095353044.png, C:\\CIEL INGENIERIA\\Katalon\\Digiturno55\\Reports\\20230711_113602\\DIGITURNO\\BASICO\\41 Numeradores Crear Actualizar Eliminar\\20230711_113645\\1689095360296.png, C:\\CIEL INGENIERIA\\Katalon\\Digiturno55\\Reports\\20230711_113602\\DIGITURNO\\BASICO\\41 Numeradores Crear Actualizar Eliminar\\20230711_113645\\1689095374155.png, C:\\CIEL INGENIERIA\\Katalon\\Digiturno55\\Reports\\20230711_113602\\DIGITURNO\\BASICO\\41 Numeradores Crear Actualizar Eliminar\\20230711_113645\\1689095392214.png, C:\\CIEL INGENIERIA\\Katalon\\Digiturno55\\Reports\\20230711_113602\\DIGITURNO\\BASICO\\41 Numeradores Crear Actualizar Eliminar\\20230711_113645\\1689095399358.png, C:\\CIEL INGENIERIA\\Katalon\\Digiturno55\\Reports\\20230711_113602\\DIGITURNO\\BASICO\\41 Numeradores Crear Actualizar Eliminar\\20230711_113645\\1689095417117.png, C:\\CIEL INGENIERIA\\Katalon\\Digiturno55\\Reports\\20230711_113602\\DIGITURNO\\BASICO\\41 Numeradores Crear Actualizar Eliminar\\20230711_113645\\1689095435101.png, C:\\CIEL INGENIERIA\\Katalon\\Digiturno55\\Reports\\20230711_113602\\DIGITURNO\\BASICO\\41 Numeradores Crear Actualizar Eliminar\\20230711_113645\\1689095442180.png, C:\\CIEL INGENIERIA\\Katalon\\Digiturno55\\Reports\\20230711_113602\\DIGITURNO\\BASICO\\41 Numeradores Crear Actualizar Eliminar\\20230711_113645\\1689095459734.png"/>
         <property name="hostName" value="jdavila - PCPruebas101.ciel.cielingenieria.com"/>
         <property name="os" value="Windows 10 64bit"/>
         <property name="katalonVersion" value="8.6.0.208"/>
         <property name="browser" value="Chrome 114.0.0.0"/>
         <property name="hostAddress" value="192.168.0.33"/>
         <property name="sessionId" value="8b7271b27ba92ead3df05a76e598b752"/>
         <property name="seleniumVersion" value="3.141.59"/>
         <property name="proxyInformation" value="ProxyInformation { proxyOption=NO_PROXY, proxyServerType=HTTP, username=, password=********, proxyServerAddress=, proxyServerPort=0, executionList=&quot;&quot;, isApplyToDesiredCapabilities=true }"/>
         <property name="platform" value="Windows 10"/>
      </properties>
      <testcase name="Test Cases/DIGITURNO/BASICO/41 Numeradores Crear" time="40.285" classname="Test Cases/DIGITURNO/BASICO/41 Numeradores Crear" status="PASSED">
         <system-out><![CDATA[2023-07-11 12:08:57 - [TEST_CASE][PASSED] - Test Cases/DIGITURNO/BASICO/41 Numeradores Crear: Test Cases/DIGITURNO/BASICO/41 Numeradores Crear

2023-07-11 12:08:57 - [TEST_STEP][PASSED] - callTestCase(findTestCase("DIGITURNO/BASICO/39 Modelo de atencion"), [:], STOP_ON_FAILURE): Call Test Case 'Test Cases/DIGITURNO/BASICO/39 Modelo de atencion' successfully

2023-07-11 12:08:57 - [TEST_CASE][PASSED] - Test Cases/DIGITURNO/BASICO/39 Modelo de atencion: Test Cases/DIGITURNO/BASICO/39 Modelo de atencion

2023-07-11 12:08:58 - [TEST_STEP][PASSED] - callTestCase(findTestCase("DIGITURNO/BASICO/3 Configuracion"), [:], STOP_ON_FAILURE): Call Test Case 'Test Cases/DIGITURNO/BASICO/3 Configuracion' successfully

2023-07-11 12:08:58 - [TEST_CASE][PASSED] - Test Cases/DIGITURNO/BASICO/3 Configuracion: Test Cases/DIGITURNO/BASICO/3 Configuracion

2023-07-11 12:08:58 - [TEST_STEP][PASSED] - callTestCase(findTestCase("0InicioSesion"), [:], STOP_ON_FAILURE): Call Test Case 'Test Cases/0InicioSesion' successfully

2023-07-11 12:08:58 - [TEST_CASE][PASSED] - Test Cases/0InicioSesion: Test Cases/0InicioSesion

2023-07-11 12:08:58 - [TEST_STEP][PASSED] - openBrowser(UrlDigiturno): Browser is opened with url: 'https://PCPruebas101.ciel.cielingenieria.com:8810'

2023-07-11 12:08:59 - [MESSAGE][INFO] - Starting 'Chrome' driver

2023-07-11 12:08:59 - [MESSAGE][INFO] - User set preference: ['args', '[--use-fake-ui-for-media-stream, --disable-notifications]']

2023-07-11 12:08:59 - [MESSAGE][INFO] - Action delay is set to 0 milliseconds

2023-07-11 12:09:01 - [MESSAGE][PASSED] - Browser is opened with url: 'https://PCPruebas101.ciel.cielingenieria.com:8810'

2023-07-11 12:09:01 - [TEST_STEP][PASSED] - maximizeWindow(): Current window maximized

2023-07-11 12:09:01 - [MESSAGE][PASSED] - Current window maximized

2023-07-11 12:09:01 - [TEST_STEP][PASSED] - delay(3): Delayed 3 second(s)

2023-07-11 12:09:04 - [MESSAGE][PASSED] - Delayed 3 second(s)

2023-07-11 12:09:04 - [TEST_STEP][PASSED] - setText(findTestObject("0Inicio Sesion/input_Usuario"), "Ciel"): Text 'Ciel' is set on object 'Object Repository/0Inicio Sesion/input_Usuario'

2023-07-11 12:09:05 - [MESSAGE][PASSED] - Text 'Ciel' is set on object 'Object Repository/0Inicio Sesion/input_Usuario'

2023-07-11 12:09:05 - [TEST_STEP][PASSED] - setText(findTestObject("0Inicio Sesion/input_Clave"), "digiturno"): Text 'digiturno' is set on object 'Object Repository/0Inicio Sesion/input_Clave'

2023-07-11 12:09:05 - [MESSAGE][PASSED] - Text 'digiturno' is set on object 'Object Repository/0Inicio Sesion/input_Clave'

2023-07-11 12:09:05 - [TEST_STEP][PASSED] - click(findTestObject("0Inicio Sesion/btn_IniciarSesion")): Object: 'Object Repository/0Inicio Sesion/btn_IniciarSesion' is clicked on

2023-07-11 12:09:06 - [MESSAGE][PASSED] - Object: 'Object Repository/0Inicio Sesion/btn_IniciarSesion' is clicked on

2023-07-11 12:09:06 - [TEST_STEP][PASSED] - delay(3): Delayed 3 second(s)

2023-07-11 12:09:09 - [MESSAGE][PASSED] - Delayed 3 second(s)

2023-07-11 12:09:09 - [MESSAGE][PASSED] - Call Test Case 'Test Cases/0InicioSesion' successfully

2023-07-11 12:09:09 - [TEST_STEP][PASSED] - click(findTestObject("DIGITURNO/1Principal/img_Configuracion(1)")): Object: 'Object Repository/DIGITURNO/1Principal/img_Configuracion(1)' is clicked on

2023-07-11 12:09:09 - [MESSAGE][PASSED] - Object: 'Object Repository/DIGITURNO/1Principal/img_Configuracion(1)' is clicked on

2023-07-11 12:09:09 - [TEST_STEP][PASSED] - delay(3): Delayed 3 second(s)

2023-07-11 12:09:13 - [MESSAGE][PASSED] - Delayed 3 second(s)

2023-07-11 12:09:13 - [TEST_STEP][PASSED] - takeFullPageScreenshot(): Taking screenshot successfully

2023-07-11 12:09:13 - [MESSAGE][INFO] - 0 hidden object(s)

2023-07-11 12:09:13 - [MESSAGE][PASSED] - Taking screenshot successfully
[[ATTACHMENT|C:\\CIEL INGENIERIA\\Katalon\\Digiturno55\\Reports\\20230711_113602\\DIGITURNO\\BASICO\\41 Numeradores Crear Actualizar Eliminar\\20230711_113645\\1689095353044.png]]

2023-07-11 12:09:13 - [TEST_STEP][PASSED] - delay(3): Delayed 3 second(s)

2023-07-11 12:09:16 - [MESSAGE][PASSED] - Delayed 3 second(s)

2023-07-11 12:09:16 - [MESSAGE][PASSED] - Call Test Case 'Test Cases/DIGITURNO/BASICO/3 Configuracion' successfully

2023-07-11 12:09:16 - [TEST_STEP][PASSED] - click(findTestObject("DIGITURNO/CONFIGURACION/0Principal/img_1Modelo de atencion")): Object: 'Object Repository/DIGITURNO/CONFIGURACION/0Principal/img_1Modelo de atencion' is clicked on

2023-07-11 12:09:17 - [MESSAGE][PASSED] - Object: 'Object Repository/DIGITURNO/CONFIGURACION/0Principal/img_1Modelo de atencion' is clicked on

2023-07-11 12:09:17 - [TEST_STEP][PASSED] - delay(3): Delayed 3 second(s)

2023-07-11 12:09:20 - [MESSAGE][PASSED] - Delayed 3 second(s)

2023-07-11 12:09:20 - [TEST_STEP][PASSED] - takeFullPageScreenshot(): Taking screenshot successfully

2023-07-11 12:09:20 - [MESSAGE][INFO] - 0 hidden object(s)

2023-07-11 12:09:20 - [MESSAGE][PASSED] - Taking screenshot successfully
[[ATTACHMENT|C:\\CIEL INGENIERIA\\Katalon\\Digiturno55\\Reports\\20230711_113602\\DIGITURNO\\BASICO\\41 Numeradores Crear Actualizar Eliminar\\20230711_113645\\1689095360296.png]]

2023-07-11 12:09:20 - [TEST_STEP][PASSED] - delay(3): Delayed 3 second(s)

2023-07-11 12:09:23 - [MESSAGE][PASSED] - Delayed 3 second(s)

2023-07-11 12:09:23 - [MESSAGE][PASSED] - Call Test Case 'Test Cases/DIGITURNO/BASICO/39 Modelo de atencion' successfully

2023-07-11 12:09:23 - [TEST_STEP][PASSED] - click(findTestObject("DIGITURNO/CONFIGURACION/1Modelo de Atencion/0Principal/img_2Numeradores")): Object: 'Object Repository/DIGITURNO/CONFIGURACION/1Modelo de Atencion/0Principal/img_2Numeradores' is clicked on

2023-07-11 12:09:24 - [MESSAGE][PASSED] - Object: 'Object Repository/DIGITURNO/CONFIGURACION/1Modelo de Atencion/0Principal/img_2Numeradores' is clicked on

2023-07-11 12:09:24 - [TEST_STEP][PASSED] - delay(3): Delayed 3 second(s)

2023-07-11 12:09:27 - [MESSAGE][PASSED] - Delayed 3 second(s)

2023-07-11 12:09:27 - [TEST_STEP][PASSED] - setText(findTestObject("DIGITURNO/CONFIGURACION/1Modelo de Atencion/2Numeradores/Edicion/input_Nombre"), "Prueba"): Text 'Prueba' is set on object 'Object Repository/DIGITURNO/CONFIGURACION/1Modelo de Atencion/2Numeradores/Edicion/input_Nombre'

2023-07-11 12:09:28 - [MESSAGE][PASSED] - Text 'Prueba' is set on object 'Object Repository/DIGITURNO/CONFIGURACION/1Modelo de Atencion/2Numeradores/Edicion/input_Nombre'

2023-07-11 12:09:28 - [TEST_STEP][PASSED] - setText(findTestObject("DIGITURNO/CONFIGURACION/1Modelo de Atencion/2Numeradores/Edicion/input_Numero Inicial"), "1"): Text '1' is set on object 'Object Repository/DIGITURNO/CONFIGURACION/1Modelo de Atencion/2Numeradores/Edicion/input_Numero Inicial'

2023-07-11 12:09:29 - [MESSAGE][PASSED] - Text '1' is set on object 'Object Repository/DIGITURNO/CONFIGURACION/1Modelo de Atencion/2Numeradores/Edicion/input_Numero Inicial'

2023-07-11 12:09:29 - [TEST_STEP][PASSED] - setText(findTestObject("DIGITURNO/CONFIGURACION/1Modelo de Atencion/2Numeradores/Edicion/input_Numero final"), "500"): Text '500' is set on object 'Object Repository/DIGITURNO/CONFIGURACION/1Modelo de Atencion/2Numeradores/Edicion/input_Numero final'

2023-07-11 12:09:29 - [MESSAGE][PASSED] - Text '500' is set on object 'Object Repository/DIGITURNO/CONFIGURACION/1Modelo de Atencion/2Numeradores/Edicion/input_Numero final'

2023-07-11 12:09:29 - [TEST_STEP][PASSED] - setText(findTestObject("DIGITURNO/CONFIGURACION/1Modelo de Atencion/2Numeradores/Edicion/input_Prefijo"), "PR"): Text 'PR' is set on object 'Object Repository/DIGITURNO/CONFIGURACION/1Modelo de Atencion/2Numeradores/Edicion/input_Prefijo'

2023-07-11 12:09:30 - [MESSAGE][PASSED] - Text 'PR' is set on object 'Object Repository/DIGITURNO/CONFIGURACION/1Modelo de Atencion/2Numeradores/Edicion/input_Prefijo'

2023-07-11 12:09:30 - [TEST_STEP][PASSED] - click(findTestObject("DIGITURNO/CONFIGURACION/1Modelo de Atencion/2Numeradores/Edicion/img_Nuevo")): Object: 'Object Repository/DIGITURNO/CONFIGURACION/1Modelo de Atencion/2Numeradores/Edicion/img_Nuevo' is clicked on

2023-07-11 12:09:31 - [MESSAGE][PASSED] - Object: 'Object Repository/DIGITURNO/CONFIGURACION/1Modelo de Atencion/2Numeradores/Edicion/img_Nuevo' is clicked on

2023-07-11 12:09:31 - [TEST_STEP][PASSED] - delay(3): Delayed 3 second(s)

2023-07-11 12:09:34 - [MESSAGE][PASSED] - Delayed 3 second(s)

2023-07-11 12:09:34 - [TEST_STEP][PASSED] - takeFullPageScreenshot(): Taking screenshot successfully

2023-07-11 12:09:34 - [MESSAGE][INFO] - 0 hidden object(s)

2023-07-11 12:09:34 - [MESSAGE][PASSED] - Taking screenshot successfully
[[ATTACHMENT|C:\\CIEL INGENIERIA\\Katalon\\Digiturno55\\Reports\\20230711_113602\\DIGITURNO\\BASICO\\41 Numeradores Crear Actualizar Eliminar\\20230711_113645\\1689095374155.png]]

2023-07-11 12:09:34 - [TEST_STEP][PASSED] - delay(3): Delayed 3 second(s)

2023-07-11 12:09:37 - [MESSAGE][PASSED] - Delayed 3 second(s)

2023-07-11 12:09:37 - [TEST_STEP][PASSED] - Start listener action : sampleAfterTestCase: null]]></system-out>
         <system-err><![CDATA[]]></system-err>
      </testcase>
      <testcase name="Test Cases/DIGITURNO/BASICO/41 Numeradores Actualizar" time="42.909" classname="Test Cases/DIGITURNO/BASICO/41 Numeradores Actualizar" status="PASSED">
         <system-out><![CDATA[2023-07-11 12:09:37 - [TEST_CASE][PASSED] - Test Cases/DIGITURNO/BASICO/41 Numeradores Actualizar: Test Cases/DIGITURNO/BASICO/41 Numeradores Actualizar

2023-07-11 12:09:38 - [TEST_STEP][PASSED] - callTestCase(findTestCase("DIGITURNO/BASICO/39 Modelo de atencion"), [:], STOP_ON_FAILURE): Call Test Case 'Test Cases/DIGITURNO/BASICO/39 Modelo de atencion' successfully

2023-07-11 12:09:38 - [TEST_CASE][PASSED] - Test Cases/DIGITURNO/BASICO/39 Modelo de atencion: Test Cases/DIGITURNO/BASICO/39 Modelo de atencion

2023-07-11 12:09:38 - [TEST_STEP][PASSED] - callTestCase(findTestCase("DIGITURNO/BASICO/3 Configuracion"), [:], STOP_ON_FAILURE): Call Test Case 'Test Cases/DIGITURNO/BASICO/3 Configuracion' successfully

2023-07-11 12:09:38 - [TEST_CASE][PASSED] - Test Cases/DIGITURNO/BASICO/3 Configuracion: Test Cases/DIGITURNO/BASICO/3 Configuracion

2023-07-11 12:09:38 - [TEST_STEP][PASSED] - callTestCase(findTestCase("0InicioSesion"), [:], STOP_ON_FAILURE): Call Test Case 'Test Cases/0InicioSesion' successfully

2023-07-11 12:09:38 - [TEST_CASE][PASSED] - Test Cases/0InicioSesion: Test Cases/0InicioSesion

2023-07-11 12:09:38 - [TEST_STEP][PASSED] - openBrowser(UrlDigiturno): Browser is opened with url: 'https://PCPruebas101.ciel.cielingenieria.com:8810'

2023-07-11 12:09:38 - [MESSAGE][WARNING] - A browser is already opened. Closing browser and opening a new one

2023-07-11 12:09:39 - [MESSAGE][INFO] - Starting 'Chrome' driver

2023-07-11 12:09:39 - [MESSAGE][INFO] - User set preference: ['args', '[--use-fake-ui-for-media-stream, --disable-notifications]']

2023-07-11 12:09:39 - [MESSAGE][INFO] - Action delay is set to 0 milliseconds

2023-07-11 12:09:40 - [MESSAGE][PASSED] - Browser is opened with url: 'https://PCPruebas101.ciel.cielingenieria.com:8810'

2023-07-11 12:09:40 - [TEST_STEP][PASSED] - maximizeWindow(): Current window maximized

2023-07-11 12:09:40 - [MESSAGE][PASSED] - Current window maximized

2023-07-11 12:09:40 - [TEST_STEP][PASSED] - delay(3): Delayed 3 second(s)

2023-07-11 12:09:43 - [MESSAGE][PASSED] - Delayed 3 second(s)

2023-07-11 12:09:43 - [TEST_STEP][PASSED] - setText(findTestObject("0Inicio Sesion/input_Usuario"), "Ciel"): Text 'Ciel' is set on object 'Object Repository/0Inicio Sesion/input_Usuario'

2023-07-11 12:09:44 - [MESSAGE][PASSED] - Text 'Ciel' is set on object 'Object Repository/0Inicio Sesion/input_Usuario'

2023-07-11 12:09:44 - [TEST_STEP][PASSED] - setText(findTestObject("0Inicio Sesion/input_Clave"), "digiturno"): Text 'digiturno' is set on object 'Object Repository/0Inicio Sesion/input_Clave'

2023-07-11 12:09:45 - [MESSAGE][PASSED] - Text 'digiturno' is set on object 'Object Repository/0Inicio Sesion/input_Clave'

2023-07-11 12:09:45 - [TEST_STEP][PASSED] - click(findTestObject("0Inicio Sesion/btn_IniciarSesion")): Object: 'Object Repository/0Inicio Sesion/btn_IniciarSesion' is clicked on

2023-07-11 12:09:45 - [MESSAGE][PASSED] - Object: 'Object Repository/0Inicio Sesion/btn_IniciarSesion' is clicked on

2023-07-11 12:09:45 - [TEST_STEP][PASSED] - delay(3): Delayed 3 second(s)

2023-07-11 12:09:48 - [MESSAGE][PASSED] - Delayed 3 second(s)

2023-07-11 12:09:48 - [MESSAGE][PASSED] - Call Test Case 'Test Cases/0InicioSesion' successfully

2023-07-11 12:09:48 - [TEST_STEP][PASSED] - click(findTestObject("DIGITURNO/1Principal/img_Configuracion(1)")): Object: 'Object Repository/DIGITURNO/1Principal/img_Configuracion(1)' is clicked on

2023-07-11 12:09:49 - [MESSAGE][PASSED] - Object: 'Object Repository/DIGITURNO/1Principal/img_Configuracion(1)' is clicked on

2023-07-11 12:09:49 - [TEST_STEP][PASSED] - delay(3): Delayed 3 second(s)

2023-07-11 12:09:52 - [MESSAGE][PASSED] - Delayed 3 second(s)

2023-07-11 12:09:52 - [TEST_STEP][PASSED] - takeFullPageScreenshot(): Taking screenshot successfully

2023-07-11 12:09:52 - [MESSAGE][INFO] - 0 hidden object(s)

2023-07-11 12:09:52 - [MESSAGE][PASSED] - Taking screenshot successfully
[[ATTACHMENT|C:\\CIEL INGENIERIA\\Katalon\\Digiturno55\\Reports\\20230711_113602\\DIGITURNO\\BASICO\\41 Numeradores Crear Actualizar Eliminar\\20230711_113645\\1689095392214.png]]

2023-07-11 12:09:52 - [TEST_STEP][PASSED] - delay(3): Delayed 3 second(s)

2023-07-11 12:09:55 - [MESSAGE][PASSED] - Delayed 3 second(s)

2023-07-11 12:09:55 - [MESSAGE][PASSED] - Call Test Case 'Test Cases/DIGITURNO/BASICO/3 Configuracion' successfully

2023-07-11 12:09:55 - [TEST_STEP][PASSED] - click(findTestObject("DIGITURNO/CONFIGURACION/0Principal/img_1Modelo de atencion")): Object: 'Object Repository/DIGITURNO/CONFIGURACION/0Principal/img_1Modelo de atencion' is clicked on

2023-07-11 12:09:56 - [MESSAGE][PASSED] - Object: 'Object Repository/DIGITURNO/CONFIGURACION/0Principal/img_1Modelo de atencion' is clicked on

2023-07-11 12:09:56 - [TEST_STEP][PASSED] - delay(3): Delayed 3 second(s)

2023-07-11 12:09:59 - [MESSAGE][PASSED] - Delayed 3 second(s)

2023-07-11 12:09:59 - [TEST_STEP][PASSED] - takeFullPageScreenshot(): Taking screenshot successfully

2023-07-11 12:09:59 - [MESSAGE][INFO] - 0 hidden object(s)

2023-07-11 12:09:59 - [MESSAGE][PASSED] - Taking screenshot successfully
[[ATTACHMENT|C:\\CIEL INGENIERIA\\Katalon\\Digiturno55\\Reports\\20230711_113602\\DIGITURNO\\BASICO\\41 Numeradores Crear Actualizar Eliminar\\20230711_113645\\1689095399358.png]]

2023-07-11 12:09:59 - [TEST_STEP][PASSED] - delay(3): Delayed 3 second(s)

2023-07-11 12:10:02 - [MESSAGE][PASSED] - Delayed 3 second(s)

2023-07-11 12:10:02 - [MESSAGE][PASSED] - Call Test Case 'Test Cases/DIGITURNO/BASICO/39 Modelo de atencion' successfully

2023-07-11 12:10:02 - [TEST_STEP][PASSED] - click(findTestObject("DIGITURNO/CONFIGURACION/1Modelo de Atencion/0Principal/img_2Numeradores")): Object: 'Object Repository/DIGITURNO/CONFIGURACION/1Modelo de Atencion/0Principal/img_2Numeradores' is clicked on

2023-07-11 12:10:03 - [MESSAGE][PASSED] - Object: 'Object Repository/DIGITURNO/CONFIGURACION/1Modelo de Atencion/0Principal/img_2Numeradores' is clicked on

2023-07-11 12:10:03 - [TEST_STEP][PASSED] - delay(3): Delayed 3 second(s)

2023-07-11 12:10:06 - [MESSAGE][PASSED] - Delayed 3 second(s)

2023-07-11 12:10:06 - [TEST_STEP][PASSED] - setText(findTestObject("DIGITURNO/CONFIGURACION/1Modelo de Atencion/2Numeradores/Lista de Numeradores/input_Buscar"), "Prueba"): Text 'Prueba' is set on object 'Object Repository/DIGITURNO/CONFIGURACION/1Modelo de Atencion/2Numeradores/Lista de Numeradores/input_Buscar'

2023-07-11 12:10:07 - [MESSAGE][PASSED] - Text 'Prueba' is set on object 'Object Repository/DIGITURNO/CONFIGURACION/1Modelo de Atencion/2Numeradores/Lista de Numeradores/input_Buscar'

2023-07-11 12:10:07 - [TEST_STEP][PASSED] - click(findTestObject("DIGITURNO/CONFIGURACION/1Modelo de Atencion/2Numeradores/Lista de Numeradores/btn_Buscar")): Object: 'Object Repository/DIGITURNO/CONFIGURACION/1Modelo de Atencion/2Numeradores/Lista de Numeradores/btn_Buscar' is clicked on

2023-07-11 12:10:07 - [MESSAGE][PASSED] - Object: 'Object Repository/DIGITURNO/CONFIGURACION/1Modelo de Atencion/2Numeradores/Lista de Numeradores/btn_Buscar' is clicked on

2023-07-11 12:10:07 - [TEST_STEP][PASSED] - delay(3): Delayed 3 second(s)

2023-07-11 12:10:10 - [MESSAGE][PASSED] - Delayed 3 second(s)

2023-07-11 12:10:10 - [TEST_STEP][PASSED] - click(findTestObject("DIGITURNO/CONFIGURACION/1Modelo de Atencion/2Numeradores/Lista de Numeradores/td_1 Seleccion Busqueda")): Object: 'Object Repository/DIGITURNO/CONFIGURACION/1Modelo de Atencion/2Numeradores/Lista de Numeradores/td_1 Seleccion Busqueda' is clicked on

2023-07-11 12:10:11 - [MESSAGE][PASSED] - Object: 'Object Repository/DIGITURNO/CONFIGURACION/1Modelo de Atencion/2Numeradores/Lista de Numeradores/td_1 Seleccion Busqueda' is clicked on

2023-07-11 12:10:11 - [TEST_STEP][PASSED] - delay(2): Delayed 2 second(s)

2023-07-11 12:10:13 - [MESSAGE][PASSED] - Delayed 2 second(s)

2023-07-11 12:10:13 - [TEST_STEP][PASSED] - check(findTestObject("DIGITURNO/CONFIGURACION/1Modelo de Atencion/2Numeradores/Edicion/label_Rellenar")): Object 'Object Repository/DIGITURNO/CONFIGURACION/1Modelo de Atencion/2Numeradores/Edicion/label_Rellenar' is checked

2023-07-11 12:10:13 - [MESSAGE][PASSED] - Object 'Object Repository/DIGITURNO/CONFIGURACION/1Modelo de Atencion/2Numeradores/Edicion/label_Rellenar' is checked

2023-07-11 12:10:13 - [TEST_STEP][PASSED] - click(findTestObject("DIGITURNO/CONFIGURACION/1Modelo de Atencion/2Numeradores/Edicion/img_Actualizar")): Object: 'Object Repository/DIGITURNO/CONFIGURACION/1Modelo de Atencion/2Numeradores/Edicion/img_Actualizar' is clicked on

2023-07-11 12:10:14 - [MESSAGE][PASSED] - Object: 'Object Repository/DIGITURNO/CONFIGURACION/1Modelo de Atencion/2Numeradores/Edicion/img_Actualizar' is clicked on

2023-07-11 12:10:14 - [TEST_STEP][PASSED] - delay(3): Delayed 3 second(s)

2023-07-11 12:10:17 - [MESSAGE][PASSED] - Delayed 3 second(s)

2023-07-11 12:10:17 - [TEST_STEP][PASSED] - takeFullPageScreenshot(): Taking screenshot successfully

2023-07-11 12:10:17 - [MESSAGE][INFO] - 0 hidden object(s)

2023-07-11 12:10:17 - [MESSAGE][PASSED] - Taking screenshot successfully
[[ATTACHMENT|C:\\CIEL INGENIERIA\\Katalon\\Digiturno55\\Reports\\20230711_113602\\DIGITURNO\\BASICO\\41 Numeradores Crear Actualizar Eliminar\\20230711_113645\\1689095417117.png]]

2023-07-11 12:10:17 - [TEST_STEP][PASSED] - delay(3): Delayed 3 second(s)

2023-07-11 12:10:20 - [MESSAGE][PASSED] - Delayed 3 second(s)

2023-07-11 12:10:20 - [TEST_STEP][PASSED] - Start listener action : sampleAfterTestCase: null]]></system-out>
         <system-err><![CDATA[]]></system-err>
      </testcase>
      <testcase name="Test Cases/DIGITURNO/BASICO/41 Numeradores Eliminar" time="42.557" classname="Test Cases/DIGITURNO/BASICO/41 Numeradores Eliminar" status="PASSED">
         <system-out><![CDATA[2023-07-11 12:10:20 - [TEST_CASE][PASSED] - Test Cases/DIGITURNO/BASICO/41 Numeradores Eliminar: Test Cases/DIGITURNO/BASICO/41 Numeradores Eliminar

2023-07-11 12:10:20 - [TEST_STEP][PASSED] - callTestCase(findTestCase("DIGITURNO/BASICO/39 Modelo de atencion"), [:], STOP_ON_FAILURE): Call Test Case 'Test Cases/DIGITURNO/BASICO/39 Modelo de atencion' successfully

2023-07-11 12:10:21 - [TEST_CASE][PASSED] - Test Cases/DIGITURNO/BASICO/39 Modelo de atencion: Test Cases/DIGITURNO/BASICO/39 Modelo de atencion

2023-07-11 12:10:21 - [TEST_STEP][PASSED] - callTestCase(findTestCase("DIGITURNO/BASICO/3 Configuracion"), [:], STOP_ON_FAILURE): Call Test Case 'Test Cases/DIGITURNO/BASICO/3 Configuracion' successfully

2023-07-11 12:10:21 - [TEST_CASE][PASSED] - Test Cases/DIGITURNO/BASICO/3 Configuracion: Test Cases/DIGITURNO/BASICO/3 Configuracion

2023-07-11 12:10:21 - [TEST_STEP][PASSED] - callTestCase(findTestCase("0InicioSesion"), [:], STOP_ON_FAILURE): Call Test Case 'Test Cases/0InicioSesion' successfully

2023-07-11 12:10:21 - [TEST_CASE][PASSED] - Test Cases/0InicioSesion: Test Cases/0InicioSesion

2023-07-11 12:10:21 - [TEST_STEP][PASSED] - openBrowser(UrlDigiturno): Browser is opened with url: 'https://PCPruebas101.ciel.cielingenieria.com:8810'

2023-07-11 12:10:21 - [MESSAGE][WARNING] - A browser is already opened. Closing browser and opening a new one

2023-07-11 12:10:21 - [MESSAGE][INFO] - Starting 'Chrome' driver

2023-07-11 12:10:21 - [MESSAGE][INFO] - User set preference: ['args', '[--use-fake-ui-for-media-stream, --disable-notifications]']

2023-07-11 12:10:21 - [MESSAGE][INFO] - Action delay is set to 0 milliseconds

2023-07-11 12:10:23 - [MESSAGE][PASSED] - Browser is opened with url: 'https://PCPruebas101.ciel.cielingenieria.com:8810'

2023-07-11 12:10:23 - [TEST_STEP][PASSED] - maximizeWindow(): Current window maximized

2023-07-11 12:10:23 - [MESSAGE][PASSED] - Current window maximized

2023-07-11 12:10:23 - [TEST_STEP][PASSED] - delay(3): Delayed 3 second(s)

2023-07-11 12:10:26 - [MESSAGE][PASSED] - Delayed 3 second(s)

2023-07-11 12:10:26 - [TEST_STEP][PASSED] - setText(findTestObject("0Inicio Sesion/input_Usuario"), "Ciel"): Text 'Ciel' is set on object 'Object Repository/0Inicio Sesion/input_Usuario'

2023-07-11 12:10:27 - [MESSAGE][PASSED] - Text 'Ciel' is set on object 'Object Repository/0Inicio Sesion/input_Usuario'

2023-07-11 12:10:27 - [TEST_STEP][PASSED] - setText(findTestObject("0Inicio Sesion/input_Clave"), "digiturno"): Text 'digiturno' is set on object 'Object Repository/0Inicio Sesion/input_Clave'

2023-07-11 12:10:28 - [MESSAGE][PASSED] - Text 'digiturno' is set on object 'Object Repository/0Inicio Sesion/input_Clave'

2023-07-11 12:10:28 - [TEST_STEP][PASSED] - click(findTestObject("0Inicio Sesion/btn_IniciarSesion")): Object: 'Object Repository/0Inicio Sesion/btn_IniciarSesion' is clicked on

2023-07-11 12:10:28 - [MESSAGE][PASSED] - Object: 'Object Repository/0Inicio Sesion/btn_IniciarSesion' is clicked on

2023-07-11 12:10:28 - [TEST_STEP][PASSED] - delay(3): Delayed 3 second(s)

2023-07-11 12:10:31 - [MESSAGE][PASSED] - Delayed 3 second(s)

2023-07-11 12:10:31 - [MESSAGE][PASSED] - Call Test Case 'Test Cases/0InicioSesion' successfully

2023-07-11 12:10:31 - [TEST_STEP][PASSED] - click(findTestObject("DIGITURNO/1Principal/img_Configuracion(1)")): Object: 'Object Repository/DIGITURNO/1Principal/img_Configuracion(1)' is clicked on

2023-07-11 12:10:32 - [MESSAGE][PASSED] - Object: 'Object Repository/DIGITURNO/1Principal/img_Configuracion(1)' is clicked on

2023-07-11 12:10:32 - [TEST_STEP][PASSED] - delay(3): Delayed 3 second(s)

2023-07-11 12:10:35 - [MESSAGE][PASSED] - Delayed 3 second(s)

2023-07-11 12:10:35 - [TEST_STEP][PASSED] - takeFullPageScreenshot(): Taking screenshot successfully

2023-07-11 12:10:35 - [MESSAGE][INFO] - 0 hidden object(s)

2023-07-11 12:10:35 - [MESSAGE][PASSED] - Taking screenshot successfully
[[ATTACHMENT|C:\\CIEL INGENIERIA\\Katalon\\Digiturno55\\Reports\\20230711_113602\\DIGITURNO\\BASICO\\41 Numeradores Crear Actualizar Eliminar\\20230711_113645\\1689095435101.png]]

2023-07-11 12:10:35 - [TEST_STEP][PASSED] - delay(3): Delayed 3 second(s)

2023-07-11 12:10:38 - [MESSAGE][PASSED] - Delayed 3 second(s)

2023-07-11 12:10:38 - [MESSAGE][PASSED] - Call Test Case 'Test Cases/DIGITURNO/BASICO/3 Configuracion' successfully

2023-07-11 12:10:38 - [TEST_STEP][PASSED] - click(findTestObject("DIGITURNO/CONFIGURACION/0Principal/img_1Modelo de atencion")): Object: 'Object Repository/DIGITURNO/CONFIGURACION/0Principal/img_1Modelo de atencion' is clicked on

2023-07-11 12:10:39 - [MESSAGE][PASSED] - Object: 'Object Repository/DIGITURNO/CONFIGURACION/0Principal/img_1Modelo de atencion' is clicked on

2023-07-11 12:10:39 - [TEST_STEP][PASSED] - delay(3): Delayed 3 second(s)

2023-07-11 12:10:42 - [MESSAGE][PASSED] - Delayed 3 second(s)

2023-07-11 12:10:42 - [TEST_STEP][PASSED] - takeFullPageScreenshot(): Taking screenshot successfully

2023-07-11 12:10:42 - [MESSAGE][INFO] - 0 hidden object(s)

2023-07-11 12:10:42 - [MESSAGE][PASSED] - Taking screenshot successfully
[[ATTACHMENT|C:\\CIEL INGENIERIA\\Katalon\\Digiturno55\\Reports\\20230711_113602\\DIGITURNO\\BASICO\\41 Numeradores Crear Actualizar Eliminar\\20230711_113645\\1689095442180.png]]

2023-07-11 12:10:42 - [TEST_STEP][PASSED] - delay(3): Delayed 3 second(s)

2023-07-11 12:10:45 - [MESSAGE][PASSED] - Delayed 3 second(s)

2023-07-11 12:10:45 - [MESSAGE][PASSED] - Call Test Case 'Test Cases/DIGITURNO/BASICO/39 Modelo de atencion' successfully

2023-07-11 12:10:45 - [TEST_STEP][PASSED] - click(findTestObject("DIGITURNO/CONFIGURACION/1Modelo de Atencion/0Principal/img_2Numeradores")): Object: 'Object Repository/DIGITURNO/CONFIGURACION/1Modelo de Atencion/0Principal/img_2Numeradores' is clicked on

2023-07-11 12:10:46 - [MESSAGE][PASSED] - Object: 'Object Repository/DIGITURNO/CONFIGURACION/1Modelo de Atencion/0Principal/img_2Numeradores' is clicked on

2023-07-11 12:10:46 - [TEST_STEP][PASSED] - delay(3): Delayed 3 second(s)

2023-07-11 12:10:49 - [MESSAGE][PASSED] - Delayed 3 second(s)

2023-07-11 12:10:49 - [TEST_STEP][PASSED] - setText(findTestObject("DIGITURNO/CONFIGURACION/1Modelo de Atencion/2Numeradores/Lista de Numeradores/input_Buscar"), "Prueba"): Text 'Prueba' is set on object 'Object Repository/DIGITURNO/CONFIGURACION/1Modelo de Atencion/2Numeradores/Lista de Numeradores/input_Buscar'

2023-07-11 12:10:50 - [MESSAGE][PASSED] - Text 'Prueba' is set on object 'Object Repository/DIGITURNO/CONFIGURACION/1Modelo de Atencion/2Numeradores/Lista de Numeradores/input_Buscar'

2023-07-11 12:10:50 - [TEST_STEP][PASSED] - click(findTestObject("DIGITURNO/CONFIGURACION/1Modelo de Atencion/2Numeradores/Lista de Numeradores/btn_Buscar")): Object: 'Object Repository/DIGITURNO/CONFIGURACION/1Modelo de Atencion/2Numeradores/Lista de Numeradores/btn_Buscar' is clicked on

2023-07-11 12:10:50 - [MESSAGE][PASSED] - Object: 'Object Repository/DIGITURNO/CONFIGURACION/1Modelo de Atencion/2Numeradores/Lista de Numeradores/btn_Buscar' is clicked on

2023-07-11 12:10:50 - [TEST_STEP][PASSED] - delay(3): Delayed 3 second(s)

2023-07-11 12:10:53 - [MESSAGE][PASSED] - Delayed 3 second(s)

2023-07-11 12:10:53 - [TEST_STEP][PASSED] - click(findTestObject("DIGITURNO/CONFIGURACION/1Modelo de Atencion/2Numeradores/Lista de Numeradores/td_1 Seleccion Busqueda")): Object: 'Object Repository/DIGITURNO/CONFIGURACION/1Modelo de Atencion/2Numeradores/Lista de Numeradores/td_1 Seleccion Busqueda' is clicked on

2023-07-11 12:10:53 - [MESSAGE][PASSED] - Object: 'Object Repository/DIGITURNO/CONFIGURACION/1Modelo de Atencion/2Numeradores/Lista de Numeradores/td_1 Seleccion Busqueda' is clicked on

2023-07-11 12:10:53 - [TEST_STEP][PASSED] - delay(2): Delayed 2 second(s)

2023-07-11 12:10:55 - [MESSAGE][PASSED] - Delayed 2 second(s)

2023-07-11 12:10:55 - [TEST_STEP][PASSED] - click(findTestObject("DIGITURNO/CONFIGURACION/1Modelo de Atencion/2Numeradores/Edicion/img_Eliminar")): Object: 'Object Repository/DIGITURNO/CONFIGURACION/1Modelo de Atencion/2Numeradores/Edicion/img_Eliminar' is clicked on

2023-07-11 12:10:56 - [MESSAGE][PASSED] - Object: 'Object Repository/DIGITURNO/CONFIGURACION/1Modelo de Atencion/2Numeradores/Edicion/img_Eliminar' is clicked on

2023-07-11 12:10:56 - [TEST_STEP][PASSED] - click(findTestObject("DIGITURNO/CONFIGURACION/1Modelo de Atencion/2Numeradores/Edicion/img_Eliminar")): Object: 'Object Repository/DIGITURNO/CONFIGURACION/1Modelo de Atencion/2Numeradores/Edicion/img_Eliminar' is clicked on

2023-07-11 12:10:56 - [MESSAGE][PASSED] - Object: 'Object Repository/DIGITURNO/CONFIGURACION/1Modelo de Atencion/2Numeradores/Edicion/img_Eliminar' is clicked on

2023-07-11 12:10:56 - [TEST_STEP][PASSED] - acceptAlert(): Alert accepted

2023-07-11 12:10:56 - [MESSAGE][PASSED] - Alert accepted

2023-07-11 12:10:56 - [TEST_STEP][PASSED] - delay(3): Delayed 3 second(s)

2023-07-11 12:10:59 - [MESSAGE][PASSED] - Delayed 3 second(s)

2023-07-11 12:10:59 - [TEST_STEP][PASSED] - takeFullPageScreenshot(): Taking screenshot successfully

2023-07-11 12:11:00 - [MESSAGE][INFO] - 0 hidden object(s)

2023-07-11 12:11:00 - [MESSAGE][PASSED] - Taking screenshot successfully
[[ATTACHMENT|C:\\CIEL INGENIERIA\\Katalon\\Digiturno55\\Reports\\20230711_113602\\DIGITURNO\\BASICO\\41 Numeradores Crear Actualizar Eliminar\\20230711_113645\\1689095459734.png]]

2023-07-11 12:11:00 - [TEST_STEP][PASSED] - delay(3): Delayed 3 second(s)

2023-07-11 12:11:03 - [MESSAGE][PASSED] - Delayed 3 second(s)

2023-07-11 12:11:03 - [TEST_STEP][PASSED] - Start listener action : sampleAfterTestCase: null]]></system-out>
         <system-err><![CDATA[]]></system-err>
      </testcase>
      <system-out><![CDATA[2023-07-11 12:08:57 - [TEST_SUITE][PASSED] - 41 Numeradores Crear Actualizar Eliminar: Test Cases/DIGITURNO/BASICO/41 Numeradores Eliminar]]></system-out>
      <system-err><![CDATA[]]></system-err>
   </testsuite>
</testsuites>
