<?xml version="1.0" encoding="UTF-8"?>
<testsuites name="3.2 Agregar al arbol Tipo Cliente" time="38.014" tests="1" failures="0" errors="0">
   <testsuite name="3.2 Agregar al arbol Tipo Cliente" tests="1" failures="0" errors="0" time="38.014" skipped="0" timestamp="2024-04-02 14:06:14" hostname="jdavila - PCPruebas101.ciel.cielingenieria.com" id="Test Suites/WIZARD/1Modelo De Negocio/3.2 Agregar al arbol Tipo Cliente">
      <properties>
         <property name="deviceName" value=""/>
         <property name="devicePlatform" value=""/>
         <property name="logFolder" value="C:\\CIEL INGENIERIA\\Katalon\\Digiturno55\\Reports\\20240402_135301\\WIZARD\\1Modelo De Negocio\\3.2 Agregar al arbol Tipo Cliente\\20240402_135314"/>
         <property name="logFiles" value="C:\\CIEL INGENIERIA\\Katalon\\Digiturno55\\Reports\\20240402_135301\\WIZARD\\1Modelo De Negocio\\3.2 Agregar al arbol Tipo Cliente\\20240402_135314\\execution0.log"/>
         <property name="attachments" value="C:\\CIEL INGENIERIA\\Katalon\\Digiturno55\\Reports\\20240402_135301\\WIZARD\\1Modelo De Negocio\\3.2 Agregar al arbol Tipo Cliente\\20240402_135314\\1712084809170.png"/>
         <property name="hostName" value="jdavila - PCPruebas101.ciel.cielingenieria.com"/>
         <property name="os" value="Windows 10 64bit"/>
         <property name="katalonVersion" value="8.6.9.208"/>
         <property name="browser" value="Chrome 123.0.0.0"/>
         <property name="hostAddress" value="192.168.91.18"/>
         <property name="sessionId" value="92984031c6aa27dd287061b8a6162cc2"/>
         <property name="seleniumVersion" value="3.141.59"/>
         <property name="proxyInformation" value="ProxyInformation { proxyOption=NO_PROXY, proxyServerType=HTTP, username=, password=********, proxyServerAddress=, proxyServerPort=0, executionList=&quot;&quot;, isApplyToDesiredCapabilities=true }"/>
         <property name="platform" value="Windows 10"/>
      </properties>
      <testcase name="Test Cases/WIZARD/1Modelo De Negocio/3.2 Agregar al arbol Tipo Cliente" time="37.759" classname="Test Cases/WIZARD/1Modelo De Negocio/3.2 Agregar al arbol Tipo Cliente" status="PASSED">
         <system-out><![CDATA[2024-04-02 14:06:15 - [TEST_CASE][PASSED] - Test Cases/WIZARD/1Modelo De Negocio/3.2 Agregar al arbol Tipo Cliente: Test Cases/WIZARD/1Modelo De Negocio/3.2 Agregar al arbol Tipo Cliente

2024-04-02 14:06:15 - [TEST_STEP][PASSED] - callTestCase(findTestCase("0InicioSesion"), [:], STOP_ON_FAILURE): Call Test Case 'Test Cases/0InicioSesion' successfully

2024-04-02 14:06:15 - [TEST_CASE][PASSED] - Test Cases/0InicioSesion: Test Cases/0InicioSesion

2024-04-02 14:06:15 - [TEST_STEP][PASSED] - openBrowser(UrlDigiturno): Browser is opened with url: 'https://PCPruebas101.ciel.cielingenieria.com:8910'

2024-04-02 14:06:16 - [MESSAGE][INFO] - Starting 'Chrome' driver

2024-04-02 14:06:16 - [MESSAGE][INFO] - User set preference: ['args', '[--use-fake-ui-for-media-stream, --disable-notifications]']

2024-04-02 14:06:16 - [MESSAGE][INFO] - Action delay is set to 0 milliseconds

2024-04-02 14:06:19 - [MESSAGE][PASSED] - Browser is opened with url: 'https://PCPruebas101.ciel.cielingenieria.com:8910'

2024-04-02 14:06:19 - [TEST_STEP][PASSED] - maximizeWindow(): Current window maximized

2024-04-02 14:06:19 - [MESSAGE][PASSED] - Current window maximized

2024-04-02 14:06:19 - [TEST_STEP][PASSED] - delay(3): Delayed 3 second(s)

2024-04-02 14:06:22 - [MESSAGE][PASSED] - Delayed 3 second(s)

2024-04-02 14:06:22 - [TEST_STEP][PASSED] - setText(findTestObject("0Inicio Sesion/input_Usuario"), "Ciel"): Text 'Ciel' is set on object 'Object Repository/0Inicio Sesion/input_Usuario'

2024-04-02 14:06:23 - [MESSAGE][PASSED] - Text 'Ciel' is set on object 'Object Repository/0Inicio Sesion/input_Usuario'

2024-04-02 14:06:23 - [TEST_STEP][PASSED] - setText(findTestObject("0Inicio Sesion/input_Clave"), "digiturno"): Text 'digiturno' is set on object 'Object Repository/0Inicio Sesion/input_Clave'

2024-04-02 14:06:24 - [MESSAGE][PASSED] - Text 'digiturno' is set on object 'Object Repository/0Inicio Sesion/input_Clave'

2024-04-02 14:06:24 - [TEST_STEP][PASSED] - click(findTestObject("0Inicio Sesion/btn_IniciarSesion")): Object: 'Object Repository/0Inicio Sesion/btn_IniciarSesion' is clicked on

2024-04-02 14:06:24 - [MESSAGE][PASSED] - Object: 'Object Repository/0Inicio Sesion/btn_IniciarSesion' is clicked on

2024-04-02 14:06:24 - [TEST_STEP][PASSED] - delay(3): Delayed 3 second(s)

2024-04-02 14:06:27 - [MESSAGE][PASSED] - Delayed 3 second(s)

2024-04-02 14:06:27 - [MESSAGE][PASSED] - Call Test Case 'Test Cases/0InicioSesion' successfully

2024-04-02 14:06:27 - [TEST_STEP][PASSED] - click(findTestObject("WIZARD/0Principal/img_ModeloDeNegocioMAX")): Object: 'Object Repository/WIZARD/0Principal/img_ModeloDeNegocioMAX' is clicked on

2024-04-02 14:06:28 - [MESSAGE][PASSED] - Object: 'Object Repository/WIZARD/0Principal/img_ModeloDeNegocioMAX' is clicked on

2024-04-02 14:06:28 - [TEST_STEP][PASSED] - delay(3): Delayed 3 second(s)

2024-04-02 14:06:31 - [MESSAGE][PASSED] - Delayed 3 second(s)

2024-04-02 14:06:31 - [TEST_STEP][PASSED] - setText(findTestObject("WIZARD/1Modelo De Negocio/0ArbolDeJerarquia/input_cajaBusqueda"), "Area"): Text 'Area' is set on object 'Object Repository/WIZARD/1Modelo De Negocio/0ArbolDeJerarquia/input_cajaBusqueda'

2024-04-02 14:06:31 - [MESSAGE][PASSED] - Text 'Area' is set on object 'Object Repository/WIZARD/1Modelo De Negocio/0ArbolDeJerarquia/input_cajaBusqueda'

2024-04-02 14:06:31 - [TEST_STEP][PASSED] - delay(3): Delayed 3 second(s)

2024-04-02 14:06:34 - [MESSAGE][PASSED] - Delayed 3 second(s)

2024-04-02 14:06:34 - [TEST_STEP][PASSED] - rightClick(findTestObject("WIZARD/1Modelo De Negocio/0ArbolDeJerarquia/0AreaGeneral/span_1 Area General")): Object: 'Object Repository/WIZARD/1Modelo De Negocio/0ArbolDeJerarquia/0AreaGeneral/span_1 Area General' is right clicked on

2024-04-02 14:06:35 - [MESSAGE][PASSED] - Object: 'Object Repository/WIZARD/1Modelo De Negocio/0ArbolDeJerarquia/0AreaGeneral/span_1 Area General' is right clicked on

2024-04-02 14:06:35 - [TEST_STEP][PASSED] - mouseOver(findTestObject("WIZARD/1Modelo De Negocio/0ArbolDeJerarquia/0AreaGeneral/span_Elemento")): Object: 'Object Repository/WIZARD/1Modelo De Negocio/0ArbolDeJerarquia/0AreaGeneral/span_Elemento' is hovered

2024-04-02 14:06:36 - [MESSAGE][PASSED] - Object: 'Object Repository/WIZARD/1Modelo De Negocio/0ArbolDeJerarquia/0AreaGeneral/span_Elemento' is hovered

2024-04-02 14:06:36 - [TEST_STEP][PASSED] - delay(2): Delayed 2 second(s)

2024-04-02 14:06:38 - [MESSAGE][PASSED] - Delayed 2 second(s)

2024-04-02 14:06:38 - [TEST_STEP][PASSED] - click(findTestObject("WIZARD/1Modelo De Negocio/0ArbolDeJerarquia/0AreaGeneral/span_elemento (1)/span_Agregar Elementos")): Object: 'Object Repository/WIZARD/1Modelo De Negocio/0ArbolDeJerarquia/0AreaGeneral/span_elemento (1)/span_Agregar Elementos' is clicked on

2024-04-02 14:06:38 - [MESSAGE][PASSED] - Object: 'Object Repository/WIZARD/1Modelo De Negocio/0ArbolDeJerarquia/0AreaGeneral/span_elemento (1)/span_Agregar Elementos' is clicked on

2024-04-02 14:06:38 - [TEST_STEP][PASSED] - delay(3): Delayed 3 second(s)

2024-04-02 14:06:41 - [MESSAGE][PASSED] - Delayed 3 second(s)

2024-04-02 14:06:41 - [TEST_STEP][PASSED] - click(findTestObject("WIZARD/1Modelo De Negocio/0ArbolDeJerarquia/0AreaGeneral/span_elemento (1)/span_Agregar Elementos (1)/label_General (G)")): Object: 'Object Repository/WIZARD/1Modelo De Negocio/0ArbolDeJerarquia/0AreaGeneral/span_elemento (1)/span_Agregar Elementos (1)/label_General (G)' is clicked on

2024-04-02 14:06:42 - [MESSAGE][PASSED] - Object: 'Object Repository/WIZARD/1Modelo De Negocio/0ArbolDeJerarquia/0AreaGeneral/span_elemento (1)/span_Agregar Elementos (1)/label_General (G)' is clicked on

2024-04-02 14:06:42 - [TEST_STEP][PASSED] - click(findTestObject("WIZARD/1Modelo De Negocio/0ArbolDeJerarquia/0AreaGeneral/span_elemento (1)/span_Agregar Elementos (1)/label_Preferencial (P)")): Object: 'Object Repository/WIZARD/1Modelo De Negocio/0ArbolDeJerarquia/0AreaGeneral/span_elemento (1)/span_Agregar Elementos (1)/label_Preferencial (P)' is clicked on

2024-04-02 14:06:42 - [MESSAGE][PASSED] - Object: 'Object Repository/WIZARD/1Modelo De Negocio/0ArbolDeJerarquia/0AreaGeneral/span_elemento (1)/span_Agregar Elementos (1)/label_Preferencial (P)' is clicked on

2024-04-02 14:06:42 - [TEST_STEP][PASSED] - delay(3): Delayed 3 second(s)

2024-04-02 14:06:45 - [MESSAGE][PASSED] - Delayed 3 second(s)

2024-04-02 14:06:45 - [TEST_STEP][PASSED] - click(findTestObject("WIZARD/1Modelo De Negocio/0ArbolDeJerarquia/0AreaGeneral/span_elemento (1)/span_Agregar Elementos (1)/btn_Agregar")): Object: 'Object Repository/WIZARD/1Modelo De Negocio/0ArbolDeJerarquia/0AreaGeneral/span_elemento (1)/span_Agregar Elementos (1)/btn_Agregar' is clicked on

2024-04-02 14:06:46 - [MESSAGE][PASSED] - Object: 'Object Repository/WIZARD/1Modelo De Negocio/0ArbolDeJerarquia/0AreaGeneral/span_elemento (1)/span_Agregar Elementos (1)/btn_Agregar' is clicked on

2024-04-02 14:06:46 - [TEST_STEP][PASSED] - delay(3): Delayed 3 second(s)

2024-04-02 14:06:49 - [MESSAGE][PASSED] - Delayed 3 second(s)

2024-04-02 14:06:49 - [TEST_STEP][PASSED] - takeFullPageScreenshot(): Taking screenshot successfully

2024-04-02 14:06:49 - [MESSAGE][INFO] - 0 hidden object(s)

2024-04-02 14:06:49 - [MESSAGE][PASSED] - Taking screenshot successfully
[[ATTACHMENT|C:\\CIEL INGENIERIA\\Katalon\\Digiturno55\\Reports\\20240402_135301\\WIZARD\\1Modelo De Negocio\\3.2 Agregar al arbol Tipo Cliente\\20240402_135314\\1712084809170.png]]

2024-04-02 14:06:49 - [TEST_STEP][PASSED] - delay(3): Delayed 3 second(s)

2024-04-02 14:06:52 - [MESSAGE][PASSED] - Delayed 3 second(s)

2024-04-02 14:06:53 - [TEST_STEP][PASSED] - Start listener action : sampleAfterTestCase: null]]></system-out>
         <system-err><![CDATA[]]></system-err>
      </testcase>
      <system-out><![CDATA[2024-04-02 14:06:14 - [TEST_SUITE][PASSED] - 3.2 Agregar al arbol Tipo Cliente: Test Cases/WIZARD/1Modelo De Negocio/3.2 Agregar al arbol Tipo Cliente]]></system-out>
      <system-err><![CDATA[]]></system-err>
   </testsuite>
</testsuites>
