<?xml version="1.0" encoding="UTF-8"?>
<testsuites name="3.4b Agregar arbol a SubServicios Radicaciones" time="57.627" tests="1" failures="0" errors="0">
   <testsuite name="3.4b Agregar arbol a SubServicios Radicaciones" tests="1" failures="0" errors="0" time="57.627" skipped="0" timestamp="2023-08-14 08:31:20" hostname="jdavila - PCPruebas101.ciel.cielingenieria.com" id="Test Suites/WIZARD/1Modelo De Negocio/3.4b Agregar arbol a SubServicios Radicaciones">
      <properties>
         <property name="deviceName" value=""/>
         <property name="devicePlatform" value=""/>
         <property name="logFolder" value="C:\\CIEL INGENIERIA\\Katalon\\Digiturno55\\Reports\\20230814_081405\\WIZARD\\1Modelo De Negocio\\3.4b Agregar arbol a SubServicios Radicaciones\\20230814_081425"/>
         <property name="logFiles" value="C:\\CIEL INGENIERIA\\Katalon\\Digiturno55\\Reports\\20230814_081405\\WIZARD\\1Modelo De Negocio\\3.4b Agregar arbol a SubServicios Radicaciones\\20230814_081425\\execution0.log"/>
         <property name="attachments" value="C:\\CIEL INGENIERIA\\Katalon\\Digiturno55\\Reports\\20230814_081405\\WIZARD\\1Modelo De Negocio\\3.4b Agregar arbol a SubServicios Radicaciones\\20230814_081425\\1692019934166.png"/>
         <property name="hostName" value="jdavila - PCPruebas101.ciel.cielingenieria.com"/>
         <property name="os" value="Windows 10 64bit"/>
         <property name="katalonVersion" value="8.6.0.208"/>
         <property name="browser" value="Chrome 115.0.0.0"/>
         <property name="hostAddress" value="192.168.0.33"/>
         <property name="sessionId" value="8157b78a11f547dac4cd0ce6d79971a7"/>
         <property name="seleniumVersion" value="3.141.59"/>
         <property name="proxyInformation" value="ProxyInformation { proxyOption=NO_PROXY, proxyServerType=HTTP, username=, password=********, proxyServerAddress=, proxyServerPort=0, executionList=&quot;&quot;, isApplyToDesiredCapabilities=true }"/>
         <property name="platform" value="Windows 10"/>
      </properties>
      <testcase name="Test Cases/WIZARD/1Modelo De Negocio/3.4b Agregar arbol a SubServicios Radicaciones" time="57.396" classname="Test Cases/WIZARD/1Modelo De Negocio/3.4b Agregar arbol a SubServicios Radicaciones" status="PASSED">
         <system-out><![CDATA[2023-08-14 08:31:20 - [TEST_CASE][PASSED] - Test Cases/WIZARD/1Modelo De Negocio/3.4b Agregar arbol a SubServicios Radicaciones: Test Cases/WIZARD/1Modelo De Negocio/3.4b Agregar arbol a SubServicios Radicaciones

2023-08-14 08:31:20 - [TEST_STEP][PASSED] - callTestCase(findTestCase("0InicioSesion"), [:], STOP_ON_FAILURE): Call Test Case 'Test Cases/0InicioSesion' successfully

2023-08-14 08:31:21 - [TEST_CASE][PASSED] - Test Cases/0InicioSesion: Test Cases/0InicioSesion

2023-08-14 08:31:21 - [TEST_STEP][PASSED] - openBrowser(UrlDigiturno): Browser is opened with url: 'https://PCPruebas101.ciel.cielingenieria.com:8610'

2023-08-14 08:31:21 - [MESSAGE][INFO] - Starting 'Chrome' driver

2023-08-14 08:31:21 - [MESSAGE][INFO] - User set preference: ['args', '[--use-fake-ui-for-media-stream, --disable-notifications]']

2023-08-14 08:31:21 - [MESSAGE][INFO] - Action delay is set to 0 milliseconds

2023-08-14 08:31:24 - [MESSAGE][PASSED] - Browser is opened with url: 'https://PCPruebas101.ciel.cielingenieria.com:8610'

2023-08-14 08:31:24 - [TEST_STEP][PASSED] - maximizeWindow(): Current window maximized

2023-08-14 08:31:24 - [MESSAGE][PASSED] - Current window maximized

2023-08-14 08:31:24 - [TEST_STEP][PASSED] - delay(3): Delayed 3 second(s)

2023-08-14 08:31:27 - [MESSAGE][PASSED] - Delayed 3 second(s)

2023-08-14 08:31:27 - [TEST_STEP][PASSED] - setText(findTestObject("0Inicio Sesion/input_Usuario"), "Ciel"): Text 'Ciel' is set on object 'Object Repository/0Inicio Sesion/input_Usuario'

2023-08-14 08:31:28 - [MESSAGE][PASSED] - Text 'Ciel' is set on object 'Object Repository/0Inicio Sesion/input_Usuario'

2023-08-14 08:31:28 - [TEST_STEP][PASSED] - setText(findTestObject("0Inicio Sesion/input_Clave"), "digiturno"): Text 'digiturno' is set on object 'Object Repository/0Inicio Sesion/input_Clave'

2023-08-14 08:31:29 - [MESSAGE][PASSED] - Text 'digiturno' is set on object 'Object Repository/0Inicio Sesion/input_Clave'

2023-08-14 08:31:29 - [TEST_STEP][PASSED] - click(findTestObject("0Inicio Sesion/btn_IniciarSesion")): Object: 'Object Repository/0Inicio Sesion/btn_IniciarSesion' is clicked on

2023-08-14 08:31:29 - [MESSAGE][PASSED] - Object: 'Object Repository/0Inicio Sesion/btn_IniciarSesion' is clicked on

2023-08-14 08:31:29 - [TEST_STEP][PASSED] - delay(3): Delayed 3 second(s)

2023-08-14 08:31:32 - [MESSAGE][PASSED] - Delayed 3 second(s)

2023-08-14 08:31:32 - [MESSAGE][PASSED] - Call Test Case 'Test Cases/0InicioSesion' successfully

2023-08-14 08:31:32 - [TEST_STEP][PASSED] - click(findTestObject("WIZARD/0Principal/img_ModeloDeNegocioMAX")): Object: 'Object Repository/WIZARD/0Principal/img_ModeloDeNegocioMAX' is clicked on

2023-08-14 08:31:33 - [MESSAGE][PASSED] - Object: 'Object Repository/WIZARD/0Principal/img_ModeloDeNegocioMAX' is clicked on

2023-08-14 08:31:33 - [TEST_STEP][PASSED] - delay(3): Delayed 3 second(s)

2023-08-14 08:31:36 - [MESSAGE][PASSED] - Delayed 3 second(s)

2023-08-14 08:31:36 - [TEST_STEP][PASSED] - setText(findTestObject("WIZARD/1Modelo De Negocio/0ArbolDeJerarquia/input_cajaBusqueda"), "Radicaciones"): Text 'Radicaciones' is set on object 'Object Repository/WIZARD/1Modelo De Negocio/0ArbolDeJerarquia/input_cajaBusqueda'

2023-08-14 08:31:37 - [MESSAGE][PASSED] - Text 'Radicaciones' is set on object 'Object Repository/WIZARD/1Modelo De Negocio/0ArbolDeJerarquia/input_cajaBusqueda'

2023-08-14 08:31:37 - [TEST_STEP][PASSED] - delay(3): Delayed 3 second(s)

2023-08-14 08:31:40 - [MESSAGE][PASSED] - Delayed 3 second(s)

2023-08-14 08:31:40 - [TEST_STEP][PASSED] - rightClick(findTestObject("WIZARD/1Modelo De Negocio/0ArbolDeJerarquia/1General/9 General Radicaciones/span_9 Radicaciones")): Object: 'Object Repository/WIZARD/1Modelo De Negocio/0ArbolDeJerarquia/1General/9 General Radicaciones/span_9 Radicaciones' is right clicked on

2023-08-14 08:31:41 - [MESSAGE][PASSED] - Object: 'Object Repository/WIZARD/1Modelo De Negocio/0ArbolDeJerarquia/1General/9 General Radicaciones/span_9 Radicaciones' is right clicked on

2023-08-14 08:31:41 - [TEST_STEP][PASSED] - mouseOver(findTestObject("WIZARD/1Modelo De Negocio/0ArbolDeJerarquia/1General/9 General Radicaciones/span_Elemento")): Object: 'Object Repository/WIZARD/1Modelo De Negocio/0ArbolDeJerarquia/1General/9 General Radicaciones/span_Elemento' is hovered

2023-08-14 08:31:41 - [MESSAGE][PASSED] - Object: 'Object Repository/WIZARD/1Modelo De Negocio/0ArbolDeJerarquia/1General/9 General Radicaciones/span_Elemento' is hovered

2023-08-14 08:31:41 - [TEST_STEP][PASSED] - delay(2): Delayed 2 second(s)

2023-08-14 08:31:43 - [MESSAGE][PASSED] - Delayed 2 second(s)

2023-08-14 08:31:43 - [TEST_STEP][PASSED] - click(findTestObject("WIZARD/1Modelo De Negocio/0ArbolDeJerarquia/1General/9 General Radicaciones/span_Elemento(1)/span_Agregar Elementos")): Object: 'Object Repository/WIZARD/1Modelo De Negocio/0ArbolDeJerarquia/1General/9 General Radicaciones/span_Elemento(1)/span_Agregar Elementos' is clicked on

2023-08-14 08:31:44 - [MESSAGE][PASSED] - Object: 'Object Repository/WIZARD/1Modelo De Negocio/0ArbolDeJerarquia/1General/9 General Radicaciones/span_Elemento(1)/span_Agregar Elementos' is clicked on

2023-08-14 08:31:44 - [TEST_STEP][PASSED] - delay(3): Delayed 3 second(s)

2023-08-14 08:31:47 - [MESSAGE][PASSED] - Delayed 3 second(s)

2023-08-14 08:31:47 - [TEST_STEP][PASSED] - click(findTestObject("WIZARD/1Modelo De Negocio/0ArbolDeJerarquia/1General/9 General Radicaciones/span_Elemento(1)/span_Agregar Elementos(1)/servicios/label_1 Autorizaciones")): Object: 'Object Repository/WIZARD/1Modelo De Negocio/0ArbolDeJerarquia/1General/9 General Radicaciones/span_Elemento(1)/span_Agregar Elementos(1)/servicios/label_1 Autorizaciones' is clicked on

2023-08-14 08:31:47 - [MESSAGE][PASSED] - Object: 'Object Repository/WIZARD/1Modelo De Negocio/0ArbolDeJerarquia/1General/9 General Radicaciones/span_Elemento(1)/span_Agregar Elementos(1)/servicios/label_1 Autorizaciones' is clicked on

2023-08-14 08:31:47 - [TEST_STEP][PASSED] - click(findTestObject("WIZARD/1Modelo De Negocio/0ArbolDeJerarquia/1General/9 General Radicaciones/span_Elemento(1)/span_Agregar Elementos(1)/servicios/label_2 Certificado")): Object: 'Object Repository/WIZARD/1Modelo De Negocio/0ArbolDeJerarquia/1General/9 General Radicaciones/span_Elemento(1)/span_Agregar Elementos(1)/servicios/label_2 Certificado' is clicked on

2023-08-14 08:31:48 - [MESSAGE][PASSED] - Object: 'Object Repository/WIZARD/1Modelo De Negocio/0ArbolDeJerarquia/1General/9 General Radicaciones/span_Elemento(1)/span_Agregar Elementos(1)/servicios/label_2 Certificado' is clicked on

2023-08-14 08:31:48 - [TEST_STEP][PASSED] - click(findTestObject("WIZARD/1Modelo De Negocio/0ArbolDeJerarquia/1General/9 General Radicaciones/span_Elemento(1)/span_Agregar Elementos(1)/servicios/label_4 Facturas")): Object: 'Object Repository/WIZARD/1Modelo De Negocio/0ArbolDeJerarquia/1General/9 General Radicaciones/span_Elemento(1)/span_Agregar Elementos(1)/servicios/label_4 Facturas' is clicked on

2023-08-14 08:31:48 - [MESSAGE][PASSED] - Object: 'Object Repository/WIZARD/1Modelo De Negocio/0ArbolDeJerarquia/1General/9 General Radicaciones/span_Elemento(1)/span_Agregar Elementos(1)/servicios/label_4 Facturas' is clicked on

2023-08-14 08:31:48 - [TEST_STEP][PASSED] - click(findTestObject("WIZARD/1Modelo De Negocio/0ArbolDeJerarquia/1General/9 General Radicaciones/span_Elemento(1)/span_Agregar Elementos(1)/servicios/label_9 Remision")): Object: 'Object Repository/WIZARD/1Modelo De Negocio/0ArbolDeJerarquia/1General/9 General Radicaciones/span_Elemento(1)/span_Agregar Elementos(1)/servicios/label_9 Remision' is clicked on

2023-08-14 08:31:48 - [MESSAGE][PASSED] - Object: 'Object Repository/WIZARD/1Modelo De Negocio/0ArbolDeJerarquia/1General/9 General Radicaciones/span_Elemento(1)/span_Agregar Elementos(1)/servicios/label_9 Remision' is clicked on

2023-08-14 08:31:48 - [TEST_STEP][PASSED] - delay(3): Delayed 3 second(s)

2023-08-14 08:31:51 - [MESSAGE][PASSED] - Delayed 3 second(s)

2023-08-14 08:31:51 - [TEST_STEP][PASSED] - click(findTestObject("WIZARD/1Modelo De Negocio/0ArbolDeJerarquia/1General/9 General Radicaciones/span_Elemento(1)/span_Agregar Elementos(1)/btn_Agregar")): Object: 'Object Repository/WIZARD/1Modelo De Negocio/0ArbolDeJerarquia/1General/9 General Radicaciones/span_Elemento(1)/span_Agregar Elementos(1)/btn_Agregar' is clicked on

2023-08-14 08:31:52 - [MESSAGE][PASSED] - Object: 'Object Repository/WIZARD/1Modelo De Negocio/0ArbolDeJerarquia/1General/9 General Radicaciones/span_Elemento(1)/span_Agregar Elementos(1)/btn_Agregar' is clicked on

2023-08-14 08:31:52 - [TEST_STEP][PASSED] - delay(3): Delayed 3 second(s)

2023-08-14 08:31:55 - [MESSAGE][PASSED] - Delayed 3 second(s)

2023-08-14 08:31:55 - [TEST_STEP][PASSED] - setText(findTestObject("WIZARD/1Modelo De Negocio/0ArbolDeJerarquia/input_cajaBusqueda"), "Radicaciones"): Text 'Radicaciones' is set on object 'Object Repository/WIZARD/1Modelo De Negocio/0ArbolDeJerarquia/input_cajaBusqueda'

2023-08-14 08:31:56 - [MESSAGE][PASSED] - Text 'Radicaciones' is set on object 'Object Repository/WIZARD/1Modelo De Negocio/0ArbolDeJerarquia/input_cajaBusqueda'

2023-08-14 08:31:56 - [TEST_STEP][PASSED] - delay(3): Delayed 3 second(s)

2023-08-14 08:31:59 - [MESSAGE][PASSED] - Delayed 3 second(s)

2023-08-14 08:31:59 - [TEST_STEP][PASSED] - rightClick(findTestObject("WIZARD/1Modelo De Negocio/0ArbolDeJerarquia/1Preferencial/6 Preferencial Radicaciones/span_6 Radicaciones")): Object: 'Object Repository/WIZARD/1Modelo De Negocio/0ArbolDeJerarquia/1Preferencial/6 Preferencial Radicaciones/span_6 Radicaciones' is right clicked on

2023-08-14 08:31:59 - [MESSAGE][PASSED] - Object: 'Object Repository/WIZARD/1Modelo De Negocio/0ArbolDeJerarquia/1Preferencial/6 Preferencial Radicaciones/span_6 Radicaciones' is right clicked on

2023-08-14 08:31:59 - [TEST_STEP][PASSED] - mouseOver(findTestObject("WIZARD/1Modelo De Negocio/0ArbolDeJerarquia/1Preferencial/6 Preferencial Radicaciones/span_Elemento")): Object: 'Object Repository/WIZARD/1Modelo De Negocio/0ArbolDeJerarquia/1Preferencial/6 Preferencial Radicaciones/span_Elemento' is hovered

2023-08-14 08:32:00 - [MESSAGE][PASSED] - Object: 'Object Repository/WIZARD/1Modelo De Negocio/0ArbolDeJerarquia/1Preferencial/6 Preferencial Radicaciones/span_Elemento' is hovered

2023-08-14 08:32:00 - [TEST_STEP][PASSED] - delay(2): Delayed 2 second(s)

2023-08-14 08:32:02 - [MESSAGE][PASSED] - Delayed 2 second(s)

2023-08-14 08:32:02 - [TEST_STEP][PASSED] - click(findTestObject("WIZARD/1Modelo De Negocio/0ArbolDeJerarquia/1Preferencial/6 Preferencial Radicaciones/span_Elemento(1)/span_Agregar Elementos")): Object: 'Object Repository/WIZARD/1Modelo De Negocio/0ArbolDeJerarquia/1Preferencial/6 Preferencial Radicaciones/span_Elemento(1)/span_Agregar Elementos' is clicked on

2023-08-14 08:32:03 - [MESSAGE][PASSED] - Object: 'Object Repository/WIZARD/1Modelo De Negocio/0ArbolDeJerarquia/1Preferencial/6 Preferencial Radicaciones/span_Elemento(1)/span_Agregar Elementos' is clicked on

2023-08-14 08:32:03 - [TEST_STEP][PASSED] - delay(3): Delayed 3 second(s)

2023-08-14 08:32:06 - [MESSAGE][PASSED] - Delayed 3 second(s)

2023-08-14 08:32:06 - [TEST_STEP][PASSED] - click(findTestObject("WIZARD/1Modelo De Negocio/0ArbolDeJerarquia/1Preferencial/6 Preferencial Radicaciones/span_Elemento(1)/span_Agregar Elementos(1)/servicios/label_1 Autorizaciones")): Object: 'Object Repository/WIZARD/1Modelo De Negocio/0ArbolDeJerarquia/1Preferencial/6 Preferencial Radicaciones/span_Elemento(1)/span_Agregar Elementos(1)/servicios/label_1 Autorizaciones' is clicked on

2023-08-14 08:32:06 - [MESSAGE][PASSED] - Object: 'Object Repository/WIZARD/1Modelo De Negocio/0ArbolDeJerarquia/1Preferencial/6 Preferencial Radicaciones/span_Elemento(1)/span_Agregar Elementos(1)/servicios/label_1 Autorizaciones' is clicked on

2023-08-14 08:32:06 - [TEST_STEP][PASSED] - click(findTestObject("WIZARD/1Modelo De Negocio/0ArbolDeJerarquia/1Preferencial/6 Preferencial Radicaciones/span_Elemento(1)/span_Agregar Elementos(1)/servicios/label_2 Certificado")): Object: 'Object Repository/WIZARD/1Modelo De Negocio/0ArbolDeJerarquia/1Preferencial/6 Preferencial Radicaciones/span_Elemento(1)/span_Agregar Elementos(1)/servicios/label_2 Certificado' is clicked on

2023-08-14 08:32:06 - [MESSAGE][PASSED] - Object: 'Object Repository/WIZARD/1Modelo De Negocio/0ArbolDeJerarquia/1Preferencial/6 Preferencial Radicaciones/span_Elemento(1)/span_Agregar Elementos(1)/servicios/label_2 Certificado' is clicked on

2023-08-14 08:32:06 - [TEST_STEP][PASSED] - click(findTestObject("WIZARD/1Modelo De Negocio/0ArbolDeJerarquia/1Preferencial/6 Preferencial Radicaciones/span_Elemento(1)/span_Agregar Elementos(1)/servicios/label_4 Facturas")): Object: 'Object Repository/WIZARD/1Modelo De Negocio/0ArbolDeJerarquia/1Preferencial/6 Preferencial Radicaciones/span_Elemento(1)/span_Agregar Elementos(1)/servicios/label_4 Facturas' is clicked on

2023-08-14 08:32:07 - [MESSAGE][PASSED] - Object: 'Object Repository/WIZARD/1Modelo De Negocio/0ArbolDeJerarquia/1Preferencial/6 Preferencial Radicaciones/span_Elemento(1)/span_Agregar Elementos(1)/servicios/label_4 Facturas' is clicked on

2023-08-14 08:32:07 - [TEST_STEP][PASSED] - click(findTestObject("WIZARD/1Modelo De Negocio/0ArbolDeJerarquia/1Preferencial/6 Preferencial Radicaciones/span_Elemento(1)/span_Agregar Elementos(1)/servicios/label_9 Remision")): Object: 'Object Repository/WIZARD/1Modelo De Negocio/0ArbolDeJerarquia/1Preferencial/6 Preferencial Radicaciones/span_Elemento(1)/span_Agregar Elementos(1)/servicios/label_9 Remision' is clicked on

2023-08-14 08:32:07 - [MESSAGE][PASSED] - Object: 'Object Repository/WIZARD/1Modelo De Negocio/0ArbolDeJerarquia/1Preferencial/6 Preferencial Radicaciones/span_Elemento(1)/span_Agregar Elementos(1)/servicios/label_9 Remision' is clicked on

2023-08-14 08:32:07 - [TEST_STEP][PASSED] - delay(3): Delayed 3 second(s)

2023-08-14 08:32:10 - [MESSAGE][PASSED] - Delayed 3 second(s)

2023-08-14 08:32:10 - [TEST_STEP][PASSED] - click(findTestObject("WIZARD/1Modelo De Negocio/0ArbolDeJerarquia/1Preferencial/6 Preferencial Radicaciones/span_Elemento(1)/span_Agregar Elementos(1)/btn_Agregar")): Object: 'Object Repository/WIZARD/1Modelo De Negocio/0ArbolDeJerarquia/1Preferencial/6 Preferencial Radicaciones/span_Elemento(1)/span_Agregar Elementos(1)/btn_Agregar' is clicked on

2023-08-14 08:32:11 - [MESSAGE][PASSED] - Object: 'Object Repository/WIZARD/1Modelo De Negocio/0ArbolDeJerarquia/1Preferencial/6 Preferencial Radicaciones/span_Elemento(1)/span_Agregar Elementos(1)/btn_Agregar' is clicked on

2023-08-14 08:32:11 - [TEST_STEP][PASSED] - delay(3): Delayed 3 second(s)

2023-08-14 08:32:14 - [MESSAGE][PASSED] - Delayed 3 second(s)

2023-08-14 08:32:14 - [TEST_STEP][PASSED] - takeFullPageScreenshot(): Taking screenshot successfully

2023-08-14 08:32:14 - [MESSAGE][INFO] - 0 hidden object(s)

2023-08-14 08:32:15 - [MESSAGE][PASSED] - Taking screenshot successfully
[[ATTACHMENT|C:\\CIEL INGENIERIA\\Katalon\\Digiturno55\\Reports\\20230814_081405\\WIZARD\\1Modelo De Negocio\\3.4b Agregar arbol a SubServicios Radicaciones\\20230814_081425\\1692019934166.png]]

2023-08-14 08:32:15 - [TEST_STEP][PASSED] - delay(3): Delayed 3 second(s)

2023-08-14 08:32:18 - [MESSAGE][PASSED] - Delayed 3 second(s)

2023-08-14 08:32:18 - [TEST_STEP][PASSED] - Start listener action : sampleAfterTestCase: null]]></system-out>
         <system-err><![CDATA[]]></system-err>
      </testcase>
      <system-out><![CDATA[2023-08-14 08:31:20 - [TEST_SUITE][PASSED] - 3.4b Agregar arbol a SubServicios Radicaciones: Test Cases/WIZARD/1Modelo De Negocio/3.4b Agregar arbol a SubServicios Radicaciones]]></system-out>
      <system-err><![CDATA[]]></system-err>
   </testsuite>
</testsuites>
