<?xml version="1.0" encoding="UTF-8"?>
<testsuites name="31 Jornadas de Atencion Crear Actualizar Eliminar" time="165.379" tests="3" failures="0" errors="0">
   <testsuite name="31 Jornadas de Atencion Crear Actualizar Eliminar" tests="3" failures="0" errors="0" time="165.379" skipped="0" timestamp="2024-04-08 09:28:59" hostname="jdavila - PCPruebas101.ciel.cielingenieria.com" id="Test Suites/DIGITURNO/BASICO/31 Jornadas de Atencion Crear Actualizar Eliminar">
      <properties>
         <property name="deviceName" value=""/>
         <property name="devicePlatform" value=""/>
         <property name="logFolder" value="C:\\CIEL INGENIERIA\\Katalon\\Digiturno55\\Reports\\20240408_090839\\DIGITURNO\\BASICO\\31 Jornadas de Atencion Crear Actualizar Eliminar\\20240408_090908"/>
         <property name="logFiles" value="C:\\CIEL INGENIERIA\\Katalon\\Digiturno55\\Reports\\20240408_090839\\DIGITURNO\\BASICO\\31 Jornadas de Atencion Crear Actualizar Eliminar\\20240408_090908\\execution0.log"/>
         <property name="attachments" value="C:\\CIEL INGENIERIA\\Katalon\\Digiturno55\\Reports\\20240408_090839\\DIGITURNO\\BASICO\\31 Jornadas de Atencion Crear Actualizar Eliminar\\20240408_090908\\1712586555755.png, C:\\CIEL INGENIERIA\\Katalon\\Digiturno55\\Reports\\20240408_090839\\DIGITURNO\\BASICO\\31 Jornadas de Atencion Crear Actualizar Eliminar\\20240408_090908\\1712586614838.png, C:\\CIEL INGENIERIA\\Katalon\\Digiturno55\\Reports\\20240408_090839\\DIGITURNO\\BASICO\\31 Jornadas de Atencion Crear Actualizar Eliminar\\20240408_090908\\1712586636064.png, C:\\CIEL INGENIERIA\\Katalon\\Digiturno55\\Reports\\20240408_090839\\DIGITURNO\\BASICO\\31 Jornadas de Atencion Crear Actualizar Eliminar\\20240408_090908\\1712586660495.png, C:\\CIEL INGENIERIA\\Katalon\\Digiturno55\\Reports\\20240408_090839\\DIGITURNO\\BASICO\\31 Jornadas de Atencion Crear Actualizar Eliminar\\20240408_090908\\1712586679988.png, C:\\CIEL INGENIERIA\\Katalon\\Digiturno55\\Reports\\20240408_090839\\DIGITURNO\\BASICO\\31 Jornadas de Atencion Crear Actualizar Eliminar\\20240408_090908\\1712586701088.png"/>
         <property name="hostName" value="jdavila - PCPruebas101.ciel.cielingenieria.com"/>
         <property name="os" value="Windows 10 64bit"/>
         <property name="katalonVersion" value="8.6.9.208"/>
         <property name="browser" value="Chrome 123.0.0.0"/>
         <property name="hostAddress" value="192.168.0.6"/>
         <property name="sessionId" value="9e10f288cf655aef76bb87fdaf569909"/>
         <property name="seleniumVersion" value="3.141.59"/>
         <property name="proxyInformation" value="ProxyInformation { proxyOption=NO_PROXY, proxyServerType=HTTP, username=, password=********, proxyServerAddress=, proxyServerPort=0, executionList=&quot;&quot;, isApplyToDesiredCapabilities=true }"/>
         <property name="platform" value="Windows 10"/>
      </properties>
      <testcase name="Test Cases/DIGITURNO/BASICO/31 Jornadas de Atencion Crear" time="78.903" classname="Test Cases/DIGITURNO/BASICO/31 Jornadas de Atencion Crear" status="PASSED">
         <system-out><![CDATA[2024-04-08 09:28:59 - [TEST_CASE][PASSED] - Test Cases/DIGITURNO/BASICO/31 Jornadas de Atencion Crear: Test Cases/DIGITURNO/BASICO/31 Jornadas de Atencion Crear

2024-04-08 09:29:00 - [TEST_STEP][PASSED] - callTestCase(findTestCase("DIGITURNO/BASICO/3 Configuracion"), [:], STOP_ON_FAILURE): Call Test Case 'Test Cases/DIGITURNO/BASICO/3 Configuracion' successfully

2024-04-08 09:29:00 - [TEST_CASE][PASSED] - Test Cases/DIGITURNO/BASICO/3 Configuracion: Test Cases/DIGITURNO/BASICO/3 Configuracion

2024-04-08 09:29:00 - [TEST_STEP][PASSED] - callTestCase(findTestCase("0InicioSesion"), [:], STOP_ON_FAILURE): Call Test Case 'Test Cases/0InicioSesion' successfully

2024-04-08 09:29:00 - [TEST_CASE][PASSED] - Test Cases/0InicioSesion: Test Cases/0InicioSesion

2024-04-08 09:29:00 - [TEST_STEP][PASSED] - openBrowser(UrlDigiturno): Browser is opened with url: 'https://PCPruebas101.ciel.cielingenieria.com:8910'

2024-04-08 09:29:01 - [MESSAGE][INFO] - Starting 'Chrome' driver

2024-04-08 09:29:01 - [MESSAGE][INFO] - User set preference: ['args', '[--use-fake-ui-for-media-stream, --disable-notifications]']

2024-04-08 09:29:01 - [MESSAGE][INFO] - Action delay is set to 0 milliseconds

2024-04-08 09:29:03 - [MESSAGE][PASSED] - Browser is opened with url: 'https://PCPruebas101.ciel.cielingenieria.com:8910'

2024-04-08 09:29:03 - [TEST_STEP][PASSED] - maximizeWindow(): Current window maximized

2024-04-08 09:29:04 - [MESSAGE][PASSED] - Current window maximized

2024-04-08 09:29:04 - [TEST_STEP][PASSED] - delay(3): Delayed 3 second(s)

2024-04-08 09:29:07 - [MESSAGE][PASSED] - Delayed 3 second(s)

2024-04-08 09:29:07 - [TEST_STEP][PASSED] - setText(findTestObject("0Inicio Sesion/input_Usuario"), "Ciel"): Text 'Ciel' is set on object 'Object Repository/0Inicio Sesion/input_Usuario'

2024-04-08 09:29:07 - [MESSAGE][PASSED] - Text 'Ciel' is set on object 'Object Repository/0Inicio Sesion/input_Usuario'

2024-04-08 09:29:07 - [TEST_STEP][PASSED] - setText(findTestObject("0Inicio Sesion/input_Clave"), "digiturno"): Text 'digiturno' is set on object 'Object Repository/0Inicio Sesion/input_Clave'

2024-04-08 09:29:08 - [MESSAGE][PASSED] - Text 'digiturno' is set on object 'Object Repository/0Inicio Sesion/input_Clave'

2024-04-08 09:29:08 - [TEST_STEP][PASSED] - click(findTestObject("0Inicio Sesion/btn_IniciarSesion")): Object: 'Object Repository/0Inicio Sesion/btn_IniciarSesion' is clicked on

2024-04-08 09:29:09 - [MESSAGE][PASSED] - Object: 'Object Repository/0Inicio Sesion/btn_IniciarSesion' is clicked on

2024-04-08 09:29:09 - [TEST_STEP][PASSED] - delay(3): Delayed 3 second(s)

2024-04-08 09:29:12 - [MESSAGE][PASSED] - Delayed 3 second(s)

2024-04-08 09:29:12 - [MESSAGE][PASSED] - Call Test Case 'Test Cases/0InicioSesion' successfully

2024-04-08 09:29:12 - [TEST_STEP][PASSED] - click(findTestObject("DIGITURNO/1Principal/img_Configuracion(1)")): Object: 'Object Repository/DIGITURNO/1Principal/img_Configuracion(1)' is clicked on

2024-04-08 09:29:12 - [MESSAGE][PASSED] - Object: 'Object Repository/DIGITURNO/1Principal/img_Configuracion(1)' is clicked on

2024-04-08 09:29:12 - [TEST_STEP][PASSED] - delay(3): Delayed 3 second(s)

2024-04-08 09:29:15 - [MESSAGE][PASSED] - Delayed 3 second(s)

2024-04-08 09:29:15 - [TEST_STEP][PASSED] - takeFullPageScreenshot(): Taking screenshot successfully

2024-04-08 09:29:16 - [MESSAGE][INFO] - 0 hidden object(s)

2024-04-08 09:29:16 - [MESSAGE][PASSED] - Taking screenshot successfully
[[ATTACHMENT|C:\\CIEL INGENIERIA\\Katalon\\Digiturno55\\Reports\\20240408_090839\\DIGITURNO\\BASICO\\31 Jornadas de Atencion Crear Actualizar Eliminar\\20240408_090908\\1712586555755.png]]

2024-04-08 09:29:16 - [TEST_STEP][PASSED] - delay(3): Delayed 3 second(s)

2024-04-08 09:29:19 - [MESSAGE][PASSED] - Delayed 3 second(s)

2024-04-08 09:29:19 - [MESSAGE][PASSED] - Call Test Case 'Test Cases/DIGITURNO/BASICO/3 Configuracion' successfully

2024-04-08 09:29:19 - [TEST_STEP][PASSED] - click(findTestObject("DIGITURNO/CONFIGURACION/0Principal/img_3Jornadas de atencion")): Object: 'Object Repository/DIGITURNO/CONFIGURACION/0Principal/img_3Jornadas de atencion' is clicked on

2024-04-08 09:29:33 - [MESSAGE][PASSED] - Object: 'Object Repository/DIGITURNO/CONFIGURACION/0Principal/img_3Jornadas de atencion' is clicked on

2024-04-08 09:29:33 - [TEST_STEP][PASSED] - delay(2): Delayed 2 second(s)

2024-04-08 09:29:35 - [MESSAGE][PASSED] - Delayed 2 second(s)

2024-04-08 09:29:35 - [TEST_STEP][PASSED] - click(findTestObject("DIGITURNO/CONFIGURACION/3Jornadas de Atencion/0Modal Inicial Oficinas/td_1Bogota - CIEL")): Object: 'Object Repository/DIGITURNO/CONFIGURACION/3Jornadas de Atencion/0Modal Inicial Oficinas/td_1Bogota - CIEL' is clicked on

2024-04-08 09:29:35 - [MESSAGE][PASSED] - Object: 'Object Repository/DIGITURNO/CONFIGURACION/3Jornadas de Atencion/0Modal Inicial Oficinas/td_1Bogota - CIEL' is clicked on

2024-04-08 09:29:35 - [TEST_STEP][PASSED] - delay(3): Delayed 3 second(s)

2024-04-08 09:29:38 - [MESSAGE][PASSED] - Delayed 3 second(s)

2024-04-08 09:29:38 - [TEST_STEP][PASSED] - click(findTestObject("DIGITURNO/CONFIGURACION/3Jornadas de Atencion/Edicion/btn_SeleccionarOficina")): Object: 'Object Repository/DIGITURNO/CONFIGURACION/3Jornadas de Atencion/Edicion/btn_SeleccionarOficina' is clicked on

2024-04-08 09:29:39 - [MESSAGE][PASSED] - Object: 'Object Repository/DIGITURNO/CONFIGURACION/3Jornadas de Atencion/Edicion/btn_SeleccionarOficina' is clicked on

2024-04-08 09:29:39 - [TEST_STEP][PASSED] - delay(3): Delayed 3 second(s)

2024-04-08 09:29:42 - [MESSAGE][PASSED] - Delayed 3 second(s)

2024-04-08 09:29:42 - [TEST_STEP][PASSED] - click(findTestObject("DIGITURNO/CONFIGURACION/3Jornadas de Atencion/Edicion/btn_SeleccionarOficina(1)/td_1Bogota - CIEL")): Object: 'Object Repository/DIGITURNO/CONFIGURACION/3Jornadas de Atencion/Edicion/btn_SeleccionarOficina(1)/td_1Bogota - CIEL' is clicked on

2024-04-08 09:29:42 - [MESSAGE][PASSED] - Object: 'Object Repository/DIGITURNO/CONFIGURACION/3Jornadas de Atencion/Edicion/btn_SeleccionarOficina(1)/td_1Bogota - CIEL' is clicked on

2024-04-08 09:29:42 - [TEST_STEP][PASSED] - delay(3): Delayed 3 second(s)

2024-04-08 09:29:45 - [MESSAGE][PASSED] - Delayed 3 second(s)

2024-04-08 09:29:45 - [TEST_STEP][PASSED] - check(findTestObject("DIGITURNO/CONFIGURACION/3Jornadas de Atencion/Edicion/Label/label_Habilitada")): Object 'Object Repository/DIGITURNO/CONFIGURACION/3Jornadas de Atencion/Edicion/Label/label_Habilitada' is checked

2024-04-08 09:29:46 - [MESSAGE][PASSED] - Object 'Object Repository/DIGITURNO/CONFIGURACION/3Jornadas de Atencion/Edicion/Label/label_Habilitada' is checked

2024-04-08 09:29:46 - [TEST_STEP][PASSED] - delay(3): Delayed 3 second(s)

2024-04-08 09:29:49 - [MESSAGE][PASSED] - Delayed 3 second(s)

2024-04-08 09:29:49 - [TEST_STEP][PASSED] - setText(findTestObject("DIGITURNO/CONFIGURACION/3Jornadas de Atencion/Edicion/input_Nombre"), "Prueba"): Text 'Prueba' is set on object 'Object Repository/DIGITURNO/CONFIGURACION/3Jornadas de Atencion/Edicion/input_Nombre'

2024-04-08 09:29:49 - [MESSAGE][PASSED] - Text 'Prueba' is set on object 'Object Repository/DIGITURNO/CONFIGURACION/3Jornadas de Atencion/Edicion/input_Nombre'

2024-04-08 09:29:49 - [TEST_STEP][PASSED] - setText(findTestObject("DIGITURNO/CONFIGURACION/3Jornadas de Atencion/Edicion/textarea_Descripcion"), "Prueba"): Text 'Prueba' is set on object 'Object Repository/DIGITURNO/CONFIGURACION/3Jornadas de Atencion/Edicion/textarea_Descripcion'

2024-04-08 09:29:50 - [MESSAGE][PASSED] - Text 'Prueba' is set on object 'Object Repository/DIGITURNO/CONFIGURACION/3Jornadas de Atencion/Edicion/textarea_Descripcion'

2024-04-08 09:29:50 - [TEST_STEP][PASSED] - setText(findTestObject("DIGITURNO/CONFIGURACION/3Jornadas de Atencion/Edicion/input_Prioridad"), "9"): Text '9' is set on object 'Object Repository/DIGITURNO/CONFIGURACION/3Jornadas de Atencion/Edicion/input_Prioridad'

2024-04-08 09:29:51 - [MESSAGE][PASSED] - Text '9' is set on object 'Object Repository/DIGITURNO/CONFIGURACION/3Jornadas de Atencion/Edicion/input_Prioridad'

2024-04-08 09:29:51 - [TEST_STEP][PASSED] - setText(findTestObject("DIGITURNO/CONFIGURACION/3Jornadas de Atencion/Edicion/input_Fecha inicio ddmmaaaa"), "12/05/2022"): Text '12/05/2022' is set on object 'Object Repository/DIGITURNO/CONFIGURACION/3Jornadas de Atencion/Edicion/input_Fecha inicio ddmmaaaa'

2024-04-08 09:29:52 - [MESSAGE][PASSED] - Text '12/05/2022' is set on object 'Object Repository/DIGITURNO/CONFIGURACION/3Jornadas de Atencion/Edicion/input_Fecha inicio ddmmaaaa'

2024-04-08 09:29:52 - [TEST_STEP][PASSED] - setText(findTestObject("DIGITURNO/CONFIGURACION/3Jornadas de Atencion/Edicion/input_Fecha Inicio HH"), "08"): Text '08' is set on object 'Object Repository/DIGITURNO/CONFIGURACION/3Jornadas de Atencion/Edicion/input_Fecha Inicio HH'

2024-04-08 09:29:53 - [MESSAGE][PASSED] - Text '08' is set on object 'Object Repository/DIGITURNO/CONFIGURACION/3Jornadas de Atencion/Edicion/input_Fecha Inicio HH'

2024-04-08 09:29:53 - [TEST_STEP][PASSED] - setText(findTestObject("DIGITURNO/CONFIGURACION/3Jornadas de Atencion/Edicion/input_Fecha Inicio MM"), "00"): Text '00' is set on object 'Object Repository/DIGITURNO/CONFIGURACION/3Jornadas de Atencion/Edicion/input_Fecha Inicio MM'

2024-04-08 09:29:54 - [MESSAGE][PASSED] - Text '00' is set on object 'Object Repository/DIGITURNO/CONFIGURACION/3Jornadas de Atencion/Edicion/input_Fecha Inicio MM'

2024-04-08 09:29:54 - [TEST_STEP][PASSED] - delay(3): Delayed 3 second(s)

2024-04-08 09:29:57 - [MESSAGE][PASSED] - Delayed 3 second(s)

2024-04-08 09:29:57 - [TEST_STEP][PASSED] - setText(findTestObject("DIGITURNO/CONFIGURACION/3Jornadas de Atencion/Edicion/input_Fecha fin ddmmaaaa"), "30/06/2022"): Text '30/06/2022' is set on object 'Object Repository/DIGITURNO/CONFIGURACION/3Jornadas de Atencion/Edicion/input_Fecha fin ddmmaaaa'

2024-04-08 09:29:58 - [MESSAGE][PASSED] - Text '30/06/2022' is set on object 'Object Repository/DIGITURNO/CONFIGURACION/3Jornadas de Atencion/Edicion/input_Fecha fin ddmmaaaa'

2024-04-08 09:29:58 - [TEST_STEP][PASSED] - setText(findTestObject("DIGITURNO/CONFIGURACION/3Jornadas de Atencion/Edicion/input_Fecha Fin HH"), "18"): Text '18' is set on object 'Object Repository/DIGITURNO/CONFIGURACION/3Jornadas de Atencion/Edicion/input_Fecha Fin HH'

2024-04-08 09:29:59 - [MESSAGE][PASSED] - Text '18' is set on object 'Object Repository/DIGITURNO/CONFIGURACION/3Jornadas de Atencion/Edicion/input_Fecha Fin HH'

2024-04-08 09:29:59 - [TEST_STEP][PASSED] - setText(findTestObject("DIGITURNO/CONFIGURACION/3Jornadas de Atencion/Edicion/input_Fecha Fin MM"), "00"): Text '00' is set on object 'Object Repository/DIGITURNO/CONFIGURACION/3Jornadas de Atencion/Edicion/input_Fecha Fin MM'

2024-04-08 09:30:00 - [MESSAGE][PASSED] - Text '00' is set on object 'Object Repository/DIGITURNO/CONFIGURACION/3Jornadas de Atencion/Edicion/input_Fecha Fin MM'

2024-04-08 09:30:00 - [TEST_STEP][PASSED] - delay(3): Delayed 3 second(s)

2024-04-08 09:30:03 - [MESSAGE][PASSED] - Delayed 3 second(s)

2024-04-08 09:30:03 - [TEST_STEP][PASSED] - scrollToPosition(0, 700): Browser is scrolled to position x = 0, y = 700

2024-04-08 09:30:03 - [MESSAGE][PASSED] - Browser is scrolled to position x = 0, y = 700

2024-04-08 09:30:03 - [TEST_STEP][PASSED] - click(findTestObject("DIGITURNO/CONFIGURACION/3Jornadas de Atencion/Edicion/Label/label_Semanal")): Object: 'Object Repository/DIGITURNO/CONFIGURACION/3Jornadas de Atencion/Edicion/Label/label_Semanal' is clicked on

2024-04-08 09:30:04 - [MESSAGE][PASSED] - Object: 'Object Repository/DIGITURNO/CONFIGURACION/3Jornadas de Atencion/Edicion/Label/label_Semanal' is clicked on

2024-04-08 09:30:04 - [TEST_STEP][PASSED] - delay(2): Delayed 2 second(s)

2024-04-08 09:30:06 - [MESSAGE][PASSED] - Delayed 2 second(s)

2024-04-08 09:30:06 - [TEST_STEP][PASSED] - check(findTestObject("DIGITURNO/CONFIGURACION/3Jornadas de Atencion/Edicion/Label/label_Semanal(1)/label_lunes")): Object 'Object Repository/DIGITURNO/CONFIGURACION/3Jornadas de Atencion/Edicion/Label/label_Semanal(1)/label_lunes' is checked

2024-04-08 09:30:06 - [MESSAGE][PASSED] - Object 'Object Repository/DIGITURNO/CONFIGURACION/3Jornadas de Atencion/Edicion/Label/label_Semanal(1)/label_lunes' is checked

2024-04-08 09:30:06 - [TEST_STEP][PASSED] - check(findTestObject("DIGITURNO/CONFIGURACION/3Jornadas de Atencion/Edicion/Label/label_Semanal(1)/label_martes")): Object 'Object Repository/DIGITURNO/CONFIGURACION/3Jornadas de Atencion/Edicion/Label/label_Semanal(1)/label_martes' is checked

2024-04-08 09:30:07 - [MESSAGE][PASSED] - Object 'Object Repository/DIGITURNO/CONFIGURACION/3Jornadas de Atencion/Edicion/Label/label_Semanal(1)/label_martes' is checked

2024-04-08 09:30:07 - [TEST_STEP][PASSED] - check(findTestObject("DIGITURNO/CONFIGURACION/3Jornadas de Atencion/Edicion/Label/label_Semanal(1)/label_miercoles")): Object 'Object Repository/DIGITURNO/CONFIGURACION/3Jornadas de Atencion/Edicion/Label/label_Semanal(1)/label_miercoles' is checked

2024-04-08 09:30:07 - [MESSAGE][PASSED] - Object 'Object Repository/DIGITURNO/CONFIGURACION/3Jornadas de Atencion/Edicion/Label/label_Semanal(1)/label_miercoles' is checked

2024-04-08 09:30:07 - [TEST_STEP][PASSED] - check(findTestObject("DIGITURNO/CONFIGURACION/3Jornadas de Atencion/Edicion/Label/label_Semanal(1)/label_jueves")): Object 'Object Repository/DIGITURNO/CONFIGURACION/3Jornadas de Atencion/Edicion/Label/label_Semanal(1)/label_jueves' is checked

2024-04-08 09:30:07 - [MESSAGE][PASSED] - Object 'Object Repository/DIGITURNO/CONFIGURACION/3Jornadas de Atencion/Edicion/Label/label_Semanal(1)/label_jueves' is checked

2024-04-08 09:30:07 - [TEST_STEP][PASSED] - check(findTestObject("DIGITURNO/CONFIGURACION/3Jornadas de Atencion/Edicion/Label/label_Semanal(1)/label_viernes")): Object 'Object Repository/DIGITURNO/CONFIGURACION/3Jornadas de Atencion/Edicion/Label/label_Semanal(1)/label_viernes' is checked

2024-04-08 09:30:08 - [MESSAGE][PASSED] - Object 'Object Repository/DIGITURNO/CONFIGURACION/3Jornadas de Atencion/Edicion/Label/label_Semanal(1)/label_viernes' is checked

2024-04-08 09:30:08 - [TEST_STEP][PASSED] - delay(3): Delayed 3 second(s)

2024-04-08 09:30:11 - [MESSAGE][PASSED] - Delayed 3 second(s)

2024-04-08 09:30:11 - [TEST_STEP][PASSED] - scrollToPosition(0, 0): Browser is scrolled to position x = 0, y = 0

2024-04-08 09:30:11 - [MESSAGE][PASSED] - Browser is scrolled to position x = 0, y = 0

2024-04-08 09:30:11 - [TEST_STEP][PASSED] - click(findTestObject("DIGITURNO/CONFIGURACION/3Jornadas de Atencion/Edicion/img_Nuevo")): Object: 'Object Repository/DIGITURNO/CONFIGURACION/3Jornadas de Atencion/Edicion/img_Nuevo' is clicked on

2024-04-08 09:30:11 - [MESSAGE][PASSED] - Object: 'Object Repository/DIGITURNO/CONFIGURACION/3Jornadas de Atencion/Edicion/img_Nuevo' is clicked on

2024-04-08 09:30:11 - [TEST_STEP][PASSED] - delay(3): Delayed 3 second(s)

2024-04-08 09:30:14 - [MESSAGE][PASSED] - Delayed 3 second(s)

2024-04-08 09:30:14 - [TEST_STEP][PASSED] - takeFullPageScreenshot(): Taking screenshot successfully

2024-04-08 09:30:15 - [MESSAGE][INFO] - 0 hidden object(s)

2024-04-08 09:30:15 - [MESSAGE][PASSED] - Taking screenshot successfully
[[ATTACHMENT|C:\\CIEL INGENIERIA\\Katalon\\Digiturno55\\Reports\\20240408_090839\\DIGITURNO\\BASICO\\31 Jornadas de Atencion Crear Actualizar Eliminar\\20240408_090908\\1712586614838.png]]

2024-04-08 09:30:15 - [TEST_STEP][PASSED] - delay(3): Delayed 3 second(s)

2024-04-08 09:30:18 - [MESSAGE][PASSED] - Delayed 3 second(s)

2024-04-08 09:30:18 - [TEST_STEP][PASSED] - Start listener action : sampleAfterTestCase: null]]></system-out>
         <system-err><![CDATA[]]></system-err>
      </testcase>
      <testcase name="Test Cases/DIGITURNO/BASICO/31 Jornadas de Atencion Actualizar" time="45.523" classname="Test Cases/DIGITURNO/BASICO/31 Jornadas de Atencion Actualizar" status="PASSED">
         <system-out><![CDATA[2024-04-08 09:30:18 - [TEST_CASE][PASSED] - Test Cases/DIGITURNO/BASICO/31 Jornadas de Atencion Actualizar: Test Cases/DIGITURNO/BASICO/31 Jornadas de Atencion Actualizar

2024-04-08 09:30:19 - [TEST_STEP][PASSED] - callTestCase(findTestCase("DIGITURNO/BASICO/3 Configuracion"), [:], STOP_ON_FAILURE): Call Test Case 'Test Cases/DIGITURNO/BASICO/3 Configuracion' successfully

2024-04-08 09:30:19 - [TEST_CASE][PASSED] - Test Cases/DIGITURNO/BASICO/3 Configuracion: Test Cases/DIGITURNO/BASICO/3 Configuracion

2024-04-08 09:30:19 - [TEST_STEP][PASSED] - callTestCase(findTestCase("0InicioSesion"), [:], STOP_ON_FAILURE): Call Test Case 'Test Cases/0InicioSesion' successfully

2024-04-08 09:30:19 - [TEST_CASE][PASSED] - Test Cases/0InicioSesion: Test Cases/0InicioSesion

2024-04-08 09:30:19 - [TEST_STEP][PASSED] - openBrowser(UrlDigiturno): Browser is opened with url: 'https://PCPruebas101.ciel.cielingenieria.com:8910'

2024-04-08 09:30:19 - [MESSAGE][WARNING] - A browser is already opened. Closing browser and opening a new one

2024-04-08 09:30:20 - [MESSAGE][INFO] - Starting 'Chrome' driver

2024-04-08 09:30:20 - [MESSAGE][INFO] - User set preference: ['args', '[--use-fake-ui-for-media-stream, --disable-notifications]']

2024-04-08 09:30:20 - [MESSAGE][INFO] - Action delay is set to 0 milliseconds

2024-04-08 09:30:24 - [MESSAGE][PASSED] - Browser is opened with url: 'https://PCPruebas101.ciel.cielingenieria.com:8910'

2024-04-08 09:30:24 - [TEST_STEP][PASSED] - maximizeWindow(): Current window maximized

2024-04-08 09:30:24 - [MESSAGE][PASSED] - Current window maximized

2024-04-08 09:30:24 - [TEST_STEP][PASSED] - delay(3): Delayed 3 second(s)

2024-04-08 09:30:27 - [MESSAGE][PASSED] - Delayed 3 second(s)

2024-04-08 09:30:27 - [TEST_STEP][PASSED] - setText(findTestObject("0Inicio Sesion/input_Usuario"), "Ciel"): Text 'Ciel' is set on object 'Object Repository/0Inicio Sesion/input_Usuario'

2024-04-08 09:30:28 - [MESSAGE][PASSED] - Text 'Ciel' is set on object 'Object Repository/0Inicio Sesion/input_Usuario'

2024-04-08 09:30:28 - [TEST_STEP][PASSED] - setText(findTestObject("0Inicio Sesion/input_Clave"), "digiturno"): Text 'digiturno' is set on object 'Object Repository/0Inicio Sesion/input_Clave'

2024-04-08 09:30:29 - [MESSAGE][PASSED] - Text 'digiturno' is set on object 'Object Repository/0Inicio Sesion/input_Clave'

2024-04-08 09:30:29 - [TEST_STEP][PASSED] - click(findTestObject("0Inicio Sesion/btn_IniciarSesion")): Object: 'Object Repository/0Inicio Sesion/btn_IniciarSesion' is clicked on

2024-04-08 09:30:29 - [MESSAGE][PASSED] - Object: 'Object Repository/0Inicio Sesion/btn_IniciarSesion' is clicked on

2024-04-08 09:30:29 - [TEST_STEP][PASSED] - delay(3): Delayed 3 second(s)

2024-04-08 09:30:32 - [MESSAGE][PASSED] - Delayed 3 second(s)

2024-04-08 09:30:32 - [MESSAGE][PASSED] - Call Test Case 'Test Cases/0InicioSesion' successfully

2024-04-08 09:30:32 - [TEST_STEP][PASSED] - click(findTestObject("DIGITURNO/1Principal/img_Configuracion(1)")): Object: 'Object Repository/DIGITURNO/1Principal/img_Configuracion(1)' is clicked on

2024-04-08 09:30:33 - [MESSAGE][PASSED] - Object: 'Object Repository/DIGITURNO/1Principal/img_Configuracion(1)' is clicked on

2024-04-08 09:30:33 - [TEST_STEP][PASSED] - delay(3): Delayed 3 second(s)

2024-04-08 09:30:36 - [MESSAGE][PASSED] - Delayed 3 second(s)

2024-04-08 09:30:36 - [TEST_STEP][PASSED] - takeFullPageScreenshot(): Taking screenshot successfully

2024-04-08 09:30:36 - [MESSAGE][INFO] - 0 hidden object(s)

2024-04-08 09:30:36 - [MESSAGE][PASSED] - Taking screenshot successfully
[[ATTACHMENT|C:\\CIEL INGENIERIA\\Katalon\\Digiturno55\\Reports\\20240408_090839\\DIGITURNO\\BASICO\\31 Jornadas de Atencion Crear Actualizar Eliminar\\20240408_090908\\1712586636064.png]]

2024-04-08 09:30:36 - [TEST_STEP][PASSED] - delay(3): Delayed 3 second(s)

2024-04-08 09:30:39 - [MESSAGE][PASSED] - Delayed 3 second(s)

2024-04-08 09:30:39 - [MESSAGE][PASSED] - Call Test Case 'Test Cases/DIGITURNO/BASICO/3 Configuracion' successfully

2024-04-08 09:30:39 - [TEST_STEP][PASSED] - click(findTestObject("DIGITURNO/CONFIGURACION/0Principal/img_3Jornadas de atencion")): Object: 'Object Repository/DIGITURNO/CONFIGURACION/0Principal/img_3Jornadas de atencion' is clicked on

2024-04-08 09:30:40 - [MESSAGE][PASSED] - Object: 'Object Repository/DIGITURNO/CONFIGURACION/0Principal/img_3Jornadas de atencion' is clicked on

2024-04-08 09:30:40 - [TEST_STEP][PASSED] - delay(2): Delayed 2 second(s)

2024-04-08 09:30:42 - [MESSAGE][PASSED] - Delayed 2 second(s)

2024-04-08 09:30:42 - [TEST_STEP][PASSED] - click(findTestObject("DIGITURNO/CONFIGURACION/3Jornadas de Atencion/0Modal Inicial Oficinas/td_1Bogota - CIEL")): Object: 'Object Repository/DIGITURNO/CONFIGURACION/3Jornadas de Atencion/0Modal Inicial Oficinas/td_1Bogota - CIEL' is clicked on

2024-04-08 09:30:42 - [MESSAGE][PASSED] - Object: 'Object Repository/DIGITURNO/CONFIGURACION/3Jornadas de Atencion/0Modal Inicial Oficinas/td_1Bogota - CIEL' is clicked on

2024-04-08 09:30:42 - [TEST_STEP][PASSED] - delay(3): Delayed 3 second(s)

2024-04-08 09:30:45 - [MESSAGE][PASSED] - Delayed 3 second(s)

2024-04-08 09:30:45 - [TEST_STEP][PASSED] - setText(findTestObject("DIGITURNO/CONFIGURACION/3Jornadas de Atencion/Lista de Jornadas/input_TextoABuscar"), "Prueba"): Text 'Prueba' is set on object 'Object Repository/DIGITURNO/CONFIGURACION/3Jornadas de Atencion/Lista de Jornadas/input_TextoABuscar'

2024-04-08 09:30:46 - [MESSAGE][PASSED] - Text 'Prueba' is set on object 'Object Repository/DIGITURNO/CONFIGURACION/3Jornadas de Atencion/Lista de Jornadas/input_TextoABuscar'

2024-04-08 09:30:46 - [TEST_STEP][PASSED] - delay(3): Delayed 3 second(s)

2024-04-08 09:30:49 - [MESSAGE][PASSED] - Delayed 3 second(s)

2024-04-08 09:30:49 - [TEST_STEP][PASSED] - click(findTestObject("DIGITURNO/CONFIGURACION/3Jornadas de Atencion/Lista de Jornadas/td_1 Seleccion Busqueda")): Object: 'Object Repository/DIGITURNO/CONFIGURACION/3Jornadas de Atencion/Lista de Jornadas/td_1 Seleccion Busqueda' is clicked on

2024-04-08 09:30:50 - [MESSAGE][PASSED] - Object: 'Object Repository/DIGITURNO/CONFIGURACION/3Jornadas de Atencion/Lista de Jornadas/td_1 Seleccion Busqueda' is clicked on

2024-04-08 09:30:50 - [TEST_STEP][PASSED] - delay(3): Delayed 3 second(s)

2024-04-08 09:30:53 - [MESSAGE][PASSED] - Delayed 3 second(s)

2024-04-08 09:30:53 - [TEST_STEP][PASSED] - setText(findTestObject("DIGITURNO/CONFIGURACION/3Jornadas de Atencion/Edicion/textarea_Descripcion"), "Prueba Actualizada"): Text 'Prueba Actualizada' is set on object 'Object Repository/DIGITURNO/CONFIGURACION/3Jornadas de Atencion/Edicion/textarea_Descripcion'

2024-04-08 09:30:54 - [MESSAGE][PASSED] - Text 'Prueba Actualizada' is set on object 'Object Repository/DIGITURNO/CONFIGURACION/3Jornadas de Atencion/Edicion/textarea_Descripcion'

2024-04-08 09:30:54 - [TEST_STEP][PASSED] - scrollToElement(findTestObject("DIGITURNO/CONFIGURACION/3Jornadas de Atencion/Edicion/Label/label_Semanal(1)/label_sabado"), 1): Scroll to object 'Object Repository/DIGITURNO/CONFIGURACION/3Jornadas de Atencion/Edicion/Label/label_Semanal(1)/label_sabado' successfully

2024-04-08 09:30:54 - [MESSAGE][PASSED] - Scroll to object 'Object Repository/DIGITURNO/CONFIGURACION/3Jornadas de Atencion/Edicion/Label/label_Semanal(1)/label_sabado' successfully

2024-04-08 09:30:54 - [TEST_STEP][PASSED] - check(findTestObject("DIGITURNO/CONFIGURACION/3Jornadas de Atencion/Edicion/Label/label_Semanal(1)/label_sabado")): Object 'Object Repository/DIGITURNO/CONFIGURACION/3Jornadas de Atencion/Edicion/Label/label_Semanal(1)/label_sabado' is checked

2024-04-08 09:30:55 - [MESSAGE][PASSED] - Object 'Object Repository/DIGITURNO/CONFIGURACION/3Jornadas de Atencion/Edicion/Label/label_Semanal(1)/label_sabado' is checked

2024-04-08 09:30:55 - [TEST_STEP][PASSED] - delay(2): Delayed 2 second(s)

2024-04-08 09:30:57 - [MESSAGE][PASSED] - Delayed 2 second(s)

2024-04-08 09:30:57 - [TEST_STEP][PASSED] - scrollToPosition(0, 0): Browser is scrolled to position x = 0, y = 0

2024-04-08 09:30:57 - [MESSAGE][PASSED] - Browser is scrolled to position x = 0, y = 0

2024-04-08 09:30:57 - [TEST_STEP][PASSED] - click(findTestObject("DIGITURNO/CONFIGURACION/3Jornadas de Atencion/Edicion/img_Actualizar")): Object: 'Object Repository/DIGITURNO/CONFIGURACION/3Jornadas de Atencion/Edicion/img_Actualizar' is clicked on

2024-04-08 09:30:57 - [MESSAGE][PASSED] - Object: 'Object Repository/DIGITURNO/CONFIGURACION/3Jornadas de Atencion/Edicion/img_Actualizar' is clicked on

2024-04-08 09:30:57 - [TEST_STEP][PASSED] - delay(3): Delayed 3 second(s)

2024-04-08 09:31:00 - [MESSAGE][PASSED] - Delayed 3 second(s)

2024-04-08 09:31:00 - [TEST_STEP][PASSED] - takeFullPageScreenshot(): Taking screenshot successfully

2024-04-08 09:31:01 - [MESSAGE][INFO] - 0 hidden object(s)

2024-04-08 09:31:01 - [MESSAGE][PASSED] - Taking screenshot successfully
[[ATTACHMENT|C:\\CIEL INGENIERIA\\Katalon\\Digiturno55\\Reports\\20240408_090839\\DIGITURNO\\BASICO\\31 Jornadas de Atencion Crear Actualizar Eliminar\\20240408_090908\\1712586660495.png]]

2024-04-08 09:31:01 - [TEST_STEP][PASSED] - delay(3): Delayed 3 second(s)

2024-04-08 09:31:04 - [MESSAGE][PASSED] - Delayed 3 second(s)

2024-04-08 09:31:04 - [TEST_STEP][PASSED] - Start listener action : sampleAfterTestCase: null]]></system-out>
         <system-err><![CDATA[]]></system-err>
      </testcase>
      <testcase name="Test Cases/DIGITURNO/BASICO/31 Jornadas de Atencion Eliminar" time="40.661" classname="Test Cases/DIGITURNO/BASICO/31 Jornadas de Atencion Eliminar" status="PASSED">
         <system-out><![CDATA[2024-04-08 09:31:04 - [TEST_CASE][PASSED] - Test Cases/DIGITURNO/BASICO/31 Jornadas de Atencion Eliminar: Test Cases/DIGITURNO/BASICO/31 Jornadas de Atencion Eliminar

2024-04-08 09:31:04 - [TEST_STEP][PASSED] - callTestCase(findTestCase("DIGITURNO/BASICO/3 Configuracion"), [:], STOP_ON_FAILURE): Call Test Case 'Test Cases/DIGITURNO/BASICO/3 Configuracion' successfully

2024-04-08 09:31:04 - [TEST_CASE][PASSED] - Test Cases/DIGITURNO/BASICO/3 Configuracion: Test Cases/DIGITURNO/BASICO/3 Configuracion

2024-04-08 09:31:04 - [TEST_STEP][PASSED] - callTestCase(findTestCase("0InicioSesion"), [:], STOP_ON_FAILURE): Call Test Case 'Test Cases/0InicioSesion' successfully

2024-04-08 09:31:04 - [TEST_CASE][PASSED] - Test Cases/0InicioSesion: Test Cases/0InicioSesion

2024-04-08 09:31:04 - [TEST_STEP][PASSED] - openBrowser(UrlDigiturno): Browser is opened with url: 'https://PCPruebas101.ciel.cielingenieria.com:8910'

2024-04-08 09:31:04 - [MESSAGE][WARNING] - A browser is already opened. Closing browser and opening a new one

2024-04-08 09:31:05 - [MESSAGE][INFO] - Starting 'Chrome' driver

2024-04-08 09:31:05 - [MESSAGE][INFO] - User set preference: ['args', '[--use-fake-ui-for-media-stream, --disable-notifications]']

2024-04-08 09:31:05 - [MESSAGE][INFO] - Action delay is set to 0 milliseconds

2024-04-08 09:31:08 - [MESSAGE][PASSED] - Browser is opened with url: 'https://PCPruebas101.ciel.cielingenieria.com:8910'

2024-04-08 09:31:08 - [TEST_STEP][PASSED] - maximizeWindow(): Current window maximized

2024-04-08 09:31:08 - [MESSAGE][PASSED] - Current window maximized

2024-04-08 09:31:08 - [TEST_STEP][PASSED] - delay(3): Delayed 3 second(s)

2024-04-08 09:31:11 - [MESSAGE][PASSED] - Delayed 3 second(s)

2024-04-08 09:31:11 - [TEST_STEP][PASSED] - setText(findTestObject("0Inicio Sesion/input_Usuario"), "Ciel"): Text 'Ciel' is set on object 'Object Repository/0Inicio Sesion/input_Usuario'

2024-04-08 09:31:12 - [MESSAGE][PASSED] - Text 'Ciel' is set on object 'Object Repository/0Inicio Sesion/input_Usuario'

2024-04-08 09:31:12 - [TEST_STEP][PASSED] - setText(findTestObject("0Inicio Sesion/input_Clave"), "digiturno"): Text 'digiturno' is set on object 'Object Repository/0Inicio Sesion/input_Clave'

2024-04-08 09:31:12 - [MESSAGE][PASSED] - Text 'digiturno' is set on object 'Object Repository/0Inicio Sesion/input_Clave'

2024-04-08 09:31:12 - [TEST_STEP][PASSED] - click(findTestObject("0Inicio Sesion/btn_IniciarSesion")): Object: 'Object Repository/0Inicio Sesion/btn_IniciarSesion' is clicked on

2024-04-08 09:31:13 - [MESSAGE][PASSED] - Object: 'Object Repository/0Inicio Sesion/btn_IniciarSesion' is clicked on

2024-04-08 09:31:13 - [TEST_STEP][PASSED] - delay(3): Delayed 3 second(s)

2024-04-08 09:31:16 - [MESSAGE][PASSED] - Delayed 3 second(s)

2024-04-08 09:31:16 - [MESSAGE][PASSED] - Call Test Case 'Test Cases/0InicioSesion' successfully

2024-04-08 09:31:16 - [TEST_STEP][PASSED] - click(findTestObject("DIGITURNO/1Principal/img_Configuracion(1)")): Object: 'Object Repository/DIGITURNO/1Principal/img_Configuracion(1)' is clicked on

2024-04-08 09:31:16 - [MESSAGE][PASSED] - Object: 'Object Repository/DIGITURNO/1Principal/img_Configuracion(1)' is clicked on

2024-04-08 09:31:16 - [TEST_STEP][PASSED] - delay(3): Delayed 3 second(s)

2024-04-08 09:31:19 - [MESSAGE][PASSED] - Delayed 3 second(s)

2024-04-08 09:31:19 - [TEST_STEP][PASSED] - takeFullPageScreenshot(): Taking screenshot successfully

2024-04-08 09:31:20 - [MESSAGE][INFO] - 0 hidden object(s)

2024-04-08 09:31:20 - [MESSAGE][PASSED] - Taking screenshot successfully
[[ATTACHMENT|C:\\CIEL INGENIERIA\\Katalon\\Digiturno55\\Reports\\20240408_090839\\DIGITURNO\\BASICO\\31 Jornadas de Atencion Crear Actualizar Eliminar\\20240408_090908\\1712586679988.png]]

2024-04-08 09:31:20 - [TEST_STEP][PASSED] - delay(3): Delayed 3 second(s)

2024-04-08 09:31:23 - [MESSAGE][PASSED] - Delayed 3 second(s)

2024-04-08 09:31:23 - [MESSAGE][PASSED] - Call Test Case 'Test Cases/DIGITURNO/BASICO/3 Configuracion' successfully

2024-04-08 09:31:23 - [TEST_STEP][PASSED] - click(findTestObject("DIGITURNO/CONFIGURACION/0Principal/img_3Jornadas de atencion")): Object: 'Object Repository/DIGITURNO/CONFIGURACION/0Principal/img_3Jornadas de atencion' is clicked on

2024-04-08 09:31:24 - [MESSAGE][PASSED] - Object: 'Object Repository/DIGITURNO/CONFIGURACION/0Principal/img_3Jornadas de atencion' is clicked on

2024-04-08 09:31:24 - [TEST_STEP][PASSED] - delay(2): Delayed 2 second(s)

2024-04-08 09:31:26 - [MESSAGE][PASSED] - Delayed 2 second(s)

2024-04-08 09:31:26 - [TEST_STEP][PASSED] - click(findTestObject("DIGITURNO/CONFIGURACION/3Jornadas de Atencion/0Modal Inicial Oficinas/td_1Bogota - CIEL")): Object: 'Object Repository/DIGITURNO/CONFIGURACION/3Jornadas de Atencion/0Modal Inicial Oficinas/td_1Bogota - CIEL' is clicked on

2024-04-08 09:31:27 - [MESSAGE][PASSED] - Object: 'Object Repository/DIGITURNO/CONFIGURACION/3Jornadas de Atencion/0Modal Inicial Oficinas/td_1Bogota - CIEL' is clicked on

2024-04-08 09:31:27 - [TEST_STEP][PASSED] - delay(3): Delayed 3 second(s)

2024-04-08 09:31:30 - [MESSAGE][PASSED] - Delayed 3 second(s)

2024-04-08 09:31:30 - [TEST_STEP][PASSED] - setText(findTestObject("DIGITURNO/CONFIGURACION/3Jornadas de Atencion/Lista de Jornadas/input_TextoABuscar"), "Prueba"): Text 'Prueba' is set on object 'Object Repository/DIGITURNO/CONFIGURACION/3Jornadas de Atencion/Lista de Jornadas/input_TextoABuscar'

2024-04-08 09:31:30 - [MESSAGE][PASSED] - Text 'Prueba' is set on object 'Object Repository/DIGITURNO/CONFIGURACION/3Jornadas de Atencion/Lista de Jornadas/input_TextoABuscar'

2024-04-08 09:31:30 - [TEST_STEP][PASSED] - delay(3): Delayed 3 second(s)

2024-04-08 09:31:33 - [MESSAGE][PASSED] - Delayed 3 second(s)

2024-04-08 09:31:33 - [TEST_STEP][PASSED] - click(findTestObject("DIGITURNO/CONFIGURACION/3Jornadas de Atencion/Lista de Jornadas/td_1 Seleccion Busqueda")): Object: 'Object Repository/DIGITURNO/CONFIGURACION/3Jornadas de Atencion/Lista de Jornadas/td_1 Seleccion Busqueda' is clicked on

2024-04-08 09:31:34 - [MESSAGE][PASSED] - Object: 'Object Repository/DIGITURNO/CONFIGURACION/3Jornadas de Atencion/Lista de Jornadas/td_1 Seleccion Busqueda' is clicked on

2024-04-08 09:31:34 - [TEST_STEP][PASSED] - delay(3): Delayed 3 second(s)

2024-04-08 09:31:37 - [MESSAGE][PASSED] - Delayed 3 second(s)

2024-04-08 09:31:37 - [TEST_STEP][PASSED] - scrollToPosition(0, 0): Browser is scrolled to position x = 0, y = 0

2024-04-08 09:31:37 - [MESSAGE][PASSED] - Browser is scrolled to position x = 0, y = 0

2024-04-08 09:31:37 - [TEST_STEP][PASSED] - click(findTestObject("DIGITURNO/CONFIGURACION/3Jornadas de Atencion/Edicion/img_Eliminar")): Object: 'Object Repository/DIGITURNO/CONFIGURACION/3Jornadas de Atencion/Edicion/img_Eliminar' is clicked on

2024-04-08 09:31:37 - [MESSAGE][PASSED] - Object: 'Object Repository/DIGITURNO/CONFIGURACION/3Jornadas de Atencion/Edicion/img_Eliminar' is clicked on

2024-04-08 09:31:37 - [TEST_STEP][PASSED] - click(findTestObject("DIGITURNO/CONFIGURACION/3Jornadas de Atencion/Edicion/img_Eliminar")): Object: 'Object Repository/DIGITURNO/CONFIGURACION/3Jornadas de Atencion/Edicion/img_Eliminar' is clicked on

2024-04-08 09:31:38 - [MESSAGE][PASSED] - Object: 'Object Repository/DIGITURNO/CONFIGURACION/3Jornadas de Atencion/Edicion/img_Eliminar' is clicked on

2024-04-08 09:31:38 - [TEST_STEP][PASSED] - acceptAlert(): Alert accepted

2024-04-08 09:31:38 - [MESSAGE][PASSED] - Alert accepted

2024-04-08 09:31:38 - [TEST_STEP][PASSED] - delay(3): Delayed 3 second(s)

2024-04-08 09:31:41 - [MESSAGE][PASSED] - Delayed 3 second(s)

2024-04-08 09:31:41 - [TEST_STEP][PASSED] - takeFullPageScreenshot(): Taking screenshot successfully

2024-04-08 09:31:41 - [MESSAGE][INFO] - 0 hidden object(s)

2024-04-08 09:31:41 - [MESSAGE][PASSED] - Taking screenshot successfully
[[ATTACHMENT|C:\\CIEL INGENIERIA\\Katalon\\Digiturno55\\Reports\\20240408_090839\\DIGITURNO\\BASICO\\31 Jornadas de Atencion Crear Actualizar Eliminar\\20240408_090908\\1712586701088.png]]

2024-04-08 09:31:41 - [TEST_STEP][PASSED] - delay(3): Delayed 3 second(s)

2024-04-08 09:31:44 - [MESSAGE][PASSED] - Delayed 3 second(s)

2024-04-08 09:31:44 - [TEST_STEP][PASSED] - Start listener action : sampleAfterTestCase: null]]></system-out>
         <system-err><![CDATA[]]></system-err>
      </testcase>
      <system-out><![CDATA[2024-04-08 09:28:59 - [TEST_SUITE][PASSED] - 31 Jornadas de Atencion Crear Actualizar Eliminar: Test Cases/DIGITURNO/BASICO/31 Jornadas de Atencion Eliminar]]></system-out>
      <system-err><![CDATA[]]></system-err>
   </testsuite>
</testsuites>
