<?xml version="1.0" encoding="UTF-8"?>
<testsuites name="6 Nueva Transaccion Turno" time="64.742" tests="1" failures="0" errors="0">
   <testsuite name="6 Nueva Transaccion Turno" tests="1" failures="0" errors="0" time="64.742" skipped="0" timestamp="2024-04-08 07:59:01" hostname="jdavila - PCPruebas101.ciel.cielingenieria.com" id="Test Suites/DIGITURNO/OPERACION BASICA TERMINAL/6 Nueva Transaccion Turno">
      <properties>
         <property name="deviceName" value=""/>
         <property name="devicePlatform" value=""/>
         <property name="logFolder" value="C:\\CIEL INGENIERIA\\Katalon\\Digiturno55\\Reports\\20240408_075042\\DIGITURNO\\OPERACION BASICA TERMINAL\\6 Nueva Transaccion Turno\\20240408_075055"/>
         <property name="logFiles" value="C:\\CIEL INGENIERIA\\Katalon\\Digiturno55\\Reports\\20240408_075042\\DIGITURNO\\OPERACION BASICA TERMINAL\\6 Nueva Transaccion Turno\\20240408_075055\\execution0.log"/>
         <property name="attachments" value="C:\\CIEL INGENIERIA\\Katalon\\Digiturno55\\Reports\\20240408_075042\\DIGITURNO\\OPERACION BASICA TERMINAL\\6 Nueva Transaccion Turno\\20240408_075055\\1712581155185.png, C:\\CIEL INGENIERIA\\Katalon\\Digiturno55\\Reports\\20240408_075042\\DIGITURNO\\OPERACION BASICA TERMINAL\\6 Nueva Transaccion Turno\\20240408_075055\\1712581196056.png"/>
         <property name="hostName" value="jdavila - PCPruebas101.ciel.cielingenieria.com"/>
         <property name="os" value="Windows 10 64bit"/>
         <property name="katalonVersion" value="8.6.9.208"/>
         <property name="browser" value="Chrome 123.0.0.0"/>
         <property name="hostAddress" value="192.168.0.6"/>
         <property name="sessionId" value="72a915f14a6960ab34641a7b85807ed2"/>
         <property name="seleniumVersion" value="3.141.59"/>
         <property name="proxyInformation" value="ProxyInformation { proxyOption=NO_PROXY, proxyServerType=HTTP, username=, password=********, proxyServerAddress=, proxyServerPort=0, executionList=&quot;&quot;, isApplyToDesiredCapabilities=true }"/>
         <property name="platform" value="Windows 10"/>
      </properties>
      <testcase name="Test Cases/DIGITURNO/OPERACION BASICA TERMINAL/6 Nueva Transaccion Turno" time="64.457" classname="Test Cases/DIGITURNO/OPERACION BASICA TERMINAL/6 Nueva Transaccion Turno" status="PASSED">
         <system-out><![CDATA[2024-04-08 07:59:02 - [TEST_CASE][PASSED] - Test Cases/DIGITURNO/OPERACION BASICA TERMINAL/6 Nueva Transaccion Turno: Test Cases/DIGITURNO/OPERACION BASICA TERMINAL/6 Nueva Transaccion Turno

2024-04-08 07:59:02 - [TEST_STEP][PASSED] - callTestCase(findTestCase("0InicioSesionOperacionBasica"), [:], STOP_ON_FAILURE): Call Test Case 'Test Cases/0InicioSesionOperacionBasica' successfully

2024-04-08 07:59:02 - [TEST_CASE][PASSED] - Test Cases/0InicioSesionOperacionBasica: Test Cases/0InicioSesionOperacionBasica

2024-04-08 07:59:03 - [TEST_STEP][PASSED] - openBrowser(UrlDigiturno): Browser is opened with url: 'https://PCPruebas101.ciel.cielingenieria.com:8910'

2024-04-08 07:59:03 - [MESSAGE][INFO] - Starting 'Chrome' driver

2024-04-08 07:59:03 - [MESSAGE][INFO] - User set preference: ['args', '[--use-fake-ui-for-media-stream, --disable-notifications]']

2024-04-08 07:59:03 - [MESSAGE][INFO] - Action delay is set to 0 milliseconds

2024-04-08 07:59:06 - [MESSAGE][PASSED] - Browser is opened with url: 'https://PCPruebas101.ciel.cielingenieria.com:8910'

2024-04-08 07:59:06 - [TEST_STEP][PASSED] - maximizeWindow(): Current window maximized

2024-04-08 07:59:07 - [MESSAGE][PASSED] - Current window maximized

2024-04-08 07:59:07 - [TEST_STEP][PASSED] - delay(3): Delayed 3 second(s)

2024-04-08 07:59:10 - [MESSAGE][PASSED] - Delayed 3 second(s)

2024-04-08 07:59:10 - [TEST_STEP][PASSED] - setText(findTestObject("0Inicio Sesion/input_Usuario"), "Ciel"): Text 'Ciel' is set on object 'Object Repository/0Inicio Sesion/input_Usuario'

2024-04-08 07:59:10 - [MESSAGE][PASSED] - Text 'Ciel' is set on object 'Object Repository/0Inicio Sesion/input_Usuario'

2024-04-08 07:59:10 - [TEST_STEP][PASSED] - setText(findTestObject("0Inicio Sesion/input_Clave"), "digiturno"): Text 'digiturno' is set on object 'Object Repository/0Inicio Sesion/input_Clave'

2024-04-08 07:59:11 - [MESSAGE][PASSED] - Text 'digiturno' is set on object 'Object Repository/0Inicio Sesion/input_Clave'

2024-04-08 07:59:11 - [TEST_STEP][PASSED] - click(findTestObject("0Inicio Sesion/btn_IniciarSesion")): Object: 'Object Repository/0Inicio Sesion/btn_IniciarSesion' is clicked on

2024-04-08 07:59:12 - [MESSAGE][PASSED] - Object: 'Object Repository/0Inicio Sesion/btn_IniciarSesion' is clicked on

2024-04-08 07:59:12 - [TEST_STEP][PASSED] - delay(3): Delayed 3 second(s)

2024-04-08 07:59:15 - [MESSAGE][PASSED] - Delayed 3 second(s)

2024-04-08 07:59:15 - [TEST_STEP][PASSED] - takeFullPageScreenshot(): Taking screenshot successfully

2024-04-08 07:59:15 - [MESSAGE][INFO] - 0 hidden object(s)

2024-04-08 07:59:15 - [MESSAGE][PASSED] - Taking screenshot successfully
[[ATTACHMENT|C:\\CIEL INGENIERIA\\Katalon\\Digiturno55\\Reports\\20240408_075042\\DIGITURNO\\OPERACION BASICA TERMINAL\\6 Nueva Transaccion Turno\\20240408_075055\\1712581155185.png]]

2024-04-08 07:59:15 - [TEST_STEP][PASSED] - delay(3): Delayed 3 second(s)

2024-04-08 07:59:18 - [MESSAGE][PASSED] - Delayed 3 second(s)

2024-04-08 07:59:18 - [MESSAGE][PASSED] - Call Test Case 'Test Cases/0InicioSesionOperacionBasica' successfully

2024-04-08 07:59:18 - [TEST_STEP][PASSED] - click(findTestObject("DIGITURNO/1Principal/img_Operacion(1)")): Object: 'Object Repository/DIGITURNO/1Principal/img_Operacion(1)' is clicked on

2024-04-08 07:59:19 - [MESSAGE][PASSED] - Object: 'Object Repository/DIGITURNO/1Principal/img_Operacion(1)' is clicked on

2024-04-08 07:59:19 - [TEST_STEP][PASSED] - delay(3): Delayed 3 second(s)

2024-04-08 07:59:22 - [MESSAGE][PASSED] - Delayed 3 second(s)

2024-04-08 07:59:22 - [TEST_STEP][PASSED] - click(findTestObject("DIGITURNO/OPERACION/0Principal/Elementos del Sistema/img_Terminales")): Object: 'Object Repository/DIGITURNO/OPERACION/0Principal/Elementos del Sistema/img_Terminales' is clicked on

2024-04-08 07:59:23 - [MESSAGE][PASSED] - Object: 'Object Repository/DIGITURNO/OPERACION/0Principal/Elementos del Sistema/img_Terminales' is clicked on

2024-04-08 07:59:23 - [TEST_STEP][PASSED] - delay(3): Delayed 3 second(s)

2024-04-08 07:59:26 - [MESSAGE][PASSED] - Delayed 3 second(s)

2024-04-08 07:59:26 - [TEST_STEP][PASSED] - click(findTestObject("DIGITURNO/OPERACION/2Terminales/0Oficinas/td_1Bogota - CIEL")): Object: 'Object Repository/DIGITURNO/OPERACION/2Terminales/0Oficinas/td_1Bogota - CIEL' is clicked on

2024-04-08 07:59:26 - [MESSAGE][PASSED] - Object: 'Object Repository/DIGITURNO/OPERACION/2Terminales/0Oficinas/td_1Bogota - CIEL' is clicked on

2024-04-08 07:59:26 - [TEST_STEP][PASSED] - delay(3): Delayed 3 second(s)

2024-04-08 07:59:29 - [MESSAGE][PASSED] - Delayed 3 second(s)

2024-04-08 07:59:29 - [TEST_STEP][PASSED] - click(findTestObject("DIGITURNO/OPERACION/2Terminales/0Terminales (Menos WorkFlow)/td_1 - Terminal - Informacion")): Object: 'Object Repository/DIGITURNO/OPERACION/2Terminales/0Terminales (Menos WorkFlow)/td_1 - Terminal - Informacion' is clicked on

2024-04-08 07:59:30 - [MESSAGE][PASSED] - Object: 'Object Repository/DIGITURNO/OPERACION/2Terminales/0Terminales (Menos WorkFlow)/td_1 - Terminal - Informacion' is clicked on

2024-04-08 07:59:30 - [TEST_STEP][PASSED] - switchToWindowIndex(1): Switched to window with index: '1'

2024-04-08 07:59:30 - [MESSAGE][PASSED] - Switched to window with index: '1'

2024-04-08 07:59:30 - [TEST_STEP][PASSED] - delay(3): Delayed 3 second(s)

2024-04-08 07:59:33 - [MESSAGE][PASSED] - Delayed 3 second(s)

2024-04-08 07:59:33 - [TEST_STEP][PASSED] - click(findTestObject("DIGITURNO/OPERACION/2Terminales/Terminal/img_Llamar")): Object: 'Object Repository/DIGITURNO/OPERACION/2Terminales/Terminal/img_Llamar' is clicked on

2024-04-08 07:59:33 - [MESSAGE][PASSED] - Object: 'Object Repository/DIGITURNO/OPERACION/2Terminales/Terminal/img_Llamar' is clicked on

2024-04-08 07:59:33 - [TEST_STEP][PASSED] - delay(3): Delayed 3 second(s)

2024-04-08 07:59:36 - [MESSAGE][PASSED] - Delayed 3 second(s)

2024-04-08 07:59:36 - [TEST_STEP][PASSED] - click(findTestObject("DIGITURNO/OPERACION/2Terminales/Terminal/img_Ocupado")): Object: 'Object Repository/DIGITURNO/OPERACION/2Terminales/Terminal/img_Ocupado' is clicked on

2024-04-08 07:59:37 - [MESSAGE][PASSED] - Object: 'Object Repository/DIGITURNO/OPERACION/2Terminales/Terminal/img_Ocupado' is clicked on

2024-04-08 07:59:37 - [TEST_STEP][PASSED] - delay(3): Delayed 3 second(s)

2024-04-08 07:59:40 - [MESSAGE][PASSED] - Delayed 3 second(s)

2024-04-08 07:59:40 - [TEST_STEP][PASSED] - click(findTestObject("DIGITURNO/OPERACION/2Terminales/Terminal/img_Ocupado(1)/a_1Actualizacion de Datos")): Object: 'Object Repository/DIGITURNO/OPERACION/2Terminales/Terminal/img_Ocupado(1)/a_1Actualizacion de Datos' is clicked on

2024-04-08 07:59:41 - [MESSAGE][PASSED] - Object: 'Object Repository/DIGITURNO/OPERACION/2Terminales/Terminal/img_Ocupado(1)/a_1Actualizacion de Datos' is clicked on

2024-04-08 07:59:41 - [TEST_STEP][PASSED] - delay(3): Delayed 3 second(s)

2024-04-08 07:59:44 - [MESSAGE][PASSED] - Delayed 3 second(s)

2024-04-08 07:59:44 - [TEST_STEP][PASSED] - click(findTestObject("DIGITURNO/OPERACION/2Terminales/Terminal/img_Nueva Transaccion")): Object: 'Object Repository/DIGITURNO/OPERACION/2Terminales/Terminal/img_Nueva Transaccion' is clicked on

2024-04-08 07:59:45 - [MESSAGE][PASSED] - Object: 'Object Repository/DIGITURNO/OPERACION/2Terminales/Terminal/img_Nueva Transaccion' is clicked on

2024-04-08 07:59:45 - [TEST_STEP][PASSED] - delay(3): Delayed 3 second(s)

2024-04-08 07:59:48 - [MESSAGE][PASSED] - Delayed 3 second(s)

2024-04-08 07:59:48 - [TEST_STEP][PASSED] - click(findTestObject("DIGITURNO/OPERACION/2Terminales/Terminal/img_Nueva Transaccion(1)/a_3Radicaciones General")): Object: 'Object Repository/DIGITURNO/OPERACION/2Terminales/Terminal/img_Nueva Transaccion(1)/a_3Radicaciones General' is clicked on

2024-04-08 07:59:49 - [MESSAGE][PASSED] - Object: 'Object Repository/DIGITURNO/OPERACION/2Terminales/Terminal/img_Nueva Transaccion(1)/a_3Radicaciones General' is clicked on

2024-04-08 07:59:49 - [TEST_STEP][PASSED] - delay(3): Delayed 3 second(s)

2024-04-08 07:59:52 - [MESSAGE][PASSED] - Delayed 3 second(s)

2024-04-08 07:59:52 - [TEST_STEP][PASSED] - click(findTestObject("DIGITURNO/OPERACION/2Terminales/Terminal/img_Nueva Transaccion(1)/img_Nueva Transaccion(2)/a_2")): Object: 'Object Repository/DIGITURNO/OPERACION/2Terminales/Terminal/img_Nueva Transaccion(1)/img_Nueva Transaccion(2)/a_2' is clicked on

2024-04-08 07:59:53 - [MESSAGE][PASSED] - Object: 'Object Repository/DIGITURNO/OPERACION/2Terminales/Terminal/img_Nueva Transaccion(1)/img_Nueva Transaccion(2)/a_2' is clicked on

2024-04-08 07:59:53 - [TEST_STEP][PASSED] - delay(3): Delayed 3 second(s)

2024-04-08 07:59:56 - [MESSAGE][PASSED] - Delayed 3 second(s)

2024-04-08 07:59:56 - [TEST_STEP][PASSED] - takeFullPageScreenshot(): Taking screenshot successfully

2024-04-08 07:59:56 - [MESSAGE][INFO] - 0 hidden object(s)

2024-04-08 07:59:56 - [MESSAGE][PASSED] - Taking screenshot successfully
[[ATTACHMENT|C:\\CIEL INGENIERIA\\Katalon\\Digiturno55\\Reports\\20240408_075042\\DIGITURNO\\OPERACION BASICA TERMINAL\\6 Nueva Transaccion Turno\\20240408_075055\\1712581196056.png]]

2024-04-08 07:59:56 - [TEST_STEP][PASSED] - delay(3): Delayed 3 second(s)

2024-04-08 07:59:59 - [MESSAGE][PASSED] - Delayed 3 second(s)

2024-04-08 07:59:59 - [TEST_STEP][PASSED] - click(findTestObject("DIGITURNO/OPERACION/2Terminales/Terminal/img_Cerrar")): Object: 'Object Repository/DIGITURNO/OPERACION/2Terminales/Terminal/img_Cerrar' is clicked on

2024-04-08 08:00:00 - [MESSAGE][PASSED] - Object: 'Object Repository/DIGITURNO/OPERACION/2Terminales/Terminal/img_Cerrar' is clicked on

2024-04-08 08:00:00 - [TEST_STEP][PASSED] - delay(3): Delayed 3 second(s)

2024-04-08 08:00:03 - [MESSAGE][PASSED] - Delayed 3 second(s)

2024-04-08 08:00:03 - [TEST_STEP][PASSED] - click(findTestObject("DIGITURNO/OPERACION/2Terminales/Terminal/img_Cerrar(1)/btn_4FindeJornada_8")): Object: 'Object Repository/DIGITURNO/OPERACION/2Terminales/Terminal/img_Cerrar(1)/btn_4FindeJornada_8' is clicked on

2024-04-08 08:00:03 - [MESSAGE][PASSED] - Object: 'Object Repository/DIGITURNO/OPERACION/2Terminales/Terminal/img_Cerrar(1)/btn_4FindeJornada_8' is clicked on

2024-04-08 08:00:03 - [TEST_STEP][PASSED] - delay(3): Delayed 3 second(s)

2024-04-08 08:00:06 - [MESSAGE][PASSED] - Delayed 3 second(s)

2024-04-08 08:00:06 - [TEST_STEP][PASSED] - Start listener action : sampleAfterTestCase: null]]></system-out>
         <system-err><![CDATA[]]></system-err>
      </testcase>
      <system-out><![CDATA[2024-04-08 07:59:01 - [TEST_SUITE][PASSED] - 6 Nueva Transaccion Turno: Test Cases/DIGITURNO/OPERACION BASICA TERMINAL/6 Nueva Transaccion Turno]]></system-out>
      <system-err><![CDATA[]]></system-err>
   </testsuite>
</testsuites>
