<?xml version="1.0" encoding="UTF-8"?>
<testsuites name="4 Atencion Turno en Navegador Cliente" time="111.923" tests="1" failures="0" errors="0">
   <testsuite name="4 Atencion Turno en Navegador Cliente" tests="1" failures="0" errors="0" time="111.923" skipped="0" timestamp="2023-08-31 10:29:22" hostname="jdavila - PCPruebas101.ciel.cielingenieria.com" id="Test Suites/VIDEO ATENCION/4 Atencion Turno en Navegador Cliente">
      <properties>
         <property name="deviceName" value=""/>
         <property name="devicePlatform" value=""/>
         <property name="logFolder" value="C:\\CIEL INGENIERIA\\Katalon\\Digiturno55\\Reports\\20230831_102914\\VIDEO ATENCION\\4 Atencion Turno en Navegador Cliente\\20230831_102914"/>
         <property name="logFiles" value="C:\\CIEL INGENIERIA\\Katalon\\Digiturno55\\Reports\\20230831_102914\\VIDEO ATENCION\\4 Atencion Turno en Navegador Cliente\\20230831_102914\\execution0.log"/>
         <property name="attachments" value="C:\\CIEL INGENIERIA\\Katalon\\Digiturno55\\Reports\\20230831_102914\\VIDEO ATENCION\\4 Atencion Turno en Navegador Cliente\\20230831_102914\\1693495811088.png, C:\\CIEL INGENIERIA\\Katalon\\Digiturno55\\Reports\\20230831_102914\\VIDEO ATENCION\\4 Atencion Turno en Navegador Cliente\\20230831_102914\\1693495817055.png, C:\\CIEL INGENIERIA\\Katalon\\Digiturno55\\Reports\\20230831_102914\\VIDEO ATENCION\\4 Atencion Turno en Navegador Cliente\\20230831_102914\\1693495852787.png, C:\\CIEL INGENIERIA\\Katalon\\Digiturno55\\Reports\\20230831_102914\\VIDEO ATENCION\\4 Atencion Turno en Navegador Cliente\\20230831_102914\\1693495860031.png"/>
         <property name="hostName" value="jdavila - PCPruebas101.ciel.cielingenieria.com"/>
         <property name="os" value="Windows 10 64bit"/>
         <property name="katalonVersion" value="8.6.6.208"/>
         <property name="browser" value="Chrome 116.0.0.0"/>
         <property name="hostAddress" value="192.168.0.5"/>
         <property name="sessionId" value="3d5d4cee4bd28ccb5f915e9ebacbc600"/>
         <property name="seleniumVersion" value="3.141.59"/>
         <property name="proxyInformation" value="ProxyInformation { proxyOption=NO_PROXY, proxyServerType=HTTP, username=, password=********, proxyServerAddress=, proxyServerPort=0, executionList=&quot;&quot;, isApplyToDesiredCapabilities=true }"/>
         <property name="platform" value="Windows 10"/>
      </properties>
      <testcase name="Test Cases/VIDEO ATENCION/4 Atencion Turno en Navegador Cliente" time="111.581" classname="Test Cases/VIDEO ATENCION/4 Atencion Turno en Navegador Cliente" status="PASSED">
         <system-out><![CDATA[2023-08-31 10:29:22 - [TEST_CASE][PASSED] - Test Cases/VIDEO ATENCION/4 Atencion Turno en Navegador Cliente: Test Cases/VIDEO ATENCION/4 Atencion Turno en Navegador Cliente

2023-08-31 10:29:23 - [TEST_STEP][PASSED] - openBrowser(UrlDigiturno): Browser is opened with url: 'https://PCPruebas101.ciel.cielingenieria.com:8610'

2023-08-31 10:29:23 - [MESSAGE][INFO] - Starting 'Chrome' driver

2023-08-31 10:29:23 - [MESSAGE][INFO] - User set preference: ['args', '[--use-fake-ui-for-media-stream, --disable-notifications]']

2023-08-31 10:29:23 - [MESSAGE][INFO] - Action delay is set to 0 milliseconds

2023-08-31 10:29:27 - [MESSAGE][PASSED] - Browser is opened with url: 'https://PCPruebas101.ciel.cielingenieria.com:8610'

2023-08-31 10:29:27 - [TEST_STEP][PASSED] - maximizeWindow(): Current window maximized

2023-08-31 10:29:27 - [MESSAGE][PASSED] - Current window maximized

2023-08-31 10:29:27 - [TEST_STEP][PASSED] - delay(3): Delayed 3 second(s)

2023-08-31 10:29:30 - [MESSAGE][PASSED] - Delayed 3 second(s)

2023-08-31 10:29:30 - [TEST_STEP][PASSED] - setText(findTestObject("0Inicio Sesion/input_Usuario"), "ciel"): Text 'ciel' is set on object 'Object Repository/0Inicio Sesion/input_Usuario'

2023-08-31 10:29:31 - [MESSAGE][PASSED] - Text 'ciel' is set on object 'Object Repository/0Inicio Sesion/input_Usuario'

2023-08-31 10:29:31 - [TEST_STEP][PASSED] - setText(findTestObject("0Inicio Sesion/input_Clave"), "digiturno"): Text 'digiturno' is set on object 'Object Repository/0Inicio Sesion/input_Clave'

2023-08-31 10:29:32 - [MESSAGE][PASSED] - Text 'digiturno' is set on object 'Object Repository/0Inicio Sesion/input_Clave'

2023-08-31 10:29:32 - [TEST_STEP][PASSED] - click(findTestObject("0Inicio Sesion/btn_IniciarSesion")): Object: 'Object Repository/0Inicio Sesion/btn_IniciarSesion' is clicked on

2023-08-31 10:29:33 - [MESSAGE][PASSED] - Object: 'Object Repository/0Inicio Sesion/btn_IniciarSesion' is clicked on

2023-08-31 10:29:33 - [TEST_STEP][PASSED] - delay(3): Delayed 3 second(s)

2023-08-31 10:29:36 - [MESSAGE][PASSED] - Delayed 3 second(s)

2023-08-31 10:29:36 - [TEST_STEP][PASSED] - click(findTestObject("DIGITURNO/1Principal/img_Operacion(1)")): Object: 'Object Repository/DIGITURNO/1Principal/img_Operacion(1)' is clicked on

2023-08-31 10:29:41 - [MESSAGE][PASSED] - Object: 'Object Repository/DIGITURNO/1Principal/img_Operacion(1)' is clicked on

2023-08-31 10:29:41 - [TEST_STEP][PASSED] - click(findTestObject("DIGITURNO/OPERACION/0Principal/Elementos del Sistema/img_Terminales")): Object: 'Object Repository/DIGITURNO/OPERACION/0Principal/Elementos del Sistema/img_Terminales' is clicked on

2023-08-31 10:29:43 - [MESSAGE][PASSED] - Object: 'Object Repository/DIGITURNO/OPERACION/0Principal/Elementos del Sistema/img_Terminales' is clicked on

2023-08-31 10:29:43 - [TEST_STEP][PASSED] - click(findTestObject("DIGITURNO/OPERACION/2Terminales/0Oficinas/td_2Cali - Chipichape")): Object: 'Object Repository/DIGITURNO/OPERACION/2Terminales/0Oficinas/td_2Cali - Chipichape' is clicked on

2023-08-31 10:29:43 - [MESSAGE][PASSED] - Object: 'Object Repository/DIGITURNO/OPERACION/2Terminales/0Oficinas/td_2Cali - Chipichape' is clicked on

2023-08-31 10:29:43 - [TEST_STEP][PASSED] - delay(2): Delayed 2 second(s)

2023-08-31 10:29:45 - [MESSAGE][PASSED] - Delayed 2 second(s)

2023-08-31 10:29:45 - [TEST_STEP][PASSED] - click(findTestObject("DIGITURNO/OPERACION/2Terminales/0Terminales (Menos WorkFlow)/td_1 - Terminal - Informacion")): Object: 'Object Repository/DIGITURNO/OPERACION/2Terminales/0Terminales (Menos WorkFlow)/td_1 - Terminal - Informacion' is clicked on

2023-08-31 10:29:46 - [MESSAGE][PASSED] - Object: 'Object Repository/DIGITURNO/OPERACION/2Terminales/0Terminales (Menos WorkFlow)/td_1 - Terminal - Informacion' is clicked on

2023-08-31 10:29:46 - [TEST_STEP][PASSED] - delay(3): Delayed 3 second(s)

2023-08-31 10:29:49 - [MESSAGE][PASSED] - Delayed 3 second(s)

2023-08-31 10:29:49 - [TEST_STEP][PASSED] - navigateToUrl(UrlVideoAtencion): Navigate to 'https://PCPruebas101.ciel.cielingenieria.com:8802/videoatencion.html?conf=selector1' successfully

2023-08-31 10:29:51 - [MESSAGE][PASSED] - Navigate to 'https://PCPruebas101.ciel.cielingenieria.com:8802/videoatencion.html?conf=selector1' successfully

2023-08-31 10:29:51 - [TEST_STEP][PASSED] - waitForElementClickable(findTestObject("VIDEO ATENCION/Cliente/0btn_Solicitar Video Atencion"), 5): Object 'Object Repository/VIDEO ATENCION/Cliente/0btn_Solicitar Video Atencion' is clickable

2023-08-31 10:29:56 - [MESSAGE][PASSED] - Object 'Object Repository/VIDEO ATENCION/Cliente/0btn_Solicitar Video Atencion' is clickable

2023-08-31 10:29:56 - [TEST_STEP][PASSED] - click(findTestObject("VIDEO ATENCION/Cliente/0btn_Solicitar Video Atencion")): Object: 'Object Repository/VIDEO ATENCION/Cliente/0btn_Solicitar Video Atencion' is clicked on

2023-08-31 10:29:56 - [MESSAGE][PASSED] - Object: 'Object Repository/VIDEO ATENCION/Cliente/0btn_Solicitar Video Atencion' is clicked on

2023-08-31 10:29:56 - [TEST_STEP][PASSED] - delay(3): Delayed 3 second(s)

2023-08-31 10:29:59 - [MESSAGE][PASSED] - Delayed 3 second(s)

2023-08-31 10:29:59 - [TEST_STEP][PASSED] - selectOptionByIndex(findTestObject("VIDEO ATENCION/Cliente/select_Tipo Identificacion"), 1): All options with index in [1] are selected on object 'Object Repository/VIDEO ATENCION/Cliente/select_Tipo Identificacion'

2023-08-31 10:30:01 - [MESSAGE][PASSED] - All options with index in [1] are selected on object 'Object Repository/VIDEO ATENCION/Cliente/select_Tipo Identificacion'

2023-08-31 10:30:01 - [TEST_STEP][PASSED] - setText(findTestObject("VIDEO ATENCION/Cliente/input_Identificacion"), "636711"): Text '636711' is set on object 'Object Repository/VIDEO ATENCION/Cliente/input_Identificacion'

2023-08-31 10:30:02 - [MESSAGE][PASSED] - Text '636711' is set on object 'Object Repository/VIDEO ATENCION/Cliente/input_Identificacion'

2023-08-31 10:30:02 - [TEST_STEP][PASSED] - setText(findTestObject("VIDEO ATENCION/Cliente/input_NombreCompleto"), "Jaime Enrique Davila Zuazo"): Text 'Jaime Enrique Davila Zuazo' is set on object 'Object Repository/VIDEO ATENCION/Cliente/input_NombreCompleto'

2023-08-31 10:30:03 - [MESSAGE][PASSED] - Text 'Jaime Enrique Davila Zuazo' is set on object 'Object Repository/VIDEO ATENCION/Cliente/input_NombreCompleto'

2023-08-31 10:30:03 - [TEST_STEP][PASSED] - setText(findTestObject("VIDEO ATENCION/Cliente/input_Primer Nombre"), "Jaime"): Text 'Jaime' is set on object 'Object Repository/VIDEO ATENCION/Cliente/input_Primer Nombre'

2023-08-31 10:30:04 - [MESSAGE][PASSED] - Text 'Jaime' is set on object 'Object Repository/VIDEO ATENCION/Cliente/input_Primer Nombre'

2023-08-31 10:30:04 - [TEST_STEP][PASSED] - setText(findTestObject("VIDEO ATENCION/Cliente/input_Segundo Nombre"), "Enrique"): Text 'Enrique' is set on object 'Object Repository/VIDEO ATENCION/Cliente/input_Segundo Nombre'

2023-08-31 10:30:05 - [MESSAGE][PASSED] - Text 'Enrique' is set on object 'Object Repository/VIDEO ATENCION/Cliente/input_Segundo Nombre'

2023-08-31 10:30:05 - [TEST_STEP][PASSED] - setText(findTestObject("VIDEO ATENCION/Cliente/input_Primer Apellido"), "Davila"): Text 'Davila' is set on object 'Object Repository/VIDEO ATENCION/Cliente/input_Primer Apellido'

2023-08-31 10:30:06 - [MESSAGE][PASSED] - Text 'Davila' is set on object 'Object Repository/VIDEO ATENCION/Cliente/input_Primer Apellido'

2023-08-31 10:30:06 - [TEST_STEP][PASSED] - setText(findTestObject("VIDEO ATENCION/Cliente/input_Segundo Apellido"), "Zuazo"): Text 'Zuazo' is set on object 'Object Repository/VIDEO ATENCION/Cliente/input_Segundo Apellido'

2023-08-31 10:30:08 - [MESSAGE][PASSED] - Text 'Zuazo' is set on object 'Object Repository/VIDEO ATENCION/Cliente/input_Segundo Apellido'

2023-08-31 10:30:08 - [TEST_STEP][PASSED] - setText(findTestObject("VIDEO ATENCION/Cliente/input_Celular"), "3194159302"): Text '3194159302' is set on object 'Object Repository/VIDEO ATENCION/Cliente/input_Celular'

2023-08-31 10:30:09 - [MESSAGE][PASSED] - Text '3194159302' is set on object 'Object Repository/VIDEO ATENCION/Cliente/input_Celular'

2023-08-31 10:30:09 - [TEST_STEP][PASSED] - setText(findTestObject("VIDEO ATENCION/Cliente/input_Correo"), "edavilaz@gmail.com"): Text 'edavilaz@gmail.com' is set on object 'Object Repository/VIDEO ATENCION/Cliente/input_Correo'

2023-08-31 10:30:10 - [MESSAGE][PASSED] - Text 'edavilaz@gmail.com' is set on object 'Object Repository/VIDEO ATENCION/Cliente/input_Correo'

2023-08-31 10:30:10 - [TEST_STEP][PASSED] - setText(findTestObject("VIDEO ATENCION/Cliente/input_Confirme Correo"), "edavilaz@gmail.com"): Text 'edavilaz@gmail.com' is set on object 'Object Repository/VIDEO ATENCION/Cliente/input_Confirme Correo'

2023-08-31 10:30:11 - [MESSAGE][PASSED] - Text 'edavilaz@gmail.com' is set on object 'Object Repository/VIDEO ATENCION/Cliente/input_Confirme Correo'

2023-08-31 10:30:11 - [TEST_STEP][PASSED] - takeFullPageScreenshot(): Taking screenshot successfully

2023-08-31 10:30:12 - [MESSAGE][INFO] - 0 hidden object(s)

2023-08-31 10:30:12 - [MESSAGE][PASSED] - Taking screenshot successfully
[[ATTACHMENT|C:\\CIEL INGENIERIA\\Katalon\\Digiturno55\\Reports\\20230831_102914\\VIDEO ATENCION\\4 Atencion Turno en Navegador Cliente\\20230831_102914\\1693495811088.png]]

2023-08-31 10:30:12 - [TEST_STEP][PASSED] - scrollToElement(findTestObject("VIDEO ATENCION/Cliente/img_Continuar (Guarda Cliente)"), 2): Scroll to object 'Object Repository/VIDEO ATENCION/Cliente/img_Continuar (Guarda Cliente)' successfully

2023-08-31 10:30:13 - [MESSAGE][PASSED] - Scroll to object 'Object Repository/VIDEO ATENCION/Cliente/img_Continuar (Guarda Cliente)' successfully

2023-08-31 10:30:13 - [TEST_STEP][PASSED] - click(findTestObject("VIDEO ATENCION/Cliente/img_Continuar (Guarda Cliente)")): Object: 'Object Repository/VIDEO ATENCION/Cliente/img_Continuar (Guarda Cliente)' is clicked on

2023-08-31 10:30:14 - [MESSAGE][PASSED] - Object: 'Object Repository/VIDEO ATENCION/Cliente/img_Continuar (Guarda Cliente)' is clicked on

2023-08-31 10:30:14 - [TEST_STEP][PASSED] - delay(3): Delayed 3 second(s)

2023-08-31 10:30:17 - [MESSAGE][PASSED] - Delayed 3 second(s)

2023-08-31 10:30:17 - [TEST_STEP][PASSED] - takeFullPageScreenshot(): Taking screenshot successfully

2023-08-31 10:30:17 - [MESSAGE][INFO] - 0 hidden object(s)

2023-08-31 10:30:17 - [MESSAGE][PASSED] - Taking screenshot successfully
[[ATTACHMENT|C:\\CIEL INGENIERIA\\Katalon\\Digiturno55\\Reports\\20230831_102914\\VIDEO ATENCION\\4 Atencion Turno en Navegador Cliente\\20230831_102914\\1693495817055.png]]

2023-08-31 10:30:17 - [TEST_STEP][PASSED] - delay(3): Delayed 3 second(s)

2023-08-31 10:30:20 - [MESSAGE][PASSED] - Delayed 3 second(s)

2023-08-31 10:30:20 - [TEST_STEP][PASSED] - switchToWindowIndex(1): Switched to window with index: '1'

2023-08-31 10:30:20 - [MESSAGE][PASSED] - Switched to window with index: '1'

2023-08-31 10:30:20 - [TEST_STEP][PASSED] - maximizeWindow(): Current window maximized

2023-08-31 10:30:21 - [MESSAGE][PASSED] - Current window maximized

2023-08-31 10:30:21 - [TEST_STEP][PASSED] - delay(3): Delayed 3 second(s)

2023-08-31 10:30:24 - [MESSAGE][PASSED] - Delayed 3 second(s)

2023-08-31 10:30:24 - [TEST_STEP][PASSED] - click(findTestObject("DIGITURNO/OPERACION/2Terminales/Terminal/img_Llamar")): Object: 'Object Repository/DIGITURNO/OPERACION/2Terminales/Terminal/img_Llamar' is clicked on

2023-08-31 10:30:25 - [MESSAGE][PASSED] - Object: 'Object Repository/DIGITURNO/OPERACION/2Terminales/Terminal/img_Llamar' is clicked on

2023-08-31 10:30:25 - [TEST_STEP][PASSED] - delay(3): Delayed 3 second(s)

2023-08-31 10:30:28 - [MESSAGE][PASSED] - Delayed 3 second(s)

2023-08-31 10:30:28 - [TEST_STEP][PASSED] - click(findTestObject("DIGITURNO/OPERACION/2Terminales/Terminal/img_Ocupado")): Object: 'Object Repository/DIGITURNO/OPERACION/2Terminales/Terminal/img_Ocupado' is clicked on

2023-08-31 10:30:41 - [MESSAGE][PASSED] - Object: 'Object Repository/DIGITURNO/OPERACION/2Terminales/Terminal/img_Ocupado' is clicked on

2023-08-31 10:30:41 - [TEST_STEP][PASSED] - delay(3): Delayed 3 second(s)

2023-08-31 10:30:44 - [MESSAGE][PASSED] - Delayed 3 second(s)

2023-08-31 10:30:44 - [TEST_STEP][PASSED] - click(findTestObject("DIGITURNO/OPERACION/2Terminales/Terminal/img_Ocupado(1)/a_1Actualizacion de Datos")): Object: 'Object Repository/DIGITURNO/OPERACION/2Terminales/Terminal/img_Ocupado(1)/a_1Actualizacion de Datos' is clicked on

2023-08-31 10:30:49 - [MESSAGE][PASSED] - Object: 'Object Repository/DIGITURNO/OPERACION/2Terminales/Terminal/img_Ocupado(1)/a_1Actualizacion de Datos' is clicked on

2023-08-31 10:30:49 - [TEST_STEP][PASSED] - delay(3): Delayed 3 second(s)

2023-08-31 10:30:52 - [MESSAGE][PASSED] - Delayed 3 second(s)

2023-08-31 10:30:52 - [TEST_STEP][PASSED] - takeFullPageScreenshot(): Taking screenshot successfully

2023-08-31 10:30:53 - [MESSAGE][INFO] - 0 hidden object(s)

2023-08-31 10:30:53 - [MESSAGE][PASSED] - Taking screenshot successfully
[[ATTACHMENT|C:\\CIEL INGENIERIA\\Katalon\\Digiturno55\\Reports\\20230831_102914\\VIDEO ATENCION\\4 Atencion Turno en Navegador Cliente\\20230831_102914\\1693495852787.png]]

2023-08-31 10:30:53 - [TEST_STEP][PASSED] - delay(3): Delayed 3 second(s)

2023-08-31 10:30:56 - [MESSAGE][PASSED] - Delayed 3 second(s)

2023-08-31 10:30:56 - [TEST_STEP][PASSED] - switchToWindowIndex(0): Switched to window with index: '0'

2023-08-31 10:30:56 - [MESSAGE][PASSED] - Switched to window with index: '0'

2023-08-31 10:30:56 - [TEST_STEP][PASSED] - delay(3): Delayed 3 second(s)

2023-08-31 10:31:00 - [MESSAGE][PASSED] - Delayed 3 second(s)

2023-08-31 10:31:00 - [TEST_STEP][PASSED] - takeFullPageScreenshot(): Taking screenshot successfully

2023-08-31 10:31:01 - [MESSAGE][INFO] - 0 hidden object(s)

2023-08-31 10:31:02 - [MESSAGE][PASSED] - Taking screenshot successfully
[[ATTACHMENT|C:\\CIEL INGENIERIA\\Katalon\\Digiturno55\\Reports\\20230831_102914\\VIDEO ATENCION\\4 Atencion Turno en Navegador Cliente\\20230831_102914\\1693495860031.png]]

2023-08-31 10:31:02 - [TEST_STEP][PASSED] - switchToWindowIndex(1): Switched to window with index: '1'

2023-08-31 10:31:02 - [MESSAGE][PASSED] - Switched to window with index: '1'

2023-08-31 10:31:02 - [TEST_STEP][PASSED] - delay(3): Delayed 3 second(s)

2023-08-31 10:31:05 - [MESSAGE][PASSED] - Delayed 3 second(s)

2023-08-31 10:31:05 - [TEST_STEP][PASSED] - click(findTestObject("DIGITURNO/OPERACION/2Terminales/Terminal/img_Cerrar")): Object: 'Object Repository/DIGITURNO/OPERACION/2Terminales/Terminal/img_Cerrar' is clicked on

2023-08-31 10:31:06 - [MESSAGE][PASSED] - Object: 'Object Repository/DIGITURNO/OPERACION/2Terminales/Terminal/img_Cerrar' is clicked on

2023-08-31 10:31:06 - [TEST_STEP][PASSED] - delay(3): Delayed 3 second(s)

2023-08-31 10:31:09 - [MESSAGE][PASSED] - Delayed 3 second(s)

2023-08-31 10:31:09 - [TEST_STEP][PASSED] - click(findTestObject("DIGITURNO/OPERACION/2Terminales/Terminal/img_Cerrar(1)/btn_4FindeJornada_8")): Object: 'Object Repository/DIGITURNO/OPERACION/2Terminales/Terminal/img_Cerrar(1)/btn_4FindeJornada_8' is clicked on

2023-08-31 10:31:10 - [MESSAGE][PASSED] - Object: 'Object Repository/DIGITURNO/OPERACION/2Terminales/Terminal/img_Cerrar(1)/btn_4FindeJornada_8' is clicked on

2023-08-31 10:31:10 - [TEST_STEP][PASSED] - delay(3): Delayed 3 second(s)

2023-08-31 10:31:13 - [MESSAGE][PASSED] - Delayed 3 second(s)

2023-08-31 10:31:13 - [TEST_STEP][PASSED] - closeBrowser(): Browser is closed

2023-08-31 10:31:14 - [MESSAGE][PASSED] - Browser is closed

2023-08-31 10:31:14 - [TEST_STEP][PASSED] - Start listener action : sampleAfterTestCase: null]]></system-out>
         <system-err><![CDATA[]]></system-err>
      </testcase>
      <system-out><![CDATA[2023-08-31 10:29:22 - [TEST_SUITE][PASSED] - 4 Atencion Turno en Navegador Cliente: Test Cases/VIDEO ATENCION/4 Atencion Turno en Navegador Cliente]]></system-out>
      <system-err><![CDATA[]]></system-err>
   </testsuite>
</testsuites>
