<?xml version="1.0" encoding="UTF-8"?>
<testsuites name="90 Administracion Rapida de Terminales" time="44.687" tests="1" failures="0" errors="0">
   <testsuite name="90 Administracion Rapida de Terminales" tests="1" failures="0" errors="0" time="44.687" skipped="0" timestamp="2023-07-11 12:31:55" hostname="jdavila - PCPruebas101.ciel.cielingenieria.com" id="Test Suites/DIGITURNO/BASICO/90 Administracion Rapida de Terminales">
      <properties>
         <property name="deviceName" value=""/>
         <property name="devicePlatform" value=""/>
         <property name="logFolder" value="C:\\CIEL INGENIERIA\\Katalon\\Digiturno55\\Reports\\20230711_113602\\DIGITURNO\\BASICO\\90 Administracion Rapida de Terminales\\20230711_113715"/>
         <property name="logFiles" value="C:\\CIEL INGENIERIA\\Katalon\\Digiturno55\\Reports\\20230711_113602\\DIGITURNO\\BASICO\\90 Administracion Rapida de Terminales\\20230711_113715\\execution0.log"/>
         <property name="attachments" value="C:\\CIEL INGENIERIA\\Katalon\\Digiturno55\\Reports\\20230711_113602\\DIGITURNO\\BASICO\\90 Administracion Rapida de Terminales\\20230711_113715\\1689096730710.png, C:\\CIEL INGENIERIA\\Katalon\\Digiturno55\\Reports\\20230711_113602\\DIGITURNO\\BASICO\\90 Administracion Rapida de Terminales\\20230711_113715\\1689096737991.png, C:\\CIEL INGENIERIA\\Katalon\\Digiturno55\\Reports\\20230711_113602\\DIGITURNO\\BASICO\\90 Administracion Rapida de Terminales\\20230711_113715\\1689096756217.png"/>
         <property name="hostName" value="jdavila - PCPruebas101.ciel.cielingenieria.com"/>
         <property name="os" value="Windows 10 64bit"/>
         <property name="katalonVersion" value="8.6.0.208"/>
         <property name="browser" value="Chrome 114.0.0.0"/>
         <property name="hostAddress" value="192.168.0.33"/>
         <property name="sessionId" value="0bf40464156ba961593c00c114815338"/>
         <property name="seleniumVersion" value="3.141.59"/>
         <property name="proxyInformation" value="ProxyInformation { proxyOption=NO_PROXY, proxyServerType=HTTP, username=, password=********, proxyServerAddress=, proxyServerPort=0, executionList=&quot;&quot;, isApplyToDesiredCapabilities=true }"/>
         <property name="platform" value="Windows 10"/>
      </properties>
      <testcase name="Test Cases/DIGITURNO/BASICO/90 Administracion Rapida de Terminales" time="44.46" classname="Test Cases/DIGITURNO/BASICO/90 Administracion Rapida de Terminales" status="PASSED">
         <system-out><![CDATA[2023-07-11 12:31:55 - [TEST_CASE][PASSED] - Test Cases/DIGITURNO/BASICO/90 Administracion Rapida de Terminales: Test Cases/DIGITURNO/BASICO/90 Administracion Rapida de Terminales

2023-07-11 12:31:55 - [TEST_STEP][PASSED] - callTestCase(findTestCase("DIGITURNO/BASICO/39 Modelo de atencion"), [:], STOP_ON_FAILURE): Call Test Case 'Test Cases/DIGITURNO/BASICO/39 Modelo de atencion' successfully

2023-07-11 12:31:55 - [TEST_CASE][PASSED] - Test Cases/DIGITURNO/BASICO/39 Modelo de atencion: Test Cases/DIGITURNO/BASICO/39 Modelo de atencion

2023-07-11 12:31:55 - [TEST_STEP][PASSED] - callTestCase(findTestCase("DIGITURNO/BASICO/3 Configuracion"), [:], STOP_ON_FAILURE): Call Test Case 'Test Cases/DIGITURNO/BASICO/3 Configuracion' successfully

2023-07-11 12:31:55 - [TEST_CASE][PASSED] - Test Cases/DIGITURNO/BASICO/3 Configuracion: Test Cases/DIGITURNO/BASICO/3 Configuracion

2023-07-11 12:31:56 - [TEST_STEP][PASSED] - callTestCase(findTestCase("0InicioSesion"), [:], STOP_ON_FAILURE): Call Test Case 'Test Cases/0InicioSesion' successfully

2023-07-11 12:31:56 - [TEST_CASE][PASSED] - Test Cases/0InicioSesion: Test Cases/0InicioSesion

2023-07-11 12:31:56 - [TEST_STEP][PASSED] - openBrowser(UrlDigiturno): Browser is opened with url: 'https://PCPruebas101.ciel.cielingenieria.com:8810'

2023-07-11 12:31:56 - [MESSAGE][INFO] - Starting 'Chrome' driver

2023-07-11 12:31:56 - [MESSAGE][INFO] - User set preference: ['args', '[--use-fake-ui-for-media-stream, --disable-notifications]']

2023-07-11 12:31:56 - [MESSAGE][INFO] - Action delay is set to 0 milliseconds

2023-07-11 12:31:58 - [MESSAGE][PASSED] - Browser is opened with url: 'https://PCPruebas101.ciel.cielingenieria.com:8810'

2023-07-11 12:31:58 - [TEST_STEP][PASSED] - maximizeWindow(): Current window maximized

2023-07-11 12:31:59 - [MESSAGE][PASSED] - Current window maximized

2023-07-11 12:31:59 - [TEST_STEP][PASSED] - delay(3): Delayed 3 second(s)

2023-07-11 12:32:02 - [MESSAGE][PASSED] - Delayed 3 second(s)

2023-07-11 12:32:02 - [TEST_STEP][PASSED] - setText(findTestObject("0Inicio Sesion/input_Usuario"), "Ciel"): Text 'Ciel' is set on object 'Object Repository/0Inicio Sesion/input_Usuario'

2023-07-11 12:32:02 - [MESSAGE][PASSED] - Text 'Ciel' is set on object 'Object Repository/0Inicio Sesion/input_Usuario'

2023-07-11 12:32:02 - [TEST_STEP][PASSED] - setText(findTestObject("0Inicio Sesion/input_Clave"), "digiturno"): Text 'digiturno' is set on object 'Object Repository/0Inicio Sesion/input_Clave'

2023-07-11 12:32:03 - [MESSAGE][PASSED] - Text 'digiturno' is set on object 'Object Repository/0Inicio Sesion/input_Clave'

2023-07-11 12:32:03 - [TEST_STEP][PASSED] - click(findTestObject("0Inicio Sesion/btn_IniciarSesion")): Object: 'Object Repository/0Inicio Sesion/btn_IniciarSesion' is clicked on

2023-07-11 12:32:04 - [MESSAGE][PASSED] - Object: 'Object Repository/0Inicio Sesion/btn_IniciarSesion' is clicked on

2023-07-11 12:32:04 - [TEST_STEP][PASSED] - delay(3): Delayed 3 second(s)

2023-07-11 12:32:07 - [MESSAGE][PASSED] - Delayed 3 second(s)

2023-07-11 12:32:07 - [MESSAGE][PASSED] - Call Test Case 'Test Cases/0InicioSesion' successfully

2023-07-11 12:32:07 - [TEST_STEP][PASSED] - click(findTestObject("DIGITURNO/1Principal/img_Configuracion(1)")): Object: 'Object Repository/DIGITURNO/1Principal/img_Configuracion(1)' is clicked on

2023-07-11 12:32:07 - [MESSAGE][PASSED] - Object: 'Object Repository/DIGITURNO/1Principal/img_Configuracion(1)' is clicked on

2023-07-11 12:32:07 - [TEST_STEP][PASSED] - delay(3): Delayed 3 second(s)

2023-07-11 12:32:10 - [MESSAGE][PASSED] - Delayed 3 second(s)

2023-07-11 12:32:10 - [TEST_STEP][PASSED] - takeFullPageScreenshot(): Taking screenshot successfully

2023-07-11 12:32:11 - [MESSAGE][INFO] - 0 hidden object(s)

2023-07-11 12:32:11 - [MESSAGE][PASSED] - Taking screenshot successfully
[[ATTACHMENT|C:\\CIEL INGENIERIA\\Katalon\\Digiturno55\\Reports\\20230711_113602\\DIGITURNO\\BASICO\\90 Administracion Rapida de Terminales\\20230711_113715\\1689096730710.png]]

2023-07-11 12:32:11 - [TEST_STEP][PASSED] - delay(3): Delayed 3 second(s)

2023-07-11 12:32:14 - [MESSAGE][PASSED] - Delayed 3 second(s)

2023-07-11 12:32:14 - [MESSAGE][PASSED] - Call Test Case 'Test Cases/DIGITURNO/BASICO/3 Configuracion' successfully

2023-07-11 12:32:14 - [TEST_STEP][PASSED] - click(findTestObject("DIGITURNO/CONFIGURACION/0Principal/img_1Modelo de atencion")): Object: 'Object Repository/DIGITURNO/CONFIGURACION/0Principal/img_1Modelo de atencion' is clicked on

2023-07-11 12:32:14 - [MESSAGE][PASSED] - Object: 'Object Repository/DIGITURNO/CONFIGURACION/0Principal/img_1Modelo de atencion' is clicked on

2023-07-11 12:32:14 - [TEST_STEP][PASSED] - delay(3): Delayed 3 second(s)

2023-07-11 12:32:17 - [MESSAGE][PASSED] - Delayed 3 second(s)

2023-07-11 12:32:17 - [TEST_STEP][PASSED] - takeFullPageScreenshot(): Taking screenshot successfully

2023-07-11 12:32:18 - [MESSAGE][INFO] - 0 hidden object(s)

2023-07-11 12:32:18 - [MESSAGE][PASSED] - Taking screenshot successfully
[[ATTACHMENT|C:\\CIEL INGENIERIA\\Katalon\\Digiturno55\\Reports\\20230711_113602\\DIGITURNO\\BASICO\\90 Administracion Rapida de Terminales\\20230711_113715\\1689096737991.png]]

2023-07-11 12:32:18 - [TEST_STEP][PASSED] - delay(3): Delayed 3 second(s)

2023-07-11 12:32:21 - [MESSAGE][PASSED] - Delayed 3 second(s)

2023-07-11 12:32:21 - [MESSAGE][PASSED] - Call Test Case 'Test Cases/DIGITURNO/BASICO/39 Modelo de atencion' successfully

2023-07-11 12:32:21 - [TEST_STEP][PASSED] - click(findTestObject("DIGITURNO/CONFIGURACION/1Modelo de Atencion/0Principal/img_4Gestion Rapida Terminales")): Object: 'Object Repository/DIGITURNO/CONFIGURACION/1Modelo de Atencion/0Principal/img_4Gestion Rapida Terminales' is clicked on

2023-07-11 12:32:22 - [MESSAGE][PASSED] - Object: 'Object Repository/DIGITURNO/CONFIGURACION/1Modelo de Atencion/0Principal/img_4Gestion Rapida Terminales' is clicked on

2023-07-11 12:32:22 - [TEST_STEP][PASSED] - delay(3): Delayed 3 second(s)

2023-07-11 12:32:25 - [MESSAGE][PASSED] - Delayed 3 second(s)

2023-07-11 12:32:25 - [TEST_STEP][PASSED] - click(findTestObject("DIGITURNO/CONFIGURACION/1Modelo de Atencion/4Adm Rapida De Terminales/a_Terminal (click)"), STOP_ON_FAILURE): Object: 'Object Repository/DIGITURNO/CONFIGURACION/1Modelo de Atencion/4Adm Rapida De Terminales/a_Terminal (click)' is clicked on

2023-07-11 12:32:25 - [MESSAGE][PASSED] - Object: 'Object Repository/DIGITURNO/CONFIGURACION/1Modelo de Atencion/4Adm Rapida De Terminales/a_Terminal (click)' is clicked on

2023-07-11 12:32:25 - [TEST_STEP][PASSED] - click(findTestObject("DIGITURNO/CONFIGURACION/1Modelo de Atencion/4Adm Rapida De Terminales/Terminal/label_1 A01")): Object: 'Object Repository/DIGITURNO/CONFIGURACION/1Modelo de Atencion/4Adm Rapida De Terminales/Terminal/label_1 A01' is clicked on

2023-07-11 12:32:26 - [MESSAGE][PASSED] - Object: 'Object Repository/DIGITURNO/CONFIGURACION/1Modelo de Atencion/4Adm Rapida De Terminales/Terminal/label_1 A01' is clicked on

2023-07-11 12:32:26 - [TEST_STEP][PASSED] - delay(2): Delayed 2 second(s)

2023-07-11 12:32:28 - [MESSAGE][PASSED] - Delayed 2 second(s)

2023-07-11 12:32:28 - [TEST_STEP][PASSED] - click(findTestObject("DIGITURNO/CONFIGURACION/1Modelo de Atencion/4Adm Rapida De Terminales/a_Cola (Click)")): Object: 'Object Repository/DIGITURNO/CONFIGURACION/1Modelo de Atencion/4Adm Rapida De Terminales/a_Cola (Click)' is clicked on

2023-07-11 12:32:28 - [MESSAGE][PASSED] - Object: 'Object Repository/DIGITURNO/CONFIGURACION/1Modelo de Atencion/4Adm Rapida De Terminales/a_Cola (Click)' is clicked on

2023-07-11 12:32:28 - [TEST_STEP][PASSED] - click(findTestObject("DIGITURNO/CONFIGURACION/1Modelo de Atencion/4Adm Rapida De Terminales/Cola/label_1 7 - Area General - General (G) - Informacin")): Object: 'Object Repository/DIGITURNO/CONFIGURACION/1Modelo de Atencion/4Adm Rapida De Terminales/Cola/label_1 7 - Area General - General (G) - Informacin' is clicked on

2023-07-11 12:32:29 - [MESSAGE][PASSED] - Object: 'Object Repository/DIGITURNO/CONFIGURACION/1Modelo de Atencion/4Adm Rapida De Terminales/Cola/label_1 7 - Area General - General (G) - Informacin' is clicked on

2023-07-11 12:32:29 - [TEST_STEP][PASSED] - delay(2): Delayed 2 second(s)

2023-07-11 12:32:31 - [MESSAGE][PASSED] - Delayed 2 second(s)

2023-07-11 12:32:31 - [TEST_STEP][PASSED] - selectOptionByIndex(findTestObject("DIGITURNO/CONFIGURACION/1Modelo de Atencion/4Adm Rapida De Terminales/select_Grupo"), 1): All options with index in [1] are selected on object 'Object Repository/DIGITURNO/CONFIGURACION/1Modelo de Atencion/4Adm Rapida De Terminales/select_Grupo'

2023-07-11 12:32:32 - [MESSAGE][PASSED] - All options with index in [1] are selected on object 'Object Repository/DIGITURNO/CONFIGURACION/1Modelo de Atencion/4Adm Rapida De Terminales/select_Grupo'

2023-07-11 12:32:32 - [TEST_STEP][PASSED] - click(findTestObject("DIGITURNO/CONFIGURACION/1Modelo de Atencion/4Adm Rapida De Terminales/btn_Guardar")): Object: 'Object Repository/DIGITURNO/CONFIGURACION/1Modelo de Atencion/4Adm Rapida De Terminales/btn_Guardar' is clicked on

2023-07-11 12:32:33 - [MESSAGE][PASSED] - Object: 'Object Repository/DIGITURNO/CONFIGURACION/1Modelo de Atencion/4Adm Rapida De Terminales/btn_Guardar' is clicked on

2023-07-11 12:32:33 - [TEST_STEP][PASSED] - delay(3): Delayed 3 second(s)

2023-07-11 12:32:36 - [MESSAGE][PASSED] - Delayed 3 second(s)

2023-07-11 12:32:36 - [TEST_STEP][PASSED] - takeFullPageScreenshot(): Taking screenshot successfully

2023-07-11 12:32:36 - [MESSAGE][INFO] - 0 hidden object(s)

2023-07-11 12:32:36 - [MESSAGE][PASSED] - Taking screenshot successfully
[[ATTACHMENT|C:\\CIEL INGENIERIA\\Katalon\\Digiturno55\\Reports\\20230711_113602\\DIGITURNO\\BASICO\\90 Administracion Rapida de Terminales\\20230711_113715\\1689096756217.png]]

2023-07-11 12:32:36 - [TEST_STEP][PASSED] - delay(3): Delayed 3 second(s)

2023-07-11 12:32:39 - [MESSAGE][PASSED] - Delayed 3 second(s)

2023-07-11 12:32:39 - [TEST_STEP][PASSED] - Start listener action : sampleAfterTestCase: null]]></system-out>
         <system-err><![CDATA[]]></system-err>
      </testcase>
      <system-out><![CDATA[2023-07-11 12:31:55 - [TEST_SUITE][PASSED] - 90 Administracion Rapida de Terminales: Test Cases/DIGITURNO/BASICO/90 Administracion Rapida de Terminales]]></system-out>
      <system-err><![CDATA[]]></system-err>
   </testsuite>
</testsuites>
