<?xml version="1.0" encoding="UTF-8"?>
<testsuites name="42 Prioridades Crear Eliminar" time="87.83" tests="2" failures="0" errors="0">
   <testsuite name="42 Prioridades Crear Eliminar" tests="2" failures="0" errors="0" time="87.83" skipped="0" timestamp="2024-04-08 09:45:00" hostname="jdavila - PCPruebas101.ciel.cielingenieria.com" id="Test Suites/DIGITURNO/BASICO/42 Prioridades Crear Eliminar">
      <properties>
         <property name="deviceName" value=""/>
         <property name="devicePlatform" value=""/>
         <property name="logFolder" value="C:\\CIEL INGENIERIA\\Katalon\\Digiturno55\\Reports\\20240408_090839\\DIGITURNO\\BASICO\\42 Prioridades Crear Eliminar\\20240408_090930"/>
         <property name="logFiles" value="C:\\CIEL INGENIERIA\\Katalon\\Digiturno55\\Reports\\20240408_090839\\DIGITURNO\\BASICO\\42 Prioridades Crear Eliminar\\20240408_090930\\execution0.log"/>
         <property name="attachments" value="C:\\CIEL INGENIERIA\\Katalon\\Digiturno55\\Reports\\20240408_090839\\DIGITURNO\\BASICO\\42 Prioridades Crear Eliminar\\20240408_090930\\1712587517801.png, C:\\CIEL INGENIERIA\\Katalon\\Digiturno55\\Reports\\20240408_090839\\DIGITURNO\\BASICO\\42 Prioridades Crear Eliminar\\20240408_090930\\1712587525146.png, C:\\CIEL INGENIERIA\\Katalon\\Digiturno55\\Reports\\20240408_090839\\DIGITURNO\\BASICO\\42 Prioridades Crear Eliminar\\20240408_090930\\1712587541401.png, C:\\CIEL INGENIERIA\\Katalon\\Digiturno55\\Reports\\20240408_090839\\DIGITURNO\\BASICO\\42 Prioridades Crear Eliminar\\20240408_090930\\1712587559675.png, C:\\CIEL INGENIERIA\\Katalon\\Digiturno55\\Reports\\20240408_090839\\DIGITURNO\\BASICO\\42 Prioridades Crear Eliminar\\20240408_090930\\1712587566819.png, C:\\CIEL INGENIERIA\\Katalon\\Digiturno55\\Reports\\20240408_090839\\DIGITURNO\\BASICO\\42 Prioridades Crear Eliminar\\20240408_090930\\1712587584960.png"/>
         <property name="hostName" value="jdavila - PCPruebas101.ciel.cielingenieria.com"/>
         <property name="os" value="Windows 10 64bit"/>
         <property name="katalonVersion" value="8.6.9.208"/>
         <property name="browser" value="Chrome 123.0.0.0"/>
         <property name="hostAddress" value="192.168.0.6"/>
         <property name="sessionId" value="1ee0ac083713c2bdcb1c0b992fecda14"/>
         <property name="seleniumVersion" value="3.141.59"/>
         <property name="proxyInformation" value="ProxyInformation { proxyOption=NO_PROXY, proxyServerType=HTTP, username=, password=********, proxyServerAddress=, proxyServerPort=0, executionList=&quot;&quot;, isApplyToDesiredCapabilities=true }"/>
         <property name="platform" value="Windows 10"/>
      </properties>
      <testcase name="Test Cases/DIGITURNO/BASICO/42 Prioridades Crear" time="44.08" classname="Test Cases/DIGITURNO/BASICO/42 Prioridades Crear" status="PASSED">
         <system-out><![CDATA[2024-04-08 09:45:00 - [TEST_CASE][PASSED] - Test Cases/DIGITURNO/BASICO/42 Prioridades Crear: Test Cases/DIGITURNO/BASICO/42 Prioridades Crear

2024-04-08 09:45:01 - [TEST_STEP][PASSED] - callTestCase(findTestCase("DIGITURNO/BASICO/39 Modelo de atencion"), [:], STOP_ON_FAILURE): Call Test Case 'Test Cases/DIGITURNO/BASICO/39 Modelo de atencion' successfully

2024-04-08 09:45:01 - [TEST_CASE][PASSED] - Test Cases/DIGITURNO/BASICO/39 Modelo de atencion: Test Cases/DIGITURNO/BASICO/39 Modelo de atencion

2024-04-08 09:45:01 - [TEST_STEP][PASSED] - callTestCase(findTestCase("DIGITURNO/BASICO/3 Configuracion"), [:], STOP_ON_FAILURE): Call Test Case 'Test Cases/DIGITURNO/BASICO/3 Configuracion' successfully

2024-04-08 09:45:01 - [TEST_CASE][PASSED] - Test Cases/DIGITURNO/BASICO/3 Configuracion: Test Cases/DIGITURNO/BASICO/3 Configuracion

2024-04-08 09:45:02 - [TEST_STEP][PASSED] - callTestCase(findTestCase("0InicioSesion"), [:], STOP_ON_FAILURE): Call Test Case 'Test Cases/0InicioSesion' successfully

2024-04-08 09:45:02 - [TEST_CASE][PASSED] - Test Cases/0InicioSesion: Test Cases/0InicioSesion

2024-04-08 09:45:02 - [TEST_STEP][PASSED] - openBrowser(UrlDigiturno): Browser is opened with url: 'https://PCPruebas101.ciel.cielingenieria.com:8910'

2024-04-08 09:45:02 - [MESSAGE][INFO] - Starting 'Chrome' driver

2024-04-08 09:45:02 - [MESSAGE][INFO] - User set preference: ['args', '[--use-fake-ui-for-media-stream, --disable-notifications]']

2024-04-08 09:45:02 - [MESSAGE][INFO] - Action delay is set to 0 milliseconds

2024-04-08 09:45:06 - [MESSAGE][PASSED] - Browser is opened with url: 'https://PCPruebas101.ciel.cielingenieria.com:8910'

2024-04-08 09:45:06 - [TEST_STEP][PASSED] - maximizeWindow(): Current window maximized

2024-04-08 09:45:06 - [MESSAGE][PASSED] - Current window maximized

2024-04-08 09:45:06 - [TEST_STEP][PASSED] - delay(3): Delayed 3 second(s)

2024-04-08 09:45:09 - [MESSAGE][PASSED] - Delayed 3 second(s)

2024-04-08 09:45:09 - [TEST_STEP][PASSED] - setText(findTestObject("0Inicio Sesion/input_Usuario"), "Ciel"): Text 'Ciel' is set on object 'Object Repository/0Inicio Sesion/input_Usuario'

2024-04-08 09:45:09 - [MESSAGE][PASSED] - Text 'Ciel' is set on object 'Object Repository/0Inicio Sesion/input_Usuario'

2024-04-08 09:45:09 - [TEST_STEP][PASSED] - setText(findTestObject("0Inicio Sesion/input_Clave"), "digiturno"): Text 'digiturno' is set on object 'Object Repository/0Inicio Sesion/input_Clave'

2024-04-08 09:45:10 - [MESSAGE][PASSED] - Text 'digiturno' is set on object 'Object Repository/0Inicio Sesion/input_Clave'

2024-04-08 09:45:10 - [TEST_STEP][PASSED] - click(findTestObject("0Inicio Sesion/btn_IniciarSesion")): Object: 'Object Repository/0Inicio Sesion/btn_IniciarSesion' is clicked on

2024-04-08 09:45:11 - [MESSAGE][PASSED] - Object: 'Object Repository/0Inicio Sesion/btn_IniciarSesion' is clicked on

2024-04-08 09:45:11 - [TEST_STEP][PASSED] - delay(3): Delayed 3 second(s)

2024-04-08 09:45:14 - [MESSAGE][PASSED] - Delayed 3 second(s)

2024-04-08 09:45:14 - [MESSAGE][PASSED] - Call Test Case 'Test Cases/0InicioSesion' successfully

2024-04-08 09:45:14 - [TEST_STEP][PASSED] - click(findTestObject("DIGITURNO/1Principal/img_Configuracion(1)")): Object: 'Object Repository/DIGITURNO/1Principal/img_Configuracion(1)' is clicked on

2024-04-08 09:45:14 - [MESSAGE][PASSED] - Object: 'Object Repository/DIGITURNO/1Principal/img_Configuracion(1)' is clicked on

2024-04-08 09:45:14 - [TEST_STEP][PASSED] - delay(3): Delayed 3 second(s)

2024-04-08 09:45:17 - [MESSAGE][PASSED] - Delayed 3 second(s)

2024-04-08 09:45:17 - [TEST_STEP][PASSED] - takeFullPageScreenshot(): Taking screenshot successfully

2024-04-08 09:45:18 - [MESSAGE][INFO] - 0 hidden object(s)

2024-04-08 09:45:18 - [MESSAGE][PASSED] - Taking screenshot successfully
[[ATTACHMENT|C:\\CIEL INGENIERIA\\Katalon\\Digiturno55\\Reports\\20240408_090839\\DIGITURNO\\BASICO\\42 Prioridades Crear Eliminar\\20240408_090930\\1712587517801.png]]

2024-04-08 09:45:18 - [TEST_STEP][PASSED] - delay(3): Delayed 3 second(s)

2024-04-08 09:45:21 - [MESSAGE][PASSED] - Delayed 3 second(s)

2024-04-08 09:45:21 - [MESSAGE][PASSED] - Call Test Case 'Test Cases/DIGITURNO/BASICO/3 Configuracion' successfully

2024-04-08 09:45:21 - [TEST_STEP][PASSED] - click(findTestObject("DIGITURNO/CONFIGURACION/0Principal/img_1Modelo de atencion")): Object: 'Object Repository/DIGITURNO/CONFIGURACION/0Principal/img_1Modelo de atencion' is clicked on

2024-04-08 09:45:22 - [MESSAGE][PASSED] - Object: 'Object Repository/DIGITURNO/CONFIGURACION/0Principal/img_1Modelo de atencion' is clicked on

2024-04-08 09:45:22 - [TEST_STEP][PASSED] - delay(3): Delayed 3 second(s)

2024-04-08 09:45:25 - [MESSAGE][PASSED] - Delayed 3 second(s)

2024-04-08 09:45:25 - [TEST_STEP][PASSED] - takeFullPageScreenshot(): Taking screenshot successfully

2024-04-08 09:45:25 - [MESSAGE][INFO] - 0 hidden object(s)

2024-04-08 09:45:25 - [MESSAGE][PASSED] - Taking screenshot successfully
[[ATTACHMENT|C:\\CIEL INGENIERIA\\Katalon\\Digiturno55\\Reports\\20240408_090839\\DIGITURNO\\BASICO\\42 Prioridades Crear Eliminar\\20240408_090930\\1712587525146.png]]

2024-04-08 09:45:25 - [TEST_STEP][PASSED] - delay(3): Delayed 3 second(s)

2024-04-08 09:45:28 - [MESSAGE][PASSED] - Delayed 3 second(s)

2024-04-08 09:45:28 - [MESSAGE][PASSED] - Call Test Case 'Test Cases/DIGITURNO/BASICO/39 Modelo de atencion' successfully

2024-04-08 09:45:28 - [TEST_STEP][PASSED] - click(findTestObject("DIGITURNO/CONFIGURACION/1Modelo de Atencion/0Principal/img_3Prioridades")): Object: 'Object Repository/DIGITURNO/CONFIGURACION/1Modelo de Atencion/0Principal/img_3Prioridades' is clicked on

2024-04-08 09:45:29 - [MESSAGE][PASSED] - Object: 'Object Repository/DIGITURNO/CONFIGURACION/1Modelo de Atencion/0Principal/img_3Prioridades' is clicked on

2024-04-08 09:45:29 - [TEST_STEP][PASSED] - delay(3): Delayed 3 second(s)

2024-04-08 09:45:32 - [MESSAGE][PASSED] - Delayed 3 second(s)

2024-04-08 09:45:32 - [TEST_STEP][PASSED] - click(findTestObject("DIGITURNO/CONFIGURACION/1Modelo de Atencion/3Prioridades/Prioridad por sala por jornada/a_selectOficina (click)")): Object: 'Object Repository/DIGITURNO/CONFIGURACION/1Modelo de Atencion/3Prioridades/Prioridad por sala por jornada/a_selectOficina (click)' is clicked on

2024-04-08 09:45:33 - [MESSAGE][PASSED] - Object: 'Object Repository/DIGITURNO/CONFIGURACION/1Modelo de Atencion/3Prioridades/Prioridad por sala por jornada/a_selectOficina (click)' is clicked on

2024-04-08 09:45:33 - [TEST_STEP][PASSED] - delay(2): Delayed 2 second(s)

2024-04-08 09:45:35 - [MESSAGE][PASSED] - Delayed 2 second(s)

2024-04-08 09:45:35 - [TEST_STEP][PASSED] - click(findTestObject("DIGITURNO/CONFIGURACION/1Modelo de Atencion/3Prioridades/Prioridad por sala por jornada/li_1Bogota - CIEL")): Object: 'Object Repository/DIGITURNO/CONFIGURACION/1Modelo de Atencion/3Prioridades/Prioridad por sala por jornada/li_1Bogota - CIEL' is clicked on

2024-04-08 09:45:35 - [MESSAGE][PASSED] - Object: 'Object Repository/DIGITURNO/CONFIGURACION/1Modelo de Atencion/3Prioridades/Prioridad por sala por jornada/li_1Bogota - CIEL' is clicked on

2024-04-08 09:45:35 - [TEST_STEP][PASSED] - delay(2): Delayed 2 second(s)

2024-04-08 09:45:37 - [MESSAGE][PASSED] - Delayed 2 second(s)

2024-04-08 09:45:37 - [TEST_STEP][PASSED] - click(findTestObject("DIGITURNO/CONFIGURACION/1Modelo de Atencion/3Prioridades/Prioridad por sala por jornada/img_Actualizar")): Object: 'Object Repository/DIGITURNO/CONFIGURACION/1Modelo de Atencion/3Prioridades/Prioridad por sala por jornada/img_Actualizar' is clicked on

2024-04-08 09:45:38 - [MESSAGE][PASSED] - Object: 'Object Repository/DIGITURNO/CONFIGURACION/1Modelo de Atencion/3Prioridades/Prioridad por sala por jornada/img_Actualizar' is clicked on

2024-04-08 09:45:38 - [TEST_STEP][PASSED] - click(findTestObject("DIGITURNO/CONFIGURACION/1Modelo de Atencion/3Prioridades/Prioridad por sala por jornada/img_Actualizar")): Object: 'Object Repository/DIGITURNO/CONFIGURACION/1Modelo de Atencion/3Prioridades/Prioridad por sala por jornada/img_Actualizar' is clicked on

2024-04-08 09:45:38 - [MESSAGE][PASSED] - Object: 'Object Repository/DIGITURNO/CONFIGURACION/1Modelo de Atencion/3Prioridades/Prioridad por sala por jornada/img_Actualizar' is clicked on

2024-04-08 09:45:38 - [TEST_STEP][PASSED] - acceptAlert(): Alert accepted

2024-04-08 09:45:38 - [MESSAGE][PASSED] - Alert accepted

2024-04-08 09:45:38 - [TEST_STEP][PASSED] - delay(3): Delayed 3 second(s)

2024-04-08 09:45:41 - [MESSAGE][PASSED] - Delayed 3 second(s)

2024-04-08 09:45:41 - [TEST_STEP][PASSED] - takeFullPageScreenshot(): Taking screenshot successfully

2024-04-08 09:45:41 - [MESSAGE][INFO] - 0 hidden object(s)

2024-04-08 09:45:41 - [MESSAGE][PASSED] - Taking screenshot successfully
[[ATTACHMENT|C:\\CIEL INGENIERIA\\Katalon\\Digiturno55\\Reports\\20240408_090839\\DIGITURNO\\BASICO\\42 Prioridades Crear Eliminar\\20240408_090930\\1712587541401.png]]

2024-04-08 09:45:41 - [TEST_STEP][PASSED] - delay(3): Delayed 3 second(s)

2024-04-08 09:45:44 - [MESSAGE][PASSED] - Delayed 3 second(s)

2024-04-08 09:45:44 - [TEST_STEP][PASSED] - Start listener action : sampleAfterTestCase: null]]></system-out>
         <system-err><![CDATA[]]></system-err>
      </testcase>
      <testcase name="Test Cases/DIGITURNO/BASICO/42 Prioridades Eliminar" time="43.476" classname="Test Cases/DIGITURNO/BASICO/42 Prioridades Eliminar" status="PASSED">
         <system-out><![CDATA[2024-04-08 09:45:45 - [TEST_CASE][PASSED] - Test Cases/DIGITURNO/BASICO/42 Prioridades Eliminar: Test Cases/DIGITURNO/BASICO/42 Prioridades Eliminar

2024-04-08 09:45:45 - [TEST_STEP][PASSED] - callTestCase(findTestCase("DIGITURNO/BASICO/39 Modelo de atencion"), [:], STOP_ON_FAILURE): Call Test Case 'Test Cases/DIGITURNO/BASICO/39 Modelo de atencion' successfully

2024-04-08 09:45:45 - [TEST_CASE][PASSED] - Test Cases/DIGITURNO/BASICO/39 Modelo de atencion: Test Cases/DIGITURNO/BASICO/39 Modelo de atencion

2024-04-08 09:45:45 - [TEST_STEP][PASSED] - callTestCase(findTestCase("DIGITURNO/BASICO/3 Configuracion"), [:], STOP_ON_FAILURE): Call Test Case 'Test Cases/DIGITURNO/BASICO/3 Configuracion' successfully

2024-04-08 09:45:45 - [TEST_CASE][PASSED] - Test Cases/DIGITURNO/BASICO/3 Configuracion: Test Cases/DIGITURNO/BASICO/3 Configuracion

2024-04-08 09:45:45 - [TEST_STEP][PASSED] - callTestCase(findTestCase("0InicioSesion"), [:], STOP_ON_FAILURE): Call Test Case 'Test Cases/0InicioSesion' successfully

2024-04-08 09:45:45 - [TEST_CASE][PASSED] - Test Cases/0InicioSesion: Test Cases/0InicioSesion

2024-04-08 09:45:45 - [TEST_STEP][PASSED] - openBrowser(UrlDigiturno): Browser is opened with url: 'https://PCPruebas101.ciel.cielingenieria.com:8910'

2024-04-08 09:45:45 - [MESSAGE][WARNING] - A browser is already opened. Closing browser and opening a new one

2024-04-08 09:45:46 - [MESSAGE][INFO] - Starting 'Chrome' driver

2024-04-08 09:45:46 - [MESSAGE][INFO] - User set preference: ['args', '[--use-fake-ui-for-media-stream, --disable-notifications]']

2024-04-08 09:45:46 - [MESSAGE][INFO] - Action delay is set to 0 milliseconds

2024-04-08 09:45:47 - [MESSAGE][PASSED] - Browser is opened with url: 'https://PCPruebas101.ciel.cielingenieria.com:8910'

2024-04-08 09:45:47 - [TEST_STEP][PASSED] - maximizeWindow(): Current window maximized

2024-04-08 09:45:47 - [MESSAGE][PASSED] - Current window maximized

2024-04-08 09:45:47 - [TEST_STEP][PASSED] - delay(3): Delayed 3 second(s)

2024-04-08 09:45:51 - [MESSAGE][PASSED] - Delayed 3 second(s)

2024-04-08 09:45:51 - [TEST_STEP][PASSED] - setText(findTestObject("0Inicio Sesion/input_Usuario"), "Ciel"): Text 'Ciel' is set on object 'Object Repository/0Inicio Sesion/input_Usuario'

2024-04-08 09:45:51 - [MESSAGE][PASSED] - Text 'Ciel' is set on object 'Object Repository/0Inicio Sesion/input_Usuario'

2024-04-08 09:45:51 - [TEST_STEP][PASSED] - setText(findTestObject("0Inicio Sesion/input_Clave"), "digiturno"): Text 'digiturno' is set on object 'Object Repository/0Inicio Sesion/input_Clave'

2024-04-08 09:45:52 - [MESSAGE][PASSED] - Text 'digiturno' is set on object 'Object Repository/0Inicio Sesion/input_Clave'

2024-04-08 09:45:52 - [TEST_STEP][PASSED] - click(findTestObject("0Inicio Sesion/btn_IniciarSesion")): Object: 'Object Repository/0Inicio Sesion/btn_IniciarSesion' is clicked on

2024-04-08 09:45:53 - [MESSAGE][PASSED] - Object: 'Object Repository/0Inicio Sesion/btn_IniciarSesion' is clicked on

2024-04-08 09:45:53 - [TEST_STEP][PASSED] - delay(3): Delayed 3 second(s)

2024-04-08 09:45:56 - [MESSAGE][PASSED] - Delayed 3 second(s)

2024-04-08 09:45:56 - [MESSAGE][PASSED] - Call Test Case 'Test Cases/0InicioSesion' successfully

2024-04-08 09:45:56 - [TEST_STEP][PASSED] - click(findTestObject("DIGITURNO/1Principal/img_Configuracion(1)")): Object: 'Object Repository/DIGITURNO/1Principal/img_Configuracion(1)' is clicked on

2024-04-08 09:45:56 - [MESSAGE][PASSED] - Object: 'Object Repository/DIGITURNO/1Principal/img_Configuracion(1)' is clicked on

2024-04-08 09:45:56 - [TEST_STEP][PASSED] - delay(3): Delayed 3 second(s)

2024-04-08 09:45:59 - [MESSAGE][PASSED] - Delayed 3 second(s)

2024-04-08 09:45:59 - [TEST_STEP][PASSED] - takeFullPageScreenshot(): Taking screenshot successfully

2024-04-08 09:46:00 - [MESSAGE][INFO] - 0 hidden object(s)

2024-04-08 09:46:00 - [MESSAGE][PASSED] - Taking screenshot successfully
[[ATTACHMENT|C:\\CIEL INGENIERIA\\Katalon\\Digiturno55\\Reports\\20240408_090839\\DIGITURNO\\BASICO\\42 Prioridades Crear Eliminar\\20240408_090930\\1712587559675.png]]

2024-04-08 09:46:00 - [TEST_STEP][PASSED] - delay(3): Delayed 3 second(s)

2024-04-08 09:46:03 - [MESSAGE][PASSED] - Delayed 3 second(s)

2024-04-08 09:46:03 - [MESSAGE][PASSED] - Call Test Case 'Test Cases/DIGITURNO/BASICO/3 Configuracion' successfully

2024-04-08 09:46:03 - [TEST_STEP][PASSED] - click(findTestObject("DIGITURNO/CONFIGURACION/0Principal/img_1Modelo de atencion")): Object: 'Object Repository/DIGITURNO/CONFIGURACION/0Principal/img_1Modelo de atencion' is clicked on

2024-04-08 09:46:03 - [MESSAGE][PASSED] - Object: 'Object Repository/DIGITURNO/CONFIGURACION/0Principal/img_1Modelo de atencion' is clicked on

2024-04-08 09:46:03 - [TEST_STEP][PASSED] - delay(3): Delayed 3 second(s)

2024-04-08 09:46:06 - [MESSAGE][PASSED] - Delayed 3 second(s)

2024-04-08 09:46:06 - [TEST_STEP][PASSED] - takeFullPageScreenshot(): Taking screenshot successfully

2024-04-08 09:46:07 - [MESSAGE][INFO] - 0 hidden object(s)

2024-04-08 09:46:07 - [MESSAGE][PASSED] - Taking screenshot successfully
[[ATTACHMENT|C:\\CIEL INGENIERIA\\Katalon\\Digiturno55\\Reports\\20240408_090839\\DIGITURNO\\BASICO\\42 Prioridades Crear Eliminar\\20240408_090930\\1712587566819.png]]

2024-04-08 09:46:07 - [TEST_STEP][PASSED] - delay(3): Delayed 3 second(s)

2024-04-08 09:46:10 - [MESSAGE][PASSED] - Delayed 3 second(s)

2024-04-08 09:46:10 - [MESSAGE][PASSED] - Call Test Case 'Test Cases/DIGITURNO/BASICO/39 Modelo de atencion' successfully

2024-04-08 09:46:10 - [TEST_STEP][PASSED] - click(findTestObject("DIGITURNO/CONFIGURACION/1Modelo de Atencion/0Principal/img_3Prioridades")): Object: 'Object Repository/DIGITURNO/CONFIGURACION/1Modelo de Atencion/0Principal/img_3Prioridades' is clicked on

2024-04-08 09:46:10 - [MESSAGE][PASSED] - Object: 'Object Repository/DIGITURNO/CONFIGURACION/1Modelo de Atencion/0Principal/img_3Prioridades' is clicked on

2024-04-08 09:46:10 - [TEST_STEP][PASSED] - delay(3): Delayed 3 second(s)

2024-04-08 09:46:14 - [MESSAGE][PASSED] - Delayed 3 second(s)

2024-04-08 09:46:14 - [TEST_STEP][PASSED] - click(findTestObject("DIGITURNO/CONFIGURACION/1Modelo de Atencion/3Prioridades/Prioridad por sala por jornada/a_selectOficina (click)")): Object: 'Object Repository/DIGITURNO/CONFIGURACION/1Modelo de Atencion/3Prioridades/Prioridad por sala por jornada/a_selectOficina (click)' is clicked on

2024-04-08 09:46:14 - [MESSAGE][PASSED] - Object: 'Object Repository/DIGITURNO/CONFIGURACION/1Modelo de Atencion/3Prioridades/Prioridad por sala por jornada/a_selectOficina (click)' is clicked on

2024-04-08 09:46:14 - [TEST_STEP][PASSED] - delay(2): Delayed 2 second(s)

2024-04-08 09:46:16 - [MESSAGE][PASSED] - Delayed 2 second(s)

2024-04-08 09:46:16 - [TEST_STEP][PASSED] - click(findTestObject("DIGITURNO/CONFIGURACION/1Modelo de Atencion/3Prioridades/Prioridad por sala por jornada/li_1Bogota - CIEL")): Object: 'Object Repository/DIGITURNO/CONFIGURACION/1Modelo de Atencion/3Prioridades/Prioridad por sala por jornada/li_1Bogota - CIEL' is clicked on

2024-04-08 09:46:16 - [MESSAGE][PASSED] - Object: 'Object Repository/DIGITURNO/CONFIGURACION/1Modelo de Atencion/3Prioridades/Prioridad por sala por jornada/li_1Bogota - CIEL' is clicked on

2024-04-08 09:46:16 - [TEST_STEP][PASSED] - delay(2): Delayed 2 second(s)

2024-04-08 09:46:18 - [MESSAGE][PASSED] - Delayed 2 second(s)

2024-04-08 09:46:18 - [TEST_STEP][PASSED] - click(findTestObject("DIGITURNO/CONFIGURACION/1Modelo de Atencion/3Prioridades/Prioridad por sala por jornada/Jornadas/td_1 Bogota - CIEL Jornada 1 Ter 1")): Object: 'Object Repository/DIGITURNO/CONFIGURACION/1Modelo de Atencion/3Prioridades/Prioridad por sala por jornada/Jornadas/td_1 Bogota - CIEL Jornada 1 Ter 1' is clicked on

2024-04-08 09:46:19 - [MESSAGE][PASSED] - Object: 'Object Repository/DIGITURNO/CONFIGURACION/1Modelo de Atencion/3Prioridades/Prioridad por sala por jornada/Jornadas/td_1 Bogota - CIEL Jornada 1 Ter 1' is clicked on

2024-04-08 09:46:19 - [TEST_STEP][PASSED] - delay(2): Delayed 2 second(s)

2024-04-08 09:46:21 - [MESSAGE][PASSED] - Delayed 2 second(s)

2024-04-08 09:46:21 - [TEST_STEP][PASSED] - click(findTestObject("DIGITURNO/CONFIGURACION/1Modelo de Atencion/3Prioridades/Prioridad por sala por jornada/img_Eliminar")): Object: 'Object Repository/DIGITURNO/CONFIGURACION/1Modelo de Atencion/3Prioridades/Prioridad por sala por jornada/img_Eliminar' is clicked on

2024-04-08 09:46:21 - [MESSAGE][PASSED] - Object: 'Object Repository/DIGITURNO/CONFIGURACION/1Modelo de Atencion/3Prioridades/Prioridad por sala por jornada/img_Eliminar' is clicked on

2024-04-08 09:46:21 - [TEST_STEP][PASSED] - click(findTestObject("DIGITURNO/CONFIGURACION/1Modelo de Atencion/3Prioridades/Prioridad por sala por jornada/img_Eliminar")): Object: 'Object Repository/DIGITURNO/CONFIGURACION/1Modelo de Atencion/3Prioridades/Prioridad por sala por jornada/img_Eliminar' is clicked on

2024-04-08 09:46:21 - [MESSAGE][PASSED] - Object: 'Object Repository/DIGITURNO/CONFIGURACION/1Modelo de Atencion/3Prioridades/Prioridad por sala por jornada/img_Eliminar' is clicked on

2024-04-08 09:46:21 - [TEST_STEP][PASSED] - acceptAlert(): Alert accepted

2024-04-08 09:46:21 - [MESSAGE][PASSED] - Alert accepted

2024-04-08 09:46:21 - [TEST_STEP][PASSED] - delay(3): Delayed 3 second(s)

2024-04-08 09:46:24 - [MESSAGE][PASSED] - Delayed 3 second(s)

2024-04-08 09:46:24 - [TEST_STEP][PASSED] - takeFullPageScreenshot(): Taking screenshot successfully

2024-04-08 09:46:25 - [MESSAGE][INFO] - 0 hidden object(s)

2024-04-08 09:46:25 - [MESSAGE][PASSED] - Taking screenshot successfully
[[ATTACHMENT|C:\\CIEL INGENIERIA\\Katalon\\Digiturno55\\Reports\\20240408_090839\\DIGITURNO\\BASICO\\42 Prioridades Crear Eliminar\\20240408_090930\\1712587584960.png]]

2024-04-08 09:46:25 - [TEST_STEP][PASSED] - delay(3): Delayed 3 second(s)

2024-04-08 09:46:28 - [MESSAGE][PASSED] - Delayed 3 second(s)

2024-04-08 09:46:28 - [TEST_STEP][PASSED] - Start listener action : sampleAfterTestCase: null]]></system-out>
         <system-err><![CDATA[]]></system-err>
      </testcase>
      <system-out><![CDATA[2024-04-08 09:45:00 - [TEST_SUITE][PASSED] - 42 Prioridades Crear Eliminar: Test Cases/DIGITURNO/BASICO/42 Prioridades Eliminar]]></system-out>
      <system-err><![CDATA[]]></system-err>
   </testsuite>
</testsuites>
