<?xml version="1.0" encoding="UTF-8"?>
<testsuites name="2.3 Creacion Elementos Servicios" time="167.244" tests="1" failures="0" errors="0">
   <testsuite name="2.3 Creacion Elementos Servicios" tests="1" failures="0" errors="0" time="167.244" skipped="0" timestamp="2023-08-14 08:18:48" hostname="jdavila - PCPruebas101.ciel.cielingenieria.com" id="Test Suites/WIZARD/1Modelo De Negocio/2.3 Creacion Elementos Servicios">
      <properties>
         <property name="deviceName" value=""/>
         <property name="devicePlatform" value=""/>
         <property name="logFolder" value="C:\\CIEL INGENIERIA\\Katalon\\Digiturno55\\Reports\\20230814_081405\\WIZARD\\1Modelo De Negocio\\2.3 Creacion Elementos Servicios\\20230814_081412"/>
         <property name="logFiles" value="C:\\CIEL INGENIERIA\\Katalon\\Digiturno55\\Reports\\20230814_081405\\WIZARD\\1Modelo De Negocio\\2.3 Creacion Elementos Servicios\\20230814_081412\\execution0.log"/>
         <property name="attachments" value="C:\\CIEL INGENIERIA\\Katalon\\Digiturno55\\Reports\\20230814_081405\\WIZARD\\1Modelo De Negocio\\2.3 Creacion Elementos Servicios\\20230814_081412\\1692019292083.png"/>
         <property name="hostName" value="jdavila - PCPruebas101.ciel.cielingenieria.com"/>
         <property name="os" value="Windows 10 64bit"/>
         <property name="katalonVersion" value="8.6.0.208"/>
         <property name="browser" value="Chrome 115.0.0.0"/>
         <property name="hostAddress" value="192.168.0.33"/>
         <property name="sessionId" value="3f3b85f1f675c41c41d294ddd0a6e0fb"/>
         <property name="seleniumVersion" value="3.141.59"/>
         <property name="proxyInformation" value="ProxyInformation { proxyOption=NO_PROXY, proxyServerType=HTTP, username=, password=********, proxyServerAddress=, proxyServerPort=0, executionList=&quot;&quot;, isApplyToDesiredCapabilities=true }"/>
         <property name="platform" value="Windows 10"/>
      </properties>
      <testcase name="Test Cases/WIZARD/1Modelo De Negocio/2.3 Creacion Elementos Servicios" time="167.009" classname="Test Cases/WIZARD/1Modelo De Negocio/2.3 Creacion Elementos Servicios" status="PASSED">
         <system-out><![CDATA[2023-08-14 08:18:48 - [TEST_CASE][PASSED] - Test Cases/WIZARD/1Modelo De Negocio/2.3 Creacion Elementos Servicios: Test Cases/WIZARD/1Modelo De Negocio/2.3 Creacion Elementos Servicios

2023-08-14 08:18:49 - [TEST_STEP][PASSED] - callTestCase(findTestCase("0InicioSesion"), [:], STOP_ON_FAILURE): Call Test Case 'Test Cases/0InicioSesion' successfully

2023-08-14 08:18:49 - [TEST_CASE][PASSED] - Test Cases/0InicioSesion: Test Cases/0InicioSesion

2023-08-14 08:18:49 - [TEST_STEP][PASSED] - openBrowser(UrlDigiturno): Browser is opened with url: 'https://PCPruebas101.ciel.cielingenieria.com:8610'

2023-08-14 08:18:49 - [MESSAGE][INFO] - Starting 'Chrome' driver

2023-08-14 08:18:49 - [MESSAGE][INFO] - User set preference: ['args', '[--use-fake-ui-for-media-stream, --disable-notifications]']

2023-08-14 08:18:50 - [MESSAGE][INFO] - Action delay is set to 0 milliseconds

2023-08-14 08:18:52 - [MESSAGE][PASSED] - Browser is opened with url: 'https://PCPruebas101.ciel.cielingenieria.com:8610'

2023-08-14 08:18:52 - [TEST_STEP][PASSED] - maximizeWindow(): Current window maximized

2023-08-14 08:18:53 - [MESSAGE][PASSED] - Current window maximized

2023-08-14 08:18:53 - [TEST_STEP][PASSED] - delay(3): Delayed 3 second(s)

2023-08-14 08:18:56 - [MESSAGE][PASSED] - Delayed 3 second(s)

2023-08-14 08:18:56 - [TEST_STEP][PASSED] - setText(findTestObject("0Inicio Sesion/input_Usuario"), "Ciel"): Text 'Ciel' is set on object 'Object Repository/0Inicio Sesion/input_Usuario'

2023-08-14 08:18:56 - [MESSAGE][PASSED] - Text 'Ciel' is set on object 'Object Repository/0Inicio Sesion/input_Usuario'

2023-08-14 08:18:56 - [TEST_STEP][PASSED] - setText(findTestObject("0Inicio Sesion/input_Clave"), "digiturno"): Text 'digiturno' is set on object 'Object Repository/0Inicio Sesion/input_Clave'

2023-08-14 08:18:57 - [MESSAGE][PASSED] - Text 'digiturno' is set on object 'Object Repository/0Inicio Sesion/input_Clave'

2023-08-14 08:18:57 - [TEST_STEP][PASSED] - click(findTestObject("0Inicio Sesion/btn_IniciarSesion")): Object: 'Object Repository/0Inicio Sesion/btn_IniciarSesion' is clicked on

2023-08-14 08:18:58 - [MESSAGE][PASSED] - Object: 'Object Repository/0Inicio Sesion/btn_IniciarSesion' is clicked on

2023-08-14 08:18:58 - [TEST_STEP][PASSED] - delay(3): Delayed 3 second(s)

2023-08-14 08:19:01 - [MESSAGE][PASSED] - Delayed 3 second(s)

2023-08-14 08:19:01 - [MESSAGE][PASSED] - Call Test Case 'Test Cases/0InicioSesion' successfully

2023-08-14 08:19:01 - [TEST_STEP][PASSED] - click(findTestObject("WIZARD/0Principal/img_ModeloDeNegocioMAX")): Object: 'Object Repository/WIZARD/0Principal/img_ModeloDeNegocioMAX' is clicked on

2023-08-14 08:19:02 - [MESSAGE][PASSED] - Object: 'Object Repository/WIZARD/0Principal/img_ModeloDeNegocioMAX' is clicked on

2023-08-14 08:19:02 - [TEST_STEP][PASSED] - delay(3): Delayed 3 second(s)

2023-08-14 08:19:05 - [MESSAGE][PASSED] - Delayed 3 second(s)

2023-08-14 08:19:05 - [TEST_STEP][PASSED] - click(findTestObject("WIZARD/1Modelo De Negocio/00Menu/span_Elementos")): Object: 'Object Repository/WIZARD/1Modelo De Negocio/00Menu/span_Elementos' is clicked on

2023-08-14 08:19:05 - [MESSAGE][PASSED] - Object: 'Object Repository/WIZARD/1Modelo De Negocio/00Menu/span_Elementos' is clicked on

2023-08-14 08:19:05 - [TEST_STEP][PASSED] - delay(3): Delayed 3 second(s)

2023-08-14 08:19:08 - [MESSAGE][PASSED] - Delayed 3 second(s)

2023-08-14 08:19:08 - [TEST_STEP][PASSED] - click(findTestObject("WIZARD/1Modelo De Negocio/2Elementos/Nivel/option_3Servicio")): Object: 'Object Repository/WIZARD/1Modelo De Negocio/2Elementos/Nivel/option_3Servicio' is clicked on

2023-08-14 08:19:09 - [MESSAGE][PASSED] - Object: 'Object Repository/WIZARD/1Modelo De Negocio/2Elementos/Nivel/option_3Servicio' is clicked on

2023-08-14 08:19:09 - [TEST_STEP][PASSED] - delay(3): Delayed 3 second(s)

2023-08-14 08:19:12 - [MESSAGE][PASSED] - Delayed 3 second(s)

2023-08-14 08:19:12 - [TEST_STEP][PASSED] - click(findTestObject("WIZARD/1Modelo De Negocio/2Elementos/Nivel/Servicio/td_SRVO1")): Object: 'Object Repository/WIZARD/1Modelo De Negocio/2Elementos/Nivel/Servicio/td_SRVO1' is clicked on

2023-08-14 08:19:12 - [MESSAGE][PASSED] - Object: 'Object Repository/WIZARD/1Modelo De Negocio/2Elementos/Nivel/Servicio/td_SRVO1' is clicked on

2023-08-14 08:19:12 - [TEST_STEP][PASSED] - delay(3): Delayed 3 second(s)

2023-08-14 08:19:15 - [MESSAGE][PASSED] - Delayed 3 second(s)

2023-08-14 08:19:15 - [TEST_STEP][PASSED] - setText(findTestObject("WIZARD/1Modelo De Negocio/2Elementos/Edicion de Elementos/input_Nombre Elemento"), "Información"): Text 'Información' is set on object 'Object Repository/WIZARD/1Modelo De Negocio/2Elementos/Edicion de Elementos/input_Nombre Elemento'

2023-08-14 08:19:16 - [MESSAGE][PASSED] - Text 'Información' is set on object 'Object Repository/WIZARD/1Modelo De Negocio/2Elementos/Edicion de Elementos/input_Nombre Elemento'

2023-08-14 08:19:16 - [TEST_STEP][PASSED] - setText(findTestObject("WIZARD/1Modelo De Negocio/2Elementos/Edicion de Elementos/input_Descripcion Elemento"), "Información"): Text 'Información' is set on object 'Object Repository/WIZARD/1Modelo De Negocio/2Elementos/Edicion de Elementos/input_Descripcion Elemento'

2023-08-14 08:19:17 - [MESSAGE][PASSED] - Text 'Información' is set on object 'Object Repository/WIZARD/1Modelo De Negocio/2Elementos/Edicion de Elementos/input_Descripcion Elemento'

2023-08-14 08:19:17 - [TEST_STEP][PASSED] - executeJavaScript("return document.getElementById('ContentPlaceHolder1_lnkTiempoMaxAtencion').click()", []): Execute JavaScript 'return document.getElementById('ContentPlaceHolder1_lnkTiempoMaxAtencion').click()' successfully

2023-08-14 08:19:17 - [MESSAGE][PASSED] - Execute JavaScript 'return document.getElementById('ContentPlaceHolder1_lnkTiempoMaxAtencion').click()' successfully

2023-08-14 08:19:17 - [TEST_STEP][PASSED] - delay(2): Delayed 2 second(s)

2023-08-14 08:19:19 - [MESSAGE][PASSED] - Delayed 2 second(s)

2023-08-14 08:19:19 - [TEST_STEP][PASSED] - executeJavaScript("return document.getElementById('ContentPlaceHolder1_TimeSpanControlMaxTiempo_txtMinuto').value=10", []): Execute JavaScript 'return document.getElementById('ContentPlaceHolder1_TimeSpanControlMaxTiempo_txtMinuto').value=10' successfully

2023-08-14 08:19:19 - [MESSAGE][PASSED] - Execute JavaScript 'return document.getElementById('ContentPlaceHolder1_TimeSpanControlMaxTiempo_txtMinuto').value=10' successfully

2023-08-14 08:19:19 - [TEST_STEP][PASSED] - delay(5): Delayed 5 second(s)

2023-08-14 08:19:24 - [MESSAGE][PASSED] - Delayed 5 second(s)

2023-08-14 08:19:24 - [TEST_STEP][PASSED] - click(findTestObject("WIZARD/1Modelo De Negocio/2ModalTiempoMaxAtencion/btn_Aceptar")): Object: 'Object Repository/WIZARD/1Modelo De Negocio/2ModalTiempoMaxAtencion/btn_Aceptar' is clicked on

2023-08-14 08:19:24 - [MESSAGE][PASSED] - Object: 'Object Repository/WIZARD/1Modelo De Negocio/2ModalTiempoMaxAtencion/btn_Aceptar' is clicked on

2023-08-14 08:19:24 - [TEST_STEP][PASSED] - delay(3): Delayed 3 second(s)

2023-08-14 08:19:27 - [MESSAGE][PASSED] - Delayed 3 second(s)

2023-08-14 08:19:27 - [TEST_STEP][PASSED] - executeJavaScript("return document.getElementById('ContentPlaceHolder1_lnkTiempoControaldoAtencion').click()", []): Execute JavaScript 'return document.getElementById('ContentPlaceHolder1_lnkTiempoControaldoAtencion').click()' successfully

2023-08-14 08:19:27 - [MESSAGE][PASSED] - Execute JavaScript 'return document.getElementById('ContentPlaceHolder1_lnkTiempoControaldoAtencion').click()' successfully

2023-08-14 08:19:27 - [TEST_STEP][PASSED] - delay(2): Delayed 2 second(s)

2023-08-14 08:19:29 - [MESSAGE][PASSED] - Delayed 2 second(s)

2023-08-14 08:19:29 - [TEST_STEP][PASSED] - executeJavaScript("return document.getElementById('ContentPlaceHolder1_TimeSpanControlTiempoControlado_txtMinuto').value=5", []): Execute JavaScript 'return document.getElementById('ContentPlaceHolder1_TimeSpanControlTiempoControlado_txtMinuto').value=5' successfully

2023-08-14 08:19:29 - [MESSAGE][PASSED] - Execute JavaScript 'return document.getElementById('ContentPlaceHolder1_TimeSpanControlTiempoControlado_txtMinuto').value=5' successfully

2023-08-14 08:19:29 - [TEST_STEP][PASSED] - delay(5): Delayed 5 second(s)

2023-08-14 08:19:34 - [MESSAGE][PASSED] - Delayed 5 second(s)

2023-08-14 08:19:34 - [TEST_STEP][PASSED] - click(findTestObject("WIZARD/1Modelo De Negocio/2Modal Tiempo Controlado de atencion/btn_Aceptar")): Object: 'Object Repository/WIZARD/1Modelo De Negocio/2Modal Tiempo Controlado de atencion/btn_Aceptar' is clicked on

2023-08-14 08:19:35 - [MESSAGE][PASSED] - Object: 'Object Repository/WIZARD/1Modelo De Negocio/2Modal Tiempo Controlado de atencion/btn_Aceptar' is clicked on

2023-08-14 08:19:35 - [TEST_STEP][PASSED] - delay(3): Delayed 3 second(s)

2023-08-14 08:19:38 - [MESSAGE][PASSED] - Delayed 3 second(s)

2023-08-14 08:19:38 - [TEST_STEP][PASSED] - click(findTestObject("WIZARD/1Modelo De Negocio/2Elementos/Edicion de Elementos/btn_Actualizar")): Object: 'Object Repository/WIZARD/1Modelo De Negocio/2Elementos/Edicion de Elementos/btn_Actualizar' is clicked on

2023-08-14 08:19:38 - [MESSAGE][PASSED] - Object: 'Object Repository/WIZARD/1Modelo De Negocio/2Elementos/Edicion de Elementos/btn_Actualizar' is clicked on

2023-08-14 08:19:38 - [TEST_STEP][PASSED] - delay(20): Delayed 20 second(s)

2023-08-14 08:19:58 - [MESSAGE][PASSED] - Delayed 20 second(s)

2023-08-14 08:19:58 - [TEST_STEP][PASSED] - click(findTestObject("WIZARD/1Modelo De Negocio/2Elementos/Nivel/Servicio/td_SRVO2")): Object: 'Object Repository/WIZARD/1Modelo De Negocio/2Elementos/Nivel/Servicio/td_SRVO2' is clicked on

2023-08-14 08:19:59 - [MESSAGE][PASSED] - Object: 'Object Repository/WIZARD/1Modelo De Negocio/2Elementos/Nivel/Servicio/td_SRVO2' is clicked on

2023-08-14 08:19:59 - [TEST_STEP][PASSED] - delay(3): Delayed 3 second(s)

2023-08-14 08:20:02 - [MESSAGE][PASSED] - Delayed 3 second(s)

2023-08-14 08:20:02 - [TEST_STEP][PASSED] - setText(findTestObject("WIZARD/1Modelo De Negocio/2Elementos/Edicion de Elementos/input_Nombre Elemento"), "Radicaciones"): Text 'Radicaciones' is set on object 'Object Repository/WIZARD/1Modelo De Negocio/2Elementos/Edicion de Elementos/input_Nombre Elemento'

2023-08-14 08:20:03 - [MESSAGE][PASSED] - Text 'Radicaciones' is set on object 'Object Repository/WIZARD/1Modelo De Negocio/2Elementos/Edicion de Elementos/input_Nombre Elemento'

2023-08-14 08:20:03 - [TEST_STEP][PASSED] - setText(findTestObject("WIZARD/1Modelo De Negocio/2Elementos/Edicion de Elementos/input_Descripcion Elemento"), "Radicaciones"): Text 'Radicaciones' is set on object 'Object Repository/WIZARD/1Modelo De Negocio/2Elementos/Edicion de Elementos/input_Descripcion Elemento'

2023-08-14 08:20:03 - [MESSAGE][PASSED] - Text 'Radicaciones' is set on object 'Object Repository/WIZARD/1Modelo De Negocio/2Elementos/Edicion de Elementos/input_Descripcion Elemento'

2023-08-14 08:20:03 - [TEST_STEP][PASSED] - executeJavaScript("return document.getElementById('ContentPlaceHolder1_lnkTiempoMaxAtencion').click()", []): Execute JavaScript 'return document.getElementById('ContentPlaceHolder1_lnkTiempoMaxAtencion').click()' successfully

2023-08-14 08:20:04 - [MESSAGE][PASSED] - Execute JavaScript 'return document.getElementById('ContentPlaceHolder1_lnkTiempoMaxAtencion').click()' successfully

2023-08-14 08:20:04 - [TEST_STEP][PASSED] - delay(2): Delayed 2 second(s)

2023-08-14 08:20:06 - [MESSAGE][PASSED] - Delayed 2 second(s)

2023-08-14 08:20:06 - [TEST_STEP][PASSED] - executeJavaScript("return document.getElementById('ContentPlaceHolder1_TimeSpanControlMaxTiempo_txtMinuto').value=10", []): Execute JavaScript 'return document.getElementById('ContentPlaceHolder1_TimeSpanControlMaxTiempo_txtMinuto').value=10' successfully

2023-08-14 08:20:06 - [MESSAGE][PASSED] - Execute JavaScript 'return document.getElementById('ContentPlaceHolder1_TimeSpanControlMaxTiempo_txtMinuto').value=10' successfully

2023-08-14 08:20:06 - [TEST_STEP][PASSED] - delay(5): Delayed 5 second(s)

2023-08-14 08:20:11 - [MESSAGE][PASSED] - Delayed 5 second(s)

2023-08-14 08:20:11 - [TEST_STEP][PASSED] - click(findTestObject("WIZARD/1Modelo De Negocio/2ModalTiempoMaxAtencion/btn_Aceptar")): Object: 'Object Repository/WIZARD/1Modelo De Negocio/2ModalTiempoMaxAtencion/btn_Aceptar' is clicked on

2023-08-14 08:20:11 - [MESSAGE][PASSED] - Object: 'Object Repository/WIZARD/1Modelo De Negocio/2ModalTiempoMaxAtencion/btn_Aceptar' is clicked on

2023-08-14 08:20:11 - [TEST_STEP][PASSED] - delay(3): Delayed 3 second(s)

2023-08-14 08:20:14 - [MESSAGE][PASSED] - Delayed 3 second(s)

2023-08-14 08:20:14 - [TEST_STEP][PASSED] - executeJavaScript("return document.getElementById('ContentPlaceHolder1_lnkTiempoControaldoAtencion').click()", []): Execute JavaScript 'return document.getElementById('ContentPlaceHolder1_lnkTiempoControaldoAtencion').click()' successfully

2023-08-14 08:20:14 - [MESSAGE][PASSED] - Execute JavaScript 'return document.getElementById('ContentPlaceHolder1_lnkTiempoControaldoAtencion').click()' successfully

2023-08-14 08:20:14 - [TEST_STEP][PASSED] - delay(2): Delayed 2 second(s)

2023-08-14 08:20:16 - [MESSAGE][PASSED] - Delayed 2 second(s)

2023-08-14 08:20:16 - [TEST_STEP][PASSED] - executeJavaScript("return document.getElementById('ContentPlaceHolder1_TimeSpanControlTiempoControlado_txtMinuto').value=5", []): Execute JavaScript 'return document.getElementById('ContentPlaceHolder1_TimeSpanControlTiempoControlado_txtMinuto').value=5' successfully

2023-08-14 08:20:16 - [MESSAGE][PASSED] - Execute JavaScript 'return document.getElementById('ContentPlaceHolder1_TimeSpanControlTiempoControlado_txtMinuto').value=5' successfully

2023-08-14 08:20:16 - [TEST_STEP][PASSED] - delay(5): Delayed 5 second(s)

2023-08-14 08:20:21 - [MESSAGE][PASSED] - Delayed 5 second(s)

2023-08-14 08:20:21 - [TEST_STEP][PASSED] - click(findTestObject("WIZARD/1Modelo De Negocio/2Modal Tiempo Controlado de atencion/btn_Aceptar")): Object: 'Object Repository/WIZARD/1Modelo De Negocio/2Modal Tiempo Controlado de atencion/btn_Aceptar' is clicked on

2023-08-14 08:20:22 - [MESSAGE][PASSED] - Object: 'Object Repository/WIZARD/1Modelo De Negocio/2Modal Tiempo Controlado de atencion/btn_Aceptar' is clicked on

2023-08-14 08:20:22 - [TEST_STEP][PASSED] - delay(3): Delayed 3 second(s)

2023-08-14 08:20:25 - [MESSAGE][PASSED] - Delayed 3 second(s)

2023-08-14 08:20:25 - [TEST_STEP][PASSED] - click(findTestObject("WIZARD/1Modelo De Negocio/2Elementos/Edicion de Elementos/btn_Actualizar")): Object: 'Object Repository/WIZARD/1Modelo De Negocio/2Elementos/Edicion de Elementos/btn_Actualizar' is clicked on

2023-08-14 08:20:25 - [MESSAGE][PASSED] - Object: 'Object Repository/WIZARD/1Modelo De Negocio/2Elementos/Edicion de Elementos/btn_Actualizar' is clicked on

2023-08-14 08:20:25 - [TEST_STEP][PASSED] - delay(20): Delayed 20 second(s)

2023-08-14 08:20:45 - [MESSAGE][PASSED] - Delayed 20 second(s)

2023-08-14 08:20:45 - [TEST_STEP][PASSED] - click(findTestObject("WIZARD/1Modelo De Negocio/2Elementos/Nivel/Servicio/td_SRVO3")): Object: 'Object Repository/WIZARD/1Modelo De Negocio/2Elementos/Nivel/Servicio/td_SRVO3' is clicked on

2023-08-14 08:20:45 - [MESSAGE][PASSED] - Object: 'Object Repository/WIZARD/1Modelo De Negocio/2Elementos/Nivel/Servicio/td_SRVO3' is clicked on

2023-08-14 08:20:45 - [TEST_STEP][PASSED] - delay(3): Delayed 3 second(s)

2023-08-14 08:20:48 - [MESSAGE][PASSED] - Delayed 3 second(s)

2023-08-14 08:20:48 - [TEST_STEP][PASSED] - setText(findTestObject("WIZARD/1Modelo De Negocio/2Elementos/Edicion de Elementos/input_Nombre Elemento"), "PQRS"): Text 'PQRS' is set on object 'Object Repository/WIZARD/1Modelo De Negocio/2Elementos/Edicion de Elementos/input_Nombre Elemento'

2023-08-14 08:20:49 - [MESSAGE][PASSED] - Text 'PQRS' is set on object 'Object Repository/WIZARD/1Modelo De Negocio/2Elementos/Edicion de Elementos/input_Nombre Elemento'

2023-08-14 08:20:49 - [TEST_STEP][PASSED] - setText(findTestObject("WIZARD/1Modelo De Negocio/2Elementos/Edicion de Elementos/input_Descripcion Elemento"), "PQRS"): Text 'PQRS' is set on object 'Object Repository/WIZARD/1Modelo De Negocio/2Elementos/Edicion de Elementos/input_Descripcion Elemento'

2023-08-14 08:20:50 - [MESSAGE][PASSED] - Text 'PQRS' is set on object 'Object Repository/WIZARD/1Modelo De Negocio/2Elementos/Edicion de Elementos/input_Descripcion Elemento'

2023-08-14 08:20:50 - [TEST_STEP][PASSED] - executeJavaScript("return document.getElementById('ContentPlaceHolder1_lnkTiempoMaxAtencion').click()", []): Execute JavaScript 'return document.getElementById('ContentPlaceHolder1_lnkTiempoMaxAtencion').click()' successfully

2023-08-14 08:20:50 - [MESSAGE][PASSED] - Execute JavaScript 'return document.getElementById('ContentPlaceHolder1_lnkTiempoMaxAtencion').click()' successfully

2023-08-14 08:20:50 - [TEST_STEP][PASSED] - delay(2): Delayed 2 second(s)

2023-08-14 08:20:52 - [MESSAGE][PASSED] - Delayed 2 second(s)

2023-08-14 08:20:52 - [TEST_STEP][PASSED] - executeJavaScript("return document.getElementById('ContentPlaceHolder1_TimeSpanControlMaxTiempo_txtMinuto').value=10", []): Execute JavaScript 'return document.getElementById('ContentPlaceHolder1_TimeSpanControlMaxTiempo_txtMinuto').value=10' successfully

2023-08-14 08:20:52 - [MESSAGE][PASSED] - Execute JavaScript 'return document.getElementById('ContentPlaceHolder1_TimeSpanControlMaxTiempo_txtMinuto').value=10' successfully

2023-08-14 08:20:52 - [TEST_STEP][PASSED] - delay(5): Delayed 5 second(s)

2023-08-14 08:20:57 - [MESSAGE][PASSED] - Delayed 5 second(s)

2023-08-14 08:20:57 - [TEST_STEP][PASSED] - click(findTestObject("WIZARD/1Modelo De Negocio/2ModalTiempoMaxAtencion/btn_Aceptar")): Object: 'Object Repository/WIZARD/1Modelo De Negocio/2ModalTiempoMaxAtencion/btn_Aceptar' is clicked on

2023-08-14 08:20:58 - [MESSAGE][PASSED] - Object: 'Object Repository/WIZARD/1Modelo De Negocio/2ModalTiempoMaxAtencion/btn_Aceptar' is clicked on

2023-08-14 08:20:58 - [TEST_STEP][PASSED] - delay(3): Delayed 3 second(s)

2023-08-14 08:21:01 - [MESSAGE][PASSED] - Delayed 3 second(s)

2023-08-14 08:21:01 - [TEST_STEP][PASSED] - executeJavaScript("return document.getElementById('ContentPlaceHolder1_lnkTiempoControaldoAtencion').click()", []): Execute JavaScript 'return document.getElementById('ContentPlaceHolder1_lnkTiempoControaldoAtencion').click()' successfully

2023-08-14 08:21:01 - [MESSAGE][PASSED] - Execute JavaScript 'return document.getElementById('ContentPlaceHolder1_lnkTiempoControaldoAtencion').click()' successfully

2023-08-14 08:21:01 - [TEST_STEP][PASSED] - delay(2): Delayed 2 second(s)

2023-08-14 08:21:03 - [MESSAGE][PASSED] - Delayed 2 second(s)

2023-08-14 08:21:03 - [TEST_STEP][PASSED] - executeJavaScript("return document.getElementById('ContentPlaceHolder1_TimeSpanControlTiempoControlado_txtMinuto').value=5", []): Execute JavaScript 'return document.getElementById('ContentPlaceHolder1_TimeSpanControlTiempoControlado_txtMinuto').value=5' successfully

2023-08-14 08:21:03 - [MESSAGE][PASSED] - Execute JavaScript 'return document.getElementById('ContentPlaceHolder1_TimeSpanControlTiempoControlado_txtMinuto').value=5' successfully

2023-08-14 08:21:03 - [TEST_STEP][PASSED] - delay(5): Delayed 5 second(s)

2023-08-14 08:21:08 - [MESSAGE][PASSED] - Delayed 5 second(s)

2023-08-14 08:21:08 - [TEST_STEP][PASSED] - click(findTestObject("WIZARD/1Modelo De Negocio/2Modal Tiempo Controlado de atencion/btn_Aceptar")): Object: 'Object Repository/WIZARD/1Modelo De Negocio/2Modal Tiempo Controlado de atencion/btn_Aceptar' is clicked on

2023-08-14 08:21:08 - [MESSAGE][PASSED] - Object: 'Object Repository/WIZARD/1Modelo De Negocio/2Modal Tiempo Controlado de atencion/btn_Aceptar' is clicked on

2023-08-14 08:21:08 - [TEST_STEP][PASSED] - delay(3): Delayed 3 second(s)

2023-08-14 08:21:11 - [MESSAGE][PASSED] - Delayed 3 second(s)

2023-08-14 08:21:11 - [TEST_STEP][PASSED] - click(findTestObject("WIZARD/1Modelo De Negocio/2Elementos/Edicion de Elementos/btn_Actualizar")): Object: 'Object Repository/WIZARD/1Modelo De Negocio/2Elementos/Edicion de Elementos/btn_Actualizar' is clicked on

2023-08-14 08:21:12 - [MESSAGE][PASSED] - Object: 'Object Repository/WIZARD/1Modelo De Negocio/2Elementos/Edicion de Elementos/btn_Actualizar' is clicked on

2023-08-14 08:21:12 - [TEST_STEP][PASSED] - delay(20): Delayed 20 second(s)

2023-08-14 08:21:32 - [MESSAGE][PASSED] - Delayed 20 second(s)

2023-08-14 08:21:32 - [TEST_STEP][PASSED] - takeFullPageScreenshot(): Taking screenshot successfully

2023-08-14 08:21:32 - [MESSAGE][INFO] - 0 hidden object(s)

2023-08-14 08:21:32 - [MESSAGE][PASSED] - Taking screenshot successfully
[[ATTACHMENT|C:\\CIEL INGENIERIA\\Katalon\\Digiturno55\\Reports\\20230814_081405\\WIZARD\\1Modelo De Negocio\\2.3 Creacion Elementos Servicios\\20230814_081412\\1692019292083.png]]

2023-08-14 08:21:32 - [TEST_STEP][PASSED] - delay(3): Delayed 3 second(s)

2023-08-14 08:21:35 - [MESSAGE][PASSED] - Delayed 3 second(s)

2023-08-14 08:21:35 - [TEST_STEP][PASSED] - Start listener action : sampleAfterTestCase: null]]></system-out>
         <system-err><![CDATA[]]></system-err>
      </testcase>
      <system-out><![CDATA[2023-08-14 08:18:48 - [TEST_SUITE][PASSED] - 2.3 Creacion Elementos Servicios: Test Cases/WIZARD/1Modelo De Negocio/2.3 Creacion Elementos Servicios]]></system-out>
      <system-err><![CDATA[]]></system-err>
   </testsuite>
</testsuites>
