<?xml version="1.0" encoding="UTF-8"?>
<testsuites name="3.3 Agregar al arbol Servicios" time="58.758" tests="1" failures="0" errors="0">
   <testsuite name="3.3 Agregar al arbol Servicios" tests="1" failures="0" errors="0" time="58.758" skipped="0" timestamp="2024-01-15 09:25:29" hostname="jdavila - PCPruebas101.ciel.cielingenieria.com" id="Test Suites/WIZARD/1Modelo De Negocio/3.3 Agregar al arbol Servicios">
      <properties>
         <property name="deviceName" value=""/>
         <property name="devicePlatform" value=""/>
         <property name="logFolder" value="C:\\CIEL INGENIERIA\\Katalon\\Digiturno55\\Reports\\20240115_091123\\WIZARD\\1Modelo De Negocio\\3.3 Agregar al arbol Servicios\\20240115_091142"/>
         <property name="logFiles" value="C:\\CIEL INGENIERIA\\Katalon\\Digiturno55\\Reports\\20240115_091123\\WIZARD\\1Modelo De Negocio\\3.3 Agregar al arbol Servicios\\20240115_091142\\execution0.log"/>
         <property name="attachments" value="C:\\CIEL INGENIERIA\\Katalon\\Digiturno55\\Reports\\20240115_091123\\WIZARD\\1Modelo De Negocio\\3.3 Agregar al arbol Servicios\\20240115_091142\\1705328784919.png"/>
         <property name="hostName" value="jdavila - PCPruebas101.ciel.cielingenieria.com"/>
         <property name="os" value="Windows 10 64bit"/>
         <property name="katalonVersion" value="8.6.8.208"/>
         <property name="browser" value="Chrome 120.0.0.0"/>
         <property name="hostAddress" value="192.168.0.9"/>
         <property name="sessionId" value="f7524f9ee8f2237372e329db79503e97"/>
         <property name="seleniumVersion" value="3.141.59"/>
         <property name="proxyInformation" value="ProxyInformation { proxyOption=NO_PROXY, proxyServerType=HTTP, username=, password=********, proxyServerAddress=, proxyServerPort=0, executionList=&quot;&quot;, isApplyToDesiredCapabilities=true }"/>
         <property name="platform" value="Windows 10"/>
      </properties>
      <testcase name="Test Cases/WIZARD/1Modelo De Negocio/3.3 Agregar al arbol Servicios" time="58.475" classname="Test Cases/WIZARD/1Modelo De Negocio/3.3 Agregar al arbol Servicios" status="PASSED">
         <system-out><![CDATA[2024-01-15 09:25:30 - [TEST_CASE][PASSED] - Test Cases/WIZARD/1Modelo De Negocio/3.3 Agregar al arbol Servicios: Test Cases/WIZARD/1Modelo De Negocio/3.3 Agregar al arbol Servicios

2024-01-15 09:25:30 - [TEST_STEP][PASSED] - callTestCase(findTestCase("0InicioSesion"), [:], STOP_ON_FAILURE): Call Test Case 'Test Cases/0InicioSesion' successfully

2024-01-15 09:25:30 - [TEST_CASE][PASSED] - Test Cases/0InicioSesion: Test Cases/0InicioSesion

2024-01-15 09:25:31 - [TEST_STEP][PASSED] - openBrowser(UrlDigiturno): Browser is opened with url: 'https://PCPruebas101.ciel.cielingenieria.com:8610'

2024-01-15 09:25:31 - [MESSAGE][INFO] - Starting 'Chrome' driver

2024-01-15 09:25:32 - [MESSAGE][INFO] - User set preference: ['args', '[--use-fake-ui-for-media-stream, --disable-notifications]']

2024-01-15 09:25:32 - [MESSAGE][INFO] - Action delay is set to 0 milliseconds

2024-01-15 09:25:35 - [MESSAGE][PASSED] - Browser is opened with url: 'https://PCPruebas101.ciel.cielingenieria.com:8610'

2024-01-15 09:25:35 - [TEST_STEP][PASSED] - maximizeWindow(): Current window maximized

2024-01-15 09:25:35 - [MESSAGE][PASSED] - Current window maximized

2024-01-15 09:25:35 - [TEST_STEP][PASSED] - delay(3): Delayed 3 second(s)

2024-01-15 09:25:38 - [MESSAGE][PASSED] - Delayed 3 second(s)

2024-01-15 09:25:38 - [TEST_STEP][PASSED] - setText(findTestObject("0Inicio Sesion/input_Usuario"), "Ciel"): Text 'Ciel' is set on object 'Object Repository/0Inicio Sesion/input_Usuario'

2024-01-15 09:25:39 - [MESSAGE][PASSED] - Text 'Ciel' is set on object 'Object Repository/0Inicio Sesion/input_Usuario'

2024-01-15 09:25:39 - [TEST_STEP][PASSED] - setText(findTestObject("0Inicio Sesion/input_Clave"), "digiturno"): Text 'digiturno' is set on object 'Object Repository/0Inicio Sesion/input_Clave'

2024-01-15 09:25:40 - [MESSAGE][PASSED] - Text 'digiturno' is set on object 'Object Repository/0Inicio Sesion/input_Clave'

2024-01-15 09:25:40 - [TEST_STEP][PASSED] - click(findTestObject("0Inicio Sesion/btn_IniciarSesion")): Object: 'Object Repository/0Inicio Sesion/btn_IniciarSesion' is clicked on

2024-01-15 09:25:40 - [MESSAGE][PASSED] - Object: 'Object Repository/0Inicio Sesion/btn_IniciarSesion' is clicked on

2024-01-15 09:25:40 - [TEST_STEP][PASSED] - delay(3): Delayed 3 second(s)

2024-01-15 09:25:43 - [MESSAGE][PASSED] - Delayed 3 second(s)

2024-01-15 09:25:43 - [MESSAGE][PASSED] - Call Test Case 'Test Cases/0InicioSesion' successfully

2024-01-15 09:25:43 - [TEST_STEP][PASSED] - click(findTestObject("WIZARD/0Principal/img_ModeloDeNegocioMAX")): Object: 'Object Repository/WIZARD/0Principal/img_ModeloDeNegocioMAX' is clicked on

2024-01-15 09:25:44 - [MESSAGE][PASSED] - Object: 'Object Repository/WIZARD/0Principal/img_ModeloDeNegocioMAX' is clicked on

2024-01-15 09:25:44 - [TEST_STEP][PASSED] - delay(3): Delayed 3 second(s)

2024-01-15 09:25:47 - [MESSAGE][PASSED] - Delayed 3 second(s)

2024-01-15 09:25:47 - [TEST_STEP][PASSED] - setText(findTestObject("WIZARD/1Modelo De Negocio/0ArbolDeJerarquia/input_cajaBusqueda"), "Preferencial (P)"): Text 'Preferencial (P)' is set on object 'Object Repository/WIZARD/1Modelo De Negocio/0ArbolDeJerarquia/input_cajaBusqueda'

2024-01-15 09:25:48 - [MESSAGE][PASSED] - Text 'Preferencial (P)' is set on object 'Object Repository/WIZARD/1Modelo De Negocio/0ArbolDeJerarquia/input_cajaBusqueda'

2024-01-15 09:25:48 - [TEST_STEP][PASSED] - delay(3): Delayed 3 second(s)

2024-01-15 09:25:51 - [MESSAGE][PASSED] - Delayed 3 second(s)

2024-01-15 09:25:51 - [TEST_STEP][PASSED] - rightClick(findTestObject("WIZARD/1Modelo De Negocio/0ArbolDeJerarquia/1Preferencial/span_3 Preferencial (P)")): Object: 'Object Repository/WIZARD/1Modelo De Negocio/0ArbolDeJerarquia/1Preferencial/span_3 Preferencial (P)' is right clicked on

2024-01-15 09:25:52 - [MESSAGE][PASSED] - Object: 'Object Repository/WIZARD/1Modelo De Negocio/0ArbolDeJerarquia/1Preferencial/span_3 Preferencial (P)' is right clicked on

2024-01-15 09:25:52 - [TEST_STEP][PASSED] - mouseOver(findTestObject("WIZARD/1Modelo De Negocio/0ArbolDeJerarquia/1Preferencial/span_Elemento")): Object: 'Object Repository/WIZARD/1Modelo De Negocio/0ArbolDeJerarquia/1Preferencial/span_Elemento' is hovered

2024-01-15 09:25:52 - [MESSAGE][PASSED] - Object: 'Object Repository/WIZARD/1Modelo De Negocio/0ArbolDeJerarquia/1Preferencial/span_Elemento' is hovered

2024-01-15 09:25:52 - [TEST_STEP][PASSED] - delay(2): Delayed 2 second(s)

2024-01-15 09:25:54 - [MESSAGE][PASSED] - Delayed 2 second(s)

2024-01-15 09:25:54 - [TEST_STEP][PASSED] - click(findTestObject("WIZARD/1Modelo De Negocio/0ArbolDeJerarquia/1Preferencial/span_Elemento(1)/span_Agregar Elementos")): Object: 'Object Repository/WIZARD/1Modelo De Negocio/0ArbolDeJerarquia/1Preferencial/span_Elemento(1)/span_Agregar Elementos' is clicked on

2024-01-15 09:25:55 - [MESSAGE][PASSED] - Object: 'Object Repository/WIZARD/1Modelo De Negocio/0ArbolDeJerarquia/1Preferencial/span_Elemento(1)/span_Agregar Elementos' is clicked on

2024-01-15 09:25:55 - [TEST_STEP][PASSED] - delay(3): Delayed 3 second(s)

2024-01-15 09:25:58 - [MESSAGE][PASSED] - Delayed 3 second(s)

2024-01-15 09:25:58 - [TEST_STEP][PASSED] - click(findTestObject("WIZARD/1Modelo De Negocio/0ArbolDeJerarquia/1Preferencial/span_Elemento(1)/span_Agregar Elementos(1)/label_Informacion")): Object: 'Object Repository/WIZARD/1Modelo De Negocio/0ArbolDeJerarquia/1Preferencial/span_Elemento(1)/span_Agregar Elementos(1)/label_Informacion' is clicked on

2024-01-15 09:25:58 - [MESSAGE][PASSED] - Object: 'Object Repository/WIZARD/1Modelo De Negocio/0ArbolDeJerarquia/1Preferencial/span_Elemento(1)/span_Agregar Elementos(1)/label_Informacion' is clicked on

2024-01-15 09:25:58 - [TEST_STEP][PASSED] - click(findTestObject("WIZARD/1Modelo De Negocio/0ArbolDeJerarquia/1Preferencial/span_Elemento(1)/span_Agregar Elementos(1)/label_PQRS")): Object: 'Object Repository/WIZARD/1Modelo De Negocio/0ArbolDeJerarquia/1Preferencial/span_Elemento(1)/span_Agregar Elementos(1)/label_PQRS' is clicked on

2024-01-15 09:25:58 - [MESSAGE][PASSED] - Object: 'Object Repository/WIZARD/1Modelo De Negocio/0ArbolDeJerarquia/1Preferencial/span_Elemento(1)/span_Agregar Elementos(1)/label_PQRS' is clicked on

2024-01-15 09:25:58 - [TEST_STEP][PASSED] - click(findTestObject("WIZARD/1Modelo De Negocio/0ArbolDeJerarquia/1Preferencial/span_Elemento(1)/span_Agregar Elementos(1)/label_Radicaciones")): Object: 'Object Repository/WIZARD/1Modelo De Negocio/0ArbolDeJerarquia/1Preferencial/span_Elemento(1)/span_Agregar Elementos(1)/label_Radicaciones' is clicked on

2024-01-15 09:25:59 - [MESSAGE][PASSED] - Object: 'Object Repository/WIZARD/1Modelo De Negocio/0ArbolDeJerarquia/1Preferencial/span_Elemento(1)/span_Agregar Elementos(1)/label_Radicaciones' is clicked on

2024-01-15 09:25:59 - [TEST_STEP][PASSED] - delay(3): Delayed 3 second(s)

2024-01-15 09:26:02 - [MESSAGE][PASSED] - Delayed 3 second(s)

2024-01-15 09:26:02 - [TEST_STEP][PASSED] - click(findTestObject("WIZARD/1Modelo De Negocio/0ArbolDeJerarquia/1Preferencial/span_Elemento(1)/span_Agregar Elementos(1)/btn_Agregar")): Object: 'Object Repository/WIZARD/1Modelo De Negocio/0ArbolDeJerarquia/1Preferencial/span_Elemento(1)/span_Agregar Elementos(1)/btn_Agregar' is clicked on

2024-01-15 09:26:02 - [MESSAGE][PASSED] - Object: 'Object Repository/WIZARD/1Modelo De Negocio/0ArbolDeJerarquia/1Preferencial/span_Elemento(1)/span_Agregar Elementos(1)/btn_Agregar' is clicked on

2024-01-15 09:26:02 - [TEST_STEP][PASSED] - delay(3): Delayed 3 second(s)

2024-01-15 09:26:05 - [MESSAGE][PASSED] - Delayed 3 second(s)

2024-01-15 09:26:05 - [TEST_STEP][PASSED] - setText(findTestObject("WIZARD/1Modelo De Negocio/0ArbolDeJerarquia/input_cajaBusqueda"), "General (G)"): Text 'General (G)' is set on object 'Object Repository/WIZARD/1Modelo De Negocio/0ArbolDeJerarquia/input_cajaBusqueda'

2024-01-15 09:26:06 - [MESSAGE][PASSED] - Text 'General (G)' is set on object 'Object Repository/WIZARD/1Modelo De Negocio/0ArbolDeJerarquia/input_cajaBusqueda'

2024-01-15 09:26:06 - [TEST_STEP][PASSED] - delay(3): Delayed 3 second(s)

2024-01-15 09:26:09 - [MESSAGE][PASSED] - Delayed 3 second(s)

2024-01-15 09:26:09 - [TEST_STEP][PASSED] - rightClick(findTestObject("WIZARD/1Modelo De Negocio/0ArbolDeJerarquia/1General/span_2 General (G)")): Object: 'Object Repository/WIZARD/1Modelo De Negocio/0ArbolDeJerarquia/1General/span_2 General (G)' is right clicked on

2024-01-15 09:26:09 - [MESSAGE][PASSED] - Object: 'Object Repository/WIZARD/1Modelo De Negocio/0ArbolDeJerarquia/1General/span_2 General (G)' is right clicked on

2024-01-15 09:26:09 - [TEST_STEP][PASSED] - mouseOver(findTestObject("WIZARD/1Modelo De Negocio/0ArbolDeJerarquia/1General/span_Elemento")): Object: 'Object Repository/WIZARD/1Modelo De Negocio/0ArbolDeJerarquia/1General/span_Elemento' is hovered

2024-01-15 09:26:10 - [MESSAGE][PASSED] - Object: 'Object Repository/WIZARD/1Modelo De Negocio/0ArbolDeJerarquia/1General/span_Elemento' is hovered

2024-01-15 09:26:10 - [TEST_STEP][PASSED] - delay(2): Delayed 2 second(s)

2024-01-15 09:26:12 - [MESSAGE][PASSED] - Delayed 2 second(s)

2024-01-15 09:26:12 - [TEST_STEP][PASSED] - click(findTestObject("WIZARD/1Modelo De Negocio/0ArbolDeJerarquia/1General/span_Elemento(1)/span_Agregar Elementos")): Object: 'Object Repository/WIZARD/1Modelo De Negocio/0ArbolDeJerarquia/1General/span_Elemento(1)/span_Agregar Elementos' is clicked on

2024-01-15 09:26:13 - [MESSAGE][PASSED] - Object: 'Object Repository/WIZARD/1Modelo De Negocio/0ArbolDeJerarquia/1General/span_Elemento(1)/span_Agregar Elementos' is clicked on

2024-01-15 09:26:13 - [TEST_STEP][PASSED] - delay(3): Delayed 3 second(s)

2024-01-15 09:26:16 - [MESSAGE][PASSED] - Delayed 3 second(s)

2024-01-15 09:26:16 - [TEST_STEP][PASSED] - click(findTestObject("WIZARD/1Modelo De Negocio/0ArbolDeJerarquia/1General/span_Elemento(1)/span_Agregar Elementos(1)/label_Informacion")): Object: 'Object Repository/WIZARD/1Modelo De Negocio/0ArbolDeJerarquia/1General/span_Elemento(1)/span_Agregar Elementos(1)/label_Informacion' is clicked on

2024-01-15 09:26:16 - [MESSAGE][PASSED] - Object: 'Object Repository/WIZARD/1Modelo De Negocio/0ArbolDeJerarquia/1General/span_Elemento(1)/span_Agregar Elementos(1)/label_Informacion' is clicked on

2024-01-15 09:26:16 - [TEST_STEP][PASSED] - click(findTestObject("WIZARD/1Modelo De Negocio/0ArbolDeJerarquia/1General/span_Elemento(1)/span_Agregar Elementos(1)/label_PQRS")): Object: 'Object Repository/WIZARD/1Modelo De Negocio/0ArbolDeJerarquia/1General/span_Elemento(1)/span_Agregar Elementos(1)/label_PQRS' is clicked on

2024-01-15 09:26:17 - [MESSAGE][PASSED] - Object: 'Object Repository/WIZARD/1Modelo De Negocio/0ArbolDeJerarquia/1General/span_Elemento(1)/span_Agregar Elementos(1)/label_PQRS' is clicked on

2024-01-15 09:26:17 - [TEST_STEP][PASSED] - click(findTestObject("WIZARD/1Modelo De Negocio/0ArbolDeJerarquia/1General/span_Elemento(1)/span_Agregar Elementos(1)/label_Radicaciones")): Object: 'Object Repository/WIZARD/1Modelo De Negocio/0ArbolDeJerarquia/1General/span_Elemento(1)/span_Agregar Elementos(1)/label_Radicaciones' is clicked on

2024-01-15 09:26:18 - [MESSAGE][PASSED] - Object: 'Object Repository/WIZARD/1Modelo De Negocio/0ArbolDeJerarquia/1General/span_Elemento(1)/span_Agregar Elementos(1)/label_Radicaciones' is clicked on

2024-01-15 09:26:18 - [TEST_STEP][PASSED] - delay(3): Delayed 3 second(s)

2024-01-15 09:26:21 - [MESSAGE][PASSED] - Delayed 3 second(s)

2024-01-15 09:26:21 - [TEST_STEP][PASSED] - click(findTestObject("WIZARD/1Modelo De Negocio/0ArbolDeJerarquia/1General/span_Elemento(1)/span_Agregar Elementos(1)/btn_Agregar")): Object: 'Object Repository/WIZARD/1Modelo De Negocio/0ArbolDeJerarquia/1General/span_Elemento(1)/span_Agregar Elementos(1)/btn_Agregar' is clicked on

2024-01-15 09:26:21 - [MESSAGE][PASSED] - Object: 'Object Repository/WIZARD/1Modelo De Negocio/0ArbolDeJerarquia/1General/span_Elemento(1)/span_Agregar Elementos(1)/btn_Agregar' is clicked on

2024-01-15 09:26:21 - [TEST_STEP][PASSED] - delay(3): Delayed 3 second(s)

2024-01-15 09:26:24 - [MESSAGE][PASSED] - Delayed 3 second(s)

2024-01-15 09:26:24 - [TEST_STEP][PASSED] - takeFullPageScreenshot(): Taking screenshot successfully

2024-01-15 09:26:25 - [MESSAGE][INFO] - 0 hidden object(s)

2024-01-15 09:26:25 - [MESSAGE][PASSED] - Taking screenshot successfully
[[ATTACHMENT|C:\\CIEL INGENIERIA\\Katalon\\Digiturno55\\Reports\\20240115_091123\\WIZARD\\1Modelo De Negocio\\3.3 Agregar al arbol Servicios\\20240115_091142\\1705328784919.png]]

2024-01-15 09:26:25 - [TEST_STEP][PASSED] - delay(3): Delayed 3 second(s)

2024-01-15 09:26:28 - [MESSAGE][PASSED] - Delayed 3 second(s)

2024-01-15 09:26:28 - [TEST_STEP][PASSED] - Start listener action : sampleAfterTestCase: null]]></system-out>
         <system-err><![CDATA[]]></system-err>
      </testcase>
      <system-out><![CDATA[2024-01-15 09:25:29 - [TEST_SUITE][PASSED] - 3.3 Agregar al arbol Servicios: Test Cases/WIZARD/1Modelo De Negocio/3.3 Agregar al arbol Servicios]]></system-out>
      <system-err><![CDATA[]]></system-err>
   </testsuite>
</testsuites>
