<?xml version="1.0" encoding="UTF-8"?>
<testsuites name="13 Perfiles Crear Actualizar Eliminar" time="124.408" tests="3" failures="0" errors="0">
   <testsuite name="13 Perfiles Crear Actualizar Eliminar" tests="3" failures="0" errors="0" time="124.408" skipped="0" timestamp="2023-08-14 14:16:57" hostname="jdavila - PCPruebas101.ciel.cielingenieria.com" id="Test Suites/DIGITURNO/BASICO/13 Perfiles Crear Actualizar Eliminar">
      <properties>
         <property name="deviceName" value=""/>
         <property name="devicePlatform" value=""/>
         <property name="logFolder" value="C:\\CIEL INGENIERIA\\Katalon\\Digiturno55\\Reports\\20230814_141235\\DIGITURNO\\BASICO\\13 Perfiles Crear Actualizar Eliminar\\20230814_141240"/>
         <property name="logFiles" value="C:\\CIEL INGENIERIA\\Katalon\\Digiturno55\\Reports\\20230814_141235\\DIGITURNO\\BASICO\\13 Perfiles Crear Actualizar Eliminar\\20230814_141240\\execution0.log"/>
         <property name="attachments" value="C:\\CIEL INGENIERIA\\Katalon\\Digiturno55\\Reports\\20230814_141235\\DIGITURNO\\BASICO\\13 Perfiles Crear Actualizar Eliminar\\20230814_141240\\1692040636884.png, C:\\CIEL INGENIERIA\\Katalon\\Digiturno55\\Reports\\20230814_141235\\DIGITURNO\\BASICO\\13 Perfiles Crear Actualizar Eliminar\\20230814_141240\\1692040652757.png, C:\\CIEL INGENIERIA\\Katalon\\Digiturno55\\Reports\\20230814_141235\\DIGITURNO\\BASICO\\13 Perfiles Crear Actualizar Eliminar\\20230814_141240\\1692040673526.png, C:\\CIEL INGENIERIA\\Katalon\\Digiturno55\\Reports\\20230814_141235\\DIGITURNO\\BASICO\\13 Perfiles Crear Actualizar Eliminar\\20230814_141240\\1692040696273.png, C:\\CIEL INGENIERIA\\Katalon\\Digiturno55\\Reports\\20230814_141235\\DIGITURNO\\BASICO\\13 Perfiles Crear Actualizar Eliminar\\20230814_141240\\1692040717902.png, C:\\CIEL INGENIERIA\\Katalon\\Digiturno55\\Reports\\20230814_141235\\DIGITURNO\\BASICO\\13 Perfiles Crear Actualizar Eliminar\\20230814_141240\\1692040738218.png"/>
         <property name="hostName" value="jdavila - PCPruebas101.ciel.cielingenieria.com"/>
         <property name="os" value="Windows 10 64bit"/>
         <property name="katalonVersion" value="8.6.0.208"/>
         <property name="browser" value="Chrome 115.0.0.0"/>
         <property name="hostAddress" value="192.168.0.33"/>
         <property name="sessionId" value="26dacdee52d2e6b0ec24c003abf739c3"/>
         <property name="seleniumVersion" value="3.141.59"/>
         <property name="proxyInformation" value="ProxyInformation { proxyOption=NO_PROXY, proxyServerType=HTTP, username=, password=********, proxyServerAddress=, proxyServerPort=0, executionList=&quot;&quot;, isApplyToDesiredCapabilities=true }"/>
         <property name="platform" value="Windows 10"/>
      </properties>
      <testcase name="Test Cases/DIGITURNO/BASICO/13 Perfiles Crear" time="37.698" classname="Test Cases/DIGITURNO/BASICO/13 Perfiles Crear" status="PASSED">
         <system-out><![CDATA[2023-08-14 14:16:57 - [TEST_CASE][PASSED] - Test Cases/DIGITURNO/BASICO/13 Perfiles Crear: Test Cases/DIGITURNO/BASICO/13 Perfiles Crear

2023-08-14 14:16:58 - [TEST_STEP][PASSED] - callTestCase(findTestCase("DIGITURNO/BASICO/5 Usuarios"), [:], STOP_ON_FAILURE): Call Test Case 'Test Cases/DIGITURNO/BASICO/5 Usuarios' successfully

2023-08-14 14:16:58 - [TEST_CASE][PASSED] - Test Cases/DIGITURNO/BASICO/5 Usuarios: Test Cases/DIGITURNO/BASICO/5 Usuarios

2023-08-14 14:16:58 - [TEST_STEP][PASSED] - callTestCase(findTestCase("0InicioSesion"), [:], STOP_ON_FAILURE): Call Test Case 'Test Cases/0InicioSesion' successfully

2023-08-14 14:16:58 - [TEST_CASE][PASSED] - Test Cases/0InicioSesion: Test Cases/0InicioSesion

2023-08-14 14:16:58 - [TEST_STEP][PASSED] - openBrowser(UrlDigiturno): Browser is opened with url: 'https://PCPruebas101.ciel.cielingenieria.com:8610'

2023-08-14 14:16:59 - [MESSAGE][INFO] - Starting 'Chrome' driver

2023-08-14 14:16:59 - [MESSAGE][INFO] - User set preference: ['args', '[--use-fake-ui-for-media-stream, --disable-notifications]']

2023-08-14 14:16:59 - [MESSAGE][INFO] - Action delay is set to 0 milliseconds

2023-08-14 14:17:01 - [MESSAGE][PASSED] - Browser is opened with url: 'https://PCPruebas101.ciel.cielingenieria.com:8610'

2023-08-14 14:17:01 - [TEST_STEP][PASSED] - maximizeWindow(): Current window maximized

2023-08-14 14:17:01 - [MESSAGE][PASSED] - Current window maximized

2023-08-14 14:17:01 - [TEST_STEP][PASSED] - delay(3): Delayed 3 second(s)

2023-08-14 14:17:04 - [MESSAGE][PASSED] - Delayed 3 second(s)

2023-08-14 14:17:04 - [TEST_STEP][PASSED] - setText(findTestObject("0Inicio Sesion/input_Usuario"), "Ciel"): Text 'Ciel' is set on object 'Object Repository/0Inicio Sesion/input_Usuario'

2023-08-14 14:17:05 - [MESSAGE][PASSED] - Text 'Ciel' is set on object 'Object Repository/0Inicio Sesion/input_Usuario'

2023-08-14 14:17:05 - [TEST_STEP][PASSED] - setText(findTestObject("0Inicio Sesion/input_Clave"), "digiturno"): Text 'digiturno' is set on object 'Object Repository/0Inicio Sesion/input_Clave'

2023-08-14 14:17:06 - [MESSAGE][PASSED] - Text 'digiturno' is set on object 'Object Repository/0Inicio Sesion/input_Clave'

2023-08-14 14:17:06 - [TEST_STEP][PASSED] - click(findTestObject("0Inicio Sesion/btn_IniciarSesion")): Object: 'Object Repository/0Inicio Sesion/btn_IniciarSesion' is clicked on

2023-08-14 14:17:06 - [MESSAGE][PASSED] - Object: 'Object Repository/0Inicio Sesion/btn_IniciarSesion' is clicked on

2023-08-14 14:17:06 - [TEST_STEP][PASSED] - delay(3): Delayed 3 second(s)

2023-08-14 14:17:09 - [MESSAGE][PASSED] - Delayed 3 second(s)

2023-08-14 14:17:09 - [MESSAGE][PASSED] - Call Test Case 'Test Cases/0InicioSesion' successfully

2023-08-14 14:17:09 - [TEST_STEP][PASSED] - click(findTestObject("DIGITURNO/1Principal/img_Configuracion(1)")): Object: 'Object Repository/DIGITURNO/1Principal/img_Configuracion(1)' is clicked on

2023-08-14 14:17:10 - [MESSAGE][PASSED] - Object: 'Object Repository/DIGITURNO/1Principal/img_Configuracion(1)' is clicked on

2023-08-14 14:17:10 - [TEST_STEP][PASSED] - delay(3): Delayed 3 second(s)

2023-08-14 14:17:13 - [MESSAGE][PASSED] - Delayed 3 second(s)

2023-08-14 14:17:13 - [TEST_STEP][PASSED] - click(findTestObject("DIGITURNO/CONFIGURACION/0Principal/img_4Usuarios")): Object: 'Object Repository/DIGITURNO/CONFIGURACION/0Principal/img_4Usuarios' is clicked on

2023-08-14 14:17:13 - [MESSAGE][PASSED] - Object: 'Object Repository/DIGITURNO/CONFIGURACION/0Principal/img_4Usuarios' is clicked on

2023-08-14 14:17:13 - [TEST_STEP][PASSED] - delay(3): Delayed 3 second(s)

2023-08-14 14:17:16 - [MESSAGE][PASSED] - Delayed 3 second(s)

2023-08-14 14:17:16 - [TEST_STEP][PASSED] - takeFullPageScreenshot(STOP_ON_FAILURE): Taking screenshot successfully

2023-08-14 14:17:17 - [MESSAGE][INFO] - 0 hidden object(s)

2023-08-14 14:17:17 - [MESSAGE][PASSED] - Taking screenshot successfully
[[ATTACHMENT|C:\\CIEL INGENIERIA\\Katalon\\Digiturno55\\Reports\\20230814_141235\\DIGITURNO\\BASICO\\13 Perfiles Crear Actualizar Eliminar\\20230814_141240\\1692040636884.png]]

2023-08-14 14:17:17 - [TEST_STEP][PASSED] - delay(3): Delayed 3 second(s)

2023-08-14 14:17:20 - [MESSAGE][PASSED] - Delayed 3 second(s)

2023-08-14 14:17:20 - [MESSAGE][PASSED] - Call Test Case 'Test Cases/DIGITURNO/BASICO/5 Usuarios' successfully

2023-08-14 14:17:20 - [TEST_STEP][PASSED] - delay(2): Delayed 2 second(s)

2023-08-14 14:17:22 - [MESSAGE][PASSED] - Delayed 2 second(s)

2023-08-14 14:17:22 - [TEST_STEP][PASSED] - click(findTestObject("DIGITURNO/CONFIGURACION/4Usuarios/0Principal/img_1Perfiles")): Object: 'Object Repository/DIGITURNO/CONFIGURACION/4Usuarios/0Principal/img_1Perfiles' is clicked on

2023-08-14 14:17:23 - [MESSAGE][PASSED] - Object: 'Object Repository/DIGITURNO/CONFIGURACION/4Usuarios/0Principal/img_1Perfiles' is clicked on

2023-08-14 14:17:23 - [TEST_STEP][PASSED] - delay(3): Delayed 3 second(s)

2023-08-14 14:17:26 - [MESSAGE][PASSED] - Delayed 3 second(s)

2023-08-14 14:17:26 - [TEST_STEP][PASSED] - scrollToElement(findTestObject("DIGITURNO/CONFIGURACION/4Usuarios/1Perfiles/Edicion/input_Nombre"), 0): Scroll to object 'Object Repository/DIGITURNO/CONFIGURACION/4Usuarios/1Perfiles/Edicion/input_Nombre' successfully

2023-08-14 14:17:26 - [MESSAGE][WARNING] - Timeout '0' is invalid. Using default page load timeout: '30'

2023-08-14 14:17:26 - [MESSAGE][PASSED] - Scroll to object 'Object Repository/DIGITURNO/CONFIGURACION/4Usuarios/1Perfiles/Edicion/input_Nombre' successfully

2023-08-14 14:17:26 - [TEST_STEP][PASSED] - setText(findTestObject("DIGITURNO/CONFIGURACION/4Usuarios/1Perfiles/Edicion/input_Nombre"), "prueba"): Text 'prueba' is set on object 'Object Repository/DIGITURNO/CONFIGURACION/4Usuarios/1Perfiles/Edicion/input_Nombre'

2023-08-14 14:17:27 - [MESSAGE][PASSED] - Text 'prueba' is set on object 'Object Repository/DIGITURNO/CONFIGURACION/4Usuarios/1Perfiles/Edicion/input_Nombre'

2023-08-14 14:17:27 - [TEST_STEP][PASSED] - setText(findTestObject("DIGITURNO/CONFIGURACION/4Usuarios/1Perfiles/Edicion/textarea_Descripcion"), "prueba"): Text 'prueba' is set on object 'Object Repository/DIGITURNO/CONFIGURACION/4Usuarios/1Perfiles/Edicion/textarea_Descripcion'

2023-08-14 14:17:28 - [MESSAGE][PASSED] - Text 'prueba' is set on object 'Object Repository/DIGITURNO/CONFIGURACION/4Usuarios/1Perfiles/Edicion/textarea_Descripcion'

2023-08-14 14:17:28 - [TEST_STEP][PASSED] - setText(findTestObject("DIGITURNO/CONFIGURACION/4Usuarios/1Perfiles/Edicion/input_Prioridad"), "3"): Text '3' is set on object 'Object Repository/DIGITURNO/CONFIGURACION/4Usuarios/1Perfiles/Edicion/input_Prioridad'

2023-08-14 14:17:29 - [MESSAGE][PASSED] - Text '3' is set on object 'Object Repository/DIGITURNO/CONFIGURACION/4Usuarios/1Perfiles/Edicion/input_Prioridad'

2023-08-14 14:17:29 - [TEST_STEP][PASSED] - delay(0): Delayed 0 second(s)

2023-08-14 14:17:29 - [MESSAGE][PASSED] - Delayed 0 second(s)

2023-08-14 14:17:29 - [TEST_STEP][PASSED] - scrollToPosition(0, 0): Browser is scrolled to position x = 0, y = 0

2023-08-14 14:17:29 - [MESSAGE][PASSED] - Browser is scrolled to position x = 0, y = 0

2023-08-14 14:17:29 - [TEST_STEP][PASSED] - click(findTestObject("DIGITURNO/CONFIGURACION/4Usuarios/1Perfiles/Edicion/img_Nuevo")): Object: 'Object Repository/DIGITURNO/CONFIGURACION/4Usuarios/1Perfiles/Edicion/img_Nuevo' is clicked on

2023-08-14 14:17:29 - [MESSAGE][PASSED] - Object: 'Object Repository/DIGITURNO/CONFIGURACION/4Usuarios/1Perfiles/Edicion/img_Nuevo' is clicked on

2023-08-14 14:17:29 - [TEST_STEP][PASSED] - delay(3): Delayed 3 second(s)

2023-08-14 14:17:32 - [MESSAGE][PASSED] - Delayed 3 second(s)

2023-08-14 14:17:32 - [TEST_STEP][PASSED] - takeFullPageScreenshot(): Taking screenshot successfully

2023-08-14 14:17:33 - [MESSAGE][INFO] - 0 hidden object(s)

2023-08-14 14:17:33 - [MESSAGE][PASSED] - Taking screenshot successfully
[[ATTACHMENT|C:\\CIEL INGENIERIA\\Katalon\\Digiturno55\\Reports\\20230814_141235\\DIGITURNO\\BASICO\\13 Perfiles Crear Actualizar Eliminar\\20230814_141240\\1692040652757.png]]

2023-08-14 14:17:33 - [TEST_STEP][PASSED] - delay(2): Delayed 2 second(s)

2023-08-14 14:17:35 - [MESSAGE][PASSED] - Delayed 2 second(s)

2023-08-14 14:17:35 - [TEST_STEP][PASSED] - Start listener action : sampleAfterTestCase: null]]></system-out>
         <system-err><![CDATA[]]></system-err>
      </testcase>
      <testcase name="Test Cases/DIGITURNO/BASICO/13 Perfil Actualizar" time="44.475" classname="Test Cases/DIGITURNO/BASICO/13 Perfil Actualizar" status="PASSED">
         <system-out><![CDATA[2023-08-14 14:17:35 - [TEST_CASE][PASSED] - Test Cases/DIGITURNO/BASICO/13 Perfil Actualizar: Test Cases/DIGITURNO/BASICO/13 Perfil Actualizar

2023-08-14 14:17:35 - [TEST_STEP][PASSED] - callTestCase(findTestCase("DIGITURNO/BASICO/5 Usuarios"), [:], STOP_ON_FAILURE): Call Test Case 'Test Cases/DIGITURNO/BASICO/5 Usuarios' successfully

2023-08-14 14:17:36 - [TEST_CASE][PASSED] - Test Cases/DIGITURNO/BASICO/5 Usuarios: Test Cases/DIGITURNO/BASICO/5 Usuarios

2023-08-14 14:17:36 - [TEST_STEP][PASSED] - callTestCase(findTestCase("0InicioSesion"), [:], STOP_ON_FAILURE): Call Test Case 'Test Cases/0InicioSesion' successfully

2023-08-14 14:17:36 - [TEST_CASE][PASSED] - Test Cases/0InicioSesion: Test Cases/0InicioSesion

2023-08-14 14:17:36 - [TEST_STEP][PASSED] - openBrowser(UrlDigiturno): Browser is opened with url: 'https://PCPruebas101.ciel.cielingenieria.com:8610'

2023-08-14 14:17:36 - [MESSAGE][WARNING] - A browser is already opened. Closing browser and opening a new one

2023-08-14 14:17:36 - [MESSAGE][INFO] - Starting 'Chrome' driver

2023-08-14 14:17:36 - [MESSAGE][INFO] - User set preference: ['args', '[--use-fake-ui-for-media-stream, --disable-notifications]']

2023-08-14 14:17:36 - [MESSAGE][INFO] - Action delay is set to 0 milliseconds

2023-08-14 14:17:38 - [MESSAGE][PASSED] - Browser is opened with url: 'https://PCPruebas101.ciel.cielingenieria.com:8610'

2023-08-14 14:17:38 - [TEST_STEP][PASSED] - maximizeWindow(): Current window maximized

2023-08-14 14:17:38 - [MESSAGE][PASSED] - Current window maximized

2023-08-14 14:17:38 - [TEST_STEP][PASSED] - delay(3): Delayed 3 second(s)

2023-08-14 14:17:41 - [MESSAGE][PASSED] - Delayed 3 second(s)

2023-08-14 14:17:41 - [TEST_STEP][PASSED] - setText(findTestObject("0Inicio Sesion/input_Usuario"), "Ciel"): Text 'Ciel' is set on object 'Object Repository/0Inicio Sesion/input_Usuario'

2023-08-14 14:17:42 - [MESSAGE][PASSED] - Text 'Ciel' is set on object 'Object Repository/0Inicio Sesion/input_Usuario'

2023-08-14 14:17:42 - [TEST_STEP][PASSED] - setText(findTestObject("0Inicio Sesion/input_Clave"), "digiturno"): Text 'digiturno' is set on object 'Object Repository/0Inicio Sesion/input_Clave'

2023-08-14 14:17:42 - [MESSAGE][PASSED] - Text 'digiturno' is set on object 'Object Repository/0Inicio Sesion/input_Clave'

2023-08-14 14:17:42 - [TEST_STEP][PASSED] - click(findTestObject("0Inicio Sesion/btn_IniciarSesion")): Object: 'Object Repository/0Inicio Sesion/btn_IniciarSesion' is clicked on

2023-08-14 14:17:43 - [MESSAGE][PASSED] - Object: 'Object Repository/0Inicio Sesion/btn_IniciarSesion' is clicked on

2023-08-14 14:17:43 - [TEST_STEP][PASSED] - delay(3): Delayed 3 second(s)

2023-08-14 14:17:46 - [MESSAGE][PASSED] - Delayed 3 second(s)

2023-08-14 14:17:46 - [MESSAGE][PASSED] - Call Test Case 'Test Cases/0InicioSesion' successfully

2023-08-14 14:17:46 - [TEST_STEP][PASSED] - click(findTestObject("DIGITURNO/1Principal/img_Configuracion(1)")): Object: 'Object Repository/DIGITURNO/1Principal/img_Configuracion(1)' is clicked on

2023-08-14 14:17:46 - [MESSAGE][PASSED] - Object: 'Object Repository/DIGITURNO/1Principal/img_Configuracion(1)' is clicked on

2023-08-14 14:17:46 - [TEST_STEP][PASSED] - delay(3): Delayed 3 second(s)

2023-08-14 14:17:49 - [MESSAGE][PASSED] - Delayed 3 second(s)

2023-08-14 14:17:49 - [TEST_STEP][PASSED] - click(findTestObject("DIGITURNO/CONFIGURACION/0Principal/img_4Usuarios")): Object: 'Object Repository/DIGITURNO/CONFIGURACION/0Principal/img_4Usuarios' is clicked on

2023-08-14 14:17:50 - [MESSAGE][PASSED] - Object: 'Object Repository/DIGITURNO/CONFIGURACION/0Principal/img_4Usuarios' is clicked on

2023-08-14 14:17:50 - [TEST_STEP][PASSED] - delay(3): Delayed 3 second(s)

2023-08-14 14:17:53 - [MESSAGE][PASSED] - Delayed 3 second(s)

2023-08-14 14:17:53 - [TEST_STEP][PASSED] - takeFullPageScreenshot(STOP_ON_FAILURE): Taking screenshot successfully

2023-08-14 14:17:53 - [MESSAGE][INFO] - 0 hidden object(s)

2023-08-14 14:17:53 - [MESSAGE][PASSED] - Taking screenshot successfully
[[ATTACHMENT|C:\\CIEL INGENIERIA\\Katalon\\Digiturno55\\Reports\\20230814_141235\\DIGITURNO\\BASICO\\13 Perfiles Crear Actualizar Eliminar\\20230814_141240\\1692040673526.png]]

2023-08-14 14:17:53 - [TEST_STEP][PASSED] - delay(3): Delayed 3 second(s)

2023-08-14 14:17:57 - [MESSAGE][PASSED] - Delayed 3 second(s)

2023-08-14 14:17:57 - [MESSAGE][PASSED] - Call Test Case 'Test Cases/DIGITURNO/BASICO/5 Usuarios' successfully

2023-08-14 14:17:57 - [TEST_STEP][PASSED] - delay(2): Delayed 2 second(s)

2023-08-14 14:17:59 - [MESSAGE][PASSED] - Delayed 2 second(s)

2023-08-14 14:17:59 - [TEST_STEP][PASSED] - click(findTestObject("DIGITURNO/CONFIGURACION/4Usuarios/0Principal/img_1Perfiles")): Object: 'Object Repository/DIGITURNO/CONFIGURACION/4Usuarios/0Principal/img_1Perfiles' is clicked on

2023-08-14 14:17:59 - [MESSAGE][PASSED] - Object: 'Object Repository/DIGITURNO/CONFIGURACION/4Usuarios/0Principal/img_1Perfiles' is clicked on

2023-08-14 14:17:59 - [TEST_STEP][PASSED] - delay(3): Delayed 3 second(s)

2023-08-14 14:18:02 - [MESSAGE][PASSED] - Delayed 3 second(s)

2023-08-14 14:18:02 - [TEST_STEP][PASSED] - setText(findTestObject("DIGITURNO/CONFIGURACION/4Usuarios/1Perfiles/Perfiles/input_TextoABuscar"), "prueba"): Text 'prueba' is set on object 'Object Repository/DIGITURNO/CONFIGURACION/4Usuarios/1Perfiles/Perfiles/input_TextoABuscar'

2023-08-14 14:18:03 - [MESSAGE][PASSED] - Text 'prueba' is set on object 'Object Repository/DIGITURNO/CONFIGURACION/4Usuarios/1Perfiles/Perfiles/input_TextoABuscar'

2023-08-14 14:18:03 - [TEST_STEP][PASSED] - delay(3): Delayed 3 second(s)

2023-08-14 14:18:06 - [MESSAGE][PASSED] - Delayed 3 second(s)

2023-08-14 14:18:06 - [TEST_STEP][PASSED] - click(findTestObject("DIGITURNO/CONFIGURACION/4Usuarios/1Perfiles/Perfiles/td_SeleccionLista1")): Object: 'Object Repository/DIGITURNO/CONFIGURACION/4Usuarios/1Perfiles/Perfiles/td_SeleccionLista1' is clicked on

2023-08-14 14:18:06 - [MESSAGE][PASSED] - Object: 'Object Repository/DIGITURNO/CONFIGURACION/4Usuarios/1Perfiles/Perfiles/td_SeleccionLista1' is clicked on

2023-08-14 14:18:06 - [TEST_STEP][PASSED] - delay(3): Delayed 3 second(s)

2023-08-14 14:18:10 - [MESSAGE][PASSED] - Delayed 3 second(s)

2023-08-14 14:18:10 - [TEST_STEP][PASSED] - setText(findTestObject("DIGITURNO/CONFIGURACION/4Usuarios/1Perfiles/Edicion/textarea_Descripcion"), "prueba Actualizada"): Text 'prueba Actualizada' is set on object 'Object Repository/DIGITURNO/CONFIGURACION/4Usuarios/1Perfiles/Edicion/textarea_Descripcion'

2023-08-14 14:18:10 - [MESSAGE][PASSED] - Text 'prueba Actualizada' is set on object 'Object Repository/DIGITURNO/CONFIGURACION/4Usuarios/1Perfiles/Edicion/textarea_Descripcion'

2023-08-14 14:18:10 - [TEST_STEP][PASSED] - delay(2): Delayed 2 second(s)

2023-08-14 14:18:12 - [MESSAGE][PASSED] - Delayed 2 second(s)

2023-08-14 14:18:12 - [TEST_STEP][PASSED] - click(findTestObject("DIGITURNO/CONFIGURACION/4Usuarios/1Perfiles/Edicion/img_Actualizar")): Object: 'Object Repository/DIGITURNO/CONFIGURACION/4Usuarios/1Perfiles/Edicion/img_Actualizar' is clicked on

2023-08-14 14:18:13 - [MESSAGE][PASSED] - Object: 'Object Repository/DIGITURNO/CONFIGURACION/4Usuarios/1Perfiles/Edicion/img_Actualizar' is clicked on

2023-08-14 14:18:13 - [TEST_STEP][PASSED] - delay(3): Delayed 3 second(s)

2023-08-14 14:18:16 - [MESSAGE][PASSED] - Delayed 3 second(s)

2023-08-14 14:18:16 - [TEST_STEP][PASSED] - takeFullPageScreenshot(): Taking screenshot successfully

2023-08-14 14:18:16 - [MESSAGE][INFO] - 0 hidden object(s)

2023-08-14 14:18:16 - [MESSAGE][PASSED] - Taking screenshot successfully
[[ATTACHMENT|C:\\CIEL INGENIERIA\\Katalon\\Digiturno55\\Reports\\20230814_141235\\DIGITURNO\\BASICO\\13 Perfiles Crear Actualizar Eliminar\\20230814_141240\\1692040696273.png]]

2023-08-14 14:18:16 - [TEST_STEP][PASSED] - delay(3): Delayed 3 second(s)

2023-08-14 14:18:19 - [MESSAGE][PASSED] - Delayed 3 second(s)

2023-08-14 14:18:19 - [TEST_STEP][PASSED] - Start listener action : sampleAfterTestCase: null]]></system-out>
         <system-err><![CDATA[]]></system-err>
      </testcase>
      <testcase name="Test Cases/DIGITURNO/BASICO/13 Perfil Eliminar" time="41.968" classname="Test Cases/DIGITURNO/BASICO/13 Perfil Eliminar" status="PASSED">
         <system-out><![CDATA[2023-08-14 14:18:19 - [TEST_CASE][PASSED] - Test Cases/DIGITURNO/BASICO/13 Perfil Eliminar: Test Cases/DIGITURNO/BASICO/13 Perfil Eliminar

2023-08-14 14:18:20 - [TEST_STEP][PASSED] - callTestCase(findTestCase("DIGITURNO/BASICO/5 Usuarios"), [:], STOP_ON_FAILURE): Call Test Case 'Test Cases/DIGITURNO/BASICO/5 Usuarios' successfully

2023-08-14 14:18:20 - [TEST_CASE][PASSED] - Test Cases/DIGITURNO/BASICO/5 Usuarios: Test Cases/DIGITURNO/BASICO/5 Usuarios

2023-08-14 14:18:20 - [TEST_STEP][PASSED] - callTestCase(findTestCase("0InicioSesion"), [:], STOP_ON_FAILURE): Call Test Case 'Test Cases/0InicioSesion' successfully

2023-08-14 14:18:20 - [TEST_CASE][PASSED] - Test Cases/0InicioSesion: Test Cases/0InicioSesion

2023-08-14 14:18:20 - [TEST_STEP][PASSED] - openBrowser(UrlDigiturno): Browser is opened with url: 'https://PCPruebas101.ciel.cielingenieria.com:8610'

2023-08-14 14:18:20 - [MESSAGE][WARNING] - A browser is already opened. Closing browser and opening a new one

2023-08-14 14:18:21 - [MESSAGE][INFO] - Starting 'Chrome' driver

2023-08-14 14:18:21 - [MESSAGE][INFO] - User set preference: ['args', '[--use-fake-ui-for-media-stream, --disable-notifications]']

2023-08-14 14:18:21 - [MESSAGE][INFO] - Action delay is set to 0 milliseconds

2023-08-14 14:18:22 - [MESSAGE][PASSED] - Browser is opened with url: 'https://PCPruebas101.ciel.cielingenieria.com:8610'

2023-08-14 14:18:22 - [TEST_STEP][PASSED] - maximizeWindow(): Current window maximized

2023-08-14 14:18:22 - [MESSAGE][PASSED] - Current window maximized

2023-08-14 14:18:22 - [TEST_STEP][PASSED] - delay(3): Delayed 3 second(s)

2023-08-14 14:18:25 - [MESSAGE][PASSED] - Delayed 3 second(s)

2023-08-14 14:18:25 - [TEST_STEP][PASSED] - setText(findTestObject("0Inicio Sesion/input_Usuario"), "Ciel"): Text 'Ciel' is set on object 'Object Repository/0Inicio Sesion/input_Usuario'

2023-08-14 14:18:26 - [MESSAGE][PASSED] - Text 'Ciel' is set on object 'Object Repository/0Inicio Sesion/input_Usuario'

2023-08-14 14:18:26 - [TEST_STEP][PASSED] - setText(findTestObject("0Inicio Sesion/input_Clave"), "digiturno"): Text 'digiturno' is set on object 'Object Repository/0Inicio Sesion/input_Clave'

2023-08-14 14:18:27 - [MESSAGE][PASSED] - Text 'digiturno' is set on object 'Object Repository/0Inicio Sesion/input_Clave'

2023-08-14 14:18:27 - [TEST_STEP][PASSED] - click(findTestObject("0Inicio Sesion/btn_IniciarSesion")): Object: 'Object Repository/0Inicio Sesion/btn_IniciarSesion' is clicked on

2023-08-14 14:18:27 - [MESSAGE][PASSED] - Object: 'Object Repository/0Inicio Sesion/btn_IniciarSesion' is clicked on

2023-08-14 14:18:27 - [TEST_STEP][PASSED] - delay(3): Delayed 3 second(s)

2023-08-14 14:18:30 - [MESSAGE][PASSED] - Delayed 3 second(s)

2023-08-14 14:18:30 - [MESSAGE][PASSED] - Call Test Case 'Test Cases/0InicioSesion' successfully

2023-08-14 14:18:30 - [TEST_STEP][PASSED] - click(findTestObject("DIGITURNO/1Principal/img_Configuracion(1)")): Object: 'Object Repository/DIGITURNO/1Principal/img_Configuracion(1)' is clicked on

2023-08-14 14:18:31 - [MESSAGE][PASSED] - Object: 'Object Repository/DIGITURNO/1Principal/img_Configuracion(1)' is clicked on

2023-08-14 14:18:31 - [TEST_STEP][PASSED] - delay(3): Delayed 3 second(s)

2023-08-14 14:18:34 - [MESSAGE][PASSED] - Delayed 3 second(s)

2023-08-14 14:18:34 - [TEST_STEP][PASSED] - click(findTestObject("DIGITURNO/CONFIGURACION/0Principal/img_4Usuarios")): Object: 'Object Repository/DIGITURNO/CONFIGURACION/0Principal/img_4Usuarios' is clicked on

2023-08-14 14:18:34 - [MESSAGE][PASSED] - Object: 'Object Repository/DIGITURNO/CONFIGURACION/0Principal/img_4Usuarios' is clicked on

2023-08-14 14:18:34 - [TEST_STEP][PASSED] - delay(3): Delayed 3 second(s)

2023-08-14 14:18:37 - [MESSAGE][PASSED] - Delayed 3 second(s)

2023-08-14 14:18:37 - [TEST_STEP][PASSED] - takeFullPageScreenshot(STOP_ON_FAILURE): Taking screenshot successfully

2023-08-14 14:18:38 - [MESSAGE][INFO] - 0 hidden object(s)

2023-08-14 14:18:38 - [MESSAGE][PASSED] - Taking screenshot successfully
[[ATTACHMENT|C:\\CIEL INGENIERIA\\Katalon\\Digiturno55\\Reports\\20230814_141235\\DIGITURNO\\BASICO\\13 Perfiles Crear Actualizar Eliminar\\20230814_141240\\1692040717902.png]]

2023-08-14 14:18:38 - [TEST_STEP][PASSED] - delay(3): Delayed 3 second(s)

2023-08-14 14:18:41 - [MESSAGE][PASSED] - Delayed 3 second(s)

2023-08-14 14:18:41 - [MESSAGE][PASSED] - Call Test Case 'Test Cases/DIGITURNO/BASICO/5 Usuarios' successfully

2023-08-14 14:18:41 - [TEST_STEP][PASSED] - delay(2): Delayed 2 second(s)

2023-08-14 14:18:43 - [MESSAGE][PASSED] - Delayed 2 second(s)

2023-08-14 14:18:43 - [TEST_STEP][PASSED] - click(findTestObject("DIGITURNO/CONFIGURACION/4Usuarios/0Principal/img_1Perfiles")): Object: 'Object Repository/DIGITURNO/CONFIGURACION/4Usuarios/0Principal/img_1Perfiles' is clicked on

2023-08-14 14:18:44 - [MESSAGE][PASSED] - Object: 'Object Repository/DIGITURNO/CONFIGURACION/4Usuarios/0Principal/img_1Perfiles' is clicked on

2023-08-14 14:18:44 - [TEST_STEP][PASSED] - delay(3): Delayed 3 second(s)

2023-08-14 14:18:47 - [MESSAGE][PASSED] - Delayed 3 second(s)

2023-08-14 14:18:47 - [TEST_STEP][PASSED] - setText(findTestObject("DIGITURNO/CONFIGURACION/4Usuarios/1Perfiles/Perfiles/input_TextoABuscar"), "prueba"): Text 'prueba' is set on object 'Object Repository/DIGITURNO/CONFIGURACION/4Usuarios/1Perfiles/Perfiles/input_TextoABuscar'

2023-08-14 14:18:47 - [MESSAGE][PASSED] - Text 'prueba' is set on object 'Object Repository/DIGITURNO/CONFIGURACION/4Usuarios/1Perfiles/Perfiles/input_TextoABuscar'

2023-08-14 14:18:47 - [TEST_STEP][PASSED] - delay(3): Delayed 3 second(s)

2023-08-14 14:18:50 - [MESSAGE][PASSED] - Delayed 3 second(s)

2023-08-14 14:18:50 - [TEST_STEP][PASSED] - click(findTestObject("DIGITURNO/CONFIGURACION/4Usuarios/1Perfiles/Perfiles/td_SeleccionLista1")): Object: 'Object Repository/DIGITURNO/CONFIGURACION/4Usuarios/1Perfiles/Perfiles/td_SeleccionLista1' is clicked on

2023-08-14 14:18:51 - [MESSAGE][PASSED] - Object: 'Object Repository/DIGITURNO/CONFIGURACION/4Usuarios/1Perfiles/Perfiles/td_SeleccionLista1' is clicked on

2023-08-14 14:18:51 - [TEST_STEP][PASSED] - delay(3): Delayed 3 second(s)

2023-08-14 14:18:54 - [MESSAGE][PASSED] - Delayed 3 second(s)

2023-08-14 14:18:54 - [TEST_STEP][PASSED] - click(findTestObject("DIGITURNO/CONFIGURACION/4Usuarios/1Perfiles/Edicion/img_Eliminar")): Object: 'Object Repository/DIGITURNO/CONFIGURACION/4Usuarios/1Perfiles/Edicion/img_Eliminar' is clicked on

2023-08-14 14:18:54 - [MESSAGE][PASSED] - Object: 'Object Repository/DIGITURNO/CONFIGURACION/4Usuarios/1Perfiles/Edicion/img_Eliminar' is clicked on

2023-08-14 14:18:54 - [TEST_STEP][PASSED] - click(findTestObject("DIGITURNO/CONFIGURACION/4Usuarios/1Perfiles/Edicion/img_Eliminar")): Object: 'Object Repository/DIGITURNO/CONFIGURACION/4Usuarios/1Perfiles/Edicion/img_Eliminar' is clicked on

2023-08-14 14:18:55 - [MESSAGE][PASSED] - Object: 'Object Repository/DIGITURNO/CONFIGURACION/4Usuarios/1Perfiles/Edicion/img_Eliminar' is clicked on

2023-08-14 14:18:55 - [TEST_STEP][PASSED] - acceptAlert(): Alert accepted

2023-08-14 14:18:55 - [MESSAGE][PASSED] - Alert accepted

2023-08-14 14:18:55 - [TEST_STEP][PASSED] - delay(3): Delayed 3 second(s)

2023-08-14 14:18:58 - [MESSAGE][PASSED] - Delayed 3 second(s)

2023-08-14 14:18:58 - [TEST_STEP][PASSED] - takeFullPageScreenshot(): Taking screenshot successfully

2023-08-14 14:18:58 - [MESSAGE][INFO] - 0 hidden object(s)

2023-08-14 14:18:58 - [MESSAGE][PASSED] - Taking screenshot successfully
[[ATTACHMENT|C:\\CIEL INGENIERIA\\Katalon\\Digiturno55\\Reports\\20230814_141235\\DIGITURNO\\BASICO\\13 Perfiles Crear Actualizar Eliminar\\20230814_141240\\1692040738218.png]]

2023-08-14 14:18:58 - [TEST_STEP][PASSED] - delay(3): Delayed 3 second(s)

2023-08-14 14:19:01 - [MESSAGE][PASSED] - Delayed 3 second(s)

2023-08-14 14:19:01 - [TEST_STEP][PASSED] - Start listener action : sampleAfterTestCase: null]]></system-out>
         <system-err><![CDATA[]]></system-err>
      </testcase>
      <system-out><![CDATA[2023-08-14 14:16:57 - [TEST_SUITE][PASSED] - 13 Perfiles Crear Actualizar Eliminar: Test Cases/DIGITURNO/BASICO/13 Perfil Eliminar]]></system-out>
      <system-err><![CDATA[]]></system-err>
   </testsuite>
</testsuites>
