<?xml version="1.0" encoding="UTF-8"?>
<testsuites name="5.6 Crear Tableros" time="171.083" tests="1" failures="0" errors="0">
   <testsuite name="5.6 Crear Tableros" tests="1" failures="0" errors="0" time="171.083" skipped="0" timestamp="2024-03-11 11:02:05" hostname="jdavila - PCPruebas101.ciel.cielingenieria.com" id="Test Suites/WIZARD/3Infraestructura/6Tableros/5.6 Crear Tableros">
      <properties>
         <property name="deviceName" value=""/>
         <property name="devicePlatform" value=""/>
         <property name="logFolder" value="C:\\CIEL INGENIERIA\\Katalon\\Digiturno55\\Reports\\20240311_101053\\WIZARD\\3Infraestructura\\6Tableros\\5.6 Crear Tableros\\20240311_101204"/>
         <property name="logFiles" value="C:\\CIEL INGENIERIA\\Katalon\\Digiturno55\\Reports\\20240311_101053\\WIZARD\\3Infraestructura\\6Tableros\\5.6 Crear Tableros\\20240311_101204\\execution0.log"/>
         <property name="attachments" value="C:\\CIEL INGENIERIA\\Katalon\\Digiturno55\\Reports\\20240311_101053\\WIZARD\\3Infraestructura\\6Tableros\\5.6 Crear Tableros\\20240311_101204\\1710173092324.png"/>
         <property name="hostName" value="jdavila - PCPruebas101.ciel.cielingenieria.com"/>
         <property name="os" value="Windows 10 64bit"/>
         <property name="katalonVersion" value="8.6.8.208"/>
         <property name="browser" value="Chrome 122.0.0.0"/>
         <property name="hostAddress" value="192.168.91.14"/>
         <property name="sessionId" value="e9719309c747e766940c171627a59057"/>
         <property name="seleniumVersion" value="3.141.59"/>
         <property name="proxyInformation" value="ProxyInformation { proxyOption=NO_PROXY, proxyServerType=HTTP, username=, password=********, proxyServerAddress=, proxyServerPort=0, executionList=&quot;&quot;, isApplyToDesiredCapabilities=true }"/>
         <property name="platform" value="Windows 10"/>
      </properties>
      <testcase name="Test Cases/WIZARD/3Infraestructura/6Tableros/5.6 Crear Tableros" time="170.853" classname="Test Cases/WIZARD/3Infraestructura/6Tableros/5.6 Crear Tableros" status="PASSED">
         <system-out><![CDATA[2024-03-11 11:02:05 - [TEST_CASE][PASSED] - Test Cases/WIZARD/3Infraestructura/6Tableros/5.6 Crear Tableros: Test Cases/WIZARD/3Infraestructura/6Tableros/5.6 Crear Tableros

2024-03-11 11:02:05 - [TEST_STEP][PASSED] - callTestCase(findTestCase("0InicioSesion"), [:], STOP_ON_FAILURE): Call Test Case 'Test Cases/0InicioSesion' successfully

2024-03-11 11:02:05 - [TEST_CASE][PASSED] - Test Cases/0InicioSesion: Test Cases/0InicioSesion

2024-03-11 11:02:06 - [TEST_STEP][PASSED] - openBrowser(UrlDigiturno): Browser is opened with url: 'https://PCPruebas101.ciel.cielingenieria.com:8910'

2024-03-11 11:02:06 - [MESSAGE][INFO] - Starting 'Chrome' driver

2024-03-11 11:02:06 - [MESSAGE][INFO] - User set preference: ['args', '[--use-fake-ui-for-media-stream, --disable-notifications]']

2024-03-11 11:02:06 - [MESSAGE][INFO] - Action delay is set to 0 milliseconds

2024-03-11 11:02:09 - [MESSAGE][PASSED] - Browser is opened with url: 'https://PCPruebas101.ciel.cielingenieria.com:8910'

2024-03-11 11:02:09 - [TEST_STEP][PASSED] - maximizeWindow(): Current window maximized

2024-03-11 11:02:09 - [MESSAGE][PASSED] - Current window maximized

2024-03-11 11:02:09 - [TEST_STEP][PASSED] - delay(3): Delayed 3 second(s)

2024-03-11 11:02:12 - [MESSAGE][PASSED] - Delayed 3 second(s)

2024-03-11 11:02:12 - [TEST_STEP][PASSED] - setText(findTestObject("0Inicio Sesion/input_Usuario"), "Ciel"): Text 'Ciel' is set on object 'Object Repository/0Inicio Sesion/input_Usuario'

2024-03-11 11:02:13 - [MESSAGE][PASSED] - Text 'Ciel' is set on object 'Object Repository/0Inicio Sesion/input_Usuario'

2024-03-11 11:02:13 - [TEST_STEP][PASSED] - setText(findTestObject("0Inicio Sesion/input_Clave"), "digiturno"): Text 'digiturno' is set on object 'Object Repository/0Inicio Sesion/input_Clave'

2024-03-11 11:02:14 - [MESSAGE][PASSED] - Text 'digiturno' is set on object 'Object Repository/0Inicio Sesion/input_Clave'

2024-03-11 11:02:14 - [TEST_STEP][PASSED] - click(findTestObject("0Inicio Sesion/btn_IniciarSesion")): Object: 'Object Repository/0Inicio Sesion/btn_IniciarSesion' is clicked on

2024-03-11 11:02:14 - [MESSAGE][PASSED] - Object: 'Object Repository/0Inicio Sesion/btn_IniciarSesion' is clicked on

2024-03-11 11:02:14 - [TEST_STEP][PASSED] - delay(3): Delayed 3 second(s)

2024-03-11 11:02:17 - [MESSAGE][PASSED] - Delayed 3 second(s)

2024-03-11 11:02:17 - [MESSAGE][PASSED] - Call Test Case 'Test Cases/0InicioSesion' successfully

2024-03-11 11:02:17 - [TEST_STEP][PASSED] - click(findTestObject("WIZARD/0Principal/img_InfraestructuraMAX")): Object: 'Object Repository/WIZARD/0Principal/img_InfraestructuraMAX' is clicked on

2024-03-11 11:02:18 - [MESSAGE][PASSED] - Object: 'Object Repository/WIZARD/0Principal/img_InfraestructuraMAX' is clicked on

2024-03-11 11:02:18 - [TEST_STEP][PASSED] - delay(3): Delayed 3 second(s)

2024-03-11 11:02:21 - [MESSAGE][PASSED] - Delayed 3 second(s)

2024-03-11 11:02:21 - [TEST_STEP][PASSED] - click(findTestObject("WIZARD/3Infraestructura/0Menu/span_Tableros")): Object: 'Object Repository/WIZARD/3Infraestructura/0Menu/span_Tableros' is clicked on

2024-03-11 11:02:22 - [MESSAGE][PASSED] - Object: 'Object Repository/WIZARD/3Infraestructura/0Menu/span_Tableros' is clicked on

2024-03-11 11:02:22 - [TEST_STEP][PASSED] - delay(3): Delayed 3 second(s)

2024-03-11 11:02:25 - [MESSAGE][PASSED] - Delayed 3 second(s)

2024-03-11 11:02:25 - [TEST_STEP][PASSED] - click(findTestObject("WIZARD/3Infraestructura/6Tableros/0OficinaModal/a_x(Cerrar)")): Object: 'Object Repository/WIZARD/3Infraestructura/6Tableros/0OficinaModal/a_x(Cerrar)' is clicked on

2024-03-11 11:02:26 - [MESSAGE][PASSED] - Object: 'Object Repository/WIZARD/3Infraestructura/6Tableros/0OficinaModal/a_x(Cerrar)' is clicked on

2024-03-11 11:02:26 - [TEST_STEP][PASSED] - delay(3): Delayed 3 second(s)

2024-03-11 11:02:29 - [MESSAGE][PASSED] - Delayed 3 second(s)

2024-03-11 11:02:29 - [TEST_STEP][PASSED] - click(findTestObject("WIZARD/3Infraestructura/6Tableros/Configuracion/Edicion/btn_SeleccionarOficina")): Object: 'Object Repository/WIZARD/3Infraestructura/6Tableros/Configuracion/Edicion/btn_SeleccionarOficina' is clicked on

2024-03-11 11:02:29 - [MESSAGE][PASSED] - Object: 'Object Repository/WIZARD/3Infraestructura/6Tableros/Configuracion/Edicion/btn_SeleccionarOficina' is clicked on

2024-03-11 11:02:29 - [TEST_STEP][PASSED] - delay(3): Delayed 3 second(s)

2024-03-11 11:02:32 - [MESSAGE][PASSED] - Delayed 3 second(s)

2024-03-11 11:02:32 - [TEST_STEP][PASSED] - click(findTestObject("WIZARD/3Infraestructura/6Tableros/Configuracion/Edicion/btn_Seleccionar Oficina(1)/td_1Bogota - CIEL")): Object: 'Object Repository/WIZARD/3Infraestructura/6Tableros/Configuracion/Edicion/btn_Seleccionar Oficina(1)/td_1Bogota - CIEL' is clicked on

2024-03-11 11:02:33 - [MESSAGE][PASSED] - Object: 'Object Repository/WIZARD/3Infraestructura/6Tableros/Configuracion/Edicion/btn_Seleccionar Oficina(1)/td_1Bogota - CIEL' is clicked on

2024-03-11 11:02:33 - [TEST_STEP][PASSED] - delay(3): Delayed 3 second(s)

2024-03-11 11:02:36 - [MESSAGE][PASSED] - Delayed 3 second(s)

2024-03-11 11:02:36 - [TEST_STEP][PASSED] - setText(findTestObject("WIZARD/3Infraestructura/6Tableros/Configuracion/Edicion/input_Nombre"), "Bogota - Tablero - 1 "): Text 'Bogota - Tablero - 1 ' is set on object 'Object Repository/WIZARD/3Infraestructura/6Tableros/Configuracion/Edicion/input_Nombre'

2024-03-11 11:02:36 - [MESSAGE][PASSED] - Text 'Bogota - Tablero - 1 ' is set on object 'Object Repository/WIZARD/3Infraestructura/6Tableros/Configuracion/Edicion/input_Nombre'

2024-03-11 11:02:36 - [TEST_STEP][PASSED] - setText(findTestObject("WIZARD/3Infraestructura/6Tableros/Configuracion/Edicion/textarea_Descripcion"), "Bogota - Tablero - 1"): Text 'Bogota - Tablero - 1' is set on object 'Object Repository/WIZARD/3Infraestructura/6Tableros/Configuracion/Edicion/textarea_Descripcion'

2024-03-11 11:02:37 - [MESSAGE][PASSED] - Text 'Bogota - Tablero - 1' is set on object 'Object Repository/WIZARD/3Infraestructura/6Tableros/Configuracion/Edicion/textarea_Descripcion'

2024-03-11 11:02:37 - [TEST_STEP][PASSED] - scrollToPosition(0, 0): Browser is scrolled to position x = 0, y = 0

2024-03-11 11:02:37 - [MESSAGE][PASSED] - Browser is scrolled to position x = 0, y = 0

2024-03-11 11:02:37 - [TEST_STEP][PASSED] - delay(2): Delayed 2 second(s)

2024-03-11 11:02:39 - [MESSAGE][PASSED] - Delayed 2 second(s)

2024-03-11 11:02:39 - [TEST_STEP][PASSED] - click(findTestObject("WIZARD/3Infraestructura/6Tableros/Configuracion/Edicion/img_Nuevo")): Object: 'Object Repository/WIZARD/3Infraestructura/6Tableros/Configuracion/Edicion/img_Nuevo' is clicked on

2024-03-11 11:02:40 - [MESSAGE][PASSED] - Object: 'Object Repository/WIZARD/3Infraestructura/6Tableros/Configuracion/Edicion/img_Nuevo' is clicked on

2024-03-11 11:02:40 - [TEST_STEP][PASSED] - delay(3): Delayed 3 second(s)

2024-03-11 11:02:43 - [MESSAGE][PASSED] - Delayed 3 second(s)

2024-03-11 11:02:43 - [TEST_STEP][PASSED] - click(findTestObject("WIZARD/3Infraestructura/0Menu/span_Tableros")): Object: 'Object Repository/WIZARD/3Infraestructura/0Menu/span_Tableros' is clicked on

2024-03-11 11:02:43 - [MESSAGE][PASSED] - Object: 'Object Repository/WIZARD/3Infraestructura/0Menu/span_Tableros' is clicked on

2024-03-11 11:02:43 - [TEST_STEP][PASSED] - delay(3): Delayed 3 second(s)

2024-03-11 11:02:46 - [MESSAGE][PASSED] - Delayed 3 second(s)

2024-03-11 11:02:46 - [TEST_STEP][PASSED] - click(findTestObject("WIZARD/3Infraestructura/6Tableros/0OficinaModal/a_x(Cerrar)")): Object: 'Object Repository/WIZARD/3Infraestructura/6Tableros/0OficinaModal/a_x(Cerrar)' is clicked on

2024-03-11 11:02:47 - [MESSAGE][PASSED] - Object: 'Object Repository/WIZARD/3Infraestructura/6Tableros/0OficinaModal/a_x(Cerrar)' is clicked on

2024-03-11 11:02:47 - [TEST_STEP][PASSED] - delay(3): Delayed 3 second(s)

2024-03-11 11:02:50 - [MESSAGE][PASSED] - Delayed 3 second(s)

2024-03-11 11:02:50 - [TEST_STEP][PASSED] - click(findTestObject("WIZARD/3Infraestructura/6Tableros/Configuracion/Edicion/btn_SeleccionarOficina")): Object: 'Object Repository/WIZARD/3Infraestructura/6Tableros/Configuracion/Edicion/btn_SeleccionarOficina' is clicked on

2024-03-11 11:02:51 - [MESSAGE][PASSED] - Object: 'Object Repository/WIZARD/3Infraestructura/6Tableros/Configuracion/Edicion/btn_SeleccionarOficina' is clicked on

2024-03-11 11:02:51 - [TEST_STEP][PASSED] - delay(3): Delayed 3 second(s)

2024-03-11 11:02:54 - [MESSAGE][PASSED] - Delayed 3 second(s)

2024-03-11 11:02:54 - [TEST_STEP][PASSED] - click(findTestObject("WIZARD/3Infraestructura/6Tableros/Configuracion/Edicion/btn_Seleccionar Oficina(1)/td_2Cali - Chipichape")): Object: 'Object Repository/WIZARD/3Infraestructura/6Tableros/Configuracion/Edicion/btn_Seleccionar Oficina(1)/td_2Cali - Chipichape' is clicked on

2024-03-11 11:02:54 - [MESSAGE][PASSED] - Object: 'Object Repository/WIZARD/3Infraestructura/6Tableros/Configuracion/Edicion/btn_Seleccionar Oficina(1)/td_2Cali - Chipichape' is clicked on

2024-03-11 11:02:54 - [TEST_STEP][PASSED] - delay(3): Delayed 3 second(s)

2024-03-11 11:02:57 - [MESSAGE][PASSED] - Delayed 3 second(s)

2024-03-11 11:02:57 - [TEST_STEP][PASSED] - scrollToElement(findTestObject("WIZARD/3Infraestructura/6Tableros/Configuracion/Edicion/input_Nombre"), 2): Scroll to object 'Object Repository/WIZARD/3Infraestructura/6Tableros/Configuracion/Edicion/input_Nombre' successfully

2024-03-11 11:02:58 - [MESSAGE][PASSED] - Scroll to object 'Object Repository/WIZARD/3Infraestructura/6Tableros/Configuracion/Edicion/input_Nombre' successfully

2024-03-11 11:02:58 - [TEST_STEP][PASSED] - setText(findTestObject("WIZARD/3Infraestructura/6Tableros/Configuracion/Edicion/input_Nombre"), "Cali - Tablero - 1 "): Text 'Cali - Tablero - 1 ' is set on object 'Object Repository/WIZARD/3Infraestructura/6Tableros/Configuracion/Edicion/input_Nombre'

2024-03-11 11:02:59 - [MESSAGE][PASSED] - Text 'Cali - Tablero - 1 ' is set on object 'Object Repository/WIZARD/3Infraestructura/6Tableros/Configuracion/Edicion/input_Nombre'

2024-03-11 11:02:59 - [TEST_STEP][PASSED] - setText(findTestObject("WIZARD/3Infraestructura/6Tableros/Configuracion/Edicion/textarea_Descripcion"), "Cali - Tablero - 1"): Text 'Cali - Tablero - 1' is set on object 'Object Repository/WIZARD/3Infraestructura/6Tableros/Configuracion/Edicion/textarea_Descripcion'

2024-03-11 11:02:59 - [MESSAGE][PASSED] - Text 'Cali - Tablero - 1' is set on object 'Object Repository/WIZARD/3Infraestructura/6Tableros/Configuracion/Edicion/textarea_Descripcion'

2024-03-11 11:02:59 - [TEST_STEP][PASSED] - scrollToPosition(0, 0): Browser is scrolled to position x = 0, y = 0

2024-03-11 11:02:59 - [MESSAGE][PASSED] - Browser is scrolled to position x = 0, y = 0

2024-03-11 11:02:59 - [TEST_STEP][PASSED] - delay(2): Delayed 2 second(s)

2024-03-11 11:03:01 - [MESSAGE][PASSED] - Delayed 2 second(s)

2024-03-11 11:03:01 - [TEST_STEP][PASSED] - click(findTestObject("WIZARD/3Infraestructura/6Tableros/Configuracion/Edicion/img_Nuevo")): Object: 'Object Repository/WIZARD/3Infraestructura/6Tableros/Configuracion/Edicion/img_Nuevo' is clicked on

2024-03-11 11:03:02 - [MESSAGE][PASSED] - Object: 'Object Repository/WIZARD/3Infraestructura/6Tableros/Configuracion/Edicion/img_Nuevo' is clicked on

2024-03-11 11:03:02 - [TEST_STEP][PASSED] - delay(3): Delayed 3 second(s)

2024-03-11 11:03:05 - [MESSAGE][PASSED] - Delayed 3 second(s)

2024-03-11 11:03:05 - [TEST_STEP][PASSED] - click(findTestObject("WIZARD/3Infraestructura/0Menu/span_Tableros")): Object: 'Object Repository/WIZARD/3Infraestructura/0Menu/span_Tableros' is clicked on

2024-03-11 11:03:06 - [MESSAGE][PASSED] - Object: 'Object Repository/WIZARD/3Infraestructura/0Menu/span_Tableros' is clicked on

2024-03-11 11:03:06 - [TEST_STEP][PASSED] - delay(3): Delayed 3 second(s)

2024-03-11 11:03:09 - [MESSAGE][PASSED] - Delayed 3 second(s)

2024-03-11 11:03:09 - [TEST_STEP][PASSED] - click(findTestObject("WIZARD/3Infraestructura/6Tableros/0OficinaModal/a_x(Cerrar)")): Object: 'Object Repository/WIZARD/3Infraestructura/6Tableros/0OficinaModal/a_x(Cerrar)' is clicked on

2024-03-11 11:03:09 - [MESSAGE][PASSED] - Object: 'Object Repository/WIZARD/3Infraestructura/6Tableros/0OficinaModal/a_x(Cerrar)' is clicked on

2024-03-11 11:03:09 - [TEST_STEP][PASSED] - delay(3): Delayed 3 second(s)

2024-03-11 11:03:12 - [MESSAGE][PASSED] - Delayed 3 second(s)

2024-03-11 11:03:12 - [TEST_STEP][PASSED] - click(findTestObject("WIZARD/3Infraestructura/6Tableros/Configuracion/Edicion/btn_SeleccionarOficina")): Object: 'Object Repository/WIZARD/3Infraestructura/6Tableros/Configuracion/Edicion/btn_SeleccionarOficina' is clicked on

2024-03-11 11:03:12 - [MESSAGE][PASSED] - Object: 'Object Repository/WIZARD/3Infraestructura/6Tableros/Configuracion/Edicion/btn_SeleccionarOficina' is clicked on

2024-03-11 11:03:12 - [TEST_STEP][PASSED] - delay(3): Delayed 3 second(s)

2024-03-11 11:03:15 - [MESSAGE][PASSED] - Delayed 3 second(s)

2024-03-11 11:03:15 - [TEST_STEP][PASSED] - click(findTestObject("WIZARD/3Infraestructura/6Tableros/Configuracion/Edicion/btn_Seleccionar Oficina(1)/td_3Cartagena - Bocagrande")): Object: 'Object Repository/WIZARD/3Infraestructura/6Tableros/Configuracion/Edicion/btn_Seleccionar Oficina(1)/td_3Cartagena - Bocagrande' is clicked on

2024-03-11 11:03:16 - [MESSAGE][PASSED] - Object: 'Object Repository/WIZARD/3Infraestructura/6Tableros/Configuracion/Edicion/btn_Seleccionar Oficina(1)/td_3Cartagena - Bocagrande' is clicked on

2024-03-11 11:03:16 - [TEST_STEP][PASSED] - delay(3): Delayed 3 second(s)

2024-03-11 11:03:19 - [MESSAGE][PASSED] - Delayed 3 second(s)

2024-03-11 11:03:19 - [TEST_STEP][PASSED] - scrollToElement(findTestObject("WIZARD/3Infraestructura/6Tableros/Configuracion/Edicion/input_Nombre"), 2): Scroll to object 'Object Repository/WIZARD/3Infraestructura/6Tableros/Configuracion/Edicion/input_Nombre' successfully

2024-03-11 11:03:19 - [MESSAGE][PASSED] - Scroll to object 'Object Repository/WIZARD/3Infraestructura/6Tableros/Configuracion/Edicion/input_Nombre' successfully

2024-03-11 11:03:19 - [TEST_STEP][PASSED] - setText(findTestObject("WIZARD/3Infraestructura/6Tableros/Configuracion/Edicion/input_Nombre"), "Cartagena - Tablero - 1 "): Text 'Cartagena - Tablero - 1 ' is set on object 'Object Repository/WIZARD/3Infraestructura/6Tableros/Configuracion/Edicion/input_Nombre'

2024-03-11 11:03:20 - [MESSAGE][PASSED] - Text 'Cartagena - Tablero - 1 ' is set on object 'Object Repository/WIZARD/3Infraestructura/6Tableros/Configuracion/Edicion/input_Nombre'

2024-03-11 11:03:20 - [TEST_STEP][PASSED] - setText(findTestObject("WIZARD/3Infraestructura/6Tableros/Configuracion/Edicion/textarea_Descripcion"), "Cartagena - Tablero - 1"): Text 'Cartagena - Tablero - 1' is set on object 'Object Repository/WIZARD/3Infraestructura/6Tableros/Configuracion/Edicion/textarea_Descripcion'

2024-03-11 11:03:21 - [MESSAGE][PASSED] - Text 'Cartagena - Tablero - 1' is set on object 'Object Repository/WIZARD/3Infraestructura/6Tableros/Configuracion/Edicion/textarea_Descripcion'

2024-03-11 11:03:21 - [TEST_STEP][PASSED] - scrollToPosition(0, 0): Browser is scrolled to position x = 0, y = 0

2024-03-11 11:03:21 - [MESSAGE][PASSED] - Browser is scrolled to position x = 0, y = 0

2024-03-11 11:03:21 - [TEST_STEP][PASSED] - delay(2): Delayed 2 second(s)

2024-03-11 11:03:23 - [MESSAGE][PASSED] - Delayed 2 second(s)

2024-03-11 11:03:23 - [TEST_STEP][PASSED] - click(findTestObject("WIZARD/3Infraestructura/6Tableros/Configuracion/Edicion/img_Nuevo")): Object: 'Object Repository/WIZARD/3Infraestructura/6Tableros/Configuracion/Edicion/img_Nuevo' is clicked on

2024-03-11 11:03:23 - [MESSAGE][PASSED] - Object: 'Object Repository/WIZARD/3Infraestructura/6Tableros/Configuracion/Edicion/img_Nuevo' is clicked on

2024-03-11 11:03:23 - [TEST_STEP][PASSED] - delay(3): Delayed 3 second(s)

2024-03-11 11:03:26 - [MESSAGE][PASSED] - Delayed 3 second(s)

2024-03-11 11:03:26 - [TEST_STEP][PASSED] - click(findTestObject("WIZARD/3Infraestructura/0Menu/span_Tableros")): Object: 'Object Repository/WIZARD/3Infraestructura/0Menu/span_Tableros' is clicked on

2024-03-11 11:03:27 - [MESSAGE][PASSED] - Object: 'Object Repository/WIZARD/3Infraestructura/0Menu/span_Tableros' is clicked on

2024-03-11 11:03:27 - [TEST_STEP][PASSED] - delay(3): Delayed 3 second(s)

2024-03-11 11:03:30 - [MESSAGE][PASSED] - Delayed 3 second(s)

2024-03-11 11:03:30 - [TEST_STEP][PASSED] - click(findTestObject("WIZARD/3Infraestructura/6Tableros/0OficinaModal/a_x(Cerrar)")): Object: 'Object Repository/WIZARD/3Infraestructura/6Tableros/0OficinaModal/a_x(Cerrar)' is clicked on

2024-03-11 11:03:30 - [MESSAGE][PASSED] - Object: 'Object Repository/WIZARD/3Infraestructura/6Tableros/0OficinaModal/a_x(Cerrar)' is clicked on

2024-03-11 11:03:30 - [TEST_STEP][PASSED] - delay(3): Delayed 3 second(s)

2024-03-11 11:03:33 - [MESSAGE][PASSED] - Delayed 3 second(s)

2024-03-11 11:03:33 - [TEST_STEP][PASSED] - click(findTestObject("WIZARD/3Infraestructura/6Tableros/Configuracion/Edicion/btn_SeleccionarOficina")): Object: 'Object Repository/WIZARD/3Infraestructura/6Tableros/Configuracion/Edicion/btn_SeleccionarOficina' is clicked on

2024-03-11 11:03:34 - [MESSAGE][PASSED] - Object: 'Object Repository/WIZARD/3Infraestructura/6Tableros/Configuracion/Edicion/btn_SeleccionarOficina' is clicked on

2024-03-11 11:03:34 - [TEST_STEP][PASSED] - delay(3): Delayed 3 second(s)

2024-03-11 11:03:37 - [MESSAGE][PASSED] - Delayed 3 second(s)

2024-03-11 11:03:37 - [TEST_STEP][PASSED] - click(findTestObject("WIZARD/3Infraestructura/6Tableros/Configuracion/Edicion/btn_Seleccionar Oficina(1)/td_4Manizales - Manizales")): Object: 'Object Repository/WIZARD/3Infraestructura/6Tableros/Configuracion/Edicion/btn_Seleccionar Oficina(1)/td_4Manizales - Manizales' is clicked on

2024-03-11 11:03:37 - [MESSAGE][PASSED] - Object: 'Object Repository/WIZARD/3Infraestructura/6Tableros/Configuracion/Edicion/btn_Seleccionar Oficina(1)/td_4Manizales - Manizales' is clicked on

2024-03-11 11:03:37 - [TEST_STEP][PASSED] - delay(3): Delayed 3 second(s)

2024-03-11 11:03:40 - [MESSAGE][PASSED] - Delayed 3 second(s)

2024-03-11 11:03:40 - [TEST_STEP][PASSED] - scrollToElement(findTestObject("WIZARD/3Infraestructura/6Tableros/Configuracion/Edicion/input_Nombre"), 2): Scroll to object 'Object Repository/WIZARD/3Infraestructura/6Tableros/Configuracion/Edicion/input_Nombre' successfully

2024-03-11 11:03:41 - [MESSAGE][PASSED] - Scroll to object 'Object Repository/WIZARD/3Infraestructura/6Tableros/Configuracion/Edicion/input_Nombre' successfully

2024-03-11 11:03:41 - [TEST_STEP][PASSED] - setText(findTestObject("WIZARD/3Infraestructura/6Tableros/Configuracion/Edicion/input_Nombre"), "Manizales - Tablero - 1 "): Text 'Manizales - Tablero - 1 ' is set on object 'Object Repository/WIZARD/3Infraestructura/6Tableros/Configuracion/Edicion/input_Nombre'

2024-03-11 11:03:41 - [MESSAGE][PASSED] - Text 'Manizales - Tablero - 1 ' is set on object 'Object Repository/WIZARD/3Infraestructura/6Tableros/Configuracion/Edicion/input_Nombre'

2024-03-11 11:03:41 - [TEST_STEP][PASSED] - setText(findTestObject("WIZARD/3Infraestructura/6Tableros/Configuracion/Edicion/textarea_Descripcion"), "Manizales - Tablero - 1"): Text 'Manizales - Tablero - 1' is set on object 'Object Repository/WIZARD/3Infraestructura/6Tableros/Configuracion/Edicion/textarea_Descripcion'

2024-03-11 11:03:42 - [MESSAGE][PASSED] - Text 'Manizales - Tablero - 1' is set on object 'Object Repository/WIZARD/3Infraestructura/6Tableros/Configuracion/Edicion/textarea_Descripcion'

2024-03-11 11:03:42 - [TEST_STEP][PASSED] - scrollToPosition(0, 0): Browser is scrolled to position x = 0, y = 0

2024-03-11 11:03:42 - [MESSAGE][PASSED] - Browser is scrolled to position x = 0, y = 0

2024-03-11 11:03:42 - [TEST_STEP][PASSED] - delay(2): Delayed 2 second(s)

2024-03-11 11:03:44 - [MESSAGE][PASSED] - Delayed 2 second(s)

2024-03-11 11:03:44 - [TEST_STEP][PASSED] - click(findTestObject("WIZARD/3Infraestructura/6Tableros/Configuracion/Edicion/img_Nuevo")): Object: 'Object Repository/WIZARD/3Infraestructura/6Tableros/Configuracion/Edicion/img_Nuevo' is clicked on

2024-03-11 11:03:45 - [MESSAGE][PASSED] - Object: 'Object Repository/WIZARD/3Infraestructura/6Tableros/Configuracion/Edicion/img_Nuevo' is clicked on

2024-03-11 11:03:45 - [TEST_STEP][PASSED] - delay(3): Delayed 3 second(s)

2024-03-11 11:03:48 - [MESSAGE][PASSED] - Delayed 3 second(s)

2024-03-11 11:03:48 - [TEST_STEP][PASSED] - click(findTestObject("WIZARD/3Infraestructura/0Menu/span_Tableros")): Object: 'Object Repository/WIZARD/3Infraestructura/0Menu/span_Tableros' is clicked on

2024-03-11 11:03:48 - [MESSAGE][PASSED] - Object: 'Object Repository/WIZARD/3Infraestructura/0Menu/span_Tableros' is clicked on

2024-03-11 11:03:48 - [TEST_STEP][PASSED] - delay(3): Delayed 3 second(s)

2024-03-11 11:03:51 - [MESSAGE][PASSED] - Delayed 3 second(s)

2024-03-11 11:03:51 - [TEST_STEP][PASSED] - click(findTestObject("WIZARD/3Infraestructura/6Tableros/0OficinaModal/a_x(Cerrar)")): Object: 'Object Repository/WIZARD/3Infraestructura/6Tableros/0OficinaModal/a_x(Cerrar)' is clicked on

2024-03-11 11:03:52 - [MESSAGE][PASSED] - Object: 'Object Repository/WIZARD/3Infraestructura/6Tableros/0OficinaModal/a_x(Cerrar)' is clicked on

2024-03-11 11:03:52 - [TEST_STEP][PASSED] - delay(3): Delayed 3 second(s)

2024-03-11 11:03:55 - [MESSAGE][PASSED] - Delayed 3 second(s)

2024-03-11 11:03:55 - [TEST_STEP][PASSED] - click(findTestObject("WIZARD/3Infraestructura/6Tableros/Configuracion/Edicion/btn_SeleccionarOficina")): Object: 'Object Repository/WIZARD/3Infraestructura/6Tableros/Configuracion/Edicion/btn_SeleccionarOficina' is clicked on

2024-03-11 11:03:55 - [MESSAGE][PASSED] - Object: 'Object Repository/WIZARD/3Infraestructura/6Tableros/Configuracion/Edicion/btn_SeleccionarOficina' is clicked on

2024-03-11 11:03:55 - [TEST_STEP][PASSED] - delay(3): Delayed 3 second(s)

2024-03-11 11:03:58 - [MESSAGE][PASSED] - Delayed 3 second(s)

2024-03-11 11:03:58 - [TEST_STEP][PASSED] - click(findTestObject("WIZARD/3Infraestructura/6Tableros/Configuracion/Edicion/btn_Seleccionar Oficina(1)/td_5Medellin - Laureles")): Object: 'Object Repository/WIZARD/3Infraestructura/6Tableros/Configuracion/Edicion/btn_Seleccionar Oficina(1)/td_5Medellin - Laureles' is clicked on

2024-03-11 11:03:59 - [MESSAGE][PASSED] - Object: 'Object Repository/WIZARD/3Infraestructura/6Tableros/Configuracion/Edicion/btn_Seleccionar Oficina(1)/td_5Medellin - Laureles' is clicked on

2024-03-11 11:03:59 - [TEST_STEP][PASSED] - delay(3): Delayed 3 second(s)

2024-03-11 11:04:02 - [MESSAGE][PASSED] - Delayed 3 second(s)

2024-03-11 11:04:02 - [TEST_STEP][PASSED] - scrollToElement(findTestObject("WIZARD/3Infraestructura/6Tableros/Configuracion/Edicion/input_Nombre"), 2): Scroll to object 'Object Repository/WIZARD/3Infraestructura/6Tableros/Configuracion/Edicion/input_Nombre' successfully

2024-03-11 11:04:02 - [MESSAGE][PASSED] - Scroll to object 'Object Repository/WIZARD/3Infraestructura/6Tableros/Configuracion/Edicion/input_Nombre' successfully

2024-03-11 11:04:02 - [TEST_STEP][PASSED] - setText(findTestObject("WIZARD/3Infraestructura/6Tableros/Configuracion/Edicion/input_Nombre"), "Medellin - Tablero - 1 "): Text 'Medellin - Tablero - 1 ' is set on object 'Object Repository/WIZARD/3Infraestructura/6Tableros/Configuracion/Edicion/input_Nombre'

2024-03-11 11:04:03 - [MESSAGE][PASSED] - Text 'Medellin - Tablero - 1 ' is set on object 'Object Repository/WIZARD/3Infraestructura/6Tableros/Configuracion/Edicion/input_Nombre'

2024-03-11 11:04:03 - [TEST_STEP][PASSED] - setText(findTestObject("WIZARD/3Infraestructura/6Tableros/Configuracion/Edicion/textarea_Descripcion"), "Medellin - Tablero - 1"): Text 'Medellin - Tablero - 1' is set on object 'Object Repository/WIZARD/3Infraestructura/6Tableros/Configuracion/Edicion/textarea_Descripcion'

2024-03-11 11:04:04 - [MESSAGE][PASSED] - Text 'Medellin - Tablero - 1' is set on object 'Object Repository/WIZARD/3Infraestructura/6Tableros/Configuracion/Edicion/textarea_Descripcion'

2024-03-11 11:04:04 - [TEST_STEP][PASSED] - scrollToPosition(0, 0): Browser is scrolled to position x = 0, y = 0

2024-03-11 11:04:04 - [MESSAGE][PASSED] - Browser is scrolled to position x = 0, y = 0

2024-03-11 11:04:04 - [TEST_STEP][PASSED] - delay(2): Delayed 2 second(s)

2024-03-11 11:04:06 - [MESSAGE][PASSED] - Delayed 2 second(s)

2024-03-11 11:04:06 - [TEST_STEP][PASSED] - click(findTestObject("WIZARD/3Infraestructura/6Tableros/Configuracion/Edicion/img_Nuevo")): Object: 'Object Repository/WIZARD/3Infraestructura/6Tableros/Configuracion/Edicion/img_Nuevo' is clicked on

2024-03-11 11:04:06 - [MESSAGE][PASSED] - Object: 'Object Repository/WIZARD/3Infraestructura/6Tableros/Configuracion/Edicion/img_Nuevo' is clicked on

2024-03-11 11:04:06 - [TEST_STEP][PASSED] - delay(3): Delayed 3 second(s)

2024-03-11 11:04:09 - [MESSAGE][PASSED] - Delayed 3 second(s)

2024-03-11 11:04:09 - [TEST_STEP][PASSED] - click(findTestObject("WIZARD/3Infraestructura/0Menu/span_Tableros")): Object: 'Object Repository/WIZARD/3Infraestructura/0Menu/span_Tableros' is clicked on

2024-03-11 11:04:10 - [MESSAGE][PASSED] - Object: 'Object Repository/WIZARD/3Infraestructura/0Menu/span_Tableros' is clicked on

2024-03-11 11:04:10 - [TEST_STEP][PASSED] - delay(3): Delayed 3 second(s)

2024-03-11 11:04:13 - [MESSAGE][PASSED] - Delayed 3 second(s)

2024-03-11 11:04:13 - [TEST_STEP][PASSED] - click(findTestObject("WIZARD/3Infraestructura/6Tableros/0OficinaModal/a_x(Cerrar)")): Object: 'Object Repository/WIZARD/3Infraestructura/6Tableros/0OficinaModal/a_x(Cerrar)' is clicked on

2024-03-11 11:04:13 - [MESSAGE][PASSED] - Object: 'Object Repository/WIZARD/3Infraestructura/6Tableros/0OficinaModal/a_x(Cerrar)' is clicked on

2024-03-11 11:04:13 - [TEST_STEP][PASSED] - delay(3): Delayed 3 second(s)

2024-03-11 11:04:16 - [MESSAGE][PASSED] - Delayed 3 second(s)

2024-03-11 11:04:16 - [TEST_STEP][PASSED] - click(findTestObject("WIZARD/3Infraestructura/6Tableros/Configuracion/Edicion/btn_SeleccionarOficina")): Object: 'Object Repository/WIZARD/3Infraestructura/6Tableros/Configuracion/Edicion/btn_SeleccionarOficina' is clicked on

2024-03-11 11:04:17 - [MESSAGE][PASSED] - Object: 'Object Repository/WIZARD/3Infraestructura/6Tableros/Configuracion/Edicion/btn_SeleccionarOficina' is clicked on

2024-03-11 11:04:17 - [TEST_STEP][PASSED] - delay(3): Delayed 3 second(s)

2024-03-11 11:04:20 - [MESSAGE][PASSED] - Delayed 3 second(s)

2024-03-11 11:04:20 - [TEST_STEP][PASSED] - click(findTestObject("WIZARD/3Infraestructura/6Tableros/Configuracion/Edicion/btn_Seleccionar Oficina(1)/td_6Virtual - Oficina Virtual")): Object: 'Object Repository/WIZARD/3Infraestructura/6Tableros/Configuracion/Edicion/btn_Seleccionar Oficina(1)/td_6Virtual - Oficina Virtual' is clicked on

2024-03-11 11:04:20 - [MESSAGE][PASSED] - Object: 'Object Repository/WIZARD/3Infraestructura/6Tableros/Configuracion/Edicion/btn_Seleccionar Oficina(1)/td_6Virtual - Oficina Virtual' is clicked on

2024-03-11 11:04:20 - [TEST_STEP][PASSED] - delay(3): Delayed 3 second(s)

2024-03-11 11:04:23 - [MESSAGE][PASSED] - Delayed 3 second(s)

2024-03-11 11:04:23 - [TEST_STEP][PASSED] - scrollToElement(findTestObject("WIZARD/3Infraestructura/6Tableros/Configuracion/Edicion/input_Nombre"), 2): Scroll to object 'Object Repository/WIZARD/3Infraestructura/6Tableros/Configuracion/Edicion/input_Nombre' successfully

2024-03-11 11:04:23 - [MESSAGE][PASSED] - Scroll to object 'Object Repository/WIZARD/3Infraestructura/6Tableros/Configuracion/Edicion/input_Nombre' successfully

2024-03-11 11:04:23 - [TEST_STEP][PASSED] - setText(findTestObject("WIZARD/3Infraestructura/6Tableros/Configuracion/Edicion/input_Nombre"), "Virtual - Tablero - 1 "): Text 'Virtual - Tablero - 1 ' is set on object 'Object Repository/WIZARD/3Infraestructura/6Tableros/Configuracion/Edicion/input_Nombre'

2024-03-11 11:04:24 - [MESSAGE][PASSED] - Text 'Virtual - Tablero - 1 ' is set on object 'Object Repository/WIZARD/3Infraestructura/6Tableros/Configuracion/Edicion/input_Nombre'

2024-03-11 11:04:24 - [TEST_STEP][PASSED] - setText(findTestObject("WIZARD/3Infraestructura/6Tableros/Configuracion/Edicion/textarea_Descripcion"), "Virtual - Tablero - 1"): Text 'Virtual - Tablero - 1' is set on object 'Object Repository/WIZARD/3Infraestructura/6Tableros/Configuracion/Edicion/textarea_Descripcion'

2024-03-11 11:04:25 - [MESSAGE][PASSED] - Text 'Virtual - Tablero - 1' is set on object 'Object Repository/WIZARD/3Infraestructura/6Tableros/Configuracion/Edicion/textarea_Descripcion'

2024-03-11 11:04:25 - [TEST_STEP][PASSED] - scrollToPosition(0, 0): Browser is scrolled to position x = 0, y = 0

2024-03-11 11:04:25 - [MESSAGE][PASSED] - Browser is scrolled to position x = 0, y = 0

2024-03-11 11:04:25 - [TEST_STEP][PASSED] - delay(2): Delayed 2 second(s)

2024-03-11 11:04:27 - [MESSAGE][PASSED] - Delayed 2 second(s)

2024-03-11 11:04:27 - [TEST_STEP][PASSED] - click(findTestObject("WIZARD/3Infraestructura/6Tableros/Configuracion/Edicion/img_Nuevo")): Object: 'Object Repository/WIZARD/3Infraestructura/6Tableros/Configuracion/Edicion/img_Nuevo' is clicked on

2024-03-11 11:04:27 - [MESSAGE][PASSED] - Object: 'Object Repository/WIZARD/3Infraestructura/6Tableros/Configuracion/Edicion/img_Nuevo' is clicked on

2024-03-11 11:04:27 - [TEST_STEP][PASSED] - delay(3): Delayed 3 second(s)

2024-03-11 11:04:30 - [MESSAGE][PASSED] - Delayed 3 second(s)

2024-03-11 11:04:30 - [TEST_STEP][PASSED] - click(findTestObject("WIZARD/3Infraestructura/0Menu/span_Tableros")): Object: 'Object Repository/WIZARD/3Infraestructura/0Menu/span_Tableros' is clicked on

2024-03-11 11:04:31 - [MESSAGE][PASSED] - Object: 'Object Repository/WIZARD/3Infraestructura/0Menu/span_Tableros' is clicked on

2024-03-11 11:04:31 - [TEST_STEP][PASSED] - delay(3): Delayed 3 second(s)

2024-03-11 11:04:34 - [MESSAGE][PASSED] - Delayed 3 second(s)

2024-03-11 11:04:34 - [TEST_STEP][PASSED] - click(findTestObject("WIZARD/3Infraestructura/6Tableros/0OficinaModal/a_x(Cerrar)")): Object: 'Object Repository/WIZARD/3Infraestructura/6Tableros/0OficinaModal/a_x(Cerrar)' is clicked on

2024-03-11 11:04:34 - [MESSAGE][PASSED] - Object: 'Object Repository/WIZARD/3Infraestructura/6Tableros/0OficinaModal/a_x(Cerrar)' is clicked on

2024-03-11 11:04:34 - [TEST_STEP][PASSED] - delay(3): Delayed 3 second(s)

2024-03-11 11:04:37 - [MESSAGE][PASSED] - Delayed 3 second(s)

2024-03-11 11:04:37 - [TEST_STEP][PASSED] - click(findTestObject("WIZARD/3Infraestructura/6Tableros/Configuracion/Edicion/btn_SeleccionarOficina")): Object: 'Object Repository/WIZARD/3Infraestructura/6Tableros/Configuracion/Edicion/btn_SeleccionarOficina' is clicked on

2024-03-11 11:04:38 - [MESSAGE][PASSED] - Object: 'Object Repository/WIZARD/3Infraestructura/6Tableros/Configuracion/Edicion/btn_SeleccionarOficina' is clicked on

2024-03-11 11:04:38 - [TEST_STEP][PASSED] - delay(3): Delayed 3 second(s)

2024-03-11 11:04:41 - [MESSAGE][PASSED] - Delayed 3 second(s)

2024-03-11 11:04:41 - [TEST_STEP][PASSED] - click(findTestObject("WIZARD/3Infraestructura/6Tableros/Configuracion/Edicion/btn_Seleccionar Oficina(1)/td_7WorkFlow - Oficina WorkFlow")): Object: 'Object Repository/WIZARD/3Infraestructura/6Tableros/Configuracion/Edicion/btn_Seleccionar Oficina(1)/td_7WorkFlow - Oficina WorkFlow' is clicked on

2024-03-11 11:04:41 - [MESSAGE][PASSED] - Object: 'Object Repository/WIZARD/3Infraestructura/6Tableros/Configuracion/Edicion/btn_Seleccionar Oficina(1)/td_7WorkFlow - Oficina WorkFlow' is clicked on

2024-03-11 11:04:41 - [TEST_STEP][PASSED] - delay(3): Delayed 3 second(s)

2024-03-11 11:04:44 - [MESSAGE][PASSED] - Delayed 3 second(s)

2024-03-11 11:04:44 - [TEST_STEP][PASSED] - scrollToElement(findTestObject("WIZARD/3Infraestructura/6Tableros/Configuracion/Edicion/input_Nombre"), 2): Scroll to object 'Object Repository/WIZARD/3Infraestructura/6Tableros/Configuracion/Edicion/input_Nombre' successfully

2024-03-11 11:04:45 - [MESSAGE][PASSED] - Scroll to object 'Object Repository/WIZARD/3Infraestructura/6Tableros/Configuracion/Edicion/input_Nombre' successfully

2024-03-11 11:04:45 - [TEST_STEP][PASSED] - setText(findTestObject("WIZARD/3Infraestructura/6Tableros/Configuracion/Edicion/input_Nombre"), "WorkFlow - Tablero - 1 "): Text 'WorkFlow - Tablero - 1 ' is set on object 'Object Repository/WIZARD/3Infraestructura/6Tableros/Configuracion/Edicion/input_Nombre'

2024-03-11 11:04:46 - [MESSAGE][PASSED] - Text 'WorkFlow - Tablero - 1 ' is set on object 'Object Repository/WIZARD/3Infraestructura/6Tableros/Configuracion/Edicion/input_Nombre'

2024-03-11 11:04:46 - [TEST_STEP][PASSED] - setText(findTestObject("WIZARD/3Infraestructura/6Tableros/Configuracion/Edicion/textarea_Descripcion"), "WorkFlow - Tablero - 1"): Text 'WorkFlow - Tablero - 1' is set on object 'Object Repository/WIZARD/3Infraestructura/6Tableros/Configuracion/Edicion/textarea_Descripcion'

2024-03-11 11:04:46 - [MESSAGE][PASSED] - Text 'WorkFlow - Tablero - 1' is set on object 'Object Repository/WIZARD/3Infraestructura/6Tableros/Configuracion/Edicion/textarea_Descripcion'

2024-03-11 11:04:46 - [TEST_STEP][PASSED] - scrollToPosition(0, 0): Browser is scrolled to position x = 0, y = 0

2024-03-11 11:04:46 - [MESSAGE][PASSED] - Browser is scrolled to position x = 0, y = 0

2024-03-11 11:04:46 - [TEST_STEP][PASSED] - delay(2): Delayed 2 second(s)

2024-03-11 11:04:48 - [MESSAGE][PASSED] - Delayed 2 second(s)

2024-03-11 11:04:48 - [TEST_STEP][PASSED] - click(findTestObject("WIZARD/3Infraestructura/6Tableros/Configuracion/Edicion/img_Nuevo")): Object: 'Object Repository/WIZARD/3Infraestructura/6Tableros/Configuracion/Edicion/img_Nuevo' is clicked on

2024-03-11 11:04:49 - [MESSAGE][PASSED] - Object: 'Object Repository/WIZARD/3Infraestructura/6Tableros/Configuracion/Edicion/img_Nuevo' is clicked on

2024-03-11 11:04:49 - [TEST_STEP][PASSED] - delay(3): Delayed 3 second(s)

2024-03-11 11:04:52 - [MESSAGE][PASSED] - Delayed 3 second(s)

2024-03-11 11:04:52 - [TEST_STEP][PASSED] - takeFullPageScreenshot(): Taking screenshot successfully

2024-03-11 11:04:53 - [MESSAGE][INFO] - 0 hidden object(s)

2024-03-11 11:04:53 - [MESSAGE][PASSED] - Taking screenshot successfully
[[ATTACHMENT|C:\\CIEL INGENIERIA\\Katalon\\Digiturno55\\Reports\\20240311_101053\\WIZARD\\3Infraestructura\\6Tableros\\5.6 Crear Tableros\\20240311_101204\\1710173092324.png]]

2024-03-11 11:04:53 - [TEST_STEP][PASSED] - delay(3): Delayed 3 second(s)

2024-03-11 11:04:56 - [MESSAGE][PASSED] - Delayed 3 second(s)

2024-03-11 11:04:56 - [TEST_STEP][PASSED] - Start listener action : sampleAfterTestCase: null]]></system-out>
         <system-err><![CDATA[]]></system-err>
      </testcase>
      <system-out><![CDATA[2024-03-11 11:02:05 - [TEST_SUITE][PASSED] - 5.6 Crear Tableros: Test Cases/WIZARD/3Infraestructura/6Tableros/5.6 Crear Tableros]]></system-out>
      <system-err><![CDATA[]]></system-err>
   </testsuite>
</testsuites>
