<?xml version="1.0" encoding="UTF-8"?>
<testsuites name="5.1 Crear Oficina Manizales" time="60.341" tests="1" failures="0" errors="0">
   <testsuite name="5.1 Crear Oficina Manizales" tests="1" failures="0" errors="0" time="60.341" skipped="0" timestamp="2024-03-11 10:16:35" hostname="jdavila - PCPruebas101.ciel.cielingenieria.com" id="Test Suites/WIZARD/3Infraestructura/1Oficinas/5.1 Crear Oficina Manizales">
      <properties>
         <property name="deviceName" value=""/>
         <property name="devicePlatform" value=""/>
         <property name="logFolder" value="C:\\CIEL INGENIERIA\\Katalon\\Digiturno55\\Reports\\20240311_101053\\WIZARD\\3Infraestructura\\1Oficinas\\5.1 Crear Oficina Manizales\\20240311_101101"/>
         <property name="logFiles" value="C:\\CIEL INGENIERIA\\Katalon\\Digiturno55\\Reports\\20240311_101053\\WIZARD\\3Infraestructura\\1Oficinas\\5.1 Crear Oficina Manizales\\20240311_101101\\execution0.log"/>
         <property name="attachments" value="C:\\CIEL INGENIERIA\\Katalon\\Digiturno55\\Reports\\20240311_101053\\WIZARD\\3Infraestructura\\1Oficinas\\5.1 Crear Oficina Manizales\\20240311_101101\\1710170252083.png"/>
         <property name="hostName" value="jdavila - PCPruebas101.ciel.cielingenieria.com"/>
         <property name="os" value="Windows 10 64bit"/>
         <property name="katalonVersion" value="8.6.8.208"/>
         <property name="browser" value="Chrome 122.0.0.0"/>
         <property name="hostAddress" value="192.168.91.14"/>
         <property name="sessionId" value="fb13df7531205977094424e4ed0a8eb2"/>
         <property name="seleniumVersion" value="3.141.59"/>
         <property name="proxyInformation" value="ProxyInformation { proxyOption=NO_PROXY, proxyServerType=HTTP, username=, password=********, proxyServerAddress=, proxyServerPort=0, executionList=&quot;&quot;, isApplyToDesiredCapabilities=true }"/>
         <property name="platform" value="Windows 10"/>
      </properties>
      <testcase name="Test Cases/WIZARD/3Infraestructura/1Oficinas/5.1 Crear Oficina Manizales" time="60.098" classname="Test Cases/WIZARD/3Infraestructura/1Oficinas/5.1 Crear Oficina Manizales" status="PASSED">
         <system-out><![CDATA[2024-03-11 10:16:35 - [TEST_CASE][PASSED] - Test Cases/WIZARD/3Infraestructura/1Oficinas/5.1 Crear Oficina Manizales: Test Cases/WIZARD/3Infraestructura/1Oficinas/5.1 Crear Oficina Manizales

2024-03-11 10:16:36 - [TEST_STEP][PASSED] - callTestCase(findTestCase("0InicioSesion"), [:], STOP_ON_FAILURE): Call Test Case 'Test Cases/0InicioSesion' successfully

2024-03-11 10:16:36 - [TEST_CASE][PASSED] - Test Cases/0InicioSesion: Test Cases/0InicioSesion

2024-03-11 10:16:36 - [TEST_STEP][PASSED] - openBrowser(UrlDigiturno): Browser is opened with url: 'https://PCPruebas101.ciel.cielingenieria.com:8910'

2024-03-11 10:16:37 - [MESSAGE][INFO] - Starting 'Chrome' driver

2024-03-11 10:16:37 - [MESSAGE][INFO] - User set preference: ['args', '[--use-fake-ui-for-media-stream, --disable-notifications]']

2024-03-11 10:16:37 - [MESSAGE][INFO] - Action delay is set to 0 milliseconds

2024-03-11 10:16:40 - [MESSAGE][PASSED] - Browser is opened with url: 'https://PCPruebas101.ciel.cielingenieria.com:8910'

2024-03-11 10:16:40 - [TEST_STEP][PASSED] - maximizeWindow(): Current window maximized

2024-03-11 10:16:40 - [MESSAGE][PASSED] - Current window maximized

2024-03-11 10:16:40 - [TEST_STEP][PASSED] - delay(3): Delayed 3 second(s)

2024-03-11 10:16:44 - [MESSAGE][PASSED] - Delayed 3 second(s)

2024-03-11 10:16:44 - [TEST_STEP][PASSED] - setText(findTestObject("0Inicio Sesion/input_Usuario"), "Ciel"): Text 'Ciel' is set on object 'Object Repository/0Inicio Sesion/input_Usuario'

2024-03-11 10:16:44 - [MESSAGE][PASSED] - Text 'Ciel' is set on object 'Object Repository/0Inicio Sesion/input_Usuario'

2024-03-11 10:16:44 - [TEST_STEP][PASSED] - setText(findTestObject("0Inicio Sesion/input_Clave"), "digiturno"): Text 'digiturno' is set on object 'Object Repository/0Inicio Sesion/input_Clave'

2024-03-11 10:16:45 - [MESSAGE][PASSED] - Text 'digiturno' is set on object 'Object Repository/0Inicio Sesion/input_Clave'

2024-03-11 10:16:45 - [TEST_STEP][PASSED] - click(findTestObject("0Inicio Sesion/btn_IniciarSesion")): Object: 'Object Repository/0Inicio Sesion/btn_IniciarSesion' is clicked on

2024-03-11 10:16:46 - [MESSAGE][PASSED] - Object: 'Object Repository/0Inicio Sesion/btn_IniciarSesion' is clicked on

2024-03-11 10:16:46 - [TEST_STEP][PASSED] - delay(3): Delayed 3 second(s)

2024-03-11 10:16:49 - [MESSAGE][PASSED] - Delayed 3 second(s)

2024-03-11 10:16:49 - [MESSAGE][PASSED] - Call Test Case 'Test Cases/0InicioSesion' successfully

2024-03-11 10:16:49 - [TEST_STEP][PASSED] - click(findTestObject("WIZARD/0Principal/img_InfraestructuraMAX")): Object: 'Object Repository/WIZARD/0Principal/img_InfraestructuraMAX' is clicked on

2024-03-11 10:16:49 - [MESSAGE][PASSED] - Object: 'Object Repository/WIZARD/0Principal/img_InfraestructuraMAX' is clicked on

2024-03-11 10:16:49 - [TEST_STEP][PASSED] - delay(3): Delayed 3 second(s)

2024-03-11 10:16:52 - [MESSAGE][PASSED] - Delayed 3 second(s)

2024-03-11 10:16:52 - [TEST_STEP][PASSED] - click(findTestObject("WIZARD/3Infraestructura/0Menu/span_Oficinas")): Object: 'Object Repository/WIZARD/3Infraestructura/0Menu/span_Oficinas' is clicked on

2024-03-11 10:16:53 - [MESSAGE][PASSED] - Object: 'Object Repository/WIZARD/3Infraestructura/0Menu/span_Oficinas' is clicked on

2024-03-11 10:16:53 - [TEST_STEP][PASSED] - delay(3): Delayed 3 second(s)

2024-03-11 10:16:56 - [MESSAGE][PASSED] - Delayed 3 second(s)

2024-03-11 10:16:56 - [TEST_STEP][PASSED] - selectOptionByLabel(findTestObject("WIZARD/3Infraestructura/1Oficinas/2Edicion/Edicion/select_Pais"), "Colombia", false): All options with label 'Colombia' are selected in object 'Object Repository/WIZARD/3Infraestructura/1Oficinas/2Edicion/Edicion/select_Pais' 

2024-03-11 10:16:57 - [MESSAGE][PASSED] - All options with label 'Colombia' are selected in object 'Object Repository/WIZARD/3Infraestructura/1Oficinas/2Edicion/Edicion/select_Pais' 

2024-03-11 10:16:57 - [TEST_STEP][PASSED] - delay(2): Delayed 2 second(s)

2024-03-11 10:16:59 - [MESSAGE][PASSED] - Delayed 2 second(s)

2024-03-11 10:16:59 - [TEST_STEP][PASSED] - selectOptionByLabel(findTestObject("WIZARD/3Infraestructura/1Oficinas/2Edicion/Edicion/select_Departamento"), "Caldas", false): All options with label 'Caldas' are selected in object 'Object Repository/WIZARD/3Infraestructura/1Oficinas/2Edicion/Edicion/select_Departamento' 

2024-03-11 10:17:00 - [MESSAGE][PASSED] - All options with label 'Caldas' are selected in object 'Object Repository/WIZARD/3Infraestructura/1Oficinas/2Edicion/Edicion/select_Departamento' 

2024-03-11 10:17:00 - [TEST_STEP][PASSED] - delay(2): Delayed 2 second(s)

2024-03-11 10:17:02 - [MESSAGE][PASSED] - Delayed 2 second(s)

2024-03-11 10:17:02 - [TEST_STEP][PASSED] - selectOptionByLabel(findTestObject("WIZARD/3Infraestructura/1Oficinas/2Edicion/Edicion/select_Ciudad"), "Manizales", false): All options with label 'Manizales' are selected in object 'Object Repository/WIZARD/3Infraestructura/1Oficinas/2Edicion/Edicion/select_Ciudad' 

2024-03-11 10:17:02 - [MESSAGE][PASSED] - All options with label 'Manizales' are selected in object 'Object Repository/WIZARD/3Infraestructura/1Oficinas/2Edicion/Edicion/select_Ciudad' 

2024-03-11 10:17:02 - [TEST_STEP][PASSED] - delay(2): Delayed 2 second(s)

2024-03-11 10:17:04 - [MESSAGE][PASSED] - Delayed 2 second(s)

2024-03-11 10:17:05 - [TEST_STEP][PASSED] - setText(findTestObject("WIZARD/3Infraestructura/1Oficinas/2Edicion/Edicion/input_Nombre"), "Manizales - Manizales"): Text 'Manizales - Manizales' is set on object 'Object Repository/WIZARD/3Infraestructura/1Oficinas/2Edicion/Edicion/input_Nombre'

2024-03-11 10:17:05 - [MESSAGE][PASSED] - Text 'Manizales - Manizales' is set on object 'Object Repository/WIZARD/3Infraestructura/1Oficinas/2Edicion/Edicion/input_Nombre'

2024-03-11 10:17:05 - [TEST_STEP][PASSED] - selectOptionByLabel(findTestObject("WIZARD/3Infraestructura/1Oficinas/2Edicion/Edicion/select_Nivel de Pregunta"), "Ninguno", false): All options with label 'Ninguno' are selected in object 'Object Repository/WIZARD/3Infraestructura/1Oficinas/2Edicion/Edicion/select_Nivel de Pregunta' 

2024-03-11 10:17:06 - [MESSAGE][PASSED] - All options with label 'Ninguno' are selected in object 'Object Repository/WIZARD/3Infraestructura/1Oficinas/2Edicion/Edicion/select_Nivel de Pregunta' 

2024-03-11 10:17:06 - [TEST_STEP][PASSED] - delay(3): Delayed 3 second(s)

2024-03-11 10:17:09 - [MESSAGE][PASSED] - Delayed 3 second(s)

2024-03-11 10:17:09 - [TEST_STEP][PASSED] - setText(findTestObject("WIZARD/3Infraestructura/1Oficinas/2Edicion/Edicion/input_MaximoTurnosXCliente"), "2"): Text '2' is set on object 'Object Repository/WIZARD/3Infraestructura/1Oficinas/2Edicion/Edicion/input_MaximoTurnosXCliente'

2024-03-11 10:17:10 - [MESSAGE][PASSED] - Text '2' is set on object 'Object Repository/WIZARD/3Infraestructura/1Oficinas/2Edicion/Edicion/input_MaximoTurnosXCliente'

2024-03-11 10:17:10 - [TEST_STEP][PASSED] - setText(findTestObject("WIZARD/3Infraestructura/1Oficinas/2Edicion/Edicion/input_Nivel de servicio de espera"), "0"): Text '0' is set on object 'Object Repository/WIZARD/3Infraestructura/1Oficinas/2Edicion/Edicion/input_Nivel de servicio de espera'

2024-03-11 10:17:10 - [MESSAGE][PASSED] - Text '0' is set on object 'Object Repository/WIZARD/3Infraestructura/1Oficinas/2Edicion/Edicion/input_Nivel de servicio de espera'

2024-03-11 10:17:10 - [TEST_STEP][PASSED] - scrollToPosition(100, 800): Browser is scrolled to position x = 100, y = 800

2024-03-11 10:17:10 - [MESSAGE][PASSED] - Browser is scrolled to position x = 100, y = 800

2024-03-11 10:17:10 - [TEST_STEP][PASSED] - delay(3): Delayed 3 second(s)

2024-03-11 10:17:13 - [MESSAGE][PASSED] - Delayed 3 second(s)

2024-03-11 10:17:13 - [TEST_STEP][PASSED] - setText(findTestObject("WIZARD/3Infraestructura/1Oficinas/2Edicion/App/input_Nombre a mostrar"), "Manizales - Manizales"): Text 'Manizales - Manizales' is set on object 'Object Repository/WIZARD/3Infraestructura/1Oficinas/2Edicion/App/input_Nombre a mostrar'

2024-03-11 10:17:14 - [MESSAGE][PASSED] - Text 'Manizales - Manizales' is set on object 'Object Repository/WIZARD/3Infraestructura/1Oficinas/2Edicion/App/input_Nombre a mostrar'

2024-03-11 10:17:14 - [TEST_STEP][PASSED] - setText(findTestObject("WIZARD/3Infraestructura/1Oficinas/2Edicion/App/input_Direccion"), "Calle 11 No 24-38"): Text 'Calle 11 No 24-38' is set on object 'Object Repository/WIZARD/3Infraestructura/1Oficinas/2Edicion/App/input_Direccion'

2024-03-11 10:17:15 - [MESSAGE][PASSED] - Text 'Calle 11 No 24-38' is set on object 'Object Repository/WIZARD/3Infraestructura/1Oficinas/2Edicion/App/input_Direccion'

2024-03-11 10:17:15 - [TEST_STEP][PASSED] - setText(findTestObject("WIZARD/3Infraestructura/1Oficinas/2Edicion/App/input_Numero de telefono"), "3279000"): Text '3279000' is set on object 'Object Repository/WIZARD/3Infraestructura/1Oficinas/2Edicion/App/input_Numero de telefono'

2024-03-11 10:17:16 - [MESSAGE][PASSED] - Text '3279000' is set on object 'Object Repository/WIZARD/3Infraestructura/1Oficinas/2Edicion/App/input_Numero de telefono'

2024-03-11 10:17:16 - [TEST_STEP][PASSED] - setText(findTestObject("WIZARD/3Infraestructura/1Oficinas/2Edicion/App/input_Distancia minima creacion turnos (m)"), "100"): Text '100' is set on object 'Object Repository/WIZARD/3Infraestructura/1Oficinas/2Edicion/App/input_Distancia minima creacion turnos (m)'

2024-03-11 10:17:17 - [MESSAGE][PASSED] - Text '100' is set on object 'Object Repository/WIZARD/3Infraestructura/1Oficinas/2Edicion/App/input_Distancia minima creacion turnos (m)'

2024-03-11 10:17:17 - [TEST_STEP][PASSED] - setText(findTestObject("WIZARD/3Infraestructura/1Oficinas/2Edicion/App/input_Cantidad de turnos para prellamado"), "2"): Text '2' is set on object 'Object Repository/WIZARD/3Infraestructura/1Oficinas/2Edicion/App/input_Cantidad de turnos para prellamado'

2024-03-11 10:17:17 - [MESSAGE][PASSED] - Text '2' is set on object 'Object Repository/WIZARD/3Infraestructura/1Oficinas/2Edicion/App/input_Cantidad de turnos para prellamado'

2024-03-11 10:17:17 - [TEST_STEP][PASSED] - delay(3): Delayed 3 second(s)

2024-03-11 10:17:20 - [MESSAGE][PASSED] - Delayed 3 second(s)

2024-03-11 10:17:20 - [TEST_STEP][PASSED] - setText(findTestObject("WIZARD/3Infraestructura/1Oficinas/2Edicion/App/input_Longitud"), "0.0000000000"): Text '0.0000000000' is set on object 'Object Repository/WIZARD/3Infraestructura/1Oficinas/2Edicion/App/input_Longitud'

2024-03-11 10:17:21 - [MESSAGE][PASSED] - Text '0.0000000000' is set on object 'Object Repository/WIZARD/3Infraestructura/1Oficinas/2Edicion/App/input_Longitud'

2024-03-11 10:17:21 - [TEST_STEP][PASSED] - setText(findTestObject("WIZARD/3Infraestructura/1Oficinas/2Edicion/App/input_Latitud"), "0.0000000000"): Text '0.0000000000' is set on object 'Object Repository/WIZARD/3Infraestructura/1Oficinas/2Edicion/App/input_Latitud'

2024-03-11 10:17:22 - [MESSAGE][PASSED] - Text '0.0000000000' is set on object 'Object Repository/WIZARD/3Infraestructura/1Oficinas/2Edicion/App/input_Latitud'

2024-03-11 10:17:22 - [TEST_STEP][PASSED] - delay(3): Delayed 3 second(s)

2024-03-11 10:17:25 - [MESSAGE][PASSED] - Delayed 3 second(s)

2024-03-11 10:17:25 - [TEST_STEP][PASSED] - scrollToPosition(0, 0): Browser is scrolled to position x = 0, y = 0

2024-03-11 10:17:25 - [MESSAGE][PASSED] - Browser is scrolled to position x = 0, y = 0

2024-03-11 10:17:25 - [TEST_STEP][PASSED] - delay(3): Delayed 3 second(s)

2024-03-11 10:17:28 - [MESSAGE][PASSED] - Delayed 3 second(s)

2024-03-11 10:17:28 - [TEST_STEP][PASSED] - click(findTestObject("WIZARD/3Infraestructura/1Oficinas/2Edicion/Edicion/img_Nuevo")): Object: 'Object Repository/WIZARD/3Infraestructura/1Oficinas/2Edicion/Edicion/img_Nuevo' is clicked on

2024-03-11 10:17:29 - [MESSAGE][PASSED] - Object: 'Object Repository/WIZARD/3Infraestructura/1Oficinas/2Edicion/Edicion/img_Nuevo' is clicked on

2024-03-11 10:17:29 - [TEST_STEP][PASSED] - delay(3): Delayed 3 second(s)

2024-03-11 10:17:32 - [MESSAGE][PASSED] - Delayed 3 second(s)

2024-03-11 10:17:32 - [TEST_STEP][PASSED] - takeFullPageScreenshot(): Taking screenshot successfully

2024-03-11 10:17:32 - [MESSAGE][INFO] - 0 hidden object(s)

2024-03-11 10:17:33 - [MESSAGE][PASSED] - Taking screenshot successfully
[[ATTACHMENT|C:\\CIEL INGENIERIA\\Katalon\\Digiturno55\\Reports\\20240311_101053\\WIZARD\\3Infraestructura\\1Oficinas\\5.1 Crear Oficina Manizales\\20240311_101101\\1710170252083.png]]

2024-03-11 10:17:33 - [TEST_STEP][PASSED] - delay(3): Delayed 3 second(s)

2024-03-11 10:17:36 - [MESSAGE][PASSED] - Delayed 3 second(s)

2024-03-11 10:17:36 - [TEST_STEP][PASSED] - Start listener action : sampleAfterTestCase: null]]></system-out>
         <system-err><![CDATA[]]></system-err>
      </testcase>
      <system-out><![CDATA[2024-03-11 10:16:35 - [TEST_SUITE][PASSED] - 5.1 Crear Oficina Manizales: Test Cases/WIZARD/3Infraestructura/1Oficinas/5.1 Crear Oficina Manizales]]></system-out>
      <system-err><![CDATA[]]></system-err>
   </testsuite>
</testsuites>
