<?xml version="1.0" encoding="UTF-8"?>
<testsuites name="13 Perfiles Crear Actualizar Eliminar" time="124.957" tests="3" failures="0" errors="0">
   <testsuite name="13 Perfiles Crear Actualizar Eliminar" tests="3" failures="0" errors="0" time="124.957" skipped="0" timestamp="2024-10-03 16:25:02" hostname="jdavila - PCPruebas101.ciel.cielingenieria.com" id="Test Suites/DIGITURNO/BASICO/13 Perfiles Crear Actualizar Eliminar">
      <properties>
         <property name="deviceName" value=""/>
         <property name="devicePlatform" value=""/>
         <property name="logFolder" value="C:\\CIEL INGENIERIA\\Katalon\\Digiturno55\\Reports\\20241003_162025\\DIGITURNO\\BASICO\\13 Perfiles Crear Actualizar Eliminar\\20241003_162036"/>
         <property name="logFiles" value="C:\\CIEL INGENIERIA\\Katalon\\Digiturno55\\Reports\\20241003_162025\\DIGITURNO\\BASICO\\13 Perfiles Crear Actualizar Eliminar\\20241003_162036\\execution0.log"/>
         <property name="attachments" value="C:\\CIEL INGENIERIA\\Katalon\\Digiturno55\\Reports\\20241003_162025\\DIGITURNO\\BASICO\\13 Perfiles Crear Actualizar Eliminar\\20241003_162036\\1727990722583.png, C:\\CIEL INGENIERIA\\Katalon\\Digiturno55\\Reports\\20241003_162025\\DIGITURNO\\BASICO\\13 Perfiles Crear Actualizar Eliminar\\20241003_162036\\1727990738167.png, C:\\CIEL INGENIERIA\\Katalon\\Digiturno55\\Reports\\20241003_162025\\DIGITURNO\\BASICO\\13 Perfiles Crear Actualizar Eliminar\\20241003_162036\\1727990758898.png, C:\\CIEL INGENIERIA\\Katalon\\Digiturno55\\Reports\\20241003_162025\\DIGITURNO\\BASICO\\13 Perfiles Crear Actualizar Eliminar\\20241003_162036\\1727990781380.png, C:\\CIEL INGENIERIA\\Katalon\\Digiturno55\\Reports\\20241003_162025\\DIGITURNO\\BASICO\\13 Perfiles Crear Actualizar Eliminar\\20241003_162036\\1727990803717.png, C:\\CIEL INGENIERIA\\Katalon\\Digiturno55\\Reports\\20241003_162025\\DIGITURNO\\BASICO\\13 Perfiles Crear Actualizar Eliminar\\20241003_162036\\1727990823559.png"/>
         <property name="hostName" value="jdavila - PCPruebas101.ciel.cielingenieria.com"/>
         <property name="os" value="Windows 10 64bit"/>
         <property name="katalonVersion" value="8.6.9.208"/>
         <property name="browser" value="Chrome 129.0.0.0"/>
         <property name="hostAddress" value="192.168.91.13"/>
         <property name="sessionId" value="704d57c86631ed2802e5845e41e08c99"/>
         <property name="seleniumVersion" value="3.141.59"/>
         <property name="proxyInformation" value="ProxyInformation { proxyOption=NO_PROXY, proxyServerType=HTTP, username=, password=********, proxyServerAddress=, proxyServerPort=0, executionList=&quot;&quot;, isApplyToDesiredCapabilities=true }"/>
         <property name="platform" value="Windows 10"/>
      </properties>
      <testcase name="Test Cases/DIGITURNO/BASICO/13 Perfiles Crear" time="38.286" classname="Test Cases/DIGITURNO/BASICO/13 Perfiles Crear" status="PASSED">
         <system-out><![CDATA[2024-10-03 16:25:02 - [TEST_CASE][PASSED] - Test Cases/DIGITURNO/BASICO/13 Perfiles Crear: Test Cases/DIGITURNO/BASICO/13 Perfiles Crear

2024-10-03 16:25:02 - [TEST_STEP][PASSED] - callTestCase(findTestCase("DIGITURNO/BASICO/5 Usuarios"), [:], STOP_ON_FAILURE): Call Test Case 'Test Cases/DIGITURNO/BASICO/5 Usuarios' successfully

2024-10-03 16:25:03 - [TEST_CASE][PASSED] - Test Cases/DIGITURNO/BASICO/5 Usuarios: Test Cases/DIGITURNO/BASICO/5 Usuarios

2024-10-03 16:25:03 - [TEST_STEP][PASSED] - callTestCase(findTestCase("0InicioSesion"), [:], STOP_ON_FAILURE): Call Test Case 'Test Cases/0InicioSesion' successfully

2024-10-03 16:25:03 - [TEST_CASE][PASSED] - Test Cases/0InicioSesion: Test Cases/0InicioSesion

2024-10-03 16:25:03 - [TEST_STEP][PASSED] - openBrowser(UrlDigiturno): Browser is opened with url: 'https://PCPruebas101.ciel.cielingenieria.com:8910'

2024-10-03 16:25:04 - [MESSAGE][INFO] - Starting 'Chrome' driver

2024-10-03 16:25:04 - [MESSAGE][INFO] - User set preference: ['args', '[--use-fake-ui-for-media-stream, --disable-notifications]']

2024-10-03 16:25:04 - [MESSAGE][INFO] - Action delay is set to 0 milliseconds

2024-10-03 16:25:07 - [MESSAGE][PASSED] - Browser is opened with url: 'https://PCPruebas101.ciel.cielingenieria.com:8910'

2024-10-03 16:25:07 - [TEST_STEP][PASSED] - maximizeWindow(): Current window maximized

2024-10-03 16:25:07 - [MESSAGE][PASSED] - Current window maximized

2024-10-03 16:25:07 - [TEST_STEP][PASSED] - delay(3): Delayed 3 second(s)

2024-10-03 16:25:10 - [MESSAGE][PASSED] - Delayed 3 second(s)

2024-10-03 16:25:10 - [TEST_STEP][PASSED] - setText(findTestObject("0Inicio Sesion/input_Usuario"), "Ciel"): Text 'Ciel' is set on object 'Object Repository/0Inicio Sesion/input_Usuario'

2024-10-03 16:25:11 - [MESSAGE][PASSED] - Text 'Ciel' is set on object 'Object Repository/0Inicio Sesion/input_Usuario'

2024-10-03 16:25:11 - [TEST_STEP][PASSED] - setText(findTestObject("0Inicio Sesion/input_Clave"), "digiturno"): Text 'digiturno' is set on object 'Object Repository/0Inicio Sesion/input_Clave'

2024-10-03 16:25:11 - [MESSAGE][PASSED] - Text 'digiturno' is set on object 'Object Repository/0Inicio Sesion/input_Clave'

2024-10-03 16:25:11 - [TEST_STEP][PASSED] - click(findTestObject("0Inicio Sesion/btn_IniciarSesion")): Object: 'Object Repository/0Inicio Sesion/btn_IniciarSesion' is clicked on

2024-10-03 16:25:12 - [MESSAGE][PASSED] - Object: 'Object Repository/0Inicio Sesion/btn_IniciarSesion' is clicked on

2024-10-03 16:25:12 - [TEST_STEP][PASSED] - delay(3): Delayed 3 second(s)

2024-10-03 16:25:15 - [MESSAGE][PASSED] - Delayed 3 second(s)

2024-10-03 16:25:15 - [MESSAGE][PASSED] - Call Test Case 'Test Cases/0InicioSesion' successfully

2024-10-03 16:25:15 - [TEST_STEP][PASSED] - click(findTestObject("DIGITURNO/1Principal/img_Configuracion(1)")): Object: 'Object Repository/DIGITURNO/1Principal/img_Configuracion(1)' is clicked on

2024-10-03 16:25:15 - [MESSAGE][PASSED] - Object: 'Object Repository/DIGITURNO/1Principal/img_Configuracion(1)' is clicked on

2024-10-03 16:25:15 - [TEST_STEP][PASSED] - delay(3): Delayed 3 second(s)

2024-10-03 16:25:18 - [MESSAGE][PASSED] - Delayed 3 second(s)

2024-10-03 16:25:18 - [TEST_STEP][PASSED] - click(findTestObject("DIGITURNO/CONFIGURACION/0Principal/img_4Usuarios")): Object: 'Object Repository/DIGITURNO/CONFIGURACION/0Principal/img_4Usuarios' is clicked on

2024-10-03 16:25:19 - [MESSAGE][PASSED] - Object: 'Object Repository/DIGITURNO/CONFIGURACION/0Principal/img_4Usuarios' is clicked on

2024-10-03 16:25:19 - [TEST_STEP][PASSED] - delay(3): Delayed 3 second(s)

2024-10-03 16:25:22 - [MESSAGE][PASSED] - Delayed 3 second(s)

2024-10-03 16:25:22 - [TEST_STEP][PASSED] - takeFullPageScreenshot(STOP_ON_FAILURE): Taking screenshot successfully

2024-10-03 16:25:22 - [MESSAGE][INFO] - 0 hidden object(s)

2024-10-03 16:25:23 - [MESSAGE][PASSED] - Taking screenshot successfully
[[ATTACHMENT|C:\\CIEL INGENIERIA\\Katalon\\Digiturno55\\Reports\\20241003_162025\\DIGITURNO\\BASICO\\13 Perfiles Crear Actualizar Eliminar\\20241003_162036\\1727990722583.png]]

2024-10-03 16:25:23 - [TEST_STEP][PASSED] - delay(3): Delayed 3 second(s)

2024-10-03 16:25:26 - [MESSAGE][PASSED] - Delayed 3 second(s)

2024-10-03 16:25:26 - [MESSAGE][PASSED] - Call Test Case 'Test Cases/DIGITURNO/BASICO/5 Usuarios' successfully

2024-10-03 16:25:26 - [TEST_STEP][PASSED] - delay(2): Delayed 2 second(s)

2024-10-03 16:25:28 - [MESSAGE][PASSED] - Delayed 2 second(s)

2024-10-03 16:25:28 - [TEST_STEP][PASSED] - click(findTestObject("DIGITURNO/CONFIGURACION/4Usuarios/0Principal/img_1Perfiles")): Object: 'Object Repository/DIGITURNO/CONFIGURACION/4Usuarios/0Principal/img_1Perfiles' is clicked on

2024-10-03 16:25:29 - [MESSAGE][PASSED] - Object: 'Object Repository/DIGITURNO/CONFIGURACION/4Usuarios/0Principal/img_1Perfiles' is clicked on

2024-10-03 16:25:29 - [TEST_STEP][PASSED] - delay(3): Delayed 3 second(s)

2024-10-03 16:25:32 - [MESSAGE][PASSED] - Delayed 3 second(s)

2024-10-03 16:25:32 - [TEST_STEP][PASSED] - scrollToElement(findTestObject("DIGITURNO/CONFIGURACION/4Usuarios/1Perfiles/Edicion/input_Nombre"), 0): Scroll to object 'Object Repository/DIGITURNO/CONFIGURACION/4Usuarios/1Perfiles/Edicion/input_Nombre' successfully

2024-10-03 16:25:32 - [MESSAGE][WARNING] - Timeout '0' is invalid. Using default page load timeout: '30'

2024-10-03 16:25:32 - [MESSAGE][PASSED] - Scroll to object 'Object Repository/DIGITURNO/CONFIGURACION/4Usuarios/1Perfiles/Edicion/input_Nombre' successfully

2024-10-03 16:25:32 - [TEST_STEP][PASSED] - setText(findTestObject("DIGITURNO/CONFIGURACION/4Usuarios/1Perfiles/Edicion/input_Nombre"), "prueba"): Text 'prueba' is set on object 'Object Repository/DIGITURNO/CONFIGURACION/4Usuarios/1Perfiles/Edicion/input_Nombre'

2024-10-03 16:25:33 - [MESSAGE][PASSED] - Text 'prueba' is set on object 'Object Repository/DIGITURNO/CONFIGURACION/4Usuarios/1Perfiles/Edicion/input_Nombre'

2024-10-03 16:25:33 - [TEST_STEP][PASSED] - setText(findTestObject("DIGITURNO/CONFIGURACION/4Usuarios/1Perfiles/Edicion/textarea_Descripcion"), "prueba"): Text 'prueba' is set on object 'Object Repository/DIGITURNO/CONFIGURACION/4Usuarios/1Perfiles/Edicion/textarea_Descripcion'

2024-10-03 16:25:33 - [MESSAGE][PASSED] - Text 'prueba' is set on object 'Object Repository/DIGITURNO/CONFIGURACION/4Usuarios/1Perfiles/Edicion/textarea_Descripcion'

2024-10-03 16:25:33 - [TEST_STEP][PASSED] - setText(findTestObject("DIGITURNO/CONFIGURACION/4Usuarios/1Perfiles/Edicion/input_Prioridad"), "3"): Text '3' is set on object 'Object Repository/DIGITURNO/CONFIGURACION/4Usuarios/1Perfiles/Edicion/input_Prioridad'

2024-10-03 16:25:34 - [MESSAGE][PASSED] - Text '3' is set on object 'Object Repository/DIGITURNO/CONFIGURACION/4Usuarios/1Perfiles/Edicion/input_Prioridad'

2024-10-03 16:25:34 - [TEST_STEP][PASSED] - delay(0): Delayed 0 second(s)

2024-10-03 16:25:34 - [MESSAGE][PASSED] - Delayed 0 second(s)

2024-10-03 16:25:34 - [TEST_STEP][PASSED] - scrollToPosition(0, 0): Browser is scrolled to position x = 0, y = 0

2024-10-03 16:25:34 - [MESSAGE][PASSED] - Browser is scrolled to position x = 0, y = 0

2024-10-03 16:25:34 - [TEST_STEP][PASSED] - click(findTestObject("DIGITURNO/CONFIGURACION/4Usuarios/1Perfiles/Edicion/img_Nuevo")): Object: 'Object Repository/DIGITURNO/CONFIGURACION/4Usuarios/1Perfiles/Edicion/img_Nuevo' is clicked on

2024-10-03 16:25:35 - [MESSAGE][PASSED] - Object: 'Object Repository/DIGITURNO/CONFIGURACION/4Usuarios/1Perfiles/Edicion/img_Nuevo' is clicked on

2024-10-03 16:25:35 - [TEST_STEP][PASSED] - delay(3): Delayed 3 second(s)

2024-10-03 16:25:38 - [MESSAGE][PASSED] - Delayed 3 second(s)

2024-10-03 16:25:38 - [TEST_STEP][PASSED] - takeFullPageScreenshot(): Taking screenshot successfully

2024-10-03 16:25:38 - [MESSAGE][INFO] - 0 hidden object(s)

2024-10-03 16:25:38 - [MESSAGE][PASSED] - Taking screenshot successfully
[[ATTACHMENT|C:\\CIEL INGENIERIA\\Katalon\\Digiturno55\\Reports\\20241003_162025\\DIGITURNO\\BASICO\\13 Perfiles Crear Actualizar Eliminar\\20241003_162036\\1727990738167.png]]

2024-10-03 16:25:38 - [TEST_STEP][PASSED] - delay(2): Delayed 2 second(s)

2024-10-03 16:25:40 - [MESSAGE][PASSED] - Delayed 2 second(s)

2024-10-03 16:25:40 - [TEST_STEP][PASSED] - Start listener action : sampleAfterTestCase: null]]></system-out>
         <system-err><![CDATA[]]></system-err>
      </testcase>
      <testcase name="Test Cases/DIGITURNO/BASICO/13 Perfil Actualizar" time="44.174" classname="Test Cases/DIGITURNO/BASICO/13 Perfil Actualizar" status="PASSED">
         <system-out><![CDATA[2024-10-03 16:25:40 - [TEST_CASE][PASSED] - Test Cases/DIGITURNO/BASICO/13 Perfil Actualizar: Test Cases/DIGITURNO/BASICO/13 Perfil Actualizar

2024-10-03 16:25:41 - [TEST_STEP][PASSED] - callTestCase(findTestCase("DIGITURNO/BASICO/5 Usuarios"), [:], STOP_ON_FAILURE): Call Test Case 'Test Cases/DIGITURNO/BASICO/5 Usuarios' successfully

2024-10-03 16:25:41 - [TEST_CASE][PASSED] - Test Cases/DIGITURNO/BASICO/5 Usuarios: Test Cases/DIGITURNO/BASICO/5 Usuarios

2024-10-03 16:25:41 - [TEST_STEP][PASSED] - callTestCase(findTestCase("0InicioSesion"), [:], STOP_ON_FAILURE): Call Test Case 'Test Cases/0InicioSesion' successfully

2024-10-03 16:25:41 - [TEST_CASE][PASSED] - Test Cases/0InicioSesion: Test Cases/0InicioSesion

2024-10-03 16:25:41 - [TEST_STEP][PASSED] - openBrowser(UrlDigiturno): Browser is opened with url: 'https://PCPruebas101.ciel.cielingenieria.com:8910'

2024-10-03 16:25:41 - [MESSAGE][WARNING] - A browser is already opened. Closing browser and opening a new one

2024-10-03 16:25:42 - [MESSAGE][INFO] - Starting 'Chrome' driver

2024-10-03 16:25:42 - [MESSAGE][INFO] - User set preference: ['args', '[--use-fake-ui-for-media-stream, --disable-notifications]']

2024-10-03 16:25:42 - [MESSAGE][INFO] - Action delay is set to 0 milliseconds

2024-10-03 16:25:43 - [MESSAGE][PASSED] - Browser is opened with url: 'https://PCPruebas101.ciel.cielingenieria.com:8910'

2024-10-03 16:25:43 - [TEST_STEP][PASSED] - maximizeWindow(): Current window maximized

2024-10-03 16:25:43 - [MESSAGE][PASSED] - Current window maximized

2024-10-03 16:25:43 - [TEST_STEP][PASSED] - delay(3): Delayed 3 second(s)

2024-10-03 16:25:46 - [MESSAGE][PASSED] - Delayed 3 second(s)

2024-10-03 16:25:46 - [TEST_STEP][PASSED] - setText(findTestObject("0Inicio Sesion/input_Usuario"), "Ciel"): Text 'Ciel' is set on object 'Object Repository/0Inicio Sesion/input_Usuario'

2024-10-03 16:25:47 - [MESSAGE][PASSED] - Text 'Ciel' is set on object 'Object Repository/0Inicio Sesion/input_Usuario'

2024-10-03 16:25:47 - [TEST_STEP][PASSED] - setText(findTestObject("0Inicio Sesion/input_Clave"), "digiturno"): Text 'digiturno' is set on object 'Object Repository/0Inicio Sesion/input_Clave'

2024-10-03 16:25:48 - [MESSAGE][PASSED] - Text 'digiturno' is set on object 'Object Repository/0Inicio Sesion/input_Clave'

2024-10-03 16:25:48 - [TEST_STEP][PASSED] - click(findTestObject("0Inicio Sesion/btn_IniciarSesion")): Object: 'Object Repository/0Inicio Sesion/btn_IniciarSesion' is clicked on

2024-10-03 16:25:48 - [MESSAGE][PASSED] - Object: 'Object Repository/0Inicio Sesion/btn_IniciarSesion' is clicked on

2024-10-03 16:25:48 - [TEST_STEP][PASSED] - delay(3): Delayed 3 second(s)

2024-10-03 16:25:51 - [MESSAGE][PASSED] - Delayed 3 second(s)

2024-10-03 16:25:51 - [MESSAGE][PASSED] - Call Test Case 'Test Cases/0InicioSesion' successfully

2024-10-03 16:25:51 - [TEST_STEP][PASSED] - click(findTestObject("DIGITURNO/1Principal/img_Configuracion(1)")): Object: 'Object Repository/DIGITURNO/1Principal/img_Configuracion(1)' is clicked on

2024-10-03 16:25:52 - [MESSAGE][PASSED] - Object: 'Object Repository/DIGITURNO/1Principal/img_Configuracion(1)' is clicked on

2024-10-03 16:25:52 - [TEST_STEP][PASSED] - delay(3): Delayed 3 second(s)

2024-10-03 16:25:55 - [MESSAGE][PASSED] - Delayed 3 second(s)

2024-10-03 16:25:55 - [TEST_STEP][PASSED] - click(findTestObject("DIGITURNO/CONFIGURACION/0Principal/img_4Usuarios")): Object: 'Object Repository/DIGITURNO/CONFIGURACION/0Principal/img_4Usuarios' is clicked on

2024-10-03 16:25:55 - [MESSAGE][PASSED] - Object: 'Object Repository/DIGITURNO/CONFIGURACION/0Principal/img_4Usuarios' is clicked on

2024-10-03 16:25:55 - [TEST_STEP][PASSED] - delay(3): Delayed 3 second(s)

2024-10-03 16:25:58 - [MESSAGE][PASSED] - Delayed 3 second(s)

2024-10-03 16:25:58 - [TEST_STEP][PASSED] - takeFullPageScreenshot(STOP_ON_FAILURE): Taking screenshot successfully

2024-10-03 16:25:59 - [MESSAGE][INFO] - 0 hidden object(s)

2024-10-03 16:25:59 - [MESSAGE][PASSED] - Taking screenshot successfully
[[ATTACHMENT|C:\\CIEL INGENIERIA\\Katalon\\Digiturno55\\Reports\\20241003_162025\\DIGITURNO\\BASICO\\13 Perfiles Crear Actualizar Eliminar\\20241003_162036\\1727990758898.png]]

2024-10-03 16:25:59 - [TEST_STEP][PASSED] - delay(3): Delayed 3 second(s)

2024-10-03 16:26:02 - [MESSAGE][PASSED] - Delayed 3 second(s)

2024-10-03 16:26:02 - [MESSAGE][PASSED] - Call Test Case 'Test Cases/DIGITURNO/BASICO/5 Usuarios' successfully

2024-10-03 16:26:02 - [TEST_STEP][PASSED] - delay(2): Delayed 2 second(s)

2024-10-03 16:26:04 - [MESSAGE][PASSED] - Delayed 2 second(s)

2024-10-03 16:26:04 - [TEST_STEP][PASSED] - click(findTestObject("DIGITURNO/CONFIGURACION/4Usuarios/0Principal/img_1Perfiles")): Object: 'Object Repository/DIGITURNO/CONFIGURACION/4Usuarios/0Principal/img_1Perfiles' is clicked on

2024-10-03 16:26:04 - [MESSAGE][PASSED] - Object: 'Object Repository/DIGITURNO/CONFIGURACION/4Usuarios/0Principal/img_1Perfiles' is clicked on

2024-10-03 16:26:04 - [TEST_STEP][PASSED] - delay(3): Delayed 3 second(s)

2024-10-03 16:26:07 - [MESSAGE][PASSED] - Delayed 3 second(s)

2024-10-03 16:26:07 - [TEST_STEP][PASSED] - setText(findTestObject("DIGITURNO/CONFIGURACION/4Usuarios/1Perfiles/Perfiles/input_TextoABuscar"), "prueba"): Text 'prueba' is set on object 'Object Repository/DIGITURNO/CONFIGURACION/4Usuarios/1Perfiles/Perfiles/input_TextoABuscar'

2024-10-03 16:26:08 - [MESSAGE][PASSED] - Text 'prueba' is set on object 'Object Repository/DIGITURNO/CONFIGURACION/4Usuarios/1Perfiles/Perfiles/input_TextoABuscar'

2024-10-03 16:26:08 - [TEST_STEP][PASSED] - delay(3): Delayed 3 second(s)

2024-10-03 16:26:11 - [MESSAGE][PASSED] - Delayed 3 second(s)

2024-10-03 16:26:11 - [TEST_STEP][PASSED] - click(findTestObject("DIGITURNO/CONFIGURACION/4Usuarios/1Perfiles/Perfiles/td_SeleccionLista1")): Object: 'Object Repository/DIGITURNO/CONFIGURACION/4Usuarios/1Perfiles/Perfiles/td_SeleccionLista1' is clicked on

2024-10-03 16:26:12 - [MESSAGE][PASSED] - Object: 'Object Repository/DIGITURNO/CONFIGURACION/4Usuarios/1Perfiles/Perfiles/td_SeleccionLista1' is clicked on

2024-10-03 16:26:12 - [TEST_STEP][PASSED] - delay(3): Delayed 3 second(s)

2024-10-03 16:26:15 - [MESSAGE][PASSED] - Delayed 3 second(s)

2024-10-03 16:26:15 - [TEST_STEP][PASSED] - setText(findTestObject("DIGITURNO/CONFIGURACION/4Usuarios/1Perfiles/Edicion/textarea_Descripcion"), "prueba Actualizada"): Text 'prueba Actualizada' is set on object 'Object Repository/DIGITURNO/CONFIGURACION/4Usuarios/1Perfiles/Edicion/textarea_Descripcion'

2024-10-03 16:26:15 - [MESSAGE][PASSED] - Text 'prueba Actualizada' is set on object 'Object Repository/DIGITURNO/CONFIGURACION/4Usuarios/1Perfiles/Edicion/textarea_Descripcion'

2024-10-03 16:26:15 - [TEST_STEP][PASSED] - delay(2): Delayed 2 second(s)

2024-10-03 16:26:17 - [MESSAGE][PASSED] - Delayed 2 second(s)

2024-10-03 16:26:17 - [TEST_STEP][PASSED] - click(findTestObject("DIGITURNO/CONFIGURACION/4Usuarios/1Perfiles/Edicion/img_Actualizar")): Object: 'Object Repository/DIGITURNO/CONFIGURACION/4Usuarios/1Perfiles/Edicion/img_Actualizar' is clicked on

2024-10-03 16:26:18 - [MESSAGE][PASSED] - Object: 'Object Repository/DIGITURNO/CONFIGURACION/4Usuarios/1Perfiles/Edicion/img_Actualizar' is clicked on

2024-10-03 16:26:18 - [TEST_STEP][PASSED] - delay(3): Delayed 3 second(s)

2024-10-03 16:26:21 - [MESSAGE][PASSED] - Delayed 3 second(s)

2024-10-03 16:26:21 - [TEST_STEP][PASSED] - takeFullPageScreenshot(): Taking screenshot successfully

2024-10-03 16:26:21 - [MESSAGE][INFO] - 0 hidden object(s)

2024-10-03 16:26:22 - [MESSAGE][PASSED] - Taking screenshot successfully
[[ATTACHMENT|C:\\CIEL INGENIERIA\\Katalon\\Digiturno55\\Reports\\20241003_162025\\DIGITURNO\\BASICO\\13 Perfiles Crear Actualizar Eliminar\\20241003_162036\\1727990781380.png]]

2024-10-03 16:26:22 - [TEST_STEP][PASSED] - delay(3): Delayed 3 second(s)

2024-10-03 16:26:25 - [MESSAGE][PASSED] - Delayed 3 second(s)

2024-10-03 16:26:25 - [TEST_STEP][PASSED] - Start listener action : sampleAfterTestCase: null]]></system-out>
         <system-err><![CDATA[]]></system-err>
      </testcase>
      <testcase name="Test Cases/DIGITURNO/BASICO/13 Perfil Eliminar" time="42.198" classname="Test Cases/DIGITURNO/BASICO/13 Perfil Eliminar" status="PASSED">
         <system-out><![CDATA[2024-10-03 16:26:25 - [TEST_CASE][PASSED] - Test Cases/DIGITURNO/BASICO/13 Perfil Eliminar: Test Cases/DIGITURNO/BASICO/13 Perfil Eliminar

2024-10-03 16:26:25 - [TEST_STEP][PASSED] - callTestCase(findTestCase("DIGITURNO/BASICO/5 Usuarios"), [:], STOP_ON_FAILURE): Call Test Case 'Test Cases/DIGITURNO/BASICO/5 Usuarios' successfully

2024-10-03 16:26:25 - [TEST_CASE][PASSED] - Test Cases/DIGITURNO/BASICO/5 Usuarios: Test Cases/DIGITURNO/BASICO/5 Usuarios

2024-10-03 16:26:25 - [TEST_STEP][PASSED] - callTestCase(findTestCase("0InicioSesion"), [:], STOP_ON_FAILURE): Call Test Case 'Test Cases/0InicioSesion' successfully

2024-10-03 16:26:25 - [TEST_CASE][PASSED] - Test Cases/0InicioSesion: Test Cases/0InicioSesion

2024-10-03 16:26:25 - [TEST_STEP][PASSED] - openBrowser(UrlDigiturno): Browser is opened with url: 'https://PCPruebas101.ciel.cielingenieria.com:8910'

2024-10-03 16:26:25 - [MESSAGE][WARNING] - A browser is already opened. Closing browser and opening a new one

2024-10-03 16:26:26 - [MESSAGE][INFO] - Starting 'Chrome' driver

2024-10-03 16:26:26 - [MESSAGE][INFO] - User set preference: ['args', '[--use-fake-ui-for-media-stream, --disable-notifications]']

2024-10-03 16:26:26 - [MESSAGE][INFO] - Action delay is set to 0 milliseconds

2024-10-03 16:26:28 - [MESSAGE][PASSED] - Browser is opened with url: 'https://PCPruebas101.ciel.cielingenieria.com:8910'

2024-10-03 16:26:28 - [TEST_STEP][PASSED] - maximizeWindow(): Current window maximized

2024-10-03 16:26:28 - [MESSAGE][PASSED] - Current window maximized

2024-10-03 16:26:28 - [TEST_STEP][PASSED] - delay(3): Delayed 3 second(s)

2024-10-03 16:26:31 - [MESSAGE][PASSED] - Delayed 3 second(s)

2024-10-03 16:26:31 - [TEST_STEP][PASSED] - setText(findTestObject("0Inicio Sesion/input_Usuario"), "Ciel"): Text 'Ciel' is set on object 'Object Repository/0Inicio Sesion/input_Usuario'

2024-10-03 16:26:32 - [MESSAGE][PASSED] - Text 'Ciel' is set on object 'Object Repository/0Inicio Sesion/input_Usuario'

2024-10-03 16:26:32 - [TEST_STEP][PASSED] - setText(findTestObject("0Inicio Sesion/input_Clave"), "digiturno"): Text 'digiturno' is set on object 'Object Repository/0Inicio Sesion/input_Clave'

2024-10-03 16:26:33 - [MESSAGE][PASSED] - Text 'digiturno' is set on object 'Object Repository/0Inicio Sesion/input_Clave'

2024-10-03 16:26:33 - [TEST_STEP][PASSED] - click(findTestObject("0Inicio Sesion/btn_IniciarSesion")): Object: 'Object Repository/0Inicio Sesion/btn_IniciarSesion' is clicked on

2024-10-03 16:26:33 - [MESSAGE][PASSED] - Object: 'Object Repository/0Inicio Sesion/btn_IniciarSesion' is clicked on

2024-10-03 16:26:33 - [TEST_STEP][PASSED] - delay(3): Delayed 3 second(s)

2024-10-03 16:26:36 - [MESSAGE][PASSED] - Delayed 3 second(s)

2024-10-03 16:26:36 - [MESSAGE][PASSED] - Call Test Case 'Test Cases/0InicioSesion' successfully

2024-10-03 16:26:36 - [TEST_STEP][PASSED] - click(findTestObject("DIGITURNO/1Principal/img_Configuracion(1)")): Object: 'Object Repository/DIGITURNO/1Principal/img_Configuracion(1)' is clicked on

2024-10-03 16:26:37 - [MESSAGE][PASSED] - Object: 'Object Repository/DIGITURNO/1Principal/img_Configuracion(1)' is clicked on

2024-10-03 16:26:37 - [TEST_STEP][PASSED] - delay(3): Delayed 3 second(s)

2024-10-03 16:26:40 - [MESSAGE][PASSED] - Delayed 3 second(s)

2024-10-03 16:26:40 - [TEST_STEP][PASSED] - click(findTestObject("DIGITURNO/CONFIGURACION/0Principal/img_4Usuarios")): Object: 'Object Repository/DIGITURNO/CONFIGURACION/0Principal/img_4Usuarios' is clicked on

2024-10-03 16:26:40 - [MESSAGE][PASSED] - Object: 'Object Repository/DIGITURNO/CONFIGURACION/0Principal/img_4Usuarios' is clicked on

2024-10-03 16:26:40 - [TEST_STEP][PASSED] - delay(3): Delayed 3 second(s)

2024-10-03 16:26:43 - [MESSAGE][PASSED] - Delayed 3 second(s)

2024-10-03 16:26:43 - [TEST_STEP][PASSED] - takeFullPageScreenshot(STOP_ON_FAILURE): Taking screenshot successfully

2024-10-03 16:26:44 - [MESSAGE][INFO] - 0 hidden object(s)

2024-10-03 16:26:44 - [MESSAGE][PASSED] - Taking screenshot successfully
[[ATTACHMENT|C:\\CIEL INGENIERIA\\Katalon\\Digiturno55\\Reports\\20241003_162025\\DIGITURNO\\BASICO\\13 Perfiles Crear Actualizar Eliminar\\20241003_162036\\1727990803717.png]]

2024-10-03 16:26:44 - [TEST_STEP][PASSED] - delay(3): Delayed 3 second(s)

2024-10-03 16:26:47 - [MESSAGE][PASSED] - Delayed 3 second(s)

2024-10-03 16:26:47 - [MESSAGE][PASSED] - Call Test Case 'Test Cases/DIGITURNO/BASICO/5 Usuarios' successfully

2024-10-03 16:26:47 - [TEST_STEP][PASSED] - delay(2): Delayed 2 second(s)

2024-10-03 16:26:49 - [MESSAGE][PASSED] - Delayed 2 second(s)

2024-10-03 16:26:49 - [TEST_STEP][PASSED] - click(findTestObject("DIGITURNO/CONFIGURACION/4Usuarios/0Principal/img_1Perfiles")): Object: 'Object Repository/DIGITURNO/CONFIGURACION/4Usuarios/0Principal/img_1Perfiles' is clicked on

2024-10-03 16:26:49 - [MESSAGE][PASSED] - Object: 'Object Repository/DIGITURNO/CONFIGURACION/4Usuarios/0Principal/img_1Perfiles' is clicked on

2024-10-03 16:26:49 - [TEST_STEP][PASSED] - delay(3): Delayed 3 second(s)

2024-10-03 16:26:52 - [MESSAGE][PASSED] - Delayed 3 second(s)

2024-10-03 16:26:52 - [TEST_STEP][PASSED] - setText(findTestObject("DIGITURNO/CONFIGURACION/4Usuarios/1Perfiles/Perfiles/input_TextoABuscar"), "prueba"): Text 'prueba' is set on object 'Object Repository/DIGITURNO/CONFIGURACION/4Usuarios/1Perfiles/Perfiles/input_TextoABuscar'

2024-10-03 16:26:53 - [MESSAGE][PASSED] - Text 'prueba' is set on object 'Object Repository/DIGITURNO/CONFIGURACION/4Usuarios/1Perfiles/Perfiles/input_TextoABuscar'

2024-10-03 16:26:53 - [TEST_STEP][PASSED] - delay(3): Delayed 3 second(s)

2024-10-03 16:26:56 - [MESSAGE][PASSED] - Delayed 3 second(s)

2024-10-03 16:26:56 - [TEST_STEP][PASSED] - click(findTestObject("DIGITURNO/CONFIGURACION/4Usuarios/1Perfiles/Perfiles/td_SeleccionLista1")): Object: 'Object Repository/DIGITURNO/CONFIGURACION/4Usuarios/1Perfiles/Perfiles/td_SeleccionLista1' is clicked on

2024-10-03 16:26:56 - [MESSAGE][PASSED] - Object: 'Object Repository/DIGITURNO/CONFIGURACION/4Usuarios/1Perfiles/Perfiles/td_SeleccionLista1' is clicked on

2024-10-03 16:26:56 - [TEST_STEP][PASSED] - delay(3): Delayed 3 second(s)

2024-10-03 16:26:59 - [MESSAGE][PASSED] - Delayed 3 second(s)

2024-10-03 16:26:59 - [TEST_STEP][PASSED] - click(findTestObject("DIGITURNO/CONFIGURACION/4Usuarios/1Perfiles/Edicion/img_Eliminar")): Object: 'Object Repository/DIGITURNO/CONFIGURACION/4Usuarios/1Perfiles/Edicion/img_Eliminar' is clicked on

2024-10-03 16:27:00 - [MESSAGE][PASSED] - Object: 'Object Repository/DIGITURNO/CONFIGURACION/4Usuarios/1Perfiles/Edicion/img_Eliminar' is clicked on

2024-10-03 16:27:00 - [TEST_STEP][PASSED] - click(findTestObject("DIGITURNO/CONFIGURACION/4Usuarios/1Perfiles/Edicion/img_Eliminar")): Object: 'Object Repository/DIGITURNO/CONFIGURACION/4Usuarios/1Perfiles/Edicion/img_Eliminar' is clicked on

2024-10-03 16:27:00 - [MESSAGE][PASSED] - Object: 'Object Repository/DIGITURNO/CONFIGURACION/4Usuarios/1Perfiles/Edicion/img_Eliminar' is clicked on

2024-10-03 16:27:00 - [TEST_STEP][PASSED] - acceptAlert(): Alert accepted

2024-10-03 16:27:00 - [MESSAGE][PASSED] - Alert accepted

2024-10-03 16:27:00 - [TEST_STEP][PASSED] - delay(3): Delayed 3 second(s)

2024-10-03 16:27:03 - [MESSAGE][PASSED] - Delayed 3 second(s)

2024-10-03 16:27:03 - [TEST_STEP][PASSED] - takeFullPageScreenshot(): Taking screenshot successfully

2024-10-03 16:27:04 - [MESSAGE][INFO] - 0 hidden object(s)

2024-10-03 16:27:04 - [MESSAGE][PASSED] - Taking screenshot successfully
[[ATTACHMENT|C:\\CIEL INGENIERIA\\Katalon\\Digiturno55\\Reports\\20241003_162025\\DIGITURNO\\BASICO\\13 Perfiles Crear Actualizar Eliminar\\20241003_162036\\1727990823559.png]]

2024-10-03 16:27:04 - [TEST_STEP][PASSED] - delay(3): Delayed 3 second(s)

2024-10-03 16:27:07 - [MESSAGE][PASSED] - Delayed 3 second(s)

2024-10-03 16:27:07 - [TEST_STEP][PASSED] - Start listener action : sampleAfterTestCase: null]]></system-out>
         <system-err><![CDATA[]]></system-err>
      </testcase>
      <system-out><![CDATA[2024-10-03 16:25:02 - [TEST_SUITE][PASSED] - 13 Perfiles Crear Actualizar Eliminar: Test Cases/DIGITURNO/BASICO/13 Perfil Eliminar]]></system-out>
      <system-err><![CDATA[]]></system-err>
   </testsuite>
</testsuites>
