<?xml version="1.0" encoding="UTF-8"?>
<testsuites name="31 Jornadas de Atencion Crear Actualizar Eliminar" time="162.81" tests="3" failures="0" errors="0">
   <testsuite name="31 Jornadas de Atencion Crear Actualizar Eliminar" tests="3" failures="0" errors="0" time="162.81" skipped="0" timestamp="2024-10-03 17:31:30" hostname="jdavila - PCPruebas101.ciel.cielingenieria.com" id="Test Suites/DIGITURNO/BASICO/31 Jornadas de Atencion Crear Actualizar Eliminar">
      <properties>
         <property name="deviceName" value=""/>
         <property name="devicePlatform" value=""/>
         <property name="logFolder" value="C:\\CIEL INGENIERIA\\Katalon\\Digiturno55\\Reports\\20241003_171202\\DIGITURNO\\BASICO\\31 Jornadas de Atencion Crear Actualizar Eliminar\\20241003_171235"/>
         <property name="logFiles" value="C:\\CIEL INGENIERIA\\Katalon\\Digiturno55\\Reports\\20241003_171202\\DIGITURNO\\BASICO\\31 Jornadas de Atencion Crear Actualizar Eliminar\\20241003_171235\\execution0.log"/>
         <property name="attachments" value="C:\\CIEL INGENIERIA\\Katalon\\Digiturno55\\Reports\\20241003_171202\\DIGITURNO\\BASICO\\31 Jornadas de Atencion Crear Actualizar Eliminar\\20241003_171235\\1727994707437.png, C:\\CIEL INGENIERIA\\Katalon\\Digiturno55\\Reports\\20241003_171202\\DIGITURNO\\BASICO\\31 Jornadas de Atencion Crear Actualizar Eliminar\\20241003_171235\\1727994767185.png, C:\\CIEL INGENIERIA\\Katalon\\Digiturno55\\Reports\\20241003_171202\\DIGITURNO\\BASICO\\31 Jornadas de Atencion Crear Actualizar Eliminar\\20241003_171235\\1727994786161.png, C:\\CIEL INGENIERIA\\Katalon\\Digiturno55\\Reports\\20241003_171202\\DIGITURNO\\BASICO\\31 Jornadas de Atencion Crear Actualizar Eliminar\\20241003_171235\\1727994810282.png, C:\\CIEL INGENIERIA\\Katalon\\Digiturno55\\Reports\\20241003_171202\\DIGITURNO\\BASICO\\31 Jornadas de Atencion Crear Actualizar Eliminar\\20241003_171235\\1727994829102.png, C:\\CIEL INGENIERIA\\Katalon\\Digiturno55\\Reports\\20241003_171202\\DIGITURNO\\BASICO\\31 Jornadas de Atencion Crear Actualizar Eliminar\\20241003_171235\\1727994849596.png"/>
         <property name="hostName" value="jdavila - PCPruebas101.ciel.cielingenieria.com"/>
         <property name="os" value="Windows 10 64bit"/>
         <property name="katalonVersion" value="8.6.9.208"/>
         <property name="browser" value="Chrome 129.0.0.0"/>
         <property name="hostAddress" value="192.168.91.13"/>
         <property name="sessionId" value="cb24f91b677a3f54e66fbf6371990dd0"/>
         <property name="seleniumVersion" value="3.141.59"/>
         <property name="proxyInformation" value="ProxyInformation { proxyOption=NO_PROXY, proxyServerType=HTTP, username=, password=********, proxyServerAddress=, proxyServerPort=0, executionList=&quot;&quot;, isApplyToDesiredCapabilities=true }"/>
         <property name="platform" value="Windows 10"/>
      </properties>
      <testcase name="Test Cases/DIGITURNO/BASICO/31 Jornadas de Atencion Crear" time="80.138" classname="Test Cases/DIGITURNO/BASICO/31 Jornadas de Atencion Crear" status="PASSED">
         <system-out><![CDATA[2024-10-03 17:31:30 - [TEST_CASE][PASSED] - Test Cases/DIGITURNO/BASICO/31 Jornadas de Atencion Crear: Test Cases/DIGITURNO/BASICO/31 Jornadas de Atencion Crear

2024-10-03 17:31:31 - [TEST_STEP][PASSED] - callTestCase(findTestCase("DIGITURNO/BASICO/3 Configuracion"), [:], STOP_ON_FAILURE): Call Test Case 'Test Cases/DIGITURNO/BASICO/3 Configuracion' successfully

2024-10-03 17:31:31 - [TEST_CASE][PASSED] - Test Cases/DIGITURNO/BASICO/3 Configuracion: Test Cases/DIGITURNO/BASICO/3 Configuracion

2024-10-03 17:31:31 - [TEST_STEP][PASSED] - callTestCase(findTestCase("0InicioSesion"), [:], STOP_ON_FAILURE): Call Test Case 'Test Cases/0InicioSesion' successfully

2024-10-03 17:31:31 - [TEST_CASE][PASSED] - Test Cases/0InicioSesion: Test Cases/0InicioSesion

2024-10-03 17:31:32 - [TEST_STEP][PASSED] - openBrowser(UrlDigiturno): Browser is opened with url: 'https://PCPruebas101.ciel.cielingenieria.com:8910'

2024-10-03 17:31:32 - [MESSAGE][INFO] - Starting 'Chrome' driver

2024-10-03 17:31:32 - [MESSAGE][INFO] - User set preference: ['args', '[--use-fake-ui-for-media-stream, --disable-notifications]']

2024-10-03 17:31:32 - [MESSAGE][INFO] - Action delay is set to 0 milliseconds

2024-10-03 17:31:35 - [MESSAGE][PASSED] - Browser is opened with url: 'https://PCPruebas101.ciel.cielingenieria.com:8910'

2024-10-03 17:31:35 - [TEST_STEP][PASSED] - maximizeWindow(): Current window maximized

2024-10-03 17:31:35 - [MESSAGE][PASSED] - Current window maximized

2024-10-03 17:31:35 - [TEST_STEP][PASSED] - delay(3): Delayed 3 second(s)

2024-10-03 17:31:38 - [MESSAGE][PASSED] - Delayed 3 second(s)

2024-10-03 17:31:38 - [TEST_STEP][PASSED] - setText(findTestObject("0Inicio Sesion/input_Usuario"), "Ciel"): Text 'Ciel' is set on object 'Object Repository/0Inicio Sesion/input_Usuario'

2024-10-03 17:31:39 - [MESSAGE][PASSED] - Text 'Ciel' is set on object 'Object Repository/0Inicio Sesion/input_Usuario'

2024-10-03 17:31:39 - [TEST_STEP][PASSED] - setText(findTestObject("0Inicio Sesion/input_Clave"), "digiturno"): Text 'digiturno' is set on object 'Object Repository/0Inicio Sesion/input_Clave'

2024-10-03 17:31:40 - [MESSAGE][PASSED] - Text 'digiturno' is set on object 'Object Repository/0Inicio Sesion/input_Clave'

2024-10-03 17:31:40 - [TEST_STEP][PASSED] - click(findTestObject("0Inicio Sesion/btn_IniciarSesion")): Object: 'Object Repository/0Inicio Sesion/btn_IniciarSesion' is clicked on

2024-10-03 17:31:40 - [MESSAGE][PASSED] - Object: 'Object Repository/0Inicio Sesion/btn_IniciarSesion' is clicked on

2024-10-03 17:31:40 - [TEST_STEP][PASSED] - delay(3): Delayed 3 second(s)

2024-10-03 17:31:43 - [MESSAGE][PASSED] - Delayed 3 second(s)

2024-10-03 17:31:43 - [MESSAGE][PASSED] - Call Test Case 'Test Cases/0InicioSesion' successfully

2024-10-03 17:31:43 - [TEST_STEP][PASSED] - click(findTestObject("DIGITURNO/1Principal/img_Configuracion(1)")): Object: 'Object Repository/DIGITURNO/1Principal/img_Configuracion(1)' is clicked on

2024-10-03 17:31:44 - [MESSAGE][PASSED] - Object: 'Object Repository/DIGITURNO/1Principal/img_Configuracion(1)' is clicked on

2024-10-03 17:31:44 - [TEST_STEP][PASSED] - delay(3): Delayed 3 second(s)

2024-10-03 17:31:47 - [MESSAGE][PASSED] - Delayed 3 second(s)

2024-10-03 17:31:47 - [TEST_STEP][PASSED] - takeFullPageScreenshot(): Taking screenshot successfully

2024-10-03 17:31:47 - [MESSAGE][INFO] - 0 hidden object(s)

2024-10-03 17:31:48 - [MESSAGE][PASSED] - Taking screenshot successfully
[[ATTACHMENT|C:\\CIEL INGENIERIA\\Katalon\\Digiturno55\\Reports\\20241003_171202\\DIGITURNO\\BASICO\\31 Jornadas de Atencion Crear Actualizar Eliminar\\20241003_171235\\1727994707437.png]]

2024-10-03 17:31:48 - [TEST_STEP][PASSED] - delay(3): Delayed 3 second(s)

2024-10-03 17:31:51 - [MESSAGE][PASSED] - Delayed 3 second(s)

2024-10-03 17:31:51 - [MESSAGE][PASSED] - Call Test Case 'Test Cases/DIGITURNO/BASICO/3 Configuracion' successfully

2024-10-03 17:31:51 - [TEST_STEP][PASSED] - click(findTestObject("DIGITURNO/CONFIGURACION/0Principal/img_3Jornadas de atencion")): Object: 'Object Repository/DIGITURNO/CONFIGURACION/0Principal/img_3Jornadas de atencion' is clicked on

2024-10-03 17:32:07 - [MESSAGE][PASSED] - Object: 'Object Repository/DIGITURNO/CONFIGURACION/0Principal/img_3Jornadas de atencion' is clicked on

2024-10-03 17:32:07 - [TEST_STEP][PASSED] - delay(2): Delayed 2 second(s)

2024-10-03 17:32:09 - [MESSAGE][PASSED] - Delayed 2 second(s)

2024-10-03 17:32:09 - [TEST_STEP][PASSED] - click(findTestObject("DIGITURNO/CONFIGURACION/3Jornadas de Atencion/0Modal Inicial Oficinas/td_1Bogota - CIEL")): Object: 'Object Repository/DIGITURNO/CONFIGURACION/3Jornadas de Atencion/0Modal Inicial Oficinas/td_1Bogota - CIEL' is clicked on

2024-10-03 17:32:09 - [MESSAGE][PASSED] - Object: 'Object Repository/DIGITURNO/CONFIGURACION/3Jornadas de Atencion/0Modal Inicial Oficinas/td_1Bogota - CIEL' is clicked on

2024-10-03 17:32:09 - [TEST_STEP][PASSED] - delay(3): Delayed 3 second(s)

2024-10-03 17:32:12 - [MESSAGE][PASSED] - Delayed 3 second(s)

2024-10-03 17:32:12 - [TEST_STEP][PASSED] - click(findTestObject("DIGITURNO/CONFIGURACION/3Jornadas de Atencion/Edicion/btn_SeleccionarOficina")): Object: 'Object Repository/DIGITURNO/CONFIGURACION/3Jornadas de Atencion/Edicion/btn_SeleccionarOficina' is clicked on

2024-10-03 17:32:12 - [MESSAGE][PASSED] - Object: 'Object Repository/DIGITURNO/CONFIGURACION/3Jornadas de Atencion/Edicion/btn_SeleccionarOficina' is clicked on

2024-10-03 17:32:12 - [TEST_STEP][PASSED] - delay(3): Delayed 3 second(s)

2024-10-03 17:32:15 - [MESSAGE][PASSED] - Delayed 3 second(s)

2024-10-03 17:32:15 - [TEST_STEP][PASSED] - click(findTestObject("DIGITURNO/CONFIGURACION/3Jornadas de Atencion/Edicion/btn_SeleccionarOficina(1)/td_1Bogota - CIEL")): Object: 'Object Repository/DIGITURNO/CONFIGURACION/3Jornadas de Atencion/Edicion/btn_SeleccionarOficina(1)/td_1Bogota - CIEL' is clicked on

2024-10-03 17:32:16 - [MESSAGE][PASSED] - Object: 'Object Repository/DIGITURNO/CONFIGURACION/3Jornadas de Atencion/Edicion/btn_SeleccionarOficina(1)/td_1Bogota - CIEL' is clicked on

2024-10-03 17:32:16 - [TEST_STEP][PASSED] - delay(3): Delayed 3 second(s)

2024-10-03 17:32:19 - [MESSAGE][PASSED] - Delayed 3 second(s)

2024-10-03 17:32:19 - [TEST_STEP][PASSED] - check(findTestObject("DIGITURNO/CONFIGURACION/3Jornadas de Atencion/Edicion/Label/label_Habilitada")): Object 'Object Repository/DIGITURNO/CONFIGURACION/3Jornadas de Atencion/Edicion/Label/label_Habilitada' is checked

2024-10-03 17:32:19 - [MESSAGE][PASSED] - Object 'Object Repository/DIGITURNO/CONFIGURACION/3Jornadas de Atencion/Edicion/Label/label_Habilitada' is checked

2024-10-03 17:32:19 - [TEST_STEP][PASSED] - delay(3): Delayed 3 second(s)

2024-10-03 17:32:22 - [MESSAGE][PASSED] - Delayed 3 second(s)

2024-10-03 17:32:22 - [TEST_STEP][PASSED] - setText(findTestObject("DIGITURNO/CONFIGURACION/3Jornadas de Atencion/Edicion/input_Nombre"), "Prueba"): Text 'Prueba' is set on object 'Object Repository/DIGITURNO/CONFIGURACION/3Jornadas de Atencion/Edicion/input_Nombre'

2024-10-03 17:32:23 - [MESSAGE][PASSED] - Text 'Prueba' is set on object 'Object Repository/DIGITURNO/CONFIGURACION/3Jornadas de Atencion/Edicion/input_Nombre'

2024-10-03 17:32:23 - [TEST_STEP][PASSED] - setText(findTestObject("DIGITURNO/CONFIGURACION/3Jornadas de Atencion/Edicion/textarea_Descripcion"), "Prueba"): Text 'Prueba' is set on object 'Object Repository/DIGITURNO/CONFIGURACION/3Jornadas de Atencion/Edicion/textarea_Descripcion'

2024-10-03 17:32:24 - [MESSAGE][PASSED] - Text 'Prueba' is set on object 'Object Repository/DIGITURNO/CONFIGURACION/3Jornadas de Atencion/Edicion/textarea_Descripcion'

2024-10-03 17:32:24 - [TEST_STEP][PASSED] - setText(findTestObject("DIGITURNO/CONFIGURACION/3Jornadas de Atencion/Edicion/input_Prioridad"), "9"): Text '9' is set on object 'Object Repository/DIGITURNO/CONFIGURACION/3Jornadas de Atencion/Edicion/input_Prioridad'

2024-10-03 17:32:25 - [MESSAGE][PASSED] - Text '9' is set on object 'Object Repository/DIGITURNO/CONFIGURACION/3Jornadas de Atencion/Edicion/input_Prioridad'

2024-10-03 17:32:25 - [TEST_STEP][PASSED] - setText(findTestObject("DIGITURNO/CONFIGURACION/3Jornadas de Atencion/Edicion/input_Fecha inicio ddmmaaaa"), "12/05/2022"): Text '12/05/2022' is set on object 'Object Repository/DIGITURNO/CONFIGURACION/3Jornadas de Atencion/Edicion/input_Fecha inicio ddmmaaaa'

2024-10-03 17:32:25 - [MESSAGE][PASSED] - Text '12/05/2022' is set on object 'Object Repository/DIGITURNO/CONFIGURACION/3Jornadas de Atencion/Edicion/input_Fecha inicio ddmmaaaa'

2024-10-03 17:32:25 - [TEST_STEP][PASSED] - setText(findTestObject("DIGITURNO/CONFIGURACION/3Jornadas de Atencion/Edicion/input_Fecha Inicio HH"), "08"): Text '08' is set on object 'Object Repository/DIGITURNO/CONFIGURACION/3Jornadas de Atencion/Edicion/input_Fecha Inicio HH'

2024-10-03 17:32:26 - [MESSAGE][PASSED] - Text '08' is set on object 'Object Repository/DIGITURNO/CONFIGURACION/3Jornadas de Atencion/Edicion/input_Fecha Inicio HH'

2024-10-03 17:32:26 - [TEST_STEP][PASSED] - setText(findTestObject("DIGITURNO/CONFIGURACION/3Jornadas de Atencion/Edicion/input_Fecha Inicio MM"), "00"): Text '00' is set on object 'Object Repository/DIGITURNO/CONFIGURACION/3Jornadas de Atencion/Edicion/input_Fecha Inicio MM'

2024-10-03 17:32:27 - [MESSAGE][PASSED] - Text '00' is set on object 'Object Repository/DIGITURNO/CONFIGURACION/3Jornadas de Atencion/Edicion/input_Fecha Inicio MM'

2024-10-03 17:32:27 - [TEST_STEP][PASSED] - delay(3): Delayed 3 second(s)

2024-10-03 17:32:30 - [MESSAGE][PASSED] - Delayed 3 second(s)

2024-10-03 17:32:30 - [TEST_STEP][PASSED] - setText(findTestObject("DIGITURNO/CONFIGURACION/3Jornadas de Atencion/Edicion/input_Fecha fin ddmmaaaa"), "30/06/2022"): Text '30/06/2022' is set on object 'Object Repository/DIGITURNO/CONFIGURACION/3Jornadas de Atencion/Edicion/input_Fecha fin ddmmaaaa'

2024-10-03 17:32:31 - [MESSAGE][PASSED] - Text '30/06/2022' is set on object 'Object Repository/DIGITURNO/CONFIGURACION/3Jornadas de Atencion/Edicion/input_Fecha fin ddmmaaaa'

2024-10-03 17:32:31 - [TEST_STEP][PASSED] - setText(findTestObject("DIGITURNO/CONFIGURACION/3Jornadas de Atencion/Edicion/input_Fecha Fin HH"), "18"): Text '18' is set on object 'Object Repository/DIGITURNO/CONFIGURACION/3Jornadas de Atencion/Edicion/input_Fecha Fin HH'

2024-10-03 17:32:32 - [MESSAGE][PASSED] - Text '18' is set on object 'Object Repository/DIGITURNO/CONFIGURACION/3Jornadas de Atencion/Edicion/input_Fecha Fin HH'

2024-10-03 17:32:32 - [TEST_STEP][PASSED] - setText(findTestObject("DIGITURNO/CONFIGURACION/3Jornadas de Atencion/Edicion/input_Fecha Fin MM"), "00"): Text '00' is set on object 'Object Repository/DIGITURNO/CONFIGURACION/3Jornadas de Atencion/Edicion/input_Fecha Fin MM'

2024-10-03 17:32:33 - [MESSAGE][PASSED] - Text '00' is set on object 'Object Repository/DIGITURNO/CONFIGURACION/3Jornadas de Atencion/Edicion/input_Fecha Fin MM'

2024-10-03 17:32:33 - [TEST_STEP][PASSED] - delay(3): Delayed 3 second(s)

2024-10-03 17:32:36 - [MESSAGE][PASSED] - Delayed 3 second(s)

2024-10-03 17:32:36 - [TEST_STEP][PASSED] - scrollToPosition(0, 700): Browser is scrolled to position x = 0, y = 700

2024-10-03 17:32:36 - [MESSAGE][PASSED] - Browser is scrolled to position x = 0, y = 700

2024-10-03 17:32:36 - [TEST_STEP][PASSED] - click(findTestObject("DIGITURNO/CONFIGURACION/3Jornadas de Atencion/Edicion/Label/label_Semanal")): Object: 'Object Repository/DIGITURNO/CONFIGURACION/3Jornadas de Atencion/Edicion/Label/label_Semanal' is clicked on

2024-10-03 17:32:36 - [MESSAGE][PASSED] - Object: 'Object Repository/DIGITURNO/CONFIGURACION/3Jornadas de Atencion/Edicion/Label/label_Semanal' is clicked on

2024-10-03 17:32:36 - [TEST_STEP][PASSED] - delay(2): Delayed 2 second(s)

2024-10-03 17:32:38 - [MESSAGE][PASSED] - Delayed 2 second(s)

2024-10-03 17:32:38 - [TEST_STEP][PASSED] - check(findTestObject("DIGITURNO/CONFIGURACION/3Jornadas de Atencion/Edicion/Label/label_Semanal(1)/label_lunes")): Object 'Object Repository/DIGITURNO/CONFIGURACION/3Jornadas de Atencion/Edicion/Label/label_Semanal(1)/label_lunes' is checked

2024-10-03 17:32:38 - [MESSAGE][PASSED] - Object 'Object Repository/DIGITURNO/CONFIGURACION/3Jornadas de Atencion/Edicion/Label/label_Semanal(1)/label_lunes' is checked

2024-10-03 17:32:38 - [TEST_STEP][PASSED] - check(findTestObject("DIGITURNO/CONFIGURACION/3Jornadas de Atencion/Edicion/Label/label_Semanal(1)/label_martes")): Object 'Object Repository/DIGITURNO/CONFIGURACION/3Jornadas de Atencion/Edicion/Label/label_Semanal(1)/label_martes' is checked

2024-10-03 17:32:39 - [MESSAGE][PASSED] - Object 'Object Repository/DIGITURNO/CONFIGURACION/3Jornadas de Atencion/Edicion/Label/label_Semanal(1)/label_martes' is checked

2024-10-03 17:32:39 - [TEST_STEP][PASSED] - check(findTestObject("DIGITURNO/CONFIGURACION/3Jornadas de Atencion/Edicion/Label/label_Semanal(1)/label_miercoles")): Object 'Object Repository/DIGITURNO/CONFIGURACION/3Jornadas de Atencion/Edicion/Label/label_Semanal(1)/label_miercoles' is checked

2024-10-03 17:32:39 - [MESSAGE][PASSED] - Object 'Object Repository/DIGITURNO/CONFIGURACION/3Jornadas de Atencion/Edicion/Label/label_Semanal(1)/label_miercoles' is checked

2024-10-03 17:32:39 - [TEST_STEP][PASSED] - check(findTestObject("DIGITURNO/CONFIGURACION/3Jornadas de Atencion/Edicion/Label/label_Semanal(1)/label_jueves")): Object 'Object Repository/DIGITURNO/CONFIGURACION/3Jornadas de Atencion/Edicion/Label/label_Semanal(1)/label_jueves' is checked

2024-10-03 17:32:40 - [MESSAGE][PASSED] - Object 'Object Repository/DIGITURNO/CONFIGURACION/3Jornadas de Atencion/Edicion/Label/label_Semanal(1)/label_jueves' is checked

2024-10-03 17:32:40 - [TEST_STEP][PASSED] - check(findTestObject("DIGITURNO/CONFIGURACION/3Jornadas de Atencion/Edicion/Label/label_Semanal(1)/label_viernes")): Object 'Object Repository/DIGITURNO/CONFIGURACION/3Jornadas de Atencion/Edicion/Label/label_Semanal(1)/label_viernes' is checked

2024-10-03 17:32:40 - [MESSAGE][PASSED] - Object 'Object Repository/DIGITURNO/CONFIGURACION/3Jornadas de Atencion/Edicion/Label/label_Semanal(1)/label_viernes' is checked

2024-10-03 17:32:40 - [TEST_STEP][PASSED] - delay(3): Delayed 3 second(s)

2024-10-03 17:32:43 - [MESSAGE][PASSED] - Delayed 3 second(s)

2024-10-03 17:32:43 - [TEST_STEP][PASSED] - scrollToPosition(0, 0): Browser is scrolled to position x = 0, y = 0

2024-10-03 17:32:43 - [MESSAGE][PASSED] - Browser is scrolled to position x = 0, y = 0

2024-10-03 17:32:43 - [TEST_STEP][PASSED] - click(findTestObject("DIGITURNO/CONFIGURACION/3Jornadas de Atencion/Edicion/img_Nuevo")): Object: 'Object Repository/DIGITURNO/CONFIGURACION/3Jornadas de Atencion/Edicion/img_Nuevo' is clicked on

2024-10-03 17:32:44 - [MESSAGE][PASSED] - Object: 'Object Repository/DIGITURNO/CONFIGURACION/3Jornadas de Atencion/Edicion/img_Nuevo' is clicked on

2024-10-03 17:32:44 - [TEST_STEP][PASSED] - delay(3): Delayed 3 second(s)

2024-10-03 17:32:47 - [MESSAGE][PASSED] - Delayed 3 second(s)

2024-10-03 17:32:47 - [TEST_STEP][PASSED] - takeFullPageScreenshot(): Taking screenshot successfully

2024-10-03 17:32:47 - [MESSAGE][INFO] - 0 hidden object(s)

2024-10-03 17:32:47 - [MESSAGE][PASSED] - Taking screenshot successfully
[[ATTACHMENT|C:\\CIEL INGENIERIA\\Katalon\\Digiturno55\\Reports\\20241003_171202\\DIGITURNO\\BASICO\\31 Jornadas de Atencion Crear Actualizar Eliminar\\20241003_171235\\1727994767185.png]]

2024-10-03 17:32:47 - [TEST_STEP][PASSED] - delay(3): Delayed 3 second(s)

2024-10-03 17:32:50 - [MESSAGE][PASSED] - Delayed 3 second(s)

2024-10-03 17:32:50 - [TEST_STEP][PASSED] - Start listener action : sampleAfterTestCase: null]]></system-out>
         <system-err><![CDATA[]]></system-err>
      </testcase>
      <testcase name="Test Cases/DIGITURNO/BASICO/31 Jornadas de Atencion Actualizar" time="43.073" classname="Test Cases/DIGITURNO/BASICO/31 Jornadas de Atencion Actualizar" status="PASSED">
         <system-out><![CDATA[2024-10-03 17:32:50 - [TEST_CASE][PASSED] - Test Cases/DIGITURNO/BASICO/31 Jornadas de Atencion Actualizar: Test Cases/DIGITURNO/BASICO/31 Jornadas de Atencion Actualizar

2024-10-03 17:32:51 - [TEST_STEP][PASSED] - callTestCase(findTestCase("DIGITURNO/BASICO/3 Configuracion"), [:], STOP_ON_FAILURE): Call Test Case 'Test Cases/DIGITURNO/BASICO/3 Configuracion' successfully

2024-10-03 17:32:51 - [TEST_CASE][PASSED] - Test Cases/DIGITURNO/BASICO/3 Configuracion: Test Cases/DIGITURNO/BASICO/3 Configuracion

2024-10-03 17:32:51 - [TEST_STEP][PASSED] - callTestCase(findTestCase("0InicioSesion"), [:], STOP_ON_FAILURE): Call Test Case 'Test Cases/0InicioSesion' successfully

2024-10-03 17:32:51 - [TEST_CASE][PASSED] - Test Cases/0InicioSesion: Test Cases/0InicioSesion

2024-10-03 17:32:51 - [TEST_STEP][PASSED] - openBrowser(UrlDigiturno): Browser is opened with url: 'https://PCPruebas101.ciel.cielingenieria.com:8910'

2024-10-03 17:32:51 - [MESSAGE][WARNING] - A browser is already opened. Closing browser and opening a new one

2024-10-03 17:32:52 - [MESSAGE][INFO] - Starting 'Chrome' driver

2024-10-03 17:32:52 - [MESSAGE][INFO] - User set preference: ['args', '[--use-fake-ui-for-media-stream, --disable-notifications]']

2024-10-03 17:32:52 - [MESSAGE][INFO] - Action delay is set to 0 milliseconds

2024-10-03 17:32:54 - [MESSAGE][PASSED] - Browser is opened with url: 'https://PCPruebas101.ciel.cielingenieria.com:8910'

2024-10-03 17:32:54 - [TEST_STEP][PASSED] - maximizeWindow(): Current window maximized

2024-10-03 17:32:54 - [MESSAGE][PASSED] - Current window maximized

2024-10-03 17:32:54 - [TEST_STEP][PASSED] - delay(3): Delayed 3 second(s)

2024-10-03 17:32:57 - [MESSAGE][PASSED] - Delayed 3 second(s)

2024-10-03 17:32:57 - [TEST_STEP][PASSED] - setText(findTestObject("0Inicio Sesion/input_Usuario"), "Ciel"): Text 'Ciel' is set on object 'Object Repository/0Inicio Sesion/input_Usuario'

2024-10-03 17:32:58 - [MESSAGE][PASSED] - Text 'Ciel' is set on object 'Object Repository/0Inicio Sesion/input_Usuario'

2024-10-03 17:32:58 - [TEST_STEP][PASSED] - setText(findTestObject("0Inicio Sesion/input_Clave"), "digiturno"): Text 'digiturno' is set on object 'Object Repository/0Inicio Sesion/input_Clave'

2024-10-03 17:32:59 - [MESSAGE][PASSED] - Text 'digiturno' is set on object 'Object Repository/0Inicio Sesion/input_Clave'

2024-10-03 17:32:59 - [TEST_STEP][PASSED] - click(findTestObject("0Inicio Sesion/btn_IniciarSesion")): Object: 'Object Repository/0Inicio Sesion/btn_IniciarSesion' is clicked on

2024-10-03 17:32:59 - [MESSAGE][PASSED] - Object: 'Object Repository/0Inicio Sesion/btn_IniciarSesion' is clicked on

2024-10-03 17:32:59 - [TEST_STEP][PASSED] - delay(3): Delayed 3 second(s)

2024-10-03 17:33:02 - [MESSAGE][PASSED] - Delayed 3 second(s)

2024-10-03 17:33:02 - [MESSAGE][PASSED] - Call Test Case 'Test Cases/0InicioSesion' successfully

2024-10-03 17:33:02 - [TEST_STEP][PASSED] - click(findTestObject("DIGITURNO/1Principal/img_Configuracion(1)")): Object: 'Object Repository/DIGITURNO/1Principal/img_Configuracion(1)' is clicked on

2024-10-03 17:33:03 - [MESSAGE][PASSED] - Object: 'Object Repository/DIGITURNO/1Principal/img_Configuracion(1)' is clicked on

2024-10-03 17:33:03 - [TEST_STEP][PASSED] - delay(3): Delayed 3 second(s)

2024-10-03 17:33:06 - [MESSAGE][PASSED] - Delayed 3 second(s)

2024-10-03 17:33:06 - [TEST_STEP][PASSED] - takeFullPageScreenshot(): Taking screenshot successfully

2024-10-03 17:33:06 - [MESSAGE][INFO] - 0 hidden object(s)

2024-10-03 17:33:06 - [MESSAGE][PASSED] - Taking screenshot successfully
[[ATTACHMENT|C:\\CIEL INGENIERIA\\Katalon\\Digiturno55\\Reports\\20241003_171202\\DIGITURNO\\BASICO\\31 Jornadas de Atencion Crear Actualizar Eliminar\\20241003_171235\\1727994786161.png]]

2024-10-03 17:33:06 - [TEST_STEP][PASSED] - delay(3): Delayed 3 second(s)

2024-10-03 17:33:09 - [MESSAGE][PASSED] - Delayed 3 second(s)

2024-10-03 17:33:09 - [MESSAGE][PASSED] - Call Test Case 'Test Cases/DIGITURNO/BASICO/3 Configuracion' successfully

2024-10-03 17:33:09 - [TEST_STEP][PASSED] - click(findTestObject("DIGITURNO/CONFIGURACION/0Principal/img_3Jornadas de atencion")): Object: 'Object Repository/DIGITURNO/CONFIGURACION/0Principal/img_3Jornadas de atencion' is clicked on

2024-10-03 17:33:10 - [MESSAGE][PASSED] - Object: 'Object Repository/DIGITURNO/CONFIGURACION/0Principal/img_3Jornadas de atencion' is clicked on

2024-10-03 17:33:10 - [TEST_STEP][PASSED] - delay(2): Delayed 2 second(s)

2024-10-03 17:33:12 - [MESSAGE][PASSED] - Delayed 2 second(s)

2024-10-03 17:33:12 - [TEST_STEP][PASSED] - click(findTestObject("DIGITURNO/CONFIGURACION/3Jornadas de Atencion/0Modal Inicial Oficinas/td_1Bogota - CIEL")): Object: 'Object Repository/DIGITURNO/CONFIGURACION/3Jornadas de Atencion/0Modal Inicial Oficinas/td_1Bogota - CIEL' is clicked on

2024-10-03 17:33:12 - [MESSAGE][PASSED] - Object: 'Object Repository/DIGITURNO/CONFIGURACION/3Jornadas de Atencion/0Modal Inicial Oficinas/td_1Bogota - CIEL' is clicked on

2024-10-03 17:33:12 - [TEST_STEP][PASSED] - delay(3): Delayed 3 second(s)

2024-10-03 17:33:15 - [MESSAGE][PASSED] - Delayed 3 second(s)

2024-10-03 17:33:15 - [TEST_STEP][PASSED] - setText(findTestObject("DIGITURNO/CONFIGURACION/3Jornadas de Atencion/Lista de Jornadas/input_TextoABuscar"), "Prueba"): Text 'Prueba' is set on object 'Object Repository/DIGITURNO/CONFIGURACION/3Jornadas de Atencion/Lista de Jornadas/input_TextoABuscar'

2024-10-03 17:33:16 - [MESSAGE][PASSED] - Text 'Prueba' is set on object 'Object Repository/DIGITURNO/CONFIGURACION/3Jornadas de Atencion/Lista de Jornadas/input_TextoABuscar'

2024-10-03 17:33:16 - [TEST_STEP][PASSED] - delay(3): Delayed 3 second(s)

2024-10-03 17:33:19 - [MESSAGE][PASSED] - Delayed 3 second(s)

2024-10-03 17:33:19 - [TEST_STEP][PASSED] - click(findTestObject("DIGITURNO/CONFIGURACION/3Jornadas de Atencion/Lista de Jornadas/td_1 Seleccion Busqueda")): Object: 'Object Repository/DIGITURNO/CONFIGURACION/3Jornadas de Atencion/Lista de Jornadas/td_1 Seleccion Busqueda' is clicked on

2024-10-03 17:33:20 - [MESSAGE][PASSED] - Object: 'Object Repository/DIGITURNO/CONFIGURACION/3Jornadas de Atencion/Lista de Jornadas/td_1 Seleccion Busqueda' is clicked on

2024-10-03 17:33:20 - [TEST_STEP][PASSED] - delay(3): Delayed 3 second(s)

2024-10-03 17:33:23 - [MESSAGE][PASSED] - Delayed 3 second(s)

2024-10-03 17:33:23 - [TEST_STEP][PASSED] - setText(findTestObject("DIGITURNO/CONFIGURACION/3Jornadas de Atencion/Edicion/textarea_Descripcion"), "Prueba Actualizada"): Text 'Prueba Actualizada' is set on object 'Object Repository/DIGITURNO/CONFIGURACION/3Jornadas de Atencion/Edicion/textarea_Descripcion'

2024-10-03 17:33:23 - [MESSAGE][PASSED] - Text 'Prueba Actualizada' is set on object 'Object Repository/DIGITURNO/CONFIGURACION/3Jornadas de Atencion/Edicion/textarea_Descripcion'

2024-10-03 17:33:23 - [TEST_STEP][PASSED] - scrollToElement(findTestObject("DIGITURNO/CONFIGURACION/3Jornadas de Atencion/Edicion/Label/label_Semanal(1)/label_sabado"), 1): Scroll to object 'Object Repository/DIGITURNO/CONFIGURACION/3Jornadas de Atencion/Edicion/Label/label_Semanal(1)/label_sabado' successfully

2024-10-03 17:33:24 - [MESSAGE][PASSED] - Scroll to object 'Object Repository/DIGITURNO/CONFIGURACION/3Jornadas de Atencion/Edicion/Label/label_Semanal(1)/label_sabado' successfully

2024-10-03 17:33:24 - [TEST_STEP][PASSED] - check(findTestObject("DIGITURNO/CONFIGURACION/3Jornadas de Atencion/Edicion/Label/label_Semanal(1)/label_sabado")): Object 'Object Repository/DIGITURNO/CONFIGURACION/3Jornadas de Atencion/Edicion/Label/label_Semanal(1)/label_sabado' is checked

2024-10-03 17:33:24 - [MESSAGE][PASSED] - Object 'Object Repository/DIGITURNO/CONFIGURACION/3Jornadas de Atencion/Edicion/Label/label_Semanal(1)/label_sabado' is checked

2024-10-03 17:33:24 - [TEST_STEP][PASSED] - delay(2): Delayed 2 second(s)

2024-10-03 17:33:26 - [MESSAGE][PASSED] - Delayed 2 second(s)

2024-10-03 17:33:26 - [TEST_STEP][PASSED] - scrollToPosition(0, 0): Browser is scrolled to position x = 0, y = 0

2024-10-03 17:33:26 - [MESSAGE][PASSED] - Browser is scrolled to position x = 0, y = 0

2024-10-03 17:33:26 - [TEST_STEP][PASSED] - click(findTestObject("DIGITURNO/CONFIGURACION/3Jornadas de Atencion/Edicion/img_Actualizar")): Object: 'Object Repository/DIGITURNO/CONFIGURACION/3Jornadas de Atencion/Edicion/img_Actualizar' is clicked on

2024-10-03 17:33:27 - [MESSAGE][PASSED] - Object: 'Object Repository/DIGITURNO/CONFIGURACION/3Jornadas de Atencion/Edicion/img_Actualizar' is clicked on

2024-10-03 17:33:27 - [TEST_STEP][PASSED] - delay(3): Delayed 3 second(s)

2024-10-03 17:33:30 - [MESSAGE][PASSED] - Delayed 3 second(s)

2024-10-03 17:33:30 - [TEST_STEP][PASSED] - takeFullPageScreenshot(): Taking screenshot successfully

2024-10-03 17:33:30 - [MESSAGE][INFO] - 0 hidden object(s)

2024-10-03 17:33:31 - [MESSAGE][PASSED] - Taking screenshot successfully
[[ATTACHMENT|C:\\CIEL INGENIERIA\\Katalon\\Digiturno55\\Reports\\20241003_171202\\DIGITURNO\\BASICO\\31 Jornadas de Atencion Crear Actualizar Eliminar\\20241003_171235\\1727994810282.png]]

2024-10-03 17:33:31 - [TEST_STEP][PASSED] - delay(3): Delayed 3 second(s)

2024-10-03 17:33:34 - [MESSAGE][PASSED] - Delayed 3 second(s)

2024-10-03 17:33:34 - [TEST_STEP][PASSED] - Start listener action : sampleAfterTestCase: null]]></system-out>
         <system-err><![CDATA[]]></system-err>
      </testcase>
      <testcase name="Test Cases/DIGITURNO/BASICO/31 Jornadas de Atencion Eliminar" time="39.273" classname="Test Cases/DIGITURNO/BASICO/31 Jornadas de Atencion Eliminar" status="PASSED">
         <system-out><![CDATA[2024-10-03 17:33:34 - [TEST_CASE][PASSED] - Test Cases/DIGITURNO/BASICO/31 Jornadas de Atencion Eliminar: Test Cases/DIGITURNO/BASICO/31 Jornadas de Atencion Eliminar

2024-10-03 17:33:34 - [TEST_STEP][PASSED] - callTestCase(findTestCase("DIGITURNO/BASICO/3 Configuracion"), [:], STOP_ON_FAILURE): Call Test Case 'Test Cases/DIGITURNO/BASICO/3 Configuracion' successfully

2024-10-03 17:33:34 - [TEST_CASE][PASSED] - Test Cases/DIGITURNO/BASICO/3 Configuracion: Test Cases/DIGITURNO/BASICO/3 Configuracion

2024-10-03 17:33:34 - [TEST_STEP][PASSED] - callTestCase(findTestCase("0InicioSesion"), [:], STOP_ON_FAILURE): Call Test Case 'Test Cases/0InicioSesion' successfully

2024-10-03 17:33:34 - [TEST_CASE][PASSED] - Test Cases/0InicioSesion: Test Cases/0InicioSesion

2024-10-03 17:33:34 - [TEST_STEP][PASSED] - openBrowser(UrlDigiturno): Browser is opened with url: 'https://PCPruebas101.ciel.cielingenieria.com:8910'

2024-10-03 17:33:34 - [MESSAGE][WARNING] - A browser is already opened. Closing browser and opening a new one

2024-10-03 17:33:35 - [MESSAGE][INFO] - Starting 'Chrome' driver

2024-10-03 17:33:35 - [MESSAGE][INFO] - User set preference: ['args', '[--use-fake-ui-for-media-stream, --disable-notifications]']

2024-10-03 17:33:35 - [MESSAGE][INFO] - Action delay is set to 0 milliseconds

2024-10-03 17:33:37 - [MESSAGE][PASSED] - Browser is opened with url: 'https://PCPruebas101.ciel.cielingenieria.com:8910'

2024-10-03 17:33:37 - [TEST_STEP][PASSED] - maximizeWindow(): Current window maximized

2024-10-03 17:33:37 - [MESSAGE][PASSED] - Current window maximized

2024-10-03 17:33:37 - [TEST_STEP][PASSED] - delay(3): Delayed 3 second(s)

2024-10-03 17:33:40 - [MESSAGE][PASSED] - Delayed 3 second(s)

2024-10-03 17:33:40 - [TEST_STEP][PASSED] - setText(findTestObject("0Inicio Sesion/input_Usuario"), "Ciel"): Text 'Ciel' is set on object 'Object Repository/0Inicio Sesion/input_Usuario'

2024-10-03 17:33:41 - [MESSAGE][PASSED] - Text 'Ciel' is set on object 'Object Repository/0Inicio Sesion/input_Usuario'

2024-10-03 17:33:41 - [TEST_STEP][PASSED] - setText(findTestObject("0Inicio Sesion/input_Clave"), "digiturno"): Text 'digiturno' is set on object 'Object Repository/0Inicio Sesion/input_Clave'

2024-10-03 17:33:42 - [MESSAGE][PASSED] - Text 'digiturno' is set on object 'Object Repository/0Inicio Sesion/input_Clave'

2024-10-03 17:33:42 - [TEST_STEP][PASSED] - click(findTestObject("0Inicio Sesion/btn_IniciarSesion")): Object: 'Object Repository/0Inicio Sesion/btn_IniciarSesion' is clicked on

2024-10-03 17:33:42 - [MESSAGE][PASSED] - Object: 'Object Repository/0Inicio Sesion/btn_IniciarSesion' is clicked on

2024-10-03 17:33:42 - [TEST_STEP][PASSED] - delay(3): Delayed 3 second(s)

2024-10-03 17:33:45 - [MESSAGE][PASSED] - Delayed 3 second(s)

2024-10-03 17:33:45 - [MESSAGE][PASSED] - Call Test Case 'Test Cases/0InicioSesion' successfully

2024-10-03 17:33:45 - [TEST_STEP][PASSED] - click(findTestObject("DIGITURNO/1Principal/img_Configuracion(1)")): Object: 'Object Repository/DIGITURNO/1Principal/img_Configuracion(1)' is clicked on

2024-10-03 17:33:46 - [MESSAGE][PASSED] - Object: 'Object Repository/DIGITURNO/1Principal/img_Configuracion(1)' is clicked on

2024-10-03 17:33:46 - [TEST_STEP][PASSED] - delay(3): Delayed 3 second(s)

2024-10-03 17:33:49 - [MESSAGE][PASSED] - Delayed 3 second(s)

2024-10-03 17:33:49 - [TEST_STEP][PASSED] - takeFullPageScreenshot(): Taking screenshot successfully

2024-10-03 17:33:49 - [MESSAGE][INFO] - 0 hidden object(s)

2024-10-03 17:33:49 - [MESSAGE][PASSED] - Taking screenshot successfully
[[ATTACHMENT|C:\\CIEL INGENIERIA\\Katalon\\Digiturno55\\Reports\\20241003_171202\\DIGITURNO\\BASICO\\31 Jornadas de Atencion Crear Actualizar Eliminar\\20241003_171235\\1727994829102.png]]

2024-10-03 17:33:49 - [TEST_STEP][PASSED] - delay(3): Delayed 3 second(s)

2024-10-03 17:33:52 - [MESSAGE][PASSED] - Delayed 3 second(s)

2024-10-03 17:33:52 - [MESSAGE][PASSED] - Call Test Case 'Test Cases/DIGITURNO/BASICO/3 Configuracion' successfully

2024-10-03 17:33:52 - [TEST_STEP][PASSED] - click(findTestObject("DIGITURNO/CONFIGURACION/0Principal/img_3Jornadas de atencion")): Object: 'Object Repository/DIGITURNO/CONFIGURACION/0Principal/img_3Jornadas de atencion' is clicked on

2024-10-03 17:33:53 - [MESSAGE][PASSED] - Object: 'Object Repository/DIGITURNO/CONFIGURACION/0Principal/img_3Jornadas de atencion' is clicked on

2024-10-03 17:33:53 - [TEST_STEP][PASSED] - delay(2): Delayed 2 second(s)

2024-10-03 17:33:55 - [MESSAGE][PASSED] - Delayed 2 second(s)

2024-10-03 17:33:55 - [TEST_STEP][PASSED] - click(findTestObject("DIGITURNO/CONFIGURACION/3Jornadas de Atencion/0Modal Inicial Oficinas/td_1Bogota - CIEL")): Object: 'Object Repository/DIGITURNO/CONFIGURACION/3Jornadas de Atencion/0Modal Inicial Oficinas/td_1Bogota - CIEL' is clicked on

2024-10-03 17:33:55 - [MESSAGE][PASSED] - Object: 'Object Repository/DIGITURNO/CONFIGURACION/3Jornadas de Atencion/0Modal Inicial Oficinas/td_1Bogota - CIEL' is clicked on

2024-10-03 17:33:55 - [TEST_STEP][PASSED] - delay(3): Delayed 3 second(s)

2024-10-03 17:33:58 - [MESSAGE][PASSED] - Delayed 3 second(s)

2024-10-03 17:33:58 - [TEST_STEP][PASSED] - setText(findTestObject("DIGITURNO/CONFIGURACION/3Jornadas de Atencion/Lista de Jornadas/input_TextoABuscar"), "Prueba"): Text 'Prueba' is set on object 'Object Repository/DIGITURNO/CONFIGURACION/3Jornadas de Atencion/Lista de Jornadas/input_TextoABuscar'

2024-10-03 17:33:59 - [MESSAGE][PASSED] - Text 'Prueba' is set on object 'Object Repository/DIGITURNO/CONFIGURACION/3Jornadas de Atencion/Lista de Jornadas/input_TextoABuscar'

2024-10-03 17:33:59 - [TEST_STEP][PASSED] - delay(3): Delayed 3 second(s)

2024-10-03 17:34:02 - [MESSAGE][PASSED] - Delayed 3 second(s)

2024-10-03 17:34:02 - [TEST_STEP][PASSED] - click(findTestObject("DIGITURNO/CONFIGURACION/3Jornadas de Atencion/Lista de Jornadas/td_1 Seleccion Busqueda")): Object: 'Object Repository/DIGITURNO/CONFIGURACION/3Jornadas de Atencion/Lista de Jornadas/td_1 Seleccion Busqueda' is clicked on

2024-10-03 17:34:02 - [MESSAGE][PASSED] - Object: 'Object Repository/DIGITURNO/CONFIGURACION/3Jornadas de Atencion/Lista de Jornadas/td_1 Seleccion Busqueda' is clicked on

2024-10-03 17:34:02 - [TEST_STEP][PASSED] - delay(3): Delayed 3 second(s)

2024-10-03 17:34:05 - [MESSAGE][PASSED] - Delayed 3 second(s)

2024-10-03 17:34:05 - [TEST_STEP][PASSED] - scrollToPosition(0, 0): Browser is scrolled to position x = 0, y = 0

2024-10-03 17:34:05 - [MESSAGE][PASSED] - Browser is scrolled to position x = 0, y = 0

2024-10-03 17:34:05 - [TEST_STEP][PASSED] - click(findTestObject("DIGITURNO/CONFIGURACION/3Jornadas de Atencion/Edicion/img_Eliminar")): Object: 'Object Repository/DIGITURNO/CONFIGURACION/3Jornadas de Atencion/Edicion/img_Eliminar' is clicked on

2024-10-03 17:34:06 - [MESSAGE][PASSED] - Object: 'Object Repository/DIGITURNO/CONFIGURACION/3Jornadas de Atencion/Edicion/img_Eliminar' is clicked on

2024-10-03 17:34:06 - [TEST_STEP][PASSED] - click(findTestObject("DIGITURNO/CONFIGURACION/3Jornadas de Atencion/Edicion/img_Eliminar")): Object: 'Object Repository/DIGITURNO/CONFIGURACION/3Jornadas de Atencion/Edicion/img_Eliminar' is clicked on

2024-10-03 17:34:06 - [MESSAGE][PASSED] - Object: 'Object Repository/DIGITURNO/CONFIGURACION/3Jornadas de Atencion/Edicion/img_Eliminar' is clicked on

2024-10-03 17:34:06 - [TEST_STEP][PASSED] - acceptAlert(): Alert accepted

2024-10-03 17:34:06 - [MESSAGE][PASSED] - Alert accepted

2024-10-03 17:34:06 - [TEST_STEP][PASSED] - delay(3): Delayed 3 second(s)

2024-10-03 17:34:09 - [MESSAGE][PASSED] - Delayed 3 second(s)

2024-10-03 17:34:09 - [TEST_STEP][PASSED] - takeFullPageScreenshot(): Taking screenshot successfully

2024-10-03 17:34:10 - [MESSAGE][INFO] - 0 hidden object(s)

2024-10-03 17:34:10 - [MESSAGE][PASSED] - Taking screenshot successfully
[[ATTACHMENT|C:\\CIEL INGENIERIA\\Katalon\\Digiturno55\\Reports\\20241003_171202\\DIGITURNO\\BASICO\\31 Jornadas de Atencion Crear Actualizar Eliminar\\20241003_171235\\1727994849596.png]]

2024-10-03 17:34:10 - [TEST_STEP][PASSED] - delay(3): Delayed 3 second(s)

2024-10-03 17:34:13 - [MESSAGE][PASSED] - Delayed 3 second(s)

2024-10-03 17:34:13 - [TEST_STEP][PASSED] - Start listener action : sampleAfterTestCase: null]]></system-out>
         <system-err><![CDATA[]]></system-err>
      </testcase>
      <system-out><![CDATA[2024-10-03 17:31:30 - [TEST_SUITE][PASSED] - 31 Jornadas de Atencion Crear Actualizar Eliminar: Test Cases/DIGITURNO/BASICO/31 Jornadas de Atencion Eliminar]]></system-out>
      <system-err><![CDATA[]]></system-err>
   </testsuite>
</testsuites>
