<?xml version="1.0" encoding="UTF-8"?>
<testsuites name="2.4 Creacion Elementos SubServicios" time="339.347" tests="1" failures="0" errors="0">
   <testsuite name="2.4 Creacion Elementos SubServicios" tests="1" failures="0" errors="0" time="339.347" skipped="0" timestamp="2023-08-14 08:21:46" hostname="jdavila - PCPruebas101.ciel.cielingenieria.com" id="Test Suites/WIZARD/1Modelo De Negocio/2.4 Creacion Elementos SubServicios">
      <properties>
         <property name="deviceName" value=""/>
         <property name="devicePlatform" value=""/>
         <property name="logFolder" value="C:\\CIEL INGENIERIA\\Katalon\\Digiturno55\\Reports\\20230814_081405\\WIZARD\\1Modelo De Negocio\\2.4 Creacion Elementos SubServicios\\20230814_081414"/>
         <property name="logFiles" value="C:\\CIEL INGENIERIA\\Katalon\\Digiturno55\\Reports\\20230814_081405\\WIZARD\\1Modelo De Negocio\\2.4 Creacion Elementos SubServicios\\20230814_081414\\execution0.log"/>
         <property name="attachments" value="C:\\CIEL INGENIERIA\\Katalon\\Digiturno55\\Reports\\20230814_081405\\WIZARD\\1Modelo De Negocio\\2.4 Creacion Elementos SubServicios\\20230814_081414\\1692019641685.png"/>
         <property name="hostName" value="jdavila - PCPruebas101.ciel.cielingenieria.com"/>
         <property name="os" value="Windows 10 64bit"/>
         <property name="katalonVersion" value="8.6.0.208"/>
         <property name="browser" value="Chrome 115.0.0.0"/>
         <property name="hostAddress" value="192.168.0.33"/>
         <property name="sessionId" value="d8d9ca2719d7f7dbbbb35e510b8cfedf"/>
         <property name="seleniumVersion" value="3.141.59"/>
         <property name="proxyInformation" value="ProxyInformation { proxyOption=NO_PROXY, proxyServerType=HTTP, username=, password=********, proxyServerAddress=, proxyServerPort=0, executionList=&quot;&quot;, isApplyToDesiredCapabilities=true }"/>
         <property name="platform" value="Windows 10"/>
      </properties>
      <testcase name="Test Cases/WIZARD/1Modelo De Negocio/2.4 Creacion Elementos SubServicios" time="339.105" classname="Test Cases/WIZARD/1Modelo De Negocio/2.4 Creacion Elementos SubServicios" status="PASSED">
         <system-out><![CDATA[2023-08-14 08:21:46 - [TEST_CASE][PASSED] - Test Cases/WIZARD/1Modelo De Negocio/2.4 Creacion Elementos SubServicios: Test Cases/WIZARD/1Modelo De Negocio/2.4 Creacion Elementos SubServicios

2023-08-14 08:21:47 - [TEST_STEP][PASSED] - callTestCase(findTestCase("0InicioSesion"), [:], STOP_ON_FAILURE): Call Test Case 'Test Cases/0InicioSesion' successfully

2023-08-14 08:21:47 - [TEST_CASE][PASSED] - Test Cases/0InicioSesion: Test Cases/0InicioSesion

2023-08-14 08:21:47 - [TEST_STEP][PASSED] - openBrowser(UrlDigiturno): Browser is opened with url: 'https://PCPruebas101.ciel.cielingenieria.com:8610'

2023-08-14 08:21:48 - [MESSAGE][INFO] - Starting 'Chrome' driver

2023-08-14 08:21:48 - [MESSAGE][INFO] - User set preference: ['args', '[--use-fake-ui-for-media-stream, --disable-notifications]']

2023-08-14 08:21:48 - [MESSAGE][INFO] - Action delay is set to 0 milliseconds

2023-08-14 08:21:50 - [MESSAGE][PASSED] - Browser is opened with url: 'https://PCPruebas101.ciel.cielingenieria.com:8610'

2023-08-14 08:21:50 - [TEST_STEP][PASSED] - maximizeWindow(): Current window maximized

2023-08-14 08:21:51 - [MESSAGE][PASSED] - Current window maximized

2023-08-14 08:21:51 - [TEST_STEP][PASSED] - delay(3): Delayed 3 second(s)

2023-08-14 08:21:54 - [MESSAGE][PASSED] - Delayed 3 second(s)

2023-08-14 08:21:54 - [TEST_STEP][PASSED] - setText(findTestObject("0Inicio Sesion/input_Usuario"), "Ciel"): Text 'Ciel' is set on object 'Object Repository/0Inicio Sesion/input_Usuario'

2023-08-14 08:21:54 - [MESSAGE][PASSED] - Text 'Ciel' is set on object 'Object Repository/0Inicio Sesion/input_Usuario'

2023-08-14 08:21:54 - [TEST_STEP][PASSED] - setText(findTestObject("0Inicio Sesion/input_Clave"), "digiturno"): Text 'digiturno' is set on object 'Object Repository/0Inicio Sesion/input_Clave'

2023-08-14 08:21:55 - [MESSAGE][PASSED] - Text 'digiturno' is set on object 'Object Repository/0Inicio Sesion/input_Clave'

2023-08-14 08:21:55 - [TEST_STEP][PASSED] - click(findTestObject("0Inicio Sesion/btn_IniciarSesion")): Object: 'Object Repository/0Inicio Sesion/btn_IniciarSesion' is clicked on

2023-08-14 08:21:56 - [MESSAGE][PASSED] - Object: 'Object Repository/0Inicio Sesion/btn_IniciarSesion' is clicked on

2023-08-14 08:21:56 - [TEST_STEP][PASSED] - delay(3): Delayed 3 second(s)

2023-08-14 08:21:59 - [MESSAGE][PASSED] - Delayed 3 second(s)

2023-08-14 08:21:59 - [MESSAGE][PASSED] - Call Test Case 'Test Cases/0InicioSesion' successfully

2023-08-14 08:21:59 - [TEST_STEP][PASSED] - click(findTestObject("WIZARD/0Principal/img_ModeloDeNegocioMAX")): Object: 'Object Repository/WIZARD/0Principal/img_ModeloDeNegocioMAX' is clicked on

2023-08-14 08:21:59 - [MESSAGE][PASSED] - Object: 'Object Repository/WIZARD/0Principal/img_ModeloDeNegocioMAX' is clicked on

2023-08-14 08:21:59 - [TEST_STEP][PASSED] - delay(3): Delayed 3 second(s)

2023-08-14 08:22:02 - [MESSAGE][PASSED] - Delayed 3 second(s)

2023-08-14 08:22:02 - [TEST_STEP][PASSED] - click(findTestObject("WIZARD/1Modelo De Negocio/00Menu/span_Elementos")): Object: 'Object Repository/WIZARD/1Modelo De Negocio/00Menu/span_Elementos' is clicked on

2023-08-14 08:22:03 - [MESSAGE][PASSED] - Object: 'Object Repository/WIZARD/1Modelo De Negocio/00Menu/span_Elementos' is clicked on

2023-08-14 08:22:03 - [TEST_STEP][PASSED] - delay(3): Delayed 3 second(s)

2023-08-14 08:22:06 - [MESSAGE][PASSED] - Delayed 3 second(s)

2023-08-14 08:22:06 - [TEST_STEP][PASSED] - click(findTestObject("WIZARD/1Modelo De Negocio/2Elementos/Nivel/option_4Subservicio")): Object: 'Object Repository/WIZARD/1Modelo De Negocio/2Elementos/Nivel/option_4Subservicio' is clicked on

2023-08-14 08:22:06 - [MESSAGE][PASSED] - Object: 'Object Repository/WIZARD/1Modelo De Negocio/2Elementos/Nivel/option_4Subservicio' is clicked on

2023-08-14 08:22:06 - [TEST_STEP][PASSED] - delay(3): Delayed 3 second(s)

2023-08-14 08:22:09 - [MESSAGE][PASSED] - Delayed 3 second(s)

2023-08-14 08:22:09 - [TEST_STEP][PASSED] - click(findTestObject("WIZARD/1Modelo De Negocio/2Elementos/Nivel/SubServicio/td_SUB1")): Object: 'Object Repository/WIZARD/1Modelo De Negocio/2Elementos/Nivel/SubServicio/td_SUB1' is clicked on

2023-08-14 08:22:10 - [MESSAGE][PASSED] - Object: 'Object Repository/WIZARD/1Modelo De Negocio/2Elementos/Nivel/SubServicio/td_SUB1' is clicked on

2023-08-14 08:22:10 - [TEST_STEP][PASSED] - delay(3): Delayed 3 second(s)

2023-08-14 08:22:13 - [MESSAGE][PASSED] - Delayed 3 second(s)

2023-08-14 08:22:13 - [TEST_STEP][PASSED] - setText(findTestObject("WIZARD/1Modelo De Negocio/2Elementos/Edicion de Elementos/input_Nombre Elemento"), "Actualización de Datos"): Text 'Actualización de Datos' is set on object 'Object Repository/WIZARD/1Modelo De Negocio/2Elementos/Edicion de Elementos/input_Nombre Elemento'

2023-08-14 08:22:14 - [MESSAGE][PASSED] - Text 'Actualización de Datos' is set on object 'Object Repository/WIZARD/1Modelo De Negocio/2Elementos/Edicion de Elementos/input_Nombre Elemento'

2023-08-14 08:22:14 - [TEST_STEP][PASSED] - setText(findTestObject("WIZARD/1Modelo De Negocio/2Elementos/Edicion de Elementos/input_Descripcion Elemento"), "Actualización de Datos"): Text 'Actualización de Datos' is set on object 'Object Repository/WIZARD/1Modelo De Negocio/2Elementos/Edicion de Elementos/input_Descripcion Elemento'

2023-08-14 08:22:14 - [MESSAGE][PASSED] - Text 'Actualización de Datos' is set on object 'Object Repository/WIZARD/1Modelo De Negocio/2Elementos/Edicion de Elementos/input_Descripcion Elemento'

2023-08-14 08:22:14 - [TEST_STEP][PASSED] - executeJavaScript("return document.getElementById('ContentPlaceHolder1_lnkTiempoMaxAtencion').click()", []): Execute JavaScript 'return document.getElementById('ContentPlaceHolder1_lnkTiempoMaxAtencion').click()' successfully

2023-08-14 08:22:14 - [MESSAGE][PASSED] - Execute JavaScript 'return document.getElementById('ContentPlaceHolder1_lnkTiempoMaxAtencion').click()' successfully

2023-08-14 08:22:14 - [TEST_STEP][PASSED] - delay(2): Delayed 2 second(s)

2023-08-14 08:22:16 - [MESSAGE][PASSED] - Delayed 2 second(s)

2023-08-14 08:22:16 - [TEST_STEP][PASSED] - executeJavaScript("return document.getElementById('ContentPlaceHolder1_TimeSpanControlMaxTiempo_txtMinuto').value=10", []): Execute JavaScript 'return document.getElementById('ContentPlaceHolder1_TimeSpanControlMaxTiempo_txtMinuto').value=10' successfully

2023-08-14 08:22:16 - [MESSAGE][PASSED] - Execute JavaScript 'return document.getElementById('ContentPlaceHolder1_TimeSpanControlMaxTiempo_txtMinuto').value=10' successfully

2023-08-14 08:22:16 - [TEST_STEP][PASSED] - delay(2): Delayed 2 second(s)

2023-08-14 08:22:18 - [MESSAGE][PASSED] - Delayed 2 second(s)

2023-08-14 08:22:18 - [TEST_STEP][PASSED] - click(findTestObject("WIZARD/1Modelo De Negocio/2ModalTiempoMaxAtencion/btn_Aceptar")): Object: 'Object Repository/WIZARD/1Modelo De Negocio/2ModalTiempoMaxAtencion/btn_Aceptar' is clicked on

2023-08-14 08:22:19 - [MESSAGE][PASSED] - Object: 'Object Repository/WIZARD/1Modelo De Negocio/2ModalTiempoMaxAtencion/btn_Aceptar' is clicked on

2023-08-14 08:22:19 - [TEST_STEP][PASSED] - delay(3): Delayed 3 second(s)

2023-08-14 08:22:22 - [MESSAGE][PASSED] - Delayed 3 second(s)

2023-08-14 08:22:22 - [TEST_STEP][PASSED] - executeJavaScript("return document.getElementById('ContentPlaceHolder1_lnkTiempoControaldoAtencion').click()", []): Execute JavaScript 'return document.getElementById('ContentPlaceHolder1_lnkTiempoControaldoAtencion').click()' successfully

2023-08-14 08:22:22 - [MESSAGE][PASSED] - Execute JavaScript 'return document.getElementById('ContentPlaceHolder1_lnkTiempoControaldoAtencion').click()' successfully

2023-08-14 08:22:22 - [TEST_STEP][PASSED] - delay(2): Delayed 2 second(s)

2023-08-14 08:22:24 - [MESSAGE][PASSED] - Delayed 2 second(s)

2023-08-14 08:22:24 - [TEST_STEP][PASSED] - executeJavaScript("return document.getElementById('ContentPlaceHolder1_TimeSpanControlTiempoControlado_txtMinuto').value=5", []): Execute JavaScript 'return document.getElementById('ContentPlaceHolder1_TimeSpanControlTiempoControlado_txtMinuto').value=5' successfully

2023-08-14 08:22:24 - [MESSAGE][PASSED] - Execute JavaScript 'return document.getElementById('ContentPlaceHolder1_TimeSpanControlTiempoControlado_txtMinuto').value=5' successfully

2023-08-14 08:22:24 - [TEST_STEP][PASSED] - delay(2): Delayed 2 second(s)

2023-08-14 08:22:26 - [MESSAGE][PASSED] - Delayed 2 second(s)

2023-08-14 08:22:26 - [TEST_STEP][PASSED] - click(findTestObject("WIZARD/1Modelo De Negocio/2Modal Tiempo Controlado de atencion/btn_Aceptar")): Object: 'Object Repository/WIZARD/1Modelo De Negocio/2Modal Tiempo Controlado de atencion/btn_Aceptar' is clicked on

2023-08-14 08:22:26 - [MESSAGE][PASSED] - Object: 'Object Repository/WIZARD/1Modelo De Negocio/2Modal Tiempo Controlado de atencion/btn_Aceptar' is clicked on

2023-08-14 08:22:26 - [TEST_STEP][PASSED] - delay(3): Delayed 3 second(s)

2023-08-14 08:22:29 - [MESSAGE][PASSED] - Delayed 3 second(s)

2023-08-14 08:22:29 - [TEST_STEP][PASSED] - click(findTestObject("WIZARD/1Modelo De Negocio/2Elementos/Edicion de Elementos/btn_Actualizar")): Object: 'Object Repository/WIZARD/1Modelo De Negocio/2Elementos/Edicion de Elementos/btn_Actualizar' is clicked on

2023-08-14 08:22:30 - [MESSAGE][PASSED] - Object: 'Object Repository/WIZARD/1Modelo De Negocio/2Elementos/Edicion de Elementos/btn_Actualizar' is clicked on

2023-08-14 08:22:30 - [TEST_STEP][PASSED] - delay(3): Delayed 3 second(s)

2023-08-14 08:22:33 - [MESSAGE][PASSED] - Delayed 3 second(s)

2023-08-14 08:22:33 - [TEST_STEP][PASSED] - click(findTestObject("WIZARD/1Modelo De Negocio/2Elementos/Nivel/SubServicio/td_SUB2")): Object: 'Object Repository/WIZARD/1Modelo De Negocio/2Elementos/Nivel/SubServicio/td_SUB2' is clicked on

2023-08-14 08:22:33 - [MESSAGE][PASSED] - Object: 'Object Repository/WIZARD/1Modelo De Negocio/2Elementos/Nivel/SubServicio/td_SUB2' is clicked on

2023-08-14 08:22:33 - [TEST_STEP][PASSED] - delay(3): Delayed 3 second(s)

2023-08-14 08:22:36 - [MESSAGE][PASSED] - Delayed 3 second(s)

2023-08-14 08:22:36 - [TEST_STEP][PASSED] - setText(findTestObject("WIZARD/1Modelo De Negocio/2Elementos/Edicion de Elementos/input_Nombre Elemento"), "Inscripciones"): Text 'Inscripciones' is set on object 'Object Repository/WIZARD/1Modelo De Negocio/2Elementos/Edicion de Elementos/input_Nombre Elemento'

2023-08-14 08:22:37 - [MESSAGE][PASSED] - Text 'Inscripciones' is set on object 'Object Repository/WIZARD/1Modelo De Negocio/2Elementos/Edicion de Elementos/input_Nombre Elemento'

2023-08-14 08:22:37 - [TEST_STEP][PASSED] - setText(findTestObject("WIZARD/1Modelo De Negocio/2Elementos/Edicion de Elementos/input_Descripcion Elemento"), "Inscripciones"): Text 'Inscripciones' is set on object 'Object Repository/WIZARD/1Modelo De Negocio/2Elementos/Edicion de Elementos/input_Descripcion Elemento'

2023-08-14 08:22:38 - [MESSAGE][PASSED] - Text 'Inscripciones' is set on object 'Object Repository/WIZARD/1Modelo De Negocio/2Elementos/Edicion de Elementos/input_Descripcion Elemento'

2023-08-14 08:22:38 - [TEST_STEP][PASSED] - executeJavaScript("return document.getElementById('ContentPlaceHolder1_lnkTiempoMaxAtencion').click()", []): Execute JavaScript 'return document.getElementById('ContentPlaceHolder1_lnkTiempoMaxAtencion').click()' successfully

2023-08-14 08:22:38 - [MESSAGE][PASSED] - Execute JavaScript 'return document.getElementById('ContentPlaceHolder1_lnkTiempoMaxAtencion').click()' successfully

2023-08-14 08:22:38 - [TEST_STEP][PASSED] - delay(2): Delayed 2 second(s)

2023-08-14 08:22:40 - [MESSAGE][PASSED] - Delayed 2 second(s)

2023-08-14 08:22:40 - [TEST_STEP][PASSED] - executeJavaScript("return document.getElementById('ContentPlaceHolder1_TimeSpanControlMaxTiempo_txtMinuto').value=10", []): Execute JavaScript 'return document.getElementById('ContentPlaceHolder1_TimeSpanControlMaxTiempo_txtMinuto').value=10' successfully

2023-08-14 08:22:40 - [MESSAGE][PASSED] - Execute JavaScript 'return document.getElementById('ContentPlaceHolder1_TimeSpanControlMaxTiempo_txtMinuto').value=10' successfully

2023-08-14 08:22:40 - [TEST_STEP][PASSED] - delay(2): Delayed 2 second(s)

2023-08-14 08:22:42 - [MESSAGE][PASSED] - Delayed 2 second(s)

2023-08-14 08:22:42 - [TEST_STEP][PASSED] - click(findTestObject("WIZARD/1Modelo De Negocio/2ModalTiempoMaxAtencion/btn_Aceptar")): Object: 'Object Repository/WIZARD/1Modelo De Negocio/2ModalTiempoMaxAtencion/btn_Aceptar' is clicked on

2023-08-14 08:22:43 - [MESSAGE][PASSED] - Object: 'Object Repository/WIZARD/1Modelo De Negocio/2ModalTiempoMaxAtencion/btn_Aceptar' is clicked on

2023-08-14 08:22:43 - [TEST_STEP][PASSED] - delay(3): Delayed 3 second(s)

2023-08-14 08:22:46 - [MESSAGE][PASSED] - Delayed 3 second(s)

2023-08-14 08:22:46 - [TEST_STEP][PASSED] - executeJavaScript("return document.getElementById('ContentPlaceHolder1_lnkTiempoControaldoAtencion').click()", []): Execute JavaScript 'return document.getElementById('ContentPlaceHolder1_lnkTiempoControaldoAtencion').click()' successfully

2023-08-14 08:22:46 - [MESSAGE][PASSED] - Execute JavaScript 'return document.getElementById('ContentPlaceHolder1_lnkTiempoControaldoAtencion').click()' successfully

2023-08-14 08:22:46 - [TEST_STEP][PASSED] - delay(2): Delayed 2 second(s)

2023-08-14 08:22:48 - [MESSAGE][PASSED] - Delayed 2 second(s)

2023-08-14 08:22:48 - [TEST_STEP][PASSED] - executeJavaScript("return document.getElementById('ContentPlaceHolder1_TimeSpanControlTiempoControlado_txtMinuto').value=5", []): Execute JavaScript 'return document.getElementById('ContentPlaceHolder1_TimeSpanControlTiempoControlado_txtMinuto').value=5' successfully

2023-08-14 08:22:48 - [MESSAGE][PASSED] - Execute JavaScript 'return document.getElementById('ContentPlaceHolder1_TimeSpanControlTiempoControlado_txtMinuto').value=5' successfully

2023-08-14 08:22:48 - [TEST_STEP][PASSED] - delay(2): Delayed 2 second(s)

2023-08-14 08:22:50 - [MESSAGE][PASSED] - Delayed 2 second(s)

2023-08-14 08:22:50 - [TEST_STEP][PASSED] - click(findTestObject("WIZARD/1Modelo De Negocio/2Modal Tiempo Controlado de atencion/btn_Aceptar")): Object: 'Object Repository/WIZARD/1Modelo De Negocio/2Modal Tiempo Controlado de atencion/btn_Aceptar' is clicked on

2023-08-14 08:22:50 - [MESSAGE][PASSED] - Object: 'Object Repository/WIZARD/1Modelo De Negocio/2Modal Tiempo Controlado de atencion/btn_Aceptar' is clicked on

2023-08-14 08:22:50 - [TEST_STEP][PASSED] - delay(3): Delayed 3 second(s)

2023-08-14 08:22:53 - [MESSAGE][PASSED] - Delayed 3 second(s)

2023-08-14 08:22:53 - [TEST_STEP][PASSED] - click(findTestObject("WIZARD/1Modelo De Negocio/2Elementos/Edicion de Elementos/btn_Actualizar")): Object: 'Object Repository/WIZARD/1Modelo De Negocio/2Elementos/Edicion de Elementos/btn_Actualizar' is clicked on

2023-08-14 08:22:54 - [MESSAGE][PASSED] - Object: 'Object Repository/WIZARD/1Modelo De Negocio/2Elementos/Edicion de Elementos/btn_Actualizar' is clicked on

2023-08-14 08:22:54 - [TEST_STEP][PASSED] - delay(3): Delayed 3 second(s)

2023-08-14 08:22:57 - [MESSAGE][PASSED] - Delayed 3 second(s)

2023-08-14 08:22:57 - [TEST_STEP][PASSED] - click(findTestObject("WIZARD/1Modelo De Negocio/2Elementos/Nivel/SubServicio/td_SUB3")): Object: 'Object Repository/WIZARD/1Modelo De Negocio/2Elementos/Nivel/SubServicio/td_SUB3' is clicked on

2023-08-14 08:22:57 - [MESSAGE][PASSED] - Object: 'Object Repository/WIZARD/1Modelo De Negocio/2Elementos/Nivel/SubServicio/td_SUB3' is clicked on

2023-08-14 08:22:57 - [TEST_STEP][PASSED] - delay(3): Delayed 3 second(s)

2023-08-14 08:23:00 - [MESSAGE][PASSED] - Delayed 3 second(s)

2023-08-14 08:23:00 - [TEST_STEP][PASSED] - setText(findTestObject("WIZARD/1Modelo De Negocio/2Elementos/Edicion de Elementos/input_Nombre Elemento"), "Facturación"): Text 'Facturación' is set on object 'Object Repository/WIZARD/1Modelo De Negocio/2Elementos/Edicion de Elementos/input_Nombre Elemento'

2023-08-14 08:23:01 - [MESSAGE][PASSED] - Text 'Facturación' is set on object 'Object Repository/WIZARD/1Modelo De Negocio/2Elementos/Edicion de Elementos/input_Nombre Elemento'

2023-08-14 08:23:01 - [TEST_STEP][PASSED] - setText(findTestObject("WIZARD/1Modelo De Negocio/2Elementos/Edicion de Elementos/input_Descripcion Elemento"), "Facturación"): Text 'Facturación' is set on object 'Object Repository/WIZARD/1Modelo De Negocio/2Elementos/Edicion de Elementos/input_Descripcion Elemento'

2023-08-14 08:23:02 - [MESSAGE][PASSED] - Text 'Facturación' is set on object 'Object Repository/WIZARD/1Modelo De Negocio/2Elementos/Edicion de Elementos/input_Descripcion Elemento'

2023-08-14 08:23:02 - [TEST_STEP][PASSED] - executeJavaScript("return document.getElementById('ContentPlaceHolder1_lnkTiempoMaxAtencion').click()", []): Execute JavaScript 'return document.getElementById('ContentPlaceHolder1_lnkTiempoMaxAtencion').click()' successfully

2023-08-14 08:23:02 - [MESSAGE][PASSED] - Execute JavaScript 'return document.getElementById('ContentPlaceHolder1_lnkTiempoMaxAtencion').click()' successfully

2023-08-14 08:23:02 - [TEST_STEP][PASSED] - delay(2): Delayed 2 second(s)

2023-08-14 08:23:04 - [MESSAGE][PASSED] - Delayed 2 second(s)

2023-08-14 08:23:04 - [TEST_STEP][PASSED] - executeJavaScript("return document.getElementById('ContentPlaceHolder1_TimeSpanControlMaxTiempo_txtMinuto').value=10", []): Execute JavaScript 'return document.getElementById('ContentPlaceHolder1_TimeSpanControlMaxTiempo_txtMinuto').value=10' successfully

2023-08-14 08:23:04 - [MESSAGE][PASSED] - Execute JavaScript 'return document.getElementById('ContentPlaceHolder1_TimeSpanControlMaxTiempo_txtMinuto').value=10' successfully

2023-08-14 08:23:04 - [TEST_STEP][PASSED] - delay(2): Delayed 2 second(s)

2023-08-14 08:23:06 - [MESSAGE][PASSED] - Delayed 2 second(s)

2023-08-14 08:23:06 - [TEST_STEP][PASSED] - click(findTestObject("WIZARD/1Modelo De Negocio/2ModalTiempoMaxAtencion/btn_Aceptar")): Object: 'Object Repository/WIZARD/1Modelo De Negocio/2ModalTiempoMaxAtencion/btn_Aceptar' is clicked on

2023-08-14 08:23:06 - [MESSAGE][PASSED] - Object: 'Object Repository/WIZARD/1Modelo De Negocio/2ModalTiempoMaxAtencion/btn_Aceptar' is clicked on

2023-08-14 08:23:06 - [TEST_STEP][PASSED] - delay(3): Delayed 3 second(s)

2023-08-14 08:23:09 - [MESSAGE][PASSED] - Delayed 3 second(s)

2023-08-14 08:23:09 - [TEST_STEP][PASSED] - executeJavaScript("return document.getElementById('ContentPlaceHolder1_lnkTiempoControaldoAtencion').click()", []): Execute JavaScript 'return document.getElementById('ContentPlaceHolder1_lnkTiempoControaldoAtencion').click()' successfully

2023-08-14 08:23:09 - [MESSAGE][PASSED] - Execute JavaScript 'return document.getElementById('ContentPlaceHolder1_lnkTiempoControaldoAtencion').click()' successfully

2023-08-14 08:23:09 - [TEST_STEP][PASSED] - delay(2): Delayed 2 second(s)

2023-08-14 08:23:11 - [MESSAGE][PASSED] - Delayed 2 second(s)

2023-08-14 08:23:11 - [TEST_STEP][PASSED] - executeJavaScript("return document.getElementById('ContentPlaceHolder1_TimeSpanControlTiempoControlado_txtMinuto').value=5", []): Execute JavaScript 'return document.getElementById('ContentPlaceHolder1_TimeSpanControlTiempoControlado_txtMinuto').value=5' successfully

2023-08-14 08:23:11 - [MESSAGE][PASSED] - Execute JavaScript 'return document.getElementById('ContentPlaceHolder1_TimeSpanControlTiempoControlado_txtMinuto').value=5' successfully

2023-08-14 08:23:11 - [TEST_STEP][PASSED] - delay(2): Delayed 2 second(s)

2023-08-14 08:23:13 - [MESSAGE][PASSED] - Delayed 2 second(s)

2023-08-14 08:23:13 - [TEST_STEP][PASSED] - click(findTestObject("WIZARD/1Modelo De Negocio/2Modal Tiempo Controlado de atencion/btn_Aceptar")): Object: 'Object Repository/WIZARD/1Modelo De Negocio/2Modal Tiempo Controlado de atencion/btn_Aceptar' is clicked on

2023-08-14 08:23:14 - [MESSAGE][PASSED] - Object: 'Object Repository/WIZARD/1Modelo De Negocio/2Modal Tiempo Controlado de atencion/btn_Aceptar' is clicked on

2023-08-14 08:23:14 - [TEST_STEP][PASSED] - delay(3): Delayed 3 second(s)

2023-08-14 08:23:17 - [MESSAGE][PASSED] - Delayed 3 second(s)

2023-08-14 08:23:17 - [TEST_STEP][PASSED] - click(findTestObject("WIZARD/1Modelo De Negocio/2Elementos/Edicion de Elementos/btn_Actualizar")): Object: 'Object Repository/WIZARD/1Modelo De Negocio/2Elementos/Edicion de Elementos/btn_Actualizar' is clicked on

2023-08-14 08:23:17 - [MESSAGE][PASSED] - Object: 'Object Repository/WIZARD/1Modelo De Negocio/2Elementos/Edicion de Elementos/btn_Actualizar' is clicked on

2023-08-14 08:23:17 - [TEST_STEP][PASSED] - delay(3): Delayed 3 second(s)

2023-08-14 08:23:20 - [MESSAGE][PASSED] - Delayed 3 second(s)

2023-08-14 08:23:20 - [TEST_STEP][PASSED] - click(findTestObject("WIZARD/1Modelo De Negocio/2Elementos/Nivel/SubServicio/td_SUB4")): Object: 'Object Repository/WIZARD/1Modelo De Negocio/2Elementos/Nivel/SubServicio/td_SUB4' is clicked on

2023-08-14 08:23:21 - [MESSAGE][PASSED] - Object: 'Object Repository/WIZARD/1Modelo De Negocio/2Elementos/Nivel/SubServicio/td_SUB4' is clicked on

2023-08-14 08:23:21 - [TEST_STEP][PASSED] - delay(3): Delayed 3 second(s)

2023-08-14 08:23:24 - [MESSAGE][PASSED] - Delayed 3 second(s)

2023-08-14 08:23:24 - [TEST_STEP][PASSED] - setText(findTestObject("WIZARD/1Modelo De Negocio/2Elementos/Edicion de Elementos/input_Nombre Elemento"), "Renovaciones"): Text 'Renovaciones' is set on object 'Object Repository/WIZARD/1Modelo De Negocio/2Elementos/Edicion de Elementos/input_Nombre Elemento'

2023-08-14 08:23:25 - [MESSAGE][PASSED] - Text 'Renovaciones' is set on object 'Object Repository/WIZARD/1Modelo De Negocio/2Elementos/Edicion de Elementos/input_Nombre Elemento'

2023-08-14 08:23:25 - [TEST_STEP][PASSED] - setText(findTestObject("WIZARD/1Modelo De Negocio/2Elementos/Edicion de Elementos/input_Descripcion Elemento"), "Renovaciones"): Text 'Renovaciones' is set on object 'Object Repository/WIZARD/1Modelo De Negocio/2Elementos/Edicion de Elementos/input_Descripcion Elemento'

2023-08-14 08:23:25 - [MESSAGE][PASSED] - Text 'Renovaciones' is set on object 'Object Repository/WIZARD/1Modelo De Negocio/2Elementos/Edicion de Elementos/input_Descripcion Elemento'

2023-08-14 08:23:25 - [TEST_STEP][PASSED] - executeJavaScript("return document.getElementById('ContentPlaceHolder1_lnkTiempoMaxAtencion').click()", []): Execute JavaScript 'return document.getElementById('ContentPlaceHolder1_lnkTiempoMaxAtencion').click()' successfully

2023-08-14 08:23:25 - [MESSAGE][PASSED] - Execute JavaScript 'return document.getElementById('ContentPlaceHolder1_lnkTiempoMaxAtencion').click()' successfully

2023-08-14 08:23:25 - [TEST_STEP][PASSED] - delay(2): Delayed 2 second(s)

2023-08-14 08:23:27 - [MESSAGE][PASSED] - Delayed 2 second(s)

2023-08-14 08:23:27 - [TEST_STEP][PASSED] - executeJavaScript("return document.getElementById('ContentPlaceHolder1_TimeSpanControlMaxTiempo_txtMinuto').value=10", []): Execute JavaScript 'return document.getElementById('ContentPlaceHolder1_TimeSpanControlMaxTiempo_txtMinuto').value=10' successfully

2023-08-14 08:23:27 - [MESSAGE][PASSED] - Execute JavaScript 'return document.getElementById('ContentPlaceHolder1_TimeSpanControlMaxTiempo_txtMinuto').value=10' successfully

2023-08-14 08:23:27 - [TEST_STEP][PASSED] - delay(2): Delayed 2 second(s)

2023-08-14 08:23:29 - [MESSAGE][PASSED] - Delayed 2 second(s)

2023-08-14 08:23:29 - [TEST_STEP][PASSED] - click(findTestObject("WIZARD/1Modelo De Negocio/2ModalTiempoMaxAtencion/btn_Aceptar")): Object: 'Object Repository/WIZARD/1Modelo De Negocio/2ModalTiempoMaxAtencion/btn_Aceptar' is clicked on

2023-08-14 08:23:30 - [MESSAGE][PASSED] - Object: 'Object Repository/WIZARD/1Modelo De Negocio/2ModalTiempoMaxAtencion/btn_Aceptar' is clicked on

2023-08-14 08:23:30 - [TEST_STEP][PASSED] - delay(3): Delayed 3 second(s)

2023-08-14 08:23:33 - [MESSAGE][PASSED] - Delayed 3 second(s)

2023-08-14 08:23:33 - [TEST_STEP][PASSED] - executeJavaScript("return document.getElementById('ContentPlaceHolder1_lnkTiempoControaldoAtencion').click()", []): Execute JavaScript 'return document.getElementById('ContentPlaceHolder1_lnkTiempoControaldoAtencion').click()' successfully

2023-08-14 08:23:33 - [MESSAGE][PASSED] - Execute JavaScript 'return document.getElementById('ContentPlaceHolder1_lnkTiempoControaldoAtencion').click()' successfully

2023-08-14 08:23:33 - [TEST_STEP][PASSED] - delay(2): Delayed 2 second(s)

2023-08-14 08:23:35 - [MESSAGE][PASSED] - Delayed 2 second(s)

2023-08-14 08:23:35 - [TEST_STEP][PASSED] - executeJavaScript("return document.getElementById('ContentPlaceHolder1_TimeSpanControlTiempoControlado_txtMinuto').value=5", []): Execute JavaScript 'return document.getElementById('ContentPlaceHolder1_TimeSpanControlTiempoControlado_txtMinuto').value=5' successfully

2023-08-14 08:23:35 - [MESSAGE][PASSED] - Execute JavaScript 'return document.getElementById('ContentPlaceHolder1_TimeSpanControlTiempoControlado_txtMinuto').value=5' successfully

2023-08-14 08:23:35 - [TEST_STEP][PASSED] - delay(2): Delayed 2 second(s)

2023-08-14 08:23:37 - [MESSAGE][PASSED] - Delayed 2 second(s)

2023-08-14 08:23:37 - [TEST_STEP][PASSED] - click(findTestObject("WIZARD/1Modelo De Negocio/2Modal Tiempo Controlado de atencion/btn_Aceptar")): Object: 'Object Repository/WIZARD/1Modelo De Negocio/2Modal Tiempo Controlado de atencion/btn_Aceptar' is clicked on

2023-08-14 08:23:38 - [MESSAGE][PASSED] - Object: 'Object Repository/WIZARD/1Modelo De Negocio/2Modal Tiempo Controlado de atencion/btn_Aceptar' is clicked on

2023-08-14 08:23:38 - [TEST_STEP][PASSED] - delay(3): Delayed 3 second(s)

2023-08-14 08:23:41 - [MESSAGE][PASSED] - Delayed 3 second(s)

2023-08-14 08:23:41 - [TEST_STEP][PASSED] - click(findTestObject("WIZARD/1Modelo De Negocio/2Elementos/Edicion de Elementos/btn_Actualizar")): Object: 'Object Repository/WIZARD/1Modelo De Negocio/2Elementos/Edicion de Elementos/btn_Actualizar' is clicked on

2023-08-14 08:23:41 - [MESSAGE][PASSED] - Object: 'Object Repository/WIZARD/1Modelo De Negocio/2Elementos/Edicion de Elementos/btn_Actualizar' is clicked on

2023-08-14 08:23:41 - [TEST_STEP][PASSED] - delay(3): Delayed 3 second(s)

2023-08-14 08:23:44 - [MESSAGE][PASSED] - Delayed 3 second(s)

2023-08-14 08:23:44 - [TEST_STEP][PASSED] - click(findTestObject("WIZARD/1Modelo De Negocio/2Elementos/Nivel/SubServicio/td_SUB5")): Object: 'Object Repository/WIZARD/1Modelo De Negocio/2Elementos/Nivel/SubServicio/td_SUB5' is clicked on

2023-08-14 08:23:44 - [MESSAGE][PASSED] - Object: 'Object Repository/WIZARD/1Modelo De Negocio/2Elementos/Nivel/SubServicio/td_SUB5' is clicked on

2023-08-14 08:23:44 - [TEST_STEP][PASSED] - delay(3): Delayed 3 second(s)

2023-08-14 08:23:47 - [MESSAGE][PASSED] - Delayed 3 second(s)

2023-08-14 08:23:47 - [TEST_STEP][PASSED] - setText(findTestObject("WIZARD/1Modelo De Negocio/2Elementos/Edicion de Elementos/input_Nombre Elemento"), "Autorizaciones"): Text 'Autorizaciones' is set on object 'Object Repository/WIZARD/1Modelo De Negocio/2Elementos/Edicion de Elementos/input_Nombre Elemento'

2023-08-14 08:23:48 - [MESSAGE][PASSED] - Text 'Autorizaciones' is set on object 'Object Repository/WIZARD/1Modelo De Negocio/2Elementos/Edicion de Elementos/input_Nombre Elemento'

2023-08-14 08:23:48 - [TEST_STEP][PASSED] - setText(findTestObject("WIZARD/1Modelo De Negocio/2Elementos/Edicion de Elementos/input_Descripcion Elemento"), "Autorizaciones"): Text 'Autorizaciones' is set on object 'Object Repository/WIZARD/1Modelo De Negocio/2Elementos/Edicion de Elementos/input_Descripcion Elemento'

2023-08-14 08:23:49 - [MESSAGE][PASSED] - Text 'Autorizaciones' is set on object 'Object Repository/WIZARD/1Modelo De Negocio/2Elementos/Edicion de Elementos/input_Descripcion Elemento'

2023-08-14 08:23:49 - [TEST_STEP][PASSED] - executeJavaScript("return document.getElementById('ContentPlaceHolder1_lnkTiempoMaxAtencion').click()", []): Execute JavaScript 'return document.getElementById('ContentPlaceHolder1_lnkTiempoMaxAtencion').click()' successfully

2023-08-14 08:23:49 - [MESSAGE][PASSED] - Execute JavaScript 'return document.getElementById('ContentPlaceHolder1_lnkTiempoMaxAtencion').click()' successfully

2023-08-14 08:23:49 - [TEST_STEP][PASSED] - delay(2): Delayed 2 second(s)

2023-08-14 08:23:51 - [MESSAGE][PASSED] - Delayed 2 second(s)

2023-08-14 08:23:51 - [TEST_STEP][PASSED] - executeJavaScript("return document.getElementById('ContentPlaceHolder1_TimeSpanControlMaxTiempo_txtMinuto').value=10", []): Execute JavaScript 'return document.getElementById('ContentPlaceHolder1_TimeSpanControlMaxTiempo_txtMinuto').value=10' successfully

2023-08-14 08:23:51 - [MESSAGE][PASSED] - Execute JavaScript 'return document.getElementById('ContentPlaceHolder1_TimeSpanControlMaxTiempo_txtMinuto').value=10' successfully

2023-08-14 08:23:51 - [TEST_STEP][PASSED] - delay(2): Delayed 2 second(s)

2023-08-14 08:23:53 - [MESSAGE][PASSED] - Delayed 2 second(s)

2023-08-14 08:23:53 - [TEST_STEP][PASSED] - click(findTestObject("WIZARD/1Modelo De Negocio/2ModalTiempoMaxAtencion/btn_Aceptar")): Object: 'Object Repository/WIZARD/1Modelo De Negocio/2ModalTiempoMaxAtencion/btn_Aceptar' is clicked on

2023-08-14 08:23:54 - [MESSAGE][PASSED] - Object: 'Object Repository/WIZARD/1Modelo De Negocio/2ModalTiempoMaxAtencion/btn_Aceptar' is clicked on

2023-08-14 08:23:54 - [TEST_STEP][PASSED] - delay(3): Delayed 3 second(s)

2023-08-14 08:23:57 - [MESSAGE][PASSED] - Delayed 3 second(s)

2023-08-14 08:23:57 - [TEST_STEP][PASSED] - executeJavaScript("return document.getElementById('ContentPlaceHolder1_lnkTiempoControaldoAtencion').click()", []): Execute JavaScript 'return document.getElementById('ContentPlaceHolder1_lnkTiempoControaldoAtencion').click()' successfully

2023-08-14 08:23:57 - [MESSAGE][PASSED] - Execute JavaScript 'return document.getElementById('ContentPlaceHolder1_lnkTiempoControaldoAtencion').click()' successfully

2023-08-14 08:23:57 - [TEST_STEP][PASSED] - delay(2): Delayed 2 second(s)

2023-08-14 08:23:59 - [MESSAGE][PASSED] - Delayed 2 second(s)

2023-08-14 08:23:59 - [TEST_STEP][PASSED] - executeJavaScript("return document.getElementById('ContentPlaceHolder1_TimeSpanControlTiempoControlado_txtMinuto').value=5", []): Execute JavaScript 'return document.getElementById('ContentPlaceHolder1_TimeSpanControlTiempoControlado_txtMinuto').value=5' successfully

2023-08-14 08:23:59 - [MESSAGE][PASSED] - Execute JavaScript 'return document.getElementById('ContentPlaceHolder1_TimeSpanControlTiempoControlado_txtMinuto').value=5' successfully

2023-08-14 08:23:59 - [TEST_STEP][PASSED] - delay(2): Delayed 2 second(s)

2023-08-14 08:24:01 - [MESSAGE][PASSED] - Delayed 2 second(s)

2023-08-14 08:24:01 - [TEST_STEP][PASSED] - click(findTestObject("WIZARD/1Modelo De Negocio/2Modal Tiempo Controlado de atencion/btn_Aceptar")): Object: 'Object Repository/WIZARD/1Modelo De Negocio/2Modal Tiempo Controlado de atencion/btn_Aceptar' is clicked on

2023-08-14 08:24:01 - [MESSAGE][PASSED] - Object: 'Object Repository/WIZARD/1Modelo De Negocio/2Modal Tiempo Controlado de atencion/btn_Aceptar' is clicked on

2023-08-14 08:24:01 - [TEST_STEP][PASSED] - delay(3): Delayed 3 second(s)

2023-08-14 08:24:04 - [MESSAGE][PASSED] - Delayed 3 second(s)

2023-08-14 08:24:04 - [TEST_STEP][PASSED] - click(findTestObject("WIZARD/1Modelo De Negocio/2Elementos/Edicion de Elementos/btn_Actualizar")): Object: 'Object Repository/WIZARD/1Modelo De Negocio/2Elementos/Edicion de Elementos/btn_Actualizar' is clicked on

2023-08-14 08:24:05 - [MESSAGE][PASSED] - Object: 'Object Repository/WIZARD/1Modelo De Negocio/2Elementos/Edicion de Elementos/btn_Actualizar' is clicked on

2023-08-14 08:24:05 - [TEST_STEP][PASSED] - delay(3): Delayed 3 second(s)

2023-08-14 08:24:08 - [MESSAGE][PASSED] - Delayed 3 second(s)

2023-08-14 08:24:08 - [TEST_STEP][PASSED] - click(findTestObject("WIZARD/1Modelo De Negocio/2Elementos/Nivel/SubServicio/td_SUB6")): Object: 'Object Repository/WIZARD/1Modelo De Negocio/2Elementos/Nivel/SubServicio/td_SUB6' is clicked on

2023-08-14 08:24:08 - [MESSAGE][PASSED] - Object: 'Object Repository/WIZARD/1Modelo De Negocio/2Elementos/Nivel/SubServicio/td_SUB6' is clicked on

2023-08-14 08:24:08 - [TEST_STEP][PASSED] - delay(3): Delayed 3 second(s)

2023-08-14 08:24:11 - [MESSAGE][PASSED] - Delayed 3 second(s)

2023-08-14 08:24:11 - [TEST_STEP][PASSED] - setText(findTestObject("WIZARD/1Modelo De Negocio/2Elementos/Edicion de Elementos/input_Nombre Elemento"), "Certificado"): Text 'Certificado' is set on object 'Object Repository/WIZARD/1Modelo De Negocio/2Elementos/Edicion de Elementos/input_Nombre Elemento'

2023-08-14 08:24:12 - [MESSAGE][PASSED] - Text 'Certificado' is set on object 'Object Repository/WIZARD/1Modelo De Negocio/2Elementos/Edicion de Elementos/input_Nombre Elemento'

2023-08-14 08:24:12 - [TEST_STEP][PASSED] - setText(findTestObject("WIZARD/1Modelo De Negocio/2Elementos/Edicion de Elementos/input_Descripcion Elemento"), "Certificado"): Text 'Certificado' is set on object 'Object Repository/WIZARD/1Modelo De Negocio/2Elementos/Edicion de Elementos/input_Descripcion Elemento'

2023-08-14 08:24:13 - [MESSAGE][PASSED] - Text 'Certificado' is set on object 'Object Repository/WIZARD/1Modelo De Negocio/2Elementos/Edicion de Elementos/input_Descripcion Elemento'

2023-08-14 08:24:13 - [TEST_STEP][PASSED] - executeJavaScript("return document.getElementById('ContentPlaceHolder1_lnkTiempoMaxAtencion').click()", []): Execute JavaScript 'return document.getElementById('ContentPlaceHolder1_lnkTiempoMaxAtencion').click()' successfully

2023-08-14 08:24:13 - [MESSAGE][PASSED] - Execute JavaScript 'return document.getElementById('ContentPlaceHolder1_lnkTiempoMaxAtencion').click()' successfully

2023-08-14 08:24:13 - [TEST_STEP][PASSED] - delay(2): Delayed 2 second(s)

2023-08-14 08:24:15 - [MESSAGE][PASSED] - Delayed 2 second(s)

2023-08-14 08:24:15 - [TEST_STEP][PASSED] - executeJavaScript("return document.getElementById('ContentPlaceHolder1_TimeSpanControlMaxTiempo_txtMinuto').value=10", []): Execute JavaScript 'return document.getElementById('ContentPlaceHolder1_TimeSpanControlMaxTiempo_txtMinuto').value=10' successfully

2023-08-14 08:24:15 - [MESSAGE][PASSED] - Execute JavaScript 'return document.getElementById('ContentPlaceHolder1_TimeSpanControlMaxTiempo_txtMinuto').value=10' successfully

2023-08-14 08:24:15 - [TEST_STEP][PASSED] - delay(2): Delayed 2 second(s)

2023-08-14 08:24:17 - [MESSAGE][PASSED] - Delayed 2 second(s)

2023-08-14 08:24:17 - [TEST_STEP][PASSED] - click(findTestObject("WIZARD/1Modelo De Negocio/2ModalTiempoMaxAtencion/btn_Aceptar")): Object: 'Object Repository/WIZARD/1Modelo De Negocio/2ModalTiempoMaxAtencion/btn_Aceptar' is clicked on

2023-08-14 08:24:17 - [MESSAGE][PASSED] - Object: 'Object Repository/WIZARD/1Modelo De Negocio/2ModalTiempoMaxAtencion/btn_Aceptar' is clicked on

2023-08-14 08:24:17 - [TEST_STEP][PASSED] - delay(3): Delayed 3 second(s)

2023-08-14 08:24:20 - [MESSAGE][PASSED] - Delayed 3 second(s)

2023-08-14 08:24:20 - [TEST_STEP][PASSED] - executeJavaScript("return document.getElementById('ContentPlaceHolder1_lnkTiempoControaldoAtencion').click()", []): Execute JavaScript 'return document.getElementById('ContentPlaceHolder1_lnkTiempoControaldoAtencion').click()' successfully

2023-08-14 08:24:20 - [MESSAGE][PASSED] - Execute JavaScript 'return document.getElementById('ContentPlaceHolder1_lnkTiempoControaldoAtencion').click()' successfully

2023-08-14 08:24:20 - [TEST_STEP][PASSED] - delay(2): Delayed 2 second(s)

2023-08-14 08:24:22 - [MESSAGE][PASSED] - Delayed 2 second(s)

2023-08-14 08:24:22 - [TEST_STEP][PASSED] - executeJavaScript("return document.getElementById('ContentPlaceHolder1_TimeSpanControlTiempoControlado_txtMinuto').value=5", []): Execute JavaScript 'return document.getElementById('ContentPlaceHolder1_TimeSpanControlTiempoControlado_txtMinuto').value=5' successfully

2023-08-14 08:24:22 - [MESSAGE][PASSED] - Execute JavaScript 'return document.getElementById('ContentPlaceHolder1_TimeSpanControlTiempoControlado_txtMinuto').value=5' successfully

2023-08-14 08:24:22 - [TEST_STEP][PASSED] - delay(2): Delayed 2 second(s)

2023-08-14 08:24:24 - [MESSAGE][PASSED] - Delayed 2 second(s)

2023-08-14 08:24:24 - [TEST_STEP][PASSED] - click(findTestObject("WIZARD/1Modelo De Negocio/2Modal Tiempo Controlado de atencion/btn_Aceptar")): Object: 'Object Repository/WIZARD/1Modelo De Negocio/2Modal Tiempo Controlado de atencion/btn_Aceptar' is clicked on

2023-08-14 08:24:25 - [MESSAGE][PASSED] - Object: 'Object Repository/WIZARD/1Modelo De Negocio/2Modal Tiempo Controlado de atencion/btn_Aceptar' is clicked on

2023-08-14 08:24:25 - [TEST_STEP][PASSED] - delay(3): Delayed 3 second(s)

2023-08-14 08:24:28 - [MESSAGE][PASSED] - Delayed 3 second(s)

2023-08-14 08:24:28 - [TEST_STEP][PASSED] - click(findTestObject("WIZARD/1Modelo De Negocio/2Elementos/Edicion de Elementos/btn_Actualizar")): Object: 'Object Repository/WIZARD/1Modelo De Negocio/2Elementos/Edicion de Elementos/btn_Actualizar' is clicked on

2023-08-14 08:24:28 - [MESSAGE][PASSED] - Object: 'Object Repository/WIZARD/1Modelo De Negocio/2Elementos/Edicion de Elementos/btn_Actualizar' is clicked on

2023-08-14 08:24:28 - [TEST_STEP][PASSED] - delay(3): Delayed 3 second(s)

2023-08-14 08:24:31 - [MESSAGE][PASSED] - Delayed 3 second(s)

2023-08-14 08:24:31 - [TEST_STEP][PASSED] - click(findTestObject("WIZARD/1Modelo De Negocio/2Elementos/Nivel/SubServicio/td_SUB7")): Object: 'Object Repository/WIZARD/1Modelo De Negocio/2Elementos/Nivel/SubServicio/td_SUB7' is clicked on

2023-08-14 08:24:32 - [MESSAGE][PASSED] - Object: 'Object Repository/WIZARD/1Modelo De Negocio/2Elementos/Nivel/SubServicio/td_SUB7' is clicked on

2023-08-14 08:24:32 - [TEST_STEP][PASSED] - delay(3): Delayed 3 second(s)

2023-08-14 08:24:35 - [MESSAGE][PASSED] - Delayed 3 second(s)

2023-08-14 08:24:35 - [TEST_STEP][PASSED] - setText(findTestObject("WIZARD/1Modelo De Negocio/2Elementos/Edicion de Elementos/input_Nombre Elemento"), "Facturas"): Text 'Facturas' is set on object 'Object Repository/WIZARD/1Modelo De Negocio/2Elementos/Edicion de Elementos/input_Nombre Elemento'

2023-08-14 08:24:36 - [MESSAGE][PASSED] - Text 'Facturas' is set on object 'Object Repository/WIZARD/1Modelo De Negocio/2Elementos/Edicion de Elementos/input_Nombre Elemento'

2023-08-14 08:24:36 - [TEST_STEP][PASSED] - setText(findTestObject("WIZARD/1Modelo De Negocio/2Elementos/Edicion de Elementos/input_Descripcion Elemento"), "Facturas"): Text 'Facturas' is set on object 'Object Repository/WIZARD/1Modelo De Negocio/2Elementos/Edicion de Elementos/input_Descripcion Elemento'

2023-08-14 08:24:36 - [MESSAGE][PASSED] - Text 'Facturas' is set on object 'Object Repository/WIZARD/1Modelo De Negocio/2Elementos/Edicion de Elementos/input_Descripcion Elemento'

2023-08-14 08:24:36 - [TEST_STEP][PASSED] - executeJavaScript("return document.getElementById('ContentPlaceHolder1_lnkTiempoMaxAtencion').click()", []): Execute JavaScript 'return document.getElementById('ContentPlaceHolder1_lnkTiempoMaxAtencion').click()' successfully

2023-08-14 08:24:36 - [MESSAGE][PASSED] - Execute JavaScript 'return document.getElementById('ContentPlaceHolder1_lnkTiempoMaxAtencion').click()' successfully

2023-08-14 08:24:36 - [TEST_STEP][PASSED] - delay(2): Delayed 2 second(s)

2023-08-14 08:24:38 - [MESSAGE][PASSED] - Delayed 2 second(s)

2023-08-14 08:24:38 - [TEST_STEP][PASSED] - executeJavaScript("return document.getElementById('ContentPlaceHolder1_TimeSpanControlMaxTiempo_txtMinuto').value=10", []): Execute JavaScript 'return document.getElementById('ContentPlaceHolder1_TimeSpanControlMaxTiempo_txtMinuto').value=10' successfully

2023-08-14 08:24:38 - [MESSAGE][PASSED] - Execute JavaScript 'return document.getElementById('ContentPlaceHolder1_TimeSpanControlMaxTiempo_txtMinuto').value=10' successfully

2023-08-14 08:24:38 - [TEST_STEP][PASSED] - delay(2): Delayed 2 second(s)

2023-08-14 08:24:40 - [MESSAGE][PASSED] - Delayed 2 second(s)

2023-08-14 08:24:40 - [TEST_STEP][PASSED] - click(findTestObject("WIZARD/1Modelo De Negocio/2ModalTiempoMaxAtencion/btn_Aceptar")): Object: 'Object Repository/WIZARD/1Modelo De Negocio/2ModalTiempoMaxAtencion/btn_Aceptar' is clicked on

2023-08-14 08:24:41 - [MESSAGE][PASSED] - Object: 'Object Repository/WIZARD/1Modelo De Negocio/2ModalTiempoMaxAtencion/btn_Aceptar' is clicked on

2023-08-14 08:24:41 - [TEST_STEP][PASSED] - delay(3): Delayed 3 second(s)

2023-08-14 08:24:44 - [MESSAGE][PASSED] - Delayed 3 second(s)

2023-08-14 08:24:44 - [TEST_STEP][PASSED] - executeJavaScript("return document.getElementById('ContentPlaceHolder1_lnkTiempoControaldoAtencion').click()", []): Execute JavaScript 'return document.getElementById('ContentPlaceHolder1_lnkTiempoControaldoAtencion').click()' successfully

2023-08-14 08:24:44 - [MESSAGE][PASSED] - Execute JavaScript 'return document.getElementById('ContentPlaceHolder1_lnkTiempoControaldoAtencion').click()' successfully

2023-08-14 08:24:44 - [TEST_STEP][PASSED] - delay(2): Delayed 2 second(s)

2023-08-14 08:24:46 - [MESSAGE][PASSED] - Delayed 2 second(s)

2023-08-14 08:24:46 - [TEST_STEP][PASSED] - executeJavaScript("return document.getElementById('ContentPlaceHolder1_TimeSpanControlTiempoControlado_txtMinuto').value=5", []): Execute JavaScript 'return document.getElementById('ContentPlaceHolder1_TimeSpanControlTiempoControlado_txtMinuto').value=5' successfully

2023-08-14 08:24:46 - [MESSAGE][PASSED] - Execute JavaScript 'return document.getElementById('ContentPlaceHolder1_TimeSpanControlTiempoControlado_txtMinuto').value=5' successfully

2023-08-14 08:24:46 - [TEST_STEP][PASSED] - delay(2): Delayed 2 second(s)

2023-08-14 08:24:48 - [MESSAGE][PASSED] - Delayed 2 second(s)

2023-08-14 08:24:48 - [TEST_STEP][PASSED] - click(findTestObject("WIZARD/1Modelo De Negocio/2Modal Tiempo Controlado de atencion/btn_Aceptar")): Object: 'Object Repository/WIZARD/1Modelo De Negocio/2Modal Tiempo Controlado de atencion/btn_Aceptar' is clicked on

2023-08-14 08:24:48 - [MESSAGE][PASSED] - Object: 'Object Repository/WIZARD/1Modelo De Negocio/2Modal Tiempo Controlado de atencion/btn_Aceptar' is clicked on

2023-08-14 08:24:48 - [TEST_STEP][PASSED] - delay(3): Delayed 3 second(s)

2023-08-14 08:24:51 - [MESSAGE][PASSED] - Delayed 3 second(s)

2023-08-14 08:24:51 - [TEST_STEP][PASSED] - click(findTestObject("WIZARD/1Modelo De Negocio/2Elementos/Edicion de Elementos/btn_Actualizar")): Object: 'Object Repository/WIZARD/1Modelo De Negocio/2Elementos/Edicion de Elementos/btn_Actualizar' is clicked on

2023-08-14 08:24:52 - [MESSAGE][PASSED] - Object: 'Object Repository/WIZARD/1Modelo De Negocio/2Elementos/Edicion de Elementos/btn_Actualizar' is clicked on

2023-08-14 08:24:52 - [TEST_STEP][PASSED] - delay(3): Delayed 3 second(s)

2023-08-14 08:24:55 - [MESSAGE][PASSED] - Delayed 3 second(s)

2023-08-14 08:24:55 - [TEST_STEP][PASSED] - click(findTestObject("WIZARD/1Modelo De Negocio/2Elementos/Nivel/SubServicio/td_SUB8")): Object: 'Object Repository/WIZARD/1Modelo De Negocio/2Elementos/Nivel/SubServicio/td_SUB8' is clicked on

2023-08-14 08:24:58 - [MESSAGE][PASSED] - Object: 'Object Repository/WIZARD/1Modelo De Negocio/2Elementos/Nivel/SubServicio/td_SUB8' is clicked on

2023-08-14 08:24:58 - [TEST_STEP][PASSED] - delay(3): Delayed 3 second(s)

2023-08-14 08:25:01 - [MESSAGE][PASSED] - Delayed 3 second(s)

2023-08-14 08:25:01 - [TEST_STEP][PASSED] - setText(findTestObject("WIZARD/1Modelo De Negocio/2Elementos/Edicion de Elementos/input_Nombre Elemento"), "Remisión"): Text 'Remisión' is set on object 'Object Repository/WIZARD/1Modelo De Negocio/2Elementos/Edicion de Elementos/input_Nombre Elemento'

2023-08-14 08:25:02 - [MESSAGE][PASSED] - Text 'Remisión' is set on object 'Object Repository/WIZARD/1Modelo De Negocio/2Elementos/Edicion de Elementos/input_Nombre Elemento'

2023-08-14 08:25:02 - [TEST_STEP][PASSED] - setText(findTestObject("WIZARD/1Modelo De Negocio/2Elementos/Edicion de Elementos/input_Descripcion Elemento"), "Remisión"): Text 'Remisión' is set on object 'Object Repository/WIZARD/1Modelo De Negocio/2Elementos/Edicion de Elementos/input_Descripcion Elemento'

2023-08-14 08:25:02 - [MESSAGE][PASSED] - Text 'Remisión' is set on object 'Object Repository/WIZARD/1Modelo De Negocio/2Elementos/Edicion de Elementos/input_Descripcion Elemento'

2023-08-14 08:25:02 - [TEST_STEP][PASSED] - executeJavaScript("return document.getElementById('ContentPlaceHolder1_lnkTiempoMaxAtencion').click()", []): Execute JavaScript 'return document.getElementById('ContentPlaceHolder1_lnkTiempoMaxAtencion').click()' successfully

2023-08-14 08:25:02 - [MESSAGE][PASSED] - Execute JavaScript 'return document.getElementById('ContentPlaceHolder1_lnkTiempoMaxAtencion').click()' successfully

2023-08-14 08:25:02 - [TEST_STEP][PASSED] - delay(2): Delayed 2 second(s)

2023-08-14 08:25:04 - [MESSAGE][PASSED] - Delayed 2 second(s)

2023-08-14 08:25:04 - [TEST_STEP][PASSED] - executeJavaScript("return document.getElementById('ContentPlaceHolder1_TimeSpanControlMaxTiempo_txtMinuto').value=10", []): Execute JavaScript 'return document.getElementById('ContentPlaceHolder1_TimeSpanControlMaxTiempo_txtMinuto').value=10' successfully

2023-08-14 08:25:04 - [MESSAGE][PASSED] - Execute JavaScript 'return document.getElementById('ContentPlaceHolder1_TimeSpanControlMaxTiempo_txtMinuto').value=10' successfully

2023-08-14 08:25:04 - [TEST_STEP][PASSED] - delay(2): Delayed 2 second(s)

2023-08-14 08:25:06 - [MESSAGE][PASSED] - Delayed 2 second(s)

2023-08-14 08:25:06 - [TEST_STEP][PASSED] - click(findTestObject("WIZARD/1Modelo De Negocio/2ModalTiempoMaxAtencion/btn_Aceptar")): Object: 'Object Repository/WIZARD/1Modelo De Negocio/2ModalTiempoMaxAtencion/btn_Aceptar' is clicked on

2023-08-14 08:25:07 - [MESSAGE][PASSED] - Object: 'Object Repository/WIZARD/1Modelo De Negocio/2ModalTiempoMaxAtencion/btn_Aceptar' is clicked on

2023-08-14 08:25:07 - [TEST_STEP][PASSED] - delay(3): Delayed 3 second(s)

2023-08-14 08:25:10 - [MESSAGE][PASSED] - Delayed 3 second(s)

2023-08-14 08:25:10 - [TEST_STEP][PASSED] - executeJavaScript("return document.getElementById('ContentPlaceHolder1_lnkTiempoControaldoAtencion').click()", []): Execute JavaScript 'return document.getElementById('ContentPlaceHolder1_lnkTiempoControaldoAtencion').click()' successfully

2023-08-14 08:25:10 - [MESSAGE][PASSED] - Execute JavaScript 'return document.getElementById('ContentPlaceHolder1_lnkTiempoControaldoAtencion').click()' successfully

2023-08-14 08:25:10 - [TEST_STEP][PASSED] - delay(2): Delayed 2 second(s)

2023-08-14 08:25:12 - [MESSAGE][PASSED] - Delayed 2 second(s)

2023-08-14 08:25:12 - [TEST_STEP][PASSED] - executeJavaScript("return document.getElementById('ContentPlaceHolder1_TimeSpanControlTiempoControlado_txtMinuto').value=5", []): Execute JavaScript 'return document.getElementById('ContentPlaceHolder1_TimeSpanControlTiempoControlado_txtMinuto').value=5' successfully

2023-08-14 08:25:12 - [MESSAGE][PASSED] - Execute JavaScript 'return document.getElementById('ContentPlaceHolder1_TimeSpanControlTiempoControlado_txtMinuto').value=5' successfully

2023-08-14 08:25:12 - [TEST_STEP][PASSED] - delay(2): Delayed 2 second(s)

2023-08-14 08:25:14 - [MESSAGE][PASSED] - Delayed 2 second(s)

2023-08-14 08:25:14 - [TEST_STEP][PASSED] - click(findTestObject("WIZARD/1Modelo De Negocio/2Modal Tiempo Controlado de atencion/btn_Aceptar")): Object: 'Object Repository/WIZARD/1Modelo De Negocio/2Modal Tiempo Controlado de atencion/btn_Aceptar' is clicked on

2023-08-14 08:25:14 - [MESSAGE][PASSED] - Object: 'Object Repository/WIZARD/1Modelo De Negocio/2Modal Tiempo Controlado de atencion/btn_Aceptar' is clicked on

2023-08-14 08:25:14 - [TEST_STEP][PASSED] - delay(3): Delayed 3 second(s)

2023-08-14 08:25:17 - [MESSAGE][PASSED] - Delayed 3 second(s)

2023-08-14 08:25:17 - [TEST_STEP][PASSED] - click(findTestObject("WIZARD/1Modelo De Negocio/2Elementos/Edicion de Elementos/btn_Actualizar")): Object: 'Object Repository/WIZARD/1Modelo De Negocio/2Elementos/Edicion de Elementos/btn_Actualizar' is clicked on

2023-08-14 08:25:18 - [MESSAGE][PASSED] - Object: 'Object Repository/WIZARD/1Modelo De Negocio/2Elementos/Edicion de Elementos/btn_Actualizar' is clicked on

2023-08-14 08:25:18 - [TEST_STEP][PASSED] - delay(3): Delayed 3 second(s)

2023-08-14 08:25:21 - [MESSAGE][PASSED] - Delayed 3 second(s)

2023-08-14 08:25:21 - [TEST_STEP][PASSED] - click(findTestObject("WIZARD/1Modelo De Negocio/2Elementos/Nivel/SubServicio/td_SUB9")): Object: 'Object Repository/WIZARD/1Modelo De Negocio/2Elementos/Nivel/SubServicio/td_SUB9' is clicked on

2023-08-14 08:25:45 - [MESSAGE][PASSED] - Object: 'Object Repository/WIZARD/1Modelo De Negocio/2Elementos/Nivel/SubServicio/td_SUB9' is clicked on

2023-08-14 08:25:45 - [TEST_STEP][PASSED] - delay(3): Delayed 3 second(s)

2023-08-14 08:25:48 - [MESSAGE][PASSED] - Delayed 3 second(s)

2023-08-14 08:25:48 - [TEST_STEP][PASSED] - setText(findTestObject("WIZARD/1Modelo De Negocio/2Elementos/Edicion de Elementos/input_Nombre Elemento"), "Petición"): Text 'Petición' is set on object 'Object Repository/WIZARD/1Modelo De Negocio/2Elementos/Edicion de Elementos/input_Nombre Elemento'

2023-08-14 08:25:48 - [MESSAGE][PASSED] - Text 'Petición' is set on object 'Object Repository/WIZARD/1Modelo De Negocio/2Elementos/Edicion de Elementos/input_Nombre Elemento'

2023-08-14 08:25:48 - [TEST_STEP][PASSED] - setText(findTestObject("WIZARD/1Modelo De Negocio/2Elementos/Edicion de Elementos/input_Descripcion Elemento"), "Petición"): Text 'Petición' is set on object 'Object Repository/WIZARD/1Modelo De Negocio/2Elementos/Edicion de Elementos/input_Descripcion Elemento'

2023-08-14 08:25:49 - [MESSAGE][PASSED] - Text 'Petición' is set on object 'Object Repository/WIZARD/1Modelo De Negocio/2Elementos/Edicion de Elementos/input_Descripcion Elemento'

2023-08-14 08:25:49 - [TEST_STEP][PASSED] - executeJavaScript("return document.getElementById('ContentPlaceHolder1_lnkTiempoMaxAtencion').click()", []): Execute JavaScript 'return document.getElementById('ContentPlaceHolder1_lnkTiempoMaxAtencion').click()' successfully

2023-08-14 08:25:49 - [MESSAGE][PASSED] - Execute JavaScript 'return document.getElementById('ContentPlaceHolder1_lnkTiempoMaxAtencion').click()' successfully

2023-08-14 08:25:49 - [TEST_STEP][PASSED] - delay(2): Delayed 2 second(s)

2023-08-14 08:25:51 - [MESSAGE][PASSED] - Delayed 2 second(s)

2023-08-14 08:25:51 - [TEST_STEP][PASSED] - executeJavaScript("return document.getElementById('ContentPlaceHolder1_TimeSpanControlMaxTiempo_txtMinuto').value=10", []): Execute JavaScript 'return document.getElementById('ContentPlaceHolder1_TimeSpanControlMaxTiempo_txtMinuto').value=10' successfully

2023-08-14 08:25:51 - [MESSAGE][PASSED] - Execute JavaScript 'return document.getElementById('ContentPlaceHolder1_TimeSpanControlMaxTiempo_txtMinuto').value=10' successfully

2023-08-14 08:25:51 - [TEST_STEP][PASSED] - delay(2): Delayed 2 second(s)

2023-08-14 08:25:53 - [MESSAGE][PASSED] - Delayed 2 second(s)

2023-08-14 08:25:53 - [TEST_STEP][PASSED] - click(findTestObject("WIZARD/1Modelo De Negocio/2ModalTiempoMaxAtencion/btn_Aceptar")): Object: 'Object Repository/WIZARD/1Modelo De Negocio/2ModalTiempoMaxAtencion/btn_Aceptar' is clicked on

2023-08-14 08:25:54 - [MESSAGE][PASSED] - Object: 'Object Repository/WIZARD/1Modelo De Negocio/2ModalTiempoMaxAtencion/btn_Aceptar' is clicked on

2023-08-14 08:25:54 - [TEST_STEP][PASSED] - delay(3): Delayed 3 second(s)

2023-08-14 08:25:57 - [MESSAGE][PASSED] - Delayed 3 second(s)

2023-08-14 08:25:57 - [TEST_STEP][PASSED] - executeJavaScript("return document.getElementById('ContentPlaceHolder1_lnkTiempoControaldoAtencion').click()", []): Execute JavaScript 'return document.getElementById('ContentPlaceHolder1_lnkTiempoControaldoAtencion').click()' successfully

2023-08-14 08:25:57 - [MESSAGE][PASSED] - Execute JavaScript 'return document.getElementById('ContentPlaceHolder1_lnkTiempoControaldoAtencion').click()' successfully

2023-08-14 08:25:57 - [TEST_STEP][PASSED] - delay(2): Delayed 2 second(s)

2023-08-14 08:25:59 - [MESSAGE][PASSED] - Delayed 2 second(s)

2023-08-14 08:25:59 - [TEST_STEP][PASSED] - executeJavaScript("return document.getElementById('ContentPlaceHolder1_TimeSpanControlTiempoControlado_txtMinuto').value=5", []): Execute JavaScript 'return document.getElementById('ContentPlaceHolder1_TimeSpanControlTiempoControlado_txtMinuto').value=5' successfully

2023-08-14 08:25:59 - [MESSAGE][PASSED] - Execute JavaScript 'return document.getElementById('ContentPlaceHolder1_TimeSpanControlTiempoControlado_txtMinuto').value=5' successfully

2023-08-14 08:25:59 - [TEST_STEP][PASSED] - delay(2): Delayed 2 second(s)

2023-08-14 08:26:01 - [MESSAGE][PASSED] - Delayed 2 second(s)

2023-08-14 08:26:01 - [TEST_STEP][PASSED] - click(findTestObject("WIZARD/1Modelo De Negocio/2Modal Tiempo Controlado de atencion/btn_Aceptar")): Object: 'Object Repository/WIZARD/1Modelo De Negocio/2Modal Tiempo Controlado de atencion/btn_Aceptar' is clicked on

2023-08-14 08:26:01 - [MESSAGE][PASSED] - Object: 'Object Repository/WIZARD/1Modelo De Negocio/2Modal Tiempo Controlado de atencion/btn_Aceptar' is clicked on

2023-08-14 08:26:01 - [TEST_STEP][PASSED] - delay(3): Delayed 3 second(s)

2023-08-14 08:26:04 - [MESSAGE][PASSED] - Delayed 3 second(s)

2023-08-14 08:26:04 - [TEST_STEP][PASSED] - click(findTestObject("WIZARD/1Modelo De Negocio/2Elementos/Edicion de Elementos/btn_Actualizar")): Object: 'Object Repository/WIZARD/1Modelo De Negocio/2Elementos/Edicion de Elementos/btn_Actualizar' is clicked on

2023-08-14 08:26:05 - [MESSAGE][PASSED] - Object: 'Object Repository/WIZARD/1Modelo De Negocio/2Elementos/Edicion de Elementos/btn_Actualizar' is clicked on

2023-08-14 08:26:05 - [TEST_STEP][PASSED] - delay(3): Delayed 3 second(s)

2023-08-14 08:26:08 - [MESSAGE][PASSED] - Delayed 3 second(s)

2023-08-14 08:26:08 - [TEST_STEP][PASSED] - scrollToElement(findTestObject("WIZARD/1Modelo De Negocio/2Elementos/Nivel/SubServicio/td_SUB10"), 2): Scroll to object 'Object Repository/WIZARD/1Modelo De Negocio/2Elementos/Nivel/SubServicio/td_SUB10' successfully

2023-08-14 08:26:08 - [MESSAGE][PASSED] - Scroll to object 'Object Repository/WIZARD/1Modelo De Negocio/2Elementos/Nivel/SubServicio/td_SUB10' successfully

2023-08-14 08:26:08 - [TEST_STEP][PASSED] - click(findTestObject("WIZARD/1Modelo De Negocio/2Elementos/Nivel/SubServicio/td_SUB10")): Object: 'Object Repository/WIZARD/1Modelo De Negocio/2Elementos/Nivel/SubServicio/td_SUB10' is clicked on

2023-08-14 08:26:09 - [MESSAGE][PASSED] - Object: 'Object Repository/WIZARD/1Modelo De Negocio/2Elementos/Nivel/SubServicio/td_SUB10' is clicked on

2023-08-14 08:26:09 - [TEST_STEP][PASSED] - delay(3): Delayed 3 second(s)

2023-08-14 08:26:12 - [MESSAGE][PASSED] - Delayed 3 second(s)

2023-08-14 08:26:12 - [TEST_STEP][PASSED] - setText(findTestObject("WIZARD/1Modelo De Negocio/2Elementos/Edicion de Elementos/input_Nombre Elemento"), "Queja"): Text 'Queja' is set on object 'Object Repository/WIZARD/1Modelo De Negocio/2Elementos/Edicion de Elementos/input_Nombre Elemento'

2023-08-14 08:26:13 - [MESSAGE][PASSED] - Text 'Queja' is set on object 'Object Repository/WIZARD/1Modelo De Negocio/2Elementos/Edicion de Elementos/input_Nombre Elemento'

2023-08-14 08:26:13 - [TEST_STEP][PASSED] - setText(findTestObject("WIZARD/1Modelo De Negocio/2Elementos/Edicion de Elementos/input_Descripcion Elemento"), "Queja"): Text 'Queja' is set on object 'Object Repository/WIZARD/1Modelo De Negocio/2Elementos/Edicion de Elementos/input_Descripcion Elemento'

2023-08-14 08:26:13 - [MESSAGE][PASSED] - Text 'Queja' is set on object 'Object Repository/WIZARD/1Modelo De Negocio/2Elementos/Edicion de Elementos/input_Descripcion Elemento'

2023-08-14 08:26:13 - [TEST_STEP][PASSED] - executeJavaScript("return document.getElementById('ContentPlaceHolder1_lnkTiempoMaxAtencion').click()", []): Execute JavaScript 'return document.getElementById('ContentPlaceHolder1_lnkTiempoMaxAtencion').click()' successfully

2023-08-14 08:26:13 - [MESSAGE][PASSED] - Execute JavaScript 'return document.getElementById('ContentPlaceHolder1_lnkTiempoMaxAtencion').click()' successfully

2023-08-14 08:26:13 - [TEST_STEP][PASSED] - delay(2): Delayed 2 second(s)

2023-08-14 08:26:15 - [MESSAGE][PASSED] - Delayed 2 second(s)

2023-08-14 08:26:15 - [TEST_STEP][PASSED] - executeJavaScript("return document.getElementById('ContentPlaceHolder1_TimeSpanControlMaxTiempo_txtMinuto').value=10", []): Execute JavaScript 'return document.getElementById('ContentPlaceHolder1_TimeSpanControlMaxTiempo_txtMinuto').value=10' successfully

2023-08-14 08:26:15 - [MESSAGE][PASSED] - Execute JavaScript 'return document.getElementById('ContentPlaceHolder1_TimeSpanControlMaxTiempo_txtMinuto').value=10' successfully

2023-08-14 08:26:15 - [TEST_STEP][PASSED] - delay(2): Delayed 2 second(s)

2023-08-14 08:26:17 - [MESSAGE][PASSED] - Delayed 2 second(s)

2023-08-14 08:26:17 - [TEST_STEP][PASSED] - click(findTestObject("WIZARD/1Modelo De Negocio/2ModalTiempoMaxAtencion/btn_Aceptar")): Object: 'Object Repository/WIZARD/1Modelo De Negocio/2ModalTiempoMaxAtencion/btn_Aceptar' is clicked on

2023-08-14 08:26:18 - [MESSAGE][PASSED] - Object: 'Object Repository/WIZARD/1Modelo De Negocio/2ModalTiempoMaxAtencion/btn_Aceptar' is clicked on

2023-08-14 08:26:18 - [TEST_STEP][PASSED] - delay(3): Delayed 3 second(s)

2023-08-14 08:26:21 - [MESSAGE][PASSED] - Delayed 3 second(s)

2023-08-14 08:26:21 - [TEST_STEP][PASSED] - executeJavaScript("return document.getElementById('ContentPlaceHolder1_lnkTiempoControaldoAtencion').click()", []): Execute JavaScript 'return document.getElementById('ContentPlaceHolder1_lnkTiempoControaldoAtencion').click()' successfully

2023-08-14 08:26:21 - [MESSAGE][PASSED] - Execute JavaScript 'return document.getElementById('ContentPlaceHolder1_lnkTiempoControaldoAtencion').click()' successfully

2023-08-14 08:26:21 - [TEST_STEP][PASSED] - delay(2): Delayed 2 second(s)

2023-08-14 08:26:23 - [MESSAGE][PASSED] - Delayed 2 second(s)

2023-08-14 08:26:23 - [TEST_STEP][PASSED] - executeJavaScript("return document.getElementById('ContentPlaceHolder1_TimeSpanControlTiempoControlado_txtMinuto').value=5", []): Execute JavaScript 'return document.getElementById('ContentPlaceHolder1_TimeSpanControlTiempoControlado_txtMinuto').value=5' successfully

2023-08-14 08:26:23 - [MESSAGE][PASSED] - Execute JavaScript 'return document.getElementById('ContentPlaceHolder1_TimeSpanControlTiempoControlado_txtMinuto').value=5' successfully

2023-08-14 08:26:23 - [TEST_STEP][PASSED] - delay(2): Delayed 2 second(s)

2023-08-14 08:26:25 - [MESSAGE][PASSED] - Delayed 2 second(s)

2023-08-14 08:26:25 - [TEST_STEP][PASSED] - click(findTestObject("WIZARD/1Modelo De Negocio/2Modal Tiempo Controlado de atencion/btn_Aceptar")): Object: 'Object Repository/WIZARD/1Modelo De Negocio/2Modal Tiempo Controlado de atencion/btn_Aceptar' is clicked on

2023-08-14 08:26:25 - [MESSAGE][PASSED] - Object: 'Object Repository/WIZARD/1Modelo De Negocio/2Modal Tiempo Controlado de atencion/btn_Aceptar' is clicked on

2023-08-14 08:26:25 - [TEST_STEP][PASSED] - delay(3): Delayed 3 second(s)

2023-08-14 08:26:28 - [MESSAGE][PASSED] - Delayed 3 second(s)

2023-08-14 08:26:28 - [TEST_STEP][PASSED] - click(findTestObject("WIZARD/1Modelo De Negocio/2Elementos/Edicion de Elementos/btn_Actualizar")): Object: 'Object Repository/WIZARD/1Modelo De Negocio/2Elementos/Edicion de Elementos/btn_Actualizar' is clicked on

2023-08-14 08:26:29 - [MESSAGE][PASSED] - Object: 'Object Repository/WIZARD/1Modelo De Negocio/2Elementos/Edicion de Elementos/btn_Actualizar' is clicked on

2023-08-14 08:26:29 - [TEST_STEP][PASSED] - delay(3): Delayed 3 second(s)

2023-08-14 08:26:32 - [MESSAGE][PASSED] - Delayed 3 second(s)

2023-08-14 08:26:32 - [TEST_STEP][PASSED] - click(findTestObject("WIZARD/1Modelo De Negocio/2Elementos/Nivel/SubServicio/td_SUB11")): Object: 'Object Repository/WIZARD/1Modelo De Negocio/2Elementos/Nivel/SubServicio/td_SUB11' is clicked on

2023-08-14 08:26:32 - [MESSAGE][PASSED] - Object: 'Object Repository/WIZARD/1Modelo De Negocio/2Elementos/Nivel/SubServicio/td_SUB11' is clicked on

2023-08-14 08:26:32 - [TEST_STEP][PASSED] - delay(3): Delayed 3 second(s)

2023-08-14 08:26:35 - [MESSAGE][PASSED] - Delayed 3 second(s)

2023-08-14 08:26:35 - [TEST_STEP][PASSED] - setText(findTestObject("WIZARD/1Modelo De Negocio/2Elementos/Edicion de Elementos/input_Nombre Elemento"), "Reclamo"): Text 'Reclamo' is set on object 'Object Repository/WIZARD/1Modelo De Negocio/2Elementos/Edicion de Elementos/input_Nombre Elemento'

2023-08-14 08:26:36 - [MESSAGE][PASSED] - Text 'Reclamo' is set on object 'Object Repository/WIZARD/1Modelo De Negocio/2Elementos/Edicion de Elementos/input_Nombre Elemento'

2023-08-14 08:26:36 - [TEST_STEP][PASSED] - setText(findTestObject("WIZARD/1Modelo De Negocio/2Elementos/Edicion de Elementos/input_Descripcion Elemento"), "Reclamo"): Text 'Reclamo' is set on object 'Object Repository/WIZARD/1Modelo De Negocio/2Elementos/Edicion de Elementos/input_Descripcion Elemento'

2023-08-14 08:26:37 - [MESSAGE][PASSED] - Text 'Reclamo' is set on object 'Object Repository/WIZARD/1Modelo De Negocio/2Elementos/Edicion de Elementos/input_Descripcion Elemento'

2023-08-14 08:26:37 - [TEST_STEP][PASSED] - executeJavaScript("return document.getElementById('ContentPlaceHolder1_lnkTiempoMaxAtencion').click()", []): Execute JavaScript 'return document.getElementById('ContentPlaceHolder1_lnkTiempoMaxAtencion').click()' successfully

2023-08-14 08:26:37 - [MESSAGE][PASSED] - Execute JavaScript 'return document.getElementById('ContentPlaceHolder1_lnkTiempoMaxAtencion').click()' successfully

2023-08-14 08:26:37 - [TEST_STEP][PASSED] - delay(2): Delayed 2 second(s)

2023-08-14 08:26:39 - [MESSAGE][PASSED] - Delayed 2 second(s)

2023-08-14 08:26:39 - [TEST_STEP][PASSED] - executeJavaScript("return document.getElementById('ContentPlaceHolder1_TimeSpanControlMaxTiempo_txtMinuto').value=10", []): Execute JavaScript 'return document.getElementById('ContentPlaceHolder1_TimeSpanControlMaxTiempo_txtMinuto').value=10' successfully

2023-08-14 08:26:39 - [MESSAGE][PASSED] - Execute JavaScript 'return document.getElementById('ContentPlaceHolder1_TimeSpanControlMaxTiempo_txtMinuto').value=10' successfully

2023-08-14 08:26:39 - [TEST_STEP][PASSED] - delay(2): Delayed 2 second(s)

2023-08-14 08:26:41 - [MESSAGE][PASSED] - Delayed 2 second(s)

2023-08-14 08:26:41 - [TEST_STEP][PASSED] - click(findTestObject("WIZARD/1Modelo De Negocio/2ModalTiempoMaxAtencion/btn_Aceptar")): Object: 'Object Repository/WIZARD/1Modelo De Negocio/2ModalTiempoMaxAtencion/btn_Aceptar' is clicked on

2023-08-14 08:26:41 - [MESSAGE][PASSED] - Object: 'Object Repository/WIZARD/1Modelo De Negocio/2ModalTiempoMaxAtencion/btn_Aceptar' is clicked on

2023-08-14 08:26:41 - [TEST_STEP][PASSED] - delay(3): Delayed 3 second(s)

2023-08-14 08:26:44 - [MESSAGE][PASSED] - Delayed 3 second(s)

2023-08-14 08:26:44 - [TEST_STEP][PASSED] - executeJavaScript("return document.getElementById('ContentPlaceHolder1_lnkTiempoControaldoAtencion').click()", []): Execute JavaScript 'return document.getElementById('ContentPlaceHolder1_lnkTiempoControaldoAtencion').click()' successfully

2023-08-14 08:26:44 - [MESSAGE][PASSED] - Execute JavaScript 'return document.getElementById('ContentPlaceHolder1_lnkTiempoControaldoAtencion').click()' successfully

2023-08-14 08:26:44 - [TEST_STEP][PASSED] - delay(2): Delayed 2 second(s)

2023-08-14 08:26:46 - [MESSAGE][PASSED] - Delayed 2 second(s)

2023-08-14 08:26:46 - [TEST_STEP][PASSED] - executeJavaScript("return document.getElementById('ContentPlaceHolder1_TimeSpanControlTiempoControlado_txtMinuto').value=5", []): Execute JavaScript 'return document.getElementById('ContentPlaceHolder1_TimeSpanControlTiempoControlado_txtMinuto').value=5' successfully

2023-08-14 08:26:47 - [MESSAGE][PASSED] - Execute JavaScript 'return document.getElementById('ContentPlaceHolder1_TimeSpanControlTiempoControlado_txtMinuto').value=5' successfully

2023-08-14 08:26:47 - [TEST_STEP][PASSED] - delay(2): Delayed 2 second(s)

2023-08-14 08:26:49 - [MESSAGE][PASSED] - Delayed 2 second(s)

2023-08-14 08:26:49 - [TEST_STEP][PASSED] - click(findTestObject("WIZARD/1Modelo De Negocio/2Modal Tiempo Controlado de atencion/btn_Aceptar")): Object: 'Object Repository/WIZARD/1Modelo De Negocio/2Modal Tiempo Controlado de atencion/btn_Aceptar' is clicked on

2023-08-14 08:26:49 - [MESSAGE][PASSED] - Object: 'Object Repository/WIZARD/1Modelo De Negocio/2Modal Tiempo Controlado de atencion/btn_Aceptar' is clicked on

2023-08-14 08:26:49 - [TEST_STEP][PASSED] - delay(3): Delayed 3 second(s)

2023-08-14 08:26:52 - [MESSAGE][PASSED] - Delayed 3 second(s)

2023-08-14 08:26:52 - [TEST_STEP][PASSED] - click(findTestObject("WIZARD/1Modelo De Negocio/2Elementos/Edicion de Elementos/btn_Actualizar")): Object: 'Object Repository/WIZARD/1Modelo De Negocio/2Elementos/Edicion de Elementos/btn_Actualizar' is clicked on

2023-08-14 08:26:52 - [MESSAGE][PASSED] - Object: 'Object Repository/WIZARD/1Modelo De Negocio/2Elementos/Edicion de Elementos/btn_Actualizar' is clicked on

2023-08-14 08:26:52 - [TEST_STEP][PASSED] - delay(3): Delayed 3 second(s)

2023-08-14 08:26:55 - [MESSAGE][PASSED] - Delayed 3 second(s)

2023-08-14 08:26:55 - [TEST_STEP][PASSED] - click(findTestObject("WIZARD/1Modelo De Negocio/2Elementos/Nivel/SubServicio/td_SUB12")): Object: 'Object Repository/WIZARD/1Modelo De Negocio/2Elementos/Nivel/SubServicio/td_SUB12' is clicked on

2023-08-14 08:26:58 - [MESSAGE][PASSED] - Object: 'Object Repository/WIZARD/1Modelo De Negocio/2Elementos/Nivel/SubServicio/td_SUB12' is clicked on

2023-08-14 08:26:58 - [TEST_STEP][PASSED] - delay(3): Delayed 3 second(s)

2023-08-14 08:27:01 - [MESSAGE][PASSED] - Delayed 3 second(s)

2023-08-14 08:27:01 - [TEST_STEP][PASSED] - setText(findTestObject("WIZARD/1Modelo De Negocio/2Elementos/Edicion de Elementos/input_Nombre Elemento"), "Solicitud"): Text 'Solicitud' is set on object 'Object Repository/WIZARD/1Modelo De Negocio/2Elementos/Edicion de Elementos/input_Nombre Elemento'

2023-08-14 08:27:02 - [MESSAGE][PASSED] - Text 'Solicitud' is set on object 'Object Repository/WIZARD/1Modelo De Negocio/2Elementos/Edicion de Elementos/input_Nombre Elemento'

2023-08-14 08:27:02 - [TEST_STEP][PASSED] - setText(findTestObject("WIZARD/1Modelo De Negocio/2Elementos/Edicion de Elementos/input_Descripcion Elemento"), "Solicitud"): Text 'Solicitud' is set on object 'Object Repository/WIZARD/1Modelo De Negocio/2Elementos/Edicion de Elementos/input_Descripcion Elemento'

2023-08-14 08:27:03 - [MESSAGE][PASSED] - Text 'Solicitud' is set on object 'Object Repository/WIZARD/1Modelo De Negocio/2Elementos/Edicion de Elementos/input_Descripcion Elemento'

2023-08-14 08:27:03 - [TEST_STEP][PASSED] - executeJavaScript("return document.getElementById('ContentPlaceHolder1_lnkTiempoMaxAtencion').click()", []): Execute JavaScript 'return document.getElementById('ContentPlaceHolder1_lnkTiempoMaxAtencion').click()' successfully

2023-08-14 08:27:03 - [MESSAGE][PASSED] - Execute JavaScript 'return document.getElementById('ContentPlaceHolder1_lnkTiempoMaxAtencion').click()' successfully

2023-08-14 08:27:03 - [TEST_STEP][PASSED] - delay(2): Delayed 2 second(s)

2023-08-14 08:27:05 - [MESSAGE][PASSED] - Delayed 2 second(s)

2023-08-14 08:27:05 - [TEST_STEP][PASSED] - executeJavaScript("return document.getElementById('ContentPlaceHolder1_TimeSpanControlMaxTiempo_txtMinuto').value=10", []): Execute JavaScript 'return document.getElementById('ContentPlaceHolder1_TimeSpanControlMaxTiempo_txtMinuto').value=10' successfully

2023-08-14 08:27:05 - [MESSAGE][PASSED] - Execute JavaScript 'return document.getElementById('ContentPlaceHolder1_TimeSpanControlMaxTiempo_txtMinuto').value=10' successfully

2023-08-14 08:27:05 - [TEST_STEP][PASSED] - delay(2): Delayed 2 second(s)

2023-08-14 08:27:07 - [MESSAGE][PASSED] - Delayed 2 second(s)

2023-08-14 08:27:07 - [TEST_STEP][PASSED] - click(findTestObject("WIZARD/1Modelo De Negocio/2ModalTiempoMaxAtencion/btn_Aceptar")): Object: 'Object Repository/WIZARD/1Modelo De Negocio/2ModalTiempoMaxAtencion/btn_Aceptar' is clicked on

2023-08-14 08:27:07 - [MESSAGE][PASSED] - Object: 'Object Repository/WIZARD/1Modelo De Negocio/2ModalTiempoMaxAtencion/btn_Aceptar' is clicked on

2023-08-14 08:27:07 - [TEST_STEP][PASSED] - delay(3): Delayed 3 second(s)

2023-08-14 08:27:10 - [MESSAGE][PASSED] - Delayed 3 second(s)

2023-08-14 08:27:10 - [TEST_STEP][PASSED] - executeJavaScript("return document.getElementById('ContentPlaceHolder1_lnkTiempoControaldoAtencion').click()", []): Execute JavaScript 'return document.getElementById('ContentPlaceHolder1_lnkTiempoControaldoAtencion').click()' successfully

2023-08-14 08:27:10 - [MESSAGE][PASSED] - Execute JavaScript 'return document.getElementById('ContentPlaceHolder1_lnkTiempoControaldoAtencion').click()' successfully

2023-08-14 08:27:10 - [TEST_STEP][PASSED] - delay(2): Delayed 2 second(s)

2023-08-14 08:27:12 - [MESSAGE][PASSED] - Delayed 2 second(s)

2023-08-14 08:27:12 - [TEST_STEP][PASSED] - executeJavaScript("return document.getElementById('ContentPlaceHolder1_TimeSpanControlTiempoControlado_txtMinuto').value=5", []): Execute JavaScript 'return document.getElementById('ContentPlaceHolder1_TimeSpanControlTiempoControlado_txtMinuto').value=5' successfully

2023-08-14 08:27:12 - [MESSAGE][PASSED] - Execute JavaScript 'return document.getElementById('ContentPlaceHolder1_TimeSpanControlTiempoControlado_txtMinuto').value=5' successfully

2023-08-14 08:27:12 - [TEST_STEP][PASSED] - delay(2): Delayed 2 second(s)

2023-08-14 08:27:14 - [MESSAGE][PASSED] - Delayed 2 second(s)

2023-08-14 08:27:14 - [TEST_STEP][PASSED] - click(findTestObject("WIZARD/1Modelo De Negocio/2Modal Tiempo Controlado de atencion/btn_Aceptar")): Object: 'Object Repository/WIZARD/1Modelo De Negocio/2Modal Tiempo Controlado de atencion/btn_Aceptar' is clicked on

2023-08-14 08:27:15 - [MESSAGE][PASSED] - Object: 'Object Repository/WIZARD/1Modelo De Negocio/2Modal Tiempo Controlado de atencion/btn_Aceptar' is clicked on

2023-08-14 08:27:15 - [TEST_STEP][PASSED] - delay(3): Delayed 3 second(s)

2023-08-14 08:27:18 - [MESSAGE][PASSED] - Delayed 3 second(s)

2023-08-14 08:27:18 - [TEST_STEP][PASSED] - click(findTestObject("WIZARD/1Modelo De Negocio/2Elementos/Edicion de Elementos/btn_Actualizar")): Object: 'Object Repository/WIZARD/1Modelo De Negocio/2Elementos/Edicion de Elementos/btn_Actualizar' is clicked on

2023-08-14 08:27:18 - [MESSAGE][PASSED] - Object: 'Object Repository/WIZARD/1Modelo De Negocio/2Elementos/Edicion de Elementos/btn_Actualizar' is clicked on

2023-08-14 08:27:18 - [TEST_STEP][PASSED] - delay(3): Delayed 3 second(s)

2023-08-14 08:27:21 - [MESSAGE][PASSED] - Delayed 3 second(s)

2023-08-14 08:27:21 - [TEST_STEP][PASSED] - takeFullPageScreenshot(): Taking screenshot successfully

2023-08-14 08:27:22 - [MESSAGE][INFO] - 0 hidden object(s)

2023-08-14 08:27:22 - [MESSAGE][PASSED] - Taking screenshot successfully
[[ATTACHMENT|C:\\CIEL INGENIERIA\\Katalon\\Digiturno55\\Reports\\20230814_081405\\WIZARD\\1Modelo De Negocio\\2.4 Creacion Elementos SubServicios\\20230814_081414\\1692019641685.png]]

2023-08-14 08:27:22 - [TEST_STEP][PASSED] - delay(3): Delayed 3 second(s)

2023-08-14 08:27:25 - [MESSAGE][PASSED] - Delayed 3 second(s)

2023-08-14 08:27:25 - [TEST_STEP][PASSED] - Start listener action : sampleAfterTestCase: null]]></system-out>
         <system-err><![CDATA[]]></system-err>
      </testcase>
      <system-out><![CDATA[2023-08-14 08:21:46 - [TEST_SUITE][PASSED] - 2.4 Creacion Elementos SubServicios: Test Cases/WIZARD/1Modelo De Negocio/2.4 Creacion Elementos SubServicios]]></system-out>
      <system-err><![CDATA[]]></system-err>
   </testsuite>
</testsuites>
