<?xml version="1.0" encoding="UTF-8"?>
<testsuites name="3.1 Agregar al arbol Area" time="27.645" tests="1" failures="0" errors="0">
   <testsuite name="3.1 Agregar al arbol Area" tests="1" failures="0" errors="0" time="27.645" skipped="0" timestamp="2024-03-11 09:52:44" hostname="jdavila - PCPruebas101.ciel.cielingenieria.com" id="Test Suites/WIZARD/1Modelo De Negocio/3.1 Agregar al arbol Area">
      <properties>
         <property name="deviceName" value=""/>
         <property name="devicePlatform" value=""/>
         <property name="logFolder" value="C:\\CIEL INGENIERIA\\Katalon\\Digiturno55\\Reports\\20240311_093955\\WIZARD\\1Modelo De Negocio\\3.1 Agregar al arbol Area\\20240311_094006"/>
         <property name="logFiles" value="C:\\CIEL INGENIERIA\\Katalon\\Digiturno55\\Reports\\20240311_093955\\WIZARD\\1Modelo De Negocio\\3.1 Agregar al arbol Area\\20240311_094006\\execution0.log"/>
         <property name="attachments" value="C:\\CIEL INGENIERIA\\Katalon\\Digiturno55\\Reports\\20240311_093955\\WIZARD\\1Modelo De Negocio\\3.1 Agregar al arbol Area\\20240311_094006\\1710168788076.png"/>
         <property name="hostName" value="jdavila - PCPruebas101.ciel.cielingenieria.com"/>
         <property name="os" value="Windows 10 64bit"/>
         <property name="katalonVersion" value="8.6.8.208"/>
         <property name="browser" value="Chrome 122.0.0.0"/>
         <property name="hostAddress" value="192.168.91.14"/>
         <property name="sessionId" value="d5db78bc47f95fae85c908c0ac987857"/>
         <property name="seleniumVersion" value="3.141.59"/>
         <property name="proxyInformation" value="ProxyInformation { proxyOption=NO_PROXY, proxyServerType=HTTP, username=, password=********, proxyServerAddress=, proxyServerPort=0, executionList=&quot;&quot;, isApplyToDesiredCapabilities=true }"/>
         <property name="platform" value="Windows 10"/>
      </properties>
      <testcase name="Test Cases/WIZARD/1Modelo De Negocio/3.1 Agregar al arbol Area" time="27.396" classname="Test Cases/WIZARD/1Modelo De Negocio/3.1 Agregar al arbol Area" status="PASSED">
         <system-out><![CDATA[2024-03-11 09:52:44 - [TEST_CASE][PASSED] - Test Cases/WIZARD/1Modelo De Negocio/3.1 Agregar al arbol Area: Test Cases/WIZARD/1Modelo De Negocio/3.1 Agregar al arbol Area

2024-03-11 09:52:44 - [TEST_STEP][PASSED] - callTestCase(findTestCase("0InicioSesion"), [:], STOP_ON_FAILURE): Call Test Case 'Test Cases/0InicioSesion' successfully

2024-03-11 09:52:44 - [TEST_CASE][PASSED] - Test Cases/0InicioSesion: Test Cases/0InicioSesion

2024-03-11 09:52:45 - [TEST_STEP][PASSED] - openBrowser(UrlDigiturno): Browser is opened with url: 'https://PCPruebas101.ciel.cielingenieria.com:8910'

2024-03-11 09:52:45 - [MESSAGE][INFO] - Starting 'Chrome' driver

2024-03-11 09:52:45 - [MESSAGE][INFO] - User set preference: ['args', '[--use-fake-ui-for-media-stream, --disable-notifications]']

2024-03-11 09:52:45 - [MESSAGE][INFO] - Action delay is set to 0 milliseconds

2024-03-11 09:52:48 - [MESSAGE][PASSED] - Browser is opened with url: 'https://PCPruebas101.ciel.cielingenieria.com:8910'

2024-03-11 09:52:48 - [TEST_STEP][PASSED] - maximizeWindow(): Current window maximized

2024-03-11 09:52:48 - [MESSAGE][PASSED] - Current window maximized

2024-03-11 09:52:48 - [TEST_STEP][PASSED] - delay(3): Delayed 3 second(s)

2024-03-11 09:52:51 - [MESSAGE][PASSED] - Delayed 3 second(s)

2024-03-11 09:52:51 - [TEST_STEP][PASSED] - setText(findTestObject("0Inicio Sesion/input_Usuario"), "Ciel"): Text 'Ciel' is set on object 'Object Repository/0Inicio Sesion/input_Usuario'

2024-03-11 09:52:52 - [MESSAGE][PASSED] - Text 'Ciel' is set on object 'Object Repository/0Inicio Sesion/input_Usuario'

2024-03-11 09:52:52 - [TEST_STEP][PASSED] - setText(findTestObject("0Inicio Sesion/input_Clave"), "digiturno"): Text 'digiturno' is set on object 'Object Repository/0Inicio Sesion/input_Clave'

2024-03-11 09:52:53 - [MESSAGE][PASSED] - Text 'digiturno' is set on object 'Object Repository/0Inicio Sesion/input_Clave'

2024-03-11 09:52:53 - [TEST_STEP][PASSED] - click(findTestObject("0Inicio Sesion/btn_IniciarSesion")): Object: 'Object Repository/0Inicio Sesion/btn_IniciarSesion' is clicked on

2024-03-11 09:52:53 - [MESSAGE][PASSED] - Object: 'Object Repository/0Inicio Sesion/btn_IniciarSesion' is clicked on

2024-03-11 09:52:53 - [TEST_STEP][PASSED] - delay(3): Delayed 3 second(s)

2024-03-11 09:52:56 - [MESSAGE][PASSED] - Delayed 3 second(s)

2024-03-11 09:52:56 - [MESSAGE][PASSED] - Call Test Case 'Test Cases/0InicioSesion' successfully

2024-03-11 09:52:56 - [TEST_STEP][PASSED] - click(findTestObject("WIZARD/0Principal/img_ModeloDeNegocioMAX")): Object: 'Object Repository/WIZARD/0Principal/img_ModeloDeNegocioMAX' is clicked on

2024-03-11 09:52:57 - [MESSAGE][PASSED] - Object: 'Object Repository/WIZARD/0Principal/img_ModeloDeNegocioMAX' is clicked on

2024-03-11 09:52:57 - [TEST_STEP][PASSED] - delay(3): Delayed 3 second(s)

2024-03-11 09:53:00 - [MESSAGE][PASSED] - Delayed 3 second(s)

2024-03-11 09:53:00 - [TEST_STEP][PASSED] - rightClick(findTestObject("WIZARD/1Modelo De Negocio/0ArbolDeJerarquia/span_arbol de jerarquia(clickDerecho)")): Object: 'Object Repository/WIZARD/1Modelo De Negocio/0ArbolDeJerarquia/span_arbol de jerarquia(clickDerecho)' is right clicked on

2024-03-11 09:53:00 - [MESSAGE][PASSED] - Object: 'Object Repository/WIZARD/1Modelo De Negocio/0ArbolDeJerarquia/span_arbol de jerarquia(clickDerecho)' is right clicked on

2024-03-11 09:53:00 - [TEST_STEP][PASSED] - click(findTestObject("WIZARD/1Modelo De Negocio/0ArbolDeJerarquia/span_Agregar Elementos")): Object: 'Object Repository/WIZARD/1Modelo De Negocio/0ArbolDeJerarquia/span_Agregar Elementos' is clicked on

2024-03-11 09:53:01 - [MESSAGE][PASSED] - Object: 'Object Repository/WIZARD/1Modelo De Negocio/0ArbolDeJerarquia/span_Agregar Elementos' is clicked on

2024-03-11 09:53:01 - [TEST_STEP][PASSED] - delay(3): Delayed 3 second(s)

2024-03-11 09:53:04 - [MESSAGE][PASSED] - Delayed 3 second(s)

2024-03-11 09:53:04 - [TEST_STEP][PASSED] - click(findTestObject("WIZARD/1Modelo De Negocio/0ArbolDeJerarquia/span Agregar Elementos/label_Area General")): Object: 'Object Repository/WIZARD/1Modelo De Negocio/0ArbolDeJerarquia/span Agregar Elementos/label_Area General' is clicked on

2024-03-11 09:53:04 - [MESSAGE][PASSED] - Object: 'Object Repository/WIZARD/1Modelo De Negocio/0ArbolDeJerarquia/span Agregar Elementos/label_Area General' is clicked on

2024-03-11 09:53:04 - [TEST_STEP][PASSED] - click(findTestObject("WIZARD/1Modelo De Negocio/0ArbolDeJerarquia/span Agregar Elementos/btn_Agregar")): Object: 'Object Repository/WIZARD/1Modelo De Negocio/0ArbolDeJerarquia/span Agregar Elementos/btn_Agregar' is clicked on

2024-03-11 09:53:05 - [MESSAGE][PASSED] - Object: 'Object Repository/WIZARD/1Modelo De Negocio/0ArbolDeJerarquia/span Agregar Elementos/btn_Agregar' is clicked on

2024-03-11 09:53:05 - [TEST_STEP][PASSED] - delay(3): Delayed 3 second(s)

2024-03-11 09:53:08 - [MESSAGE][PASSED] - Delayed 3 second(s)

2024-03-11 09:53:08 - [TEST_STEP][PASSED] - takeFullPageScreenshot(): Taking screenshot successfully

2024-03-11 09:53:08 - [MESSAGE][INFO] - 0 hidden object(s)

2024-03-11 09:53:08 - [MESSAGE][PASSED] - Taking screenshot successfully
[[ATTACHMENT|C:\\CIEL INGENIERIA\\Katalon\\Digiturno55\\Reports\\20240311_093955\\WIZARD\\1Modelo De Negocio\\3.1 Agregar al arbol Area\\20240311_094006\\1710168788076.png]]

2024-03-11 09:53:08 - [TEST_STEP][PASSED] - delay(3): Delayed 3 second(s)

2024-03-11 09:53:11 - [MESSAGE][PASSED] - Delayed 3 second(s)

2024-03-11 09:53:11 - [TEST_STEP][PASSED] - Start listener action : sampleAfterTestCase: null]]></system-out>
         <system-err><![CDATA[]]></system-err>
      </testcase>
      <system-out><![CDATA[2024-03-11 09:52:44 - [TEST_SUITE][PASSED] - 3.1 Agregar al arbol Area: Test Cases/WIZARD/1Modelo De Negocio/3.1 Agregar al arbol Area]]></system-out>
      <system-err><![CDATA[]]></system-err>
   </testsuite>
</testsuites>
