<?xml version="1.0" encoding="UTF-8"?>
<testsuites name="8 Buscar Turno" time="62.091" tests="1" failures="0" errors="0">
   <testsuite name="8 Buscar Turno" tests="1" failures="0" errors="0" time="62.091" skipped="0" timestamp="2024-04-08 08:38:34" hostname="jdavila - PCPruebas101.ciel.cielingenieria.com" id="Test Suites/DIGITURNO/OPERACION BASICA TERMINAL/8 Buscar Turno">
      <properties>
         <property name="deviceName" value=""/>
         <property name="devicePlatform" value=""/>
         <property name="logFolder" value="C:\\CIEL INGENIERIA\\Katalon\\Digiturno55\\Reports\\20240408_083829\\DIGITURNO\\OPERACION BASICA TERMINAL\\8 Buscar Turno\\20240408_083829"/>
         <property name="logFiles" value="C:\\CIEL INGENIERIA\\Katalon\\Digiturno55\\Reports\\20240408_083829\\DIGITURNO\\OPERACION BASICA TERMINAL\\8 Buscar Turno\\20240408_083829\\execution0.log"/>
         <property name="attachments" value="C:\\CIEL INGENIERIA\\Katalon\\Digiturno55\\Reports\\20240408_083829\\DIGITURNO\\OPERACION BASICA TERMINAL\\8 Buscar Turno\\20240408_083829\\1712583528252.png, C:\\CIEL INGENIERIA\\Katalon\\Digiturno55\\Reports\\20240408_083829\\DIGITURNO\\OPERACION BASICA TERMINAL\\8 Buscar Turno\\20240408_083829\\1712583558945.png"/>
         <property name="hostName" value="jdavila - PCPruebas101.ciel.cielingenieria.com"/>
         <property name="os" value="Windows 10 64bit"/>
         <property name="katalonVersion" value="8.6.9.208"/>
         <property name="browser" value="Chrome 123.0.0.0"/>
         <property name="hostAddress" value="192.168.91.15"/>
         <property name="sessionId" value="35f0c272f6903a1ea57f0c48c4befd0b"/>
         <property name="seleniumVersion" value="3.141.59"/>
         <property name="proxyInformation" value="ProxyInformation { proxyOption=NO_PROXY, proxyServerType=HTTP, username=, password=********, proxyServerAddress=, proxyServerPort=0, executionList=&quot;&quot;, isApplyToDesiredCapabilities=true }"/>
         <property name="platform" value="Windows 10"/>
      </properties>
      <testcase name="Test Cases/DIGITURNO/OPERACION BASICA TERMINAL/8 Buscar Turno" time="61.808" classname="Test Cases/DIGITURNO/OPERACION BASICA TERMINAL/8 Buscar Turno" status="PASSED">
         <system-out><![CDATA[2024-04-08 08:38:35 - [TEST_CASE][PASSED] - Test Cases/DIGITURNO/OPERACION BASICA TERMINAL/8 Buscar Turno: Test Cases/DIGITURNO/OPERACION BASICA TERMINAL/8 Buscar Turno

2024-04-08 08:38:35 - [TEST_STEP][PASSED] - callTestCase(findTestCase("0InicioSesionOperacionBasica"), [:], STOP_ON_FAILURE): Call Test Case 'Test Cases/0InicioSesionOperacionBasica' successfully

2024-04-08 08:38:35 - [TEST_CASE][PASSED] - Test Cases/0InicioSesionOperacionBasica: Test Cases/0InicioSesionOperacionBasica

2024-04-08 08:38:36 - [TEST_STEP][PASSED] - openBrowser(UrlDigiturno): Browser is opened with url: 'https://PCPruebas101.ciel.cielingenieria.com:8910'

2024-04-08 08:38:36 - [MESSAGE][INFO] - Starting 'Chrome' driver

2024-04-08 08:38:36 - [MESSAGE][INFO] - User set preference: ['args', '[--use-fake-ui-for-media-stream, --disable-notifications]']

2024-04-08 08:38:36 - [MESSAGE][INFO] - Action delay is set to 0 milliseconds

2024-04-08 08:38:40 - [MESSAGE][PASSED] - Browser is opened with url: 'https://PCPruebas101.ciel.cielingenieria.com:8910'

2024-04-08 08:38:40 - [TEST_STEP][PASSED] - maximizeWindow(): Current window maximized

2024-04-08 08:38:40 - [MESSAGE][PASSED] - Current window maximized

2024-04-08 08:38:40 - [TEST_STEP][PASSED] - delay(3): Delayed 3 second(s)

2024-04-08 08:38:43 - [MESSAGE][PASSED] - Delayed 3 second(s)

2024-04-08 08:38:43 - [TEST_STEP][PASSED] - setText(findTestObject("0Inicio Sesion/input_Usuario"), "Ciel"): Text 'Ciel' is set on object 'Object Repository/0Inicio Sesion/input_Usuario'

2024-04-08 08:38:44 - [MESSAGE][PASSED] - Text 'Ciel' is set on object 'Object Repository/0Inicio Sesion/input_Usuario'

2024-04-08 08:38:44 - [TEST_STEP][PASSED] - setText(findTestObject("0Inicio Sesion/input_Clave"), "digiturno"): Text 'digiturno' is set on object 'Object Repository/0Inicio Sesion/input_Clave'

2024-04-08 08:38:44 - [MESSAGE][PASSED] - Text 'digiturno' is set on object 'Object Repository/0Inicio Sesion/input_Clave'

2024-04-08 08:38:44 - [TEST_STEP][PASSED] - click(findTestObject("0Inicio Sesion/btn_IniciarSesion")): Object: 'Object Repository/0Inicio Sesion/btn_IniciarSesion' is clicked on

2024-04-08 08:38:45 - [MESSAGE][PASSED] - Object: 'Object Repository/0Inicio Sesion/btn_IniciarSesion' is clicked on

2024-04-08 08:38:45 - [TEST_STEP][PASSED] - delay(3): Delayed 3 second(s)

2024-04-08 08:38:48 - [MESSAGE][PASSED] - Delayed 3 second(s)

2024-04-08 08:38:48 - [TEST_STEP][PASSED] - takeFullPageScreenshot(): Taking screenshot successfully

2024-04-08 08:38:48 - [MESSAGE][INFO] - 0 hidden object(s)

2024-04-08 08:38:48 - [MESSAGE][PASSED] - Taking screenshot successfully
[[ATTACHMENT|C:\\CIEL INGENIERIA\\Katalon\\Digiturno55\\Reports\\20240408_083829\\DIGITURNO\\OPERACION BASICA TERMINAL\\8 Buscar Turno\\20240408_083829\\1712583528252.png]]

2024-04-08 08:38:48 - [TEST_STEP][PASSED] - delay(3): Delayed 3 second(s)

2024-04-08 08:38:51 - [MESSAGE][PASSED] - Delayed 3 second(s)

2024-04-08 08:38:51 - [MESSAGE][PASSED] - Call Test Case 'Test Cases/0InicioSesionOperacionBasica' successfully

2024-04-08 08:38:51 - [TEST_STEP][PASSED] - click(findTestObject("DIGITURNO/1Principal/img_Operacion(1)")): Object: 'Object Repository/DIGITURNO/1Principal/img_Operacion(1)' is clicked on

2024-04-08 08:38:52 - [MESSAGE][PASSED] - Object: 'Object Repository/DIGITURNO/1Principal/img_Operacion(1)' is clicked on

2024-04-08 08:38:52 - [TEST_STEP][PASSED] - delay(3): Delayed 3 second(s)

2024-04-08 08:38:55 - [MESSAGE][PASSED] - Delayed 3 second(s)

2024-04-08 08:38:55 - [TEST_STEP][PASSED] - click(findTestObject("DIGITURNO/OPERACION/0Principal/Elementos del Sistema/img_Terminales")): Object: 'Object Repository/DIGITURNO/OPERACION/0Principal/Elementos del Sistema/img_Terminales' is clicked on

2024-04-08 08:38:56 - [MESSAGE][PASSED] - Object: 'Object Repository/DIGITURNO/OPERACION/0Principal/Elementos del Sistema/img_Terminales' is clicked on

2024-04-08 08:38:56 - [TEST_STEP][PASSED] - delay(3): Delayed 3 second(s)

2024-04-08 08:38:59 - [MESSAGE][PASSED] - Delayed 3 second(s)

2024-04-08 08:38:59 - [TEST_STEP][PASSED] - click(findTestObject("DIGITURNO/OPERACION/2Terminales/0Oficinas/td_1Bogota - CIEL")): Object: 'Object Repository/DIGITURNO/OPERACION/2Terminales/0Oficinas/td_1Bogota - CIEL' is clicked on

2024-04-08 08:38:59 - [MESSAGE][PASSED] - Object: 'Object Repository/DIGITURNO/OPERACION/2Terminales/0Oficinas/td_1Bogota - CIEL' is clicked on

2024-04-08 08:38:59 - [TEST_STEP][PASSED] - delay(3): Delayed 3 second(s)

2024-04-08 08:39:02 - [MESSAGE][PASSED] - Delayed 3 second(s)

2024-04-08 08:39:02 - [TEST_STEP][PASSED] - click(findTestObject("DIGITURNO/OPERACION/2Terminales/0Terminales (Menos WorkFlow)/td_1 - Terminal - Informacion")): Object: 'Object Repository/DIGITURNO/OPERACION/2Terminales/0Terminales (Menos WorkFlow)/td_1 - Terminal - Informacion' is clicked on

2024-04-08 08:39:03 - [MESSAGE][PASSED] - Object: 'Object Repository/DIGITURNO/OPERACION/2Terminales/0Terminales (Menos WorkFlow)/td_1 - Terminal - Informacion' is clicked on

2024-04-08 08:39:03 - [TEST_STEP][PASSED] - delay(3): Delayed 3 second(s)

2024-04-08 08:39:06 - [MESSAGE][PASSED] - Delayed 3 second(s)

2024-04-08 08:39:06 - [TEST_STEP][PASSED] - switchToWindowIndex(1): Switched to window with index: '1'

2024-04-08 08:39:06 - [MESSAGE][PASSED] - Switched to window with index: '1'

2024-04-08 08:39:06 - [TEST_STEP][PASSED] - delay(3): Delayed 3 second(s)

2024-04-08 08:39:09 - [MESSAGE][PASSED] - Delayed 3 second(s)

2024-04-08 08:39:09 - [TEST_STEP][PASSED] - click(findTestObject("DIGITURNO/OPERACION/2Terminales/Terminal/img_Buscar")): Object: 'Object Repository/DIGITURNO/OPERACION/2Terminales/Terminal/img_Buscar' is clicked on

2024-04-08 08:39:09 - [MESSAGE][PASSED] - Object: 'Object Repository/DIGITURNO/OPERACION/2Terminales/Terminal/img_Buscar' is clicked on

2024-04-08 08:39:09 - [TEST_STEP][PASSED] - delay(3): Delayed 3 second(s)

2024-04-08 08:39:12 - [MESSAGE][PASSED] - Delayed 3 second(s)

2024-04-08 08:39:12 - [TEST_STEP][PASSED] - setText(findTestObject("DIGITURNO/OPERACION/2Terminales/Terminal/img_Buscar Turno(1)/input_Buscar turno"), "WIZ012"): Text 'WIZ012' is set on object 'Object Repository/DIGITURNO/OPERACION/2Terminales/Terminal/img_Buscar Turno(1)/input_Buscar turno'

2024-04-08 08:39:15 - [MESSAGE][PASSED] - Text 'WIZ012' is set on object 'Object Repository/DIGITURNO/OPERACION/2Terminales/Terminal/img_Buscar Turno(1)/input_Buscar turno'

2024-04-08 08:39:15 - [TEST_STEP][PASSED] - delay(3): Delayed 3 second(s)

2024-04-08 08:39:18 - [MESSAGE][PASSED] - Delayed 3 second(s)

2024-04-08 08:39:18 - [TEST_STEP][PASSED] - click(findTestObject("DIGITURNO/OPERACION/2Terminales/Terminal/img_Buscar Turno(1)/btn_BuscarTurno")): Object: 'Object Repository/DIGITURNO/OPERACION/2Terminales/Terminal/img_Buscar Turno(1)/btn_BuscarTurno' is clicked on

2024-04-08 08:39:18 - [MESSAGE][PASSED] - Object: 'Object Repository/DIGITURNO/OPERACION/2Terminales/Terminal/img_Buscar Turno(1)/btn_BuscarTurno' is clicked on

2024-04-08 08:39:18 - [TEST_STEP][PASSED] - takeFullPageScreenshot(): Taking screenshot successfully

2024-04-08 08:39:19 - [MESSAGE][INFO] - 0 hidden object(s)

2024-04-08 08:39:19 - [MESSAGE][PASSED] - Taking screenshot successfully
[[ATTACHMENT|C:\\CIEL INGENIERIA\\Katalon\\Digiturno55\\Reports\\20240408_083829\\DIGITURNO\\OPERACION BASICA TERMINAL\\8 Buscar Turno\\20240408_083829\\1712583558945.png]]

2024-04-08 08:39:19 - [TEST_STEP][PASSED] - delay(2): Delayed 2 second(s)

2024-04-08 08:39:21 - [MESSAGE][PASSED] - Delayed 2 second(s)

2024-04-08 08:39:21 - [TEST_STEP][PASSED] - click(findTestObject("DIGITURNO/OPERACION/2Terminales/Terminal/img_Buscar Turno(1)/btn_Llamar")): Object: 'Object Repository/DIGITURNO/OPERACION/2Terminales/Terminal/img_Buscar Turno(1)/btn_Llamar' is clicked on

2024-04-08 08:39:21 - [MESSAGE][PASSED] - Object: 'Object Repository/DIGITURNO/OPERACION/2Terminales/Terminal/img_Buscar Turno(1)/btn_Llamar' is clicked on

2024-04-08 08:39:21 - [TEST_STEP][PASSED] - delay(3): Delayed 3 second(s)

2024-04-08 08:39:24 - [MESSAGE][PASSED] - Delayed 3 second(s)

2024-04-08 08:39:24 - [TEST_STEP][PASSED] - click(findTestObject("DIGITURNO/OPERACION/2Terminales/Terminal/img_Distraer")): Object: 'Object Repository/DIGITURNO/OPERACION/2Terminales/Terminal/img_Distraer' is clicked on

2024-04-08 08:39:26 - [MESSAGE][PASSED] - Object: 'Object Repository/DIGITURNO/OPERACION/2Terminales/Terminal/img_Distraer' is clicked on

2024-04-08 08:39:26 - [TEST_STEP][PASSED] - delay(3): Delayed 3 second(s)

2024-04-08 08:39:29 - [MESSAGE][PASSED] - Delayed 3 second(s)

2024-04-08 08:39:29 - [TEST_STEP][PASSED] - click(findTestObject("DIGITURNO/OPERACION/2Terminales/Terminal/img_Cerrar")): Object: 'Object Repository/DIGITURNO/OPERACION/2Terminales/Terminal/img_Cerrar' is clicked on

2024-04-08 08:39:30 - [MESSAGE][PASSED] - Object: 'Object Repository/DIGITURNO/OPERACION/2Terminales/Terminal/img_Cerrar' is clicked on

2024-04-08 08:39:30 - [TEST_STEP][PASSED] - delay(3): Delayed 3 second(s)

2024-04-08 08:39:33 - [MESSAGE][PASSED] - Delayed 3 second(s)

2024-04-08 08:39:33 - [TEST_STEP][PASSED] - click(findTestObject("DIGITURNO/OPERACION/2Terminales/Terminal/img_Cerrar(1)/btn_4FindeJornada_8")): Object: 'Object Repository/DIGITURNO/OPERACION/2Terminales/Terminal/img_Cerrar(1)/btn_4FindeJornada_8' is clicked on

2024-04-08 08:39:34 - [MESSAGE][PASSED] - Object: 'Object Repository/DIGITURNO/OPERACION/2Terminales/Terminal/img_Cerrar(1)/btn_4FindeJornada_8' is clicked on

2024-04-08 08:39:34 - [TEST_STEP][PASSED] - delay(3): Delayed 3 second(s)

2024-04-08 08:39:37 - [MESSAGE][PASSED] - Delayed 3 second(s)

2024-04-08 08:39:37 - [TEST_STEP][PASSED] - Start listener action : sampleAfterTestCase: null]]></system-out>
         <system-err><![CDATA[]]></system-err>
      </testcase>
      <system-out><![CDATA[2024-04-08 08:38:34 - [TEST_SUITE][PASSED] - 8 Buscar Turno: Test Cases/DIGITURNO/OPERACION BASICA TERMINAL/8 Buscar Turno]]></system-out>
      <system-err><![CDATA[]]></system-err>
   </testsuite>
</testsuites>
