<?xml version="1.0" encoding="UTF-8"?>
<testsuites name="5.5 Crear Terminales Cali" time="86.258" tests="1" failures="0" errors="0">
   <testsuite name="5.5 Crear Terminales Cali" tests="1" failures="0" errors="0" time="86.258" skipped="0" timestamp="2023-08-14 11:25:18" hostname="jdavila - PCPruebas101.ciel.cielingenieria.com" id="Test Suites/WIZARD/3Infraestructura/5Terminales/5.5 Crear Terminales Cali">
      <properties>
         <property name="deviceName" value=""/>
         <property name="devicePlatform" value=""/>
         <property name="logFolder" value="C:\\CIEL INGENIERIA\\Katalon\\Digiturno55\\Reports\\20230814_104251\\WIZARD\\3Infraestructura\\5Terminales\\5.5 Crear Terminales Cali\\20230814_104352"/>
         <property name="logFiles" value="C:\\CIEL INGENIERIA\\Katalon\\Digiturno55\\Reports\\20230814_104251\\WIZARD\\3Infraestructura\\5Terminales\\5.5 Crear Terminales Cali\\20230814_104352\\execution0.log"/>
         <property name="attachments" value="C:\\CIEL INGENIERIA\\Katalon\\Digiturno55\\Reports\\20230814_104251\\WIZARD\\3Infraestructura\\5Terminales\\5.5 Crear Terminales Cali\\20230814_104352\\1692030400639.png"/>
         <property name="hostName" value="jdavila - PCPruebas101.ciel.cielingenieria.com"/>
         <property name="os" value="Windows 10 64bit"/>
         <property name="katalonVersion" value="8.6.0.208"/>
         <property name="browser" value="Chrome 115.0.0.0"/>
         <property name="hostAddress" value="192.168.0.33"/>
         <property name="sessionId" value="02e2a80be61dd72876b40c26f529b13c"/>
         <property name="seleniumVersion" value="3.141.59"/>
         <property name="proxyInformation" value="ProxyInformation { proxyOption=NO_PROXY, proxyServerType=HTTP, username=, password=********, proxyServerAddress=, proxyServerPort=0, executionList=&quot;&quot;, isApplyToDesiredCapabilities=true }"/>
         <property name="platform" value="Windows 10"/>
      </properties>
      <testcase name="Test Cases/WIZARD/3Infraestructura/5Terminales/5.5 Crear Terminales Cali" time="86.016" classname="Test Cases/WIZARD/3Infraestructura/5Terminales/5.5 Crear Terminales Cali" status="PASSED">
         <system-out><![CDATA[2023-08-14 11:25:18 - [TEST_CASE][PASSED] - Test Cases/WIZARD/3Infraestructura/5Terminales/5.5 Crear Terminales Cali: Test Cases/WIZARD/3Infraestructura/5Terminales/5.5 Crear Terminales Cali

2023-08-14 11:25:18 - [TEST_STEP][PASSED] - callTestCase(findTestCase("0InicioSesion"), [:], STOP_ON_FAILURE): Call Test Case 'Test Cases/0InicioSesion' successfully

2023-08-14 11:25:18 - [TEST_CASE][PASSED] - Test Cases/0InicioSesion: Test Cases/0InicioSesion

2023-08-14 11:25:19 - [TEST_STEP][PASSED] - openBrowser(UrlDigiturno): Browser is opened with url: 'https://PCPruebas101.ciel.cielingenieria.com:8610'

2023-08-14 11:25:19 - [MESSAGE][INFO] - Starting 'Chrome' driver

2023-08-14 11:25:19 - [MESSAGE][INFO] - User set preference: ['args', '[--use-fake-ui-for-media-stream, --disable-notifications]']

2023-08-14 11:25:19 - [MESSAGE][INFO] - Action delay is set to 0 milliseconds

2023-08-14 11:25:21 - [MESSAGE][PASSED] - Browser is opened with url: 'https://PCPruebas101.ciel.cielingenieria.com:8610'

2023-08-14 11:25:21 - [TEST_STEP][PASSED] - maximizeWindow(): Current window maximized

2023-08-14 11:25:22 - [MESSAGE][PASSED] - Current window maximized

2023-08-14 11:25:22 - [TEST_STEP][PASSED] - delay(3): Delayed 3 second(s)

2023-08-14 11:25:25 - [MESSAGE][PASSED] - Delayed 3 second(s)

2023-08-14 11:25:25 - [TEST_STEP][PASSED] - setText(findTestObject("0Inicio Sesion/input_Usuario"), "Ciel"): Text 'Ciel' is set on object 'Object Repository/0Inicio Sesion/input_Usuario'

2023-08-14 11:25:25 - [MESSAGE][PASSED] - Text 'Ciel' is set on object 'Object Repository/0Inicio Sesion/input_Usuario'

2023-08-14 11:25:25 - [TEST_STEP][PASSED] - setText(findTestObject("0Inicio Sesion/input_Clave"), "digiturno"): Text 'digiturno' is set on object 'Object Repository/0Inicio Sesion/input_Clave'

2023-08-14 11:25:26 - [MESSAGE][PASSED] - Text 'digiturno' is set on object 'Object Repository/0Inicio Sesion/input_Clave'

2023-08-14 11:25:26 - [TEST_STEP][PASSED] - click(findTestObject("0Inicio Sesion/btn_IniciarSesion")): Object: 'Object Repository/0Inicio Sesion/btn_IniciarSesion' is clicked on

2023-08-14 11:25:27 - [MESSAGE][PASSED] - Object: 'Object Repository/0Inicio Sesion/btn_IniciarSesion' is clicked on

2023-08-14 11:25:27 - [TEST_STEP][PASSED] - delay(3): Delayed 3 second(s)

2023-08-14 11:25:30 - [MESSAGE][PASSED] - Delayed 3 second(s)

2023-08-14 11:25:30 - [MESSAGE][PASSED] - Call Test Case 'Test Cases/0InicioSesion' successfully

2023-08-14 11:25:30 - [TEST_STEP][PASSED] - click(findTestObject("WIZARD/0Principal/img_InfraestructuraMAX")): Object: 'Object Repository/WIZARD/0Principal/img_InfraestructuraMAX' is clicked on

2023-08-14 11:25:31 - [MESSAGE][PASSED] - Object: 'Object Repository/WIZARD/0Principal/img_InfraestructuraMAX' is clicked on

2023-08-14 11:25:31 - [TEST_STEP][PASSED] - delay(3): Delayed 3 second(s)

2023-08-14 11:25:34 - [MESSAGE][PASSED] - Delayed 3 second(s)

2023-08-14 11:25:34 - [TEST_STEP][PASSED] - click(findTestObject("WIZARD/3Infraestructura/0Menu/span_Terminales")): Object: 'Object Repository/WIZARD/3Infraestructura/0Menu/span_Terminales' is clicked on

2023-08-14 11:25:34 - [MESSAGE][PASSED] - Object: 'Object Repository/WIZARD/3Infraestructura/0Menu/span_Terminales' is clicked on

2023-08-14 11:25:34 - [TEST_STEP][PASSED] - delay(3): Delayed 3 second(s)

2023-08-14 11:25:37 - [MESSAGE][PASSED] - Delayed 3 second(s)

2023-08-14 11:25:37 - [TEST_STEP][PASSED] - click(findTestObject("WIZARD/3Infraestructura/5Terminales/0OficinasModal/td_2Cali - Chipichape")): Object: 'Object Repository/WIZARD/3Infraestructura/5Terminales/0OficinasModal/td_2Cali - Chipichape' is clicked on

2023-08-14 11:25:38 - [MESSAGE][PASSED] - Object: 'Object Repository/WIZARD/3Infraestructura/5Terminales/0OficinasModal/td_2Cali - Chipichape' is clicked on

2023-08-14 11:25:38 - [TEST_STEP][PASSED] - delay(3): Delayed 3 second(s)

2023-08-14 11:25:41 - [MESSAGE][PASSED] - Delayed 3 second(s)

2023-08-14 11:25:41 - [TEST_STEP][PASSED] - click(findTestObject("WIZARD/3Infraestructura/5Terminales/Edicion/btn_SeleccionarGrupo")): Object: 'Object Repository/WIZARD/3Infraestructura/5Terminales/Edicion/btn_SeleccionarGrupo' is clicked on

2023-08-14 11:25:41 - [MESSAGE][PASSED] - Object: 'Object Repository/WIZARD/3Infraestructura/5Terminales/Edicion/btn_SeleccionarGrupo' is clicked on

2023-08-14 11:25:41 - [TEST_STEP][PASSED] - delay(3): Delayed 3 second(s)

2023-08-14 11:25:44 - [MESSAGE][PASSED] - Delayed 3 second(s)

2023-08-14 11:25:44 - [TEST_STEP][PASSED] - click(findTestObject("WIZARD/3Infraestructura/5Terminales/Edicion/btn_Seleccionar Grupo(1)/a_Grupo General")): Object: 'Object Repository/WIZARD/3Infraestructura/5Terminales/Edicion/btn_Seleccionar Grupo(1)/a_Grupo General' is clicked on

2023-08-14 11:25:45 - [MESSAGE][PASSED] - Object: 'Object Repository/WIZARD/3Infraestructura/5Terminales/Edicion/btn_Seleccionar Grupo(1)/a_Grupo General' is clicked on

2023-08-14 11:25:45 - [TEST_STEP][PASSED] - scrollToElement(findTestObject("WIZARD/3Infraestructura/5Terminales/Edicion/input_Nombre"), 2): Scroll to object 'Object Repository/WIZARD/3Infraestructura/5Terminales/Edicion/input_Nombre' successfully

2023-08-14 11:25:46 - [MESSAGE][PASSED] - Scroll to object 'Object Repository/WIZARD/3Infraestructura/5Terminales/Edicion/input_Nombre' successfully

2023-08-14 11:25:46 - [TEST_STEP][PASSED] - setText(findTestObject("WIZARD/3Infraestructura/5Terminales/Edicion/input_Nombre"), "A01"): Text 'A01' is set on object 'Object Repository/WIZARD/3Infraestructura/5Terminales/Edicion/input_Nombre'

2023-08-14 11:25:47 - [MESSAGE][PASSED] - Text 'A01' is set on object 'Object Repository/WIZARD/3Infraestructura/5Terminales/Edicion/input_Nombre'

2023-08-14 11:25:47 - [TEST_STEP][PASSED] - setText(findTestObject("WIZARD/3Infraestructura/5Terminales/Edicion/textarea_Descripcion"), "Cali - Terminal - Informacion"): Text 'Cali - Terminal - Informacion' is set on object 'Object Repository/WIZARD/3Infraestructura/5Terminales/Edicion/textarea_Descripcion'

2023-08-14 11:25:47 - [MESSAGE][PASSED] - Text 'Cali - Terminal - Informacion' is set on object 'Object Repository/WIZARD/3Infraestructura/5Terminales/Edicion/textarea_Descripcion'

2023-08-14 11:25:47 - [TEST_STEP][PASSED] - scrollToElement(findTestObject("WIZARD/3Infraestructura/5Terminales/Edicion/Label/label_Mostrar ventana emergente"), 2): Scroll to object 'Object Repository/WIZARD/3Infraestructura/5Terminales/Edicion/Label/label_Mostrar ventana emergente' successfully

2023-08-14 11:25:48 - [MESSAGE][PASSED] - Scroll to object 'Object Repository/WIZARD/3Infraestructura/5Terminales/Edicion/Label/label_Mostrar ventana emergente' successfully

2023-08-14 11:25:48 - [TEST_STEP][PASSED] - check(findTestObject("WIZARD/3Infraestructura/5Terminales/Edicion/Label/label_Mostrar ventana emergente")): Object 'Object Repository/WIZARD/3Infraestructura/5Terminales/Edicion/Label/label_Mostrar ventana emergente' is checked

2023-08-14 11:25:48 - [MESSAGE][PASSED] - Object 'Object Repository/WIZARD/3Infraestructura/5Terminales/Edicion/Label/label_Mostrar ventana emergente' is checked

2023-08-14 11:25:48 - [TEST_STEP][PASSED] - scrollToPosition(0, 0): Browser is scrolled to position x = 0, y = 0

2023-08-14 11:25:48 - [MESSAGE][PASSED] - Browser is scrolled to position x = 0, y = 0

2023-08-14 11:25:48 - [TEST_STEP][PASSED] - delay(2): Delayed 2 second(s)

2023-08-14 11:25:50 - [MESSAGE][PASSED] - Delayed 2 second(s)

2023-08-14 11:25:50 - [TEST_STEP][PASSED] - click(findTestObject("WIZARD/3Infraestructura/5Terminales/Edicion/img_Nuevo")): Object: 'Object Repository/WIZARD/3Infraestructura/5Terminales/Edicion/img_Nuevo' is clicked on

2023-08-14 11:25:51 - [MESSAGE][PASSED] - Object: 'Object Repository/WIZARD/3Infraestructura/5Terminales/Edicion/img_Nuevo' is clicked on

2023-08-14 11:25:51 - [TEST_STEP][PASSED] - delay(3): Delayed 3 second(s)

2023-08-14 11:25:54 - [MESSAGE][PASSED] - Delayed 3 second(s)

2023-08-14 11:25:54 - [TEST_STEP][PASSED] - click(findTestObject("WIZARD/3Infraestructura/0Menu/span_Terminales")): Object: 'Object Repository/WIZARD/3Infraestructura/0Menu/span_Terminales' is clicked on

2023-08-14 11:25:54 - [MESSAGE][PASSED] - Object: 'Object Repository/WIZARD/3Infraestructura/0Menu/span_Terminales' is clicked on

2023-08-14 11:25:54 - [TEST_STEP][PASSED] - delay(3): Delayed 3 second(s)

2023-08-14 11:25:57 - [MESSAGE][PASSED] - Delayed 3 second(s)

2023-08-14 11:25:57 - [TEST_STEP][PASSED] - click(findTestObject("WIZARD/3Infraestructura/5Terminales/0OficinasModal/td_2Cali - Chipichape")): Object: 'Object Repository/WIZARD/3Infraestructura/5Terminales/0OficinasModal/td_2Cali - Chipichape' is clicked on

2023-08-14 11:25:58 - [MESSAGE][PASSED] - Object: 'Object Repository/WIZARD/3Infraestructura/5Terminales/0OficinasModal/td_2Cali - Chipichape' is clicked on

2023-08-14 11:25:58 - [TEST_STEP][PASSED] - delay(3): Delayed 3 second(s)

2023-08-14 11:26:01 - [MESSAGE][PASSED] - Delayed 3 second(s)

2023-08-14 11:26:01 - [TEST_STEP][PASSED] - click(findTestObject("WIZARD/3Infraestructura/5Terminales/Edicion/btn_SeleccionarGrupo")): Object: 'Object Repository/WIZARD/3Infraestructura/5Terminales/Edicion/btn_SeleccionarGrupo' is clicked on

2023-08-14 11:26:01 - [MESSAGE][PASSED] - Object: 'Object Repository/WIZARD/3Infraestructura/5Terminales/Edicion/btn_SeleccionarGrupo' is clicked on

2023-08-14 11:26:01 - [TEST_STEP][PASSED] - delay(3): Delayed 3 second(s)

2023-08-14 11:26:04 - [MESSAGE][PASSED] - Delayed 3 second(s)

2023-08-14 11:26:04 - [TEST_STEP][PASSED] - click(findTestObject("WIZARD/3Infraestructura/5Terminales/Edicion/btn_Seleccionar Grupo(1)/a_Grupo PQRS")): Object: 'Object Repository/WIZARD/3Infraestructura/5Terminales/Edicion/btn_Seleccionar Grupo(1)/a_Grupo PQRS' is clicked on

2023-08-14 11:26:05 - [MESSAGE][PASSED] - Object: 'Object Repository/WIZARD/3Infraestructura/5Terminales/Edicion/btn_Seleccionar Grupo(1)/a_Grupo PQRS' is clicked on

2023-08-14 11:26:05 - [TEST_STEP][PASSED] - delay(3): Delayed 3 second(s)

2023-08-14 11:26:08 - [MESSAGE][PASSED] - Delayed 3 second(s)

2023-08-14 11:26:08 - [TEST_STEP][PASSED] - scrollToElement(findTestObject("WIZARD/3Infraestructura/5Terminales/Edicion/input_Nombre"), 2): Scroll to object 'Object Repository/WIZARD/3Infraestructura/5Terminales/Edicion/input_Nombre' successfully

2023-08-14 11:26:08 - [MESSAGE][PASSED] - Scroll to object 'Object Repository/WIZARD/3Infraestructura/5Terminales/Edicion/input_Nombre' successfully

2023-08-14 11:26:08 - [TEST_STEP][PASSED] - setText(findTestObject("WIZARD/3Infraestructura/5Terminales/Edicion/input_Nombre"), "A02"): Text 'A02' is set on object 'Object Repository/WIZARD/3Infraestructura/5Terminales/Edicion/input_Nombre'

2023-08-14 11:26:09 - [MESSAGE][PASSED] - Text 'A02' is set on object 'Object Repository/WIZARD/3Infraestructura/5Terminales/Edicion/input_Nombre'

2023-08-14 11:26:09 - [TEST_STEP][PASSED] - setText(findTestObject("WIZARD/3Infraestructura/5Terminales/Edicion/textarea_Descripcion"), "Cali - Terminal - PQRS"): Text 'Cali - Terminal - PQRS' is set on object 'Object Repository/WIZARD/3Infraestructura/5Terminales/Edicion/textarea_Descripcion'

2023-08-14 11:26:10 - [MESSAGE][PASSED] - Text 'Cali - Terminal - PQRS' is set on object 'Object Repository/WIZARD/3Infraestructura/5Terminales/Edicion/textarea_Descripcion'

2023-08-14 11:26:10 - [TEST_STEP][PASSED] - scrollToElement(findTestObject("WIZARD/3Infraestructura/5Terminales/Edicion/Label/label_Mostrar ventana emergente"), 2): Scroll to object 'Object Repository/WIZARD/3Infraestructura/5Terminales/Edicion/Label/label_Mostrar ventana emergente' successfully

2023-08-14 11:26:10 - [MESSAGE][PASSED] - Scroll to object 'Object Repository/WIZARD/3Infraestructura/5Terminales/Edicion/Label/label_Mostrar ventana emergente' successfully

2023-08-14 11:26:10 - [TEST_STEP][PASSED] - setText(findTestObject("WIZARD/3Infraestructura/5Terminales/Edicion/input_Direccion en sala"), "2"): Text '2' is set on object 'Object Repository/WIZARD/3Infraestructura/5Terminales/Edicion/input_Direccion en sala'

2023-08-14 11:26:11 - [MESSAGE][PASSED] - Text '2' is set on object 'Object Repository/WIZARD/3Infraestructura/5Terminales/Edicion/input_Direccion en sala'

2023-08-14 11:26:11 - [TEST_STEP][PASSED] - check(findTestObject("WIZARD/3Infraestructura/5Terminales/Edicion/Label/label_Mostrar ventana emergente")): Object 'Object Repository/WIZARD/3Infraestructura/5Terminales/Edicion/Label/label_Mostrar ventana emergente' is checked

2023-08-14 11:26:11 - [MESSAGE][PASSED] - Object 'Object Repository/WIZARD/3Infraestructura/5Terminales/Edicion/Label/label_Mostrar ventana emergente' is checked

2023-08-14 11:26:11 - [TEST_STEP][PASSED] - scrollToPosition(0, 0): Browser is scrolled to position x = 0, y = 0

2023-08-14 11:26:11 - [MESSAGE][PASSED] - Browser is scrolled to position x = 0, y = 0

2023-08-14 11:26:11 - [TEST_STEP][PASSED] - delay(2): Delayed 2 second(s)

2023-08-14 11:26:13 - [MESSAGE][PASSED] - Delayed 2 second(s)

2023-08-14 11:26:13 - [TEST_STEP][PASSED] - click(findTestObject("WIZARD/3Infraestructura/5Terminales/Edicion/img_Nuevo")): Object: 'Object Repository/WIZARD/3Infraestructura/5Terminales/Edicion/img_Nuevo' is clicked on

2023-08-14 11:26:14 - [MESSAGE][PASSED] - Object: 'Object Repository/WIZARD/3Infraestructura/5Terminales/Edicion/img_Nuevo' is clicked on

2023-08-14 11:26:14 - [TEST_STEP][PASSED] - delay(3): Delayed 3 second(s)

2023-08-14 11:26:17 - [MESSAGE][PASSED] - Delayed 3 second(s)

2023-08-14 11:26:17 - [TEST_STEP][PASSED] - click(findTestObject("WIZARD/3Infraestructura/0Menu/span_Terminales")): Object: 'Object Repository/WIZARD/3Infraestructura/0Menu/span_Terminales' is clicked on

2023-08-14 11:26:18 - [MESSAGE][PASSED] - Object: 'Object Repository/WIZARD/3Infraestructura/0Menu/span_Terminales' is clicked on

2023-08-14 11:26:18 - [TEST_STEP][PASSED] - delay(3): Delayed 3 second(s)

2023-08-14 11:26:21 - [MESSAGE][PASSED] - Delayed 3 second(s)

2023-08-14 11:26:21 - [TEST_STEP][PASSED] - click(findTestObject("WIZARD/3Infraestructura/5Terminales/0OficinasModal/td_2Cali - Chipichape")): Object: 'Object Repository/WIZARD/3Infraestructura/5Terminales/0OficinasModal/td_2Cali - Chipichape' is clicked on

2023-08-14 11:26:21 - [MESSAGE][PASSED] - Object: 'Object Repository/WIZARD/3Infraestructura/5Terminales/0OficinasModal/td_2Cali - Chipichape' is clicked on

2023-08-14 11:26:21 - [TEST_STEP][PASSED] - delay(3): Delayed 3 second(s)

2023-08-14 11:26:24 - [MESSAGE][PASSED] - Delayed 3 second(s)

2023-08-14 11:26:24 - [TEST_STEP][PASSED] - click(findTestObject("WIZARD/3Infraestructura/5Terminales/Edicion/btn_SeleccionarGrupo")): Object: 'Object Repository/WIZARD/3Infraestructura/5Terminales/Edicion/btn_SeleccionarGrupo' is clicked on

2023-08-14 11:26:24 - [MESSAGE][PASSED] - Object: 'Object Repository/WIZARD/3Infraestructura/5Terminales/Edicion/btn_SeleccionarGrupo' is clicked on

2023-08-14 11:26:24 - [TEST_STEP][PASSED] - delay(3): Delayed 3 second(s)

2023-08-14 11:26:27 - [MESSAGE][PASSED] - Delayed 3 second(s)

2023-08-14 11:26:27 - [TEST_STEP][PASSED] - click(findTestObject("WIZARD/3Infraestructura/5Terminales/Edicion/btn_Seleccionar Grupo(1)/a_Grupo Radicaciones")): Object: 'Object Repository/WIZARD/3Infraestructura/5Terminales/Edicion/btn_Seleccionar Grupo(1)/a_Grupo Radicaciones' is clicked on

2023-08-14 11:26:28 - [MESSAGE][PASSED] - Object: 'Object Repository/WIZARD/3Infraestructura/5Terminales/Edicion/btn_Seleccionar Grupo(1)/a_Grupo Radicaciones' is clicked on

2023-08-14 11:26:28 - [TEST_STEP][PASSED] - delay(3): Delayed 3 second(s)

2023-08-14 11:26:31 - [MESSAGE][PASSED] - Delayed 3 second(s)

2023-08-14 11:26:31 - [TEST_STEP][PASSED] - scrollToElement(findTestObject("WIZARD/3Infraestructura/5Terminales/Edicion/input_Nombre"), 2): Scroll to object 'Object Repository/WIZARD/3Infraestructura/5Terminales/Edicion/input_Nombre' successfully

2023-08-14 11:26:31 - [MESSAGE][PASSED] - Scroll to object 'Object Repository/WIZARD/3Infraestructura/5Terminales/Edicion/input_Nombre' successfully

2023-08-14 11:26:31 - [TEST_STEP][PASSED] - setText(findTestObject("WIZARD/3Infraestructura/5Terminales/Edicion/input_Nombre"), "A03"): Text 'A03' is set on object 'Object Repository/WIZARD/3Infraestructura/5Terminales/Edicion/input_Nombre'

2023-08-14 11:26:32 - [MESSAGE][PASSED] - Text 'A03' is set on object 'Object Repository/WIZARD/3Infraestructura/5Terminales/Edicion/input_Nombre'

2023-08-14 11:26:32 - [TEST_STEP][PASSED] - setText(findTestObject("WIZARD/3Infraestructura/5Terminales/Edicion/textarea_Descripcion"), "Cali - Terminal - Radicaciones"): Text 'Cali - Terminal - Radicaciones' is set on object 'Object Repository/WIZARD/3Infraestructura/5Terminales/Edicion/textarea_Descripcion'

2023-08-14 11:26:33 - [MESSAGE][PASSED] - Text 'Cali - Terminal - Radicaciones' is set on object 'Object Repository/WIZARD/3Infraestructura/5Terminales/Edicion/textarea_Descripcion'

2023-08-14 11:26:33 - [TEST_STEP][PASSED] - scrollToElement(findTestObject("WIZARD/3Infraestructura/5Terminales/Edicion/Label/label_Mostrar ventana emergente"), 2): Scroll to object 'Object Repository/WIZARD/3Infraestructura/5Terminales/Edicion/Label/label_Mostrar ventana emergente' successfully

2023-08-14 11:26:33 - [MESSAGE][PASSED] - Scroll to object 'Object Repository/WIZARD/3Infraestructura/5Terminales/Edicion/Label/label_Mostrar ventana emergente' successfully

2023-08-14 11:26:33 - [TEST_STEP][PASSED] - setText(findTestObject("WIZARD/3Infraestructura/5Terminales/Edicion/input_Direccion en sala"), "3"): Text '3' is set on object 'Object Repository/WIZARD/3Infraestructura/5Terminales/Edicion/input_Direccion en sala'

2023-08-14 11:26:34 - [MESSAGE][PASSED] - Text '3' is set on object 'Object Repository/WIZARD/3Infraestructura/5Terminales/Edicion/input_Direccion en sala'

2023-08-14 11:26:34 - [TEST_STEP][PASSED] - check(findTestObject("WIZARD/3Infraestructura/5Terminales/Edicion/Label/label_Mostrar ventana emergente")): Object 'Object Repository/WIZARD/3Infraestructura/5Terminales/Edicion/Label/label_Mostrar ventana emergente' is checked

2023-08-14 11:26:35 - [MESSAGE][PASSED] - Object 'Object Repository/WIZARD/3Infraestructura/5Terminales/Edicion/Label/label_Mostrar ventana emergente' is checked

2023-08-14 11:26:35 - [TEST_STEP][PASSED] - scrollToPosition(0, 0): Browser is scrolled to position x = 0, y = 0

2023-08-14 11:26:35 - [MESSAGE][PASSED] - Browser is scrolled to position x = 0, y = 0

2023-08-14 11:26:35 - [TEST_STEP][PASSED] - delay(2): Delayed 2 second(s)

2023-08-14 11:26:37 - [MESSAGE][PASSED] - Delayed 2 second(s)

2023-08-14 11:26:37 - [TEST_STEP][PASSED] - click(findTestObject("WIZARD/3Infraestructura/5Terminales/Edicion/img_Nuevo")): Object: 'Object Repository/WIZARD/3Infraestructura/5Terminales/Edicion/img_Nuevo' is clicked on

2023-08-14 11:26:37 - [MESSAGE][PASSED] - Object: 'Object Repository/WIZARD/3Infraestructura/5Terminales/Edicion/img_Nuevo' is clicked on

2023-08-14 11:26:37 - [TEST_STEP][PASSED] - scrollToPosition(0, 0): Browser is scrolled to position x = 0, y = 0

2023-08-14 11:26:37 - [MESSAGE][PASSED] - Browser is scrolled to position x = 0, y = 0

2023-08-14 11:26:37 - [TEST_STEP][PASSED] - delay(3): Delayed 3 second(s)

2023-08-14 11:26:40 - [MESSAGE][PASSED] - Delayed 3 second(s)

2023-08-14 11:26:40 - [TEST_STEP][PASSED] - takeFullPageScreenshot(): Taking screenshot successfully

2023-08-14 11:26:41 - [MESSAGE][INFO] - 0 hidden object(s)

2023-08-14 11:26:41 - [MESSAGE][PASSED] - Taking screenshot successfully
[[ATTACHMENT|C:\\CIEL INGENIERIA\\Katalon\\Digiturno55\\Reports\\20230814_104251\\WIZARD\\3Infraestructura\\5Terminales\\5.5 Crear Terminales Cali\\20230814_104352\\1692030400639.png]]

2023-08-14 11:26:41 - [TEST_STEP][PASSED] - delay(3): Delayed 3 second(s)

2023-08-14 11:26:44 - [MESSAGE][PASSED] - Delayed 3 second(s)

2023-08-14 11:26:44 - [TEST_STEP][PASSED] - Start listener action : sampleAfterTestCase: null]]></system-out>
         <system-err><![CDATA[]]></system-err>
      </testcase>
      <system-out><![CDATA[2023-08-14 11:25:18 - [TEST_SUITE][PASSED] - 5.5 Crear Terminales Cali: Test Cases/WIZARD/3Infraestructura/5Terminales/5.5 Crear Terminales Cali]]></system-out>
      <system-err><![CDATA[]]></system-err>
   </testsuite>
</testsuites>
