<?xml version="1.0" encoding="UTF-8"?>
<testsuites name="2 Suspender Turno" time="60.162" tests="1" failures="0" errors="0">
   <testsuite name="2 Suspender Turno" tests="1" failures="0" errors="0" time="60.162" skipped="0" timestamp="2023-08-14 13:58:06" hostname="jdavila - PCPruebas101.ciel.cielingenieria.com" id="Test Suites/DIGITURNO/OPERACION BASICA/2 Suspender Turno">
      <properties>
         <property name="deviceName" value=""/>
         <property name="devicePlatform" value=""/>
         <property name="logFolder" value="C:\\CIEL INGENIERIA\\Katalon\\Digiturno55\\Reports\\20230814_135312\\DIGITURNO\\OPERACION BASICA\\2 Suspender Turno\\20230814_135318"/>
         <property name="logFiles" value="C:\\CIEL INGENIERIA\\Katalon\\Digiturno55\\Reports\\20230814_135312\\DIGITURNO\\OPERACION BASICA\\2 Suspender Turno\\20230814_135318\\execution0.log"/>
         <property name="attachments" value="C:\\CIEL INGENIERIA\\Katalon\\Digiturno55\\Reports\\20230814_135312\\DIGITURNO\\OPERACION BASICA\\2 Suspender Turno\\20230814_135318\\1692039534608.png"/>
         <property name="hostName" value="jdavila - PCPruebas101.ciel.cielingenieria.com"/>
         <property name="os" value="Windows 10 64bit"/>
         <property name="katalonVersion" value="8.6.0.208"/>
         <property name="browser" value="Chrome 115.0.0.0"/>
         <property name="hostAddress" value="192.168.0.33"/>
         <property name="sessionId" value="a35e7f925ff96bd6c6cce1ebd0743108"/>
         <property name="seleniumVersion" value="3.141.59"/>
         <property name="proxyInformation" value="ProxyInformation { proxyOption=NO_PROXY, proxyServerType=HTTP, username=, password=********, proxyServerAddress=, proxyServerPort=0, executionList=&quot;&quot;, isApplyToDesiredCapabilities=true }"/>
         <property name="platform" value="Windows 10"/>
      </properties>
      <testcase name="Test Cases/DIGITURNO/OPERACION BASICA/2 Suspender Turno" time="59.893" classname="Test Cases/DIGITURNO/OPERACION BASICA/2 Suspender Turno" status="PASSED">
         <system-out><![CDATA[2023-08-14 13:58:06 - [TEST_CASE][PASSED] - Test Cases/DIGITURNO/OPERACION BASICA/2 Suspender Turno: Test Cases/DIGITURNO/OPERACION BASICA/2 Suspender Turno

2023-08-14 13:58:06 - [TEST_STEP][PASSED] - callTestCase(findTestCase("0InicioSesion"), [:], STOP_ON_FAILURE): Call Test Case 'Test Cases/0InicioSesion' successfully

2023-08-14 13:58:07 - [TEST_CASE][PASSED] - Test Cases/0InicioSesion: Test Cases/0InicioSesion

2023-08-14 13:58:07 - [TEST_STEP][PASSED] - openBrowser(UrlDigiturno): Browser is opened with url: 'https://PCPruebas101.ciel.cielingenieria.com:8610'

2023-08-14 13:58:07 - [MESSAGE][INFO] - Starting 'Chrome' driver

2023-08-14 13:58:07 - [MESSAGE][INFO] - User set preference: ['args', '[--use-fake-ui-for-media-stream, --disable-notifications]']

2023-08-14 13:58:07 - [MESSAGE][INFO] - Action delay is set to 0 milliseconds

2023-08-14 13:58:10 - [MESSAGE][PASSED] - Browser is opened with url: 'https://PCPruebas101.ciel.cielingenieria.com:8610'

2023-08-14 13:58:10 - [TEST_STEP][PASSED] - maximizeWindow(): Current window maximized

2023-08-14 13:58:10 - [MESSAGE][PASSED] - Current window maximized

2023-08-14 13:58:10 - [TEST_STEP][PASSED] - delay(3): Delayed 3 second(s)

2023-08-14 13:58:13 - [MESSAGE][PASSED] - Delayed 3 second(s)

2023-08-14 13:58:13 - [TEST_STEP][PASSED] - setText(findTestObject("0Inicio Sesion/input_Usuario"), "Ciel"): Text 'Ciel' is set on object 'Object Repository/0Inicio Sesion/input_Usuario'

2023-08-14 13:58:14 - [MESSAGE][PASSED] - Text 'Ciel' is set on object 'Object Repository/0Inicio Sesion/input_Usuario'

2023-08-14 13:58:14 - [TEST_STEP][PASSED] - setText(findTestObject("0Inicio Sesion/input_Clave"), "digiturno"): Text 'digiturno' is set on object 'Object Repository/0Inicio Sesion/input_Clave'

2023-08-14 13:58:15 - [MESSAGE][PASSED] - Text 'digiturno' is set on object 'Object Repository/0Inicio Sesion/input_Clave'

2023-08-14 13:58:15 - [TEST_STEP][PASSED] - click(findTestObject("0Inicio Sesion/btn_IniciarSesion")): Object: 'Object Repository/0Inicio Sesion/btn_IniciarSesion' is clicked on

2023-08-14 13:58:15 - [MESSAGE][PASSED] - Object: 'Object Repository/0Inicio Sesion/btn_IniciarSesion' is clicked on

2023-08-14 13:58:15 - [TEST_STEP][PASSED] - delay(3): Delayed 3 second(s)

2023-08-14 13:58:18 - [MESSAGE][PASSED] - Delayed 3 second(s)

2023-08-14 13:58:18 - [MESSAGE][PASSED] - Call Test Case 'Test Cases/0InicioSesion' successfully

2023-08-14 13:58:18 - [TEST_STEP][PASSED] - click(findTestObject("DIGITURNO/1Principal/img_Operacion(1)")): Object: 'Object Repository/DIGITURNO/1Principal/img_Operacion(1)' is clicked on

2023-08-14 13:58:19 - [MESSAGE][PASSED] - Object: 'Object Repository/DIGITURNO/1Principal/img_Operacion(1)' is clicked on

2023-08-14 13:58:19 - [TEST_STEP][PASSED] - delay(3): Delayed 3 second(s)

2023-08-14 13:58:22 - [MESSAGE][PASSED] - Delayed 3 second(s)

2023-08-14 13:58:22 - [TEST_STEP][PASSED] - click(findTestObject("DIGITURNO/OPERACION/0Principal/Elementos del Sistema/img_Terminales")): Object: 'Object Repository/DIGITURNO/OPERACION/0Principal/Elementos del Sistema/img_Terminales' is clicked on

2023-08-14 13:58:22 - [MESSAGE][PASSED] - Object: 'Object Repository/DIGITURNO/OPERACION/0Principal/Elementos del Sistema/img_Terminales' is clicked on

2023-08-14 13:58:22 - [TEST_STEP][PASSED] - delay(3): Delayed 3 second(s)

2023-08-14 13:58:25 - [MESSAGE][PASSED] - Delayed 3 second(s)

2023-08-14 13:58:25 - [TEST_STEP][PASSED] - click(findTestObject("DIGITURNO/OPERACION/2Terminales/0Oficinas/td_1Bogota - CIEL")): Object: 'Object Repository/DIGITURNO/OPERACION/2Terminales/0Oficinas/td_1Bogota - CIEL' is clicked on

2023-08-14 13:58:26 - [MESSAGE][PASSED] - Object: 'Object Repository/DIGITURNO/OPERACION/2Terminales/0Oficinas/td_1Bogota - CIEL' is clicked on

2023-08-14 13:58:26 - [TEST_STEP][PASSED] - delay(3): Delayed 3 second(s)

2023-08-14 13:58:29 - [MESSAGE][PASSED] - Delayed 3 second(s)

2023-08-14 13:58:29 - [TEST_STEP][PASSED] - click(findTestObject("DIGITURNO/OPERACION/2Terminales/0Terminales (Menos WorkFlow)/td_1 - Terminal - Informacion")): Object: 'Object Repository/DIGITURNO/OPERACION/2Terminales/0Terminales (Menos WorkFlow)/td_1 - Terminal - Informacion' is clicked on

2023-08-14 13:58:29 - [MESSAGE][PASSED] - Object: 'Object Repository/DIGITURNO/OPERACION/2Terminales/0Terminales (Menos WorkFlow)/td_1 - Terminal - Informacion' is clicked on

2023-08-14 13:58:29 - [TEST_STEP][PASSED] - delay(3): Delayed 3 second(s)

2023-08-14 13:58:32 - [MESSAGE][PASSED] - Delayed 3 second(s)

2023-08-14 13:58:32 - [TEST_STEP][PASSED] - switchToWindowIndex(1): Switched to window with index: '1'

2023-08-14 13:58:32 - [MESSAGE][PASSED] - Switched to window with index: '1'

2023-08-14 13:58:32 - [TEST_STEP][PASSED] - delay(2): Delayed 2 second(s)

2023-08-14 13:58:34 - [MESSAGE][PASSED] - Delayed 2 second(s)

2023-08-14 13:58:34 - [TEST_STEP][PASSED] - click(findTestObject("DIGITURNO/OPERACION/2Terminales/Terminal/img_Llamar")): Object: 'Object Repository/DIGITURNO/OPERACION/2Terminales/Terminal/img_Llamar' is clicked on

2023-08-14 13:58:35 - [MESSAGE][PASSED] - Object: 'Object Repository/DIGITURNO/OPERACION/2Terminales/Terminal/img_Llamar' is clicked on

2023-08-14 13:58:35 - [TEST_STEP][PASSED] - delay(3): Delayed 3 second(s)

2023-08-14 13:58:38 - [MESSAGE][PASSED] - Delayed 3 second(s)

2023-08-14 13:58:38 - [TEST_STEP][PASSED] - click(findTestObject("DIGITURNO/OPERACION/2Terminales/Terminal/img_Ocupado")): Object: 'Object Repository/DIGITURNO/OPERACION/2Terminales/Terminal/img_Ocupado' is clicked on

2023-08-14 13:58:39 - [MESSAGE][PASSED] - Object: 'Object Repository/DIGITURNO/OPERACION/2Terminales/Terminal/img_Ocupado' is clicked on

2023-08-14 13:58:39 - [TEST_STEP][PASSED] - delay(3): Delayed 3 second(s)

2023-08-14 13:58:42 - [MESSAGE][PASSED] - Delayed 3 second(s)

2023-08-14 13:58:42 - [TEST_STEP][PASSED] - click(findTestObject("DIGITURNO/OPERACION/2Terminales/Terminal/img_Ocupado(1)/a_1Actualizacion de Datos")): Object: 'Object Repository/DIGITURNO/OPERACION/2Terminales/Terminal/img_Ocupado(1)/a_1Actualizacion de Datos' is clicked on

2023-08-14 13:58:43 - [MESSAGE][PASSED] - Object: 'Object Repository/DIGITURNO/OPERACION/2Terminales/Terminal/img_Ocupado(1)/a_1Actualizacion de Datos' is clicked on

2023-08-14 13:58:43 - [TEST_STEP][PASSED] - delay(3): Delayed 3 second(s)

2023-08-14 13:58:46 - [MESSAGE][PASSED] - Delayed 3 second(s)

2023-08-14 13:58:46 - [TEST_STEP][PASSED] - click(findTestObject("DIGITURNO/OPERACION/2Terminales/Terminal/img_Suspender")): Object: 'Object Repository/DIGITURNO/OPERACION/2Terminales/Terminal/img_Suspender' is clicked on

2023-08-14 13:58:47 - [MESSAGE][PASSED] - Object: 'Object Repository/DIGITURNO/OPERACION/2Terminales/Terminal/img_Suspender' is clicked on

2023-08-14 13:58:47 - [TEST_STEP][PASSED] - delay(3): Delayed 3 second(s)

2023-08-14 13:58:50 - [MESSAGE][PASSED] - Delayed 3 second(s)

2023-08-14 13:58:50 - [TEST_STEP][PASSED] - click(findTestObject("DIGITURNO/OPERACION/2Terminales/Terminal/img_Suspender(1)/btn_1FaltaAusente")): Object: 'Object Repository/DIGITURNO/OPERACION/2Terminales/Terminal/img_Suspender(1)/btn_1FaltaAusente' is clicked on

2023-08-14 13:58:51 - [MESSAGE][PASSED] - Object: 'Object Repository/DIGITURNO/OPERACION/2Terminales/Terminal/img_Suspender(1)/btn_1FaltaAusente' is clicked on

2023-08-14 13:58:51 - [TEST_STEP][PASSED] - delay(3): Delayed 3 second(s)

2023-08-14 13:58:54 - [MESSAGE][PASSED] - Delayed 3 second(s)

2023-08-14 13:58:54 - [TEST_STEP][PASSED] - takeFullPageScreenshot(): Taking screenshot successfully

2023-08-14 13:58:55 - [MESSAGE][INFO] - 0 hidden object(s)

2023-08-14 13:58:55 - [MESSAGE][PASSED] - Taking screenshot successfully
[[ATTACHMENT|C:\\CIEL INGENIERIA\\Katalon\\Digiturno55\\Reports\\20230814_135312\\DIGITURNO\\OPERACION BASICA\\2 Suspender Turno\\20230814_135318\\1692039534608.png]]

2023-08-14 13:58:55 - [TEST_STEP][PASSED] - delay(3): Delayed 3 second(s)

2023-08-14 13:58:58 - [MESSAGE][PASSED] - Delayed 3 second(s)

2023-08-14 13:58:58 - [TEST_STEP][PASSED] - click(findTestObject("DIGITURNO/OPERACION/2Terminales/Terminal/img_Cerrar")): Object: 'Object Repository/DIGITURNO/OPERACION/2Terminales/Terminal/img_Cerrar' is clicked on

2023-08-14 13:58:59 - [MESSAGE][PASSED] - Object: 'Object Repository/DIGITURNO/OPERACION/2Terminales/Terminal/img_Cerrar' is clicked on

2023-08-14 13:58:59 - [TEST_STEP][PASSED] - delay(3): Delayed 3 second(s)

2023-08-14 13:59:02 - [MESSAGE][PASSED] - Delayed 3 second(s)

2023-08-14 13:59:02 - [TEST_STEP][PASSED] - click(findTestObject("DIGITURNO/OPERACION/2Terminales/Terminal/img_Cerrar(1)/btn_4FindeJornada_8")): Object: 'Object Repository/DIGITURNO/OPERACION/2Terminales/Terminal/img_Cerrar(1)/btn_4FindeJornada_8' is clicked on

2023-08-14 13:59:03 - [MESSAGE][PASSED] - Object: 'Object Repository/DIGITURNO/OPERACION/2Terminales/Terminal/img_Cerrar(1)/btn_4FindeJornada_8' is clicked on

2023-08-14 13:59:03 - [TEST_STEP][PASSED] - delay(3): Delayed 3 second(s)

2023-08-14 13:59:06 - [MESSAGE][PASSED] - Delayed 3 second(s)

2023-08-14 13:59:06 - [TEST_STEP][PASSED] - Start listener action : sampleAfterTestCase: null]]></system-out>
         <system-err><![CDATA[]]></system-err>
      </testcase>
      <system-out><![CDATA[2023-08-14 13:58:06 - [TEST_SUITE][PASSED] - 2 Suspender Turno: Test Cases/DIGITURNO/OPERACION BASICA/2 Suspender Turno]]></system-out>
      <system-err><![CDATA[]]></system-err>
   </testsuite>
</testsuites>
