<?xml version="1.0" encoding="UTF-8"?>
<testsuites name="25 Grupos Crear Actualizar Eliminar" time="131.065" tests="3" failures="0" errors="0">
   <testsuite name="25 Grupos Crear Actualizar Eliminar" tests="3" failures="0" errors="0" time="131.065" skipped="0" timestamp="2023-07-11 11:52:52" hostname="jdavila - PCPruebas101.ciel.cielingenieria.com" id="Test Suites/DIGITURNO/BASICO/25 Grupos Crear Actualizar Eliminar">
      <properties>
         <property name="deviceName" value=""/>
         <property name="devicePlatform" value=""/>
         <property name="logFolder" value="C:\\CIEL INGENIERIA\\Katalon\\Digiturno55\\Reports\\20230711_113602\\DIGITURNO\\BASICO\\25 Grupos Crear Actualizar Eliminar\\20230711_113623"/>
         <property name="logFiles" value="C:\\CIEL INGENIERIA\\Katalon\\Digiturno55\\Reports\\20230711_113602\\DIGITURNO\\BASICO\\25 Grupos Crear Actualizar Eliminar\\20230711_113623\\execution0.log"/>
         <property name="attachments" value="C:\\CIEL INGENIERIA\\Katalon\\Digiturno55\\Reports\\20230711_113602\\DIGITURNO\\BASICO\\25 Grupos Crear Actualizar Eliminar\\20230711_113623\\1689094391622.png, C:\\CIEL INGENIERIA\\Katalon\\Digiturno55\\Reports\\20230711_113602\\DIGITURNO\\BASICO\\25 Grupos Crear Actualizar Eliminar\\20230711_113623\\1689094414644.png, C:\\CIEL INGENIERIA\\Katalon\\Digiturno55\\Reports\\20230711_113602\\DIGITURNO\\BASICO\\25 Grupos Crear Actualizar Eliminar\\20230711_113623\\1689094436486.png, C:\\CIEL INGENIERIA\\Katalon\\Digiturno55\\Reports\\20230711_113602\\DIGITURNO\\BASICO\\25 Grupos Crear Actualizar Eliminar\\20230711_113623\\1689094457646.png, C:\\CIEL INGENIERIA\\Katalon\\Digiturno55\\Reports\\20230711_113602\\DIGITURNO\\BASICO\\25 Grupos Crear Actualizar Eliminar\\20230711_113623\\1689094479245.png, C:\\CIEL INGENIERIA\\Katalon\\Digiturno55\\Reports\\20230711_113602\\DIGITURNO\\BASICO\\25 Grupos Crear Actualizar Eliminar\\20230711_113623\\1689094499770.png"/>
         <property name="hostName" value="jdavila - PCPruebas101.ciel.cielingenieria.com"/>
         <property name="os" value="Windows 10 64bit"/>
         <property name="katalonVersion" value="8.6.0.208"/>
         <property name="browser" value="Chrome 114.0.0.0"/>
         <property name="hostAddress" value="192.168.0.33"/>
         <property name="sessionId" value="f134e4025e7cdee83c8948cb3b9a31d0"/>
         <property name="seleniumVersion" value="3.141.59"/>
         <property name="proxyInformation" value="ProxyInformation { proxyOption=NO_PROXY, proxyServerType=HTTP, username=, password=********, proxyServerAddress=, proxyServerPort=0, executionList=&quot;&quot;, isApplyToDesiredCapabilities=true }"/>
         <property name="platform" value="Windows 10"/>
      </properties>
      <testcase name="Test Cases/DIGITURNO/BASICO/25 Grupos Crear" time="45.629" classname="Test Cases/DIGITURNO/BASICO/25 Grupos Crear" status="PASSED">
         <system-out><![CDATA[2023-07-11 11:52:52 - [TEST_CASE][PASSED] - Test Cases/DIGITURNO/BASICO/25 Grupos Crear: Test Cases/DIGITURNO/BASICO/25 Grupos Crear

2023-07-11 11:52:53 - [TEST_STEP][PASSED] - callTestCase(findTestCase("DIGITURNO/BASICO/21 Distribucion Geografica"), [:], STOP_ON_FAILURE): Call Test Case 'Test Cases/DIGITURNO/BASICO/21 Distribucion Geografica' successfully

2023-07-11 11:52:53 - [TEST_CASE][PASSED] - Test Cases/DIGITURNO/BASICO/21 Distribucion Geografica: Test Cases/DIGITURNO/BASICO/21 Distribucion Geografica

2023-07-11 11:52:53 - [TEST_STEP][PASSED] - callTestCase(findTestCase("0InicioSesion"), [:], STOP_ON_FAILURE): Call Test Case 'Test Cases/0InicioSesion' successfully

2023-07-11 11:52:53 - [TEST_CASE][PASSED] - Test Cases/0InicioSesion: Test Cases/0InicioSesion

2023-07-11 11:52:53 - [TEST_STEP][PASSED] - openBrowser(UrlDigiturno): Browser is opened with url: 'https://PCPruebas101.ciel.cielingenieria.com:8810'

2023-07-11 11:52:54 - [MESSAGE][INFO] - Starting 'Chrome' driver

2023-07-11 11:52:54 - [MESSAGE][INFO] - User set preference: ['args', '[--use-fake-ui-for-media-stream, --disable-notifications]']

2023-07-11 11:52:54 - [MESSAGE][INFO] - Action delay is set to 0 milliseconds

2023-07-11 11:52:56 - [MESSAGE][PASSED] - Browser is opened with url: 'https://PCPruebas101.ciel.cielingenieria.com:8810'

2023-07-11 11:52:56 - [TEST_STEP][PASSED] - maximizeWindow(): Current window maximized

2023-07-11 11:52:56 - [MESSAGE][PASSED] - Current window maximized

2023-07-11 11:52:56 - [TEST_STEP][PASSED] - delay(3): Delayed 3 second(s)

2023-07-11 11:52:59 - [MESSAGE][PASSED] - Delayed 3 second(s)

2023-07-11 11:52:59 - [TEST_STEP][PASSED] - setText(findTestObject("0Inicio Sesion/input_Usuario"), "Ciel"): Text 'Ciel' is set on object 'Object Repository/0Inicio Sesion/input_Usuario'

2023-07-11 11:53:00 - [MESSAGE][PASSED] - Text 'Ciel' is set on object 'Object Repository/0Inicio Sesion/input_Usuario'

2023-07-11 11:53:00 - [TEST_STEP][PASSED] - setText(findTestObject("0Inicio Sesion/input_Clave"), "digiturno"): Text 'digiturno' is set on object 'Object Repository/0Inicio Sesion/input_Clave'

2023-07-11 11:53:01 - [MESSAGE][PASSED] - Text 'digiturno' is set on object 'Object Repository/0Inicio Sesion/input_Clave'

2023-07-11 11:53:01 - [TEST_STEP][PASSED] - click(findTestObject("0Inicio Sesion/btn_IniciarSesion")): Object: 'Object Repository/0Inicio Sesion/btn_IniciarSesion' is clicked on

2023-07-11 11:53:01 - [MESSAGE][PASSED] - Object: 'Object Repository/0Inicio Sesion/btn_IniciarSesion' is clicked on

2023-07-11 11:53:01 - [TEST_STEP][PASSED] - delay(3): Delayed 3 second(s)

2023-07-11 11:53:04 - [MESSAGE][PASSED] - Delayed 3 second(s)

2023-07-11 11:53:04 - [MESSAGE][PASSED] - Call Test Case 'Test Cases/0InicioSesion' successfully

2023-07-11 11:53:04 - [TEST_STEP][PASSED] - click(findTestObject("DIGITURNO/1Principal/img_Configuracion(1)")): Object: 'Object Repository/DIGITURNO/1Principal/img_Configuracion(1)' is clicked on

2023-07-11 11:53:05 - [MESSAGE][PASSED] - Object: 'Object Repository/DIGITURNO/1Principal/img_Configuracion(1)' is clicked on

2023-07-11 11:53:05 - [TEST_STEP][PASSED] - delay(3): Delayed 3 second(s)

2023-07-11 11:53:08 - [MESSAGE][PASSED] - Delayed 3 second(s)

2023-07-11 11:53:08 - [TEST_STEP][PASSED] - click(findTestObject("DIGITURNO/CONFIGURACION/0Principal/img_2Distribucion Geografica")): Object: 'Object Repository/DIGITURNO/CONFIGURACION/0Principal/img_2Distribucion Geografica' is clicked on

2023-07-11 11:53:08 - [MESSAGE][PASSED] - Object: 'Object Repository/DIGITURNO/CONFIGURACION/0Principal/img_2Distribucion Geografica' is clicked on

2023-07-11 11:53:08 - [TEST_STEP][PASSED] - delay(3): Delayed 3 second(s)

2023-07-11 11:53:11 - [MESSAGE][PASSED] - Delayed 3 second(s)

2023-07-11 11:53:11 - [TEST_STEP][PASSED] - takeFullPageScreenshot(): Taking screenshot successfully

2023-07-11 11:53:12 - [MESSAGE][INFO] - 0 hidden object(s)

2023-07-11 11:53:12 - [MESSAGE][PASSED] - Taking screenshot successfully
[[ATTACHMENT|C:\\CIEL INGENIERIA\\Katalon\\Digiturno55\\Reports\\20230711_113602\\DIGITURNO\\BASICO\\25 Grupos Crear Actualizar Eliminar\\20230711_113623\\1689094391622.png]]

2023-07-11 11:53:12 - [TEST_STEP][PASSED] - delay(3): Delayed 3 second(s)

2023-07-11 11:53:15 - [MESSAGE][PASSED] - Delayed 3 second(s)

2023-07-11 11:53:15 - [MESSAGE][PASSED] - Call Test Case 'Test Cases/DIGITURNO/BASICO/21 Distribucion Geografica' successfully

2023-07-11 11:53:15 - [TEST_STEP][PASSED] - click(findTestObject("DIGITURNO/CONFIGURACION/2Distribucion Geografica/0Principal/img_4Grupos")): Object: 'Object Repository/DIGITURNO/CONFIGURACION/2Distribucion Geografica/0Principal/img_4Grupos' is clicked on

2023-07-11 11:53:15 - [MESSAGE][PASSED] - Object: 'Object Repository/DIGITURNO/CONFIGURACION/2Distribucion Geografica/0Principal/img_4Grupos' is clicked on

2023-07-11 11:53:15 - [TEST_STEP][PASSED] - delay(3): Delayed 3 second(s)

2023-07-11 11:53:18 - [MESSAGE][PASSED] - Delayed 3 second(s)

2023-07-11 11:53:18 - [TEST_STEP][PASSED] - click(findTestObject("DIGITURNO/CONFIGURACION/2Distribucion Geografica/4Grupos/0Modal Inicial Oficinas/td_1Bogota - CIEL")): Object: 'Object Repository/DIGITURNO/CONFIGURACION/2Distribucion Geografica/4Grupos/0Modal Inicial Oficinas/td_1Bogota - CIEL' is clicked on

2023-07-11 11:53:19 - [MESSAGE][PASSED] - Object: 'Object Repository/DIGITURNO/CONFIGURACION/2Distribucion Geografica/4Grupos/0Modal Inicial Oficinas/td_1Bogota - CIEL' is clicked on

2023-07-11 11:53:19 - [TEST_STEP][PASSED] - delay(2): Delayed 2 second(s)

2023-07-11 11:53:21 - [MESSAGE][PASSED] - Delayed 2 second(s)

2023-07-11 11:53:21 - [TEST_STEP][PASSED] - click(findTestObject("DIGITURNO/CONFIGURACION/2Distribucion Geografica/4Grupos/Edicion/btn_SalaModal")): Object: 'Object Repository/DIGITURNO/CONFIGURACION/2Distribucion Geografica/4Grupos/Edicion/btn_SalaModal' is clicked on

2023-07-11 11:53:21 - [MESSAGE][PASSED] - Object: 'Object Repository/DIGITURNO/CONFIGURACION/2Distribucion Geografica/4Grupos/Edicion/btn_SalaModal' is clicked on

2023-07-11 11:53:21 - [TEST_STEP][PASSED] - delay(1): Delayed 1 second(s)

2023-07-11 11:53:22 - [MESSAGE][PASSED] - Delayed 1 second(s)

2023-07-11 11:53:22 - [TEST_STEP][PASSED] - click(findTestObject("DIGITURNO/CONFIGURACION/2Distribucion Geografica/4Grupos/Edicion/btn_SalaModal(1)/a_CIEL - Sala General")): Object: 'Object Repository/DIGITURNO/CONFIGURACION/2Distribucion Geografica/4Grupos/Edicion/btn_SalaModal(1)/a_CIEL - Sala General' is clicked on

2023-07-11 11:53:23 - [MESSAGE][PASSED] - Object: 'Object Repository/DIGITURNO/CONFIGURACION/2Distribucion Geografica/4Grupos/Edicion/btn_SalaModal(1)/a_CIEL - Sala General' is clicked on

2023-07-11 11:53:23 - [TEST_STEP][PASSED] - delay(3): Delayed 3 second(s)

2023-07-11 11:53:26 - [MESSAGE][PASSED] - Delayed 3 second(s)

2023-07-11 11:53:26 - [TEST_STEP][PASSED] - setText(findTestObject("DIGITURNO/CONFIGURACION/2Distribucion Geografica/4Grupos/Edicion/input_Nombre"), "Prueba"): Text 'Prueba' is set on object 'Object Repository/DIGITURNO/CONFIGURACION/2Distribucion Geografica/4Grupos/Edicion/input_Nombre'

2023-07-11 11:53:27 - [MESSAGE][PASSED] - Text 'Prueba' is set on object 'Object Repository/DIGITURNO/CONFIGURACION/2Distribucion Geografica/4Grupos/Edicion/input_Nombre'

2023-07-11 11:53:27 - [TEST_STEP][PASSED] - setText(findTestObject("DIGITURNO/CONFIGURACION/2Distribucion Geografica/4Grupos/Edicion/textarea_Descripcion"), "Prueba"): Text 'Prueba' is set on object 'Object Repository/DIGITURNO/CONFIGURACION/2Distribucion Geografica/4Grupos/Edicion/textarea_Descripcion'

2023-07-11 11:53:28 - [MESSAGE][PASSED] - Text 'Prueba' is set on object 'Object Repository/DIGITURNO/CONFIGURACION/2Distribucion Geografica/4Grupos/Edicion/textarea_Descripcion'

2023-07-11 11:53:28 - [TEST_STEP][PASSED] - selectOptionByIndex(findTestObject("DIGITURNO/CONFIGURACION/2Distribucion Geografica/4Grupos/Edicion/select_Busqueda de turnos en la actual"), 1, STOP_ON_FAILURE): All options with index in [1] are selected on object 'Object Repository/DIGITURNO/CONFIGURACION/2Distribucion Geografica/4Grupos/Edicion/select_Busqueda de turnos en la actual'

2023-07-11 11:53:29 - [MESSAGE][PASSED] - All options with index in [1] are selected on object 'Object Repository/DIGITURNO/CONFIGURACION/2Distribucion Geografica/4Grupos/Edicion/select_Busqueda de turnos en la actual'

2023-07-11 11:53:29 - [TEST_STEP][PASSED] - delay(0): Delayed 0 second(s)

2023-07-11 11:53:29 - [MESSAGE][PASSED] - Delayed 0 second(s)

2023-07-11 11:53:29 - [TEST_STEP][PASSED] - selectOptionByIndex(findTestObject("DIGITURNO/CONFIGURACION/2Distribucion Geografica/4Grupos/Edicion/select_Reclasificar turnos en la actual"), 1, STOP_ON_FAILURE): All options with index in [1] are selected on object 'Object Repository/DIGITURNO/CONFIGURACION/2Distribucion Geografica/4Grupos/Edicion/select_Reclasificar turnos en la actual'

2023-07-11 11:53:30 - [MESSAGE][PASSED] - All options with index in [1] are selected on object 'Object Repository/DIGITURNO/CONFIGURACION/2Distribucion Geografica/4Grupos/Edicion/select_Reclasificar turnos en la actual'

2023-07-11 11:53:30 - [TEST_STEP][PASSED] - delay(0): Delayed 0 second(s)

2023-07-11 11:53:30 - [MESSAGE][PASSED] - Delayed 0 second(s)

2023-07-11 11:53:30 - [TEST_STEP][PASSED] - scrollToPosition(0, 1200): Browser is scrolled to position x = 0, y = 1200

2023-07-11 11:53:30 - [MESSAGE][PASSED] - Browser is scrolled to position x = 0, y = 1200

2023-07-11 11:53:30 - [TEST_STEP][PASSED] - check(findTestObject("DIGITURNO/CONFIGURACION/2Distribucion Geografica/4Grupos/Edicion/label_Mostrar boton rellamar")): Object 'Object Repository/DIGITURNO/CONFIGURACION/2Distribucion Geografica/4Grupos/Edicion/label_Mostrar boton rellamar' is checked

2023-07-11 11:53:30 - [MESSAGE][PASSED] - Object 'Object Repository/DIGITURNO/CONFIGURACION/2Distribucion Geografica/4Grupos/Edicion/label_Mostrar boton rellamar' is checked

2023-07-11 11:53:30 - [TEST_STEP][PASSED] - check(findTestObject("DIGITURNO/CONFIGURACION/2Distribucion Geografica/4Grupos/Edicion/label_De primero")): Object 'Object Repository/DIGITURNO/CONFIGURACION/2Distribucion Geografica/4Grupos/Edicion/label_De primero' is checked

2023-07-11 11:53:31 - [MESSAGE][PASSED] - Object 'Object Repository/DIGITURNO/CONFIGURACION/2Distribucion Geografica/4Grupos/Edicion/label_De primero' is checked

2023-07-11 11:53:31 - [TEST_STEP][PASSED] - scrollToPosition(0, 0): Browser is scrolled to position x = 0, y = 0

2023-07-11 11:53:31 - [MESSAGE][PASSED] - Browser is scrolled to position x = 0, y = 0

2023-07-11 11:53:31 - [TEST_STEP][PASSED] - click(findTestObject("DIGITURNO/CONFIGURACION/2Distribucion Geografica/4Grupos/Edicion/img_Nuevo")): Object: 'Object Repository/DIGITURNO/CONFIGURACION/2Distribucion Geografica/4Grupos/Edicion/img_Nuevo' is clicked on

2023-07-11 11:53:31 - [MESSAGE][PASSED] - Object: 'Object Repository/DIGITURNO/CONFIGURACION/2Distribucion Geografica/4Grupos/Edicion/img_Nuevo' is clicked on

2023-07-11 11:53:31 - [TEST_STEP][PASSED] - delay(3): Delayed 3 second(s)

2023-07-11 11:53:34 - [MESSAGE][PASSED] - Delayed 3 second(s)

2023-07-11 11:53:34 - [TEST_STEP][PASSED] - takeFullPageScreenshot(): Taking screenshot successfully

2023-07-11 11:53:35 - [MESSAGE][INFO] - 0 hidden object(s)

2023-07-11 11:53:35 - [MESSAGE][PASSED] - Taking screenshot successfully
[[ATTACHMENT|C:\\CIEL INGENIERIA\\Katalon\\Digiturno55\\Reports\\20230711_113602\\DIGITURNO\\BASICO\\25 Grupos Crear Actualizar Eliminar\\20230711_113623\\1689094414644.png]]

2023-07-11 11:53:35 - [TEST_STEP][PASSED] - delay(3): Delayed 3 second(s)

2023-07-11 11:53:38 - [MESSAGE][PASSED] - Delayed 3 second(s)

2023-07-11 11:53:38 - [TEST_STEP][PASSED] - Start listener action : sampleAfterTestCase: null]]></system-out>
         <system-err><![CDATA[]]></system-err>
      </testcase>
      <testcase name="Test Cases/DIGITURNO/BASICO/25 Grupos Actualizar" time="43.034" classname="Test Cases/DIGITURNO/BASICO/25 Grupos Actualizar" status="PASSED">
         <system-out><![CDATA[2023-07-11 11:53:38 - [TEST_CASE][PASSED] - Test Cases/DIGITURNO/BASICO/25 Grupos Actualizar: Test Cases/DIGITURNO/BASICO/25 Grupos Actualizar

2023-07-11 11:53:38 - [TEST_STEP][PASSED] - callTestCase(findTestCase("DIGITURNO/BASICO/21 Distribucion Geografica"), [:], STOP_ON_FAILURE): Call Test Case 'Test Cases/DIGITURNO/BASICO/21 Distribucion Geografica' successfully

2023-07-11 11:53:38 - [TEST_CASE][PASSED] - Test Cases/DIGITURNO/BASICO/21 Distribucion Geografica: Test Cases/DIGITURNO/BASICO/21 Distribucion Geografica

2023-07-11 11:53:38 - [TEST_STEP][PASSED] - callTestCase(findTestCase("0InicioSesion"), [:], STOP_ON_FAILURE): Call Test Case 'Test Cases/0InicioSesion' successfully

2023-07-11 11:53:38 - [TEST_CASE][PASSED] - Test Cases/0InicioSesion: Test Cases/0InicioSesion

2023-07-11 11:53:38 - [TEST_STEP][PASSED] - openBrowser(UrlDigiturno): Browser is opened with url: 'https://PCPruebas101.ciel.cielingenieria.com:8810'

2023-07-11 11:53:38 - [MESSAGE][WARNING] - A browser is already opened. Closing browser and opening a new one

2023-07-11 11:53:39 - [MESSAGE][INFO] - Starting 'Chrome' driver

2023-07-11 11:53:39 - [MESSAGE][INFO] - User set preference: ['args', '[--use-fake-ui-for-media-stream, --disable-notifications]']

2023-07-11 11:53:39 - [MESSAGE][INFO] - Action delay is set to 0 milliseconds

2023-07-11 11:53:41 - [MESSAGE][PASSED] - Browser is opened with url: 'https://PCPruebas101.ciel.cielingenieria.com:8810'

2023-07-11 11:53:41 - [TEST_STEP][PASSED] - maximizeWindow(): Current window maximized

2023-07-11 11:53:41 - [MESSAGE][PASSED] - Current window maximized

2023-07-11 11:53:41 - [TEST_STEP][PASSED] - delay(3): Delayed 3 second(s)

2023-07-11 11:53:44 - [MESSAGE][PASSED] - Delayed 3 second(s)

2023-07-11 11:53:44 - [TEST_STEP][PASSED] - setText(findTestObject("0Inicio Sesion/input_Usuario"), "Ciel"): Text 'Ciel' is set on object 'Object Repository/0Inicio Sesion/input_Usuario'

2023-07-11 11:53:45 - [MESSAGE][PASSED] - Text 'Ciel' is set on object 'Object Repository/0Inicio Sesion/input_Usuario'

2023-07-11 11:53:45 - [TEST_STEP][PASSED] - setText(findTestObject("0Inicio Sesion/input_Clave"), "digiturno"): Text 'digiturno' is set on object 'Object Repository/0Inicio Sesion/input_Clave'

2023-07-11 11:53:45 - [MESSAGE][PASSED] - Text 'digiturno' is set on object 'Object Repository/0Inicio Sesion/input_Clave'

2023-07-11 11:53:45 - [TEST_STEP][PASSED] - click(findTestObject("0Inicio Sesion/btn_IniciarSesion")): Object: 'Object Repository/0Inicio Sesion/btn_IniciarSesion' is clicked on

2023-07-11 11:53:46 - [MESSAGE][PASSED] - Object: 'Object Repository/0Inicio Sesion/btn_IniciarSesion' is clicked on

2023-07-11 11:53:46 - [TEST_STEP][PASSED] - delay(3): Delayed 3 second(s)

2023-07-11 11:53:49 - [MESSAGE][PASSED] - Delayed 3 second(s)

2023-07-11 11:53:49 - [MESSAGE][PASSED] - Call Test Case 'Test Cases/0InicioSesion' successfully

2023-07-11 11:53:49 - [TEST_STEP][PASSED] - click(findTestObject("DIGITURNO/1Principal/img_Configuracion(1)")): Object: 'Object Repository/DIGITURNO/1Principal/img_Configuracion(1)' is clicked on

2023-07-11 11:53:49 - [MESSAGE][PASSED] - Object: 'Object Repository/DIGITURNO/1Principal/img_Configuracion(1)' is clicked on

2023-07-11 11:53:49 - [TEST_STEP][PASSED] - delay(3): Delayed 3 second(s)

2023-07-11 11:53:52 - [MESSAGE][PASSED] - Delayed 3 second(s)

2023-07-11 11:53:52 - [TEST_STEP][PASSED] - click(findTestObject("DIGITURNO/CONFIGURACION/0Principal/img_2Distribucion Geografica")): Object: 'Object Repository/DIGITURNO/CONFIGURACION/0Principal/img_2Distribucion Geografica' is clicked on

2023-07-11 11:53:53 - [MESSAGE][PASSED] - Object: 'Object Repository/DIGITURNO/CONFIGURACION/0Principal/img_2Distribucion Geografica' is clicked on

2023-07-11 11:53:53 - [TEST_STEP][PASSED] - delay(3): Delayed 3 second(s)

2023-07-11 11:53:56 - [MESSAGE][PASSED] - Delayed 3 second(s)

2023-07-11 11:53:56 - [TEST_STEP][PASSED] - takeFullPageScreenshot(): Taking screenshot successfully

2023-07-11 11:53:56 - [MESSAGE][INFO] - 0 hidden object(s)

2023-07-11 11:53:56 - [MESSAGE][PASSED] - Taking screenshot successfully
[[ATTACHMENT|C:\\CIEL INGENIERIA\\Katalon\\Digiturno55\\Reports\\20230711_113602\\DIGITURNO\\BASICO\\25 Grupos Crear Actualizar Eliminar\\20230711_113623\\1689094436486.png]]

2023-07-11 11:53:56 - [TEST_STEP][PASSED] - delay(3): Delayed 3 second(s)

2023-07-11 11:53:59 - [MESSAGE][PASSED] - Delayed 3 second(s)

2023-07-11 11:53:59 - [MESSAGE][PASSED] - Call Test Case 'Test Cases/DIGITURNO/BASICO/21 Distribucion Geografica' successfully

2023-07-11 11:53:59 - [TEST_STEP][PASSED] - click(findTestObject("DIGITURNO/CONFIGURACION/2Distribucion Geografica/0Principal/img_4Grupos")): Object: 'Object Repository/DIGITURNO/CONFIGURACION/2Distribucion Geografica/0Principal/img_4Grupos' is clicked on

2023-07-11 11:54:00 - [MESSAGE][PASSED] - Object: 'Object Repository/DIGITURNO/CONFIGURACION/2Distribucion Geografica/0Principal/img_4Grupos' is clicked on

2023-07-11 11:54:00 - [TEST_STEP][PASSED] - delay(3): Delayed 3 second(s)

2023-07-11 11:54:03 - [MESSAGE][PASSED] - Delayed 3 second(s)

2023-07-11 11:54:03 - [TEST_STEP][PASSED] - click(findTestObject("DIGITURNO/CONFIGURACION/2Distribucion Geografica/4Grupos/0Modal Inicial Oficinas/td_1Bogota - CIEL")): Object: 'Object Repository/DIGITURNO/CONFIGURACION/2Distribucion Geografica/4Grupos/0Modal Inicial Oficinas/td_1Bogota - CIEL' is clicked on

2023-07-11 11:54:04 - [MESSAGE][PASSED] - Object: 'Object Repository/DIGITURNO/CONFIGURACION/2Distribucion Geografica/4Grupos/0Modal Inicial Oficinas/td_1Bogota - CIEL' is clicked on

2023-07-11 11:54:04 - [TEST_STEP][PASSED] - delay(2): Delayed 2 second(s)

2023-07-11 11:54:06 - [MESSAGE][PASSED] - Delayed 2 second(s)

2023-07-11 11:54:06 - [TEST_STEP][PASSED] - setText(findTestObject("DIGITURNO/CONFIGURACION/2Distribucion Geografica/4Grupos/Lista de Grupos/input_TextoABuscar"), "Prueba"): Text 'Prueba' is set on object 'Object Repository/DIGITURNO/CONFIGURACION/2Distribucion Geografica/4Grupos/Lista de Grupos/input_TextoABuscar'

2023-07-11 11:54:06 - [MESSAGE][PASSED] - Text 'Prueba' is set on object 'Object Repository/DIGITURNO/CONFIGURACION/2Distribucion Geografica/4Grupos/Lista de Grupos/input_TextoABuscar'

2023-07-11 11:54:06 - [TEST_STEP][PASSED] - delay(3): Delayed 3 second(s)

2023-07-11 11:54:09 - [MESSAGE][PASSED] - Delayed 3 second(s)

2023-07-11 11:54:09 - [TEST_STEP][PASSED] - click(findTestObject("DIGITURNO/CONFIGURACION/2Distribucion Geografica/4Grupos/Lista de Grupos/td_1 Seleccion Busqueda")): Object: 'Object Repository/DIGITURNO/CONFIGURACION/2Distribucion Geografica/4Grupos/Lista de Grupos/td_1 Seleccion Busqueda' is clicked on

2023-07-11 11:54:10 - [MESSAGE][PASSED] - Object: 'Object Repository/DIGITURNO/CONFIGURACION/2Distribucion Geografica/4Grupos/Lista de Grupos/td_1 Seleccion Busqueda' is clicked on

2023-07-11 11:54:10 - [TEST_STEP][PASSED] - delay(3): Delayed 3 second(s)

2023-07-11 11:54:13 - [MESSAGE][PASSED] - Delayed 3 second(s)

2023-07-11 11:54:13 - [TEST_STEP][PASSED] - setText(findTestObject("DIGITURNO/CONFIGURACION/2Distribucion Geografica/4Grupos/Edicion/textarea_Descripcion"), "Grupo Prueba Actualizado"): Text 'Grupo Prueba Actualizado' is set on object 'Object Repository/DIGITURNO/CONFIGURACION/2Distribucion Geografica/4Grupos/Edicion/textarea_Descripcion'

2023-07-11 11:54:14 - [MESSAGE][PASSED] - Text 'Grupo Prueba Actualizado' is set on object 'Object Repository/DIGITURNO/CONFIGURACION/2Distribucion Geografica/4Grupos/Edicion/textarea_Descripcion'

2023-07-11 11:54:14 - [TEST_STEP][PASSED] - click(findTestObject("DIGITURNO/CONFIGURACION/2Distribucion Geografica/4Grupos/Edicion/img_Actualizar")): Object: 'Object Repository/DIGITURNO/CONFIGURACION/2Distribucion Geografica/4Grupos/Edicion/img_Actualizar' is clicked on

2023-07-11 11:54:14 - [MESSAGE][PASSED] - Object: 'Object Repository/DIGITURNO/CONFIGURACION/2Distribucion Geografica/4Grupos/Edicion/img_Actualizar' is clicked on

2023-07-11 11:54:14 - [TEST_STEP][PASSED] - delay(3): Delayed 3 second(s)

2023-07-11 11:54:17 - [MESSAGE][PASSED] - Delayed 3 second(s)

2023-07-11 11:54:17 - [TEST_STEP][PASSED] - takeFullPageScreenshot(): Taking screenshot successfully

2023-07-11 11:54:18 - [MESSAGE][INFO] - 0 hidden object(s)

2023-07-11 11:54:18 - [MESSAGE][PASSED] - Taking screenshot successfully
[[ATTACHMENT|C:\\CIEL INGENIERIA\\Katalon\\Digiturno55\\Reports\\20230711_113602\\DIGITURNO\\BASICO\\25 Grupos Crear Actualizar Eliminar\\20230711_113623\\1689094457646.png]]

2023-07-11 11:54:18 - [TEST_STEP][PASSED] - delay(3): Delayed 3 second(s)

2023-07-11 11:54:21 - [MESSAGE][PASSED] - Delayed 3 second(s)

2023-07-11 11:54:21 - [TEST_STEP][PASSED] - Start listener action : sampleAfterTestCase: null]]></system-out>
         <system-err><![CDATA[]]></system-err>
      </testcase>
      <testcase name="Test Cases/DIGITURNO/BASICO/25 Grupos Eliminar" time="42.14" classname="Test Cases/DIGITURNO/BASICO/25 Grupos Eliminar" status="PASSED">
         <system-out><![CDATA[2023-07-11 11:54:21 - [TEST_CASE][PASSED] - Test Cases/DIGITURNO/BASICO/25 Grupos Eliminar: Test Cases/DIGITURNO/BASICO/25 Grupos Eliminar

2023-07-11 11:54:21 - [TEST_STEP][PASSED] - callTestCase(findTestCase("DIGITURNO/BASICO/21 Distribucion Geografica"), [:], STOP_ON_FAILURE): Call Test Case 'Test Cases/DIGITURNO/BASICO/21 Distribucion Geografica' successfully

2023-07-11 11:54:21 - [TEST_CASE][PASSED] - Test Cases/DIGITURNO/BASICO/21 Distribucion Geografica: Test Cases/DIGITURNO/BASICO/21 Distribucion Geografica

2023-07-11 11:54:21 - [TEST_STEP][PASSED] - callTestCase(findTestCase("0InicioSesion"), [:], STOP_ON_FAILURE): Call Test Case 'Test Cases/0InicioSesion' successfully

2023-07-11 11:54:21 - [TEST_CASE][PASSED] - Test Cases/0InicioSesion: Test Cases/0InicioSesion

2023-07-11 11:54:21 - [TEST_STEP][PASSED] - openBrowser(UrlDigiturno): Browser is opened with url: 'https://PCPruebas101.ciel.cielingenieria.com:8810'

2023-07-11 11:54:21 - [MESSAGE][WARNING] - A browser is already opened. Closing browser and opening a new one

2023-07-11 11:54:22 - [MESSAGE][INFO] - Starting 'Chrome' driver

2023-07-11 11:54:22 - [MESSAGE][INFO] - User set preference: ['args', '[--use-fake-ui-for-media-stream, --disable-notifications]']

2023-07-11 11:54:22 - [MESSAGE][INFO] - Action delay is set to 0 milliseconds

2023-07-11 11:54:24 - [MESSAGE][PASSED] - Browser is opened with url: 'https://PCPruebas101.ciel.cielingenieria.com:8810'

2023-07-11 11:54:24 - [TEST_STEP][PASSED] - maximizeWindow(): Current window maximized

2023-07-11 11:54:24 - [MESSAGE][PASSED] - Current window maximized

2023-07-11 11:54:24 - [TEST_STEP][PASSED] - delay(3): Delayed 3 second(s)

2023-07-11 11:54:27 - [MESSAGE][PASSED] - Delayed 3 second(s)

2023-07-11 11:54:27 - [TEST_STEP][PASSED] - setText(findTestObject("0Inicio Sesion/input_Usuario"), "Ciel"): Text 'Ciel' is set on object 'Object Repository/0Inicio Sesion/input_Usuario'

2023-07-11 11:54:28 - [MESSAGE][PASSED] - Text 'Ciel' is set on object 'Object Repository/0Inicio Sesion/input_Usuario'

2023-07-11 11:54:28 - [TEST_STEP][PASSED] - setText(findTestObject("0Inicio Sesion/input_Clave"), "digiturno"): Text 'digiturno' is set on object 'Object Repository/0Inicio Sesion/input_Clave'

2023-07-11 11:54:28 - [MESSAGE][PASSED] - Text 'digiturno' is set on object 'Object Repository/0Inicio Sesion/input_Clave'

2023-07-11 11:54:28 - [TEST_STEP][PASSED] - click(findTestObject("0Inicio Sesion/btn_IniciarSesion")): Object: 'Object Repository/0Inicio Sesion/btn_IniciarSesion' is clicked on

2023-07-11 11:54:29 - [MESSAGE][PASSED] - Object: 'Object Repository/0Inicio Sesion/btn_IniciarSesion' is clicked on

2023-07-11 11:54:29 - [TEST_STEP][PASSED] - delay(3): Delayed 3 second(s)

2023-07-11 11:54:32 - [MESSAGE][PASSED] - Delayed 3 second(s)

2023-07-11 11:54:32 - [MESSAGE][PASSED] - Call Test Case 'Test Cases/0InicioSesion' successfully

2023-07-11 11:54:32 - [TEST_STEP][PASSED] - click(findTestObject("DIGITURNO/1Principal/img_Configuracion(1)")): Object: 'Object Repository/DIGITURNO/1Principal/img_Configuracion(1)' is clicked on

2023-07-11 11:54:32 - [MESSAGE][PASSED] - Object: 'Object Repository/DIGITURNO/1Principal/img_Configuracion(1)' is clicked on

2023-07-11 11:54:32 - [TEST_STEP][PASSED] - delay(3): Delayed 3 second(s)

2023-07-11 11:54:35 - [MESSAGE][PASSED] - Delayed 3 second(s)

2023-07-11 11:54:35 - [TEST_STEP][PASSED] - click(findTestObject("DIGITURNO/CONFIGURACION/0Principal/img_2Distribucion Geografica")): Object: 'Object Repository/DIGITURNO/CONFIGURACION/0Principal/img_2Distribucion Geografica' is clicked on

2023-07-11 11:54:36 - [MESSAGE][PASSED] - Object: 'Object Repository/DIGITURNO/CONFIGURACION/0Principal/img_2Distribucion Geografica' is clicked on

2023-07-11 11:54:36 - [TEST_STEP][PASSED] - delay(3): Delayed 3 second(s)

2023-07-11 11:54:39 - [MESSAGE][PASSED] - Delayed 3 second(s)

2023-07-11 11:54:39 - [TEST_STEP][PASSED] - takeFullPageScreenshot(): Taking screenshot successfully

2023-07-11 11:54:39 - [MESSAGE][INFO] - 0 hidden object(s)

2023-07-11 11:54:39 - [MESSAGE][PASSED] - Taking screenshot successfully
[[ATTACHMENT|C:\\CIEL INGENIERIA\\Katalon\\Digiturno55\\Reports\\20230711_113602\\DIGITURNO\\BASICO\\25 Grupos Crear Actualizar Eliminar\\20230711_113623\\1689094479245.png]]

2023-07-11 11:54:39 - [TEST_STEP][PASSED] - delay(3): Delayed 3 second(s)

2023-07-11 11:54:42 - [MESSAGE][PASSED] - Delayed 3 second(s)

2023-07-11 11:54:42 - [MESSAGE][PASSED] - Call Test Case 'Test Cases/DIGITURNO/BASICO/21 Distribucion Geografica' successfully

2023-07-11 11:54:42 - [TEST_STEP][PASSED] - click(findTestObject("DIGITURNO/CONFIGURACION/2Distribucion Geografica/0Principal/img_4Grupos")): Object: 'Object Repository/DIGITURNO/CONFIGURACION/2Distribucion Geografica/0Principal/img_4Grupos' is clicked on

2023-07-11 11:54:43 - [MESSAGE][PASSED] - Object: 'Object Repository/DIGITURNO/CONFIGURACION/2Distribucion Geografica/0Principal/img_4Grupos' is clicked on

2023-07-11 11:54:43 - [TEST_STEP][PASSED] - delay(3): Delayed 3 second(s)

2023-07-11 11:54:46 - [MESSAGE][PASSED] - Delayed 3 second(s)

2023-07-11 11:54:46 - [TEST_STEP][PASSED] - click(findTestObject("DIGITURNO/CONFIGURACION/2Distribucion Geografica/4Grupos/0Modal Inicial Oficinas/td_1Bogota - CIEL")): Object: 'Object Repository/DIGITURNO/CONFIGURACION/2Distribucion Geografica/4Grupos/0Modal Inicial Oficinas/td_1Bogota - CIEL' is clicked on

2023-07-11 11:54:46 - [MESSAGE][PASSED] - Object: 'Object Repository/DIGITURNO/CONFIGURACION/2Distribucion Geografica/4Grupos/0Modal Inicial Oficinas/td_1Bogota - CIEL' is clicked on

2023-07-11 11:54:46 - [TEST_STEP][PASSED] - delay(2): Delayed 2 second(s)

2023-07-11 11:54:48 - [MESSAGE][PASSED] - Delayed 2 second(s)

2023-07-11 11:54:48 - [TEST_STEP][PASSED] - setText(findTestObject("DIGITURNO/CONFIGURACION/2Distribucion Geografica/4Grupos/Lista de Grupos/input_TextoABuscar"), "Prueba"): Text 'Prueba' is set on object 'Object Repository/DIGITURNO/CONFIGURACION/2Distribucion Geografica/4Grupos/Lista de Grupos/input_TextoABuscar'

2023-07-11 11:54:49 - [MESSAGE][PASSED] - Text 'Prueba' is set on object 'Object Repository/DIGITURNO/CONFIGURACION/2Distribucion Geografica/4Grupos/Lista de Grupos/input_TextoABuscar'

2023-07-11 11:54:49 - [TEST_STEP][PASSED] - delay(3): Delayed 3 second(s)

2023-07-11 11:54:52 - [MESSAGE][PASSED] - Delayed 3 second(s)

2023-07-11 11:54:52 - [TEST_STEP][PASSED] - click(findTestObject("DIGITURNO/CONFIGURACION/2Distribucion Geografica/4Grupos/Lista de Grupos/td_1 Seleccion Busqueda")): Object: 'Object Repository/DIGITURNO/CONFIGURACION/2Distribucion Geografica/4Grupos/Lista de Grupos/td_1 Seleccion Busqueda' is clicked on

2023-07-11 11:54:53 - [MESSAGE][PASSED] - Object: 'Object Repository/DIGITURNO/CONFIGURACION/2Distribucion Geografica/4Grupos/Lista de Grupos/td_1 Seleccion Busqueda' is clicked on

2023-07-11 11:54:53 - [TEST_STEP][PASSED] - delay(3): Delayed 3 second(s)

2023-07-11 11:54:56 - [MESSAGE][PASSED] - Delayed 3 second(s)

2023-07-11 11:54:56 - [TEST_STEP][PASSED] - click(findTestObject("DIGITURNO/CONFIGURACION/2Distribucion Geografica/4Grupos/Edicion/img_Eliminar")): Object: 'Object Repository/DIGITURNO/CONFIGURACION/2Distribucion Geografica/4Grupos/Edicion/img_Eliminar' is clicked on

2023-07-11 11:54:56 - [MESSAGE][PASSED] - Object: 'Object Repository/DIGITURNO/CONFIGURACION/2Distribucion Geografica/4Grupos/Edicion/img_Eliminar' is clicked on

2023-07-11 11:54:56 - [TEST_STEP][PASSED] - click(findTestObject("DIGITURNO/CONFIGURACION/2Distribucion Geografica/4Grupos/Edicion/img_Eliminar")): Object: 'Object Repository/DIGITURNO/CONFIGURACION/2Distribucion Geografica/4Grupos/Edicion/img_Eliminar' is clicked on

2023-07-11 11:54:56 - [MESSAGE][PASSED] - Object: 'Object Repository/DIGITURNO/CONFIGURACION/2Distribucion Geografica/4Grupos/Edicion/img_Eliminar' is clicked on

2023-07-11 11:54:56 - [TEST_STEP][PASSED] - acceptAlert(): Alert accepted

2023-07-11 11:54:56 - [MESSAGE][PASSED] - Alert accepted

2023-07-11 11:54:56 - [TEST_STEP][PASSED] - delay(3): Delayed 3 second(s)

2023-07-11 11:54:59 - [MESSAGE][PASSED] - Delayed 3 second(s)

2023-07-11 11:54:59 - [TEST_STEP][PASSED] - takeFullPageScreenshot(): Taking screenshot successfully

2023-07-11 11:55:00 - [MESSAGE][INFO] - 0 hidden object(s)

2023-07-11 11:55:00 - [MESSAGE][PASSED] - Taking screenshot successfully
[[ATTACHMENT|C:\\CIEL INGENIERIA\\Katalon\\Digiturno55\\Reports\\20230711_113602\\DIGITURNO\\BASICO\\25 Grupos Crear Actualizar Eliminar\\20230711_113623\\1689094499770.png]]

2023-07-11 11:55:00 - [TEST_STEP][PASSED] - delay(3): Delayed 3 second(s)

2023-07-11 11:55:03 - [MESSAGE][PASSED] - Delayed 3 second(s)

2023-07-11 11:55:03 - [TEST_STEP][PASSED] - Start listener action : sampleAfterTestCase: null]]></system-out>
         <system-err><![CDATA[]]></system-err>
      </testcase>
      <system-out><![CDATA[2023-07-11 11:52:52 - [TEST_SUITE][PASSED] - 25 Grupos Crear Actualizar Eliminar: Test Cases/DIGITURNO/BASICO/25 Grupos Eliminar]]></system-out>
      <system-err><![CDATA[]]></system-err>
   </testsuite>
</testsuites>
