<?xml version="1.0" encoding="UTF-8"?>
<testsuites name="5.1 Crear Oficina WorkFlow" time="60.062" tests="1" failures="0" errors="0">
   <testsuite name="5.1 Crear Oficina WorkFlow" tests="1" failures="0" errors="0" time="60.062" skipped="0" timestamp="2024-03-11 10:20:09" hostname="jdavila - PCPruebas101.ciel.cielingenieria.com" id="Test Suites/WIZARD/3Infraestructura/1Oficinas/5.1 Crear Oficina WorkFlow">
      <properties>
         <property name="deviceName" value=""/>
         <property name="devicePlatform" value=""/>
         <property name="logFolder" value="C:\\CIEL INGENIERIA\\Katalon\\Digiturno55\\Reports\\20240311_101053\\WIZARD\\3Infraestructura\\1Oficinas\\5.1 Crear Oficina WorkFlow\\20240311_101107"/>
         <property name="logFiles" value="C:\\CIEL INGENIERIA\\Katalon\\Digiturno55\\Reports\\20240311_101053\\WIZARD\\3Infraestructura\\1Oficinas\\5.1 Crear Oficina WorkFlow\\20240311_101107\\execution0.log"/>
         <property name="attachments" value="C:\\CIEL INGENIERIA\\Katalon\\Digiturno55\\Reports\\20240311_101053\\WIZARD\\3Infraestructura\\1Oficinas\\5.1 Crear Oficina WorkFlow\\20240311_101107\\1710170465257.png"/>
         <property name="hostName" value="jdavila - PCPruebas101.ciel.cielingenieria.com"/>
         <property name="os" value="Windows 10 64bit"/>
         <property name="katalonVersion" value="8.6.8.208"/>
         <property name="browser" value="Chrome 122.0.0.0"/>
         <property name="hostAddress" value="192.168.91.14"/>
         <property name="sessionId" value="6886be7280af7fec97f10c41d2275a81"/>
         <property name="seleniumVersion" value="3.141.59"/>
         <property name="proxyInformation" value="ProxyInformation { proxyOption=NO_PROXY, proxyServerType=HTTP, username=, password=********, proxyServerAddress=, proxyServerPort=0, executionList=&quot;&quot;, isApplyToDesiredCapabilities=true }"/>
         <property name="platform" value="Windows 10"/>
      </properties>
      <testcase name="Test Cases/WIZARD/3Infraestructura/1Oficinas/5.1 Crear Oficina WorkFlow" time="59.827" classname="Test Cases/WIZARD/3Infraestructura/1Oficinas/5.1 Crear Oficina WorkFlow" status="PASSED">
         <system-out><![CDATA[2024-03-11 10:20:09 - [TEST_CASE][PASSED] - Test Cases/WIZARD/3Infraestructura/1Oficinas/5.1 Crear Oficina WorkFlow: Test Cases/WIZARD/3Infraestructura/1Oficinas/5.1 Crear Oficina WorkFlow

2024-03-11 10:20:09 - [TEST_STEP][PASSED] - callTestCase(findTestCase("0InicioSesion"), [:], STOP_ON_FAILURE): Call Test Case 'Test Cases/0InicioSesion' successfully

2024-03-11 10:20:09 - [TEST_CASE][PASSED] - Test Cases/0InicioSesion: Test Cases/0InicioSesion

2024-03-11 10:20:10 - [TEST_STEP][PASSED] - openBrowser(UrlDigiturno): Browser is opened with url: 'https://PCPruebas101.ciel.cielingenieria.com:8910'

2024-03-11 10:20:10 - [MESSAGE][INFO] - Starting 'Chrome' driver

2024-03-11 10:20:10 - [MESSAGE][INFO] - User set preference: ['args', '[--use-fake-ui-for-media-stream, --disable-notifications]']

2024-03-11 10:20:10 - [MESSAGE][INFO] - Action delay is set to 0 milliseconds

2024-03-11 10:20:13 - [MESSAGE][PASSED] - Browser is opened with url: 'https://PCPruebas101.ciel.cielingenieria.com:8910'

2024-03-11 10:20:13 - [TEST_STEP][PASSED] - maximizeWindow(): Current window maximized

2024-03-11 10:20:13 - [MESSAGE][PASSED] - Current window maximized

2024-03-11 10:20:13 - [TEST_STEP][PASSED] - delay(3): Delayed 3 second(s)

2024-03-11 10:20:16 - [MESSAGE][PASSED] - Delayed 3 second(s)

2024-03-11 10:20:16 - [TEST_STEP][PASSED] - setText(findTestObject("0Inicio Sesion/input_Usuario"), "Ciel"): Text 'Ciel' is set on object 'Object Repository/0Inicio Sesion/input_Usuario'

2024-03-11 10:20:17 - [MESSAGE][PASSED] - Text 'Ciel' is set on object 'Object Repository/0Inicio Sesion/input_Usuario'

2024-03-11 10:20:17 - [TEST_STEP][PASSED] - setText(findTestObject("0Inicio Sesion/input_Clave"), "digiturno"): Text 'digiturno' is set on object 'Object Repository/0Inicio Sesion/input_Clave'

2024-03-11 10:20:18 - [MESSAGE][PASSED] - Text 'digiturno' is set on object 'Object Repository/0Inicio Sesion/input_Clave'

2024-03-11 10:20:18 - [TEST_STEP][PASSED] - click(findTestObject("0Inicio Sesion/btn_IniciarSesion")): Object: 'Object Repository/0Inicio Sesion/btn_IniciarSesion' is clicked on

2024-03-11 10:20:18 - [MESSAGE][PASSED] - Object: 'Object Repository/0Inicio Sesion/btn_IniciarSesion' is clicked on

2024-03-11 10:20:18 - [TEST_STEP][PASSED] - delay(3): Delayed 3 second(s)

2024-03-11 10:20:21 - [MESSAGE][PASSED] - Delayed 3 second(s)

2024-03-11 10:20:21 - [MESSAGE][PASSED] - Call Test Case 'Test Cases/0InicioSesion' successfully

2024-03-11 10:20:21 - [TEST_STEP][PASSED] - click(findTestObject("WIZARD/0Principal/img_InfraestructuraMAX")): Object: 'Object Repository/WIZARD/0Principal/img_InfraestructuraMAX' is clicked on

2024-03-11 10:20:22 - [MESSAGE][PASSED] - Object: 'Object Repository/WIZARD/0Principal/img_InfraestructuraMAX' is clicked on

2024-03-11 10:20:22 - [TEST_STEP][PASSED] - delay(3): Delayed 3 second(s)

2024-03-11 10:20:25 - [MESSAGE][PASSED] - Delayed 3 second(s)

2024-03-11 10:20:25 - [TEST_STEP][PASSED] - click(findTestObject("WIZARD/3Infraestructura/0Menu/span_Oficinas")): Object: 'Object Repository/WIZARD/3Infraestructura/0Menu/span_Oficinas' is clicked on

2024-03-11 10:20:26 - [MESSAGE][PASSED] - Object: 'Object Repository/WIZARD/3Infraestructura/0Menu/span_Oficinas' is clicked on

2024-03-11 10:20:26 - [TEST_STEP][PASSED] - delay(3): Delayed 3 second(s)

2024-03-11 10:20:29 - [MESSAGE][PASSED] - Delayed 3 second(s)

2024-03-11 10:20:29 - [TEST_STEP][PASSED] - selectOptionByLabel(findTestObject("WIZARD/3Infraestructura/1Oficinas/2Edicion/Edicion/select_Pais"), "Colombia", false): All options with label 'Colombia' are selected in object 'Object Repository/WIZARD/3Infraestructura/1Oficinas/2Edicion/Edicion/select_Pais' 

2024-03-11 10:20:30 - [MESSAGE][PASSED] - All options with label 'Colombia' are selected in object 'Object Repository/WIZARD/3Infraestructura/1Oficinas/2Edicion/Edicion/select_Pais' 

2024-03-11 10:20:30 - [TEST_STEP][PASSED] - delay(2): Delayed 2 second(s)

2024-03-11 10:20:32 - [MESSAGE][PASSED] - Delayed 2 second(s)

2024-03-11 10:20:32 - [TEST_STEP][PASSED] - selectOptionByLabel(findTestObject("WIZARD/3Infraestructura/1Oficinas/2Edicion/Edicion/select_Departamento"), "Dpto WorkFlow", false): All options with label 'Dpto WorkFlow' are selected in object 'Object Repository/WIZARD/3Infraestructura/1Oficinas/2Edicion/Edicion/select_Departamento' 

2024-03-11 10:20:33 - [MESSAGE][PASSED] - All options with label 'Dpto WorkFlow' are selected in object 'Object Repository/WIZARD/3Infraestructura/1Oficinas/2Edicion/Edicion/select_Departamento' 

2024-03-11 10:20:33 - [TEST_STEP][PASSED] - delay(2): Delayed 2 second(s)

2024-03-11 10:20:35 - [MESSAGE][PASSED] - Delayed 2 second(s)

2024-03-11 10:20:35 - [TEST_STEP][PASSED] - selectOptionByLabel(findTestObject("WIZARD/3Infraestructura/1Oficinas/2Edicion/Edicion/select_Ciudad"), "WorkFlow", false): All options with label 'WorkFlow' are selected in object 'Object Repository/WIZARD/3Infraestructura/1Oficinas/2Edicion/Edicion/select_Ciudad' 

2024-03-11 10:20:36 - [MESSAGE][PASSED] - All options with label 'WorkFlow' are selected in object 'Object Repository/WIZARD/3Infraestructura/1Oficinas/2Edicion/Edicion/select_Ciudad' 

2024-03-11 10:20:36 - [TEST_STEP][PASSED] - delay(2): Delayed 2 second(s)

2024-03-11 10:20:38 - [MESSAGE][PASSED] - Delayed 2 second(s)

2024-03-11 10:20:38 - [TEST_STEP][PASSED] - setText(findTestObject("WIZARD/3Infraestructura/1Oficinas/2Edicion/Edicion/input_Nombre"), "WorkFlow - Oficina WorkFlow"): Text 'WorkFlow - Oficina WorkFlow' is set on object 'Object Repository/WIZARD/3Infraestructura/1Oficinas/2Edicion/Edicion/input_Nombre'

2024-03-11 10:20:38 - [MESSAGE][PASSED] - Text 'WorkFlow - Oficina WorkFlow' is set on object 'Object Repository/WIZARD/3Infraestructura/1Oficinas/2Edicion/Edicion/input_Nombre'

2024-03-11 10:20:38 - [TEST_STEP][PASSED] - selectOptionByLabel(findTestObject("WIZARD/3Infraestructura/1Oficinas/2Edicion/Edicion/select_Nivel de Pregunta"), "Ninguno", false): All options with label 'Ninguno' are selected in object 'Object Repository/WIZARD/3Infraestructura/1Oficinas/2Edicion/Edicion/select_Nivel de Pregunta' 

2024-03-11 10:20:39 - [MESSAGE][PASSED] - All options with label 'Ninguno' are selected in object 'Object Repository/WIZARD/3Infraestructura/1Oficinas/2Edicion/Edicion/select_Nivel de Pregunta' 

2024-03-11 10:20:39 - [TEST_STEP][PASSED] - delay(3): Delayed 3 second(s)

2024-03-11 10:20:42 - [MESSAGE][PASSED] - Delayed 3 second(s)

2024-03-11 10:20:42 - [TEST_STEP][PASSED] - setText(findTestObject("WIZARD/3Infraestructura/1Oficinas/2Edicion/Edicion/input_MaximoTurnosXCliente"), "2"): Text '2' is set on object 'Object Repository/WIZARD/3Infraestructura/1Oficinas/2Edicion/Edicion/input_MaximoTurnosXCliente'

2024-03-11 10:20:43 - [MESSAGE][PASSED] - Text '2' is set on object 'Object Repository/WIZARD/3Infraestructura/1Oficinas/2Edicion/Edicion/input_MaximoTurnosXCliente'

2024-03-11 10:20:43 - [TEST_STEP][PASSED] - setText(findTestObject("WIZARD/3Infraestructura/1Oficinas/2Edicion/Edicion/input_Nivel de servicio de espera"), "0"): Text '0' is set on object 'Object Repository/WIZARD/3Infraestructura/1Oficinas/2Edicion/Edicion/input_Nivel de servicio de espera'

2024-03-11 10:20:44 - [MESSAGE][PASSED] - Text '0' is set on object 'Object Repository/WIZARD/3Infraestructura/1Oficinas/2Edicion/Edicion/input_Nivel de servicio de espera'

2024-03-11 10:20:44 - [TEST_STEP][PASSED] - scrollToPosition(100, 800): Browser is scrolled to position x = 100, y = 800

2024-03-11 10:20:44 - [MESSAGE][PASSED] - Browser is scrolled to position x = 100, y = 800

2024-03-11 10:20:44 - [TEST_STEP][PASSED] - delay(3): Delayed 3 second(s)

2024-03-11 10:20:47 - [MESSAGE][PASSED] - Delayed 3 second(s)

2024-03-11 10:20:47 - [TEST_STEP][PASSED] - setText(findTestObject("WIZARD/3Infraestructura/1Oficinas/2Edicion/App/input_Nombre a mostrar"), "WorkFlow - Oficina WorkFlow"): Text 'WorkFlow - Oficina WorkFlow' is set on object 'Object Repository/WIZARD/3Infraestructura/1Oficinas/2Edicion/App/input_Nombre a mostrar'

2024-03-11 10:20:48 - [MESSAGE][PASSED] - Text 'WorkFlow - Oficina WorkFlow' is set on object 'Object Repository/WIZARD/3Infraestructura/1Oficinas/2Edicion/App/input_Nombre a mostrar'

2024-03-11 10:20:48 - [TEST_STEP][PASSED] - setText(findTestObject("WIZARD/3Infraestructura/1Oficinas/2Edicion/App/input_Direccion"), "Calle 24 No 21-33"): Text 'Calle 24 No 21-33' is set on object 'Object Repository/WIZARD/3Infraestructura/1Oficinas/2Edicion/App/input_Direccion'

2024-03-11 10:20:48 - [MESSAGE][PASSED] - Text 'Calle 24 No 21-33' is set on object 'Object Repository/WIZARD/3Infraestructura/1Oficinas/2Edicion/App/input_Direccion'

2024-03-11 10:20:48 - [TEST_STEP][PASSED] - setText(findTestObject("WIZARD/3Infraestructura/1Oficinas/2Edicion/App/input_Numero de telefono"), "3279000"): Text '3279000' is set on object 'Object Repository/WIZARD/3Infraestructura/1Oficinas/2Edicion/App/input_Numero de telefono'

2024-03-11 10:20:49 - [MESSAGE][PASSED] - Text '3279000' is set on object 'Object Repository/WIZARD/3Infraestructura/1Oficinas/2Edicion/App/input_Numero de telefono'

2024-03-11 10:20:49 - [TEST_STEP][PASSED] - setText(findTestObject("WIZARD/3Infraestructura/1Oficinas/2Edicion/App/input_Distancia minima creacion turnos (m)"), "100"): Text '100' is set on object 'Object Repository/WIZARD/3Infraestructura/1Oficinas/2Edicion/App/input_Distancia minima creacion turnos (m)'

2024-03-11 10:20:50 - [MESSAGE][PASSED] - Text '100' is set on object 'Object Repository/WIZARD/3Infraestructura/1Oficinas/2Edicion/App/input_Distancia minima creacion turnos (m)'

2024-03-11 10:20:50 - [TEST_STEP][PASSED] - setText(findTestObject("WIZARD/3Infraestructura/1Oficinas/2Edicion/App/input_Cantidad de turnos para prellamado"), "2"): Text '2' is set on object 'Object Repository/WIZARD/3Infraestructura/1Oficinas/2Edicion/App/input_Cantidad de turnos para prellamado'

2024-03-11 10:20:51 - [MESSAGE][PASSED] - Text '2' is set on object 'Object Repository/WIZARD/3Infraestructura/1Oficinas/2Edicion/App/input_Cantidad de turnos para prellamado'

2024-03-11 10:20:51 - [TEST_STEP][PASSED] - delay(3): Delayed 3 second(s)

2024-03-11 10:20:54 - [MESSAGE][PASSED] - Delayed 3 second(s)

2024-03-11 10:20:54 - [TEST_STEP][PASSED] - setText(findTestObject("WIZARD/3Infraestructura/1Oficinas/2Edicion/App/input_Longitud"), "0.0000000000"): Text '0.0000000000' is set on object 'Object Repository/WIZARD/3Infraestructura/1Oficinas/2Edicion/App/input_Longitud'

2024-03-11 10:20:54 - [MESSAGE][PASSED] - Text '0.0000000000' is set on object 'Object Repository/WIZARD/3Infraestructura/1Oficinas/2Edicion/App/input_Longitud'

2024-03-11 10:20:54 - [TEST_STEP][PASSED] - setText(findTestObject("WIZARD/3Infraestructura/1Oficinas/2Edicion/App/input_Latitud"), "0.0000000000"): Text '0.0000000000' is set on object 'Object Repository/WIZARD/3Infraestructura/1Oficinas/2Edicion/App/input_Latitud'

2024-03-11 10:20:55 - [MESSAGE][PASSED] - Text '0.0000000000' is set on object 'Object Repository/WIZARD/3Infraestructura/1Oficinas/2Edicion/App/input_Latitud'

2024-03-11 10:20:55 - [TEST_STEP][PASSED] - delay(3): Delayed 3 second(s)

2024-03-11 10:20:58 - [MESSAGE][PASSED] - Delayed 3 second(s)

2024-03-11 10:20:58 - [TEST_STEP][PASSED] - scrollToPosition(0, 0): Browser is scrolled to position x = 0, y = 0

2024-03-11 10:20:58 - [MESSAGE][PASSED] - Browser is scrolled to position x = 0, y = 0

2024-03-11 10:20:58 - [TEST_STEP][PASSED] - delay(3): Delayed 3 second(s)

2024-03-11 10:21:01 - [MESSAGE][PASSED] - Delayed 3 second(s)

2024-03-11 10:21:01 - [TEST_STEP][PASSED] - click(findTestObject("WIZARD/3Infraestructura/1Oficinas/2Edicion/Edicion/img_Nuevo")): Object: 'Object Repository/WIZARD/3Infraestructura/1Oficinas/2Edicion/Edicion/img_Nuevo' is clicked on

2024-03-11 10:21:02 - [MESSAGE][PASSED] - Object: 'Object Repository/WIZARD/3Infraestructura/1Oficinas/2Edicion/Edicion/img_Nuevo' is clicked on

2024-03-11 10:21:02 - [TEST_STEP][PASSED] - delay(3): Delayed 3 second(s)

2024-03-11 10:21:05 - [MESSAGE][PASSED] - Delayed 3 second(s)

2024-03-11 10:21:05 - [TEST_STEP][PASSED] - takeFullPageScreenshot(): Taking screenshot successfully

2024-03-11 10:21:05 - [MESSAGE][INFO] - 0 hidden object(s)

2024-03-11 10:21:06 - [MESSAGE][PASSED] - Taking screenshot successfully
[[ATTACHMENT|C:\\CIEL INGENIERIA\\Katalon\\Digiturno55\\Reports\\20240311_101053\\WIZARD\\3Infraestructura\\1Oficinas\\5.1 Crear Oficina WorkFlow\\20240311_101107\\1710170465257.png]]

2024-03-11 10:21:06 - [TEST_STEP][PASSED] - delay(3): Delayed 3 second(s)

2024-03-11 10:21:09 - [MESSAGE][PASSED] - Delayed 3 second(s)

2024-03-11 10:21:09 - [TEST_STEP][PASSED] - Start listener action : sampleAfterTestCase: null]]></system-out>
         <system-err><![CDATA[]]></system-err>
      </testcase>
      <system-out><![CDATA[2024-03-11 10:20:09 - [TEST_SUITE][PASSED] - 5.1 Crear Oficina WorkFlow: Test Cases/WIZARD/3Infraestructura/1Oficinas/5.1 Crear Oficina WorkFlow]]></system-out>
      <system-err><![CDATA[]]></system-err>
   </testsuite>
</testsuites>
