<?xml version="1.0" encoding="UTF-8"?>
<testsuites name="33 Terminales Crear Actualizar Eliminar" time="150.126" tests="3" failures="0" errors="0">
   <testsuite name="33 Terminales Crear Actualizar Eliminar" tests="3" failures="0" errors="0" time="150.126" skipped="0" timestamp="2024-04-08 09:32:52" hostname="jdavila - PCPruebas101.ciel.cielingenieria.com" id="Test Suites/DIGITURNO/BASICO/33 Terminales Crear Actualizar Eliminar">
      <properties>
         <property name="deviceName" value=""/>
         <property name="devicePlatform" value=""/>
         <property name="logFolder" value="C:\\CIEL INGENIERIA\\Katalon\\Digiturno55\\Reports\\20240408_090839\\DIGITURNO\\BASICO\\33 Terminales Crear Actualizar Eliminar\\20240408_090914"/>
         <property name="logFiles" value="C:\\CIEL INGENIERIA\\Katalon\\Digiturno55\\Reports\\20240408_090839\\DIGITURNO\\BASICO\\33 Terminales Crear Actualizar Eliminar\\20240408_090914\\execution0.log"/>
         <property name="attachments" value="C:\\CIEL INGENIERIA\\Katalon\\Digiturno55\\Reports\\20240408_090839\\DIGITURNO\\BASICO\\33 Terminales Crear Actualizar Eliminar\\20240408_090914\\1712586789015.png, C:\\CIEL INGENIERIA\\Katalon\\Digiturno55\\Reports\\20240408_090839\\DIGITURNO\\BASICO\\33 Terminales Crear Actualizar Eliminar\\20240408_090914\\1712586796393.png, C:\\CIEL INGENIERIA\\Katalon\\Digiturno55\\Reports\\20240408_090839\\DIGITURNO\\BASICO\\33 Terminales Crear Actualizar Eliminar\\20240408_090914\\1712586823020.png, C:\\CIEL INGENIERIA\\Katalon\\Digiturno55\\Reports\\20240408_090839\\DIGITURNO\\BASICO\\33 Terminales Crear Actualizar Eliminar\\20240408_090914\\1712586841573.png, C:\\CIEL INGENIERIA\\Katalon\\Digiturno55\\Reports\\20240408_090839\\DIGITURNO\\BASICO\\33 Terminales Crear Actualizar Eliminar\\20240408_090914\\1712586848928.png, C:\\CIEL INGENIERIA\\Katalon\\Digiturno55\\Reports\\20240408_090839\\DIGITURNO\\BASICO\\33 Terminales Crear Actualizar Eliminar\\20240408_090914\\1712586874716.png, C:\\CIEL INGENIERIA\\Katalon\\Digiturno55\\Reports\\20240408_090839\\DIGITURNO\\BASICO\\33 Terminales Crear Actualizar Eliminar\\20240408_090914\\1712586895022.png, C:\\CIEL INGENIERIA\\Katalon\\Digiturno55\\Reports\\20240408_090839\\DIGITURNO\\BASICO\\33 Terminales Crear Actualizar Eliminar\\20240408_090914\\1712586902171.png, C:\\CIEL INGENIERIA\\Katalon\\Digiturno55\\Reports\\20240408_090839\\DIGITURNO\\BASICO\\33 Terminales Crear Actualizar Eliminar\\20240408_090914\\1712586919395.png"/>
         <property name="hostName" value="jdavila - PCPruebas101.ciel.cielingenieria.com"/>
         <property name="os" value="Windows 10 64bit"/>
         <property name="katalonVersion" value="8.6.9.208"/>
         <property name="browser" value="Chrome 123.0.0.0"/>
         <property name="hostAddress" value="192.168.0.6"/>
         <property name="sessionId" value="5d3abf1d78c39fb093c3f0ec0e7b8b60"/>
         <property name="seleniumVersion" value="3.141.59"/>
         <property name="proxyInformation" value="ProxyInformation { proxyOption=NO_PROXY, proxyServerType=HTTP, username=, password=********, proxyServerAddress=, proxyServerPort=0, executionList=&quot;&quot;, isApplyToDesiredCapabilities=true }"/>
         <property name="platform" value="Windows 10"/>
      </properties>
      <testcase name="Test Cases/DIGITURNO/BASICO/33 Terminales Crear" time="53.696" classname="Test Cases/DIGITURNO/BASICO/33 Terminales Crear" status="PASSED">
         <system-out><![CDATA[2024-04-08 09:32:53 - [TEST_CASE][PASSED] - Test Cases/DIGITURNO/BASICO/33 Terminales Crear: Test Cases/DIGITURNO/BASICO/33 Terminales Crear

2024-04-08 09:32:53 - [TEST_STEP][PASSED] - callTestCase(findTestCase("DIGITURNO/BASICO/32 Elementos del Sistema"), [:], STOP_ON_FAILURE): Call Test Case 'Test Cases/DIGITURNO/BASICO/32 Elementos del Sistema' successfully

2024-04-08 09:32:53 - [TEST_CASE][PASSED] - Test Cases/DIGITURNO/BASICO/32 Elementos del Sistema: Test Cases/DIGITURNO/BASICO/32 Elementos del Sistema

2024-04-08 09:32:53 - [TEST_STEP][PASSED] - callTestCase(findTestCase("DIGITURNO/BASICO/3 Configuracion"), [:], STOP_ON_FAILURE): Call Test Case 'Test Cases/DIGITURNO/BASICO/3 Configuracion' successfully

2024-04-08 09:32:53 - [TEST_CASE][PASSED] - Test Cases/DIGITURNO/BASICO/3 Configuracion: Test Cases/DIGITURNO/BASICO/3 Configuracion

2024-04-08 09:32:54 - [TEST_STEP][PASSED] - callTestCase(findTestCase("0InicioSesion"), [:], STOP_ON_FAILURE): Call Test Case 'Test Cases/0InicioSesion' successfully

2024-04-08 09:32:54 - [TEST_CASE][PASSED] - Test Cases/0InicioSesion: Test Cases/0InicioSesion

2024-04-08 09:32:54 - [TEST_STEP][PASSED] - openBrowser(UrlDigiturno): Browser is opened with url: 'https://PCPruebas101.ciel.cielingenieria.com:8910'

2024-04-08 09:32:54 - [MESSAGE][INFO] - Starting 'Chrome' driver

2024-04-08 09:32:54 - [MESSAGE][INFO] - User set preference: ['args', '[--use-fake-ui-for-media-stream, --disable-notifications]']

2024-04-08 09:32:54 - [MESSAGE][INFO] - Action delay is set to 0 milliseconds

2024-04-08 09:32:57 - [MESSAGE][PASSED] - Browser is opened with url: 'https://PCPruebas101.ciel.cielingenieria.com:8910'

2024-04-08 09:32:57 - [TEST_STEP][PASSED] - maximizeWindow(): Current window maximized

2024-04-08 09:32:57 - [MESSAGE][PASSED] - Current window maximized

2024-04-08 09:32:57 - [TEST_STEP][PASSED] - delay(3): Delayed 3 second(s)

2024-04-08 09:33:00 - [MESSAGE][PASSED] - Delayed 3 second(s)

2024-04-08 09:33:00 - [TEST_STEP][PASSED] - setText(findTestObject("0Inicio Sesion/input_Usuario"), "Ciel"): Text 'Ciel' is set on object 'Object Repository/0Inicio Sesion/input_Usuario'

2024-04-08 09:33:01 - [MESSAGE][PASSED] - Text 'Ciel' is set on object 'Object Repository/0Inicio Sesion/input_Usuario'

2024-04-08 09:33:01 - [TEST_STEP][PASSED] - setText(findTestObject("0Inicio Sesion/input_Clave"), "digiturno"): Text 'digiturno' is set on object 'Object Repository/0Inicio Sesion/input_Clave'

2024-04-08 09:33:01 - [MESSAGE][PASSED] - Text 'digiturno' is set on object 'Object Repository/0Inicio Sesion/input_Clave'

2024-04-08 09:33:01 - [TEST_STEP][PASSED] - click(findTestObject("0Inicio Sesion/btn_IniciarSesion")): Object: 'Object Repository/0Inicio Sesion/btn_IniciarSesion' is clicked on

2024-04-08 09:33:02 - [MESSAGE][PASSED] - Object: 'Object Repository/0Inicio Sesion/btn_IniciarSesion' is clicked on

2024-04-08 09:33:02 - [TEST_STEP][PASSED] - delay(3): Delayed 3 second(s)

2024-04-08 09:33:05 - [MESSAGE][PASSED] - Delayed 3 second(s)

2024-04-08 09:33:05 - [MESSAGE][PASSED] - Call Test Case 'Test Cases/0InicioSesion' successfully

2024-04-08 09:33:05 - [TEST_STEP][PASSED] - click(findTestObject("DIGITURNO/1Principal/img_Configuracion(1)")): Object: 'Object Repository/DIGITURNO/1Principal/img_Configuracion(1)' is clicked on

2024-04-08 09:33:05 - [MESSAGE][PASSED] - Object: 'Object Repository/DIGITURNO/1Principal/img_Configuracion(1)' is clicked on

2024-04-08 09:33:05 - [TEST_STEP][PASSED] - delay(3): Delayed 3 second(s)

2024-04-08 09:33:08 - [MESSAGE][PASSED] - Delayed 3 second(s)

2024-04-08 09:33:08 - [TEST_STEP][PASSED] - takeFullPageScreenshot(): Taking screenshot successfully

2024-04-08 09:33:09 - [MESSAGE][INFO] - 0 hidden object(s)

2024-04-08 09:33:09 - [MESSAGE][PASSED] - Taking screenshot successfully
[[ATTACHMENT|C:\\CIEL INGENIERIA\\Katalon\\Digiturno55\\Reports\\20240408_090839\\DIGITURNO\\BASICO\\33 Terminales Crear Actualizar Eliminar\\20240408_090914\\1712586789015.png]]

2024-04-08 09:33:09 - [TEST_STEP][PASSED] - delay(3): Delayed 3 second(s)

2024-04-08 09:33:12 - [MESSAGE][PASSED] - Delayed 3 second(s)

2024-04-08 09:33:12 - [MESSAGE][PASSED] - Call Test Case 'Test Cases/DIGITURNO/BASICO/3 Configuracion' successfully

2024-04-08 09:33:12 - [TEST_STEP][PASSED] - click(findTestObject("DIGITURNO/CONFIGURACION/0Principal/img_6Elementos del sistema")): Object: 'Object Repository/DIGITURNO/CONFIGURACION/0Principal/img_6Elementos del sistema' is clicked on

2024-04-08 09:33:13 - [MESSAGE][PASSED] - Object: 'Object Repository/DIGITURNO/CONFIGURACION/0Principal/img_6Elementos del sistema' is clicked on

2024-04-08 09:33:13 - [TEST_STEP][PASSED] - delay(3): Delayed 3 second(s)

2024-04-08 09:33:16 - [MESSAGE][PASSED] - Delayed 3 second(s)

2024-04-08 09:33:16 - [TEST_STEP][PASSED] - takeFullPageScreenshot(): Taking screenshot successfully

2024-04-08 09:33:16 - [MESSAGE][INFO] - 0 hidden object(s)

2024-04-08 09:33:16 - [MESSAGE][PASSED] - Taking screenshot successfully
[[ATTACHMENT|C:\\CIEL INGENIERIA\\Katalon\\Digiturno55\\Reports\\20240408_090839\\DIGITURNO\\BASICO\\33 Terminales Crear Actualizar Eliminar\\20240408_090914\\1712586796393.png]]

2024-04-08 09:33:16 - [TEST_STEP][PASSED] - delay(3): Delayed 3 second(s)

2024-04-08 09:33:19 - [MESSAGE][PASSED] - Delayed 3 second(s)

2024-04-08 09:33:19 - [MESSAGE][PASSED] - Call Test Case 'Test Cases/DIGITURNO/BASICO/32 Elementos del Sistema' successfully

2024-04-08 09:33:19 - [TEST_STEP][PASSED] - click(findTestObject("DIGITURNO/CONFIGURACION/6Elementos del Sistema/0Principal/img_3Terminales")): Object: 'Object Repository/DIGITURNO/CONFIGURACION/6Elementos del Sistema/0Principal/img_3Terminales' is clicked on

2024-04-08 09:33:21 - [MESSAGE][PASSED] - Object: 'Object Repository/DIGITURNO/CONFIGURACION/6Elementos del Sistema/0Principal/img_3Terminales' is clicked on

2024-04-08 09:33:21 - [TEST_STEP][PASSED] - delay(3): Delayed 3 second(s)

2024-04-08 09:33:24 - [MESSAGE][PASSED] - Delayed 3 second(s)

2024-04-08 09:33:24 - [TEST_STEP][PASSED] - click(findTestObject("DIGITURNO/CONFIGURACION/6Elementos del Sistema/3 Terminales/0 Modal oficina/td_1Bogota - CIEL")): Object: 'Object Repository/DIGITURNO/CONFIGURACION/6Elementos del Sistema/3 Terminales/0 Modal oficina/td_1Bogota - CIEL' is clicked on

2024-04-08 09:33:24 - [MESSAGE][PASSED] - Object: 'Object Repository/DIGITURNO/CONFIGURACION/6Elementos del Sistema/3 Terminales/0 Modal oficina/td_1Bogota - CIEL' is clicked on

2024-04-08 09:33:24 - [TEST_STEP][PASSED] - delay(3): Delayed 3 second(s)

2024-04-08 09:33:27 - [MESSAGE][PASSED] - Delayed 3 second(s)

2024-04-08 09:33:27 - [TEST_STEP][PASSED] - click(findTestObject("DIGITURNO/CONFIGURACION/6Elementos del Sistema/3 Terminales/Edicion/btn_SeleccionarGrupo")): Object: 'Object Repository/DIGITURNO/CONFIGURACION/6Elementos del Sistema/3 Terminales/Edicion/btn_SeleccionarGrupo' is clicked on

2024-04-08 09:33:28 - [MESSAGE][PASSED] - Object: 'Object Repository/DIGITURNO/CONFIGURACION/6Elementos del Sistema/3 Terminales/Edicion/btn_SeleccionarGrupo' is clicked on

2024-04-08 09:33:28 - [TEST_STEP][PASSED] - delay(2): Delayed 2 second(s)

2024-04-08 09:33:30 - [MESSAGE][PASSED] - Delayed 2 second(s)

2024-04-08 09:33:30 - [TEST_STEP][PASSED] - click(findTestObject("DIGITURNO/CONFIGURACION/6Elementos del Sistema/3 Terminales/Edicion/btn_Seleccionar Grupo(1)/a_1Grupo General")): Object: 'Object Repository/DIGITURNO/CONFIGURACION/6Elementos del Sistema/3 Terminales/Edicion/btn_Seleccionar Grupo(1)/a_1Grupo General' is clicked on

2024-04-08 09:33:30 - [MESSAGE][PASSED] - Object: 'Object Repository/DIGITURNO/CONFIGURACION/6Elementos del Sistema/3 Terminales/Edicion/btn_Seleccionar Grupo(1)/a_1Grupo General' is clicked on

2024-04-08 09:33:30 - [TEST_STEP][PASSED] - delay(3): Delayed 3 second(s)

2024-04-08 09:33:33 - [MESSAGE][PASSED] - Delayed 3 second(s)

2024-04-08 09:33:33 - [TEST_STEP][PASSED] - setText(findTestObject("DIGITURNO/CONFIGURACION/6Elementos del Sistema/3 Terminales/Edicion/input_Nombre"), "Prueba"): Text 'Prueba' is set on object 'Object Repository/DIGITURNO/CONFIGURACION/6Elementos del Sistema/3 Terminales/Edicion/input_Nombre'

2024-04-08 09:33:34 - [MESSAGE][PASSED] - Text 'Prueba' is set on object 'Object Repository/DIGITURNO/CONFIGURACION/6Elementos del Sistema/3 Terminales/Edicion/input_Nombre'

2024-04-08 09:33:34 - [TEST_STEP][PASSED] - setText(findTestObject("DIGITURNO/CONFIGURACION/6Elementos del Sistema/3 Terminales/Edicion/textarea_Descripcion"), "Prueba"): Text 'Prueba' is set on object 'Object Repository/DIGITURNO/CONFIGURACION/6Elementos del Sistema/3 Terminales/Edicion/textarea_Descripcion'

2024-04-08 09:33:35 - [MESSAGE][PASSED] - Text 'Prueba' is set on object 'Object Repository/DIGITURNO/CONFIGURACION/6Elementos del Sistema/3 Terminales/Edicion/textarea_Descripcion'

2024-04-08 09:33:35 - [TEST_STEP][PASSED] - selectOptionByIndex(findTestObject("DIGITURNO/CONFIGURACION/6Elementos del Sistema/3 Terminales/Edicion/select_Tipo Terminal"), 0, STOP_ON_FAILURE): All options with index in [0] are selected on object 'Object Repository/DIGITURNO/CONFIGURACION/6Elementos del Sistema/3 Terminales/Edicion/select_Tipo Terminal'

2024-04-08 09:33:36 - [MESSAGE][PASSED] - All options with index in [0] are selected on object 'Object Repository/DIGITURNO/CONFIGURACION/6Elementos del Sistema/3 Terminales/Edicion/select_Tipo Terminal'

2024-04-08 09:33:36 - [TEST_STEP][PASSED] - delay(2): Delayed 2 second(s)

2024-04-08 09:33:38 - [MESSAGE][PASSED] - Delayed 2 second(s)

2024-04-08 09:33:38 - [TEST_STEP][PASSED] - setText(findTestObject("DIGITURNO/CONFIGURACION/6Elementos del Sistema/3 Terminales/Edicion/input_Direccion en sala"), "9"): Text '9' is set on object 'Object Repository/DIGITURNO/CONFIGURACION/6Elementos del Sistema/3 Terminales/Edicion/input_Direccion en sala'

2024-04-08 09:33:39 - [MESSAGE][PASSED] - Text '9' is set on object 'Object Repository/DIGITURNO/CONFIGURACION/6Elementos del Sistema/3 Terminales/Edicion/input_Direccion en sala'

2024-04-08 09:33:39 - [TEST_STEP][PASSED] - check(findTestObject("DIGITURNO/CONFIGURACION/6Elementos del Sistema/3 Terminales/Edicion/label_Mostrar Ventana Emergente")): Object 'Object Repository/DIGITURNO/CONFIGURACION/6Elementos del Sistema/3 Terminales/Edicion/label_Mostrar Ventana Emergente' is checked

2024-04-08 09:33:39 - [MESSAGE][PASSED] - Object 'Object Repository/DIGITURNO/CONFIGURACION/6Elementos del Sistema/3 Terminales/Edicion/label_Mostrar Ventana Emergente' is checked

2024-04-08 09:33:39 - [TEST_STEP][PASSED] - click(findTestObject("DIGITURNO/CONFIGURACION/6Elementos del Sistema/3 Terminales/Edicion/img_Nuevo")): Object: 'Object Repository/DIGITURNO/CONFIGURACION/6Elementos del Sistema/3 Terminales/Edicion/img_Nuevo' is clicked on

2024-04-08 09:33:40 - [MESSAGE][PASSED] - Object: 'Object Repository/DIGITURNO/CONFIGURACION/6Elementos del Sistema/3 Terminales/Edicion/img_Nuevo' is clicked on

2024-04-08 09:33:40 - [TEST_STEP][PASSED] - delay(3): Delayed 3 second(s)

2024-04-08 09:33:43 - [MESSAGE][PASSED] - Delayed 3 second(s)

2024-04-08 09:33:43 - [TEST_STEP][PASSED] - takeFullPageScreenshot(): Taking screenshot successfully

2024-04-08 09:33:43 - [MESSAGE][INFO] - 0 hidden object(s)

2024-04-08 09:33:43 - [MESSAGE][PASSED] - Taking screenshot successfully
[[ATTACHMENT|C:\\CIEL INGENIERIA\\Katalon\\Digiturno55\\Reports\\20240408_090839\\DIGITURNO\\BASICO\\33 Terminales Crear Actualizar Eliminar\\20240408_090914\\1712586823020.png]]

2024-04-08 09:33:43 - [TEST_STEP][PASSED] - delay(3): Delayed 3 second(s)

2024-04-08 09:33:46 - [MESSAGE][PASSED] - Delayed 3 second(s)

2024-04-08 09:33:46 - [TEST_STEP][PASSED] - Start listener action : sampleAfterTestCase: null]]></system-out>
         <system-err><![CDATA[]]></system-err>
      </testcase>
      <testcase name="Test Cases/DIGITURNO/BASICO/33 Terminales Actualizar" time="51.743" classname="Test Cases/DIGITURNO/BASICO/33 Terminales Actualizar" status="PASSED">
         <system-out><![CDATA[2024-04-08 09:33:46 - [TEST_CASE][PASSED] - Test Cases/DIGITURNO/BASICO/33 Terminales Actualizar: Test Cases/DIGITURNO/BASICO/33 Terminales Actualizar

2024-04-08 09:33:47 - [TEST_STEP][PASSED] - callTestCase(findTestCase("DIGITURNO/BASICO/32 Elementos del Sistema"), [:], STOP_ON_FAILURE): Call Test Case 'Test Cases/DIGITURNO/BASICO/32 Elementos del Sistema' successfully

2024-04-08 09:33:47 - [TEST_CASE][PASSED] - Test Cases/DIGITURNO/BASICO/32 Elementos del Sistema: Test Cases/DIGITURNO/BASICO/32 Elementos del Sistema

2024-04-08 09:33:47 - [TEST_STEP][PASSED] - callTestCase(findTestCase("DIGITURNO/BASICO/3 Configuracion"), [:], STOP_ON_FAILURE): Call Test Case 'Test Cases/DIGITURNO/BASICO/3 Configuracion' successfully

2024-04-08 09:33:47 - [TEST_CASE][PASSED] - Test Cases/DIGITURNO/BASICO/3 Configuracion: Test Cases/DIGITURNO/BASICO/3 Configuracion

2024-04-08 09:33:47 - [TEST_STEP][PASSED] - callTestCase(findTestCase("0InicioSesion"), [:], STOP_ON_FAILURE): Call Test Case 'Test Cases/0InicioSesion' successfully

2024-04-08 09:33:47 - [TEST_CASE][PASSED] - Test Cases/0InicioSesion: Test Cases/0InicioSesion

2024-04-08 09:33:47 - [TEST_STEP][PASSED] - openBrowser(UrlDigiturno): Browser is opened with url: 'https://PCPruebas101.ciel.cielingenieria.com:8910'

2024-04-08 09:33:47 - [MESSAGE][WARNING] - A browser is already opened. Closing browser and opening a new one

2024-04-08 09:33:48 - [MESSAGE][INFO] - Starting 'Chrome' driver

2024-04-08 09:33:48 - [MESSAGE][INFO] - User set preference: ['args', '[--use-fake-ui-for-media-stream, --disable-notifications]']

2024-04-08 09:33:48 - [MESSAGE][INFO] - Action delay is set to 0 milliseconds

2024-04-08 09:33:49 - [MESSAGE][PASSED] - Browser is opened with url: 'https://PCPruebas101.ciel.cielingenieria.com:8910'

2024-04-08 09:33:49 - [TEST_STEP][PASSED] - maximizeWindow(): Current window maximized

2024-04-08 09:33:49 - [MESSAGE][PASSED] - Current window maximized

2024-04-08 09:33:49 - [TEST_STEP][PASSED] - delay(3): Delayed 3 second(s)

2024-04-08 09:33:52 - [MESSAGE][PASSED] - Delayed 3 second(s)

2024-04-08 09:33:52 - [TEST_STEP][PASSED] - setText(findTestObject("0Inicio Sesion/input_Usuario"), "Ciel"): Text 'Ciel' is set on object 'Object Repository/0Inicio Sesion/input_Usuario'

2024-04-08 09:33:53 - [MESSAGE][PASSED] - Text 'Ciel' is set on object 'Object Repository/0Inicio Sesion/input_Usuario'

2024-04-08 09:33:53 - [TEST_STEP][PASSED] - setText(findTestObject("0Inicio Sesion/input_Clave"), "digiturno"): Text 'digiturno' is set on object 'Object Repository/0Inicio Sesion/input_Clave'

2024-04-08 09:33:54 - [MESSAGE][PASSED] - Text 'digiturno' is set on object 'Object Repository/0Inicio Sesion/input_Clave'

2024-04-08 09:33:54 - [TEST_STEP][PASSED] - click(findTestObject("0Inicio Sesion/btn_IniciarSesion")): Object: 'Object Repository/0Inicio Sesion/btn_IniciarSesion' is clicked on

2024-04-08 09:33:54 - [MESSAGE][PASSED] - Object: 'Object Repository/0Inicio Sesion/btn_IniciarSesion' is clicked on

2024-04-08 09:33:54 - [TEST_STEP][PASSED] - delay(3): Delayed 3 second(s)

2024-04-08 09:33:57 - [MESSAGE][PASSED] - Delayed 3 second(s)

2024-04-08 09:33:57 - [MESSAGE][PASSED] - Call Test Case 'Test Cases/0InicioSesion' successfully

2024-04-08 09:33:57 - [TEST_STEP][PASSED] - click(findTestObject("DIGITURNO/1Principal/img_Configuracion(1)")): Object: 'Object Repository/DIGITURNO/1Principal/img_Configuracion(1)' is clicked on

2024-04-08 09:33:58 - [MESSAGE][PASSED] - Object: 'Object Repository/DIGITURNO/1Principal/img_Configuracion(1)' is clicked on

2024-04-08 09:33:58 - [TEST_STEP][PASSED] - delay(3): Delayed 3 second(s)

2024-04-08 09:34:01 - [MESSAGE][PASSED] - Delayed 3 second(s)

2024-04-08 09:34:01 - [TEST_STEP][PASSED] - takeFullPageScreenshot(): Taking screenshot successfully

2024-04-08 09:34:02 - [MESSAGE][INFO] - 0 hidden object(s)

2024-04-08 09:34:02 - [MESSAGE][PASSED] - Taking screenshot successfully
[[ATTACHMENT|C:\\CIEL INGENIERIA\\Katalon\\Digiturno55\\Reports\\20240408_090839\\DIGITURNO\\BASICO\\33 Terminales Crear Actualizar Eliminar\\20240408_090914\\1712586841573.png]]

2024-04-08 09:34:02 - [TEST_STEP][PASSED] - delay(3): Delayed 3 second(s)

2024-04-08 09:34:05 - [MESSAGE][PASSED] - Delayed 3 second(s)

2024-04-08 09:34:05 - [MESSAGE][PASSED] - Call Test Case 'Test Cases/DIGITURNO/BASICO/3 Configuracion' successfully

2024-04-08 09:34:05 - [TEST_STEP][PASSED] - click(findTestObject("DIGITURNO/CONFIGURACION/0Principal/img_6Elementos del sistema")): Object: 'Object Repository/DIGITURNO/CONFIGURACION/0Principal/img_6Elementos del sistema' is clicked on

2024-04-08 09:34:05 - [MESSAGE][PASSED] - Object: 'Object Repository/DIGITURNO/CONFIGURACION/0Principal/img_6Elementos del sistema' is clicked on

2024-04-08 09:34:05 - [TEST_STEP][PASSED] - delay(3): Delayed 3 second(s)

2024-04-08 09:34:08 - [MESSAGE][PASSED] - Delayed 3 second(s)

2024-04-08 09:34:08 - [TEST_STEP][PASSED] - takeFullPageScreenshot(): Taking screenshot successfully

2024-04-08 09:34:09 - [MESSAGE][INFO] - 0 hidden object(s)

2024-04-08 09:34:09 - [MESSAGE][PASSED] - Taking screenshot successfully
[[ATTACHMENT|C:\\CIEL INGENIERIA\\Katalon\\Digiturno55\\Reports\\20240408_090839\\DIGITURNO\\BASICO\\33 Terminales Crear Actualizar Eliminar\\20240408_090914\\1712586848928.png]]

2024-04-08 09:34:09 - [TEST_STEP][PASSED] - delay(3): Delayed 3 second(s)

2024-04-08 09:34:12 - [MESSAGE][PASSED] - Delayed 3 second(s)

2024-04-08 09:34:12 - [MESSAGE][PASSED] - Call Test Case 'Test Cases/DIGITURNO/BASICO/32 Elementos del Sistema' successfully

2024-04-08 09:34:12 - [TEST_STEP][PASSED] - click(findTestObject("DIGITURNO/CONFIGURACION/6Elementos del Sistema/0Principal/img_3Terminales")): Object: 'Object Repository/DIGITURNO/CONFIGURACION/6Elementos del Sistema/0Principal/img_3Terminales' is clicked on

2024-04-08 09:34:13 - [MESSAGE][PASSED] - Object: 'Object Repository/DIGITURNO/CONFIGURACION/6Elementos del Sistema/0Principal/img_3Terminales' is clicked on

2024-04-08 09:34:13 - [TEST_STEP][PASSED] - delay(3): Delayed 3 second(s)

2024-04-08 09:34:16 - [MESSAGE][PASSED] - Delayed 3 second(s)

2024-04-08 09:34:16 - [TEST_STEP][PASSED] - click(findTestObject("DIGITURNO/CONFIGURACION/6Elementos del Sistema/3 Terminales/0 Modal oficina/td_1Bogota - CIEL")): Object: 'Object Repository/DIGITURNO/CONFIGURACION/6Elementos del Sistema/3 Terminales/0 Modal oficina/td_1Bogota - CIEL' is clicked on

2024-04-08 09:34:16 - [MESSAGE][PASSED] - Object: 'Object Repository/DIGITURNO/CONFIGURACION/6Elementos del Sistema/3 Terminales/0 Modal oficina/td_1Bogota - CIEL' is clicked on

2024-04-08 09:34:16 - [TEST_STEP][PASSED] - delay(3): Delayed 3 second(s)

2024-04-08 09:34:19 - [MESSAGE][PASSED] - Delayed 3 second(s)

2024-04-08 09:34:19 - [TEST_STEP][PASSED] - setText(findTestObject("DIGITURNO/CONFIGURACION/6Elementos del Sistema/3 Terminales/Lista de Terminales/input_TextoABuscar"), "Prueba"): Text 'Prueba' is set on object 'Object Repository/DIGITURNO/CONFIGURACION/6Elementos del Sistema/3 Terminales/Lista de Terminales/input_TextoABuscar'

2024-04-08 09:34:20 - [MESSAGE][PASSED] - Text 'Prueba' is set on object 'Object Repository/DIGITURNO/CONFIGURACION/6Elementos del Sistema/3 Terminales/Lista de Terminales/input_TextoABuscar'

2024-04-08 09:34:20 - [TEST_STEP][PASSED] - delay(2): Delayed 2 second(s)

2024-04-08 09:34:22 - [MESSAGE][PASSED] - Delayed 2 second(s)

2024-04-08 09:34:22 - [TEST_STEP][PASSED] - click(findTestObject("DIGITURNO/CONFIGURACION/6Elementos del Sistema/3 Terminales/Lista de Terminales/td_1 Seleccion Busqueda")): Object: 'Object Repository/DIGITURNO/CONFIGURACION/6Elementos del Sistema/3 Terminales/Lista de Terminales/td_1 Seleccion Busqueda' is clicked on

2024-04-08 09:34:22 - [MESSAGE][PASSED] - Object: 'Object Repository/DIGITURNO/CONFIGURACION/6Elementos del Sistema/3 Terminales/Lista de Terminales/td_1 Seleccion Busqueda' is clicked on

2024-04-08 09:34:22 - [TEST_STEP][PASSED] - delay(3): Delayed 3 second(s)

2024-04-08 09:34:25 - [MESSAGE][PASSED] - Delayed 3 second(s)

2024-04-08 09:34:25 - [TEST_STEP][PASSED] - setText(findTestObject("DIGITURNO/CONFIGURACION/6Elementos del Sistema/3 Terminales/Edicion/textarea_Descripcion"), "Prueba actualizada"): Text 'Prueba actualizada' is set on object 'Object Repository/DIGITURNO/CONFIGURACION/6Elementos del Sistema/3 Terminales/Edicion/textarea_Descripcion'

2024-04-08 09:34:26 - [MESSAGE][PASSED] - Text 'Prueba actualizada' is set on object 'Object Repository/DIGITURNO/CONFIGURACION/6Elementos del Sistema/3 Terminales/Edicion/textarea_Descripcion'

2024-04-08 09:34:26 - [TEST_STEP][PASSED] - selectOptionByIndex(findTestObject("DIGITURNO/CONFIGURACION/6Elementos del Sistema/3 Terminales/Edicion/select_Tipo Terminal"), 3): All options with index in [3] are selected on object 'Object Repository/DIGITURNO/CONFIGURACION/6Elementos del Sistema/3 Terminales/Edicion/select_Tipo Terminal'

2024-04-08 09:34:28 - [MESSAGE][PASSED] - All options with index in [3] are selected on object 'Object Repository/DIGITURNO/CONFIGURACION/6Elementos del Sistema/3 Terminales/Edicion/select_Tipo Terminal'

2024-04-08 09:34:28 - [TEST_STEP][PASSED] - delay(3): Delayed 3 second(s)

2024-04-08 09:34:31 - [MESSAGE][PASSED] - Delayed 3 second(s)

2024-04-08 09:34:31 - [TEST_STEP][PASSED] - scrollToPosition(0, 0): Browser is scrolled to position x = 0, y = 0

2024-04-08 09:34:31 - [MESSAGE][PASSED] - Browser is scrolled to position x = 0, y = 0

2024-04-08 09:34:31 - [TEST_STEP][PASSED] - click(findTestObject("DIGITURNO/CONFIGURACION/6Elementos del Sistema/3 Terminales/Edicion/img_Actualizar")): Object: 'Object Repository/DIGITURNO/CONFIGURACION/6Elementos del Sistema/3 Terminales/Edicion/img_Actualizar' is clicked on

2024-04-08 09:34:31 - [MESSAGE][PASSED] - Object: 'Object Repository/DIGITURNO/CONFIGURACION/6Elementos del Sistema/3 Terminales/Edicion/img_Actualizar' is clicked on

2024-04-08 09:34:31 - [TEST_STEP][PASSED] - delay(3): Delayed 3 second(s)

2024-04-08 09:34:34 - [MESSAGE][PASSED] - Delayed 3 second(s)

2024-04-08 09:34:34 - [TEST_STEP][PASSED] - takeFullPageScreenshot(): Taking screenshot successfully

2024-04-08 09:34:35 - [MESSAGE][INFO] - 0 hidden object(s)

2024-04-08 09:34:35 - [MESSAGE][PASSED] - Taking screenshot successfully
[[ATTACHMENT|C:\\CIEL INGENIERIA\\Katalon\\Digiturno55\\Reports\\20240408_090839\\DIGITURNO\\BASICO\\33 Terminales Crear Actualizar Eliminar\\20240408_090914\\1712586874716.png]]

2024-04-08 09:34:35 - [TEST_STEP][PASSED] - delay(3): Delayed 3 second(s)

2024-04-08 09:34:38 - [MESSAGE][PASSED] - Delayed 3 second(s)

2024-04-08 09:34:38 - [TEST_STEP][PASSED] - Start listener action : sampleAfterTestCase: null]]></system-out>
         <system-err><![CDATA[]]></system-err>
      </testcase>
      <testcase name="Test Cases/DIGITURNO/BASICO/33 Terminales Eliminar" time="44.429" classname="Test Cases/DIGITURNO/BASICO/33 Terminales Eliminar" status="PASSED">
         <system-out><![CDATA[2024-04-08 09:34:38 - [TEST_CASE][PASSED] - Test Cases/DIGITURNO/BASICO/33 Terminales Eliminar: Test Cases/DIGITURNO/BASICO/33 Terminales Eliminar

2024-04-08 09:34:38 - [TEST_STEP][PASSED] - callTestCase(findTestCase("DIGITURNO/BASICO/32 Elementos del Sistema"), [:], STOP_ON_FAILURE): Call Test Case 'Test Cases/DIGITURNO/BASICO/32 Elementos del Sistema' successfully

2024-04-08 09:34:39 - [TEST_CASE][PASSED] - Test Cases/DIGITURNO/BASICO/32 Elementos del Sistema: Test Cases/DIGITURNO/BASICO/32 Elementos del Sistema

2024-04-08 09:34:39 - [TEST_STEP][PASSED] - callTestCase(findTestCase("DIGITURNO/BASICO/3 Configuracion"), [:], STOP_ON_FAILURE): Call Test Case 'Test Cases/DIGITURNO/BASICO/3 Configuracion' successfully

2024-04-08 09:34:39 - [TEST_CASE][PASSED] - Test Cases/DIGITURNO/BASICO/3 Configuracion: Test Cases/DIGITURNO/BASICO/3 Configuracion

2024-04-08 09:34:39 - [TEST_STEP][PASSED] - callTestCase(findTestCase("0InicioSesion"), [:], STOP_ON_FAILURE): Call Test Case 'Test Cases/0InicioSesion' successfully

2024-04-08 09:34:39 - [TEST_CASE][PASSED] - Test Cases/0InicioSesion: Test Cases/0InicioSesion

2024-04-08 09:34:39 - [TEST_STEP][PASSED] - openBrowser(UrlDigiturno): Browser is opened with url: 'https://PCPruebas101.ciel.cielingenieria.com:8910'

2024-04-08 09:34:39 - [MESSAGE][WARNING] - A browser is already opened. Closing browser and opening a new one

2024-04-08 09:34:40 - [MESSAGE][INFO] - Starting 'Chrome' driver

2024-04-08 09:34:40 - [MESSAGE][INFO] - User set preference: ['args', '[--use-fake-ui-for-media-stream, --disable-notifications]']

2024-04-08 09:34:40 - [MESSAGE][INFO] - Action delay is set to 0 milliseconds

2024-04-08 09:34:43 - [MESSAGE][PASSED] - Browser is opened with url: 'https://PCPruebas101.ciel.cielingenieria.com:8910'

2024-04-08 09:34:43 - [TEST_STEP][PASSED] - maximizeWindow(): Current window maximized

2024-04-08 09:34:43 - [MESSAGE][PASSED] - Current window maximized

2024-04-08 09:34:43 - [TEST_STEP][PASSED] - delay(3): Delayed 3 second(s)

2024-04-08 09:34:46 - [MESSAGE][PASSED] - Delayed 3 second(s)

2024-04-08 09:34:46 - [TEST_STEP][PASSED] - setText(findTestObject("0Inicio Sesion/input_Usuario"), "Ciel"): Text 'Ciel' is set on object 'Object Repository/0Inicio Sesion/input_Usuario'

2024-04-08 09:34:47 - [MESSAGE][PASSED] - Text 'Ciel' is set on object 'Object Repository/0Inicio Sesion/input_Usuario'

2024-04-08 09:34:47 - [TEST_STEP][PASSED] - setText(findTestObject("0Inicio Sesion/input_Clave"), "digiturno"): Text 'digiturno' is set on object 'Object Repository/0Inicio Sesion/input_Clave'

2024-04-08 09:34:47 - [MESSAGE][PASSED] - Text 'digiturno' is set on object 'Object Repository/0Inicio Sesion/input_Clave'

2024-04-08 09:34:47 - [TEST_STEP][PASSED] - click(findTestObject("0Inicio Sesion/btn_IniciarSesion")): Object: 'Object Repository/0Inicio Sesion/btn_IniciarSesion' is clicked on

2024-04-08 09:34:48 - [MESSAGE][PASSED] - Object: 'Object Repository/0Inicio Sesion/btn_IniciarSesion' is clicked on

2024-04-08 09:34:48 - [TEST_STEP][PASSED] - delay(3): Delayed 3 second(s)

2024-04-08 09:34:51 - [MESSAGE][PASSED] - Delayed 3 second(s)

2024-04-08 09:34:51 - [MESSAGE][PASSED] - Call Test Case 'Test Cases/0InicioSesion' successfully

2024-04-08 09:34:51 - [TEST_STEP][PASSED] - click(findTestObject("DIGITURNO/1Principal/img_Configuracion(1)")): Object: 'Object Repository/DIGITURNO/1Principal/img_Configuracion(1)' is clicked on

2024-04-08 09:34:52 - [MESSAGE][PASSED] - Object: 'Object Repository/DIGITURNO/1Principal/img_Configuracion(1)' is clicked on

2024-04-08 09:34:52 - [TEST_STEP][PASSED] - delay(3): Delayed 3 second(s)

2024-04-08 09:34:55 - [MESSAGE][PASSED] - Delayed 3 second(s)

2024-04-08 09:34:55 - [TEST_STEP][PASSED] - takeFullPageScreenshot(): Taking screenshot successfully

2024-04-08 09:34:55 - [MESSAGE][INFO] - 0 hidden object(s)

2024-04-08 09:34:55 - [MESSAGE][PASSED] - Taking screenshot successfully
[[ATTACHMENT|C:\\CIEL INGENIERIA\\Katalon\\Digiturno55\\Reports\\20240408_090839\\DIGITURNO\\BASICO\\33 Terminales Crear Actualizar Eliminar\\20240408_090914\\1712586895022.png]]

2024-04-08 09:34:55 - [TEST_STEP][PASSED] - delay(3): Delayed 3 second(s)

2024-04-08 09:34:58 - [MESSAGE][PASSED] - Delayed 3 second(s)

2024-04-08 09:34:58 - [MESSAGE][PASSED] - Call Test Case 'Test Cases/DIGITURNO/BASICO/3 Configuracion' successfully

2024-04-08 09:34:58 - [TEST_STEP][PASSED] - click(findTestObject("DIGITURNO/CONFIGURACION/0Principal/img_6Elementos del sistema")): Object: 'Object Repository/DIGITURNO/CONFIGURACION/0Principal/img_6Elementos del sistema' is clicked on

2024-04-08 09:34:59 - [MESSAGE][PASSED] - Object: 'Object Repository/DIGITURNO/CONFIGURACION/0Principal/img_6Elementos del sistema' is clicked on

2024-04-08 09:34:59 - [TEST_STEP][PASSED] - delay(3): Delayed 3 second(s)

2024-04-08 09:35:02 - [MESSAGE][PASSED] - Delayed 3 second(s)

2024-04-08 09:35:02 - [TEST_STEP][PASSED] - takeFullPageScreenshot(): Taking screenshot successfully

2024-04-08 09:35:02 - [MESSAGE][INFO] - 0 hidden object(s)

2024-04-08 09:35:02 - [MESSAGE][PASSED] - Taking screenshot successfully
[[ATTACHMENT|C:\\CIEL INGENIERIA\\Katalon\\Digiturno55\\Reports\\20240408_090839\\DIGITURNO\\BASICO\\33 Terminales Crear Actualizar Eliminar\\20240408_090914\\1712586902171.png]]

2024-04-08 09:35:02 - [TEST_STEP][PASSED] - delay(3): Delayed 3 second(s)

2024-04-08 09:35:05 - [MESSAGE][PASSED] - Delayed 3 second(s)

2024-04-08 09:35:05 - [MESSAGE][PASSED] - Call Test Case 'Test Cases/DIGITURNO/BASICO/32 Elementos del Sistema' successfully

2024-04-08 09:35:05 - [TEST_STEP][PASSED] - click(findTestObject("DIGITURNO/CONFIGURACION/6Elementos del Sistema/0Principal/img_3Terminales")): Object: 'Object Repository/DIGITURNO/CONFIGURACION/6Elementos del Sistema/0Principal/img_3Terminales' is clicked on

2024-04-08 09:35:06 - [MESSAGE][PASSED] - Object: 'Object Repository/DIGITURNO/CONFIGURACION/6Elementos del Sistema/0Principal/img_3Terminales' is clicked on

2024-04-08 09:35:06 - [TEST_STEP][PASSED] - delay(3): Delayed 3 second(s)

2024-04-08 09:35:09 - [MESSAGE][PASSED] - Delayed 3 second(s)

2024-04-08 09:35:09 - [TEST_STEP][PASSED] - click(findTestObject("DIGITURNO/CONFIGURACION/6Elementos del Sistema/3 Terminales/0 Modal oficina/td_1Bogota - CIEL")): Object: 'Object Repository/DIGITURNO/CONFIGURACION/6Elementos del Sistema/3 Terminales/0 Modal oficina/td_1Bogota - CIEL' is clicked on

2024-04-08 09:35:09 - [MESSAGE][PASSED] - Object: 'Object Repository/DIGITURNO/CONFIGURACION/6Elementos del Sistema/3 Terminales/0 Modal oficina/td_1Bogota - CIEL' is clicked on

2024-04-08 09:35:09 - [TEST_STEP][PASSED] - setText(findTestObject("DIGITURNO/CONFIGURACION/6Elementos del Sistema/3 Terminales/Lista de Terminales/input_TextoABuscar"), "Prueba"): Text 'Prueba' is set on object 'Object Repository/DIGITURNO/CONFIGURACION/6Elementos del Sistema/3 Terminales/Lista de Terminales/input_TextoABuscar'

2024-04-08 09:35:11 - [MESSAGE][PASSED] - Text 'Prueba' is set on object 'Object Repository/DIGITURNO/CONFIGURACION/6Elementos del Sistema/3 Terminales/Lista de Terminales/input_TextoABuscar'

2024-04-08 09:35:11 - [TEST_STEP][PASSED] - delay(2): Delayed 2 second(s)

2024-04-08 09:35:13 - [MESSAGE][PASSED] - Delayed 2 second(s)

2024-04-08 09:35:13 - [TEST_STEP][PASSED] - click(findTestObject("DIGITURNO/CONFIGURACION/6Elementos del Sistema/3 Terminales/Lista de Terminales/td_1 Seleccion Busqueda")): Object: 'Object Repository/DIGITURNO/CONFIGURACION/6Elementos del Sistema/3 Terminales/Lista de Terminales/td_1 Seleccion Busqueda' is clicked on

2024-04-08 09:35:13 - [MESSAGE][PASSED] - Object: 'Object Repository/DIGITURNO/CONFIGURACION/6Elementos del Sistema/3 Terminales/Lista de Terminales/td_1 Seleccion Busqueda' is clicked on

2024-04-08 09:35:13 - [TEST_STEP][PASSED] - delay(3): Delayed 3 second(s)

2024-04-08 09:35:16 - [MESSAGE][PASSED] - Delayed 3 second(s)

2024-04-08 09:35:16 - [TEST_STEP][PASSED] - click(findTestObject("DIGITURNO/CONFIGURACION/6Elementos del Sistema/3 Terminales/Edicion/img_Eliminar")): Object: 'Object Repository/DIGITURNO/CONFIGURACION/6Elementos del Sistema/3 Terminales/Edicion/img_Eliminar' is clicked on

2024-04-08 09:35:17 - [MESSAGE][PASSED] - Object: 'Object Repository/DIGITURNO/CONFIGURACION/6Elementos del Sistema/3 Terminales/Edicion/img_Eliminar' is clicked on

2024-04-08 09:35:17 - [TEST_STEP][PASSED] - click(findTestObject("DIGITURNO/CONFIGURACION/6Elementos del Sistema/3 Terminales/Edicion/img_Eliminar")): Object: 'Object Repository/DIGITURNO/CONFIGURACION/6Elementos del Sistema/3 Terminales/Edicion/img_Eliminar' is clicked on

2024-04-08 09:35:17 - [MESSAGE][PASSED] - Object: 'Object Repository/DIGITURNO/CONFIGURACION/6Elementos del Sistema/3 Terminales/Edicion/img_Eliminar' is clicked on

2024-04-08 09:35:17 - [TEST_STEP][PASSED] - acceptAlert(): Alert accepted

2024-04-08 09:35:17 - [MESSAGE][PASSED] - Alert accepted

2024-04-08 09:35:17 - [TEST_STEP][PASSED] - delay(2): Delayed 2 second(s)

2024-04-08 09:35:19 - [MESSAGE][PASSED] - Delayed 2 second(s)

2024-04-08 09:35:19 - [TEST_STEP][PASSED] - takeFullPageScreenshot(): Taking screenshot successfully

2024-04-08 09:35:19 - [MESSAGE][INFO] - 0 hidden object(s)

2024-04-08 09:35:20 - [MESSAGE][PASSED] - Taking screenshot successfully
[[ATTACHMENT|C:\\CIEL INGENIERIA\\Katalon\\Digiturno55\\Reports\\20240408_090839\\DIGITURNO\\BASICO\\33 Terminales Crear Actualizar Eliminar\\20240408_090914\\1712586919395.png]]

2024-04-08 09:35:20 - [TEST_STEP][PASSED] - delay(3): Delayed 3 second(s)

2024-04-08 09:35:23 - [MESSAGE][PASSED] - Delayed 3 second(s)

2024-04-08 09:35:23 - [TEST_STEP][PASSED] - Start listener action : sampleAfterTestCase: null]]></system-out>
         <system-err><![CDATA[]]></system-err>
      </testcase>
      <system-out><![CDATA[2024-04-08 09:32:52 - [TEST_SUITE][PASSED] - 33 Terminales Crear Actualizar Eliminar: Test Cases/DIGITURNO/BASICO/33 Terminales Eliminar]]></system-out>
      <system-err><![CDATA[]]></system-err>
   </testsuite>
</testsuites>
