<?xml version="1.0" encoding="UTF-8"?>
<testsuites name="1 Inicio de Sesion" time="16.612" tests="1" failures="0" errors="0">
   <testsuite name="1 Inicio de Sesion" tests="1" failures="0" errors="0" time="16.612" skipped="0" timestamp="2024-10-03 17:13:38" hostname="jdavila - PCPruebas101.ciel.cielingenieria.com" id="Test Suites/DIGITURNO/BASICO/1 Inicio de Sesion">
      <properties>
         <property name="deviceName" value=""/>
         <property name="devicePlatform" value=""/>
         <property name="logFolder" value="C:\\CIEL INGENIERIA\\Katalon\\Digiturno55\\Reports\\20241003_171202\\DIGITURNO\\BASICO\\1 Inicio de Sesion\\20241003_171204"/>
         <property name="logFiles" value="C:\\CIEL INGENIERIA\\Katalon\\Digiturno55\\Reports\\20241003_171202\\DIGITURNO\\BASICO\\1 Inicio de Sesion\\20241003_171204\\execution0.log"/>
         <property name="attachments" value="C:\\CIEL INGENIERIA\\Katalon\\Digiturno55\\Reports\\20241003_171202\\DIGITURNO\\BASICO\\1 Inicio de Sesion\\20241003_171204\\1727993631438.png"/>
         <property name="hostName" value="jdavila - PCPruebas101.ciel.cielingenieria.com"/>
         <property name="os" value="Windows 10 64bit"/>
         <property name="katalonVersion" value="8.6.9.208"/>
         <property name="browser" value="Chrome 129.0.0.0"/>
         <property name="hostAddress" value="192.168.91.13"/>
         <property name="sessionId" value="74dc3eeae9835cd0455525204ca6ec83"/>
         <property name="seleniumVersion" value="3.141.59"/>
         <property name="proxyInformation" value="ProxyInformation { proxyOption=NO_PROXY, proxyServerType=HTTP, username=, password=********, proxyServerAddress=, proxyServerPort=0, executionList=&quot;&quot;, isApplyToDesiredCapabilities=true }"/>
         <property name="platform" value="Windows 10"/>
      </properties>
      <testcase name="Test Cases/DIGITURNO/BASICO/1 Inicio de Sesion" time="16.31" classname="Test Cases/DIGITURNO/BASICO/1 Inicio de Sesion" status="PASSED">
         <system-out><![CDATA[2024-10-03 17:13:38 - [TEST_CASE][PASSED] - Test Cases/DIGITURNO/BASICO/1 Inicio de Sesion: Test Cases/DIGITURNO/BASICO/1 Inicio de Sesion

2024-10-03 17:13:39 - [TEST_STEP][PASSED] - callTestCase(findTestCase("0InicioSesion"), [:], STOP_ON_FAILURE): Call Test Case 'Test Cases/0InicioSesion' successfully

2024-10-03 17:13:39 - [TEST_CASE][PASSED] - Test Cases/0InicioSesion: Test Cases/0InicioSesion

2024-10-03 17:13:39 - [TEST_STEP][PASSED] - openBrowser(UrlDigiturno): Browser is opened with url: 'https://PCPruebas101.ciel.cielingenieria.com:8910'

2024-10-03 17:13:40 - [MESSAGE][INFO] - Starting 'Chrome' driver

2024-10-03 17:13:40 - [MESSAGE][INFO] - User set preference: ['args', '[--use-fake-ui-for-media-stream, --disable-notifications]']

2024-10-03 17:13:40 - [MESSAGE][INFO] - Action delay is set to 0 milliseconds

2024-10-03 17:13:43 - [MESSAGE][PASSED] - Browser is opened with url: 'https://PCPruebas101.ciel.cielingenieria.com:8910'

2024-10-03 17:13:43 - [TEST_STEP][PASSED] - maximizeWindow(): Current window maximized

2024-10-03 17:13:43 - [MESSAGE][PASSED] - Current window maximized

2024-10-03 17:13:43 - [TEST_STEP][PASSED] - delay(3): Delayed 3 second(s)

2024-10-03 17:13:46 - [MESSAGE][PASSED] - Delayed 3 second(s)

2024-10-03 17:13:46 - [TEST_STEP][PASSED] - setText(findTestObject("0Inicio Sesion/input_Usuario"), "Ciel"): Text 'Ciel' is set on object 'Object Repository/0Inicio Sesion/input_Usuario'

2024-10-03 17:13:47 - [MESSAGE][PASSED] - Text 'Ciel' is set on object 'Object Repository/0Inicio Sesion/input_Usuario'

2024-10-03 17:13:47 - [TEST_STEP][PASSED] - setText(findTestObject("0Inicio Sesion/input_Clave"), "digiturno"): Text 'digiturno' is set on object 'Object Repository/0Inicio Sesion/input_Clave'

2024-10-03 17:13:47 - [MESSAGE][PASSED] - Text 'digiturno' is set on object 'Object Repository/0Inicio Sesion/input_Clave'

2024-10-03 17:13:47 - [TEST_STEP][PASSED] - click(findTestObject("0Inicio Sesion/btn_IniciarSesion")): Object: 'Object Repository/0Inicio Sesion/btn_IniciarSesion' is clicked on

2024-10-03 17:13:48 - [MESSAGE][PASSED] - Object: 'Object Repository/0Inicio Sesion/btn_IniciarSesion' is clicked on

2024-10-03 17:13:48 - [TEST_STEP][PASSED] - delay(3): Delayed 3 second(s)

2024-10-03 17:13:51 - [MESSAGE][PASSED] - Delayed 3 second(s)

2024-10-03 17:13:51 - [MESSAGE][PASSED] - Call Test Case 'Test Cases/0InicioSesion' successfully

2024-10-03 17:13:51 - [TEST_STEP][PASSED] - takeFullPageScreenshot(): Taking screenshot successfully

2024-10-03 17:13:51 - [MESSAGE][INFO] - 0 hidden object(s)

2024-10-03 17:13:52 - [MESSAGE][PASSED] - Taking screenshot successfully
[[ATTACHMENT|C:\\CIEL INGENIERIA\\Katalon\\Digiturno55\\Reports\\20241003_171202\\DIGITURNO\\BASICO\\1 Inicio de Sesion\\20241003_171204\\1727993631438.png]]

2024-10-03 17:13:52 - [TEST_STEP][PASSED] - delay(3): Delayed 3 second(s)

2024-10-03 17:13:55 - [MESSAGE][PASSED] - Delayed 3 second(s)

2024-10-03 17:13:55 - [TEST_STEP][PASSED] - Start listener action : sampleAfterTestCase: null]]></system-out>
         <system-err><![CDATA[]]></system-err>
      </testcase>
      <system-out><![CDATA[2024-10-03 17:13:38 - [TEST_SUITE][PASSED] - 1 Inicio de Sesion: Test Cases/DIGITURNO/BASICO/1 Inicio de Sesion]]></system-out>
      <system-err><![CDATA[]]></system-err>
   </testsuite>
</testsuites>
