<?xml version="1.0" encoding="UTF-8"?>
<testsuites name="17 Editar Usuario" time="49.49" tests="1" failures="0" errors="0">
   <testsuite name="17 Editar Usuario" tests="1" failures="0" errors="0" time="49.49" skipped="0" timestamp="2024-10-03 17:21:59" hostname="jdavila - PCPruebas101.ciel.cielingenieria.com" id="Test Suites/DIGITURNO/BASICO/17 Editar Usuario">
      <properties>
         <property name="deviceName" value=""/>
         <property name="devicePlatform" value=""/>
         <property name="logFolder" value="C:\\CIEL INGENIERIA\\Katalon\\Digiturno55\\Reports\\20241003_171202\\DIGITURNO\\BASICO\\17 Editar Usuario\\20241003_171221"/>
         <property name="logFiles" value="C:\\CIEL INGENIERIA\\Katalon\\Digiturno55\\Reports\\20241003_171202\\DIGITURNO\\BASICO\\17 Editar Usuario\\20241003_171221\\execution0.log"/>
         <property name="attachments" value="C:\\CIEL INGENIERIA\\Katalon\\Digiturno55\\Reports\\20241003_171202\\DIGITURNO\\BASICO\\17 Editar Usuario\\20241003_171221\\1727994139777.png, C:\\CIEL INGENIERIA\\Katalon\\Digiturno55\\Reports\\20241003_171202\\DIGITURNO\\BASICO\\17 Editar Usuario\\20241003_171221\\1727994165369.png"/>
         <property name="hostName" value="jdavila - PCPruebas101.ciel.cielingenieria.com"/>
         <property name="os" value="Windows 10 64bit"/>
         <property name="katalonVersion" value="8.6.9.208"/>
         <property name="browser" value="Chrome 129.0.0.0"/>
         <property name="hostAddress" value="192.168.91.13"/>
         <property name="sessionId" value="4c4d8dc2ca15a7b806cbeed8ea5b73e1"/>
         <property name="seleniumVersion" value="3.141.59"/>
         <property name="proxyInformation" value="ProxyInformation { proxyOption=NO_PROXY, proxyServerType=HTTP, username=, password=********, proxyServerAddress=, proxyServerPort=0, executionList=&quot;&quot;, isApplyToDesiredCapabilities=true }"/>
         <property name="platform" value="Windows 10"/>
      </properties>
      <testcase name="Test Cases/DIGITURNO/BASICO/17 Editar Usuarios" time="49.181" classname="Test Cases/DIGITURNO/BASICO/17 Editar Usuarios" status="PASSED">
         <system-out><![CDATA[2024-10-03 17:21:59 - [TEST_CASE][PASSED] - Test Cases/DIGITURNO/BASICO/17 Editar Usuarios: Test Cases/DIGITURNO/BASICO/17 Editar Usuarios

2024-10-03 17:22:00 - [TEST_STEP][PASSED] - callTestCase(findTestCase("DIGITURNO/BASICO/5 Usuarios"), [:], STOP_ON_FAILURE): Call Test Case 'Test Cases/DIGITURNO/BASICO/5 Usuarios' successfully

2024-10-03 17:22:00 - [TEST_CASE][PASSED] - Test Cases/DIGITURNO/BASICO/5 Usuarios: Test Cases/DIGITURNO/BASICO/5 Usuarios

2024-10-03 17:22:00 - [TEST_STEP][PASSED] - callTestCase(findTestCase("0InicioSesion"), [:], STOP_ON_FAILURE): Call Test Case 'Test Cases/0InicioSesion' successfully

2024-10-03 17:22:00 - [TEST_CASE][PASSED] - Test Cases/0InicioSesion: Test Cases/0InicioSesion

2024-10-03 17:22:01 - [TEST_STEP][PASSED] - openBrowser(UrlDigiturno): Browser is opened with url: 'https://PCPruebas101.ciel.cielingenieria.com:8910'

2024-10-03 17:22:01 - [MESSAGE][INFO] - Starting 'Chrome' driver

2024-10-03 17:22:01 - [MESSAGE][INFO] - User set preference: ['args', '[--use-fake-ui-for-media-stream, --disable-notifications]']

2024-10-03 17:22:01 - [MESSAGE][INFO] - Action delay is set to 0 milliseconds

2024-10-03 17:22:04 - [MESSAGE][PASSED] - Browser is opened with url: 'https://PCPruebas101.ciel.cielingenieria.com:8910'

2024-10-03 17:22:04 - [TEST_STEP][PASSED] - maximizeWindow(): Current window maximized

2024-10-03 17:22:04 - [MESSAGE][PASSED] - Current window maximized

2024-10-03 17:22:04 - [TEST_STEP][PASSED] - delay(3): Delayed 3 second(s)

2024-10-03 17:22:07 - [MESSAGE][PASSED] - Delayed 3 second(s)

2024-10-03 17:22:07 - [TEST_STEP][PASSED] - setText(findTestObject("0Inicio Sesion/input_Usuario"), "Ciel"): Text 'Ciel' is set on object 'Object Repository/0Inicio Sesion/input_Usuario'

2024-10-03 17:22:08 - [MESSAGE][PASSED] - Text 'Ciel' is set on object 'Object Repository/0Inicio Sesion/input_Usuario'

2024-10-03 17:22:08 - [TEST_STEP][PASSED] - setText(findTestObject("0Inicio Sesion/input_Clave"), "digiturno"): Text 'digiturno' is set on object 'Object Repository/0Inicio Sesion/input_Clave'

2024-10-03 17:22:09 - [MESSAGE][PASSED] - Text 'digiturno' is set on object 'Object Repository/0Inicio Sesion/input_Clave'

2024-10-03 17:22:09 - [TEST_STEP][PASSED] - click(findTestObject("0Inicio Sesion/btn_IniciarSesion")): Object: 'Object Repository/0Inicio Sesion/btn_IniciarSesion' is clicked on

2024-10-03 17:22:09 - [MESSAGE][PASSED] - Object: 'Object Repository/0Inicio Sesion/btn_IniciarSesion' is clicked on

2024-10-03 17:22:09 - [TEST_STEP][PASSED] - delay(3): Delayed 3 second(s)

2024-10-03 17:22:12 - [MESSAGE][PASSED] - Delayed 3 second(s)

2024-10-03 17:22:12 - [MESSAGE][PASSED] - Call Test Case 'Test Cases/0InicioSesion' successfully

2024-10-03 17:22:12 - [TEST_STEP][PASSED] - click(findTestObject("DIGITURNO/1Principal/img_Configuracion(1)")): Object: 'Object Repository/DIGITURNO/1Principal/img_Configuracion(1)' is clicked on

2024-10-03 17:22:13 - [MESSAGE][PASSED] - Object: 'Object Repository/DIGITURNO/1Principal/img_Configuracion(1)' is clicked on

2024-10-03 17:22:13 - [TEST_STEP][PASSED] - delay(3): Delayed 3 second(s)

2024-10-03 17:22:16 - [MESSAGE][PASSED] - Delayed 3 second(s)

2024-10-03 17:22:16 - [TEST_STEP][PASSED] - click(findTestObject("DIGITURNO/CONFIGURACION/0Principal/img_4Usuarios")): Object: 'Object Repository/DIGITURNO/CONFIGURACION/0Principal/img_4Usuarios' is clicked on

2024-10-03 17:22:16 - [MESSAGE][PASSED] - Object: 'Object Repository/DIGITURNO/CONFIGURACION/0Principal/img_4Usuarios' is clicked on

2024-10-03 17:22:16 - [TEST_STEP][PASSED] - delay(3): Delayed 3 second(s)

2024-10-03 17:22:19 - [MESSAGE][PASSED] - Delayed 3 second(s)

2024-10-03 17:22:19 - [TEST_STEP][PASSED] - takeFullPageScreenshot(STOP_ON_FAILURE): Taking screenshot successfully

2024-10-03 17:22:20 - [MESSAGE][INFO] - 0 hidden object(s)

2024-10-03 17:22:20 - [MESSAGE][PASSED] - Taking screenshot successfully
[[ATTACHMENT|C:\\CIEL INGENIERIA\\Katalon\\Digiturno55\\Reports\\20241003_171202\\DIGITURNO\\BASICO\\17 Editar Usuario\\20241003_171221\\1727994139777.png]]

2024-10-03 17:22:20 - [TEST_STEP][PASSED] - delay(3): Delayed 3 second(s)

2024-10-03 17:22:23 - [MESSAGE][PASSED] - Delayed 3 second(s)

2024-10-03 17:22:23 - [MESSAGE][PASSED] - Call Test Case 'Test Cases/DIGITURNO/BASICO/5 Usuarios' successfully

2024-10-03 17:22:23 - [TEST_STEP][PASSED] - delay(3): Delayed 3 second(s)

2024-10-03 17:22:26 - [MESSAGE][PASSED] - Delayed 3 second(s)

2024-10-03 17:22:26 - [TEST_STEP][PASSED] - click(findTestObject("DIGITURNO/CONFIGURACION/4Usuarios/0Principal/img_3Consultar Usuarios")): Object: 'Object Repository/DIGITURNO/CONFIGURACION/4Usuarios/0Principal/img_3Consultar Usuarios' is clicked on

2024-10-03 17:22:26 - [MESSAGE][PASSED] - Object: 'Object Repository/DIGITURNO/CONFIGURACION/4Usuarios/0Principal/img_3Consultar Usuarios' is clicked on

2024-10-03 17:22:26 - [TEST_STEP][PASSED] - delay(3): Delayed 3 second(s)

2024-10-03 17:22:29 - [MESSAGE][PASSED] - Delayed 3 second(s)

2024-10-03 17:22:29 - [TEST_STEP][PASSED] - setText(findTestObject("DIGITURNO/CONFIGURACION/4Usuarios/3Consultar Usuarios/0Filtro Por Nombre de usuario/input_TextoABuscar"), "usuario"): Text 'usuario' is set on object 'Object Repository/DIGITURNO/CONFIGURACION/4Usuarios/3Consultar Usuarios/0Filtro Por Nombre de usuario/input_TextoABuscar'

2024-10-03 17:22:30 - [MESSAGE][PASSED] - Text 'usuario' is set on object 'Object Repository/DIGITURNO/CONFIGURACION/4Usuarios/3Consultar Usuarios/0Filtro Por Nombre de usuario/input_TextoABuscar'

2024-10-03 17:22:30 - [TEST_STEP][PASSED] - click(findTestObject("DIGITURNO/CONFIGURACION/4Usuarios/3Consultar Usuarios/0Filtro Por Nombre de usuario/img_Filtrar")): Object: 'Object Repository/DIGITURNO/CONFIGURACION/4Usuarios/3Consultar Usuarios/0Filtro Por Nombre de usuario/img_Filtrar' is clicked on

2024-10-03 17:22:31 - [MESSAGE][PASSED] - Object: 'Object Repository/DIGITURNO/CONFIGURACION/4Usuarios/3Consultar Usuarios/0Filtro Por Nombre de usuario/img_Filtrar' is clicked on

2024-10-03 17:22:31 - [TEST_STEP][PASSED] - delay(3): Delayed 3 second(s)

2024-10-03 17:22:34 - [MESSAGE][PASSED] - Delayed 3 second(s)

2024-10-03 17:22:34 - [TEST_STEP][PASSED] - click(findTestObject("DIGITURNO/CONFIGURACION/4Usuarios/3Consultar Usuarios/0Filtro Por Nombre de usuario/td_1Lista")): Object: 'Object Repository/DIGITURNO/CONFIGURACION/4Usuarios/3Consultar Usuarios/0Filtro Por Nombre de usuario/td_1Lista' is clicked on

2024-10-03 17:22:34 - [MESSAGE][PASSED] - Object: 'Object Repository/DIGITURNO/CONFIGURACION/4Usuarios/3Consultar Usuarios/0Filtro Por Nombre de usuario/td_1Lista' is clicked on

2024-10-03 17:22:34 - [TEST_STEP][PASSED] - delay(3): Delayed 3 second(s)

2024-10-03 17:22:37 - [MESSAGE][PASSED] - Delayed 3 second(s)

2024-10-03 17:22:37 - [TEST_STEP][PASSED] - click(findTestObject("DIGITURNO/CONFIGURACION/4Usuarios/3Consultar Usuarios/informacion Principal/img_Editar")): Object: 'Object Repository/DIGITURNO/CONFIGURACION/4Usuarios/3Consultar Usuarios/informacion Principal/img_Editar' is clicked on

2024-10-03 17:22:38 - [MESSAGE][PASSED] - Object: 'Object Repository/DIGITURNO/CONFIGURACION/4Usuarios/3Consultar Usuarios/informacion Principal/img_Editar' is clicked on

2024-10-03 17:22:38 - [TEST_STEP][PASSED] - delay(3): Delayed 3 second(s)

2024-10-03 17:22:41 - [MESSAGE][PASSED] - Delayed 3 second(s)

2024-10-03 17:22:41 - [TEST_STEP][PASSED] - setText(findTestObject("DIGITURNO/CONFIGURACION/4Usuarios/3Consultar Usuarios/informacion Principal/img_Editar(1)/input_Numero de celular"), "3192222222"): Text '3192222222' is set on object 'Object Repository/DIGITURNO/CONFIGURACION/4Usuarios/3Consultar Usuarios/informacion Principal/img_Editar(1)/input_Numero de celular'

2024-10-03 17:22:41 - [MESSAGE][PASSED] - Text '3192222222' is set on object 'Object Repository/DIGITURNO/CONFIGURACION/4Usuarios/3Consultar Usuarios/informacion Principal/img_Editar(1)/input_Numero de celular'

2024-10-03 17:22:41 - [TEST_STEP][PASSED] - click(findTestObject("DIGITURNO/CONFIGURACION/4Usuarios/3Consultar Usuarios/informacion Principal/img_Editar(1)/img_Actualizar")): Object: 'Object Repository/DIGITURNO/CONFIGURACION/4Usuarios/3Consultar Usuarios/informacion Principal/img_Editar(1)/img_Actualizar' is clicked on

2024-10-03 17:22:42 - [MESSAGE][PASSED] - Object: 'Object Repository/DIGITURNO/CONFIGURACION/4Usuarios/3Consultar Usuarios/informacion Principal/img_Editar(1)/img_Actualizar' is clicked on

2024-10-03 17:22:42 - [TEST_STEP][PASSED] - delay(3): Delayed 3 second(s)

2024-10-03 17:22:45 - [MESSAGE][PASSED] - Delayed 3 second(s)

2024-10-03 17:22:45 - [TEST_STEP][PASSED] - takeFullPageScreenshot(): Taking screenshot successfully

2024-10-03 17:22:45 - [MESSAGE][INFO] - 0 hidden object(s)

2024-10-03 17:22:46 - [MESSAGE][PASSED] - Taking screenshot successfully
[[ATTACHMENT|C:\\CIEL INGENIERIA\\Katalon\\Digiturno55\\Reports\\20241003_171202\\DIGITURNO\\BASICO\\17 Editar Usuario\\20241003_171221\\1727994165369.png]]

2024-10-03 17:22:46 - [TEST_STEP][PASSED] - delay(3): Delayed 3 second(s)

2024-10-03 17:22:49 - [MESSAGE][PASSED] - Delayed 3 second(s)

2024-10-03 17:22:49 - [TEST_STEP][PASSED] - Start listener action : sampleAfterTestCase: null]]></system-out>
         <system-err><![CDATA[]]></system-err>
      </testcase>
      <system-out><![CDATA[2024-10-03 17:21:59 - [TEST_SUITE][PASSED] - 17 Editar Usuario: Test Cases/DIGITURNO/BASICO/17 Editar Usuarios]]></system-out>
      <system-err><![CDATA[]]></system-err>
   </testsuite>
</testsuites>
