<?xml version="1.0" encoding="UTF-8"?>
<testsuites name="23 Oficinas Crear Actualizar Eliminar" time="154.354" tests="3" failures="0" errors="0">
   <testsuite name="23 Oficinas Crear Actualizar Eliminar" tests="3" failures="0" errors="0" time="154.354" skipped="0" timestamp="2024-04-08 09:20:42" hostname="jdavila - PCPruebas101.ciel.cielingenieria.com" id="Test Suites/DIGITURNO/BASICO/23 Oficinas Crear Actualizar Eliminar">
      <properties>
         <property name="deviceName" value=""/>
         <property name="devicePlatform" value=""/>
         <property name="logFolder" value="C:\\CIEL INGENIERIA\\Katalon\\Digiturno55\\Reports\\20240408_090839\\DIGITURNO\\BASICO\\23 Oficinas Crear Actualizar Eliminar\\20240408_090857"/>
         <property name="logFiles" value="C:\\CIEL INGENIERIA\\Katalon\\Digiturno55\\Reports\\20240408_090839\\DIGITURNO\\BASICO\\23 Oficinas Crear Actualizar Eliminar\\20240408_090857\\execution0.log"/>
         <property name="attachments" value="C:\\CIEL INGENIERIA\\Katalon\\Digiturno55\\Reports\\20240408_090839\\DIGITURNO\\BASICO\\23 Oficinas Crear Actualizar Eliminar\\20240408_090857\\1712586062533.png, C:\\CIEL INGENIERIA\\Katalon\\Digiturno55\\Reports\\20240408_090839\\DIGITURNO\\BASICO\\23 Oficinas Crear Actualizar Eliminar\\20240408_090857\\1712586110887.png, C:\\CIEL INGENIERIA\\Katalon\\Digiturno55\\Reports\\20240408_090839\\DIGITURNO\\BASICO\\23 Oficinas Crear Actualizar Eliminar\\20240408_090857\\1712586134074.png, C:\\CIEL INGENIERIA\\Katalon\\Digiturno55\\Reports\\20240408_090839\\DIGITURNO\\BASICO\\23 Oficinas Crear Actualizar Eliminar\\20240408_090857\\1712586153458.png, C:\\CIEL INGENIERIA\\Katalon\\Digiturno55\\Reports\\20240408_090839\\DIGITURNO\\BASICO\\23 Oficinas Crear Actualizar Eliminar\\20240408_090857\\1712586176298.png, C:\\CIEL INGENIERIA\\Katalon\\Digiturno55\\Reports\\20240408_090839\\DIGITURNO\\BASICO\\23 Oficinas Crear Actualizar Eliminar\\20240408_090857\\1712586193038.png"/>
         <property name="hostName" value="jdavila - PCPruebas101.ciel.cielingenieria.com"/>
         <property name="os" value="Windows 10 64bit"/>
         <property name="katalonVersion" value="8.6.9.208"/>
         <property name="browser" value="Chrome 123.0.0.0"/>
         <property name="hostAddress" value="192.168.0.6"/>
         <property name="sessionId" value="682ce244a033f414dbc134a1d2a61284"/>
         <property name="seleniumVersion" value="3.141.59"/>
         <property name="proxyInformation" value="ProxyInformation { proxyOption=NO_PROXY, proxyServerType=HTTP, username=, password=********, proxyServerAddress=, proxyServerPort=0, executionList=&quot;&quot;, isApplyToDesiredCapabilities=true }"/>
         <property name="platform" value="Windows 10"/>
      </properties>
      <testcase name="Test Cases/DIGITURNO/BASICO/23 Oficinas Crear" time="72.335" classname="Test Cases/DIGITURNO/BASICO/23 Oficinas Crear" status="PASSED">
         <system-out><![CDATA[2024-04-08 09:20:42 - [TEST_CASE][PASSED] - Test Cases/DIGITURNO/BASICO/23 Oficinas Crear: Test Cases/DIGITURNO/BASICO/23 Oficinas Crear

2024-04-08 09:20:43 - [TEST_STEP][PASSED] - callTestCase(findTestCase("DIGITURNO/BASICO/21 Distribucion Geografica"), [:], STOP_ON_FAILURE): Call Test Case 'Test Cases/DIGITURNO/BASICO/21 Distribucion Geografica' successfully

2024-04-08 09:20:43 - [TEST_CASE][PASSED] - Test Cases/DIGITURNO/BASICO/21 Distribucion Geografica: Test Cases/DIGITURNO/BASICO/21 Distribucion Geografica

2024-04-08 09:20:43 - [TEST_STEP][PASSED] - callTestCase(findTestCase("0InicioSesion"), [:], STOP_ON_FAILURE): Call Test Case 'Test Cases/0InicioSesion' successfully

2024-04-08 09:20:43 - [TEST_CASE][PASSED] - Test Cases/0InicioSesion: Test Cases/0InicioSesion

2024-04-08 09:20:43 - [TEST_STEP][PASSED] - openBrowser(UrlDigiturno): Browser is opened with url: 'https://PCPruebas101.ciel.cielingenieria.com:8910'

2024-04-08 09:20:44 - [MESSAGE][INFO] - Starting 'Chrome' driver

2024-04-08 09:20:44 - [MESSAGE][INFO] - User set preference: ['args', '[--use-fake-ui-for-media-stream, --disable-notifications]']

2024-04-08 09:20:44 - [MESSAGE][INFO] - Action delay is set to 0 milliseconds

2024-04-08 09:20:46 - [MESSAGE][PASSED] - Browser is opened with url: 'https://PCPruebas101.ciel.cielingenieria.com:8910'

2024-04-08 09:20:46 - [TEST_STEP][PASSED] - maximizeWindow(): Current window maximized

2024-04-08 09:20:47 - [MESSAGE][PASSED] - Current window maximized

2024-04-08 09:20:47 - [TEST_STEP][PASSED] - delay(3): Delayed 3 second(s)

2024-04-08 09:20:50 - [MESSAGE][PASSED] - Delayed 3 second(s)

2024-04-08 09:20:50 - [TEST_STEP][PASSED] - setText(findTestObject("0Inicio Sesion/input_Usuario"), "Ciel"): Text 'Ciel' is set on object 'Object Repository/0Inicio Sesion/input_Usuario'

2024-04-08 09:20:50 - [MESSAGE][PASSED] - Text 'Ciel' is set on object 'Object Repository/0Inicio Sesion/input_Usuario'

2024-04-08 09:20:50 - [TEST_STEP][PASSED] - setText(findTestObject("0Inicio Sesion/input_Clave"), "digiturno"): Text 'digiturno' is set on object 'Object Repository/0Inicio Sesion/input_Clave'

2024-04-08 09:20:51 - [MESSAGE][PASSED] - Text 'digiturno' is set on object 'Object Repository/0Inicio Sesion/input_Clave'

2024-04-08 09:20:51 - [TEST_STEP][PASSED] - click(findTestObject("0Inicio Sesion/btn_IniciarSesion")): Object: 'Object Repository/0Inicio Sesion/btn_IniciarSesion' is clicked on

2024-04-08 09:20:52 - [MESSAGE][PASSED] - Object: 'Object Repository/0Inicio Sesion/btn_IniciarSesion' is clicked on

2024-04-08 09:20:52 - [TEST_STEP][PASSED] - delay(3): Delayed 3 second(s)

2024-04-08 09:20:55 - [MESSAGE][PASSED] - Delayed 3 second(s)

2024-04-08 09:20:55 - [MESSAGE][PASSED] - Call Test Case 'Test Cases/0InicioSesion' successfully

2024-04-08 09:20:55 - [TEST_STEP][PASSED] - click(findTestObject("DIGITURNO/1Principal/img_Configuracion(1)")): Object: 'Object Repository/DIGITURNO/1Principal/img_Configuracion(1)' is clicked on

2024-04-08 09:20:55 - [MESSAGE][PASSED] - Object: 'Object Repository/DIGITURNO/1Principal/img_Configuracion(1)' is clicked on

2024-04-08 09:20:55 - [TEST_STEP][PASSED] - delay(3): Delayed 3 second(s)

2024-04-08 09:20:58 - [MESSAGE][PASSED] - Delayed 3 second(s)

2024-04-08 09:20:58 - [TEST_STEP][PASSED] - click(findTestObject("DIGITURNO/CONFIGURACION/0Principal/img_2Distribucion Geografica")): Object: 'Object Repository/DIGITURNO/CONFIGURACION/0Principal/img_2Distribucion Geografica' is clicked on

2024-04-08 09:20:59 - [MESSAGE][PASSED] - Object: 'Object Repository/DIGITURNO/CONFIGURACION/0Principal/img_2Distribucion Geografica' is clicked on

2024-04-08 09:20:59 - [TEST_STEP][PASSED] - delay(3): Delayed 3 second(s)

2024-04-08 09:21:02 - [MESSAGE][PASSED] - Delayed 3 second(s)

2024-04-08 09:21:02 - [TEST_STEP][PASSED] - takeFullPageScreenshot(): Taking screenshot successfully

2024-04-08 09:21:03 - [MESSAGE][INFO] - 0 hidden object(s)

2024-04-08 09:21:03 - [MESSAGE][PASSED] - Taking screenshot successfully
[[ATTACHMENT|C:\\CIEL INGENIERIA\\Katalon\\Digiturno55\\Reports\\20240408_090839\\DIGITURNO\\BASICO\\23 Oficinas Crear Actualizar Eliminar\\20240408_090857\\1712586062533.png]]

2024-04-08 09:21:03 - [TEST_STEP][PASSED] - delay(3): Delayed 3 second(s)

2024-04-08 09:21:06 - [MESSAGE][PASSED] - Delayed 3 second(s)

2024-04-08 09:21:06 - [MESSAGE][PASSED] - Call Test Case 'Test Cases/DIGITURNO/BASICO/21 Distribucion Geografica' successfully

2024-04-08 09:21:06 - [TEST_STEP][PASSED] - click(findTestObject("DIGITURNO/CONFIGURACION/2Distribucion Geografica/0Principal/img_2Oficinas")): Object: 'Object Repository/DIGITURNO/CONFIGURACION/2Distribucion Geografica/0Principal/img_2Oficinas' is clicked on

2024-04-08 09:21:07 - [MESSAGE][PASSED] - Object: 'Object Repository/DIGITURNO/CONFIGURACION/2Distribucion Geografica/0Principal/img_2Oficinas' is clicked on

2024-04-08 09:21:07 - [TEST_STEP][PASSED] - delay(2): Delayed 2 second(s)

2024-04-08 09:21:09 - [MESSAGE][PASSED] - Delayed 2 second(s)

2024-04-08 09:21:09 - [TEST_STEP][PASSED] - selectOptionByIndex(findTestObject("DIGITURNO/CONFIGURACION/2Distribucion Geografica/2Oficinas/Edicion/select_Pais"), 1, STOP_ON_FAILURE): All options with index in [1] are selected on object 'Object Repository/DIGITURNO/CONFIGURACION/2Distribucion Geografica/2Oficinas/Edicion/select_Pais'

2024-04-08 09:21:10 - [MESSAGE][PASSED] - All options with index in [1] are selected on object 'Object Repository/DIGITURNO/CONFIGURACION/2Distribucion Geografica/2Oficinas/Edicion/select_Pais'

2024-04-08 09:21:10 - [TEST_STEP][PASSED] - delay(2): Delayed 2 second(s)

2024-04-08 09:21:12 - [MESSAGE][PASSED] - Delayed 2 second(s)

2024-04-08 09:21:12 - [TEST_STEP][PASSED] - selectOptionByIndex(findTestObject("DIGITURNO/CONFIGURACION/2Distribucion Geografica/2Oficinas/Edicion/select_Departamento"), 1): All options with index in [1] are selected on object 'Object Repository/DIGITURNO/CONFIGURACION/2Distribucion Geografica/2Oficinas/Edicion/select_Departamento'

2024-04-08 09:21:14 - [MESSAGE][PASSED] - All options with index in [1] are selected on object 'Object Repository/DIGITURNO/CONFIGURACION/2Distribucion Geografica/2Oficinas/Edicion/select_Departamento'

2024-04-08 09:21:14 - [TEST_STEP][PASSED] - delay(2): Delayed 2 second(s)

2024-04-08 09:21:16 - [MESSAGE][PASSED] - Delayed 2 second(s)

2024-04-08 09:21:16 - [TEST_STEP][PASSED] - selectOptionByIndex(findTestObject("DIGITURNO/CONFIGURACION/2Distribucion Geografica/2Oficinas/Edicion/select_Ciudad"), 1): All options with index in [1] are selected on object 'Object Repository/DIGITURNO/CONFIGURACION/2Distribucion Geografica/2Oficinas/Edicion/select_Ciudad'

2024-04-08 09:21:17 - [MESSAGE][PASSED] - All options with index in [1] are selected on object 'Object Repository/DIGITURNO/CONFIGURACION/2Distribucion Geografica/2Oficinas/Edicion/select_Ciudad'

2024-04-08 09:21:17 - [TEST_STEP][PASSED] - delay(2): Delayed 2 second(s)

2024-04-08 09:21:19 - [MESSAGE][PASSED] - Delayed 2 second(s)

2024-04-08 09:21:19 - [TEST_STEP][PASSED] - setText(findTestObject("DIGITURNO/CONFIGURACION/2Distribucion Geografica/2Oficinas/Edicion/input_Nombre"), "Prueba"): Text 'Prueba' is set on object 'Object Repository/DIGITURNO/CONFIGURACION/2Distribucion Geografica/2Oficinas/Edicion/input_Nombre'

2024-04-08 09:21:20 - [MESSAGE][PASSED] - Text 'Prueba' is set on object 'Object Repository/DIGITURNO/CONFIGURACION/2Distribucion Geografica/2Oficinas/Edicion/input_Nombre'

2024-04-08 09:21:20 - [TEST_STEP][PASSED] - selectOptionByIndex(findTestObject("DIGITURNO/CONFIGURACION/2Distribucion Geografica/2Oficinas/Edicion/select_Nivel Pregunta"), 0, STOP_ON_FAILURE): All options with index in [0] are selected on object 'Object Repository/DIGITURNO/CONFIGURACION/2Distribucion Geografica/2Oficinas/Edicion/select_Nivel Pregunta'

2024-04-08 09:21:21 - [MESSAGE][PASSED] - All options with index in [0] are selected on object 'Object Repository/DIGITURNO/CONFIGURACION/2Distribucion Geografica/2Oficinas/Edicion/select_Nivel Pregunta'

2024-04-08 09:21:21 - [TEST_STEP][PASSED] - delay(2): Delayed 2 second(s)

2024-04-08 09:21:23 - [MESSAGE][PASSED] - Delayed 2 second(s)

2024-04-08 09:21:23 - [TEST_STEP][PASSED] - setText(findTestObject("DIGITURNO/CONFIGURACION/2Distribucion Geografica/2Oficinas/Edicion/input_Nivel de servicio de espera"), "1"): Text '1' is set on object 'Object Repository/DIGITURNO/CONFIGURACION/2Distribucion Geografica/2Oficinas/Edicion/input_Nivel de servicio de espera'

2024-04-08 09:21:23 - [MESSAGE][PASSED] - Text '1' is set on object 'Object Repository/DIGITURNO/CONFIGURACION/2Distribucion Geografica/2Oficinas/Edicion/input_Nivel de servicio de espera'

2024-04-08 09:21:23 - [TEST_STEP][PASSED] - scrollToElement(findTestObject("DIGITURNO/CONFIGURACION/2Distribucion Geografica/2Oficinas/Edicion/App/input_NombreAMostrar"), 0): Scroll to object 'Object Repository/DIGITURNO/CONFIGURACION/2Distribucion Geografica/2Oficinas/Edicion/App/input_NombreAMostrar' successfully

2024-04-08 09:21:24 - [MESSAGE][WARNING] - Timeout '0' is invalid. Using default page load timeout: '30'

2024-04-08 09:21:24 - [MESSAGE][PASSED] - Scroll to object 'Object Repository/DIGITURNO/CONFIGURACION/2Distribucion Geografica/2Oficinas/Edicion/App/input_NombreAMostrar' successfully

2024-04-08 09:21:24 - [TEST_STEP][PASSED] - setText(findTestObject("DIGITURNO/CONFIGURACION/2Distribucion Geografica/2Oficinas/Edicion/App/input_NombreAMostrar"), "Prueba"): Text 'Prueba' is set on object 'Object Repository/DIGITURNO/CONFIGURACION/2Distribucion Geografica/2Oficinas/Edicion/App/input_NombreAMostrar'

2024-04-08 09:21:25 - [MESSAGE][PASSED] - Text 'Prueba' is set on object 'Object Repository/DIGITURNO/CONFIGURACION/2Distribucion Geografica/2Oficinas/Edicion/App/input_NombreAMostrar'

2024-04-08 09:21:25 - [TEST_STEP][PASSED] - setText(findTestObject("DIGITURNO/CONFIGURACION/2Distribucion Geografica/2Oficinas/Edicion/App/input_Direccion"), "Carrera"): Text 'Carrera' is set on object 'Object Repository/DIGITURNO/CONFIGURACION/2Distribucion Geografica/2Oficinas/Edicion/App/input_Direccion'

2024-04-08 09:21:26 - [MESSAGE][PASSED] - Text 'Carrera' is set on object 'Object Repository/DIGITURNO/CONFIGURACION/2Distribucion Geografica/2Oficinas/Edicion/App/input_Direccion'

2024-04-08 09:21:26 - [TEST_STEP][PASSED] - setText(findTestObject("DIGITURNO/CONFIGURACION/2Distribucion Geografica/2Oficinas/Edicion/App/input_Telefono"), "1234567"): Text '1234567' is set on object 'Object Repository/DIGITURNO/CONFIGURACION/2Distribucion Geografica/2Oficinas/Edicion/App/input_Telefono'

2024-04-08 09:21:27 - [MESSAGE][PASSED] - Text '1234567' is set on object 'Object Repository/DIGITURNO/CONFIGURACION/2Distribucion Geografica/2Oficinas/Edicion/App/input_Telefono'

2024-04-08 09:21:27 - [TEST_STEP][PASSED] - setText(findTestObject("DIGITURNO/CONFIGURACION/2Distribucion Geografica/2Oficinas/Edicion/App/input_Distancia minima creacion turnos (m)"), "100"): Text '100' is set on object 'Object Repository/DIGITURNO/CONFIGURACION/2Distribucion Geografica/2Oficinas/Edicion/App/input_Distancia minima creacion turnos (m)'

2024-04-08 09:21:27 - [MESSAGE][PASSED] - Text '100' is set on object 'Object Repository/DIGITURNO/CONFIGURACION/2Distribucion Geografica/2Oficinas/Edicion/App/input_Distancia minima creacion turnos (m)'

2024-04-08 09:21:27 - [TEST_STEP][PASSED] - setText(findTestObject("DIGITURNO/CONFIGURACION/2Distribucion Geografica/2Oficinas/Edicion/App/input_Cantidad de turnos para prellamado"), "2"): Text '2' is set on object 'Object Repository/DIGITURNO/CONFIGURACION/2Distribucion Geografica/2Oficinas/Edicion/App/input_Cantidad de turnos para prellamado'

2024-04-08 09:21:28 - [MESSAGE][PASSED] - Text '2' is set on object 'Object Repository/DIGITURNO/CONFIGURACION/2Distribucion Geografica/2Oficinas/Edicion/App/input_Cantidad de turnos para prellamado'

2024-04-08 09:21:28 - [TEST_STEP][PASSED] - setText(findTestObject("DIGITURNO/CONFIGURACION/2Distribucion Geografica/2Oficinas/Edicion/Coordenada Grafica/input_Longitud"), "0.0000000000"): Text '0.0000000000' is set on object 'Object Repository/DIGITURNO/CONFIGURACION/2Distribucion Geografica/2Oficinas/Edicion/Coordenada Grafica/input_Longitud'

2024-04-08 09:21:29 - [MESSAGE][PASSED] - Text '0.0000000000' is set on object 'Object Repository/DIGITURNO/CONFIGURACION/2Distribucion Geografica/2Oficinas/Edicion/Coordenada Grafica/input_Longitud'

2024-04-08 09:21:29 - [TEST_STEP][PASSED] - setText(findTestObject("DIGITURNO/CONFIGURACION/2Distribucion Geografica/2Oficinas/Edicion/Coordenada Grafica/input_Latitud"), "0.0000000000"): Text '0.0000000000' is set on object 'Object Repository/DIGITURNO/CONFIGURACION/2Distribucion Geografica/2Oficinas/Edicion/Coordenada Grafica/input_Latitud'

2024-04-08 09:21:30 - [MESSAGE][PASSED] - Text '0.0000000000' is set on object 'Object Repository/DIGITURNO/CONFIGURACION/2Distribucion Geografica/2Oficinas/Edicion/Coordenada Grafica/input_Latitud'

2024-04-08 09:21:30 - [TEST_STEP][PASSED] - scrollToPosition(0, 0): Browser is scrolled to position x = 0, y = 0

2024-04-08 09:21:30 - [MESSAGE][PASSED] - Browser is scrolled to position x = 0, y = 0

2024-04-08 09:21:30 - [TEST_STEP][PASSED] - delay(2): Delayed 2 second(s)

2024-04-08 09:21:32 - [MESSAGE][PASSED] - Delayed 2 second(s)

2024-04-08 09:21:32 - [TEST_STEP][PASSED] - click(findTestObject("DIGITURNO/CONFIGURACION/2Distribucion Geografica/2Oficinas/Edicion/img_Nuevo")): Object: 'Object Repository/DIGITURNO/CONFIGURACION/2Distribucion Geografica/2Oficinas/Edicion/img_Nuevo' is clicked on

2024-04-08 09:21:32 - [MESSAGE][PASSED] - Object: 'Object Repository/DIGITURNO/CONFIGURACION/2Distribucion Geografica/2Oficinas/Edicion/img_Nuevo' is clicked on

2024-04-08 09:21:32 - [TEST_STEP][PASSED] - delay(3): Delayed 3 second(s)

2024-04-08 09:21:35 - [MESSAGE][PASSED] - Delayed 3 second(s)

2024-04-08 09:21:35 - [TEST_STEP][PASSED] - click(findTestObject("DIGITURNO/CONFIGURACION/2Distribucion Geografica/2Oficinas/Otras Configuraciones/span_Numeradores")): Object: 'Object Repository/DIGITURNO/CONFIGURACION/2Distribucion Geografica/2Oficinas/Otras Configuraciones/span_Numeradores' is clicked on

2024-04-08 09:21:36 - [MESSAGE][PASSED] - Object: 'Object Repository/DIGITURNO/CONFIGURACION/2Distribucion Geografica/2Oficinas/Otras Configuraciones/span_Numeradores' is clicked on

2024-04-08 09:21:36 - [TEST_STEP][PASSED] - delay(3): Delayed 3 second(s)

2024-04-08 09:21:39 - [MESSAGE][PASSED] - Delayed 3 second(s)

2024-04-08 09:21:39 - [TEST_STEP][PASSED] - scrollToPosition(0, 1800): Browser is scrolled to position x = 0, y = 1800

2024-04-08 09:21:39 - [MESSAGE][PASSED] - Browser is scrolled to position x = 0, y = 1800

2024-04-08 09:21:39 - [TEST_STEP][PASSED] - delay(3): Delayed 3 second(s)

2024-04-08 09:21:42 - [MESSAGE][PASSED] - Delayed 3 second(s)

2024-04-08 09:21:42 - [TEST_STEP][PASSED] - click(findTestObject("DIGITURNO/CONFIGURACION/2Distribucion Geografica/2Oficinas/Otras Configuraciones/span_Numeradores(1)/Numeradores/td_1Numerador Bogota - CIEL")): Object: 'Object Repository/DIGITURNO/CONFIGURACION/2Distribucion Geografica/2Oficinas/Otras Configuraciones/span_Numeradores(1)/Numeradores/td_1Numerador Bogota - CIEL' is clicked on

2024-04-08 09:21:42 - [MESSAGE][PASSED] - Object: 'Object Repository/DIGITURNO/CONFIGURACION/2Distribucion Geografica/2Oficinas/Otras Configuraciones/span_Numeradores(1)/Numeradores/td_1Numerador Bogota - CIEL' is clicked on

2024-04-08 09:21:42 - [TEST_STEP][PASSED] - delay(2): Delayed 2 second(s)

2024-04-08 09:21:44 - [MESSAGE][PASSED] - Delayed 2 second(s)

2024-04-08 09:21:44 - [TEST_STEP][PASSED] - click(findTestObject("DIGITURNO/CONFIGURACION/2Distribucion Geografica/2Oficinas/Otras Configuraciones/span_Numeradores(1)/Colas del sistema/a_SeleccionarTodo")): Object: 'Object Repository/DIGITURNO/CONFIGURACION/2Distribucion Geografica/2Oficinas/Otras Configuraciones/span_Numeradores(1)/Colas del sistema/a_SeleccionarTodo' is clicked on

2024-04-08 09:21:45 - [MESSAGE][PASSED] - Object: 'Object Repository/DIGITURNO/CONFIGURACION/2Distribucion Geografica/2Oficinas/Otras Configuraciones/span_Numeradores(1)/Colas del sistema/a_SeleccionarTodo' is clicked on

2024-04-08 09:21:45 - [TEST_STEP][PASSED] - delay(2): Delayed 2 second(s)

2024-04-08 09:21:47 - [MESSAGE][PASSED] - Delayed 2 second(s)

2024-04-08 09:21:47 - [TEST_STEP][PASSED] - click(findTestObject("DIGITURNO/CONFIGURACION/2Distribucion Geografica/2Oficinas/Otras Configuraciones/span_Numeradores(1)/Numeradores/img_Relacionar colas")): Object: 'Object Repository/DIGITURNO/CONFIGURACION/2Distribucion Geografica/2Oficinas/Otras Configuraciones/span_Numeradores(1)/Numeradores/img_Relacionar colas' is clicked on

2024-04-08 09:21:47 - [MESSAGE][PASSED] - Object: 'Object Repository/DIGITURNO/CONFIGURACION/2Distribucion Geografica/2Oficinas/Otras Configuraciones/span_Numeradores(1)/Numeradores/img_Relacionar colas' is clicked on

2024-04-08 09:21:47 - [TEST_STEP][PASSED] - delay(3): Delayed 3 second(s)

2024-04-08 09:21:50 - [MESSAGE][PASSED] - Delayed 3 second(s)

2024-04-08 09:21:50 - [TEST_STEP][PASSED] - takeFullPageScreenshot(): Taking screenshot successfully

2024-04-08 09:21:51 - [MESSAGE][INFO] - 0 hidden object(s)

2024-04-08 09:21:52 - [MESSAGE][PASSED] - Taking screenshot successfully
[[ATTACHMENT|C:\\CIEL INGENIERIA\\Katalon\\Digiturno55\\Reports\\20240408_090839\\DIGITURNO\\BASICO\\23 Oficinas Crear Actualizar Eliminar\\20240408_090857\\1712586110887.png]]

2024-04-08 09:21:52 - [TEST_STEP][PASSED] - delay(3): Delayed 3 second(s)

2024-04-08 09:21:55 - [MESSAGE][PASSED] - Delayed 3 second(s)

2024-04-08 09:21:55 - [TEST_STEP][PASSED] - Start listener action : sampleAfterTestCase: null]]></system-out>
         <system-err><![CDATA[]]></system-err>
      </testcase>
      <testcase name="Test Cases/DIGITURNO/BASICO/23 Oficinas Actualizar" time="42.272" classname="Test Cases/DIGITURNO/BASICO/23 Oficinas Actualizar" status="PASSED">
         <system-out><![CDATA[2024-04-08 09:21:55 - [TEST_CASE][PASSED] - Test Cases/DIGITURNO/BASICO/23 Oficinas Actualizar: Test Cases/DIGITURNO/BASICO/23 Oficinas Actualizar

2024-04-08 09:21:55 - [TEST_STEP][PASSED] - callTestCase(findTestCase("DIGITURNO/BASICO/21 Distribucion Geografica"), [:], STOP_ON_FAILURE): Call Test Case 'Test Cases/DIGITURNO/BASICO/21 Distribucion Geografica' successfully

2024-04-08 09:21:55 - [TEST_CASE][PASSED] - Test Cases/DIGITURNO/BASICO/21 Distribucion Geografica: Test Cases/DIGITURNO/BASICO/21 Distribucion Geografica

2024-04-08 09:21:55 - [TEST_STEP][PASSED] - callTestCase(findTestCase("0InicioSesion"), [:], STOP_ON_FAILURE): Call Test Case 'Test Cases/0InicioSesion' successfully

2024-04-08 09:21:55 - [TEST_CASE][PASSED] - Test Cases/0InicioSesion: Test Cases/0InicioSesion

2024-04-08 09:21:55 - [TEST_STEP][PASSED] - openBrowser(UrlDigiturno): Browser is opened with url: 'https://PCPruebas101.ciel.cielingenieria.com:8910'

2024-04-08 09:21:55 - [MESSAGE][WARNING] - A browser is already opened. Closing browser and opening a new one

2024-04-08 09:21:56 - [MESSAGE][INFO] - Starting 'Chrome' driver

2024-04-08 09:21:56 - [MESSAGE][INFO] - User set preference: ['args', '[--use-fake-ui-for-media-stream, --disable-notifications]']

2024-04-08 09:21:56 - [MESSAGE][INFO] - Action delay is set to 0 milliseconds

2024-04-08 09:21:58 - [MESSAGE][PASSED] - Browser is opened with url: 'https://PCPruebas101.ciel.cielingenieria.com:8910'

2024-04-08 09:21:58 - [TEST_STEP][PASSED] - maximizeWindow(): Current window maximized

2024-04-08 09:21:58 - [MESSAGE][PASSED] - Current window maximized

2024-04-08 09:21:58 - [TEST_STEP][PASSED] - delay(3): Delayed 3 second(s)

2024-04-08 09:22:01 - [MESSAGE][PASSED] - Delayed 3 second(s)

2024-04-08 09:22:02 - [TEST_STEP][PASSED] - setText(findTestObject("0Inicio Sesion/input_Usuario"), "Ciel"): Text 'Ciel' is set on object 'Object Repository/0Inicio Sesion/input_Usuario'

2024-04-08 09:22:02 - [MESSAGE][PASSED] - Text 'Ciel' is set on object 'Object Repository/0Inicio Sesion/input_Usuario'

2024-04-08 09:22:02 - [TEST_STEP][PASSED] - setText(findTestObject("0Inicio Sesion/input_Clave"), "digiturno"): Text 'digiturno' is set on object 'Object Repository/0Inicio Sesion/input_Clave'

2024-04-08 09:22:03 - [MESSAGE][PASSED] - Text 'digiturno' is set on object 'Object Repository/0Inicio Sesion/input_Clave'

2024-04-08 09:22:03 - [TEST_STEP][PASSED] - click(findTestObject("0Inicio Sesion/btn_IniciarSesion")): Object: 'Object Repository/0Inicio Sesion/btn_IniciarSesion' is clicked on

2024-04-08 09:22:03 - [MESSAGE][PASSED] - Object: 'Object Repository/0Inicio Sesion/btn_IniciarSesion' is clicked on

2024-04-08 09:22:03 - [TEST_STEP][PASSED] - delay(3): Delayed 3 second(s)

2024-04-08 09:22:06 - [MESSAGE][PASSED] - Delayed 3 second(s)

2024-04-08 09:22:06 - [MESSAGE][PASSED] - Call Test Case 'Test Cases/0InicioSesion' successfully

2024-04-08 09:22:06 - [TEST_STEP][PASSED] - click(findTestObject("DIGITURNO/1Principal/img_Configuracion(1)")): Object: 'Object Repository/DIGITURNO/1Principal/img_Configuracion(1)' is clicked on

2024-04-08 09:22:07 - [MESSAGE][PASSED] - Object: 'Object Repository/DIGITURNO/1Principal/img_Configuracion(1)' is clicked on

2024-04-08 09:22:07 - [TEST_STEP][PASSED] - delay(3): Delayed 3 second(s)

2024-04-08 09:22:10 - [MESSAGE][PASSED] - Delayed 3 second(s)

2024-04-08 09:22:10 - [TEST_STEP][PASSED] - click(findTestObject("DIGITURNO/CONFIGURACION/0Principal/img_2Distribucion Geografica")): Object: 'Object Repository/DIGITURNO/CONFIGURACION/0Principal/img_2Distribucion Geografica' is clicked on

2024-04-08 09:22:11 - [MESSAGE][PASSED] - Object: 'Object Repository/DIGITURNO/CONFIGURACION/0Principal/img_2Distribucion Geografica' is clicked on

2024-04-08 09:22:11 - [TEST_STEP][PASSED] - delay(3): Delayed 3 second(s)

2024-04-08 09:22:14 - [MESSAGE][PASSED] - Delayed 3 second(s)

2024-04-08 09:22:14 - [TEST_STEP][PASSED] - takeFullPageScreenshot(): Taking screenshot successfully

2024-04-08 09:22:14 - [MESSAGE][INFO] - 0 hidden object(s)

2024-04-08 09:22:14 - [MESSAGE][PASSED] - Taking screenshot successfully
[[ATTACHMENT|C:\\CIEL INGENIERIA\\Katalon\\Digiturno55\\Reports\\20240408_090839\\DIGITURNO\\BASICO\\23 Oficinas Crear Actualizar Eliminar\\20240408_090857\\1712586134074.png]]

2024-04-08 09:22:14 - [TEST_STEP][PASSED] - delay(3): Delayed 3 second(s)

2024-04-08 09:22:17 - [MESSAGE][PASSED] - Delayed 3 second(s)

2024-04-08 09:22:17 - [MESSAGE][PASSED] - Call Test Case 'Test Cases/DIGITURNO/BASICO/21 Distribucion Geografica' successfully

2024-04-08 09:22:17 - [TEST_STEP][PASSED] - click(findTestObject("DIGITURNO/CONFIGURACION/2Distribucion Geografica/0Principal/img_2Oficinas")): Object: 'Object Repository/DIGITURNO/CONFIGURACION/2Distribucion Geografica/0Principal/img_2Oficinas' is clicked on

2024-04-08 09:22:18 - [MESSAGE][PASSED] - Object: 'Object Repository/DIGITURNO/CONFIGURACION/2Distribucion Geografica/0Principal/img_2Oficinas' is clicked on

2024-04-08 09:22:18 - [TEST_STEP][PASSED] - delay(2): Delayed 2 second(s)

2024-04-08 09:22:20 - [MESSAGE][PASSED] - Delayed 2 second(s)

2024-04-08 09:22:20 - [TEST_STEP][PASSED] - setText(findTestObject("DIGITURNO/CONFIGURACION/2Distribucion Geografica/2Oficinas/Lista de oficinas/input_TextoABuscar"), "Prueba"): Text 'Prueba' is set on object 'Object Repository/DIGITURNO/CONFIGURACION/2Distribucion Geografica/2Oficinas/Lista de oficinas/input_TextoABuscar'

2024-04-08 09:22:21 - [MESSAGE][PASSED] - Text 'Prueba' is set on object 'Object Repository/DIGITURNO/CONFIGURACION/2Distribucion Geografica/2Oficinas/Lista de oficinas/input_TextoABuscar'

2024-04-08 09:22:21 - [TEST_STEP][PASSED] - click(findTestObject("DIGITURNO/CONFIGURACION/2Distribucion Geografica/2Oficinas/Lista de oficinas/img_Filtrar")): Object: 'Object Repository/DIGITURNO/CONFIGURACION/2Distribucion Geografica/2Oficinas/Lista de oficinas/img_Filtrar' is clicked on

2024-04-08 09:22:21 - [MESSAGE][PASSED] - Object: 'Object Repository/DIGITURNO/CONFIGURACION/2Distribucion Geografica/2Oficinas/Lista de oficinas/img_Filtrar' is clicked on

2024-04-08 09:22:21 - [TEST_STEP][PASSED] - delay(2): Delayed 2 second(s)

2024-04-08 09:22:23 - [MESSAGE][PASSED] - Delayed 2 second(s)

2024-04-08 09:22:23 - [TEST_STEP][PASSED] - click(findTestObject("DIGITURNO/CONFIGURACION/2Distribucion Geografica/2Oficinas/Lista de oficinas/td_1 Seleccion Busqueda")): Object: 'Object Repository/DIGITURNO/CONFIGURACION/2Distribucion Geografica/2Oficinas/Lista de oficinas/td_1 Seleccion Busqueda' is clicked on

2024-04-08 09:22:24 - [MESSAGE][PASSED] - Object: 'Object Repository/DIGITURNO/CONFIGURACION/2Distribucion Geografica/2Oficinas/Lista de oficinas/td_1 Seleccion Busqueda' is clicked on

2024-04-08 09:22:24 - [TEST_STEP][PASSED] - delay(2): Delayed 2 second(s)

2024-04-08 09:22:26 - [MESSAGE][PASSED] - Delayed 2 second(s)

2024-04-08 09:22:26 - [TEST_STEP][PASSED] - scrollToPosition(0, 1600): Browser is scrolled to position x = 0, y = 1600

2024-04-08 09:22:26 - [MESSAGE][PASSED] - Browser is scrolled to position x = 0, y = 1600

2024-04-08 09:22:26 - [TEST_STEP][PASSED] - delay(3): Delayed 3 second(s)

2024-04-08 09:22:29 - [MESSAGE][PASSED] - Delayed 3 second(s)

2024-04-08 09:22:29 - [TEST_STEP][PASSED] - click(findTestObject("DIGITURNO/CONFIGURACION/2Distribucion Geografica/2Oficinas/Otras Configuraciones/span_Colas(1)/a__SeleccionarTodo")): Object: 'Object Repository/DIGITURNO/CONFIGURACION/2Distribucion Geografica/2Oficinas/Otras Configuraciones/span_Colas(1)/a__SeleccionarTodo' is clicked on

2024-04-08 09:22:29 - [MESSAGE][PASSED] - Object: 'Object Repository/DIGITURNO/CONFIGURACION/2Distribucion Geografica/2Oficinas/Otras Configuraciones/span_Colas(1)/a__SeleccionarTodo' is clicked on

2024-04-08 09:22:29 - [TEST_STEP][PASSED] - click(findTestObject("DIGITURNO/CONFIGURACION/2Distribucion Geografica/2Oficinas/Otras Configuraciones/span_Colas(1)/img_Eliminar")): Object: 'Object Repository/DIGITURNO/CONFIGURACION/2Distribucion Geografica/2Oficinas/Otras Configuraciones/span_Colas(1)/img_Eliminar' is clicked on

2024-04-08 09:22:30 - [MESSAGE][PASSED] - Object: 'Object Repository/DIGITURNO/CONFIGURACION/2Distribucion Geografica/2Oficinas/Otras Configuraciones/span_Colas(1)/img_Eliminar' is clicked on

2024-04-08 09:22:30 - [TEST_STEP][PASSED] - click(findTestObject("DIGITURNO/CONFIGURACION/2Distribucion Geografica/2Oficinas/Otras Configuraciones/span_Colas(1)/img_Eliminar")): Object: 'Object Repository/DIGITURNO/CONFIGURACION/2Distribucion Geografica/2Oficinas/Otras Configuraciones/span_Colas(1)/img_Eliminar' is clicked on

2024-04-08 09:22:30 - [MESSAGE][PASSED] - Object: 'Object Repository/DIGITURNO/CONFIGURACION/2Distribucion Geografica/2Oficinas/Otras Configuraciones/span_Colas(1)/img_Eliminar' is clicked on

2024-04-08 09:22:30 - [TEST_STEP][PASSED] - acceptAlert(): Alert accepted

2024-04-08 09:22:30 - [MESSAGE][PASSED] - Alert accepted

2024-04-08 09:22:30 - [TEST_STEP][PASSED] - delay(3): Delayed 3 second(s)

2024-04-08 09:22:33 - [MESSAGE][PASSED] - Delayed 3 second(s)

2024-04-08 09:22:33 - [TEST_STEP][PASSED] - takeFullPageScreenshot(): Taking screenshot successfully

2024-04-08 09:22:34 - [MESSAGE][INFO] - 0 hidden object(s)

2024-04-08 09:22:34 - [MESSAGE][PASSED] - Taking screenshot successfully
[[ATTACHMENT|C:\\CIEL INGENIERIA\\Katalon\\Digiturno55\\Reports\\20240408_090839\\DIGITURNO\\BASICO\\23 Oficinas Crear Actualizar Eliminar\\20240408_090857\\1712586153458.png]]

2024-04-08 09:22:34 - [TEST_STEP][PASSED] - delay(3): Delayed 3 second(s)

2024-04-08 09:22:37 - [MESSAGE][PASSED] - Delayed 3 second(s)

2024-04-08 09:22:37 - [TEST_STEP][PASSED] - Start listener action : sampleAfterTestCase: null]]></system-out>
         <system-err><![CDATA[]]></system-err>
      </testcase>
      <testcase name="Test Cases/DIGITURNO/BASICO/23 Oficinas Eliminar" time="39.452" classname="Test Cases/DIGITURNO/BASICO/23 Oficinas Eliminar" status="PASSED">
         <system-out><![CDATA[2024-04-08 09:22:37 - [TEST_CASE][PASSED] - Test Cases/DIGITURNO/BASICO/23 Oficinas Eliminar: Test Cases/DIGITURNO/BASICO/23 Oficinas Eliminar

2024-04-08 09:22:37 - [TEST_STEP][PASSED] - callTestCase(findTestCase("DIGITURNO/BASICO/21 Distribucion Geografica"), [:], STOP_ON_FAILURE): Call Test Case 'Test Cases/DIGITURNO/BASICO/21 Distribucion Geografica' successfully

2024-04-08 09:22:37 - [TEST_CASE][PASSED] - Test Cases/DIGITURNO/BASICO/21 Distribucion Geografica: Test Cases/DIGITURNO/BASICO/21 Distribucion Geografica

2024-04-08 09:22:37 - [TEST_STEP][PASSED] - callTestCase(findTestCase("0InicioSesion"), [:], STOP_ON_FAILURE): Call Test Case 'Test Cases/0InicioSesion' successfully

2024-04-08 09:22:37 - [TEST_CASE][PASSED] - Test Cases/0InicioSesion: Test Cases/0InicioSesion

2024-04-08 09:22:37 - [TEST_STEP][PASSED] - openBrowser(UrlDigiturno): Browser is opened with url: 'https://PCPruebas101.ciel.cielingenieria.com:8910'

2024-04-08 09:22:37 - [MESSAGE][WARNING] - A browser is already opened. Closing browser and opening a new one

2024-04-08 09:22:38 - [MESSAGE][INFO] - Starting 'Chrome' driver

2024-04-08 09:22:38 - [MESSAGE][INFO] - User set preference: ['args', '[--use-fake-ui-for-media-stream, --disable-notifications]']

2024-04-08 09:22:38 - [MESSAGE][INFO] - Action delay is set to 0 milliseconds

2024-04-08 09:22:40 - [MESSAGE][PASSED] - Browser is opened with url: 'https://PCPruebas101.ciel.cielingenieria.com:8910'

2024-04-08 09:22:40 - [TEST_STEP][PASSED] - maximizeWindow(): Current window maximized

2024-04-08 09:22:41 - [MESSAGE][PASSED] - Current window maximized

2024-04-08 09:22:41 - [TEST_STEP][PASSED] - delay(3): Delayed 3 second(s)

2024-04-08 09:22:44 - [MESSAGE][PASSED] - Delayed 3 second(s)

2024-04-08 09:22:44 - [TEST_STEP][PASSED] - setText(findTestObject("0Inicio Sesion/input_Usuario"), "Ciel"): Text 'Ciel' is set on object 'Object Repository/0Inicio Sesion/input_Usuario'

2024-04-08 09:22:44 - [MESSAGE][PASSED] - Text 'Ciel' is set on object 'Object Repository/0Inicio Sesion/input_Usuario'

2024-04-08 09:22:44 - [TEST_STEP][PASSED] - setText(findTestObject("0Inicio Sesion/input_Clave"), "digiturno"): Text 'digiturno' is set on object 'Object Repository/0Inicio Sesion/input_Clave'

2024-04-08 09:22:45 - [MESSAGE][PASSED] - Text 'digiturno' is set on object 'Object Repository/0Inicio Sesion/input_Clave'

2024-04-08 09:22:45 - [TEST_STEP][PASSED] - click(findTestObject("0Inicio Sesion/btn_IniciarSesion")): Object: 'Object Repository/0Inicio Sesion/btn_IniciarSesion' is clicked on

2024-04-08 09:22:46 - [MESSAGE][PASSED] - Object: 'Object Repository/0Inicio Sesion/btn_IniciarSesion' is clicked on

2024-04-08 09:22:46 - [TEST_STEP][PASSED] - delay(3): Delayed 3 second(s)

2024-04-08 09:22:49 - [MESSAGE][PASSED] - Delayed 3 second(s)

2024-04-08 09:22:49 - [MESSAGE][PASSED] - Call Test Case 'Test Cases/0InicioSesion' successfully

2024-04-08 09:22:49 - [TEST_STEP][PASSED] - click(findTestObject("DIGITURNO/1Principal/img_Configuracion(1)")): Object: 'Object Repository/DIGITURNO/1Principal/img_Configuracion(1)' is clicked on

2024-04-08 09:22:49 - [MESSAGE][PASSED] - Object: 'Object Repository/DIGITURNO/1Principal/img_Configuracion(1)' is clicked on

2024-04-08 09:22:49 - [TEST_STEP][PASSED] - delay(3): Delayed 3 second(s)

2024-04-08 09:22:52 - [MESSAGE][PASSED] - Delayed 3 second(s)

2024-04-08 09:22:52 - [TEST_STEP][PASSED] - click(findTestObject("DIGITURNO/CONFIGURACION/0Principal/img_2Distribucion Geografica")): Object: 'Object Repository/DIGITURNO/CONFIGURACION/0Principal/img_2Distribucion Geografica' is clicked on

2024-04-08 09:22:53 - [MESSAGE][PASSED] - Object: 'Object Repository/DIGITURNO/CONFIGURACION/0Principal/img_2Distribucion Geografica' is clicked on

2024-04-08 09:22:53 - [TEST_STEP][PASSED] - delay(3): Delayed 3 second(s)

2024-04-08 09:22:56 - [MESSAGE][PASSED] - Delayed 3 second(s)

2024-04-08 09:22:56 - [TEST_STEP][PASSED] - takeFullPageScreenshot(): Taking screenshot successfully

2024-04-08 09:22:56 - [MESSAGE][INFO] - 0 hidden object(s)

2024-04-08 09:22:56 - [MESSAGE][PASSED] - Taking screenshot successfully
[[ATTACHMENT|C:\\CIEL INGENIERIA\\Katalon\\Digiturno55\\Reports\\20240408_090839\\DIGITURNO\\BASICO\\23 Oficinas Crear Actualizar Eliminar\\20240408_090857\\1712586176298.png]]

2024-04-08 09:22:56 - [TEST_STEP][PASSED] - delay(3): Delayed 3 second(s)

2024-04-08 09:22:59 - [MESSAGE][PASSED] - Delayed 3 second(s)

2024-04-08 09:22:59 - [MESSAGE][PASSED] - Call Test Case 'Test Cases/DIGITURNO/BASICO/21 Distribucion Geografica' successfully

2024-04-08 09:22:59 - [TEST_STEP][PASSED] - click(findTestObject("DIGITURNO/CONFIGURACION/2Distribucion Geografica/0Principal/img_2Oficinas")): Object: 'Object Repository/DIGITURNO/CONFIGURACION/2Distribucion Geografica/0Principal/img_2Oficinas' is clicked on

2024-04-08 09:23:00 - [MESSAGE][PASSED] - Object: 'Object Repository/DIGITURNO/CONFIGURACION/2Distribucion Geografica/0Principal/img_2Oficinas' is clicked on

2024-04-08 09:23:00 - [TEST_STEP][PASSED] - delay(2): Delayed 2 second(s)

2024-04-08 09:23:02 - [MESSAGE][PASSED] - Delayed 2 second(s)

2024-04-08 09:23:02 - [TEST_STEP][PASSED] - setText(findTestObject("DIGITURNO/CONFIGURACION/2Distribucion Geografica/2Oficinas/Lista de oficinas/input_TextoABuscar"), "Prueba"): Text 'Prueba' is set on object 'Object Repository/DIGITURNO/CONFIGURACION/2Distribucion Geografica/2Oficinas/Lista de oficinas/input_TextoABuscar'

2024-04-08 09:23:03 - [MESSAGE][PASSED] - Text 'Prueba' is set on object 'Object Repository/DIGITURNO/CONFIGURACION/2Distribucion Geografica/2Oficinas/Lista de oficinas/input_TextoABuscar'

2024-04-08 09:23:03 - [TEST_STEP][PASSED] - click(findTestObject("DIGITURNO/CONFIGURACION/2Distribucion Geografica/2Oficinas/Lista de oficinas/img_Filtrar"), STOP_ON_FAILURE): Object: 'Object Repository/DIGITURNO/CONFIGURACION/2Distribucion Geografica/2Oficinas/Lista de oficinas/img_Filtrar' is clicked on

2024-04-08 09:23:03 - [MESSAGE][PASSED] - Object: 'Object Repository/DIGITURNO/CONFIGURACION/2Distribucion Geografica/2Oficinas/Lista de oficinas/img_Filtrar' is clicked on

2024-04-08 09:23:03 - [TEST_STEP][PASSED] - delay(2): Delayed 2 second(s)

2024-04-08 09:23:05 - [MESSAGE][PASSED] - Delayed 2 second(s)

2024-04-08 09:23:05 - [TEST_STEP][PASSED] - click(findTestObject("DIGITURNO/CONFIGURACION/2Distribucion Geografica/2Oficinas/Lista de oficinas/td_1 Seleccion Busqueda")): Object: 'Object Repository/DIGITURNO/CONFIGURACION/2Distribucion Geografica/2Oficinas/Lista de oficinas/td_1 Seleccion Busqueda' is clicked on

2024-04-08 09:23:06 - [MESSAGE][PASSED] - Object: 'Object Repository/DIGITURNO/CONFIGURACION/2Distribucion Geografica/2Oficinas/Lista de oficinas/td_1 Seleccion Busqueda' is clicked on

2024-04-08 09:23:06 - [TEST_STEP][PASSED] - delay(3): Delayed 3 second(s)

2024-04-08 09:23:09 - [MESSAGE][PASSED] - Delayed 3 second(s)

2024-04-08 09:23:09 - [TEST_STEP][PASSED] - click(findTestObject("DIGITURNO/CONFIGURACION/2Distribucion Geografica/2Oficinas/Edicion/img_Eliminar"), STOP_ON_FAILURE): Object: 'Object Repository/DIGITURNO/CONFIGURACION/2Distribucion Geografica/2Oficinas/Edicion/img_Eliminar' is clicked on

2024-04-08 09:23:09 - [MESSAGE][PASSED] - Object: 'Object Repository/DIGITURNO/CONFIGURACION/2Distribucion Geografica/2Oficinas/Edicion/img_Eliminar' is clicked on

2024-04-08 09:23:09 - [TEST_STEP][PASSED] - click(findTestObject("DIGITURNO/CONFIGURACION/2Distribucion Geografica/2Oficinas/Edicion/img_Eliminar")): Object: 'Object Repository/DIGITURNO/CONFIGURACION/2Distribucion Geografica/2Oficinas/Edicion/img_Eliminar' is clicked on

2024-04-08 09:23:10 - [MESSAGE][PASSED] - Object: 'Object Repository/DIGITURNO/CONFIGURACION/2Distribucion Geografica/2Oficinas/Edicion/img_Eliminar' is clicked on

2024-04-08 09:23:10 - [TEST_STEP][PASSED] - acceptAlert(): Alert accepted

2024-04-08 09:23:10 - [MESSAGE][PASSED] - Alert accepted

2024-04-08 09:23:10 - [TEST_STEP][PASSED] - delay(3): Delayed 3 second(s)

2024-04-08 09:23:13 - [MESSAGE][PASSED] - Delayed 3 second(s)

2024-04-08 09:23:13 - [TEST_STEP][PASSED] - takeFullPageScreenshot(): Taking screenshot successfully

2024-04-08 09:23:13 - [MESSAGE][INFO] - 0 hidden object(s)

2024-04-08 09:23:13 - [MESSAGE][PASSED] - Taking screenshot successfully
[[ATTACHMENT|C:\\CIEL INGENIERIA\\Katalon\\Digiturno55\\Reports\\20240408_090839\\DIGITURNO\\BASICO\\23 Oficinas Crear Actualizar Eliminar\\20240408_090857\\1712586193038.png]]

2024-04-08 09:23:13 - [TEST_STEP][PASSED] - delay(3): Delayed 3 second(s)

2024-04-08 09:23:16 - [MESSAGE][PASSED] - Delayed 3 second(s)

2024-04-08 09:23:16 - [TEST_STEP][PASSED] - Start listener action : sampleAfterTestCase: null]]></system-out>
         <system-err><![CDATA[]]></system-err>
      </testcase>
      <system-out><![CDATA[2024-04-08 09:20:42 - [TEST_SUITE][PASSED] - 23 Oficinas Crear Actualizar Eliminar: Test Cases/DIGITURNO/BASICO/23 Oficinas Eliminar]]></system-out>
      <system-err><![CDATA[]]></system-err>
   </testsuite>
</testsuites>
