<?xml version="1.0" encoding="UTF-8"?>
<testsuites name="23 Oficinas Crear Actualizar Eliminar" time="152.145" tests="3" failures="0" errors="0">
   <testsuite name="23 Oficinas Crear Actualizar Eliminar" tests="3" failures="0" errors="0" time="152.145" skipped="0" timestamp="2024-10-03 17:23:50" hostname="jdavila - PCPruebas101.ciel.cielingenieria.com" id="Test Suites/DIGITURNO/BASICO/23 Oficinas Crear Actualizar Eliminar">
      <properties>
         <property name="deviceName" value=""/>
         <property name="devicePlatform" value=""/>
         <property name="logFolder" value="C:\\CIEL INGENIERIA\\Katalon\\Digiturno55\\Reports\\20241003_171202\\DIGITURNO\\BASICO\\23 Oficinas Crear Actualizar Eliminar\\20241003_171225"/>
         <property name="logFiles" value="C:\\CIEL INGENIERIA\\Katalon\\Digiturno55\\Reports\\20241003_171202\\DIGITURNO\\BASICO\\23 Oficinas Crear Actualizar Eliminar\\20241003_171225\\execution0.log"/>
         <property name="attachments" value="C:\\CIEL INGENIERIA\\Katalon\\Digiturno55\\Reports\\20241003_171202\\DIGITURNO\\BASICO\\23 Oficinas Crear Actualizar Eliminar\\20241003_171225\\1727994251282.png, C:\\CIEL INGENIERIA\\Katalon\\Digiturno55\\Reports\\20241003_171202\\DIGITURNO\\BASICO\\23 Oficinas Crear Actualizar Eliminar\\20241003_171225\\1727994297872.png, C:\\CIEL INGENIERIA\\Katalon\\Digiturno55\\Reports\\20241003_171202\\DIGITURNO\\BASICO\\23 Oficinas Crear Actualizar Eliminar\\20241003_171225\\1727994320746.png, C:\\CIEL INGENIERIA\\Katalon\\Digiturno55\\Reports\\20241003_171202\\DIGITURNO\\BASICO\\23 Oficinas Crear Actualizar Eliminar\\20241003_171225\\1727994339932.png, C:\\CIEL INGENIERIA\\Katalon\\Digiturno55\\Reports\\20241003_171202\\DIGITURNO\\BASICO\\23 Oficinas Crear Actualizar Eliminar\\20241003_171225\\1727994362540.png, C:\\CIEL INGENIERIA\\Katalon\\Digiturno55\\Reports\\20241003_171202\\DIGITURNO\\BASICO\\23 Oficinas Crear Actualizar Eliminar\\20241003_171225\\1727994379191.png"/>
         <property name="hostName" value="jdavila - PCPruebas101.ciel.cielingenieria.com"/>
         <property name="os" value="Windows 10 64bit"/>
         <property name="katalonVersion" value="8.6.9.208"/>
         <property name="browser" value="Chrome 129.0.0.0"/>
         <property name="hostAddress" value="192.168.91.13"/>
         <property name="sessionId" value="8010076b410a3f57b3cd85847f415971"/>
         <property name="seleniumVersion" value="3.141.59"/>
         <property name="proxyInformation" value="ProxyInformation { proxyOption=NO_PROXY, proxyServerType=HTTP, username=, password=********, proxyServerAddress=, proxyServerPort=0, executionList=&quot;&quot;, isApplyToDesiredCapabilities=true }"/>
         <property name="platform" value="Windows 10"/>
      </properties>
      <testcase name="Test Cases/DIGITURNO/BASICO/23 Oficinas Crear" time="70.8" classname="Test Cases/DIGITURNO/BASICO/23 Oficinas Crear" status="PASSED">
         <system-out><![CDATA[2024-10-03 17:23:51 - [TEST_CASE][PASSED] - Test Cases/DIGITURNO/BASICO/23 Oficinas Crear: Test Cases/DIGITURNO/BASICO/23 Oficinas Crear

2024-10-03 17:23:51 - [TEST_STEP][PASSED] - callTestCase(findTestCase("DIGITURNO/BASICO/21 Distribucion Geografica"), [:], STOP_ON_FAILURE): Call Test Case 'Test Cases/DIGITURNO/BASICO/21 Distribucion Geografica' successfully

2024-10-03 17:23:51 - [TEST_CASE][PASSED] - Test Cases/DIGITURNO/BASICO/21 Distribucion Geografica: Test Cases/DIGITURNO/BASICO/21 Distribucion Geografica

2024-10-03 17:23:52 - [TEST_STEP][PASSED] - callTestCase(findTestCase("0InicioSesion"), [:], STOP_ON_FAILURE): Call Test Case 'Test Cases/0InicioSesion' successfully

2024-10-03 17:23:52 - [TEST_CASE][PASSED] - Test Cases/0InicioSesion: Test Cases/0InicioSesion

2024-10-03 17:23:52 - [TEST_STEP][PASSED] - openBrowser(UrlDigiturno): Browser is opened with url: 'https://PCPruebas101.ciel.cielingenieria.com:8910'

2024-10-03 17:23:52 - [MESSAGE][INFO] - Starting 'Chrome' driver

2024-10-03 17:23:52 - [MESSAGE][INFO] - User set preference: ['args', '[--use-fake-ui-for-media-stream, --disable-notifications]']

2024-10-03 17:23:53 - [MESSAGE][INFO] - Action delay is set to 0 milliseconds

2024-10-03 17:23:56 - [MESSAGE][PASSED] - Browser is opened with url: 'https://PCPruebas101.ciel.cielingenieria.com:8910'

2024-10-03 17:23:56 - [TEST_STEP][PASSED] - maximizeWindow(): Current window maximized

2024-10-03 17:23:56 - [MESSAGE][PASSED] - Current window maximized

2024-10-03 17:23:56 - [TEST_STEP][PASSED] - delay(3): Delayed 3 second(s)

2024-10-03 17:23:59 - [MESSAGE][PASSED] - Delayed 3 second(s)

2024-10-03 17:23:59 - [TEST_STEP][PASSED] - setText(findTestObject("0Inicio Sesion/input_Usuario"), "Ciel"): Text 'Ciel' is set on object 'Object Repository/0Inicio Sesion/input_Usuario'

2024-10-03 17:23:59 - [MESSAGE][PASSED] - Text 'Ciel' is set on object 'Object Repository/0Inicio Sesion/input_Usuario'

2024-10-03 17:23:59 - [TEST_STEP][PASSED] - setText(findTestObject("0Inicio Sesion/input_Clave"), "digiturno"): Text 'digiturno' is set on object 'Object Repository/0Inicio Sesion/input_Clave'

2024-10-03 17:24:00 - [MESSAGE][PASSED] - Text 'digiturno' is set on object 'Object Repository/0Inicio Sesion/input_Clave'

2024-10-03 17:24:00 - [TEST_STEP][PASSED] - click(findTestObject("0Inicio Sesion/btn_IniciarSesion")): Object: 'Object Repository/0Inicio Sesion/btn_IniciarSesion' is clicked on

2024-10-03 17:24:01 - [MESSAGE][PASSED] - Object: 'Object Repository/0Inicio Sesion/btn_IniciarSesion' is clicked on

2024-10-03 17:24:01 - [TEST_STEP][PASSED] - delay(3): Delayed 3 second(s)

2024-10-03 17:24:04 - [MESSAGE][PASSED] - Delayed 3 second(s)

2024-10-03 17:24:04 - [MESSAGE][PASSED] - Call Test Case 'Test Cases/0InicioSesion' successfully

2024-10-03 17:24:04 - [TEST_STEP][PASSED] - click(findTestObject("DIGITURNO/1Principal/img_Configuracion(1)")): Object: 'Object Repository/DIGITURNO/1Principal/img_Configuracion(1)' is clicked on

2024-10-03 17:24:04 - [MESSAGE][PASSED] - Object: 'Object Repository/DIGITURNO/1Principal/img_Configuracion(1)' is clicked on

2024-10-03 17:24:04 - [TEST_STEP][PASSED] - delay(3): Delayed 3 second(s)

2024-10-03 17:24:07 - [MESSAGE][PASSED] - Delayed 3 second(s)

2024-10-03 17:24:07 - [TEST_STEP][PASSED] - click(findTestObject("DIGITURNO/CONFIGURACION/0Principal/img_2Distribucion Geografica")): Object: 'Object Repository/DIGITURNO/CONFIGURACION/0Principal/img_2Distribucion Geografica' is clicked on

2024-10-03 17:24:08 - [MESSAGE][PASSED] - Object: 'Object Repository/DIGITURNO/CONFIGURACION/0Principal/img_2Distribucion Geografica' is clicked on

2024-10-03 17:24:08 - [TEST_STEP][PASSED] - delay(3): Delayed 3 second(s)

2024-10-03 17:24:11 - [MESSAGE][PASSED] - Delayed 3 second(s)

2024-10-03 17:24:11 - [TEST_STEP][PASSED] - takeFullPageScreenshot(): Taking screenshot successfully

2024-10-03 17:24:11 - [MESSAGE][INFO] - 0 hidden object(s)

2024-10-03 17:24:11 - [MESSAGE][PASSED] - Taking screenshot successfully
[[ATTACHMENT|C:\\CIEL INGENIERIA\\Katalon\\Digiturno55\\Reports\\20241003_171202\\DIGITURNO\\BASICO\\23 Oficinas Crear Actualizar Eliminar\\20241003_171225\\1727994251282.png]]

2024-10-03 17:24:11 - [TEST_STEP][PASSED] - delay(3): Delayed 3 second(s)

2024-10-03 17:24:14 - [MESSAGE][PASSED] - Delayed 3 second(s)

2024-10-03 17:24:14 - [MESSAGE][PASSED] - Call Test Case 'Test Cases/DIGITURNO/BASICO/21 Distribucion Geografica' successfully

2024-10-03 17:24:14 - [TEST_STEP][PASSED] - click(findTestObject("DIGITURNO/CONFIGURACION/2Distribucion Geografica/0Principal/img_2Oficinas")): Object: 'Object Repository/DIGITURNO/CONFIGURACION/2Distribucion Geografica/0Principal/img_2Oficinas' is clicked on

2024-10-03 17:24:16 - [MESSAGE][PASSED] - Object: 'Object Repository/DIGITURNO/CONFIGURACION/2Distribucion Geografica/0Principal/img_2Oficinas' is clicked on

2024-10-03 17:24:16 - [TEST_STEP][PASSED] - delay(2): Delayed 2 second(s)

2024-10-03 17:24:18 - [MESSAGE][PASSED] - Delayed 2 second(s)

2024-10-03 17:24:18 - [TEST_STEP][PASSED] - selectOptionByIndex(findTestObject("DIGITURNO/CONFIGURACION/2Distribucion Geografica/2Oficinas/Edicion/select_Pais"), 1, STOP_ON_FAILURE): All options with index in [1] are selected on object 'Object Repository/DIGITURNO/CONFIGURACION/2Distribucion Geografica/2Oficinas/Edicion/select_Pais'

2024-10-03 17:24:19 - [MESSAGE][PASSED] - All options with index in [1] are selected on object 'Object Repository/DIGITURNO/CONFIGURACION/2Distribucion Geografica/2Oficinas/Edicion/select_Pais'

2024-10-03 17:24:19 - [TEST_STEP][PASSED] - delay(2): Delayed 2 second(s)

2024-10-03 17:24:21 - [MESSAGE][PASSED] - Delayed 2 second(s)

2024-10-03 17:24:21 - [TEST_STEP][PASSED] - selectOptionByIndex(findTestObject("DIGITURNO/CONFIGURACION/2Distribucion Geografica/2Oficinas/Edicion/select_Departamento"), 1): All options with index in [1] are selected on object 'Object Repository/DIGITURNO/CONFIGURACION/2Distribucion Geografica/2Oficinas/Edicion/select_Departamento'

2024-10-03 17:24:22 - [MESSAGE][PASSED] - All options with index in [1] are selected on object 'Object Repository/DIGITURNO/CONFIGURACION/2Distribucion Geografica/2Oficinas/Edicion/select_Departamento'

2024-10-03 17:24:22 - [TEST_STEP][PASSED] - delay(2): Delayed 2 second(s)

2024-10-03 17:24:24 - [MESSAGE][PASSED] - Delayed 2 second(s)

2024-10-03 17:24:24 - [TEST_STEP][PASSED] - selectOptionByIndex(findTestObject("DIGITURNO/CONFIGURACION/2Distribucion Geografica/2Oficinas/Edicion/select_Ciudad"), 1): All options with index in [1] are selected on object 'Object Repository/DIGITURNO/CONFIGURACION/2Distribucion Geografica/2Oficinas/Edicion/select_Ciudad'

2024-10-03 17:24:25 - [MESSAGE][PASSED] - All options with index in [1] are selected on object 'Object Repository/DIGITURNO/CONFIGURACION/2Distribucion Geografica/2Oficinas/Edicion/select_Ciudad'

2024-10-03 17:24:25 - [TEST_STEP][PASSED] - delay(2): Delayed 2 second(s)

2024-10-03 17:24:27 - [MESSAGE][PASSED] - Delayed 2 second(s)

2024-10-03 17:24:27 - [TEST_STEP][PASSED] - setText(findTestObject("DIGITURNO/CONFIGURACION/2Distribucion Geografica/2Oficinas/Edicion/input_Nombre"), "Prueba"): Text 'Prueba' is set on object 'Object Repository/DIGITURNO/CONFIGURACION/2Distribucion Geografica/2Oficinas/Edicion/input_Nombre'

2024-10-03 17:24:28 - [MESSAGE][PASSED] - Text 'Prueba' is set on object 'Object Repository/DIGITURNO/CONFIGURACION/2Distribucion Geografica/2Oficinas/Edicion/input_Nombre'

2024-10-03 17:24:28 - [TEST_STEP][PASSED] - selectOptionByIndex(findTestObject("DIGITURNO/CONFIGURACION/2Distribucion Geografica/2Oficinas/Edicion/select_Nivel Pregunta"), 0, STOP_ON_FAILURE): All options with index in [0] are selected on object 'Object Repository/DIGITURNO/CONFIGURACION/2Distribucion Geografica/2Oficinas/Edicion/select_Nivel Pregunta'

2024-10-03 17:24:29 - [MESSAGE][PASSED] - All options with index in [0] are selected on object 'Object Repository/DIGITURNO/CONFIGURACION/2Distribucion Geografica/2Oficinas/Edicion/select_Nivel Pregunta'

2024-10-03 17:24:29 - [TEST_STEP][PASSED] - delay(2): Delayed 2 second(s)

2024-10-03 17:24:31 - [MESSAGE][PASSED] - Delayed 2 second(s)

2024-10-03 17:24:31 - [TEST_STEP][PASSED] - setText(findTestObject("DIGITURNO/CONFIGURACION/2Distribucion Geografica/2Oficinas/Edicion/input_Nivel de servicio de espera"), "1"): Text '1' is set on object 'Object Repository/DIGITURNO/CONFIGURACION/2Distribucion Geografica/2Oficinas/Edicion/input_Nivel de servicio de espera'

2024-10-03 17:24:31 - [MESSAGE][PASSED] - Text '1' is set on object 'Object Repository/DIGITURNO/CONFIGURACION/2Distribucion Geografica/2Oficinas/Edicion/input_Nivel de servicio de espera'

2024-10-03 17:24:31 - [TEST_STEP][PASSED] - scrollToElement(findTestObject("DIGITURNO/CONFIGURACION/2Distribucion Geografica/2Oficinas/Edicion/App/input_NombreAMostrar"), 0): Scroll to object 'Object Repository/DIGITURNO/CONFIGURACION/2Distribucion Geografica/2Oficinas/Edicion/App/input_NombreAMostrar' successfully

2024-10-03 17:24:31 - [MESSAGE][WARNING] - Timeout '0' is invalid. Using default page load timeout: '30'

2024-10-03 17:24:32 - [MESSAGE][PASSED] - Scroll to object 'Object Repository/DIGITURNO/CONFIGURACION/2Distribucion Geografica/2Oficinas/Edicion/App/input_NombreAMostrar' successfully

2024-10-03 17:24:32 - [TEST_STEP][PASSED] - setText(findTestObject("DIGITURNO/CONFIGURACION/2Distribucion Geografica/2Oficinas/Edicion/App/input_NombreAMostrar"), "Prueba"): Text 'Prueba' is set on object 'Object Repository/DIGITURNO/CONFIGURACION/2Distribucion Geografica/2Oficinas/Edicion/App/input_NombreAMostrar'

2024-10-03 17:24:33 - [MESSAGE][PASSED] - Text 'Prueba' is set on object 'Object Repository/DIGITURNO/CONFIGURACION/2Distribucion Geografica/2Oficinas/Edicion/App/input_NombreAMostrar'

2024-10-03 17:24:33 - [TEST_STEP][PASSED] - setText(findTestObject("DIGITURNO/CONFIGURACION/2Distribucion Geografica/2Oficinas/Edicion/App/input_Direccion"), "Carrera"): Text 'Carrera' is set on object 'Object Repository/DIGITURNO/CONFIGURACION/2Distribucion Geografica/2Oficinas/Edicion/App/input_Direccion'

2024-10-03 17:24:33 - [MESSAGE][PASSED] - Text 'Carrera' is set on object 'Object Repository/DIGITURNO/CONFIGURACION/2Distribucion Geografica/2Oficinas/Edicion/App/input_Direccion'

2024-10-03 17:24:33 - [TEST_STEP][PASSED] - setText(findTestObject("DIGITURNO/CONFIGURACION/2Distribucion Geografica/2Oficinas/Edicion/App/input_Telefono"), "1234567"): Text '1234567' is set on object 'Object Repository/DIGITURNO/CONFIGURACION/2Distribucion Geografica/2Oficinas/Edicion/App/input_Telefono'

2024-10-03 17:24:34 - [MESSAGE][PASSED] - Text '1234567' is set on object 'Object Repository/DIGITURNO/CONFIGURACION/2Distribucion Geografica/2Oficinas/Edicion/App/input_Telefono'

2024-10-03 17:24:34 - [TEST_STEP][PASSED] - setText(findTestObject("DIGITURNO/CONFIGURACION/2Distribucion Geografica/2Oficinas/Edicion/App/input_Distancia minima creacion turnos (m)"), "100"): Text '100' is set on object 'Object Repository/DIGITURNO/CONFIGURACION/2Distribucion Geografica/2Oficinas/Edicion/App/input_Distancia minima creacion turnos (m)'

2024-10-03 17:24:35 - [MESSAGE][PASSED] - Text '100' is set on object 'Object Repository/DIGITURNO/CONFIGURACION/2Distribucion Geografica/2Oficinas/Edicion/App/input_Distancia minima creacion turnos (m)'

2024-10-03 17:24:35 - [TEST_STEP][PASSED] - setText(findTestObject("DIGITURNO/CONFIGURACION/2Distribucion Geografica/2Oficinas/Edicion/App/input_Cantidad de turnos para prellamado"), "2"): Text '2' is set on object 'Object Repository/DIGITURNO/CONFIGURACION/2Distribucion Geografica/2Oficinas/Edicion/App/input_Cantidad de turnos para prellamado'

2024-10-03 17:24:36 - [MESSAGE][PASSED] - Text '2' is set on object 'Object Repository/DIGITURNO/CONFIGURACION/2Distribucion Geografica/2Oficinas/Edicion/App/input_Cantidad de turnos para prellamado'

2024-10-03 17:24:36 - [TEST_STEP][PASSED] - setText(findTestObject("DIGITURNO/CONFIGURACION/2Distribucion Geografica/2Oficinas/Edicion/Coordenada Grafica/input_Longitud"), "0.0000000000"): Text '0.0000000000' is set on object 'Object Repository/DIGITURNO/CONFIGURACION/2Distribucion Geografica/2Oficinas/Edicion/Coordenada Grafica/input_Longitud'

2024-10-03 17:24:36 - [MESSAGE][PASSED] - Text '0.0000000000' is set on object 'Object Repository/DIGITURNO/CONFIGURACION/2Distribucion Geografica/2Oficinas/Edicion/Coordenada Grafica/input_Longitud'

2024-10-03 17:24:36 - [TEST_STEP][PASSED] - setText(findTestObject("DIGITURNO/CONFIGURACION/2Distribucion Geografica/2Oficinas/Edicion/Coordenada Grafica/input_Latitud"), "0.0000000000"): Text '0.0000000000' is set on object 'Object Repository/DIGITURNO/CONFIGURACION/2Distribucion Geografica/2Oficinas/Edicion/Coordenada Grafica/input_Latitud'

2024-10-03 17:24:37 - [MESSAGE][PASSED] - Text '0.0000000000' is set on object 'Object Repository/DIGITURNO/CONFIGURACION/2Distribucion Geografica/2Oficinas/Edicion/Coordenada Grafica/input_Latitud'

2024-10-03 17:24:37 - [TEST_STEP][PASSED] - scrollToPosition(0, 0): Browser is scrolled to position x = 0, y = 0

2024-10-03 17:24:37 - [MESSAGE][PASSED] - Browser is scrolled to position x = 0, y = 0

2024-10-03 17:24:37 - [TEST_STEP][PASSED] - delay(2): Delayed 2 second(s)

2024-10-03 17:24:39 - [MESSAGE][PASSED] - Delayed 2 second(s)

2024-10-03 17:24:39 - [TEST_STEP][PASSED] - click(findTestObject("DIGITURNO/CONFIGURACION/2Distribucion Geografica/2Oficinas/Edicion/img_Nuevo")): Object: 'Object Repository/DIGITURNO/CONFIGURACION/2Distribucion Geografica/2Oficinas/Edicion/img_Nuevo' is clicked on

2024-10-03 17:24:40 - [MESSAGE][PASSED] - Object: 'Object Repository/DIGITURNO/CONFIGURACION/2Distribucion Geografica/2Oficinas/Edicion/img_Nuevo' is clicked on

2024-10-03 17:24:40 - [TEST_STEP][PASSED] - delay(3): Delayed 3 second(s)

2024-10-03 17:24:43 - [MESSAGE][PASSED] - Delayed 3 second(s)

2024-10-03 17:24:43 - [TEST_STEP][PASSED] - click(findTestObject("DIGITURNO/CONFIGURACION/2Distribucion Geografica/2Oficinas/Otras Configuraciones/span_Numeradores")): Object: 'Object Repository/DIGITURNO/CONFIGURACION/2Distribucion Geografica/2Oficinas/Otras Configuraciones/span_Numeradores' is clicked on

2024-10-03 17:24:43 - [MESSAGE][PASSED] - Object: 'Object Repository/DIGITURNO/CONFIGURACION/2Distribucion Geografica/2Oficinas/Otras Configuraciones/span_Numeradores' is clicked on

2024-10-03 17:24:43 - [TEST_STEP][PASSED] - delay(3): Delayed 3 second(s)

2024-10-03 17:24:46 - [MESSAGE][PASSED] - Delayed 3 second(s)

2024-10-03 17:24:46 - [TEST_STEP][PASSED] - scrollToPosition(0, 1800): Browser is scrolled to position x = 0, y = 1800

2024-10-03 17:24:46 - [MESSAGE][PASSED] - Browser is scrolled to position x = 0, y = 1800

2024-10-03 17:24:46 - [TEST_STEP][PASSED] - delay(3): Delayed 3 second(s)

2024-10-03 17:24:49 - [MESSAGE][PASSED] - Delayed 3 second(s)

2024-10-03 17:24:49 - [TEST_STEP][PASSED] - click(findTestObject("DIGITURNO/CONFIGURACION/2Distribucion Geografica/2Oficinas/Otras Configuraciones/span_Numeradores(1)/Numeradores/td_1Numerador Bogota - CIEL")): Object: 'Object Repository/DIGITURNO/CONFIGURACION/2Distribucion Geografica/2Oficinas/Otras Configuraciones/span_Numeradores(1)/Numeradores/td_1Numerador Bogota - CIEL' is clicked on

2024-10-03 17:24:49 - [MESSAGE][PASSED] - Object: 'Object Repository/DIGITURNO/CONFIGURACION/2Distribucion Geografica/2Oficinas/Otras Configuraciones/span_Numeradores(1)/Numeradores/td_1Numerador Bogota - CIEL' is clicked on

2024-10-03 17:24:49 - [TEST_STEP][PASSED] - delay(2): Delayed 2 second(s)

2024-10-03 17:24:51 - [MESSAGE][PASSED] - Delayed 2 second(s)

2024-10-03 17:24:51 - [TEST_STEP][PASSED] - click(findTestObject("DIGITURNO/CONFIGURACION/2Distribucion Geografica/2Oficinas/Otras Configuraciones/span_Numeradores(1)/Colas del sistema/a_SeleccionarTodo")): Object: 'Object Repository/DIGITURNO/CONFIGURACION/2Distribucion Geografica/2Oficinas/Otras Configuraciones/span_Numeradores(1)/Colas del sistema/a_SeleccionarTodo' is clicked on

2024-10-03 17:24:52 - [MESSAGE][PASSED] - Object: 'Object Repository/DIGITURNO/CONFIGURACION/2Distribucion Geografica/2Oficinas/Otras Configuraciones/span_Numeradores(1)/Colas del sistema/a_SeleccionarTodo' is clicked on

2024-10-03 17:24:52 - [TEST_STEP][PASSED] - delay(2): Delayed 2 second(s)

2024-10-03 17:24:54 - [MESSAGE][PASSED] - Delayed 2 second(s)

2024-10-03 17:24:54 - [TEST_STEP][PASSED] - click(findTestObject("DIGITURNO/CONFIGURACION/2Distribucion Geografica/2Oficinas/Otras Configuraciones/span_Numeradores(1)/Numeradores/img_Relacionar colas")): Object: 'Object Repository/DIGITURNO/CONFIGURACION/2Distribucion Geografica/2Oficinas/Otras Configuraciones/span_Numeradores(1)/Numeradores/img_Relacionar colas' is clicked on

2024-10-03 17:24:54 - [MESSAGE][PASSED] - Object: 'Object Repository/DIGITURNO/CONFIGURACION/2Distribucion Geografica/2Oficinas/Otras Configuraciones/span_Numeradores(1)/Numeradores/img_Relacionar colas' is clicked on

2024-10-03 17:24:54 - [TEST_STEP][PASSED] - delay(3): Delayed 3 second(s)

2024-10-03 17:24:57 - [MESSAGE][PASSED] - Delayed 3 second(s)

2024-10-03 17:24:57 - [TEST_STEP][PASSED] - takeFullPageScreenshot(): Taking screenshot successfully

2024-10-03 17:24:58 - [MESSAGE][INFO] - 0 hidden object(s)

2024-10-03 17:24:58 - [MESSAGE][PASSED] - Taking screenshot successfully
[[ATTACHMENT|C:\\CIEL INGENIERIA\\Katalon\\Digiturno55\\Reports\\20241003_171202\\DIGITURNO\\BASICO\\23 Oficinas Crear Actualizar Eliminar\\20241003_171225\\1727994297872.png]]

2024-10-03 17:24:58 - [TEST_STEP][PASSED] - delay(3): Delayed 3 second(s)

2024-10-03 17:25:01 - [MESSAGE][PASSED] - Delayed 3 second(s)

2024-10-03 17:25:01 - [TEST_STEP][PASSED] - Start listener action : sampleAfterTestCase: null]]></system-out>
         <system-err><![CDATA[]]></system-err>
      </testcase>
      <testcase name="Test Cases/DIGITURNO/BASICO/23 Oficinas Actualizar" time="41.881" classname="Test Cases/DIGITURNO/BASICO/23 Oficinas Actualizar" status="PASSED">
         <system-out><![CDATA[2024-10-03 17:25:01 - [TEST_CASE][PASSED] - Test Cases/DIGITURNO/BASICO/23 Oficinas Actualizar: Test Cases/DIGITURNO/BASICO/23 Oficinas Actualizar

2024-10-03 17:25:02 - [TEST_STEP][PASSED] - callTestCase(findTestCase("DIGITURNO/BASICO/21 Distribucion Geografica"), [:], STOP_ON_FAILURE): Call Test Case 'Test Cases/DIGITURNO/BASICO/21 Distribucion Geografica' successfully

2024-10-03 17:25:02 - [TEST_CASE][PASSED] - Test Cases/DIGITURNO/BASICO/21 Distribucion Geografica: Test Cases/DIGITURNO/BASICO/21 Distribucion Geografica

2024-10-03 17:25:02 - [TEST_STEP][PASSED] - callTestCase(findTestCase("0InicioSesion"), [:], STOP_ON_FAILURE): Call Test Case 'Test Cases/0InicioSesion' successfully

2024-10-03 17:25:02 - [TEST_CASE][PASSED] - Test Cases/0InicioSesion: Test Cases/0InicioSesion

2024-10-03 17:25:02 - [TEST_STEP][PASSED] - openBrowser(UrlDigiturno): Browser is opened with url: 'https://PCPruebas101.ciel.cielingenieria.com:8910'

2024-10-03 17:25:02 - [MESSAGE][WARNING] - A browser is already opened. Closing browser and opening a new one

2024-10-03 17:25:03 - [MESSAGE][INFO] - Starting 'Chrome' driver

2024-10-03 17:25:03 - [MESSAGE][INFO] - User set preference: ['args', '[--use-fake-ui-for-media-stream, --disable-notifications]']

2024-10-03 17:25:03 - [MESSAGE][INFO] - Action delay is set to 0 milliseconds

2024-10-03 17:25:05 - [MESSAGE][PASSED] - Browser is opened with url: 'https://PCPruebas101.ciel.cielingenieria.com:8910'

2024-10-03 17:25:05 - [TEST_STEP][PASSED] - maximizeWindow(): Current window maximized

2024-10-03 17:25:05 - [MESSAGE][PASSED] - Current window maximized

2024-10-03 17:25:05 - [TEST_STEP][PASSED] - delay(3): Delayed 3 second(s)

2024-10-03 17:25:08 - [MESSAGE][PASSED] - Delayed 3 second(s)

2024-10-03 17:25:08 - [TEST_STEP][PASSED] - setText(findTestObject("0Inicio Sesion/input_Usuario"), "Ciel"): Text 'Ciel' is set on object 'Object Repository/0Inicio Sesion/input_Usuario'

2024-10-03 17:25:09 - [MESSAGE][PASSED] - Text 'Ciel' is set on object 'Object Repository/0Inicio Sesion/input_Usuario'

2024-10-03 17:25:09 - [TEST_STEP][PASSED] - setText(findTestObject("0Inicio Sesion/input_Clave"), "digiturno"): Text 'digiturno' is set on object 'Object Repository/0Inicio Sesion/input_Clave'

2024-10-03 17:25:10 - [MESSAGE][PASSED] - Text 'digiturno' is set on object 'Object Repository/0Inicio Sesion/input_Clave'

2024-10-03 17:25:10 - [TEST_STEP][PASSED] - click(findTestObject("0Inicio Sesion/btn_IniciarSesion")): Object: 'Object Repository/0Inicio Sesion/btn_IniciarSesion' is clicked on

2024-10-03 17:25:10 - [MESSAGE][PASSED] - Object: 'Object Repository/0Inicio Sesion/btn_IniciarSesion' is clicked on

2024-10-03 17:25:10 - [TEST_STEP][PASSED] - delay(3): Delayed 3 second(s)

2024-10-03 17:25:13 - [MESSAGE][PASSED] - Delayed 3 second(s)

2024-10-03 17:25:13 - [MESSAGE][PASSED] - Call Test Case 'Test Cases/0InicioSesion' successfully

2024-10-03 17:25:13 - [TEST_STEP][PASSED] - click(findTestObject("DIGITURNO/1Principal/img_Configuracion(1)")): Object: 'Object Repository/DIGITURNO/1Principal/img_Configuracion(1)' is clicked on

2024-10-03 17:25:14 - [MESSAGE][PASSED] - Object: 'Object Repository/DIGITURNO/1Principal/img_Configuracion(1)' is clicked on

2024-10-03 17:25:14 - [TEST_STEP][PASSED] - delay(3): Delayed 3 second(s)

2024-10-03 17:25:17 - [MESSAGE][PASSED] - Delayed 3 second(s)

2024-10-03 17:25:17 - [TEST_STEP][PASSED] - click(findTestObject("DIGITURNO/CONFIGURACION/0Principal/img_2Distribucion Geografica")): Object: 'Object Repository/DIGITURNO/CONFIGURACION/0Principal/img_2Distribucion Geografica' is clicked on

2024-10-03 17:25:17 - [MESSAGE][PASSED] - Object: 'Object Repository/DIGITURNO/CONFIGURACION/0Principal/img_2Distribucion Geografica' is clicked on

2024-10-03 17:25:17 - [TEST_STEP][PASSED] - delay(3): Delayed 3 second(s)

2024-10-03 17:25:20 - [MESSAGE][PASSED] - Delayed 3 second(s)

2024-10-03 17:25:20 - [TEST_STEP][PASSED] - takeFullPageScreenshot(): Taking screenshot successfully

2024-10-03 17:25:21 - [MESSAGE][INFO] - 0 hidden object(s)

2024-10-03 17:25:21 - [MESSAGE][PASSED] - Taking screenshot successfully
[[ATTACHMENT|C:\\CIEL INGENIERIA\\Katalon\\Digiturno55\\Reports\\20241003_171202\\DIGITURNO\\BASICO\\23 Oficinas Crear Actualizar Eliminar\\20241003_171225\\1727994320746.png]]

2024-10-03 17:25:21 - [TEST_STEP][PASSED] - delay(3): Delayed 3 second(s)

2024-10-03 17:25:24 - [MESSAGE][PASSED] - Delayed 3 second(s)

2024-10-03 17:25:24 - [MESSAGE][PASSED] - Call Test Case 'Test Cases/DIGITURNO/BASICO/21 Distribucion Geografica' successfully

2024-10-03 17:25:24 - [TEST_STEP][PASSED] - click(findTestObject("DIGITURNO/CONFIGURACION/2Distribucion Geografica/0Principal/img_2Oficinas")): Object: 'Object Repository/DIGITURNO/CONFIGURACION/2Distribucion Geografica/0Principal/img_2Oficinas' is clicked on

2024-10-03 17:25:25 - [MESSAGE][PASSED] - Object: 'Object Repository/DIGITURNO/CONFIGURACION/2Distribucion Geografica/0Principal/img_2Oficinas' is clicked on

2024-10-03 17:25:25 - [TEST_STEP][PASSED] - delay(2): Delayed 2 second(s)

2024-10-03 17:25:27 - [MESSAGE][PASSED] - Delayed 2 second(s)

2024-10-03 17:25:27 - [TEST_STEP][PASSED] - setText(findTestObject("DIGITURNO/CONFIGURACION/2Distribucion Geografica/2Oficinas/Lista de oficinas/input_TextoABuscar"), "Prueba"): Text 'Prueba' is set on object 'Object Repository/DIGITURNO/CONFIGURACION/2Distribucion Geografica/2Oficinas/Lista de oficinas/input_TextoABuscar'

2024-10-03 17:25:27 - [MESSAGE][PASSED] - Text 'Prueba' is set on object 'Object Repository/DIGITURNO/CONFIGURACION/2Distribucion Geografica/2Oficinas/Lista de oficinas/input_TextoABuscar'

2024-10-03 17:25:27 - [TEST_STEP][PASSED] - click(findTestObject("DIGITURNO/CONFIGURACION/2Distribucion Geografica/2Oficinas/Lista de oficinas/img_Filtrar")): Object: 'Object Repository/DIGITURNO/CONFIGURACION/2Distribucion Geografica/2Oficinas/Lista de oficinas/img_Filtrar' is clicked on

2024-10-03 17:25:28 - [MESSAGE][PASSED] - Object: 'Object Repository/DIGITURNO/CONFIGURACION/2Distribucion Geografica/2Oficinas/Lista de oficinas/img_Filtrar' is clicked on

2024-10-03 17:25:28 - [TEST_STEP][PASSED] - delay(2): Delayed 2 second(s)

2024-10-03 17:25:30 - [MESSAGE][PASSED] - Delayed 2 second(s)

2024-10-03 17:25:30 - [TEST_STEP][PASSED] - click(findTestObject("DIGITURNO/CONFIGURACION/2Distribucion Geografica/2Oficinas/Lista de oficinas/td_1 Seleccion Busqueda")): Object: 'Object Repository/DIGITURNO/CONFIGURACION/2Distribucion Geografica/2Oficinas/Lista de oficinas/td_1 Seleccion Busqueda' is clicked on

2024-10-03 17:25:30 - [MESSAGE][PASSED] - Object: 'Object Repository/DIGITURNO/CONFIGURACION/2Distribucion Geografica/2Oficinas/Lista de oficinas/td_1 Seleccion Busqueda' is clicked on

2024-10-03 17:25:30 - [TEST_STEP][PASSED] - delay(2): Delayed 2 second(s)

2024-10-03 17:25:32 - [MESSAGE][PASSED] - Delayed 2 second(s)

2024-10-03 17:25:32 - [TEST_STEP][PASSED] - scrollToPosition(0, 1600): Browser is scrolled to position x = 0, y = 1600

2024-10-03 17:25:32 - [MESSAGE][PASSED] - Browser is scrolled to position x = 0, y = 1600

2024-10-03 17:25:32 - [TEST_STEP][PASSED] - delay(3): Delayed 3 second(s)

2024-10-03 17:25:35 - [MESSAGE][PASSED] - Delayed 3 second(s)

2024-10-03 17:25:35 - [TEST_STEP][PASSED] - click(findTestObject("DIGITURNO/CONFIGURACION/2Distribucion Geografica/2Oficinas/Otras Configuraciones/span_Colas(1)/a__SeleccionarTodo")): Object: 'Object Repository/DIGITURNO/CONFIGURACION/2Distribucion Geografica/2Oficinas/Otras Configuraciones/span_Colas(1)/a__SeleccionarTodo' is clicked on

2024-10-03 17:25:36 - [MESSAGE][PASSED] - Object: 'Object Repository/DIGITURNO/CONFIGURACION/2Distribucion Geografica/2Oficinas/Otras Configuraciones/span_Colas(1)/a__SeleccionarTodo' is clicked on

2024-10-03 17:25:36 - [TEST_STEP][PASSED] - click(findTestObject("DIGITURNO/CONFIGURACION/2Distribucion Geografica/2Oficinas/Otras Configuraciones/span_Colas(1)/img_Eliminar")): Object: 'Object Repository/DIGITURNO/CONFIGURACION/2Distribucion Geografica/2Oficinas/Otras Configuraciones/span_Colas(1)/img_Eliminar' is clicked on

2024-10-03 17:25:36 - [MESSAGE][PASSED] - Object: 'Object Repository/DIGITURNO/CONFIGURACION/2Distribucion Geografica/2Oficinas/Otras Configuraciones/span_Colas(1)/img_Eliminar' is clicked on

2024-10-03 17:25:36 - [TEST_STEP][PASSED] - click(findTestObject("DIGITURNO/CONFIGURACION/2Distribucion Geografica/2Oficinas/Otras Configuraciones/span_Colas(1)/img_Eliminar")): Object: 'Object Repository/DIGITURNO/CONFIGURACION/2Distribucion Geografica/2Oficinas/Otras Configuraciones/span_Colas(1)/img_Eliminar' is clicked on

2024-10-03 17:25:36 - [MESSAGE][PASSED] - Object: 'Object Repository/DIGITURNO/CONFIGURACION/2Distribucion Geografica/2Oficinas/Otras Configuraciones/span_Colas(1)/img_Eliminar' is clicked on

2024-10-03 17:25:36 - [TEST_STEP][PASSED] - acceptAlert(): Alert accepted

2024-10-03 17:25:36 - [MESSAGE][PASSED] - Alert accepted

2024-10-03 17:25:36 - [TEST_STEP][PASSED] - delay(3): Delayed 3 second(s)

2024-10-03 17:25:39 - [MESSAGE][PASSED] - Delayed 3 second(s)

2024-10-03 17:25:39 - [TEST_STEP][PASSED] - takeFullPageScreenshot(): Taking screenshot successfully

2024-10-03 17:25:40 - [MESSAGE][INFO] - 0 hidden object(s)

2024-10-03 17:25:40 - [MESSAGE][PASSED] - Taking screenshot successfully
[[ATTACHMENT|C:\\CIEL INGENIERIA\\Katalon\\Digiturno55\\Reports\\20241003_171202\\DIGITURNO\\BASICO\\23 Oficinas Crear Actualizar Eliminar\\20241003_171225\\1727994339932.png]]

2024-10-03 17:25:40 - [TEST_STEP][PASSED] - delay(3): Delayed 3 second(s)

2024-10-03 17:25:43 - [MESSAGE][PASSED] - Delayed 3 second(s)

2024-10-03 17:25:43 - [TEST_STEP][PASSED] - Start listener action : sampleAfterTestCase: null]]></system-out>
         <system-err><![CDATA[]]></system-err>
      </testcase>
      <testcase name="Test Cases/DIGITURNO/BASICO/23 Oficinas Eliminar" time="39.143" classname="Test Cases/DIGITURNO/BASICO/23 Oficinas Eliminar" status="PASSED">
         <system-out><![CDATA[2024-10-03 17:25:43 - [TEST_CASE][PASSED] - Test Cases/DIGITURNO/BASICO/23 Oficinas Eliminar: Test Cases/DIGITURNO/BASICO/23 Oficinas Eliminar

2024-10-03 17:25:44 - [TEST_STEP][PASSED] - callTestCase(findTestCase("DIGITURNO/BASICO/21 Distribucion Geografica"), [:], STOP_ON_FAILURE): Call Test Case 'Test Cases/DIGITURNO/BASICO/21 Distribucion Geografica' successfully

2024-10-03 17:25:44 - [TEST_CASE][PASSED] - Test Cases/DIGITURNO/BASICO/21 Distribucion Geografica: Test Cases/DIGITURNO/BASICO/21 Distribucion Geografica

2024-10-03 17:25:44 - [TEST_STEP][PASSED] - callTestCase(findTestCase("0InicioSesion"), [:], STOP_ON_FAILURE): Call Test Case 'Test Cases/0InicioSesion' successfully

2024-10-03 17:25:44 - [TEST_CASE][PASSED] - Test Cases/0InicioSesion: Test Cases/0InicioSesion

2024-10-03 17:25:44 - [TEST_STEP][PASSED] - openBrowser(UrlDigiturno): Browser is opened with url: 'https://PCPruebas101.ciel.cielingenieria.com:8910'

2024-10-03 17:25:44 - [MESSAGE][WARNING] - A browser is already opened. Closing browser and opening a new one

2024-10-03 17:25:45 - [MESSAGE][INFO] - Starting 'Chrome' driver

2024-10-03 17:25:45 - [MESSAGE][INFO] - User set preference: ['args', '[--use-fake-ui-for-media-stream, --disable-notifications]']

2024-10-03 17:25:45 - [MESSAGE][INFO] - Action delay is set to 0 milliseconds

2024-10-03 17:25:47 - [MESSAGE][PASSED] - Browser is opened with url: 'https://PCPruebas101.ciel.cielingenieria.com:8910'

2024-10-03 17:25:47 - [TEST_STEP][PASSED] - maximizeWindow(): Current window maximized

2024-10-03 17:25:47 - [MESSAGE][PASSED] - Current window maximized

2024-10-03 17:25:47 - [TEST_STEP][PASSED] - delay(3): Delayed 3 second(s)

2024-10-03 17:25:50 - [MESSAGE][PASSED] - Delayed 3 second(s)

2024-10-03 17:25:50 - [TEST_STEP][PASSED] - setText(findTestObject("0Inicio Sesion/input_Usuario"), "Ciel"): Text 'Ciel' is set on object 'Object Repository/0Inicio Sesion/input_Usuario'

2024-10-03 17:25:51 - [MESSAGE][PASSED] - Text 'Ciel' is set on object 'Object Repository/0Inicio Sesion/input_Usuario'

2024-10-03 17:25:51 - [TEST_STEP][PASSED] - setText(findTestObject("0Inicio Sesion/input_Clave"), "digiturno"): Text 'digiturno' is set on object 'Object Repository/0Inicio Sesion/input_Clave'

2024-10-03 17:25:52 - [MESSAGE][PASSED] - Text 'digiturno' is set on object 'Object Repository/0Inicio Sesion/input_Clave'

2024-10-03 17:25:52 - [TEST_STEP][PASSED] - click(findTestObject("0Inicio Sesion/btn_IniciarSesion")): Object: 'Object Repository/0Inicio Sesion/btn_IniciarSesion' is clicked on

2024-10-03 17:25:52 - [MESSAGE][PASSED] - Object: 'Object Repository/0Inicio Sesion/btn_IniciarSesion' is clicked on

2024-10-03 17:25:52 - [TEST_STEP][PASSED] - delay(3): Delayed 3 second(s)

2024-10-03 17:25:55 - [MESSAGE][PASSED] - Delayed 3 second(s)

2024-10-03 17:25:55 - [MESSAGE][PASSED] - Call Test Case 'Test Cases/0InicioSesion' successfully

2024-10-03 17:25:55 - [TEST_STEP][PASSED] - click(findTestObject("DIGITURNO/1Principal/img_Configuracion(1)")): Object: 'Object Repository/DIGITURNO/1Principal/img_Configuracion(1)' is clicked on

2024-10-03 17:25:55 - [MESSAGE][PASSED] - Object: 'Object Repository/DIGITURNO/1Principal/img_Configuracion(1)' is clicked on

2024-10-03 17:25:55 - [TEST_STEP][PASSED] - delay(3): Delayed 3 second(s)

2024-10-03 17:25:58 - [MESSAGE][PASSED] - Delayed 3 second(s)

2024-10-03 17:25:58 - [TEST_STEP][PASSED] - click(findTestObject("DIGITURNO/CONFIGURACION/0Principal/img_2Distribucion Geografica")): Object: 'Object Repository/DIGITURNO/CONFIGURACION/0Principal/img_2Distribucion Geografica' is clicked on

2024-10-03 17:25:59 - [MESSAGE][PASSED] - Object: 'Object Repository/DIGITURNO/CONFIGURACION/0Principal/img_2Distribucion Geografica' is clicked on

2024-10-03 17:25:59 - [TEST_STEP][PASSED] - delay(3): Delayed 3 second(s)

2024-10-03 17:26:02 - [MESSAGE][PASSED] - Delayed 3 second(s)

2024-10-03 17:26:02 - [TEST_STEP][PASSED] - takeFullPageScreenshot(): Taking screenshot successfully

2024-10-03 17:26:02 - [MESSAGE][INFO] - 0 hidden object(s)

2024-10-03 17:26:02 - [MESSAGE][PASSED] - Taking screenshot successfully
[[ATTACHMENT|C:\\CIEL INGENIERIA\\Katalon\\Digiturno55\\Reports\\20241003_171202\\DIGITURNO\\BASICO\\23 Oficinas Crear Actualizar Eliminar\\20241003_171225\\1727994362540.png]]

2024-10-03 17:26:02 - [TEST_STEP][PASSED] - delay(3): Delayed 3 second(s)

2024-10-03 17:26:05 - [MESSAGE][PASSED] - Delayed 3 second(s)

2024-10-03 17:26:05 - [MESSAGE][PASSED] - Call Test Case 'Test Cases/DIGITURNO/BASICO/21 Distribucion Geografica' successfully

2024-10-03 17:26:05 - [TEST_STEP][PASSED] - click(findTestObject("DIGITURNO/CONFIGURACION/2Distribucion Geografica/0Principal/img_2Oficinas")): Object: 'Object Repository/DIGITURNO/CONFIGURACION/2Distribucion Geografica/0Principal/img_2Oficinas' is clicked on

2024-10-03 17:26:06 - [MESSAGE][PASSED] - Object: 'Object Repository/DIGITURNO/CONFIGURACION/2Distribucion Geografica/0Principal/img_2Oficinas' is clicked on

2024-10-03 17:26:06 - [TEST_STEP][PASSED] - delay(2): Delayed 2 second(s)

2024-10-03 17:26:08 - [MESSAGE][PASSED] - Delayed 2 second(s)

2024-10-03 17:26:08 - [TEST_STEP][PASSED] - setText(findTestObject("DIGITURNO/CONFIGURACION/2Distribucion Geografica/2Oficinas/Lista de oficinas/input_TextoABuscar"), "Prueba"): Text 'Prueba' is set on object 'Object Repository/DIGITURNO/CONFIGURACION/2Distribucion Geografica/2Oficinas/Lista de oficinas/input_TextoABuscar'

2024-10-03 17:26:09 - [MESSAGE][PASSED] - Text 'Prueba' is set on object 'Object Repository/DIGITURNO/CONFIGURACION/2Distribucion Geografica/2Oficinas/Lista de oficinas/input_TextoABuscar'

2024-10-03 17:26:09 - [TEST_STEP][PASSED] - click(findTestObject("DIGITURNO/CONFIGURACION/2Distribucion Geografica/2Oficinas/Lista de oficinas/img_Filtrar"), STOP_ON_FAILURE): Object: 'Object Repository/DIGITURNO/CONFIGURACION/2Distribucion Geografica/2Oficinas/Lista de oficinas/img_Filtrar' is clicked on

2024-10-03 17:26:10 - [MESSAGE][PASSED] - Object: 'Object Repository/DIGITURNO/CONFIGURACION/2Distribucion Geografica/2Oficinas/Lista de oficinas/img_Filtrar' is clicked on

2024-10-03 17:26:10 - [TEST_STEP][PASSED] - delay(2): Delayed 2 second(s)

2024-10-03 17:26:12 - [MESSAGE][PASSED] - Delayed 2 second(s)

2024-10-03 17:26:12 - [TEST_STEP][PASSED] - click(findTestObject("DIGITURNO/CONFIGURACION/2Distribucion Geografica/2Oficinas/Lista de oficinas/td_1 Seleccion Busqueda")): Object: 'Object Repository/DIGITURNO/CONFIGURACION/2Distribucion Geografica/2Oficinas/Lista de oficinas/td_1 Seleccion Busqueda' is clicked on

2024-10-03 17:26:12 - [MESSAGE][PASSED] - Object: 'Object Repository/DIGITURNO/CONFIGURACION/2Distribucion Geografica/2Oficinas/Lista de oficinas/td_1 Seleccion Busqueda' is clicked on

2024-10-03 17:26:12 - [TEST_STEP][PASSED] - delay(3): Delayed 3 second(s)

2024-10-03 17:26:15 - [MESSAGE][PASSED] - Delayed 3 second(s)

2024-10-03 17:26:15 - [TEST_STEP][PASSED] - click(findTestObject("DIGITURNO/CONFIGURACION/2Distribucion Geografica/2Oficinas/Edicion/img_Eliminar"), STOP_ON_FAILURE): Object: 'Object Repository/DIGITURNO/CONFIGURACION/2Distribucion Geografica/2Oficinas/Edicion/img_Eliminar' is clicked on

2024-10-03 17:26:16 - [MESSAGE][PASSED] - Object: 'Object Repository/DIGITURNO/CONFIGURACION/2Distribucion Geografica/2Oficinas/Edicion/img_Eliminar' is clicked on

2024-10-03 17:26:16 - [TEST_STEP][PASSED] - click(findTestObject("DIGITURNO/CONFIGURACION/2Distribucion Geografica/2Oficinas/Edicion/img_Eliminar")): Object: 'Object Repository/DIGITURNO/CONFIGURACION/2Distribucion Geografica/2Oficinas/Edicion/img_Eliminar' is clicked on

2024-10-03 17:26:16 - [MESSAGE][PASSED] - Object: 'Object Repository/DIGITURNO/CONFIGURACION/2Distribucion Geografica/2Oficinas/Edicion/img_Eliminar' is clicked on

2024-10-03 17:26:16 - [TEST_STEP][PASSED] - acceptAlert(): Alert accepted

2024-10-03 17:26:16 - [MESSAGE][PASSED] - Alert accepted

2024-10-03 17:26:16 - [TEST_STEP][PASSED] - delay(3): Delayed 3 second(s)

2024-10-03 17:26:19 - [MESSAGE][PASSED] - Delayed 3 second(s)

2024-10-03 17:26:19 - [TEST_STEP][PASSED] - takeFullPageScreenshot(): Taking screenshot successfully

2024-10-03 17:26:19 - [MESSAGE][INFO] - 0 hidden object(s)

2024-10-03 17:26:19 - [MESSAGE][PASSED] - Taking screenshot successfully
[[ATTACHMENT|C:\\CIEL INGENIERIA\\Katalon\\Digiturno55\\Reports\\20241003_171202\\DIGITURNO\\BASICO\\23 Oficinas Crear Actualizar Eliminar\\20241003_171225\\1727994379191.png]]

2024-10-03 17:26:19 - [TEST_STEP][PASSED] - delay(3): Delayed 3 second(s)

2024-10-03 17:26:22 - [MESSAGE][PASSED] - Delayed 3 second(s)

2024-10-03 17:26:22 - [TEST_STEP][PASSED] - Start listener action : sampleAfterTestCase: null]]></system-out>
         <system-err><![CDATA[]]></system-err>
      </testcase>
      <system-out><![CDATA[2024-10-03 17:23:50 - [TEST_SUITE][PASSED] - 23 Oficinas Crear Actualizar Eliminar: Test Cases/DIGITURNO/BASICO/23 Oficinas Eliminar]]></system-out>
      <system-err><![CDATA[]]></system-err>
   </testsuite>
</testsuites>
