<?xml version="1.0" encoding="UTF-8"?>
<testsuites name="14 Paginas por perfil Asociar y Desasociar" time="82.42" tests="2" failures="0" errors="0">
   <testsuite name="14 Paginas por perfil Asociar y Desasociar" tests="2" failures="0" errors="0" time="82.42" skipped="0" timestamp="2023-07-11 11:42:47" hostname="jdavila - PCPruebas101.ciel.cielingenieria.com" id="Test Suites/DIGITURNO/BASICO/14 Paginas por perfil Asociar y Desasociar">
      <properties>
         <property name="deviceName" value=""/>
         <property name="devicePlatform" value=""/>
         <property name="logFolder" value="C:\\CIEL INGENIERIA\\Katalon\\Digiturno55\\Reports\\20230711_113602\\DIGITURNO\\BASICO\\14 Paginas por perfil Asociar y Desasociar\\20230711_113609"/>
         <property name="logFiles" value="C:\\CIEL INGENIERIA\\Katalon\\Digiturno55\\Reports\\20230711_113602\\DIGITURNO\\BASICO\\14 Paginas por perfil Asociar y Desasociar\\20230711_113609\\execution0.log"/>
         <property name="attachments" value="C:\\CIEL INGENIERIA\\Katalon\\Digiturno55\\Reports\\20230711_113602\\DIGITURNO\\BASICO\\14 Paginas por perfil Asociar y Desasociar\\20230711_113609\\1689093788483.png, C:\\CIEL INGENIERIA\\Katalon\\Digiturno55\\Reports\\20230711_113602\\DIGITURNO\\BASICO\\14 Paginas por perfil Asociar y Desasociar\\20230711_113609\\1689093808353.png, C:\\CIEL INGENIERIA\\Katalon\\Digiturno55\\Reports\\20230711_113602\\DIGITURNO\\BASICO\\14 Paginas por perfil Asociar y Desasociar\\20230711_113609\\1689093830137.png, C:\\CIEL INGENIERIA\\Katalon\\Digiturno55\\Reports\\20230711_113602\\DIGITURNO\\BASICO\\14 Paginas por perfil Asociar y Desasociar\\20230711_113609\\1689093846672.png"/>
         <property name="hostName" value="jdavila - PCPruebas101.ciel.cielingenieria.com"/>
         <property name="os" value="Windows 10 64bit"/>
         <property name="katalonVersion" value="8.6.0.208"/>
         <property name="browser" value="Chrome 114.0.0.0"/>
         <property name="hostAddress" value="192.168.0.33"/>
         <property name="sessionId" value="4e15b4731006cd85af65163bd13e1f75"/>
         <property name="seleniumVersion" value="3.141.59"/>
         <property name="proxyInformation" value="ProxyInformation { proxyOption=NO_PROXY, proxyServerType=HTTP, username=, password=********, proxyServerAddress=, proxyServerPort=0, executionList=&quot;&quot;, isApplyToDesiredCapabilities=true }"/>
         <property name="platform" value="Windows 10"/>
      </properties>
      <testcase name="Test Cases/DIGITURNO/BASICO/14 Paginas por perfil Asociar" time="43.883" classname="Test Cases/DIGITURNO/BASICO/14 Paginas por perfil Asociar" status="PASSED">
         <system-out><![CDATA[2023-07-11 11:42:48 - [TEST_CASE][PASSED] - Test Cases/DIGITURNO/BASICO/14 Paginas por perfil Asociar: Test Cases/DIGITURNO/BASICO/14 Paginas por perfil Asociar

2023-07-11 11:42:48 - [TEST_STEP][PASSED] - callTestCase(findTestCase("DIGITURNO/BASICO/5 Usuarios"), [:], STOP_ON_FAILURE): Call Test Case 'Test Cases/DIGITURNO/BASICO/5 Usuarios' successfully

2023-07-11 11:42:48 - [TEST_CASE][PASSED] - Test Cases/DIGITURNO/BASICO/5 Usuarios: Test Cases/DIGITURNO/BASICO/5 Usuarios

2023-07-11 11:42:48 - [TEST_STEP][PASSED] - callTestCase(findTestCase("0InicioSesion"), [:], STOP_ON_FAILURE): Call Test Case 'Test Cases/0InicioSesion' successfully

2023-07-11 11:42:48 - [TEST_CASE][PASSED] - Test Cases/0InicioSesion: Test Cases/0InicioSesion

2023-07-11 11:42:49 - [TEST_STEP][PASSED] - openBrowser(UrlDigiturno): Browser is opened with url: 'https://PCPruebas101.ciel.cielingenieria.com:8810'

2023-07-11 11:42:49 - [MESSAGE][INFO] - Starting 'Chrome' driver

2023-07-11 11:42:49 - [MESSAGE][INFO] - User set preference: ['args', '[--use-fake-ui-for-media-stream, --disable-notifications]']

2023-07-11 11:42:49 - [MESSAGE][INFO] - Action delay is set to 0 milliseconds

2023-07-11 11:42:52 - [MESSAGE][PASSED] - Browser is opened with url: 'https://PCPruebas101.ciel.cielingenieria.com:8810'

2023-07-11 11:42:52 - [TEST_STEP][PASSED] - maximizeWindow(): Current window maximized

2023-07-11 11:42:52 - [MESSAGE][PASSED] - Current window maximized

2023-07-11 11:42:52 - [TEST_STEP][PASSED] - delay(3): Delayed 3 second(s)

2023-07-11 11:42:55 - [MESSAGE][PASSED] - Delayed 3 second(s)

2023-07-11 11:42:55 - [TEST_STEP][PASSED] - setText(findTestObject("0Inicio Sesion/input_Usuario"), "Ciel"): Text 'Ciel' is set on object 'Object Repository/0Inicio Sesion/input_Usuario'

2023-07-11 11:42:56 - [MESSAGE][PASSED] - Text 'Ciel' is set on object 'Object Repository/0Inicio Sesion/input_Usuario'

2023-07-11 11:42:56 - [TEST_STEP][PASSED] - setText(findTestObject("0Inicio Sesion/input_Clave"), "digiturno"): Text 'digiturno' is set on object 'Object Repository/0Inicio Sesion/input_Clave'

2023-07-11 11:42:57 - [MESSAGE][PASSED] - Text 'digiturno' is set on object 'Object Repository/0Inicio Sesion/input_Clave'

2023-07-11 11:42:57 - [TEST_STEP][PASSED] - click(findTestObject("0Inicio Sesion/btn_IniciarSesion")): Object: 'Object Repository/0Inicio Sesion/btn_IniciarSesion' is clicked on

2023-07-11 11:42:57 - [MESSAGE][PASSED] - Object: 'Object Repository/0Inicio Sesion/btn_IniciarSesion' is clicked on

2023-07-11 11:42:57 - [TEST_STEP][PASSED] - delay(3): Delayed 3 second(s)

2023-07-11 11:43:00 - [MESSAGE][PASSED] - Delayed 3 second(s)

2023-07-11 11:43:00 - [MESSAGE][PASSED] - Call Test Case 'Test Cases/0InicioSesion' successfully

2023-07-11 11:43:00 - [TEST_STEP][PASSED] - click(findTestObject("DIGITURNO/1Principal/img_Configuracion(1)")): Object: 'Object Repository/DIGITURNO/1Principal/img_Configuracion(1)' is clicked on

2023-07-11 11:43:01 - [MESSAGE][PASSED] - Object: 'Object Repository/DIGITURNO/1Principal/img_Configuracion(1)' is clicked on

2023-07-11 11:43:01 - [TEST_STEP][PASSED] - delay(3): Delayed 3 second(s)

2023-07-11 11:43:04 - [MESSAGE][PASSED] - Delayed 3 second(s)

2023-07-11 11:43:04 - [TEST_STEP][PASSED] - click(findTestObject("DIGITURNO/CONFIGURACION/0Principal/img_4Usuarios")): Object: 'Object Repository/DIGITURNO/CONFIGURACION/0Principal/img_4Usuarios' is clicked on

2023-07-11 11:43:05 - [MESSAGE][PASSED] - Object: 'Object Repository/DIGITURNO/CONFIGURACION/0Principal/img_4Usuarios' is clicked on

2023-07-11 11:43:05 - [TEST_STEP][PASSED] - delay(3): Delayed 3 second(s)

2023-07-11 11:43:08 - [MESSAGE][PASSED] - Delayed 3 second(s)

2023-07-11 11:43:08 - [TEST_STEP][PASSED] - takeFullPageScreenshot(STOP_ON_FAILURE): Taking screenshot successfully

2023-07-11 11:43:09 - [MESSAGE][INFO] - 0 hidden object(s)

2023-07-11 11:43:09 - [MESSAGE][PASSED] - Taking screenshot successfully
[[ATTACHMENT|C:\\CIEL INGENIERIA\\Katalon\\Digiturno55\\Reports\\20230711_113602\\DIGITURNO\\BASICO\\14 Paginas por perfil Asociar y Desasociar\\20230711_113609\\1689093788483.png]]

2023-07-11 11:43:09 - [TEST_STEP][PASSED] - delay(3): Delayed 3 second(s)

2023-07-11 11:43:12 - [MESSAGE][PASSED] - Delayed 3 second(s)

2023-07-11 11:43:12 - [MESSAGE][PASSED] - Call Test Case 'Test Cases/DIGITURNO/BASICO/5 Usuarios' successfully

2023-07-11 11:43:12 - [TEST_STEP][PASSED] - delay(3): Delayed 3 second(s)

2023-07-11 11:43:15 - [MESSAGE][PASSED] - Delayed 3 second(s)

2023-07-11 11:43:15 - [TEST_STEP][PASSED] - click(findTestObject("DIGITURNO/CONFIGURACION/4Usuarios/0Principal/img_2Paginas por perfil")): Object: 'Object Repository/DIGITURNO/CONFIGURACION/4Usuarios/0Principal/img_2Paginas por perfil' is clicked on

2023-07-11 11:43:16 - [MESSAGE][PASSED] - Object: 'Object Repository/DIGITURNO/CONFIGURACION/4Usuarios/0Principal/img_2Paginas por perfil' is clicked on

2023-07-11 11:43:16 - [TEST_STEP][PASSED] - delay(3): Delayed 3 second(s)

2023-07-11 11:43:19 - [MESSAGE][PASSED] - Delayed 3 second(s)

2023-07-11 11:43:19 - [TEST_STEP][PASSED] - setText(findTestObject("DIGITURNO/CONFIGURACION/4Usuarios/2Paginas por perfil/Paginas de la aplicacion/input_TextoABuscar"), "alarmas"): Text 'alarmas' is set on object 'Object Repository/DIGITURNO/CONFIGURACION/4Usuarios/2Paginas por perfil/Paginas de la aplicacion/input_TextoABuscar'

2023-07-11 11:43:20 - [MESSAGE][PASSED] - Text 'alarmas' is set on object 'Object Repository/DIGITURNO/CONFIGURACION/4Usuarios/2Paginas por perfil/Paginas de la aplicacion/input_TextoABuscar'

2023-07-11 11:43:20 - [TEST_STEP][PASSED] - click(findTestObject("DIGITURNO/CONFIGURACION/4Usuarios/2Paginas por perfil/Perfiles de la aplicacion/option_3Consulta")): Object: 'Object Repository/DIGITURNO/CONFIGURACION/4Usuarios/2Paginas por perfil/Perfiles de la aplicacion/option_3Consulta' is clicked on

2023-07-11 11:43:20 - [MESSAGE][PASSED] - Object: 'Object Repository/DIGITURNO/CONFIGURACION/4Usuarios/2Paginas por perfil/Perfiles de la aplicacion/option_3Consulta' is clicked on

2023-07-11 11:43:20 - [TEST_STEP][PASSED] - delay(2): Delayed 2 second(s)

2023-07-11 11:43:22 - [MESSAGE][PASSED] - Delayed 2 second(s)

2023-07-11 11:43:22 - [TEST_STEP][PASSED] - click(findTestObject("DIGITURNO/CONFIGURACION/4Usuarios/2Paginas por perfil/Paginas de la aplicacion/a_SeleccionarTodo")): Object: 'Object Repository/DIGITURNO/CONFIGURACION/4Usuarios/2Paginas por perfil/Paginas de la aplicacion/a_SeleccionarTodo' is clicked on

2023-07-11 11:43:22 - [MESSAGE][PASSED] - Object: 'Object Repository/DIGITURNO/CONFIGURACION/4Usuarios/2Paginas por perfil/Paginas de la aplicacion/a_SeleccionarTodo' is clicked on

2023-07-11 11:43:22 - [TEST_STEP][PASSED] - delay(2): Delayed 2 second(s)

2023-07-11 11:43:24 - [MESSAGE][PASSED] - Delayed 2 second(s)

2023-07-11 11:43:24 - [TEST_STEP][PASSED] - click(findTestObject("DIGITURNO/CONFIGURACION/4Usuarios/2Paginas por perfil/Perfiles de la aplicacion/img_Nuevo")): Object: 'Object Repository/DIGITURNO/CONFIGURACION/4Usuarios/2Paginas por perfil/Perfiles de la aplicacion/img_Nuevo' is clicked on

2023-07-11 11:43:25 - [MESSAGE][PASSED] - Object: 'Object Repository/DIGITURNO/CONFIGURACION/4Usuarios/2Paginas por perfil/Perfiles de la aplicacion/img_Nuevo' is clicked on

2023-07-11 11:43:25 - [TEST_STEP][PASSED] - delay(3): Delayed 3 second(s)

2023-07-11 11:43:28 - [MESSAGE][PASSED] - Delayed 3 second(s)

2023-07-11 11:43:28 - [TEST_STEP][PASSED] - takeFullPageScreenshot(): Taking screenshot successfully

2023-07-11 11:43:28 - [MESSAGE][INFO] - 0 hidden object(s)

2023-07-11 11:43:28 - [MESSAGE][PASSED] - Taking screenshot successfully
[[ATTACHMENT|C:\\CIEL INGENIERIA\\Katalon\\Digiturno55\\Reports\\20230711_113602\\DIGITURNO\\BASICO\\14 Paginas por perfil Asociar y Desasociar\\20230711_113609\\1689093808353.png]]

2023-07-11 11:43:28 - [TEST_STEP][PASSED] - delay(3): Delayed 3 second(s)

2023-07-11 11:43:31 - [MESSAGE][PASSED] - Delayed 3 second(s)

2023-07-11 11:43:31 - [TEST_STEP][PASSED] - Start listener action : sampleAfterTestCase: null]]></system-out>
         <system-err><![CDATA[]]></system-err>
      </testcase>
      <testcase name="Test Cases/DIGITURNO/BASICO/14 Paginas por perfil Desasociar" time="38.304" classname="Test Cases/DIGITURNO/BASICO/14 Paginas por perfil Desasociar" status="PASSED">
         <system-out><![CDATA[2023-07-11 11:43:31 - [TEST_CASE][PASSED] - Test Cases/DIGITURNO/BASICO/14 Paginas por perfil Desasociar: Test Cases/DIGITURNO/BASICO/14 Paginas por perfil Desasociar

2023-07-11 11:43:32 - [TEST_STEP][PASSED] - callTestCase(findTestCase("DIGITURNO/BASICO/5 Usuarios"), [:], STOP_ON_FAILURE): Call Test Case 'Test Cases/DIGITURNO/BASICO/5 Usuarios' successfully

2023-07-11 11:43:32 - [TEST_CASE][PASSED] - Test Cases/DIGITURNO/BASICO/5 Usuarios: Test Cases/DIGITURNO/BASICO/5 Usuarios

2023-07-11 11:43:32 - [TEST_STEP][PASSED] - callTestCase(findTestCase("0InicioSesion"), [:], STOP_ON_FAILURE): Call Test Case 'Test Cases/0InicioSesion' successfully

2023-07-11 11:43:32 - [TEST_CASE][PASSED] - Test Cases/0InicioSesion: Test Cases/0InicioSesion

2023-07-11 11:43:32 - [TEST_STEP][PASSED] - openBrowser(UrlDigiturno): Browser is opened with url: 'https://PCPruebas101.ciel.cielingenieria.com:8810'

2023-07-11 11:43:32 - [MESSAGE][WARNING] - A browser is already opened. Closing browser and opening a new one

2023-07-11 11:43:33 - [MESSAGE][INFO] - Starting 'Chrome' driver

2023-07-11 11:43:33 - [MESSAGE][INFO] - User set preference: ['args', '[--use-fake-ui-for-media-stream, --disable-notifications]']

2023-07-11 11:43:33 - [MESSAGE][INFO] - Action delay is set to 0 milliseconds

2023-07-11 11:43:35 - [MESSAGE][PASSED] - Browser is opened with url: 'https://PCPruebas101.ciel.cielingenieria.com:8810'

2023-07-11 11:43:35 - [TEST_STEP][PASSED] - maximizeWindow(): Current window maximized

2023-07-11 11:43:35 - [MESSAGE][PASSED] - Current window maximized

2023-07-11 11:43:35 - [TEST_STEP][PASSED] - delay(3): Delayed 3 second(s)

2023-07-11 11:43:38 - [MESSAGE][PASSED] - Delayed 3 second(s)

2023-07-11 11:43:38 - [TEST_STEP][PASSED] - setText(findTestObject("0Inicio Sesion/input_Usuario"), "Ciel"): Text 'Ciel' is set on object 'Object Repository/0Inicio Sesion/input_Usuario'

2023-07-11 11:43:38 - [MESSAGE][PASSED] - Text 'Ciel' is set on object 'Object Repository/0Inicio Sesion/input_Usuario'

2023-07-11 11:43:38 - [TEST_STEP][PASSED] - setText(findTestObject("0Inicio Sesion/input_Clave"), "digiturno"): Text 'digiturno' is set on object 'Object Repository/0Inicio Sesion/input_Clave'

2023-07-11 11:43:39 - [MESSAGE][PASSED] - Text 'digiturno' is set on object 'Object Repository/0Inicio Sesion/input_Clave'

2023-07-11 11:43:39 - [TEST_STEP][PASSED] - click(findTestObject("0Inicio Sesion/btn_IniciarSesion")): Object: 'Object Repository/0Inicio Sesion/btn_IniciarSesion' is clicked on

2023-07-11 11:43:40 - [MESSAGE][PASSED] - Object: 'Object Repository/0Inicio Sesion/btn_IniciarSesion' is clicked on

2023-07-11 11:43:40 - [TEST_STEP][PASSED] - delay(3): Delayed 3 second(s)

2023-07-11 11:43:43 - [MESSAGE][PASSED] - Delayed 3 second(s)

2023-07-11 11:43:43 - [MESSAGE][PASSED] - Call Test Case 'Test Cases/0InicioSesion' successfully

2023-07-11 11:43:43 - [TEST_STEP][PASSED] - click(findTestObject("DIGITURNO/1Principal/img_Configuracion(1)")): Object: 'Object Repository/DIGITURNO/1Principal/img_Configuracion(1)' is clicked on

2023-07-11 11:43:43 - [MESSAGE][PASSED] - Object: 'Object Repository/DIGITURNO/1Principal/img_Configuracion(1)' is clicked on

2023-07-11 11:43:43 - [TEST_STEP][PASSED] - delay(3): Delayed 3 second(s)

2023-07-11 11:43:46 - [MESSAGE][PASSED] - Delayed 3 second(s)

2023-07-11 11:43:46 - [TEST_STEP][PASSED] - click(findTestObject("DIGITURNO/CONFIGURACION/0Principal/img_4Usuarios")): Object: 'Object Repository/DIGITURNO/CONFIGURACION/0Principal/img_4Usuarios' is clicked on

2023-07-11 11:43:47 - [MESSAGE][PASSED] - Object: 'Object Repository/DIGITURNO/CONFIGURACION/0Principal/img_4Usuarios' is clicked on

2023-07-11 11:43:47 - [TEST_STEP][PASSED] - delay(3): Delayed 3 second(s)

2023-07-11 11:43:50 - [MESSAGE][PASSED] - Delayed 3 second(s)

2023-07-11 11:43:50 - [TEST_STEP][PASSED] - takeFullPageScreenshot(STOP_ON_FAILURE): Taking screenshot successfully

2023-07-11 11:43:50 - [MESSAGE][INFO] - 0 hidden object(s)

2023-07-11 11:43:50 - [MESSAGE][PASSED] - Taking screenshot successfully
[[ATTACHMENT|C:\\CIEL INGENIERIA\\Katalon\\Digiturno55\\Reports\\20230711_113602\\DIGITURNO\\BASICO\\14 Paginas por perfil Asociar y Desasociar\\20230711_113609\\1689093830137.png]]

2023-07-11 11:43:50 - [TEST_STEP][PASSED] - delay(3): Delayed 3 second(s)

2023-07-11 11:43:53 - [MESSAGE][PASSED] - Delayed 3 second(s)

2023-07-11 11:43:53 - [MESSAGE][PASSED] - Call Test Case 'Test Cases/DIGITURNO/BASICO/5 Usuarios' successfully

2023-07-11 11:43:53 - [TEST_STEP][PASSED] - delay(3): Delayed 3 second(s)

2023-07-11 11:43:56 - [MESSAGE][PASSED] - Delayed 3 second(s)

2023-07-11 11:43:56 - [TEST_STEP][PASSED] - click(findTestObject("DIGITURNO/CONFIGURACION/4Usuarios/0Principal/img_2Paginas por perfil")): Object: 'Object Repository/DIGITURNO/CONFIGURACION/4Usuarios/0Principal/img_2Paginas por perfil' is clicked on

2023-07-11 11:43:57 - [MESSAGE][PASSED] - Object: 'Object Repository/DIGITURNO/CONFIGURACION/4Usuarios/0Principal/img_2Paginas por perfil' is clicked on

2023-07-11 11:43:57 - [TEST_STEP][PASSED] - delay(3): Delayed 3 second(s)

2023-07-11 11:44:00 - [MESSAGE][PASSED] - Delayed 3 second(s)

2023-07-11 11:44:00 - [TEST_STEP][PASSED] - setText(findTestObject("DIGITURNO/CONFIGURACION/4Usuarios/2Paginas por perfil/Paginas de la aplicacion/input_TextoABuscar"), "alarmas"): Text 'alarmas' is set on object 'Object Repository/DIGITURNO/CONFIGURACION/4Usuarios/2Paginas por perfil/Paginas de la aplicacion/input_TextoABuscar'

2023-07-11 11:44:01 - [MESSAGE][PASSED] - Text 'alarmas' is set on object 'Object Repository/DIGITURNO/CONFIGURACION/4Usuarios/2Paginas por perfil/Paginas de la aplicacion/input_TextoABuscar'

2023-07-11 11:44:01 - [TEST_STEP][PASSED] - click(findTestObject("DIGITURNO/CONFIGURACION/4Usuarios/2Paginas por perfil/Perfiles de la aplicacion/option_3Consulta")): Object: 'Object Repository/DIGITURNO/CONFIGURACION/4Usuarios/2Paginas por perfil/Perfiles de la aplicacion/option_3Consulta' is clicked on

2023-07-11 11:44:01 - [MESSAGE][PASSED] - Object: 'Object Repository/DIGITURNO/CONFIGURACION/4Usuarios/2Paginas por perfil/Perfiles de la aplicacion/option_3Consulta' is clicked on

2023-07-11 11:44:01 - [TEST_STEP][PASSED] - delay(2): Delayed 2 second(s)

2023-07-11 11:44:03 - [MESSAGE][PASSED] - Delayed 2 second(s)

2023-07-11 11:44:03 - [TEST_STEP][PASSED] - click(findTestObject("DIGITURNO/CONFIGURACION/4Usuarios/2Paginas por perfil/Paginas de la aplicacion/a_SeleccionarTodo")): Object: 'Object Repository/DIGITURNO/CONFIGURACION/4Usuarios/2Paginas por perfil/Paginas de la aplicacion/a_SeleccionarTodo' is clicked on

2023-07-11 11:44:04 - [MESSAGE][PASSED] - Object: 'Object Repository/DIGITURNO/CONFIGURACION/4Usuarios/2Paginas por perfil/Paginas de la aplicacion/a_SeleccionarTodo' is clicked on

2023-07-11 11:44:04 - [TEST_STEP][PASSED] - delay(2): Delayed 2 second(s)

2023-07-11 11:44:06 - [MESSAGE][PASSED] - Delayed 2 second(s)

2023-07-11 11:44:06 - [TEST_STEP][PASSED] - click(findTestObject("DIGITURNO/CONFIGURACION/4Usuarios/2Paginas por perfil/Perfiles de la aplicacion/img_Eliminar")): Object: 'Object Repository/DIGITURNO/CONFIGURACION/4Usuarios/2Paginas por perfil/Perfiles de la aplicacion/img_Eliminar' is clicked on

2023-07-11 11:44:06 - [MESSAGE][PASSED] - Object: 'Object Repository/DIGITURNO/CONFIGURACION/4Usuarios/2Paginas por perfil/Perfiles de la aplicacion/img_Eliminar' is clicked on

2023-07-11 11:44:06 - [TEST_STEP][PASSED] - click(findTestObject("DIGITURNO/CONFIGURACION/4Usuarios/2Paginas por perfil/Perfiles de la aplicacion/img_Eliminar")): Object: 'Object Repository/DIGITURNO/CONFIGURACION/4Usuarios/2Paginas por perfil/Perfiles de la aplicacion/img_Eliminar' is clicked on

2023-07-11 11:44:06 - [MESSAGE][PASSED] - Object: 'Object Repository/DIGITURNO/CONFIGURACION/4Usuarios/2Paginas por perfil/Perfiles de la aplicacion/img_Eliminar' is clicked on

2023-07-11 11:44:06 - [TEST_STEP][PASSED] - acceptAlert(STOP_ON_FAILURE): Alert accepted

2023-07-11 11:44:06 - [MESSAGE][PASSED] - Alert accepted

2023-07-11 11:44:06 - [TEST_STEP][PASSED] - takeFullPageScreenshot(): Taking screenshot successfully

2023-07-11 11:44:07 - [MESSAGE][INFO] - 0 hidden object(s)

2023-07-11 11:44:07 - [MESSAGE][PASSED] - Taking screenshot successfully
[[ATTACHMENT|C:\\CIEL INGENIERIA\\Katalon\\Digiturno55\\Reports\\20230711_113602\\DIGITURNO\\BASICO\\14 Paginas por perfil Asociar y Desasociar\\20230711_113609\\1689093846672.png]]

2023-07-11 11:44:07 - [TEST_STEP][PASSED] - delay(3): Delayed 3 second(s)

2023-07-11 11:44:10 - [MESSAGE][PASSED] - Delayed 3 second(s)

2023-07-11 11:44:10 - [TEST_STEP][PASSED] - Start listener action : sampleAfterTestCase: null]]></system-out>
         <system-err><![CDATA[]]></system-err>
      </testcase>
      <system-out><![CDATA[2023-07-11 11:42:47 - [TEST_SUITE][PASSED] - 14 Paginas por perfil Asociar y Desasociar: Test Cases/DIGITURNO/BASICO/14 Paginas por perfil Desasociar]]></system-out>
      <system-err><![CDATA[]]></system-err>
   </testsuite>
</testsuites>
