<?xml version="1.0" encoding="UTF-8"?>
<testsuites name="2 Suspender Turno" time="64.179" tests="1" failures="0" errors="0">
   <testsuite name="2 Suspender Turno" tests="1" failures="0" errors="0" time="64.179" skipped="0" timestamp="2024-04-08 07:54:33" hostname="jdavila - PCPruebas101.ciel.cielingenieria.com" id="Test Suites/DIGITURNO/OPERACION BASICA TERMINAL/2 Suspender Turno">
      <properties>
         <property name="deviceName" value=""/>
         <property name="devicePlatform" value=""/>
         <property name="logFolder" value="C:\\CIEL INGENIERIA\\Katalon\\Digiturno55\\Reports\\20240408_075042\\DIGITURNO\\OPERACION BASICA TERMINAL\\2 Suspender Turno\\20240408_075047"/>
         <property name="logFiles" value="C:\\CIEL INGENIERIA\\Katalon\\Digiturno55\\Reports\\20240408_075042\\DIGITURNO\\OPERACION BASICA TERMINAL\\2 Suspender Turno\\20240408_075047\\execution0.log"/>
         <property name="attachments" value="C:\\CIEL INGENIERIA\\Katalon\\Digiturno55\\Reports\\20240408_075042\\DIGITURNO\\OPERACION BASICA TERMINAL\\2 Suspender Turno\\20240408_075047\\1712580887641.png, C:\\CIEL INGENIERIA\\Katalon\\Digiturno55\\Reports\\20240408_075042\\DIGITURNO\\OPERACION BASICA TERMINAL\\2 Suspender Turno\\20240408_075047\\1712580926796.png"/>
         <property name="hostName" value="jdavila - PCPruebas101.ciel.cielingenieria.com"/>
         <property name="os" value="Windows 10 64bit"/>
         <property name="katalonVersion" value="8.6.9.208"/>
         <property name="browser" value="Chrome 123.0.0.0"/>
         <property name="hostAddress" value="192.168.0.6"/>
         <property name="sessionId" value="9dadb0e3b68ce512daf16af44615931e"/>
         <property name="seleniumVersion" value="3.141.59"/>
         <property name="proxyInformation" value="ProxyInformation { proxyOption=NO_PROXY, proxyServerType=HTTP, username=, password=********, proxyServerAddress=, proxyServerPort=0, executionList=&quot;&quot;, isApplyToDesiredCapabilities=true }"/>
         <property name="platform" value="Windows 10"/>
      </properties>
      <testcase name="Test Cases/DIGITURNO/OPERACION BASICA TERMINAL/2 Suspender Turno" time="63.895" classname="Test Cases/DIGITURNO/OPERACION BASICA TERMINAL/2 Suspender Turno" status="PASSED">
         <system-out><![CDATA[2024-04-08 07:54:33 - [TEST_CASE][PASSED] - Test Cases/DIGITURNO/OPERACION BASICA TERMINAL/2 Suspender Turno: Test Cases/DIGITURNO/OPERACION BASICA TERMINAL/2 Suspender Turno

2024-04-08 07:54:33 - [TEST_STEP][PASSED] - callTestCase(findTestCase("0InicioSesionOperacionBasica"), [:], STOP_ON_FAILURE): Call Test Case 'Test Cases/0InicioSesionOperacionBasica' successfully

2024-04-08 07:54:34 - [TEST_CASE][PASSED] - Test Cases/0InicioSesionOperacionBasica: Test Cases/0InicioSesionOperacionBasica

2024-04-08 07:54:34 - [TEST_STEP][PASSED] - openBrowser(UrlDigiturno): Browser is opened with url: 'https://PCPruebas101.ciel.cielingenieria.com:8910'

2024-04-08 07:54:34 - [MESSAGE][INFO] - Starting 'Chrome' driver

2024-04-08 07:54:34 - [MESSAGE][INFO] - User set preference: ['args', '[--use-fake-ui-for-media-stream, --disable-notifications]']

2024-04-08 07:54:34 - [MESSAGE][INFO] - Action delay is set to 0 milliseconds

2024-04-08 07:54:39 - [MESSAGE][PASSED] - Browser is opened with url: 'https://PCPruebas101.ciel.cielingenieria.com:8910'

2024-04-08 07:54:39 - [TEST_STEP][PASSED] - maximizeWindow(): Current window maximized

2024-04-08 07:54:39 - [MESSAGE][PASSED] - Current window maximized

2024-04-08 07:54:39 - [TEST_STEP][PASSED] - delay(3): Delayed 3 second(s)

2024-04-08 07:54:42 - [MESSAGE][PASSED] - Delayed 3 second(s)

2024-04-08 07:54:42 - [TEST_STEP][PASSED] - setText(findTestObject("0Inicio Sesion/input_Usuario"), "Ciel"): Text 'Ciel' is set on object 'Object Repository/0Inicio Sesion/input_Usuario'

2024-04-08 07:54:43 - [MESSAGE][PASSED] - Text 'Ciel' is set on object 'Object Repository/0Inicio Sesion/input_Usuario'

2024-04-08 07:54:43 - [TEST_STEP][PASSED] - setText(findTestObject("0Inicio Sesion/input_Clave"), "digiturno"): Text 'digiturno' is set on object 'Object Repository/0Inicio Sesion/input_Clave'

2024-04-08 07:54:44 - [MESSAGE][PASSED] - Text 'digiturno' is set on object 'Object Repository/0Inicio Sesion/input_Clave'

2024-04-08 07:54:44 - [TEST_STEP][PASSED] - click(findTestObject("0Inicio Sesion/btn_IniciarSesion")): Object: 'Object Repository/0Inicio Sesion/btn_IniciarSesion' is clicked on

2024-04-08 07:54:44 - [MESSAGE][PASSED] - Object: 'Object Repository/0Inicio Sesion/btn_IniciarSesion' is clicked on

2024-04-08 07:54:44 - [TEST_STEP][PASSED] - delay(3): Delayed 3 second(s)

2024-04-08 07:54:47 - [MESSAGE][PASSED] - Delayed 3 second(s)

2024-04-08 07:54:47 - [TEST_STEP][PASSED] - takeFullPageScreenshot(): Taking screenshot successfully

2024-04-08 07:54:48 - [MESSAGE][INFO] - 0 hidden object(s)

2024-04-08 07:54:48 - [MESSAGE][PASSED] - Taking screenshot successfully
[[ATTACHMENT|C:\\CIEL INGENIERIA\\Katalon\\Digiturno55\\Reports\\20240408_075042\\DIGITURNO\\OPERACION BASICA TERMINAL\\2 Suspender Turno\\20240408_075047\\1712580887641.png]]

2024-04-08 07:54:48 - [TEST_STEP][PASSED] - delay(3): Delayed 3 second(s)

2024-04-08 07:54:51 - [MESSAGE][PASSED] - Delayed 3 second(s)

2024-04-08 07:54:51 - [MESSAGE][PASSED] - Call Test Case 'Test Cases/0InicioSesionOperacionBasica' successfully

2024-04-08 07:54:51 - [TEST_STEP][PASSED] - click(findTestObject("DIGITURNO/1Principal/img_Operacion(1)")): Object: 'Object Repository/DIGITURNO/1Principal/img_Operacion(1)' is clicked on

2024-04-08 07:54:52 - [MESSAGE][PASSED] - Object: 'Object Repository/DIGITURNO/1Principal/img_Operacion(1)' is clicked on

2024-04-08 07:54:52 - [TEST_STEP][PASSED] - delay(3): Delayed 3 second(s)

2024-04-08 07:54:55 - [MESSAGE][PASSED] - Delayed 3 second(s)

2024-04-08 07:54:55 - [TEST_STEP][PASSED] - click(findTestObject("DIGITURNO/OPERACION/0Principal/Elementos del Sistema/img_Terminales")): Object: 'Object Repository/DIGITURNO/OPERACION/0Principal/Elementos del Sistema/img_Terminales' is clicked on

2024-04-08 07:54:55 - [MESSAGE][PASSED] - Object: 'Object Repository/DIGITURNO/OPERACION/0Principal/Elementos del Sistema/img_Terminales' is clicked on

2024-04-08 07:54:55 - [TEST_STEP][PASSED] - delay(3): Delayed 3 second(s)

2024-04-08 07:54:58 - [MESSAGE][PASSED] - Delayed 3 second(s)

2024-04-08 07:54:58 - [TEST_STEP][PASSED] - click(findTestObject("DIGITURNO/OPERACION/2Terminales/0Oficinas/td_1Bogota - CIEL")): Object: 'Object Repository/DIGITURNO/OPERACION/2Terminales/0Oficinas/td_1Bogota - CIEL' is clicked on

2024-04-08 07:54:59 - [MESSAGE][PASSED] - Object: 'Object Repository/DIGITURNO/OPERACION/2Terminales/0Oficinas/td_1Bogota - CIEL' is clicked on

2024-04-08 07:54:59 - [TEST_STEP][PASSED] - delay(3): Delayed 3 second(s)

2024-04-08 07:55:02 - [MESSAGE][PASSED] - Delayed 3 second(s)

2024-04-08 07:55:02 - [TEST_STEP][PASSED] - click(findTestObject("DIGITURNO/OPERACION/2Terminales/0Terminales (Menos WorkFlow)/td_1 - Terminal - Informacion")): Object: 'Object Repository/DIGITURNO/OPERACION/2Terminales/0Terminales (Menos WorkFlow)/td_1 - Terminal - Informacion' is clicked on

2024-04-08 07:55:02 - [MESSAGE][PASSED] - Object: 'Object Repository/DIGITURNO/OPERACION/2Terminales/0Terminales (Menos WorkFlow)/td_1 - Terminal - Informacion' is clicked on

2024-04-08 07:55:02 - [TEST_STEP][PASSED] - delay(3): Delayed 3 second(s)

2024-04-08 07:55:05 - [MESSAGE][PASSED] - Delayed 3 second(s)

2024-04-08 07:55:05 - [TEST_STEP][PASSED] - switchToWindowIndex(1): Switched to window with index: '1'

2024-04-08 07:55:05 - [MESSAGE][PASSED] - Switched to window with index: '1'

2024-04-08 07:55:05 - [TEST_STEP][PASSED] - delay(2): Delayed 2 second(s)

2024-04-08 07:55:07 - [MESSAGE][PASSED] - Delayed 2 second(s)

2024-04-08 07:55:07 - [TEST_STEP][PASSED] - click(findTestObject("DIGITURNO/OPERACION/2Terminales/Terminal/img_Llamar")): Object: 'Object Repository/DIGITURNO/OPERACION/2Terminales/Terminal/img_Llamar' is clicked on

2024-04-08 07:55:08 - [MESSAGE][PASSED] - Object: 'Object Repository/DIGITURNO/OPERACION/2Terminales/Terminal/img_Llamar' is clicked on

2024-04-08 07:55:08 - [TEST_STEP][PASSED] - delay(3): Delayed 3 second(s)

2024-04-08 07:55:11 - [MESSAGE][PASSED] - Delayed 3 second(s)

2024-04-08 07:55:11 - [TEST_STEP][PASSED] - click(findTestObject("DIGITURNO/OPERACION/2Terminales/Terminal/img_Ocupado")): Object: 'Object Repository/DIGITURNO/OPERACION/2Terminales/Terminal/img_Ocupado' is clicked on

2024-04-08 07:55:11 - [MESSAGE][PASSED] - Object: 'Object Repository/DIGITURNO/OPERACION/2Terminales/Terminal/img_Ocupado' is clicked on

2024-04-08 07:55:11 - [TEST_STEP][PASSED] - delay(3): Delayed 3 second(s)

2024-04-08 07:55:14 - [MESSAGE][PASSED] - Delayed 3 second(s)

2024-04-08 07:55:14 - [TEST_STEP][PASSED] - click(findTestObject("DIGITURNO/OPERACION/2Terminales/Terminal/img_Ocupado(1)/a_1Actualizacion de Datos")): Object: 'Object Repository/DIGITURNO/OPERACION/2Terminales/Terminal/img_Ocupado(1)/a_1Actualizacion de Datos' is clicked on

2024-04-08 07:55:15 - [MESSAGE][PASSED] - Object: 'Object Repository/DIGITURNO/OPERACION/2Terminales/Terminal/img_Ocupado(1)/a_1Actualizacion de Datos' is clicked on

2024-04-08 07:55:15 - [TEST_STEP][PASSED] - delay(3): Delayed 3 second(s)

2024-04-08 07:55:18 - [MESSAGE][PASSED] - Delayed 3 second(s)

2024-04-08 07:55:18 - [TEST_STEP][PASSED] - click(findTestObject("DIGITURNO/OPERACION/2Terminales/Terminal/img_Suspender")): Object: 'Object Repository/DIGITURNO/OPERACION/2Terminales/Terminal/img_Suspender' is clicked on

2024-04-08 07:55:19 - [MESSAGE][PASSED] - Object: 'Object Repository/DIGITURNO/OPERACION/2Terminales/Terminal/img_Suspender' is clicked on

2024-04-08 07:55:19 - [TEST_STEP][PASSED] - delay(3): Delayed 3 second(s)

2024-04-08 07:55:22 - [MESSAGE][PASSED] - Delayed 3 second(s)

2024-04-08 07:55:22 - [TEST_STEP][PASSED] - click(findTestObject("DIGITURNO/OPERACION/2Terminales/Terminal/img_Suspender(1)/btn_1FaltaAusente")): Object: 'Object Repository/DIGITURNO/OPERACION/2Terminales/Terminal/img_Suspender(1)/btn_1FaltaAusente' is clicked on

2024-04-08 07:55:23 - [MESSAGE][PASSED] - Object: 'Object Repository/DIGITURNO/OPERACION/2Terminales/Terminal/img_Suspender(1)/btn_1FaltaAusente' is clicked on

2024-04-08 07:55:23 - [TEST_STEP][PASSED] - delay(3): Delayed 3 second(s)

2024-04-08 07:55:26 - [MESSAGE][PASSED] - Delayed 3 second(s)

2024-04-08 07:55:26 - [TEST_STEP][PASSED] - takeFullPageScreenshot(): Taking screenshot successfully

2024-04-08 07:55:27 - [MESSAGE][INFO] - 0 hidden object(s)

2024-04-08 07:55:27 - [MESSAGE][PASSED] - Taking screenshot successfully
[[ATTACHMENT|C:\\CIEL INGENIERIA\\Katalon\\Digiturno55\\Reports\\20240408_075042\\DIGITURNO\\OPERACION BASICA TERMINAL\\2 Suspender Turno\\20240408_075047\\1712580926796.png]]

2024-04-08 07:55:27 - [TEST_STEP][PASSED] - delay(3): Delayed 3 second(s)

2024-04-08 07:55:30 - [MESSAGE][PASSED] - Delayed 3 second(s)

2024-04-08 07:55:30 - [TEST_STEP][PASSED] - click(findTestObject("DIGITURNO/OPERACION/2Terminales/Terminal/img_Cerrar")): Object: 'Object Repository/DIGITURNO/OPERACION/2Terminales/Terminal/img_Cerrar' is clicked on

2024-04-08 07:55:30 - [MESSAGE][PASSED] - Object: 'Object Repository/DIGITURNO/OPERACION/2Terminales/Terminal/img_Cerrar' is clicked on

2024-04-08 07:55:30 - [TEST_STEP][PASSED] - delay(3): Delayed 3 second(s)

2024-04-08 07:55:33 - [MESSAGE][PASSED] - Delayed 3 second(s)

2024-04-08 07:55:33 - [TEST_STEP][PASSED] - click(findTestObject("DIGITURNO/OPERACION/2Terminales/Terminal/img_Cerrar(1)/btn_4FindeJornada_8")): Object: 'Object Repository/DIGITURNO/OPERACION/2Terminales/Terminal/img_Cerrar(1)/btn_4FindeJornada_8' is clicked on

2024-04-08 07:55:34 - [MESSAGE][PASSED] - Object: 'Object Repository/DIGITURNO/OPERACION/2Terminales/Terminal/img_Cerrar(1)/btn_4FindeJornada_8' is clicked on

2024-04-08 07:55:34 - [TEST_STEP][PASSED] - delay(3): Delayed 3 second(s)

2024-04-08 07:55:37 - [MESSAGE][PASSED] - Delayed 3 second(s)

2024-04-08 07:55:37 - [TEST_STEP][PASSED] - Start listener action : sampleAfterTestCase: null]]></system-out>
         <system-err><![CDATA[]]></system-err>
      </testcase>
      <system-out><![CDATA[2024-04-08 07:54:33 - [TEST_SUITE][PASSED] - 2 Suspender Turno: Test Cases/DIGITURNO/OPERACION BASICA TERMINAL/2 Suspender Turno]]></system-out>
      <system-err><![CDATA[]]></system-err>
   </testsuite>
</testsuites>
