<?xml version="1.0" encoding="UTF-8"?>
<testsuites name="5.4 Crear Selectores" time="109.169" tests="1" failures="0" errors="0">
   <testsuite name="5.4 Crear Selectores" tests="1" failures="0" errors="0" time="109.169" skipped="0" timestamp="2024-01-15 10:15:14" hostname="jdavila - PCPruebas101.ciel.cielingenieria.com" id="Test Suites/WIZARD/3Infraestructura/4Selectores/5.4 Crear Selectores">
      <properties>
         <property name="deviceName" value=""/>
         <property name="devicePlatform" value=""/>
         <property name="logFolder" value="C:\\CIEL INGENIERIA\\Katalon\\Digiturno55\\Reports\\20240115_094157\\WIZARD\\3Infraestructura\\4Selectores\\5.4 Crear Selectores\\20240115_094249"/>
         <property name="logFiles" value="C:\\CIEL INGENIERIA\\Katalon\\Digiturno55\\Reports\\20240115_094157\\WIZARD\\3Infraestructura\\4Selectores\\5.4 Crear Selectores\\20240115_094249\\execution0.log"/>
         <property name="attachments" value="C:\\CIEL INGENIERIA\\Katalon\\Digiturno55\\Reports\\20240115_094157\\WIZARD\\3Infraestructura\\4Selectores\\5.4 Crear Selectores\\20240115_094249\\1705331819743.png"/>
         <property name="hostName" value="jdavila - PCPruebas101.ciel.cielingenieria.com"/>
         <property name="os" value="Windows 10 64bit"/>
         <property name="katalonVersion" value="8.6.8.208"/>
         <property name="browser" value="Chrome 120.0.0.0"/>
         <property name="hostAddress" value="192.168.0.9"/>
         <property name="sessionId" value="02b9c0aad3145fc54f74605019c060c9"/>
         <property name="seleniumVersion" value="3.141.59"/>
         <property name="proxyInformation" value="ProxyInformation { proxyOption=NO_PROXY, proxyServerType=HTTP, username=, password=********, proxyServerAddress=, proxyServerPort=0, executionList=&quot;&quot;, isApplyToDesiredCapabilities=true }"/>
         <property name="platform" value="Windows 10"/>
      </properties>
      <testcase name="Test Cases/WIZARD/3Infraestructura/4Selectores/5.4 Crear Selectores" time="108.915" classname="Test Cases/WIZARD/3Infraestructura/4Selectores/5.4 Crear Selectores" status="PASSED">
         <system-out><![CDATA[2024-01-15 10:15:14 - [TEST_CASE][PASSED] - Test Cases/WIZARD/3Infraestructura/4Selectores/5.4 Crear Selectores: Test Cases/WIZARD/3Infraestructura/4Selectores/5.4 Crear Selectores

2024-01-15 10:15:15 - [TEST_STEP][PASSED] - callTestCase(findTestCase("0InicioSesion"), [:], STOP_ON_FAILURE): Call Test Case 'Test Cases/0InicioSesion' successfully

2024-01-15 10:15:15 - [TEST_CASE][PASSED] - Test Cases/0InicioSesion: Test Cases/0InicioSesion

2024-01-15 10:15:15 - [TEST_STEP][PASSED] - openBrowser(UrlDigiturno): Browser is opened with url: 'https://PCPruebas101.ciel.cielingenieria.com:8610'

2024-01-15 10:15:15 - [MESSAGE][INFO] - Starting 'Chrome' driver

2024-01-15 10:15:15 - [MESSAGE][INFO] - User set preference: ['args', '[--use-fake-ui-for-media-stream, --disable-notifications]']

2024-01-15 10:15:15 - [MESSAGE][INFO] - Action delay is set to 0 milliseconds

2024-01-15 10:15:18 - [MESSAGE][PASSED] - Browser is opened with url: 'https://PCPruebas101.ciel.cielingenieria.com:8610'

2024-01-15 10:15:18 - [TEST_STEP][PASSED] - maximizeWindow(): Current window maximized

2024-01-15 10:15:18 - [MESSAGE][PASSED] - Current window maximized

2024-01-15 10:15:18 - [TEST_STEP][PASSED] - delay(3): Delayed 3 second(s)

2024-01-15 10:15:21 - [MESSAGE][PASSED] - Delayed 3 second(s)

2024-01-15 10:15:21 - [TEST_STEP][PASSED] - setText(findTestObject("0Inicio Sesion/input_Usuario"), "Ciel"): Text 'Ciel' is set on object 'Object Repository/0Inicio Sesion/input_Usuario'

2024-01-15 10:15:22 - [MESSAGE][PASSED] - Text 'Ciel' is set on object 'Object Repository/0Inicio Sesion/input_Usuario'

2024-01-15 10:15:22 - [TEST_STEP][PASSED] - setText(findTestObject("0Inicio Sesion/input_Clave"), "digiturno"): Text 'digiturno' is set on object 'Object Repository/0Inicio Sesion/input_Clave'

2024-01-15 10:15:22 - [MESSAGE][PASSED] - Text 'digiturno' is set on object 'Object Repository/0Inicio Sesion/input_Clave'

2024-01-15 10:15:22 - [TEST_STEP][PASSED] - click(findTestObject("0Inicio Sesion/btn_IniciarSesion")): Object: 'Object Repository/0Inicio Sesion/btn_IniciarSesion' is clicked on

2024-01-15 10:15:23 - [MESSAGE][PASSED] - Object: 'Object Repository/0Inicio Sesion/btn_IniciarSesion' is clicked on

2024-01-15 10:15:23 - [TEST_STEP][PASSED] - delay(3): Delayed 3 second(s)

2024-01-15 10:15:26 - [MESSAGE][PASSED] - Delayed 3 second(s)

2024-01-15 10:15:26 - [MESSAGE][PASSED] - Call Test Case 'Test Cases/0InicioSesion' successfully

2024-01-15 10:15:26 - [TEST_STEP][PASSED] - click(findTestObject("WIZARD/0Principal/img_InfraestructuraMAX")): Object: 'Object Repository/WIZARD/0Principal/img_InfraestructuraMAX' is clicked on

2024-01-15 10:15:27 - [MESSAGE][PASSED] - Object: 'Object Repository/WIZARD/0Principal/img_InfraestructuraMAX' is clicked on

2024-01-15 10:15:27 - [TEST_STEP][PASSED] - delay(3): Delayed 3 second(s)

2024-01-15 10:15:30 - [MESSAGE][PASSED] - Delayed 3 second(s)

2024-01-15 10:15:30 - [TEST_STEP][PASSED] - click(findTestObject("WIZARD/3Infraestructura/0Menu/span_Selectores")): Object: 'Object Repository/WIZARD/3Infraestructura/0Menu/span_Selectores' is clicked on

2024-01-15 10:15:31 - [MESSAGE][PASSED] - Object: 'Object Repository/WIZARD/3Infraestructura/0Menu/span_Selectores' is clicked on

2024-01-15 10:15:31 - [TEST_STEP][PASSED] - delay(3): Delayed 3 second(s)

2024-01-15 10:15:34 - [MESSAGE][PASSED] - Delayed 3 second(s)

2024-01-15 10:15:34 - [TEST_STEP][PASSED] - click(findTestObject("WIZARD/3Infraestructura/4Selectores/Edicion Selectores/btn_Oficina")): Object: 'Object Repository/WIZARD/3Infraestructura/4Selectores/Edicion Selectores/btn_Oficina' is clicked on

2024-01-15 10:15:35 - [MESSAGE][PASSED] - Object: 'Object Repository/WIZARD/3Infraestructura/4Selectores/Edicion Selectores/btn_Oficina' is clicked on

2024-01-15 10:15:35 - [TEST_STEP][PASSED] - delay(3): Delayed 3 second(s)

2024-01-15 10:15:38 - [MESSAGE][PASSED] - Delayed 3 second(s)

2024-01-15 10:15:38 - [TEST_STEP][PASSED] - click(findTestObject("WIZARD/3Infraestructura/4Selectores/Edicion Selectores/btn_Oficina(1)/td_1Bogota - CIEL")): Object: 'Object Repository/WIZARD/3Infraestructura/4Selectores/Edicion Selectores/btn_Oficina(1)/td_1Bogota - CIEL' is clicked on

2024-01-15 10:15:38 - [MESSAGE][PASSED] - Object: 'Object Repository/WIZARD/3Infraestructura/4Selectores/Edicion Selectores/btn_Oficina(1)/td_1Bogota - CIEL' is clicked on

2024-01-15 10:15:38 - [TEST_STEP][PASSED] - delay(3): Delayed 3 second(s)

2024-01-15 10:15:41 - [MESSAGE][PASSED] - Delayed 3 second(s)

2024-01-15 10:15:41 - [TEST_STEP][PASSED] - setText(findTestObject("WIZARD/3Infraestructura/4Selectores/Edicion Selectores/input_Nombre"), "Bogota Selector 01"): Text 'Bogota Selector 01' is set on object 'Object Repository/WIZARD/3Infraestructura/4Selectores/Edicion Selectores/input_Nombre'

2024-01-15 10:15:42 - [MESSAGE][PASSED] - Text 'Bogota Selector 01' is set on object 'Object Repository/WIZARD/3Infraestructura/4Selectores/Edicion Selectores/input_Nombre'

2024-01-15 10:15:42 - [TEST_STEP][PASSED] - setText(findTestObject("WIZARD/3Infraestructura/4Selectores/Edicion Selectores/textarea_Descripcion"), "Bogota Selector 01"): Text 'Bogota Selector 01' is set on object 'Object Repository/WIZARD/3Infraestructura/4Selectores/Edicion Selectores/textarea_Descripcion'

2024-01-15 10:15:43 - [MESSAGE][PASSED] - Text 'Bogota Selector 01' is set on object 'Object Repository/WIZARD/3Infraestructura/4Selectores/Edicion Selectores/textarea_Descripcion'

2024-01-15 10:15:43 - [TEST_STEP][PASSED] - click(findTestObject("WIZARD/3Infraestructura/4Selectores/Edicion Selectores/img_Nuevo")): Object: 'Object Repository/WIZARD/3Infraestructura/4Selectores/Edicion Selectores/img_Nuevo' is clicked on

2024-01-15 10:15:43 - [MESSAGE][PASSED] - Object: 'Object Repository/WIZARD/3Infraestructura/4Selectores/Edicion Selectores/img_Nuevo' is clicked on

2024-01-15 10:15:43 - [TEST_STEP][PASSED] - delay(3): Delayed 3 second(s)

2024-01-15 10:15:46 - [MESSAGE][PASSED] - Delayed 3 second(s)

2024-01-15 10:15:46 - [TEST_STEP][PASSED] - click(findTestObject("WIZARD/3Infraestructura/0Menu/span_Selectores")): Object: 'Object Repository/WIZARD/3Infraestructura/0Menu/span_Selectores' is clicked on

2024-01-15 10:15:47 - [MESSAGE][PASSED] - Object: 'Object Repository/WIZARD/3Infraestructura/0Menu/span_Selectores' is clicked on

2024-01-15 10:15:47 - [TEST_STEP][PASSED] - delay(3): Delayed 3 second(s)

2024-01-15 10:15:50 - [MESSAGE][PASSED] - Delayed 3 second(s)

2024-01-15 10:15:50 - [TEST_STEP][PASSED] - click(findTestObject("WIZARD/3Infraestructura/4Selectores/Edicion Selectores/btn_Oficinas(2)/td_2Cali - Chipichape")): Object: 'Object Repository/WIZARD/3Infraestructura/4Selectores/Edicion Selectores/btn_Oficinas(2)/td_2Cali - Chipichape' is clicked on

2024-01-15 10:15:50 - [MESSAGE][PASSED] - Object: 'Object Repository/WIZARD/3Infraestructura/4Selectores/Edicion Selectores/btn_Oficinas(2)/td_2Cali - Chipichape' is clicked on

2024-01-15 10:15:50 - [TEST_STEP][PASSED] - delay(3): Delayed 3 second(s)

2024-01-15 10:15:53 - [MESSAGE][PASSED] - Delayed 3 second(s)

2024-01-15 10:15:53 - [TEST_STEP][PASSED] - setText(findTestObject("WIZARD/3Infraestructura/4Selectores/Edicion Selectores/input_Nombre"), "Cali Selector 01"): Text 'Cali Selector 01' is set on object 'Object Repository/WIZARD/3Infraestructura/4Selectores/Edicion Selectores/input_Nombre'

2024-01-15 10:15:54 - [MESSAGE][PASSED] - Text 'Cali Selector 01' is set on object 'Object Repository/WIZARD/3Infraestructura/4Selectores/Edicion Selectores/input_Nombre'

2024-01-15 10:15:54 - [TEST_STEP][PASSED] - setText(findTestObject("WIZARD/3Infraestructura/4Selectores/Edicion Selectores/textarea_Descripcion"), "Cali Selector 01"): Text 'Cali Selector 01' is set on object 'Object Repository/WIZARD/3Infraestructura/4Selectores/Edicion Selectores/textarea_Descripcion'

2024-01-15 10:15:55 - [MESSAGE][PASSED] - Text 'Cali Selector 01' is set on object 'Object Repository/WIZARD/3Infraestructura/4Selectores/Edicion Selectores/textarea_Descripcion'

2024-01-15 10:15:55 - [TEST_STEP][PASSED] - click(findTestObject("WIZARD/3Infraestructura/4Selectores/Edicion Selectores/img_Nuevo")): Object: 'Object Repository/WIZARD/3Infraestructura/4Selectores/Edicion Selectores/img_Nuevo' is clicked on

2024-01-15 10:15:55 - [MESSAGE][PASSED] - Object: 'Object Repository/WIZARD/3Infraestructura/4Selectores/Edicion Selectores/img_Nuevo' is clicked on

2024-01-15 10:15:55 - [TEST_STEP][PASSED] - delay(3): Delayed 3 second(s)

2024-01-15 10:15:58 - [MESSAGE][PASSED] - Delayed 3 second(s)

2024-01-15 10:15:58 - [TEST_STEP][PASSED] - click(findTestObject("WIZARD/3Infraestructura/0Menu/span_Selectores")): Object: 'Object Repository/WIZARD/3Infraestructura/0Menu/span_Selectores' is clicked on

2024-01-15 10:15:59 - [MESSAGE][PASSED] - Object: 'Object Repository/WIZARD/3Infraestructura/0Menu/span_Selectores' is clicked on

2024-01-15 10:15:59 - [TEST_STEP][PASSED] - delay(3): Delayed 3 second(s)

2024-01-15 10:16:02 - [MESSAGE][PASSED] - Delayed 3 second(s)

2024-01-15 10:16:02 - [TEST_STEP][PASSED] - click(findTestObject("WIZARD/3Infraestructura/4Selectores/Edicion Selectores/btn_Oficinas(2)/td_3Cartagena - Bocagrande")): Object: 'Object Repository/WIZARD/3Infraestructura/4Selectores/Edicion Selectores/btn_Oficinas(2)/td_3Cartagena - Bocagrande' is clicked on

2024-01-15 10:16:02 - [MESSAGE][PASSED] - Object: 'Object Repository/WIZARD/3Infraestructura/4Selectores/Edicion Selectores/btn_Oficinas(2)/td_3Cartagena - Bocagrande' is clicked on

2024-01-15 10:16:02 - [TEST_STEP][PASSED] - delay(3): Delayed 3 second(s)

2024-01-15 10:16:05 - [MESSAGE][PASSED] - Delayed 3 second(s)

2024-01-15 10:16:05 - [TEST_STEP][PASSED] - setText(findTestObject("WIZARD/3Infraestructura/4Selectores/Edicion Selectores/input_Nombre"), "Cartagena Selector 01"): Text 'Cartagena Selector 01' is set on object 'Object Repository/WIZARD/3Infraestructura/4Selectores/Edicion Selectores/input_Nombre'

2024-01-15 10:16:06 - [MESSAGE][PASSED] - Text 'Cartagena Selector 01' is set on object 'Object Repository/WIZARD/3Infraestructura/4Selectores/Edicion Selectores/input_Nombre'

2024-01-15 10:16:06 - [TEST_STEP][PASSED] - setText(findTestObject("WIZARD/3Infraestructura/4Selectores/Edicion Selectores/textarea_Descripcion"), "Cartagena Selector 01"): Text 'Cartagena Selector 01' is set on object 'Object Repository/WIZARD/3Infraestructura/4Selectores/Edicion Selectores/textarea_Descripcion'

2024-01-15 10:16:07 - [MESSAGE][PASSED] - Text 'Cartagena Selector 01' is set on object 'Object Repository/WIZARD/3Infraestructura/4Selectores/Edicion Selectores/textarea_Descripcion'

2024-01-15 10:16:07 - [TEST_STEP][PASSED] - click(findTestObject("WIZARD/3Infraestructura/4Selectores/Edicion Selectores/img_Nuevo")): Object: 'Object Repository/WIZARD/3Infraestructura/4Selectores/Edicion Selectores/img_Nuevo' is clicked on

2024-01-15 10:16:08 - [MESSAGE][PASSED] - Object: 'Object Repository/WIZARD/3Infraestructura/4Selectores/Edicion Selectores/img_Nuevo' is clicked on

2024-01-15 10:16:08 - [TEST_STEP][PASSED] - delay(3): Delayed 3 second(s)

2024-01-15 10:16:11 - [MESSAGE][PASSED] - Delayed 3 second(s)

2024-01-15 10:16:11 - [TEST_STEP][PASSED] - click(findTestObject("WIZARD/3Infraestructura/0Menu/span_Selectores")): Object: 'Object Repository/WIZARD/3Infraestructura/0Menu/span_Selectores' is clicked on

2024-01-15 10:16:11 - [MESSAGE][PASSED] - Object: 'Object Repository/WIZARD/3Infraestructura/0Menu/span_Selectores' is clicked on

2024-01-15 10:16:11 - [TEST_STEP][PASSED] - delay(3): Delayed 3 second(s)

2024-01-15 10:16:14 - [MESSAGE][PASSED] - Delayed 3 second(s)

2024-01-15 10:16:14 - [TEST_STEP][PASSED] - click(findTestObject("WIZARD/3Infraestructura/4Selectores/Edicion Selectores/btn_Oficinas(2)/td_4Manizales - Manizales")): Object: 'Object Repository/WIZARD/3Infraestructura/4Selectores/Edicion Selectores/btn_Oficinas(2)/td_4Manizales - Manizales' is clicked on

2024-01-15 10:16:15 - [MESSAGE][PASSED] - Object: 'Object Repository/WIZARD/3Infraestructura/4Selectores/Edicion Selectores/btn_Oficinas(2)/td_4Manizales - Manizales' is clicked on

2024-01-15 10:16:15 - [TEST_STEP][PASSED] - delay(3): Delayed 3 second(s)

2024-01-15 10:16:18 - [MESSAGE][PASSED] - Delayed 3 second(s)

2024-01-15 10:16:18 - [TEST_STEP][PASSED] - setText(findTestObject("WIZARD/3Infraestructura/4Selectores/Edicion Selectores/input_Nombre"), "Manizales Selector 01"): Text 'Manizales Selector 01' is set on object 'Object Repository/WIZARD/3Infraestructura/4Selectores/Edicion Selectores/input_Nombre'

2024-01-15 10:16:18 - [MESSAGE][PASSED] - Text 'Manizales Selector 01' is set on object 'Object Repository/WIZARD/3Infraestructura/4Selectores/Edicion Selectores/input_Nombre'

2024-01-15 10:16:18 - [TEST_STEP][PASSED] - setText(findTestObject("WIZARD/3Infraestructura/4Selectores/Edicion Selectores/textarea_Descripcion"), "Manizales Selector 01"): Text 'Manizales Selector 01' is set on object 'Object Repository/WIZARD/3Infraestructura/4Selectores/Edicion Selectores/textarea_Descripcion'

2024-01-15 10:16:19 - [MESSAGE][PASSED] - Text 'Manizales Selector 01' is set on object 'Object Repository/WIZARD/3Infraestructura/4Selectores/Edicion Selectores/textarea_Descripcion'

2024-01-15 10:16:19 - [TEST_STEP][PASSED] - click(findTestObject("WIZARD/3Infraestructura/4Selectores/Edicion Selectores/img_Nuevo")): Object: 'Object Repository/WIZARD/3Infraestructura/4Selectores/Edicion Selectores/img_Nuevo' is clicked on

2024-01-15 10:16:20 - [MESSAGE][PASSED] - Object: 'Object Repository/WIZARD/3Infraestructura/4Selectores/Edicion Selectores/img_Nuevo' is clicked on

2024-01-15 10:16:20 - [TEST_STEP][PASSED] - delay(3): Delayed 3 second(s)

2024-01-15 10:16:23 - [MESSAGE][PASSED] - Delayed 3 second(s)

2024-01-15 10:16:23 - [TEST_STEP][PASSED] - click(findTestObject("WIZARD/3Infraestructura/0Menu/span_Selectores")): Object: 'Object Repository/WIZARD/3Infraestructura/0Menu/span_Selectores' is clicked on

2024-01-15 10:16:23 - [MESSAGE][PASSED] - Object: 'Object Repository/WIZARD/3Infraestructura/0Menu/span_Selectores' is clicked on

2024-01-15 10:16:23 - [TEST_STEP][PASSED] - delay(3): Delayed 3 second(s)

2024-01-15 10:16:26 - [MESSAGE][PASSED] - Delayed 3 second(s)

2024-01-15 10:16:26 - [TEST_STEP][PASSED] - click(findTestObject("WIZARD/3Infraestructura/4Selectores/Edicion Selectores/btn_Oficinas(2)/td_5Medellin - Laureles")): Object: 'Object Repository/WIZARD/3Infraestructura/4Selectores/Edicion Selectores/btn_Oficinas(2)/td_5Medellin - Laureles' is clicked on

2024-01-15 10:16:27 - [MESSAGE][PASSED] - Object: 'Object Repository/WIZARD/3Infraestructura/4Selectores/Edicion Selectores/btn_Oficinas(2)/td_5Medellin - Laureles' is clicked on

2024-01-15 10:16:27 - [TEST_STEP][PASSED] - delay(3): Delayed 3 second(s)

2024-01-15 10:16:30 - [MESSAGE][PASSED] - Delayed 3 second(s)

2024-01-15 10:16:30 - [TEST_STEP][PASSED] - setText(findTestObject("WIZARD/3Infraestructura/4Selectores/Edicion Selectores/input_Nombre"), "Medellin Selector 01"): Text 'Medellin Selector 01' is set on object 'Object Repository/WIZARD/3Infraestructura/4Selectores/Edicion Selectores/input_Nombre'

2024-01-15 10:16:31 - [MESSAGE][PASSED] - Text 'Medellin Selector 01' is set on object 'Object Repository/WIZARD/3Infraestructura/4Selectores/Edicion Selectores/input_Nombre'

2024-01-15 10:16:31 - [TEST_STEP][PASSED] - setText(findTestObject("WIZARD/3Infraestructura/4Selectores/Edicion Selectores/textarea_Descripcion"), "Medellin Selector 01"): Text 'Medellin Selector 01' is set on object 'Object Repository/WIZARD/3Infraestructura/4Selectores/Edicion Selectores/textarea_Descripcion'

2024-01-15 10:16:31 - [MESSAGE][PASSED] - Text 'Medellin Selector 01' is set on object 'Object Repository/WIZARD/3Infraestructura/4Selectores/Edicion Selectores/textarea_Descripcion'

2024-01-15 10:16:31 - [TEST_STEP][PASSED] - click(findTestObject("WIZARD/3Infraestructura/4Selectores/Edicion Selectores/img_Nuevo")): Object: 'Object Repository/WIZARD/3Infraestructura/4Selectores/Edicion Selectores/img_Nuevo' is clicked on

2024-01-15 10:16:32 - [MESSAGE][PASSED] - Object: 'Object Repository/WIZARD/3Infraestructura/4Selectores/Edicion Selectores/img_Nuevo' is clicked on

2024-01-15 10:16:32 - [TEST_STEP][PASSED] - delay(3): Delayed 3 second(s)

2024-01-15 10:16:35 - [MESSAGE][PASSED] - Delayed 3 second(s)

2024-01-15 10:16:35 - [TEST_STEP][PASSED] - click(findTestObject("WIZARD/3Infraestructura/0Menu/span_Selectores")): Object: 'Object Repository/WIZARD/3Infraestructura/0Menu/span_Selectores' is clicked on

2024-01-15 10:16:35 - [MESSAGE][PASSED] - Object: 'Object Repository/WIZARD/3Infraestructura/0Menu/span_Selectores' is clicked on

2024-01-15 10:16:35 - [TEST_STEP][PASSED] - delay(3): Delayed 3 second(s)

2024-01-15 10:16:38 - [MESSAGE][PASSED] - Delayed 3 second(s)

2024-01-15 10:16:38 - [TEST_STEP][PASSED] - click(findTestObject("WIZARD/3Infraestructura/4Selectores/Edicion Selectores/btn_Oficinas(2)/td_6Virtual - Oficina Virtual")): Object: 'Object Repository/WIZARD/3Infraestructura/4Selectores/Edicion Selectores/btn_Oficinas(2)/td_6Virtual - Oficina Virtual' is clicked on

2024-01-15 10:16:39 - [MESSAGE][PASSED] - Object: 'Object Repository/WIZARD/3Infraestructura/4Selectores/Edicion Selectores/btn_Oficinas(2)/td_6Virtual - Oficina Virtual' is clicked on

2024-01-15 10:16:39 - [TEST_STEP][PASSED] - delay(3): Delayed 3 second(s)

2024-01-15 10:16:42 - [MESSAGE][PASSED] - Delayed 3 second(s)

2024-01-15 10:16:42 - [TEST_STEP][PASSED] - setText(findTestObject("WIZARD/3Infraestructura/4Selectores/Edicion Selectores/input_Nombre"), "Virtual Selector 01"): Text 'Virtual Selector 01' is set on object 'Object Repository/WIZARD/3Infraestructura/4Selectores/Edicion Selectores/input_Nombre'

2024-01-15 10:16:43 - [MESSAGE][PASSED] - Text 'Virtual Selector 01' is set on object 'Object Repository/WIZARD/3Infraestructura/4Selectores/Edicion Selectores/input_Nombre'

2024-01-15 10:16:43 - [TEST_STEP][PASSED] - setText(findTestObject("WIZARD/3Infraestructura/4Selectores/Edicion Selectores/textarea_Descripcion"), "Virtual Selector 01"): Text 'Virtual Selector 01' is set on object 'Object Repository/WIZARD/3Infraestructura/4Selectores/Edicion Selectores/textarea_Descripcion'

2024-01-15 10:16:44 - [MESSAGE][PASSED] - Text 'Virtual Selector 01' is set on object 'Object Repository/WIZARD/3Infraestructura/4Selectores/Edicion Selectores/textarea_Descripcion'

2024-01-15 10:16:44 - [TEST_STEP][PASSED] - click(findTestObject("WIZARD/3Infraestructura/4Selectores/Edicion Selectores/img_Nuevo")): Object: 'Object Repository/WIZARD/3Infraestructura/4Selectores/Edicion Selectores/img_Nuevo' is clicked on

2024-01-15 10:16:44 - [MESSAGE][PASSED] - Object: 'Object Repository/WIZARD/3Infraestructura/4Selectores/Edicion Selectores/img_Nuevo' is clicked on

2024-01-15 10:16:44 - [TEST_STEP][PASSED] - delay(3): Delayed 3 second(s)

2024-01-15 10:16:47 - [MESSAGE][PASSED] - Delayed 3 second(s)

2024-01-15 10:16:47 - [TEST_STEP][PASSED] - click(findTestObject("WIZARD/3Infraestructura/0Menu/span_Selectores")): Object: 'Object Repository/WIZARD/3Infraestructura/0Menu/span_Selectores' is clicked on

2024-01-15 10:16:48 - [MESSAGE][PASSED] - Object: 'Object Repository/WIZARD/3Infraestructura/0Menu/span_Selectores' is clicked on

2024-01-15 10:16:48 - [TEST_STEP][PASSED] - delay(3): Delayed 3 second(s)

2024-01-15 10:16:51 - [MESSAGE][PASSED] - Delayed 3 second(s)

2024-01-15 10:16:51 - [TEST_STEP][PASSED] - click(findTestObject("WIZARD/3Infraestructura/4Selectores/Edicion Selectores/btn_Oficinas(2)/td_7WorkFlow - Oficina WorkFlow")): Object: 'Object Repository/WIZARD/3Infraestructura/4Selectores/Edicion Selectores/btn_Oficinas(2)/td_7WorkFlow - Oficina WorkFlow' is clicked on

2024-01-15 10:16:51 - [MESSAGE][PASSED] - Object: 'Object Repository/WIZARD/3Infraestructura/4Selectores/Edicion Selectores/btn_Oficinas(2)/td_7WorkFlow - Oficina WorkFlow' is clicked on

2024-01-15 10:16:51 - [TEST_STEP][PASSED] - delay(3): Delayed 3 second(s)

2024-01-15 10:16:54 - [MESSAGE][PASSED] - Delayed 3 second(s)

2024-01-15 10:16:54 - [TEST_STEP][PASSED] - setText(findTestObject("WIZARD/3Infraestructura/4Selectores/Edicion Selectores/input_Nombre"), "WorkFlow Selector 01"): Text 'WorkFlow Selector 01' is set on object 'Object Repository/WIZARD/3Infraestructura/4Selectores/Edicion Selectores/input_Nombre'

2024-01-15 10:16:55 - [MESSAGE][PASSED] - Text 'WorkFlow Selector 01' is set on object 'Object Repository/WIZARD/3Infraestructura/4Selectores/Edicion Selectores/input_Nombre'

2024-01-15 10:16:55 - [TEST_STEP][PASSED] - setText(findTestObject("WIZARD/3Infraestructura/4Selectores/Edicion Selectores/textarea_Descripcion"), "WorkFlow Selector 01"): Text 'WorkFlow Selector 01' is set on object 'Object Repository/WIZARD/3Infraestructura/4Selectores/Edicion Selectores/textarea_Descripcion'

2024-01-15 10:16:56 - [MESSAGE][PASSED] - Text 'WorkFlow Selector 01' is set on object 'Object Repository/WIZARD/3Infraestructura/4Selectores/Edicion Selectores/textarea_Descripcion'

2024-01-15 10:16:56 - [TEST_STEP][PASSED] - click(findTestObject("WIZARD/3Infraestructura/4Selectores/Edicion Selectores/img_Nuevo")): Object: 'Object Repository/WIZARD/3Infraestructura/4Selectores/Edicion Selectores/img_Nuevo' is clicked on

2024-01-15 10:16:56 - [MESSAGE][PASSED] - Object: 'Object Repository/WIZARD/3Infraestructura/4Selectores/Edicion Selectores/img_Nuevo' is clicked on

2024-01-15 10:16:56 - [TEST_STEP][PASSED] - delay(3): Delayed 3 second(s)

2024-01-15 10:16:59 - [MESSAGE][PASSED] - Delayed 3 second(s)

2024-01-15 10:16:59 - [TEST_STEP][PASSED] - takeFullPageScreenshot(): Taking screenshot successfully

2024-01-15 10:17:00 - [MESSAGE][INFO] - 0 hidden object(s)

2024-01-15 10:17:00 - [MESSAGE][PASSED] - Taking screenshot successfully
[[ATTACHMENT|C:\\CIEL INGENIERIA\\Katalon\\Digiturno55\\Reports\\20240115_094157\\WIZARD\\3Infraestructura\\4Selectores\\5.4 Crear Selectores\\20240115_094249\\1705331819743.png]]

2024-01-15 10:17:00 - [TEST_STEP][PASSED] - delay(3): Delayed 3 second(s)

2024-01-15 10:17:03 - [MESSAGE][PASSED] - Delayed 3 second(s)

2024-01-15 10:17:03 - [TEST_STEP][PASSED] - Start listener action : sampleAfterTestCase: null]]></system-out>
         <system-err><![CDATA[]]></system-err>
      </testcase>
      <system-out><![CDATA[2024-01-15 10:15:14 - [TEST_SUITE][PASSED] - 5.4 Crear Selectores: Test Cases/WIZARD/3Infraestructura/4Selectores/5.4 Crear Selectores]]></system-out>
      <system-err><![CDATA[]]></system-err>
   </testsuite>
</testsuites>
