<?xml version="1.0" encoding="UTF-8"?>
<testsuites name="5.6 Creacion Columnas Tablero Manizales" time="64.322" tests="1" failures="0" errors="0">
   <testsuite name="5.6 Creacion Columnas Tablero Manizales" tests="1" failures="0" errors="0" time="64.322" skipped="0" timestamp="2023-08-14 11:45:08" hostname="jdavila - PCPruebas101.ciel.cielingenieria.com" id="Test Suites/WIZARD/3Infraestructura/6Tableros/5.6 Creacion Columnas Tablero Manizales">
      <properties>
         <property name="deviceName" value=""/>
         <property name="devicePlatform" value=""/>
         <property name="logFolder" value="C:\\CIEL INGENIERIA\\Katalon\\Digiturno55\\Reports\\20230814_104251\\WIZARD\\3Infraestructura\\6Tableros\\5.6 Creacion Columnas Tablero Manizales\\20230814_104414"/>
         <property name="logFiles" value="C:\\CIEL INGENIERIA\\Katalon\\Digiturno55\\Reports\\20230814_104251\\WIZARD\\3Infraestructura\\6Tableros\\5.6 Creacion Columnas Tablero Manizales\\20230814_104414\\execution0.log"/>
         <property name="attachments" value="C:\\CIEL INGENIERIA\\Katalon\\Digiturno55\\Reports\\20230814_104251\\WIZARD\\3Infraestructura\\6Tableros\\5.6 Creacion Columnas Tablero Manizales\\20230814_104414\\1692031568826.png"/>
         <property name="hostName" value="jdavila - PCPruebas101.ciel.cielingenieria.com"/>
         <property name="os" value="Windows 10 64bit"/>
         <property name="katalonVersion" value="8.6.0.208"/>
         <property name="browser" value="Chrome 115.0.0.0"/>
         <property name="hostAddress" value="192.168.0.33"/>
         <property name="sessionId" value="deac0d095a1035f281736d0de57880ba"/>
         <property name="seleniumVersion" value="3.141.59"/>
         <property name="proxyInformation" value="ProxyInformation { proxyOption=NO_PROXY, proxyServerType=HTTP, username=, password=********, proxyServerAddress=, proxyServerPort=0, executionList=&quot;&quot;, isApplyToDesiredCapabilities=true }"/>
         <property name="platform" value="Windows 10"/>
      </properties>
      <testcase name="Test Cases/WIZARD/3Infraestructura/6Tableros/5.6 Creacion Columnas Tablero Manizales" time="64.087" classname="Test Cases/WIZARD/3Infraestructura/6Tableros/5.6 Creacion Columnas Tablero Manizales" status="PASSED">
         <system-out><![CDATA[2023-08-14 11:45:08 - [TEST_CASE][PASSED] - Test Cases/WIZARD/3Infraestructura/6Tableros/5.6 Creacion Columnas Tablero Manizales: Test Cases/WIZARD/3Infraestructura/6Tableros/5.6 Creacion Columnas Tablero Manizales

2023-08-14 11:45:08 - [TEST_STEP][PASSED] - callTestCase(findTestCase("0InicioSesion"), [:], STOP_ON_FAILURE): Call Test Case 'Test Cases/0InicioSesion' successfully

2023-08-14 11:45:09 - [TEST_CASE][PASSED] - Test Cases/0InicioSesion: Test Cases/0InicioSesion

2023-08-14 11:45:09 - [TEST_STEP][PASSED] - openBrowser(UrlDigiturno): Browser is opened with url: 'https://PCPruebas101.ciel.cielingenieria.com:8610'

2023-08-14 11:45:09 - [MESSAGE][INFO] - Starting 'Chrome' driver

2023-08-14 11:45:09 - [MESSAGE][INFO] - User set preference: ['args', '[--use-fake-ui-for-media-stream, --disable-notifications]']

2023-08-14 11:45:09 - [MESSAGE][INFO] - Action delay is set to 0 milliseconds

2023-08-14 11:45:12 - [MESSAGE][PASSED] - Browser is opened with url: 'https://PCPruebas101.ciel.cielingenieria.com:8610'

2023-08-14 11:45:12 - [TEST_STEP][PASSED] - maximizeWindow(): Current window maximized

2023-08-14 11:45:12 - [MESSAGE][PASSED] - Current window maximized

2023-08-14 11:45:12 - [TEST_STEP][PASSED] - delay(3): Delayed 3 second(s)

2023-08-14 11:45:15 - [MESSAGE][PASSED] - Delayed 3 second(s)

2023-08-14 11:45:15 - [TEST_STEP][PASSED] - setText(findTestObject("0Inicio Sesion/input_Usuario"), "Ciel"): Text 'Ciel' is set on object 'Object Repository/0Inicio Sesion/input_Usuario'

2023-08-14 11:45:15 - [MESSAGE][PASSED] - Text 'Ciel' is set on object 'Object Repository/0Inicio Sesion/input_Usuario'

2023-08-14 11:45:15 - [TEST_STEP][PASSED] - setText(findTestObject("0Inicio Sesion/input_Clave"), "digiturno"): Text 'digiturno' is set on object 'Object Repository/0Inicio Sesion/input_Clave'

2023-08-14 11:45:16 - [MESSAGE][PASSED] - Text 'digiturno' is set on object 'Object Repository/0Inicio Sesion/input_Clave'

2023-08-14 11:45:16 - [TEST_STEP][PASSED] - click(findTestObject("0Inicio Sesion/btn_IniciarSesion")): Object: 'Object Repository/0Inicio Sesion/btn_IniciarSesion' is clicked on

2023-08-14 11:45:17 - [MESSAGE][PASSED] - Object: 'Object Repository/0Inicio Sesion/btn_IniciarSesion' is clicked on

2023-08-14 11:45:17 - [TEST_STEP][PASSED] - delay(3): Delayed 3 second(s)

2023-08-14 11:45:20 - [MESSAGE][PASSED] - Delayed 3 second(s)

2023-08-14 11:45:20 - [MESSAGE][PASSED] - Call Test Case 'Test Cases/0InicioSesion' successfully

2023-08-14 11:45:20 - [TEST_STEP][PASSED] - click(findTestObject("WIZARD/0Principal/img_InfraestructuraMAX")): Object: 'Object Repository/WIZARD/0Principal/img_InfraestructuraMAX' is clicked on

2023-08-14 11:45:21 - [MESSAGE][PASSED] - Object: 'Object Repository/WIZARD/0Principal/img_InfraestructuraMAX' is clicked on

2023-08-14 11:45:21 - [TEST_STEP][PASSED] - delay(3): Delayed 3 second(s)

2023-08-14 11:45:24 - [MESSAGE][PASSED] - Delayed 3 second(s)

2023-08-14 11:45:24 - [TEST_STEP][PASSED] - click(findTestObject("WIZARD/3Infraestructura/0Menu/span_Tableros")): Object: 'Object Repository/WIZARD/3Infraestructura/0Menu/span_Tableros' is clicked on

2023-08-14 11:45:25 - [MESSAGE][PASSED] - Object: 'Object Repository/WIZARD/3Infraestructura/0Menu/span_Tableros' is clicked on

2023-08-14 11:45:25 - [TEST_STEP][PASSED] - delay(3): Delayed 3 second(s)

2023-08-14 11:45:28 - [MESSAGE][PASSED] - Delayed 3 second(s)

2023-08-14 11:45:28 - [TEST_STEP][PASSED] - click(findTestObject("WIZARD/3Infraestructura/6Tableros/0OficinaModal/td_Manizales - Manizales")): Object: 'Object Repository/WIZARD/3Infraestructura/6Tableros/0OficinaModal/td_Manizales - Manizales' is clicked on

2023-08-14 11:45:29 - [MESSAGE][PASSED] - Object: 'Object Repository/WIZARD/3Infraestructura/6Tableros/0OficinaModal/td_Manizales - Manizales' is clicked on

2023-08-14 11:45:29 - [TEST_STEP][PASSED] - delay(3): Delayed 3 second(s)

2023-08-14 11:45:32 - [MESSAGE][PASSED] - Delayed 3 second(s)

2023-08-14 11:45:32 - [TEST_STEP][PASSED] - click(findTestObject("WIZARD/3Infraestructura/6Tableros/Lista de Tableros/td_Tablero - 1")): Object: 'Object Repository/WIZARD/3Infraestructura/6Tableros/Lista de Tableros/td_Tablero - 1' is clicked on

2023-08-14 11:45:32 - [MESSAGE][PASSED] - Object: 'Object Repository/WIZARD/3Infraestructura/6Tableros/Lista de Tableros/td_Tablero - 1' is clicked on

2023-08-14 11:45:32 - [TEST_STEP][PASSED] - delay(3): Delayed 3 second(s)

2023-08-14 11:45:35 - [MESSAGE][PASSED] - Delayed 3 second(s)

2023-08-14 11:45:35 - [TEST_STEP][PASSED] - click(findTestObject("WIZARD/3Infraestructura/6Tableros/Configuracion/span_Columnas")): Object: 'Object Repository/WIZARD/3Infraestructura/6Tableros/Configuracion/span_Columnas' is clicked on

2023-08-14 11:45:36 - [MESSAGE][PASSED] - Object: 'Object Repository/WIZARD/3Infraestructura/6Tableros/Configuracion/span_Columnas' is clicked on

2023-08-14 11:45:36 - [TEST_STEP][PASSED] - delay(2): Delayed 2 second(s)

2023-08-14 11:45:38 - [MESSAGE][PASSED] - Delayed 2 second(s)

2023-08-14 11:45:38 - [TEST_STEP][PASSED] - setText(findTestObject("WIZARD/3Infraestructura/6Tableros/Configuracion/Columnas/input_Nombre"), "Turno"): Text 'Turno' is set on object 'Object Repository/WIZARD/3Infraestructura/6Tableros/Configuracion/Columnas/input_Nombre'

2023-08-14 11:45:39 - [MESSAGE][PASSED] - Text 'Turno' is set on object 'Object Repository/WIZARD/3Infraestructura/6Tableros/Configuracion/Columnas/input_Nombre'

2023-08-14 11:45:39 - [TEST_STEP][PASSED] - setText(findTestObject("WIZARD/3Infraestructura/6Tableros/Configuracion/Columnas/textarea_Descripcion"), "Turno"): Text 'Turno' is set on object 'Object Repository/WIZARD/3Infraestructura/6Tableros/Configuracion/Columnas/textarea_Descripcion'

2023-08-14 11:45:39 - [MESSAGE][PASSED] - Text 'Turno' is set on object 'Object Repository/WIZARD/3Infraestructura/6Tableros/Configuracion/Columnas/textarea_Descripcion'

2023-08-14 11:45:39 - [TEST_STEP][PASSED] - setText(findTestObject("WIZARD/3Infraestructura/6Tableros/Configuracion/Columnas/input_Titulo"), "Turno"): Text 'Turno' is set on object 'Object Repository/WIZARD/3Infraestructura/6Tableros/Configuracion/Columnas/input_Titulo'

2023-08-14 11:45:40 - [MESSAGE][PASSED] - Text 'Turno' is set on object 'Object Repository/WIZARD/3Infraestructura/6Tableros/Configuracion/Columnas/input_Titulo'

2023-08-14 11:45:40 - [TEST_STEP][PASSED] - scrollToElement(findTestObject("WIZARD/3Infraestructura/6Tableros/Configuracion/Columnas/btn_Atributos"), 2): Scroll to object 'Object Repository/WIZARD/3Infraestructura/6Tableros/Configuracion/Columnas/btn_Atributos' successfully

2023-08-14 11:45:41 - [MESSAGE][PASSED] - Scroll to object 'Object Repository/WIZARD/3Infraestructura/6Tableros/Configuracion/Columnas/btn_Atributos' successfully

2023-08-14 11:45:41 - [TEST_STEP][PASSED] - check(findTestObject("WIZARD/3Infraestructura/6Tableros/Configuracion/Edicion/Label/Columnas/label_Habilitada")): Object 'Object Repository/WIZARD/3Infraestructura/6Tableros/Configuracion/Edicion/Label/Columnas/label_Habilitada' is checked

2023-08-14 11:45:41 - [MESSAGE][PASSED] - Object 'Object Repository/WIZARD/3Infraestructura/6Tableros/Configuracion/Edicion/Label/Columnas/label_Habilitada' is checked

2023-08-14 11:45:41 - [TEST_STEP][PASSED] - click(findTestObject("WIZARD/3Infraestructura/6Tableros/Configuracion/Columnas/btn_Atributos")): Object: 'Object Repository/WIZARD/3Infraestructura/6Tableros/Configuracion/Columnas/btn_Atributos' is clicked on

2023-08-14 11:45:41 - [MESSAGE][PASSED] - Object: 'Object Repository/WIZARD/3Infraestructura/6Tableros/Configuracion/Columnas/btn_Atributos' is clicked on

2023-08-14 11:45:41 - [TEST_STEP][PASSED] - delay(3): Delayed 3 second(s)

2023-08-14 11:45:44 - [MESSAGE][PASSED] - Delayed 3 second(s)

2023-08-14 11:45:44 - [TEST_STEP][PASSED] - click(findTestObject("WIZARD/3Infraestructura/6Tableros/Configuracion/Columnas/btn_Atributos (1)/a_Turno.Numero")): Object: 'Object Repository/WIZARD/3Infraestructura/6Tableros/Configuracion/Columnas/btn_Atributos (1)/a_Turno.Numero' is clicked on

2023-08-14 11:45:45 - [MESSAGE][PASSED] - Object: 'Object Repository/WIZARD/3Infraestructura/6Tableros/Configuracion/Columnas/btn_Atributos (1)/a_Turno.Numero' is clicked on

2023-08-14 11:45:45 - [TEST_STEP][PASSED] - delay(2): Delayed 2 second(s)

2023-08-14 11:45:47 - [MESSAGE][PASSED] - Delayed 2 second(s)

2023-08-14 11:45:47 - [TEST_STEP][PASSED] - scrollToPosition(0, 0): Browser is scrolled to position x = 0, y = 0

2023-08-14 11:45:47 - [MESSAGE][PASSED] - Browser is scrolled to position x = 0, y = 0

2023-08-14 11:45:47 - [TEST_STEP][PASSED] - delay(2): Delayed 2 second(s)

2023-08-14 11:45:49 - [MESSAGE][PASSED] - Delayed 2 second(s)

2023-08-14 11:45:49 - [TEST_STEP][PASSED] - click(findTestObject("WIZARD/3Infraestructura/6Tableros/Configuracion/Columnas/img_Nuevo")): Object: 'Object Repository/WIZARD/3Infraestructura/6Tableros/Configuracion/Columnas/img_Nuevo' is clicked on

2023-08-14 11:45:49 - [MESSAGE][PASSED] - Object: 'Object Repository/WIZARD/3Infraestructura/6Tableros/Configuracion/Columnas/img_Nuevo' is clicked on

2023-08-14 11:45:49 - [TEST_STEP][PASSED] - delay(3): Delayed 3 second(s)

2023-08-14 11:45:52 - [MESSAGE][PASSED] - Delayed 3 second(s)

2023-08-14 11:45:52 - [TEST_STEP][PASSED] - scrollToElement(findTestObject("WIZARD/3Infraestructura/6Tableros/Configuracion/Columnas/input_Nombre"), 2): Scroll to object 'Object Repository/WIZARD/3Infraestructura/6Tableros/Configuracion/Columnas/input_Nombre' successfully

2023-08-14 11:45:53 - [MESSAGE][PASSED] - Scroll to object 'Object Repository/WIZARD/3Infraestructura/6Tableros/Configuracion/Columnas/input_Nombre' successfully

2023-08-14 11:45:53 - [TEST_STEP][PASSED] - setText(findTestObject("WIZARD/3Infraestructura/6Tableros/Configuracion/Columnas/input_Nombre"), "Modulo"): Text 'Modulo' is set on object 'Object Repository/WIZARD/3Infraestructura/6Tableros/Configuracion/Columnas/input_Nombre'

2023-08-14 11:45:54 - [MESSAGE][PASSED] - Text 'Modulo' is set on object 'Object Repository/WIZARD/3Infraestructura/6Tableros/Configuracion/Columnas/input_Nombre'

2023-08-14 11:45:54 - [TEST_STEP][PASSED] - setText(findTestObject("WIZARD/3Infraestructura/6Tableros/Configuracion/Columnas/textarea_Descripcion"), "Modulo"): Text 'Modulo' is set on object 'Object Repository/WIZARD/3Infraestructura/6Tableros/Configuracion/Columnas/textarea_Descripcion'

2023-08-14 11:45:54 - [MESSAGE][PASSED] - Text 'Modulo' is set on object 'Object Repository/WIZARD/3Infraestructura/6Tableros/Configuracion/Columnas/textarea_Descripcion'

2023-08-14 11:45:54 - [TEST_STEP][PASSED] - setText(findTestObject("WIZARD/3Infraestructura/6Tableros/Configuracion/Columnas/input_Titulo"), "Modulo"): Text 'Modulo' is set on object 'Object Repository/WIZARD/3Infraestructura/6Tableros/Configuracion/Columnas/input_Titulo'

2023-08-14 11:45:56 - [MESSAGE][PASSED] - Text 'Modulo' is set on object 'Object Repository/WIZARD/3Infraestructura/6Tableros/Configuracion/Columnas/input_Titulo'

2023-08-14 11:45:56 - [TEST_STEP][PASSED] - scrollToElement(findTestObject("WIZARD/3Infraestructura/6Tableros/Configuracion/Columnas/btn_Atributos"), 2): Scroll to object 'Object Repository/WIZARD/3Infraestructura/6Tableros/Configuracion/Columnas/btn_Atributos' successfully

2023-08-14 11:45:56 - [MESSAGE][PASSED] - Scroll to object 'Object Repository/WIZARD/3Infraestructura/6Tableros/Configuracion/Columnas/btn_Atributos' successfully

2023-08-14 11:45:56 - [TEST_STEP][PASSED] - clearText(findTestObject("WIZARD/3Infraestructura/6Tableros/Configuracion/Columnas/input_Elementos")): Text of object 'Object Repository/WIZARD/3Infraestructura/6Tableros/Configuracion/Columnas/input_Elementos' is cleared

2023-08-14 11:45:56 - [MESSAGE][PASSED] - Text of object 'Object Repository/WIZARD/3Infraestructura/6Tableros/Configuracion/Columnas/input_Elementos' is cleared

2023-08-14 11:45:56 - [TEST_STEP][PASSED] - click(findTestObject("WIZARD/3Infraestructura/6Tableros/Configuracion/Columnas/btn_Atributos")): Object: 'Object Repository/WIZARD/3Infraestructura/6Tableros/Configuracion/Columnas/btn_Atributos' is clicked on

2023-08-14 11:45:57 - [MESSAGE][PASSED] - Object: 'Object Repository/WIZARD/3Infraestructura/6Tableros/Configuracion/Columnas/btn_Atributos' is clicked on

2023-08-14 11:45:57 - [TEST_STEP][PASSED] - delay(3): Delayed 3 second(s)

2023-08-14 11:46:00 - [MESSAGE][PASSED] - Delayed 3 second(s)

2023-08-14 11:46:00 - [TEST_STEP][PASSED] - click(findTestObject("WIZARD/3Infraestructura/6Tableros/Configuracion/Columnas/btn_Atributos (1)/a_Terminal.Modulo")): Object: 'Object Repository/WIZARD/3Infraestructura/6Tableros/Configuracion/Columnas/btn_Atributos (1)/a_Terminal.Modulo' is clicked on

2023-08-14 11:46:00 - [MESSAGE][PASSED] - Object: 'Object Repository/WIZARD/3Infraestructura/6Tableros/Configuracion/Columnas/btn_Atributos (1)/a_Terminal.Modulo' is clicked on

2023-08-14 11:46:00 - [TEST_STEP][PASSED] - delay(2): Delayed 2 second(s)

2023-08-14 11:46:02 - [MESSAGE][PASSED] - Delayed 2 second(s)

2023-08-14 11:46:02 - [TEST_STEP][PASSED] - click(findTestObject("WIZARD/3Infraestructura/6Tableros/Configuracion/Columnas/btn_Orden UP"), STOP_ON_FAILURE): Object: 'Object Repository/WIZARD/3Infraestructura/6Tableros/Configuracion/Columnas/btn_Orden UP' is clicked on

2023-08-14 11:46:03 - [MESSAGE][PASSED] - Object: 'Object Repository/WIZARD/3Infraestructura/6Tableros/Configuracion/Columnas/btn_Orden UP' is clicked on

2023-08-14 11:46:03 - [TEST_STEP][PASSED] - scrollToPosition(0, 0): Browser is scrolled to position x = 0, y = 0

2023-08-14 11:46:03 - [MESSAGE][PASSED] - Browser is scrolled to position x = 0, y = 0

2023-08-14 11:46:03 - [TEST_STEP][PASSED] - delay(2): Delayed 2 second(s)

2023-08-14 11:46:05 - [MESSAGE][PASSED] - Delayed 2 second(s)

2023-08-14 11:46:05 - [TEST_STEP][PASSED] - click(findTestObject("WIZARD/3Infraestructura/6Tableros/Configuracion/Columnas/img_Nuevo")): Object: 'Object Repository/WIZARD/3Infraestructura/6Tableros/Configuracion/Columnas/img_Nuevo' is clicked on

2023-08-14 11:46:05 - [MESSAGE][PASSED] - Object: 'Object Repository/WIZARD/3Infraestructura/6Tableros/Configuracion/Columnas/img_Nuevo' is clicked on

2023-08-14 11:46:05 - [TEST_STEP][PASSED] - delay(3): Delayed 3 second(s)

2023-08-14 11:46:08 - [MESSAGE][PASSED] - Delayed 3 second(s)

2023-08-14 11:46:08 - [TEST_STEP][PASSED] - takeFullPageScreenshot(): Taking screenshot successfully

2023-08-14 11:46:09 - [MESSAGE][INFO] - 0 hidden object(s)

2023-08-14 11:46:09 - [MESSAGE][PASSED] - Taking screenshot successfully
[[ATTACHMENT|C:\\CIEL INGENIERIA\\Katalon\\Digiturno55\\Reports\\20230814_104251\\WIZARD\\3Infraestructura\\6Tableros\\5.6 Creacion Columnas Tablero Manizales\\20230814_104414\\1692031568826.png]]

2023-08-14 11:46:09 - [TEST_STEP][PASSED] - delay(3): Delayed 3 second(s)

2023-08-14 11:46:12 - [MESSAGE][PASSED] - Delayed 3 second(s)

2023-08-14 11:46:12 - [TEST_STEP][PASSED] - Start listener action : sampleAfterTestCase: null]]></system-out>
         <system-err><![CDATA[]]></system-err>
      </testcase>
      <system-out><![CDATA[2023-08-14 11:45:08 - [TEST_SUITE][PASSED] - 5.6 Creacion Columnas Tablero Manizales: Test Cases/WIZARD/3Infraestructura/6Tableros/5.6 Creacion Columnas Tablero Manizales]]></system-out>
      <system-err><![CDATA[]]></system-err>
   </testsuite>
</testsuites>
