<?xml version="1.0" encoding="UTF-8"?>
<testsuites name="2.1 Creacion Elementos Area" time="47.687" tests="1" failures="0" errors="0">
   <testsuite name="2.1 Creacion Elementos Area" tests="1" failures="0" errors="0" time="47.687" skipped="0" timestamp="2023-08-14 08:40:35" hostname="jdavila - PCPruebas101.ciel.cielingenieria.com" id="Test Suites/WIZARD/1Modelo De Negocio/2.1 Creacion Elementos Area">
      <properties>
         <property name="deviceName" value=""/>
         <property name="devicePlatform" value=""/>
         <property name="logFolder" value="C:\\CIEL INGENIERIA\\Katalon\\Digiturno55\\Reports\\20230814_083843\\WIZARD\\1Modelo De Negocio\\2.1 Creacion Elementos Area\\20230814_083846"/>
         <property name="logFiles" value="C:\\CIEL INGENIERIA\\Katalon\\Digiturno55\\Reports\\20230814_083843\\WIZARD\\1Modelo De Negocio\\2.1 Creacion Elementos Area\\20230814_083846\\execution0.log"/>
         <property name="attachments" value=""/>
         <property name="hostName" value="jdavila - PCPruebas101.ciel.cielingenieria.com"/>
         <property name="os" value="Windows 10 64bit"/>
         <property name="katalonVersion" value="8.6.0.208"/>
         <property name="browser" value="Chrome 115.0.0.0"/>
         <property name="hostAddress" value="192.168.0.33"/>
         <property name="sessionId" value="025091808f72d70a3bd1c3c595141b39"/>
         <property name="seleniumVersion" value="3.141.59"/>
         <property name="proxyInformation" value="ProxyInformation { proxyOption=NO_PROXY, proxyServerType=HTTP, username=, password=********, proxyServerAddress=, proxyServerPort=0, executionList=&quot;&quot;, isApplyToDesiredCapabilities=true }"/>
         <property name="platform" value="Windows 10"/>
      </properties>
      <testcase name="Test Cases/WIZARD/1Modelo De Negocio/2.1 Creacion Elementos Area" time="47.451" classname="Test Cases/WIZARD/1Modelo De Negocio/2.1 Creacion Elementos Area" status="PASSED">
         <system-out><![CDATA[2023-08-14 08:40:35 - [TEST_CASE][PASSED] - Test Cases/WIZARD/1Modelo De Negocio/2.1 Creacion Elementos Area: Test Cases/WIZARD/1Modelo De Negocio/2.1 Creacion Elementos Area

2023-08-14 08:40:36 - [TEST_STEP][PASSED] - callTestCase(findTestCase("0InicioSesion"), [:], STOP_ON_FAILURE): Call Test Case 'Test Cases/0InicioSesion' successfully

2023-08-14 08:40:36 - [TEST_CASE][PASSED] - Test Cases/0InicioSesion: Test Cases/0InicioSesion

2023-08-14 08:40:36 - [TEST_STEP][PASSED] - openBrowser(UrlDigiturno): Browser is opened with url: 'https://PCPruebas101.ciel.cielingenieria.com:8610'

2023-08-14 08:40:37 - [MESSAGE][INFO] - Starting 'Chrome' driver

2023-08-14 08:40:37 - [MESSAGE][INFO] - User set preference: ['args', '[--use-fake-ui-for-media-stream, --disable-notifications]']

2023-08-14 08:40:37 - [MESSAGE][INFO] - Action delay is set to 0 milliseconds

2023-08-14 08:40:39 - [MESSAGE][PASSED] - Browser is opened with url: 'https://PCPruebas101.ciel.cielingenieria.com:8610'

2023-08-14 08:40:39 - [TEST_STEP][PASSED] - maximizeWindow(): Current window maximized

2023-08-14 08:40:39 - [MESSAGE][PASSED] - Current window maximized

2023-08-14 08:40:39 - [TEST_STEP][PASSED] - delay(3): Delayed 3 second(s)

2023-08-14 08:40:42 - [MESSAGE][PASSED] - Delayed 3 second(s)

2023-08-14 08:40:42 - [TEST_STEP][PASSED] - setText(findTestObject("0Inicio Sesion/input_Usuario"), "Ciel"): Text 'Ciel' is set on object 'Object Repository/0Inicio Sesion/input_Usuario'

2023-08-14 08:40:43 - [MESSAGE][PASSED] - Text 'Ciel' is set on object 'Object Repository/0Inicio Sesion/input_Usuario'

2023-08-14 08:40:43 - [TEST_STEP][PASSED] - setText(findTestObject("0Inicio Sesion/input_Clave"), "digiturno"): Text 'digiturno' is set on object 'Object Repository/0Inicio Sesion/input_Clave'

2023-08-14 08:40:43 - [MESSAGE][PASSED] - Text 'digiturno' is set on object 'Object Repository/0Inicio Sesion/input_Clave'

2023-08-14 08:40:43 - [TEST_STEP][PASSED] - click(findTestObject("0Inicio Sesion/btn_IniciarSesion")): Object: 'Object Repository/0Inicio Sesion/btn_IniciarSesion' is clicked on

2023-08-14 08:40:44 - [MESSAGE][PASSED] - Object: 'Object Repository/0Inicio Sesion/btn_IniciarSesion' is clicked on

2023-08-14 08:40:44 - [TEST_STEP][PASSED] - delay(3): Delayed 3 second(s)

2023-08-14 08:40:47 - [MESSAGE][PASSED] - Delayed 3 second(s)

2023-08-14 08:40:47 - [MESSAGE][PASSED] - Call Test Case 'Test Cases/0InicioSesion' successfully

2023-08-14 08:40:47 - [TEST_STEP][PASSED] - click(findTestObject("WIZARD/0Principal/img_ModeloDeNegocioMAX")): Object: 'Object Repository/WIZARD/0Principal/img_ModeloDeNegocioMAX' is clicked on

2023-08-14 08:40:48 - [MESSAGE][PASSED] - Object: 'Object Repository/WIZARD/0Principal/img_ModeloDeNegocioMAX' is clicked on

2023-08-14 08:40:48 - [TEST_STEP][PASSED] - delay(3): Delayed 3 second(s)

2023-08-14 08:40:51 - [MESSAGE][PASSED] - Delayed 3 second(s)

2023-08-14 08:40:51 - [TEST_STEP][PASSED] - click(findTestObject("WIZARD/1Modelo De Negocio/00Menu/span_Elementos")): Object: 'Object Repository/WIZARD/1Modelo De Negocio/00Menu/span_Elementos' is clicked on

2023-08-14 08:40:51 - [MESSAGE][PASSED] - Object: 'Object Repository/WIZARD/1Modelo De Negocio/00Menu/span_Elementos' is clicked on

2023-08-14 08:40:51 - [TEST_STEP][PASSED] - delay(3): Delayed 3 second(s)

2023-08-14 08:40:54 - [MESSAGE][PASSED] - Delayed 3 second(s)

2023-08-14 08:40:54 - [TEST_STEP][PASSED] - click(findTestObject("WIZARD/1Modelo De Negocio/2Elementos/Nivel/option_1Area")): Object: 'Object Repository/WIZARD/1Modelo De Negocio/2Elementos/Nivel/option_1Area' is clicked on

2023-08-14 08:40:55 - [MESSAGE][PASSED] - Object: 'Object Repository/WIZARD/1Modelo De Negocio/2Elementos/Nivel/option_1Area' is clicked on

2023-08-14 08:40:55 - [TEST_STEP][PASSED] - delay(3): Delayed 3 second(s)

2023-08-14 08:40:58 - [MESSAGE][PASSED] - Delayed 3 second(s)

2023-08-14 08:40:58 - [TEST_STEP][PASSED] - click(findTestObject("WIZARD/1Modelo De Negocio/2Elementos/Nivel/Area/td_AG1")): Object: 'Object Repository/WIZARD/1Modelo De Negocio/2Elementos/Nivel/Area/td_AG1' is clicked on

2023-08-14 08:40:58 - [MESSAGE][PASSED] - Object: 'Object Repository/WIZARD/1Modelo De Negocio/2Elementos/Nivel/Area/td_AG1' is clicked on

2023-08-14 08:40:58 - [TEST_STEP][PASSED] - delay(3): Delayed 3 second(s)

2023-08-14 08:41:01 - [MESSAGE][PASSED] - Delayed 3 second(s)

2023-08-14 08:41:01 - [TEST_STEP][PASSED] - setText(findTestObject("WIZARD/1Modelo De Negocio/2Elementos/Edicion de Elementos/input_Nombre Elemento"), "Area General"): Text 'Area General' is set on object 'Object Repository/WIZARD/1Modelo De Negocio/2Elementos/Edicion de Elementos/input_Nombre Elemento'

2023-08-14 08:41:02 - [MESSAGE][PASSED] - Text 'Area General' is set on object 'Object Repository/WIZARD/1Modelo De Negocio/2Elementos/Edicion de Elementos/input_Nombre Elemento'

2023-08-14 08:41:02 - [TEST_STEP][PASSED] - setText(findTestObject("WIZARD/1Modelo De Negocio/2Elementos/Edicion de Elementos/input_Descripcion Elemento"), "Area General"): Text 'Area General' is set on object 'Object Repository/WIZARD/1Modelo De Negocio/2Elementos/Edicion de Elementos/input_Descripcion Elemento'

2023-08-14 08:41:03 - [MESSAGE][PASSED] - Text 'Area General' is set on object 'Object Repository/WIZARD/1Modelo De Negocio/2Elementos/Edicion de Elementos/input_Descripcion Elemento'

2023-08-14 08:41:03 - [TEST_STEP][PASSED] - executeJavaScript("return document.getElementById('ContentPlaceHolder1_lnkTiempoMaxAtencion').click()", []): Execute JavaScript 'return document.getElementById('ContentPlaceHolder1_lnkTiempoMaxAtencion').click()' successfully

2023-08-14 08:41:03 - [MESSAGE][PASSED] - Execute JavaScript 'return document.getElementById('ContentPlaceHolder1_lnkTiempoMaxAtencion').click()' successfully

2023-08-14 08:41:03 - [TEST_STEP][PASSED] - delay(3): Delayed 3 second(s)

2023-08-14 08:41:06 - [MESSAGE][PASSED] - Delayed 3 second(s)

2023-08-14 08:41:06 - [TEST_STEP][PASSED] - clearText(findTestObject("WIZARD/1Modelo De Negocio/2ModalTiempoMaxAtencion/input_Minutos")): Text of object 'Object Repository/WIZARD/1Modelo De Negocio/2ModalTiempoMaxAtencion/input_Minutos' is cleared

2023-08-14 08:41:06 - [MESSAGE][PASSED] - Text of object 'Object Repository/WIZARD/1Modelo De Negocio/2ModalTiempoMaxAtencion/input_Minutos' is cleared

2023-08-14 08:41:06 - [TEST_STEP][PASSED] - delay(2): Delayed 2 second(s)

2023-08-14 08:41:08 - [MESSAGE][PASSED] - Delayed 2 second(s)

2023-08-14 08:41:08 - [TEST_STEP][PASSED] - executeJavaScript("return document.getElementById('ContentPlaceHolder1_TimeSpanControlMaxTiempo_txtMinuto').value=10", []): Execute JavaScript 'return document.getElementById('ContentPlaceHolder1_TimeSpanControlMaxTiempo_txtMinuto').value=10' successfully

2023-08-14 08:41:08 - [MESSAGE][PASSED] - Execute JavaScript 'return document.getElementById('ContentPlaceHolder1_TimeSpanControlMaxTiempo_txtMinuto').value=10' successfully

2023-08-14 08:41:08 - [TEST_STEP][PASSED] - click(findTestObject("WIZARD/1Modelo De Negocio/2ModalTiempoMaxAtencion/btn_Aceptar")): Object: 'Object Repository/WIZARD/1Modelo De Negocio/2ModalTiempoMaxAtencion/btn_Aceptar' is clicked on

2023-08-14 08:41:09 - [MESSAGE][PASSED] - Object: 'Object Repository/WIZARD/1Modelo De Negocio/2ModalTiempoMaxAtencion/btn_Aceptar' is clicked on

2023-08-14 08:41:09 - [TEST_STEP][PASSED] - delay(3): Delayed 3 second(s)

2023-08-14 08:41:12 - [MESSAGE][PASSED] - Delayed 3 second(s)

2023-08-14 08:41:12 - [TEST_STEP][PASSED] - executeJavaScript("return document.getElementById('ContentPlaceHolder1_lnkTiempoControaldoAtencion').click()", []): Execute JavaScript 'return document.getElementById('ContentPlaceHolder1_lnkTiempoControaldoAtencion').click()' successfully

2023-08-14 08:41:12 - [MESSAGE][PASSED] - Execute JavaScript 'return document.getElementById('ContentPlaceHolder1_lnkTiempoControaldoAtencion').click()' successfully

2023-08-14 08:41:12 - [TEST_STEP][PASSED] - delay(3): Delayed 3 second(s)

2023-08-14 08:41:15 - [MESSAGE][PASSED] - Delayed 3 second(s)

2023-08-14 08:41:15 - [TEST_STEP][PASSED] - clearText(findTestObject("WIZARD/1Modelo De Negocio/2Modal Tiempo Controlado de atencion/input_Minutos")): Text of object 'Object Repository/WIZARD/1Modelo De Negocio/2Modal Tiempo Controlado de atencion/input_Minutos' is cleared

2023-08-14 08:41:15 - [MESSAGE][PASSED] - Text of object 'Object Repository/WIZARD/1Modelo De Negocio/2Modal Tiempo Controlado de atencion/input_Minutos' is cleared

2023-08-14 08:41:15 - [TEST_STEP][PASSED] - setText(findTestObject("WIZARD/1Modelo De Negocio/2Modal Tiempo Controlado de atencion/input_Minutos"), "5"): Text '5' is set on object 'Object Repository/WIZARD/1Modelo De Negocio/2Modal Tiempo Controlado de atencion/input_Minutos'

2023-08-14 08:41:16 - [MESSAGE][PASSED] - Text '5' is set on object 'Object Repository/WIZARD/1Modelo De Negocio/2Modal Tiempo Controlado de atencion/input_Minutos'

2023-08-14 08:41:16 - [TEST_STEP][PASSED] - click(findTestObject("WIZARD/1Modelo De Negocio/2Modal Tiempo Controlado de atencion/btn_Aceptar")): Object: 'Object Repository/WIZARD/1Modelo De Negocio/2Modal Tiempo Controlado de atencion/btn_Aceptar' is clicked on

2023-08-14 08:41:16 - [MESSAGE][PASSED] - Object: 'Object Repository/WIZARD/1Modelo De Negocio/2Modal Tiempo Controlado de atencion/btn_Aceptar' is clicked on

2023-08-14 08:41:16 - [TEST_STEP][PASSED] - delay(3): Delayed 3 second(s)

2023-08-14 08:41:19 - [MESSAGE][PASSED] - Delayed 3 second(s)

2023-08-14 08:41:19 - [TEST_STEP][PASSED] - click(findTestObject("WIZARD/1Modelo De Negocio/2Elementos/Edicion de Elementos/btn_Actualizar")): Object: 'Object Repository/WIZARD/1Modelo De Negocio/2Elementos/Edicion de Elementos/btn_Actualizar' is clicked on

2023-08-14 08:41:20 - [MESSAGE][PASSED] - Object: 'Object Repository/WIZARD/1Modelo De Negocio/2Elementos/Edicion de Elementos/btn_Actualizar' is clicked on

2023-08-14 08:41:20 - [TEST_STEP][PASSED] - delay(3): Delayed 3 second(s)

2023-08-14 08:41:23 - [MESSAGE][PASSED] - Delayed 3 second(s)

2023-08-14 08:41:23 - [TEST_STEP][PASSED] - Start listener action : sampleAfterTestCase: null]]></system-out>
         <system-err><![CDATA[]]></system-err>
      </testcase>
      <system-out><![CDATA[2023-08-14 08:40:35 - [TEST_SUITE][PASSED] - 2.1 Creacion Elementos Area: Test Cases/WIZARD/1Modelo De Negocio/2.1 Creacion Elementos Area]]></system-out>
      <system-err><![CDATA[]]></system-err>
   </testsuite>
</testsuites>
