<?xml version="1.0" encoding="UTF-8"?>
<testsuites name="5.1 Crear Oficina Cartagena" time="59.934" tests="1" failures="0" errors="0">
   <testsuite name="5.1 Crear Oficina Cartagena" tests="1" failures="0" errors="0" time="59.934" skipped="0" timestamp="2024-04-02 14:43:39" hostname="jdavila - PCPruebas101.ciel.cielingenieria.com" id="Test Suites/WIZARD/3Infraestructura/1Oficinas/5.1 Crear Oficina Cartagena">
      <properties>
         <property name="deviceName" value=""/>
         <property name="devicePlatform" value=""/>
         <property name="logFolder" value="C:\\CIEL INGENIERIA\\Katalon\\Digiturno55\\Reports\\20240402_143907\\WIZARD\\3Infraestructura\\1Oficinas\\5.1 Crear Oficina Cartagena\\20240402_143912"/>
         <property name="logFiles" value="C:\\CIEL INGENIERIA\\Katalon\\Digiturno55\\Reports\\20240402_143907\\WIZARD\\3Infraestructura\\1Oficinas\\5.1 Crear Oficina Cartagena\\20240402_143912\\execution0.log"/>
         <property name="attachments" value="C:\\CIEL INGENIERIA\\Katalon\\Digiturno55\\Reports\\20240402_143907\\WIZARD\\3Infraestructura\\1Oficinas\\5.1 Crear Oficina Cartagena\\20240402_143912\\1712087075977.png"/>
         <property name="hostName" value="jdavila - PCPruebas101.ciel.cielingenieria.com"/>
         <property name="os" value="Windows 10 64bit"/>
         <property name="katalonVersion" value="8.6.9.208"/>
         <property name="browser" value="Chrome 123.0.0.0"/>
         <property name="hostAddress" value="192.168.91.18"/>
         <property name="sessionId" value="c0610cf5edc8c0878af78e85cbea0262"/>
         <property name="seleniumVersion" value="3.141.59"/>
         <property name="proxyInformation" value="ProxyInformation { proxyOption=NO_PROXY, proxyServerType=HTTP, username=, password=********, proxyServerAddress=, proxyServerPort=0, executionList=&quot;&quot;, isApplyToDesiredCapabilities=true }"/>
         <property name="platform" value="Windows 10"/>
      </properties>
      <testcase name="Test Cases/WIZARD/3Infraestructura/1Oficinas/5.1 Crear Oficina Cartagena" time="59.654" classname="Test Cases/WIZARD/3Infraestructura/1Oficinas/5.1 Crear Oficina Cartagena" status="PASSED">
         <system-out><![CDATA[2024-04-02 14:43:40 - [TEST_CASE][PASSED] - Test Cases/WIZARD/3Infraestructura/1Oficinas/5.1 Crear Oficina Cartagena: Test Cases/WIZARD/3Infraestructura/1Oficinas/5.1 Crear Oficina Cartagena

2024-04-02 14:43:40 - [TEST_STEP][PASSED] - callTestCase(findTestCase("0InicioSesion"), [:], STOP_ON_FAILURE): Call Test Case 'Test Cases/0InicioSesion' successfully

2024-04-02 14:43:40 - [TEST_CASE][PASSED] - Test Cases/0InicioSesion: Test Cases/0InicioSesion

2024-04-02 14:43:40 - [TEST_STEP][PASSED] - openBrowser(UrlDigiturno): Browser is opened with url: 'https://PCPruebas101.ciel.cielingenieria.com:8910'

2024-04-02 14:43:41 - [MESSAGE][INFO] - Starting 'Chrome' driver

2024-04-02 14:43:41 - [MESSAGE][INFO] - User set preference: ['args', '[--use-fake-ui-for-media-stream, --disable-notifications]']

2024-04-02 14:43:41 - [MESSAGE][INFO] - Action delay is set to 0 milliseconds

2024-04-02 14:43:44 - [MESSAGE][PASSED] - Browser is opened with url: 'https://PCPruebas101.ciel.cielingenieria.com:8910'

2024-04-02 14:43:44 - [TEST_STEP][PASSED] - maximizeWindow(): Current window maximized

2024-04-02 14:43:44 - [MESSAGE][PASSED] - Current window maximized

2024-04-02 14:43:44 - [TEST_STEP][PASSED] - delay(3): Delayed 3 second(s)

2024-04-02 14:43:47 - [MESSAGE][PASSED] - Delayed 3 second(s)

2024-04-02 14:43:47 - [TEST_STEP][PASSED] - setText(findTestObject("0Inicio Sesion/input_Usuario"), "Ciel"): Text 'Ciel' is set on object 'Object Repository/0Inicio Sesion/input_Usuario'

2024-04-02 14:43:48 - [MESSAGE][PASSED] - Text 'Ciel' is set on object 'Object Repository/0Inicio Sesion/input_Usuario'

2024-04-02 14:43:48 - [TEST_STEP][PASSED] - setText(findTestObject("0Inicio Sesion/input_Clave"), "digiturno"): Text 'digiturno' is set on object 'Object Repository/0Inicio Sesion/input_Clave'

2024-04-02 14:43:49 - [MESSAGE][PASSED] - Text 'digiturno' is set on object 'Object Repository/0Inicio Sesion/input_Clave'

2024-04-02 14:43:49 - [TEST_STEP][PASSED] - click(findTestObject("0Inicio Sesion/btn_IniciarSesion")): Object: 'Object Repository/0Inicio Sesion/btn_IniciarSesion' is clicked on

2024-04-02 14:43:49 - [MESSAGE][PASSED] - Object: 'Object Repository/0Inicio Sesion/btn_IniciarSesion' is clicked on

2024-04-02 14:43:49 - [TEST_STEP][PASSED] - delay(3): Delayed 3 second(s)

2024-04-02 14:43:52 - [MESSAGE][PASSED] - Delayed 3 second(s)

2024-04-02 14:43:52 - [MESSAGE][PASSED] - Call Test Case 'Test Cases/0InicioSesion' successfully

2024-04-02 14:43:52 - [TEST_STEP][PASSED] - click(findTestObject("WIZARD/0Principal/img_InfraestructuraMAX")): Object: 'Object Repository/WIZARD/0Principal/img_InfraestructuraMAX' is clicked on

2024-04-02 14:43:53 - [MESSAGE][PASSED] - Object: 'Object Repository/WIZARD/0Principal/img_InfraestructuraMAX' is clicked on

2024-04-02 14:43:53 - [TEST_STEP][PASSED] - delay(3): Delayed 3 second(s)

2024-04-02 14:43:56 - [MESSAGE][PASSED] - Delayed 3 second(s)

2024-04-02 14:43:56 - [TEST_STEP][PASSED] - click(findTestObject("WIZARD/3Infraestructura/0Menu/span_Oficinas")): Object: 'Object Repository/WIZARD/3Infraestructura/0Menu/span_Oficinas' is clicked on

2024-04-02 14:43:57 - [MESSAGE][PASSED] - Object: 'Object Repository/WIZARD/3Infraestructura/0Menu/span_Oficinas' is clicked on

2024-04-02 14:43:57 - [TEST_STEP][PASSED] - delay(3): Delayed 3 second(s)

2024-04-02 14:44:00 - [MESSAGE][PASSED] - Delayed 3 second(s)

2024-04-02 14:44:00 - [TEST_STEP][PASSED] - selectOptionByLabel(findTestObject("WIZARD/3Infraestructura/1Oficinas/2Edicion/Edicion/select_Pais"), "Colombia", false): All options with label 'Colombia' are selected in object 'Object Repository/WIZARD/3Infraestructura/1Oficinas/2Edicion/Edicion/select_Pais' 

2024-04-02 14:44:01 - [MESSAGE][PASSED] - All options with label 'Colombia' are selected in object 'Object Repository/WIZARD/3Infraestructura/1Oficinas/2Edicion/Edicion/select_Pais' 

2024-04-02 14:44:01 - [TEST_STEP][PASSED] - delay(2): Delayed 2 second(s)

2024-04-02 14:44:03 - [MESSAGE][PASSED] - Delayed 2 second(s)

2024-04-02 14:44:03 - [TEST_STEP][PASSED] - selectOptionByLabel(findTestObject("WIZARD/3Infraestructura/1Oficinas/2Edicion/Edicion/select_Departamento"), "Bolivar", false): All options with label 'Bolivar' are selected in object 'Object Repository/WIZARD/3Infraestructura/1Oficinas/2Edicion/Edicion/select_Departamento' 

2024-04-02 14:44:04 - [MESSAGE][PASSED] - All options with label 'Bolivar' are selected in object 'Object Repository/WIZARD/3Infraestructura/1Oficinas/2Edicion/Edicion/select_Departamento' 

2024-04-02 14:44:04 - [TEST_STEP][PASSED] - delay(2): Delayed 2 second(s)

2024-04-02 14:44:06 - [MESSAGE][PASSED] - Delayed 2 second(s)

2024-04-02 14:44:06 - [TEST_STEP][PASSED] - selectOptionByLabel(findTestObject("WIZARD/3Infraestructura/1Oficinas/2Edicion/Edicion/select_Ciudad"), "Cartagena", false): All options with label 'Cartagena' are selected in object 'Object Repository/WIZARD/3Infraestructura/1Oficinas/2Edicion/Edicion/select_Ciudad' 

2024-04-02 14:44:07 - [MESSAGE][PASSED] - All options with label 'Cartagena' are selected in object 'Object Repository/WIZARD/3Infraestructura/1Oficinas/2Edicion/Edicion/select_Ciudad' 

2024-04-02 14:44:07 - [TEST_STEP][PASSED] - delay(2): Delayed 2 second(s)

2024-04-02 14:44:09 - [MESSAGE][PASSED] - Delayed 2 second(s)

2024-04-02 14:44:09 - [TEST_STEP][PASSED] - setText(findTestObject("WIZARD/3Infraestructura/1Oficinas/2Edicion/Edicion/input_Nombre"), "Cartagena - Bocagrande"): Text 'Cartagena - Bocagrande' is set on object 'Object Repository/WIZARD/3Infraestructura/1Oficinas/2Edicion/Edicion/input_Nombre'

2024-04-02 14:44:10 - [MESSAGE][PASSED] - Text 'Cartagena - Bocagrande' is set on object 'Object Repository/WIZARD/3Infraestructura/1Oficinas/2Edicion/Edicion/input_Nombre'

2024-04-02 14:44:10 - [TEST_STEP][PASSED] - selectOptionByLabel(findTestObject("WIZARD/3Infraestructura/1Oficinas/2Edicion/Edicion/select_Nivel de Pregunta"), "Ninguno", false): All options with label 'Ninguno' are selected in object 'Object Repository/WIZARD/3Infraestructura/1Oficinas/2Edicion/Edicion/select_Nivel de Pregunta' 

2024-04-02 14:44:10 - [MESSAGE][PASSED] - All options with label 'Ninguno' are selected in object 'Object Repository/WIZARD/3Infraestructura/1Oficinas/2Edicion/Edicion/select_Nivel de Pregunta' 

2024-04-02 14:44:10 - [TEST_STEP][PASSED] - delay(3): Delayed 3 second(s)

2024-04-02 14:44:13 - [MESSAGE][PASSED] - Delayed 3 second(s)

2024-04-02 14:44:13 - [TEST_STEP][PASSED] - setText(findTestObject("WIZARD/3Infraestructura/1Oficinas/2Edicion/Edicion/input_MaximoTurnosXCliente"), "2"): Text '2' is set on object 'Object Repository/WIZARD/3Infraestructura/1Oficinas/2Edicion/Edicion/input_MaximoTurnosXCliente'

2024-04-02 14:44:14 - [MESSAGE][PASSED] - Text '2' is set on object 'Object Repository/WIZARD/3Infraestructura/1Oficinas/2Edicion/Edicion/input_MaximoTurnosXCliente'

2024-04-02 14:44:14 - [TEST_STEP][PASSED] - setText(findTestObject("WIZARD/3Infraestructura/1Oficinas/2Edicion/Edicion/input_Nivel de servicio de espera"), "0"): Text '0' is set on object 'Object Repository/WIZARD/3Infraestructura/1Oficinas/2Edicion/Edicion/input_Nivel de servicio de espera'

2024-04-02 14:44:15 - [MESSAGE][PASSED] - Text '0' is set on object 'Object Repository/WIZARD/3Infraestructura/1Oficinas/2Edicion/Edicion/input_Nivel de servicio de espera'

2024-04-02 14:44:15 - [TEST_STEP][PASSED] - scrollToPosition(100, 800): Browser is scrolled to position x = 100, y = 800

2024-04-02 14:44:15 - [MESSAGE][PASSED] - Browser is scrolled to position x = 100, y = 800

2024-04-02 14:44:15 - [TEST_STEP][PASSED] - delay(3): Delayed 3 second(s)

2024-04-02 14:44:18 - [MESSAGE][PASSED] - Delayed 3 second(s)

2024-04-02 14:44:18 - [TEST_STEP][PASSED] - setText(findTestObject("WIZARD/3Infraestructura/1Oficinas/2Edicion/App/input_Nombre a mostrar"), "Cartagena - Bocagrande"): Text 'Cartagena - Bocagrande' is set on object 'Object Repository/WIZARD/3Infraestructura/1Oficinas/2Edicion/App/input_Nombre a mostrar'

2024-04-02 14:44:19 - [MESSAGE][PASSED] - Text 'Cartagena - Bocagrande' is set on object 'Object Repository/WIZARD/3Infraestructura/1Oficinas/2Edicion/App/input_Nombre a mostrar'

2024-04-02 14:44:19 - [TEST_STEP][PASSED] - setText(findTestObject("WIZARD/3Infraestructura/1Oficinas/2Edicion/App/input_Direccion"), "Calle 1 No 24-3"): Text 'Calle 1 No 24-3' is set on object 'Object Repository/WIZARD/3Infraestructura/1Oficinas/2Edicion/App/input_Direccion'

2024-04-02 14:44:20 - [MESSAGE][PASSED] - Text 'Calle 1 No 24-3' is set on object 'Object Repository/WIZARD/3Infraestructura/1Oficinas/2Edicion/App/input_Direccion'

2024-04-02 14:44:20 - [TEST_STEP][PASSED] - setText(findTestObject("WIZARD/3Infraestructura/1Oficinas/2Edicion/App/input_Numero de telefono"), "3279000"): Text '3279000' is set on object 'Object Repository/WIZARD/3Infraestructura/1Oficinas/2Edicion/App/input_Numero de telefono'

2024-04-02 14:44:21 - [MESSAGE][PASSED] - Text '3279000' is set on object 'Object Repository/WIZARD/3Infraestructura/1Oficinas/2Edicion/App/input_Numero de telefono'

2024-04-02 14:44:21 - [TEST_STEP][PASSED] - setText(findTestObject("WIZARD/3Infraestructura/1Oficinas/2Edicion/App/input_Distancia minima creacion turnos (m)"), "100"): Text '100' is set on object 'Object Repository/WIZARD/3Infraestructura/1Oficinas/2Edicion/App/input_Distancia minima creacion turnos (m)'

2024-04-02 14:44:21 - [MESSAGE][PASSED] - Text '100' is set on object 'Object Repository/WIZARD/3Infraestructura/1Oficinas/2Edicion/App/input_Distancia minima creacion turnos (m)'

2024-04-02 14:44:21 - [TEST_STEP][PASSED] - setText(findTestObject("WIZARD/3Infraestructura/1Oficinas/2Edicion/App/input_Cantidad de turnos para prellamado"), "2"): Text '2' is set on object 'Object Repository/WIZARD/3Infraestructura/1Oficinas/2Edicion/App/input_Cantidad de turnos para prellamado'

2024-04-02 14:44:22 - [MESSAGE][PASSED] - Text '2' is set on object 'Object Repository/WIZARD/3Infraestructura/1Oficinas/2Edicion/App/input_Cantidad de turnos para prellamado'

2024-04-02 14:44:22 - [TEST_STEP][PASSED] - delay(3): Delayed 3 second(s)

2024-04-02 14:44:25 - [MESSAGE][PASSED] - Delayed 3 second(s)

2024-04-02 14:44:25 - [TEST_STEP][PASSED] - setText(findTestObject("WIZARD/3Infraestructura/1Oficinas/2Edicion/App/input_Longitud"), "0.0000000000"): Text '0.0000000000' is set on object 'Object Repository/WIZARD/3Infraestructura/1Oficinas/2Edicion/App/input_Longitud'

2024-04-02 14:44:26 - [MESSAGE][PASSED] - Text '0.0000000000' is set on object 'Object Repository/WIZARD/3Infraestructura/1Oficinas/2Edicion/App/input_Longitud'

2024-04-02 14:44:26 - [TEST_STEP][PASSED] - setText(findTestObject("WIZARD/3Infraestructura/1Oficinas/2Edicion/App/input_Latitud"), "0.0000000000"): Text '0.0000000000' is set on object 'Object Repository/WIZARD/3Infraestructura/1Oficinas/2Edicion/App/input_Latitud'

2024-04-02 14:44:27 - [MESSAGE][PASSED] - Text '0.0000000000' is set on object 'Object Repository/WIZARD/3Infraestructura/1Oficinas/2Edicion/App/input_Latitud'

2024-04-02 14:44:27 - [TEST_STEP][PASSED] - delay(3): Delayed 3 second(s)

2024-04-02 14:44:30 - [MESSAGE][PASSED] - Delayed 3 second(s)

2024-04-02 14:44:30 - [TEST_STEP][PASSED] - scrollToPosition(0, 0): Browser is scrolled to position x = 0, y = 0

2024-04-02 14:44:30 - [MESSAGE][PASSED] - Browser is scrolled to position x = 0, y = 0

2024-04-02 14:44:30 - [TEST_STEP][PASSED] - delay(2): Delayed 2 second(s)

2024-04-02 14:44:32 - [MESSAGE][PASSED] - Delayed 2 second(s)

2024-04-02 14:44:32 - [TEST_STEP][PASSED] - click(findTestObject("WIZARD/3Infraestructura/1Oficinas/2Edicion/Edicion/img_Nuevo")): Object: 'Object Repository/WIZARD/3Infraestructura/1Oficinas/2Edicion/Edicion/img_Nuevo' is clicked on

2024-04-02 14:44:32 - [MESSAGE][PASSED] - Object: 'Object Repository/WIZARD/3Infraestructura/1Oficinas/2Edicion/Edicion/img_Nuevo' is clicked on

2024-04-02 14:44:32 - [TEST_STEP][PASSED] - delay(3): Delayed 3 second(s)

2024-04-02 14:44:35 - [MESSAGE][PASSED] - Delayed 3 second(s)

2024-04-02 14:44:35 - [TEST_STEP][PASSED] - takeFullPageScreenshot(): Taking screenshot successfully

2024-04-02 14:44:36 - [MESSAGE][INFO] - 0 hidden object(s)

2024-04-02 14:44:36 - [MESSAGE][PASSED] - Taking screenshot successfully
[[ATTACHMENT|C:\\CIEL INGENIERIA\\Katalon\\Digiturno55\\Reports\\20240402_143907\\WIZARD\\3Infraestructura\\1Oficinas\\5.1 Crear Oficina Cartagena\\20240402_143912\\1712087075977.png]]

2024-04-02 14:44:36 - [TEST_STEP][PASSED] - delay(3): Delayed 3 second(s)

2024-04-02 14:44:39 - [MESSAGE][PASSED] - Delayed 3 second(s)

2024-04-02 14:44:39 - [TEST_STEP][PASSED] - Start listener action : sampleAfterTestCase: null]]></system-out>
         <system-err><![CDATA[]]></system-err>
      </testcase>
      <system-out><![CDATA[2024-04-02 14:43:39 - [TEST_SUITE][PASSED] - 5.1 Crear Oficina Cartagena: Test Cases/WIZARD/3Infraestructura/1Oficinas/5.1 Crear Oficina Cartagena]]></system-out>
      <system-err><![CDATA[]]></system-err>
   </testsuite>
</testsuites>
