<?xml version="1.0" encoding="UTF-8"?>
<testsuites name="63 Autorizacion Personalizada" time="88.62" tests="2" failures="0" errors="0">
   <testsuite name="63 Autorizacion Personalizada" tests="2" failures="0" errors="0" time="88.62" skipped="0" timestamp="2024-04-08 09:55:28" hostname="jdavila - PCPruebas101.ciel.cielingenieria.com" id="Test Suites/DIGITURNO/BASICO/63 Autorizacion Personalizada">
      <properties>
         <property name="deviceName" value=""/>
         <property name="devicePlatform" value=""/>
         <property name="logFolder" value="C:\\CIEL INGENIERIA\\Katalon\\Digiturno55\\Reports\\20240408_090839\\DIGITURNO\\BASICO\\63 Autorizacion Personalizada\\20240408_090944"/>
         <property name="logFiles" value="C:\\CIEL INGENIERIA\\Katalon\\Digiturno55\\Reports\\20240408_090839\\DIGITURNO\\BASICO\\63 Autorizacion Personalizada\\20240408_090944\\execution0.log"/>
         <property name="attachments" value="C:\\CIEL INGENIERIA\\Katalon\\Digiturno55\\Reports\\20240408_090839\\DIGITURNO\\BASICO\\63 Autorizacion Personalizada\\20240408_090944\\1712588149624.png, C:\\CIEL INGENIERIA\\Katalon\\Digiturno55\\Reports\\20240408_090839\\DIGITURNO\\BASICO\\63 Autorizacion Personalizada\\20240408_090944\\1712588170490.png, C:\\CIEL INGENIERIA\\Katalon\\Digiturno55\\Reports\\20240408_090839\\DIGITURNO\\BASICO\\63 Autorizacion Personalizada\\20240408_090944\\1712588192718.png, C:\\CIEL INGENIERIA\\Katalon\\Digiturno55\\Reports\\20240408_090839\\DIGITURNO\\BASICO\\63 Autorizacion Personalizada\\20240408_090944\\1712588213455.png"/>
         <property name="hostName" value="jdavila - PCPruebas101.ciel.cielingenieria.com"/>
         <property name="os" value="Windows 10 64bit"/>
         <property name="katalonVersion" value="8.6.9.208"/>
         <property name="browser" value="Chrome 123.0.0.0"/>
         <property name="hostAddress" value="192.168.0.6"/>
         <property name="sessionId" value="85a1b250f05bfc4cb222a3b0ae3ba47e"/>
         <property name="seleniumVersion" value="3.141.59"/>
         <property name="proxyInformation" value="ProxyInformation { proxyOption=NO_PROXY, proxyServerType=HTTP, username=, password=********, proxyServerAddress=, proxyServerPort=0, executionList=&quot;&quot;, isApplyToDesiredCapabilities=true }"/>
         <property name="platform" value="Windows 10"/>
      </properties>
      <testcase name="Test Cases/DIGITURNO/BASICO/63 Autorizacion Personalizada Restringir" time="45.4" classname="Test Cases/DIGITURNO/BASICO/63 Autorizacion Personalizada Restringir" status="PASSED">
         <system-out><![CDATA[2024-04-08 09:55:28 - [TEST_CASE][PASSED] - Test Cases/DIGITURNO/BASICO/63 Autorizacion Personalizada Restringir: Test Cases/DIGITURNO/BASICO/63 Autorizacion Personalizada Restringir

2024-04-08 09:55:29 - [TEST_STEP][PASSED] - callTestCase(findTestCase("DIGITURNO/BASICO/30 Sistema"), [:], STOP_ON_FAILURE): Call Test Case 'Test Cases/DIGITURNO/BASICO/30 Sistema' successfully

2024-04-08 09:55:29 - [TEST_CASE][PASSED] - Test Cases/DIGITURNO/BASICO/30 Sistema: Test Cases/DIGITURNO/BASICO/30 Sistema

2024-04-08 09:55:29 - [TEST_STEP][PASSED] - callTestCase(findTestCase("0InicioSesion"), [:], STOP_ON_FAILURE): Call Test Case 'Test Cases/0InicioSesion' successfully

2024-04-08 09:55:29 - [TEST_CASE][PASSED] - Test Cases/0InicioSesion: Test Cases/0InicioSesion

2024-04-08 09:55:30 - [TEST_STEP][PASSED] - openBrowser(UrlDigiturno): Browser is opened with url: 'https://PCPruebas101.ciel.cielingenieria.com:8910'

2024-04-08 09:55:30 - [MESSAGE][INFO] - Starting 'Chrome' driver

2024-04-08 09:55:30 - [MESSAGE][INFO] - User set preference: ['args', '[--use-fake-ui-for-media-stream, --disable-notifications]']

2024-04-08 09:55:30 - [MESSAGE][INFO] - Action delay is set to 0 milliseconds

2024-04-08 09:55:33 - [MESSAGE][PASSED] - Browser is opened with url: 'https://PCPruebas101.ciel.cielingenieria.com:8910'

2024-04-08 09:55:33 - [TEST_STEP][PASSED] - maximizeWindow(): Current window maximized

2024-04-08 09:55:33 - [MESSAGE][PASSED] - Current window maximized

2024-04-08 09:55:33 - [TEST_STEP][PASSED] - delay(3): Delayed 3 second(s)

2024-04-08 09:55:36 - [MESSAGE][PASSED] - Delayed 3 second(s)

2024-04-08 09:55:36 - [TEST_STEP][PASSED] - setText(findTestObject("0Inicio Sesion/input_Usuario"), "Ciel"): Text 'Ciel' is set on object 'Object Repository/0Inicio Sesion/input_Usuario'

2024-04-08 09:55:37 - [MESSAGE][PASSED] - Text 'Ciel' is set on object 'Object Repository/0Inicio Sesion/input_Usuario'

2024-04-08 09:55:37 - [TEST_STEP][PASSED] - setText(findTestObject("0Inicio Sesion/input_Clave"), "digiturno"): Text 'digiturno' is set on object 'Object Repository/0Inicio Sesion/input_Clave'

2024-04-08 09:55:38 - [MESSAGE][PASSED] - Text 'digiturno' is set on object 'Object Repository/0Inicio Sesion/input_Clave'

2024-04-08 09:55:38 - [TEST_STEP][PASSED] - click(findTestObject("0Inicio Sesion/btn_IniciarSesion")): Object: 'Object Repository/0Inicio Sesion/btn_IniciarSesion' is clicked on

2024-04-08 09:55:39 - [MESSAGE][PASSED] - Object: 'Object Repository/0Inicio Sesion/btn_IniciarSesion' is clicked on

2024-04-08 09:55:39 - [TEST_STEP][PASSED] - delay(3): Delayed 3 second(s)

2024-04-08 09:55:42 - [MESSAGE][PASSED] - Delayed 3 second(s)

2024-04-08 09:55:42 - [MESSAGE][PASSED] - Call Test Case 'Test Cases/0InicioSesion' successfully

2024-04-08 09:55:42 - [TEST_STEP][PASSED] - click(findTestObject("DIGITURNO/1Principal/img_Configuracion(1)")): Object: 'Object Repository/DIGITURNO/1Principal/img_Configuracion(1)' is clicked on

2024-04-08 09:55:42 - [MESSAGE][PASSED] - Object: 'Object Repository/DIGITURNO/1Principal/img_Configuracion(1)' is clicked on

2024-04-08 09:55:42 - [TEST_STEP][PASSED] - delay(3): Delayed 3 second(s)

2024-04-08 09:55:45 - [MESSAGE][PASSED] - Delayed 3 second(s)

2024-04-08 09:55:45 - [TEST_STEP][PASSED] - click(findTestObject("DIGITURNO/CONFIGURACION/0Principal/img_7Sistema")): Object: 'Object Repository/DIGITURNO/CONFIGURACION/0Principal/img_7Sistema' is clicked on

2024-04-08 09:55:46 - [MESSAGE][PASSED] - Object: 'Object Repository/DIGITURNO/CONFIGURACION/0Principal/img_7Sistema' is clicked on

2024-04-08 09:55:46 - [TEST_STEP][PASSED] - delay(3): Delayed 3 second(s)

2024-04-08 09:55:49 - [MESSAGE][PASSED] - Delayed 3 second(s)

2024-04-08 09:55:49 - [TEST_STEP][PASSED] - takeFullPageScreenshot(): Taking screenshot successfully

2024-04-08 09:55:50 - [MESSAGE][INFO] - 0 hidden object(s)

2024-04-08 09:55:50 - [MESSAGE][PASSED] - Taking screenshot successfully
[[ATTACHMENT|C:\\CIEL INGENIERIA\\Katalon\\Digiturno55\\Reports\\20240408_090839\\DIGITURNO\\BASICO\\63 Autorizacion Personalizada\\20240408_090944\\1712588149624.png]]

2024-04-08 09:55:50 - [TEST_STEP][PASSED] - delay(3): Delayed 3 second(s)

2024-04-08 09:55:53 - [MESSAGE][PASSED] - Delayed 3 second(s)

2024-04-08 09:55:53 - [MESSAGE][PASSED] - Call Test Case 'Test Cases/DIGITURNO/BASICO/30 Sistema' successfully

2024-04-08 09:55:53 - [TEST_STEP][PASSED] - click(findTestObject("DIGITURNO/CONFIGURACION/7Sistema/0Principal/img_3 Autorizacion Personalizada")): Object: 'Object Repository/DIGITURNO/CONFIGURACION/7Sistema/0Principal/img_3 Autorizacion Personalizada' is clicked on

2024-04-08 09:55:53 - [MESSAGE][PASSED] - Object: 'Object Repository/DIGITURNO/CONFIGURACION/7Sistema/0Principal/img_3 Autorizacion Personalizada' is clicked on

2024-04-08 09:55:53 - [TEST_STEP][PASSED] - setText(findTestObject("DIGITURNO/CONFIGURACION/7Sistema/3 Autorizacion Personalizada/1 Paginas/input_TextoABuscar"), "15"): Text '15' is set on object 'Object Repository/DIGITURNO/CONFIGURACION/7Sistema/3 Autorizacion Personalizada/1 Paginas/input_TextoABuscar'

2024-04-08 09:55:54 - [MESSAGE][PASSED] - Text '15' is set on object 'Object Repository/DIGITURNO/CONFIGURACION/7Sistema/3 Autorizacion Personalizada/1 Paginas/input_TextoABuscar'

2024-04-08 09:55:54 - [TEST_STEP][PASSED] - delay(2): Delayed 2 second(s)

2024-04-08 09:55:56 - [MESSAGE][PASSED] - Delayed 2 second(s)

2024-04-08 09:55:56 - [TEST_STEP][PASSED] - click(findTestObject("DIGITURNO/CONFIGURACION/7Sistema/3 Autorizacion Personalizada/1 Paginas/td_1Seleccion")): Object: 'Object Repository/DIGITURNO/CONFIGURACION/7Sistema/3 Autorizacion Personalizada/1 Paginas/td_1Seleccion' is clicked on

2024-04-08 09:55:57 - [MESSAGE][PASSED] - Object: 'Object Repository/DIGITURNO/CONFIGURACION/7Sistema/3 Autorizacion Personalizada/1 Paginas/td_1Seleccion' is clicked on

2024-04-08 09:55:57 - [TEST_STEP][PASSED] - delay(2): Delayed 2 second(s)

2024-04-08 09:55:59 - [MESSAGE][PASSED] - Delayed 2 second(s)

2024-04-08 09:55:59 - [TEST_STEP][PASSED] - setText(findTestObject("DIGITURNO/CONFIGURACION/7Sistema/3 Autorizacion Personalizada/2 Perfiles/input_TextoABuscar"), "admin"): Text 'admin' is set on object 'Object Repository/DIGITURNO/CONFIGURACION/7Sistema/3 Autorizacion Personalizada/2 Perfiles/input_TextoABuscar'

2024-04-08 09:56:00 - [MESSAGE][PASSED] - Text 'admin' is set on object 'Object Repository/DIGITURNO/CONFIGURACION/7Sistema/3 Autorizacion Personalizada/2 Perfiles/input_TextoABuscar'

2024-04-08 09:56:00 - [TEST_STEP][PASSED] - delay(2): Delayed 2 second(s)

2024-04-08 09:56:02 - [MESSAGE][PASSED] - Delayed 2 second(s)

2024-04-08 09:56:02 - [TEST_STEP][PASSED] - click(findTestObject("DIGITURNO/CONFIGURACION/7Sistema/3 Autorizacion Personalizada/2 Perfiles/td_1 Administrador")): Object: 'Object Repository/DIGITURNO/CONFIGURACION/7Sistema/3 Autorizacion Personalizada/2 Perfiles/td_1 Administrador' is clicked on

2024-04-08 09:56:02 - [MESSAGE][PASSED] - Object: 'Object Repository/DIGITURNO/CONFIGURACION/7Sistema/3 Autorizacion Personalizada/2 Perfiles/td_1 Administrador' is clicked on

2024-04-08 09:56:02 - [TEST_STEP][PASSED] - delay(2): Delayed 2 second(s)

2024-04-08 09:56:04 - [MESSAGE][PASSED] - Delayed 2 second(s)

2024-04-08 09:56:04 - [TEST_STEP][PASSED] - click(findTestObject("DIGITURNO/CONFIGURACION/7Sistema/3 Autorizacion Personalizada/3 Botones aplicacion/a_SeleccionarTodo")): Object: 'Object Repository/DIGITURNO/CONFIGURACION/7Sistema/3 Autorizacion Personalizada/3 Botones aplicacion/a_SeleccionarTodo' is clicked on

2024-04-08 09:56:05 - [MESSAGE][PASSED] - Object: 'Object Repository/DIGITURNO/CONFIGURACION/7Sistema/3 Autorizacion Personalizada/3 Botones aplicacion/a_SeleccionarTodo' is clicked on

2024-04-08 09:56:05 - [TEST_STEP][PASSED] - delay(2): Delayed 2 second(s)

2024-04-08 09:56:07 - [MESSAGE][PASSED] - Delayed 2 second(s)

2024-04-08 09:56:07 - [TEST_STEP][PASSED] - click(findTestObject("DIGITURNO/CONFIGURACION/7Sistema/3 Autorizacion Personalizada/3 Botones aplicacion/img_Restringir")): Object: 'Object Repository/DIGITURNO/CONFIGURACION/7Sistema/3 Autorizacion Personalizada/3 Botones aplicacion/img_Restringir' is clicked on

2024-04-08 09:56:07 - [MESSAGE][PASSED] - Object: 'Object Repository/DIGITURNO/CONFIGURACION/7Sistema/3 Autorizacion Personalizada/3 Botones aplicacion/img_Restringir' is clicked on

2024-04-08 09:56:07 - [TEST_STEP][PASSED] - delay(3): Delayed 3 second(s)

2024-04-08 09:56:10 - [MESSAGE][PASSED] - Delayed 3 second(s)

2024-04-08 09:56:10 - [TEST_STEP][PASSED] - takeFullPageScreenshot(): Taking screenshot successfully

2024-04-08 09:56:11 - [MESSAGE][INFO] - 0 hidden object(s)

2024-04-08 09:56:11 - [MESSAGE][PASSED] - Taking screenshot successfully
[[ATTACHMENT|C:\\CIEL INGENIERIA\\Katalon\\Digiturno55\\Reports\\20240408_090839\\DIGITURNO\\BASICO\\63 Autorizacion Personalizada\\20240408_090944\\1712588170490.png]]

2024-04-08 09:56:11 - [TEST_STEP][PASSED] - delay(3): Delayed 3 second(s)

2024-04-08 09:56:14 - [MESSAGE][PASSED] - Delayed 3 second(s)

2024-04-08 09:56:14 - [TEST_STEP][PASSED] - Start listener action : sampleAfterTestCase: null]]></system-out>
         <system-err><![CDATA[]]></system-err>
      </testcase>
      <testcase name="Test Cases/DIGITURNO/BASICO/63 Autorizacion Personalizada Liberar" time="42.934" classname="Test Cases/DIGITURNO/BASICO/63 Autorizacion Personalizada Liberar" status="PASSED">
         <system-out><![CDATA[2024-04-08 09:56:14 - [TEST_CASE][PASSED] - Test Cases/DIGITURNO/BASICO/63 Autorizacion Personalizada Liberar: Test Cases/DIGITURNO/BASICO/63 Autorizacion Personalizada Liberar

2024-04-08 09:56:14 - [TEST_STEP][PASSED] - callTestCase(findTestCase("DIGITURNO/BASICO/30 Sistema"), [:], STOP_ON_FAILURE): Call Test Case 'Test Cases/DIGITURNO/BASICO/30 Sistema' successfully

2024-04-08 09:56:14 - [TEST_CASE][PASSED] - Test Cases/DIGITURNO/BASICO/30 Sistema: Test Cases/DIGITURNO/BASICO/30 Sistema

2024-04-08 09:56:14 - [TEST_STEP][PASSED] - callTestCase(findTestCase("0InicioSesion"), [:], STOP_ON_FAILURE): Call Test Case 'Test Cases/0InicioSesion' successfully

2024-04-08 09:56:14 - [TEST_CASE][PASSED] - Test Cases/0InicioSesion: Test Cases/0InicioSesion

2024-04-08 09:56:14 - [TEST_STEP][PASSED] - openBrowser(UrlDigiturno): Browser is opened with url: 'https://PCPruebas101.ciel.cielingenieria.com:8910'

2024-04-08 09:56:14 - [MESSAGE][WARNING] - A browser is already opened. Closing browser and opening a new one

2024-04-08 09:56:15 - [MESSAGE][INFO] - Starting 'Chrome' driver

2024-04-08 09:56:15 - [MESSAGE][INFO] - User set preference: ['args', '[--use-fake-ui-for-media-stream, --disable-notifications]']

2024-04-08 09:56:15 - [MESSAGE][INFO] - Action delay is set to 0 milliseconds

2024-04-08 09:56:17 - [MESSAGE][PASSED] - Browser is opened with url: 'https://PCPruebas101.ciel.cielingenieria.com:8910'

2024-04-08 09:56:17 - [TEST_STEP][PASSED] - maximizeWindow(): Current window maximized

2024-04-08 09:56:17 - [MESSAGE][PASSED] - Current window maximized

2024-04-08 09:56:17 - [TEST_STEP][PASSED] - delay(3): Delayed 3 second(s)

2024-04-08 09:56:20 - [MESSAGE][PASSED] - Delayed 3 second(s)

2024-04-08 09:56:20 - [TEST_STEP][PASSED] - setText(findTestObject("0Inicio Sesion/input_Usuario"), "Ciel"): Text 'Ciel' is set on object 'Object Repository/0Inicio Sesion/input_Usuario'

2024-04-08 09:56:21 - [MESSAGE][PASSED] - Text 'Ciel' is set on object 'Object Repository/0Inicio Sesion/input_Usuario'

2024-04-08 09:56:21 - [TEST_STEP][PASSED] - setText(findTestObject("0Inicio Sesion/input_Clave"), "digiturno"): Text 'digiturno' is set on object 'Object Repository/0Inicio Sesion/input_Clave'

2024-04-08 09:56:22 - [MESSAGE][PASSED] - Text 'digiturno' is set on object 'Object Repository/0Inicio Sesion/input_Clave'

2024-04-08 09:56:22 - [TEST_STEP][PASSED] - click(findTestObject("0Inicio Sesion/btn_IniciarSesion")): Object: 'Object Repository/0Inicio Sesion/btn_IniciarSesion' is clicked on

2024-04-08 09:56:22 - [MESSAGE][PASSED] - Object: 'Object Repository/0Inicio Sesion/btn_IniciarSesion' is clicked on

2024-04-08 09:56:22 - [TEST_STEP][PASSED] - delay(3): Delayed 3 second(s)

2024-04-08 09:56:25 - [MESSAGE][PASSED] - Delayed 3 second(s)

2024-04-08 09:56:25 - [MESSAGE][PASSED] - Call Test Case 'Test Cases/0InicioSesion' successfully

2024-04-08 09:56:25 - [TEST_STEP][PASSED] - click(findTestObject("DIGITURNO/1Principal/img_Configuracion(1)")): Object: 'Object Repository/DIGITURNO/1Principal/img_Configuracion(1)' is clicked on

2024-04-08 09:56:26 - [MESSAGE][PASSED] - Object: 'Object Repository/DIGITURNO/1Principal/img_Configuracion(1)' is clicked on

2024-04-08 09:56:26 - [TEST_STEP][PASSED] - delay(3): Delayed 3 second(s)

2024-04-08 09:56:29 - [MESSAGE][PASSED] - Delayed 3 second(s)

2024-04-08 09:56:29 - [TEST_STEP][PASSED] - click(findTestObject("DIGITURNO/CONFIGURACION/0Principal/img_7Sistema")): Object: 'Object Repository/DIGITURNO/CONFIGURACION/0Principal/img_7Sistema' is clicked on

2024-04-08 09:56:29 - [MESSAGE][PASSED] - Object: 'Object Repository/DIGITURNO/CONFIGURACION/0Principal/img_7Sistema' is clicked on

2024-04-08 09:56:29 - [TEST_STEP][PASSED] - delay(3): Delayed 3 second(s)

2024-04-08 09:56:32 - [MESSAGE][PASSED] - Delayed 3 second(s)

2024-04-08 09:56:32 - [TEST_STEP][PASSED] - takeFullPageScreenshot(): Taking screenshot successfully

2024-04-08 09:56:33 - [MESSAGE][INFO] - 0 hidden object(s)

2024-04-08 09:56:33 - [MESSAGE][PASSED] - Taking screenshot successfully
[[ATTACHMENT|C:\\CIEL INGENIERIA\\Katalon\\Digiturno55\\Reports\\20240408_090839\\DIGITURNO\\BASICO\\63 Autorizacion Personalizada\\20240408_090944\\1712588192718.png]]

2024-04-08 09:56:33 - [TEST_STEP][PASSED] - delay(3): Delayed 3 second(s)

2024-04-08 09:56:36 - [MESSAGE][PASSED] - Delayed 3 second(s)

2024-04-08 09:56:36 - [MESSAGE][PASSED] - Call Test Case 'Test Cases/DIGITURNO/BASICO/30 Sistema' successfully

2024-04-08 09:56:36 - [TEST_STEP][PASSED] - click(findTestObject("DIGITURNO/CONFIGURACION/7Sistema/0Principal/img_3 Autorizacion Personalizada")): Object: 'Object Repository/DIGITURNO/CONFIGURACION/7Sistema/0Principal/img_3 Autorizacion Personalizada' is clicked on

2024-04-08 09:56:36 - [MESSAGE][PASSED] - Object: 'Object Repository/DIGITURNO/CONFIGURACION/7Sistema/0Principal/img_3 Autorizacion Personalizada' is clicked on

2024-04-08 09:56:36 - [TEST_STEP][PASSED] - setText(findTestObject("DIGITURNO/CONFIGURACION/7Sistema/3 Autorizacion Personalizada/1 Paginas/input_TextoABuscar"), "15"): Text '15' is set on object 'Object Repository/DIGITURNO/CONFIGURACION/7Sistema/3 Autorizacion Personalizada/1 Paginas/input_TextoABuscar'

2024-04-08 09:56:37 - [MESSAGE][PASSED] - Text '15' is set on object 'Object Repository/DIGITURNO/CONFIGURACION/7Sistema/3 Autorizacion Personalizada/1 Paginas/input_TextoABuscar'

2024-04-08 09:56:37 - [TEST_STEP][PASSED] - delay(2): Delayed 2 second(s)

2024-04-08 09:56:39 - [MESSAGE][PASSED] - Delayed 2 second(s)

2024-04-08 09:56:39 - [TEST_STEP][PASSED] - click(findTestObject("DIGITURNO/CONFIGURACION/7Sistema/3 Autorizacion Personalizada/1 Paginas/td_1Seleccion")): Object: 'Object Repository/DIGITURNO/CONFIGURACION/7Sistema/3 Autorizacion Personalizada/1 Paginas/td_1Seleccion' is clicked on

2024-04-08 09:56:40 - [MESSAGE][PASSED] - Object: 'Object Repository/DIGITURNO/CONFIGURACION/7Sistema/3 Autorizacion Personalizada/1 Paginas/td_1Seleccion' is clicked on

2024-04-08 09:56:40 - [TEST_STEP][PASSED] - delay(2): Delayed 2 second(s)

2024-04-08 09:56:42 - [MESSAGE][PASSED] - Delayed 2 second(s)

2024-04-08 09:56:42 - [TEST_STEP][PASSED] - setText(findTestObject("DIGITURNO/CONFIGURACION/7Sistema/3 Autorizacion Personalizada/2 Perfiles/input_TextoABuscar"), "admin"): Text 'admin' is set on object 'Object Repository/DIGITURNO/CONFIGURACION/7Sistema/3 Autorizacion Personalizada/2 Perfiles/input_TextoABuscar'

2024-04-08 09:56:43 - [MESSAGE][PASSED] - Text 'admin' is set on object 'Object Repository/DIGITURNO/CONFIGURACION/7Sistema/3 Autorizacion Personalizada/2 Perfiles/input_TextoABuscar'

2024-04-08 09:56:43 - [TEST_STEP][PASSED] - delay(2): Delayed 2 second(s)

2024-04-08 09:56:45 - [MESSAGE][PASSED] - Delayed 2 second(s)

2024-04-08 09:56:45 - [TEST_STEP][PASSED] - click(findTestObject("DIGITURNO/CONFIGURACION/7Sistema/3 Autorizacion Personalizada/2 Perfiles/td_1 Administrador")): Object: 'Object Repository/DIGITURNO/CONFIGURACION/7Sistema/3 Autorizacion Personalizada/2 Perfiles/td_1 Administrador' is clicked on

2024-04-08 09:56:45 - [MESSAGE][PASSED] - Object: 'Object Repository/DIGITURNO/CONFIGURACION/7Sistema/3 Autorizacion Personalizada/2 Perfiles/td_1 Administrador' is clicked on

2024-04-08 09:56:45 - [TEST_STEP][PASSED] - delay(2): Delayed 2 second(s)

2024-04-08 09:56:47 - [MESSAGE][PASSED] - Delayed 2 second(s)

2024-04-08 09:56:47 - [TEST_STEP][PASSED] - click(findTestObject("DIGITURNO/CONFIGURACION/7Sistema/3 Autorizacion Personalizada/4 Botones con restriccion/a_SeleccionarTodo")): Object: 'Object Repository/DIGITURNO/CONFIGURACION/7Sistema/3 Autorizacion Personalizada/4 Botones con restriccion/a_SeleccionarTodo' is clicked on

2024-04-08 09:56:47 - [MESSAGE][PASSED] - Object: 'Object Repository/DIGITURNO/CONFIGURACION/7Sistema/3 Autorizacion Personalizada/4 Botones con restriccion/a_SeleccionarTodo' is clicked on

2024-04-08 09:56:47 - [TEST_STEP][PASSED] - delay(2): Delayed 2 second(s)

2024-04-08 09:56:50 - [MESSAGE][PASSED] - Delayed 2 second(s)

2024-04-08 09:56:50 - [TEST_STEP][PASSED] - click(findTestObject("DIGITURNO/CONFIGURACION/7Sistema/3 Autorizacion Personalizada/4 Botones con restriccion/img_Liberar")): Object: 'Object Repository/DIGITURNO/CONFIGURACION/7Sistema/3 Autorizacion Personalizada/4 Botones con restriccion/img_Liberar' is clicked on

2024-04-08 09:56:50 - [MESSAGE][PASSED] - Object: 'Object Repository/DIGITURNO/CONFIGURACION/7Sistema/3 Autorizacion Personalizada/4 Botones con restriccion/img_Liberar' is clicked on

2024-04-08 09:56:50 - [TEST_STEP][PASSED] - delay(3): Delayed 3 second(s)

2024-04-08 09:56:53 - [MESSAGE][PASSED] - Delayed 3 second(s)

2024-04-08 09:56:53 - [TEST_STEP][PASSED] - takeFullPageScreenshot(): Taking screenshot successfully

2024-04-08 09:56:54 - [MESSAGE][INFO] - 0 hidden object(s)

2024-04-08 09:56:54 - [MESSAGE][PASSED] - Taking screenshot successfully
[[ATTACHMENT|C:\\CIEL INGENIERIA\\Katalon\\Digiturno55\\Reports\\20240408_090839\\DIGITURNO\\BASICO\\63 Autorizacion Personalizada\\20240408_090944\\1712588213455.png]]

2024-04-08 09:56:54 - [TEST_STEP][PASSED] - delay(3): Delayed 3 second(s)

2024-04-08 09:56:57 - [MESSAGE][PASSED] - Delayed 3 second(s)

2024-04-08 09:56:57 - [TEST_STEP][PASSED] - Start listener action : sampleAfterTestCase: null]]></system-out>
         <system-err><![CDATA[]]></system-err>
      </testcase>
      <system-out><![CDATA[2024-04-08 09:55:28 - [TEST_SUITE][PASSED] - 63 Autorizacion Personalizada: Test Cases/DIGITURNO/BASICO/63 Autorizacion Personalizada Liberar]]></system-out>
      <system-err><![CDATA[]]></system-err>
   </testsuite>
</testsuites>
