<?xml version="1.0" encoding="UTF-8"?>
<testsuites name="21 Distribucion Geografica" time="36.404" tests="1" failures="0" errors="0">
   <testsuite name="21 Distribucion Geografica" tests="1" failures="0" errors="0" time="36.404" skipped="0" timestamp="2024-04-08 09:19:56" hostname="jdavila - PCPruebas101.ciel.cielingenieria.com" id="Test Suites/DIGITURNO/BASICO/21 Distribucion Geografica">
      <properties>
         <property name="deviceName" value=""/>
         <property name="devicePlatform" value=""/>
         <property name="logFolder" value="C:\\CIEL INGENIERIA\\Katalon\\Digiturno55\\Reports\\20240408_090839\\DIGITURNO\\BASICO\\21 Distribucion Geografica\\20240408_090855"/>
         <property name="logFiles" value="C:\\CIEL INGENIERIA\\Katalon\\Digiturno55\\Reports\\20240408_090839\\DIGITURNO\\BASICO\\21 Distribucion Geografica\\20240408_090855\\execution0.log"/>
         <property name="attachments" value="C:\\CIEL INGENIERIA\\Katalon\\Digiturno55\\Reports\\20240408_090839\\DIGITURNO\\BASICO\\21 Distribucion Geografica\\20240408_090855\\1712586029175.png"/>
         <property name="hostName" value="jdavila - PCPruebas101.ciel.cielingenieria.com"/>
         <property name="os" value="Windows 10 64bit"/>
         <property name="katalonVersion" value="8.6.9.208"/>
         <property name="browser" value="Chrome 123.0.0.0"/>
         <property name="hostAddress" value="192.168.0.6"/>
         <property name="sessionId" value="dbfd722e7d8318d166f8f665429a8a9c"/>
         <property name="seleniumVersion" value="3.141.59"/>
         <property name="proxyInformation" value="ProxyInformation { proxyOption=NO_PROXY, proxyServerType=HTTP, username=, password=********, proxyServerAddress=, proxyServerPort=0, executionList=&quot;&quot;, isApplyToDesiredCapabilities=true }"/>
         <property name="platform" value="Windows 10"/>
      </properties>
      <testcase name="Test Cases/DIGITURNO/BASICO/21 Distribucion Geografica" time="36.145" classname="Test Cases/DIGITURNO/BASICO/21 Distribucion Geografica" status="PASSED">
         <system-out><![CDATA[2024-04-08 09:19:56 - [TEST_CASE][PASSED] - Test Cases/DIGITURNO/BASICO/21 Distribucion Geografica: Test Cases/DIGITURNO/BASICO/21 Distribucion Geografica

2024-04-08 09:19:56 - [TEST_STEP][PASSED] - callTestCase(findTestCase("0InicioSesion"), [:], STOP_ON_FAILURE): Call Test Case 'Test Cases/0InicioSesion' successfully

2024-04-08 09:19:57 - [TEST_CASE][PASSED] - Test Cases/0InicioSesion: Test Cases/0InicioSesion

2024-04-08 09:19:57 - [TEST_STEP][PASSED] - openBrowser(UrlDigiturno): Browser is opened with url: 'https://PCPruebas101.ciel.cielingenieria.com:8910'

2024-04-08 09:19:57 - [MESSAGE][INFO] - Starting 'Chrome' driver

2024-04-08 09:19:57 - [MESSAGE][INFO] - User set preference: ['args', '[--use-fake-ui-for-media-stream, --disable-notifications]']

2024-04-08 09:19:57 - [MESSAGE][INFO] - Action delay is set to 0 milliseconds

2024-04-08 09:20:00 - [MESSAGE][PASSED] - Browser is opened with url: 'https://PCPruebas101.ciel.cielingenieria.com:8910'

2024-04-08 09:20:00 - [TEST_STEP][PASSED] - maximizeWindow(): Current window maximized

2024-04-08 09:20:00 - [MESSAGE][PASSED] - Current window maximized

2024-04-08 09:20:00 - [TEST_STEP][PASSED] - delay(3): Delayed 3 second(s)

2024-04-08 09:20:03 - [MESSAGE][PASSED] - Delayed 3 second(s)

2024-04-08 09:20:03 - [TEST_STEP][PASSED] - setText(findTestObject("0Inicio Sesion/input_Usuario"), "Ciel"): Text 'Ciel' is set on object 'Object Repository/0Inicio Sesion/input_Usuario'

2024-04-08 09:20:04 - [MESSAGE][PASSED] - Text 'Ciel' is set on object 'Object Repository/0Inicio Sesion/input_Usuario'

2024-04-08 09:20:04 - [TEST_STEP][PASSED] - setText(findTestObject("0Inicio Sesion/input_Clave"), "digiturno"): Text 'digiturno' is set on object 'Object Repository/0Inicio Sesion/input_Clave'

2024-04-08 09:20:05 - [MESSAGE][PASSED] - Text 'digiturno' is set on object 'Object Repository/0Inicio Sesion/input_Clave'

2024-04-08 09:20:05 - [TEST_STEP][PASSED] - click(findTestObject("0Inicio Sesion/btn_IniciarSesion")): Object: 'Object Repository/0Inicio Sesion/btn_IniciarSesion' is clicked on

2024-04-08 09:20:05 - [MESSAGE][PASSED] - Object: 'Object Repository/0Inicio Sesion/btn_IniciarSesion' is clicked on

2024-04-08 09:20:05 - [TEST_STEP][PASSED] - delay(3): Delayed 3 second(s)

2024-04-08 09:20:08 - [MESSAGE][PASSED] - Delayed 3 second(s)

2024-04-08 09:20:08 - [MESSAGE][PASSED] - Call Test Case 'Test Cases/0InicioSesion' successfully

2024-04-08 09:20:08 - [TEST_STEP][PASSED] - click(findTestObject("DIGITURNO/1Principal/img_Configuracion(1)")): Object: 'Object Repository/DIGITURNO/1Principal/img_Configuracion(1)' is clicked on

2024-04-08 09:20:09 - [MESSAGE][PASSED] - Object: 'Object Repository/DIGITURNO/1Principal/img_Configuracion(1)' is clicked on

2024-04-08 09:20:09 - [TEST_STEP][PASSED] - delay(3): Delayed 3 second(s)

2024-04-08 09:20:12 - [MESSAGE][PASSED] - Delayed 3 second(s)

2024-04-08 09:20:12 - [TEST_STEP][PASSED] - click(findTestObject("DIGITURNO/CONFIGURACION/0Principal/img_2Distribucion Geografica")): Object: 'Object Repository/DIGITURNO/CONFIGURACION/0Principal/img_2Distribucion Geografica' is clicked on

2024-04-08 09:20:26 - [MESSAGE][PASSED] - Object: 'Object Repository/DIGITURNO/CONFIGURACION/0Principal/img_2Distribucion Geografica' is clicked on

2024-04-08 09:20:26 - [TEST_STEP][PASSED] - delay(3): Delayed 3 second(s)

2024-04-08 09:20:29 - [MESSAGE][PASSED] - Delayed 3 second(s)

2024-04-08 09:20:29 - [TEST_STEP][PASSED] - takeFullPageScreenshot(): Taking screenshot successfully

2024-04-08 09:20:29 - [MESSAGE][INFO] - 0 hidden object(s)

2024-04-08 09:20:29 - [MESSAGE][PASSED] - Taking screenshot successfully
[[ATTACHMENT|C:\\CIEL INGENIERIA\\Katalon\\Digiturno55\\Reports\\20240408_090839\\DIGITURNO\\BASICO\\21 Distribucion Geografica\\20240408_090855\\1712586029175.png]]

2024-04-08 09:20:29 - [TEST_STEP][PASSED] - delay(3): Delayed 3 second(s)

2024-04-08 09:20:32 - [MESSAGE][PASSED] - Delayed 3 second(s)

2024-04-08 09:20:32 - [TEST_STEP][PASSED] - Start listener action : sampleAfterTestCase: null]]></system-out>
         <system-err><![CDATA[]]></system-err>
      </testcase>
      <system-out><![CDATA[2024-04-08 09:19:56 - [TEST_SUITE][PASSED] - 21 Distribucion Geografica: Test Cases/DIGITURNO/BASICO/21 Distribucion Geografica]]></system-out>
      <system-err><![CDATA[]]></system-err>
   </testsuite>
</testsuites>
