<?xml version="1.0" encoding="UTF-8"?>
<testsuites name="59 Datos Complementarios" time="47.985" tests="1" failures="0" errors="0">
   <testsuite name="59 Datos Complementarios" tests="1" failures="0" errors="0" time="47.985" skipped="0" timestamp="2023-07-11 12:17:48" hostname="jdavila - PCPruebas101.ciel.cielingenieria.com" id="Test Suites/DIGITURNO/BASICO/59 Datos Complementarios">
      <properties>
         <property name="deviceName" value=""/>
         <property name="devicePlatform" value=""/>
         <property name="logFolder" value="C:\\CIEL INGENIERIA\\Katalon\\Digiturno55\\Reports\\20230711_113602\\DIGITURNO\\BASICO\\59 Datos Complementarios\\20230711_113655"/>
         <property name="logFiles" value="C:\\CIEL INGENIERIA\\Katalon\\Digiturno55\\Reports\\20230711_113602\\DIGITURNO\\BASICO\\59 Datos Complementarios\\20230711_113655\\execution0.log"/>
         <property name="attachments" value="C:\\CIEL INGENIERIA\\Katalon\\Digiturno55\\Reports\\20230711_113602\\DIGITURNO\\BASICO\\59 Datos Complementarios\\20230711_113655\\1689095884544.png, C:\\CIEL INGENIERIA\\Katalon\\Digiturno55\\Reports\\20230711_113602\\DIGITURNO\\BASICO\\59 Datos Complementarios\\20230711_113655\\1689095913440.png"/>
         <property name="hostName" value="jdavila - PCPruebas101.ciel.cielingenieria.com"/>
         <property name="os" value="Windows 10 64bit"/>
         <property name="katalonVersion" value="8.6.0.208"/>
         <property name="browser" value="Chrome 114.0.0.0"/>
         <property name="hostAddress" value="192.168.0.33"/>
         <property name="sessionId" value="1f66634e0ec308ed6d37bd743be8b710"/>
         <property name="seleniumVersion" value="3.141.59"/>
         <property name="proxyInformation" value="ProxyInformation { proxyOption=NO_PROXY, proxyServerType=HTTP, username=, password=********, proxyServerAddress=, proxyServerPort=0, executionList=&quot;&quot;, isApplyToDesiredCapabilities=true }"/>
         <property name="platform" value="Windows 10"/>
      </properties>
      <testcase name="Test Cases/DIGITURNO/BASICO/59 Datos Complementarios" time="47.749" classname="Test Cases/DIGITURNO/BASICO/59 Datos Complementarios" status="PASSED">
         <system-out><![CDATA[2023-07-11 12:17:49 - [TEST_CASE][PASSED] - Test Cases/DIGITURNO/BASICO/59 Datos Complementarios: Test Cases/DIGITURNO/BASICO/59 Datos Complementarios

2023-07-11 12:17:49 - [TEST_STEP][PASSED] - callTestCase(findTestCase("DIGITURNO/BASICO/3 Configuracion"), [:], STOP_ON_FAILURE): Call Test Case 'Test Cases/DIGITURNO/BASICO/3 Configuracion' successfully

2023-07-11 12:17:49 - [TEST_CASE][PASSED] - Test Cases/DIGITURNO/BASICO/3 Configuracion: Test Cases/DIGITURNO/BASICO/3 Configuracion

2023-07-11 12:17:49 - [TEST_STEP][PASSED] - callTestCase(findTestCase("0InicioSesion"), [:], STOP_ON_FAILURE): Call Test Case 'Test Cases/0InicioSesion' successfully

2023-07-11 12:17:49 - [TEST_CASE][PASSED] - Test Cases/0InicioSesion: Test Cases/0InicioSesion

2023-07-11 12:17:50 - [TEST_STEP][PASSED] - openBrowser(UrlDigiturno): Browser is opened with url: 'https://PCPruebas101.ciel.cielingenieria.com:8810'

2023-07-11 12:17:50 - [MESSAGE][INFO] - Starting 'Chrome' driver

2023-07-11 12:17:50 - [MESSAGE][INFO] - User set preference: ['args', '[--use-fake-ui-for-media-stream, --disable-notifications]']

2023-07-11 12:17:50 - [MESSAGE][INFO] - Action delay is set to 0 milliseconds

2023-07-11 12:17:52 - [MESSAGE][PASSED] - Browser is opened with url: 'https://PCPruebas101.ciel.cielingenieria.com:8810'

2023-07-11 12:17:52 - [TEST_STEP][PASSED] - maximizeWindow(): Current window maximized

2023-07-11 12:17:52 - [MESSAGE][PASSED] - Current window maximized

2023-07-11 12:17:52 - [TEST_STEP][PASSED] - delay(3): Delayed 3 second(s)

2023-07-11 12:17:55 - [MESSAGE][PASSED] - Delayed 3 second(s)

2023-07-11 12:17:55 - [TEST_STEP][PASSED] - setText(findTestObject("0Inicio Sesion/input_Usuario"), "Ciel"): Text 'Ciel' is set on object 'Object Repository/0Inicio Sesion/input_Usuario'

2023-07-11 12:17:56 - [MESSAGE][PASSED] - Text 'Ciel' is set on object 'Object Repository/0Inicio Sesion/input_Usuario'

2023-07-11 12:17:56 - [TEST_STEP][PASSED] - setText(findTestObject("0Inicio Sesion/input_Clave"), "digiturno"): Text 'digiturno' is set on object 'Object Repository/0Inicio Sesion/input_Clave'

2023-07-11 12:17:57 - [MESSAGE][PASSED] - Text 'digiturno' is set on object 'Object Repository/0Inicio Sesion/input_Clave'

2023-07-11 12:17:57 - [TEST_STEP][PASSED] - click(findTestObject("0Inicio Sesion/btn_IniciarSesion")): Object: 'Object Repository/0Inicio Sesion/btn_IniciarSesion' is clicked on

2023-07-11 12:17:57 - [MESSAGE][PASSED] - Object: 'Object Repository/0Inicio Sesion/btn_IniciarSesion' is clicked on

2023-07-11 12:17:57 - [TEST_STEP][PASSED] - delay(3): Delayed 3 second(s)

2023-07-11 12:18:00 - [MESSAGE][PASSED] - Delayed 3 second(s)

2023-07-11 12:18:00 - [MESSAGE][PASSED] - Call Test Case 'Test Cases/0InicioSesion' successfully

2023-07-11 12:18:00 - [TEST_STEP][PASSED] - click(findTestObject("DIGITURNO/1Principal/img_Configuracion(1)")): Object: 'Object Repository/DIGITURNO/1Principal/img_Configuracion(1)' is clicked on

2023-07-11 12:18:01 - [MESSAGE][PASSED] - Object: 'Object Repository/DIGITURNO/1Principal/img_Configuracion(1)' is clicked on

2023-07-11 12:18:01 - [TEST_STEP][PASSED] - delay(3): Delayed 3 second(s)

2023-07-11 12:18:04 - [MESSAGE][PASSED] - Delayed 3 second(s)

2023-07-11 12:18:04 - [TEST_STEP][PASSED] - takeFullPageScreenshot(): Taking screenshot successfully

2023-07-11 12:18:05 - [MESSAGE][INFO] - 0 hidden object(s)

2023-07-11 12:18:05 - [MESSAGE][PASSED] - Taking screenshot successfully
[[ATTACHMENT|C:\\CIEL INGENIERIA\\Katalon\\Digiturno55\\Reports\\20230711_113602\\DIGITURNO\\BASICO\\59 Datos Complementarios\\20230711_113655\\1689095884544.png]]

2023-07-11 12:18:05 - [TEST_STEP][PASSED] - delay(3): Delayed 3 second(s)

2023-07-11 12:18:08 - [MESSAGE][PASSED] - Delayed 3 second(s)

2023-07-11 12:18:08 - [MESSAGE][PASSED] - Call Test Case 'Test Cases/DIGITURNO/BASICO/3 Configuracion' successfully

2023-07-11 12:18:08 - [TEST_STEP][PASSED] - click(findTestObject("DIGITURNO/CONFIGURACION/0Principal/img_5Datos complementarios")): Object: 'Object Repository/DIGITURNO/CONFIGURACION/0Principal/img_5Datos complementarios' is clicked on

2023-07-11 12:18:30 - [MESSAGE][PASSED] - Object: 'Object Repository/DIGITURNO/CONFIGURACION/0Principal/img_5Datos complementarios' is clicked on

2023-07-11 12:18:30 - [TEST_STEP][PASSED] - delay(3): Delayed 3 second(s)

2023-07-11 12:18:33 - [MESSAGE][PASSED] - Delayed 3 second(s)

2023-07-11 12:18:33 - [TEST_STEP][PASSED] - takeFullPageScreenshot(): Taking screenshot successfully

2023-07-11 12:18:33 - [MESSAGE][INFO] - 0 hidden object(s)

2023-07-11 12:18:33 - [MESSAGE][PASSED] - Taking screenshot successfully
[[ATTACHMENT|C:\\CIEL INGENIERIA\\Katalon\\Digiturno55\\Reports\\20230711_113602\\DIGITURNO\\BASICO\\59 Datos Complementarios\\20230711_113655\\1689095913440.png]]

2023-07-11 12:18:33 - [TEST_STEP][PASSED] - delay(3): Delayed 3 second(s)

2023-07-11 12:18:36 - [MESSAGE][PASSED] - Delayed 3 second(s)

2023-07-11 12:18:36 - [TEST_STEP][PASSED] - Start listener action : sampleAfterTestCase: null]]></system-out>
         <system-err><![CDATA[]]></system-err>
      </testcase>
      <system-out><![CDATA[2023-07-11 12:17:48 - [TEST_SUITE][PASSED] - 59 Datos Complementarios: Test Cases/DIGITURNO/BASICO/59 Datos Complementarios]]></system-out>
      <system-err><![CDATA[]]></system-err>
   </testsuite>
</testsuites>
