<?xml version="1.0" encoding="UTF-8"?>
<testsuites name="2.1 Creacion Elementos Area" time="49.879" tests="1" failures="0" errors="0">
   <testsuite name="2.1 Creacion Elementos Area" tests="1" failures="0" errors="0" time="49.879" skipped="0" timestamp="2024-03-11 09:42:05" hostname="jdavila - PCPruebas101.ciel.cielingenieria.com" id="Test Suites/WIZARD/1Modelo De Negocio/2.1 Creacion Elementos Area">
      <properties>
         <property name="deviceName" value=""/>
         <property name="devicePlatform" value=""/>
         <property name="logFolder" value="C:\\CIEL INGENIERIA\\Katalon\\Digiturno55\\Reports\\20240311_093955\\WIZARD\\1Modelo De Negocio\\2.1 Creacion Elementos Area\\20240311_093958"/>
         <property name="logFiles" value="C:\\CIEL INGENIERIA\\Katalon\\Digiturno55\\Reports\\20240311_093955\\WIZARD\\1Modelo De Negocio\\2.1 Creacion Elementos Area\\20240311_093958\\execution0.log"/>
         <property name="attachments" value=""/>
         <property name="hostName" value="jdavila - PCPruebas101.ciel.cielingenieria.com"/>
         <property name="os" value="Windows 10 64bit"/>
         <property name="katalonVersion" value="8.6.8.208"/>
         <property name="browser" value="Chrome 122.0.0.0"/>
         <property name="hostAddress" value="192.168.91.14"/>
         <property name="sessionId" value="a6474d30ab97cb9c940d0b6e2b639bef"/>
         <property name="seleniumVersion" value="3.141.59"/>
         <property name="proxyInformation" value="ProxyInformation { proxyOption=NO_PROXY, proxyServerType=HTTP, username=, password=********, proxyServerAddress=, proxyServerPort=0, executionList=&quot;&quot;, isApplyToDesiredCapabilities=true }"/>
         <property name="platform" value="Windows 10"/>
      </properties>
      <testcase name="Test Cases/WIZARD/1Modelo De Negocio/2.1 Creacion Elementos Area" time="49.645" classname="Test Cases/WIZARD/1Modelo De Negocio/2.1 Creacion Elementos Area" status="PASSED">
         <system-out><![CDATA[2024-03-11 09:42:05 - [TEST_CASE][PASSED] - Test Cases/WIZARD/1Modelo De Negocio/2.1 Creacion Elementos Area: Test Cases/WIZARD/1Modelo De Negocio/2.1 Creacion Elementos Area

2024-03-11 09:42:05 - [TEST_STEP][PASSED] - callTestCase(findTestCase("0InicioSesion"), [:], STOP_ON_FAILURE): Call Test Case 'Test Cases/0InicioSesion' successfully

2024-03-11 09:42:05 - [TEST_CASE][PASSED] - Test Cases/0InicioSesion: Test Cases/0InicioSesion

2024-03-11 09:42:05 - [TEST_STEP][PASSED] - openBrowser(UrlDigiturno): Browser is opened with url: 'https://PCPruebas101.ciel.cielingenieria.com:8910'

2024-03-11 09:42:06 - [MESSAGE][INFO] - Starting 'Chrome' driver

2024-03-11 09:42:06 - [MESSAGE][INFO] - User set preference: ['args', '[--use-fake-ui-for-media-stream, --disable-notifications]']

2024-03-11 09:42:06 - [MESSAGE][INFO] - Action delay is set to 0 milliseconds

2024-03-11 09:42:10 - [MESSAGE][PASSED] - Browser is opened with url: 'https://PCPruebas101.ciel.cielingenieria.com:8910'

2024-03-11 09:42:10 - [TEST_STEP][PASSED] - maximizeWindow(): Current window maximized

2024-03-11 09:42:10 - [MESSAGE][PASSED] - Current window maximized

2024-03-11 09:42:10 - [TEST_STEP][PASSED] - delay(3): Delayed 3 second(s)

2024-03-11 09:42:13 - [MESSAGE][PASSED] - Delayed 3 second(s)

2024-03-11 09:42:13 - [TEST_STEP][PASSED] - setText(findTestObject("0Inicio Sesion/input_Usuario"), "Ciel"): Text 'Ciel' is set on object 'Object Repository/0Inicio Sesion/input_Usuario'

2024-03-11 09:42:14 - [MESSAGE][PASSED] - Text 'Ciel' is set on object 'Object Repository/0Inicio Sesion/input_Usuario'

2024-03-11 09:42:14 - [TEST_STEP][PASSED] - setText(findTestObject("0Inicio Sesion/input_Clave"), "digiturno"): Text 'digiturno' is set on object 'Object Repository/0Inicio Sesion/input_Clave'

2024-03-11 09:42:15 - [MESSAGE][PASSED] - Text 'digiturno' is set on object 'Object Repository/0Inicio Sesion/input_Clave'

2024-03-11 09:42:15 - [TEST_STEP][PASSED] - click(findTestObject("0Inicio Sesion/btn_IniciarSesion")): Object: 'Object Repository/0Inicio Sesion/btn_IniciarSesion' is clicked on

2024-03-11 09:42:15 - [MESSAGE][PASSED] - Object: 'Object Repository/0Inicio Sesion/btn_IniciarSesion' is clicked on

2024-03-11 09:42:15 - [TEST_STEP][PASSED] - delay(3): Delayed 3 second(s)

2024-03-11 09:42:18 - [MESSAGE][PASSED] - Delayed 3 second(s)

2024-03-11 09:42:18 - [MESSAGE][PASSED] - Call Test Case 'Test Cases/0InicioSesion' successfully

2024-03-11 09:42:18 - [TEST_STEP][PASSED] - click(findTestObject("WIZARD/0Principal/img_ModeloDeNegocioMAX")): Object: 'Object Repository/WIZARD/0Principal/img_ModeloDeNegocioMAX' is clicked on

2024-03-11 09:42:19 - [MESSAGE][PASSED] - Object: 'Object Repository/WIZARD/0Principal/img_ModeloDeNegocioMAX' is clicked on

2024-03-11 09:42:19 - [TEST_STEP][PASSED] - delay(3): Delayed 3 second(s)

2024-03-11 09:42:22 - [MESSAGE][PASSED] - Delayed 3 second(s)

2024-03-11 09:42:22 - [TEST_STEP][PASSED] - click(findTestObject("WIZARD/1Modelo De Negocio/00Menu/span_Elementos")): Object: 'Object Repository/WIZARD/1Modelo De Negocio/00Menu/span_Elementos' is clicked on

2024-03-11 09:42:23 - [MESSAGE][PASSED] - Object: 'Object Repository/WIZARD/1Modelo De Negocio/00Menu/span_Elementos' is clicked on

2024-03-11 09:42:23 - [TEST_STEP][PASSED] - delay(3): Delayed 3 second(s)

2024-03-11 09:42:26 - [MESSAGE][PASSED] - Delayed 3 second(s)

2024-03-11 09:42:26 - [TEST_STEP][PASSED] - click(findTestObject("WIZARD/1Modelo De Negocio/2Elementos/Nivel/option_1Area")): Object: 'Object Repository/WIZARD/1Modelo De Negocio/2Elementos/Nivel/option_1Area' is clicked on

2024-03-11 09:42:26 - [MESSAGE][PASSED] - Object: 'Object Repository/WIZARD/1Modelo De Negocio/2Elementos/Nivel/option_1Area' is clicked on

2024-03-11 09:42:26 - [TEST_STEP][PASSED] - delay(3): Delayed 3 second(s)

2024-03-11 09:42:29 - [MESSAGE][PASSED] - Delayed 3 second(s)

2024-03-11 09:42:29 - [TEST_STEP][PASSED] - click(findTestObject("WIZARD/1Modelo De Negocio/2Elementos/Nivel/Area/td_AG1")): Object: 'Object Repository/WIZARD/1Modelo De Negocio/2Elementos/Nivel/Area/td_AG1' is clicked on

2024-03-11 09:42:30 - [MESSAGE][PASSED] - Object: 'Object Repository/WIZARD/1Modelo De Negocio/2Elementos/Nivel/Area/td_AG1' is clicked on

2024-03-11 09:42:30 - [TEST_STEP][PASSED] - delay(3): Delayed 3 second(s)

2024-03-11 09:42:33 - [MESSAGE][PASSED] - Delayed 3 second(s)

2024-03-11 09:42:33 - [TEST_STEP][PASSED] - setText(findTestObject("WIZARD/1Modelo De Negocio/2Elementos/Edicion de Elementos/input_Nombre Elemento"), "Area General"): Text 'Area General' is set on object 'Object Repository/WIZARD/1Modelo De Negocio/2Elementos/Edicion de Elementos/input_Nombre Elemento'

2024-03-11 09:42:34 - [MESSAGE][PASSED] - Text 'Area General' is set on object 'Object Repository/WIZARD/1Modelo De Negocio/2Elementos/Edicion de Elementos/input_Nombre Elemento'

2024-03-11 09:42:34 - [TEST_STEP][PASSED] - setText(findTestObject("WIZARD/1Modelo De Negocio/2Elementos/Edicion de Elementos/input_Descripcion Elemento"), "Area General"): Text 'Area General' is set on object 'Object Repository/WIZARD/1Modelo De Negocio/2Elementos/Edicion de Elementos/input_Descripcion Elemento'

2024-03-11 09:42:34 - [MESSAGE][PASSED] - Text 'Area General' is set on object 'Object Repository/WIZARD/1Modelo De Negocio/2Elementos/Edicion de Elementos/input_Descripcion Elemento'

2024-03-11 09:42:34 - [TEST_STEP][PASSED] - executeJavaScript("return document.getElementById('ContentPlaceHolder1_lnkTiempoMaxAtencion').click()", []): Execute JavaScript 'return document.getElementById('ContentPlaceHolder1_lnkTiempoMaxAtencion').click()' successfully

2024-03-11 09:42:34 - [MESSAGE][PASSED] - Execute JavaScript 'return document.getElementById('ContentPlaceHolder1_lnkTiempoMaxAtencion').click()' successfully

2024-03-11 09:42:34 - [TEST_STEP][PASSED] - delay(3): Delayed 3 second(s)

2024-03-11 09:42:37 - [MESSAGE][PASSED] - Delayed 3 second(s)

2024-03-11 09:42:37 - [TEST_STEP][PASSED] - clearText(findTestObject("WIZARD/1Modelo De Negocio/2ModalTiempoMaxAtencion/input_Minutos")): Text of object 'Object Repository/WIZARD/1Modelo De Negocio/2ModalTiempoMaxAtencion/input_Minutos' is cleared

2024-03-11 09:42:38 - [MESSAGE][PASSED] - Text of object 'Object Repository/WIZARD/1Modelo De Negocio/2ModalTiempoMaxAtencion/input_Minutos' is cleared

2024-03-11 09:42:38 - [TEST_STEP][PASSED] - delay(2): Delayed 2 second(s)

2024-03-11 09:42:40 - [MESSAGE][PASSED] - Delayed 2 second(s)

2024-03-11 09:42:40 - [TEST_STEP][PASSED] - executeJavaScript("return document.getElementById('ContentPlaceHolder1_TimeSpanControlMaxTiempo_txtMinuto').value=10", []): Execute JavaScript 'return document.getElementById('ContentPlaceHolder1_TimeSpanControlMaxTiempo_txtMinuto').value=10' successfully

2024-03-11 09:42:40 - [MESSAGE][PASSED] - Execute JavaScript 'return document.getElementById('ContentPlaceHolder1_TimeSpanControlMaxTiempo_txtMinuto').value=10' successfully

2024-03-11 09:42:40 - [TEST_STEP][PASSED] - click(findTestObject("WIZARD/1Modelo De Negocio/2ModalTiempoMaxAtencion/btn_Aceptar")): Object: 'Object Repository/WIZARD/1Modelo De Negocio/2ModalTiempoMaxAtencion/btn_Aceptar' is clicked on

2024-03-11 09:42:40 - [MESSAGE][PASSED] - Object: 'Object Repository/WIZARD/1Modelo De Negocio/2ModalTiempoMaxAtencion/btn_Aceptar' is clicked on

2024-03-11 09:42:40 - [TEST_STEP][PASSED] - delay(3): Delayed 3 second(s)

2024-03-11 09:42:43 - [MESSAGE][PASSED] - Delayed 3 second(s)

2024-03-11 09:42:43 - [TEST_STEP][PASSED] - executeJavaScript("return document.getElementById('ContentPlaceHolder1_lnkTiempoControaldoAtencion').click()", []): Execute JavaScript 'return document.getElementById('ContentPlaceHolder1_lnkTiempoControaldoAtencion').click()' successfully

2024-03-11 09:42:43 - [MESSAGE][PASSED] - Execute JavaScript 'return document.getElementById('ContentPlaceHolder1_lnkTiempoControaldoAtencion').click()' successfully

2024-03-11 09:42:43 - [TEST_STEP][PASSED] - delay(3): Delayed 3 second(s)

2024-03-11 09:42:46 - [MESSAGE][PASSED] - Delayed 3 second(s)

2024-03-11 09:42:46 - [TEST_STEP][PASSED] - clearText(findTestObject("WIZARD/1Modelo De Negocio/2Modal Tiempo Controlado de atencion/input_Minutos")): Text of object 'Object Repository/WIZARD/1Modelo De Negocio/2Modal Tiempo Controlado de atencion/input_Minutos' is cleared

2024-03-11 09:42:47 - [MESSAGE][PASSED] - Text of object 'Object Repository/WIZARD/1Modelo De Negocio/2Modal Tiempo Controlado de atencion/input_Minutos' is cleared

2024-03-11 09:42:47 - [TEST_STEP][PASSED] - setText(findTestObject("WIZARD/1Modelo De Negocio/2Modal Tiempo Controlado de atencion/input_Minutos"), "5"): Text '5' is set on object 'Object Repository/WIZARD/1Modelo De Negocio/2Modal Tiempo Controlado de atencion/input_Minutos'

2024-03-11 09:42:48 - [MESSAGE][PASSED] - Text '5' is set on object 'Object Repository/WIZARD/1Modelo De Negocio/2Modal Tiempo Controlado de atencion/input_Minutos'

2024-03-11 09:42:48 - [TEST_STEP][PASSED] - click(findTestObject("WIZARD/1Modelo De Negocio/2Modal Tiempo Controlado de atencion/btn_Aceptar")): Object: 'Object Repository/WIZARD/1Modelo De Negocio/2Modal Tiempo Controlado de atencion/btn_Aceptar' is clicked on

2024-03-11 09:42:48 - [MESSAGE][PASSED] - Object: 'Object Repository/WIZARD/1Modelo De Negocio/2Modal Tiempo Controlado de atencion/btn_Aceptar' is clicked on

2024-03-11 09:42:48 - [TEST_STEP][PASSED] - delay(3): Delayed 3 second(s)

2024-03-11 09:42:51 - [MESSAGE][PASSED] - Delayed 3 second(s)

2024-03-11 09:42:51 - [TEST_STEP][PASSED] - click(findTestObject("WIZARD/1Modelo De Negocio/2Elementos/Edicion de Elementos/btn_Actualizar")): Object: 'Object Repository/WIZARD/1Modelo De Negocio/2Elementos/Edicion de Elementos/btn_Actualizar' is clicked on

2024-03-11 09:42:51 - [MESSAGE][PASSED] - Object: 'Object Repository/WIZARD/1Modelo De Negocio/2Elementos/Edicion de Elementos/btn_Actualizar' is clicked on

2024-03-11 09:42:51 - [TEST_STEP][PASSED] - delay(3): Delayed 3 second(s)

2024-03-11 09:42:54 - [MESSAGE][PASSED] - Delayed 3 second(s)

2024-03-11 09:42:54 - [TEST_STEP][PASSED] - Start listener action : sampleAfterTestCase: null]]></system-out>
         <system-err><![CDATA[]]></system-err>
      </testcase>
      <system-out><![CDATA[2024-03-11 09:42:05 - [TEST_SUITE][PASSED] - 2.1 Creacion Elementos Area: Test Cases/WIZARD/1Modelo De Negocio/2.1 Creacion Elementos Area]]></system-out>
      <system-err><![CDATA[]]></system-err>
   </testsuite>
</testsuites>
