<?xml version="1.0" encoding="UTF-8"?>
<testsuites name="3.2 Agregar al arbol Tipo Cliente" time="37.889" tests="1" failures="0" errors="0">
   <testsuite name="3.2 Agregar al arbol Tipo Cliente" tests="1" failures="0" errors="0" time="37.889" skipped="0" timestamp="2024-03-11 09:53:24" hostname="jdavila - PCPruebas101.ciel.cielingenieria.com" id="Test Suites/WIZARD/1Modelo De Negocio/3.2 Agregar al arbol Tipo Cliente">
      <properties>
         <property name="deviceName" value=""/>
         <property name="devicePlatform" value=""/>
         <property name="logFolder" value="C:\\CIEL INGENIERIA\\Katalon\\Digiturno55\\Reports\\20240311_093955\\WIZARD\\1Modelo De Negocio\\3.2 Agregar al arbol Tipo Cliente\\20240311_094008"/>
         <property name="logFiles" value="C:\\CIEL INGENIERIA\\Katalon\\Digiturno55\\Reports\\20240311_093955\\WIZARD\\1Modelo De Negocio\\3.2 Agregar al arbol Tipo Cliente\\20240311_094008\\execution0.log"/>
         <property name="attachments" value="C:\\CIEL INGENIERIA\\Katalon\\Digiturno55\\Reports\\20240311_093955\\WIZARD\\1Modelo De Negocio\\3.2 Agregar al arbol Tipo Cliente\\20240311_094008\\1710168838018.png"/>
         <property name="hostName" value="jdavila - PCPruebas101.ciel.cielingenieria.com"/>
         <property name="os" value="Windows 10 64bit"/>
         <property name="katalonVersion" value="8.6.8.208"/>
         <property name="browser" value="Chrome 122.0.0.0"/>
         <property name="hostAddress" value="192.168.91.14"/>
         <property name="sessionId" value="e687e7b497d908f89e6fcb8fc0a8eb39"/>
         <property name="seleniumVersion" value="3.141.59"/>
         <property name="proxyInformation" value="ProxyInformation { proxyOption=NO_PROXY, proxyServerType=HTTP, username=, password=********, proxyServerAddress=, proxyServerPort=0, executionList=&quot;&quot;, isApplyToDesiredCapabilities=true }"/>
         <property name="platform" value="Windows 10"/>
      </properties>
      <testcase name="Test Cases/WIZARD/1Modelo De Negocio/3.2 Agregar al arbol Tipo Cliente" time="37.657" classname="Test Cases/WIZARD/1Modelo De Negocio/3.2 Agregar al arbol Tipo Cliente" status="PASSED">
         <system-out><![CDATA[2024-03-11 09:53:24 - [TEST_CASE][PASSED] - Test Cases/WIZARD/1Modelo De Negocio/3.2 Agregar al arbol Tipo Cliente: Test Cases/WIZARD/1Modelo De Negocio/3.2 Agregar al arbol Tipo Cliente

2024-03-11 09:53:24 - [TEST_STEP][PASSED] - callTestCase(findTestCase("0InicioSesion"), [:], STOP_ON_FAILURE): Call Test Case 'Test Cases/0InicioSesion' successfully

2024-03-11 09:53:24 - [TEST_CASE][PASSED] - Test Cases/0InicioSesion: Test Cases/0InicioSesion

2024-03-11 09:53:25 - [TEST_STEP][PASSED] - openBrowser(UrlDigiturno): Browser is opened with url: 'https://PCPruebas101.ciel.cielingenieria.com:8910'

2024-03-11 09:53:25 - [MESSAGE][INFO] - Starting 'Chrome' driver

2024-03-11 09:53:25 - [MESSAGE][INFO] - User set preference: ['args', '[--use-fake-ui-for-media-stream, --disable-notifications]']

2024-03-11 09:53:25 - [MESSAGE][INFO] - Action delay is set to 0 milliseconds

2024-03-11 09:53:28 - [MESSAGE][PASSED] - Browser is opened with url: 'https://PCPruebas101.ciel.cielingenieria.com:8910'

2024-03-11 09:53:28 - [TEST_STEP][PASSED] - maximizeWindow(): Current window maximized

2024-03-11 09:53:28 - [MESSAGE][PASSED] - Current window maximized

2024-03-11 09:53:28 - [TEST_STEP][PASSED] - delay(3): Delayed 3 second(s)

2024-03-11 09:53:31 - [MESSAGE][PASSED] - Delayed 3 second(s)

2024-03-11 09:53:31 - [TEST_STEP][PASSED] - setText(findTestObject("0Inicio Sesion/input_Usuario"), "Ciel"): Text 'Ciel' is set on object 'Object Repository/0Inicio Sesion/input_Usuario'

2024-03-11 09:53:32 - [MESSAGE][PASSED] - Text 'Ciel' is set on object 'Object Repository/0Inicio Sesion/input_Usuario'

2024-03-11 09:53:32 - [TEST_STEP][PASSED] - setText(findTestObject("0Inicio Sesion/input_Clave"), "digiturno"): Text 'digiturno' is set on object 'Object Repository/0Inicio Sesion/input_Clave'

2024-03-11 09:53:33 - [MESSAGE][PASSED] - Text 'digiturno' is set on object 'Object Repository/0Inicio Sesion/input_Clave'

2024-03-11 09:53:33 - [TEST_STEP][PASSED] - click(findTestObject("0Inicio Sesion/btn_IniciarSesion")): Object: 'Object Repository/0Inicio Sesion/btn_IniciarSesion' is clicked on

2024-03-11 09:53:33 - [MESSAGE][PASSED] - Object: 'Object Repository/0Inicio Sesion/btn_IniciarSesion' is clicked on

2024-03-11 09:53:33 - [TEST_STEP][PASSED] - delay(3): Delayed 3 second(s)

2024-03-11 09:53:36 - [MESSAGE][PASSED] - Delayed 3 second(s)

2024-03-11 09:53:36 - [MESSAGE][PASSED] - Call Test Case 'Test Cases/0InicioSesion' successfully

2024-03-11 09:53:36 - [TEST_STEP][PASSED] - click(findTestObject("WIZARD/0Principal/img_ModeloDeNegocioMAX")): Object: 'Object Repository/WIZARD/0Principal/img_ModeloDeNegocioMAX' is clicked on

2024-03-11 09:53:36 - [MESSAGE][PASSED] - Object: 'Object Repository/WIZARD/0Principal/img_ModeloDeNegocioMAX' is clicked on

2024-03-11 09:53:36 - [TEST_STEP][PASSED] - delay(3): Delayed 3 second(s)

2024-03-11 09:53:39 - [MESSAGE][PASSED] - Delayed 3 second(s)

2024-03-11 09:53:39 - [TEST_STEP][PASSED] - setText(findTestObject("WIZARD/1Modelo De Negocio/0ArbolDeJerarquia/input_cajaBusqueda"), "Area"): Text 'Area' is set on object 'Object Repository/WIZARD/1Modelo De Negocio/0ArbolDeJerarquia/input_cajaBusqueda'

2024-03-11 09:53:40 - [MESSAGE][PASSED] - Text 'Area' is set on object 'Object Repository/WIZARD/1Modelo De Negocio/0ArbolDeJerarquia/input_cajaBusqueda'

2024-03-11 09:53:40 - [TEST_STEP][PASSED] - delay(3): Delayed 3 second(s)

2024-03-11 09:53:43 - [MESSAGE][PASSED] - Delayed 3 second(s)

2024-03-11 09:53:43 - [TEST_STEP][PASSED] - rightClick(findTestObject("WIZARD/1Modelo De Negocio/0ArbolDeJerarquia/0AreaGeneral/span_1 Area General")): Object: 'Object Repository/WIZARD/1Modelo De Negocio/0ArbolDeJerarquia/0AreaGeneral/span_1 Area General' is right clicked on

2024-03-11 09:53:44 - [MESSAGE][PASSED] - Object: 'Object Repository/WIZARD/1Modelo De Negocio/0ArbolDeJerarquia/0AreaGeneral/span_1 Area General' is right clicked on

2024-03-11 09:53:44 - [TEST_STEP][PASSED] - mouseOver(findTestObject("WIZARD/1Modelo De Negocio/0ArbolDeJerarquia/0AreaGeneral/span_Elemento")): Object: 'Object Repository/WIZARD/1Modelo De Negocio/0ArbolDeJerarquia/0AreaGeneral/span_Elemento' is hovered

2024-03-11 09:53:45 - [MESSAGE][PASSED] - Object: 'Object Repository/WIZARD/1Modelo De Negocio/0ArbolDeJerarquia/0AreaGeneral/span_Elemento' is hovered

2024-03-11 09:53:45 - [TEST_STEP][PASSED] - delay(2): Delayed 2 second(s)

2024-03-11 09:53:47 - [MESSAGE][PASSED] - Delayed 2 second(s)

2024-03-11 09:53:47 - [TEST_STEP][PASSED] - click(findTestObject("WIZARD/1Modelo De Negocio/0ArbolDeJerarquia/0AreaGeneral/span_elemento (1)/span_Agregar Elementos")): Object: 'Object Repository/WIZARD/1Modelo De Negocio/0ArbolDeJerarquia/0AreaGeneral/span_elemento (1)/span_Agregar Elementos' is clicked on

2024-03-11 09:53:47 - [MESSAGE][PASSED] - Object: 'Object Repository/WIZARD/1Modelo De Negocio/0ArbolDeJerarquia/0AreaGeneral/span_elemento (1)/span_Agregar Elementos' is clicked on

2024-03-11 09:53:47 - [TEST_STEP][PASSED] - delay(3): Delayed 3 second(s)

2024-03-11 09:53:50 - [MESSAGE][PASSED] - Delayed 3 second(s)

2024-03-11 09:53:50 - [TEST_STEP][PASSED] - click(findTestObject("WIZARD/1Modelo De Negocio/0ArbolDeJerarquia/0AreaGeneral/span_elemento (1)/span_Agregar Elementos (1)/label_General (G)")): Object: 'Object Repository/WIZARD/1Modelo De Negocio/0ArbolDeJerarquia/0AreaGeneral/span_elemento (1)/span_Agregar Elementos (1)/label_General (G)' is clicked on

2024-03-11 09:53:51 - [MESSAGE][PASSED] - Object: 'Object Repository/WIZARD/1Modelo De Negocio/0ArbolDeJerarquia/0AreaGeneral/span_elemento (1)/span_Agregar Elementos (1)/label_General (G)' is clicked on

2024-03-11 09:53:51 - [TEST_STEP][PASSED] - click(findTestObject("WIZARD/1Modelo De Negocio/0ArbolDeJerarquia/0AreaGeneral/span_elemento (1)/span_Agregar Elementos (1)/label_Preferencial (P)")): Object: 'Object Repository/WIZARD/1Modelo De Negocio/0ArbolDeJerarquia/0AreaGeneral/span_elemento (1)/span_Agregar Elementos (1)/label_Preferencial (P)' is clicked on

2024-03-11 09:53:51 - [MESSAGE][PASSED] - Object: 'Object Repository/WIZARD/1Modelo De Negocio/0ArbolDeJerarquia/0AreaGeneral/span_elemento (1)/span_Agregar Elementos (1)/label_Preferencial (P)' is clicked on

2024-03-11 09:53:51 - [TEST_STEP][PASSED] - delay(3): Delayed 3 second(s)

2024-03-11 09:53:54 - [MESSAGE][PASSED] - Delayed 3 second(s)

2024-03-11 09:53:54 - [TEST_STEP][PASSED] - click(findTestObject("WIZARD/1Modelo De Negocio/0ArbolDeJerarquia/0AreaGeneral/span_elemento (1)/span_Agregar Elementos (1)/btn_Agregar")): Object: 'Object Repository/WIZARD/1Modelo De Negocio/0ArbolDeJerarquia/0AreaGeneral/span_elemento (1)/span_Agregar Elementos (1)/btn_Agregar' is clicked on

2024-03-11 09:53:54 - [MESSAGE][PASSED] - Object: 'Object Repository/WIZARD/1Modelo De Negocio/0ArbolDeJerarquia/0AreaGeneral/span_elemento (1)/span_Agregar Elementos (1)/btn_Agregar' is clicked on

2024-03-11 09:53:54 - [TEST_STEP][PASSED] - delay(3): Delayed 3 second(s)

2024-03-11 09:53:57 - [MESSAGE][PASSED] - Delayed 3 second(s)

2024-03-11 09:53:57 - [TEST_STEP][PASSED] - takeFullPageScreenshot(): Taking screenshot successfully

2024-03-11 09:53:58 - [MESSAGE][INFO] - 0 hidden object(s)

2024-03-11 09:53:58 - [MESSAGE][PASSED] - Taking screenshot successfully
[[ATTACHMENT|C:\\CIEL INGENIERIA\\Katalon\\Digiturno55\\Reports\\20240311_093955\\WIZARD\\1Modelo De Negocio\\3.2 Agregar al arbol Tipo Cliente\\20240311_094008\\1710168838018.png]]

2024-03-11 09:53:58 - [TEST_STEP][PASSED] - delay(3): Delayed 3 second(s)

2024-03-11 09:54:01 - [MESSAGE][PASSED] - Delayed 3 second(s)

2024-03-11 09:54:01 - [TEST_STEP][PASSED] - Start listener action : sampleAfterTestCase: null]]></system-out>
         <system-err><![CDATA[]]></system-err>
      </testcase>
      <system-out><![CDATA[2024-03-11 09:53:24 - [TEST_SUITE][PASSED] - 3.2 Agregar al arbol Tipo Cliente: Test Cases/WIZARD/1Modelo De Negocio/3.2 Agregar al arbol Tipo Cliente]]></system-out>
      <system-err><![CDATA[]]></system-err>
   </testsuite>
</testsuites>
