<?xml version="1.0" encoding="UTF-8"?>
<testsuites name="2.2 Creacion Elementos Tipo Cliente" time="64.145" tests="1" failures="0" errors="0">
   <testsuite name="2.2 Creacion Elementos Tipo Cliente" tests="1" failures="0" errors="0" time="64.145" skipped="0" timestamp="2023-08-14 08:41:32" hostname="jdavila - PCPruebas101.ciel.cielingenieria.com" id="Test Suites/WIZARD/1Modelo De Negocio/2.2 Creacion Elementos Tipo Cliente">
      <properties>
         <property name="deviceName" value=""/>
         <property name="devicePlatform" value=""/>
         <property name="logFolder" value="C:\\CIEL INGENIERIA\\Katalon\\Digiturno55\\Reports\\20230814_083843\\WIZARD\\1Modelo De Negocio\\2.2 Creacion Elementos Tipo Cliente\\20230814_083848"/>
         <property name="logFiles" value="C:\\CIEL INGENIERIA\\Katalon\\Digiturno55\\Reports\\20230814_083843\\WIZARD\\1Modelo De Negocio\\2.2 Creacion Elementos Tipo Cliente\\20230814_083848\\execution0.log"/>
         <property name="attachments" value=""/>
         <property name="hostName" value="jdavila - PCPruebas101.ciel.cielingenieria.com"/>
         <property name="os" value="Windows 10 64bit"/>
         <property name="katalonVersion" value="8.6.0.208"/>
         <property name="browser" value="Chrome 115.0.0.0"/>
         <property name="hostAddress" value="192.168.0.33"/>
         <property name="sessionId" value="5df247af8a827022690713a49c529bc9"/>
         <property name="seleniumVersion" value="3.141.59"/>
         <property name="proxyInformation" value="ProxyInformation { proxyOption=NO_PROXY, proxyServerType=HTTP, username=, password=********, proxyServerAddress=, proxyServerPort=0, executionList=&quot;&quot;, isApplyToDesiredCapabilities=true }"/>
         <property name="platform" value="Windows 10"/>
      </properties>
      <testcase name="Test Cases/WIZARD/1Modelo De Negocio/2.2 Creacion Elementos Tipo Cliente" time="63.849" classname="Test Cases/WIZARD/1Modelo De Negocio/2.2 Creacion Elementos Tipo Cliente" status="PASSED">
         <system-out><![CDATA[2023-08-14 08:41:33 - [TEST_CASE][PASSED] - Test Cases/WIZARD/1Modelo De Negocio/2.2 Creacion Elementos Tipo Cliente: Test Cases/WIZARD/1Modelo De Negocio/2.2 Creacion Elementos Tipo Cliente

2023-08-14 08:41:33 - [TEST_STEP][PASSED] - callTestCase(findTestCase("0InicioSesion"), [:], STOP_ON_FAILURE): Call Test Case 'Test Cases/0InicioSesion' successfully

2023-08-14 08:41:33 - [TEST_CASE][PASSED] - Test Cases/0InicioSesion: Test Cases/0InicioSesion

2023-08-14 08:41:33 - [TEST_STEP][PASSED] - openBrowser(UrlDigiturno): Browser is opened with url: 'https://PCPruebas101.ciel.cielingenieria.com:8610'

2023-08-14 08:41:34 - [MESSAGE][INFO] - Starting 'Chrome' driver

2023-08-14 08:41:34 - [MESSAGE][INFO] - User set preference: ['args', '[--use-fake-ui-for-media-stream, --disable-notifications]']

2023-08-14 08:41:34 - [MESSAGE][INFO] - Action delay is set to 0 milliseconds

2023-08-14 08:41:36 - [MESSAGE][PASSED] - Browser is opened with url: 'https://PCPruebas101.ciel.cielingenieria.com:8610'

2023-08-14 08:41:36 - [TEST_STEP][PASSED] - maximizeWindow(): Current window maximized

2023-08-14 08:41:36 - [MESSAGE][PASSED] - Current window maximized

2023-08-14 08:41:36 - [TEST_STEP][PASSED] - delay(3): Delayed 3 second(s)

2023-08-14 08:41:39 - [MESSAGE][PASSED] - Delayed 3 second(s)

2023-08-14 08:41:39 - [TEST_STEP][PASSED] - setText(findTestObject("0Inicio Sesion/input_Usuario"), "Ciel"): Text 'Ciel' is set on object 'Object Repository/0Inicio Sesion/input_Usuario'

2023-08-14 08:41:40 - [MESSAGE][PASSED] - Text 'Ciel' is set on object 'Object Repository/0Inicio Sesion/input_Usuario'

2023-08-14 08:41:40 - [TEST_STEP][PASSED] - setText(findTestObject("0Inicio Sesion/input_Clave"), "digiturno"): Text 'digiturno' is set on object 'Object Repository/0Inicio Sesion/input_Clave'

2023-08-14 08:41:41 - [MESSAGE][PASSED] - Text 'digiturno' is set on object 'Object Repository/0Inicio Sesion/input_Clave'

2023-08-14 08:41:41 - [TEST_STEP][PASSED] - click(findTestObject("0Inicio Sesion/btn_IniciarSesion")): Object: 'Object Repository/0Inicio Sesion/btn_IniciarSesion' is clicked on

2023-08-14 08:41:41 - [MESSAGE][PASSED] - Object: 'Object Repository/0Inicio Sesion/btn_IniciarSesion' is clicked on

2023-08-14 08:41:41 - [TEST_STEP][PASSED] - delay(3): Delayed 3 second(s)

2023-08-14 08:41:44 - [MESSAGE][PASSED] - Delayed 3 second(s)

2023-08-14 08:41:44 - [MESSAGE][PASSED] - Call Test Case 'Test Cases/0InicioSesion' successfully

2023-08-14 08:41:44 - [TEST_STEP][PASSED] - click(findTestObject("WIZARD/0Principal/img_ModeloDeNegocioMAX")): Object: 'Object Repository/WIZARD/0Principal/img_ModeloDeNegocioMAX' is clicked on

2023-08-14 08:41:45 - [MESSAGE][PASSED] - Object: 'Object Repository/WIZARD/0Principal/img_ModeloDeNegocioMAX' is clicked on

2023-08-14 08:41:45 - [TEST_STEP][PASSED] - delay(3): Delayed 3 second(s)

2023-08-14 08:41:48 - [MESSAGE][PASSED] - Delayed 3 second(s)

2023-08-14 08:41:48 - [TEST_STEP][PASSED] - click(findTestObject("WIZARD/1Modelo De Negocio/00Menu/span_Elementos")): Object: 'Object Repository/WIZARD/1Modelo De Negocio/00Menu/span_Elementos' is clicked on

2023-08-14 08:41:48 - [MESSAGE][PASSED] - Object: 'Object Repository/WIZARD/1Modelo De Negocio/00Menu/span_Elementos' is clicked on

2023-08-14 08:41:48 - [TEST_STEP][PASSED] - delay(3): Delayed 3 second(s)

2023-08-14 08:41:51 - [MESSAGE][PASSED] - Delayed 3 second(s)

2023-08-14 08:41:51 - [TEST_STEP][PASSED] - click(findTestObject("WIZARD/1Modelo De Negocio/2Elementos/Nivel/option_2Tipo cliente")): Object: 'Object Repository/WIZARD/1Modelo De Negocio/2Elementos/Nivel/option_2Tipo cliente' is clicked on

2023-08-14 08:41:52 - [MESSAGE][PASSED] - Object: 'Object Repository/WIZARD/1Modelo De Negocio/2Elementos/Nivel/option_2Tipo cliente' is clicked on

2023-08-14 08:41:52 - [TEST_STEP][PASSED] - delay(3): Delayed 3 second(s)

2023-08-14 08:41:55 - [MESSAGE][PASSED] - Delayed 3 second(s)

2023-08-14 08:41:55 - [TEST_STEP][PASSED] - click(findTestObject("WIZARD/1Modelo De Negocio/2Elementos/Nivel/Tipo Cliente/td_TC1")): Object: 'Object Repository/WIZARD/1Modelo De Negocio/2Elementos/Nivel/Tipo Cliente/td_TC1' is clicked on

2023-08-14 08:41:55 - [MESSAGE][PASSED] - Object: 'Object Repository/WIZARD/1Modelo De Negocio/2Elementos/Nivel/Tipo Cliente/td_TC1' is clicked on

2023-08-14 08:41:55 - [TEST_STEP][PASSED] - setText(findTestObject("WIZARD/1Modelo De Negocio/2Elementos/Edicion de Elementos/input_Nombre Elemento"), "General (G)"): Text 'General (G)' is set on object 'Object Repository/WIZARD/1Modelo De Negocio/2Elementos/Edicion de Elementos/input_Nombre Elemento'

2023-08-14 08:41:56 - [MESSAGE][PASSED] - Text 'General (G)' is set on object 'Object Repository/WIZARD/1Modelo De Negocio/2Elementos/Edicion de Elementos/input_Nombre Elemento'

2023-08-14 08:41:56 - [TEST_STEP][PASSED] - setText(findTestObject("WIZARD/1Modelo De Negocio/2Elementos/Edicion de Elementos/input_Descripcion Elemento"), "General (G)"): Text 'General (G)' is set on object 'Object Repository/WIZARD/1Modelo De Negocio/2Elementos/Edicion de Elementos/input_Descripcion Elemento'

2023-08-14 08:41:57 - [MESSAGE][PASSED] - Text 'General (G)' is set on object 'Object Repository/WIZARD/1Modelo De Negocio/2Elementos/Edicion de Elementos/input_Descripcion Elemento'

2023-08-14 08:41:57 - [TEST_STEP][PASSED] - executeJavaScript("return document.getElementById('ContentPlaceHolder1_lnkTiempoMaxAtencion').click()", []): Execute JavaScript 'return document.getElementById('ContentPlaceHolder1_lnkTiempoMaxAtencion').click()' successfully

2023-08-14 08:41:57 - [MESSAGE][PASSED] - Execute JavaScript 'return document.getElementById('ContentPlaceHolder1_lnkTiempoMaxAtencion').click()' successfully

2023-08-14 08:41:57 - [TEST_STEP][PASSED] - delay(2): Delayed 2 second(s)

2023-08-14 08:41:59 - [MESSAGE][PASSED] - Delayed 2 second(s)

2023-08-14 08:41:59 - [TEST_STEP][PASSED] - executeJavaScript("return document.getElementById('ContentPlaceHolder1_TimeSpanControlMaxTiempo_txtMinuto').value=10", []): Execute JavaScript 'return document.getElementById('ContentPlaceHolder1_TimeSpanControlMaxTiempo_txtMinuto').value=10' successfully

2023-08-14 08:41:59 - [MESSAGE][PASSED] - Execute JavaScript 'return document.getElementById('ContentPlaceHolder1_TimeSpanControlMaxTiempo_txtMinuto').value=10' successfully

2023-08-14 08:41:59 - [TEST_STEP][PASSED] - delay(2): Delayed 2 second(s)

2023-08-14 08:42:01 - [MESSAGE][PASSED] - Delayed 2 second(s)

2023-08-14 08:42:01 - [TEST_STEP][PASSED] - click(findTestObject("WIZARD/1Modelo De Negocio/2ModalTiempoMaxAtencion/btn_Aceptar")): Object: 'Object Repository/WIZARD/1Modelo De Negocio/2ModalTiempoMaxAtencion/btn_Aceptar' is clicked on

2023-08-14 08:42:02 - [MESSAGE][PASSED] - Object: 'Object Repository/WIZARD/1Modelo De Negocio/2ModalTiempoMaxAtencion/btn_Aceptar' is clicked on

2023-08-14 08:42:02 - [TEST_STEP][PASSED] - delay(3): Delayed 3 second(s)

2023-08-14 08:42:05 - [MESSAGE][PASSED] - Delayed 3 second(s)

2023-08-14 08:42:05 - [TEST_STEP][PASSED] - executeJavaScript("return document.getElementById('ContentPlaceHolder1_lnkTiempoControaldoAtencion').click()", []): Execute JavaScript 'return document.getElementById('ContentPlaceHolder1_lnkTiempoControaldoAtencion').click()' successfully

2023-08-14 08:42:05 - [MESSAGE][PASSED] - Execute JavaScript 'return document.getElementById('ContentPlaceHolder1_lnkTiempoControaldoAtencion').click()' successfully

2023-08-14 08:42:05 - [TEST_STEP][PASSED] - delay(2): Delayed 2 second(s)

2023-08-14 08:42:07 - [MESSAGE][PASSED] - Delayed 2 second(s)

2023-08-14 08:42:07 - [TEST_STEP][PASSED] - executeJavaScript("return document.getElementById('ContentPlaceHolder1_TimeSpanControlTiempoControlado_txtMinuto').value=5", []): Execute JavaScript 'return document.getElementById('ContentPlaceHolder1_TimeSpanControlTiempoControlado_txtMinuto').value=5' successfully

2023-08-14 08:42:07 - [MESSAGE][PASSED] - Execute JavaScript 'return document.getElementById('ContentPlaceHolder1_TimeSpanControlTiempoControlado_txtMinuto').value=5' successfully

2023-08-14 08:42:07 - [TEST_STEP][PASSED] - delay(2): Delayed 2 second(s)

2023-08-14 08:42:09 - [MESSAGE][PASSED] - Delayed 2 second(s)

2023-08-14 08:42:09 - [TEST_STEP][PASSED] - click(findTestObject("WIZARD/1Modelo De Negocio/2Modal Tiempo Controlado de atencion/btn_Aceptar")): Object: 'Object Repository/WIZARD/1Modelo De Negocio/2Modal Tiempo Controlado de atencion/btn_Aceptar' is clicked on

2023-08-14 08:42:09 - [MESSAGE][PASSED] - Object: 'Object Repository/WIZARD/1Modelo De Negocio/2Modal Tiempo Controlado de atencion/btn_Aceptar' is clicked on

2023-08-14 08:42:09 - [TEST_STEP][PASSED] - delay(3): Delayed 3 second(s)

2023-08-14 08:42:12 - [MESSAGE][PASSED] - Delayed 3 second(s)

2023-08-14 08:42:12 - [TEST_STEP][PASSED] - click(findTestObject("WIZARD/1Modelo De Negocio/2Elementos/Edicion de Elementos/btn_Actualizar")): Object: 'Object Repository/WIZARD/1Modelo De Negocio/2Elementos/Edicion de Elementos/btn_Actualizar' is clicked on

2023-08-14 08:42:13 - [MESSAGE][PASSED] - Object: 'Object Repository/WIZARD/1Modelo De Negocio/2Elementos/Edicion de Elementos/btn_Actualizar' is clicked on

2023-08-14 08:42:13 - [TEST_STEP][PASSED] - delay(3): Delayed 3 second(s)

2023-08-14 08:42:16 - [MESSAGE][PASSED] - Delayed 3 second(s)

2023-08-14 08:42:16 - [TEST_STEP][PASSED] - click(findTestObject("WIZARD/1Modelo De Negocio/2Elementos/Nivel/Tipo Cliente/td_TC2")): Object: 'Object Repository/WIZARD/1Modelo De Negocio/2Elementos/Nivel/Tipo Cliente/td_TC2' is clicked on

2023-08-14 08:42:16 - [MESSAGE][PASSED] - Object: 'Object Repository/WIZARD/1Modelo De Negocio/2Elementos/Nivel/Tipo Cliente/td_TC2' is clicked on

2023-08-14 08:42:16 - [TEST_STEP][PASSED] - setText(findTestObject("WIZARD/1Modelo De Negocio/2Elementos/Edicion de Elementos/input_Nombre Elemento"), "Preferencial (P)"): Text 'Preferencial (P)' is set on object 'Object Repository/WIZARD/1Modelo De Negocio/2Elementos/Edicion de Elementos/input_Nombre Elemento'

2023-08-14 08:42:17 - [MESSAGE][PASSED] - Text 'Preferencial (P)' is set on object 'Object Repository/WIZARD/1Modelo De Negocio/2Elementos/Edicion de Elementos/input_Nombre Elemento'

2023-08-14 08:42:17 - [TEST_STEP][PASSED] - setText(findTestObject("WIZARD/1Modelo De Negocio/2Elementos/Edicion de Elementos/input_Descripcion Elemento"), "Preferencial (P)"): Text 'Preferencial (P)' is set on object 'Object Repository/WIZARD/1Modelo De Negocio/2Elementos/Edicion de Elementos/input_Descripcion Elemento'

2023-08-14 08:42:18 - [MESSAGE][PASSED] - Text 'Preferencial (P)' is set on object 'Object Repository/WIZARD/1Modelo De Negocio/2Elementos/Edicion de Elementos/input_Descripcion Elemento'

2023-08-14 08:42:18 - [TEST_STEP][PASSED] - executeJavaScript("return document.getElementById('ContentPlaceHolder1_lnkTiempoMaxAtencion').click()", []): Execute JavaScript 'return document.getElementById('ContentPlaceHolder1_lnkTiempoMaxAtencion').click()' successfully

2023-08-14 08:42:18 - [MESSAGE][PASSED] - Execute JavaScript 'return document.getElementById('ContentPlaceHolder1_lnkTiempoMaxAtencion').click()' successfully

2023-08-14 08:42:18 - [TEST_STEP][PASSED] - delay(2): Delayed 2 second(s)

2023-08-14 08:42:20 - [MESSAGE][PASSED] - Delayed 2 second(s)

2023-08-14 08:42:20 - [TEST_STEP][PASSED] - executeJavaScript("return document.getElementById('ContentPlaceHolder1_TimeSpanControlMaxTiempo_txtMinuto').value=10", []): Execute JavaScript 'return document.getElementById('ContentPlaceHolder1_TimeSpanControlMaxTiempo_txtMinuto').value=10' successfully

2023-08-14 08:42:20 - [MESSAGE][PASSED] - Execute JavaScript 'return document.getElementById('ContentPlaceHolder1_TimeSpanControlMaxTiempo_txtMinuto').value=10' successfully

2023-08-14 08:42:20 - [TEST_STEP][PASSED] - delay(2): Delayed 2 second(s)

2023-08-14 08:42:22 - [MESSAGE][PASSED] - Delayed 2 second(s)

2023-08-14 08:42:22 - [TEST_STEP][PASSED] - click(findTestObject("WIZARD/1Modelo De Negocio/2ModalTiempoMaxAtencion/btn_Aceptar")): Object: 'Object Repository/WIZARD/1Modelo De Negocio/2ModalTiempoMaxAtencion/btn_Aceptar' is clicked on

2023-08-14 08:42:23 - [MESSAGE][PASSED] - Object: 'Object Repository/WIZARD/1Modelo De Negocio/2ModalTiempoMaxAtencion/btn_Aceptar' is clicked on

2023-08-14 08:42:23 - [TEST_STEP][PASSED] - delay(3): Delayed 3 second(s)

2023-08-14 08:42:26 - [MESSAGE][PASSED] - Delayed 3 second(s)

2023-08-14 08:42:26 - [TEST_STEP][PASSED] - executeJavaScript("return document.getElementById('ContentPlaceHolder1_lnkTiempoControaldoAtencion').click()", []): Execute JavaScript 'return document.getElementById('ContentPlaceHolder1_lnkTiempoControaldoAtencion').click()' successfully

2023-08-14 08:42:26 - [MESSAGE][PASSED] - Execute JavaScript 'return document.getElementById('ContentPlaceHolder1_lnkTiempoControaldoAtencion').click()' successfully

2023-08-14 08:42:26 - [TEST_STEP][PASSED] - delay(2): Delayed 2 second(s)

2023-08-14 08:42:28 - [MESSAGE][PASSED] - Delayed 2 second(s)

2023-08-14 08:42:28 - [TEST_STEP][PASSED] - executeJavaScript("return document.getElementById('ContentPlaceHolder1_TimeSpanControlTiempoControlado_txtMinuto').value=5", []): Execute JavaScript 'return document.getElementById('ContentPlaceHolder1_TimeSpanControlTiempoControlado_txtMinuto').value=5' successfully

2023-08-14 08:42:28 - [MESSAGE][PASSED] - Execute JavaScript 'return document.getElementById('ContentPlaceHolder1_TimeSpanControlTiempoControlado_txtMinuto').value=5' successfully

2023-08-14 08:42:28 - [TEST_STEP][PASSED] - delay(2): Delayed 2 second(s)

2023-08-14 08:42:30 - [MESSAGE][PASSED] - Delayed 2 second(s)

2023-08-14 08:42:30 - [TEST_STEP][PASSED] - click(findTestObject("WIZARD/1Modelo De Negocio/2Modal Tiempo Controlado de atencion/btn_Aceptar")): Object: 'Object Repository/WIZARD/1Modelo De Negocio/2Modal Tiempo Controlado de atencion/btn_Aceptar' is clicked on

2023-08-14 08:42:30 - [MESSAGE][PASSED] - Object: 'Object Repository/WIZARD/1Modelo De Negocio/2Modal Tiempo Controlado de atencion/btn_Aceptar' is clicked on

2023-08-14 08:42:30 - [TEST_STEP][PASSED] - delay(3): Delayed 3 second(s)

2023-08-14 08:42:33 - [MESSAGE][PASSED] - Delayed 3 second(s)

2023-08-14 08:42:33 - [TEST_STEP][PASSED] - click(findTestObject("WIZARD/1Modelo De Negocio/2Elementos/Edicion de Elementos/btn_Actualizar")): Object: 'Object Repository/WIZARD/1Modelo De Negocio/2Elementos/Edicion de Elementos/btn_Actualizar' is clicked on

2023-08-14 08:42:34 - [MESSAGE][PASSED] - Object: 'Object Repository/WIZARD/1Modelo De Negocio/2Elementos/Edicion de Elementos/btn_Actualizar' is clicked on

2023-08-14 08:42:34 - [TEST_STEP][PASSED] - delay(3): Delayed 3 second(s)

2023-08-14 08:42:37 - [MESSAGE][PASSED] - Delayed 3 second(s)

2023-08-14 08:42:37 - [TEST_STEP][PASSED] - Start listener action : sampleAfterTestCase: null]]></system-out>
         <system-err><![CDATA[]]></system-err>
      </testcase>
      <system-out><![CDATA[2023-08-14 08:41:32 - [TEST_SUITE][PASSED] - 2.2 Creacion Elementos Tipo Cliente: Test Cases/WIZARD/1Modelo De Negocio/2.2 Creacion Elementos Tipo Cliente]]></system-out>
      <system-err><![CDATA[]]></system-err>
   </testsuite>
</testsuites>
