<?xml version="1.0" encoding="UTF-8"?>
<testsuites name="33 Terminales Crear Actualizar Eliminar" time="146.612" tests="3" failures="0" errors="0">
   <testsuite name="33 Terminales Crear Actualizar Eliminar" tests="3" failures="0" errors="0" time="146.612" skipped="0" timestamp="2023-07-11 12:00:25" hostname="jdavila - PCPruebas101.ciel.cielingenieria.com" id="Test Suites/DIGITURNO/BASICO/33 Terminales Crear Actualizar Eliminar">
      <properties>
         <property name="deviceName" value=""/>
         <property name="devicePlatform" value=""/>
         <property name="logFolder" value="C:\\CIEL INGENIERIA\\Katalon\\Digiturno55\\Reports\\20230711_113602\\DIGITURNO\\BASICO\\33 Terminales Crear Actualizar Eliminar\\20230711_113633"/>
         <property name="logFiles" value="C:\\CIEL INGENIERIA\\Katalon\\Digiturno55\\Reports\\20230711_113602\\DIGITURNO\\BASICO\\33 Terminales Crear Actualizar Eliminar\\20230711_113633\\execution0.log"/>
         <property name="attachments" value="C:\\CIEL INGENIERIA\\Katalon\\Digiturno55\\Reports\\20230711_113602\\DIGITURNO\\BASICO\\33 Terminales Crear Actualizar Eliminar\\20230711_113633\\1689094840982.png, C:\\CIEL INGENIERIA\\Katalon\\Digiturno55\\Reports\\20230711_113602\\DIGITURNO\\BASICO\\33 Terminales Crear Actualizar Eliminar\\20230711_113633\\1689094848281.png, C:\\CIEL INGENIERIA\\Katalon\\Digiturno55\\Reports\\20230711_113602\\DIGITURNO\\BASICO\\33 Terminales Crear Actualizar Eliminar\\20230711_113633\\1689094874786.png, C:\\CIEL INGENIERIA\\Katalon\\Digiturno55\\Reports\\20230711_113602\\DIGITURNO\\BASICO\\33 Terminales Crear Actualizar Eliminar\\20230711_113633\\1689094893058.png, C:\\CIEL INGENIERIA\\Katalon\\Digiturno55\\Reports\\20230711_113602\\DIGITURNO\\BASICO\\33 Terminales Crear Actualizar Eliminar\\20230711_113633\\1689094900190.png, C:\\CIEL INGENIERIA\\Katalon\\Digiturno55\\Reports\\20230711_113602\\DIGITURNO\\BASICO\\33 Terminales Crear Actualizar Eliminar\\20230711_113633\\1689094925565.png, C:\\CIEL INGENIERIA\\Katalon\\Digiturno55\\Reports\\20230711_113602\\DIGITURNO\\BASICO\\33 Terminales Crear Actualizar Eliminar\\20230711_113633\\1689094943995.png, C:\\CIEL INGENIERIA\\Katalon\\Digiturno55\\Reports\\20230711_113602\\DIGITURNO\\BASICO\\33 Terminales Crear Actualizar Eliminar\\20230711_113633\\1689094951113.png, C:\\CIEL INGENIERIA\\Katalon\\Digiturno55\\Reports\\20230711_113602\\DIGITURNO\\BASICO\\33 Terminales Crear Actualizar Eliminar\\20230711_113633\\1689094968099.png"/>
         <property name="hostName" value="jdavila - PCPruebas101.ciel.cielingenieria.com"/>
         <property name="os" value="Windows 10 64bit"/>
         <property name="katalonVersion" value="8.6.0.208"/>
         <property name="browser" value="Chrome 114.0.0.0"/>
         <property name="hostAddress" value="192.168.0.33"/>
         <property name="sessionId" value="6e96aaf8bd936999650cd85856c21aba"/>
         <property name="seleniumVersion" value="3.141.59"/>
         <property name="proxyInformation" value="ProxyInformation { proxyOption=NO_PROXY, proxyServerType=HTTP, username=, password=********, proxyServerAddress=, proxyServerPort=0, executionList=&quot;&quot;, isApplyToDesiredCapabilities=true }"/>
         <property name="platform" value="Windows 10"/>
      </properties>
      <testcase name="Test Cases/DIGITURNO/BASICO/33 Terminales Crear" time="53.214" classname="Test Cases/DIGITURNO/BASICO/33 Terminales Crear" status="PASSED">
         <system-out><![CDATA[2023-07-11 12:00:25 - [TEST_CASE][PASSED] - Test Cases/DIGITURNO/BASICO/33 Terminales Crear: Test Cases/DIGITURNO/BASICO/33 Terminales Crear

2023-07-11 12:00:25 - [TEST_STEP][PASSED] - callTestCase(findTestCase("DIGITURNO/BASICO/32 Elementos del Sistema"), [:], STOP_ON_FAILURE): Call Test Case 'Test Cases/DIGITURNO/BASICO/32 Elementos del Sistema' successfully

2023-07-11 12:00:25 - [TEST_CASE][PASSED] - Test Cases/DIGITURNO/BASICO/32 Elementos del Sistema: Test Cases/DIGITURNO/BASICO/32 Elementos del Sistema

2023-07-11 12:00:26 - [TEST_STEP][PASSED] - callTestCase(findTestCase("DIGITURNO/BASICO/3 Configuracion"), [:], STOP_ON_FAILURE): Call Test Case 'Test Cases/DIGITURNO/BASICO/3 Configuracion' successfully

2023-07-11 12:00:26 - [TEST_CASE][PASSED] - Test Cases/DIGITURNO/BASICO/3 Configuracion: Test Cases/DIGITURNO/BASICO/3 Configuracion

2023-07-11 12:00:26 - [TEST_STEP][PASSED] - callTestCase(findTestCase("0InicioSesion"), [:], STOP_ON_FAILURE): Call Test Case 'Test Cases/0InicioSesion' successfully

2023-07-11 12:00:26 - [TEST_CASE][PASSED] - Test Cases/0InicioSesion: Test Cases/0InicioSesion

2023-07-11 12:00:26 - [TEST_STEP][PASSED] - openBrowser(UrlDigiturno): Browser is opened with url: 'https://PCPruebas101.ciel.cielingenieria.com:8810'

2023-07-11 12:00:26 - [MESSAGE][INFO] - Starting 'Chrome' driver

2023-07-11 12:00:26 - [MESSAGE][INFO] - User set preference: ['args', '[--use-fake-ui-for-media-stream, --disable-notifications]']

2023-07-11 12:00:27 - [MESSAGE][INFO] - Action delay is set to 0 milliseconds

2023-07-11 12:00:29 - [MESSAGE][PASSED] - Browser is opened with url: 'https://PCPruebas101.ciel.cielingenieria.com:8810'

2023-07-11 12:00:29 - [TEST_STEP][PASSED] - maximizeWindow(): Current window maximized

2023-07-11 12:00:29 - [MESSAGE][PASSED] - Current window maximized

2023-07-11 12:00:29 - [TEST_STEP][PASSED] - delay(3): Delayed 3 second(s)

2023-07-11 12:00:32 - [MESSAGE][PASSED] - Delayed 3 second(s)

2023-07-11 12:00:32 - [TEST_STEP][PASSED] - setText(findTestObject("0Inicio Sesion/input_Usuario"), "Ciel"): Text 'Ciel' is set on object 'Object Repository/0Inicio Sesion/input_Usuario'

2023-07-11 12:00:33 - [MESSAGE][PASSED] - Text 'Ciel' is set on object 'Object Repository/0Inicio Sesion/input_Usuario'

2023-07-11 12:00:33 - [TEST_STEP][PASSED] - setText(findTestObject("0Inicio Sesion/input_Clave"), "digiturno"): Text 'digiturno' is set on object 'Object Repository/0Inicio Sesion/input_Clave'

2023-07-11 12:00:33 - [MESSAGE][PASSED] - Text 'digiturno' is set on object 'Object Repository/0Inicio Sesion/input_Clave'

2023-07-11 12:00:33 - [TEST_STEP][PASSED] - click(findTestObject("0Inicio Sesion/btn_IniciarSesion")): Object: 'Object Repository/0Inicio Sesion/btn_IniciarSesion' is clicked on

2023-07-11 12:00:34 - [MESSAGE][PASSED] - Object: 'Object Repository/0Inicio Sesion/btn_IniciarSesion' is clicked on

2023-07-11 12:00:34 - [TEST_STEP][PASSED] - delay(3): Delayed 3 second(s)

2023-07-11 12:00:37 - [MESSAGE][PASSED] - Delayed 3 second(s)

2023-07-11 12:00:37 - [MESSAGE][PASSED] - Call Test Case 'Test Cases/0InicioSesion' successfully

2023-07-11 12:00:37 - [TEST_STEP][PASSED] - click(findTestObject("DIGITURNO/1Principal/img_Configuracion(1)")): Object: 'Object Repository/DIGITURNO/1Principal/img_Configuracion(1)' is clicked on

2023-07-11 12:00:37 - [MESSAGE][PASSED] - Object: 'Object Repository/DIGITURNO/1Principal/img_Configuracion(1)' is clicked on

2023-07-11 12:00:37 - [TEST_STEP][PASSED] - delay(3): Delayed 3 second(s)

2023-07-11 12:00:40 - [MESSAGE][PASSED] - Delayed 3 second(s)

2023-07-11 12:00:40 - [TEST_STEP][PASSED] - takeFullPageScreenshot(): Taking screenshot successfully

2023-07-11 12:00:41 - [MESSAGE][INFO] - 0 hidden object(s)

2023-07-11 12:00:41 - [MESSAGE][PASSED] - Taking screenshot successfully
[[ATTACHMENT|C:\\CIEL INGENIERIA\\Katalon\\Digiturno55\\Reports\\20230711_113602\\DIGITURNO\\BASICO\\33 Terminales Crear Actualizar Eliminar\\20230711_113633\\1689094840982.png]]

2023-07-11 12:00:41 - [TEST_STEP][PASSED] - delay(3): Delayed 3 second(s)

2023-07-11 12:00:44 - [MESSAGE][PASSED] - Delayed 3 second(s)

2023-07-11 12:00:44 - [MESSAGE][PASSED] - Call Test Case 'Test Cases/DIGITURNO/BASICO/3 Configuracion' successfully

2023-07-11 12:00:44 - [TEST_STEP][PASSED] - click(findTestObject("DIGITURNO/CONFIGURACION/0Principal/img_6Elementos del sistema")): Object: 'Object Repository/DIGITURNO/CONFIGURACION/0Principal/img_6Elementos del sistema' is clicked on

2023-07-11 12:00:45 - [MESSAGE][PASSED] - Object: 'Object Repository/DIGITURNO/CONFIGURACION/0Principal/img_6Elementos del sistema' is clicked on

2023-07-11 12:00:45 - [TEST_STEP][PASSED] - delay(3): Delayed 3 second(s)

2023-07-11 12:00:48 - [MESSAGE][PASSED] - Delayed 3 second(s)

2023-07-11 12:00:48 - [TEST_STEP][PASSED] - takeFullPageScreenshot(): Taking screenshot successfully

2023-07-11 12:00:48 - [MESSAGE][INFO] - 0 hidden object(s)

2023-07-11 12:00:48 - [MESSAGE][PASSED] - Taking screenshot successfully
[[ATTACHMENT|C:\\CIEL INGENIERIA\\Katalon\\Digiturno55\\Reports\\20230711_113602\\DIGITURNO\\BASICO\\33 Terminales Crear Actualizar Eliminar\\20230711_113633\\1689094848281.png]]

2023-07-11 12:00:48 - [TEST_STEP][PASSED] - delay(3): Delayed 3 second(s)

2023-07-11 12:00:51 - [MESSAGE][PASSED] - Delayed 3 second(s)

2023-07-11 12:00:51 - [MESSAGE][PASSED] - Call Test Case 'Test Cases/DIGITURNO/BASICO/32 Elementos del Sistema' successfully

2023-07-11 12:00:51 - [TEST_STEP][PASSED] - click(findTestObject("DIGITURNO/CONFIGURACION/6Elementos del Sistema/0Principal/img_3Terminales")): Object: 'Object Repository/DIGITURNO/CONFIGURACION/6Elementos del Sistema/0Principal/img_3Terminales' is clicked on

2023-07-11 12:00:53 - [MESSAGE][PASSED] - Object: 'Object Repository/DIGITURNO/CONFIGURACION/6Elementos del Sistema/0Principal/img_3Terminales' is clicked on

2023-07-11 12:00:53 - [TEST_STEP][PASSED] - delay(3): Delayed 3 second(s)

2023-07-11 12:00:56 - [MESSAGE][PASSED] - Delayed 3 second(s)

2023-07-11 12:00:56 - [TEST_STEP][PASSED] - click(findTestObject("DIGITURNO/CONFIGURACION/6Elementos del Sistema/3 Terminales/0 Modal oficina/td_1Bogota - CIEL")): Object: 'Object Repository/DIGITURNO/CONFIGURACION/6Elementos del Sistema/3 Terminales/0 Modal oficina/td_1Bogota - CIEL' is clicked on

2023-07-11 12:00:56 - [MESSAGE][PASSED] - Object: 'Object Repository/DIGITURNO/CONFIGURACION/6Elementos del Sistema/3 Terminales/0 Modal oficina/td_1Bogota - CIEL' is clicked on

2023-07-11 12:00:56 - [TEST_STEP][PASSED] - delay(3): Delayed 3 second(s)

2023-07-11 12:00:59 - [MESSAGE][PASSED] - Delayed 3 second(s)

2023-07-11 12:00:59 - [TEST_STEP][PASSED] - click(findTestObject("DIGITURNO/CONFIGURACION/6Elementos del Sistema/3 Terminales/Edicion/btn_SeleccionarGrupo")): Object: 'Object Repository/DIGITURNO/CONFIGURACION/6Elementos del Sistema/3 Terminales/Edicion/btn_SeleccionarGrupo' is clicked on

2023-07-11 12:00:59 - [MESSAGE][PASSED] - Object: 'Object Repository/DIGITURNO/CONFIGURACION/6Elementos del Sistema/3 Terminales/Edicion/btn_SeleccionarGrupo' is clicked on

2023-07-11 12:00:59 - [TEST_STEP][PASSED] - delay(2): Delayed 2 second(s)

2023-07-11 12:01:01 - [MESSAGE][PASSED] - Delayed 2 second(s)

2023-07-11 12:01:01 - [TEST_STEP][PASSED] - click(findTestObject("DIGITURNO/CONFIGURACION/6Elementos del Sistema/3 Terminales/Edicion/btn_Seleccionar Grupo(1)/a_1Grupo General")): Object: 'Object Repository/DIGITURNO/CONFIGURACION/6Elementos del Sistema/3 Terminales/Edicion/btn_Seleccionar Grupo(1)/a_1Grupo General' is clicked on

2023-07-11 12:01:02 - [MESSAGE][PASSED] - Object: 'Object Repository/DIGITURNO/CONFIGURACION/6Elementos del Sistema/3 Terminales/Edicion/btn_Seleccionar Grupo(1)/a_1Grupo General' is clicked on

2023-07-11 12:01:02 - [TEST_STEP][PASSED] - delay(3): Delayed 3 second(s)

2023-07-11 12:01:05 - [MESSAGE][PASSED] - Delayed 3 second(s)

2023-07-11 12:01:05 - [TEST_STEP][PASSED] - setText(findTestObject("DIGITURNO/CONFIGURACION/6Elementos del Sistema/3 Terminales/Edicion/input_Nombre"), "Prueba"): Text 'Prueba' is set on object 'Object Repository/DIGITURNO/CONFIGURACION/6Elementos del Sistema/3 Terminales/Edicion/input_Nombre'

2023-07-11 12:01:06 - [MESSAGE][PASSED] - Text 'Prueba' is set on object 'Object Repository/DIGITURNO/CONFIGURACION/6Elementos del Sistema/3 Terminales/Edicion/input_Nombre'

2023-07-11 12:01:06 - [TEST_STEP][PASSED] - setText(findTestObject("DIGITURNO/CONFIGURACION/6Elementos del Sistema/3 Terminales/Edicion/textarea_Descripcion"), "Prueba"): Text 'Prueba' is set on object 'Object Repository/DIGITURNO/CONFIGURACION/6Elementos del Sistema/3 Terminales/Edicion/textarea_Descripcion'

2023-07-11 12:01:07 - [MESSAGE][PASSED] - Text 'Prueba' is set on object 'Object Repository/DIGITURNO/CONFIGURACION/6Elementos del Sistema/3 Terminales/Edicion/textarea_Descripcion'

2023-07-11 12:01:07 - [TEST_STEP][PASSED] - selectOptionByIndex(findTestObject("DIGITURNO/CONFIGURACION/6Elementos del Sistema/3 Terminales/Edicion/select_Tipo Terminal"), 0, STOP_ON_FAILURE): All options with index in [0] are selected on object 'Object Repository/DIGITURNO/CONFIGURACION/6Elementos del Sistema/3 Terminales/Edicion/select_Tipo Terminal'

2023-07-11 12:01:08 - [MESSAGE][PASSED] - All options with index in [0] are selected on object 'Object Repository/DIGITURNO/CONFIGURACION/6Elementos del Sistema/3 Terminales/Edicion/select_Tipo Terminal'

2023-07-11 12:01:08 - [TEST_STEP][PASSED] - delay(2): Delayed 2 second(s)

2023-07-11 12:01:10 - [MESSAGE][PASSED] - Delayed 2 second(s)

2023-07-11 12:01:10 - [TEST_STEP][PASSED] - setText(findTestObject("DIGITURNO/CONFIGURACION/6Elementos del Sistema/3 Terminales/Edicion/input_Direccion en sala"), "9"): Text '9' is set on object 'Object Repository/DIGITURNO/CONFIGURACION/6Elementos del Sistema/3 Terminales/Edicion/input_Direccion en sala'

2023-07-11 12:01:10 - [MESSAGE][PASSED] - Text '9' is set on object 'Object Repository/DIGITURNO/CONFIGURACION/6Elementos del Sistema/3 Terminales/Edicion/input_Direccion en sala'

2023-07-11 12:01:10 - [TEST_STEP][PASSED] - check(findTestObject("DIGITURNO/CONFIGURACION/6Elementos del Sistema/3 Terminales/Edicion/label_Mostrar Ventana Emergente")): Object 'Object Repository/DIGITURNO/CONFIGURACION/6Elementos del Sistema/3 Terminales/Edicion/label_Mostrar Ventana Emergente' is checked

2023-07-11 12:01:11 - [MESSAGE][PASSED] - Object 'Object Repository/DIGITURNO/CONFIGURACION/6Elementos del Sistema/3 Terminales/Edicion/label_Mostrar Ventana Emergente' is checked

2023-07-11 12:01:11 - [TEST_STEP][PASSED] - click(findTestObject("DIGITURNO/CONFIGURACION/6Elementos del Sistema/3 Terminales/Edicion/img_Nuevo")): Object: 'Object Repository/DIGITURNO/CONFIGURACION/6Elementos del Sistema/3 Terminales/Edicion/img_Nuevo' is clicked on

2023-07-11 12:01:11 - [MESSAGE][PASSED] - Object: 'Object Repository/DIGITURNO/CONFIGURACION/6Elementos del Sistema/3 Terminales/Edicion/img_Nuevo' is clicked on

2023-07-11 12:01:11 - [TEST_STEP][PASSED] - delay(3): Delayed 3 second(s)

2023-07-11 12:01:14 - [MESSAGE][PASSED] - Delayed 3 second(s)

2023-07-11 12:01:14 - [TEST_STEP][PASSED] - takeFullPageScreenshot(): Taking screenshot successfully

2023-07-11 12:01:15 - [MESSAGE][INFO] - 0 hidden object(s)

2023-07-11 12:01:15 - [MESSAGE][PASSED] - Taking screenshot successfully
[[ATTACHMENT|C:\\CIEL INGENIERIA\\Katalon\\Digiturno55\\Reports\\20230711_113602\\DIGITURNO\\BASICO\\33 Terminales Crear Actualizar Eliminar\\20230711_113633\\1689094874786.png]]

2023-07-11 12:01:15 - [TEST_STEP][PASSED] - delay(3): Delayed 3 second(s)

2023-07-11 12:01:18 - [MESSAGE][PASSED] - Delayed 3 second(s)

2023-07-11 12:01:18 - [TEST_STEP][PASSED] - Start listener action : sampleAfterTestCase: null]]></system-out>
         <system-err><![CDATA[]]></system-err>
      </testcase>
      <testcase name="Test Cases/DIGITURNO/BASICO/33 Terminales Actualizar" time="50.762" classname="Test Cases/DIGITURNO/BASICO/33 Terminales Actualizar" status="PASSED">
         <system-out><![CDATA[2023-07-11 12:01:18 - [TEST_CASE][PASSED] - Test Cases/DIGITURNO/BASICO/33 Terminales Actualizar: Test Cases/DIGITURNO/BASICO/33 Terminales Actualizar

2023-07-11 12:01:19 - [TEST_STEP][PASSED] - callTestCase(findTestCase("DIGITURNO/BASICO/32 Elementos del Sistema"), [:], STOP_ON_FAILURE): Call Test Case 'Test Cases/DIGITURNO/BASICO/32 Elementos del Sistema' successfully

2023-07-11 12:01:19 - [TEST_CASE][PASSED] - Test Cases/DIGITURNO/BASICO/32 Elementos del Sistema: Test Cases/DIGITURNO/BASICO/32 Elementos del Sistema

2023-07-11 12:01:19 - [TEST_STEP][PASSED] - callTestCase(findTestCase("DIGITURNO/BASICO/3 Configuracion"), [:], STOP_ON_FAILURE): Call Test Case 'Test Cases/DIGITURNO/BASICO/3 Configuracion' successfully

2023-07-11 12:01:19 - [TEST_CASE][PASSED] - Test Cases/DIGITURNO/BASICO/3 Configuracion: Test Cases/DIGITURNO/BASICO/3 Configuracion

2023-07-11 12:01:19 - [TEST_STEP][PASSED] - callTestCase(findTestCase("0InicioSesion"), [:], STOP_ON_FAILURE): Call Test Case 'Test Cases/0InicioSesion' successfully

2023-07-11 12:01:19 - [TEST_CASE][PASSED] - Test Cases/0InicioSesion: Test Cases/0InicioSesion

2023-07-11 12:01:19 - [TEST_STEP][PASSED] - openBrowser(UrlDigiturno): Browser is opened with url: 'https://PCPruebas101.ciel.cielingenieria.com:8810'

2023-07-11 12:01:19 - [MESSAGE][WARNING] - A browser is already opened. Closing browser and opening a new one

2023-07-11 12:01:19 - [MESSAGE][INFO] - Starting 'Chrome' driver

2023-07-11 12:01:19 - [MESSAGE][INFO] - User set preference: ['args', '[--use-fake-ui-for-media-stream, --disable-notifications]']

2023-07-11 12:01:19 - [MESSAGE][INFO] - Action delay is set to 0 milliseconds

2023-07-11 12:01:21 - [MESSAGE][PASSED] - Browser is opened with url: 'https://PCPruebas101.ciel.cielingenieria.com:8810'

2023-07-11 12:01:21 - [TEST_STEP][PASSED] - maximizeWindow(): Current window maximized

2023-07-11 12:01:21 - [MESSAGE][PASSED] - Current window maximized

2023-07-11 12:01:21 - [TEST_STEP][PASSED] - delay(3): Delayed 3 second(s)

2023-07-11 12:01:24 - [MESSAGE][PASSED] - Delayed 3 second(s)

2023-07-11 12:01:24 - [TEST_STEP][PASSED] - setText(findTestObject("0Inicio Sesion/input_Usuario"), "Ciel"): Text 'Ciel' is set on object 'Object Repository/0Inicio Sesion/input_Usuario'

2023-07-11 12:01:25 - [MESSAGE][PASSED] - Text 'Ciel' is set on object 'Object Repository/0Inicio Sesion/input_Usuario'

2023-07-11 12:01:25 - [TEST_STEP][PASSED] - setText(findTestObject("0Inicio Sesion/input_Clave"), "digiturno"): Text 'digiturno' is set on object 'Object Repository/0Inicio Sesion/input_Clave'

2023-07-11 12:01:26 - [MESSAGE][PASSED] - Text 'digiturno' is set on object 'Object Repository/0Inicio Sesion/input_Clave'

2023-07-11 12:01:26 - [TEST_STEP][PASSED] - click(findTestObject("0Inicio Sesion/btn_IniciarSesion")): Object: 'Object Repository/0Inicio Sesion/btn_IniciarSesion' is clicked on

2023-07-11 12:01:26 - [MESSAGE][PASSED] - Object: 'Object Repository/0Inicio Sesion/btn_IniciarSesion' is clicked on

2023-07-11 12:01:26 - [TEST_STEP][PASSED] - delay(3): Delayed 3 second(s)

2023-07-11 12:01:29 - [MESSAGE][PASSED] - Delayed 3 second(s)

2023-07-11 12:01:29 - [MESSAGE][PASSED] - Call Test Case 'Test Cases/0InicioSesion' successfully

2023-07-11 12:01:29 - [TEST_STEP][PASSED] - click(findTestObject("DIGITURNO/1Principal/img_Configuracion(1)")): Object: 'Object Repository/DIGITURNO/1Principal/img_Configuracion(1)' is clicked on

2023-07-11 12:01:30 - [MESSAGE][PASSED] - Object: 'Object Repository/DIGITURNO/1Principal/img_Configuracion(1)' is clicked on

2023-07-11 12:01:30 - [TEST_STEP][PASSED] - delay(3): Delayed 3 second(s)

2023-07-11 12:01:33 - [MESSAGE][PASSED] - Delayed 3 second(s)

2023-07-11 12:01:33 - [TEST_STEP][PASSED] - takeFullPageScreenshot(): Taking screenshot successfully

2023-07-11 12:01:33 - [MESSAGE][INFO] - 0 hidden object(s)

2023-07-11 12:01:33 - [MESSAGE][PASSED] - Taking screenshot successfully
[[ATTACHMENT|C:\\CIEL INGENIERIA\\Katalon\\Digiturno55\\Reports\\20230711_113602\\DIGITURNO\\BASICO\\33 Terminales Crear Actualizar Eliminar\\20230711_113633\\1689094893058.png]]

2023-07-11 12:01:33 - [TEST_STEP][PASSED] - delay(3): Delayed 3 second(s)

2023-07-11 12:01:36 - [MESSAGE][PASSED] - Delayed 3 second(s)

2023-07-11 12:01:36 - [MESSAGE][PASSED] - Call Test Case 'Test Cases/DIGITURNO/BASICO/3 Configuracion' successfully

2023-07-11 12:01:36 - [TEST_STEP][PASSED] - click(findTestObject("DIGITURNO/CONFIGURACION/0Principal/img_6Elementos del sistema")): Object: 'Object Repository/DIGITURNO/CONFIGURACION/0Principal/img_6Elementos del sistema' is clicked on

2023-07-11 12:01:37 - [MESSAGE][PASSED] - Object: 'Object Repository/DIGITURNO/CONFIGURACION/0Principal/img_6Elementos del sistema' is clicked on

2023-07-11 12:01:37 - [TEST_STEP][PASSED] - delay(3): Delayed 3 second(s)

2023-07-11 12:01:40 - [MESSAGE][PASSED] - Delayed 3 second(s)

2023-07-11 12:01:40 - [TEST_STEP][PASSED] - takeFullPageScreenshot(): Taking screenshot successfully

2023-07-11 12:01:40 - [MESSAGE][INFO] - 0 hidden object(s)

2023-07-11 12:01:40 - [MESSAGE][PASSED] - Taking screenshot successfully
[[ATTACHMENT|C:\\CIEL INGENIERIA\\Katalon\\Digiturno55\\Reports\\20230711_113602\\DIGITURNO\\BASICO\\33 Terminales Crear Actualizar Eliminar\\20230711_113633\\1689094900190.png]]

2023-07-11 12:01:40 - [TEST_STEP][PASSED] - delay(3): Delayed 3 second(s)

2023-07-11 12:01:43 - [MESSAGE][PASSED] - Delayed 3 second(s)

2023-07-11 12:01:43 - [MESSAGE][PASSED] - Call Test Case 'Test Cases/DIGITURNO/BASICO/32 Elementos del Sistema' successfully

2023-07-11 12:01:43 - [TEST_STEP][PASSED] - click(findTestObject("DIGITURNO/CONFIGURACION/6Elementos del Sistema/0Principal/img_3Terminales")): Object: 'Object Repository/DIGITURNO/CONFIGURACION/6Elementos del Sistema/0Principal/img_3Terminales' is clicked on

2023-07-11 12:01:44 - [MESSAGE][PASSED] - Object: 'Object Repository/DIGITURNO/CONFIGURACION/6Elementos del Sistema/0Principal/img_3Terminales' is clicked on

2023-07-11 12:01:44 - [TEST_STEP][PASSED] - delay(3): Delayed 3 second(s)

2023-07-11 12:01:47 - [MESSAGE][PASSED] - Delayed 3 second(s)

2023-07-11 12:01:47 - [TEST_STEP][PASSED] - click(findTestObject("DIGITURNO/CONFIGURACION/6Elementos del Sistema/3 Terminales/0 Modal oficina/td_1Bogota - CIEL")): Object: 'Object Repository/DIGITURNO/CONFIGURACION/6Elementos del Sistema/3 Terminales/0 Modal oficina/td_1Bogota - CIEL' is clicked on

2023-07-11 12:01:47 - [MESSAGE][PASSED] - Object: 'Object Repository/DIGITURNO/CONFIGURACION/6Elementos del Sistema/3 Terminales/0 Modal oficina/td_1Bogota - CIEL' is clicked on

2023-07-11 12:01:47 - [TEST_STEP][PASSED] - delay(3): Delayed 3 second(s)

2023-07-11 12:01:50 - [MESSAGE][PASSED] - Delayed 3 second(s)

2023-07-11 12:01:50 - [TEST_STEP][PASSED] - setText(findTestObject("DIGITURNO/CONFIGURACION/6Elementos del Sistema/3 Terminales/Lista de Terminales/input_TextoABuscar"), "Prueba"): Text 'Prueba' is set on object 'Object Repository/DIGITURNO/CONFIGURACION/6Elementos del Sistema/3 Terminales/Lista de Terminales/input_TextoABuscar'

2023-07-11 12:01:51 - [MESSAGE][PASSED] - Text 'Prueba' is set on object 'Object Repository/DIGITURNO/CONFIGURACION/6Elementos del Sistema/3 Terminales/Lista de Terminales/input_TextoABuscar'

2023-07-11 12:01:51 - [TEST_STEP][PASSED] - delay(2): Delayed 2 second(s)

2023-07-11 12:01:53 - [MESSAGE][PASSED] - Delayed 2 second(s)

2023-07-11 12:01:53 - [TEST_STEP][PASSED] - click(findTestObject("DIGITURNO/CONFIGURACION/6Elementos del Sistema/3 Terminales/Lista de Terminales/td_1 Seleccion Busqueda")): Object: 'Object Repository/DIGITURNO/CONFIGURACION/6Elementos del Sistema/3 Terminales/Lista de Terminales/td_1 Seleccion Busqueda' is clicked on

2023-07-11 12:01:54 - [MESSAGE][PASSED] - Object: 'Object Repository/DIGITURNO/CONFIGURACION/6Elementos del Sistema/3 Terminales/Lista de Terminales/td_1 Seleccion Busqueda' is clicked on

2023-07-11 12:01:54 - [TEST_STEP][PASSED] - delay(3): Delayed 3 second(s)

2023-07-11 12:01:57 - [MESSAGE][PASSED] - Delayed 3 second(s)

2023-07-11 12:01:57 - [TEST_STEP][PASSED] - setText(findTestObject("DIGITURNO/CONFIGURACION/6Elementos del Sistema/3 Terminales/Edicion/textarea_Descripcion"), "Prueba actualizada"): Text 'Prueba actualizada' is set on object 'Object Repository/DIGITURNO/CONFIGURACION/6Elementos del Sistema/3 Terminales/Edicion/textarea_Descripcion'

2023-07-11 12:01:57 - [MESSAGE][PASSED] - Text 'Prueba actualizada' is set on object 'Object Repository/DIGITURNO/CONFIGURACION/6Elementos del Sistema/3 Terminales/Edicion/textarea_Descripcion'

2023-07-11 12:01:57 - [TEST_STEP][PASSED] - selectOptionByIndex(findTestObject("DIGITURNO/CONFIGURACION/6Elementos del Sistema/3 Terminales/Edicion/select_Tipo Terminal"), 3): All options with index in [3] are selected on object 'Object Repository/DIGITURNO/CONFIGURACION/6Elementos del Sistema/3 Terminales/Edicion/select_Tipo Terminal'

2023-07-11 12:01:59 - [MESSAGE][PASSED] - All options with index in [3] are selected on object 'Object Repository/DIGITURNO/CONFIGURACION/6Elementos del Sistema/3 Terminales/Edicion/select_Tipo Terminal'

2023-07-11 12:01:59 - [TEST_STEP][PASSED] - delay(3): Delayed 3 second(s)

2023-07-11 12:02:02 - [MESSAGE][PASSED] - Delayed 3 second(s)

2023-07-11 12:02:02 - [TEST_STEP][PASSED] - scrollToPosition(0, 0): Browser is scrolled to position x = 0, y = 0

2023-07-11 12:02:02 - [MESSAGE][PASSED] - Browser is scrolled to position x = 0, y = 0

2023-07-11 12:02:02 - [TEST_STEP][PASSED] - click(findTestObject("DIGITURNO/CONFIGURACION/6Elementos del Sistema/3 Terminales/Edicion/img_Actualizar")): Object: 'Object Repository/DIGITURNO/CONFIGURACION/6Elementos del Sistema/3 Terminales/Edicion/img_Actualizar' is clicked on

2023-07-11 12:02:02 - [MESSAGE][PASSED] - Object: 'Object Repository/DIGITURNO/CONFIGURACION/6Elementos del Sistema/3 Terminales/Edicion/img_Actualizar' is clicked on

2023-07-11 12:02:02 - [TEST_STEP][PASSED] - delay(3): Delayed 3 second(s)

2023-07-11 12:02:05 - [MESSAGE][PASSED] - Delayed 3 second(s)

2023-07-11 12:02:05 - [TEST_STEP][PASSED] - takeFullPageScreenshot(): Taking screenshot successfully

2023-07-11 12:02:06 - [MESSAGE][INFO] - 0 hidden object(s)

2023-07-11 12:02:06 - [MESSAGE][PASSED] - Taking screenshot successfully
[[ATTACHMENT|C:\\CIEL INGENIERIA\\Katalon\\Digiturno55\\Reports\\20230711_113602\\DIGITURNO\\BASICO\\33 Terminales Crear Actualizar Eliminar\\20230711_113633\\1689094925565.png]]

2023-07-11 12:02:06 - [TEST_STEP][PASSED] - delay(3): Delayed 3 second(s)

2023-07-11 12:02:09 - [MESSAGE][PASSED] - Delayed 3 second(s)

2023-07-11 12:02:09 - [TEST_STEP][PASSED] - Start listener action : sampleAfterTestCase: null]]></system-out>
         <system-err><![CDATA[]]></system-err>
      </testcase>
      <testcase name="Test Cases/DIGITURNO/BASICO/33 Terminales Eliminar" time="42.387" classname="Test Cases/DIGITURNO/BASICO/33 Terminales Eliminar" status="PASSED">
         <system-out><![CDATA[2023-07-11 12:02:09 - [TEST_CASE][PASSED] - Test Cases/DIGITURNO/BASICO/33 Terminales Eliminar: Test Cases/DIGITURNO/BASICO/33 Terminales Eliminar

2023-07-11 12:02:09 - [TEST_STEP][PASSED] - callTestCase(findTestCase("DIGITURNO/BASICO/32 Elementos del Sistema"), [:], STOP_ON_FAILURE): Call Test Case 'Test Cases/DIGITURNO/BASICO/32 Elementos del Sistema' successfully

2023-07-11 12:02:09 - [TEST_CASE][PASSED] - Test Cases/DIGITURNO/BASICO/32 Elementos del Sistema: Test Cases/DIGITURNO/BASICO/32 Elementos del Sistema

2023-07-11 12:02:09 - [TEST_STEP][PASSED] - callTestCase(findTestCase("DIGITURNO/BASICO/3 Configuracion"), [:], STOP_ON_FAILURE): Call Test Case 'Test Cases/DIGITURNO/BASICO/3 Configuracion' successfully

2023-07-11 12:02:09 - [TEST_CASE][PASSED] - Test Cases/DIGITURNO/BASICO/3 Configuracion: Test Cases/DIGITURNO/BASICO/3 Configuracion

2023-07-11 12:02:10 - [TEST_STEP][PASSED] - callTestCase(findTestCase("0InicioSesion"), [:], STOP_ON_FAILURE): Call Test Case 'Test Cases/0InicioSesion' successfully

2023-07-11 12:02:10 - [TEST_CASE][PASSED] - Test Cases/0InicioSesion: Test Cases/0InicioSesion

2023-07-11 12:02:10 - [TEST_STEP][PASSED] - openBrowser(UrlDigiturno): Browser is opened with url: 'https://PCPruebas101.ciel.cielingenieria.com:8810'

2023-07-11 12:02:10 - [MESSAGE][WARNING] - A browser is already opened. Closing browser and opening a new one

2023-07-11 12:02:10 - [MESSAGE][INFO] - Starting 'Chrome' driver

2023-07-11 12:02:10 - [MESSAGE][INFO] - User set preference: ['args', '[--use-fake-ui-for-media-stream, --disable-notifications]']

2023-07-11 12:02:10 - [MESSAGE][INFO] - Action delay is set to 0 milliseconds

2023-07-11 12:02:12 - [MESSAGE][PASSED] - Browser is opened with url: 'https://PCPruebas101.ciel.cielingenieria.com:8810'

2023-07-11 12:02:12 - [TEST_STEP][PASSED] - maximizeWindow(): Current window maximized

2023-07-11 12:02:12 - [MESSAGE][PASSED] - Current window maximized

2023-07-11 12:02:12 - [TEST_STEP][PASSED] - delay(3): Delayed 3 second(s)

2023-07-11 12:02:15 - [MESSAGE][PASSED] - Delayed 3 second(s)

2023-07-11 12:02:15 - [TEST_STEP][PASSED] - setText(findTestObject("0Inicio Sesion/input_Usuario"), "Ciel"): Text 'Ciel' is set on object 'Object Repository/0Inicio Sesion/input_Usuario'

2023-07-11 12:02:16 - [MESSAGE][PASSED] - Text 'Ciel' is set on object 'Object Repository/0Inicio Sesion/input_Usuario'

2023-07-11 12:02:16 - [TEST_STEP][PASSED] - setText(findTestObject("0Inicio Sesion/input_Clave"), "digiturno"): Text 'digiturno' is set on object 'Object Repository/0Inicio Sesion/input_Clave'

2023-07-11 12:02:17 - [MESSAGE][PASSED] - Text 'digiturno' is set on object 'Object Repository/0Inicio Sesion/input_Clave'

2023-07-11 12:02:17 - [TEST_STEP][PASSED] - click(findTestObject("0Inicio Sesion/btn_IniciarSesion")): Object: 'Object Repository/0Inicio Sesion/btn_IniciarSesion' is clicked on

2023-07-11 12:02:17 - [MESSAGE][PASSED] - Object: 'Object Repository/0Inicio Sesion/btn_IniciarSesion' is clicked on

2023-07-11 12:02:17 - [TEST_STEP][PASSED] - delay(3): Delayed 3 second(s)

2023-07-11 12:02:20 - [MESSAGE][PASSED] - Delayed 3 second(s)

2023-07-11 12:02:20 - [MESSAGE][PASSED] - Call Test Case 'Test Cases/0InicioSesion' successfully

2023-07-11 12:02:20 - [TEST_STEP][PASSED] - click(findTestObject("DIGITURNO/1Principal/img_Configuracion(1)")): Object: 'Object Repository/DIGITURNO/1Principal/img_Configuracion(1)' is clicked on

2023-07-11 12:02:20 - [MESSAGE][PASSED] - Object: 'Object Repository/DIGITURNO/1Principal/img_Configuracion(1)' is clicked on

2023-07-11 12:02:20 - [TEST_STEP][PASSED] - delay(3): Delayed 3 second(s)

2023-07-11 12:02:23 - [MESSAGE][PASSED] - Delayed 3 second(s)

2023-07-11 12:02:23 - [TEST_STEP][PASSED] - takeFullPageScreenshot(): Taking screenshot successfully

2023-07-11 12:02:24 - [MESSAGE][INFO] - 0 hidden object(s)

2023-07-11 12:02:24 - [MESSAGE][PASSED] - Taking screenshot successfully
[[ATTACHMENT|C:\\CIEL INGENIERIA\\Katalon\\Digiturno55\\Reports\\20230711_113602\\DIGITURNO\\BASICO\\33 Terminales Crear Actualizar Eliminar\\20230711_113633\\1689094943995.png]]

2023-07-11 12:02:24 - [TEST_STEP][PASSED] - delay(3): Delayed 3 second(s)

2023-07-11 12:02:27 - [MESSAGE][PASSED] - Delayed 3 second(s)

2023-07-11 12:02:27 - [MESSAGE][PASSED] - Call Test Case 'Test Cases/DIGITURNO/BASICO/3 Configuracion' successfully

2023-07-11 12:02:27 - [TEST_STEP][PASSED] - click(findTestObject("DIGITURNO/CONFIGURACION/0Principal/img_6Elementos del sistema")): Object: 'Object Repository/DIGITURNO/CONFIGURACION/0Principal/img_6Elementos del sistema' is clicked on

2023-07-11 12:02:28 - [MESSAGE][PASSED] - Object: 'Object Repository/DIGITURNO/CONFIGURACION/0Principal/img_6Elementos del sistema' is clicked on

2023-07-11 12:02:28 - [TEST_STEP][PASSED] - delay(3): Delayed 3 second(s)

2023-07-11 12:02:31 - [MESSAGE][PASSED] - Delayed 3 second(s)

2023-07-11 12:02:31 - [TEST_STEP][PASSED] - takeFullPageScreenshot(): Taking screenshot successfully

2023-07-11 12:02:31 - [MESSAGE][INFO] - 0 hidden object(s)

2023-07-11 12:02:31 - [MESSAGE][PASSED] - Taking screenshot successfully
[[ATTACHMENT|C:\\CIEL INGENIERIA\\Katalon\\Digiturno55\\Reports\\20230711_113602\\DIGITURNO\\BASICO\\33 Terminales Crear Actualizar Eliminar\\20230711_113633\\1689094951113.png]]

2023-07-11 12:02:31 - [TEST_STEP][PASSED] - delay(3): Delayed 3 second(s)

2023-07-11 12:02:34 - [MESSAGE][PASSED] - Delayed 3 second(s)

2023-07-11 12:02:34 - [MESSAGE][PASSED] - Call Test Case 'Test Cases/DIGITURNO/BASICO/32 Elementos del Sistema' successfully

2023-07-11 12:02:34 - [TEST_STEP][PASSED] - click(findTestObject("DIGITURNO/CONFIGURACION/6Elementos del Sistema/0Principal/img_3Terminales")): Object: 'Object Repository/DIGITURNO/CONFIGURACION/6Elementos del Sistema/0Principal/img_3Terminales' is clicked on

2023-07-11 12:02:35 - [MESSAGE][PASSED] - Object: 'Object Repository/DIGITURNO/CONFIGURACION/6Elementos del Sistema/0Principal/img_3Terminales' is clicked on

2023-07-11 12:02:35 - [TEST_STEP][PASSED] - delay(3): Delayed 3 second(s)

2023-07-11 12:02:38 - [MESSAGE][PASSED] - Delayed 3 second(s)

2023-07-11 12:02:38 - [TEST_STEP][PASSED] - click(findTestObject("DIGITURNO/CONFIGURACION/6Elementos del Sistema/3 Terminales/0 Modal oficina/td_1Bogota - CIEL")): Object: 'Object Repository/DIGITURNO/CONFIGURACION/6Elementos del Sistema/3 Terminales/0 Modal oficina/td_1Bogota - CIEL' is clicked on

2023-07-11 12:02:38 - [MESSAGE][PASSED] - Object: 'Object Repository/DIGITURNO/CONFIGURACION/6Elementos del Sistema/3 Terminales/0 Modal oficina/td_1Bogota - CIEL' is clicked on

2023-07-11 12:02:38 - [TEST_STEP][PASSED] - setText(findTestObject("DIGITURNO/CONFIGURACION/6Elementos del Sistema/3 Terminales/Lista de Terminales/input_TextoABuscar"), "Prueba"): Text 'Prueba' is set on object 'Object Repository/DIGITURNO/CONFIGURACION/6Elementos del Sistema/3 Terminales/Lista de Terminales/input_TextoABuscar'

2023-07-11 12:02:40 - [MESSAGE][PASSED] - Text 'Prueba' is set on object 'Object Repository/DIGITURNO/CONFIGURACION/6Elementos del Sistema/3 Terminales/Lista de Terminales/input_TextoABuscar'

2023-07-11 12:02:40 - [TEST_STEP][PASSED] - delay(2): Delayed 2 second(s)

2023-07-11 12:02:42 - [MESSAGE][PASSED] - Delayed 2 second(s)

2023-07-11 12:02:42 - [TEST_STEP][PASSED] - click(findTestObject("DIGITURNO/CONFIGURACION/6Elementos del Sistema/3 Terminales/Lista de Terminales/td_1 Seleccion Busqueda")): Object: 'Object Repository/DIGITURNO/CONFIGURACION/6Elementos del Sistema/3 Terminales/Lista de Terminales/td_1 Seleccion Busqueda' is clicked on

2023-07-11 12:02:42 - [MESSAGE][PASSED] - Object: 'Object Repository/DIGITURNO/CONFIGURACION/6Elementos del Sistema/3 Terminales/Lista de Terminales/td_1 Seleccion Busqueda' is clicked on

2023-07-11 12:02:42 - [TEST_STEP][PASSED] - delay(3): Delayed 3 second(s)

2023-07-11 12:02:45 - [MESSAGE][PASSED] - Delayed 3 second(s)

2023-07-11 12:02:45 - [TEST_STEP][PASSED] - click(findTestObject("DIGITURNO/CONFIGURACION/6Elementos del Sistema/3 Terminales/Edicion/img_Eliminar")): Object: 'Object Repository/DIGITURNO/CONFIGURACION/6Elementos del Sistema/3 Terminales/Edicion/img_Eliminar' is clicked on

2023-07-11 12:02:45 - [MESSAGE][PASSED] - Object: 'Object Repository/DIGITURNO/CONFIGURACION/6Elementos del Sistema/3 Terminales/Edicion/img_Eliminar' is clicked on

2023-07-11 12:02:45 - [TEST_STEP][PASSED] - click(findTestObject("DIGITURNO/CONFIGURACION/6Elementos del Sistema/3 Terminales/Edicion/img_Eliminar")): Object: 'Object Repository/DIGITURNO/CONFIGURACION/6Elementos del Sistema/3 Terminales/Edicion/img_Eliminar' is clicked on

2023-07-11 12:02:46 - [MESSAGE][PASSED] - Object: 'Object Repository/DIGITURNO/CONFIGURACION/6Elementos del Sistema/3 Terminales/Edicion/img_Eliminar' is clicked on

2023-07-11 12:02:46 - [TEST_STEP][PASSED] - acceptAlert(): Alert accepted

2023-07-11 12:02:46 - [MESSAGE][PASSED] - Alert accepted

2023-07-11 12:02:46 - [TEST_STEP][PASSED] - delay(2): Delayed 2 second(s)

2023-07-11 12:02:48 - [MESSAGE][PASSED] - Delayed 2 second(s)

2023-07-11 12:02:48 - [TEST_STEP][PASSED] - takeFullPageScreenshot(): Taking screenshot successfully

2023-07-11 12:02:48 - [MESSAGE][INFO] - 0 hidden object(s)

2023-07-11 12:02:48 - [MESSAGE][PASSED] - Taking screenshot successfully
[[ATTACHMENT|C:\\CIEL INGENIERIA\\Katalon\\Digiturno55\\Reports\\20230711_113602\\DIGITURNO\\BASICO\\33 Terminales Crear Actualizar Eliminar\\20230711_113633\\1689094968099.png]]

2023-07-11 12:02:48 - [TEST_STEP][PASSED] - delay(3): Delayed 3 second(s)

2023-07-11 12:02:51 - [MESSAGE][PASSED] - Delayed 3 second(s)

2023-07-11 12:02:51 - [TEST_STEP][PASSED] - Start listener action : sampleAfterTestCase: null]]></system-out>
         <system-err><![CDATA[]]></system-err>
      </testcase>
      <system-out><![CDATA[2023-07-11 12:00:25 - [TEST_SUITE][PASSED] - 33 Terminales Crear Actualizar Eliminar: Test Cases/DIGITURNO/BASICO/33 Terminales Eliminar]]></system-out>
      <system-err><![CDATA[]]></system-err>
   </testsuite>
</testsuites>
