<?xml version="1.0" encoding="UTF-8"?>
<testsuites name="2 Abrir Terminal Video Atencion" time="25.434" tests="1" failures="0" errors="0">
   <testsuite name="2 Abrir Terminal Video Atencion" tests="1" failures="0" errors="0" time="25.434" skipped="0" timestamp="2023-08-30 17:13:10" hostname="jdavila - PCPruebas101.ciel.cielingenieria.com" id="Test Suites/VIDEO ATENCION/2 Abrir Terminal Video Atencion">
      <properties>
         <property name="deviceName" value=""/>
         <property name="devicePlatform" value=""/>
         <property name="logFolder" value="C:\\CIEL INGENIERIA\\Katalon\\Digiturno55\\Reports\\20230830_171150\\VIDEO ATENCION\\2 Abrir Terminal Video Atencion\\20230830_171154"/>
         <property name="logFiles" value="C:\\CIEL INGENIERIA\\Katalon\\Digiturno55\\Reports\\20230830_171150\\VIDEO ATENCION\\2 Abrir Terminal Video Atencion\\20230830_171154\\execution0.log"/>
         <property name="attachments" value="C:\\CIEL INGENIERIA\\Katalon\\Digiturno55\\Reports\\20230830_171150\\VIDEO ATENCION\\2 Abrir Terminal Video Atencion\\20230830_171154\\1693433612489.png"/>
         <property name="hostName" value="jdavila - PCPruebas101.ciel.cielingenieria.com"/>
         <property name="os" value="Windows 10 64bit"/>
         <property name="katalonVersion" value="8.6.6.208"/>
         <property name="browser" value="Chrome 116.0.0.0"/>
         <property name="hostAddress" value="192.168.0.14"/>
         <property name="sessionId" value="d1cb299197966391b0821611c954d5db"/>
         <property name="seleniumVersion" value="3.141.59"/>
         <property name="proxyInformation" value="ProxyInformation { proxyOption=NO_PROXY, proxyServerType=HTTP, username=, password=********, proxyServerAddress=, proxyServerPort=0, executionList=&quot;&quot;, isApplyToDesiredCapabilities=true }"/>
         <property name="platform" value="Windows 10"/>
      </properties>
      <testcase name="Test Cases/VIDEO ATENCION/0InicioVideo Atencion Terminal" time="25.206" classname="Test Cases/VIDEO ATENCION/0InicioVideo Atencion Terminal" status="PASSED">
         <system-out><![CDATA[2023-08-30 17:13:11 - [TEST_CASE][PASSED] - Test Cases/VIDEO ATENCION/0InicioVideo Atencion Terminal: Test Cases/VIDEO ATENCION/0InicioVideo Atencion Terminal

2023-08-30 17:13:11 - [TEST_STEP][PASSED] - openBrowser(UrlDigiturno): Browser is opened with url: 'https://PCPruebas101.ciel.cielingenieria.com:8610'

2023-08-30 17:13:11 - [MESSAGE][INFO] - Starting 'Chrome' driver

2023-08-30 17:13:11 - [MESSAGE][INFO] - User set preference: ['args', '[--use-fake-ui-for-media-stream, --disable-notifications]']

2023-08-30 17:13:11 - [MESSAGE][INFO] - Action delay is set to 0 milliseconds

2023-08-30 17:13:14 - [MESSAGE][PASSED] - Browser is opened with url: 'https://PCPruebas101.ciel.cielingenieria.com:8610'

2023-08-30 17:13:14 - [TEST_STEP][PASSED] - maximizeWindow(): Current window maximized

2023-08-30 17:13:14 - [MESSAGE][PASSED] - Current window maximized

2023-08-30 17:13:14 - [TEST_STEP][PASSED] - delay(3): Delayed 3 second(s)

2023-08-30 17:13:17 - [MESSAGE][PASSED] - Delayed 3 second(s)

2023-08-30 17:13:17 - [TEST_STEP][PASSED] - setText(findTestObject("0Inicio Sesion/input_Usuario"), "ciel"): Text 'ciel' is set on object 'Object Repository/0Inicio Sesion/input_Usuario'

2023-08-30 17:13:18 - [MESSAGE][PASSED] - Text 'ciel' is set on object 'Object Repository/0Inicio Sesion/input_Usuario'

2023-08-30 17:13:18 - [TEST_STEP][PASSED] - setText(findTestObject("0Inicio Sesion/input_Clave"), "digiturno"): Text 'digiturno' is set on object 'Object Repository/0Inicio Sesion/input_Clave'

2023-08-30 17:13:18 - [MESSAGE][PASSED] - Text 'digiturno' is set on object 'Object Repository/0Inicio Sesion/input_Clave'

2023-08-30 17:13:18 - [TEST_STEP][PASSED] - click(findTestObject("0Inicio Sesion/btn_IniciarSesion")): Object: 'Object Repository/0Inicio Sesion/btn_IniciarSesion' is clicked on

2023-08-30 17:13:19 - [MESSAGE][PASSED] - Object: 'Object Repository/0Inicio Sesion/btn_IniciarSesion' is clicked on

2023-08-30 17:13:19 - [TEST_STEP][PASSED] - delay(3): Delayed 3 second(s)

2023-08-30 17:13:22 - [MESSAGE][PASSED] - Delayed 3 second(s)

2023-08-30 17:13:22 - [TEST_STEP][PASSED] - click(findTestObject("DIGITURNO/1Principal/img_Operacion(1)")): Object: 'Object Repository/DIGITURNO/1Principal/img_Operacion(1)' is clicked on

2023-08-30 17:13:23 - [MESSAGE][PASSED] - Object: 'Object Repository/DIGITURNO/1Principal/img_Operacion(1)' is clicked on

2023-08-30 17:13:23 - [TEST_STEP][PASSED] - click(findTestObject("DIGITURNO/OPERACION/0Principal/Elementos del Sistema/img_Terminales")): Object: 'Object Repository/DIGITURNO/OPERACION/0Principal/Elementos del Sistema/img_Terminales' is clicked on

2023-08-30 17:13:24 - [MESSAGE][PASSED] - Object: 'Object Repository/DIGITURNO/OPERACION/0Principal/Elementos del Sistema/img_Terminales' is clicked on

2023-08-30 17:13:24 - [TEST_STEP][PASSED] - click(findTestObject("DIGITURNO/OPERACION/2Terminales/0Oficinas/td_2Cali - Chipichape")): Object: 'Object Repository/DIGITURNO/OPERACION/2Terminales/0Oficinas/td_2Cali - Chipichape' is clicked on

2023-08-30 17:13:24 - [MESSAGE][PASSED] - Object: 'Object Repository/DIGITURNO/OPERACION/2Terminales/0Oficinas/td_2Cali - Chipichape' is clicked on

2023-08-30 17:13:24 - [TEST_STEP][PASSED] - click(findTestObject("DIGITURNO/OPERACION/2Terminales/0Terminales (Menos WorkFlow)/td_1 - Terminal - Informacion")): Object: 'Object Repository/DIGITURNO/OPERACION/2Terminales/0Terminales (Menos WorkFlow)/td_1 - Terminal - Informacion' is clicked on

2023-08-30 17:13:26 - [MESSAGE][PASSED] - Object: 'Object Repository/DIGITURNO/OPERACION/2Terminales/0Terminales (Menos WorkFlow)/td_1 - Terminal - Informacion' is clicked on

2023-08-30 17:13:26 - [TEST_STEP][PASSED] - switchToWindowUrl(UrlTerminal4): Switched to window with url: 'https://pcpruebas101.ciel.cielingenieria.com:8610/Paginas/Operacion/ElementosSistema/Terminal.aspx?idTerminal=4'

2023-08-30 17:13:30 - [MESSAGE][PASSED] - Switched to window with url: 'https://pcpruebas101.ciel.cielingenieria.com:8610/Paginas/Operacion/ElementosSistema/Terminal.aspx?idTerminal=4'

2023-08-30 17:13:30 - [TEST_STEP][PASSED] - delay(2): Delayed 2 second(s)

2023-08-30 17:13:32 - [MESSAGE][PASSED] - Delayed 2 second(s)

2023-08-30 17:13:32 - [TEST_STEP][PASSED] - takeFullPageScreenshot(): Taking screenshot successfully

2023-08-30 17:13:33 - [MESSAGE][INFO] - 0 hidden object(s)

2023-08-30 17:13:33 - [MESSAGE][PASSED] - Taking screenshot successfully
[[ATTACHMENT|C:\\CIEL INGENIERIA\\Katalon\\Digiturno55\\Reports\\20230830_171150\\VIDEO ATENCION\\2 Abrir Terminal Video Atencion\\20230830_171154\\1693433612489.png]]

2023-08-30 17:13:33 - [TEST_STEP][PASSED] - delay(3): Delayed 3 second(s)

2023-08-30 17:13:36 - [MESSAGE][PASSED] - Delayed 3 second(s)

2023-08-30 17:13:36 - [TEST_STEP][PASSED] - Start listener action : sampleAfterTestCase: null]]></system-out>
         <system-err><![CDATA[]]></system-err>
      </testcase>
      <system-out><![CDATA[2023-08-30 17:13:10 - [TEST_SUITE][PASSED] - 2 Abrir Terminal Video Atencion: Test Cases/VIDEO ATENCION/0InicioVideo Atencion Terminal]]></system-out>
      <system-err><![CDATA[]]></system-err>
   </testsuite>
</testsuites>
