<?xml version="1.0" encoding="UTF-8"?>
<testsuites name="3.4c Agregar arbol a SubServicios PQRS" time="58.197" tests="1" failures="0" errors="0">
   <testsuite name="3.4c Agregar arbol a SubServicios PQRS" tests="1" failures="0" errors="0" time="58.197" skipped="0" timestamp="2024-03-11 09:57:44" hostname="jdavila - PCPruebas101.ciel.cielingenieria.com" id="Test Suites/WIZARD/1Modelo De Negocio/3.4c Agregar arbol a SubServicios PQRS">
      <properties>
         <property name="deviceName" value=""/>
         <property name="devicePlatform" value=""/>
         <property name="logFolder" value="C:\\CIEL INGENIERIA\\Katalon\\Digiturno55\\Reports\\20240311_093955\\WIZARD\\1Modelo De Negocio\\3.4c Agregar arbol a SubServicios PQRS\\20240311_094016"/>
         <property name="logFiles" value="C:\\CIEL INGENIERIA\\Katalon\\Digiturno55\\Reports\\20240311_093955\\WIZARD\\1Modelo De Negocio\\3.4c Agregar arbol a SubServicios PQRS\\20240311_094016\\execution0.log"/>
         <property name="attachments" value="C:\\CIEL INGENIERIA\\Katalon\\Digiturno55\\Reports\\20240311_093955\\WIZARD\\1Modelo De Negocio\\3.4c Agregar arbol a SubServicios PQRS\\20240311_094016\\1710169118431.png"/>
         <property name="hostName" value="jdavila - PCPruebas101.ciel.cielingenieria.com"/>
         <property name="os" value="Windows 10 64bit"/>
         <property name="katalonVersion" value="8.6.8.208"/>
         <property name="browser" value="Chrome 122.0.0.0"/>
         <property name="hostAddress" value="192.168.91.14"/>
         <property name="sessionId" value="afcac86aac9d823fe0460fe1c07156b0"/>
         <property name="seleniumVersion" value="3.141.59"/>
         <property name="proxyInformation" value="ProxyInformation { proxyOption=NO_PROXY, proxyServerType=HTTP, username=, password=********, proxyServerAddress=, proxyServerPort=0, executionList=&quot;&quot;, isApplyToDesiredCapabilities=true }"/>
         <property name="platform" value="Windows 10"/>
      </properties>
      <testcase name="Test Cases/WIZARD/1Modelo De Negocio/3.4c Agregar arbol a SubServicios PQRS" time="57.945" classname="Test Cases/WIZARD/1Modelo De Negocio/3.4c Agregar arbol a SubServicios PQRS" status="PASSED">
         <system-out><![CDATA[2024-03-11 09:57:44 - [TEST_CASE][PASSED] - Test Cases/WIZARD/1Modelo De Negocio/3.4c Agregar arbol a SubServicios PQRS: Test Cases/WIZARD/1Modelo De Negocio/3.4c Agregar arbol a SubServicios PQRS

2024-03-11 09:57:44 - [TEST_STEP][PASSED] - callTestCase(findTestCase("0InicioSesion"), [:], STOP_ON_FAILURE): Call Test Case 'Test Cases/0InicioSesion' successfully

2024-03-11 09:57:44 - [TEST_CASE][PASSED] - Test Cases/0InicioSesion: Test Cases/0InicioSesion

2024-03-11 09:57:45 - [TEST_STEP][PASSED] - openBrowser(UrlDigiturno): Browser is opened with url: 'https://PCPruebas101.ciel.cielingenieria.com:8910'

2024-03-11 09:57:45 - [MESSAGE][INFO] - Starting 'Chrome' driver

2024-03-11 09:57:45 - [MESSAGE][INFO] - User set preference: ['args', '[--use-fake-ui-for-media-stream, --disable-notifications]']

2024-03-11 09:57:45 - [MESSAGE][INFO] - Action delay is set to 0 milliseconds

2024-03-11 09:57:48 - [MESSAGE][PASSED] - Browser is opened with url: 'https://PCPruebas101.ciel.cielingenieria.com:8910'

2024-03-11 09:57:48 - [TEST_STEP][PASSED] - maximizeWindow(): Current window maximized

2024-03-11 09:57:49 - [MESSAGE][PASSED] - Current window maximized

2024-03-11 09:57:49 - [TEST_STEP][PASSED] - delay(3): Delayed 3 second(s)

2024-03-11 09:57:52 - [MESSAGE][PASSED] - Delayed 3 second(s)

2024-03-11 09:57:52 - [TEST_STEP][PASSED] - setText(findTestObject("0Inicio Sesion/input_Usuario"), "Ciel"): Text 'Ciel' is set on object 'Object Repository/0Inicio Sesion/input_Usuario'

2024-03-11 09:57:52 - [MESSAGE][PASSED] - Text 'Ciel' is set on object 'Object Repository/0Inicio Sesion/input_Usuario'

2024-03-11 09:57:52 - [TEST_STEP][PASSED] - setText(findTestObject("0Inicio Sesion/input_Clave"), "digiturno"): Text 'digiturno' is set on object 'Object Repository/0Inicio Sesion/input_Clave'

2024-03-11 09:57:53 - [MESSAGE][PASSED] - Text 'digiturno' is set on object 'Object Repository/0Inicio Sesion/input_Clave'

2024-03-11 09:57:53 - [TEST_STEP][PASSED] - click(findTestObject("0Inicio Sesion/btn_IniciarSesion")): Object: 'Object Repository/0Inicio Sesion/btn_IniciarSesion' is clicked on

2024-03-11 09:57:54 - [MESSAGE][PASSED] - Object: 'Object Repository/0Inicio Sesion/btn_IniciarSesion' is clicked on

2024-03-11 09:57:54 - [TEST_STEP][PASSED] - delay(3): Delayed 3 second(s)

2024-03-11 09:57:57 - [MESSAGE][PASSED] - Delayed 3 second(s)

2024-03-11 09:57:57 - [MESSAGE][PASSED] - Call Test Case 'Test Cases/0InicioSesion' successfully

2024-03-11 09:57:57 - [TEST_STEP][PASSED] - click(findTestObject("WIZARD/0Principal/img_ModeloDeNegocioMAX")): Object: 'Object Repository/WIZARD/0Principal/img_ModeloDeNegocioMAX' is clicked on

2024-03-11 09:57:57 - [MESSAGE][PASSED] - Object: 'Object Repository/WIZARD/0Principal/img_ModeloDeNegocioMAX' is clicked on

2024-03-11 09:57:57 - [TEST_STEP][PASSED] - delay(3): Delayed 3 second(s)

2024-03-11 09:58:00 - [MESSAGE][PASSED] - Delayed 3 second(s)

2024-03-11 09:58:00 - [TEST_STEP][PASSED] - setText(findTestObject("WIZARD/1Modelo De Negocio/0ArbolDeJerarquia/input_cajaBusqueda"), "PQRS"): Text 'PQRS' is set on object 'Object Repository/WIZARD/1Modelo De Negocio/0ArbolDeJerarquia/input_cajaBusqueda'

2024-03-11 09:58:01 - [MESSAGE][PASSED] - Text 'PQRS' is set on object 'Object Repository/WIZARD/1Modelo De Negocio/0ArbolDeJerarquia/input_cajaBusqueda'

2024-03-11 09:58:01 - [TEST_STEP][PASSED] - delay(3): Delayed 3 second(s)

2024-03-11 09:58:04 - [MESSAGE][PASSED] - Delayed 3 second(s)

2024-03-11 09:58:04 - [TEST_STEP][PASSED] - rightClick(findTestObject("WIZARD/1Modelo De Negocio/0ArbolDeJerarquia/1General/8 General PQRS/span_8 PQRS")): Object: 'Object Repository/WIZARD/1Modelo De Negocio/0ArbolDeJerarquia/1General/8 General PQRS/span_8 PQRS' is right clicked on

2024-03-11 09:58:05 - [MESSAGE][PASSED] - Object: 'Object Repository/WIZARD/1Modelo De Negocio/0ArbolDeJerarquia/1General/8 General PQRS/span_8 PQRS' is right clicked on

2024-03-11 09:58:05 - [TEST_STEP][PASSED] - mouseOver(findTestObject("WIZARD/1Modelo De Negocio/0ArbolDeJerarquia/1General/8 General PQRS/span_Elemento")): Object: 'Object Repository/WIZARD/1Modelo De Negocio/0ArbolDeJerarquia/1General/8 General PQRS/span_Elemento' is hovered

2024-03-11 09:58:05 - [MESSAGE][PASSED] - Object: 'Object Repository/WIZARD/1Modelo De Negocio/0ArbolDeJerarquia/1General/8 General PQRS/span_Elemento' is hovered

2024-03-11 09:58:05 - [TEST_STEP][PASSED] - delay(2): Delayed 2 second(s)

2024-03-11 09:58:07 - [MESSAGE][PASSED] - Delayed 2 second(s)

2024-03-11 09:58:07 - [TEST_STEP][PASSED] - click(findTestObject("WIZARD/1Modelo De Negocio/0ArbolDeJerarquia/1General/8 General PQRS/span_Elemento(1)/span_Agregar Elementos")): Object: 'Object Repository/WIZARD/1Modelo De Negocio/0ArbolDeJerarquia/1General/8 General PQRS/span_Elemento(1)/span_Agregar Elementos' is clicked on

2024-03-11 09:58:08 - [MESSAGE][PASSED] - Object: 'Object Repository/WIZARD/1Modelo De Negocio/0ArbolDeJerarquia/1General/8 General PQRS/span_Elemento(1)/span_Agregar Elementos' is clicked on

2024-03-11 09:58:08 - [TEST_STEP][PASSED] - delay(3): Delayed 3 second(s)

2024-03-11 09:58:11 - [MESSAGE][PASSED] - Delayed 3 second(s)

2024-03-11 09:58:11 - [TEST_STEP][PASSED] - click(findTestObject("WIZARD/1Modelo De Negocio/0ArbolDeJerarquia/1General/8 General PQRS/span_Elemento(1)/span_Agregar Elementos(1)/servicios/label_6 Peticion")): Object: 'Object Repository/WIZARD/1Modelo De Negocio/0ArbolDeJerarquia/1General/8 General PQRS/span_Elemento(1)/span_Agregar Elementos(1)/servicios/label_6 Peticion' is clicked on

2024-03-11 09:58:11 - [MESSAGE][PASSED] - Object: 'Object Repository/WIZARD/1Modelo De Negocio/0ArbolDeJerarquia/1General/8 General PQRS/span_Elemento(1)/span_Agregar Elementos(1)/servicios/label_6 Peticion' is clicked on

2024-03-11 09:58:11 - [TEST_STEP][PASSED] - click(findTestObject("WIZARD/1Modelo De Negocio/0ArbolDeJerarquia/1General/8 General PQRS/span_Elemento(1)/span_Agregar Elementos(1)/servicios/label_7 Queja")): Object: 'Object Repository/WIZARD/1Modelo De Negocio/0ArbolDeJerarquia/1General/8 General PQRS/span_Elemento(1)/span_Agregar Elementos(1)/servicios/label_7 Queja' is clicked on

2024-03-11 09:58:12 - [MESSAGE][PASSED] - Object: 'Object Repository/WIZARD/1Modelo De Negocio/0ArbolDeJerarquia/1General/8 General PQRS/span_Elemento(1)/span_Agregar Elementos(1)/servicios/label_7 Queja' is clicked on

2024-03-11 09:58:12 - [TEST_STEP][PASSED] - click(findTestObject("WIZARD/1Modelo De Negocio/0ArbolDeJerarquia/1General/8 General PQRS/span_Elemento(1)/span_Agregar Elementos(1)/servicios/label_8 Reclamo")): Object: 'Object Repository/WIZARD/1Modelo De Negocio/0ArbolDeJerarquia/1General/8 General PQRS/span_Elemento(1)/span_Agregar Elementos(1)/servicios/label_8 Reclamo' is clicked on

2024-03-11 09:58:12 - [MESSAGE][PASSED] - Object: 'Object Repository/WIZARD/1Modelo De Negocio/0ArbolDeJerarquia/1General/8 General PQRS/span_Elemento(1)/span_Agregar Elementos(1)/servicios/label_8 Reclamo' is clicked on

2024-03-11 09:58:12 - [TEST_STEP][PASSED] - click(findTestObject("WIZARD/1Modelo De Negocio/0ArbolDeJerarquia/1General/8 General PQRS/span_Elemento(1)/span_Agregar Elementos(1)/servicios/label_11 Solicitud")): Object: 'Object Repository/WIZARD/1Modelo De Negocio/0ArbolDeJerarquia/1General/8 General PQRS/span_Elemento(1)/span_Agregar Elementos(1)/servicios/label_11 Solicitud' is clicked on

2024-03-11 09:58:13 - [MESSAGE][PASSED] - Object: 'Object Repository/WIZARD/1Modelo De Negocio/0ArbolDeJerarquia/1General/8 General PQRS/span_Elemento(1)/span_Agregar Elementos(1)/servicios/label_11 Solicitud' is clicked on

2024-03-11 09:58:13 - [TEST_STEP][PASSED] - delay(3): Delayed 3 second(s)

2024-03-11 09:58:16 - [MESSAGE][PASSED] - Delayed 3 second(s)

2024-03-11 09:58:16 - [TEST_STEP][PASSED] - click(findTestObject("WIZARD/1Modelo De Negocio/0ArbolDeJerarquia/1General/8 General PQRS/span_Elemento(1)/span_Agregar Elementos(1)/btn_Agregar")): Object: 'Object Repository/WIZARD/1Modelo De Negocio/0ArbolDeJerarquia/1General/8 General PQRS/span_Elemento(1)/span_Agregar Elementos(1)/btn_Agregar' is clicked on

2024-03-11 09:58:16 - [MESSAGE][PASSED] - Object: 'Object Repository/WIZARD/1Modelo De Negocio/0ArbolDeJerarquia/1General/8 General PQRS/span_Elemento(1)/span_Agregar Elementos(1)/btn_Agregar' is clicked on

2024-03-11 09:58:16 - [TEST_STEP][PASSED] - delay(3): Delayed 3 second(s)

2024-03-11 09:58:19 - [MESSAGE][PASSED] - Delayed 3 second(s)

2024-03-11 09:58:19 - [TEST_STEP][PASSED] - setText(findTestObject("WIZARD/1Modelo De Negocio/0ArbolDeJerarquia/input_cajaBusqueda"), "PQRS"): Text 'PQRS' is set on object 'Object Repository/WIZARD/1Modelo De Negocio/0ArbolDeJerarquia/input_cajaBusqueda'

2024-03-11 09:58:20 - [MESSAGE][PASSED] - Text 'PQRS' is set on object 'Object Repository/WIZARD/1Modelo De Negocio/0ArbolDeJerarquia/input_cajaBusqueda'

2024-03-11 09:58:20 - [TEST_STEP][PASSED] - delay(3): Delayed 3 second(s)

2024-03-11 09:58:23 - [MESSAGE][PASSED] - Delayed 3 second(s)

2024-03-11 09:58:23 - [TEST_STEP][PASSED] - rightClick(findTestObject("WIZARD/1Modelo De Negocio/0ArbolDeJerarquia/1Preferencial/5 Preferencial PQRS/span_5 PQRS")): Object: 'Object Repository/WIZARD/1Modelo De Negocio/0ArbolDeJerarquia/1Preferencial/5 Preferencial PQRS/span_5 PQRS' is right clicked on

2024-03-11 09:58:23 - [MESSAGE][PASSED] - Object: 'Object Repository/WIZARD/1Modelo De Negocio/0ArbolDeJerarquia/1Preferencial/5 Preferencial PQRS/span_5 PQRS' is right clicked on

2024-03-11 09:58:23 - [TEST_STEP][PASSED] - mouseOver(findTestObject("WIZARD/1Modelo De Negocio/0ArbolDeJerarquia/1Preferencial/5 Preferencial PQRS/span_Elemento")): Object: 'Object Repository/WIZARD/1Modelo De Negocio/0ArbolDeJerarquia/1Preferencial/5 Preferencial PQRS/span_Elemento' is hovered

2024-03-11 09:58:24 - [MESSAGE][PASSED] - Object: 'Object Repository/WIZARD/1Modelo De Negocio/0ArbolDeJerarquia/1Preferencial/5 Preferencial PQRS/span_Elemento' is hovered

2024-03-11 09:58:24 - [TEST_STEP][PASSED] - delay(2): Delayed 2 second(s)

2024-03-11 09:58:26 - [MESSAGE][PASSED] - Delayed 2 second(s)

2024-03-11 09:58:26 - [TEST_STEP][PASSED] - click(findTestObject("WIZARD/1Modelo De Negocio/0ArbolDeJerarquia/1Preferencial/5 Preferencial PQRS/span_Elemento(1)/span_Agregar Elementos")): Object: 'Object Repository/WIZARD/1Modelo De Negocio/0ArbolDeJerarquia/1Preferencial/5 Preferencial PQRS/span_Elemento(1)/span_Agregar Elementos' is clicked on

2024-03-11 09:58:27 - [MESSAGE][PASSED] - Object: 'Object Repository/WIZARD/1Modelo De Negocio/0ArbolDeJerarquia/1Preferencial/5 Preferencial PQRS/span_Elemento(1)/span_Agregar Elementos' is clicked on

2024-03-11 09:58:27 - [TEST_STEP][PASSED] - delay(3): Delayed 3 second(s)

2024-03-11 09:58:30 - [MESSAGE][PASSED] - Delayed 3 second(s)

2024-03-11 09:58:30 - [TEST_STEP][PASSED] - click(findTestObject("WIZARD/1Modelo De Negocio/0ArbolDeJerarquia/1Preferencial/5 Preferencial PQRS/span_Elemento(1)/span_Agregar Elementos(1)/servicios/label_6 Peticion")): Object: 'Object Repository/WIZARD/1Modelo De Negocio/0ArbolDeJerarquia/1Preferencial/5 Preferencial PQRS/span_Elemento(1)/span_Agregar Elementos(1)/servicios/label_6 Peticion' is clicked on

2024-03-11 09:58:30 - [MESSAGE][PASSED] - Object: 'Object Repository/WIZARD/1Modelo De Negocio/0ArbolDeJerarquia/1Preferencial/5 Preferencial PQRS/span_Elemento(1)/span_Agregar Elementos(1)/servicios/label_6 Peticion' is clicked on

2024-03-11 09:58:30 - [TEST_STEP][PASSED] - click(findTestObject("WIZARD/1Modelo De Negocio/0ArbolDeJerarquia/1Preferencial/5 Preferencial PQRS/span_Elemento(1)/span_Agregar Elementos(1)/servicios/label_7 Queja")): Object: 'Object Repository/WIZARD/1Modelo De Negocio/0ArbolDeJerarquia/1Preferencial/5 Preferencial PQRS/span_Elemento(1)/span_Agregar Elementos(1)/servicios/label_7 Queja' is clicked on

2024-03-11 09:58:31 - [MESSAGE][PASSED] - Object: 'Object Repository/WIZARD/1Modelo De Negocio/0ArbolDeJerarquia/1Preferencial/5 Preferencial PQRS/span_Elemento(1)/span_Agregar Elementos(1)/servicios/label_7 Queja' is clicked on

2024-03-11 09:58:31 - [TEST_STEP][PASSED] - click(findTestObject("WIZARD/1Modelo De Negocio/0ArbolDeJerarquia/1Preferencial/5 Preferencial PQRS/span_Elemento(1)/span_Agregar Elementos(1)/servicios/label_8 Reclamo")): Object: 'Object Repository/WIZARD/1Modelo De Negocio/0ArbolDeJerarquia/1Preferencial/5 Preferencial PQRS/span_Elemento(1)/span_Agregar Elementos(1)/servicios/label_8 Reclamo' is clicked on

2024-03-11 09:58:31 - [MESSAGE][PASSED] - Object: 'Object Repository/WIZARD/1Modelo De Negocio/0ArbolDeJerarquia/1Preferencial/5 Preferencial PQRS/span_Elemento(1)/span_Agregar Elementos(1)/servicios/label_8 Reclamo' is clicked on

2024-03-11 09:58:31 - [TEST_STEP][PASSED] - click(findTestObject("WIZARD/1Modelo De Negocio/0ArbolDeJerarquia/1Preferencial/5 Preferencial PQRS/span_Elemento(1)/span_Agregar Elementos(1)/servicios/label_11 Solicitud")): Object: 'Object Repository/WIZARD/1Modelo De Negocio/0ArbolDeJerarquia/1Preferencial/5 Preferencial PQRS/span_Elemento(1)/span_Agregar Elementos(1)/servicios/label_11 Solicitud' is clicked on

2024-03-11 09:58:31 - [MESSAGE][PASSED] - Object: 'Object Repository/WIZARD/1Modelo De Negocio/0ArbolDeJerarquia/1Preferencial/5 Preferencial PQRS/span_Elemento(1)/span_Agregar Elementos(1)/servicios/label_11 Solicitud' is clicked on

2024-03-11 09:58:31 - [TEST_STEP][PASSED] - delay(3): Delayed 3 second(s)

2024-03-11 09:58:34 - [MESSAGE][PASSED] - Delayed 3 second(s)

2024-03-11 09:58:34 - [TEST_STEP][PASSED] - click(findTestObject("WIZARD/1Modelo De Negocio/0ArbolDeJerarquia/1Preferencial/5 Preferencial PQRS/span_Elemento(1)/span_Agregar Elementos(1)/btn_Agregar")): Object: 'Object Repository/WIZARD/1Modelo De Negocio/0ArbolDeJerarquia/1Preferencial/5 Preferencial PQRS/span_Elemento(1)/span_Agregar Elementos(1)/btn_Agregar' is clicked on

2024-03-11 09:58:35 - [MESSAGE][PASSED] - Object: 'Object Repository/WIZARD/1Modelo De Negocio/0ArbolDeJerarquia/1Preferencial/5 Preferencial PQRS/span_Elemento(1)/span_Agregar Elementos(1)/btn_Agregar' is clicked on

2024-03-11 09:58:35 - [TEST_STEP][PASSED] - delay(3): Delayed 3 second(s)

2024-03-11 09:58:38 - [MESSAGE][PASSED] - Delayed 3 second(s)

2024-03-11 09:58:38 - [TEST_STEP][PASSED] - takeFullPageScreenshot(): Taking screenshot successfully

2024-03-11 09:58:39 - [MESSAGE][INFO] - 0 hidden object(s)

2024-03-11 09:58:39 - [MESSAGE][PASSED] - Taking screenshot successfully
[[ATTACHMENT|C:\\CIEL INGENIERIA\\Katalon\\Digiturno55\\Reports\\20240311_093955\\WIZARD\\1Modelo De Negocio\\3.4c Agregar arbol a SubServicios PQRS\\20240311_094016\\1710169118431.png]]

2024-03-11 09:58:39 - [TEST_STEP][PASSED] - delay(3): Delayed 3 second(s)

2024-03-11 09:58:42 - [MESSAGE][PASSED] - Delayed 3 second(s)

2024-03-11 09:58:42 - [TEST_STEP][PASSED] - Start listener action : sampleAfterTestCase: null]]></system-out>
         <system-err><![CDATA[]]></system-err>
      </testcase>
      <system-out><![CDATA[2024-03-11 09:57:44 - [TEST_SUITE][PASSED] - 3.4c Agregar arbol a SubServicios PQRS: Test Cases/WIZARD/1Modelo De Negocio/3.4c Agregar arbol a SubServicios PQRS]]></system-out>
      <system-err><![CDATA[]]></system-err>
   </testsuite>
</testsuites>
