<?xml version="1.0" encoding="UTF-8"?>
<testsuites name="5.8 Motivos por oficina" time="35.429" tests="1" failures="0" errors="0">
   <testsuite name="5.8 Motivos por oficina" tests="1" failures="0" errors="0" time="35.429" skipped="0" timestamp="2024-01-15 10:48:04" hostname="jdavila - PCPruebas101.ciel.cielingenieria.com" id="Test Suites/WIZARD/3Infraestructura/8Motivos por Oficina/5.8 Motivos por oficina">
      <properties>
         <property name="deviceName" value=""/>
         <property name="devicePlatform" value=""/>
         <property name="logFolder" value="C:\\CIEL INGENIERIA\\Katalon\\Digiturno55\\Reports\\20240115_094157\\WIZARD\\3Infraestructura\\8Motivos por Oficina\\5.8 Motivos por oficina\\20240115_094327"/>
         <property name="logFiles" value="C:\\CIEL INGENIERIA\\Katalon\\Digiturno55\\Reports\\20240115_094157\\WIZARD\\3Infraestructura\\8Motivos por Oficina\\5.8 Motivos por oficina\\20240115_094327\\execution0.log"/>
         <property name="attachments" value="C:\\CIEL INGENIERIA\\Katalon\\Digiturno55\\Reports\\20240115_094157\\WIZARD\\3Infraestructura\\8Motivos por Oficina\\5.8 Motivos por oficina\\20240115_094327\\1705333715905.png"/>
         <property name="hostName" value="jdavila - PCPruebas101.ciel.cielingenieria.com"/>
         <property name="os" value="Windows 10 64bit"/>
         <property name="katalonVersion" value="8.6.8.208"/>
         <property name="browser" value="Chrome 120.0.0.0"/>
         <property name="hostAddress" value="192.168.0.9"/>
         <property name="sessionId" value="b6b1086e76d7ec2795c3f7d85a055d58"/>
         <property name="seleniumVersion" value="3.141.59"/>
         <property name="proxyInformation" value="ProxyInformation { proxyOption=NO_PROXY, proxyServerType=HTTP, username=, password=********, proxyServerAddress=, proxyServerPort=0, executionList=&quot;&quot;, isApplyToDesiredCapabilities=true }"/>
         <property name="platform" value="Windows 10"/>
      </properties>
      <testcase name="Test Cases/WIZARD/3Infraestructura/8Motivos por Oficina/5.8 Motivos por oficina" time="35.17" classname="Test Cases/WIZARD/3Infraestructura/8Motivos por Oficina/5.8 Motivos por oficina" status="PASSED">
         <system-out><![CDATA[2024-01-15 10:48:04 - [TEST_CASE][PASSED] - Test Cases/WIZARD/3Infraestructura/8Motivos por Oficina/5.8 Motivos por oficina: Test Cases/WIZARD/3Infraestructura/8Motivos por Oficina/5.8 Motivos por oficina

2024-01-15 10:48:04 - [TEST_STEP][PASSED] - callTestCase(findTestCase("0InicioSesion"), [:], STOP_ON_FAILURE): Call Test Case 'Test Cases/0InicioSesion' successfully

2024-01-15 10:48:05 - [TEST_CASE][PASSED] - Test Cases/0InicioSesion: Test Cases/0InicioSesion

2024-01-15 10:48:05 - [TEST_STEP][PASSED] - openBrowser(UrlDigiturno): Browser is opened with url: 'https://PCPruebas101.ciel.cielingenieria.com:8610'

2024-01-15 10:48:05 - [MESSAGE][INFO] - Starting 'Chrome' driver

2024-01-15 10:48:05 - [MESSAGE][INFO] - User set preference: ['args', '[--use-fake-ui-for-media-stream, --disable-notifications]']

2024-01-15 10:48:05 - [MESSAGE][INFO] - Action delay is set to 0 milliseconds

2024-01-15 10:48:08 - [MESSAGE][PASSED] - Browser is opened with url: 'https://PCPruebas101.ciel.cielingenieria.com:8610'

2024-01-15 10:48:08 - [TEST_STEP][PASSED] - maximizeWindow(): Current window maximized

2024-01-15 10:48:08 - [MESSAGE][PASSED] - Current window maximized

2024-01-15 10:48:08 - [TEST_STEP][PASSED] - delay(3): Delayed 3 second(s)

2024-01-15 10:48:11 - [MESSAGE][PASSED] - Delayed 3 second(s)

2024-01-15 10:48:11 - [TEST_STEP][PASSED] - setText(findTestObject("0Inicio Sesion/input_Usuario"), "Ciel"): Text 'Ciel' is set on object 'Object Repository/0Inicio Sesion/input_Usuario'

2024-01-15 10:48:12 - [MESSAGE][PASSED] - Text 'Ciel' is set on object 'Object Repository/0Inicio Sesion/input_Usuario'

2024-01-15 10:48:12 - [TEST_STEP][PASSED] - setText(findTestObject("0Inicio Sesion/input_Clave"), "digiturno"): Text 'digiturno' is set on object 'Object Repository/0Inicio Sesion/input_Clave'

2024-01-15 10:48:13 - [MESSAGE][PASSED] - Text 'digiturno' is set on object 'Object Repository/0Inicio Sesion/input_Clave'

2024-01-15 10:48:13 - [TEST_STEP][PASSED] - click(findTestObject("0Inicio Sesion/btn_IniciarSesion")): Object: 'Object Repository/0Inicio Sesion/btn_IniciarSesion' is clicked on

2024-01-15 10:48:13 - [MESSAGE][PASSED] - Object: 'Object Repository/0Inicio Sesion/btn_IniciarSesion' is clicked on

2024-01-15 10:48:13 - [TEST_STEP][PASSED] - delay(3): Delayed 3 second(s)

2024-01-15 10:48:16 - [MESSAGE][PASSED] - Delayed 3 second(s)

2024-01-15 10:48:16 - [MESSAGE][PASSED] - Call Test Case 'Test Cases/0InicioSesion' successfully

2024-01-15 10:48:16 - [TEST_STEP][PASSED] - click(findTestObject("WIZARD/0Principal/img_InfraestructuraMAX")): Object: 'Object Repository/WIZARD/0Principal/img_InfraestructuraMAX' is clicked on

2024-01-15 10:48:17 - [MESSAGE][PASSED] - Object: 'Object Repository/WIZARD/0Principal/img_InfraestructuraMAX' is clicked on

2024-01-15 10:48:17 - [TEST_STEP][PASSED] - delay(3): Delayed 3 second(s)

2024-01-15 10:48:20 - [MESSAGE][PASSED] - Delayed 3 second(s)

2024-01-15 10:48:20 - [TEST_STEP][PASSED] - click(findTestObject("WIZARD/3Infraestructura/0Menu/span_Motivos por oficinas")): Object: 'Object Repository/WIZARD/3Infraestructura/0Menu/span_Motivos por oficinas' is clicked on

2024-01-15 10:48:21 - [MESSAGE][PASSED] - Object: 'Object Repository/WIZARD/3Infraestructura/0Menu/span_Motivos por oficinas' is clicked on

2024-01-15 10:48:21 - [TEST_STEP][PASSED] - delay(3): Delayed 3 second(s)

2024-01-15 10:48:24 - [MESSAGE][PASSED] - Delayed 3 second(s)

2024-01-15 10:48:24 - [TEST_STEP][PASSED] - click(findTestObject("WIZARD/3Infraestructura/8Motivos por Oficina/Motivos por Oficina/a_clickOficinas")): Object: 'Object Repository/WIZARD/3Infraestructura/8Motivos por Oficina/Motivos por Oficina/a_clickOficinas' is clicked on

2024-01-15 10:48:24 - [MESSAGE][PASSED] - Object: 'Object Repository/WIZARD/3Infraestructura/8Motivos por Oficina/Motivos por Oficina/a_clickOficinas' is clicked on

2024-01-15 10:48:24 - [TEST_STEP][PASSED] - check(findTestObject("WIZARD/3Infraestructura/8Motivos por Oficina/Motivos por Oficina/Label/label_Seleccionar todas las oficinas")): Object 'Object Repository/WIZARD/3Infraestructura/8Motivos por Oficina/Motivos por Oficina/Label/label_Seleccionar todas las oficinas' is checked

2024-01-15 10:48:25 - [MESSAGE][PASSED] - Object 'Object Repository/WIZARD/3Infraestructura/8Motivos por Oficina/Motivos por Oficina/Label/label_Seleccionar todas las oficinas' is checked

2024-01-15 10:48:25 - [TEST_STEP][PASSED] - click(findTestObject("WIZARD/3Infraestructura/8Motivos por Oficina/Motivos por Oficina/a_clickOficinas")): Object: 'Object Repository/WIZARD/3Infraestructura/8Motivos por Oficina/Motivos por Oficina/a_clickOficinas' is clicked on

2024-01-15 10:48:25 - [MESSAGE][PASSED] - Object: 'Object Repository/WIZARD/3Infraestructura/8Motivos por Oficina/Motivos por Oficina/a_clickOficinas' is clicked on

2024-01-15 10:48:25 - [TEST_STEP][PASSED] - delay(3): Delayed 3 second(s)

2024-01-15 10:48:28 - [MESSAGE][PASSED] - Delayed 3 second(s)

2024-01-15 10:48:28 - [TEST_STEP][PASSED] - click(findTestObject("WIZARD/3Infraestructura/8Motivos por Oficina/Motivos por Oficina/a_SeleccionarTodo")): Object: 'Object Repository/WIZARD/3Infraestructura/8Motivos por Oficina/Motivos por Oficina/a_SeleccionarTodo' is clicked on

2024-01-15 10:48:29 - [MESSAGE][PASSED] - Object: 'Object Repository/WIZARD/3Infraestructura/8Motivos por Oficina/Motivos por Oficina/a_SeleccionarTodo' is clicked on

2024-01-15 10:48:29 - [TEST_STEP][PASSED] - click(findTestObject("WIZARD/3Infraestructura/8Motivos por Oficina/Motivos por Oficina/a_SeleccionarTodo")): Object: 'Object Repository/WIZARD/3Infraestructura/8Motivos por Oficina/Motivos por Oficina/a_SeleccionarTodo' is clicked on

2024-01-15 10:48:29 - [MESSAGE][PASSED] - Object: 'Object Repository/WIZARD/3Infraestructura/8Motivos por Oficina/Motivos por Oficina/a_SeleccionarTodo' is clicked on

2024-01-15 10:48:29 - [TEST_STEP][PASSED] - delay(2): Delayed 2 second(s)

2024-01-15 10:48:31 - [MESSAGE][PASSED] - Delayed 2 second(s)

2024-01-15 10:48:31 - [TEST_STEP][PASSED] - click(findTestObject("WIZARD/3Infraestructura/8Motivos por Oficina/Motivos por Oficina/btn_Relacionar oficinas")): Object: 'Object Repository/WIZARD/3Infraestructura/8Motivos por Oficina/Motivos por Oficina/btn_Relacionar oficinas' is clicked on

2024-01-15 10:48:32 - [MESSAGE][PASSED] - Object: 'Object Repository/WIZARD/3Infraestructura/8Motivos por Oficina/Motivos por Oficina/btn_Relacionar oficinas' is clicked on

2024-01-15 10:48:32 - [TEST_STEP][PASSED] - delay(3): Delayed 3 second(s)

2024-01-15 10:48:35 - [MESSAGE][PASSED] - Delayed 3 second(s)

2024-01-15 10:48:35 - [TEST_STEP][PASSED] - takeFullPageScreenshot(): Taking screenshot successfully

2024-01-15 10:48:36 - [MESSAGE][INFO] - 0 hidden object(s)

2024-01-15 10:48:36 - [MESSAGE][PASSED] - Taking screenshot successfully
[[ATTACHMENT|C:\\CIEL INGENIERIA\\Katalon\\Digiturno55\\Reports\\20240115_094157\\WIZARD\\3Infraestructura\\8Motivos por Oficina\\5.8 Motivos por oficina\\20240115_094327\\1705333715905.png]]

2024-01-15 10:48:36 - [TEST_STEP][PASSED] - delay(3): Delayed 3 second(s)

2024-01-15 10:48:39 - [MESSAGE][PASSED] - Delayed 3 second(s)

2024-01-15 10:48:39 - [TEST_STEP][PASSED] - Start listener action : sampleAfterTestCase: null]]></system-out>
         <system-err><![CDATA[]]></system-err>
      </testcase>
      <system-out><![CDATA[2024-01-15 10:48:04 - [TEST_SUITE][PASSED] - 5.8 Motivos por oficina: Test Cases/WIZARD/3Infraestructura/8Motivos por Oficina/5.8 Motivos por oficina]]></system-out>
      <system-err><![CDATA[]]></system-err>
   </testsuite>
</testsuites>
