<?xml version="1.0" encoding="UTF-8"?>
<testsuites name="3.1 Agregar al arbol Area" time="28.063" tests="1" failures="0" errors="0">
   <testsuite name="3.1 Agregar al arbol Area" tests="1" failures="0" errors="0" time="28.063" skipped="0" timestamp="2023-08-14 08:27:37" hostname="jdavila - PCPruebas101.ciel.cielingenieria.com" id="Test Suites/WIZARD/1Modelo De Negocio/3.1 Agregar al arbol Area">
      <properties>
         <property name="deviceName" value=""/>
         <property name="devicePlatform" value=""/>
         <property name="logFolder" value="C:\\CIEL INGENIERIA\\Katalon\\Digiturno55\\Reports\\20230814_081405\\WIZARD\\1Modelo De Negocio\\3.1 Agregar al arbol Area\\20230814_081416"/>
         <property name="logFiles" value="C:\\CIEL INGENIERIA\\Katalon\\Digiturno55\\Reports\\20230814_081405\\WIZARD\\1Modelo De Negocio\\3.1 Agregar al arbol Area\\20230814_081416\\execution0.log"/>
         <property name="attachments" value="C:\\CIEL INGENIERIA\\Katalon\\Digiturno55\\Reports\\20230814_081405\\WIZARD\\1Modelo De Negocio\\3.1 Agregar al arbol Area\\20230814_081416\\1692019681699.png"/>
         <property name="hostName" value="jdavila - PCPruebas101.ciel.cielingenieria.com"/>
         <property name="os" value="Windows 10 64bit"/>
         <property name="katalonVersion" value="8.6.0.208"/>
         <property name="browser" value="Chrome 115.0.0.0"/>
         <property name="hostAddress" value="192.168.0.33"/>
         <property name="sessionId" value="603772f08c450d7c2ba860e90e0714e2"/>
         <property name="seleniumVersion" value="3.141.59"/>
         <property name="proxyInformation" value="ProxyInformation { proxyOption=NO_PROXY, proxyServerType=HTTP, username=, password=********, proxyServerAddress=, proxyServerPort=0, executionList=&quot;&quot;, isApplyToDesiredCapabilities=true }"/>
         <property name="platform" value="Windows 10"/>
      </properties>
      <testcase name="Test Cases/WIZARD/1Modelo De Negocio/3.1 Agregar al arbol Area" time="27.781" classname="Test Cases/WIZARD/1Modelo De Negocio/3.1 Agregar al arbol Area" status="PASSED">
         <system-out><![CDATA[2023-08-14 08:27:37 - [TEST_CASE][PASSED] - Test Cases/WIZARD/1Modelo De Negocio/3.1 Agregar al arbol Area: Test Cases/WIZARD/1Modelo De Negocio/3.1 Agregar al arbol Area

2023-08-14 08:27:38 - [TEST_STEP][PASSED] - callTestCase(findTestCase("0InicioSesion"), [:], STOP_ON_FAILURE): Call Test Case 'Test Cases/0InicioSesion' successfully

2023-08-14 08:27:38 - [TEST_CASE][PASSED] - Test Cases/0InicioSesion: Test Cases/0InicioSesion

2023-08-14 08:27:38 - [TEST_STEP][PASSED] - openBrowser(UrlDigiturno): Browser is opened with url: 'https://PCPruebas101.ciel.cielingenieria.com:8610'

2023-08-14 08:27:38 - [MESSAGE][INFO] - Starting 'Chrome' driver

2023-08-14 08:27:38 - [MESSAGE][INFO] - User set preference: ['args', '[--use-fake-ui-for-media-stream, --disable-notifications]']

2023-08-14 08:27:38 - [MESSAGE][INFO] - Action delay is set to 0 milliseconds

2023-08-14 08:27:41 - [MESSAGE][PASSED] - Browser is opened with url: 'https://PCPruebas101.ciel.cielingenieria.com:8610'

2023-08-14 08:27:41 - [TEST_STEP][PASSED] - maximizeWindow(): Current window maximized

2023-08-14 08:27:42 - [MESSAGE][PASSED] - Current window maximized

2023-08-14 08:27:42 - [TEST_STEP][PASSED] - delay(3): Delayed 3 second(s)

2023-08-14 08:27:45 - [MESSAGE][PASSED] - Delayed 3 second(s)

2023-08-14 08:27:45 - [TEST_STEP][PASSED] - setText(findTestObject("0Inicio Sesion/input_Usuario"), "Ciel"): Text 'Ciel' is set on object 'Object Repository/0Inicio Sesion/input_Usuario'

2023-08-14 08:27:45 - [MESSAGE][PASSED] - Text 'Ciel' is set on object 'Object Repository/0Inicio Sesion/input_Usuario'

2023-08-14 08:27:45 - [TEST_STEP][PASSED] - setText(findTestObject("0Inicio Sesion/input_Clave"), "digiturno"): Text 'digiturno' is set on object 'Object Repository/0Inicio Sesion/input_Clave'

2023-08-14 08:27:46 - [MESSAGE][PASSED] - Text 'digiturno' is set on object 'Object Repository/0Inicio Sesion/input_Clave'

2023-08-14 08:27:46 - [TEST_STEP][PASSED] - click(findTestObject("0Inicio Sesion/btn_IniciarSesion")): Object: 'Object Repository/0Inicio Sesion/btn_IniciarSesion' is clicked on

2023-08-14 08:27:47 - [MESSAGE][PASSED] - Object: 'Object Repository/0Inicio Sesion/btn_IniciarSesion' is clicked on

2023-08-14 08:27:47 - [TEST_STEP][PASSED] - delay(3): Delayed 3 second(s)

2023-08-14 08:27:50 - [MESSAGE][PASSED] - Delayed 3 second(s)

2023-08-14 08:27:50 - [MESSAGE][PASSED] - Call Test Case 'Test Cases/0InicioSesion' successfully

2023-08-14 08:27:50 - [TEST_STEP][PASSED] - click(findTestObject("WIZARD/0Principal/img_ModeloDeNegocioMAX")): Object: 'Object Repository/WIZARD/0Principal/img_ModeloDeNegocioMAX' is clicked on

2023-08-14 08:27:50 - [MESSAGE][PASSED] - Object: 'Object Repository/WIZARD/0Principal/img_ModeloDeNegocioMAX' is clicked on

2023-08-14 08:27:50 - [TEST_STEP][PASSED] - delay(3): Delayed 3 second(s)

2023-08-14 08:27:53 - [MESSAGE][PASSED] - Delayed 3 second(s)

2023-08-14 08:27:53 - [TEST_STEP][PASSED] - rightClick(findTestObject("WIZARD/1Modelo De Negocio/0ArbolDeJerarquia/span_arbol de jerarquia(clickDerecho)")): Object: 'Object Repository/WIZARD/1Modelo De Negocio/0ArbolDeJerarquia/span_arbol de jerarquia(clickDerecho)' is right clicked on

2023-08-14 08:27:54 - [MESSAGE][PASSED] - Object: 'Object Repository/WIZARD/1Modelo De Negocio/0ArbolDeJerarquia/span_arbol de jerarquia(clickDerecho)' is right clicked on

2023-08-14 08:27:54 - [TEST_STEP][PASSED] - click(findTestObject("WIZARD/1Modelo De Negocio/0ArbolDeJerarquia/span_Agregar Elementos")): Object: 'Object Repository/WIZARD/1Modelo De Negocio/0ArbolDeJerarquia/span_Agregar Elementos' is clicked on

2023-08-14 08:27:54 - [MESSAGE][PASSED] - Object: 'Object Repository/WIZARD/1Modelo De Negocio/0ArbolDeJerarquia/span_Agregar Elementos' is clicked on

2023-08-14 08:27:54 - [TEST_STEP][PASSED] - delay(3): Delayed 3 second(s)

2023-08-14 08:27:57 - [MESSAGE][PASSED] - Delayed 3 second(s)

2023-08-14 08:27:57 - [TEST_STEP][PASSED] - click(findTestObject("WIZARD/1Modelo De Negocio/0ArbolDeJerarquia/span Agregar Elementos/label_Area General")): Object: 'Object Repository/WIZARD/1Modelo De Negocio/0ArbolDeJerarquia/span Agregar Elementos/label_Area General' is clicked on

2023-08-14 08:27:58 - [MESSAGE][PASSED] - Object: 'Object Repository/WIZARD/1Modelo De Negocio/0ArbolDeJerarquia/span Agregar Elementos/label_Area General' is clicked on

2023-08-14 08:27:58 - [TEST_STEP][PASSED] - click(findTestObject("WIZARD/1Modelo De Negocio/0ArbolDeJerarquia/span Agregar Elementos/btn_Agregar")): Object: 'Object Repository/WIZARD/1Modelo De Negocio/0ArbolDeJerarquia/span Agregar Elementos/btn_Agregar' is clicked on

2023-08-14 08:27:58 - [MESSAGE][PASSED] - Object: 'Object Repository/WIZARD/1Modelo De Negocio/0ArbolDeJerarquia/span Agregar Elementos/btn_Agregar' is clicked on

2023-08-14 08:27:58 - [TEST_STEP][PASSED] - delay(3): Delayed 3 second(s)

2023-08-14 08:28:01 - [MESSAGE][PASSED] - Delayed 3 second(s)

2023-08-14 08:28:01 - [TEST_STEP][PASSED] - takeFullPageScreenshot(): Taking screenshot successfully

2023-08-14 08:28:02 - [MESSAGE][INFO] - 0 hidden object(s)

2023-08-14 08:28:02 - [MESSAGE][PASSED] - Taking screenshot successfully
[[ATTACHMENT|C:\\CIEL INGENIERIA\\Katalon\\Digiturno55\\Reports\\20230814_081405\\WIZARD\\1Modelo De Negocio\\3.1 Agregar al arbol Area\\20230814_081416\\1692019681699.png]]

2023-08-14 08:28:02 - [TEST_STEP][PASSED] - delay(3): Delayed 3 second(s)

2023-08-14 08:28:05 - [MESSAGE][PASSED] - Delayed 3 second(s)

2023-08-14 08:28:05 - [TEST_STEP][PASSED] - Start listener action : sampleAfterTestCase: null]]></system-out>
         <system-err><![CDATA[]]></system-err>
      </testcase>
      <system-out><![CDATA[2023-08-14 08:27:37 - [TEST_SUITE][PASSED] - 3.1 Agregar al arbol Area: Test Cases/WIZARD/1Modelo De Negocio/3.1 Agregar al arbol Area]]></system-out>
      <system-err><![CDATA[]]></system-err>
   </testsuite>
</testsuites>
