<?xml version="1.0" encoding="UTF-8"?>
<testsuites name="43 Calificacion" time="44.751" tests="1" failures="0" errors="0">
   <testsuite name="43 Calificacion" tests="1" failures="0" errors="0" time="44.751" skipped="0" timestamp="2024-10-03 17:49:08" hostname="jdavila - PCPruebas101.ciel.cielingenieria.com" id="Test Suites/DIGITURNO/BASICO/43 Calificacion">
      <properties>
         <property name="deviceName" value=""/>
         <property name="devicePlatform" value=""/>
         <property name="logFolder" value="C:\\CIEL INGENIERIA\\Katalon\\Digiturno55\\Reports\\20241003_171202\\DIGITURNO\\BASICO\\43 Calificacion\\20241003_171302"/>
         <property name="logFiles" value="C:\\CIEL INGENIERIA\\Katalon\\Digiturno55\\Reports\\20241003_171202\\DIGITURNO\\BASICO\\43 Calificacion\\20241003_171302\\execution0.log"/>
         <property name="attachments" value="C:\\CIEL INGENIERIA\\Katalon\\Digiturno55\\Reports\\20241003_171202\\DIGITURNO\\BASICO\\43 Calificacion\\20241003_171302\\1727995765409.png, C:\\CIEL INGENIERIA\\Katalon\\Digiturno55\\Reports\\20241003_171202\\DIGITURNO\\BASICO\\43 Calificacion\\20241003_171302\\1727995772596.png, C:\\CIEL INGENIERIA\\Katalon\\Digiturno55\\Reports\\20241003_171202\\DIGITURNO\\BASICO\\43 Calificacion\\20241003_171302\\1727995789671.png"/>
         <property name="hostName" value="jdavila - PCPruebas101.ciel.cielingenieria.com"/>
         <property name="os" value="Windows 10 64bit"/>
         <property name="katalonVersion" value="8.6.9.208"/>
         <property name="browser" value="Chrome 129.0.0.0"/>
         <property name="hostAddress" value="192.168.91.13"/>
         <property name="sessionId" value="533b0a245caee05463ffbc4bda15f44f"/>
         <property name="seleniumVersion" value="3.141.59"/>
         <property name="proxyInformation" value="ProxyInformation { proxyOption=NO_PROXY, proxyServerType=HTTP, username=, password=********, proxyServerAddress=, proxyServerPort=0, executionList=&quot;&quot;, isApplyToDesiredCapabilities=true }"/>
         <property name="platform" value="Windows 10"/>
      </properties>
      <testcase name="Test Cases/DIGITURNO/BASICO/43 Calificacion Crear" time="44.471" classname="Test Cases/DIGITURNO/BASICO/43 Calificacion Crear" status="PASSED">
         <system-out><![CDATA[2024-10-03 17:49:08 - [TEST_CASE][PASSED] - Test Cases/DIGITURNO/BASICO/43 Calificacion Crear: Test Cases/DIGITURNO/BASICO/43 Calificacion Crear

2024-10-03 17:49:09 - [TEST_STEP][PASSED] - callTestCase(findTestCase("DIGITURNO/BASICO/32 Elementos del Sistema"), [:], STOP_ON_FAILURE): Call Test Case 'Test Cases/DIGITURNO/BASICO/32 Elementos del Sistema' successfully

2024-10-03 17:49:09 - [TEST_CASE][PASSED] - Test Cases/DIGITURNO/BASICO/32 Elementos del Sistema: Test Cases/DIGITURNO/BASICO/32 Elementos del Sistema

2024-10-03 17:49:09 - [TEST_STEP][PASSED] - callTestCase(findTestCase("DIGITURNO/BASICO/3 Configuracion"), [:], STOP_ON_FAILURE): Call Test Case 'Test Cases/DIGITURNO/BASICO/3 Configuracion' successfully

2024-10-03 17:49:09 - [TEST_CASE][PASSED] - Test Cases/DIGITURNO/BASICO/3 Configuracion: Test Cases/DIGITURNO/BASICO/3 Configuracion

2024-10-03 17:49:09 - [TEST_STEP][PASSED] - callTestCase(findTestCase("0InicioSesion"), [:], STOP_ON_FAILURE): Call Test Case 'Test Cases/0InicioSesion' successfully

2024-10-03 17:49:10 - [TEST_CASE][PASSED] - Test Cases/0InicioSesion: Test Cases/0InicioSesion

2024-10-03 17:49:10 - [TEST_STEP][PASSED] - openBrowser(UrlDigiturno): Browser is opened with url: 'https://PCPruebas101.ciel.cielingenieria.com:8910'

2024-10-03 17:49:10 - [MESSAGE][INFO] - Starting 'Chrome' driver

2024-10-03 17:49:10 - [MESSAGE][INFO] - User set preference: ['args', '[--use-fake-ui-for-media-stream, --disable-notifications]']

2024-10-03 17:49:10 - [MESSAGE][INFO] - Action delay is set to 0 milliseconds

2024-10-03 17:49:13 - [MESSAGE][PASSED] - Browser is opened with url: 'https://PCPruebas101.ciel.cielingenieria.com:8910'

2024-10-03 17:49:13 - [TEST_STEP][PASSED] - maximizeWindow(): Current window maximized

2024-10-03 17:49:13 - [MESSAGE][PASSED] - Current window maximized

2024-10-03 17:49:13 - [TEST_STEP][PASSED] - delay(3): Delayed 3 second(s)

2024-10-03 17:49:16 - [MESSAGE][PASSED] - Delayed 3 second(s)

2024-10-03 17:49:16 - [TEST_STEP][PASSED] - setText(findTestObject("0Inicio Sesion/input_Usuario"), "Ciel"): Text 'Ciel' is set on object 'Object Repository/0Inicio Sesion/input_Usuario'

2024-10-03 17:49:17 - [MESSAGE][PASSED] - Text 'Ciel' is set on object 'Object Repository/0Inicio Sesion/input_Usuario'

2024-10-03 17:49:17 - [TEST_STEP][PASSED] - setText(findTestObject("0Inicio Sesion/input_Clave"), "digiturno"): Text 'digiturno' is set on object 'Object Repository/0Inicio Sesion/input_Clave'

2024-10-03 17:49:18 - [MESSAGE][PASSED] - Text 'digiturno' is set on object 'Object Repository/0Inicio Sesion/input_Clave'

2024-10-03 17:49:18 - [TEST_STEP][PASSED] - click(findTestObject("0Inicio Sesion/btn_IniciarSesion")): Object: 'Object Repository/0Inicio Sesion/btn_IniciarSesion' is clicked on

2024-10-03 17:49:18 - [MESSAGE][PASSED] - Object: 'Object Repository/0Inicio Sesion/btn_IniciarSesion' is clicked on

2024-10-03 17:49:18 - [TEST_STEP][PASSED] - delay(3): Delayed 3 second(s)

2024-10-03 17:49:21 - [MESSAGE][PASSED] - Delayed 3 second(s)

2024-10-03 17:49:21 - [MESSAGE][PASSED] - Call Test Case 'Test Cases/0InicioSesion' successfully

2024-10-03 17:49:21 - [TEST_STEP][PASSED] - click(findTestObject("DIGITURNO/1Principal/img_Configuracion(1)")): Object: 'Object Repository/DIGITURNO/1Principal/img_Configuracion(1)' is clicked on

2024-10-03 17:49:22 - [MESSAGE][PASSED] - Object: 'Object Repository/DIGITURNO/1Principal/img_Configuracion(1)' is clicked on

2024-10-03 17:49:22 - [TEST_STEP][PASSED] - delay(3): Delayed 3 second(s)

2024-10-03 17:49:25 - [MESSAGE][PASSED] - Delayed 3 second(s)

2024-10-03 17:49:25 - [TEST_STEP][PASSED] - takeFullPageScreenshot(): Taking screenshot successfully

2024-10-03 17:49:25 - [MESSAGE][INFO] - 0 hidden object(s)

2024-10-03 17:49:26 - [MESSAGE][PASSED] - Taking screenshot successfully
[[ATTACHMENT|C:\\CIEL INGENIERIA\\Katalon\\Digiturno55\\Reports\\20241003_171202\\DIGITURNO\\BASICO\\43 Calificacion\\20241003_171302\\1727995765409.png]]

2024-10-03 17:49:26 - [TEST_STEP][PASSED] - delay(3): Delayed 3 second(s)

2024-10-03 17:49:29 - [MESSAGE][PASSED] - Delayed 3 second(s)

2024-10-03 17:49:29 - [MESSAGE][PASSED] - Call Test Case 'Test Cases/DIGITURNO/BASICO/3 Configuracion' successfully

2024-10-03 17:49:29 - [TEST_STEP][PASSED] - click(findTestObject("DIGITURNO/CONFIGURACION/0Principal/img_6Elementos del sistema")): Object: 'Object Repository/DIGITURNO/CONFIGURACION/0Principal/img_6Elementos del sistema' is clicked on

2024-10-03 17:49:29 - [MESSAGE][PASSED] - Object: 'Object Repository/DIGITURNO/CONFIGURACION/0Principal/img_6Elementos del sistema' is clicked on

2024-10-03 17:49:29 - [TEST_STEP][PASSED] - delay(3): Delayed 3 second(s)

2024-10-03 17:49:32 - [MESSAGE][PASSED] - Delayed 3 second(s)

2024-10-03 17:49:32 - [TEST_STEP][PASSED] - takeFullPageScreenshot(): Taking screenshot successfully

2024-10-03 17:49:32 - [MESSAGE][INFO] - 0 hidden object(s)

2024-10-03 17:49:33 - [MESSAGE][PASSED] - Taking screenshot successfully
[[ATTACHMENT|C:\\CIEL INGENIERIA\\Katalon\\Digiturno55\\Reports\\20241003_171202\\DIGITURNO\\BASICO\\43 Calificacion\\20241003_171302\\1727995772596.png]]

2024-10-03 17:49:33 - [TEST_STEP][PASSED] - delay(3): Delayed 3 second(s)

2024-10-03 17:49:36 - [MESSAGE][PASSED] - Delayed 3 second(s)

2024-10-03 17:49:36 - [MESSAGE][PASSED] - Call Test Case 'Test Cases/DIGITURNO/BASICO/32 Elementos del Sistema' successfully

2024-10-03 17:49:36 - [TEST_STEP][PASSED] - click(findTestObject("DIGITURNO/CONFIGURACION/6Elementos del Sistema/0Principal/img_4Calificacion")): Object: 'Object Repository/DIGITURNO/CONFIGURACION/6Elementos del Sistema/0Principal/img_4Calificacion' is clicked on

2024-10-03 17:49:36 - [MESSAGE][PASSED] - Object: 'Object Repository/DIGITURNO/CONFIGURACION/6Elementos del Sistema/0Principal/img_4Calificacion' is clicked on

2024-10-03 17:49:36 - [TEST_STEP][PASSED] - delay(3): Delayed 3 second(s)

2024-10-03 17:49:39 - [MESSAGE][PASSED] - Delayed 3 second(s)

2024-10-03 17:49:39 - [TEST_STEP][PASSED] - click(findTestObject("DIGITURNO/CONFIGURACION/6Elementos del Sistema/4 Calificacion/Lista de oficinas/td_1 Bogota - CIEL")): Object: 'Object Repository/DIGITURNO/CONFIGURACION/6Elementos del Sistema/4 Calificacion/Lista de oficinas/td_1 Bogota - CIEL' is clicked on

2024-10-03 17:49:40 - [MESSAGE][PASSED] - Object: 'Object Repository/DIGITURNO/CONFIGURACION/6Elementos del Sistema/4 Calificacion/Lista de oficinas/td_1 Bogota - CIEL' is clicked on

2024-10-03 17:49:40 - [TEST_STEP][PASSED] - delay(3): Delayed 3 second(s)

2024-10-03 17:49:43 - [MESSAGE][PASSED] - Delayed 3 second(s)

2024-10-03 17:49:43 - [TEST_STEP][PASSED] - setText(findTestObject("DIGITURNO/CONFIGURACION/6Elementos del Sistema/4 Calificacion/Preguntas/input_TextoPregunta"), "¿Cómo le pareció la atención brindada del Asesor?"): Text '¿Cómo le pareció la atención brindada del Asesor?' is set on object 'Object Repository/DIGITURNO/CONFIGURACION/6Elementos del Sistema/4 Calificacion/Preguntas/input_TextoPregunta'

2024-10-03 17:49:44 - [MESSAGE][PASSED] - Text '¿Cómo le pareció la atención brindada del Asesor?' is set on object 'Object Repository/DIGITURNO/CONFIGURACION/6Elementos del Sistema/4 Calificacion/Preguntas/input_TextoPregunta'

2024-10-03 17:49:44 - [TEST_STEP][PASSED] - delay(2): Delayed 2 second(s)

2024-10-03 17:49:46 - [MESSAGE][PASSED] - Delayed 2 second(s)

2024-10-03 17:49:46 - [TEST_STEP][PASSED] - click(findTestObject("DIGITURNO/CONFIGURACION/6Elementos del Sistema/4 Calificacion/Preguntas/img_Nuevo")): Object: 'Object Repository/DIGITURNO/CONFIGURACION/6Elementos del Sistema/4 Calificacion/Preguntas/img_Nuevo' is clicked on

2024-10-03 17:49:46 - [MESSAGE][PASSED] - Object: 'Object Repository/DIGITURNO/CONFIGURACION/6Elementos del Sistema/4 Calificacion/Preguntas/img_Nuevo' is clicked on

2024-10-03 17:49:46 - [TEST_STEP][PASSED] - delay(3): Delayed 3 second(s)

2024-10-03 17:49:49 - [MESSAGE][PASSED] - Delayed 3 second(s)

2024-10-03 17:49:49 - [TEST_STEP][PASSED] - takeFullPageScreenshot(): Taking screenshot successfully

2024-10-03 17:49:50 - [MESSAGE][INFO] - 0 hidden object(s)

2024-10-03 17:49:50 - [MESSAGE][PASSED] - Taking screenshot successfully
[[ATTACHMENT|C:\\CIEL INGENIERIA\\Katalon\\Digiturno55\\Reports\\20241003_171202\\DIGITURNO\\BASICO\\43 Calificacion\\20241003_171302\\1727995789671.png]]

2024-10-03 17:49:50 - [TEST_STEP][PASSED] - delay(3): Delayed 3 second(s)

2024-10-03 17:49:53 - [MESSAGE][PASSED] - Delayed 3 second(s)

2024-10-03 17:49:53 - [TEST_STEP][PASSED] - Start listener action : sampleAfterTestCase: null]]></system-out>
         <system-err><![CDATA[]]></system-err>
      </testcase>
      <system-out><![CDATA[2024-10-03 17:49:08 - [TEST_SUITE][PASSED] - 43 Calificacion: Test Cases/DIGITURNO/BASICO/43 Calificacion Crear]]></system-out>
      <system-err><![CDATA[]]></system-err>
   </testsuite>
</testsuites>
