<?xml version="1.0" encoding="UTF-8"?>
<testsuites name="2.1 Creacion Elementos Area" time="49.275" tests="1" failures="0" errors="0">
   <testsuite name="2.1 Creacion Elementos Area" tests="1" failures="0" errors="0" time="49.275" skipped="0" timestamp="2023-08-14 08:16:14" hostname="jdavila - PCPruebas101.ciel.cielingenieria.com" id="Test Suites/WIZARD/1Modelo De Negocio/2.1 Creacion Elementos Area">
      <properties>
         <property name="deviceName" value=""/>
         <property name="devicePlatform" value=""/>
         <property name="logFolder" value="C:\\CIEL INGENIERIA\\Katalon\\Digiturno55\\Reports\\20230814_081405\\WIZARD\\1Modelo De Negocio\\2.1 Creacion Elementos Area\\20230814_081408"/>
         <property name="logFiles" value="C:\\CIEL INGENIERIA\\Katalon\\Digiturno55\\Reports\\20230814_081405\\WIZARD\\1Modelo De Negocio\\2.1 Creacion Elementos Area\\20230814_081408\\execution0.log"/>
         <property name="attachments" value=""/>
         <property name="hostName" value="jdavila - PCPruebas101.ciel.cielingenieria.com"/>
         <property name="os" value="Windows 10 64bit"/>
         <property name="katalonVersion" value="8.6.0.208"/>
         <property name="browser" value="Chrome 115.0.0.0"/>
         <property name="hostAddress" value="192.168.0.33"/>
         <property name="sessionId" value="aa3df56b746985213279b52a9c715254"/>
         <property name="seleniumVersion" value="3.141.59"/>
         <property name="proxyInformation" value="ProxyInformation { proxyOption=NO_PROXY, proxyServerType=HTTP, username=, password=********, proxyServerAddress=, proxyServerPort=0, executionList=&quot;&quot;, isApplyToDesiredCapabilities=true }"/>
         <property name="platform" value="Windows 10"/>
      </properties>
      <testcase name="Test Cases/WIZARD/1Modelo De Negocio/2.1 Creacion Elementos Area" time="49.025" classname="Test Cases/WIZARD/1Modelo De Negocio/2.1 Creacion Elementos Area" status="PASSED">
         <system-out><![CDATA[2023-08-14 08:16:14 - [TEST_CASE][PASSED] - Test Cases/WIZARD/1Modelo De Negocio/2.1 Creacion Elementos Area: Test Cases/WIZARD/1Modelo De Negocio/2.1 Creacion Elementos Area

2023-08-14 08:16:14 - [TEST_STEP][PASSED] - callTestCase(findTestCase("0InicioSesion"), [:], STOP_ON_FAILURE): Call Test Case 'Test Cases/0InicioSesion' successfully

2023-08-14 08:16:14 - [TEST_CASE][PASSED] - Test Cases/0InicioSesion: Test Cases/0InicioSesion

2023-08-14 08:16:15 - [TEST_STEP][PASSED] - openBrowser(UrlDigiturno): Browser is opened with url: 'https://PCPruebas101.ciel.cielingenieria.com:8610'

2023-08-14 08:16:15 - [MESSAGE][INFO] - Starting 'Chrome' driver

2023-08-14 08:16:15 - [MESSAGE][INFO] - User set preference: ['args', '[--use-fake-ui-for-media-stream, --disable-notifications]']

2023-08-14 08:16:15 - [MESSAGE][INFO] - Action delay is set to 0 milliseconds

2023-08-14 08:16:18 - [MESSAGE][PASSED] - Browser is opened with url: 'https://PCPruebas101.ciel.cielingenieria.com:8610'

2023-08-14 08:16:18 - [TEST_STEP][PASSED] - maximizeWindow(): Current window maximized

2023-08-14 08:16:18 - [MESSAGE][PASSED] - Current window maximized

2023-08-14 08:16:18 - [TEST_STEP][PASSED] - delay(3): Delayed 3 second(s)

2023-08-14 08:16:21 - [MESSAGE][PASSED] - Delayed 3 second(s)

2023-08-14 08:16:21 - [TEST_STEP][PASSED] - setText(findTestObject("0Inicio Sesion/input_Usuario"), "Ciel"): Text 'Ciel' is set on object 'Object Repository/0Inicio Sesion/input_Usuario'

2023-08-14 08:16:22 - [MESSAGE][PASSED] - Text 'Ciel' is set on object 'Object Repository/0Inicio Sesion/input_Usuario'

2023-08-14 08:16:22 - [TEST_STEP][PASSED] - setText(findTestObject("0Inicio Sesion/input_Clave"), "digiturno"): Text 'digiturno' is set on object 'Object Repository/0Inicio Sesion/input_Clave'

2023-08-14 08:16:23 - [MESSAGE][PASSED] - Text 'digiturno' is set on object 'Object Repository/0Inicio Sesion/input_Clave'

2023-08-14 08:16:23 - [TEST_STEP][PASSED] - click(findTestObject("0Inicio Sesion/btn_IniciarSesion")): Object: 'Object Repository/0Inicio Sesion/btn_IniciarSesion' is clicked on

2023-08-14 08:16:23 - [MESSAGE][PASSED] - Object: 'Object Repository/0Inicio Sesion/btn_IniciarSesion' is clicked on

2023-08-14 08:16:23 - [TEST_STEP][PASSED] - delay(3): Delayed 3 second(s)

2023-08-14 08:16:26 - [MESSAGE][PASSED] - Delayed 3 second(s)

2023-08-14 08:16:26 - [MESSAGE][PASSED] - Call Test Case 'Test Cases/0InicioSesion' successfully

2023-08-14 08:16:26 - [TEST_STEP][PASSED] - click(findTestObject("WIZARD/0Principal/img_ModeloDeNegocioMAX")): Object: 'Object Repository/WIZARD/0Principal/img_ModeloDeNegocioMAX' is clicked on

2023-08-14 08:16:27 - [MESSAGE][PASSED] - Object: 'Object Repository/WIZARD/0Principal/img_ModeloDeNegocioMAX' is clicked on

2023-08-14 08:16:27 - [TEST_STEP][PASSED] - delay(3): Delayed 3 second(s)

2023-08-14 08:16:30 - [MESSAGE][PASSED] - Delayed 3 second(s)

2023-08-14 08:16:30 - [TEST_STEP][PASSED] - click(findTestObject("WIZARD/1Modelo De Negocio/00Menu/span_Elementos")): Object: 'Object Repository/WIZARD/1Modelo De Negocio/00Menu/span_Elementos' is clicked on

2023-08-14 08:16:31 - [MESSAGE][PASSED] - Object: 'Object Repository/WIZARD/1Modelo De Negocio/00Menu/span_Elementos' is clicked on

2023-08-14 08:16:31 - [TEST_STEP][PASSED] - delay(3): Delayed 3 second(s)

2023-08-14 08:16:34 - [MESSAGE][PASSED] - Delayed 3 second(s)

2023-08-14 08:16:34 - [TEST_STEP][PASSED] - click(findTestObject("WIZARD/1Modelo De Negocio/2Elementos/Nivel/option_1Area")): Object: 'Object Repository/WIZARD/1Modelo De Negocio/2Elementos/Nivel/option_1Area' is clicked on

2023-08-14 08:16:35 - [MESSAGE][PASSED] - Object: 'Object Repository/WIZARD/1Modelo De Negocio/2Elementos/Nivel/option_1Area' is clicked on

2023-08-14 08:16:35 - [TEST_STEP][PASSED] - delay(3): Delayed 3 second(s)

2023-08-14 08:16:38 - [MESSAGE][PASSED] - Delayed 3 second(s)

2023-08-14 08:16:38 - [TEST_STEP][PASSED] - click(findTestObject("WIZARD/1Modelo De Negocio/2Elementos/Nivel/Area/td_AG1")): Object: 'Object Repository/WIZARD/1Modelo De Negocio/2Elementos/Nivel/Area/td_AG1' is clicked on

2023-08-14 08:16:38 - [MESSAGE][PASSED] - Object: 'Object Repository/WIZARD/1Modelo De Negocio/2Elementos/Nivel/Area/td_AG1' is clicked on

2023-08-14 08:16:38 - [TEST_STEP][PASSED] - delay(3): Delayed 3 second(s)

2023-08-14 08:16:41 - [MESSAGE][PASSED] - Delayed 3 second(s)

2023-08-14 08:16:41 - [TEST_STEP][PASSED] - setText(findTestObject("WIZARD/1Modelo De Negocio/2Elementos/Edicion de Elementos/input_Nombre Elemento"), "Area General"): Text 'Area General' is set on object 'Object Repository/WIZARD/1Modelo De Negocio/2Elementos/Edicion de Elementos/input_Nombre Elemento'

2023-08-14 08:16:42 - [MESSAGE][PASSED] - Text 'Area General' is set on object 'Object Repository/WIZARD/1Modelo De Negocio/2Elementos/Edicion de Elementos/input_Nombre Elemento'

2023-08-14 08:16:42 - [TEST_STEP][PASSED] - setText(findTestObject("WIZARD/1Modelo De Negocio/2Elementos/Edicion de Elementos/input_Descripcion Elemento"), "Area General"): Text 'Area General' is set on object 'Object Repository/WIZARD/1Modelo De Negocio/2Elementos/Edicion de Elementos/input_Descripcion Elemento'

2023-08-14 08:16:43 - [MESSAGE][PASSED] - Text 'Area General' is set on object 'Object Repository/WIZARD/1Modelo De Negocio/2Elementos/Edicion de Elementos/input_Descripcion Elemento'

2023-08-14 08:16:43 - [TEST_STEP][PASSED] - executeJavaScript("return document.getElementById('ContentPlaceHolder1_lnkTiempoMaxAtencion').click()", []): Execute JavaScript 'return document.getElementById('ContentPlaceHolder1_lnkTiempoMaxAtencion').click()' successfully

2023-08-14 08:16:43 - [MESSAGE][PASSED] - Execute JavaScript 'return document.getElementById('ContentPlaceHolder1_lnkTiempoMaxAtencion').click()' successfully

2023-08-14 08:16:43 - [TEST_STEP][PASSED] - delay(3): Delayed 3 second(s)

2023-08-14 08:16:46 - [MESSAGE][PASSED] - Delayed 3 second(s)

2023-08-14 08:16:46 - [TEST_STEP][PASSED] - clearText(findTestObject("WIZARD/1Modelo De Negocio/2ModalTiempoMaxAtencion/input_Minutos")): Text of object 'Object Repository/WIZARD/1Modelo De Negocio/2ModalTiempoMaxAtencion/input_Minutos' is cleared

2023-08-14 08:16:46 - [MESSAGE][PASSED] - Text of object 'Object Repository/WIZARD/1Modelo De Negocio/2ModalTiempoMaxAtencion/input_Minutos' is cleared

2023-08-14 08:16:46 - [TEST_STEP][PASSED] - delay(2): Delayed 2 second(s)

2023-08-14 08:16:48 - [MESSAGE][PASSED] - Delayed 2 second(s)

2023-08-14 08:16:48 - [TEST_STEP][PASSED] - executeJavaScript("return document.getElementById('ContentPlaceHolder1_TimeSpanControlMaxTiempo_txtMinuto').value=10", []): Execute JavaScript 'return document.getElementById('ContentPlaceHolder1_TimeSpanControlMaxTiempo_txtMinuto').value=10' successfully

2023-08-14 08:16:48 - [MESSAGE][PASSED] - Execute JavaScript 'return document.getElementById('ContentPlaceHolder1_TimeSpanControlMaxTiempo_txtMinuto').value=10' successfully

2023-08-14 08:16:48 - [TEST_STEP][PASSED] - click(findTestObject("WIZARD/1Modelo De Negocio/2ModalTiempoMaxAtencion/btn_Aceptar")): Object: 'Object Repository/WIZARD/1Modelo De Negocio/2ModalTiempoMaxAtencion/btn_Aceptar' is clicked on

2023-08-14 08:16:49 - [MESSAGE][PASSED] - Object: 'Object Repository/WIZARD/1Modelo De Negocio/2ModalTiempoMaxAtencion/btn_Aceptar' is clicked on

2023-08-14 08:16:49 - [TEST_STEP][PASSED] - delay(3): Delayed 3 second(s)

2023-08-14 08:16:52 - [MESSAGE][PASSED] - Delayed 3 second(s)

2023-08-14 08:16:52 - [TEST_STEP][PASSED] - executeJavaScript("return document.getElementById('ContentPlaceHolder1_lnkTiempoControaldoAtencion').click()", []): Execute JavaScript 'return document.getElementById('ContentPlaceHolder1_lnkTiempoControaldoAtencion').click()' successfully

2023-08-14 08:16:52 - [MESSAGE][PASSED] - Execute JavaScript 'return document.getElementById('ContentPlaceHolder1_lnkTiempoControaldoAtencion').click()' successfully

2023-08-14 08:16:52 - [TEST_STEP][PASSED] - delay(3): Delayed 3 second(s)

2023-08-14 08:16:55 - [MESSAGE][PASSED] - Delayed 3 second(s)

2023-08-14 08:16:55 - [TEST_STEP][PASSED] - clearText(findTestObject("WIZARD/1Modelo De Negocio/2Modal Tiempo Controlado de atencion/input_Minutos")): Text of object 'Object Repository/WIZARD/1Modelo De Negocio/2Modal Tiempo Controlado de atencion/input_Minutos' is cleared

2023-08-14 08:16:55 - [MESSAGE][PASSED] - Text of object 'Object Repository/WIZARD/1Modelo De Negocio/2Modal Tiempo Controlado de atencion/input_Minutos' is cleared

2023-08-14 08:16:55 - [TEST_STEP][PASSED] - setText(findTestObject("WIZARD/1Modelo De Negocio/2Modal Tiempo Controlado de atencion/input_Minutos"), "5"): Text '5' is set on object 'Object Repository/WIZARD/1Modelo De Negocio/2Modal Tiempo Controlado de atencion/input_Minutos'

2023-08-14 08:16:56 - [MESSAGE][PASSED] - Text '5' is set on object 'Object Repository/WIZARD/1Modelo De Negocio/2Modal Tiempo Controlado de atencion/input_Minutos'

2023-08-14 08:16:56 - [TEST_STEP][PASSED] - click(findTestObject("WIZARD/1Modelo De Negocio/2Modal Tiempo Controlado de atencion/btn_Aceptar")): Object: 'Object Repository/WIZARD/1Modelo De Negocio/2Modal Tiempo Controlado de atencion/btn_Aceptar' is clicked on

2023-08-14 08:16:57 - [MESSAGE][PASSED] - Object: 'Object Repository/WIZARD/1Modelo De Negocio/2Modal Tiempo Controlado de atencion/btn_Aceptar' is clicked on

2023-08-14 08:16:57 - [TEST_STEP][PASSED] - delay(3): Delayed 3 second(s)

2023-08-14 08:17:00 - [MESSAGE][PASSED] - Delayed 3 second(s)

2023-08-14 08:17:00 - [TEST_STEP][PASSED] - click(findTestObject("WIZARD/1Modelo De Negocio/2Elementos/Edicion de Elementos/btn_Actualizar")): Object: 'Object Repository/WIZARD/1Modelo De Negocio/2Elementos/Edicion de Elementos/btn_Actualizar' is clicked on

2023-08-14 08:17:00 - [MESSAGE][PASSED] - Object: 'Object Repository/WIZARD/1Modelo De Negocio/2Elementos/Edicion de Elementos/btn_Actualizar' is clicked on

2023-08-14 08:17:00 - [TEST_STEP][PASSED] - delay(3): Delayed 3 second(s)

2023-08-14 08:17:03 - [MESSAGE][PASSED] - Delayed 3 second(s)

2023-08-14 08:17:03 - [TEST_STEP][PASSED] - Start listener action : sampleAfterTestCase: null]]></system-out>
         <system-err><![CDATA[]]></system-err>
      </testcase>
      <system-out><![CDATA[2023-08-14 08:16:14 - [TEST_SUITE][PASSED] - 2.1 Creacion Elementos Area: Test Cases/WIZARD/1Modelo De Negocio/2.1 Creacion Elementos Area]]></system-out>
      <system-err><![CDATA[]]></system-err>
   </testsuite>
</testsuites>
