<?xml version="1.0" encoding="UTF-8"?>
<testsuites name="70 Usuarios por perfil" time="42.449" tests="1" failures="0" errors="0">
   <testsuite name="70 Usuarios por perfil" tests="1" failures="0" errors="0" time="42.449" skipped="0" timestamp="2024-10-03 18:02:37" hostname="jdavila - PCPruebas101.ciel.cielingenieria.com" id="Test Suites/DIGITURNO/BASICO/70 Usuarios por perfil">
      <properties>
         <property name="deviceName" value=""/>
         <property name="devicePlatform" value=""/>
         <property name="logFolder" value="C:\\CIEL INGENIERIA\\Katalon\\Digiturno55\\Reports\\20241003_171202\\DIGITURNO\\BASICO\\70 Usuarios por perfil\\20241003_171324"/>
         <property name="logFiles" value="C:\\CIEL INGENIERIA\\Katalon\\Digiturno55\\Reports\\20241003_171202\\DIGITURNO\\BASICO\\70 Usuarios por perfil\\20241003_171324\\execution0.log"/>
         <property name="attachments" value="C:\\CIEL INGENIERIA\\Katalon\\Digiturno55\\Reports\\20241003_171202\\DIGITURNO\\BASICO\\70 Usuarios por perfil\\20241003_171324\\1727996577940.png, C:\\CIEL INGENIERIA\\Katalon\\Digiturno55\\Reports\\20241003_171202\\DIGITURNO\\BASICO\\70 Usuarios por perfil\\20241003_171324\\1727996589208.png, C:\\CIEL INGENIERIA\\Katalon\\Digiturno55\\Reports\\20241003_171202\\DIGITURNO\\BASICO\\70 Usuarios por perfil\\20241003_171324\\1727996596682.png"/>
         <property name="hostName" value="jdavila - PCPruebas101.ciel.cielingenieria.com"/>
         <property name="os" value="Windows 10 64bit"/>
         <property name="katalonVersion" value="8.6.9.208"/>
         <property name="browser" value="Chrome 129.0.0.0"/>
         <property name="hostAddress" value="192.168.91.13"/>
         <property name="sessionId" value="be40b74697004252fda960eef3fa39a9"/>
         <property name="seleniumVersion" value="3.141.59"/>
         <property name="proxyInformation" value="ProxyInformation { proxyOption=NO_PROXY, proxyServerType=HTTP, username=, password=********, proxyServerAddress=, proxyServerPort=0, executionList=&quot;&quot;, isApplyToDesiredCapabilities=true }"/>
         <property name="platform" value="Windows 10"/>
      </properties>
      <testcase name="Test Cases/DIGITURNO/BASICO/70 Usuario por perfil" time="42.152" classname="Test Cases/DIGITURNO/BASICO/70 Usuario por perfil" status="PASSED">
         <system-out><![CDATA[2024-10-03 18:02:37 - [TEST_CASE][PASSED] - Test Cases/DIGITURNO/BASICO/70 Usuario por perfil: Test Cases/DIGITURNO/BASICO/70 Usuario por perfil

2024-10-03 18:02:38 - [TEST_STEP][PASSED] - callTestCase(findTestCase("DIGITURNO/BASICO/5 Usuarios"), [:], STOP_ON_FAILURE): Call Test Case 'Test Cases/DIGITURNO/BASICO/5 Usuarios' successfully

2024-10-03 18:02:38 - [TEST_CASE][PASSED] - Test Cases/DIGITURNO/BASICO/5 Usuarios: Test Cases/DIGITURNO/BASICO/5 Usuarios

2024-10-03 18:02:38 - [TEST_STEP][PASSED] - callTestCase(findTestCase("0InicioSesion"), [:], STOP_ON_FAILURE): Call Test Case 'Test Cases/0InicioSesion' successfully

2024-10-03 18:02:38 - [TEST_CASE][PASSED] - Test Cases/0InicioSesion: Test Cases/0InicioSesion

2024-10-03 18:02:39 - [TEST_STEP][PASSED] - openBrowser(UrlDigiturno): Browser is opened with url: 'https://PCPruebas101.ciel.cielingenieria.com:8910'

2024-10-03 18:02:39 - [MESSAGE][INFO] - Starting 'Chrome' driver

2024-10-03 18:02:39 - [MESSAGE][INFO] - User set preference: ['args', '[--use-fake-ui-for-media-stream, --disable-notifications]']

2024-10-03 18:02:39 - [MESSAGE][INFO] - Action delay is set to 0 milliseconds

2024-10-03 18:02:42 - [MESSAGE][PASSED] - Browser is opened with url: 'https://PCPruebas101.ciel.cielingenieria.com:8910'

2024-10-03 18:02:42 - [TEST_STEP][PASSED] - maximizeWindow(): Current window maximized

2024-10-03 18:02:42 - [MESSAGE][PASSED] - Current window maximized

2024-10-03 18:02:42 - [TEST_STEP][PASSED] - delay(3): Delayed 3 second(s)

2024-10-03 18:02:45 - [MESSAGE][PASSED] - Delayed 3 second(s)

2024-10-03 18:02:45 - [TEST_STEP][PASSED] - setText(findTestObject("0Inicio Sesion/input_Usuario"), "Ciel"): Text 'Ciel' is set on object 'Object Repository/0Inicio Sesion/input_Usuario'

2024-10-03 18:02:46 - [MESSAGE][PASSED] - Text 'Ciel' is set on object 'Object Repository/0Inicio Sesion/input_Usuario'

2024-10-03 18:02:46 - [TEST_STEP][PASSED] - setText(findTestObject("0Inicio Sesion/input_Clave"), "digiturno"): Text 'digiturno' is set on object 'Object Repository/0Inicio Sesion/input_Clave'

2024-10-03 18:02:47 - [MESSAGE][PASSED] - Text 'digiturno' is set on object 'Object Repository/0Inicio Sesion/input_Clave'

2024-10-03 18:02:47 - [TEST_STEP][PASSED] - click(findTestObject("0Inicio Sesion/btn_IniciarSesion")): Object: 'Object Repository/0Inicio Sesion/btn_IniciarSesion' is clicked on

2024-10-03 18:02:47 - [MESSAGE][PASSED] - Object: 'Object Repository/0Inicio Sesion/btn_IniciarSesion' is clicked on

2024-10-03 18:02:47 - [TEST_STEP][PASSED] - delay(3): Delayed 3 second(s)

2024-10-03 18:02:50 - [MESSAGE][PASSED] - Delayed 3 second(s)

2024-10-03 18:02:50 - [MESSAGE][PASSED] - Call Test Case 'Test Cases/0InicioSesion' successfully

2024-10-03 18:02:50 - [TEST_STEP][PASSED] - click(findTestObject("DIGITURNO/1Principal/img_Configuracion(1)")): Object: 'Object Repository/DIGITURNO/1Principal/img_Configuracion(1)' is clicked on

2024-10-03 18:02:51 - [MESSAGE][PASSED] - Object: 'Object Repository/DIGITURNO/1Principal/img_Configuracion(1)' is clicked on

2024-10-03 18:02:51 - [TEST_STEP][PASSED] - delay(3): Delayed 3 second(s)

2024-10-03 18:02:54 - [MESSAGE][PASSED] - Delayed 3 second(s)

2024-10-03 18:02:54 - [TEST_STEP][PASSED] - click(findTestObject("DIGITURNO/CONFIGURACION/0Principal/img_4Usuarios")): Object: 'Object Repository/DIGITURNO/CONFIGURACION/0Principal/img_4Usuarios' is clicked on

2024-10-03 18:02:54 - [MESSAGE][PASSED] - Object: 'Object Repository/DIGITURNO/CONFIGURACION/0Principal/img_4Usuarios' is clicked on

2024-10-03 18:02:54 - [TEST_STEP][PASSED] - delay(3): Delayed 3 second(s)

2024-10-03 18:02:57 - [MESSAGE][PASSED] - Delayed 3 second(s)

2024-10-03 18:02:57 - [TEST_STEP][PASSED] - takeFullPageScreenshot(STOP_ON_FAILURE): Taking screenshot successfully

2024-10-03 18:02:58 - [MESSAGE][INFO] - 0 hidden object(s)

2024-10-03 18:02:58 - [MESSAGE][PASSED] - Taking screenshot successfully
[[ATTACHMENT|C:\\CIEL INGENIERIA\\Katalon\\Digiturno55\\Reports\\20241003_171202\\DIGITURNO\\BASICO\\70 Usuarios por perfil\\20241003_171324\\1727996577940.png]]

2024-10-03 18:02:58 - [TEST_STEP][PASSED] - delay(3): Delayed 3 second(s)

2024-10-03 18:03:01 - [MESSAGE][PASSED] - Delayed 3 second(s)

2024-10-03 18:03:01 - [MESSAGE][PASSED] - Call Test Case 'Test Cases/DIGITURNO/BASICO/5 Usuarios' successfully

2024-10-03 18:03:01 - [TEST_STEP][PASSED] - click(findTestObject("DIGITURNO/CONFIGURACION/4Usuarios/0Principal/img_6Usuario por Perfil")): Object: 'Object Repository/DIGITURNO/CONFIGURACION/4Usuarios/0Principal/img_6Usuario por Perfil' is clicked on

2024-10-03 18:03:02 - [MESSAGE][PASSED] - Object: 'Object Repository/DIGITURNO/CONFIGURACION/4Usuarios/0Principal/img_6Usuario por Perfil' is clicked on

2024-10-03 18:03:02 - [TEST_STEP][PASSED] - delay(3): Delayed 3 second(s)

2024-10-03 18:03:05 - [MESSAGE][PASSED] - Delayed 3 second(s)

2024-10-03 18:03:05 - [TEST_STEP][PASSED] - selectOptionByIndex(findTestObject("DIGITURNO/CONFIGURACION/4Usuarios/6Usuario por perfil/select_Perfiles"), 1): All options with index in [1] are selected on object 'Object Repository/DIGITURNO/CONFIGURACION/4Usuarios/6Usuario por perfil/select_Perfiles'

2024-10-03 18:03:06 - [MESSAGE][PASSED] - All options with index in [1] are selected on object 'Object Repository/DIGITURNO/CONFIGURACION/4Usuarios/6Usuario por perfil/select_Perfiles'

2024-10-03 18:03:06 - [TEST_STEP][PASSED] - delay(3): Delayed 3 second(s)

2024-10-03 18:03:09 - [MESSAGE][PASSED] - Delayed 3 second(s)

2024-10-03 18:03:09 - [TEST_STEP][PASSED] - takeFullPageScreenshot(): Taking screenshot successfully

2024-10-03 18:03:09 - [MESSAGE][INFO] - 0 hidden object(s)

2024-10-03 18:03:09 - [MESSAGE][PASSED] - Taking screenshot successfully
[[ATTACHMENT|C:\\CIEL INGENIERIA\\Katalon\\Digiturno55\\Reports\\20241003_171202\\DIGITURNO\\BASICO\\70 Usuarios por perfil\\20241003_171324\\1727996589208.png]]

2024-10-03 18:03:09 - [TEST_STEP][PASSED] - delay(3): Delayed 3 second(s)

2024-10-03 18:03:12 - [MESSAGE][PASSED] - Delayed 3 second(s)

2024-10-03 18:03:12 - [TEST_STEP][PASSED] - selectOptionByIndex(findTestObject("DIGITURNO/CONFIGURACION/4Usuarios/6Usuario por perfil/select_Perfiles"), 0): All options with index in [0] are selected on object 'Object Repository/DIGITURNO/CONFIGURACION/4Usuarios/6Usuario por perfil/select_Perfiles'

2024-10-03 18:03:13 - [MESSAGE][PASSED] - All options with index in [0] are selected on object 'Object Repository/DIGITURNO/CONFIGURACION/4Usuarios/6Usuario por perfil/select_Perfiles'

2024-10-03 18:03:13 - [TEST_STEP][PASSED] - delay(3): Delayed 3 second(s)

2024-10-03 18:03:16 - [MESSAGE][PASSED] - Delayed 3 second(s)

2024-10-03 18:03:16 - [TEST_STEP][PASSED] - takeFullPageScreenshot(): Taking screenshot successfully

2024-10-03 18:03:17 - [MESSAGE][INFO] - 0 hidden object(s)

2024-10-03 18:03:17 - [MESSAGE][PASSED] - Taking screenshot successfully
[[ATTACHMENT|C:\\CIEL INGENIERIA\\Katalon\\Digiturno55\\Reports\\20241003_171202\\DIGITURNO\\BASICO\\70 Usuarios por perfil\\20241003_171324\\1727996596682.png]]

2024-10-03 18:03:17 - [TEST_STEP][PASSED] - delay(3): Delayed 3 second(s)

2024-10-03 18:03:20 - [MESSAGE][PASSED] - Delayed 3 second(s)

2024-10-03 18:03:20 - [TEST_STEP][PASSED] - Start listener action : sampleAfterTestCase: null]]></system-out>
         <system-err><![CDATA[]]></system-err>
      </testcase>
      <system-out><![CDATA[2024-10-03 18:02:37 - [TEST_SUITE][PASSED] - 70 Usuarios por perfil: Test Cases/DIGITURNO/BASICO/70 Usuario por perfil]]></system-out>
      <system-err><![CDATA[]]></system-err>
   </testsuite>
</testsuites>
