<?xml version="1.0" encoding="UTF-8"?>
<testsuites name="3.3 Agregar al arbol Servicios" time="57.138" tests="1" failures="0" errors="0">
   <testsuite name="3.3 Agregar al arbol Servicios" tests="1" failures="0" errors="0" time="57.138" skipped="0" timestamp="2023-08-14 08:29:04" hostname="jdavila - PCPruebas101.ciel.cielingenieria.com" id="Test Suites/WIZARD/1Modelo De Negocio/3.3 Agregar al arbol Servicios">
      <properties>
         <property name="deviceName" value=""/>
         <property name="devicePlatform" value=""/>
         <property name="logFolder" value="C:\\CIEL INGENIERIA\\Katalon\\Digiturno55\\Reports\\20230814_081405\\WIZARD\\1Modelo De Negocio\\3.3 Agregar al arbol Servicios\\20230814_081421"/>
         <property name="logFiles" value="C:\\CIEL INGENIERIA\\Katalon\\Digiturno55\\Reports\\20230814_081405\\WIZARD\\1Modelo De Negocio\\3.3 Agregar al arbol Servicios\\20230814_081421\\execution0.log"/>
         <property name="attachments" value="C:\\CIEL INGENIERIA\\Katalon\\Digiturno55\\Reports\\20230814_081405\\WIZARD\\1Modelo De Negocio\\3.3 Agregar al arbol Servicios\\20230814_081421\\1692019797947.png"/>
         <property name="hostName" value="jdavila - PCPruebas101.ciel.cielingenieria.com"/>
         <property name="os" value="Windows 10 64bit"/>
         <property name="katalonVersion" value="8.6.0.208"/>
         <property name="browser" value="Chrome 115.0.0.0"/>
         <property name="hostAddress" value="192.168.0.33"/>
         <property name="sessionId" value="fda7fd607f3e26a6e592cf4e8f9dd8fc"/>
         <property name="seleniumVersion" value="3.141.59"/>
         <property name="proxyInformation" value="ProxyInformation { proxyOption=NO_PROXY, proxyServerType=HTTP, username=, password=********, proxyServerAddress=, proxyServerPort=0, executionList=&quot;&quot;, isApplyToDesiredCapabilities=true }"/>
         <property name="platform" value="Windows 10"/>
      </properties>
      <testcase name="Test Cases/WIZARD/1Modelo De Negocio/3.3 Agregar al arbol Servicios" time="56.874" classname="Test Cases/WIZARD/1Modelo De Negocio/3.3 Agregar al arbol Servicios" status="PASSED">
         <system-out><![CDATA[2023-08-14 08:29:04 - [TEST_CASE][PASSED] - Test Cases/WIZARD/1Modelo De Negocio/3.3 Agregar al arbol Servicios: Test Cases/WIZARD/1Modelo De Negocio/3.3 Agregar al arbol Servicios

2023-08-14 08:29:05 - [TEST_STEP][PASSED] - callTestCase(findTestCase("0InicioSesion"), [:], STOP_ON_FAILURE): Call Test Case 'Test Cases/0InicioSesion' successfully

2023-08-14 08:29:05 - [TEST_CASE][PASSED] - Test Cases/0InicioSesion: Test Cases/0InicioSesion

2023-08-14 08:29:05 - [TEST_STEP][PASSED] - openBrowser(UrlDigiturno): Browser is opened with url: 'https://PCPruebas101.ciel.cielingenieria.com:8610'

2023-08-14 08:29:06 - [MESSAGE][INFO] - Starting 'Chrome' driver

2023-08-14 08:29:06 - [MESSAGE][INFO] - User set preference: ['args', '[--use-fake-ui-for-media-stream, --disable-notifications]']

2023-08-14 08:29:06 - [MESSAGE][INFO] - Action delay is set to 0 milliseconds

2023-08-14 08:29:08 - [MESSAGE][PASSED] - Browser is opened with url: 'https://PCPruebas101.ciel.cielingenieria.com:8610'

2023-08-14 08:29:08 - [TEST_STEP][PASSED] - maximizeWindow(): Current window maximized

2023-08-14 08:29:09 - [MESSAGE][PASSED] - Current window maximized

2023-08-14 08:29:09 - [TEST_STEP][PASSED] - delay(3): Delayed 3 second(s)

2023-08-14 08:29:12 - [MESSAGE][PASSED] - Delayed 3 second(s)

2023-08-14 08:29:12 - [TEST_STEP][PASSED] - setText(findTestObject("0Inicio Sesion/input_Usuario"), "Ciel"): Text 'Ciel' is set on object 'Object Repository/0Inicio Sesion/input_Usuario'

2023-08-14 08:29:12 - [MESSAGE][PASSED] - Text 'Ciel' is set on object 'Object Repository/0Inicio Sesion/input_Usuario'

2023-08-14 08:29:12 - [TEST_STEP][PASSED] - setText(findTestObject("0Inicio Sesion/input_Clave"), "digiturno"): Text 'digiturno' is set on object 'Object Repository/0Inicio Sesion/input_Clave'

2023-08-14 08:29:13 - [MESSAGE][PASSED] - Text 'digiturno' is set on object 'Object Repository/0Inicio Sesion/input_Clave'

2023-08-14 08:29:13 - [TEST_STEP][PASSED] - click(findTestObject("0Inicio Sesion/btn_IniciarSesion")): Object: 'Object Repository/0Inicio Sesion/btn_IniciarSesion' is clicked on

2023-08-14 08:29:14 - [MESSAGE][PASSED] - Object: 'Object Repository/0Inicio Sesion/btn_IniciarSesion' is clicked on

2023-08-14 08:29:14 - [TEST_STEP][PASSED] - delay(3): Delayed 3 second(s)

2023-08-14 08:29:17 - [MESSAGE][PASSED] - Delayed 3 second(s)

2023-08-14 08:29:17 - [MESSAGE][PASSED] - Call Test Case 'Test Cases/0InicioSesion' successfully

2023-08-14 08:29:17 - [TEST_STEP][PASSED] - click(findTestObject("WIZARD/0Principal/img_ModeloDeNegocioMAX")): Object: 'Object Repository/WIZARD/0Principal/img_ModeloDeNegocioMAX' is clicked on

2023-08-14 08:29:18 - [MESSAGE][PASSED] - Object: 'Object Repository/WIZARD/0Principal/img_ModeloDeNegocioMAX' is clicked on

2023-08-14 08:29:18 - [TEST_STEP][PASSED] - delay(3): Delayed 3 second(s)

2023-08-14 08:29:21 - [MESSAGE][PASSED] - Delayed 3 second(s)

2023-08-14 08:29:21 - [TEST_STEP][PASSED] - setText(findTestObject("WIZARD/1Modelo De Negocio/0ArbolDeJerarquia/input_cajaBusqueda"), "Preferencial (P)"): Text 'Preferencial (P)' is set on object 'Object Repository/WIZARD/1Modelo De Negocio/0ArbolDeJerarquia/input_cajaBusqueda'

2023-08-14 08:29:21 - [MESSAGE][PASSED] - Text 'Preferencial (P)' is set on object 'Object Repository/WIZARD/1Modelo De Negocio/0ArbolDeJerarquia/input_cajaBusqueda'

2023-08-14 08:29:21 - [TEST_STEP][PASSED] - delay(3): Delayed 3 second(s)

2023-08-14 08:29:24 - [MESSAGE][PASSED] - Delayed 3 second(s)

2023-08-14 08:29:24 - [TEST_STEP][PASSED] - rightClick(findTestObject("WIZARD/1Modelo De Negocio/0ArbolDeJerarquia/1Preferencial/span_3 Preferencial (P)")): Object: 'Object Repository/WIZARD/1Modelo De Negocio/0ArbolDeJerarquia/1Preferencial/span_3 Preferencial (P)' is right clicked on

2023-08-14 08:29:25 - [MESSAGE][PASSED] - Object: 'Object Repository/WIZARD/1Modelo De Negocio/0ArbolDeJerarquia/1Preferencial/span_3 Preferencial (P)' is right clicked on

2023-08-14 08:29:25 - [TEST_STEP][PASSED] - mouseOver(findTestObject("WIZARD/1Modelo De Negocio/0ArbolDeJerarquia/1Preferencial/span_Elemento")): Object: 'Object Repository/WIZARD/1Modelo De Negocio/0ArbolDeJerarquia/1Preferencial/span_Elemento' is hovered

2023-08-14 08:29:26 - [MESSAGE][PASSED] - Object: 'Object Repository/WIZARD/1Modelo De Negocio/0ArbolDeJerarquia/1Preferencial/span_Elemento' is hovered

2023-08-14 08:29:26 - [TEST_STEP][PASSED] - delay(2): Delayed 2 second(s)

2023-08-14 08:29:28 - [MESSAGE][PASSED] - Delayed 2 second(s)

2023-08-14 08:29:28 - [TEST_STEP][PASSED] - click(findTestObject("WIZARD/1Modelo De Negocio/0ArbolDeJerarquia/1Preferencial/span_Elemento(1)/span_Agregar Elementos")): Object: 'Object Repository/WIZARD/1Modelo De Negocio/0ArbolDeJerarquia/1Preferencial/span_Elemento(1)/span_Agregar Elementos' is clicked on

2023-08-14 08:29:28 - [MESSAGE][PASSED] - Object: 'Object Repository/WIZARD/1Modelo De Negocio/0ArbolDeJerarquia/1Preferencial/span_Elemento(1)/span_Agregar Elementos' is clicked on

2023-08-14 08:29:28 - [TEST_STEP][PASSED] - delay(3): Delayed 3 second(s)

2023-08-14 08:29:31 - [MESSAGE][PASSED] - Delayed 3 second(s)

2023-08-14 08:29:31 - [TEST_STEP][PASSED] - click(findTestObject("WIZARD/1Modelo De Negocio/0ArbolDeJerarquia/1Preferencial/span_Elemento(1)/span_Agregar Elementos(1)/label_Informacion")): Object: 'Object Repository/WIZARD/1Modelo De Negocio/0ArbolDeJerarquia/1Preferencial/span_Elemento(1)/span_Agregar Elementos(1)/label_Informacion' is clicked on

2023-08-14 08:29:32 - [MESSAGE][PASSED] - Object: 'Object Repository/WIZARD/1Modelo De Negocio/0ArbolDeJerarquia/1Preferencial/span_Elemento(1)/span_Agregar Elementos(1)/label_Informacion' is clicked on

2023-08-14 08:29:32 - [TEST_STEP][PASSED] - click(findTestObject("WIZARD/1Modelo De Negocio/0ArbolDeJerarquia/1Preferencial/span_Elemento(1)/span_Agregar Elementos(1)/label_PQRS")): Object: 'Object Repository/WIZARD/1Modelo De Negocio/0ArbolDeJerarquia/1Preferencial/span_Elemento(1)/span_Agregar Elementos(1)/label_PQRS' is clicked on

2023-08-14 08:29:32 - [MESSAGE][PASSED] - Object: 'Object Repository/WIZARD/1Modelo De Negocio/0ArbolDeJerarquia/1Preferencial/span_Elemento(1)/span_Agregar Elementos(1)/label_PQRS' is clicked on

2023-08-14 08:29:32 - [TEST_STEP][PASSED] - click(findTestObject("WIZARD/1Modelo De Negocio/0ArbolDeJerarquia/1Preferencial/span_Elemento(1)/span_Agregar Elementos(1)/label_Radicaciones")): Object: 'Object Repository/WIZARD/1Modelo De Negocio/0ArbolDeJerarquia/1Preferencial/span_Elemento(1)/span_Agregar Elementos(1)/label_Radicaciones' is clicked on

2023-08-14 08:29:33 - [MESSAGE][PASSED] - Object: 'Object Repository/WIZARD/1Modelo De Negocio/0ArbolDeJerarquia/1Preferencial/span_Elemento(1)/span_Agregar Elementos(1)/label_Radicaciones' is clicked on

2023-08-14 08:29:33 - [TEST_STEP][PASSED] - delay(3): Delayed 3 second(s)

2023-08-14 08:29:36 - [MESSAGE][PASSED] - Delayed 3 second(s)

2023-08-14 08:29:36 - [TEST_STEP][PASSED] - click(findTestObject("WIZARD/1Modelo De Negocio/0ArbolDeJerarquia/1Preferencial/span_Elemento(1)/span_Agregar Elementos(1)/btn_Agregar")): Object: 'Object Repository/WIZARD/1Modelo De Negocio/0ArbolDeJerarquia/1Preferencial/span_Elemento(1)/span_Agregar Elementos(1)/btn_Agregar' is clicked on

2023-08-14 08:29:36 - [MESSAGE][PASSED] - Object: 'Object Repository/WIZARD/1Modelo De Negocio/0ArbolDeJerarquia/1Preferencial/span_Elemento(1)/span_Agregar Elementos(1)/btn_Agregar' is clicked on

2023-08-14 08:29:36 - [TEST_STEP][PASSED] - delay(3): Delayed 3 second(s)

2023-08-14 08:29:39 - [MESSAGE][PASSED] - Delayed 3 second(s)

2023-08-14 08:29:39 - [TEST_STEP][PASSED] - setText(findTestObject("WIZARD/1Modelo De Negocio/0ArbolDeJerarquia/input_cajaBusqueda"), "General (G)"): Text 'General (G)' is set on object 'Object Repository/WIZARD/1Modelo De Negocio/0ArbolDeJerarquia/input_cajaBusqueda'

2023-08-14 08:29:40 - [MESSAGE][PASSED] - Text 'General (G)' is set on object 'Object Repository/WIZARD/1Modelo De Negocio/0ArbolDeJerarquia/input_cajaBusqueda'

2023-08-14 08:29:40 - [TEST_STEP][PASSED] - delay(3): Delayed 3 second(s)

2023-08-14 08:29:43 - [MESSAGE][PASSED] - Delayed 3 second(s)

2023-08-14 08:29:43 - [TEST_STEP][PASSED] - rightClick(findTestObject("WIZARD/1Modelo De Negocio/0ArbolDeJerarquia/1General/span_2 General (G)")): Object: 'Object Repository/WIZARD/1Modelo De Negocio/0ArbolDeJerarquia/1General/span_2 General (G)' is right clicked on

2023-08-14 08:29:43 - [MESSAGE][PASSED] - Object: 'Object Repository/WIZARD/1Modelo De Negocio/0ArbolDeJerarquia/1General/span_2 General (G)' is right clicked on

2023-08-14 08:29:43 - [TEST_STEP][PASSED] - mouseOver(findTestObject("WIZARD/1Modelo De Negocio/0ArbolDeJerarquia/1General/span_Elemento")): Object: 'Object Repository/WIZARD/1Modelo De Negocio/0ArbolDeJerarquia/1General/span_Elemento' is hovered

2023-08-14 08:29:44 - [MESSAGE][PASSED] - Object: 'Object Repository/WIZARD/1Modelo De Negocio/0ArbolDeJerarquia/1General/span_Elemento' is hovered

2023-08-14 08:29:44 - [TEST_STEP][PASSED] - delay(2): Delayed 2 second(s)

2023-08-14 08:29:46 - [MESSAGE][PASSED] - Delayed 2 second(s)

2023-08-14 08:29:46 - [TEST_STEP][PASSED] - click(findTestObject("WIZARD/1Modelo De Negocio/0ArbolDeJerarquia/1General/span_Elemento(1)/span_Agregar Elementos")): Object: 'Object Repository/WIZARD/1Modelo De Negocio/0ArbolDeJerarquia/1General/span_Elemento(1)/span_Agregar Elementos' is clicked on

2023-08-14 08:29:47 - [MESSAGE][PASSED] - Object: 'Object Repository/WIZARD/1Modelo De Negocio/0ArbolDeJerarquia/1General/span_Elemento(1)/span_Agregar Elementos' is clicked on

2023-08-14 08:29:47 - [TEST_STEP][PASSED] - delay(3): Delayed 3 second(s)

2023-08-14 08:29:50 - [MESSAGE][PASSED] - Delayed 3 second(s)

2023-08-14 08:29:50 - [TEST_STEP][PASSED] - click(findTestObject("WIZARD/1Modelo De Negocio/0ArbolDeJerarquia/1General/span_Elemento(1)/span_Agregar Elementos(1)/label_Informacion")): Object: 'Object Repository/WIZARD/1Modelo De Negocio/0ArbolDeJerarquia/1General/span_Elemento(1)/span_Agregar Elementos(1)/label_Informacion' is clicked on

2023-08-14 08:29:50 - [MESSAGE][PASSED] - Object: 'Object Repository/WIZARD/1Modelo De Negocio/0ArbolDeJerarquia/1General/span_Elemento(1)/span_Agregar Elementos(1)/label_Informacion' is clicked on

2023-08-14 08:29:50 - [TEST_STEP][PASSED] - click(findTestObject("WIZARD/1Modelo De Negocio/0ArbolDeJerarquia/1General/span_Elemento(1)/span_Agregar Elementos(1)/label_PQRS")): Object: 'Object Repository/WIZARD/1Modelo De Negocio/0ArbolDeJerarquia/1General/span_Elemento(1)/span_Agregar Elementos(1)/label_PQRS' is clicked on

2023-08-14 08:29:51 - [MESSAGE][PASSED] - Object: 'Object Repository/WIZARD/1Modelo De Negocio/0ArbolDeJerarquia/1General/span_Elemento(1)/span_Agregar Elementos(1)/label_PQRS' is clicked on

2023-08-14 08:29:51 - [TEST_STEP][PASSED] - click(findTestObject("WIZARD/1Modelo De Negocio/0ArbolDeJerarquia/1General/span_Elemento(1)/span_Agregar Elementos(1)/label_Radicaciones")): Object: 'Object Repository/WIZARD/1Modelo De Negocio/0ArbolDeJerarquia/1General/span_Elemento(1)/span_Agregar Elementos(1)/label_Radicaciones' is clicked on

2023-08-14 08:29:51 - [MESSAGE][PASSED] - Object: 'Object Repository/WIZARD/1Modelo De Negocio/0ArbolDeJerarquia/1General/span_Elemento(1)/span_Agregar Elementos(1)/label_Radicaciones' is clicked on

2023-08-14 08:29:51 - [TEST_STEP][PASSED] - delay(3): Delayed 3 second(s)

2023-08-14 08:29:54 - [MESSAGE][PASSED] - Delayed 3 second(s)

2023-08-14 08:29:54 - [TEST_STEP][PASSED] - click(findTestObject("WIZARD/1Modelo De Negocio/0ArbolDeJerarquia/1General/span_Elemento(1)/span_Agregar Elementos(1)/btn_Agregar")): Object: 'Object Repository/WIZARD/1Modelo De Negocio/0ArbolDeJerarquia/1General/span_Elemento(1)/span_Agregar Elementos(1)/btn_Agregar' is clicked on

2023-08-14 08:29:54 - [MESSAGE][PASSED] - Object: 'Object Repository/WIZARD/1Modelo De Negocio/0ArbolDeJerarquia/1General/span_Elemento(1)/span_Agregar Elementos(1)/btn_Agregar' is clicked on

2023-08-14 08:29:54 - [TEST_STEP][PASSED] - delay(3): Delayed 3 second(s)

2023-08-14 08:29:57 - [MESSAGE][PASSED] - Delayed 3 second(s)

2023-08-14 08:29:57 - [TEST_STEP][PASSED] - takeFullPageScreenshot(): Taking screenshot successfully

2023-08-14 08:29:58 - [MESSAGE][INFO] - 0 hidden object(s)

2023-08-14 08:29:58 - [MESSAGE][PASSED] - Taking screenshot successfully
[[ATTACHMENT|C:\\CIEL INGENIERIA\\Katalon\\Digiturno55\\Reports\\20230814_081405\\WIZARD\\1Modelo De Negocio\\3.3 Agregar al arbol Servicios\\20230814_081421\\1692019797947.png]]

2023-08-14 08:29:58 - [TEST_STEP][PASSED] - delay(3): Delayed 3 second(s)

2023-08-14 08:30:01 - [MESSAGE][PASSED] - Delayed 3 second(s)

2023-08-14 08:30:01 - [TEST_STEP][PASSED] - Start listener action : sampleAfterTestCase: null]]></system-out>
         <system-err><![CDATA[]]></system-err>
      </testcase>
      <system-out><![CDATA[2023-08-14 08:29:04 - [TEST_SUITE][PASSED] - 3.3 Agregar al arbol Servicios: Test Cases/WIZARD/1Modelo De Negocio/3.3 Agregar al arbol Servicios]]></system-out>
      <system-err><![CDATA[]]></system-err>
   </testsuite>
</testsuites>
