<?xml version="1.0" encoding="UTF-8"?>
<testsuites name="5.3 Crear Grupos Bocagrande" time="85.417" tests="1" failures="0" errors="0">
   <testsuite name="5.3 Crear Grupos Bocagrande" tests="1" failures="0" errors="0" time="85.417" skipped="0" timestamp="2024-03-11 10:34:57" hostname="jdavila - PCPruebas101.ciel.cielingenieria.com" id="Test Suites/WIZARD/3Infraestructura/3Grupos/5.3 Crear Grupos Bocagrande">
      <properties>
         <property name="deviceName" value=""/>
         <property name="devicePlatform" value=""/>
         <property name="logFolder" value="C:\\CIEL INGENIERIA\\Katalon\\Digiturno55\\Reports\\20240311_101053\\WIZARD\\3Infraestructura\\3Grupos\\5.3 Crear Grupos Bocagrande\\20240311_101134"/>
         <property name="logFiles" value="C:\\CIEL INGENIERIA\\Katalon\\Digiturno55\\Reports\\20240311_101053\\WIZARD\\3Infraestructura\\3Grupos\\5.3 Crear Grupos Bocagrande\\20240311_101134\\execution0.log"/>
         <property name="attachments" value="C:\\CIEL INGENIERIA\\Katalon\\Digiturno55\\Reports\\20240311_101053\\WIZARD\\3Infraestructura\\3Grupos\\5.3 Crear Grupos Bocagrande\\20240311_101134\\1710171378868.png"/>
         <property name="hostName" value="jdavila - PCPruebas101.ciel.cielingenieria.com"/>
         <property name="os" value="Windows 10 64bit"/>
         <property name="katalonVersion" value="8.6.8.208"/>
         <property name="browser" value="Chrome 122.0.0.0"/>
         <property name="hostAddress" value="192.168.91.14"/>
         <property name="sessionId" value="e0c61303a8bf5a93987261d023e0e7fb"/>
         <property name="seleniumVersion" value="3.141.59"/>
         <property name="proxyInformation" value="ProxyInformation { proxyOption=NO_PROXY, proxyServerType=HTTP, username=, password=********, proxyServerAddress=, proxyServerPort=0, executionList=&quot;&quot;, isApplyToDesiredCapabilities=true }"/>
         <property name="platform" value="Windows 10"/>
      </properties>
      <testcase name="Test Cases/WIZARD/3Infraestructura/3Grupos/5.3 Crear Grupos Bocagrande" time="85.179" classname="Test Cases/WIZARD/3Infraestructura/3Grupos/5.3 Crear Grupos Bocagrande" status="PASSED">
         <system-out><![CDATA[2024-03-11 10:34:57 - [TEST_CASE][PASSED] - Test Cases/WIZARD/3Infraestructura/3Grupos/5.3 Crear Grupos Bocagrande: Test Cases/WIZARD/3Infraestructura/3Grupos/5.3 Crear Grupos Bocagrande

2024-03-11 10:34:57 - [TEST_STEP][PASSED] - callTestCase(findTestCase("0InicioSesion"), [:], STOP_ON_FAILURE): Call Test Case 'Test Cases/0InicioSesion' successfully

2024-03-11 10:34:58 - [TEST_CASE][PASSED] - Test Cases/0InicioSesion: Test Cases/0InicioSesion

2024-03-11 10:34:58 - [TEST_STEP][PASSED] - openBrowser(UrlDigiturno): Browser is opened with url: 'https://PCPruebas101.ciel.cielingenieria.com:8910'

2024-03-11 10:34:58 - [MESSAGE][INFO] - Starting 'Chrome' driver

2024-03-11 10:34:58 - [MESSAGE][INFO] - User set preference: ['args', '[--use-fake-ui-for-media-stream, --disable-notifications]']

2024-03-11 10:34:58 - [MESSAGE][INFO] - Action delay is set to 0 milliseconds

2024-03-11 10:35:01 - [MESSAGE][PASSED] - Browser is opened with url: 'https://PCPruebas101.ciel.cielingenieria.com:8910'

2024-03-11 10:35:01 - [TEST_STEP][PASSED] - maximizeWindow(): Current window maximized

2024-03-11 10:35:01 - [MESSAGE][PASSED] - Current window maximized

2024-03-11 10:35:01 - [TEST_STEP][PASSED] - delay(3): Delayed 3 second(s)

2024-03-11 10:35:04 - [MESSAGE][PASSED] - Delayed 3 second(s)

2024-03-11 10:35:04 - [TEST_STEP][PASSED] - setText(findTestObject("0Inicio Sesion/input_Usuario"), "Ciel"): Text 'Ciel' is set on object 'Object Repository/0Inicio Sesion/input_Usuario'

2024-03-11 10:35:05 - [MESSAGE][PASSED] - Text 'Ciel' is set on object 'Object Repository/0Inicio Sesion/input_Usuario'

2024-03-11 10:35:05 - [TEST_STEP][PASSED] - setText(findTestObject("0Inicio Sesion/input_Clave"), "digiturno"): Text 'digiturno' is set on object 'Object Repository/0Inicio Sesion/input_Clave'

2024-03-11 10:35:06 - [MESSAGE][PASSED] - Text 'digiturno' is set on object 'Object Repository/0Inicio Sesion/input_Clave'

2024-03-11 10:35:06 - [TEST_STEP][PASSED] - click(findTestObject("0Inicio Sesion/btn_IniciarSesion")): Object: 'Object Repository/0Inicio Sesion/btn_IniciarSesion' is clicked on

2024-03-11 10:35:06 - [MESSAGE][PASSED] - Object: 'Object Repository/0Inicio Sesion/btn_IniciarSesion' is clicked on

2024-03-11 10:35:06 - [TEST_STEP][PASSED] - delay(3): Delayed 3 second(s)

2024-03-11 10:35:09 - [MESSAGE][PASSED] - Delayed 3 second(s)

2024-03-11 10:35:09 - [MESSAGE][PASSED] - Call Test Case 'Test Cases/0InicioSesion' successfully

2024-03-11 10:35:09 - [TEST_STEP][PASSED] - click(findTestObject("WIZARD/0Principal/img_InfraestructuraMAX")): Object: 'Object Repository/WIZARD/0Principal/img_InfraestructuraMAX' is clicked on

2024-03-11 10:35:10 - [MESSAGE][PASSED] - Object: 'Object Repository/WIZARD/0Principal/img_InfraestructuraMAX' is clicked on

2024-03-11 10:35:10 - [TEST_STEP][PASSED] - delay(3): Delayed 3 second(s)

2024-03-11 10:35:13 - [MESSAGE][PASSED] - Delayed 3 second(s)

2024-03-11 10:35:13 - [TEST_STEP][PASSED] - click(findTestObject("WIZARD/3Infraestructura/0Menu/span_Grupos")): Object: 'Object Repository/WIZARD/3Infraestructura/0Menu/span_Grupos' is clicked on

2024-03-11 10:35:14 - [MESSAGE][PASSED] - Object: 'Object Repository/WIZARD/3Infraestructura/0Menu/span_Grupos' is clicked on

2024-03-11 10:35:14 - [TEST_STEP][PASSED] - delay(3): Delayed 3 second(s)

2024-03-11 10:35:17 - [MESSAGE][PASSED] - Delayed 3 second(s)

2024-03-11 10:35:17 - [TEST_STEP][PASSED] - click(findTestObject("WIZARD/3Infraestructura/3Grupos/Edicion/btn_Sala")): Object: 'Object Repository/WIZARD/3Infraestructura/3Grupos/Edicion/btn_Sala' is clicked on

2024-03-11 10:35:17 - [MESSAGE][PASSED] - Object: 'Object Repository/WIZARD/3Infraestructura/3Grupos/Edicion/btn_Sala' is clicked on

2024-03-11 10:35:17 - [TEST_STEP][PASSED] - delay(3): Delayed 3 second(s)

2024-03-11 10:35:20 - [MESSAGE][PASSED] - Delayed 3 second(s)

2024-03-11 10:35:20 - [TEST_STEP][PASSED] - click(findTestObject("WIZARD/3Infraestructura/3Grupos/Edicion/btn_Sala(1)/a_3Bocagrande - Sala General")): Object: 'Object Repository/WIZARD/3Infraestructura/3Grupos/Edicion/btn_Sala(1)/a_3Bocagrande - Sala General' is clicked on

2024-03-11 10:35:21 - [MESSAGE][PASSED] - Object: 'Object Repository/WIZARD/3Infraestructura/3Grupos/Edicion/btn_Sala(1)/a_3Bocagrande - Sala General' is clicked on

2024-03-11 10:35:21 - [TEST_STEP][PASSED] - delay(3): Delayed 3 second(s)

2024-03-11 10:35:24 - [MESSAGE][PASSED] - Delayed 3 second(s)

2024-03-11 10:35:24 - [TEST_STEP][PASSED] - setText(findTestObject("WIZARD/3Infraestructura/3Grupos/Edicion/input_Nombre"), "Grupo Información"): Text 'Grupo Información' is set on object 'Object Repository/WIZARD/3Infraestructura/3Grupos/Edicion/input_Nombre'

2024-03-11 10:35:24 - [MESSAGE][PASSED] - Text 'Grupo Información' is set on object 'Object Repository/WIZARD/3Infraestructura/3Grupos/Edicion/input_Nombre'

2024-03-11 10:35:24 - [TEST_STEP][PASSED] - setText(findTestObject("WIZARD/3Infraestructura/3Grupos/Edicion/textarea_Descripcion"), "Bocagrande - Grupo Información"): Text 'Bocagrande - Grupo Información' is set on object 'Object Repository/WIZARD/3Infraestructura/3Grupos/Edicion/textarea_Descripcion'

2024-03-11 10:35:25 - [MESSAGE][PASSED] - Text 'Bocagrande - Grupo Información' is set on object 'Object Repository/WIZARD/3Infraestructura/3Grupos/Edicion/textarea_Descripcion'

2024-03-11 10:35:25 - [TEST_STEP][PASSED] - scrollToPosition(0, 800): Browser is scrolled to position x = 0, y = 800

2024-03-11 10:35:25 - [MESSAGE][PASSED] - Browser is scrolled to position x = 0, y = 800

2024-03-11 10:35:25 - [TEST_STEP][PASSED] - selectOptionByLabel(findTestObject("WIZARD/3Infraestructura/3Grupos/Edicion/select_Nivel de visualizacion en Transferencias"), "Área", false): All options with label 'Área' are selected in object 'Object Repository/WIZARD/3Infraestructura/3Grupos/Edicion/select_Nivel de visualizacion en Transferencias' 

2024-03-11 10:35:26 - [MESSAGE][PASSED] - All options with label 'Área' are selected in object 'Object Repository/WIZARD/3Infraestructura/3Grupos/Edicion/select_Nivel de visualizacion en Transferencias' 

2024-03-11 10:35:26 - [TEST_STEP][PASSED] - delay(2): Delayed 2 second(s)

2024-03-11 10:35:28 - [MESSAGE][PASSED] - Delayed 2 second(s)

2024-03-11 10:35:28 - [TEST_STEP][PASSED] - selectOptionByLabel(findTestObject("WIZARD/3Infraestructura/3Grupos/Edicion/select_Nivel de visualizacion en Nuevo Servicio"), "Área", false): All options with label 'Área' are selected in object 'Object Repository/WIZARD/3Infraestructura/3Grupos/Edicion/select_Nivel de visualizacion en Nuevo Servicio' 

2024-03-11 10:35:29 - [MESSAGE][PASSED] - All options with label 'Área' are selected in object 'Object Repository/WIZARD/3Infraestructura/3Grupos/Edicion/select_Nivel de visualizacion en Nuevo Servicio' 

2024-03-11 10:35:29 - [TEST_STEP][PASSED] - delay(2): Delayed 2 second(s)

2024-03-11 10:35:31 - [MESSAGE][PASSED] - Delayed 2 second(s)

2024-03-11 10:35:31 - [TEST_STEP][PASSED] - scrollToPosition(0, 0): Browser is scrolled to position x = 0, y = 0

2024-03-11 10:35:31 - [MESSAGE][PASSED] - Browser is scrolled to position x = 0, y = 0

2024-03-11 10:35:31 - [TEST_STEP][PASSED] - click(findTestObject("WIZARD/3Infraestructura/3Grupos/Edicion/img_Nuevo")): Object: 'Object Repository/WIZARD/3Infraestructura/3Grupos/Edicion/img_Nuevo' is clicked on

2024-03-11 10:35:31 - [MESSAGE][PASSED] - Object: 'Object Repository/WIZARD/3Infraestructura/3Grupos/Edicion/img_Nuevo' is clicked on

2024-03-11 10:35:31 - [TEST_STEP][PASSED] - delay(3): Delayed 3 second(s)

2024-03-11 10:35:34 - [MESSAGE][PASSED] - Delayed 3 second(s)

2024-03-11 10:35:34 - [TEST_STEP][PASSED] - click(findTestObject("WIZARD/3Infraestructura/0Menu/span_Grupos")): Object: 'Object Repository/WIZARD/3Infraestructura/0Menu/span_Grupos' is clicked on

2024-03-11 10:35:35 - [MESSAGE][PASSED] - Object: 'Object Repository/WIZARD/3Infraestructura/0Menu/span_Grupos' is clicked on

2024-03-11 10:35:35 - [TEST_STEP][PASSED] - delay(3): Delayed 3 second(s)

2024-03-11 10:35:38 - [MESSAGE][PASSED] - Delayed 3 second(s)

2024-03-11 10:35:38 - [TEST_STEP][PASSED] - click(findTestObject("WIZARD/3Infraestructura/3Grupos/Edicion/btn_Sala")): Object: 'Object Repository/WIZARD/3Infraestructura/3Grupos/Edicion/btn_Sala' is clicked on

2024-03-11 10:35:38 - [MESSAGE][PASSED] - Object: 'Object Repository/WIZARD/3Infraestructura/3Grupos/Edicion/btn_Sala' is clicked on

2024-03-11 10:35:38 - [TEST_STEP][PASSED] - delay(3): Delayed 3 second(s)

2024-03-11 10:35:41 - [MESSAGE][PASSED] - Delayed 3 second(s)

2024-03-11 10:35:41 - [TEST_STEP][PASSED] - click(findTestObject("WIZARD/3Infraestructura/3Grupos/Edicion/btn_Sala(1)/a_3Bocagrande - Sala General")): Object: 'Object Repository/WIZARD/3Infraestructura/3Grupos/Edicion/btn_Sala(1)/a_3Bocagrande - Sala General' is clicked on

2024-03-11 10:35:42 - [MESSAGE][PASSED] - Object: 'Object Repository/WIZARD/3Infraestructura/3Grupos/Edicion/btn_Sala(1)/a_3Bocagrande - Sala General' is clicked on

2024-03-11 10:35:42 - [TEST_STEP][PASSED] - delay(3): Delayed 3 second(s)

2024-03-11 10:35:45 - [MESSAGE][PASSED] - Delayed 3 second(s)

2024-03-11 10:35:45 - [TEST_STEP][PASSED] - setText(findTestObject("WIZARD/3Infraestructura/3Grupos/Edicion/input_Nombre"), "Grupo PQRS"): Text 'Grupo PQRS' is set on object 'Object Repository/WIZARD/3Infraestructura/3Grupos/Edicion/input_Nombre'

2024-03-11 10:35:46 - [MESSAGE][PASSED] - Text 'Grupo PQRS' is set on object 'Object Repository/WIZARD/3Infraestructura/3Grupos/Edicion/input_Nombre'

2024-03-11 10:35:46 - [TEST_STEP][PASSED] - setText(findTestObject("WIZARD/3Infraestructura/3Grupos/Edicion/textarea_Descripcion"), "Bocagrande - PQRS"): Text 'Bocagrande - PQRS' is set on object 'Object Repository/WIZARD/3Infraestructura/3Grupos/Edicion/textarea_Descripcion'

2024-03-11 10:35:46 - [MESSAGE][PASSED] - Text 'Bocagrande - PQRS' is set on object 'Object Repository/WIZARD/3Infraestructura/3Grupos/Edicion/textarea_Descripcion'

2024-03-11 10:35:46 - [TEST_STEP][PASSED] - scrollToPosition(0, 800): Browser is scrolled to position x = 0, y = 800

2024-03-11 10:35:46 - [MESSAGE][PASSED] - Browser is scrolled to position x = 0, y = 800

2024-03-11 10:35:46 - [TEST_STEP][PASSED] - selectOptionByLabel(findTestObject("WIZARD/3Infraestructura/3Grupos/Edicion/select_Nivel de visualizacion en Transferencias"), "Área", false): All options with label 'Área' are selected in object 'Object Repository/WIZARD/3Infraestructura/3Grupos/Edicion/select_Nivel de visualizacion en Transferencias' 

2024-03-11 10:35:47 - [MESSAGE][PASSED] - All options with label 'Área' are selected in object 'Object Repository/WIZARD/3Infraestructura/3Grupos/Edicion/select_Nivel de visualizacion en Transferencias' 

2024-03-11 10:35:47 - [TEST_STEP][PASSED] - delay(2): Delayed 2 second(s)

2024-03-11 10:35:49 - [MESSAGE][PASSED] - Delayed 2 second(s)

2024-03-11 10:35:49 - [TEST_STEP][PASSED] - selectOptionByLabel(findTestObject("WIZARD/3Infraestructura/3Grupos/Edicion/select_Nivel de visualizacion en Nuevo Servicio"), "Área", false): All options with label 'Área' are selected in object 'Object Repository/WIZARD/3Infraestructura/3Grupos/Edicion/select_Nivel de visualizacion en Nuevo Servicio' 

2024-03-11 10:35:50 - [MESSAGE][PASSED] - All options with label 'Área' are selected in object 'Object Repository/WIZARD/3Infraestructura/3Grupos/Edicion/select_Nivel de visualizacion en Nuevo Servicio' 

2024-03-11 10:35:50 - [TEST_STEP][PASSED] - delay(2): Delayed 2 second(s)

2024-03-11 10:35:52 - [MESSAGE][PASSED] - Delayed 2 second(s)

2024-03-11 10:35:52 - [TEST_STEP][PASSED] - scrollToPosition(0, 0): Browser is scrolled to position x = 0, y = 0

2024-03-11 10:35:52 - [MESSAGE][PASSED] - Browser is scrolled to position x = 0, y = 0

2024-03-11 10:35:52 - [TEST_STEP][PASSED] - click(findTestObject("WIZARD/3Infraestructura/3Grupos/Edicion/img_Nuevo")): Object: 'Object Repository/WIZARD/3Infraestructura/3Grupos/Edicion/img_Nuevo' is clicked on

2024-03-11 10:35:52 - [MESSAGE][PASSED] - Object: 'Object Repository/WIZARD/3Infraestructura/3Grupos/Edicion/img_Nuevo' is clicked on

2024-03-11 10:35:52 - [TEST_STEP][PASSED] - delay(3): Delayed 3 second(s)

2024-03-11 10:35:55 - [MESSAGE][PASSED] - Delayed 3 second(s)

2024-03-11 10:35:55 - [TEST_STEP][PASSED] - click(findTestObject("WIZARD/3Infraestructura/0Menu/span_Grupos")): Object: 'Object Repository/WIZARD/3Infraestructura/0Menu/span_Grupos' is clicked on

2024-03-11 10:35:56 - [MESSAGE][PASSED] - Object: 'Object Repository/WIZARD/3Infraestructura/0Menu/span_Grupos' is clicked on

2024-03-11 10:35:56 - [TEST_STEP][PASSED] - delay(3): Delayed 3 second(s)

2024-03-11 10:35:59 - [MESSAGE][PASSED] - Delayed 3 second(s)

2024-03-11 10:35:59 - [TEST_STEP][PASSED] - click(findTestObject("WIZARD/3Infraestructura/3Grupos/Edicion/btn_Sala")): Object: 'Object Repository/WIZARD/3Infraestructura/3Grupos/Edicion/btn_Sala' is clicked on

2024-03-11 10:35:59 - [MESSAGE][PASSED] - Object: 'Object Repository/WIZARD/3Infraestructura/3Grupos/Edicion/btn_Sala' is clicked on

2024-03-11 10:35:59 - [TEST_STEP][PASSED] - delay(3): Delayed 3 second(s)

2024-03-11 10:36:02 - [MESSAGE][PASSED] - Delayed 3 second(s)

2024-03-11 10:36:02 - [TEST_STEP][PASSED] - click(findTestObject("WIZARD/3Infraestructura/3Grupos/Edicion/btn_Sala(1)/a_3Bocagrande - Sala General")): Object: 'Object Repository/WIZARD/3Infraestructura/3Grupos/Edicion/btn_Sala(1)/a_3Bocagrande - Sala General' is clicked on

2024-03-11 10:36:03 - [MESSAGE][PASSED] - Object: 'Object Repository/WIZARD/3Infraestructura/3Grupos/Edicion/btn_Sala(1)/a_3Bocagrande - Sala General' is clicked on

2024-03-11 10:36:03 - [TEST_STEP][PASSED] - delay(3): Delayed 3 second(s)

2024-03-11 10:36:06 - [MESSAGE][PASSED] - Delayed 3 second(s)

2024-03-11 10:36:06 - [TEST_STEP][PASSED] - setText(findTestObject("WIZARD/3Infraestructura/3Grupos/Edicion/input_Nombre"), "Grupo Radicaciones"): Text 'Grupo Radicaciones' is set on object 'Object Repository/WIZARD/3Infraestructura/3Grupos/Edicion/input_Nombre'

2024-03-11 10:36:07 - [MESSAGE][PASSED] - Text 'Grupo Radicaciones' is set on object 'Object Repository/WIZARD/3Infraestructura/3Grupos/Edicion/input_Nombre'

2024-03-11 10:36:07 - [TEST_STEP][PASSED] - setText(findTestObject("WIZARD/3Infraestructura/3Grupos/Edicion/textarea_Descripcion"), "Bocagrande - Radicaciones"): Text 'Bocagrande - Radicaciones' is set on object 'Object Repository/WIZARD/3Infraestructura/3Grupos/Edicion/textarea_Descripcion'

2024-03-11 10:36:07 - [MESSAGE][PASSED] - Text 'Bocagrande - Radicaciones' is set on object 'Object Repository/WIZARD/3Infraestructura/3Grupos/Edicion/textarea_Descripcion'

2024-03-11 10:36:07 - [TEST_STEP][PASSED] - scrollToPosition(0, 800): Browser is scrolled to position x = 0, y = 800

2024-03-11 10:36:07 - [MESSAGE][PASSED] - Browser is scrolled to position x = 0, y = 800

2024-03-11 10:36:07 - [TEST_STEP][PASSED] - selectOptionByLabel(findTestObject("WIZARD/3Infraestructura/3Grupos/Edicion/select_Nivel de visualizacion en Transferencias"), "Área", false): All options with label 'Área' are selected in object 'Object Repository/WIZARD/3Infraestructura/3Grupos/Edicion/select_Nivel de visualizacion en Transferencias' 

2024-03-11 10:36:08 - [MESSAGE][PASSED] - All options with label 'Área' are selected in object 'Object Repository/WIZARD/3Infraestructura/3Grupos/Edicion/select_Nivel de visualizacion en Transferencias' 

2024-03-11 10:36:08 - [TEST_STEP][PASSED] - delay(2): Delayed 2 second(s)

2024-03-11 10:36:10 - [MESSAGE][PASSED] - Delayed 2 second(s)

2024-03-11 10:36:10 - [TEST_STEP][PASSED] - selectOptionByLabel(findTestObject("WIZARD/3Infraestructura/3Grupos/Edicion/select_Nivel de visualizacion en Nuevo Servicio"), "Área", false): All options with label 'Área' are selected in object 'Object Repository/WIZARD/3Infraestructura/3Grupos/Edicion/select_Nivel de visualizacion en Nuevo Servicio' 

2024-03-11 10:36:11 - [MESSAGE][PASSED] - All options with label 'Área' are selected in object 'Object Repository/WIZARD/3Infraestructura/3Grupos/Edicion/select_Nivel de visualizacion en Nuevo Servicio' 

2024-03-11 10:36:11 - [TEST_STEP][PASSED] - delay(2): Delayed 2 second(s)

2024-03-11 10:36:13 - [MESSAGE][PASSED] - Delayed 2 second(s)

2024-03-11 10:36:13 - [TEST_STEP][PASSED] - scrollToPosition(0, 0): Browser is scrolled to position x = 0, y = 0

2024-03-11 10:36:13 - [MESSAGE][PASSED] - Browser is scrolled to position x = 0, y = 0

2024-03-11 10:36:13 - [TEST_STEP][PASSED] - delay(2): Delayed 2 second(s)

2024-03-11 10:36:15 - [MESSAGE][PASSED] - Delayed 2 second(s)

2024-03-11 10:36:15 - [TEST_STEP][PASSED] - click(findTestObject("WIZARD/3Infraestructura/3Grupos/Edicion/img_Nuevo")): Object: 'Object Repository/WIZARD/3Infraestructura/3Grupos/Edicion/img_Nuevo' is clicked on

2024-03-11 10:36:15 - [MESSAGE][PASSED] - Object: 'Object Repository/WIZARD/3Infraestructura/3Grupos/Edicion/img_Nuevo' is clicked on

2024-03-11 10:36:15 - [TEST_STEP][PASSED] - delay(3): Delayed 3 second(s)

2024-03-11 10:36:18 - [MESSAGE][PASSED] - Delayed 3 second(s)

2024-03-11 10:36:18 - [TEST_STEP][PASSED] - takeFullPageScreenshot(): Taking screenshot successfully

2024-03-11 10:36:19 - [MESSAGE][INFO] - 0 hidden object(s)

2024-03-11 10:36:19 - [MESSAGE][PASSED] - Taking screenshot successfully
[[ATTACHMENT|C:\\CIEL INGENIERIA\\Katalon\\Digiturno55\\Reports\\20240311_101053\\WIZARD\\3Infraestructura\\3Grupos\\5.3 Crear Grupos Bocagrande\\20240311_101134\\1710171378868.png]]

2024-03-11 10:36:19 - [TEST_STEP][PASSED] - delay(3): Delayed 3 second(s)

2024-03-11 10:36:22 - [MESSAGE][PASSED] - Delayed 3 second(s)

2024-03-11 10:36:22 - [TEST_STEP][PASSED] - Start listener action : sampleAfterTestCase: null]]></system-out>
         <system-err><![CDATA[]]></system-err>
      </testcase>
      <system-out><![CDATA[2024-03-11 10:34:57 - [TEST_SUITE][PASSED] - 5.3 Crear Grupos Bocagrande: Test Cases/WIZARD/3Infraestructura/3Grupos/5.3 Crear Grupos Bocagrande]]></system-out>
      <system-err><![CDATA[]]></system-err>
   </testsuite>
</testsuites>
