<?xml version="1.0" encoding="UTF-8"?>
<testsuites name="5.3 Crear Grupos Chipichape" time="84.472" tests="1" failures="0" errors="0">
   <testsuite name="5.3 Crear Grupos Chipichape" tests="1" failures="0" errors="0" time="84.472" skipped="0" timestamp="2024-04-02 15:04:17" hostname="jdavila - PCPruebas101.ciel.cielingenieria.com" id="Test Suites/WIZARD/3Infraestructura/3Grupos/5.3 Crear Grupos Chipichape">
      <properties>
         <property name="deviceName" value=""/>
         <property name="devicePlatform" value=""/>
         <property name="logFolder" value="C:\\CIEL INGENIERIA\\Katalon\\Digiturno55\\Reports\\20240402_143907\\WIZARD\\3Infraestructura\\3Grupos\\5.3 Crear Grupos Chipichape\\20240402_143950"/>
         <property name="logFiles" value="C:\\CIEL INGENIERIA\\Katalon\\Digiturno55\\Reports\\20240402_143907\\WIZARD\\3Infraestructura\\3Grupos\\5.3 Crear Grupos Chipichape\\20240402_143950\\execution0.log"/>
         <property name="attachments" value="C:\\CIEL INGENIERIA\\Katalon\\Digiturno55\\Reports\\20240402_143907\\WIZARD\\3Infraestructura\\3Grupos\\5.3 Crear Grupos Chipichape\\20240402_143950\\1712088338173.png"/>
         <property name="hostName" value="jdavila - PCPruebas101.ciel.cielingenieria.com"/>
         <property name="os" value="Windows 10 64bit"/>
         <property name="katalonVersion" value="8.6.9.208"/>
         <property name="browser" value="Chrome 123.0.0.0"/>
         <property name="hostAddress" value="192.168.91.18"/>
         <property name="sessionId" value="40fdb9551672c8ad12cae91581373675"/>
         <property name="seleniumVersion" value="3.141.59"/>
         <property name="proxyInformation" value="ProxyInformation { proxyOption=NO_PROXY, proxyServerType=HTTP, username=, password=********, proxyServerAddress=, proxyServerPort=0, executionList=&quot;&quot;, isApplyToDesiredCapabilities=true }"/>
         <property name="platform" value="Windows 10"/>
      </properties>
      <testcase name="Test Cases/WIZARD/3Infraestructura/3Grupos/5.3 Crear Grupos Chipichape" time="84.204" classname="Test Cases/WIZARD/3Infraestructura/3Grupos/5.3 Crear Grupos Chipichape" status="PASSED">
         <system-out><![CDATA[2024-04-02 15:04:17 - [TEST_CASE][PASSED] - Test Cases/WIZARD/3Infraestructura/3Grupos/5.3 Crear Grupos Chipichape: Test Cases/WIZARD/3Infraestructura/3Grupos/5.3 Crear Grupos Chipichape

2024-04-02 15:04:18 - [TEST_STEP][PASSED] - callTestCase(findTestCase("0InicioSesion"), [:], STOP_ON_FAILURE): Call Test Case 'Test Cases/0InicioSesion' successfully

2024-04-02 15:04:18 - [TEST_CASE][PASSED] - Test Cases/0InicioSesion: Test Cases/0InicioSesion

2024-04-02 15:04:18 - [TEST_STEP][PASSED] - openBrowser(UrlDigiturno): Browser is opened with url: 'https://PCPruebas101.ciel.cielingenieria.com:8910'

2024-04-02 15:04:19 - [MESSAGE][INFO] - Starting 'Chrome' driver

2024-04-02 15:04:19 - [MESSAGE][INFO] - User set preference: ['args', '[--use-fake-ui-for-media-stream, --disable-notifications]']

2024-04-02 15:04:19 - [MESSAGE][INFO] - Action delay is set to 0 milliseconds

2024-04-02 15:04:22 - [MESSAGE][PASSED] - Browser is opened with url: 'https://PCPruebas101.ciel.cielingenieria.com:8910'

2024-04-02 15:04:22 - [TEST_STEP][PASSED] - maximizeWindow(): Current window maximized

2024-04-02 15:04:22 - [MESSAGE][PASSED] - Current window maximized

2024-04-02 15:04:22 - [TEST_STEP][PASSED] - delay(3): Delayed 3 second(s)

2024-04-02 15:04:25 - [MESSAGE][PASSED] - Delayed 3 second(s)

2024-04-02 15:04:25 - [TEST_STEP][PASSED] - setText(findTestObject("0Inicio Sesion/input_Usuario"), "Ciel"): Text 'Ciel' is set on object 'Object Repository/0Inicio Sesion/input_Usuario'

2024-04-02 15:04:26 - [MESSAGE][PASSED] - Text 'Ciel' is set on object 'Object Repository/0Inicio Sesion/input_Usuario'

2024-04-02 15:04:26 - [TEST_STEP][PASSED] - setText(findTestObject("0Inicio Sesion/input_Clave"), "digiturno"): Text 'digiturno' is set on object 'Object Repository/0Inicio Sesion/input_Clave'

2024-04-02 15:04:26 - [MESSAGE][PASSED] - Text 'digiturno' is set on object 'Object Repository/0Inicio Sesion/input_Clave'

2024-04-02 15:04:26 - [TEST_STEP][PASSED] - click(findTestObject("0Inicio Sesion/btn_IniciarSesion")): Object: 'Object Repository/0Inicio Sesion/btn_IniciarSesion' is clicked on

2024-04-02 15:04:27 - [MESSAGE][PASSED] - Object: 'Object Repository/0Inicio Sesion/btn_IniciarSesion' is clicked on

2024-04-02 15:04:27 - [TEST_STEP][PASSED] - delay(3): Delayed 3 second(s)

2024-04-02 15:04:30 - [MESSAGE][PASSED] - Delayed 3 second(s)

2024-04-02 15:04:30 - [MESSAGE][PASSED] - Call Test Case 'Test Cases/0InicioSesion' successfully

2024-04-02 15:04:30 - [TEST_STEP][PASSED] - click(findTestObject("WIZARD/0Principal/img_InfraestructuraMAX")): Object: 'Object Repository/WIZARD/0Principal/img_InfraestructuraMAX' is clicked on

2024-04-02 15:04:30 - [MESSAGE][PASSED] - Object: 'Object Repository/WIZARD/0Principal/img_InfraestructuraMAX' is clicked on

2024-04-02 15:04:30 - [TEST_STEP][PASSED] - delay(3): Delayed 3 second(s)

2024-04-02 15:04:33 - [MESSAGE][PASSED] - Delayed 3 second(s)

2024-04-02 15:04:33 - [TEST_STEP][PASSED] - click(findTestObject("WIZARD/3Infraestructura/0Menu/span_Grupos")): Object: 'Object Repository/WIZARD/3Infraestructura/0Menu/span_Grupos' is clicked on

2024-04-02 15:04:34 - [MESSAGE][PASSED] - Object: 'Object Repository/WIZARD/3Infraestructura/0Menu/span_Grupos' is clicked on

2024-04-02 15:04:34 - [TEST_STEP][PASSED] - delay(3): Delayed 3 second(s)

2024-04-02 15:04:37 - [MESSAGE][PASSED] - Delayed 3 second(s)

2024-04-02 15:04:37 - [TEST_STEP][PASSED] - click(findTestObject("WIZARD/3Infraestructura/3Grupos/Edicion/btn_Sala")): Object: 'Object Repository/WIZARD/3Infraestructura/3Grupos/Edicion/btn_Sala' is clicked on

2024-04-02 15:04:38 - [MESSAGE][PASSED] - Object: 'Object Repository/WIZARD/3Infraestructura/3Grupos/Edicion/btn_Sala' is clicked on

2024-04-02 15:04:38 - [TEST_STEP][PASSED] - delay(3): Delayed 3 second(s)

2024-04-02 15:04:41 - [MESSAGE][PASSED] - Delayed 3 second(s)

2024-04-02 15:04:41 - [TEST_STEP][PASSED] - click(findTestObject("WIZARD/3Infraestructura/3Grupos/Edicion/btn_Sala(1)/a_2Chipichape - Sala General")): Object: 'Object Repository/WIZARD/3Infraestructura/3Grupos/Edicion/btn_Sala(1)/a_2Chipichape - Sala General' is clicked on

2024-04-02 15:04:41 - [MESSAGE][PASSED] - Object: 'Object Repository/WIZARD/3Infraestructura/3Grupos/Edicion/btn_Sala(1)/a_2Chipichape - Sala General' is clicked on

2024-04-02 15:04:41 - [TEST_STEP][PASSED] - delay(3): Delayed 3 second(s)

2024-04-02 15:04:44 - [MESSAGE][PASSED] - Delayed 3 second(s)

2024-04-02 15:04:44 - [TEST_STEP][PASSED] - setText(findTestObject("WIZARD/3Infraestructura/3Grupos/Edicion/input_Nombre"), "Grupo Información"): Text 'Grupo Información' is set on object 'Object Repository/WIZARD/3Infraestructura/3Grupos/Edicion/input_Nombre'

2024-04-02 15:04:45 - [MESSAGE][PASSED] - Text 'Grupo Información' is set on object 'Object Repository/WIZARD/3Infraestructura/3Grupos/Edicion/input_Nombre'

2024-04-02 15:04:45 - [TEST_STEP][PASSED] - setText(findTestObject("WIZARD/3Infraestructura/3Grupos/Edicion/textarea_Descripcion"), "Chipichape - Grupo Información"): Text 'Chipichape - Grupo Información' is set on object 'Object Repository/WIZARD/3Infraestructura/3Grupos/Edicion/textarea_Descripcion'

2024-04-02 15:04:46 - [MESSAGE][PASSED] - Text 'Chipichape - Grupo Información' is set on object 'Object Repository/WIZARD/3Infraestructura/3Grupos/Edicion/textarea_Descripcion'

2024-04-02 15:04:46 - [TEST_STEP][PASSED] - scrollToPosition(0, 800): Browser is scrolled to position x = 0, y = 800

2024-04-02 15:04:46 - [MESSAGE][PASSED] - Browser is scrolled to position x = 0, y = 800

2024-04-02 15:04:46 - [TEST_STEP][PASSED] - selectOptionByLabel(findTestObject("WIZARD/3Infraestructura/3Grupos/Edicion/select_Nivel de visualizacion en Transferencias"), "Área", false): All options with label 'Área' are selected in object 'Object Repository/WIZARD/3Infraestructura/3Grupos/Edicion/select_Nivel de visualizacion en Transferencias' 

2024-04-02 15:04:46 - [MESSAGE][PASSED] - All options with label 'Área' are selected in object 'Object Repository/WIZARD/3Infraestructura/3Grupos/Edicion/select_Nivel de visualizacion en Transferencias' 

2024-04-02 15:04:46 - [TEST_STEP][PASSED] - delay(2): Delayed 2 second(s)

2024-04-02 15:04:48 - [MESSAGE][PASSED] - Delayed 2 second(s)

2024-04-02 15:04:48 - [TEST_STEP][PASSED] - selectOptionByLabel(findTestObject("WIZARD/3Infraestructura/3Grupos/Edicion/select_Nivel de visualizacion en Nuevo Servicio"), "Área", false): All options with label 'Área' are selected in object 'Object Repository/WIZARD/3Infraestructura/3Grupos/Edicion/select_Nivel de visualizacion en Nuevo Servicio' 

2024-04-02 15:04:49 - [MESSAGE][PASSED] - All options with label 'Área' are selected in object 'Object Repository/WIZARD/3Infraestructura/3Grupos/Edicion/select_Nivel de visualizacion en Nuevo Servicio' 

2024-04-02 15:04:49 - [TEST_STEP][PASSED] - delay(2): Delayed 2 second(s)

2024-04-02 15:04:51 - [MESSAGE][PASSED] - Delayed 2 second(s)

2024-04-02 15:04:51 - [TEST_STEP][PASSED] - scrollToPosition(0, 0): Browser is scrolled to position x = 0, y = 0

2024-04-02 15:04:51 - [MESSAGE][PASSED] - Browser is scrolled to position x = 0, y = 0

2024-04-02 15:04:51 - [TEST_STEP][PASSED] - click(findTestObject("WIZARD/3Infraestructura/3Grupos/Edicion/img_Nuevo")): Object: 'Object Repository/WIZARD/3Infraestructura/3Grupos/Edicion/img_Nuevo' is clicked on

2024-04-02 15:04:52 - [MESSAGE][PASSED] - Object: 'Object Repository/WIZARD/3Infraestructura/3Grupos/Edicion/img_Nuevo' is clicked on

2024-04-02 15:04:52 - [TEST_STEP][PASSED] - delay(3): Delayed 3 second(s)

2024-04-02 15:04:55 - [MESSAGE][PASSED] - Delayed 3 second(s)

2024-04-02 15:04:55 - [TEST_STEP][PASSED] - click(findTestObject("WIZARD/3Infraestructura/0Menu/span_Grupos")): Object: 'Object Repository/WIZARD/3Infraestructura/0Menu/span_Grupos' is clicked on

2024-04-02 15:04:55 - [MESSAGE][PASSED] - Object: 'Object Repository/WIZARD/3Infraestructura/0Menu/span_Grupos' is clicked on

2024-04-02 15:04:55 - [TEST_STEP][PASSED] - delay(3): Delayed 3 second(s)

2024-04-02 15:04:58 - [MESSAGE][PASSED] - Delayed 3 second(s)

2024-04-02 15:04:58 - [TEST_STEP][PASSED] - click(findTestObject("WIZARD/3Infraestructura/3Grupos/Edicion/btn_Sala")): Object: 'Object Repository/WIZARD/3Infraestructura/3Grupos/Edicion/btn_Sala' is clicked on

2024-04-02 15:04:59 - [MESSAGE][PASSED] - Object: 'Object Repository/WIZARD/3Infraestructura/3Grupos/Edicion/btn_Sala' is clicked on

2024-04-02 15:04:59 - [TEST_STEP][PASSED] - delay(3): Delayed 3 second(s)

2024-04-02 15:05:02 - [MESSAGE][PASSED] - Delayed 3 second(s)

2024-04-02 15:05:02 - [TEST_STEP][PASSED] - click(findTestObject("WIZARD/3Infraestructura/3Grupos/Edicion/btn_Sala(1)/a_2Chipichape - Sala General")): Object: 'Object Repository/WIZARD/3Infraestructura/3Grupos/Edicion/btn_Sala(1)/a_2Chipichape - Sala General' is clicked on

2024-04-02 15:05:02 - [MESSAGE][PASSED] - Object: 'Object Repository/WIZARD/3Infraestructura/3Grupos/Edicion/btn_Sala(1)/a_2Chipichape - Sala General' is clicked on

2024-04-02 15:05:02 - [TEST_STEP][PASSED] - delay(3): Delayed 3 second(s)

2024-04-02 15:05:05 - [MESSAGE][PASSED] - Delayed 3 second(s)

2024-04-02 15:05:05 - [TEST_STEP][PASSED] - setText(findTestObject("WIZARD/3Infraestructura/3Grupos/Edicion/input_Nombre"), "Grupo PQRS"): Text 'Grupo PQRS' is set on object 'Object Repository/WIZARD/3Infraestructura/3Grupos/Edicion/input_Nombre'

2024-04-02 15:05:06 - [MESSAGE][PASSED] - Text 'Grupo PQRS' is set on object 'Object Repository/WIZARD/3Infraestructura/3Grupos/Edicion/input_Nombre'

2024-04-02 15:05:06 - [TEST_STEP][PASSED] - setText(findTestObject("WIZARD/3Infraestructura/3Grupos/Edicion/textarea_Descripcion"), "Chipichape - PQRS"): Text 'Chipichape - PQRS' is set on object 'Object Repository/WIZARD/3Infraestructura/3Grupos/Edicion/textarea_Descripcion'

2024-04-02 15:05:07 - [MESSAGE][PASSED] - Text 'Chipichape - PQRS' is set on object 'Object Repository/WIZARD/3Infraestructura/3Grupos/Edicion/textarea_Descripcion'

2024-04-02 15:05:07 - [TEST_STEP][PASSED] - scrollToPosition(0, 800): Browser is scrolled to position x = 0, y = 800

2024-04-02 15:05:07 - [MESSAGE][PASSED] - Browser is scrolled to position x = 0, y = 800

2024-04-02 15:05:07 - [TEST_STEP][PASSED] - selectOptionByLabel(findTestObject("WIZARD/3Infraestructura/3Grupos/Edicion/select_Nivel de visualizacion en Transferencias"), "Área", false): All options with label 'Área' are selected in object 'Object Repository/WIZARD/3Infraestructura/3Grupos/Edicion/select_Nivel de visualizacion en Transferencias' 

2024-04-02 15:05:08 - [MESSAGE][PASSED] - All options with label 'Área' are selected in object 'Object Repository/WIZARD/3Infraestructura/3Grupos/Edicion/select_Nivel de visualizacion en Transferencias' 

2024-04-02 15:05:08 - [TEST_STEP][PASSED] - delay(2): Delayed 2 second(s)

2024-04-02 15:05:10 - [MESSAGE][PASSED] - Delayed 2 second(s)

2024-04-02 15:05:10 - [TEST_STEP][PASSED] - selectOptionByLabel(findTestObject("WIZARD/3Infraestructura/3Grupos/Edicion/select_Nivel de visualizacion en Nuevo Servicio"), "Área", false): All options with label 'Área' are selected in object 'Object Repository/WIZARD/3Infraestructura/3Grupos/Edicion/select_Nivel de visualizacion en Nuevo Servicio' 

2024-04-02 15:05:11 - [MESSAGE][PASSED] - All options with label 'Área' are selected in object 'Object Repository/WIZARD/3Infraestructura/3Grupos/Edicion/select_Nivel de visualizacion en Nuevo Servicio' 

2024-04-02 15:05:11 - [TEST_STEP][PASSED] - delay(2): Delayed 2 second(s)

2024-04-02 15:05:13 - [MESSAGE][PASSED] - Delayed 2 second(s)

2024-04-02 15:05:13 - [TEST_STEP][PASSED] - scrollToPosition(0, 0): Browser is scrolled to position x = 0, y = 0

2024-04-02 15:05:13 - [MESSAGE][PASSED] - Browser is scrolled to position x = 0, y = 0

2024-04-02 15:05:13 - [TEST_STEP][PASSED] - click(findTestObject("WIZARD/3Infraestructura/3Grupos/Edicion/img_Nuevo")): Object: 'Object Repository/WIZARD/3Infraestructura/3Grupos/Edicion/img_Nuevo' is clicked on

2024-04-02 15:05:13 - [MESSAGE][PASSED] - Object: 'Object Repository/WIZARD/3Infraestructura/3Grupos/Edicion/img_Nuevo' is clicked on

2024-04-02 15:05:13 - [TEST_STEP][PASSED] - delay(3): Delayed 3 second(s)

2024-04-02 15:05:16 - [MESSAGE][PASSED] - Delayed 3 second(s)

2024-04-02 15:05:16 - [TEST_STEP][PASSED] - click(findTestObject("WIZARD/3Infraestructura/0Menu/span_Grupos")): Object: 'Object Repository/WIZARD/3Infraestructura/0Menu/span_Grupos' is clicked on

2024-04-02 15:05:17 - [MESSAGE][PASSED] - Object: 'Object Repository/WIZARD/3Infraestructura/0Menu/span_Grupos' is clicked on

2024-04-02 15:05:17 - [TEST_STEP][PASSED] - delay(3): Delayed 3 second(s)

2024-04-02 15:05:20 - [MESSAGE][PASSED] - Delayed 3 second(s)

2024-04-02 15:05:20 - [TEST_STEP][PASSED] - click(findTestObject("WIZARD/3Infraestructura/3Grupos/Edicion/btn_Sala")): Object: 'Object Repository/WIZARD/3Infraestructura/3Grupos/Edicion/btn_Sala' is clicked on

2024-04-02 15:05:20 - [MESSAGE][PASSED] - Object: 'Object Repository/WIZARD/3Infraestructura/3Grupos/Edicion/btn_Sala' is clicked on

2024-04-02 15:05:20 - [TEST_STEP][PASSED] - delay(3): Delayed 3 second(s)

2024-04-02 15:05:23 - [MESSAGE][PASSED] - Delayed 3 second(s)

2024-04-02 15:05:23 - [TEST_STEP][PASSED] - click(findTestObject("WIZARD/3Infraestructura/3Grupos/Edicion/btn_Sala(1)/a_2Chipichape - Sala General")): Object: 'Object Repository/WIZARD/3Infraestructura/3Grupos/Edicion/btn_Sala(1)/a_2Chipichape - Sala General' is clicked on

2024-04-02 15:05:24 - [MESSAGE][PASSED] - Object: 'Object Repository/WIZARD/3Infraestructura/3Grupos/Edicion/btn_Sala(1)/a_2Chipichape - Sala General' is clicked on

2024-04-02 15:05:24 - [TEST_STEP][PASSED] - delay(3): Delayed 3 second(s)

2024-04-02 15:05:27 - [MESSAGE][PASSED] - Delayed 3 second(s)

2024-04-02 15:05:27 - [TEST_STEP][PASSED] - setText(findTestObject("WIZARD/3Infraestructura/3Grupos/Edicion/input_Nombre"), "Grupo Radicaciones"): Text 'Grupo Radicaciones' is set on object 'Object Repository/WIZARD/3Infraestructura/3Grupos/Edicion/input_Nombre'

2024-04-02 15:05:28 - [MESSAGE][PASSED] - Text 'Grupo Radicaciones' is set on object 'Object Repository/WIZARD/3Infraestructura/3Grupos/Edicion/input_Nombre'

2024-04-02 15:05:28 - [TEST_STEP][PASSED] - setText(findTestObject("WIZARD/3Infraestructura/3Grupos/Edicion/textarea_Descripcion"), "Chipichape- Radicaciones"): Text 'Chipichape- Radicaciones' is set on object 'Object Repository/WIZARD/3Infraestructura/3Grupos/Edicion/textarea_Descripcion'

2024-04-02 15:05:29 - [MESSAGE][PASSED] - Text 'Chipichape- Radicaciones' is set on object 'Object Repository/WIZARD/3Infraestructura/3Grupos/Edicion/textarea_Descripcion'

2024-04-02 15:05:29 - [TEST_STEP][PASSED] - scrollToPosition(0, 800): Browser is scrolled to position x = 0, y = 800

2024-04-02 15:05:29 - [MESSAGE][PASSED] - Browser is scrolled to position x = 0, y = 800

2024-04-02 15:05:29 - [TEST_STEP][PASSED] - selectOptionByLabel(findTestObject("WIZARD/3Infraestructura/3Grupos/Edicion/select_Nivel de visualizacion en Transferencias"), "Área", false): All options with label 'Área' are selected in object 'Object Repository/WIZARD/3Infraestructura/3Grupos/Edicion/select_Nivel de visualizacion en Transferencias' 

2024-04-02 15:05:29 - [MESSAGE][PASSED] - All options with label 'Área' are selected in object 'Object Repository/WIZARD/3Infraestructura/3Grupos/Edicion/select_Nivel de visualizacion en Transferencias' 

2024-04-02 15:05:29 - [TEST_STEP][PASSED] - delay(2): Delayed 2 second(s)

2024-04-02 15:05:31 - [MESSAGE][PASSED] - Delayed 2 second(s)

2024-04-02 15:05:31 - [TEST_STEP][PASSED] - selectOptionByLabel(findTestObject("WIZARD/3Infraestructura/3Grupos/Edicion/select_Nivel de visualizacion en Nuevo Servicio"), "Área", false): All options with label 'Área' are selected in object 'Object Repository/WIZARD/3Infraestructura/3Grupos/Edicion/select_Nivel de visualizacion en Nuevo Servicio' 

2024-04-02 15:05:32 - [MESSAGE][PASSED] - All options with label 'Área' are selected in object 'Object Repository/WIZARD/3Infraestructura/3Grupos/Edicion/select_Nivel de visualizacion en Nuevo Servicio' 

2024-04-02 15:05:32 - [TEST_STEP][PASSED] - delay(2): Delayed 2 second(s)

2024-04-02 15:05:34 - [MESSAGE][PASSED] - Delayed 2 second(s)

2024-04-02 15:05:34 - [TEST_STEP][PASSED] - scrollToPosition(0, 0): Browser is scrolled to position x = 0, y = 0

2024-04-02 15:05:34 - [MESSAGE][PASSED] - Browser is scrolled to position x = 0, y = 0

2024-04-02 15:05:34 - [TEST_STEP][PASSED] - click(findTestObject("WIZARD/3Infraestructura/3Grupos/Edicion/img_Nuevo")): Object: 'Object Repository/WIZARD/3Infraestructura/3Grupos/Edicion/img_Nuevo' is clicked on

2024-04-02 15:05:35 - [MESSAGE][PASSED] - Object: 'Object Repository/WIZARD/3Infraestructura/3Grupos/Edicion/img_Nuevo' is clicked on

2024-04-02 15:05:35 - [TEST_STEP][PASSED] - delay(3): Delayed 3 second(s)

2024-04-02 15:05:38 - [MESSAGE][PASSED] - Delayed 3 second(s)

2024-04-02 15:05:38 - [TEST_STEP][PASSED] - takeFullPageScreenshot(): Taking screenshot successfully

2024-04-02 15:05:38 - [MESSAGE][INFO] - 0 hidden object(s)

2024-04-02 15:05:39 - [MESSAGE][PASSED] - Taking screenshot successfully
[[ATTACHMENT|C:\\CIEL INGENIERIA\\Katalon\\Digiturno55\\Reports\\20240402_143907\\WIZARD\\3Infraestructura\\3Grupos\\5.3 Crear Grupos Chipichape\\20240402_143950\\1712088338173.png]]

2024-04-02 15:05:39 - [TEST_STEP][PASSED] - delay(3): Delayed 3 second(s)

2024-04-02 15:05:42 - [MESSAGE][PASSED] - Delayed 3 second(s)

2024-04-02 15:05:42 - [TEST_STEP][PASSED] - Start listener action : sampleAfterTestCase: null]]></system-out>
         <system-err><![CDATA[]]></system-err>
      </testcase>
      <system-out><![CDATA[2024-04-02 15:04:17 - [TEST_SUITE][PASSED] - 5.3 Crear Grupos Chipichape: Test Cases/WIZARD/3Infraestructura/3Grupos/5.3 Crear Grupos Chipichape]]></system-out>
      <system-err><![CDATA[]]></system-err>
   </testsuite>
</testsuites>
