<?xml version="1.0" encoding="UTF-8"?>
<testsuites name="5.5 Crear Terminales Manizales" time="87.285" tests="1" failures="0" errors="0">
   <testsuite name="5.5 Crear Terminales Manizales" tests="1" failures="0" errors="0" time="87.285" skipped="0" timestamp="2024-03-11 10:54:37" hostname="jdavila - PCPruebas101.ciel.cielingenieria.com" id="Test Suites/WIZARD/3Infraestructura/5Terminales/5.5 Crear Terminales Manizales">
      <properties>
         <property name="deviceName" value=""/>
         <property name="devicePlatform" value=""/>
         <property name="logFolder" value="C:\\CIEL INGENIERIA\\Katalon\\Digiturno55\\Reports\\20240311_101053\\WIZARD\\3Infraestructura\\5Terminales\\5.5 Crear Terminales Manizales\\20240311_101156"/>
         <property name="logFiles" value="C:\\CIEL INGENIERIA\\Katalon\\Digiturno55\\Reports\\20240311_101053\\WIZARD\\3Infraestructura\\5Terminales\\5.5 Crear Terminales Manizales\\20240311_101156\\execution0.log"/>
         <property name="attachments" value="C:\\CIEL INGENIERIA\\Katalon\\Digiturno55\\Reports\\20240311_101053\\WIZARD\\3Infraestructura\\5Terminales\\5.5 Crear Terminales Manizales\\20240311_101156\\1710172561089.png"/>
         <property name="hostName" value="jdavila - PCPruebas101.ciel.cielingenieria.com"/>
         <property name="os" value="Windows 10 64bit"/>
         <property name="katalonVersion" value="8.6.8.208"/>
         <property name="browser" value="Chrome 122.0.0.0"/>
         <property name="hostAddress" value="192.168.91.14"/>
         <property name="sessionId" value="70d2789039ee877bff4febbc4a8a3668"/>
         <property name="seleniumVersion" value="3.141.59"/>
         <property name="proxyInformation" value="ProxyInformation { proxyOption=NO_PROXY, proxyServerType=HTTP, username=, password=********, proxyServerAddress=, proxyServerPort=0, executionList=&quot;&quot;, isApplyToDesiredCapabilities=true }"/>
         <property name="platform" value="Windows 10"/>
      </properties>
      <testcase name="Test Cases/WIZARD/3Infraestructura/5Terminales/5.5 Crear Terminales Manizales" time="87.065" classname="Test Cases/WIZARD/3Infraestructura/5Terminales/5.5 Crear Terminales Manizales" status="PASSED">
         <system-out><![CDATA[2024-03-11 10:54:37 - [TEST_CASE][PASSED] - Test Cases/WIZARD/3Infraestructura/5Terminales/5.5 Crear Terminales Manizales: Test Cases/WIZARD/3Infraestructura/5Terminales/5.5 Crear Terminales Manizales

2024-03-11 10:54:38 - [TEST_STEP][PASSED] - callTestCase(findTestCase("0InicioSesion"), [:], STOP_ON_FAILURE): Call Test Case 'Test Cases/0InicioSesion' successfully

2024-03-11 10:54:38 - [TEST_CASE][PASSED] - Test Cases/0InicioSesion: Test Cases/0InicioSesion

2024-03-11 10:54:38 - [TEST_STEP][PASSED] - openBrowser(UrlDigiturno): Browser is opened with url: 'https://PCPruebas101.ciel.cielingenieria.com:8910'

2024-03-11 10:54:39 - [MESSAGE][INFO] - Starting 'Chrome' driver

2024-03-11 10:54:39 - [MESSAGE][INFO] - User set preference: ['args', '[--use-fake-ui-for-media-stream, --disable-notifications]']

2024-03-11 10:54:39 - [MESSAGE][INFO] - Action delay is set to 0 milliseconds

2024-03-11 10:54:41 - [MESSAGE][PASSED] - Browser is opened with url: 'https://PCPruebas101.ciel.cielingenieria.com:8910'

2024-03-11 10:54:41 - [TEST_STEP][PASSED] - maximizeWindow(): Current window maximized

2024-03-11 10:54:42 - [MESSAGE][PASSED] - Current window maximized

2024-03-11 10:54:42 - [TEST_STEP][PASSED] - delay(3): Delayed 3 second(s)

2024-03-11 10:54:45 - [MESSAGE][PASSED] - Delayed 3 second(s)

2024-03-11 10:54:45 - [TEST_STEP][PASSED] - setText(findTestObject("0Inicio Sesion/input_Usuario"), "Ciel"): Text 'Ciel' is set on object 'Object Repository/0Inicio Sesion/input_Usuario'

2024-03-11 10:54:45 - [MESSAGE][PASSED] - Text 'Ciel' is set on object 'Object Repository/0Inicio Sesion/input_Usuario'

2024-03-11 10:54:45 - [TEST_STEP][PASSED] - setText(findTestObject("0Inicio Sesion/input_Clave"), "digiturno"): Text 'digiturno' is set on object 'Object Repository/0Inicio Sesion/input_Clave'

2024-03-11 10:54:46 - [MESSAGE][PASSED] - Text 'digiturno' is set on object 'Object Repository/0Inicio Sesion/input_Clave'

2024-03-11 10:54:46 - [TEST_STEP][PASSED] - click(findTestObject("0Inicio Sesion/btn_IniciarSesion")): Object: 'Object Repository/0Inicio Sesion/btn_IniciarSesion' is clicked on

2024-03-11 10:54:47 - [MESSAGE][PASSED] - Object: 'Object Repository/0Inicio Sesion/btn_IniciarSesion' is clicked on

2024-03-11 10:54:47 - [TEST_STEP][PASSED] - delay(3): Delayed 3 second(s)

2024-03-11 10:54:50 - [MESSAGE][PASSED] - Delayed 3 second(s)

2024-03-11 10:54:50 - [MESSAGE][PASSED] - Call Test Case 'Test Cases/0InicioSesion' successfully

2024-03-11 10:54:50 - [TEST_STEP][PASSED] - click(findTestObject("WIZARD/0Principal/img_InfraestructuraMAX")): Object: 'Object Repository/WIZARD/0Principal/img_InfraestructuraMAX' is clicked on

2024-03-11 10:54:50 - [MESSAGE][PASSED] - Object: 'Object Repository/WIZARD/0Principal/img_InfraestructuraMAX' is clicked on

2024-03-11 10:54:50 - [TEST_STEP][PASSED] - delay(3): Delayed 3 second(s)

2024-03-11 10:54:53 - [MESSAGE][PASSED] - Delayed 3 second(s)

2024-03-11 10:54:53 - [TEST_STEP][PASSED] - click(findTestObject("WIZARD/3Infraestructura/0Menu/span_Terminales")): Object: 'Object Repository/WIZARD/3Infraestructura/0Menu/span_Terminales' is clicked on

2024-03-11 10:54:54 - [MESSAGE][PASSED] - Object: 'Object Repository/WIZARD/3Infraestructura/0Menu/span_Terminales' is clicked on

2024-03-11 10:54:54 - [TEST_STEP][PASSED] - delay(3): Delayed 3 second(s)

2024-03-11 10:54:57 - [MESSAGE][PASSED] - Delayed 3 second(s)

2024-03-11 10:54:57 - [TEST_STEP][PASSED] - click(findTestObject("WIZARD/3Infraestructura/5Terminales/0OficinasModal/td_4Manizales - Manizales")): Object: 'Object Repository/WIZARD/3Infraestructura/5Terminales/0OficinasModal/td_4Manizales - Manizales' is clicked on

2024-03-11 10:54:57 - [MESSAGE][PASSED] - Object: 'Object Repository/WIZARD/3Infraestructura/5Terminales/0OficinasModal/td_4Manizales - Manizales' is clicked on

2024-03-11 10:54:57 - [TEST_STEP][PASSED] - delay(3): Delayed 3 second(s)

2024-03-11 10:55:00 - [MESSAGE][PASSED] - Delayed 3 second(s)

2024-03-11 10:55:00 - [TEST_STEP][PASSED] - click(findTestObject("WIZARD/3Infraestructura/5Terminales/Edicion/btn_SeleccionarGrupo")): Object: 'Object Repository/WIZARD/3Infraestructura/5Terminales/Edicion/btn_SeleccionarGrupo' is clicked on

2024-03-11 10:55:01 - [MESSAGE][PASSED] - Object: 'Object Repository/WIZARD/3Infraestructura/5Terminales/Edicion/btn_SeleccionarGrupo' is clicked on

2024-03-11 10:55:01 - [TEST_STEP][PASSED] - delay(3): Delayed 3 second(s)

2024-03-11 10:55:04 - [MESSAGE][PASSED] - Delayed 3 second(s)

2024-03-11 10:55:04 - [TEST_STEP][PASSED] - click(findTestObject("WIZARD/3Infraestructura/5Terminales/Edicion/btn_Seleccionar Grupo(1)/a_Grupo General")): Object: 'Object Repository/WIZARD/3Infraestructura/5Terminales/Edicion/btn_Seleccionar Grupo(1)/a_Grupo General' is clicked on

2024-03-11 10:55:04 - [MESSAGE][PASSED] - Object: 'Object Repository/WIZARD/3Infraestructura/5Terminales/Edicion/btn_Seleccionar Grupo(1)/a_Grupo General' is clicked on

2024-03-11 10:55:04 - [TEST_STEP][PASSED] - delay(3): Delayed 3 second(s)

2024-03-11 10:55:07 - [MESSAGE][PASSED] - Delayed 3 second(s)

2024-03-11 10:55:07 - [TEST_STEP][PASSED] - setText(findTestObject("WIZARD/3Infraestructura/5Terminales/Edicion/input_Nombre"), "A01"): Text 'A01' is set on object 'Object Repository/WIZARD/3Infraestructura/5Terminales/Edicion/input_Nombre'

2024-03-11 10:55:08 - [MESSAGE][PASSED] - Text 'A01' is set on object 'Object Repository/WIZARD/3Infraestructura/5Terminales/Edicion/input_Nombre'

2024-03-11 10:55:08 - [TEST_STEP][PASSED] - setText(findTestObject("WIZARD/3Infraestructura/5Terminales/Edicion/textarea_Descripcion"), "Manizales - Terminal - Informacion"): Text 'Manizales - Terminal - Informacion' is set on object 'Object Repository/WIZARD/3Infraestructura/5Terminales/Edicion/textarea_Descripcion'

2024-03-11 10:55:09 - [MESSAGE][PASSED] - Text 'Manizales - Terminal - Informacion' is set on object 'Object Repository/WIZARD/3Infraestructura/5Terminales/Edicion/textarea_Descripcion'

2024-03-11 10:55:09 - [TEST_STEP][PASSED] - scrollToElement(findTestObject("WIZARD/3Infraestructura/5Terminales/Edicion/Label/label_Mostrar ventana emergente"), 2): Scroll to object 'Object Repository/WIZARD/3Infraestructura/5Terminales/Edicion/Label/label_Mostrar ventana emergente' successfully

2024-03-11 10:55:10 - [MESSAGE][PASSED] - Scroll to object 'Object Repository/WIZARD/3Infraestructura/5Terminales/Edicion/Label/label_Mostrar ventana emergente' successfully

2024-03-11 10:55:10 - [TEST_STEP][PASSED] - check(findTestObject("WIZARD/3Infraestructura/5Terminales/Edicion/Label/label_Mostrar ventana emergente")): Object 'Object Repository/WIZARD/3Infraestructura/5Terminales/Edicion/Label/label_Mostrar ventana emergente' is checked

2024-03-11 10:55:10 - [MESSAGE][PASSED] - Object 'Object Repository/WIZARD/3Infraestructura/5Terminales/Edicion/Label/label_Mostrar ventana emergente' is checked

2024-03-11 10:55:10 - [TEST_STEP][PASSED] - scrollToPosition(0, 0): Browser is scrolled to position x = 0, y = 0

2024-03-11 10:55:10 - [MESSAGE][PASSED] - Browser is scrolled to position x = 0, y = 0

2024-03-11 10:55:10 - [TEST_STEP][PASSED] - delay(2): Delayed 2 second(s)

2024-03-11 10:55:12 - [MESSAGE][PASSED] - Delayed 2 second(s)

2024-03-11 10:55:12 - [TEST_STEP][PASSED] - click(findTestObject("WIZARD/3Infraestructura/5Terminales/Edicion/img_Nuevo")): Object: 'Object Repository/WIZARD/3Infraestructura/5Terminales/Edicion/img_Nuevo' is clicked on

2024-03-11 10:55:13 - [MESSAGE][PASSED] - Object: 'Object Repository/WIZARD/3Infraestructura/5Terminales/Edicion/img_Nuevo' is clicked on

2024-03-11 10:55:13 - [TEST_STEP][PASSED] - delay(3): Delayed 3 second(s)

2024-03-11 10:55:16 - [MESSAGE][PASSED] - Delayed 3 second(s)

2024-03-11 10:55:16 - [TEST_STEP][PASSED] - click(findTestObject("WIZARD/3Infraestructura/0Menu/span_Terminales")): Object: 'Object Repository/WIZARD/3Infraestructura/0Menu/span_Terminales' is clicked on

2024-03-11 10:55:16 - [MESSAGE][PASSED] - Object: 'Object Repository/WIZARD/3Infraestructura/0Menu/span_Terminales' is clicked on

2024-03-11 10:55:16 - [TEST_STEP][PASSED] - delay(3): Delayed 3 second(s)

2024-03-11 10:55:19 - [MESSAGE][PASSED] - Delayed 3 second(s)

2024-03-11 10:55:19 - [TEST_STEP][PASSED] - click(findTestObject("WIZARD/3Infraestructura/5Terminales/0OficinasModal/td_4Manizales - Manizales")): Object: 'Object Repository/WIZARD/3Infraestructura/5Terminales/0OficinasModal/td_4Manizales - Manizales' is clicked on

2024-03-11 10:55:20 - [MESSAGE][PASSED] - Object: 'Object Repository/WIZARD/3Infraestructura/5Terminales/0OficinasModal/td_4Manizales - Manizales' is clicked on

2024-03-11 10:55:20 - [TEST_STEP][PASSED] - delay(3): Delayed 3 second(s)

2024-03-11 10:55:23 - [MESSAGE][PASSED] - Delayed 3 second(s)

2024-03-11 10:55:23 - [TEST_STEP][PASSED] - click(findTestObject("WIZARD/3Infraestructura/5Terminales/Edicion/btn_SeleccionarGrupo")): Object: 'Object Repository/WIZARD/3Infraestructura/5Terminales/Edicion/btn_SeleccionarGrupo' is clicked on

2024-03-11 10:55:23 - [MESSAGE][PASSED] - Object: 'Object Repository/WIZARD/3Infraestructura/5Terminales/Edicion/btn_SeleccionarGrupo' is clicked on

2024-03-11 10:55:23 - [TEST_STEP][PASSED] - delay(3): Delayed 3 second(s)

2024-03-11 10:55:26 - [MESSAGE][PASSED] - Delayed 3 second(s)

2024-03-11 10:55:26 - [TEST_STEP][PASSED] - click(findTestObject("WIZARD/3Infraestructura/5Terminales/Edicion/btn_Seleccionar Grupo(1)/a_Grupo PQRS")): Object: 'Object Repository/WIZARD/3Infraestructura/5Terminales/Edicion/btn_Seleccionar Grupo(1)/a_Grupo PQRS' is clicked on

2024-03-11 10:55:27 - [MESSAGE][PASSED] - Object: 'Object Repository/WIZARD/3Infraestructura/5Terminales/Edicion/btn_Seleccionar Grupo(1)/a_Grupo PQRS' is clicked on

2024-03-11 10:55:27 - [TEST_STEP][PASSED] - delay(3): Delayed 3 second(s)

2024-03-11 10:55:30 - [MESSAGE][PASSED] - Delayed 3 second(s)

2024-03-11 10:55:30 - [TEST_STEP][PASSED] - scrollToElement(findTestObject("WIZARD/3Infraestructura/5Terminales/Edicion/input_Nombre"), 2): Scroll to object 'Object Repository/WIZARD/3Infraestructura/5Terminales/Edicion/input_Nombre' successfully

2024-03-11 10:55:30 - [MESSAGE][PASSED] - Scroll to object 'Object Repository/WIZARD/3Infraestructura/5Terminales/Edicion/input_Nombre' successfully

2024-03-11 10:55:30 - [TEST_STEP][PASSED] - setText(findTestObject("WIZARD/3Infraestructura/5Terminales/Edicion/input_Nombre"), "A02"): Text 'A02' is set on object 'Object Repository/WIZARD/3Infraestructura/5Terminales/Edicion/input_Nombre'

2024-03-11 10:55:31 - [MESSAGE][PASSED] - Text 'A02' is set on object 'Object Repository/WIZARD/3Infraestructura/5Terminales/Edicion/input_Nombre'

2024-03-11 10:55:31 - [TEST_STEP][PASSED] - setText(findTestObject("WIZARD/3Infraestructura/5Terminales/Edicion/textarea_Descripcion"), "Manizales - Terminal - PQRS"): Text 'Manizales - Terminal - PQRS' is set on object 'Object Repository/WIZARD/3Infraestructura/5Terminales/Edicion/textarea_Descripcion'

2024-03-11 10:55:32 - [MESSAGE][PASSED] - Text 'Manizales - Terminal - PQRS' is set on object 'Object Repository/WIZARD/3Infraestructura/5Terminales/Edicion/textarea_Descripcion'

2024-03-11 10:55:32 - [TEST_STEP][PASSED] - scrollToElement(findTestObject("WIZARD/3Infraestructura/5Terminales/Edicion/Label/label_Mostrar ventana emergente"), 2): Scroll to object 'Object Repository/WIZARD/3Infraestructura/5Terminales/Edicion/Label/label_Mostrar ventana emergente' successfully

2024-03-11 10:55:32 - [MESSAGE][PASSED] - Scroll to object 'Object Repository/WIZARD/3Infraestructura/5Terminales/Edicion/Label/label_Mostrar ventana emergente' successfully

2024-03-11 10:55:32 - [TEST_STEP][PASSED] - setText(findTestObject("WIZARD/3Infraestructura/5Terminales/Edicion/input_Direccion en sala"), "2"): Text '2' is set on object 'Object Repository/WIZARD/3Infraestructura/5Terminales/Edicion/input_Direccion en sala'

2024-03-11 10:55:33 - [MESSAGE][PASSED] - Text '2' is set on object 'Object Repository/WIZARD/3Infraestructura/5Terminales/Edicion/input_Direccion en sala'

2024-03-11 10:55:33 - [TEST_STEP][PASSED] - check(findTestObject("WIZARD/3Infraestructura/5Terminales/Edicion/Label/label_Mostrar ventana emergente")): Object 'Object Repository/WIZARD/3Infraestructura/5Terminales/Edicion/Label/label_Mostrar ventana emergente' is checked

2024-03-11 10:55:33 - [MESSAGE][PASSED] - Object 'Object Repository/WIZARD/3Infraestructura/5Terminales/Edicion/Label/label_Mostrar ventana emergente' is checked

2024-03-11 10:55:33 - [TEST_STEP][PASSED] - scrollToPosition(0, 0): Browser is scrolled to position x = 0, y = 0

2024-03-11 10:55:33 - [MESSAGE][PASSED] - Browser is scrolled to position x = 0, y = 0

2024-03-11 10:55:33 - [TEST_STEP][PASSED] - delay(2): Delayed 2 second(s)

2024-03-11 10:55:35 - [MESSAGE][PASSED] - Delayed 2 second(s)

2024-03-11 10:55:35 - [TEST_STEP][PASSED] - click(findTestObject("WIZARD/3Infraestructura/5Terminales/Edicion/img_Nuevo")): Object: 'Object Repository/WIZARD/3Infraestructura/5Terminales/Edicion/img_Nuevo' is clicked on

2024-03-11 10:55:36 - [MESSAGE][PASSED] - Object: 'Object Repository/WIZARD/3Infraestructura/5Terminales/Edicion/img_Nuevo' is clicked on

2024-03-11 10:55:36 - [TEST_STEP][PASSED] - delay(3): Delayed 3 second(s)

2024-03-11 10:55:39 - [MESSAGE][PASSED] - Delayed 3 second(s)

2024-03-11 10:55:39 - [TEST_STEP][PASSED] - click(findTestObject("WIZARD/3Infraestructura/0Menu/span_Terminales")): Object: 'Object Repository/WIZARD/3Infraestructura/0Menu/span_Terminales' is clicked on

2024-03-11 10:55:39 - [MESSAGE][PASSED] - Object: 'Object Repository/WIZARD/3Infraestructura/0Menu/span_Terminales' is clicked on

2024-03-11 10:55:39 - [TEST_STEP][PASSED] - delay(3): Delayed 3 second(s)

2024-03-11 10:55:42 - [MESSAGE][PASSED] - Delayed 3 second(s)

2024-03-11 10:55:42 - [TEST_STEP][PASSED] - click(findTestObject("WIZARD/3Infraestructura/5Terminales/0OficinasModal/td_4Manizales - Manizales")): Object: 'Object Repository/WIZARD/3Infraestructura/5Terminales/0OficinasModal/td_4Manizales - Manizales' is clicked on

2024-03-11 10:55:43 - [MESSAGE][PASSED] - Object: 'Object Repository/WIZARD/3Infraestructura/5Terminales/0OficinasModal/td_4Manizales - Manizales' is clicked on

2024-03-11 10:55:43 - [TEST_STEP][PASSED] - delay(3): Delayed 3 second(s)

2024-03-11 10:55:46 - [MESSAGE][PASSED] - Delayed 3 second(s)

2024-03-11 10:55:46 - [TEST_STEP][PASSED] - click(findTestObject("WIZARD/3Infraestructura/5Terminales/Edicion/btn_SeleccionarGrupo")): Object: 'Object Repository/WIZARD/3Infraestructura/5Terminales/Edicion/btn_SeleccionarGrupo' is clicked on

2024-03-11 10:55:46 - [MESSAGE][PASSED] - Object: 'Object Repository/WIZARD/3Infraestructura/5Terminales/Edicion/btn_SeleccionarGrupo' is clicked on

2024-03-11 10:55:46 - [TEST_STEP][PASSED] - delay(3): Delayed 3 second(s)

2024-03-11 10:55:49 - [MESSAGE][PASSED] - Delayed 3 second(s)

2024-03-11 10:55:49 - [TEST_STEP][PASSED] - click(findTestObject("WIZARD/3Infraestructura/5Terminales/Edicion/btn_Seleccionar Grupo(1)/a_Grupo Radicaciones")): Object: 'Object Repository/WIZARD/3Infraestructura/5Terminales/Edicion/btn_Seleccionar Grupo(1)/a_Grupo Radicaciones' is clicked on

2024-03-11 10:55:50 - [MESSAGE][PASSED] - Object: 'Object Repository/WIZARD/3Infraestructura/5Terminales/Edicion/btn_Seleccionar Grupo(1)/a_Grupo Radicaciones' is clicked on

2024-03-11 10:55:50 - [TEST_STEP][PASSED] - delay(3): Delayed 3 second(s)

2024-03-11 10:55:53 - [MESSAGE][PASSED] - Delayed 3 second(s)

2024-03-11 10:55:53 - [TEST_STEP][PASSED] - scrollToElement(findTestObject("WIZARD/3Infraestructura/5Terminales/Edicion/input_Nombre"), 2): Scroll to object 'Object Repository/WIZARD/3Infraestructura/5Terminales/Edicion/input_Nombre' successfully

2024-03-11 10:55:53 - [MESSAGE][PASSED] - Scroll to object 'Object Repository/WIZARD/3Infraestructura/5Terminales/Edicion/input_Nombre' successfully

2024-03-11 10:55:53 - [TEST_STEP][PASSED] - setText(findTestObject("WIZARD/3Infraestructura/5Terminales/Edicion/input_Nombre"), "A03"): Text 'A03' is set on object 'Object Repository/WIZARD/3Infraestructura/5Terminales/Edicion/input_Nombre'

2024-03-11 10:55:54 - [MESSAGE][PASSED] - Text 'A03' is set on object 'Object Repository/WIZARD/3Infraestructura/5Terminales/Edicion/input_Nombre'

2024-03-11 10:55:54 - [TEST_STEP][PASSED] - setText(findTestObject("WIZARD/3Infraestructura/5Terminales/Edicion/textarea_Descripcion"), "Manizales - Terminal - Radicaciones"): Text 'Manizales - Terminal - Radicaciones' is set on object 'Object Repository/WIZARD/3Infraestructura/5Terminales/Edicion/textarea_Descripcion'

2024-03-11 10:55:55 - [MESSAGE][PASSED] - Text 'Manizales - Terminal - Radicaciones' is set on object 'Object Repository/WIZARD/3Infraestructura/5Terminales/Edicion/textarea_Descripcion'

2024-03-11 10:55:55 - [TEST_STEP][PASSED] - scrollToElement(findTestObject("WIZARD/3Infraestructura/5Terminales/Edicion/Label/label_Mostrar ventana emergente"), 2): Scroll to object 'Object Repository/WIZARD/3Infraestructura/5Terminales/Edicion/Label/label_Mostrar ventana emergente' successfully

2024-03-11 10:55:55 - [MESSAGE][PASSED] - Scroll to object 'Object Repository/WIZARD/3Infraestructura/5Terminales/Edicion/Label/label_Mostrar ventana emergente' successfully

2024-03-11 10:55:55 - [TEST_STEP][PASSED] - setText(findTestObject("WIZARD/3Infraestructura/5Terminales/Edicion/input_Direccion en sala"), "3"): Text '3' is set on object 'Object Repository/WIZARD/3Infraestructura/5Terminales/Edicion/input_Direccion en sala'

2024-03-11 10:55:56 - [MESSAGE][PASSED] - Text '3' is set on object 'Object Repository/WIZARD/3Infraestructura/5Terminales/Edicion/input_Direccion en sala'

2024-03-11 10:55:56 - [TEST_STEP][PASSED] - check(findTestObject("WIZARD/3Infraestructura/5Terminales/Edicion/Label/label_Mostrar ventana emergente")): Object 'Object Repository/WIZARD/3Infraestructura/5Terminales/Edicion/Label/label_Mostrar ventana emergente' is checked

2024-03-11 10:55:56 - [MESSAGE][PASSED] - Object 'Object Repository/WIZARD/3Infraestructura/5Terminales/Edicion/Label/label_Mostrar ventana emergente' is checked

2024-03-11 10:55:56 - [TEST_STEP][PASSED] - scrollToPosition(0, 0): Browser is scrolled to position x = 0, y = 0

2024-03-11 10:55:56 - [MESSAGE][PASSED] - Browser is scrolled to position x = 0, y = 0

2024-03-11 10:55:56 - [TEST_STEP][PASSED] - delay(2): Delayed 2 second(s)

2024-03-11 10:55:58 - [MESSAGE][PASSED] - Delayed 2 second(s)

2024-03-11 10:55:58 - [TEST_STEP][PASSED] - click(findTestObject("WIZARD/3Infraestructura/5Terminales/Edicion/img_Nuevo")): Object: 'Object Repository/WIZARD/3Infraestructura/5Terminales/Edicion/img_Nuevo' is clicked on

2024-03-11 10:55:59 - [MESSAGE][PASSED] - Object: 'Object Repository/WIZARD/3Infraestructura/5Terminales/Edicion/img_Nuevo' is clicked on

2024-03-11 10:55:59 - [TEST_STEP][PASSED] - scrollToPosition(0, 0): Browser is scrolled to position x = 0, y = 0

2024-03-11 10:55:59 - [MESSAGE][PASSED] - Browser is scrolled to position x = 0, y = 0

2024-03-11 10:55:59 - [TEST_STEP][PASSED] - delay(2): Delayed 2 second(s)

2024-03-11 10:56:01 - [MESSAGE][PASSED] - Delayed 2 second(s)

2024-03-11 10:56:01 - [TEST_STEP][PASSED] - takeFullPageScreenshot(): Taking screenshot successfully

2024-03-11 10:56:01 - [MESSAGE][INFO] - 0 hidden object(s)

2024-03-11 10:56:01 - [MESSAGE][PASSED] - Taking screenshot successfully
[[ATTACHMENT|C:\\CIEL INGENIERIA\\Katalon\\Digiturno55\\Reports\\20240311_101053\\WIZARD\\3Infraestructura\\5Terminales\\5.5 Crear Terminales Manizales\\20240311_101156\\1710172561089.png]]

2024-03-11 10:56:01 - [TEST_STEP][PASSED] - delay(3): Delayed 3 second(s)

2024-03-11 10:56:04 - [MESSAGE][PASSED] - Delayed 3 second(s)

2024-03-11 10:56:04 - [TEST_STEP][PASSED] - Start listener action : sampleAfterTestCase: null]]></system-out>
         <system-err><![CDATA[]]></system-err>
      </testcase>
      <system-out><![CDATA[2024-03-11 10:54:37 - [TEST_SUITE][PASSED] - 5.5 Crear Terminales Manizales: Test Cases/WIZARD/3Infraestructura/5Terminales/5.5 Crear Terminales Manizales]]></system-out>
      <system-err><![CDATA[]]></system-err>
   </testsuite>
</testsuites>
