<?xml version="1.0" encoding="UTF-8"?>
<testsuites name="34 Niveles Geograficos" time="35.197" tests="1" failures="0" errors="0">
   <testsuite name="34 Niveles Geograficos" tests="1" failures="0" errors="0" time="35.197" skipped="0" timestamp="2023-07-11 12:03:02" hostname="jdavila - PCPruebas101.ciel.cielingenieria.com" id="Test Suites/DIGITURNO/BASICO/34 Niveles Geograficos">
      <properties>
         <property name="deviceName" value=""/>
         <property name="devicePlatform" value=""/>
         <property name="logFolder" value="C:\\CIEL INGENIERIA\\Katalon\\Digiturno55\\Reports\\20230711_113602\\DIGITURNO\\BASICO\\34 Niveles Geograficos\\20230711_113635"/>
         <property name="logFiles" value="C:\\CIEL INGENIERIA\\Katalon\\Digiturno55\\Reports\\20230711_113602\\DIGITURNO\\BASICO\\34 Niveles Geograficos\\20230711_113635\\execution0.log"/>
         <property name="attachments" value="C:\\CIEL INGENIERIA\\Katalon\\Digiturno55\\Reports\\20230711_113602\\DIGITURNO\\BASICO\\34 Niveles Geograficos\\20230711_113635\\1689095001609.png, C:\\CIEL INGENIERIA\\Katalon\\Digiturno55\\Reports\\20230711_113602\\DIGITURNO\\BASICO\\34 Niveles Geograficos\\20230711_113635\\1689095014027.png"/>
         <property name="hostName" value="jdavila - PCPruebas101.ciel.cielingenieria.com"/>
         <property name="os" value="Windows 10 64bit"/>
         <property name="katalonVersion" value="8.6.0.208"/>
         <property name="browser" value="Chrome 114.0.0.0"/>
         <property name="hostAddress" value="192.168.0.33"/>
         <property name="sessionId" value="4959f94a8b3d90be4fbb65400c340c16"/>
         <property name="seleniumVersion" value="3.141.59"/>
         <property name="proxyInformation" value="ProxyInformation { proxyOption=NO_PROXY, proxyServerType=HTTP, username=, password=********, proxyServerAddress=, proxyServerPort=0, executionList=&quot;&quot;, isApplyToDesiredCapabilities=true }"/>
         <property name="platform" value="Windows 10"/>
      </properties>
      <testcase name="Test Cases/DIGITURNO/BASICO/34 Niveles Geograficos" time="34.958" classname="Test Cases/DIGITURNO/BASICO/34 Niveles Geograficos" status="PASSED">
         <system-out><![CDATA[2023-07-11 12:03:02 - [TEST_CASE][PASSED] - Test Cases/DIGITURNO/BASICO/34 Niveles Geograficos: Test Cases/DIGITURNO/BASICO/34 Niveles Geograficos

2023-07-11 12:03:02 - [TEST_STEP][PASSED] - callTestCase(findTestCase("DIGITURNO/BASICO/21 Distribucion Geografica"), [:], STOP_ON_FAILURE): Call Test Case 'Test Cases/DIGITURNO/BASICO/21 Distribucion Geografica' successfully

2023-07-11 12:03:02 - [TEST_CASE][PASSED] - Test Cases/DIGITURNO/BASICO/21 Distribucion Geografica: Test Cases/DIGITURNO/BASICO/21 Distribucion Geografica

2023-07-11 12:03:03 - [TEST_STEP][PASSED] - callTestCase(findTestCase("0InicioSesion"), [:], STOP_ON_FAILURE): Call Test Case 'Test Cases/0InicioSesion' successfully

2023-07-11 12:03:03 - [TEST_CASE][PASSED] - Test Cases/0InicioSesion: Test Cases/0InicioSesion

2023-07-11 12:03:03 - [TEST_STEP][PASSED] - openBrowser(UrlDigiturno): Browser is opened with url: 'https://PCPruebas101.ciel.cielingenieria.com:8810'

2023-07-11 12:03:03 - [MESSAGE][INFO] - Starting 'Chrome' driver

2023-07-11 12:03:03 - [MESSAGE][INFO] - User set preference: ['args', '[--use-fake-ui-for-media-stream, --disable-notifications]']

2023-07-11 12:03:03 - [MESSAGE][INFO] - Action delay is set to 0 milliseconds

2023-07-11 12:03:06 - [MESSAGE][PASSED] - Browser is opened with url: 'https://PCPruebas101.ciel.cielingenieria.com:8810'

2023-07-11 12:03:06 - [TEST_STEP][PASSED] - maximizeWindow(): Current window maximized

2023-07-11 12:03:06 - [MESSAGE][PASSED] - Current window maximized

2023-07-11 12:03:06 - [TEST_STEP][PASSED] - delay(3): Delayed 3 second(s)

2023-07-11 12:03:09 - [MESSAGE][PASSED] - Delayed 3 second(s)

2023-07-11 12:03:09 - [TEST_STEP][PASSED] - setText(findTestObject("0Inicio Sesion/input_Usuario"), "Ciel"): Text 'Ciel' is set on object 'Object Repository/0Inicio Sesion/input_Usuario'

2023-07-11 12:03:10 - [MESSAGE][PASSED] - Text 'Ciel' is set on object 'Object Repository/0Inicio Sesion/input_Usuario'

2023-07-11 12:03:10 - [TEST_STEP][PASSED] - setText(findTestObject("0Inicio Sesion/input_Clave"), "digiturno"): Text 'digiturno' is set on object 'Object Repository/0Inicio Sesion/input_Clave'

2023-07-11 12:03:10 - [MESSAGE][PASSED] - Text 'digiturno' is set on object 'Object Repository/0Inicio Sesion/input_Clave'

2023-07-11 12:03:10 - [TEST_STEP][PASSED] - click(findTestObject("0Inicio Sesion/btn_IniciarSesion")): Object: 'Object Repository/0Inicio Sesion/btn_IniciarSesion' is clicked on

2023-07-11 12:03:11 - [MESSAGE][PASSED] - Object: 'Object Repository/0Inicio Sesion/btn_IniciarSesion' is clicked on

2023-07-11 12:03:11 - [TEST_STEP][PASSED] - delay(3): Delayed 3 second(s)

2023-07-11 12:03:14 - [MESSAGE][PASSED] - Delayed 3 second(s)

2023-07-11 12:03:14 - [MESSAGE][PASSED] - Call Test Case 'Test Cases/0InicioSesion' successfully

2023-07-11 12:03:14 - [TEST_STEP][PASSED] - click(findTestObject("DIGITURNO/1Principal/img_Configuracion(1)")): Object: 'Object Repository/DIGITURNO/1Principal/img_Configuracion(1)' is clicked on

2023-07-11 12:03:15 - [MESSAGE][PASSED] - Object: 'Object Repository/DIGITURNO/1Principal/img_Configuracion(1)' is clicked on

2023-07-11 12:03:15 - [TEST_STEP][PASSED] - delay(3): Delayed 3 second(s)

2023-07-11 12:03:18 - [MESSAGE][PASSED] - Delayed 3 second(s)

2023-07-11 12:03:18 - [TEST_STEP][PASSED] - click(findTestObject("DIGITURNO/CONFIGURACION/0Principal/img_2Distribucion Geografica")): Object: 'Object Repository/DIGITURNO/CONFIGURACION/0Principal/img_2Distribucion Geografica' is clicked on

2023-07-11 12:03:18 - [MESSAGE][PASSED] - Object: 'Object Repository/DIGITURNO/CONFIGURACION/0Principal/img_2Distribucion Geografica' is clicked on

2023-07-11 12:03:18 - [TEST_STEP][PASSED] - delay(3): Delayed 3 second(s)

2023-07-11 12:03:21 - [MESSAGE][PASSED] - Delayed 3 second(s)

2023-07-11 12:03:21 - [TEST_STEP][PASSED] - takeFullPageScreenshot(): Taking screenshot successfully

2023-07-11 12:03:22 - [MESSAGE][INFO] - 0 hidden object(s)

2023-07-11 12:03:22 - [MESSAGE][PASSED] - Taking screenshot successfully
[[ATTACHMENT|C:\\CIEL INGENIERIA\\Katalon\\Digiturno55\\Reports\\20230711_113602\\DIGITURNO\\BASICO\\34 Niveles Geograficos\\20230711_113635\\1689095001609.png]]

2023-07-11 12:03:22 - [TEST_STEP][PASSED] - delay(3): Delayed 3 second(s)

2023-07-11 12:03:25 - [MESSAGE][PASSED] - Delayed 3 second(s)

2023-07-11 12:03:25 - [MESSAGE][PASSED] - Call Test Case 'Test Cases/DIGITURNO/BASICO/21 Distribucion Geografica' successfully

2023-07-11 12:03:25 - [TEST_STEP][PASSED] - click(findTestObject("DIGITURNO/CONFIGURACION/2Distribucion Geografica/0Principal/img_1Niveles Geograficos")): Object: 'Object Repository/DIGITURNO/CONFIGURACION/2Distribucion Geografica/0Principal/img_1Niveles Geograficos' is clicked on

2023-07-11 12:03:26 - [MESSAGE][PASSED] - Object: 'Object Repository/DIGITURNO/CONFIGURACION/2Distribucion Geografica/0Principal/img_1Niveles Geograficos' is clicked on

2023-07-11 12:03:26 - [TEST_STEP][PASSED] - delay(3): Delayed 3 second(s)

2023-07-11 12:03:29 - [MESSAGE][PASSED] - Delayed 3 second(s)

2023-07-11 12:03:29 - [TEST_STEP][PASSED] - click(findTestObject("DIGITURNO/CONFIGURACION/2Distribucion Geografica/1Niveles Geograficos/Edicion/Niveles Geograficos/td_Pais")): Object: 'Object Repository/DIGITURNO/CONFIGURACION/2Distribucion Geografica/1Niveles Geograficos/Edicion/Niveles Geograficos/td_Pais' is clicked on

2023-07-11 12:03:29 - [MESSAGE][PASSED] - Object: 'Object Repository/DIGITURNO/CONFIGURACION/2Distribucion Geografica/1Niveles Geograficos/Edicion/Niveles Geograficos/td_Pais' is clicked on

2023-07-11 12:03:29 - [TEST_STEP][PASSED] - setText(findTestObject("DIGITURNO/CONFIGURACION/2Distribucion Geografica/1Niveles Geograficos/Edicion/Niveles Geograficos/input_Nombre"), "Prueba"): Text 'Prueba' is set on object 'Object Repository/DIGITURNO/CONFIGURACION/2Distribucion Geografica/1Niveles Geograficos/Edicion/Niveles Geograficos/input_Nombre'

2023-07-11 12:03:30 - [MESSAGE][PASSED] - Text 'Prueba' is set on object 'Object Repository/DIGITURNO/CONFIGURACION/2Distribucion Geografica/1Niveles Geograficos/Edicion/Niveles Geograficos/input_Nombre'

2023-07-11 12:03:30 - [TEST_STEP][PASSED] - click(findTestObject("DIGITURNO/CONFIGURACION/2Distribucion Geografica/1Niveles Geograficos/Edicion/Niveles Geograficos/img_Actualizar")): Object: 'Object Repository/DIGITURNO/CONFIGURACION/2Distribucion Geografica/1Niveles Geograficos/Edicion/Niveles Geograficos/img_Actualizar' is clicked on

2023-07-11 12:03:31 - [MESSAGE][PASSED] - Object: 'Object Repository/DIGITURNO/CONFIGURACION/2Distribucion Geografica/1Niveles Geograficos/Edicion/Niveles Geograficos/img_Actualizar' is clicked on

2023-07-11 12:03:31 - [TEST_STEP][PASSED] - delay(3): Delayed 3 second(s)

2023-07-11 12:03:34 - [MESSAGE][PASSED] - Delayed 3 second(s)

2023-07-11 12:03:34 - [TEST_STEP][PASSED] - takeFullPageScreenshot(): Taking screenshot successfully

2023-07-11 12:03:34 - [MESSAGE][INFO] - 0 hidden object(s)

2023-07-11 12:03:34 - [MESSAGE][PASSED] - Taking screenshot successfully
[[ATTACHMENT|C:\\CIEL INGENIERIA\\Katalon\\Digiturno55\\Reports\\20230711_113602\\DIGITURNO\\BASICO\\34 Niveles Geograficos\\20230711_113635\\1689095014027.png]]

2023-07-11 12:03:34 - [TEST_STEP][PASSED] - delay(3): Delayed 3 second(s)

2023-07-11 12:03:37 - [MESSAGE][PASSED] - Delayed 3 second(s)

2023-07-11 12:03:37 - [TEST_STEP][PASSED] - Start listener action : sampleAfterTestCase: null]]></system-out>
         <system-err><![CDATA[]]></system-err>
      </testcase>
      <system-out><![CDATA[2023-07-11 12:03:02 - [TEST_SUITE][PASSED] - 34 Niveles Geograficos: Test Cases/DIGITURNO/BASICO/34 Niveles Geograficos]]></system-out>
      <system-err><![CDATA[]]></system-err>
   </testsuite>
</testsuites>
