<?xml version="1.0" encoding="UTF-8"?>
<testsuites name="17 Editar Usuario" time="50.776" tests="1" failures="0" errors="0">
   <testsuite name="17 Editar Usuario" tests="1" failures="0" errors="0" time="50.776" skipped="0" timestamp="2024-04-08 09:18:55" hostname="jdavila - PCPruebas101.ciel.cielingenieria.com" id="Test Suites/DIGITURNO/BASICO/17 Editar Usuario">
      <properties>
         <property name="deviceName" value=""/>
         <property name="devicePlatform" value=""/>
         <property name="logFolder" value="C:\\CIEL INGENIERIA\\Katalon\\Digiturno55\\Reports\\20240408_090839\\DIGITURNO\\BASICO\\17 Editar Usuario\\20240408_090853"/>
         <property name="logFiles" value="C:\\CIEL INGENIERIA\\Katalon\\Digiturno55\\Reports\\20240408_090839\\DIGITURNO\\BASICO\\17 Editar Usuario\\20240408_090853\\execution0.log"/>
         <property name="attachments" value="C:\\CIEL INGENIERIA\\Katalon\\Digiturno55\\Reports\\20240408_090839\\DIGITURNO\\BASICO\\17 Editar Usuario\\20240408_090853\\1712585956641.png, C:\\CIEL INGENIERIA\\Katalon\\Digiturno55\\Reports\\20240408_090839\\DIGITURNO\\BASICO\\17 Editar Usuario\\20240408_090853\\1712585982656.png"/>
         <property name="hostName" value="jdavila - PCPruebas101.ciel.cielingenieria.com"/>
         <property name="os" value="Windows 10 64bit"/>
         <property name="katalonVersion" value="8.6.9.208"/>
         <property name="browser" value="Chrome 123.0.0.0"/>
         <property name="hostAddress" value="192.168.0.6"/>
         <property name="sessionId" value="84ca89e68e801cc92f959cd65a056dfe"/>
         <property name="seleniumVersion" value="3.141.59"/>
         <property name="proxyInformation" value="ProxyInformation { proxyOption=NO_PROXY, proxyServerType=HTTP, username=, password=********, proxyServerAddress=, proxyServerPort=0, executionList=&quot;&quot;, isApplyToDesiredCapabilities=true }"/>
         <property name="platform" value="Windows 10"/>
      </properties>
      <testcase name="Test Cases/DIGITURNO/BASICO/17 Editar Usuarios" time="50.51" classname="Test Cases/DIGITURNO/BASICO/17 Editar Usuarios" status="PASSED">
         <system-out><![CDATA[2024-04-08 09:18:55 - [TEST_CASE][PASSED] - Test Cases/DIGITURNO/BASICO/17 Editar Usuarios: Test Cases/DIGITURNO/BASICO/17 Editar Usuarios

2024-04-08 09:18:56 - [TEST_STEP][PASSED] - callTestCase(findTestCase("DIGITURNO/BASICO/5 Usuarios"), [:], STOP_ON_FAILURE): Call Test Case 'Test Cases/DIGITURNO/BASICO/5 Usuarios' successfully

2024-04-08 09:18:56 - [TEST_CASE][PASSED] - Test Cases/DIGITURNO/BASICO/5 Usuarios: Test Cases/DIGITURNO/BASICO/5 Usuarios

2024-04-08 09:18:56 - [TEST_STEP][PASSED] - callTestCase(findTestCase("0InicioSesion"), [:], STOP_ON_FAILURE): Call Test Case 'Test Cases/0InicioSesion' successfully

2024-04-08 09:18:56 - [TEST_CASE][PASSED] - Test Cases/0InicioSesion: Test Cases/0InicioSesion

2024-04-08 09:18:57 - [TEST_STEP][PASSED] - openBrowser(UrlDigiturno): Browser is opened with url: 'https://PCPruebas101.ciel.cielingenieria.com:8910'

2024-04-08 09:18:57 - [MESSAGE][INFO] - Starting 'Chrome' driver

2024-04-08 09:18:57 - [MESSAGE][INFO] - User set preference: ['args', '[--use-fake-ui-for-media-stream, --disable-notifications]']

2024-04-08 09:18:57 - [MESSAGE][INFO] - Action delay is set to 0 milliseconds

2024-04-08 09:19:00 - [MESSAGE][PASSED] - Browser is opened with url: 'https://PCPruebas101.ciel.cielingenieria.com:8910'

2024-04-08 09:19:00 - [TEST_STEP][PASSED] - maximizeWindow(): Current window maximized

2024-04-08 09:19:01 - [MESSAGE][PASSED] - Current window maximized

2024-04-08 09:19:01 - [TEST_STEP][PASSED] - delay(3): Delayed 3 second(s)

2024-04-08 09:19:04 - [MESSAGE][PASSED] - Delayed 3 second(s)

2024-04-08 09:19:04 - [TEST_STEP][PASSED] - setText(findTestObject("0Inicio Sesion/input_Usuario"), "Ciel"): Text 'Ciel' is set on object 'Object Repository/0Inicio Sesion/input_Usuario'

2024-04-08 09:19:05 - [MESSAGE][PASSED] - Text 'Ciel' is set on object 'Object Repository/0Inicio Sesion/input_Usuario'

2024-04-08 09:19:05 - [TEST_STEP][PASSED] - setText(findTestObject("0Inicio Sesion/input_Clave"), "digiturno"): Text 'digiturno' is set on object 'Object Repository/0Inicio Sesion/input_Clave'

2024-04-08 09:19:05 - [MESSAGE][PASSED] - Text 'digiturno' is set on object 'Object Repository/0Inicio Sesion/input_Clave'

2024-04-08 09:19:05 - [TEST_STEP][PASSED] - click(findTestObject("0Inicio Sesion/btn_IniciarSesion")): Object: 'Object Repository/0Inicio Sesion/btn_IniciarSesion' is clicked on

2024-04-08 09:19:06 - [MESSAGE][PASSED] - Object: 'Object Repository/0Inicio Sesion/btn_IniciarSesion' is clicked on

2024-04-08 09:19:06 - [TEST_STEP][PASSED] - delay(3): Delayed 3 second(s)

2024-04-08 09:19:09 - [MESSAGE][PASSED] - Delayed 3 second(s)

2024-04-08 09:19:09 - [MESSAGE][PASSED] - Call Test Case 'Test Cases/0InicioSesion' successfully

2024-04-08 09:19:09 - [TEST_STEP][PASSED] - click(findTestObject("DIGITURNO/1Principal/img_Configuracion(1)")): Object: 'Object Repository/DIGITURNO/1Principal/img_Configuracion(1)' is clicked on

2024-04-08 09:19:10 - [MESSAGE][PASSED] - Object: 'Object Repository/DIGITURNO/1Principal/img_Configuracion(1)' is clicked on

2024-04-08 09:19:10 - [TEST_STEP][PASSED] - delay(3): Delayed 3 second(s)

2024-04-08 09:19:13 - [MESSAGE][PASSED] - Delayed 3 second(s)

2024-04-08 09:19:13 - [TEST_STEP][PASSED] - click(findTestObject("DIGITURNO/CONFIGURACION/0Principal/img_4Usuarios")): Object: 'Object Repository/DIGITURNO/CONFIGURACION/0Principal/img_4Usuarios' is clicked on

2024-04-08 09:19:13 - [MESSAGE][PASSED] - Object: 'Object Repository/DIGITURNO/CONFIGURACION/0Principal/img_4Usuarios' is clicked on

2024-04-08 09:19:13 - [TEST_STEP][PASSED] - delay(3): Delayed 3 second(s)

2024-04-08 09:19:16 - [MESSAGE][PASSED] - Delayed 3 second(s)

2024-04-08 09:19:16 - [TEST_STEP][PASSED] - takeFullPageScreenshot(STOP_ON_FAILURE): Taking screenshot successfully

2024-04-08 09:19:17 - [MESSAGE][INFO] - 0 hidden object(s)

2024-04-08 09:19:17 - [MESSAGE][PASSED] - Taking screenshot successfully
[[ATTACHMENT|C:\\CIEL INGENIERIA\\Katalon\\Digiturno55\\Reports\\20240408_090839\\DIGITURNO\\BASICO\\17 Editar Usuario\\20240408_090853\\1712585956641.png]]

2024-04-08 09:19:17 - [TEST_STEP][PASSED] - delay(3): Delayed 3 second(s)

2024-04-08 09:19:20 - [MESSAGE][PASSED] - Delayed 3 second(s)

2024-04-08 09:19:20 - [MESSAGE][PASSED] - Call Test Case 'Test Cases/DIGITURNO/BASICO/5 Usuarios' successfully

2024-04-08 09:19:20 - [TEST_STEP][PASSED] - delay(3): Delayed 3 second(s)

2024-04-08 09:19:23 - [MESSAGE][PASSED] - Delayed 3 second(s)

2024-04-08 09:19:23 - [TEST_STEP][PASSED] - click(findTestObject("DIGITURNO/CONFIGURACION/4Usuarios/0Principal/img_3Consultar Usuarios")): Object: 'Object Repository/DIGITURNO/CONFIGURACION/4Usuarios/0Principal/img_3Consultar Usuarios' is clicked on

2024-04-08 09:19:23 - [MESSAGE][PASSED] - Object: 'Object Repository/DIGITURNO/CONFIGURACION/4Usuarios/0Principal/img_3Consultar Usuarios' is clicked on

2024-04-08 09:19:23 - [TEST_STEP][PASSED] - delay(3): Delayed 3 second(s)

2024-04-08 09:19:26 - [MESSAGE][PASSED] - Delayed 3 second(s)

2024-04-08 09:19:26 - [TEST_STEP][PASSED] - setText(findTestObject("DIGITURNO/CONFIGURACION/4Usuarios/3Consultar Usuarios/0Filtro Por Nombre de usuario/input_TextoABuscar"), "usuario"): Text 'usuario' is set on object 'Object Repository/DIGITURNO/CONFIGURACION/4Usuarios/3Consultar Usuarios/0Filtro Por Nombre de usuario/input_TextoABuscar'

2024-04-08 09:19:27 - [MESSAGE][PASSED] - Text 'usuario' is set on object 'Object Repository/DIGITURNO/CONFIGURACION/4Usuarios/3Consultar Usuarios/0Filtro Por Nombre de usuario/input_TextoABuscar'

2024-04-08 09:19:27 - [TEST_STEP][PASSED] - click(findTestObject("DIGITURNO/CONFIGURACION/4Usuarios/3Consultar Usuarios/0Filtro Por Nombre de usuario/img_Filtrar")): Object: 'Object Repository/DIGITURNO/CONFIGURACION/4Usuarios/3Consultar Usuarios/0Filtro Por Nombre de usuario/img_Filtrar' is clicked on

2024-04-08 09:19:28 - [MESSAGE][PASSED] - Object: 'Object Repository/DIGITURNO/CONFIGURACION/4Usuarios/3Consultar Usuarios/0Filtro Por Nombre de usuario/img_Filtrar' is clicked on

2024-04-08 09:19:28 - [TEST_STEP][PASSED] - delay(3): Delayed 3 second(s)

2024-04-08 09:19:31 - [MESSAGE][PASSED] - Delayed 3 second(s)

2024-04-08 09:19:31 - [TEST_STEP][PASSED] - click(findTestObject("DIGITURNO/CONFIGURACION/4Usuarios/3Consultar Usuarios/0Filtro Por Nombre de usuario/td_1Lista")): Object: 'Object Repository/DIGITURNO/CONFIGURACION/4Usuarios/3Consultar Usuarios/0Filtro Por Nombre de usuario/td_1Lista' is clicked on

2024-04-08 09:19:31 - [MESSAGE][PASSED] - Object: 'Object Repository/DIGITURNO/CONFIGURACION/4Usuarios/3Consultar Usuarios/0Filtro Por Nombre de usuario/td_1Lista' is clicked on

2024-04-08 09:19:31 - [TEST_STEP][PASSED] - delay(3): Delayed 3 second(s)

2024-04-08 09:19:34 - [MESSAGE][PASSED] - Delayed 3 second(s)

2024-04-08 09:19:34 - [TEST_STEP][PASSED] - click(findTestObject("DIGITURNO/CONFIGURACION/4Usuarios/3Consultar Usuarios/informacion Principal/img_Editar")): Object: 'Object Repository/DIGITURNO/CONFIGURACION/4Usuarios/3Consultar Usuarios/informacion Principal/img_Editar' is clicked on

2024-04-08 09:19:35 - [MESSAGE][PASSED] - Object: 'Object Repository/DIGITURNO/CONFIGURACION/4Usuarios/3Consultar Usuarios/informacion Principal/img_Editar' is clicked on

2024-04-08 09:19:35 - [TEST_STEP][PASSED] - delay(3): Delayed 3 second(s)

2024-04-08 09:19:38 - [MESSAGE][PASSED] - Delayed 3 second(s)

2024-04-08 09:19:38 - [TEST_STEP][PASSED] - setText(findTestObject("DIGITURNO/CONFIGURACION/4Usuarios/3Consultar Usuarios/informacion Principal/img_Editar(1)/input_Numero de celular"), "3192222222"): Text '3192222222' is set on object 'Object Repository/DIGITURNO/CONFIGURACION/4Usuarios/3Consultar Usuarios/informacion Principal/img_Editar(1)/input_Numero de celular'

2024-04-08 09:19:39 - [MESSAGE][PASSED] - Text '3192222222' is set on object 'Object Repository/DIGITURNO/CONFIGURACION/4Usuarios/3Consultar Usuarios/informacion Principal/img_Editar(1)/input_Numero de celular'

2024-04-08 09:19:39 - [TEST_STEP][PASSED] - click(findTestObject("DIGITURNO/CONFIGURACION/4Usuarios/3Consultar Usuarios/informacion Principal/img_Editar(1)/img_Actualizar")): Object: 'Object Repository/DIGITURNO/CONFIGURACION/4Usuarios/3Consultar Usuarios/informacion Principal/img_Editar(1)/img_Actualizar' is clicked on

2024-04-08 09:19:39 - [MESSAGE][PASSED] - Object: 'Object Repository/DIGITURNO/CONFIGURACION/4Usuarios/3Consultar Usuarios/informacion Principal/img_Editar(1)/img_Actualizar' is clicked on

2024-04-08 09:19:39 - [TEST_STEP][PASSED] - delay(3): Delayed 3 second(s)

2024-04-08 09:19:42 - [MESSAGE][PASSED] - Delayed 3 second(s)

2024-04-08 09:19:42 - [TEST_STEP][PASSED] - takeFullPageScreenshot(): Taking screenshot successfully

2024-04-08 09:19:43 - [MESSAGE][INFO] - 0 hidden object(s)

2024-04-08 09:19:43 - [MESSAGE][PASSED] - Taking screenshot successfully
[[ATTACHMENT|C:\\CIEL INGENIERIA\\Katalon\\Digiturno55\\Reports\\20240408_090839\\DIGITURNO\\BASICO\\17 Editar Usuario\\20240408_090853\\1712585982656.png]]

2024-04-08 09:19:43 - [TEST_STEP][PASSED] - delay(3): Delayed 3 second(s)

2024-04-08 09:19:46 - [MESSAGE][PASSED] - Delayed 3 second(s)

2024-04-08 09:19:46 - [TEST_STEP][PASSED] - Start listener action : sampleAfterTestCase: null]]></system-out>
         <system-err><![CDATA[]]></system-err>
      </testcase>
      <system-out><![CDATA[2024-04-08 09:18:55 - [TEST_SUITE][PASSED] - 17 Editar Usuario: Test Cases/DIGITURNO/BASICO/17 Editar Usuarios]]></system-out>
      <system-err><![CDATA[]]></system-err>
   </testsuite>
</testsuites>
