<?xml version="1.0" encoding="UTF-8"?>
<testsuites name="5.1 Crear Oficina Virtual" time="59.967" tests="1" failures="0" errors="0">
   <testsuite name="5.1 Crear Oficina Virtual" tests="1" failures="0" errors="0" time="59.967" skipped="0" timestamp="2024-01-15 09:49:42" hostname="jdavila - PCPruebas101.ciel.cielingenieria.com" id="Test Suites/WIZARD/3Infraestructura/1Oficinas/5.1 Crear Oficina Virtual">
      <properties>
         <property name="deviceName" value=""/>
         <property name="devicePlatform" value=""/>
         <property name="logFolder" value="C:\\CIEL INGENIERIA\\Katalon\\Digiturno55\\Reports\\20240115_094157\\WIZARD\\3Infraestructura\\1Oficinas\\5.1 Crear Oficina Virtual\\20240115_094209"/>
         <property name="logFiles" value="C:\\CIEL INGENIERIA\\Katalon\\Digiturno55\\Reports\\20240115_094157\\WIZARD\\3Infraestructura\\1Oficinas\\5.1 Crear Oficina Virtual\\20240115_094209\\execution0.log"/>
         <property name="attachments" value="C:\\CIEL INGENIERIA\\Katalon\\Digiturno55\\Reports\\20240115_094157\\WIZARD\\3Infraestructura\\1Oficinas\\5.1 Crear Oficina Virtual\\20240115_094209\\1705330238215.png"/>
         <property name="hostName" value="jdavila - PCPruebas101.ciel.cielingenieria.com"/>
         <property name="os" value="Windows 10 64bit"/>
         <property name="katalonVersion" value="8.6.8.208"/>
         <property name="browser" value="Chrome 120.0.0.0"/>
         <property name="hostAddress" value="192.168.0.9"/>
         <property name="sessionId" value="1e5512ba5eda6287b271747bd70534f2"/>
         <property name="seleniumVersion" value="3.141.59"/>
         <property name="proxyInformation" value="ProxyInformation { proxyOption=NO_PROXY, proxyServerType=HTTP, username=, password=********, proxyServerAddress=, proxyServerPort=0, executionList=&quot;&quot;, isApplyToDesiredCapabilities=true }"/>
         <property name="platform" value="Windows 10"/>
      </properties>
      <testcase name="Test Cases/WIZARD/3Infraestructura/1Oficinas/5.1 Crear Oficina Virtual" time="59.731" classname="Test Cases/WIZARD/3Infraestructura/1Oficinas/5.1 Crear Oficina Virtual" status="PASSED">
         <system-out><![CDATA[2024-01-15 09:49:42 - [TEST_CASE][PASSED] - Test Cases/WIZARD/3Infraestructura/1Oficinas/5.1 Crear Oficina Virtual: Test Cases/WIZARD/3Infraestructura/1Oficinas/5.1 Crear Oficina Virtual

2024-01-15 09:49:42 - [TEST_STEP][PASSED] - callTestCase(findTestCase("0InicioSesion"), [:], STOP_ON_FAILURE): Call Test Case 'Test Cases/0InicioSesion' successfully

2024-01-15 09:49:42 - [TEST_CASE][PASSED] - Test Cases/0InicioSesion: Test Cases/0InicioSesion

2024-01-15 09:49:43 - [TEST_STEP][PASSED] - openBrowser(UrlDigiturno): Browser is opened with url: 'https://PCPruebas101.ciel.cielingenieria.com:8610'

2024-01-15 09:49:43 - [MESSAGE][INFO] - Starting 'Chrome' driver

2024-01-15 09:49:43 - [MESSAGE][INFO] - User set preference: ['args', '[--use-fake-ui-for-media-stream, --disable-notifications]']

2024-01-15 09:49:43 - [MESSAGE][INFO] - Action delay is set to 0 milliseconds

2024-01-15 09:49:46 - [MESSAGE][PASSED] - Browser is opened with url: 'https://PCPruebas101.ciel.cielingenieria.com:8610'

2024-01-15 09:49:46 - [TEST_STEP][PASSED] - maximizeWindow(): Current window maximized

2024-01-15 09:49:46 - [MESSAGE][PASSED] - Current window maximized

2024-01-15 09:49:46 - [TEST_STEP][PASSED] - delay(3): Delayed 3 second(s)

2024-01-15 09:49:49 - [MESSAGE][PASSED] - Delayed 3 second(s)

2024-01-15 09:49:49 - [TEST_STEP][PASSED] - setText(findTestObject("0Inicio Sesion/input_Usuario"), "Ciel"): Text 'Ciel' is set on object 'Object Repository/0Inicio Sesion/input_Usuario'

2024-01-15 09:49:50 - [MESSAGE][PASSED] - Text 'Ciel' is set on object 'Object Repository/0Inicio Sesion/input_Usuario'

2024-01-15 09:49:50 - [TEST_STEP][PASSED] - setText(findTestObject("0Inicio Sesion/input_Clave"), "digiturno"): Text 'digiturno' is set on object 'Object Repository/0Inicio Sesion/input_Clave'

2024-01-15 09:49:50 - [MESSAGE][PASSED] - Text 'digiturno' is set on object 'Object Repository/0Inicio Sesion/input_Clave'

2024-01-15 09:49:50 - [TEST_STEP][PASSED] - click(findTestObject("0Inicio Sesion/btn_IniciarSesion")): Object: 'Object Repository/0Inicio Sesion/btn_IniciarSesion' is clicked on

2024-01-15 09:49:51 - [MESSAGE][PASSED] - Object: 'Object Repository/0Inicio Sesion/btn_IniciarSesion' is clicked on

2024-01-15 09:49:51 - [TEST_STEP][PASSED] - delay(3): Delayed 3 second(s)

2024-01-15 09:49:54 - [MESSAGE][PASSED] - Delayed 3 second(s)

2024-01-15 09:49:54 - [MESSAGE][PASSED] - Call Test Case 'Test Cases/0InicioSesion' successfully

2024-01-15 09:49:54 - [TEST_STEP][PASSED] - click(findTestObject("WIZARD/0Principal/img_InfraestructuraMAX")): Object: 'Object Repository/WIZARD/0Principal/img_InfraestructuraMAX' is clicked on

2024-01-15 09:49:55 - [MESSAGE][PASSED] - Object: 'Object Repository/WIZARD/0Principal/img_InfraestructuraMAX' is clicked on

2024-01-15 09:49:55 - [TEST_STEP][PASSED] - delay(3): Delayed 3 second(s)

2024-01-15 09:49:58 - [MESSAGE][PASSED] - Delayed 3 second(s)

2024-01-15 09:49:58 - [TEST_STEP][PASSED] - click(findTestObject("WIZARD/3Infraestructura/0Menu/span_Oficinas")): Object: 'Object Repository/WIZARD/3Infraestructura/0Menu/span_Oficinas' is clicked on

2024-01-15 09:49:59 - [MESSAGE][PASSED] - Object: 'Object Repository/WIZARD/3Infraestructura/0Menu/span_Oficinas' is clicked on

2024-01-15 09:49:59 - [TEST_STEP][PASSED] - delay(3): Delayed 3 second(s)

2024-01-15 09:50:02 - [MESSAGE][PASSED] - Delayed 3 second(s)

2024-01-15 09:50:02 - [TEST_STEP][PASSED] - selectOptionByLabel(findTestObject("WIZARD/3Infraestructura/1Oficinas/2Edicion/Edicion/select_Pais"), "Colombia", false): All options with label 'Colombia' are selected in object 'Object Repository/WIZARD/3Infraestructura/1Oficinas/2Edicion/Edicion/select_Pais' 

2024-01-15 09:50:03 - [MESSAGE][PASSED] - All options with label 'Colombia' are selected in object 'Object Repository/WIZARD/3Infraestructura/1Oficinas/2Edicion/Edicion/select_Pais' 

2024-01-15 09:50:03 - [TEST_STEP][PASSED] - delay(2): Delayed 2 second(s)

2024-01-15 09:50:05 - [MESSAGE][PASSED] - Delayed 2 second(s)

2024-01-15 09:50:05 - [TEST_STEP][PASSED] - selectOptionByLabel(findTestObject("WIZARD/3Infraestructura/1Oficinas/2Edicion/Edicion/select_Departamento"), "Dpto Virtual", false): All options with label 'Dpto Virtual' are selected in object 'Object Repository/WIZARD/3Infraestructura/1Oficinas/2Edicion/Edicion/select_Departamento' 

2024-01-15 09:50:05 - [MESSAGE][PASSED] - All options with label 'Dpto Virtual' are selected in object 'Object Repository/WIZARD/3Infraestructura/1Oficinas/2Edicion/Edicion/select_Departamento' 

2024-01-15 09:50:05 - [TEST_STEP][PASSED] - delay(2): Delayed 2 second(s)

2024-01-15 09:50:07 - [MESSAGE][PASSED] - Delayed 2 second(s)

2024-01-15 09:50:07 - [TEST_STEP][PASSED] - selectOptionByLabel(findTestObject("WIZARD/3Infraestructura/1Oficinas/2Edicion/Edicion/select_Ciudad"), "Virtual", false): All options with label 'Virtual' are selected in object 'Object Repository/WIZARD/3Infraestructura/1Oficinas/2Edicion/Edicion/select_Ciudad' 

2024-01-15 09:50:08 - [MESSAGE][PASSED] - All options with label 'Virtual' are selected in object 'Object Repository/WIZARD/3Infraestructura/1Oficinas/2Edicion/Edicion/select_Ciudad' 

2024-01-15 09:50:08 - [TEST_STEP][PASSED] - delay(2): Delayed 2 second(s)

2024-01-15 09:50:10 - [MESSAGE][PASSED] - Delayed 2 second(s)

2024-01-15 09:50:10 - [TEST_STEP][PASSED] - setText(findTestObject("WIZARD/3Infraestructura/1Oficinas/2Edicion/Edicion/input_Nombre"), "Virtual - Oficina Virtual"): Text 'Virtual - Oficina Virtual' is set on object 'Object Repository/WIZARD/3Infraestructura/1Oficinas/2Edicion/Edicion/input_Nombre'

2024-01-15 09:50:11 - [MESSAGE][PASSED] - Text 'Virtual - Oficina Virtual' is set on object 'Object Repository/WIZARD/3Infraestructura/1Oficinas/2Edicion/Edicion/input_Nombre'

2024-01-15 09:50:11 - [TEST_STEP][PASSED] - selectOptionByLabel(findTestObject("WIZARD/3Infraestructura/1Oficinas/2Edicion/Edicion/select_Nivel de Pregunta"), "Ninguno", false): All options with label 'Ninguno' are selected in object 'Object Repository/WIZARD/3Infraestructura/1Oficinas/2Edicion/Edicion/select_Nivel de Pregunta' 

2024-01-15 09:50:12 - [MESSAGE][PASSED] - All options with label 'Ninguno' are selected in object 'Object Repository/WIZARD/3Infraestructura/1Oficinas/2Edicion/Edicion/select_Nivel de Pregunta' 

2024-01-15 09:50:12 - [TEST_STEP][PASSED] - delay(3): Delayed 3 second(s)

2024-01-15 09:50:15 - [MESSAGE][PASSED] - Delayed 3 second(s)

2024-01-15 09:50:15 - [TEST_STEP][PASSED] - setText(findTestObject("WIZARD/3Infraestructura/1Oficinas/2Edicion/Edicion/input_MaximoTurnosXCliente"), "2"): Text '2' is set on object 'Object Repository/WIZARD/3Infraestructura/1Oficinas/2Edicion/Edicion/input_MaximoTurnosXCliente'

2024-01-15 09:50:16 - [MESSAGE][PASSED] - Text '2' is set on object 'Object Repository/WIZARD/3Infraestructura/1Oficinas/2Edicion/Edicion/input_MaximoTurnosXCliente'

2024-01-15 09:50:16 - [TEST_STEP][PASSED] - setText(findTestObject("WIZARD/3Infraestructura/1Oficinas/2Edicion/Edicion/input_Nivel de servicio de espera"), "0"): Text '0' is set on object 'Object Repository/WIZARD/3Infraestructura/1Oficinas/2Edicion/Edicion/input_Nivel de servicio de espera'

2024-01-15 09:50:16 - [MESSAGE][PASSED] - Text '0' is set on object 'Object Repository/WIZARD/3Infraestructura/1Oficinas/2Edicion/Edicion/input_Nivel de servicio de espera'

2024-01-15 09:50:16 - [TEST_STEP][PASSED] - scrollToPosition(100, 800): Browser is scrolled to position x = 100, y = 800

2024-01-15 09:50:16 - [MESSAGE][PASSED] - Browser is scrolled to position x = 100, y = 800

2024-01-15 09:50:16 - [TEST_STEP][PASSED] - delay(3): Delayed 3 second(s)

2024-01-15 09:50:19 - [MESSAGE][PASSED] - Delayed 3 second(s)

2024-01-15 09:50:19 - [TEST_STEP][PASSED] - setText(findTestObject("WIZARD/3Infraestructura/1Oficinas/2Edicion/App/input_Nombre a mostrar"), "Virtual - Oficina Virtual"): Text 'Virtual - Oficina Virtual' is set on object 'Object Repository/WIZARD/3Infraestructura/1Oficinas/2Edicion/App/input_Nombre a mostrar'

2024-01-15 09:50:20 - [MESSAGE][PASSED] - Text 'Virtual - Oficina Virtual' is set on object 'Object Repository/WIZARD/3Infraestructura/1Oficinas/2Edicion/App/input_Nombre a mostrar'

2024-01-15 09:50:20 - [TEST_STEP][PASSED] - setText(findTestObject("WIZARD/3Infraestructura/1Oficinas/2Edicion/App/input_Direccion"), "Calle 2 No 21-33"): Text 'Calle 2 No 21-33' is set on object 'Object Repository/WIZARD/3Infraestructura/1Oficinas/2Edicion/App/input_Direccion'

2024-01-15 09:50:21 - [MESSAGE][PASSED] - Text 'Calle 2 No 21-33' is set on object 'Object Repository/WIZARD/3Infraestructura/1Oficinas/2Edicion/App/input_Direccion'

2024-01-15 09:50:21 - [TEST_STEP][PASSED] - setText(findTestObject("WIZARD/3Infraestructura/1Oficinas/2Edicion/App/input_Numero de telefono"), "3279000"): Text '3279000' is set on object 'Object Repository/WIZARD/3Infraestructura/1Oficinas/2Edicion/App/input_Numero de telefono'

2024-01-15 09:50:22 - [MESSAGE][PASSED] - Text '3279000' is set on object 'Object Repository/WIZARD/3Infraestructura/1Oficinas/2Edicion/App/input_Numero de telefono'

2024-01-15 09:50:22 - [TEST_STEP][PASSED] - setText(findTestObject("WIZARD/3Infraestructura/1Oficinas/2Edicion/App/input_Distancia minima creacion turnos (m)"), "100"): Text '100' is set on object 'Object Repository/WIZARD/3Infraestructura/1Oficinas/2Edicion/App/input_Distancia minima creacion turnos (m)'

2024-01-15 09:50:23 - [MESSAGE][PASSED] - Text '100' is set on object 'Object Repository/WIZARD/3Infraestructura/1Oficinas/2Edicion/App/input_Distancia minima creacion turnos (m)'

2024-01-15 09:50:23 - [TEST_STEP][PASSED] - setText(findTestObject("WIZARD/3Infraestructura/1Oficinas/2Edicion/App/input_Cantidad de turnos para prellamado"), "2"): Text '2' is set on object 'Object Repository/WIZARD/3Infraestructura/1Oficinas/2Edicion/App/input_Cantidad de turnos para prellamado'

2024-01-15 09:50:24 - [MESSAGE][PASSED] - Text '2' is set on object 'Object Repository/WIZARD/3Infraestructura/1Oficinas/2Edicion/App/input_Cantidad de turnos para prellamado'

2024-01-15 09:50:24 - [TEST_STEP][PASSED] - delay(3): Delayed 3 second(s)

2024-01-15 09:50:27 - [MESSAGE][PASSED] - Delayed 3 second(s)

2024-01-15 09:50:27 - [TEST_STEP][PASSED] - setText(findTestObject("WIZARD/3Infraestructura/1Oficinas/2Edicion/App/input_Longitud"), "0.0000000000"): Text '0.0000000000' is set on object 'Object Repository/WIZARD/3Infraestructura/1Oficinas/2Edicion/App/input_Longitud'

2024-01-15 09:50:27 - [MESSAGE][PASSED] - Text '0.0000000000' is set on object 'Object Repository/WIZARD/3Infraestructura/1Oficinas/2Edicion/App/input_Longitud'

2024-01-15 09:50:27 - [TEST_STEP][PASSED] - setText(findTestObject("WIZARD/3Infraestructura/1Oficinas/2Edicion/App/input_Latitud"), "0.0000000000"): Text '0.0000000000' is set on object 'Object Repository/WIZARD/3Infraestructura/1Oficinas/2Edicion/App/input_Latitud'

2024-01-15 09:50:28 - [MESSAGE][PASSED] - Text '0.0000000000' is set on object 'Object Repository/WIZARD/3Infraestructura/1Oficinas/2Edicion/App/input_Latitud'

2024-01-15 09:50:28 - [TEST_STEP][PASSED] - delay(3): Delayed 3 second(s)

2024-01-15 09:50:31 - [MESSAGE][PASSED] - Delayed 3 second(s)

2024-01-15 09:50:31 - [TEST_STEP][PASSED] - scrollToPosition(0, 0): Browser is scrolled to position x = 0, y = 0

2024-01-15 09:50:31 - [MESSAGE][PASSED] - Browser is scrolled to position x = 0, y = 0

2024-01-15 09:50:31 - [TEST_STEP][PASSED] - delay(3): Delayed 3 second(s)

2024-01-15 09:50:34 - [MESSAGE][PASSED] - Delayed 3 second(s)

2024-01-15 09:50:34 - [TEST_STEP][PASSED] - click(findTestObject("WIZARD/3Infraestructura/1Oficinas/2Edicion/Edicion/img_Nuevo")): Object: 'Object Repository/WIZARD/3Infraestructura/1Oficinas/2Edicion/Edicion/img_Nuevo' is clicked on

2024-01-15 09:50:35 - [MESSAGE][PASSED] - Object: 'Object Repository/WIZARD/3Infraestructura/1Oficinas/2Edicion/Edicion/img_Nuevo' is clicked on

2024-01-15 09:50:35 - [TEST_STEP][PASSED] - delay(3): Delayed 3 second(s)

2024-01-15 09:50:38 - [MESSAGE][PASSED] - Delayed 3 second(s)

2024-01-15 09:50:38 - [TEST_STEP][PASSED] - takeFullPageScreenshot(): Taking screenshot successfully

2024-01-15 09:50:38 - [MESSAGE][INFO] - 0 hidden object(s)

2024-01-15 09:50:39 - [MESSAGE][PASSED] - Taking screenshot successfully
[[ATTACHMENT|C:\\CIEL INGENIERIA\\Katalon\\Digiturno55\\Reports\\20240115_094157\\WIZARD\\3Infraestructura\\1Oficinas\\5.1 Crear Oficina Virtual\\20240115_094209\\1705330238215.png]]

2024-01-15 09:50:39 - [TEST_STEP][PASSED] - delay(3): Delayed 3 second(s)

2024-01-15 09:50:42 - [MESSAGE][PASSED] - Delayed 3 second(s)

2024-01-15 09:50:42 - [TEST_STEP][PASSED] - Start listener action : sampleAfterTestCase: null]]></system-out>
         <system-err><![CDATA[]]></system-err>
      </testcase>
      <system-out><![CDATA[2024-01-15 09:49:42 - [TEST_SUITE][PASSED] - 5.1 Crear Oficina Virtual: Test Cases/WIZARD/3Infraestructura/1Oficinas/5.1 Crear Oficina Virtual]]></system-out>
      <system-err><![CDATA[]]></system-err>
   </testsuite>
</testsuites>
