<?xml version="1.0" encoding="UTF-8"?>
<testsuites name="5.5 Crear Terminales Bogota" time="95.283" tests="1" failures="0" errors="0">
   <testsuite name="5.5 Crear Terminales Bogota" tests="1" failures="0" errors="0" time="95.283" skipped="0" timestamp="2023-08-14 11:23:32" hostname="jdavila - PCPruebas101.ciel.cielingenieria.com" id="Test Suites/WIZARD/3Infraestructura/5Terminales/5.5 Crear Terminales Bogota">
      <properties>
         <property name="deviceName" value=""/>
         <property name="devicePlatform" value=""/>
         <property name="logFolder" value="C:\\CIEL INGENIERIA\\Katalon\\Digiturno55\\Reports\\20230814_104251\\WIZARD\\3Infraestructura\\5Terminales\\5.5 Crear Terminales Bogota\\20230814_104350"/>
         <property name="logFiles" value="C:\\CIEL INGENIERIA\\Katalon\\Digiturno55\\Reports\\20230814_104251\\WIZARD\\3Infraestructura\\5Terminales\\5.5 Crear Terminales Bogota\\20230814_104350\\execution0.log"/>
         <property name="attachments" value="C:\\CIEL INGENIERIA\\Katalon\\Digiturno55\\Reports\\20230814_104251\\WIZARD\\3Infraestructura\\5Terminales\\5.5 Crear Terminales Bogota\\20230814_104350\\1692030304089.png"/>
         <property name="hostName" value="jdavila - PCPruebas101.ciel.cielingenieria.com"/>
         <property name="os" value="Windows 10 64bit"/>
         <property name="katalonVersion" value="8.6.0.208"/>
         <property name="browser" value="Chrome 115.0.0.0"/>
         <property name="hostAddress" value="192.168.0.33"/>
         <property name="sessionId" value="63344f5271cfc073b1a614121b6df311"/>
         <property name="seleniumVersion" value="3.141.59"/>
         <property name="proxyInformation" value="ProxyInformation { proxyOption=NO_PROXY, proxyServerType=HTTP, username=, password=********, proxyServerAddress=, proxyServerPort=0, executionList=&quot;&quot;, isApplyToDesiredCapabilities=true }"/>
         <property name="platform" value="Windows 10"/>
      </properties>
      <testcase name="Test Cases/WIZARD/3Infraestructura/5Terminales/5.5 Crear Terminales Bogota" time="95.014" classname="Test Cases/WIZARD/3Infraestructura/5Terminales/5.5 Crear Terminales Bogota" status="PASSED">
         <system-out><![CDATA[2023-08-14 11:23:33 - [TEST_CASE][PASSED] - Test Cases/WIZARD/3Infraestructura/5Terminales/5.5 Crear Terminales Bogota: Test Cases/WIZARD/3Infraestructura/5Terminales/5.5 Crear Terminales Bogota

2023-08-14 11:23:33 - [TEST_STEP][PASSED] - callTestCase(findTestCase("0InicioSesion"), [:], STOP_ON_FAILURE): Call Test Case 'Test Cases/0InicioSesion' successfully

2023-08-14 11:23:33 - [TEST_CASE][PASSED] - Test Cases/0InicioSesion: Test Cases/0InicioSesion

2023-08-14 11:23:33 - [TEST_STEP][PASSED] - openBrowser(UrlDigiturno): Browser is opened with url: 'https://PCPruebas101.ciel.cielingenieria.com:8610'

2023-08-14 11:23:34 - [MESSAGE][INFO] - Starting 'Chrome' driver

2023-08-14 11:23:34 - [MESSAGE][INFO] - User set preference: ['args', '[--use-fake-ui-for-media-stream, --disable-notifications]']

2023-08-14 11:23:34 - [MESSAGE][INFO] - Action delay is set to 0 milliseconds

2023-08-14 11:23:36 - [MESSAGE][PASSED] - Browser is opened with url: 'https://PCPruebas101.ciel.cielingenieria.com:8610'

2023-08-14 11:23:36 - [TEST_STEP][PASSED] - maximizeWindow(): Current window maximized

2023-08-14 11:23:37 - [MESSAGE][PASSED] - Current window maximized

2023-08-14 11:23:37 - [TEST_STEP][PASSED] - delay(3): Delayed 3 second(s)

2023-08-14 11:23:40 - [MESSAGE][PASSED] - Delayed 3 second(s)

2023-08-14 11:23:40 - [TEST_STEP][PASSED] - setText(findTestObject("0Inicio Sesion/input_Usuario"), "Ciel"): Text 'Ciel' is set on object 'Object Repository/0Inicio Sesion/input_Usuario'

2023-08-14 11:23:40 - [MESSAGE][PASSED] - Text 'Ciel' is set on object 'Object Repository/0Inicio Sesion/input_Usuario'

2023-08-14 11:23:40 - [TEST_STEP][PASSED] - setText(findTestObject("0Inicio Sesion/input_Clave"), "digiturno"): Text 'digiturno' is set on object 'Object Repository/0Inicio Sesion/input_Clave'

2023-08-14 11:23:41 - [MESSAGE][PASSED] - Text 'digiturno' is set on object 'Object Repository/0Inicio Sesion/input_Clave'

2023-08-14 11:23:41 - [TEST_STEP][PASSED] - click(findTestObject("0Inicio Sesion/btn_IniciarSesion")): Object: 'Object Repository/0Inicio Sesion/btn_IniciarSesion' is clicked on

2023-08-14 11:23:42 - [MESSAGE][PASSED] - Object: 'Object Repository/0Inicio Sesion/btn_IniciarSesion' is clicked on

2023-08-14 11:23:42 - [TEST_STEP][PASSED] - delay(3): Delayed 3 second(s)

2023-08-14 11:23:45 - [MESSAGE][PASSED] - Delayed 3 second(s)

2023-08-14 11:23:45 - [MESSAGE][PASSED] - Call Test Case 'Test Cases/0InicioSesion' successfully

2023-08-14 11:23:45 - [TEST_STEP][PASSED] - click(findTestObject("WIZARD/0Principal/img_InfraestructuraMAX")): Object: 'Object Repository/WIZARD/0Principal/img_InfraestructuraMAX' is clicked on

2023-08-14 11:23:46 - [MESSAGE][PASSED] - Object: 'Object Repository/WIZARD/0Principal/img_InfraestructuraMAX' is clicked on

2023-08-14 11:23:46 - [TEST_STEP][PASSED] - delay(3): Delayed 3 second(s)

2023-08-14 11:23:50 - [MESSAGE][PASSED] - Delayed 3 second(s)

2023-08-14 11:23:50 - [TEST_STEP][PASSED] - click(findTestObject("WIZARD/3Infraestructura/0Menu/span_Terminales")): Object: 'Object Repository/WIZARD/3Infraestructura/0Menu/span_Terminales' is clicked on

2023-08-14 11:23:54 - [MESSAGE][PASSED] - Object: 'Object Repository/WIZARD/3Infraestructura/0Menu/span_Terminales' is clicked on

2023-08-14 11:23:54 - [TEST_STEP][PASSED] - delay(3): Delayed 3 second(s)

2023-08-14 11:23:57 - [MESSAGE][PASSED] - Delayed 3 second(s)

2023-08-14 11:23:57 - [TEST_STEP][PASSED] - click(findTestObject("WIZARD/3Infraestructura/5Terminales/0OficinasModal/td_1Bogota - CIEL")): Object: 'Object Repository/WIZARD/3Infraestructura/5Terminales/0OficinasModal/td_1Bogota - CIEL' is clicked on

2023-08-14 11:23:58 - [MESSAGE][PASSED] - Object: 'Object Repository/WIZARD/3Infraestructura/5Terminales/0OficinasModal/td_1Bogota - CIEL' is clicked on

2023-08-14 11:23:58 - [TEST_STEP][PASSED] - delay(3): Delayed 3 second(s)

2023-08-14 11:24:01 - [MESSAGE][PASSED] - Delayed 3 second(s)

2023-08-14 11:24:01 - [TEST_STEP][PASSED] - click(findTestObject("WIZARD/3Infraestructura/5Terminales/Edicion/btn_SeleccionarGrupo")): Object: 'Object Repository/WIZARD/3Infraestructura/5Terminales/Edicion/btn_SeleccionarGrupo' is clicked on

2023-08-14 11:24:01 - [MESSAGE][PASSED] - Object: 'Object Repository/WIZARD/3Infraestructura/5Terminales/Edicion/btn_SeleccionarGrupo' is clicked on

2023-08-14 11:24:01 - [TEST_STEP][PASSED] - delay(3): Delayed 3 second(s)

2023-08-14 11:24:04 - [MESSAGE][PASSED] - Delayed 3 second(s)

2023-08-14 11:24:04 - [TEST_STEP][PASSED] - click(findTestObject("WIZARD/3Infraestructura/5Terminales/Edicion/btn_Seleccionar Grupo(1)/a_Grupo General")): Object: 'Object Repository/WIZARD/3Infraestructura/5Terminales/Edicion/btn_Seleccionar Grupo(1)/a_Grupo General' is clicked on

2023-08-14 11:24:05 - [MESSAGE][PASSED] - Object: 'Object Repository/WIZARD/3Infraestructura/5Terminales/Edicion/btn_Seleccionar Grupo(1)/a_Grupo General' is clicked on

2023-08-14 11:24:05 - [TEST_STEP][PASSED] - delay(3): Delayed 3 second(s)

2023-08-14 11:24:08 - [MESSAGE][PASSED] - Delayed 3 second(s)

2023-08-14 11:24:08 - [TEST_STEP][PASSED] - setText(findTestObject("WIZARD/3Infraestructura/5Terminales/Edicion/input_Nombre"), "A01"): Text 'A01' is set on object 'Object Repository/WIZARD/3Infraestructura/5Terminales/Edicion/input_Nombre'

2023-08-14 11:24:08 - [MESSAGE][PASSED] - Text 'A01' is set on object 'Object Repository/WIZARD/3Infraestructura/5Terminales/Edicion/input_Nombre'

2023-08-14 11:24:08 - [TEST_STEP][PASSED] - setText(findTestObject("WIZARD/3Infraestructura/5Terminales/Edicion/textarea_Descripcion"), "Bogota - Terminal - Informacion"): Text 'Bogota - Terminal - Informacion' is set on object 'Object Repository/WIZARD/3Infraestructura/5Terminales/Edicion/textarea_Descripcion'

2023-08-14 11:24:09 - [MESSAGE][PASSED] - Text 'Bogota - Terminal - Informacion' is set on object 'Object Repository/WIZARD/3Infraestructura/5Terminales/Edicion/textarea_Descripcion'

2023-08-14 11:24:09 - [TEST_STEP][PASSED] - scrollToElement(findTestObject("WIZARD/3Infraestructura/5Terminales/Edicion/Label/label_Mostrar ventana emergente"), 2): Scroll to object 'Object Repository/WIZARD/3Infraestructura/5Terminales/Edicion/Label/label_Mostrar ventana emergente' successfully

2023-08-14 11:24:10 - [MESSAGE][PASSED] - Scroll to object 'Object Repository/WIZARD/3Infraestructura/5Terminales/Edicion/Label/label_Mostrar ventana emergente' successfully

2023-08-14 11:24:10 - [TEST_STEP][PASSED] - check(findTestObject("WIZARD/3Infraestructura/5Terminales/Edicion/Label/label_Mostrar ventana emergente")): Object 'Object Repository/WIZARD/3Infraestructura/5Terminales/Edicion/Label/label_Mostrar ventana emergente' is checked

2023-08-14 11:24:10 - [MESSAGE][PASSED] - Object 'Object Repository/WIZARD/3Infraestructura/5Terminales/Edicion/Label/label_Mostrar ventana emergente' is checked

2023-08-14 11:24:10 - [TEST_STEP][PASSED] - scrollToPosition(0, 0): Browser is scrolled to position x = 0, y = 0

2023-08-14 11:24:10 - [MESSAGE][PASSED] - Browser is scrolled to position x = 0, y = 0

2023-08-14 11:24:10 - [TEST_STEP][PASSED] - delay(2): Delayed 2 second(s)

2023-08-14 11:24:12 - [MESSAGE][PASSED] - Delayed 2 second(s)

2023-08-14 11:24:12 - [TEST_STEP][PASSED] - click(findTestObject("WIZARD/3Infraestructura/5Terminales/Edicion/img_Nuevo")): Object: 'Object Repository/WIZARD/3Infraestructura/5Terminales/Edicion/img_Nuevo' is clicked on

2023-08-14 11:24:13 - [MESSAGE][PASSED] - Object: 'Object Repository/WIZARD/3Infraestructura/5Terminales/Edicion/img_Nuevo' is clicked on

2023-08-14 11:24:13 - [TEST_STEP][PASSED] - delay(3): Delayed 3 second(s)

2023-08-14 11:24:16 - [MESSAGE][PASSED] - Delayed 3 second(s)

2023-08-14 11:24:16 - [TEST_STEP][PASSED] - click(findTestObject("WIZARD/3Infraestructura/0Menu/span_Terminales")): Object: 'Object Repository/WIZARD/3Infraestructura/0Menu/span_Terminales' is clicked on

2023-08-14 11:24:23 - [MESSAGE][PASSED] - Object: 'Object Repository/WIZARD/3Infraestructura/0Menu/span_Terminales' is clicked on

2023-08-14 11:24:23 - [TEST_STEP][PASSED] - delay(3): Delayed 3 second(s)

2023-08-14 11:24:26 - [MESSAGE][PASSED] - Delayed 3 second(s)

2023-08-14 11:24:26 - [TEST_STEP][PASSED] - click(findTestObject("WIZARD/3Infraestructura/5Terminales/0OficinasModal/td_1Bogota - CIEL")): Object: 'Object Repository/WIZARD/3Infraestructura/5Terminales/0OficinasModal/td_1Bogota - CIEL' is clicked on

2023-08-14 11:24:26 - [MESSAGE][PASSED] - Object: 'Object Repository/WIZARD/3Infraestructura/5Terminales/0OficinasModal/td_1Bogota - CIEL' is clicked on

2023-08-14 11:24:26 - [TEST_STEP][PASSED] - delay(3): Delayed 3 second(s)

2023-08-14 11:24:29 - [MESSAGE][PASSED] - Delayed 3 second(s)

2023-08-14 11:24:29 - [TEST_STEP][PASSED] - click(findTestObject("WIZARD/3Infraestructura/5Terminales/Edicion/btn_SeleccionarGrupo")): Object: 'Object Repository/WIZARD/3Infraestructura/5Terminales/Edicion/btn_SeleccionarGrupo' is clicked on

2023-08-14 11:24:30 - [MESSAGE][PASSED] - Object: 'Object Repository/WIZARD/3Infraestructura/5Terminales/Edicion/btn_SeleccionarGrupo' is clicked on

2023-08-14 11:24:30 - [TEST_STEP][PASSED] - delay(3): Delayed 3 second(s)

2023-08-14 11:24:33 - [MESSAGE][PASSED] - Delayed 3 second(s)

2023-08-14 11:24:33 - [TEST_STEP][PASSED] - click(findTestObject("WIZARD/3Infraestructura/5Terminales/Edicion/btn_Seleccionar Grupo(1)/a_Grupo PQRS")): Object: 'Object Repository/WIZARD/3Infraestructura/5Terminales/Edicion/btn_Seleccionar Grupo(1)/a_Grupo PQRS' is clicked on

2023-08-14 11:24:33 - [MESSAGE][PASSED] - Object: 'Object Repository/WIZARD/3Infraestructura/5Terminales/Edicion/btn_Seleccionar Grupo(1)/a_Grupo PQRS' is clicked on

2023-08-14 11:24:33 - [TEST_STEP][PASSED] - scrollToElement(findTestObject("WIZARD/3Infraestructura/5Terminales/Edicion/input_Nombre"), 2): Scroll to object 'Object Repository/WIZARD/3Infraestructura/5Terminales/Edicion/input_Nombre' successfully

2023-08-14 11:24:34 - [MESSAGE][PASSED] - Scroll to object 'Object Repository/WIZARD/3Infraestructura/5Terminales/Edicion/input_Nombre' successfully

2023-08-14 11:24:34 - [TEST_STEP][PASSED] - setText(findTestObject("WIZARD/3Infraestructura/5Terminales/Edicion/input_Nombre"), "A02"): Text 'A02' is set on object 'Object Repository/WIZARD/3Infraestructura/5Terminales/Edicion/input_Nombre'

2023-08-14 11:24:35 - [MESSAGE][PASSED] - Text 'A02' is set on object 'Object Repository/WIZARD/3Infraestructura/5Terminales/Edicion/input_Nombre'

2023-08-14 11:24:35 - [TEST_STEP][PASSED] - setText(findTestObject("WIZARD/3Infraestructura/5Terminales/Edicion/textarea_Descripcion"), "Bogota - Terminal - PQRS"): Text 'Bogota - Terminal - PQRS' is set on object 'Object Repository/WIZARD/3Infraestructura/5Terminales/Edicion/textarea_Descripcion'

2023-08-14 11:24:36 - [MESSAGE][PASSED] - Text 'Bogota - Terminal - PQRS' is set on object 'Object Repository/WIZARD/3Infraestructura/5Terminales/Edicion/textarea_Descripcion'

2023-08-14 11:24:36 - [TEST_STEP][PASSED] - scrollToElement(findTestObject("WIZARD/3Infraestructura/5Terminales/Edicion/Label/label_Mostrar ventana emergente"), 2): Scroll to object 'Object Repository/WIZARD/3Infraestructura/5Terminales/Edicion/Label/label_Mostrar ventana emergente' successfully

2023-08-14 11:24:36 - [MESSAGE][PASSED] - Scroll to object 'Object Repository/WIZARD/3Infraestructura/5Terminales/Edicion/Label/label_Mostrar ventana emergente' successfully

2023-08-14 11:24:36 - [TEST_STEP][PASSED] - setText(findTestObject("WIZARD/3Infraestructura/5Terminales/Edicion/input_Direccion en sala"), "2"): Text '2' is set on object 'Object Repository/WIZARD/3Infraestructura/5Terminales/Edicion/input_Direccion en sala'

2023-08-14 11:24:37 - [MESSAGE][PASSED] - Text '2' is set on object 'Object Repository/WIZARD/3Infraestructura/5Terminales/Edicion/input_Direccion en sala'

2023-08-14 11:24:37 - [TEST_STEP][PASSED] - check(findTestObject("WIZARD/3Infraestructura/5Terminales/Edicion/Label/label_Mostrar ventana emergente")): Object 'Object Repository/WIZARD/3Infraestructura/5Terminales/Edicion/Label/label_Mostrar ventana emergente' is checked

2023-08-14 11:24:37 - [MESSAGE][PASSED] - Object 'Object Repository/WIZARD/3Infraestructura/5Terminales/Edicion/Label/label_Mostrar ventana emergente' is checked

2023-08-14 11:24:37 - [TEST_STEP][PASSED] - scrollToPosition(0, 0): Browser is scrolled to position x = 0, y = 0

2023-08-14 11:24:37 - [MESSAGE][PASSED] - Browser is scrolled to position x = 0, y = 0

2023-08-14 11:24:37 - [TEST_STEP][PASSED] - delay(2): Delayed 2 second(s)

2023-08-14 11:24:39 - [MESSAGE][PASSED] - Delayed 2 second(s)

2023-08-14 11:24:39 - [TEST_STEP][PASSED] - click(findTestObject("WIZARD/3Infraestructura/5Terminales/Edicion/img_Nuevo")): Object: 'Object Repository/WIZARD/3Infraestructura/5Terminales/Edicion/img_Nuevo' is clicked on

2023-08-14 11:24:40 - [MESSAGE][PASSED] - Object: 'Object Repository/WIZARD/3Infraestructura/5Terminales/Edicion/img_Nuevo' is clicked on

2023-08-14 11:24:40 - [TEST_STEP][PASSED] - delay(3): Delayed 3 second(s)

2023-08-14 11:24:43 - [MESSAGE][PASSED] - Delayed 3 second(s)

2023-08-14 11:24:43 - [TEST_STEP][PASSED] - click(findTestObject("WIZARD/3Infraestructura/0Menu/span_Terminales")): Object: 'Object Repository/WIZARD/3Infraestructura/0Menu/span_Terminales' is clicked on

2023-08-14 11:24:43 - [MESSAGE][PASSED] - Object: 'Object Repository/WIZARD/3Infraestructura/0Menu/span_Terminales' is clicked on

2023-08-14 11:24:43 - [TEST_STEP][PASSED] - delay(3): Delayed 3 second(s)

2023-08-14 11:24:46 - [MESSAGE][PASSED] - Delayed 3 second(s)

2023-08-14 11:24:46 - [TEST_STEP][PASSED] - click(findTestObject("WIZARD/3Infraestructura/5Terminales/0OficinasModal/td_1Bogota - CIEL")): Object: 'Object Repository/WIZARD/3Infraestructura/5Terminales/0OficinasModal/td_1Bogota - CIEL' is clicked on

2023-08-14 11:24:47 - [MESSAGE][PASSED] - Object: 'Object Repository/WIZARD/3Infraestructura/5Terminales/0OficinasModal/td_1Bogota - CIEL' is clicked on

2023-08-14 11:24:47 - [TEST_STEP][PASSED] - delay(3): Delayed 3 second(s)

2023-08-14 11:24:50 - [MESSAGE][PASSED] - Delayed 3 second(s)

2023-08-14 11:24:50 - [TEST_STEP][PASSED] - click(findTestObject("WIZARD/3Infraestructura/5Terminales/Edicion/btn_SeleccionarGrupo")): Object: 'Object Repository/WIZARD/3Infraestructura/5Terminales/Edicion/btn_SeleccionarGrupo' is clicked on

2023-08-14 11:24:50 - [MESSAGE][PASSED] - Object: 'Object Repository/WIZARD/3Infraestructura/5Terminales/Edicion/btn_SeleccionarGrupo' is clicked on

2023-08-14 11:24:50 - [TEST_STEP][PASSED] - delay(3): Delayed 3 second(s)

2023-08-14 11:24:53 - [MESSAGE][PASSED] - Delayed 3 second(s)

2023-08-14 11:24:53 - [TEST_STEP][PASSED] - click(findTestObject("WIZARD/3Infraestructura/5Terminales/Edicion/btn_Seleccionar Grupo(1)/a_Grupo Radicaciones")): Object: 'Object Repository/WIZARD/3Infraestructura/5Terminales/Edicion/btn_Seleccionar Grupo(1)/a_Grupo Radicaciones' is clicked on

2023-08-14 11:24:54 - [MESSAGE][PASSED] - Object: 'Object Repository/WIZARD/3Infraestructura/5Terminales/Edicion/btn_Seleccionar Grupo(1)/a_Grupo Radicaciones' is clicked on

2023-08-14 11:24:54 - [TEST_STEP][PASSED] - scrollToElement(findTestObject("WIZARD/3Infraestructura/5Terminales/Edicion/input_Nombre"), 2): Scroll to object 'Object Repository/WIZARD/3Infraestructura/5Terminales/Edicion/input_Nombre' successfully

2023-08-14 11:24:55 - [MESSAGE][PASSED] - Scroll to object 'Object Repository/WIZARD/3Infraestructura/5Terminales/Edicion/input_Nombre' successfully

2023-08-14 11:24:55 - [TEST_STEP][PASSED] - setText(findTestObject("WIZARD/3Infraestructura/5Terminales/Edicion/input_Nombre"), "A03"): Text 'A03' is set on object 'Object Repository/WIZARD/3Infraestructura/5Terminales/Edicion/input_Nombre'

2023-08-14 11:24:56 - [MESSAGE][PASSED] - Text 'A03' is set on object 'Object Repository/WIZARD/3Infraestructura/5Terminales/Edicion/input_Nombre'

2023-08-14 11:24:56 - [TEST_STEP][PASSED] - setText(findTestObject("WIZARD/3Infraestructura/5Terminales/Edicion/textarea_Descripcion"), "Bogota - Terminal - Radicaciones"): Text 'Bogota - Terminal - Radicaciones' is set on object 'Object Repository/WIZARD/3Infraestructura/5Terminales/Edicion/textarea_Descripcion'

2023-08-14 11:24:56 - [MESSAGE][PASSED] - Text 'Bogota - Terminal - Radicaciones' is set on object 'Object Repository/WIZARD/3Infraestructura/5Terminales/Edicion/textarea_Descripcion'

2023-08-14 11:24:56 - [TEST_STEP][PASSED] - scrollToElement(findTestObject("WIZARD/3Infraestructura/5Terminales/Edicion/Label/label_Mostrar ventana emergente"), 2): Scroll to object 'Object Repository/WIZARD/3Infraestructura/5Terminales/Edicion/Label/label_Mostrar ventana emergente' successfully

2023-08-14 11:24:57 - [MESSAGE][PASSED] - Scroll to object 'Object Repository/WIZARD/3Infraestructura/5Terminales/Edicion/Label/label_Mostrar ventana emergente' successfully

2023-08-14 11:24:57 - [TEST_STEP][PASSED] - setText(findTestObject("WIZARD/3Infraestructura/5Terminales/Edicion/input_Direccion en sala"), "3"): Text '3' is set on object 'Object Repository/WIZARD/3Infraestructura/5Terminales/Edicion/input_Direccion en sala'

2023-08-14 11:24:58 - [MESSAGE][PASSED] - Text '3' is set on object 'Object Repository/WIZARD/3Infraestructura/5Terminales/Edicion/input_Direccion en sala'

2023-08-14 11:24:58 - [TEST_STEP][PASSED] - check(findTestObject("WIZARD/3Infraestructura/5Terminales/Edicion/Label/label_Mostrar ventana emergente")): Object 'Object Repository/WIZARD/3Infraestructura/5Terminales/Edicion/Label/label_Mostrar ventana emergente' is checked

2023-08-14 11:24:58 - [MESSAGE][PASSED] - Object 'Object Repository/WIZARD/3Infraestructura/5Terminales/Edicion/Label/label_Mostrar ventana emergente' is checked

2023-08-14 11:24:58 - [TEST_STEP][PASSED] - scrollToPosition(0, 0): Browser is scrolled to position x = 0, y = 0

2023-08-14 11:24:58 - [MESSAGE][PASSED] - Browser is scrolled to position x = 0, y = 0

2023-08-14 11:24:58 - [TEST_STEP][PASSED] - delay(2): Delayed 2 second(s)

2023-08-14 11:25:00 - [MESSAGE][PASSED] - Delayed 2 second(s)

2023-08-14 11:25:00 - [TEST_STEP][PASSED] - click(findTestObject("WIZARD/3Infraestructura/5Terminales/Edicion/img_Nuevo")): Object: 'Object Repository/WIZARD/3Infraestructura/5Terminales/Edicion/img_Nuevo' is clicked on

2023-08-14 11:25:01 - [MESSAGE][PASSED] - Object: 'Object Repository/WIZARD/3Infraestructura/5Terminales/Edicion/img_Nuevo' is clicked on

2023-08-14 11:25:01 - [TEST_STEP][PASSED] - delay(3): Delayed 3 second(s)

2023-08-14 11:25:04 - [MESSAGE][PASSED] - Delayed 3 second(s)

2023-08-14 11:25:04 - [TEST_STEP][PASSED] - takeFullPageScreenshot(): Taking screenshot successfully

2023-08-14 11:25:04 - [MESSAGE][INFO] - 0 hidden object(s)

2023-08-14 11:25:05 - [MESSAGE][PASSED] - Taking screenshot successfully
[[ATTACHMENT|C:\\CIEL INGENIERIA\\Katalon\\Digiturno55\\Reports\\20230814_104251\\WIZARD\\3Infraestructura\\5Terminales\\5.5 Crear Terminales Bogota\\20230814_104350\\1692030304089.png]]

2023-08-14 11:25:05 - [TEST_STEP][PASSED] - delay(3): Delayed 3 second(s)

2023-08-14 11:25:08 - [MESSAGE][PASSED] - Delayed 3 second(s)

2023-08-14 11:25:08 - [TEST_STEP][PASSED] - Start listener action : sampleAfterTestCase: null]]></system-out>
         <system-err><![CDATA[]]></system-err>
      </testcase>
      <system-out><![CDATA[2023-08-14 11:23:32 - [TEST_SUITE][PASSED] - 5.5 Crear Terminales Bogota: Test Cases/WIZARD/3Infraestructura/5Terminales/5.5 Crear Terminales Bogota]]></system-out>
      <system-err><![CDATA[]]></system-err>
   </testsuite>
</testsuites>
