<?xml version="1.0" encoding="UTF-8"?>
<testsuites name="1 Crear Niveles" time="87.054" tests="1" failures="0" errors="0">
   <testsuite name="1 Crear Niveles" tests="1" failures="0" errors="0" time="87.054" skipped="0" timestamp="2024-04-02 13:53:31" hostname="jdavila - PCPruebas101.ciel.cielingenieria.com" id="Test Suites/WIZARD/1Modelo De Negocio/1 Crear Niveles">
      <properties>
         <property name="deviceName" value=""/>
         <property name="devicePlatform" value=""/>
         <property name="logFolder" value="C:\\CIEL INGENIERIA\\Katalon\\Digiturno55\\Reports\\20240402_135301\\WIZARD\\1Modelo De Negocio\\1 Crear Niveles\\20240402_135302"/>
         <property name="logFiles" value="C:\\CIEL INGENIERIA\\Katalon\\Digiturno55\\Reports\\20240402_135301\\WIZARD\\1Modelo De Negocio\\1 Crear Niveles\\20240402_135302\\execution0.log"/>
         <property name="attachments" value="C:\\CIEL INGENIERIA\\Katalon\\Digiturno55\\Reports\\20240402_135301\\WIZARD\\1Modelo De Negocio\\1 Crear Niveles\\20240402_135302\\1712084094937.png"/>
         <property name="hostName" value="jdavila - PCPruebas101.ciel.cielingenieria.com"/>
         <property name="os" value="Windows 10 64bit"/>
         <property name="katalonVersion" value="8.6.9.208"/>
         <property name="browser" value="Chrome 123.0.0.0"/>
         <property name="hostAddress" value="192.168.91.18"/>
         <property name="sessionId" value="75ddc73db7e3779ff0a034535eaac73f"/>
         <property name="seleniumVersion" value="3.141.59"/>
         <property name="proxyInformation" value="ProxyInformation { proxyOption=NO_PROXY, proxyServerType=HTTP, username=, password=********, proxyServerAddress=, proxyServerPort=0, executionList=&quot;&quot;, isApplyToDesiredCapabilities=true }"/>
         <property name="platform" value="Windows 10"/>
      </properties>
      <testcase name="Test Cases/WIZARD/1Modelo De Negocio/1CrearNiveles" time="86.756" classname="Test Cases/WIZARD/1Modelo De Negocio/1CrearNiveles" status="PASSED">
         <system-out><![CDATA[2024-04-02 13:53:32 - [TEST_CASE][PASSED] - Test Cases/WIZARD/1Modelo De Negocio/1CrearNiveles: Test Cases/WIZARD/1Modelo De Negocio/1CrearNiveles

2024-04-02 13:53:32 - [TEST_STEP][PASSED] - callTestCase(findTestCase("0InicioSesion"), [:], STOP_ON_FAILURE): Call Test Case 'Test Cases/0InicioSesion' successfully

2024-04-02 13:53:32 - [TEST_CASE][PASSED] - Test Cases/0InicioSesion: Test Cases/0InicioSesion

2024-04-02 13:53:32 - [TEST_STEP][PASSED] - openBrowser(UrlDigiturno): Browser is opened with url: 'https://PCPruebas101.ciel.cielingenieria.com:8910'

2024-04-02 13:53:33 - [MESSAGE][INFO] - Starting 'Chrome' driver

2024-04-02 13:53:33 - [MESSAGE][INFO] - User set preference: ['args', '[--use-fake-ui-for-media-stream, --disable-notifications]']

2024-04-02 13:53:33 - [MESSAGE][INFO] - Action delay is set to 0 milliseconds

2024-04-02 13:53:36 - [MESSAGE][PASSED] - Browser is opened with url: 'https://PCPruebas101.ciel.cielingenieria.com:8910'

2024-04-02 13:53:36 - [TEST_STEP][PASSED] - maximizeWindow(): Current window maximized

2024-04-02 13:53:36 - [MESSAGE][PASSED] - Current window maximized

2024-04-02 13:53:36 - [TEST_STEP][PASSED] - delay(3): Delayed 3 second(s)

2024-04-02 13:53:39 - [MESSAGE][PASSED] - Delayed 3 second(s)

2024-04-02 13:53:39 - [TEST_STEP][PASSED] - setText(findTestObject("0Inicio Sesion/input_Usuario"), "Ciel"): Text 'Ciel' is set on object 'Object Repository/0Inicio Sesion/input_Usuario'

2024-04-02 13:53:40 - [MESSAGE][PASSED] - Text 'Ciel' is set on object 'Object Repository/0Inicio Sesion/input_Usuario'

2024-04-02 13:53:40 - [TEST_STEP][PASSED] - setText(findTestObject("0Inicio Sesion/input_Clave"), "digiturno"): Text 'digiturno' is set on object 'Object Repository/0Inicio Sesion/input_Clave'

2024-04-02 13:53:41 - [MESSAGE][PASSED] - Text 'digiturno' is set on object 'Object Repository/0Inicio Sesion/input_Clave'

2024-04-02 13:53:41 - [TEST_STEP][PASSED] - click(findTestObject("0Inicio Sesion/btn_IniciarSesion")): Object: 'Object Repository/0Inicio Sesion/btn_IniciarSesion' is clicked on

2024-04-02 13:53:41 - [MESSAGE][PASSED] - Object: 'Object Repository/0Inicio Sesion/btn_IniciarSesion' is clicked on

2024-04-02 13:53:41 - [TEST_STEP][PASSED] - delay(3): Delayed 3 second(s)

2024-04-02 13:53:44 - [MESSAGE][PASSED] - Delayed 3 second(s)

2024-04-02 13:53:44 - [MESSAGE][PASSED] - Call Test Case 'Test Cases/0InicioSesion' successfully

2024-04-02 13:53:44 - [TEST_STEP][PASSED] - click(findTestObject("WIZARD/0Principal/img_ModeloDeNegocioMAX")): Object: 'Object Repository/WIZARD/0Principal/img_ModeloDeNegocioMAX' is clicked on

2024-04-02 13:54:10 - [MESSAGE][PASSED] - Object: 'Object Repository/WIZARD/0Principal/img_ModeloDeNegocioMAX' is clicked on

2024-04-02 13:54:10 - [TEST_STEP][PASSED] - delay(3): Delayed 3 second(s)

2024-04-02 13:54:13 - [MESSAGE][PASSED] - Delayed 3 second(s)

2024-04-02 13:54:13 - [TEST_STEP][PASSED] - click(findTestObject("WIZARD/1Modelo De Negocio/00Menu/span_Niveles")): Object: 'Object Repository/WIZARD/1Modelo De Negocio/00Menu/span_Niveles' is clicked on

2024-04-02 13:54:14 - [MESSAGE][PASSED] - Object: 'Object Repository/WIZARD/1Modelo De Negocio/00Menu/span_Niveles' is clicked on

2024-04-02 13:54:14 - [TEST_STEP][PASSED] - delay(3): Delayed 3 second(s)

2024-04-02 13:54:17 - [MESSAGE][PASSED] - Delayed 3 second(s)

2024-04-02 13:54:17 - [TEST_STEP][PASSED] - setText(findTestObject("WIZARD/1Modelo De Negocio/1Niveles/Edicion de Niveles/input_Nombre Nivel"), "Área"): Text 'Área' is set on object 'Object Repository/WIZARD/1Modelo De Negocio/1Niveles/Edicion de Niveles/input_Nombre Nivel'

2024-04-02 13:54:18 - [MESSAGE][PASSED] - Text 'Área' is set on object 'Object Repository/WIZARD/1Modelo De Negocio/1Niveles/Edicion de Niveles/input_Nombre Nivel'

2024-04-02 13:54:18 - [TEST_STEP][PASSED] - setText(findTestObject("WIZARD/1Modelo De Negocio/1Niveles/Edicion de Niveles/input_Descripcion Nivel"), "Área"): Text 'Área' is set on object 'Object Repository/WIZARD/1Modelo De Negocio/1Niveles/Edicion de Niveles/input_Descripcion Nivel'

2024-04-02 13:54:18 - [MESSAGE][PASSED] - Text 'Área' is set on object 'Object Repository/WIZARD/1Modelo De Negocio/1Niveles/Edicion de Niveles/input_Descripcion Nivel'

2024-04-02 13:54:18 - [TEST_STEP][PASSED] - setText(findTestObject("WIZARD/1Modelo De Negocio/1Niveles/Edicion de Niveles/input_Cantidad de elementos"), "1"): Text '1' is set on object 'Object Repository/WIZARD/1Modelo De Negocio/1Niveles/Edicion de Niveles/input_Cantidad de elementos'

2024-04-02 13:54:19 - [MESSAGE][PASSED] - Text '1' is set on object 'Object Repository/WIZARD/1Modelo De Negocio/1Niveles/Edicion de Niveles/input_Cantidad de elementos'

2024-04-02 13:54:19 - [TEST_STEP][PASSED] - setText(findTestObject("WIZARD/1Modelo De Negocio/1Niveles/Edicion de Niveles/input_Prefijo"), "AG"): Text 'AG' is set on object 'Object Repository/WIZARD/1Modelo De Negocio/1Niveles/Edicion de Niveles/input_Prefijo'

2024-04-02 13:54:20 - [MESSAGE][PASSED] - Text 'AG' is set on object 'Object Repository/WIZARD/1Modelo De Negocio/1Niveles/Edicion de Niveles/input_Prefijo'

2024-04-02 13:54:20 - [TEST_STEP][PASSED] - click(findTestObject("WIZARD/1Modelo De Negocio/1Niveles/Edicion de Niveles/btn_Nuevo")): Object: 'Object Repository/WIZARD/1Modelo De Negocio/1Niveles/Edicion de Niveles/btn_Nuevo' is clicked on

2024-04-02 13:54:20 - [MESSAGE][PASSED] - Object: 'Object Repository/WIZARD/1Modelo De Negocio/1Niveles/Edicion de Niveles/btn_Nuevo' is clicked on

2024-04-02 13:54:20 - [TEST_STEP][PASSED] - delay(3): Delayed 3 second(s)

2024-04-02 13:54:24 - [MESSAGE][PASSED] - Delayed 3 second(s)

2024-04-02 13:54:24 - [TEST_STEP][PASSED] - click(findTestObject("WIZARD/1Modelo De Negocio/00Menu/span_Niveles")): Object: 'Object Repository/WIZARD/1Modelo De Negocio/00Menu/span_Niveles' is clicked on

2024-04-02 13:54:24 - [MESSAGE][PASSED] - Object: 'Object Repository/WIZARD/1Modelo De Negocio/00Menu/span_Niveles' is clicked on

2024-04-02 13:54:24 - [TEST_STEP][PASSED] - delay(3): Delayed 3 second(s)

2024-04-02 13:54:27 - [MESSAGE][PASSED] - Delayed 3 second(s)

2024-04-02 13:54:27 - [TEST_STEP][PASSED] - setText(findTestObject("WIZARD/1Modelo De Negocio/1Niveles/Edicion de Niveles/input_Nombre Nivel"), "Tipo cliente"): Text 'Tipo cliente' is set on object 'Object Repository/WIZARD/1Modelo De Negocio/1Niveles/Edicion de Niveles/input_Nombre Nivel'

2024-04-02 13:54:28 - [MESSAGE][PASSED] - Text 'Tipo cliente' is set on object 'Object Repository/WIZARD/1Modelo De Negocio/1Niveles/Edicion de Niveles/input_Nombre Nivel'

2024-04-02 13:54:28 - [TEST_STEP][PASSED] - setText(findTestObject("WIZARD/1Modelo De Negocio/1Niveles/Edicion de Niveles/input_Descripcion Nivel"), "Tipo cliente"): Text 'Tipo cliente' is set on object 'Object Repository/WIZARD/1Modelo De Negocio/1Niveles/Edicion de Niveles/input_Descripcion Nivel'

2024-04-02 13:54:29 - [MESSAGE][PASSED] - Text 'Tipo cliente' is set on object 'Object Repository/WIZARD/1Modelo De Negocio/1Niveles/Edicion de Niveles/input_Descripcion Nivel'

2024-04-02 13:54:29 - [TEST_STEP][PASSED] - setText(findTestObject("WIZARD/1Modelo De Negocio/1Niveles/Edicion de Niveles/input_Cantidad de elementos"), "2"): Text '2' is set on object 'Object Repository/WIZARD/1Modelo De Negocio/1Niveles/Edicion de Niveles/input_Cantidad de elementos'

2024-04-02 13:54:30 - [MESSAGE][PASSED] - Text '2' is set on object 'Object Repository/WIZARD/1Modelo De Negocio/1Niveles/Edicion de Niveles/input_Cantidad de elementos'

2024-04-02 13:54:30 - [TEST_STEP][PASSED] - setText(findTestObject("WIZARD/1Modelo De Negocio/1Niveles/Edicion de Niveles/input_Prefijo"), "TC"): Text 'TC' is set on object 'Object Repository/WIZARD/1Modelo De Negocio/1Niveles/Edicion de Niveles/input_Prefijo'

2024-04-02 13:54:30 - [MESSAGE][PASSED] - Text 'TC' is set on object 'Object Repository/WIZARD/1Modelo De Negocio/1Niveles/Edicion de Niveles/input_Prefijo'

2024-04-02 13:54:30 - [TEST_STEP][PASSED] - click(findTestObject("WIZARD/1Modelo De Negocio/1Niveles/Edicion de Niveles/btn_Nuevo")): Object: 'Object Repository/WIZARD/1Modelo De Negocio/1Niveles/Edicion de Niveles/btn_Nuevo' is clicked on

2024-04-02 13:54:31 - [MESSAGE][PASSED] - Object: 'Object Repository/WIZARD/1Modelo De Negocio/1Niveles/Edicion de Niveles/btn_Nuevo' is clicked on

2024-04-02 13:54:31 - [TEST_STEP][PASSED] - delay(3): Delayed 3 second(s)

2024-04-02 13:54:34 - [MESSAGE][PASSED] - Delayed 3 second(s)

2024-04-02 13:54:34 - [TEST_STEP][PASSED] - click(findTestObject("WIZARD/1Modelo De Negocio/00Menu/span_Niveles")): Object: 'Object Repository/WIZARD/1Modelo De Negocio/00Menu/span_Niveles' is clicked on

2024-04-02 13:54:34 - [MESSAGE][PASSED] - Object: 'Object Repository/WIZARD/1Modelo De Negocio/00Menu/span_Niveles' is clicked on

2024-04-02 13:54:34 - [TEST_STEP][PASSED] - delay(3): Delayed 3 second(s)

2024-04-02 13:54:37 - [MESSAGE][PASSED] - Delayed 3 second(s)

2024-04-02 13:54:37 - [TEST_STEP][PASSED] - setText(findTestObject("WIZARD/1Modelo De Negocio/1Niveles/Edicion de Niveles/input_Nombre Nivel"), "Servicio"): Text 'Servicio' is set on object 'Object Repository/WIZARD/1Modelo De Negocio/1Niveles/Edicion de Niveles/input_Nombre Nivel'

2024-04-02 13:54:38 - [MESSAGE][PASSED] - Text 'Servicio' is set on object 'Object Repository/WIZARD/1Modelo De Negocio/1Niveles/Edicion de Niveles/input_Nombre Nivel'

2024-04-02 13:54:38 - [TEST_STEP][PASSED] - setText(findTestObject("WIZARD/1Modelo De Negocio/1Niveles/Edicion de Niveles/input_Descripcion Nivel"), "Servicio"): Text 'Servicio' is set on object 'Object Repository/WIZARD/1Modelo De Negocio/1Niveles/Edicion de Niveles/input_Descripcion Nivel'

2024-04-02 13:54:39 - [MESSAGE][PASSED] - Text 'Servicio' is set on object 'Object Repository/WIZARD/1Modelo De Negocio/1Niveles/Edicion de Niveles/input_Descripcion Nivel'

2024-04-02 13:54:39 - [TEST_STEP][PASSED] - setText(findTestObject("WIZARD/1Modelo De Negocio/1Niveles/Edicion de Niveles/input_Cantidad de elementos"), "3"): Text '3' is set on object 'Object Repository/WIZARD/1Modelo De Negocio/1Niveles/Edicion de Niveles/input_Cantidad de elementos'

2024-04-02 13:54:40 - [MESSAGE][PASSED] - Text '3' is set on object 'Object Repository/WIZARD/1Modelo De Negocio/1Niveles/Edicion de Niveles/input_Cantidad de elementos'

2024-04-02 13:54:40 - [TEST_STEP][PASSED] - setText(findTestObject("WIZARD/1Modelo De Negocio/1Niveles/Edicion de Niveles/input_Prefijo"), "SRVO"): Text 'SRVO' is set on object 'Object Repository/WIZARD/1Modelo De Negocio/1Niveles/Edicion de Niveles/input_Prefijo'

2024-04-02 13:54:41 - [MESSAGE][PASSED] - Text 'SRVO' is set on object 'Object Repository/WIZARD/1Modelo De Negocio/1Niveles/Edicion de Niveles/input_Prefijo'

2024-04-02 13:54:41 - [TEST_STEP][PASSED] - click(findTestObject("WIZARD/1Modelo De Negocio/1Niveles/Edicion de Niveles/btn_Nuevo")): Object: 'Object Repository/WIZARD/1Modelo De Negocio/1Niveles/Edicion de Niveles/btn_Nuevo' is clicked on

2024-04-02 13:54:41 - [MESSAGE][PASSED] - Object: 'Object Repository/WIZARD/1Modelo De Negocio/1Niveles/Edicion de Niveles/btn_Nuevo' is clicked on

2024-04-02 13:54:41 - [TEST_STEP][PASSED] - delay(3): Delayed 3 second(s)

2024-04-02 13:54:44 - [MESSAGE][PASSED] - Delayed 3 second(s)

2024-04-02 13:54:44 - [TEST_STEP][PASSED] - click(findTestObject("WIZARD/1Modelo De Negocio/00Menu/span_Niveles")): Object: 'Object Repository/WIZARD/1Modelo De Negocio/00Menu/span_Niveles' is clicked on

2024-04-02 13:54:45 - [MESSAGE][PASSED] - Object: 'Object Repository/WIZARD/1Modelo De Negocio/00Menu/span_Niveles' is clicked on

2024-04-02 13:54:45 - [TEST_STEP][PASSED] - delay(3): Delayed 3 second(s)

2024-04-02 13:54:48 - [MESSAGE][PASSED] - Delayed 3 second(s)

2024-04-02 13:54:48 - [TEST_STEP][PASSED] - setText(findTestObject("WIZARD/1Modelo De Negocio/1Niveles/Edicion de Niveles/input_Nombre Nivel"), "Subservicio"): Text 'Subservicio' is set on object 'Object Repository/WIZARD/1Modelo De Negocio/1Niveles/Edicion de Niveles/input_Nombre Nivel'

2024-04-02 13:54:49 - [MESSAGE][PASSED] - Text 'Subservicio' is set on object 'Object Repository/WIZARD/1Modelo De Negocio/1Niveles/Edicion de Niveles/input_Nombre Nivel'

2024-04-02 13:54:49 - [TEST_STEP][PASSED] - setText(findTestObject("WIZARD/1Modelo De Negocio/1Niveles/Edicion de Niveles/input_Descripcion Nivel"), "Subservicio"): Text 'Subservicio' is set on object 'Object Repository/WIZARD/1Modelo De Negocio/1Niveles/Edicion de Niveles/input_Descripcion Nivel'

2024-04-02 13:54:49 - [MESSAGE][PASSED] - Text 'Subservicio' is set on object 'Object Repository/WIZARD/1Modelo De Negocio/1Niveles/Edicion de Niveles/input_Descripcion Nivel'

2024-04-02 13:54:49 - [TEST_STEP][PASSED] - setText(findTestObject("WIZARD/1Modelo De Negocio/1Niveles/Edicion de Niveles/input_Cantidad de elementos"), "12"): Text '12' is set on object 'Object Repository/WIZARD/1Modelo De Negocio/1Niveles/Edicion de Niveles/input_Cantidad de elementos'

2024-04-02 13:54:50 - [MESSAGE][PASSED] - Text '12' is set on object 'Object Repository/WIZARD/1Modelo De Negocio/1Niveles/Edicion de Niveles/input_Cantidad de elementos'

2024-04-02 13:54:50 - [TEST_STEP][PASSED] - setText(findTestObject("WIZARD/1Modelo De Negocio/1Niveles/Edicion de Niveles/input_Prefijo"), "SUB"): Text 'SUB' is set on object 'Object Repository/WIZARD/1Modelo De Negocio/1Niveles/Edicion de Niveles/input_Prefijo'

2024-04-02 13:54:51 - [MESSAGE][PASSED] - Text 'SUB' is set on object 'Object Repository/WIZARD/1Modelo De Negocio/1Niveles/Edicion de Niveles/input_Prefijo'

2024-04-02 13:54:51 - [TEST_STEP][PASSED] - click(findTestObject("WIZARD/1Modelo De Negocio/1Niveles/Edicion de Niveles/btn_Nuevo")): Object: 'Object Repository/WIZARD/1Modelo De Negocio/1Niveles/Edicion de Niveles/btn_Nuevo' is clicked on

2024-04-02 13:54:51 - [MESSAGE][PASSED] - Object: 'Object Repository/WIZARD/1Modelo De Negocio/1Niveles/Edicion de Niveles/btn_Nuevo' is clicked on

2024-04-02 13:54:51 - [TEST_STEP][PASSED] - delay(3): Delayed 3 second(s)

2024-04-02 13:54:54 - [MESSAGE][PASSED] - Delayed 3 second(s)

2024-04-02 13:54:54 - [TEST_STEP][PASSED] - takeFullPageScreenshot(): Taking screenshot successfully

2024-04-02 13:54:55 - [MESSAGE][INFO] - 0 hidden object(s)

2024-04-02 13:54:55 - [MESSAGE][PASSED] - Taking screenshot successfully
[[ATTACHMENT|C:\\CIEL INGENIERIA\\Katalon\\Digiturno55\\Reports\\20240402_135301\\WIZARD\\1Modelo De Negocio\\1 Crear Niveles\\20240402_135302\\1712084094937.png]]

2024-04-02 13:54:55 - [TEST_STEP][PASSED] - delay(3): Delayed 3 second(s)

2024-04-02 13:54:58 - [MESSAGE][PASSED] - Delayed 3 second(s)

2024-04-02 13:54:58 - [TEST_STEP][PASSED] - Start listener action : sampleAfterTestCase: null]]></system-out>
         <system-err><![CDATA[]]></system-err>
      </testcase>
      <system-out><![CDATA[2024-04-02 13:53:31 - [TEST_SUITE][PASSED] - 1 Crear Niveles: Test Cases/WIZARD/1Modelo De Negocio/1CrearNiveles]]></system-out>
      <system-err><![CDATA[]]></system-err>
   </testsuite>
</testsuites>
