<?xml version="1.0" encoding="UTF-8"?>
<testsuites name="5.1 Crear Oficina Bogota" time="86.118" tests="1" failures="0" errors="0">
   <testsuite name="5.1 Crear Oficina Bogota" tests="1" failures="0" errors="0" time="86.118" skipped="0" timestamp="2024-01-15 09:43:33" hostname="jdavila - PCPruebas101.ciel.cielingenieria.com" id="Test Suites/WIZARD/3Infraestructura/1Oficinas/5.1 Crear Oficina Bogota">
      <properties>
         <property name="deviceName" value=""/>
         <property name="devicePlatform" value=""/>
         <property name="logFolder" value="C:\\CIEL INGENIERIA\\Katalon\\Digiturno55\\Reports\\20240115_094157\\WIZARD\\3Infraestructura\\1Oficinas\\5.1 Crear Oficina Bogota\\20240115_094159"/>
         <property name="logFiles" value="C:\\CIEL INGENIERIA\\Katalon\\Digiturno55\\Reports\\20240115_094157\\WIZARD\\3Infraestructura\\1Oficinas\\5.1 Crear Oficina Bogota\\20240115_094159\\execution0.log"/>
         <property name="attachments" value="C:\\CIEL INGENIERIA\\Katalon\\Digiturno55\\Reports\\20240115_094157\\WIZARD\\3Infraestructura\\1Oficinas\\5.1 Crear Oficina Bogota\\20240115_094159\\1705329895819.png"/>
         <property name="hostName" value="jdavila - PCPruebas101.ciel.cielingenieria.com"/>
         <property name="os" value="Windows 10 64bit"/>
         <property name="katalonVersion" value="8.6.8.208"/>
         <property name="browser" value="Chrome 120.0.0.0"/>
         <property name="hostAddress" value="192.168.0.9"/>
         <property name="sessionId" value="aeb7cf943d8edbc0b72de607f18d956a"/>
         <property name="seleniumVersion" value="3.141.59"/>
         <property name="proxyInformation" value="ProxyInformation { proxyOption=NO_PROXY, proxyServerType=HTTP, username=, password=********, proxyServerAddress=, proxyServerPort=0, executionList=&quot;&quot;, isApplyToDesiredCapabilities=true }"/>
         <property name="platform" value="Windows 10"/>
      </properties>
      <testcase name="Test Cases/WIZARD/3Infraestructura/1Oficinas/5.1 Crear Oficina Bogota" time="85.879" classname="Test Cases/WIZARD/3Infraestructura/1Oficinas/5.1 Crear Oficina Bogota" status="PASSED">
         <system-out><![CDATA[2024-01-15 09:43:33 - [TEST_CASE][PASSED] - Test Cases/WIZARD/3Infraestructura/1Oficinas/5.1 Crear Oficina Bogota: Test Cases/WIZARD/3Infraestructura/1Oficinas/5.1 Crear Oficina Bogota

2024-01-15 09:43:34 - [TEST_STEP][PASSED] - callTestCase(findTestCase("0InicioSesion"), [:], STOP_ON_FAILURE): Call Test Case 'Test Cases/0InicioSesion' successfully

2024-01-15 09:43:34 - [TEST_CASE][PASSED] - Test Cases/0InicioSesion: Test Cases/0InicioSesion

2024-01-15 09:43:34 - [TEST_STEP][PASSED] - openBrowser(UrlDigiturno): Browser is opened with url: 'https://PCPruebas101.ciel.cielingenieria.com:8610'

2024-01-15 09:43:35 - [MESSAGE][INFO] - Starting 'Chrome' driver

2024-01-15 09:43:35 - [MESSAGE][INFO] - User set preference: ['args', '[--use-fake-ui-for-media-stream, --disable-notifications]']

2024-01-15 09:43:35 - [MESSAGE][INFO] - Action delay is set to 0 milliseconds

2024-01-15 09:43:37 - [MESSAGE][PASSED] - Browser is opened with url: 'https://PCPruebas101.ciel.cielingenieria.com:8610'

2024-01-15 09:43:37 - [TEST_STEP][PASSED] - maximizeWindow(): Current window maximized

2024-01-15 09:43:37 - [MESSAGE][PASSED] - Current window maximized

2024-01-15 09:43:37 - [TEST_STEP][PASSED] - delay(3): Delayed 3 second(s)

2024-01-15 09:43:40 - [MESSAGE][PASSED] - Delayed 3 second(s)

2024-01-15 09:43:40 - [TEST_STEP][PASSED] - setText(findTestObject("0Inicio Sesion/input_Usuario"), "Ciel"): Text 'Ciel' is set on object 'Object Repository/0Inicio Sesion/input_Usuario'

2024-01-15 09:43:41 - [MESSAGE][PASSED] - Text 'Ciel' is set on object 'Object Repository/0Inicio Sesion/input_Usuario'

2024-01-15 09:43:41 - [TEST_STEP][PASSED] - setText(findTestObject("0Inicio Sesion/input_Clave"), "digiturno"): Text 'digiturno' is set on object 'Object Repository/0Inicio Sesion/input_Clave'

2024-01-15 09:43:42 - [MESSAGE][PASSED] - Text 'digiturno' is set on object 'Object Repository/0Inicio Sesion/input_Clave'

2024-01-15 09:43:42 - [TEST_STEP][PASSED] - click(findTestObject("0Inicio Sesion/btn_IniciarSesion")): Object: 'Object Repository/0Inicio Sesion/btn_IniciarSesion' is clicked on

2024-01-15 09:43:42 - [MESSAGE][PASSED] - Object: 'Object Repository/0Inicio Sesion/btn_IniciarSesion' is clicked on

2024-01-15 09:43:42 - [TEST_STEP][PASSED] - delay(3): Delayed 3 second(s)

2024-01-15 09:43:45 - [MESSAGE][PASSED] - Delayed 3 second(s)

2024-01-15 09:43:45 - [MESSAGE][PASSED] - Call Test Case 'Test Cases/0InicioSesion' successfully

2024-01-15 09:43:45 - [TEST_STEP][PASSED] - click(findTestObject("WIZARD/0Principal/img_InfraestructuraMAX")): Object: 'Object Repository/WIZARD/0Principal/img_InfraestructuraMAX' is clicked on

2024-01-15 09:44:13 - [MESSAGE][PASSED] - Object: 'Object Repository/WIZARD/0Principal/img_InfraestructuraMAX' is clicked on

2024-01-15 09:44:13 - [TEST_STEP][PASSED] - delay(3): Delayed 3 second(s)

2024-01-15 09:44:16 - [MESSAGE][PASSED] - Delayed 3 second(s)

2024-01-15 09:44:16 - [TEST_STEP][PASSED] - click(findTestObject("WIZARD/3Infraestructura/0Menu/span_Oficinas")): Object: 'Object Repository/WIZARD/3Infraestructura/0Menu/span_Oficinas' is clicked on

2024-01-15 09:44:18 - [MESSAGE][PASSED] - Object: 'Object Repository/WIZARD/3Infraestructura/0Menu/span_Oficinas' is clicked on

2024-01-15 09:44:18 - [TEST_STEP][PASSED] - delay(3): Delayed 3 second(s)

2024-01-15 09:44:21 - [MESSAGE][PASSED] - Delayed 3 second(s)

2024-01-15 09:44:21 - [TEST_STEP][PASSED] - selectOptionByLabel(findTestObject("WIZARD/3Infraestructura/1Oficinas/2Edicion/Edicion/select_Pais"), "Colombia", false): All options with label 'Colombia' are selected in object 'Object Repository/WIZARD/3Infraestructura/1Oficinas/2Edicion/Edicion/select_Pais' 

2024-01-15 09:44:21 - [MESSAGE][PASSED] - All options with label 'Colombia' are selected in object 'Object Repository/WIZARD/3Infraestructura/1Oficinas/2Edicion/Edicion/select_Pais' 

2024-01-15 09:44:21 - [TEST_STEP][PASSED] - delay(2): Delayed 2 second(s)

2024-01-15 09:44:23 - [MESSAGE][PASSED] - Delayed 2 second(s)

2024-01-15 09:44:23 - [TEST_STEP][PASSED] - selectOptionByLabel(findTestObject("WIZARD/3Infraestructura/1Oficinas/2Edicion/Edicion/select_Departamento"), "Cundinamarca", false): All options with label 'Cundinamarca' are selected in object 'Object Repository/WIZARD/3Infraestructura/1Oficinas/2Edicion/Edicion/select_Departamento' 

2024-01-15 09:44:24 - [MESSAGE][PASSED] - All options with label 'Cundinamarca' are selected in object 'Object Repository/WIZARD/3Infraestructura/1Oficinas/2Edicion/Edicion/select_Departamento' 

2024-01-15 09:44:24 - [TEST_STEP][PASSED] - delay(2): Delayed 2 second(s)

2024-01-15 09:44:26 - [MESSAGE][PASSED] - Delayed 2 second(s)

2024-01-15 09:44:26 - [TEST_STEP][PASSED] - selectOptionByLabel(findTestObject("WIZARD/3Infraestructura/1Oficinas/2Edicion/Edicion/select_Ciudad"), "Bogota", false): All options with label 'Bogota' are selected in object 'Object Repository/WIZARD/3Infraestructura/1Oficinas/2Edicion/Edicion/select_Ciudad' 

2024-01-15 09:44:27 - [MESSAGE][PASSED] - All options with label 'Bogota' are selected in object 'Object Repository/WIZARD/3Infraestructura/1Oficinas/2Edicion/Edicion/select_Ciudad' 

2024-01-15 09:44:27 - [TEST_STEP][PASSED] - delay(2): Delayed 2 second(s)

2024-01-15 09:44:29 - [MESSAGE][PASSED] - Delayed 2 second(s)

2024-01-15 09:44:29 - [TEST_STEP][PASSED] - setText(findTestObject("WIZARD/3Infraestructura/1Oficinas/2Edicion/Edicion/input_Nombre"), "Bogota - CIEL"): Text 'Bogota - CIEL' is set on object 'Object Repository/WIZARD/3Infraestructura/1Oficinas/2Edicion/Edicion/input_Nombre'

2024-01-15 09:44:30 - [MESSAGE][PASSED] - Text 'Bogota - CIEL' is set on object 'Object Repository/WIZARD/3Infraestructura/1Oficinas/2Edicion/Edicion/input_Nombre'

2024-01-15 09:44:30 - [TEST_STEP][PASSED] - selectOptionByLabel(findTestObject("WIZARD/3Infraestructura/1Oficinas/2Edicion/Edicion/select_Nivel de Pregunta"), "Ninguno", false): All options with label 'Ninguno' are selected in object 'Object Repository/WIZARD/3Infraestructura/1Oficinas/2Edicion/Edicion/select_Nivel de Pregunta' 

2024-01-15 09:44:30 - [MESSAGE][PASSED] - All options with label 'Ninguno' are selected in object 'Object Repository/WIZARD/3Infraestructura/1Oficinas/2Edicion/Edicion/select_Nivel de Pregunta' 

2024-01-15 09:44:30 - [TEST_STEP][PASSED] - delay(3): Delayed 3 second(s)

2024-01-15 09:44:33 - [MESSAGE][PASSED] - Delayed 3 second(s)

2024-01-15 09:44:33 - [TEST_STEP][PASSED] - setText(findTestObject("WIZARD/3Infraestructura/1Oficinas/2Edicion/Edicion/input_MaximoTurnosXCliente"), "2"): Text '2' is set on object 'Object Repository/WIZARD/3Infraestructura/1Oficinas/2Edicion/Edicion/input_MaximoTurnosXCliente'

2024-01-15 09:44:34 - [MESSAGE][PASSED] - Text '2' is set on object 'Object Repository/WIZARD/3Infraestructura/1Oficinas/2Edicion/Edicion/input_MaximoTurnosXCliente'

2024-01-15 09:44:34 - [TEST_STEP][PASSED] - setText(findTestObject("WIZARD/3Infraestructura/1Oficinas/2Edicion/Edicion/input_Nivel de servicio de espera"), "0"): Text '0' is set on object 'Object Repository/WIZARD/3Infraestructura/1Oficinas/2Edicion/Edicion/input_Nivel de servicio de espera'

2024-01-15 09:44:35 - [MESSAGE][PASSED] - Text '0' is set on object 'Object Repository/WIZARD/3Infraestructura/1Oficinas/2Edicion/Edicion/input_Nivel de servicio de espera'

2024-01-15 09:44:35 - [TEST_STEP][PASSED] - scrollToPosition(100, 800): Browser is scrolled to position x = 100, y = 800

2024-01-15 09:44:35 - [MESSAGE][PASSED] - Browser is scrolled to position x = 100, y = 800

2024-01-15 09:44:35 - [TEST_STEP][PASSED] - delay(3): Delayed 3 second(s)

2024-01-15 09:44:38 - [MESSAGE][PASSED] - Delayed 3 second(s)

2024-01-15 09:44:38 - [TEST_STEP][PASSED] - setText(findTestObject("WIZARD/3Infraestructura/1Oficinas/2Edicion/App/input_Nombre a mostrar"), "Bogotá - CIEL"): Text 'Bogotá - CIEL' is set on object 'Object Repository/WIZARD/3Infraestructura/1Oficinas/2Edicion/App/input_Nombre a mostrar'

2024-01-15 09:44:39 - [MESSAGE][PASSED] - Text 'Bogotá - CIEL' is set on object 'Object Repository/WIZARD/3Infraestructura/1Oficinas/2Edicion/App/input_Nombre a mostrar'

2024-01-15 09:44:39 - [TEST_STEP][PASSED] - setText(findTestObject("WIZARD/3Infraestructura/1Oficinas/2Edicion/App/input_Direccion"), "Calle 36 No 24-38"): Text 'Calle 36 No 24-38' is set on object 'Object Repository/WIZARD/3Infraestructura/1Oficinas/2Edicion/App/input_Direccion'

2024-01-15 09:44:40 - [MESSAGE][PASSED] - Text 'Calle 36 No 24-38' is set on object 'Object Repository/WIZARD/3Infraestructura/1Oficinas/2Edicion/App/input_Direccion'

2024-01-15 09:44:40 - [TEST_STEP][PASSED] - setText(findTestObject("WIZARD/3Infraestructura/1Oficinas/2Edicion/App/input_Numero de telefono"), "3279000"): Text '3279000' is set on object 'Object Repository/WIZARD/3Infraestructura/1Oficinas/2Edicion/App/input_Numero de telefono'

2024-01-15 09:44:40 - [MESSAGE][PASSED] - Text '3279000' is set on object 'Object Repository/WIZARD/3Infraestructura/1Oficinas/2Edicion/App/input_Numero de telefono'

2024-01-15 09:44:40 - [TEST_STEP][PASSED] - setText(findTestObject("WIZARD/3Infraestructura/1Oficinas/2Edicion/App/input_Distancia minima creacion turnos (m)"), "100"): Text '100' is set on object 'Object Repository/WIZARD/3Infraestructura/1Oficinas/2Edicion/App/input_Distancia minima creacion turnos (m)'

2024-01-15 09:44:41 - [MESSAGE][PASSED] - Text '100' is set on object 'Object Repository/WIZARD/3Infraestructura/1Oficinas/2Edicion/App/input_Distancia minima creacion turnos (m)'

2024-01-15 09:44:41 - [TEST_STEP][PASSED] - setText(findTestObject("WIZARD/3Infraestructura/1Oficinas/2Edicion/App/input_Cantidad de turnos para prellamado"), "2"): Text '2' is set on object 'Object Repository/WIZARD/3Infraestructura/1Oficinas/2Edicion/App/input_Cantidad de turnos para prellamado'

2024-01-15 09:44:42 - [MESSAGE][PASSED] - Text '2' is set on object 'Object Repository/WIZARD/3Infraestructura/1Oficinas/2Edicion/App/input_Cantidad de turnos para prellamado'

2024-01-15 09:44:42 - [TEST_STEP][PASSED] - delay(3): Delayed 3 second(s)

2024-01-15 09:44:45 - [MESSAGE][PASSED] - Delayed 3 second(s)

2024-01-15 09:44:45 - [TEST_STEP][PASSED] - setText(findTestObject("WIZARD/3Infraestructura/1Oficinas/2Edicion/App/input_Longitud"), "0.0000000000"): Text '0.0000000000' is set on object 'Object Repository/WIZARD/3Infraestructura/1Oficinas/2Edicion/App/input_Longitud'

2024-01-15 09:44:46 - [MESSAGE][PASSED] - Text '0.0000000000' is set on object 'Object Repository/WIZARD/3Infraestructura/1Oficinas/2Edicion/App/input_Longitud'

2024-01-15 09:44:46 - [TEST_STEP][PASSED] - setText(findTestObject("WIZARD/3Infraestructura/1Oficinas/2Edicion/App/input_Latitud"), "0.0000000000"): Text '0.0000000000' is set on object 'Object Repository/WIZARD/3Infraestructura/1Oficinas/2Edicion/App/input_Latitud'

2024-01-15 09:44:47 - [MESSAGE][PASSED] - Text '0.0000000000' is set on object 'Object Repository/WIZARD/3Infraestructura/1Oficinas/2Edicion/App/input_Latitud'

2024-01-15 09:44:47 - [TEST_STEP][PASSED] - delay(3): Delayed 3 second(s)

2024-01-15 09:44:50 - [MESSAGE][PASSED] - Delayed 3 second(s)

2024-01-15 09:44:50 - [TEST_STEP][PASSED] - scrollToPosition(0, 0): Browser is scrolled to position x = 0, y = 0

2024-01-15 09:44:50 - [MESSAGE][PASSED] - Browser is scrolled to position x = 0, y = 0

2024-01-15 09:44:50 - [TEST_STEP][PASSED] - delay(2): Delayed 2 second(s)

2024-01-15 09:44:52 - [MESSAGE][PASSED] - Delayed 2 second(s)

2024-01-15 09:44:52 - [TEST_STEP][PASSED] - click(findTestObject("WIZARD/3Infraestructura/1Oficinas/2Edicion/Edicion/img_Nuevo")): Object: 'Object Repository/WIZARD/3Infraestructura/1Oficinas/2Edicion/Edicion/img_Nuevo' is clicked on

2024-01-15 09:44:52 - [MESSAGE][PASSED] - Object: 'Object Repository/WIZARD/3Infraestructura/1Oficinas/2Edicion/Edicion/img_Nuevo' is clicked on

2024-01-15 09:44:52 - [TEST_STEP][PASSED] - delay(3): Delayed 3 second(s)

2024-01-15 09:44:55 - [MESSAGE][PASSED] - Delayed 3 second(s)

2024-01-15 09:44:55 - [TEST_STEP][PASSED] - takeFullPageScreenshot(): Taking screenshot successfully

2024-01-15 09:44:56 - [MESSAGE][INFO] - 0 hidden object(s)

2024-01-15 09:44:56 - [MESSAGE][PASSED] - Taking screenshot successfully
[[ATTACHMENT|C:\\CIEL INGENIERIA\\Katalon\\Digiturno55\\Reports\\20240115_094157\\WIZARD\\3Infraestructura\\1Oficinas\\5.1 Crear Oficina Bogota\\20240115_094159\\1705329895819.png]]

2024-01-15 09:44:56 - [TEST_STEP][PASSED] - delay(3): Delayed 3 second(s)

2024-01-15 09:44:59 - [MESSAGE][PASSED] - Delayed 3 second(s)

2024-01-15 09:44:59 - [TEST_STEP][PASSED] - Start listener action : sampleAfterTestCase: null]]></system-out>
         <system-err><![CDATA[]]></system-err>
      </testcase>
      <system-out><![CDATA[2024-01-15 09:43:33 - [TEST_SUITE][PASSED] - 5.1 Crear Oficina Bogota: Test Cases/WIZARD/3Infraestructura/1Oficinas/5.1 Crear Oficina Bogota]]></system-out>
      <system-err><![CDATA[]]></system-err>
   </testsuite>
</testsuites>
