<?xml version="1.0" encoding="UTF-8"?>
<testsuites name="40 Jerarquia y Colas" time="45.913" tests="1" failures="0" errors="0">
   <testsuite name="40 Jerarquia y Colas" tests="1" failures="0" errors="0" time="45.913" skipped="0" timestamp="2024-04-08 09:41:41" hostname="jdavila - PCPruebas101.ciel.cielingenieria.com" id="Test Suites/DIGITURNO/BASICO/40 Jerarquia y Colas">
      <properties>
         <property name="deviceName" value=""/>
         <property name="devicePlatform" value=""/>
         <property name="logFolder" value="C:\\CIEL INGENIERIA\\Katalon\\Digiturno55\\Reports\\20240408_090839\\DIGITURNO\\BASICO\\40 Jerarquia y Colas\\20240408_090926"/>
         <property name="logFiles" value="C:\\CIEL INGENIERIA\\Katalon\\Digiturno55\\Reports\\20240408_090839\\DIGITURNO\\BASICO\\40 Jerarquia y Colas\\20240408_090926\\execution0.log"/>
         <property name="attachments" value="C:\\CIEL INGENIERIA\\Katalon\\Digiturno55\\Reports\\20240408_090839\\DIGITURNO\\BASICO\\40 Jerarquia y Colas\\20240408_090926\\1712587317041.png, C:\\CIEL INGENIERIA\\Katalon\\Digiturno55\\Reports\\20240408_090839\\DIGITURNO\\BASICO\\40 Jerarquia y Colas\\20240408_090926\\1712587324367.png, C:\\CIEL INGENIERIA\\Katalon\\Digiturno55\\Reports\\20240408_090839\\DIGITURNO\\BASICO\\40 Jerarquia y Colas\\20240408_090926\\1712587343023.png"/>
         <property name="hostName" value="jdavila - PCPruebas101.ciel.cielingenieria.com"/>
         <property name="os" value="Windows 10 64bit"/>
         <property name="katalonVersion" value="8.6.9.208"/>
         <property name="browser" value="Chrome 123.0.0.0"/>
         <property name="hostAddress" value="192.168.0.6"/>
         <property name="sessionId" value="23cb93d0865fd8c20611a38fd8a22eba"/>
         <property name="seleniumVersion" value="3.141.59"/>
         <property name="proxyInformation" value="ProxyInformation { proxyOption=NO_PROXY, proxyServerType=HTTP, username=, password=********, proxyServerAddress=, proxyServerPort=0, executionList=&quot;&quot;, isApplyToDesiredCapabilities=true }"/>
         <property name="platform" value="Windows 10"/>
      </properties>
      <testcase name="Test Cases/DIGITURNO/BASICO/40 Jerarquia y Colas" time="45.662" classname="Test Cases/DIGITURNO/BASICO/40 Jerarquia y Colas" status="PASSED">
         <system-out><![CDATA[2024-04-08 09:41:41 - [TEST_CASE][PASSED] - Test Cases/DIGITURNO/BASICO/40 Jerarquia y Colas: Test Cases/DIGITURNO/BASICO/40 Jerarquia y Colas

2024-04-08 09:41:41 - [TEST_STEP][PASSED] - callTestCase(findTestCase("DIGITURNO/BASICO/39 Modelo de atencion"), [:], STOP_ON_FAILURE): Call Test Case 'Test Cases/DIGITURNO/BASICO/39 Modelo de atencion' successfully

2024-04-08 09:41:41 - [TEST_CASE][PASSED] - Test Cases/DIGITURNO/BASICO/39 Modelo de atencion: Test Cases/DIGITURNO/BASICO/39 Modelo de atencion

2024-04-08 09:41:41 - [TEST_STEP][PASSED] - callTestCase(findTestCase("DIGITURNO/BASICO/3 Configuracion"), [:], STOP_ON_FAILURE): Call Test Case 'Test Cases/DIGITURNO/BASICO/3 Configuracion' successfully

2024-04-08 09:41:42 - [TEST_CASE][PASSED] - Test Cases/DIGITURNO/BASICO/3 Configuracion: Test Cases/DIGITURNO/BASICO/3 Configuracion

2024-04-08 09:41:42 - [TEST_STEP][PASSED] - callTestCase(findTestCase("0InicioSesion"), [:], STOP_ON_FAILURE): Call Test Case 'Test Cases/0InicioSesion' successfully

2024-04-08 09:41:42 - [TEST_CASE][PASSED] - Test Cases/0InicioSesion: Test Cases/0InicioSesion

2024-04-08 09:41:42 - [TEST_STEP][PASSED] - openBrowser(UrlDigiturno): Browser is opened with url: 'https://PCPruebas101.ciel.cielingenieria.com:8910'

2024-04-08 09:41:43 - [MESSAGE][INFO] - Starting 'Chrome' driver

2024-04-08 09:41:43 - [MESSAGE][INFO] - User set preference: ['args', '[--use-fake-ui-for-media-stream, --disable-notifications]']

2024-04-08 09:41:43 - [MESSAGE][INFO] - Action delay is set to 0 milliseconds

2024-04-08 09:41:45 - [MESSAGE][PASSED] - Browser is opened with url: 'https://PCPruebas101.ciel.cielingenieria.com:8910'

2024-04-08 09:41:45 - [TEST_STEP][PASSED] - maximizeWindow(): Current window maximized

2024-04-08 09:41:45 - [MESSAGE][PASSED] - Current window maximized

2024-04-08 09:41:45 - [TEST_STEP][PASSED] - delay(3): Delayed 3 second(s)

2024-04-08 09:41:48 - [MESSAGE][PASSED] - Delayed 3 second(s)

2024-04-08 09:41:48 - [TEST_STEP][PASSED] - setText(findTestObject("0Inicio Sesion/input_Usuario"), "Ciel"): Text 'Ciel' is set on object 'Object Repository/0Inicio Sesion/input_Usuario'

2024-04-08 09:41:49 - [MESSAGE][PASSED] - Text 'Ciel' is set on object 'Object Repository/0Inicio Sesion/input_Usuario'

2024-04-08 09:41:49 - [TEST_STEP][PASSED] - setText(findTestObject("0Inicio Sesion/input_Clave"), "digiturno"): Text 'digiturno' is set on object 'Object Repository/0Inicio Sesion/input_Clave'

2024-04-08 09:41:49 - [MESSAGE][PASSED] - Text 'digiturno' is set on object 'Object Repository/0Inicio Sesion/input_Clave'

2024-04-08 09:41:49 - [TEST_STEP][PASSED] - click(findTestObject("0Inicio Sesion/btn_IniciarSesion")): Object: 'Object Repository/0Inicio Sesion/btn_IniciarSesion' is clicked on

2024-04-08 09:41:50 - [MESSAGE][PASSED] - Object: 'Object Repository/0Inicio Sesion/btn_IniciarSesion' is clicked on

2024-04-08 09:41:50 - [TEST_STEP][PASSED] - delay(3): Delayed 3 second(s)

2024-04-08 09:41:53 - [MESSAGE][PASSED] - Delayed 3 second(s)

2024-04-08 09:41:53 - [MESSAGE][PASSED] - Call Test Case 'Test Cases/0InicioSesion' successfully

2024-04-08 09:41:53 - [TEST_STEP][PASSED] - click(findTestObject("DIGITURNO/1Principal/img_Configuracion(1)")): Object: 'Object Repository/DIGITURNO/1Principal/img_Configuracion(1)' is clicked on

2024-04-08 09:41:53 - [MESSAGE][PASSED] - Object: 'Object Repository/DIGITURNO/1Principal/img_Configuracion(1)' is clicked on

2024-04-08 09:41:53 - [TEST_STEP][PASSED] - delay(3): Delayed 3 second(s)

2024-04-08 09:41:57 - [MESSAGE][PASSED] - Delayed 3 second(s)

2024-04-08 09:41:57 - [TEST_STEP][PASSED] - takeFullPageScreenshot(): Taking screenshot successfully

2024-04-08 09:41:57 - [MESSAGE][INFO] - 0 hidden object(s)

2024-04-08 09:41:57 - [MESSAGE][PASSED] - Taking screenshot successfully
[[ATTACHMENT|C:\\CIEL INGENIERIA\\Katalon\\Digiturno55\\Reports\\20240408_090839\\DIGITURNO\\BASICO\\40 Jerarquia y Colas\\20240408_090926\\1712587317041.png]]

2024-04-08 09:41:57 - [TEST_STEP][PASSED] - delay(3): Delayed 3 second(s)

2024-04-08 09:42:00 - [MESSAGE][PASSED] - Delayed 3 second(s)

2024-04-08 09:42:00 - [MESSAGE][PASSED] - Call Test Case 'Test Cases/DIGITURNO/BASICO/3 Configuracion' successfully

2024-04-08 09:42:00 - [TEST_STEP][PASSED] - click(findTestObject("DIGITURNO/CONFIGURACION/0Principal/img_1Modelo de atencion")): Object: 'Object Repository/DIGITURNO/CONFIGURACION/0Principal/img_1Modelo de atencion' is clicked on

2024-04-08 09:42:01 - [MESSAGE][PASSED] - Object: 'Object Repository/DIGITURNO/CONFIGURACION/0Principal/img_1Modelo de atencion' is clicked on

2024-04-08 09:42:01 - [TEST_STEP][PASSED] - delay(3): Delayed 3 second(s)

2024-04-08 09:42:04 - [MESSAGE][PASSED] - Delayed 3 second(s)

2024-04-08 09:42:04 - [TEST_STEP][PASSED] - takeFullPageScreenshot(): Taking screenshot successfully

2024-04-08 09:42:04 - [MESSAGE][INFO] - 0 hidden object(s)

2024-04-08 09:42:04 - [MESSAGE][PASSED] - Taking screenshot successfully
[[ATTACHMENT|C:\\CIEL INGENIERIA\\Katalon\\Digiturno55\\Reports\\20240408_090839\\DIGITURNO\\BASICO\\40 Jerarquia y Colas\\20240408_090926\\1712587324367.png]]

2024-04-08 09:42:04 - [TEST_STEP][PASSED] - delay(3): Delayed 3 second(s)

2024-04-08 09:42:07 - [MESSAGE][PASSED] - Delayed 3 second(s)

2024-04-08 09:42:07 - [MESSAGE][PASSED] - Call Test Case 'Test Cases/DIGITURNO/BASICO/39 Modelo de atencion' successfully

2024-04-08 09:42:07 - [TEST_STEP][PASSED] - click(findTestObject("DIGITURNO/CONFIGURACION/1Modelo de Atencion/0Principal/img_1Jerarquia y colas")): Object: 'Object Repository/DIGITURNO/CONFIGURACION/1Modelo de Atencion/0Principal/img_1Jerarquia y colas' is clicked on

2024-04-08 09:42:08 - [MESSAGE][PASSED] - Object: 'Object Repository/DIGITURNO/CONFIGURACION/1Modelo de Atencion/0Principal/img_1Jerarquia y colas' is clicked on

2024-04-08 09:42:08 - [TEST_STEP][PASSED] - delay(3): Delayed 3 second(s)

2024-04-08 09:42:11 - [MESSAGE][PASSED] - Delayed 3 second(s)

2024-04-08 09:42:11 - [TEST_STEP][PASSED] - click(findTestObject("DIGITURNO/CONFIGURACION/1Modelo de Atencion/1Jerarquia y Colas/2Configuracion/1Nodos y elementos/1Niveles/option_1Area")): Object: 'Object Repository/DIGITURNO/CONFIGURACION/1Modelo de Atencion/1Jerarquia y Colas/2Configuracion/1Nodos y elementos/1Niveles/option_1Area' is clicked on

2024-04-08 09:42:12 - [MESSAGE][PASSED] - Object: 'Object Repository/DIGITURNO/CONFIGURACION/1Modelo de Atencion/1Jerarquia y Colas/2Configuracion/1Nodos y elementos/1Niveles/option_1Area' is clicked on

2024-04-08 09:42:12 - [TEST_STEP][PASSED] - delay(3): Delayed 3 second(s)

2024-04-08 09:42:15 - [MESSAGE][PASSED] - Delayed 3 second(s)

2024-04-08 09:42:15 - [TEST_STEP][PASSED] - click(findTestObject("DIGITURNO/CONFIGURACION/1Modelo de Atencion/1Jerarquia y Colas/2Configuracion/1Nodos y elementos/2Elementos/td_1General (G)")): Object: 'Object Repository/DIGITURNO/CONFIGURACION/1Modelo de Atencion/1Jerarquia y Colas/2Configuracion/1Nodos y elementos/2Elementos/td_1General (G)' is clicked on

2024-04-08 09:42:15 - [MESSAGE][PASSED] - Object: 'Object Repository/DIGITURNO/CONFIGURACION/1Modelo de Atencion/1Jerarquia y Colas/2Configuracion/1Nodos y elementos/2Elementos/td_1General (G)' is clicked on

2024-04-08 09:42:15 - [TEST_STEP][PASSED] - delay(3): Delayed 3 second(s)

2024-04-08 09:42:18 - [MESSAGE][PASSED] - Delayed 3 second(s)

2024-04-08 09:42:18 - [TEST_STEP][PASSED] - scrollToElement(findTestObject("DIGITURNO/CONFIGURACION/1Modelo de Atencion/1Jerarquia y Colas/2Configuracion/1Nodos y elementos/2Elementos/Edicion/img_Nuevo"), 0): Scroll to object 'Object Repository/DIGITURNO/CONFIGURACION/1Modelo de Atencion/1Jerarquia y Colas/2Configuracion/1Nodos y elementos/2Elementos/Edicion/img_Nuevo' successfully

2024-04-08 09:42:18 - [MESSAGE][WARNING] - Timeout '0' is invalid. Using default page load timeout: '30'

2024-04-08 09:42:19 - [MESSAGE][PASSED] - Scroll to object 'Object Repository/DIGITURNO/CONFIGURACION/1Modelo de Atencion/1Jerarquia y Colas/2Configuracion/1Nodos y elementos/2Elementos/Edicion/img_Nuevo' successfully

2024-04-08 09:42:19 - [TEST_STEP][PASSED] - click(findTestObject("DIGITURNO/CONFIGURACION/1Modelo de Atencion/1Jerarquia y Colas/2Configuracion/1Nodos y elementos/3Nodos/img_Nuevo")): Object: 'Object Repository/DIGITURNO/CONFIGURACION/1Modelo de Atencion/1Jerarquia y Colas/2Configuracion/1Nodos y elementos/3Nodos/img_Nuevo' is clicked on

2024-04-08 09:42:20 - [MESSAGE][PASSED] - Object: 'Object Repository/DIGITURNO/CONFIGURACION/1Modelo de Atencion/1Jerarquia y Colas/2Configuracion/1Nodos y elementos/3Nodos/img_Nuevo' is clicked on

2024-04-08 09:42:20 - [TEST_STEP][PASSED] - delay(3): Delayed 3 second(s)

2024-04-08 09:42:23 - [MESSAGE][PASSED] - Delayed 3 second(s)

2024-04-08 09:42:23 - [TEST_STEP][PASSED] - takeFullPageScreenshot(): Taking screenshot successfully

2024-04-08 09:42:23 - [MESSAGE][INFO] - 0 hidden object(s)

2024-04-08 09:42:23 - [MESSAGE][PASSED] - Taking screenshot successfully
[[ATTACHMENT|C:\\CIEL INGENIERIA\\Katalon\\Digiturno55\\Reports\\20240408_090839\\DIGITURNO\\BASICO\\40 Jerarquia y Colas\\20240408_090926\\1712587343023.png]]

2024-04-08 09:42:23 - [TEST_STEP][PASSED] - delay(3): Delayed 3 second(s)

2024-04-08 09:42:26 - [MESSAGE][PASSED] - Delayed 3 second(s)

2024-04-08 09:42:26 - [TEST_STEP][PASSED] - Start listener action : sampleAfterTestCase: null]]></system-out>
         <system-err><![CDATA[]]></system-err>
      </testcase>
      <system-out><![CDATA[2024-04-08 09:41:41 - [TEST_SUITE][PASSED] - 40 Jerarquia y Colas: Test Cases/DIGITURNO/BASICO/40 Jerarquia y Colas]]></system-out>
      <system-err><![CDATA[]]></system-err>
   </testsuite>
</testsuites>
