<?xml version="1.0" encoding="UTF-8"?>
<testsuites name="24 Salas Crear Eliminar" time="108.399" tests="2" failures="0" errors="0">
   <testsuite name="24 Salas Crear Eliminar" tests="2" failures="0" errors="0" time="108.399" skipped="0" timestamp="2023-07-11 11:50:54" hostname="jdavila - PCPruebas101.ciel.cielingenieria.com" id="Test Suites/DIGITURNO/BASICO/24 Salas Crear Eliminar">
      <properties>
         <property name="deviceName" value=""/>
         <property name="devicePlatform" value=""/>
         <property name="logFolder" value="C:\\CIEL INGENIERIA\\Katalon\\Digiturno55\\Reports\\20230711_113602\\DIGITURNO\\BASICO\\24 Salas Crear Eliminar\\20230711_113621"/>
         <property name="logFiles" value="C:\\CIEL INGENIERIA\\Katalon\\Digiturno55\\Reports\\20230711_113602\\DIGITURNO\\BASICO\\24 Salas Crear Eliminar\\20230711_113621\\execution0.log"/>
         <property name="attachments" value="C:\\CIEL INGENIERIA\\Katalon\\Digiturno55\\Reports\\20230711_113602\\DIGITURNO\\BASICO\\24 Salas Crear Eliminar\\20230711_113621\\1689094273531.png, C:\\CIEL INGENIERIA\\Katalon\\Digiturno55\\Reports\\20230711_113602\\DIGITURNO\\BASICO\\24 Salas Crear Eliminar\\20230711_113621\\1689094320408.png, C:\\CIEL INGENIERIA\\Katalon\\Digiturno55\\Reports\\20230711_113602\\DIGITURNO\\BASICO\\24 Salas Crear Eliminar\\20230711_113621\\1689094342248.png, C:\\CIEL INGENIERIA\\Katalon\\Digiturno55\\Reports\\20230711_113602\\DIGITURNO\\BASICO\\24 Salas Crear Eliminar\\20230711_113621\\1689094358502.png"/>
         <property name="hostName" value="jdavila - PCPruebas101.ciel.cielingenieria.com"/>
         <property name="os" value="Windows 10 64bit"/>
         <property name="katalonVersion" value="8.6.0.208"/>
         <property name="browser" value="Chrome 114.0.0.0"/>
         <property name="hostAddress" value="192.168.0.33"/>
         <property name="sessionId" value="1198166199c9af0f716b14a091439a7e"/>
         <property name="seleniumVersion" value="3.141.59"/>
         <property name="proxyInformation" value="ProxyInformation { proxyOption=NO_PROXY, proxyServerType=HTTP, username=, password=********, proxyServerAddress=, proxyServerPort=0, executionList=&quot;&quot;, isApplyToDesiredCapabilities=true }"/>
         <property name="platform" value="Windows 10"/>
      </properties>
      <testcase name="Test Cases/DIGITURNO/BASICO/24 Salas Crear" time="70.0" classname="Test Cases/DIGITURNO/BASICO/24 Salas Crear" status="PASSED">
         <system-out><![CDATA[2023-07-11 11:50:54 - [TEST_CASE][PASSED] - Test Cases/DIGITURNO/BASICO/24 Salas Crear: Test Cases/DIGITURNO/BASICO/24 Salas Crear

2023-07-11 11:50:54 - [TEST_STEP][PASSED] - callTestCase(findTestCase("DIGITURNO/BASICO/21 Distribucion Geografica"), [:], STOP_ON_FAILURE): Call Test Case 'Test Cases/DIGITURNO/BASICO/21 Distribucion Geografica' successfully

2023-07-11 11:50:54 - [TEST_CASE][PASSED] - Test Cases/DIGITURNO/BASICO/21 Distribucion Geografica: Test Cases/DIGITURNO/BASICO/21 Distribucion Geografica

2023-07-11 11:50:55 - [TEST_STEP][PASSED] - callTestCase(findTestCase("0InicioSesion"), [:], STOP_ON_FAILURE): Call Test Case 'Test Cases/0InicioSesion' successfully

2023-07-11 11:50:55 - [TEST_CASE][PASSED] - Test Cases/0InicioSesion: Test Cases/0InicioSesion

2023-07-11 11:50:55 - [TEST_STEP][PASSED] - openBrowser(UrlDigiturno): Browser is opened with url: 'https://PCPruebas101.ciel.cielingenieria.com:8810'

2023-07-11 11:50:55 - [MESSAGE][INFO] - Starting 'Chrome' driver

2023-07-11 11:50:55 - [MESSAGE][INFO] - User set preference: ['args', '[--use-fake-ui-for-media-stream, --disable-notifications]']

2023-07-11 11:50:55 - [MESSAGE][INFO] - Action delay is set to 0 milliseconds

2023-07-11 11:50:58 - [MESSAGE][PASSED] - Browser is opened with url: 'https://PCPruebas101.ciel.cielingenieria.com:8810'

2023-07-11 11:50:58 - [TEST_STEP][PASSED] - maximizeWindow(): Current window maximized

2023-07-11 11:50:58 - [MESSAGE][PASSED] - Current window maximized

2023-07-11 11:50:58 - [TEST_STEP][PASSED] - delay(3): Delayed 3 second(s)

2023-07-11 11:51:01 - [MESSAGE][PASSED] - Delayed 3 second(s)

2023-07-11 11:51:01 - [TEST_STEP][PASSED] - setText(findTestObject("0Inicio Sesion/input_Usuario"), "Ciel"): Text 'Ciel' is set on object 'Object Repository/0Inicio Sesion/input_Usuario'

2023-07-11 11:51:02 - [MESSAGE][PASSED] - Text 'Ciel' is set on object 'Object Repository/0Inicio Sesion/input_Usuario'

2023-07-11 11:51:02 - [TEST_STEP][PASSED] - setText(findTestObject("0Inicio Sesion/input_Clave"), "digiturno"): Text 'digiturno' is set on object 'Object Repository/0Inicio Sesion/input_Clave'

2023-07-11 11:51:02 - [MESSAGE][PASSED] - Text 'digiturno' is set on object 'Object Repository/0Inicio Sesion/input_Clave'

2023-07-11 11:51:02 - [TEST_STEP][PASSED] - click(findTestObject("0Inicio Sesion/btn_IniciarSesion")): Object: 'Object Repository/0Inicio Sesion/btn_IniciarSesion' is clicked on

2023-07-11 11:51:03 - [MESSAGE][PASSED] - Object: 'Object Repository/0Inicio Sesion/btn_IniciarSesion' is clicked on

2023-07-11 11:51:03 - [TEST_STEP][PASSED] - delay(3): Delayed 3 second(s)

2023-07-11 11:51:06 - [MESSAGE][PASSED] - Delayed 3 second(s)

2023-07-11 11:51:06 - [MESSAGE][PASSED] - Call Test Case 'Test Cases/0InicioSesion' successfully

2023-07-11 11:51:06 - [TEST_STEP][PASSED] - click(findTestObject("DIGITURNO/1Principal/img_Configuracion(1)")): Object: 'Object Repository/DIGITURNO/1Principal/img_Configuracion(1)' is clicked on

2023-07-11 11:51:06 - [MESSAGE][PASSED] - Object: 'Object Repository/DIGITURNO/1Principal/img_Configuracion(1)' is clicked on

2023-07-11 11:51:06 - [TEST_STEP][PASSED] - delay(3): Delayed 3 second(s)

2023-07-11 11:51:09 - [MESSAGE][PASSED] - Delayed 3 second(s)

2023-07-11 11:51:09 - [TEST_STEP][PASSED] - click(findTestObject("DIGITURNO/CONFIGURACION/0Principal/img_2Distribucion Geografica")): Object: 'Object Repository/DIGITURNO/CONFIGURACION/0Principal/img_2Distribucion Geografica' is clicked on

2023-07-11 11:51:10 - [MESSAGE][PASSED] - Object: 'Object Repository/DIGITURNO/CONFIGURACION/0Principal/img_2Distribucion Geografica' is clicked on

2023-07-11 11:51:10 - [TEST_STEP][PASSED] - delay(3): Delayed 3 second(s)

2023-07-11 11:51:13 - [MESSAGE][PASSED] - Delayed 3 second(s)

2023-07-11 11:51:13 - [TEST_STEP][PASSED] - takeFullPageScreenshot(): Taking screenshot successfully

2023-07-11 11:51:13 - [MESSAGE][INFO] - 0 hidden object(s)

2023-07-11 11:51:14 - [MESSAGE][PASSED] - Taking screenshot successfully
[[ATTACHMENT|C:\\CIEL INGENIERIA\\Katalon\\Digiturno55\\Reports\\20230711_113602\\DIGITURNO\\BASICO\\24 Salas Crear Eliminar\\20230711_113621\\1689094273531.png]]

2023-07-11 11:51:14 - [TEST_STEP][PASSED] - delay(3): Delayed 3 second(s)

2023-07-11 11:51:17 - [MESSAGE][PASSED] - Delayed 3 second(s)

2023-07-11 11:51:17 - [MESSAGE][PASSED] - Call Test Case 'Test Cases/DIGITURNO/BASICO/21 Distribucion Geografica' successfully

2023-07-11 11:51:17 - [TEST_STEP][PASSED] - click(findTestObject("DIGITURNO/CONFIGURACION/2Distribucion Geografica/0Principal/img_3Salas")): Object: 'Object Repository/DIGITURNO/CONFIGURACION/2Distribucion Geografica/0Principal/img_3Salas' is clicked on

2023-07-11 11:51:19 - [MESSAGE][PASSED] - Object: 'Object Repository/DIGITURNO/CONFIGURACION/2Distribucion Geografica/0Principal/img_3Salas' is clicked on

2023-07-11 11:51:19 - [TEST_STEP][PASSED] - delay(2): Delayed 2 second(s)

2023-07-11 11:51:21 - [MESSAGE][PASSED] - Delayed 2 second(s)

2023-07-11 11:51:21 - [TEST_STEP][PASSED] - click(findTestObject("DIGITURNO/CONFIGURACION/2Distribucion Geografica/3Salas/0Modal Inicial Oficinas/td_1Bogota - CIEL")): Object: 'Object Repository/DIGITURNO/CONFIGURACION/2Distribucion Geografica/3Salas/0Modal Inicial Oficinas/td_1Bogota - CIEL' is clicked on

2023-07-11 11:51:21 - [MESSAGE][PASSED] - Object: 'Object Repository/DIGITURNO/CONFIGURACION/2Distribucion Geografica/3Salas/0Modal Inicial Oficinas/td_1Bogota - CIEL' is clicked on

2023-07-11 11:51:21 - [TEST_STEP][PASSED] - delay(3): Delayed 3 second(s)

2023-07-11 11:51:24 - [MESSAGE][PASSED] - Delayed 3 second(s)

2023-07-11 11:51:24 - [TEST_STEP][PASSED] - click(findTestObject("DIGITURNO/CONFIGURACION/2Distribucion Geografica/3Salas/Edicion/btn_SeleccionarOficina")): Object: 'Object Repository/DIGITURNO/CONFIGURACION/2Distribucion Geografica/3Salas/Edicion/btn_SeleccionarOficina' is clicked on

2023-07-11 11:51:25 - [MESSAGE][PASSED] - Object: 'Object Repository/DIGITURNO/CONFIGURACION/2Distribucion Geografica/3Salas/Edicion/btn_SeleccionarOficina' is clicked on

2023-07-11 11:51:25 - [TEST_STEP][PASSED] - delay(3): Delayed 3 second(s)

2023-07-11 11:51:28 - [MESSAGE][PASSED] - Delayed 3 second(s)

2023-07-11 11:51:28 - [TEST_STEP][PASSED] - click(findTestObject("DIGITURNO/CONFIGURACION/2Distribucion Geografica/3Salas/Edicion/btn_SeleccionarOficina(1)/a_Bogota - CIEL")): Object: 'Object Repository/DIGITURNO/CONFIGURACION/2Distribucion Geografica/3Salas/Edicion/btn_SeleccionarOficina(1)/a_Bogota - CIEL' is clicked on

2023-07-11 11:51:28 - [MESSAGE][PASSED] - Object: 'Object Repository/DIGITURNO/CONFIGURACION/2Distribucion Geografica/3Salas/Edicion/btn_SeleccionarOficina(1)/a_Bogota - CIEL' is clicked on

2023-07-11 11:51:28 - [TEST_STEP][PASSED] - delay(3): Delayed 3 second(s)

2023-07-11 11:51:31 - [MESSAGE][PASSED] - Delayed 3 second(s)

2023-07-11 11:51:31 - [TEST_STEP][PASSED] - setText(findTestObject("DIGITURNO/CONFIGURACION/2Distribucion Geografica/3Salas/Edicion/input_Nombre"), "Prueba"): Text 'Prueba' is set on object 'Object Repository/DIGITURNO/CONFIGURACION/2Distribucion Geografica/3Salas/Edicion/input_Nombre'

2023-07-11 11:51:32 - [MESSAGE][PASSED] - Text 'Prueba' is set on object 'Object Repository/DIGITURNO/CONFIGURACION/2Distribucion Geografica/3Salas/Edicion/input_Nombre'

2023-07-11 11:51:32 - [TEST_STEP][PASSED] - setText(findTestObject("DIGITURNO/CONFIGURACION/2Distribucion Geografica/3Salas/Edicion/textarea_Descripcion"), "Prueba"): Text 'Prueba' is set on object 'Object Repository/DIGITURNO/CONFIGURACION/2Distribucion Geografica/3Salas/Edicion/textarea_Descripcion'

2023-07-11 11:51:33 - [MESSAGE][PASSED] - Text 'Prueba' is set on object 'Object Repository/DIGITURNO/CONFIGURACION/2Distribucion Geografica/3Salas/Edicion/textarea_Descripcion'

2023-07-11 11:51:33 - [TEST_STEP][PASSED] - setText(findTestObject("DIGITURNO/CONFIGURACION/2Distribucion Geografica/3Salas/Edicion/input_Maximo de ocupacion"), "100"): Text '100' is set on object 'Object Repository/DIGITURNO/CONFIGURACION/2Distribucion Geografica/3Salas/Edicion/input_Maximo de ocupacion'

2023-07-11 11:51:34 - [MESSAGE][PASSED] - Text '100' is set on object 'Object Repository/DIGITURNO/CONFIGURACION/2Distribucion Geografica/3Salas/Edicion/input_Maximo de ocupacion'

2023-07-11 11:51:34 - [TEST_STEP][PASSED] - setText(findTestObject("DIGITURNO/CONFIGURACION/2Distribucion Geografica/3Salas/Edicion/input_Promesa de Espera MM"), "5"): Text '5' is set on object 'Object Repository/DIGITURNO/CONFIGURACION/2Distribucion Geografica/3Salas/Edicion/input_Promesa de Espera MM'

2023-07-11 11:51:35 - [MESSAGE][PASSED] - Text '5' is set on object 'Object Repository/DIGITURNO/CONFIGURACION/2Distribucion Geografica/3Salas/Edicion/input_Promesa de Espera MM'

2023-07-11 11:51:35 - [TEST_STEP][PASSED] - setText(findTestObject("DIGITURNO/CONFIGURACION/2Distribucion Geografica/3Salas/Edicion/input_Promesa de Atencion MM"), "5"): Text '5' is set on object 'Object Repository/DIGITURNO/CONFIGURACION/2Distribucion Geografica/3Salas/Edicion/input_Promesa de Atencion MM'

2023-07-11 11:51:35 - [MESSAGE][PASSED] - Text '5' is set on object 'Object Repository/DIGITURNO/CONFIGURACION/2Distribucion Geografica/3Salas/Edicion/input_Promesa de Atencion MM'

2023-07-11 11:51:35 - [TEST_STEP][PASSED] - check(findTestObject("DIGITURNO/CONFIGURACION/2Distribucion Geografica/3Salas/Edicion/label_Nivelar llamados en terminales")): Object 'Object Repository/DIGITURNO/CONFIGURACION/2Distribucion Geografica/3Salas/Edicion/label_Nivelar llamados en terminales' is checked

2023-07-11 11:51:36 - [MESSAGE][PASSED] - Object 'Object Repository/DIGITURNO/CONFIGURACION/2Distribucion Geografica/3Salas/Edicion/label_Nivelar llamados en terminales' is checked

2023-07-11 11:51:36 - [TEST_STEP][PASSED] - delay(3): Delayed 3 second(s)

2023-07-11 11:51:39 - [MESSAGE][PASSED] - Delayed 3 second(s)

2023-07-11 11:51:39 - [TEST_STEP][PASSED] - check(findTestObject("DIGITURNO/CONFIGURACION/2Distribucion Geografica/3Salas/Edicion/label_Habilitar agendamiento")): Object 'Object Repository/DIGITURNO/CONFIGURACION/2Distribucion Geografica/3Salas/Edicion/label_Habilitar agendamiento' is checked

2023-07-11 11:51:39 - [MESSAGE][PASSED] - Object 'Object Repository/DIGITURNO/CONFIGURACION/2Distribucion Geografica/3Salas/Edicion/label_Habilitar agendamiento' is checked

2023-07-11 11:51:39 - [TEST_STEP][PASSED] - scrollToElement(findTestObject("DIGITURNO/CONFIGURACION/2Distribucion Geografica/3Salas/Edicion/label_Habilitar agendamiento"), 2): Scroll to object 'Object Repository/DIGITURNO/CONFIGURACION/2Distribucion Geografica/3Salas/Edicion/label_Habilitar agendamiento' successfully

2023-07-11 11:51:40 - [MESSAGE][PASSED] - Scroll to object 'Object Repository/DIGITURNO/CONFIGURACION/2Distribucion Geografica/3Salas/Edicion/label_Habilitar agendamiento' successfully

2023-07-11 11:51:40 - [TEST_STEP][PASSED] - setText(findTestObject("DIGITURNO/CONFIGURACION/2Distribucion Geografica/3Salas/Edicion/Agendamiento de llamado/input_Intervalo creacion MM"), "5"): Text '5' is set on object 'Object Repository/DIGITURNO/CONFIGURACION/2Distribucion Geografica/3Salas/Edicion/Agendamiento de llamado/input_Intervalo creacion MM'

2023-07-11 11:51:41 - [MESSAGE][PASSED] - Text '5' is set on object 'Object Repository/DIGITURNO/CONFIGURACION/2Distribucion Geografica/3Salas/Edicion/Agendamiento de llamado/input_Intervalo creacion MM'

2023-07-11 11:51:41 - [TEST_STEP][PASSED] - delay(3, STOP_ON_FAILURE): Delayed 3 second(s)

2023-07-11 11:51:44 - [MESSAGE][PASSED] - Delayed 3 second(s)

2023-07-11 11:51:44 - [TEST_STEP][PASSED] - clearText(findTestObject("DIGITURNO/CONFIGURACION/2Distribucion Geografica/3Salas/Edicion/Agendamiento de llamado/input_Tiempo Limite de creacion HH")): Text of object 'Object Repository/DIGITURNO/CONFIGURACION/2Distribucion Geografica/3Salas/Edicion/Agendamiento de llamado/input_Tiempo Limite de creacion HH' is cleared

2023-07-11 11:51:44 - [MESSAGE][PASSED] - Text of object 'Object Repository/DIGITURNO/CONFIGURACION/2Distribucion Geografica/3Salas/Edicion/Agendamiento de llamado/input_Tiempo Limite de creacion HH' is cleared

2023-07-11 11:51:44 - [TEST_STEP][PASSED] - setText(findTestObject("DIGITURNO/CONFIGURACION/2Distribucion Geografica/3Salas/Edicion/Agendamiento de llamado/input_Tiempo Limite de creacion HH"), "23"): Text '23' is set on object 'Object Repository/DIGITURNO/CONFIGURACION/2Distribucion Geografica/3Salas/Edicion/Agendamiento de llamado/input_Tiempo Limite de creacion HH'

2023-07-11 11:51:45 - [MESSAGE][PASSED] - Text '23' is set on object 'Object Repository/DIGITURNO/CONFIGURACION/2Distribucion Geografica/3Salas/Edicion/Agendamiento de llamado/input_Tiempo Limite de creacion HH'

2023-07-11 11:51:45 - [TEST_STEP][PASSED] - delay(2, STOP_ON_FAILURE): Delayed 2 second(s)

2023-07-11 11:51:47 - [MESSAGE][PASSED] - Delayed 2 second(s)

2023-07-11 11:51:47 - [TEST_STEP][PASSED] - clearText(findTestObject("DIGITURNO/CONFIGURACION/2Distribucion Geografica/3Salas/Edicion/Agendamiento de llamado/input_Tiempo Limite de creacion MM")): Text of object 'Object Repository/DIGITURNO/CONFIGURACION/2Distribucion Geografica/3Salas/Edicion/Agendamiento de llamado/input_Tiempo Limite de creacion MM' is cleared

2023-07-11 11:51:48 - [MESSAGE][PASSED] - Text of object 'Object Repository/DIGITURNO/CONFIGURACION/2Distribucion Geografica/3Salas/Edicion/Agendamiento de llamado/input_Tiempo Limite de creacion MM' is cleared

2023-07-11 11:51:48 - [TEST_STEP][PASSED] - setText(findTestObject("DIGITURNO/CONFIGURACION/2Distribucion Geografica/3Salas/Edicion/Agendamiento de llamado/input_Tiempo Limite de creacion MM"), "59"): Text '59' is set on object 'Object Repository/DIGITURNO/CONFIGURACION/2Distribucion Geografica/3Salas/Edicion/Agendamiento de llamado/input_Tiempo Limite de creacion MM'

2023-07-11 11:51:48 - [MESSAGE][PASSED] - Text '59' is set on object 'Object Repository/DIGITURNO/CONFIGURACION/2Distribucion Geografica/3Salas/Edicion/Agendamiento de llamado/input_Tiempo Limite de creacion MM'

2023-07-11 11:51:48 - [TEST_STEP][PASSED] - delay(3): Delayed 3 second(s)

2023-07-11 11:51:51 - [MESSAGE][PASSED] - Delayed 3 second(s)

2023-07-11 11:51:51 - [TEST_STEP][PASSED] - check(findTestObject("DIGITURNO/CONFIGURACION/2Distribucion Geografica/3Salas/Edicion/label_Paso a distraido")): Object 'Object Repository/DIGITURNO/CONFIGURACION/2Distribucion Geografica/3Salas/Edicion/label_Paso a distraido' is checked

2023-07-11 11:51:52 - [MESSAGE][PASSED] - Object 'Object Repository/DIGITURNO/CONFIGURACION/2Distribucion Geografica/3Salas/Edicion/label_Paso a distraido' is checked

2023-07-11 11:51:52 - [TEST_STEP][PASSED] - delay(2): Delayed 2 second(s)

2023-07-11 11:51:54 - [MESSAGE][PASSED] - Delayed 2 second(s)

2023-07-11 11:51:54 - [TEST_STEP][PASSED] - setText(findTestObject("DIGITURNO/CONFIGURACION/2Distribucion Geografica/3Salas/Edicion/Distraidos/input_Tiempo automatico a Distraido SS"), "45"): Text '45' is set on object 'Object Repository/DIGITURNO/CONFIGURACION/2Distribucion Geografica/3Salas/Edicion/Distraidos/input_Tiempo automatico a Distraido SS'

2023-07-11 11:51:55 - [MESSAGE][PASSED] - Text '45' is set on object 'Object Repository/DIGITURNO/CONFIGURACION/2Distribucion Geografica/3Salas/Edicion/Distraidos/input_Tiempo automatico a Distraido SS'

2023-07-11 11:51:55 - [TEST_STEP][PASSED] - delay(1): Delayed 1 second(s)

2023-07-11 11:51:56 - [MESSAGE][PASSED] - Delayed 1 second(s)

2023-07-11 11:51:56 - [TEST_STEP][PASSED] - setText(findTestObject("DIGITURNO/CONFIGURACION/2Distribucion Geografica/3Salas/Edicion/Distraidos/input_Tiempo de Rellamado MM"), "3"): Text '3' is set on object 'Object Repository/DIGITURNO/CONFIGURACION/2Distribucion Geografica/3Salas/Edicion/Distraidos/input_Tiempo de Rellamado MM'

2023-07-11 11:51:56 - [MESSAGE][PASSED] - Text '3' is set on object 'Object Repository/DIGITURNO/CONFIGURACION/2Distribucion Geografica/3Salas/Edicion/Distraidos/input_Tiempo de Rellamado MM'

2023-07-11 11:51:56 - [TEST_STEP][PASSED] - scrollToPosition(0, 2): Browser is scrolled to position x = 0, y = 2

2023-07-11 11:51:56 - [MESSAGE][PASSED] - Browser is scrolled to position x = 0, y = 2

2023-07-11 11:51:56 - [TEST_STEP][PASSED] - click(findTestObject("DIGITURNO/CONFIGURACION/2Distribucion Geografica/3Salas/Edicion/img_Nuevo")): Object: 'Object Repository/DIGITURNO/CONFIGURACION/2Distribucion Geografica/3Salas/Edicion/img_Nuevo' is clicked on

2023-07-11 11:51:57 - [MESSAGE][PASSED] - Object: 'Object Repository/DIGITURNO/CONFIGURACION/2Distribucion Geografica/3Salas/Edicion/img_Nuevo' is clicked on

2023-07-11 11:51:57 - [TEST_STEP][PASSED] - delay(3): Delayed 3 second(s)

2023-07-11 11:52:00 - [MESSAGE][PASSED] - Delayed 3 second(s)

2023-07-11 11:52:00 - [TEST_STEP][PASSED] - takeFullPageScreenshot(): Taking screenshot successfully

2023-07-11 11:52:01 - [MESSAGE][INFO] - 0 hidden object(s)

2023-07-11 11:52:01 - [MESSAGE][PASSED] - Taking screenshot successfully
[[ATTACHMENT|C:\\CIEL INGENIERIA\\Katalon\\Digiturno55\\Reports\\20230711_113602\\DIGITURNO\\BASICO\\24 Salas Crear Eliminar\\20230711_113621\\1689094320408.png]]

2023-07-11 11:52:01 - [TEST_STEP][PASSED] - delay(3): Delayed 3 second(s)

2023-07-11 11:52:04 - [MESSAGE][PASSED] - Delayed 3 second(s)

2023-07-11 11:52:04 - [TEST_STEP][PASSED] - Start listener action : sampleAfterTestCase: null]]></system-out>
         <system-err><![CDATA[]]></system-err>
      </testcase>
      <testcase name="Test Cases/DIGITURNO/BASICO/24 Salas Eliminar" time="38.125" classname="Test Cases/DIGITURNO/BASICO/24 Salas Eliminar" status="PASSED">
         <system-out><![CDATA[2023-07-11 11:52:04 - [TEST_CASE][PASSED] - Test Cases/DIGITURNO/BASICO/24 Salas Eliminar: Test Cases/DIGITURNO/BASICO/24 Salas Eliminar

2023-07-11 11:52:04 - [TEST_STEP][PASSED] - callTestCase(findTestCase("DIGITURNO/BASICO/21 Distribucion Geografica"), [:], STOP_ON_FAILURE): Call Test Case 'Test Cases/DIGITURNO/BASICO/21 Distribucion Geografica' successfully

2023-07-11 11:52:04 - [TEST_CASE][PASSED] - Test Cases/DIGITURNO/BASICO/21 Distribucion Geografica: Test Cases/DIGITURNO/BASICO/21 Distribucion Geografica

2023-07-11 11:52:04 - [TEST_STEP][PASSED] - callTestCase(findTestCase("0InicioSesion"), [:], STOP_ON_FAILURE): Call Test Case 'Test Cases/0InicioSesion' successfully

2023-07-11 11:52:04 - [TEST_CASE][PASSED] - Test Cases/0InicioSesion: Test Cases/0InicioSesion

2023-07-11 11:52:04 - [TEST_STEP][PASSED] - openBrowser(UrlDigiturno): Browser is opened with url: 'https://PCPruebas101.ciel.cielingenieria.com:8810'

2023-07-11 11:52:04 - [MESSAGE][WARNING] - A browser is already opened. Closing browser and opening a new one

2023-07-11 11:52:05 - [MESSAGE][INFO] - Starting 'Chrome' driver

2023-07-11 11:52:05 - [MESSAGE][INFO] - User set preference: ['args', '[--use-fake-ui-for-media-stream, --disable-notifications]']

2023-07-11 11:52:05 - [MESSAGE][INFO] - Action delay is set to 0 milliseconds

2023-07-11 11:52:07 - [MESSAGE][PASSED] - Browser is opened with url: 'https://PCPruebas101.ciel.cielingenieria.com:8810'

2023-07-11 11:52:07 - [TEST_STEP][PASSED] - maximizeWindow(): Current window maximized

2023-07-11 11:52:07 - [MESSAGE][PASSED] - Current window maximized

2023-07-11 11:52:07 - [TEST_STEP][PASSED] - delay(3): Delayed 3 second(s)

2023-07-11 11:52:10 - [MESSAGE][PASSED] - Delayed 3 second(s)

2023-07-11 11:52:10 - [TEST_STEP][PASSED] - setText(findTestObject("0Inicio Sesion/input_Usuario"), "Ciel"): Text 'Ciel' is set on object 'Object Repository/0Inicio Sesion/input_Usuario'

2023-07-11 11:52:10 - [MESSAGE][PASSED] - Text 'Ciel' is set on object 'Object Repository/0Inicio Sesion/input_Usuario'

2023-07-11 11:52:10 - [TEST_STEP][PASSED] - setText(findTestObject("0Inicio Sesion/input_Clave"), "digiturno"): Text 'digiturno' is set on object 'Object Repository/0Inicio Sesion/input_Clave'

2023-07-11 11:52:11 - [MESSAGE][PASSED] - Text 'digiturno' is set on object 'Object Repository/0Inicio Sesion/input_Clave'

2023-07-11 11:52:11 - [TEST_STEP][PASSED] - click(findTestObject("0Inicio Sesion/btn_IniciarSesion")): Object: 'Object Repository/0Inicio Sesion/btn_IniciarSesion' is clicked on

2023-07-11 11:52:12 - [MESSAGE][PASSED] - Object: 'Object Repository/0Inicio Sesion/btn_IniciarSesion' is clicked on

2023-07-11 11:52:12 - [TEST_STEP][PASSED] - delay(3): Delayed 3 second(s)

2023-07-11 11:52:15 - [MESSAGE][PASSED] - Delayed 3 second(s)

2023-07-11 11:52:15 - [MESSAGE][PASSED] - Call Test Case 'Test Cases/0InicioSesion' successfully

2023-07-11 11:52:15 - [TEST_STEP][PASSED] - click(findTestObject("DIGITURNO/1Principal/img_Configuracion(1)")): Object: 'Object Repository/DIGITURNO/1Principal/img_Configuracion(1)' is clicked on

2023-07-11 11:52:15 - [MESSAGE][PASSED] - Object: 'Object Repository/DIGITURNO/1Principal/img_Configuracion(1)' is clicked on

2023-07-11 11:52:15 - [TEST_STEP][PASSED] - delay(3): Delayed 3 second(s)

2023-07-11 11:52:18 - [MESSAGE][PASSED] - Delayed 3 second(s)

2023-07-11 11:52:18 - [TEST_STEP][PASSED] - click(findTestObject("DIGITURNO/CONFIGURACION/0Principal/img_2Distribucion Geografica")): Object: 'Object Repository/DIGITURNO/CONFIGURACION/0Principal/img_2Distribucion Geografica' is clicked on

2023-07-11 11:52:19 - [MESSAGE][PASSED] - Object: 'Object Repository/DIGITURNO/CONFIGURACION/0Principal/img_2Distribucion Geografica' is clicked on

2023-07-11 11:52:19 - [TEST_STEP][PASSED] - delay(3): Delayed 3 second(s)

2023-07-11 11:52:22 - [MESSAGE][PASSED] - Delayed 3 second(s)

2023-07-11 11:52:22 - [TEST_STEP][PASSED] - takeFullPageScreenshot(): Taking screenshot successfully

2023-07-11 11:52:22 - [MESSAGE][INFO] - 0 hidden object(s)

2023-07-11 11:52:22 - [MESSAGE][PASSED] - Taking screenshot successfully
[[ATTACHMENT|C:\\CIEL INGENIERIA\\Katalon\\Digiturno55\\Reports\\20230711_113602\\DIGITURNO\\BASICO\\24 Salas Crear Eliminar\\20230711_113621\\1689094342248.png]]

2023-07-11 11:52:22 - [TEST_STEP][PASSED] - delay(3): Delayed 3 second(s)

2023-07-11 11:52:25 - [MESSAGE][PASSED] - Delayed 3 second(s)

2023-07-11 11:52:25 - [MESSAGE][PASSED] - Call Test Case 'Test Cases/DIGITURNO/BASICO/21 Distribucion Geografica' successfully

2023-07-11 11:52:25 - [TEST_STEP][PASSED] - click(findTestObject("DIGITURNO/CONFIGURACION/2Distribucion Geografica/0Principal/img_3Salas")): Object: 'Object Repository/DIGITURNO/CONFIGURACION/2Distribucion Geografica/0Principal/img_3Salas' is clicked on

2023-07-11 11:52:26 - [MESSAGE][PASSED] - Object: 'Object Repository/DIGITURNO/CONFIGURACION/2Distribucion Geografica/0Principal/img_3Salas' is clicked on

2023-07-11 11:52:26 - [TEST_STEP][PASSED] - delay(2): Delayed 2 second(s)

2023-07-11 11:52:28 - [MESSAGE][PASSED] - Delayed 2 second(s)

2023-07-11 11:52:28 - [TEST_STEP][PASSED] - click(findTestObject("DIGITURNO/CONFIGURACION/2Distribucion Geografica/3Salas/0Modal Inicial Oficinas/td_1Bogota - CIEL")): Object: 'Object Repository/DIGITURNO/CONFIGURACION/2Distribucion Geografica/3Salas/0Modal Inicial Oficinas/td_1Bogota - CIEL' is clicked on

2023-07-11 11:52:28 - [MESSAGE][PASSED] - Object: 'Object Repository/DIGITURNO/CONFIGURACION/2Distribucion Geografica/3Salas/0Modal Inicial Oficinas/td_1Bogota - CIEL' is clicked on

2023-07-11 11:52:28 - [TEST_STEP][PASSED] - setText(findTestObject("DIGITURNO/CONFIGURACION/2Distribucion Geografica/3Salas/Lista de Salas/input_TextoABuscar"), "Prueba"): Text 'Prueba' is set on object 'Object Repository/DIGITURNO/CONFIGURACION/2Distribucion Geografica/3Salas/Lista de Salas/input_TextoABuscar'

2023-07-11 11:52:30 - [MESSAGE][PASSED] - Text 'Prueba' is set on object 'Object Repository/DIGITURNO/CONFIGURACION/2Distribucion Geografica/3Salas/Lista de Salas/input_TextoABuscar'

2023-07-11 11:52:30 - [TEST_STEP][PASSED] - delay(2): Delayed 2 second(s)

2023-07-11 11:52:32 - [MESSAGE][PASSED] - Delayed 2 second(s)

2023-07-11 11:52:32 - [TEST_STEP][PASSED] - click(findTestObject("DIGITURNO/CONFIGURACION/2Distribucion Geografica/3Salas/Lista de Salas/td_1 Seleccion Busqueda")): Object: 'Object Repository/DIGITURNO/CONFIGURACION/2Distribucion Geografica/3Salas/Lista de Salas/td_1 Seleccion Busqueda' is clicked on

2023-07-11 11:52:32 - [MESSAGE][PASSED] - Object: 'Object Repository/DIGITURNO/CONFIGURACION/2Distribucion Geografica/3Salas/Lista de Salas/td_1 Seleccion Busqueda' is clicked on

2023-07-11 11:52:32 - [TEST_STEP][PASSED] - delay(2): Delayed 2 second(s)

2023-07-11 11:52:34 - [MESSAGE][PASSED] - Delayed 2 second(s)

2023-07-11 11:52:34 - [TEST_STEP][PASSED] - click(findTestObject("DIGITURNO/CONFIGURACION/2Distribucion Geografica/3Salas/Edicion/img_Eliminar")): Object: 'Object Repository/DIGITURNO/CONFIGURACION/2Distribucion Geografica/3Salas/Edicion/img_Eliminar' is clicked on

2023-07-11 11:52:35 - [MESSAGE][PASSED] - Object: 'Object Repository/DIGITURNO/CONFIGURACION/2Distribucion Geografica/3Salas/Edicion/img_Eliminar' is clicked on

2023-07-11 11:52:35 - [TEST_STEP][PASSED] - click(findTestObject("DIGITURNO/CONFIGURACION/2Distribucion Geografica/3Salas/Edicion/img_Eliminar")): Object: 'Object Repository/DIGITURNO/CONFIGURACION/2Distribucion Geografica/3Salas/Edicion/img_Eliminar' is clicked on

2023-07-11 11:52:35 - [MESSAGE][PASSED] - Object: 'Object Repository/DIGITURNO/CONFIGURACION/2Distribucion Geografica/3Salas/Edicion/img_Eliminar' is clicked on

2023-07-11 11:52:35 - [TEST_STEP][PASSED] - acceptAlert(): Alert accepted

2023-07-11 11:52:35 - [MESSAGE][PASSED] - Alert accepted

2023-07-11 11:52:35 - [TEST_STEP][PASSED] - delay(3): Delayed 3 second(s)

2023-07-11 11:52:38 - [MESSAGE][PASSED] - Delayed 3 second(s)

2023-07-11 11:52:38 - [TEST_STEP][PASSED] - takeFullPageScreenshot(): Taking screenshot successfully

2023-07-11 11:52:39 - [MESSAGE][INFO] - 0 hidden object(s)

2023-07-11 11:52:39 - [MESSAGE][PASSED] - Taking screenshot successfully
[[ATTACHMENT|C:\\CIEL INGENIERIA\\Katalon\\Digiturno55\\Reports\\20230711_113602\\DIGITURNO\\BASICO\\24 Salas Crear Eliminar\\20230711_113621\\1689094358502.png]]

2023-07-11 11:52:39 - [TEST_STEP][PASSED] - delay(3): Delayed 3 second(s)

2023-07-11 11:52:42 - [MESSAGE][PASSED] - Delayed 3 second(s)

2023-07-11 11:52:42 - [TEST_STEP][PASSED] - Start listener action : sampleAfterTestCase: null]]></system-out>
         <system-err><![CDATA[]]></system-err>
      </testcase>
      <system-out><![CDATA[2023-07-11 11:50:54 - [TEST_SUITE][PASSED] - 24 Salas Crear Eliminar: Test Cases/DIGITURNO/BASICO/24 Salas Eliminar]]></system-out>
      <system-err><![CDATA[]]></system-err>
   </testsuite>
</testsuites>
