<?xml version="1.0" encoding="UTF-8"?>
<testsuites name="63 Autorizacion Personalizada" time="86.637" tests="2" failures="0" errors="0">
   <testsuite name="63 Autorizacion Personalizada" tests="2" failures="0" errors="0" time="86.637" skipped="0" timestamp="2023-08-14 15:00:47" hostname="jdavila - PCPruebas101.ciel.cielingenieria.com" id="Test Suites/DIGITURNO/BASICO/63 Autorizacion Personalizada">
      <properties>
         <property name="deviceName" value=""/>
         <property name="devicePlatform" value=""/>
         <property name="logFolder" value="C:\\CIEL INGENIERIA\\Katalon\\Digiturno55\\Reports\\20230814_141235\\DIGITURNO\\BASICO\\63 Autorizacion Personalizada\\20230814_141339"/>
         <property name="logFiles" value="C:\\CIEL INGENIERIA\\Katalon\\Digiturno55\\Reports\\20230814_141235\\DIGITURNO\\BASICO\\63 Autorizacion Personalizada\\20230814_141339\\execution0.log"/>
         <property name="attachments" value="C:\\CIEL INGENIERIA\\Katalon\\Digiturno55\\Reports\\20230814_141235\\DIGITURNO\\BASICO\\63 Autorizacion Personalizada\\20230814_141339\\1692043266589.png, C:\\CIEL INGENIERIA\\Katalon\\Digiturno55\\Reports\\20230814_141235\\DIGITURNO\\BASICO\\63 Autorizacion Personalizada\\20230814_141339\\1692043287671.png, C:\\CIEL INGENIERIA\\Katalon\\Digiturno55\\Reports\\20230814_141235\\DIGITURNO\\BASICO\\63 Autorizacion Personalizada\\20230814_141339\\1692043309437.png, C:\\CIEL INGENIERIA\\Katalon\\Digiturno55\\Reports\\20230814_141235\\DIGITURNO\\BASICO\\63 Autorizacion Personalizada\\20230814_141339\\1692043330193.png"/>
         <property name="hostName" value="jdavila - PCPruebas101.ciel.cielingenieria.com"/>
         <property name="os" value="Windows 10 64bit"/>
         <property name="katalonVersion" value="8.6.0.208"/>
         <property name="browser" value="Chrome 115.0.0.0"/>
         <property name="hostAddress" value="192.168.0.33"/>
         <property name="sessionId" value="cb4698a9ed56748257880ab848c5fe24"/>
         <property name="seleniumVersion" value="3.141.59"/>
         <property name="proxyInformation" value="ProxyInformation { proxyOption=NO_PROXY, proxyServerType=HTTP, username=, password=********, proxyServerAddress=, proxyServerPort=0, executionList=&quot;&quot;, isApplyToDesiredCapabilities=true }"/>
         <property name="platform" value="Windows 10"/>
      </properties>
      <testcase name="Test Cases/DIGITURNO/BASICO/63 Autorizacion Personalizada Restringir" time="43.944" classname="Test Cases/DIGITURNO/BASICO/63 Autorizacion Personalizada Restringir" status="PASSED">
         <system-out><![CDATA[2023-08-14 15:00:47 - [TEST_CASE][PASSED] - Test Cases/DIGITURNO/BASICO/63 Autorizacion Personalizada Restringir: Test Cases/DIGITURNO/BASICO/63 Autorizacion Personalizada Restringir

2023-08-14 15:00:47 - [TEST_STEP][PASSED] - callTestCase(findTestCase("DIGITURNO/BASICO/30 Sistema"), [:], STOP_ON_FAILURE): Call Test Case 'Test Cases/DIGITURNO/BASICO/30 Sistema' successfully

2023-08-14 15:00:48 - [TEST_CASE][PASSED] - Test Cases/DIGITURNO/BASICO/30 Sistema: Test Cases/DIGITURNO/BASICO/30 Sistema

2023-08-14 15:00:48 - [TEST_STEP][PASSED] - callTestCase(findTestCase("0InicioSesion"), [:], STOP_ON_FAILURE): Call Test Case 'Test Cases/0InicioSesion' successfully

2023-08-14 15:00:48 - [TEST_CASE][PASSED] - Test Cases/0InicioSesion: Test Cases/0InicioSesion

2023-08-14 15:00:48 - [TEST_STEP][PASSED] - openBrowser(UrlDigiturno): Browser is opened with url: 'https://PCPruebas101.ciel.cielingenieria.com:8610'

2023-08-14 15:00:48 - [MESSAGE][INFO] - Starting 'Chrome' driver

2023-08-14 15:00:48 - [MESSAGE][INFO] - User set preference: ['args', '[--use-fake-ui-for-media-stream, --disable-notifications]']

2023-08-14 15:00:48 - [MESSAGE][INFO] - Action delay is set to 0 milliseconds

2023-08-14 15:00:51 - [MESSAGE][PASSED] - Browser is opened with url: 'https://PCPruebas101.ciel.cielingenieria.com:8610'

2023-08-14 15:00:51 - [TEST_STEP][PASSED] - maximizeWindow(): Current window maximized

2023-08-14 15:00:51 - [MESSAGE][PASSED] - Current window maximized

2023-08-14 15:00:51 - [TEST_STEP][PASSED] - delay(3): Delayed 3 second(s)

2023-08-14 15:00:54 - [MESSAGE][PASSED] - Delayed 3 second(s)

2023-08-14 15:00:54 - [TEST_STEP][PASSED] - setText(findTestObject("0Inicio Sesion/input_Usuario"), "Ciel"): Text 'Ciel' is set on object 'Object Repository/0Inicio Sesion/input_Usuario'

2023-08-14 15:00:55 - [MESSAGE][PASSED] - Text 'Ciel' is set on object 'Object Repository/0Inicio Sesion/input_Usuario'

2023-08-14 15:00:55 - [TEST_STEP][PASSED] - setText(findTestObject("0Inicio Sesion/input_Clave"), "digiturno"): Text 'digiturno' is set on object 'Object Repository/0Inicio Sesion/input_Clave'

2023-08-14 15:00:55 - [MESSAGE][PASSED] - Text 'digiturno' is set on object 'Object Repository/0Inicio Sesion/input_Clave'

2023-08-14 15:00:55 - [TEST_STEP][PASSED] - click(findTestObject("0Inicio Sesion/btn_IniciarSesion")): Object: 'Object Repository/0Inicio Sesion/btn_IniciarSesion' is clicked on

2023-08-14 15:00:56 - [MESSAGE][PASSED] - Object: 'Object Repository/0Inicio Sesion/btn_IniciarSesion' is clicked on

2023-08-14 15:00:56 - [TEST_STEP][PASSED] - delay(3): Delayed 3 second(s)

2023-08-14 15:00:59 - [MESSAGE][PASSED] - Delayed 3 second(s)

2023-08-14 15:00:59 - [MESSAGE][PASSED] - Call Test Case 'Test Cases/0InicioSesion' successfully

2023-08-14 15:00:59 - [TEST_STEP][PASSED] - click(findTestObject("DIGITURNO/1Principal/img_Configuracion(1)")): Object: 'Object Repository/DIGITURNO/1Principal/img_Configuracion(1)' is clicked on

2023-08-14 15:00:59 - [MESSAGE][PASSED] - Object: 'Object Repository/DIGITURNO/1Principal/img_Configuracion(1)' is clicked on

2023-08-14 15:00:59 - [TEST_STEP][PASSED] - delay(3): Delayed 3 second(s)

2023-08-14 15:01:02 - [MESSAGE][PASSED] - Delayed 3 second(s)

2023-08-14 15:01:02 - [TEST_STEP][PASSED] - click(findTestObject("DIGITURNO/CONFIGURACION/0Principal/img_7Sistema")): Object: 'Object Repository/DIGITURNO/CONFIGURACION/0Principal/img_7Sistema' is clicked on

2023-08-14 15:01:03 - [MESSAGE][PASSED] - Object: 'Object Repository/DIGITURNO/CONFIGURACION/0Principal/img_7Sistema' is clicked on

2023-08-14 15:01:03 - [TEST_STEP][PASSED] - delay(3): Delayed 3 second(s)

2023-08-14 15:01:06 - [MESSAGE][PASSED] - Delayed 3 second(s)

2023-08-14 15:01:06 - [TEST_STEP][PASSED] - takeFullPageScreenshot(): Taking screenshot successfully

2023-08-14 15:01:07 - [MESSAGE][INFO] - 0 hidden object(s)

2023-08-14 15:01:07 - [MESSAGE][PASSED] - Taking screenshot successfully
[[ATTACHMENT|C:\\CIEL INGENIERIA\\Katalon\\Digiturno55\\Reports\\20230814_141235\\DIGITURNO\\BASICO\\63 Autorizacion Personalizada\\20230814_141339\\1692043266589.png]]

2023-08-14 15:01:07 - [TEST_STEP][PASSED] - delay(3): Delayed 3 second(s)

2023-08-14 15:01:10 - [MESSAGE][PASSED] - Delayed 3 second(s)

2023-08-14 15:01:10 - [MESSAGE][PASSED] - Call Test Case 'Test Cases/DIGITURNO/BASICO/30 Sistema' successfully

2023-08-14 15:01:10 - [TEST_STEP][PASSED] - click(findTestObject("DIGITURNO/CONFIGURACION/7Sistema/0Principal/img_3 Autorizacion Personalizada")): Object: 'Object Repository/DIGITURNO/CONFIGURACION/7Sistema/0Principal/img_3 Autorizacion Personalizada' is clicked on

2023-08-14 15:01:10 - [MESSAGE][PASSED] - Object: 'Object Repository/DIGITURNO/CONFIGURACION/7Sistema/0Principal/img_3 Autorizacion Personalizada' is clicked on

2023-08-14 15:01:10 - [TEST_STEP][PASSED] - setText(findTestObject("DIGITURNO/CONFIGURACION/7Sistema/3 Autorizacion Personalizada/1 Paginas/input_TextoABuscar"), "15"): Text '15' is set on object 'Object Repository/DIGITURNO/CONFIGURACION/7Sistema/3 Autorizacion Personalizada/1 Paginas/input_TextoABuscar'

2023-08-14 15:01:11 - [MESSAGE][PASSED] - Text '15' is set on object 'Object Repository/DIGITURNO/CONFIGURACION/7Sistema/3 Autorizacion Personalizada/1 Paginas/input_TextoABuscar'

2023-08-14 15:01:11 - [TEST_STEP][PASSED] - delay(2): Delayed 2 second(s)

2023-08-14 15:01:13 - [MESSAGE][PASSED] - Delayed 2 second(s)

2023-08-14 15:01:13 - [TEST_STEP][PASSED] - click(findTestObject("DIGITURNO/CONFIGURACION/7Sistema/3 Autorizacion Personalizada/1 Paginas/td_1Seleccion")): Object: 'Object Repository/DIGITURNO/CONFIGURACION/7Sistema/3 Autorizacion Personalizada/1 Paginas/td_1Seleccion' is clicked on

2023-08-14 15:01:14 - [MESSAGE][PASSED] - Object: 'Object Repository/DIGITURNO/CONFIGURACION/7Sistema/3 Autorizacion Personalizada/1 Paginas/td_1Seleccion' is clicked on

2023-08-14 15:01:14 - [TEST_STEP][PASSED] - delay(2): Delayed 2 second(s)

2023-08-14 15:01:16 - [MESSAGE][PASSED] - Delayed 2 second(s)

2023-08-14 15:01:16 - [TEST_STEP][PASSED] - setText(findTestObject("DIGITURNO/CONFIGURACION/7Sistema/3 Autorizacion Personalizada/2 Perfiles/input_TextoABuscar"), "admin"): Text 'admin' is set on object 'Object Repository/DIGITURNO/CONFIGURACION/7Sistema/3 Autorizacion Personalizada/2 Perfiles/input_TextoABuscar'

2023-08-14 15:01:17 - [MESSAGE][PASSED] - Text 'admin' is set on object 'Object Repository/DIGITURNO/CONFIGURACION/7Sistema/3 Autorizacion Personalizada/2 Perfiles/input_TextoABuscar'

2023-08-14 15:01:17 - [TEST_STEP][PASSED] - delay(2): Delayed 2 second(s)

2023-08-14 15:01:19 - [MESSAGE][PASSED] - Delayed 2 second(s)

2023-08-14 15:01:19 - [TEST_STEP][PASSED] - click(findTestObject("DIGITURNO/CONFIGURACION/7Sistema/3 Autorizacion Personalizada/2 Perfiles/td_1 Administrador")): Object: 'Object Repository/DIGITURNO/CONFIGURACION/7Sistema/3 Autorizacion Personalizada/2 Perfiles/td_1 Administrador' is clicked on

2023-08-14 15:01:19 - [MESSAGE][PASSED] - Object: 'Object Repository/DIGITURNO/CONFIGURACION/7Sistema/3 Autorizacion Personalizada/2 Perfiles/td_1 Administrador' is clicked on

2023-08-14 15:01:19 - [TEST_STEP][PASSED] - delay(2): Delayed 2 second(s)

2023-08-14 15:01:21 - [MESSAGE][PASSED] - Delayed 2 second(s)

2023-08-14 15:01:21 - [TEST_STEP][PASSED] - click(findTestObject("DIGITURNO/CONFIGURACION/7Sistema/3 Autorizacion Personalizada/3 Botones aplicacion/a_SeleccionarTodo")): Object: 'Object Repository/DIGITURNO/CONFIGURACION/7Sistema/3 Autorizacion Personalizada/3 Botones aplicacion/a_SeleccionarTodo' is clicked on

2023-08-14 15:01:22 - [MESSAGE][PASSED] - Object: 'Object Repository/DIGITURNO/CONFIGURACION/7Sistema/3 Autorizacion Personalizada/3 Botones aplicacion/a_SeleccionarTodo' is clicked on

2023-08-14 15:01:22 - [TEST_STEP][PASSED] - delay(2): Delayed 2 second(s)

2023-08-14 15:01:24 - [MESSAGE][PASSED] - Delayed 2 second(s)

2023-08-14 15:01:24 - [TEST_STEP][PASSED] - click(findTestObject("DIGITURNO/CONFIGURACION/7Sistema/3 Autorizacion Personalizada/3 Botones aplicacion/img_Restringir")): Object: 'Object Repository/DIGITURNO/CONFIGURACION/7Sistema/3 Autorizacion Personalizada/3 Botones aplicacion/img_Restringir' is clicked on

2023-08-14 15:01:24 - [MESSAGE][PASSED] - Object: 'Object Repository/DIGITURNO/CONFIGURACION/7Sistema/3 Autorizacion Personalizada/3 Botones aplicacion/img_Restringir' is clicked on

2023-08-14 15:01:24 - [TEST_STEP][PASSED] - delay(3): Delayed 3 second(s)

2023-08-14 15:01:27 - [MESSAGE][PASSED] - Delayed 3 second(s)

2023-08-14 15:01:27 - [TEST_STEP][PASSED] - takeFullPageScreenshot(): Taking screenshot successfully

2023-08-14 15:01:28 - [MESSAGE][INFO] - 0 hidden object(s)

2023-08-14 15:01:28 - [MESSAGE][PASSED] - Taking screenshot successfully
[[ATTACHMENT|C:\\CIEL INGENIERIA\\Katalon\\Digiturno55\\Reports\\20230814_141235\\DIGITURNO\\BASICO\\63 Autorizacion Personalizada\\20230814_141339\\1692043287671.png]]

2023-08-14 15:01:28 - [TEST_STEP][PASSED] - delay(3): Delayed 3 second(s)

2023-08-14 15:01:31 - [MESSAGE][PASSED] - Delayed 3 second(s)

2023-08-14 15:01:31 - [TEST_STEP][PASSED] - Start listener action : sampleAfterTestCase: null]]></system-out>
         <system-err><![CDATA[]]></system-err>
      </testcase>
      <testcase name="Test Cases/DIGITURNO/BASICO/63 Autorizacion Personalizada Liberar" time="42.443" classname="Test Cases/DIGITURNO/BASICO/63 Autorizacion Personalizada Liberar" status="PASSED">
         <system-out><![CDATA[2023-08-14 15:01:31 - [TEST_CASE][PASSED] - Test Cases/DIGITURNO/BASICO/63 Autorizacion Personalizada Liberar: Test Cases/DIGITURNO/BASICO/63 Autorizacion Personalizada Liberar

2023-08-14 15:01:31 - [TEST_STEP][PASSED] - callTestCase(findTestCase("DIGITURNO/BASICO/30 Sistema"), [:], STOP_ON_FAILURE): Call Test Case 'Test Cases/DIGITURNO/BASICO/30 Sistema' successfully

2023-08-14 15:01:31 - [TEST_CASE][PASSED] - Test Cases/DIGITURNO/BASICO/30 Sistema: Test Cases/DIGITURNO/BASICO/30 Sistema

2023-08-14 15:01:31 - [TEST_STEP][PASSED] - callTestCase(findTestCase("0InicioSesion"), [:], STOP_ON_FAILURE): Call Test Case 'Test Cases/0InicioSesion' successfully

2023-08-14 15:01:31 - [TEST_CASE][PASSED] - Test Cases/0InicioSesion: Test Cases/0InicioSesion

2023-08-14 15:01:31 - [TEST_STEP][PASSED] - openBrowser(UrlDigiturno): Browser is opened with url: 'https://PCPruebas101.ciel.cielingenieria.com:8610'

2023-08-14 15:01:32 - [MESSAGE][WARNING] - A browser is already opened. Closing browser and opening a new one

2023-08-14 15:01:32 - [MESSAGE][INFO] - Starting 'Chrome' driver

2023-08-14 15:01:32 - [MESSAGE][INFO] - User set preference: ['args', '[--use-fake-ui-for-media-stream, --disable-notifications]']

2023-08-14 15:01:32 - [MESSAGE][INFO] - Action delay is set to 0 milliseconds

2023-08-14 15:01:34 - [MESSAGE][PASSED] - Browser is opened with url: 'https://PCPruebas101.ciel.cielingenieria.com:8610'

2023-08-14 15:01:34 - [TEST_STEP][PASSED] - maximizeWindow(): Current window maximized

2023-08-14 15:01:34 - [MESSAGE][PASSED] - Current window maximized

2023-08-14 15:01:34 - [TEST_STEP][PASSED] - delay(3): Delayed 3 second(s)

2023-08-14 15:01:37 - [MESSAGE][PASSED] - Delayed 3 second(s)

2023-08-14 15:01:37 - [TEST_STEP][PASSED] - setText(findTestObject("0Inicio Sesion/input_Usuario"), "Ciel"): Text 'Ciel' is set on object 'Object Repository/0Inicio Sesion/input_Usuario'

2023-08-14 15:01:38 - [MESSAGE][PASSED] - Text 'Ciel' is set on object 'Object Repository/0Inicio Sesion/input_Usuario'

2023-08-14 15:01:38 - [TEST_STEP][PASSED] - setText(findTestObject("0Inicio Sesion/input_Clave"), "digiturno"): Text 'digiturno' is set on object 'Object Repository/0Inicio Sesion/input_Clave'

2023-08-14 15:01:38 - [MESSAGE][PASSED] - Text 'digiturno' is set on object 'Object Repository/0Inicio Sesion/input_Clave'

2023-08-14 15:01:38 - [TEST_STEP][PASSED] - click(findTestObject("0Inicio Sesion/btn_IniciarSesion")): Object: 'Object Repository/0Inicio Sesion/btn_IniciarSesion' is clicked on

2023-08-14 15:01:39 - [MESSAGE][PASSED] - Object: 'Object Repository/0Inicio Sesion/btn_IniciarSesion' is clicked on

2023-08-14 15:01:39 - [TEST_STEP][PASSED] - delay(3): Delayed 3 second(s)

2023-08-14 15:01:42 - [MESSAGE][PASSED] - Delayed 3 second(s)

2023-08-14 15:01:42 - [MESSAGE][PASSED] - Call Test Case 'Test Cases/0InicioSesion' successfully

2023-08-14 15:01:42 - [TEST_STEP][PASSED] - click(findTestObject("DIGITURNO/1Principal/img_Configuracion(1)")): Object: 'Object Repository/DIGITURNO/1Principal/img_Configuracion(1)' is clicked on

2023-08-14 15:01:42 - [MESSAGE][PASSED] - Object: 'Object Repository/DIGITURNO/1Principal/img_Configuracion(1)' is clicked on

2023-08-14 15:01:42 - [TEST_STEP][PASSED] - delay(3): Delayed 3 second(s)

2023-08-14 15:01:45 - [MESSAGE][PASSED] - Delayed 3 second(s)

2023-08-14 15:01:45 - [TEST_STEP][PASSED] - click(findTestObject("DIGITURNO/CONFIGURACION/0Principal/img_7Sistema")): Object: 'Object Repository/DIGITURNO/CONFIGURACION/0Principal/img_7Sistema' is clicked on

2023-08-14 15:01:46 - [MESSAGE][PASSED] - Object: 'Object Repository/DIGITURNO/CONFIGURACION/0Principal/img_7Sistema' is clicked on

2023-08-14 15:01:46 - [TEST_STEP][PASSED] - delay(3): Delayed 3 second(s)

2023-08-14 15:01:49 - [MESSAGE][PASSED] - Delayed 3 second(s)

2023-08-14 15:01:49 - [TEST_STEP][PASSED] - takeFullPageScreenshot(): Taking screenshot successfully

2023-08-14 15:01:49 - [MESSAGE][INFO] - 0 hidden object(s)

2023-08-14 15:01:49 - [MESSAGE][PASSED] - Taking screenshot successfully
[[ATTACHMENT|C:\\CIEL INGENIERIA\\Katalon\\Digiturno55\\Reports\\20230814_141235\\DIGITURNO\\BASICO\\63 Autorizacion Personalizada\\20230814_141339\\1692043309437.png]]

2023-08-14 15:01:49 - [TEST_STEP][PASSED] - delay(3): Delayed 3 second(s)

2023-08-14 15:01:52 - [MESSAGE][PASSED] - Delayed 3 second(s)

2023-08-14 15:01:52 - [MESSAGE][PASSED] - Call Test Case 'Test Cases/DIGITURNO/BASICO/30 Sistema' successfully

2023-08-14 15:01:52 - [TEST_STEP][PASSED] - click(findTestObject("DIGITURNO/CONFIGURACION/7Sistema/0Principal/img_3 Autorizacion Personalizada")): Object: 'Object Repository/DIGITURNO/CONFIGURACION/7Sistema/0Principal/img_3 Autorizacion Personalizada' is clicked on

2023-08-14 15:01:53 - [MESSAGE][PASSED] - Object: 'Object Repository/DIGITURNO/CONFIGURACION/7Sistema/0Principal/img_3 Autorizacion Personalizada' is clicked on

2023-08-14 15:01:53 - [TEST_STEP][PASSED] - setText(findTestObject("DIGITURNO/CONFIGURACION/7Sistema/3 Autorizacion Personalizada/1 Paginas/input_TextoABuscar"), "15"): Text '15' is set on object 'Object Repository/DIGITURNO/CONFIGURACION/7Sistema/3 Autorizacion Personalizada/1 Paginas/input_TextoABuscar'

2023-08-14 15:01:54 - [MESSAGE][PASSED] - Text '15' is set on object 'Object Repository/DIGITURNO/CONFIGURACION/7Sistema/3 Autorizacion Personalizada/1 Paginas/input_TextoABuscar'

2023-08-14 15:01:54 - [TEST_STEP][PASSED] - delay(2): Delayed 2 second(s)

2023-08-14 15:01:56 - [MESSAGE][PASSED] - Delayed 2 second(s)

2023-08-14 15:01:56 - [TEST_STEP][PASSED] - click(findTestObject("DIGITURNO/CONFIGURACION/7Sistema/3 Autorizacion Personalizada/1 Paginas/td_1Seleccion")): Object: 'Object Repository/DIGITURNO/CONFIGURACION/7Sistema/3 Autorizacion Personalizada/1 Paginas/td_1Seleccion' is clicked on

2023-08-14 15:01:56 - [MESSAGE][PASSED] - Object: 'Object Repository/DIGITURNO/CONFIGURACION/7Sistema/3 Autorizacion Personalizada/1 Paginas/td_1Seleccion' is clicked on

2023-08-14 15:01:56 - [TEST_STEP][PASSED] - delay(2): Delayed 2 second(s)

2023-08-14 15:01:58 - [MESSAGE][PASSED] - Delayed 2 second(s)

2023-08-14 15:01:58 - [TEST_STEP][PASSED] - setText(findTestObject("DIGITURNO/CONFIGURACION/7Sistema/3 Autorizacion Personalizada/2 Perfiles/input_TextoABuscar"), "admin"): Text 'admin' is set on object 'Object Repository/DIGITURNO/CONFIGURACION/7Sistema/3 Autorizacion Personalizada/2 Perfiles/input_TextoABuscar'

2023-08-14 15:01:59 - [MESSAGE][PASSED] - Text 'admin' is set on object 'Object Repository/DIGITURNO/CONFIGURACION/7Sistema/3 Autorizacion Personalizada/2 Perfiles/input_TextoABuscar'

2023-08-14 15:01:59 - [TEST_STEP][PASSED] - delay(2): Delayed 2 second(s)

2023-08-14 15:02:01 - [MESSAGE][PASSED] - Delayed 2 second(s)

2023-08-14 15:02:01 - [TEST_STEP][PASSED] - click(findTestObject("DIGITURNO/CONFIGURACION/7Sistema/3 Autorizacion Personalizada/2 Perfiles/td_1 Administrador")): Object: 'Object Repository/DIGITURNO/CONFIGURACION/7Sistema/3 Autorizacion Personalizada/2 Perfiles/td_1 Administrador' is clicked on

2023-08-14 15:02:02 - [MESSAGE][PASSED] - Object: 'Object Repository/DIGITURNO/CONFIGURACION/7Sistema/3 Autorizacion Personalizada/2 Perfiles/td_1 Administrador' is clicked on

2023-08-14 15:02:02 - [TEST_STEP][PASSED] - delay(2): Delayed 2 second(s)

2023-08-14 15:02:04 - [MESSAGE][PASSED] - Delayed 2 second(s)

2023-08-14 15:02:04 - [TEST_STEP][PASSED] - click(findTestObject("DIGITURNO/CONFIGURACION/7Sistema/3 Autorizacion Personalizada/4 Botones con restriccion/a_SeleccionarTodo")): Object: 'Object Repository/DIGITURNO/CONFIGURACION/7Sistema/3 Autorizacion Personalizada/4 Botones con restriccion/a_SeleccionarTodo' is clicked on

2023-08-14 15:02:04 - [MESSAGE][PASSED] - Object: 'Object Repository/DIGITURNO/CONFIGURACION/7Sistema/3 Autorizacion Personalizada/4 Botones con restriccion/a_SeleccionarTodo' is clicked on

2023-08-14 15:02:04 - [TEST_STEP][PASSED] - delay(2): Delayed 2 second(s)

2023-08-14 15:02:06 - [MESSAGE][PASSED] - Delayed 2 second(s)

2023-08-14 15:02:06 - [TEST_STEP][PASSED] - click(findTestObject("DIGITURNO/CONFIGURACION/7Sistema/3 Autorizacion Personalizada/4 Botones con restriccion/img_Liberar")): Object: 'Object Repository/DIGITURNO/CONFIGURACION/7Sistema/3 Autorizacion Personalizada/4 Botones con restriccion/img_Liberar' is clicked on

2023-08-14 15:02:07 - [MESSAGE][PASSED] - Object: 'Object Repository/DIGITURNO/CONFIGURACION/7Sistema/3 Autorizacion Personalizada/4 Botones con restriccion/img_Liberar' is clicked on

2023-08-14 15:02:07 - [TEST_STEP][PASSED] - delay(3): Delayed 3 second(s)

2023-08-14 15:02:10 - [MESSAGE][PASSED] - Delayed 3 second(s)

2023-08-14 15:02:10 - [TEST_STEP][PASSED] - takeFullPageScreenshot(): Taking screenshot successfully

2023-08-14 15:02:10 - [MESSAGE][INFO] - 0 hidden object(s)

2023-08-14 15:02:10 - [MESSAGE][PASSED] - Taking screenshot successfully
[[ATTACHMENT|C:\\CIEL INGENIERIA\\Katalon\\Digiturno55\\Reports\\20230814_141235\\DIGITURNO\\BASICO\\63 Autorizacion Personalizada\\20230814_141339\\1692043330193.png]]

2023-08-14 15:02:10 - [TEST_STEP][PASSED] - delay(3): Delayed 3 second(s)

2023-08-14 15:02:13 - [MESSAGE][PASSED] - Delayed 3 second(s)

2023-08-14 15:02:13 - [TEST_STEP][PASSED] - Start listener action : sampleAfterTestCase: null]]></system-out>
         <system-err><![CDATA[]]></system-err>
      </testcase>
      <system-out><![CDATA[2023-08-14 15:00:47 - [TEST_SUITE][PASSED] - 63 Autorizacion Personalizada: Test Cases/DIGITURNO/BASICO/63 Autorizacion Personalizada Liberar]]></system-out>
      <system-err><![CDATA[]]></system-err>
   </testsuite>
</testsuites>
