<?xml version="1.0" encoding="UTF-8"?>
<testsuites name="4 Crear Niveles Geograficos" time="52.157" tests="1" failures="0" errors="0">
   <testsuite name="4 Crear Niveles Geograficos" tests="1" failures="0" errors="0" time="52.157" skipped="0" timestamp="2024-04-02 14:33:33" hostname="jdavila - PCPruebas101.ciel.cielingenieria.com" id="Test Suites/WIZARD/2Estructura Geografica/4 Crear Niveles Geograficos">
      <properties>
         <property name="deviceName" value=""/>
         <property name="devicePlatform" value=""/>
         <property name="logFolder" value="C:\\CIEL INGENIERIA\\Katalon\\Digiturno55\\Reports\\20240402_143319\\WIZARD\\2Estructura Geografica\\4 Crear Niveles Geograficos\\20240402_143320"/>
         <property name="logFiles" value="C:\\CIEL INGENIERIA\\Katalon\\Digiturno55\\Reports\\20240402_143319\\WIZARD\\2Estructura Geografica\\4 Crear Niveles Geograficos\\20240402_143320\\execution0.log"/>
         <property name="attachments" value="C:\\CIEL INGENIERIA\\Katalon\\Digiturno55\\Reports\\20240402_143319\\WIZARD\\2Estructura Geografica\\4 Crear Niveles Geograficos\\20240402_143320\\1712086461916.png"/>
         <property name="hostName" value="jdavila - PCPruebas101.ciel.cielingenieria.com"/>
         <property name="os" value="Windows 10 64bit"/>
         <property name="katalonVersion" value="8.6.9.208"/>
         <property name="browser" value="Chrome 123.0.0.0"/>
         <property name="hostAddress" value="192.168.91.18"/>
         <property name="sessionId" value="8ec2b31a1aa85588da1a61938280a7fe"/>
         <property name="seleniumVersion" value="3.141.59"/>
         <property name="proxyInformation" value="ProxyInformation { proxyOption=NO_PROXY, proxyServerType=HTTP, username=, password=********, proxyServerAddress=, proxyServerPort=0, executionList=&quot;&quot;, isApplyToDesiredCapabilities=true }"/>
         <property name="platform" value="Windows 10"/>
      </properties>
      <testcase name="Test Cases/WIZARD/2Estructura Geografica/4 Crear Niveles Geograficos" time="51.874" classname="Test Cases/WIZARD/2Estructura Geografica/4 Crear Niveles Geograficos" status="PASSED">
         <system-out><![CDATA[2024-04-02 14:33:33 - [TEST_CASE][PASSED] - Test Cases/WIZARD/2Estructura Geografica/4 Crear Niveles Geograficos: Test Cases/WIZARD/2Estructura Geografica/4 Crear Niveles Geograficos

2024-04-02 14:33:34 - [TEST_STEP][PASSED] - callTestCase(findTestCase("0InicioSesion"), [:], STOP_ON_FAILURE): Call Test Case 'Test Cases/0InicioSesion' successfully

2024-04-02 14:33:34 - [TEST_CASE][PASSED] - Test Cases/0InicioSesion: Test Cases/0InicioSesion

2024-04-02 14:33:34 - [TEST_STEP][PASSED] - openBrowser(UrlDigiturno): Browser is opened with url: 'https://PCPruebas101.ciel.cielingenieria.com:8910'

2024-04-02 14:33:35 - [MESSAGE][INFO] - Starting 'Chrome' driver

2024-04-02 14:33:35 - [MESSAGE][INFO] - User set preference: ['args', '[--use-fake-ui-for-media-stream, --disable-notifications]']

2024-04-02 14:33:35 - [MESSAGE][INFO] - Action delay is set to 0 milliseconds

2024-04-02 14:33:40 - [MESSAGE][PASSED] - Browser is opened with url: 'https://PCPruebas101.ciel.cielingenieria.com:8910'

2024-04-02 14:33:40 - [TEST_STEP][PASSED] - maximizeWindow(): Current window maximized

2024-04-02 14:33:41 - [MESSAGE][PASSED] - Current window maximized

2024-04-02 14:33:41 - [TEST_STEP][PASSED] - delay(3): Delayed 3 second(s)

2024-04-02 14:33:44 - [MESSAGE][PASSED] - Delayed 3 second(s)

2024-04-02 14:33:44 - [TEST_STEP][PASSED] - setText(findTestObject("0Inicio Sesion/input_Usuario"), "Ciel"): Text 'Ciel' is set on object 'Object Repository/0Inicio Sesion/input_Usuario'

2024-04-02 14:33:44 - [MESSAGE][PASSED] - Text 'Ciel' is set on object 'Object Repository/0Inicio Sesion/input_Usuario'

2024-04-02 14:33:44 - [TEST_STEP][PASSED] - setText(findTestObject("0Inicio Sesion/input_Clave"), "digiturno"): Text 'digiturno' is set on object 'Object Repository/0Inicio Sesion/input_Clave'

2024-04-02 14:33:45 - [MESSAGE][PASSED] - Text 'digiturno' is set on object 'Object Repository/0Inicio Sesion/input_Clave'

2024-04-02 14:33:45 - [TEST_STEP][PASSED] - click(findTestObject("0Inicio Sesion/btn_IniciarSesion")): Object: 'Object Repository/0Inicio Sesion/btn_IniciarSesion' is clicked on

2024-04-02 14:33:46 - [MESSAGE][PASSED] - Object: 'Object Repository/0Inicio Sesion/btn_IniciarSesion' is clicked on

2024-04-02 14:33:46 - [TEST_STEP][PASSED] - delay(3): Delayed 3 second(s)

2024-04-02 14:33:49 - [MESSAGE][PASSED] - Delayed 3 second(s)

2024-04-02 14:33:49 - [MESSAGE][PASSED] - Call Test Case 'Test Cases/0InicioSesion' successfully

2024-04-02 14:33:49 - [TEST_STEP][PASSED] - click(findTestObject("WIZARD/0Principal/img_EstructuraGeograficaMAX")): Object: 'Object Repository/WIZARD/0Principal/img_EstructuraGeograficaMAX' is clicked on

2024-04-02 14:34:02 - [MESSAGE][PASSED] - Object: 'Object Repository/WIZARD/0Principal/img_EstructuraGeograficaMAX' is clicked on

2024-04-02 14:34:02 - [TEST_STEP][PASSED] - delay(3): Delayed 3 second(s)

2024-04-02 14:34:05 - [MESSAGE][PASSED] - Delayed 3 second(s)

2024-04-02 14:34:05 - [TEST_STEP][PASSED] - click(findTestObject("WIZARD/2Estructura Geografica/0Arbol Geografico/span_Niveles geograficos")): Object: 'Object Repository/WIZARD/2Estructura Geografica/0Arbol Geografico/span_Niveles geograficos' is clicked on

2024-04-02 14:34:05 - [MESSAGE][PASSED] - Object: 'Object Repository/WIZARD/2Estructura Geografica/0Arbol Geografico/span_Niveles geograficos' is clicked on

2024-04-02 14:34:05 - [TEST_STEP][PASSED] - delay(3): Delayed 3 second(s)

2024-04-02 14:34:08 - [MESSAGE][PASSED] - Delayed 3 second(s)

2024-04-02 14:34:08 - [TEST_STEP][PASSED] - setText(findTestObject("WIZARD/2Estructura Geografica/1Niveles Geograficos/Edicion de niveles geograficos/input_Nombre"), "Pais"): Text 'Pais' is set on object 'Object Repository/WIZARD/2Estructura Geografica/1Niveles Geograficos/Edicion de niveles geograficos/input_Nombre'

2024-04-02 14:34:09 - [MESSAGE][PASSED] - Text 'Pais' is set on object 'Object Repository/WIZARD/2Estructura Geografica/1Niveles Geograficos/Edicion de niveles geograficos/input_Nombre'

2024-04-02 14:34:09 - [TEST_STEP][PASSED] - click(findTestObject("WIZARD/2Estructura Geografica/1Niveles Geograficos/Edicion de niveles geograficos/btn_Crear")): Object: 'Object Repository/WIZARD/2Estructura Geografica/1Niveles Geograficos/Edicion de niveles geograficos/btn_Crear' is clicked on

2024-04-02 14:34:10 - [MESSAGE][PASSED] - Object: 'Object Repository/WIZARD/2Estructura Geografica/1Niveles Geograficos/Edicion de niveles geograficos/btn_Crear' is clicked on

2024-04-02 14:34:10 - [TEST_STEP][PASSED] - delay(3): Delayed 3 second(s)

2024-04-02 14:34:13 - [MESSAGE][PASSED] - Delayed 3 second(s)

2024-04-02 14:34:13 - [TEST_STEP][PASSED] - setText(findTestObject("WIZARD/2Estructura Geografica/1Niveles Geograficos/Edicion de niveles geograficos/input_Nombre"), "Departamento"): Text 'Departamento' is set on object 'Object Repository/WIZARD/2Estructura Geografica/1Niveles Geograficos/Edicion de niveles geograficos/input_Nombre'

2024-04-02 14:34:14 - [MESSAGE][PASSED] - Text 'Departamento' is set on object 'Object Repository/WIZARD/2Estructura Geografica/1Niveles Geograficos/Edicion de niveles geograficos/input_Nombre'

2024-04-02 14:34:14 - [TEST_STEP][PASSED] - click(findTestObject("WIZARD/2Estructura Geografica/1Niveles Geograficos/Edicion de niveles geograficos/btn_Crear")): Object: 'Object Repository/WIZARD/2Estructura Geografica/1Niveles Geograficos/Edicion de niveles geograficos/btn_Crear' is clicked on

2024-04-02 14:34:14 - [MESSAGE][PASSED] - Object: 'Object Repository/WIZARD/2Estructura Geografica/1Niveles Geograficos/Edicion de niveles geograficos/btn_Crear' is clicked on

2024-04-02 14:34:14 - [TEST_STEP][PASSED] - delay(3): Delayed 3 second(s)

2024-04-02 14:34:17 - [MESSAGE][PASSED] - Delayed 3 second(s)

2024-04-02 14:34:17 - [TEST_STEP][PASSED] - setText(findTestObject("WIZARD/2Estructura Geografica/1Niveles Geograficos/Edicion de niveles geograficos/input_Nombre"), "Ciudad"): Text 'Ciudad' is set on object 'Object Repository/WIZARD/2Estructura Geografica/1Niveles Geograficos/Edicion de niveles geograficos/input_Nombre'

2024-04-02 14:34:18 - [MESSAGE][PASSED] - Text 'Ciudad' is set on object 'Object Repository/WIZARD/2Estructura Geografica/1Niveles Geograficos/Edicion de niveles geograficos/input_Nombre'

2024-04-02 14:34:18 - [TEST_STEP][PASSED] - click(findTestObject("WIZARD/2Estructura Geografica/1Niveles Geograficos/Edicion de niveles geograficos/btn_Crear")): Object: 'Object Repository/WIZARD/2Estructura Geografica/1Niveles Geograficos/Edicion de niveles geograficos/btn_Crear' is clicked on

2024-04-02 14:34:18 - [MESSAGE][PASSED] - Object: 'Object Repository/WIZARD/2Estructura Geografica/1Niveles Geograficos/Edicion de niveles geograficos/btn_Crear' is clicked on

2024-04-02 14:34:18 - [TEST_STEP][PASSED] - delay(3): Delayed 3 second(s)

2024-04-02 14:34:21 - [MESSAGE][PASSED] - Delayed 3 second(s)

2024-04-02 14:34:21 - [TEST_STEP][PASSED] - takeFullPageScreenshot(): Taking screenshot successfully

2024-04-02 14:34:22 - [MESSAGE][INFO] - 0 hidden object(s)

2024-04-02 14:34:22 - [MESSAGE][PASSED] - Taking screenshot successfully
[[ATTACHMENT|C:\\CIEL INGENIERIA\\Katalon\\Digiturno55\\Reports\\20240402_143319\\WIZARD\\2Estructura Geografica\\4 Crear Niveles Geograficos\\20240402_143320\\1712086461916.png]]

2024-04-02 14:34:22 - [TEST_STEP][PASSED] - delay(3): Delayed 3 second(s)

2024-04-02 14:34:25 - [MESSAGE][PASSED] - Delayed 3 second(s)

2024-04-02 14:34:25 - [TEST_STEP][PASSED] - Start listener action : sampleAfterTestCase: null]]></system-out>
         <system-err><![CDATA[]]></system-err>
      </testcase>
      <system-out><![CDATA[2024-04-02 14:33:33 - [TEST_SUITE][PASSED] - 4 Crear Niveles Geograficos: Test Cases/WIZARD/2Estructura Geografica/4 Crear Niveles Geograficos]]></system-out>
      <system-err><![CDATA[]]></system-err>
   </testsuite>
</testsuites>
