<?xml version="1.0" encoding="UTF-8"?>
<testsuites name="5.6 Relacionar Tableros" time="121.664" tests="1" failures="0" errors="0">
   <testsuite name="5.6 Relacionar Tableros" tests="1" failures="0" errors="0" time="121.664" skipped="0" timestamp="2024-01-15 10:34:51" hostname="jdavila - PCPruebas101.ciel.cielingenieria.com" id="Test Suites/WIZARD/3Infraestructura/6Tableros/5.6 Relacionar Tableros">
      <properties>
         <property name="deviceName" value=""/>
         <property name="devicePlatform" value=""/>
         <property name="logFolder" value="C:\\CIEL INGENIERIA\\Katalon\\Digiturno55\\Reports\\20240115_094157\\WIZARD\\3Infraestructura\\6Tableros\\5.6 Relacionar Tableros\\20240115_094309"/>
         <property name="logFiles" value="C:\\CIEL INGENIERIA\\Katalon\\Digiturno55\\Reports\\20240115_094157\\WIZARD\\3Infraestructura\\6Tableros\\5.6 Relacionar Tableros\\20240115_094309\\execution0.log"/>
         <property name="attachments" value="C:\\CIEL INGENIERIA\\Katalon\\Digiturno55\\Reports\\20240115_094157\\WIZARD\\3Infraestructura\\6Tableros\\5.6 Relacionar Tableros\\20240115_094309\\1705333009423.png"/>
         <property name="hostName" value="jdavila - PCPruebas101.ciel.cielingenieria.com"/>
         <property name="os" value="Windows 10 64bit"/>
         <property name="katalonVersion" value="8.6.8.208"/>
         <property name="browser" value="Chrome 120.0.0.0"/>
         <property name="hostAddress" value="192.168.0.9"/>
         <property name="sessionId" value="e6ab1bf920df416cf8f13a2fcbe355ad"/>
         <property name="seleniumVersion" value="3.141.59"/>
         <property name="proxyInformation" value="ProxyInformation { proxyOption=NO_PROXY, proxyServerType=HTTP, username=, password=********, proxyServerAddress=, proxyServerPort=0, executionList=&quot;&quot;, isApplyToDesiredCapabilities=true }"/>
         <property name="platform" value="Windows 10"/>
      </properties>
      <testcase name="Test Cases/WIZARD/3Infraestructura/6Tableros/5.6 Relacionar Tableros" time="121.439" classname="Test Cases/WIZARD/3Infraestructura/6Tableros/5.6 Relacionar Tableros" status="PASSED">
         <system-out><![CDATA[2024-01-15 10:34:51 - [TEST_CASE][PASSED] - Test Cases/WIZARD/3Infraestructura/6Tableros/5.6 Relacionar Tableros: Test Cases/WIZARD/3Infraestructura/6Tableros/5.6 Relacionar Tableros

2024-01-15 10:34:52 - [TEST_STEP][PASSED] - callTestCase(findTestCase("0InicioSesion"), [:], STOP_ON_FAILURE): Call Test Case 'Test Cases/0InicioSesion' successfully

2024-01-15 10:34:52 - [TEST_CASE][PASSED] - Test Cases/0InicioSesion: Test Cases/0InicioSesion

2024-01-15 10:34:52 - [TEST_STEP][PASSED] - openBrowser(UrlDigiturno): Browser is opened with url: 'https://PCPruebas101.ciel.cielingenieria.com:8610'

2024-01-15 10:34:53 - [MESSAGE][INFO] - Starting 'Chrome' driver

2024-01-15 10:34:53 - [MESSAGE][INFO] - User set preference: ['args', '[--use-fake-ui-for-media-stream, --disable-notifications]']

2024-01-15 10:34:53 - [MESSAGE][INFO] - Action delay is set to 0 milliseconds

2024-01-15 10:34:55 - [MESSAGE][PASSED] - Browser is opened with url: 'https://PCPruebas101.ciel.cielingenieria.com:8610'

2024-01-15 10:34:55 - [TEST_STEP][PASSED] - maximizeWindow(): Current window maximized

2024-01-15 10:34:55 - [MESSAGE][PASSED] - Current window maximized

2024-01-15 10:34:55 - [TEST_STEP][PASSED] - delay(3): Delayed 3 second(s)

2024-01-15 10:34:58 - [MESSAGE][PASSED] - Delayed 3 second(s)

2024-01-15 10:34:58 - [TEST_STEP][PASSED] - setText(findTestObject("0Inicio Sesion/input_Usuario"), "Ciel"): Text 'Ciel' is set on object 'Object Repository/0Inicio Sesion/input_Usuario'

2024-01-15 10:34:59 - [MESSAGE][PASSED] - Text 'Ciel' is set on object 'Object Repository/0Inicio Sesion/input_Usuario'

2024-01-15 10:34:59 - [TEST_STEP][PASSED] - setText(findTestObject("0Inicio Sesion/input_Clave"), "digiturno"): Text 'digiturno' is set on object 'Object Repository/0Inicio Sesion/input_Clave'

2024-01-15 10:35:00 - [MESSAGE][PASSED] - Text 'digiturno' is set on object 'Object Repository/0Inicio Sesion/input_Clave'

2024-01-15 10:35:00 - [TEST_STEP][PASSED] - click(findTestObject("0Inicio Sesion/btn_IniciarSesion")): Object: 'Object Repository/0Inicio Sesion/btn_IniciarSesion' is clicked on

2024-01-15 10:35:00 - [MESSAGE][PASSED] - Object: 'Object Repository/0Inicio Sesion/btn_IniciarSesion' is clicked on

2024-01-15 10:35:00 - [TEST_STEP][PASSED] - delay(3): Delayed 3 second(s)

2024-01-15 10:35:03 - [MESSAGE][PASSED] - Delayed 3 second(s)

2024-01-15 10:35:03 - [MESSAGE][PASSED] - Call Test Case 'Test Cases/0InicioSesion' successfully

2024-01-15 10:35:03 - [TEST_STEP][PASSED] - click(findTestObject("WIZARD/0Principal/img_InfraestructuraMAX")): Object: 'Object Repository/WIZARD/0Principal/img_InfraestructuraMAX' is clicked on

2024-01-15 10:35:04 - [MESSAGE][PASSED] - Object: 'Object Repository/WIZARD/0Principal/img_InfraestructuraMAX' is clicked on

2024-01-15 10:35:04 - [TEST_STEP][PASSED] - delay(3): Delayed 3 second(s)

2024-01-15 10:35:07 - [MESSAGE][PASSED] - Delayed 3 second(s)

2024-01-15 10:35:07 - [TEST_STEP][PASSED] - click(findTestObject("WIZARD/3Infraestructura/0Menu/span_Tableros")): Object: 'Object Repository/WIZARD/3Infraestructura/0Menu/span_Tableros' is clicked on

2024-01-15 10:35:08 - [MESSAGE][PASSED] - Object: 'Object Repository/WIZARD/3Infraestructura/0Menu/span_Tableros' is clicked on

2024-01-15 10:35:08 - [TEST_STEP][PASSED] - delay(3): Delayed 3 second(s)

2024-01-15 10:35:11 - [MESSAGE][PASSED] - Delayed 3 second(s)

2024-01-15 10:35:11 - [TEST_STEP][PASSED] - click(findTestObject("WIZARD/3Infraestructura/6Tableros/0OficinaModal/td_Bogota - CIEL")): Object: 'Object Repository/WIZARD/3Infraestructura/6Tableros/0OficinaModal/td_Bogota - CIEL' is clicked on

2024-01-15 10:35:11 - [MESSAGE][PASSED] - Object: 'Object Repository/WIZARD/3Infraestructura/6Tableros/0OficinaModal/td_Bogota - CIEL' is clicked on

2024-01-15 10:35:11 - [TEST_STEP][PASSED] - delay(3): Delayed 3 second(s)

2024-01-15 10:35:14 - [MESSAGE][PASSED] - Delayed 3 second(s)

2024-01-15 10:35:14 - [TEST_STEP][PASSED] - click(findTestObject("WIZARD/3Infraestructura/6Tableros/Lista de Tableros/td_Tablero - 1")): Object: 'Object Repository/WIZARD/3Infraestructura/6Tableros/Lista de Tableros/td_Tablero - 1' is clicked on

2024-01-15 10:35:15 - [MESSAGE][PASSED] - Object: 'Object Repository/WIZARD/3Infraestructura/6Tableros/Lista de Tableros/td_Tablero - 1' is clicked on

2024-01-15 10:35:15 - [TEST_STEP][PASSED] - delay(3): Delayed 3 second(s)

2024-01-15 10:35:18 - [MESSAGE][PASSED] - Delayed 3 second(s)

2024-01-15 10:35:18 - [TEST_STEP][PASSED] - scrollToElement(findTestObject("WIZARD/3Infraestructura/6Tableros/Configuracion/Edicion/Elementos del nivel/img_Relacionar"), 2): Scroll to object 'Object Repository/WIZARD/3Infraestructura/6Tableros/Configuracion/Edicion/Elementos del nivel/img_Relacionar' successfully

2024-01-15 10:35:18 - [MESSAGE][PASSED] - Scroll to object 'Object Repository/WIZARD/3Infraestructura/6Tableros/Configuracion/Edicion/Elementos del nivel/img_Relacionar' successfully

2024-01-15 10:35:18 - [TEST_STEP][PASSED] - executeJavaScript("return document.getElementById('ContentPlaceHolder1_TabContainer1_tpEdicion_salasEntes_TablaHerramientas1_aSeleccionarTodo').click()", []): Execute JavaScript 'return document.getElementById('ContentPlaceHolder1_TabContainer1_tpEdicion_salasEntes_TablaHerramientas1_aSeleccionarTodo').click()' successfully

2024-01-15 10:35:18 - [MESSAGE][PASSED] - Execute JavaScript 'return document.getElementById('ContentPlaceHolder1_TabContainer1_tpEdicion_salasEntes_TablaHerramientas1_aSeleccionarTodo').click()' successfully

2024-01-15 10:35:18 - [TEST_STEP][PASSED] - click(findTestObject("WIZARD/3Infraestructura/6Tableros/Configuracion/Edicion/Elementos del nivel/img_Relacionar")): Object: 'Object Repository/WIZARD/3Infraestructura/6Tableros/Configuracion/Edicion/Elementos del nivel/img_Relacionar' is clicked on

2024-01-15 10:35:19 - [MESSAGE][PASSED] - Object: 'Object Repository/WIZARD/3Infraestructura/6Tableros/Configuracion/Edicion/Elementos del nivel/img_Relacionar' is clicked on

2024-01-15 10:35:19 - [TEST_STEP][PASSED] - delay(3): Delayed 3 second(s)

2024-01-15 10:35:22 - [MESSAGE][PASSED] - Delayed 3 second(s)

2024-01-15 10:35:22 - [TEST_STEP][PASSED] - click(findTestObject("WIZARD/3Infraestructura/0Menu/span_Tableros")): Object: 'Object Repository/WIZARD/3Infraestructura/0Menu/span_Tableros' is clicked on

2024-01-15 10:35:23 - [MESSAGE][PASSED] - Object: 'Object Repository/WIZARD/3Infraestructura/0Menu/span_Tableros' is clicked on

2024-01-15 10:35:23 - [TEST_STEP][PASSED] - delay(3): Delayed 3 second(s)

2024-01-15 10:35:26 - [MESSAGE][PASSED] - Delayed 3 second(s)

2024-01-15 10:35:26 - [TEST_STEP][PASSED] - click(findTestObject("WIZARD/3Infraestructura/6Tableros/0OficinaModal/td_Cali - Chipichape")): Object: 'Object Repository/WIZARD/3Infraestructura/6Tableros/0OficinaModal/td_Cali - Chipichape' is clicked on

2024-01-15 10:35:26 - [MESSAGE][PASSED] - Object: 'Object Repository/WIZARD/3Infraestructura/6Tableros/0OficinaModal/td_Cali - Chipichape' is clicked on

2024-01-15 10:35:26 - [TEST_STEP][PASSED] - delay(3): Delayed 3 second(s)

2024-01-15 10:35:29 - [MESSAGE][PASSED] - Delayed 3 second(s)

2024-01-15 10:35:29 - [TEST_STEP][PASSED] - click(findTestObject("WIZARD/3Infraestructura/6Tableros/Lista de Tableros/td_Tablero - 1")): Object: 'Object Repository/WIZARD/3Infraestructura/6Tableros/Lista de Tableros/td_Tablero - 1' is clicked on

2024-01-15 10:35:29 - [MESSAGE][PASSED] - Object: 'Object Repository/WIZARD/3Infraestructura/6Tableros/Lista de Tableros/td_Tablero - 1' is clicked on

2024-01-15 10:35:29 - [TEST_STEP][PASSED] - delay(3): Delayed 3 second(s)

2024-01-15 10:35:33 - [MESSAGE][PASSED] - Delayed 3 second(s)

2024-01-15 10:35:33 - [TEST_STEP][PASSED] - scrollToElement(findTestObject("WIZARD/3Infraestructura/6Tableros/Configuracion/Edicion/Elementos del nivel/img_Relacionar"), 2): Scroll to object 'Object Repository/WIZARD/3Infraestructura/6Tableros/Configuracion/Edicion/Elementos del nivel/img_Relacionar' successfully

2024-01-15 10:35:33 - [MESSAGE][PASSED] - Scroll to object 'Object Repository/WIZARD/3Infraestructura/6Tableros/Configuracion/Edicion/Elementos del nivel/img_Relacionar' successfully

2024-01-15 10:35:33 - [TEST_STEP][PASSED] - executeJavaScript("return document.getElementById('ContentPlaceHolder1_TabContainer1_tpEdicion_salasEntes_TablaHerramientas1_aSeleccionarTodo').click()", []): Execute JavaScript 'return document.getElementById('ContentPlaceHolder1_TabContainer1_tpEdicion_salasEntes_TablaHerramientas1_aSeleccionarTodo').click()' successfully

2024-01-15 10:35:33 - [MESSAGE][PASSED] - Execute JavaScript 'return document.getElementById('ContentPlaceHolder1_TabContainer1_tpEdicion_salasEntes_TablaHerramientas1_aSeleccionarTodo').click()' successfully

2024-01-15 10:35:33 - [TEST_STEP][PASSED] - click(findTestObject("WIZARD/3Infraestructura/6Tableros/Configuracion/Edicion/Elementos del nivel/img_Relacionar")): Object: 'Object Repository/WIZARD/3Infraestructura/6Tableros/Configuracion/Edicion/Elementos del nivel/img_Relacionar' is clicked on

2024-01-15 10:35:33 - [MESSAGE][PASSED] - Object: 'Object Repository/WIZARD/3Infraestructura/6Tableros/Configuracion/Edicion/Elementos del nivel/img_Relacionar' is clicked on

2024-01-15 10:35:33 - [TEST_STEP][PASSED] - delay(3): Delayed 3 second(s)

2024-01-15 10:35:36 - [MESSAGE][PASSED] - Delayed 3 second(s)

2024-01-15 10:35:36 - [TEST_STEP][PASSED] - click(findTestObject("WIZARD/3Infraestructura/0Menu/span_Tableros")): Object: 'Object Repository/WIZARD/3Infraestructura/0Menu/span_Tableros' is clicked on

2024-01-15 10:35:37 - [MESSAGE][PASSED] - Object: 'Object Repository/WIZARD/3Infraestructura/0Menu/span_Tableros' is clicked on

2024-01-15 10:35:37 - [TEST_STEP][PASSED] - delay(3): Delayed 3 second(s)

2024-01-15 10:35:40 - [MESSAGE][PASSED] - Delayed 3 second(s)

2024-01-15 10:35:40 - [TEST_STEP][PASSED] - click(findTestObject("WIZARD/3Infraestructura/6Tableros/0OficinaModal/td_Cartagena - Bocagrande")): Object: 'Object Repository/WIZARD/3Infraestructura/6Tableros/0OficinaModal/td_Cartagena - Bocagrande' is clicked on

2024-01-15 10:35:41 - [MESSAGE][PASSED] - Object: 'Object Repository/WIZARD/3Infraestructura/6Tableros/0OficinaModal/td_Cartagena - Bocagrande' is clicked on

2024-01-15 10:35:41 - [TEST_STEP][PASSED] - delay(3): Delayed 3 second(s)

2024-01-15 10:35:44 - [MESSAGE][PASSED] - Delayed 3 second(s)

2024-01-15 10:35:44 - [TEST_STEP][PASSED] - click(findTestObject("WIZARD/3Infraestructura/6Tableros/Lista de Tableros/td_Tablero - 1")): Object: 'Object Repository/WIZARD/3Infraestructura/6Tableros/Lista de Tableros/td_Tablero - 1' is clicked on

2024-01-15 10:35:44 - [MESSAGE][PASSED] - Object: 'Object Repository/WIZARD/3Infraestructura/6Tableros/Lista de Tableros/td_Tablero - 1' is clicked on

2024-01-15 10:35:44 - [TEST_STEP][PASSED] - delay(3): Delayed 3 second(s)

2024-01-15 10:35:47 - [MESSAGE][PASSED] - Delayed 3 second(s)

2024-01-15 10:35:47 - [TEST_STEP][PASSED] - scrollToElement(findTestObject("WIZARD/3Infraestructura/6Tableros/Configuracion/Edicion/Elementos del nivel/img_Relacionar"), 2): Scroll to object 'Object Repository/WIZARD/3Infraestructura/6Tableros/Configuracion/Edicion/Elementos del nivel/img_Relacionar' successfully

2024-01-15 10:35:47 - [MESSAGE][PASSED] - Scroll to object 'Object Repository/WIZARD/3Infraestructura/6Tableros/Configuracion/Edicion/Elementos del nivel/img_Relacionar' successfully

2024-01-15 10:35:47 - [TEST_STEP][PASSED] - executeJavaScript("return document.getElementById('ContentPlaceHolder1_TabContainer1_tpEdicion_salasEntes_TablaHerramientas1_aSeleccionarTodo').click()", []): Execute JavaScript 'return document.getElementById('ContentPlaceHolder1_TabContainer1_tpEdicion_salasEntes_TablaHerramientas1_aSeleccionarTodo').click()' successfully

2024-01-15 10:35:47 - [MESSAGE][PASSED] - Execute JavaScript 'return document.getElementById('ContentPlaceHolder1_TabContainer1_tpEdicion_salasEntes_TablaHerramientas1_aSeleccionarTodo').click()' successfully

2024-01-15 10:35:47 - [TEST_STEP][PASSED] - click(findTestObject("WIZARD/3Infraestructura/6Tableros/Configuracion/Edicion/Elementos del nivel/img_Relacionar")): Object: 'Object Repository/WIZARD/3Infraestructura/6Tableros/Configuracion/Edicion/Elementos del nivel/img_Relacionar' is clicked on

2024-01-15 10:35:48 - [MESSAGE][PASSED] - Object: 'Object Repository/WIZARD/3Infraestructura/6Tableros/Configuracion/Edicion/Elementos del nivel/img_Relacionar' is clicked on

2024-01-15 10:35:48 - [TEST_STEP][PASSED] - delay(3): Delayed 3 second(s)

2024-01-15 10:35:51 - [MESSAGE][PASSED] - Delayed 3 second(s)

2024-01-15 10:35:51 - [TEST_STEP][PASSED] - click(findTestObject("WIZARD/3Infraestructura/0Menu/span_Tableros")): Object: 'Object Repository/WIZARD/3Infraestructura/0Menu/span_Tableros' is clicked on

2024-01-15 10:35:52 - [MESSAGE][PASSED] - Object: 'Object Repository/WIZARD/3Infraestructura/0Menu/span_Tableros' is clicked on

2024-01-15 10:35:52 - [TEST_STEP][PASSED] - delay(3): Delayed 3 second(s)

2024-01-15 10:35:55 - [MESSAGE][PASSED] - Delayed 3 second(s)

2024-01-15 10:35:55 - [TEST_STEP][PASSED] - click(findTestObject("WIZARD/3Infraestructura/6Tableros/0OficinaModal/td_Manizales - Manizales")): Object: 'Object Repository/WIZARD/3Infraestructura/6Tableros/0OficinaModal/td_Manizales - Manizales' is clicked on

2024-01-15 10:35:55 - [MESSAGE][PASSED] - Object: 'Object Repository/WIZARD/3Infraestructura/6Tableros/0OficinaModal/td_Manizales - Manizales' is clicked on

2024-01-15 10:35:55 - [TEST_STEP][PASSED] - delay(3): Delayed 3 second(s)

2024-01-15 10:35:58 - [MESSAGE][PASSED] - Delayed 3 second(s)

2024-01-15 10:35:58 - [TEST_STEP][PASSED] - click(findTestObject("WIZARD/3Infraestructura/6Tableros/Lista de Tableros/td_Tablero - 1")): Object: 'Object Repository/WIZARD/3Infraestructura/6Tableros/Lista de Tableros/td_Tablero - 1' is clicked on

2024-01-15 10:35:58 - [MESSAGE][PASSED] - Object: 'Object Repository/WIZARD/3Infraestructura/6Tableros/Lista de Tableros/td_Tablero - 1' is clicked on

2024-01-15 10:35:58 - [TEST_STEP][PASSED] - delay(3): Delayed 3 second(s)

2024-01-15 10:36:01 - [MESSAGE][PASSED] - Delayed 3 second(s)

2024-01-15 10:36:01 - [TEST_STEP][PASSED] - scrollToElement(findTestObject("WIZARD/3Infraestructura/6Tableros/Configuracion/Edicion/Elementos del nivel/img_Relacionar"), 2): Scroll to object 'Object Repository/WIZARD/3Infraestructura/6Tableros/Configuracion/Edicion/Elementos del nivel/img_Relacionar' successfully

2024-01-15 10:36:02 - [MESSAGE][PASSED] - Scroll to object 'Object Repository/WIZARD/3Infraestructura/6Tableros/Configuracion/Edicion/Elementos del nivel/img_Relacionar' successfully

2024-01-15 10:36:02 - [TEST_STEP][PASSED] - executeJavaScript("return document.getElementById('ContentPlaceHolder1_TabContainer1_tpEdicion_salasEntes_TablaHerramientas1_aSeleccionarTodo').click()", []): Execute JavaScript 'return document.getElementById('ContentPlaceHolder1_TabContainer1_tpEdicion_salasEntes_TablaHerramientas1_aSeleccionarTodo').click()' successfully

2024-01-15 10:36:02 - [MESSAGE][PASSED] - Execute JavaScript 'return document.getElementById('ContentPlaceHolder1_TabContainer1_tpEdicion_salasEntes_TablaHerramientas1_aSeleccionarTodo').click()' successfully

2024-01-15 10:36:02 - [TEST_STEP][PASSED] - click(findTestObject("WIZARD/3Infraestructura/6Tableros/Configuracion/Edicion/Elementos del nivel/img_Relacionar")): Object: 'Object Repository/WIZARD/3Infraestructura/6Tableros/Configuracion/Edicion/Elementos del nivel/img_Relacionar' is clicked on

2024-01-15 10:36:02 - [MESSAGE][PASSED] - Object: 'Object Repository/WIZARD/3Infraestructura/6Tableros/Configuracion/Edicion/Elementos del nivel/img_Relacionar' is clicked on

2024-01-15 10:36:02 - [TEST_STEP][PASSED] - delay(3): Delayed 3 second(s)

2024-01-15 10:36:05 - [MESSAGE][PASSED] - Delayed 3 second(s)

2024-01-15 10:36:05 - [TEST_STEP][PASSED] - click(findTestObject("WIZARD/3Infraestructura/0Menu/span_Tableros")): Object: 'Object Repository/WIZARD/3Infraestructura/0Menu/span_Tableros' is clicked on

2024-01-15 10:36:06 - [MESSAGE][PASSED] - Object: 'Object Repository/WIZARD/3Infraestructura/0Menu/span_Tableros' is clicked on

2024-01-15 10:36:06 - [TEST_STEP][PASSED] - delay(3): Delayed 3 second(s)

2024-01-15 10:36:09 - [MESSAGE][PASSED] - Delayed 3 second(s)

2024-01-15 10:36:09 - [TEST_STEP][PASSED] - click(findTestObject("WIZARD/3Infraestructura/6Tableros/0OficinaModal/td_Medellin - Laureles")): Object: 'Object Repository/WIZARD/3Infraestructura/6Tableros/0OficinaModal/td_Medellin - Laureles' is clicked on

2024-01-15 10:36:09 - [MESSAGE][PASSED] - Object: 'Object Repository/WIZARD/3Infraestructura/6Tableros/0OficinaModal/td_Medellin - Laureles' is clicked on

2024-01-15 10:36:09 - [TEST_STEP][PASSED] - delay(3): Delayed 3 second(s)

2024-01-15 10:36:13 - [MESSAGE][PASSED] - Delayed 3 second(s)

2024-01-15 10:36:13 - [TEST_STEP][PASSED] - click(findTestObject("WIZARD/3Infraestructura/6Tableros/Lista de Tableros/td_Tablero - 1")): Object: 'Object Repository/WIZARD/3Infraestructura/6Tableros/Lista de Tableros/td_Tablero - 1' is clicked on

2024-01-15 10:36:13 - [MESSAGE][PASSED] - Object: 'Object Repository/WIZARD/3Infraestructura/6Tableros/Lista de Tableros/td_Tablero - 1' is clicked on

2024-01-15 10:36:13 - [TEST_STEP][PASSED] - delay(3): Delayed 3 second(s)

2024-01-15 10:36:16 - [MESSAGE][PASSED] - Delayed 3 second(s)

2024-01-15 10:36:16 - [TEST_STEP][PASSED] - scrollToElement(findTestObject("WIZARD/3Infraestructura/6Tableros/Configuracion/Edicion/Elementos del nivel/img_Relacionar"), 2): Scroll to object 'Object Repository/WIZARD/3Infraestructura/6Tableros/Configuracion/Edicion/Elementos del nivel/img_Relacionar' successfully

2024-01-15 10:36:16 - [MESSAGE][PASSED] - Scroll to object 'Object Repository/WIZARD/3Infraestructura/6Tableros/Configuracion/Edicion/Elementos del nivel/img_Relacionar' successfully

2024-01-15 10:36:16 - [TEST_STEP][PASSED] - executeJavaScript("return document.getElementById('ContentPlaceHolder1_TabContainer1_tpEdicion_salasEntes_TablaHerramientas1_aSeleccionarTodo').click()", []): Execute JavaScript 'return document.getElementById('ContentPlaceHolder1_TabContainer1_tpEdicion_salasEntes_TablaHerramientas1_aSeleccionarTodo').click()' successfully

2024-01-15 10:36:16 - [MESSAGE][PASSED] - Execute JavaScript 'return document.getElementById('ContentPlaceHolder1_TabContainer1_tpEdicion_salasEntes_TablaHerramientas1_aSeleccionarTodo').click()' successfully

2024-01-15 10:36:16 - [TEST_STEP][PASSED] - click(findTestObject("WIZARD/3Infraestructura/6Tableros/Configuracion/Edicion/Elementos del nivel/img_Relacionar")): Object: 'Object Repository/WIZARD/3Infraestructura/6Tableros/Configuracion/Edicion/Elementos del nivel/img_Relacionar' is clicked on

2024-01-15 10:36:17 - [MESSAGE][PASSED] - Object: 'Object Repository/WIZARD/3Infraestructura/6Tableros/Configuracion/Edicion/Elementos del nivel/img_Relacionar' is clicked on

2024-01-15 10:36:17 - [TEST_STEP][PASSED] - delay(3): Delayed 3 second(s)

2024-01-15 10:36:20 - [MESSAGE][PASSED] - Delayed 3 second(s)

2024-01-15 10:36:20 - [TEST_STEP][PASSED] - click(findTestObject("WIZARD/3Infraestructura/0Menu/span_Tableros")): Object: 'Object Repository/WIZARD/3Infraestructura/0Menu/span_Tableros' is clicked on

2024-01-15 10:36:21 - [MESSAGE][PASSED] - Object: 'Object Repository/WIZARD/3Infraestructura/0Menu/span_Tableros' is clicked on

2024-01-15 10:36:21 - [TEST_STEP][PASSED] - delay(3): Delayed 3 second(s)

2024-01-15 10:36:24 - [MESSAGE][PASSED] - Delayed 3 second(s)

2024-01-15 10:36:24 - [TEST_STEP][PASSED] - click(findTestObject("WIZARD/3Infraestructura/6Tableros/0OficinaModal/td_Virtual - Oficina Virtual")): Object: 'Object Repository/WIZARD/3Infraestructura/6Tableros/0OficinaModal/td_Virtual - Oficina Virtual' is clicked on

2024-01-15 10:36:24 - [MESSAGE][PASSED] - Object: 'Object Repository/WIZARD/3Infraestructura/6Tableros/0OficinaModal/td_Virtual - Oficina Virtual' is clicked on

2024-01-15 10:36:24 - [TEST_STEP][PASSED] - delay(3): Delayed 3 second(s)

2024-01-15 10:36:27 - [MESSAGE][PASSED] - Delayed 3 second(s)

2024-01-15 10:36:27 - [TEST_STEP][PASSED] - click(findTestObject("WIZARD/3Infraestructura/6Tableros/Lista de Tableros/td_Tablero - 1")): Object: 'Object Repository/WIZARD/3Infraestructura/6Tableros/Lista de Tableros/td_Tablero - 1' is clicked on

2024-01-15 10:36:28 - [MESSAGE][PASSED] - Object: 'Object Repository/WIZARD/3Infraestructura/6Tableros/Lista de Tableros/td_Tablero - 1' is clicked on

2024-01-15 10:36:28 - [TEST_STEP][PASSED] - delay(3): Delayed 3 second(s)

2024-01-15 10:36:31 - [MESSAGE][PASSED] - Delayed 3 second(s)

2024-01-15 10:36:31 - [TEST_STEP][PASSED] - scrollToElement(findTestObject("WIZARD/3Infraestructura/6Tableros/Configuracion/Edicion/Elementos del nivel/img_Relacionar"), 2): Scroll to object 'Object Repository/WIZARD/3Infraestructura/6Tableros/Configuracion/Edicion/Elementos del nivel/img_Relacionar' successfully

2024-01-15 10:36:31 - [MESSAGE][PASSED] - Scroll to object 'Object Repository/WIZARD/3Infraestructura/6Tableros/Configuracion/Edicion/Elementos del nivel/img_Relacionar' successfully

2024-01-15 10:36:31 - [TEST_STEP][PASSED] - executeJavaScript("return document.getElementById('ContentPlaceHolder1_TabContainer1_tpEdicion_salasEntes_TablaHerramientas1_aSeleccionarTodo').click()", []): Execute JavaScript 'return document.getElementById('ContentPlaceHolder1_TabContainer1_tpEdicion_salasEntes_TablaHerramientas1_aSeleccionarTodo').click()' successfully

2024-01-15 10:36:31 - [MESSAGE][PASSED] - Execute JavaScript 'return document.getElementById('ContentPlaceHolder1_TabContainer1_tpEdicion_salasEntes_TablaHerramientas1_aSeleccionarTodo').click()' successfully

2024-01-15 10:36:31 - [TEST_STEP][PASSED] - click(findTestObject("WIZARD/3Infraestructura/6Tableros/Configuracion/Edicion/Elementos del nivel/img_Relacionar")): Object: 'Object Repository/WIZARD/3Infraestructura/6Tableros/Configuracion/Edicion/Elementos del nivel/img_Relacionar' is clicked on

2024-01-15 10:36:31 - [MESSAGE][PASSED] - Object: 'Object Repository/WIZARD/3Infraestructura/6Tableros/Configuracion/Edicion/Elementos del nivel/img_Relacionar' is clicked on

2024-01-15 10:36:31 - [TEST_STEP][PASSED] - delay(3): Delayed 3 second(s)

2024-01-15 10:36:34 - [MESSAGE][PASSED] - Delayed 3 second(s)

2024-01-15 10:36:34 - [TEST_STEP][PASSED] - click(findTestObject("WIZARD/3Infraestructura/0Menu/span_Tableros")): Object: 'Object Repository/WIZARD/3Infraestructura/0Menu/span_Tableros' is clicked on

2024-01-15 10:36:35 - [MESSAGE][PASSED] - Object: 'Object Repository/WIZARD/3Infraestructura/0Menu/span_Tableros' is clicked on

2024-01-15 10:36:35 - [TEST_STEP][PASSED] - delay(3): Delayed 3 second(s)

2024-01-15 10:36:38 - [MESSAGE][PASSED] - Delayed 3 second(s)

2024-01-15 10:36:38 - [TEST_STEP][PASSED] - click(findTestObject("WIZARD/3Infraestructura/6Tableros/0OficinaModal/td_WorkFlow - Oficina WorkFlow")): Object: 'Object Repository/WIZARD/3Infraestructura/6Tableros/0OficinaModal/td_WorkFlow - Oficina WorkFlow' is clicked on

2024-01-15 10:36:39 - [MESSAGE][PASSED] - Object: 'Object Repository/WIZARD/3Infraestructura/6Tableros/0OficinaModal/td_WorkFlow - Oficina WorkFlow' is clicked on

2024-01-15 10:36:39 - [TEST_STEP][PASSED] - delay(3): Delayed 3 second(s)

2024-01-15 10:36:42 - [MESSAGE][PASSED] - Delayed 3 second(s)

2024-01-15 10:36:42 - [TEST_STEP][PASSED] - click(findTestObject("WIZARD/3Infraestructura/6Tableros/Lista de Tableros/td_Tablero - 1")): Object: 'Object Repository/WIZARD/3Infraestructura/6Tableros/Lista de Tableros/td_Tablero - 1' is clicked on

2024-01-15 10:36:42 - [MESSAGE][PASSED] - Object: 'Object Repository/WIZARD/3Infraestructura/6Tableros/Lista de Tableros/td_Tablero - 1' is clicked on

2024-01-15 10:36:42 - [TEST_STEP][PASSED] - delay(3): Delayed 3 second(s)

2024-01-15 10:36:45 - [MESSAGE][PASSED] - Delayed 3 second(s)

2024-01-15 10:36:45 - [TEST_STEP][PASSED] - scrollToElement(findTestObject("WIZARD/3Infraestructura/6Tableros/Configuracion/Edicion/Elementos del nivel/img_Relacionar"), 2): Scroll to object 'Object Repository/WIZARD/3Infraestructura/6Tableros/Configuracion/Edicion/Elementos del nivel/img_Relacionar' successfully

2024-01-15 10:36:45 - [MESSAGE][PASSED] - Scroll to object 'Object Repository/WIZARD/3Infraestructura/6Tableros/Configuracion/Edicion/Elementos del nivel/img_Relacionar' successfully

2024-01-15 10:36:45 - [TEST_STEP][PASSED] - executeJavaScript("return document.getElementById('ContentPlaceHolder1_TabContainer1_tpEdicion_salasEntes_TablaHerramientas1_aSeleccionarTodo').click()", []): Execute JavaScript 'return document.getElementById('ContentPlaceHolder1_TabContainer1_tpEdicion_salasEntes_TablaHerramientas1_aSeleccionarTodo').click()' successfully

2024-01-15 10:36:45 - [MESSAGE][PASSED] - Execute JavaScript 'return document.getElementById('ContentPlaceHolder1_TabContainer1_tpEdicion_salasEntes_TablaHerramientas1_aSeleccionarTodo').click()' successfully

2024-01-15 10:36:45 - [TEST_STEP][PASSED] - click(findTestObject("WIZARD/3Infraestructura/6Tableros/Configuracion/Edicion/Elementos del nivel/img_Relacionar")): Object: 'Object Repository/WIZARD/3Infraestructura/6Tableros/Configuracion/Edicion/Elementos del nivel/img_Relacionar' is clicked on

2024-01-15 10:36:46 - [MESSAGE][PASSED] - Object: 'Object Repository/WIZARD/3Infraestructura/6Tableros/Configuracion/Edicion/Elementos del nivel/img_Relacionar' is clicked on

2024-01-15 10:36:46 - [TEST_STEP][PASSED] - delay(3): Delayed 3 second(s)

2024-01-15 10:36:49 - [MESSAGE][PASSED] - Delayed 3 second(s)

2024-01-15 10:36:49 - [TEST_STEP][PASSED] - takeFullPageScreenshot(): Taking screenshot successfully

2024-01-15 10:36:50 - [MESSAGE][INFO] - 0 hidden object(s)

2024-01-15 10:36:50 - [MESSAGE][PASSED] - Taking screenshot successfully
[[ATTACHMENT|C:\\CIEL INGENIERIA\\Katalon\\Digiturno55\\Reports\\20240115_094157\\WIZARD\\3Infraestructura\\6Tableros\\5.6 Relacionar Tableros\\20240115_094309\\1705333009423.png]]

2024-01-15 10:36:50 - [TEST_STEP][PASSED] - delay(3): Delayed 3 second(s)

2024-01-15 10:36:53 - [MESSAGE][PASSED] - Delayed 3 second(s)

2024-01-15 10:36:53 - [TEST_STEP][PASSED] - Start listener action : sampleAfterTestCase: null]]></system-out>
         <system-err><![CDATA[]]></system-err>
      </testcase>
      <system-out><![CDATA[2024-01-15 10:34:51 - [TEST_SUITE][PASSED] - 5.6 Relacionar Tableros: Test Cases/WIZARD/3Infraestructura/6Tableros/5.6 Relacionar Tableros]]></system-out>
      <system-err><![CDATA[]]></system-err>
   </testsuite>
</testsuites>
