<?xml version="1.0" encoding="UTF-8"?>
<testsuites name="5.1 Crear Oficina WorkFlow" time="60.049" tests="1" failures="0" errors="0">
   <testsuite name="5.1 Crear Oficina WorkFlow" tests="1" failures="0" errors="0" time="60.049" skipped="0" timestamp="2024-04-02 14:48:18" hostname="jdavila - PCPruebas101.ciel.cielingenieria.com" id="Test Suites/WIZARD/3Infraestructura/1Oficinas/5.1 Crear Oficina WorkFlow">
      <properties>
         <property name="deviceName" value=""/>
         <property name="devicePlatform" value=""/>
         <property name="logFolder" value="C:\\CIEL INGENIERIA\\Katalon\\Digiturno55\\Reports\\20240402_143907\\WIZARD\\3Infraestructura\\1Oficinas\\5.1 Crear Oficina WorkFlow\\20240402_143920"/>
         <property name="logFiles" value="C:\\CIEL INGENIERIA\\Katalon\\Digiturno55\\Reports\\20240402_143907\\WIZARD\\3Infraestructura\\1Oficinas\\5.1 Crear Oficina WorkFlow\\20240402_143920\\execution0.log"/>
         <property name="attachments" value="C:\\CIEL INGENIERIA\\Katalon\\Digiturno55\\Reports\\20240402_143907\\WIZARD\\3Infraestructura\\1Oficinas\\5.1 Crear Oficina WorkFlow\\20240402_143920\\1712087354300.png"/>
         <property name="hostName" value="jdavila - PCPruebas101.ciel.cielingenieria.com"/>
         <property name="os" value="Windows 10 64bit"/>
         <property name="katalonVersion" value="8.6.9.208"/>
         <property name="browser" value="Chrome 123.0.0.0"/>
         <property name="hostAddress" value="192.168.91.18"/>
         <property name="sessionId" value="1cacc9ab6cf1f48f3c3b0384427f608c"/>
         <property name="seleniumVersion" value="3.141.59"/>
         <property name="proxyInformation" value="ProxyInformation { proxyOption=NO_PROXY, proxyServerType=HTTP, username=, password=********, proxyServerAddress=, proxyServerPort=0, executionList=&quot;&quot;, isApplyToDesiredCapabilities=true }"/>
         <property name="platform" value="Windows 10"/>
      </properties>
      <testcase name="Test Cases/WIZARD/3Infraestructura/1Oficinas/5.1 Crear Oficina WorkFlow" time="59.795" classname="Test Cases/WIZARD/3Infraestructura/1Oficinas/5.1 Crear Oficina WorkFlow" status="PASSED">
         <system-out><![CDATA[2024-04-02 14:48:18 - [TEST_CASE][PASSED] - Test Cases/WIZARD/3Infraestructura/1Oficinas/5.1 Crear Oficina WorkFlow: Test Cases/WIZARD/3Infraestructura/1Oficinas/5.1 Crear Oficina WorkFlow

2024-04-02 14:48:18 - [TEST_STEP][PASSED] - callTestCase(findTestCase("0InicioSesion"), [:], STOP_ON_FAILURE): Call Test Case 'Test Cases/0InicioSesion' successfully

2024-04-02 14:48:18 - [TEST_CASE][PASSED] - Test Cases/0InicioSesion: Test Cases/0InicioSesion

2024-04-02 14:48:19 - [TEST_STEP][PASSED] - openBrowser(UrlDigiturno): Browser is opened with url: 'https://PCPruebas101.ciel.cielingenieria.com:8910'

2024-04-02 14:48:19 - [MESSAGE][INFO] - Starting 'Chrome' driver

2024-04-02 14:48:19 - [MESSAGE][INFO] - User set preference: ['args', '[--use-fake-ui-for-media-stream, --disable-notifications]']

2024-04-02 14:48:19 - [MESSAGE][INFO] - Action delay is set to 0 milliseconds

2024-04-02 14:48:22 - [MESSAGE][PASSED] - Browser is opened with url: 'https://PCPruebas101.ciel.cielingenieria.com:8910'

2024-04-02 14:48:22 - [TEST_STEP][PASSED] - maximizeWindow(): Current window maximized

2024-04-02 14:48:22 - [MESSAGE][PASSED] - Current window maximized

2024-04-02 14:48:22 - [TEST_STEP][PASSED] - delay(3): Delayed 3 second(s)

2024-04-02 14:48:25 - [MESSAGE][PASSED] - Delayed 3 second(s)

2024-04-02 14:48:25 - [TEST_STEP][PASSED] - setText(findTestObject("0Inicio Sesion/input_Usuario"), "Ciel"): Text 'Ciel' is set on object 'Object Repository/0Inicio Sesion/input_Usuario'

2024-04-02 14:48:26 - [MESSAGE][PASSED] - Text 'Ciel' is set on object 'Object Repository/0Inicio Sesion/input_Usuario'

2024-04-02 14:48:26 - [TEST_STEP][PASSED] - setText(findTestObject("0Inicio Sesion/input_Clave"), "digiturno"): Text 'digiturno' is set on object 'Object Repository/0Inicio Sesion/input_Clave'

2024-04-02 14:48:27 - [MESSAGE][PASSED] - Text 'digiturno' is set on object 'Object Repository/0Inicio Sesion/input_Clave'

2024-04-02 14:48:27 - [TEST_STEP][PASSED] - click(findTestObject("0Inicio Sesion/btn_IniciarSesion")): Object: 'Object Repository/0Inicio Sesion/btn_IniciarSesion' is clicked on

2024-04-02 14:48:27 - [MESSAGE][PASSED] - Object: 'Object Repository/0Inicio Sesion/btn_IniciarSesion' is clicked on

2024-04-02 14:48:27 - [TEST_STEP][PASSED] - delay(3): Delayed 3 second(s)

2024-04-02 14:48:30 - [MESSAGE][PASSED] - Delayed 3 second(s)

2024-04-02 14:48:30 - [MESSAGE][PASSED] - Call Test Case 'Test Cases/0InicioSesion' successfully

2024-04-02 14:48:30 - [TEST_STEP][PASSED] - click(findTestObject("WIZARD/0Principal/img_InfraestructuraMAX")): Object: 'Object Repository/WIZARD/0Principal/img_InfraestructuraMAX' is clicked on

2024-04-02 14:48:31 - [MESSAGE][PASSED] - Object: 'Object Repository/WIZARD/0Principal/img_InfraestructuraMAX' is clicked on

2024-04-02 14:48:31 - [TEST_STEP][PASSED] - delay(3): Delayed 3 second(s)

2024-04-02 14:48:34 - [MESSAGE][PASSED] - Delayed 3 second(s)

2024-04-02 14:48:34 - [TEST_STEP][PASSED] - click(findTestObject("WIZARD/3Infraestructura/0Menu/span_Oficinas")): Object: 'Object Repository/WIZARD/3Infraestructura/0Menu/span_Oficinas' is clicked on

2024-04-02 14:48:35 - [MESSAGE][PASSED] - Object: 'Object Repository/WIZARD/3Infraestructura/0Menu/span_Oficinas' is clicked on

2024-04-02 14:48:35 - [TEST_STEP][PASSED] - delay(3): Delayed 3 second(s)

2024-04-02 14:48:38 - [MESSAGE][PASSED] - Delayed 3 second(s)

2024-04-02 14:48:38 - [TEST_STEP][PASSED] - selectOptionByLabel(findTestObject("WIZARD/3Infraestructura/1Oficinas/2Edicion/Edicion/select_Pais"), "Colombia", false): All options with label 'Colombia' are selected in object 'Object Repository/WIZARD/3Infraestructura/1Oficinas/2Edicion/Edicion/select_Pais' 

2024-04-02 14:48:39 - [MESSAGE][PASSED] - All options with label 'Colombia' are selected in object 'Object Repository/WIZARD/3Infraestructura/1Oficinas/2Edicion/Edicion/select_Pais' 

2024-04-02 14:48:39 - [TEST_STEP][PASSED] - delay(2): Delayed 2 second(s)

2024-04-02 14:48:41 - [MESSAGE][PASSED] - Delayed 2 second(s)

2024-04-02 14:48:41 - [TEST_STEP][PASSED] - selectOptionByLabel(findTestObject("WIZARD/3Infraestructura/1Oficinas/2Edicion/Edicion/select_Departamento"), "Dpto WorkFlow", false): All options with label 'Dpto WorkFlow' are selected in object 'Object Repository/WIZARD/3Infraestructura/1Oficinas/2Edicion/Edicion/select_Departamento' 

2024-04-02 14:48:41 - [MESSAGE][PASSED] - All options with label 'Dpto WorkFlow' are selected in object 'Object Repository/WIZARD/3Infraestructura/1Oficinas/2Edicion/Edicion/select_Departamento' 

2024-04-02 14:48:41 - [TEST_STEP][PASSED] - delay(2): Delayed 2 second(s)

2024-04-02 14:48:43 - [MESSAGE][PASSED] - Delayed 2 second(s)

2024-04-02 14:48:43 - [TEST_STEP][PASSED] - selectOptionByLabel(findTestObject("WIZARD/3Infraestructura/1Oficinas/2Edicion/Edicion/select_Ciudad"), "WorkFlow", false): All options with label 'WorkFlow' are selected in object 'Object Repository/WIZARD/3Infraestructura/1Oficinas/2Edicion/Edicion/select_Ciudad' 

2024-04-02 14:48:44 - [MESSAGE][PASSED] - All options with label 'WorkFlow' are selected in object 'Object Repository/WIZARD/3Infraestructura/1Oficinas/2Edicion/Edicion/select_Ciudad' 

2024-04-02 14:48:44 - [TEST_STEP][PASSED] - delay(2): Delayed 2 second(s)

2024-04-02 14:48:46 - [MESSAGE][PASSED] - Delayed 2 second(s)

2024-04-02 14:48:46 - [TEST_STEP][PASSED] - setText(findTestObject("WIZARD/3Infraestructura/1Oficinas/2Edicion/Edicion/input_Nombre"), "WorkFlow - Oficina WorkFlow"): Text 'WorkFlow - Oficina WorkFlow' is set on object 'Object Repository/WIZARD/3Infraestructura/1Oficinas/2Edicion/Edicion/input_Nombre'

2024-04-02 14:48:47 - [MESSAGE][PASSED] - Text 'WorkFlow - Oficina WorkFlow' is set on object 'Object Repository/WIZARD/3Infraestructura/1Oficinas/2Edicion/Edicion/input_Nombre'

2024-04-02 14:48:47 - [TEST_STEP][PASSED] - selectOptionByLabel(findTestObject("WIZARD/3Infraestructura/1Oficinas/2Edicion/Edicion/select_Nivel de Pregunta"), "Ninguno", false): All options with label 'Ninguno' are selected in object 'Object Repository/WIZARD/3Infraestructura/1Oficinas/2Edicion/Edicion/select_Nivel de Pregunta' 

2024-04-02 14:48:48 - [MESSAGE][PASSED] - All options with label 'Ninguno' are selected in object 'Object Repository/WIZARD/3Infraestructura/1Oficinas/2Edicion/Edicion/select_Nivel de Pregunta' 

2024-04-02 14:48:48 - [TEST_STEP][PASSED] - delay(3): Delayed 3 second(s)

2024-04-02 14:48:51 - [MESSAGE][PASSED] - Delayed 3 second(s)

2024-04-02 14:48:51 - [TEST_STEP][PASSED] - setText(findTestObject("WIZARD/3Infraestructura/1Oficinas/2Edicion/Edicion/input_MaximoTurnosXCliente"), "2"): Text '2' is set on object 'Object Repository/WIZARD/3Infraestructura/1Oficinas/2Edicion/Edicion/input_MaximoTurnosXCliente'

2024-04-02 14:48:52 - [MESSAGE][PASSED] - Text '2' is set on object 'Object Repository/WIZARD/3Infraestructura/1Oficinas/2Edicion/Edicion/input_MaximoTurnosXCliente'

2024-04-02 14:48:52 - [TEST_STEP][PASSED] - setText(findTestObject("WIZARD/3Infraestructura/1Oficinas/2Edicion/Edicion/input_Nivel de servicio de espera"), "0"): Text '0' is set on object 'Object Repository/WIZARD/3Infraestructura/1Oficinas/2Edicion/Edicion/input_Nivel de servicio de espera'

2024-04-02 14:48:52 - [MESSAGE][PASSED] - Text '0' is set on object 'Object Repository/WIZARD/3Infraestructura/1Oficinas/2Edicion/Edicion/input_Nivel de servicio de espera'

2024-04-02 14:48:52 - [TEST_STEP][PASSED] - scrollToPosition(100, 800): Browser is scrolled to position x = 100, y = 800

2024-04-02 14:48:52 - [MESSAGE][PASSED] - Browser is scrolled to position x = 100, y = 800

2024-04-02 14:48:52 - [TEST_STEP][PASSED] - delay(3): Delayed 3 second(s)

2024-04-02 14:48:55 - [MESSAGE][PASSED] - Delayed 3 second(s)

2024-04-02 14:48:55 - [TEST_STEP][PASSED] - setText(findTestObject("WIZARD/3Infraestructura/1Oficinas/2Edicion/App/input_Nombre a mostrar"), "WorkFlow - Oficina WorkFlow"): Text 'WorkFlow - Oficina WorkFlow' is set on object 'Object Repository/WIZARD/3Infraestructura/1Oficinas/2Edicion/App/input_Nombre a mostrar'

2024-04-02 14:48:56 - [MESSAGE][PASSED] - Text 'WorkFlow - Oficina WorkFlow' is set on object 'Object Repository/WIZARD/3Infraestructura/1Oficinas/2Edicion/App/input_Nombre a mostrar'

2024-04-02 14:48:56 - [TEST_STEP][PASSED] - setText(findTestObject("WIZARD/3Infraestructura/1Oficinas/2Edicion/App/input_Direccion"), "Calle 24 No 21-33"): Text 'Calle 24 No 21-33' is set on object 'Object Repository/WIZARD/3Infraestructura/1Oficinas/2Edicion/App/input_Direccion'

2024-04-02 14:48:57 - [MESSAGE][PASSED] - Text 'Calle 24 No 21-33' is set on object 'Object Repository/WIZARD/3Infraestructura/1Oficinas/2Edicion/App/input_Direccion'

2024-04-02 14:48:57 - [TEST_STEP][PASSED] - setText(findTestObject("WIZARD/3Infraestructura/1Oficinas/2Edicion/App/input_Numero de telefono"), "3279000"): Text '3279000' is set on object 'Object Repository/WIZARD/3Infraestructura/1Oficinas/2Edicion/App/input_Numero de telefono'

2024-04-02 14:48:58 - [MESSAGE][PASSED] - Text '3279000' is set on object 'Object Repository/WIZARD/3Infraestructura/1Oficinas/2Edicion/App/input_Numero de telefono'

2024-04-02 14:48:58 - [TEST_STEP][PASSED] - setText(findTestObject("WIZARD/3Infraestructura/1Oficinas/2Edicion/App/input_Distancia minima creacion turnos (m)"), "100"): Text '100' is set on object 'Object Repository/WIZARD/3Infraestructura/1Oficinas/2Edicion/App/input_Distancia minima creacion turnos (m)'

2024-04-02 14:48:59 - [MESSAGE][PASSED] - Text '100' is set on object 'Object Repository/WIZARD/3Infraestructura/1Oficinas/2Edicion/App/input_Distancia minima creacion turnos (m)'

2024-04-02 14:48:59 - [TEST_STEP][PASSED] - setText(findTestObject("WIZARD/3Infraestructura/1Oficinas/2Edicion/App/input_Cantidad de turnos para prellamado"), "2"): Text '2' is set on object 'Object Repository/WIZARD/3Infraestructura/1Oficinas/2Edicion/App/input_Cantidad de turnos para prellamado'

2024-04-02 14:49:00 - [MESSAGE][PASSED] - Text '2' is set on object 'Object Repository/WIZARD/3Infraestructura/1Oficinas/2Edicion/App/input_Cantidad de turnos para prellamado'

2024-04-02 14:49:00 - [TEST_STEP][PASSED] - delay(3): Delayed 3 second(s)

2024-04-02 14:49:03 - [MESSAGE][PASSED] - Delayed 3 second(s)

2024-04-02 14:49:03 - [TEST_STEP][PASSED] - setText(findTestObject("WIZARD/3Infraestructura/1Oficinas/2Edicion/App/input_Longitud"), "0.0000000000"): Text '0.0000000000' is set on object 'Object Repository/WIZARD/3Infraestructura/1Oficinas/2Edicion/App/input_Longitud'

2024-04-02 14:49:03 - [MESSAGE][PASSED] - Text '0.0000000000' is set on object 'Object Repository/WIZARD/3Infraestructura/1Oficinas/2Edicion/App/input_Longitud'

2024-04-02 14:49:03 - [TEST_STEP][PASSED] - setText(findTestObject("WIZARD/3Infraestructura/1Oficinas/2Edicion/App/input_Latitud"), "0.0000000000"): Text '0.0000000000' is set on object 'Object Repository/WIZARD/3Infraestructura/1Oficinas/2Edicion/App/input_Latitud'

2024-04-02 14:49:04 - [MESSAGE][PASSED] - Text '0.0000000000' is set on object 'Object Repository/WIZARD/3Infraestructura/1Oficinas/2Edicion/App/input_Latitud'

2024-04-02 14:49:04 - [TEST_STEP][PASSED] - delay(3): Delayed 3 second(s)

2024-04-02 14:49:07 - [MESSAGE][PASSED] - Delayed 3 second(s)

2024-04-02 14:49:07 - [TEST_STEP][PASSED] - scrollToPosition(0, 0): Browser is scrolled to position x = 0, y = 0

2024-04-02 14:49:07 - [MESSAGE][PASSED] - Browser is scrolled to position x = 0, y = 0

2024-04-02 14:49:07 - [TEST_STEP][PASSED] - delay(3): Delayed 3 second(s)

2024-04-02 14:49:10 - [MESSAGE][PASSED] - Delayed 3 second(s)

2024-04-02 14:49:10 - [TEST_STEP][PASSED] - click(findTestObject("WIZARD/3Infraestructura/1Oficinas/2Edicion/Edicion/img_Nuevo")): Object: 'Object Repository/WIZARD/3Infraestructura/1Oficinas/2Edicion/Edicion/img_Nuevo' is clicked on

2024-04-02 14:49:11 - [MESSAGE][PASSED] - Object: 'Object Repository/WIZARD/3Infraestructura/1Oficinas/2Edicion/Edicion/img_Nuevo' is clicked on

2024-04-02 14:49:11 - [TEST_STEP][PASSED] - delay(3): Delayed 3 second(s)

2024-04-02 14:49:14 - [MESSAGE][PASSED] - Delayed 3 second(s)

2024-04-02 14:49:14 - [TEST_STEP][PASSED] - takeFullPageScreenshot(): Taking screenshot successfully

2024-04-02 14:49:14 - [MESSAGE][INFO] - 0 hidden object(s)

2024-04-02 14:49:15 - [MESSAGE][PASSED] - Taking screenshot successfully
[[ATTACHMENT|C:\\CIEL INGENIERIA\\Katalon\\Digiturno55\\Reports\\20240402_143907\\WIZARD\\3Infraestructura\\1Oficinas\\5.1 Crear Oficina WorkFlow\\20240402_143920\\1712087354300.png]]

2024-04-02 14:49:15 - [TEST_STEP][PASSED] - delay(3): Delayed 3 second(s)

2024-04-02 14:49:18 - [MESSAGE][PASSED] - Delayed 3 second(s)

2024-04-02 14:49:18 - [TEST_STEP][PASSED] - Start listener action : sampleAfterTestCase: null]]></system-out>
         <system-err><![CDATA[]]></system-err>
      </testcase>
      <system-out><![CDATA[2024-04-02 14:48:18 - [TEST_SUITE][PASSED] - 5.1 Crear Oficina WorkFlow: Test Cases/WIZARD/3Infraestructura/1Oficinas/5.1 Crear Oficina WorkFlow]]></system-out>
      <system-err><![CDATA[]]></system-err>
   </testsuite>
</testsuites>
