<?xml version="1.0" encoding="UTF-8"?>
<testsuites name="15 Consultar Usuarios" time="45.328" tests="1" failures="0" errors="0">
   <testsuite name="15 Consultar Usuarios" tests="1" failures="0" errors="0" time="45.328" skipped="0" timestamp="2023-07-11 11:44:20" hostname="jdavila - PCPruebas101.ciel.cielingenieria.com" id="Test Suites/DIGITURNO/BASICO/15 Consultar Usuarios">
      <properties>
         <property name="deviceName" value=""/>
         <property name="devicePlatform" value=""/>
         <property name="logFolder" value="C:\\CIEL INGENIERIA\\Katalon\\Digiturno55\\Reports\\20230711_113602\\DIGITURNO\\BASICO\\15 Consultar Usuarios\\20230711_113611"/>
         <property name="logFiles" value="C:\\CIEL INGENIERIA\\Katalon\\Digiturno55\\Reports\\20230711_113602\\DIGITURNO\\BASICO\\15 Consultar Usuarios\\20230711_113611\\execution0.log"/>
         <property name="attachments" value="C:\\CIEL INGENIERIA\\Katalon\\Digiturno55\\Reports\\20230711_113602\\DIGITURNO\\BASICO\\15 Consultar Usuarios\\20230711_113611\\1689093879762.png, C:\\CIEL INGENIERIA\\Katalon\\Digiturno55\\Reports\\20230711_113602\\DIGITURNO\\BASICO\\15 Consultar Usuarios\\20230711_113611\\1689093894356.png, C:\\CIEL INGENIERIA\\Katalon\\Digiturno55\\Reports\\20230711_113602\\DIGITURNO\\BASICO\\15 Consultar Usuarios\\20230711_113611\\1689093902117.png"/>
         <property name="hostName" value="jdavila - PCPruebas101.ciel.cielingenieria.com"/>
         <property name="os" value="Windows 10 64bit"/>
         <property name="katalonVersion" value="8.6.0.208"/>
         <property name="browser" value="Chrome 114.0.0.0"/>
         <property name="hostAddress" value="192.168.0.33"/>
         <property name="sessionId" value="5c6a06784b0f81f2bff3717bf5f62b0e"/>
         <property name="seleniumVersion" value="3.141.59"/>
         <property name="proxyInformation" value="ProxyInformation { proxyOption=NO_PROXY, proxyServerType=HTTP, username=, password=********, proxyServerAddress=, proxyServerPort=0, executionList=&quot;&quot;, isApplyToDesiredCapabilities=true }"/>
         <property name="platform" value="Windows 10"/>
      </properties>
      <testcase name="Test Cases/DIGITURNO/BASICO/15 Consultar Usuarios" time="45.053" classname="Test Cases/DIGITURNO/BASICO/15 Consultar Usuarios" status="PASSED">
         <system-out><![CDATA[2023-07-11 11:44:20 - [TEST_CASE][PASSED] - Test Cases/DIGITURNO/BASICO/15 Consultar Usuarios: Test Cases/DIGITURNO/BASICO/15 Consultar Usuarios

2023-07-11 11:44:20 - [TEST_STEP][PASSED] - callTestCase(findTestCase("DIGITURNO/BASICO/5 Usuarios"), [:], STOP_ON_FAILURE): Call Test Case 'Test Cases/DIGITURNO/BASICO/5 Usuarios' successfully

2023-07-11 11:44:21 - [TEST_CASE][PASSED] - Test Cases/DIGITURNO/BASICO/5 Usuarios: Test Cases/DIGITURNO/BASICO/5 Usuarios

2023-07-11 11:44:21 - [TEST_STEP][PASSED] - callTestCase(findTestCase("0InicioSesion"), [:], STOP_ON_FAILURE): Call Test Case 'Test Cases/0InicioSesion' successfully

2023-07-11 11:44:21 - [TEST_CASE][PASSED] - Test Cases/0InicioSesion: Test Cases/0InicioSesion

2023-07-11 11:44:21 - [TEST_STEP][PASSED] - openBrowser(UrlDigiturno): Browser is opened with url: 'https://PCPruebas101.ciel.cielingenieria.com:8810'

2023-07-11 11:44:21 - [MESSAGE][INFO] - Starting 'Chrome' driver

2023-07-11 11:44:21 - [MESSAGE][INFO] - User set preference: ['args', '[--use-fake-ui-for-media-stream, --disable-notifications]']

2023-07-11 11:44:21 - [MESSAGE][INFO] - Action delay is set to 0 milliseconds

2023-07-11 11:44:24 - [MESSAGE][PASSED] - Browser is opened with url: 'https://PCPruebas101.ciel.cielingenieria.com:8810'

2023-07-11 11:44:24 - [TEST_STEP][PASSED] - maximizeWindow(): Current window maximized

2023-07-11 11:44:24 - [MESSAGE][PASSED] - Current window maximized

2023-07-11 11:44:24 - [TEST_STEP][PASSED] - delay(3): Delayed 3 second(s)

2023-07-11 11:44:27 - [MESSAGE][PASSED] - Delayed 3 second(s)

2023-07-11 11:44:27 - [TEST_STEP][PASSED] - setText(findTestObject("0Inicio Sesion/input_Usuario"), "Ciel"): Text 'Ciel' is set on object 'Object Repository/0Inicio Sesion/input_Usuario'

2023-07-11 11:44:28 - [MESSAGE][PASSED] - Text 'Ciel' is set on object 'Object Repository/0Inicio Sesion/input_Usuario'

2023-07-11 11:44:28 - [TEST_STEP][PASSED] - setText(findTestObject("0Inicio Sesion/input_Clave"), "digiturno"): Text 'digiturno' is set on object 'Object Repository/0Inicio Sesion/input_Clave'

2023-07-11 11:44:29 - [MESSAGE][PASSED] - Text 'digiturno' is set on object 'Object Repository/0Inicio Sesion/input_Clave'

2023-07-11 11:44:29 - [TEST_STEP][PASSED] - click(findTestObject("0Inicio Sesion/btn_IniciarSesion")): Object: 'Object Repository/0Inicio Sesion/btn_IniciarSesion' is clicked on

2023-07-11 11:44:29 - [MESSAGE][PASSED] - Object: 'Object Repository/0Inicio Sesion/btn_IniciarSesion' is clicked on

2023-07-11 11:44:29 - [TEST_STEP][PASSED] - delay(3): Delayed 3 second(s)

2023-07-11 11:44:32 - [MESSAGE][PASSED] - Delayed 3 second(s)

2023-07-11 11:44:32 - [MESSAGE][PASSED] - Call Test Case 'Test Cases/0InicioSesion' successfully

2023-07-11 11:44:32 - [TEST_STEP][PASSED] - click(findTestObject("DIGITURNO/1Principal/img_Configuracion(1)")): Object: 'Object Repository/DIGITURNO/1Principal/img_Configuracion(1)' is clicked on

2023-07-11 11:44:33 - [MESSAGE][PASSED] - Object: 'Object Repository/DIGITURNO/1Principal/img_Configuracion(1)' is clicked on

2023-07-11 11:44:33 - [TEST_STEP][PASSED] - delay(3): Delayed 3 second(s)

2023-07-11 11:44:36 - [MESSAGE][PASSED] - Delayed 3 second(s)

2023-07-11 11:44:36 - [TEST_STEP][PASSED] - click(findTestObject("DIGITURNO/CONFIGURACION/0Principal/img_4Usuarios")): Object: 'Object Repository/DIGITURNO/CONFIGURACION/0Principal/img_4Usuarios' is clicked on

2023-07-11 11:44:36 - [MESSAGE][PASSED] - Object: 'Object Repository/DIGITURNO/CONFIGURACION/0Principal/img_4Usuarios' is clicked on

2023-07-11 11:44:36 - [TEST_STEP][PASSED] - delay(3): Delayed 3 second(s)

2023-07-11 11:44:39 - [MESSAGE][PASSED] - Delayed 3 second(s)

2023-07-11 11:44:39 - [TEST_STEP][PASSED] - takeFullPageScreenshot(STOP_ON_FAILURE): Taking screenshot successfully

2023-07-11 11:44:40 - [MESSAGE][INFO] - 0 hidden object(s)

2023-07-11 11:44:40 - [MESSAGE][PASSED] - Taking screenshot successfully
[[ATTACHMENT|C:\\CIEL INGENIERIA\\Katalon\\Digiturno55\\Reports\\20230711_113602\\DIGITURNO\\BASICO\\15 Consultar Usuarios\\20230711_113611\\1689093879762.png]]

2023-07-11 11:44:40 - [TEST_STEP][PASSED] - delay(3): Delayed 3 second(s)

2023-07-11 11:44:43 - [MESSAGE][PASSED] - Delayed 3 second(s)

2023-07-11 11:44:43 - [MESSAGE][PASSED] - Call Test Case 'Test Cases/DIGITURNO/BASICO/5 Usuarios' successfully

2023-07-11 11:44:43 - [TEST_STEP][PASSED] - delay(3): Delayed 3 second(s)

2023-07-11 11:44:46 - [MESSAGE][PASSED] - Delayed 3 second(s)

2023-07-11 11:44:46 - [TEST_STEP][PASSED] - click(findTestObject("DIGITURNO/CONFIGURACION/4Usuarios/0Principal/img_3Consultar Usuarios")): Object: 'Object Repository/DIGITURNO/CONFIGURACION/4Usuarios/0Principal/img_3Consultar Usuarios' is clicked on

2023-07-11 11:44:47 - [MESSAGE][PASSED] - Object: 'Object Repository/DIGITURNO/CONFIGURACION/4Usuarios/0Principal/img_3Consultar Usuarios' is clicked on

2023-07-11 11:44:47 - [TEST_STEP][PASSED] - delay(3): Delayed 3 second(s)

2023-07-11 11:44:50 - [MESSAGE][PASSED] - Delayed 3 second(s)

2023-07-11 11:44:50 - [TEST_STEP][PASSED] - setText(findTestObject("DIGITURNO/CONFIGURACION/4Usuarios/3Consultar Usuarios/0Filtro Por Nombre de usuario/input_TextoABuscar"), "admin"): Text 'admin' is set on object 'Object Repository/DIGITURNO/CONFIGURACION/4Usuarios/3Consultar Usuarios/0Filtro Por Nombre de usuario/input_TextoABuscar'

2023-07-11 11:44:50 - [MESSAGE][PASSED] - Text 'admin' is set on object 'Object Repository/DIGITURNO/CONFIGURACION/4Usuarios/3Consultar Usuarios/0Filtro Por Nombre de usuario/input_TextoABuscar'

2023-07-11 11:44:50 - [TEST_STEP][PASSED] - click(findTestObject("DIGITURNO/CONFIGURACION/4Usuarios/3Consultar Usuarios/0Filtro Por Nombre de usuario/img_Filtrar")): Object: 'Object Repository/DIGITURNO/CONFIGURACION/4Usuarios/3Consultar Usuarios/0Filtro Por Nombre de usuario/img_Filtrar' is clicked on

2023-07-11 11:44:51 - [MESSAGE][PASSED] - Object: 'Object Repository/DIGITURNO/CONFIGURACION/4Usuarios/3Consultar Usuarios/0Filtro Por Nombre de usuario/img_Filtrar' is clicked on

2023-07-11 11:44:51 - [TEST_STEP][PASSED] - delay(3): Delayed 3 second(s)

2023-07-11 11:44:54 - [MESSAGE][PASSED] - Delayed 3 second(s)

2023-07-11 11:44:54 - [TEST_STEP][PASSED] - takeFullPageScreenshot(): Taking screenshot successfully

2023-07-11 11:44:54 - [MESSAGE][INFO] - 0 hidden object(s)

2023-07-11 11:44:54 - [MESSAGE][PASSED] - Taking screenshot successfully
[[ATTACHMENT|C:\\CIEL INGENIERIA\\Katalon\\Digiturno55\\Reports\\20230711_113602\\DIGITURNO\\BASICO\\15 Consultar Usuarios\\20230711_113611\\1689093894356.png]]

2023-07-11 11:44:54 - [TEST_STEP][PASSED] - delay(3): Delayed 3 second(s)

2023-07-11 11:44:57 - [MESSAGE][PASSED] - Delayed 3 second(s)

2023-07-11 11:44:57 - [TEST_STEP][PASSED] - setText(findTestObject("DIGITURNO/CONFIGURACION/4Usuarios/3Consultar Usuarios/0Filtro Por Nombre de usuario/input_TextoABuscar"), "CIEL"): Text 'CIEL' is set on object 'Object Repository/DIGITURNO/CONFIGURACION/4Usuarios/3Consultar Usuarios/0Filtro Por Nombre de usuario/input_TextoABuscar'

2023-07-11 11:44:58 - [MESSAGE][PASSED] - Text 'CIEL' is set on object 'Object Repository/DIGITURNO/CONFIGURACION/4Usuarios/3Consultar Usuarios/0Filtro Por Nombre de usuario/input_TextoABuscar'

2023-07-11 11:44:58 - [TEST_STEP][PASSED] - click(findTestObject("DIGITURNO/CONFIGURACION/4Usuarios/3Consultar Usuarios/0Filtro Por Nombre de usuario/img_Filtrar")): Object: 'Object Repository/DIGITURNO/CONFIGURACION/4Usuarios/3Consultar Usuarios/0Filtro Por Nombre de usuario/img_Filtrar' is clicked on

2023-07-11 11:44:59 - [MESSAGE][PASSED] - Object: 'Object Repository/DIGITURNO/CONFIGURACION/4Usuarios/3Consultar Usuarios/0Filtro Por Nombre de usuario/img_Filtrar' is clicked on

2023-07-11 11:44:59 - [TEST_STEP][PASSED] - delay(3): Delayed 3 second(s)

2023-07-11 11:45:02 - [MESSAGE][PASSED] - Delayed 3 second(s)

2023-07-11 11:45:02 - [TEST_STEP][PASSED] - takeFullPageScreenshot(): Taking screenshot successfully

2023-07-11 11:45:02 - [MESSAGE][INFO] - 0 hidden object(s)

2023-07-11 11:45:02 - [MESSAGE][PASSED] - Taking screenshot successfully
[[ATTACHMENT|C:\\CIEL INGENIERIA\\Katalon\\Digiturno55\\Reports\\20230711_113602\\DIGITURNO\\BASICO\\15 Consultar Usuarios\\20230711_113611\\1689093902117.png]]

2023-07-11 11:45:02 - [TEST_STEP][PASSED] - delay(3): Delayed 3 second(s)

2023-07-11 11:45:05 - [MESSAGE][PASSED] - Delayed 3 second(s)

2023-07-11 11:45:05 - [TEST_STEP][PASSED] - Start listener action : sampleAfterTestCase: null]]></system-out>
         <system-err><![CDATA[]]></system-err>
      </testcase>
      <system-out><![CDATA[2023-07-11 11:44:20 - [TEST_SUITE][PASSED] - 15 Consultar Usuarios: Test Cases/DIGITURNO/BASICO/15 Consultar Usuarios]]></system-out>
      <system-err><![CDATA[]]></system-err>
   </testsuite>
</testsuites>
