<?xml version="1.0" encoding="UTF-8"?>
<testsuites name="2.3 Creacion Elementos Servicios" time="166.381" tests="1" failures="0" errors="0">
   <testsuite name="2.3 Creacion Elementos Servicios" tests="1" failures="0" errors="0" time="166.381" skipped="0" timestamp="2024-01-15 09:15:45" hostname="jdavila - PCPruebas101.ciel.cielingenieria.com" id="Test Suites/WIZARD/1Modelo De Negocio/2.3 Creacion Elementos Servicios">
      <properties>
         <property name="deviceName" value=""/>
         <property name="devicePlatform" value=""/>
         <property name="logFolder" value="C:\\CIEL INGENIERIA\\Katalon\\Digiturno55\\Reports\\20240115_091123\\WIZARD\\1Modelo De Negocio\\2.3 Creacion Elementos Servicios\\20240115_091133"/>
         <property name="logFiles" value="C:\\CIEL INGENIERIA\\Katalon\\Digiturno55\\Reports\\20240115_091123\\WIZARD\\1Modelo De Negocio\\2.3 Creacion Elementos Servicios\\20240115_091133\\execution0.log"/>
         <property name="attachments" value="C:\\CIEL INGENIERIA\\Katalon\\Digiturno55\\Reports\\20240115_091123\\WIZARD\\1Modelo De Negocio\\2.3 Creacion Elementos Servicios\\20240115_091133\\1705328307755.png"/>
         <property name="hostName" value="jdavila - PCPruebas101.ciel.cielingenieria.com"/>
         <property name="os" value="Windows 10 64bit"/>
         <property name="katalonVersion" value="8.6.8.208"/>
         <property name="browser" value="Chrome 120.0.0.0"/>
         <property name="hostAddress" value="192.168.0.9"/>
         <property name="sessionId" value="2dba6fead7adf1296c7c13f0cf346b4c"/>
         <property name="seleniumVersion" value="3.141.59"/>
         <property name="proxyInformation" value="ProxyInformation { proxyOption=NO_PROXY, proxyServerType=HTTP, username=, password=********, proxyServerAddress=, proxyServerPort=0, executionList=&quot;&quot;, isApplyToDesiredCapabilities=true }"/>
         <property name="platform" value="Windows 10"/>
      </properties>
      <testcase name="Test Cases/WIZARD/1Modelo De Negocio/2.3 Creacion Elementos Servicios" time="166.148" classname="Test Cases/WIZARD/1Modelo De Negocio/2.3 Creacion Elementos Servicios" status="PASSED">
         <system-out><![CDATA[2024-01-15 09:15:45 - [TEST_CASE][PASSED] - Test Cases/WIZARD/1Modelo De Negocio/2.3 Creacion Elementos Servicios: Test Cases/WIZARD/1Modelo De Negocio/2.3 Creacion Elementos Servicios

2024-01-15 09:15:45 - [TEST_STEP][PASSED] - callTestCase(findTestCase("0InicioSesion"), [:], STOP_ON_FAILURE): Call Test Case 'Test Cases/0InicioSesion' successfully

2024-01-15 09:15:45 - [TEST_CASE][PASSED] - Test Cases/0InicioSesion: Test Cases/0InicioSesion

2024-01-15 09:15:46 - [TEST_STEP][PASSED] - openBrowser(UrlDigiturno): Browser is opened with url: 'https://PCPruebas101.ciel.cielingenieria.com:8610'

2024-01-15 09:15:46 - [MESSAGE][INFO] - Starting 'Chrome' driver

2024-01-15 09:15:46 - [MESSAGE][INFO] - User set preference: ['args', '[--use-fake-ui-for-media-stream, --disable-notifications]']

2024-01-15 09:15:46 - [MESSAGE][INFO] - Action delay is set to 0 milliseconds

2024-01-15 09:15:48 - [MESSAGE][PASSED] - Browser is opened with url: 'https://PCPruebas101.ciel.cielingenieria.com:8610'

2024-01-15 09:15:48 - [TEST_STEP][PASSED] - maximizeWindow(): Current window maximized

2024-01-15 09:15:49 - [MESSAGE][PASSED] - Current window maximized

2024-01-15 09:15:49 - [TEST_STEP][PASSED] - delay(3): Delayed 3 second(s)

2024-01-15 09:15:52 - [MESSAGE][PASSED] - Delayed 3 second(s)

2024-01-15 09:15:52 - [TEST_STEP][PASSED] - setText(findTestObject("0Inicio Sesion/input_Usuario"), "Ciel"): Text 'Ciel' is set on object 'Object Repository/0Inicio Sesion/input_Usuario'

2024-01-15 09:15:52 - [MESSAGE][PASSED] - Text 'Ciel' is set on object 'Object Repository/0Inicio Sesion/input_Usuario'

2024-01-15 09:15:52 - [TEST_STEP][PASSED] - setText(findTestObject("0Inicio Sesion/input_Clave"), "digiturno"): Text 'digiturno' is set on object 'Object Repository/0Inicio Sesion/input_Clave'

2024-01-15 09:15:53 - [MESSAGE][PASSED] - Text 'digiturno' is set on object 'Object Repository/0Inicio Sesion/input_Clave'

2024-01-15 09:15:53 - [TEST_STEP][PASSED] - click(findTestObject("0Inicio Sesion/btn_IniciarSesion")): Object: 'Object Repository/0Inicio Sesion/btn_IniciarSesion' is clicked on

2024-01-15 09:15:53 - [MESSAGE][PASSED] - Object: 'Object Repository/0Inicio Sesion/btn_IniciarSesion' is clicked on

2024-01-15 09:15:53 - [TEST_STEP][PASSED] - delay(3): Delayed 3 second(s)

2024-01-15 09:15:56 - [MESSAGE][PASSED] - Delayed 3 second(s)

2024-01-15 09:15:56 - [MESSAGE][PASSED] - Call Test Case 'Test Cases/0InicioSesion' successfully

2024-01-15 09:15:56 - [TEST_STEP][PASSED] - click(findTestObject("WIZARD/0Principal/img_ModeloDeNegocioMAX")): Object: 'Object Repository/WIZARD/0Principal/img_ModeloDeNegocioMAX' is clicked on

2024-01-15 09:15:57 - [MESSAGE][PASSED] - Object: 'Object Repository/WIZARD/0Principal/img_ModeloDeNegocioMAX' is clicked on

2024-01-15 09:15:57 - [TEST_STEP][PASSED] - delay(3): Delayed 3 second(s)

2024-01-15 09:16:00 - [MESSAGE][PASSED] - Delayed 3 second(s)

2024-01-15 09:16:00 - [TEST_STEP][PASSED] - click(findTestObject("WIZARD/1Modelo De Negocio/00Menu/span_Elementos")): Object: 'Object Repository/WIZARD/1Modelo De Negocio/00Menu/span_Elementos' is clicked on

2024-01-15 09:16:01 - [MESSAGE][PASSED] - Object: 'Object Repository/WIZARD/1Modelo De Negocio/00Menu/span_Elementos' is clicked on

2024-01-15 09:16:01 - [TEST_STEP][PASSED] - delay(3): Delayed 3 second(s)

2024-01-15 09:16:04 - [MESSAGE][PASSED] - Delayed 3 second(s)

2024-01-15 09:16:04 - [TEST_STEP][PASSED] - click(findTestObject("WIZARD/1Modelo De Negocio/2Elementos/Nivel/option_3Servicio")): Object: 'Object Repository/WIZARD/1Modelo De Negocio/2Elementos/Nivel/option_3Servicio' is clicked on

2024-01-15 09:16:05 - [MESSAGE][PASSED] - Object: 'Object Repository/WIZARD/1Modelo De Negocio/2Elementos/Nivel/option_3Servicio' is clicked on

2024-01-15 09:16:05 - [TEST_STEP][PASSED] - delay(3): Delayed 3 second(s)

2024-01-15 09:16:08 - [MESSAGE][PASSED] - Delayed 3 second(s)

2024-01-15 09:16:08 - [TEST_STEP][PASSED] - click(findTestObject("WIZARD/1Modelo De Negocio/2Elementos/Nivel/Servicio/td_SRVO1")): Object: 'Object Repository/WIZARD/1Modelo De Negocio/2Elementos/Nivel/Servicio/td_SRVO1' is clicked on

2024-01-15 09:16:08 - [MESSAGE][PASSED] - Object: 'Object Repository/WIZARD/1Modelo De Negocio/2Elementos/Nivel/Servicio/td_SRVO1' is clicked on

2024-01-15 09:16:08 - [TEST_STEP][PASSED] - delay(3): Delayed 3 second(s)

2024-01-15 09:16:11 - [MESSAGE][PASSED] - Delayed 3 second(s)

2024-01-15 09:16:11 - [TEST_STEP][PASSED] - setText(findTestObject("WIZARD/1Modelo De Negocio/2Elementos/Edicion de Elementos/input_Nombre Elemento"), "Información"): Text 'Información' is set on object 'Object Repository/WIZARD/1Modelo De Negocio/2Elementos/Edicion de Elementos/input_Nombre Elemento'

2024-01-15 09:16:12 - [MESSAGE][PASSED] - Text 'Información' is set on object 'Object Repository/WIZARD/1Modelo De Negocio/2Elementos/Edicion de Elementos/input_Nombre Elemento'

2024-01-15 09:16:12 - [TEST_STEP][PASSED] - setText(findTestObject("WIZARD/1Modelo De Negocio/2Elementos/Edicion de Elementos/input_Descripcion Elemento"), "Información"): Text 'Información' is set on object 'Object Repository/WIZARD/1Modelo De Negocio/2Elementos/Edicion de Elementos/input_Descripcion Elemento'

2024-01-15 09:16:13 - [MESSAGE][PASSED] - Text 'Información' is set on object 'Object Repository/WIZARD/1Modelo De Negocio/2Elementos/Edicion de Elementos/input_Descripcion Elemento'

2024-01-15 09:16:13 - [TEST_STEP][PASSED] - executeJavaScript("return document.getElementById('ContentPlaceHolder1_lnkTiempoMaxAtencion').click()", []): Execute JavaScript 'return document.getElementById('ContentPlaceHolder1_lnkTiempoMaxAtencion').click()' successfully

2024-01-15 09:16:13 - [MESSAGE][PASSED] - Execute JavaScript 'return document.getElementById('ContentPlaceHolder1_lnkTiempoMaxAtencion').click()' successfully

2024-01-15 09:16:13 - [TEST_STEP][PASSED] - delay(2): Delayed 2 second(s)

2024-01-15 09:16:15 - [MESSAGE][PASSED] - Delayed 2 second(s)

2024-01-15 09:16:15 - [TEST_STEP][PASSED] - executeJavaScript("return document.getElementById('ContentPlaceHolder1_TimeSpanControlMaxTiempo_txtMinuto').value=10", []): Execute JavaScript 'return document.getElementById('ContentPlaceHolder1_TimeSpanControlMaxTiempo_txtMinuto').value=10' successfully

2024-01-15 09:16:15 - [MESSAGE][PASSED] - Execute JavaScript 'return document.getElementById('ContentPlaceHolder1_TimeSpanControlMaxTiempo_txtMinuto').value=10' successfully

2024-01-15 09:16:15 - [TEST_STEP][PASSED] - delay(5): Delayed 5 second(s)

2024-01-15 09:16:20 - [MESSAGE][PASSED] - Delayed 5 second(s)

2024-01-15 09:16:20 - [TEST_STEP][PASSED] - click(findTestObject("WIZARD/1Modelo De Negocio/2ModalTiempoMaxAtencion/btn_Aceptar")): Object: 'Object Repository/WIZARD/1Modelo De Negocio/2ModalTiempoMaxAtencion/btn_Aceptar' is clicked on

2024-01-15 09:16:20 - [MESSAGE][PASSED] - Object: 'Object Repository/WIZARD/1Modelo De Negocio/2ModalTiempoMaxAtencion/btn_Aceptar' is clicked on

2024-01-15 09:16:20 - [TEST_STEP][PASSED] - delay(3): Delayed 3 second(s)

2024-01-15 09:16:23 - [MESSAGE][PASSED] - Delayed 3 second(s)

2024-01-15 09:16:23 - [TEST_STEP][PASSED] - executeJavaScript("return document.getElementById('ContentPlaceHolder1_lnkTiempoControaldoAtencion').click()", []): Execute JavaScript 'return document.getElementById('ContentPlaceHolder1_lnkTiempoControaldoAtencion').click()' successfully

2024-01-15 09:16:23 - [MESSAGE][PASSED] - Execute JavaScript 'return document.getElementById('ContentPlaceHolder1_lnkTiempoControaldoAtencion').click()' successfully

2024-01-15 09:16:23 - [TEST_STEP][PASSED] - delay(2): Delayed 2 second(s)

2024-01-15 09:16:25 - [MESSAGE][PASSED] - Delayed 2 second(s)

2024-01-15 09:16:25 - [TEST_STEP][PASSED] - executeJavaScript("return document.getElementById('ContentPlaceHolder1_TimeSpanControlTiempoControlado_txtMinuto').value=5", []): Execute JavaScript 'return document.getElementById('ContentPlaceHolder1_TimeSpanControlTiempoControlado_txtMinuto').value=5' successfully

2024-01-15 09:16:25 - [MESSAGE][PASSED] - Execute JavaScript 'return document.getElementById('ContentPlaceHolder1_TimeSpanControlTiempoControlado_txtMinuto').value=5' successfully

2024-01-15 09:16:25 - [TEST_STEP][PASSED] - delay(5): Delayed 5 second(s)

2024-01-15 09:16:30 - [MESSAGE][PASSED] - Delayed 5 second(s)

2024-01-15 09:16:30 - [TEST_STEP][PASSED] - click(findTestObject("WIZARD/1Modelo De Negocio/2Modal Tiempo Controlado de atencion/btn_Aceptar")): Object: 'Object Repository/WIZARD/1Modelo De Negocio/2Modal Tiempo Controlado de atencion/btn_Aceptar' is clicked on

2024-01-15 09:16:31 - [MESSAGE][PASSED] - Object: 'Object Repository/WIZARD/1Modelo De Negocio/2Modal Tiempo Controlado de atencion/btn_Aceptar' is clicked on

2024-01-15 09:16:31 - [TEST_STEP][PASSED] - delay(3): Delayed 3 second(s)

2024-01-15 09:16:34 - [MESSAGE][PASSED] - Delayed 3 second(s)

2024-01-15 09:16:34 - [TEST_STEP][PASSED] - click(findTestObject("WIZARD/1Modelo De Negocio/2Elementos/Edicion de Elementos/btn_Actualizar")): Object: 'Object Repository/WIZARD/1Modelo De Negocio/2Elementos/Edicion de Elementos/btn_Actualizar' is clicked on

2024-01-15 09:16:34 - [MESSAGE][PASSED] - Object: 'Object Repository/WIZARD/1Modelo De Negocio/2Elementos/Edicion de Elementos/btn_Actualizar' is clicked on

2024-01-15 09:16:34 - [TEST_STEP][PASSED] - delay(20): Delayed 20 second(s)

2024-01-15 09:16:54 - [MESSAGE][PASSED] - Delayed 20 second(s)

2024-01-15 09:16:54 - [TEST_STEP][PASSED] - click(findTestObject("WIZARD/1Modelo De Negocio/2Elementos/Nivel/Servicio/td_SRVO2")): Object: 'Object Repository/WIZARD/1Modelo De Negocio/2Elementos/Nivel/Servicio/td_SRVO2' is clicked on

2024-01-15 09:16:55 - [MESSAGE][PASSED] - Object: 'Object Repository/WIZARD/1Modelo De Negocio/2Elementos/Nivel/Servicio/td_SRVO2' is clicked on

2024-01-15 09:16:55 - [TEST_STEP][PASSED] - delay(3): Delayed 3 second(s)

2024-01-15 09:16:58 - [MESSAGE][PASSED] - Delayed 3 second(s)

2024-01-15 09:16:58 - [TEST_STEP][PASSED] - setText(findTestObject("WIZARD/1Modelo De Negocio/2Elementos/Edicion de Elementos/input_Nombre Elemento"), "Radicaciones"): Text 'Radicaciones' is set on object 'Object Repository/WIZARD/1Modelo De Negocio/2Elementos/Edicion de Elementos/input_Nombre Elemento'

2024-01-15 09:16:59 - [MESSAGE][PASSED] - Text 'Radicaciones' is set on object 'Object Repository/WIZARD/1Modelo De Negocio/2Elementos/Edicion de Elementos/input_Nombre Elemento'

2024-01-15 09:16:59 - [TEST_STEP][PASSED] - setText(findTestObject("WIZARD/1Modelo De Negocio/2Elementos/Edicion de Elementos/input_Descripcion Elemento"), "Radicaciones"): Text 'Radicaciones' is set on object 'Object Repository/WIZARD/1Modelo De Negocio/2Elementos/Edicion de Elementos/input_Descripcion Elemento'

2024-01-15 09:16:59 - [MESSAGE][PASSED] - Text 'Radicaciones' is set on object 'Object Repository/WIZARD/1Modelo De Negocio/2Elementos/Edicion de Elementos/input_Descripcion Elemento'

2024-01-15 09:16:59 - [TEST_STEP][PASSED] - executeJavaScript("return document.getElementById('ContentPlaceHolder1_lnkTiempoMaxAtencion').click()", []): Execute JavaScript 'return document.getElementById('ContentPlaceHolder1_lnkTiempoMaxAtencion').click()' successfully

2024-01-15 09:16:59 - [MESSAGE][PASSED] - Execute JavaScript 'return document.getElementById('ContentPlaceHolder1_lnkTiempoMaxAtencion').click()' successfully

2024-01-15 09:16:59 - [TEST_STEP][PASSED] - delay(2): Delayed 2 second(s)

2024-01-15 09:17:01 - [MESSAGE][PASSED] - Delayed 2 second(s)

2024-01-15 09:17:01 - [TEST_STEP][PASSED] - executeJavaScript("return document.getElementById('ContentPlaceHolder1_TimeSpanControlMaxTiempo_txtMinuto').value=10", []): Execute JavaScript 'return document.getElementById('ContentPlaceHolder1_TimeSpanControlMaxTiempo_txtMinuto').value=10' successfully

2024-01-15 09:17:01 - [MESSAGE][PASSED] - Execute JavaScript 'return document.getElementById('ContentPlaceHolder1_TimeSpanControlMaxTiempo_txtMinuto').value=10' successfully

2024-01-15 09:17:01 - [TEST_STEP][PASSED] - delay(5): Delayed 5 second(s)

2024-01-15 09:17:06 - [MESSAGE][PASSED] - Delayed 5 second(s)

2024-01-15 09:17:06 - [TEST_STEP][PASSED] - click(findTestObject("WIZARD/1Modelo De Negocio/2ModalTiempoMaxAtencion/btn_Aceptar")): Object: 'Object Repository/WIZARD/1Modelo De Negocio/2ModalTiempoMaxAtencion/btn_Aceptar' is clicked on

2024-01-15 09:17:07 - [MESSAGE][PASSED] - Object: 'Object Repository/WIZARD/1Modelo De Negocio/2ModalTiempoMaxAtencion/btn_Aceptar' is clicked on

2024-01-15 09:17:07 - [TEST_STEP][PASSED] - delay(3): Delayed 3 second(s)

2024-01-15 09:17:10 - [MESSAGE][PASSED] - Delayed 3 second(s)

2024-01-15 09:17:10 - [TEST_STEP][PASSED] - executeJavaScript("return document.getElementById('ContentPlaceHolder1_lnkTiempoControaldoAtencion').click()", []): Execute JavaScript 'return document.getElementById('ContentPlaceHolder1_lnkTiempoControaldoAtencion').click()' successfully

2024-01-15 09:17:10 - [MESSAGE][PASSED] - Execute JavaScript 'return document.getElementById('ContentPlaceHolder1_lnkTiempoControaldoAtencion').click()' successfully

2024-01-15 09:17:10 - [TEST_STEP][PASSED] - delay(2): Delayed 2 second(s)

2024-01-15 09:17:12 - [MESSAGE][PASSED] - Delayed 2 second(s)

2024-01-15 09:17:12 - [TEST_STEP][PASSED] - executeJavaScript("return document.getElementById('ContentPlaceHolder1_TimeSpanControlTiempoControlado_txtMinuto').value=5", []): Execute JavaScript 'return document.getElementById('ContentPlaceHolder1_TimeSpanControlTiempoControlado_txtMinuto').value=5' successfully

2024-01-15 09:17:12 - [MESSAGE][PASSED] - Execute JavaScript 'return document.getElementById('ContentPlaceHolder1_TimeSpanControlTiempoControlado_txtMinuto').value=5' successfully

2024-01-15 09:17:12 - [TEST_STEP][PASSED] - delay(5): Delayed 5 second(s)

2024-01-15 09:17:17 - [MESSAGE][PASSED] - Delayed 5 second(s)

2024-01-15 09:17:17 - [TEST_STEP][PASSED] - click(findTestObject("WIZARD/1Modelo De Negocio/2Modal Tiempo Controlado de atencion/btn_Aceptar")): Object: 'Object Repository/WIZARD/1Modelo De Negocio/2Modal Tiempo Controlado de atencion/btn_Aceptar' is clicked on

2024-01-15 09:17:17 - [MESSAGE][PASSED] - Object: 'Object Repository/WIZARD/1Modelo De Negocio/2Modal Tiempo Controlado de atencion/btn_Aceptar' is clicked on

2024-01-15 09:17:17 - [TEST_STEP][PASSED] - delay(3): Delayed 3 second(s)

2024-01-15 09:17:20 - [MESSAGE][PASSED] - Delayed 3 second(s)

2024-01-15 09:17:20 - [TEST_STEP][PASSED] - click(findTestObject("WIZARD/1Modelo De Negocio/2Elementos/Edicion de Elementos/btn_Actualizar")): Object: 'Object Repository/WIZARD/1Modelo De Negocio/2Elementos/Edicion de Elementos/btn_Actualizar' is clicked on

2024-01-15 09:17:21 - [MESSAGE][PASSED] - Object: 'Object Repository/WIZARD/1Modelo De Negocio/2Elementos/Edicion de Elementos/btn_Actualizar' is clicked on

2024-01-15 09:17:21 - [TEST_STEP][PASSED] - delay(20): Delayed 20 second(s)

2024-01-15 09:17:41 - [MESSAGE][PASSED] - Delayed 20 second(s)

2024-01-15 09:17:41 - [TEST_STEP][PASSED] - click(findTestObject("WIZARD/1Modelo De Negocio/2Elementos/Nivel/Servicio/td_SRVO3")): Object: 'Object Repository/WIZARD/1Modelo De Negocio/2Elementos/Nivel/Servicio/td_SRVO3' is clicked on

2024-01-15 09:17:41 - [MESSAGE][PASSED] - Object: 'Object Repository/WIZARD/1Modelo De Negocio/2Elementos/Nivel/Servicio/td_SRVO3' is clicked on

2024-01-15 09:17:41 - [TEST_STEP][PASSED] - delay(3): Delayed 3 second(s)

2024-01-15 09:17:44 - [MESSAGE][PASSED] - Delayed 3 second(s)

2024-01-15 09:17:44 - [TEST_STEP][PASSED] - setText(findTestObject("WIZARD/1Modelo De Negocio/2Elementos/Edicion de Elementos/input_Nombre Elemento"), "PQRS"): Text 'PQRS' is set on object 'Object Repository/WIZARD/1Modelo De Negocio/2Elementos/Edicion de Elementos/input_Nombre Elemento'

2024-01-15 09:17:45 - [MESSAGE][PASSED] - Text 'PQRS' is set on object 'Object Repository/WIZARD/1Modelo De Negocio/2Elementos/Edicion de Elementos/input_Nombre Elemento'

2024-01-15 09:17:45 - [TEST_STEP][PASSED] - setText(findTestObject("WIZARD/1Modelo De Negocio/2Elementos/Edicion de Elementos/input_Descripcion Elemento"), "PQRS"): Text 'PQRS' is set on object 'Object Repository/WIZARD/1Modelo De Negocio/2Elementos/Edicion de Elementos/input_Descripcion Elemento'

2024-01-15 09:17:46 - [MESSAGE][PASSED] - Text 'PQRS' is set on object 'Object Repository/WIZARD/1Modelo De Negocio/2Elementos/Edicion de Elementos/input_Descripcion Elemento'

2024-01-15 09:17:46 - [TEST_STEP][PASSED] - executeJavaScript("return document.getElementById('ContentPlaceHolder1_lnkTiempoMaxAtencion').click()", []): Execute JavaScript 'return document.getElementById('ContentPlaceHolder1_lnkTiempoMaxAtencion').click()' successfully

2024-01-15 09:17:46 - [MESSAGE][PASSED] - Execute JavaScript 'return document.getElementById('ContentPlaceHolder1_lnkTiempoMaxAtencion').click()' successfully

2024-01-15 09:17:46 - [TEST_STEP][PASSED] - delay(2): Delayed 2 second(s)

2024-01-15 09:17:48 - [MESSAGE][PASSED] - Delayed 2 second(s)

2024-01-15 09:17:48 - [TEST_STEP][PASSED] - executeJavaScript("return document.getElementById('ContentPlaceHolder1_TimeSpanControlMaxTiempo_txtMinuto').value=10", []): Execute JavaScript 'return document.getElementById('ContentPlaceHolder1_TimeSpanControlMaxTiempo_txtMinuto').value=10' successfully

2024-01-15 09:17:48 - [MESSAGE][PASSED] - Execute JavaScript 'return document.getElementById('ContentPlaceHolder1_TimeSpanControlMaxTiempo_txtMinuto').value=10' successfully

2024-01-15 09:17:48 - [TEST_STEP][PASSED] - delay(5): Delayed 5 second(s)

2024-01-15 09:17:53 - [MESSAGE][PASSED] - Delayed 5 second(s)

2024-01-15 09:17:53 - [TEST_STEP][PASSED] - click(findTestObject("WIZARD/1Modelo De Negocio/2ModalTiempoMaxAtencion/btn_Aceptar")): Object: 'Object Repository/WIZARD/1Modelo De Negocio/2ModalTiempoMaxAtencion/btn_Aceptar' is clicked on

2024-01-15 09:17:53 - [MESSAGE][PASSED] - Object: 'Object Repository/WIZARD/1Modelo De Negocio/2ModalTiempoMaxAtencion/btn_Aceptar' is clicked on

2024-01-15 09:17:53 - [TEST_STEP][PASSED] - delay(3): Delayed 3 second(s)

2024-01-15 09:17:56 - [MESSAGE][PASSED] - Delayed 3 second(s)

2024-01-15 09:17:56 - [TEST_STEP][PASSED] - executeJavaScript("return document.getElementById('ContentPlaceHolder1_lnkTiempoControaldoAtencion').click()", []): Execute JavaScript 'return document.getElementById('ContentPlaceHolder1_lnkTiempoControaldoAtencion').click()' successfully

2024-01-15 09:17:56 - [MESSAGE][PASSED] - Execute JavaScript 'return document.getElementById('ContentPlaceHolder1_lnkTiempoControaldoAtencion').click()' successfully

2024-01-15 09:17:56 - [TEST_STEP][PASSED] - delay(2): Delayed 2 second(s)

2024-01-15 09:17:58 - [MESSAGE][PASSED] - Delayed 2 second(s)

2024-01-15 09:17:58 - [TEST_STEP][PASSED] - executeJavaScript("return document.getElementById('ContentPlaceHolder1_TimeSpanControlTiempoControlado_txtMinuto').value=5", []): Execute JavaScript 'return document.getElementById('ContentPlaceHolder1_TimeSpanControlTiempoControlado_txtMinuto').value=5' successfully

2024-01-15 09:17:58 - [MESSAGE][PASSED] - Execute JavaScript 'return document.getElementById('ContentPlaceHolder1_TimeSpanControlTiempoControlado_txtMinuto').value=5' successfully

2024-01-15 09:17:58 - [TEST_STEP][PASSED] - delay(5): Delayed 5 second(s)

2024-01-15 09:18:03 - [MESSAGE][PASSED] - Delayed 5 second(s)

2024-01-15 09:18:03 - [TEST_STEP][PASSED] - click(findTestObject("WIZARD/1Modelo De Negocio/2Modal Tiempo Controlado de atencion/btn_Aceptar")): Object: 'Object Repository/WIZARD/1Modelo De Negocio/2Modal Tiempo Controlado de atencion/btn_Aceptar' is clicked on

2024-01-15 09:18:04 - [MESSAGE][PASSED] - Object: 'Object Repository/WIZARD/1Modelo De Negocio/2Modal Tiempo Controlado de atencion/btn_Aceptar' is clicked on

2024-01-15 09:18:04 - [TEST_STEP][PASSED] - delay(3): Delayed 3 second(s)

2024-01-15 09:18:07 - [MESSAGE][PASSED] - Delayed 3 second(s)

2024-01-15 09:18:07 - [TEST_STEP][PASSED] - click(findTestObject("WIZARD/1Modelo De Negocio/2Elementos/Edicion de Elementos/btn_Actualizar")): Object: 'Object Repository/WIZARD/1Modelo De Negocio/2Elementos/Edicion de Elementos/btn_Actualizar' is clicked on

2024-01-15 09:18:07 - [MESSAGE][PASSED] - Object: 'Object Repository/WIZARD/1Modelo De Negocio/2Elementos/Edicion de Elementos/btn_Actualizar' is clicked on

2024-01-15 09:18:07 - [TEST_STEP][PASSED] - delay(20): Delayed 20 second(s)

2024-01-15 09:18:27 - [MESSAGE][PASSED] - Delayed 20 second(s)

2024-01-15 09:18:27 - [TEST_STEP][PASSED] - takeFullPageScreenshot(): Taking screenshot successfully

2024-01-15 09:18:28 - [MESSAGE][INFO] - 0 hidden object(s)

2024-01-15 09:18:28 - [MESSAGE][PASSED] - Taking screenshot successfully
[[ATTACHMENT|C:\\CIEL INGENIERIA\\Katalon\\Digiturno55\\Reports\\20240115_091123\\WIZARD\\1Modelo De Negocio\\2.3 Creacion Elementos Servicios\\20240115_091133\\1705328307755.png]]

2024-01-15 09:18:28 - [TEST_STEP][PASSED] - delay(3): Delayed 3 second(s)

2024-01-15 09:18:31 - [MESSAGE][PASSED] - Delayed 3 second(s)

2024-01-15 09:18:31 - [TEST_STEP][PASSED] - Start listener action : sampleAfterTestCase: null]]></system-out>
         <system-err><![CDATA[]]></system-err>
      </testcase>
      <system-out><![CDATA[2024-01-15 09:15:45 - [TEST_SUITE][PASSED] - 2.3 Creacion Elementos Servicios: Test Cases/WIZARD/1Modelo De Negocio/2.3 Creacion Elementos Servicios]]></system-out>
      <system-err><![CDATA[]]></system-err>
   </testsuite>
</testsuites>
