<?xml version="1.0" encoding="UTF-8"?>
<testsuites name="4 Crear Niveles Geograficos" time="98.305" tests="1" failures="0" errors="0">
   <testsuite name="4 Crear Niveles Geograficos" tests="1" failures="0" errors="0" time="98.305" skipped="0" timestamp="2023-08-14 10:31:10" hostname="jdavila - PCPruebas101.ciel.cielingenieria.com" id="Test Suites/WIZARD/2Estructura Geografica/4 Crear Niveles Geograficos">
      <properties>
         <property name="deviceName" value=""/>
         <property name="devicePlatform" value=""/>
         <property name="logFolder" value="C:\\CIEL INGENIERIA\\Katalon\\Digiturno55\\Reports\\20230814_103032\\WIZARD\\2Estructura Geografica\\4 Crear Niveles Geograficos\\20230814_103034"/>
         <property name="logFiles" value="C:\\CIEL INGENIERIA\\Katalon\\Digiturno55\\Reports\\20230814_103032\\WIZARD\\2Estructura Geografica\\4 Crear Niveles Geograficos\\20230814_103034\\execution0.log"/>
         <property name="attachments" value="C:\\CIEL INGENIERIA\\Katalon\\Digiturno55\\Reports\\20230814_103032\\WIZARD\\2Estructura Geografica\\4 Crear Niveles Geograficos\\20230814_103034\\1692027164683.png"/>
         <property name="hostName" value="jdavila - PCPruebas101.ciel.cielingenieria.com"/>
         <property name="os" value="Windows 10 64bit"/>
         <property name="katalonVersion" value="8.6.0.208"/>
         <property name="browser" value="Chrome 115.0.0.0"/>
         <property name="hostAddress" value="192.168.0.33"/>
         <property name="sessionId" value="3fbe7f185f6a820f07936ae4c1516c47"/>
         <property name="seleniumVersion" value="3.141.59"/>
         <property name="proxyInformation" value="ProxyInformation { proxyOption=NO_PROXY, proxyServerType=HTTP, username=, password=********, proxyServerAddress=, proxyServerPort=0, executionList=&quot;&quot;, isApplyToDesiredCapabilities=true }"/>
         <property name="platform" value="Windows 10"/>
      </properties>
      <testcase name="Test Cases/WIZARD/2Estructura Geografica/4 Crear Niveles Geograficos" time="97.995" classname="Test Cases/WIZARD/2Estructura Geografica/4 Crear Niveles Geograficos" status="PASSED">
         <system-out><![CDATA[2023-08-14 10:31:10 - [TEST_CASE][PASSED] - Test Cases/WIZARD/2Estructura Geografica/4 Crear Niveles Geograficos: Test Cases/WIZARD/2Estructura Geografica/4 Crear Niveles Geograficos

2023-08-14 10:31:11 - [TEST_STEP][PASSED] - callTestCase(findTestCase("0InicioSesion"), [:], STOP_ON_FAILURE): Call Test Case 'Test Cases/0InicioSesion' successfully

2023-08-14 10:31:11 - [TEST_CASE][PASSED] - Test Cases/0InicioSesion: Test Cases/0InicioSesion

2023-08-14 10:31:11 - [TEST_STEP][PASSED] - openBrowser(UrlDigiturno): Browser is opened with url: 'https://PCPruebas101.ciel.cielingenieria.com:8610'

2023-08-14 10:31:11 - [MESSAGE][INFO] - Starting 'Chrome' driver

2023-08-14 10:31:11 - [MESSAGE][INFO] - User set preference: ['args', '[--use-fake-ui-for-media-stream, --disable-notifications]']

2023-08-14 10:31:11 - [MESSAGE][INFO] - Action delay is set to 0 milliseconds

2023-08-14 10:31:31 - [MESSAGE][PASSED] - Browser is opened with url: 'https://PCPruebas101.ciel.cielingenieria.com:8610'

2023-08-14 10:31:31 - [TEST_STEP][PASSED] - maximizeWindow(): Current window maximized

2023-08-14 10:31:31 - [MESSAGE][PASSED] - Current window maximized

2023-08-14 10:31:31 - [TEST_STEP][PASSED] - delay(3): Delayed 3 second(s)

2023-08-14 10:31:34 - [MESSAGE][PASSED] - Delayed 3 second(s)

2023-08-14 10:31:34 - [TEST_STEP][PASSED] - setText(findTestObject("0Inicio Sesion/input_Usuario"), "Ciel"): Text 'Ciel' is set on object 'Object Repository/0Inicio Sesion/input_Usuario'

2023-08-14 10:31:35 - [MESSAGE][PASSED] - Text 'Ciel' is set on object 'Object Repository/0Inicio Sesion/input_Usuario'

2023-08-14 10:31:35 - [TEST_STEP][PASSED] - setText(findTestObject("0Inicio Sesion/input_Clave"), "digiturno"): Text 'digiturno' is set on object 'Object Repository/0Inicio Sesion/input_Clave'

2023-08-14 10:31:36 - [MESSAGE][PASSED] - Text 'digiturno' is set on object 'Object Repository/0Inicio Sesion/input_Clave'

2023-08-14 10:31:36 - [TEST_STEP][PASSED] - click(findTestObject("0Inicio Sesion/btn_IniciarSesion")): Object: 'Object Repository/0Inicio Sesion/btn_IniciarSesion' is clicked on

2023-08-14 10:31:36 - [MESSAGE][PASSED] - Object: 'Object Repository/0Inicio Sesion/btn_IniciarSesion' is clicked on

2023-08-14 10:31:36 - [TEST_STEP][PASSED] - delay(3): Delayed 3 second(s)

2023-08-14 10:31:39 - [MESSAGE][PASSED] - Delayed 3 second(s)

2023-08-14 10:31:39 - [MESSAGE][PASSED] - Call Test Case 'Test Cases/0InicioSesion' successfully

2023-08-14 10:31:39 - [TEST_STEP][PASSED] - click(findTestObject("WIZARD/0Principal/img_EstructuraGeograficaMAX")): Object: 'Object Repository/WIZARD/0Principal/img_EstructuraGeograficaMAX' is clicked on

2023-08-14 10:32:23 - [MESSAGE][PASSED] - Object: 'Object Repository/WIZARD/0Principal/img_EstructuraGeograficaMAX' is clicked on

2023-08-14 10:32:23 - [TEST_STEP][PASSED] - delay(3): Delayed 3 second(s)

2023-08-14 10:32:26 - [MESSAGE][PASSED] - Delayed 3 second(s)

2023-08-14 10:32:26 - [TEST_STEP][PASSED] - click(findTestObject("WIZARD/2Estructura Geografica/0Arbol Geografico/span_Niveles geograficos")): Object: 'Object Repository/WIZARD/2Estructura Geografica/0Arbol Geografico/span_Niveles geograficos' is clicked on

2023-08-14 10:32:28 - [MESSAGE][PASSED] - Object: 'Object Repository/WIZARD/2Estructura Geografica/0Arbol Geografico/span_Niveles geograficos' is clicked on

2023-08-14 10:32:28 - [TEST_STEP][PASSED] - delay(3): Delayed 3 second(s)

2023-08-14 10:32:31 - [MESSAGE][PASSED] - Delayed 3 second(s)

2023-08-14 10:32:31 - [TEST_STEP][PASSED] - setText(findTestObject("WIZARD/2Estructura Geografica/1Niveles Geograficos/Edicion de niveles geograficos/input_Nombre"), "Pais"): Text 'Pais' is set on object 'Object Repository/WIZARD/2Estructura Geografica/1Niveles Geograficos/Edicion de niveles geograficos/input_Nombre'

2023-08-14 10:32:31 - [MESSAGE][PASSED] - Text 'Pais' is set on object 'Object Repository/WIZARD/2Estructura Geografica/1Niveles Geograficos/Edicion de niveles geograficos/input_Nombre'

2023-08-14 10:32:31 - [TEST_STEP][PASSED] - click(findTestObject("WIZARD/2Estructura Geografica/1Niveles Geograficos/Edicion de niveles geograficos/btn_Crear")): Object: 'Object Repository/WIZARD/2Estructura Geografica/1Niveles Geograficos/Edicion de niveles geograficos/btn_Crear' is clicked on

2023-08-14 10:32:32 - [MESSAGE][PASSED] - Object: 'Object Repository/WIZARD/2Estructura Geografica/1Niveles Geograficos/Edicion de niveles geograficos/btn_Crear' is clicked on

2023-08-14 10:32:32 - [TEST_STEP][PASSED] - delay(3): Delayed 3 second(s)

2023-08-14 10:32:35 - [MESSAGE][PASSED] - Delayed 3 second(s)

2023-08-14 10:32:35 - [TEST_STEP][PASSED] - setText(findTestObject("WIZARD/2Estructura Geografica/1Niveles Geograficos/Edicion de niveles geograficos/input_Nombre"), "Departamento"): Text 'Departamento' is set on object 'Object Repository/WIZARD/2Estructura Geografica/1Niveles Geograficos/Edicion de niveles geograficos/input_Nombre'

2023-08-14 10:32:36 - [MESSAGE][PASSED] - Text 'Departamento' is set on object 'Object Repository/WIZARD/2Estructura Geografica/1Niveles Geograficos/Edicion de niveles geograficos/input_Nombre'

2023-08-14 10:32:36 - [TEST_STEP][PASSED] - click(findTestObject("WIZARD/2Estructura Geografica/1Niveles Geograficos/Edicion de niveles geograficos/btn_Crear")): Object: 'Object Repository/WIZARD/2Estructura Geografica/1Niveles Geograficos/Edicion de niveles geograficos/btn_Crear' is clicked on

2023-08-14 10:32:37 - [MESSAGE][PASSED] - Object: 'Object Repository/WIZARD/2Estructura Geografica/1Niveles Geograficos/Edicion de niveles geograficos/btn_Crear' is clicked on

2023-08-14 10:32:37 - [TEST_STEP][PASSED] - delay(3): Delayed 3 second(s)

2023-08-14 10:32:40 - [MESSAGE][PASSED] - Delayed 3 second(s)

2023-08-14 10:32:40 - [TEST_STEP][PASSED] - setText(findTestObject("WIZARD/2Estructura Geografica/1Niveles Geograficos/Edicion de niveles geograficos/input_Nombre"), "Ciudad"): Text 'Ciudad' is set on object 'Object Repository/WIZARD/2Estructura Geografica/1Niveles Geograficos/Edicion de niveles geograficos/input_Nombre'

2023-08-14 10:32:41 - [MESSAGE][PASSED] - Text 'Ciudad' is set on object 'Object Repository/WIZARD/2Estructura Geografica/1Niveles Geograficos/Edicion de niveles geograficos/input_Nombre'

2023-08-14 10:32:41 - [TEST_STEP][PASSED] - click(findTestObject("WIZARD/2Estructura Geografica/1Niveles Geograficos/Edicion de niveles geograficos/btn_Crear")): Object: 'Object Repository/WIZARD/2Estructura Geografica/1Niveles Geograficos/Edicion de niveles geograficos/btn_Crear' is clicked on

2023-08-14 10:32:41 - [MESSAGE][PASSED] - Object: 'Object Repository/WIZARD/2Estructura Geografica/1Niveles Geograficos/Edicion de niveles geograficos/btn_Crear' is clicked on

2023-08-14 10:32:41 - [TEST_STEP][PASSED] - delay(3): Delayed 3 second(s)

2023-08-14 10:32:44 - [MESSAGE][PASSED] - Delayed 3 second(s)

2023-08-14 10:32:44 - [TEST_STEP][PASSED] - takeFullPageScreenshot(): Taking screenshot successfully

2023-08-14 10:32:45 - [MESSAGE][INFO] - 0 hidden object(s)

2023-08-14 10:32:45 - [MESSAGE][PASSED] - Taking screenshot successfully
[[ATTACHMENT|C:\\CIEL INGENIERIA\\Katalon\\Digiturno55\\Reports\\20230814_103032\\WIZARD\\2Estructura Geografica\\4 Crear Niveles Geograficos\\20230814_103034\\1692027164683.png]]

2023-08-14 10:32:45 - [TEST_STEP][PASSED] - delay(3): Delayed 3 second(s)

2023-08-14 10:32:48 - [MESSAGE][PASSED] - Delayed 3 second(s)

2023-08-14 10:32:48 - [TEST_STEP][PASSED] - Start listener action : sampleAfterTestCase: null]]></system-out>
         <system-err><![CDATA[]]></system-err>
      </testcase>
      <system-out><![CDATA[2023-08-14 10:31:10 - [TEST_SUITE][PASSED] - 4 Crear Niveles Geograficos: Test Cases/WIZARD/2Estructura Geografica/4 Crear Niveles Geograficos]]></system-out>
      <system-err><![CDATA[]]></system-err>
   </testsuite>
</testsuites>
