<?xml version="1.0" encoding="UTF-8"?>
<testsuites name="5.5 Crear Terminales Bogota" time="83.201" tests="1" failures="0" errors="0">
   <testsuite name="5.5 Crear Terminales Bogota" tests="1" failures="0" errors="0" time="83.201" skipped="0" timestamp="2024-03-11 10:49:46" hostname="jdavila - PCPruebas101.ciel.cielingenieria.com" id="Test Suites/WIZARD/3Infraestructura/5Terminales/5.5 Crear Terminales Bogota">
      <properties>
         <property name="deviceName" value=""/>
         <property name="devicePlatform" value=""/>
         <property name="logFolder" value="C:\\CIEL INGENIERIA\\Katalon\\Digiturno55\\Reports\\20240311_101053\\WIZARD\\3Infraestructura\\5Terminales\\5.5 Crear Terminales Bogota\\20240311_101150"/>
         <property name="logFiles" value="C:\\CIEL INGENIERIA\\Katalon\\Digiturno55\\Reports\\20240311_101053\\WIZARD\\3Infraestructura\\5Terminales\\5.5 Crear Terminales Bogota\\20240311_101150\\execution0.log"/>
         <property name="attachments" value="C:\\CIEL INGENIERIA\\Katalon\\Digiturno55\\Reports\\20240311_101053\\WIZARD\\3Infraestructura\\5Terminales\\5.5 Crear Terminales Bogota\\20240311_101150\\1710172265620.png"/>
         <property name="hostName" value="jdavila - PCPruebas101.ciel.cielingenieria.com"/>
         <property name="os" value="Windows 10 64bit"/>
         <property name="katalonVersion" value="8.6.8.208"/>
         <property name="browser" value="Chrome 122.0.0.0"/>
         <property name="hostAddress" value="192.168.91.14"/>
         <property name="sessionId" value="35753ac2e2821fe181e5b3e18bd14e26"/>
         <property name="seleniumVersion" value="3.141.59"/>
         <property name="proxyInformation" value="ProxyInformation { proxyOption=NO_PROXY, proxyServerType=HTTP, username=, password=********, proxyServerAddress=, proxyServerPort=0, executionList=&quot;&quot;, isApplyToDesiredCapabilities=true }"/>
         <property name="platform" value="Windows 10"/>
      </properties>
      <testcase name="Test Cases/WIZARD/3Infraestructura/5Terminales/5.5 Crear Terminales Bogota" time="82.962" classname="Test Cases/WIZARD/3Infraestructura/5Terminales/5.5 Crear Terminales Bogota" status="PASSED">
         <system-out><![CDATA[2024-03-11 10:49:46 - [TEST_CASE][PASSED] - Test Cases/WIZARD/3Infraestructura/5Terminales/5.5 Crear Terminales Bogota: Test Cases/WIZARD/3Infraestructura/5Terminales/5.5 Crear Terminales Bogota

2024-03-11 10:49:46 - [TEST_STEP][PASSED] - callTestCase(findTestCase("0InicioSesion"), [:], STOP_ON_FAILURE): Call Test Case 'Test Cases/0InicioSesion' successfully

2024-03-11 10:49:46 - [TEST_CASE][PASSED] - Test Cases/0InicioSesion: Test Cases/0InicioSesion

2024-03-11 10:49:47 - [TEST_STEP][PASSED] - openBrowser(UrlDigiturno): Browser is opened with url: 'https://PCPruebas101.ciel.cielingenieria.com:8910'

2024-03-11 10:49:47 - [MESSAGE][INFO] - Starting 'Chrome' driver

2024-03-11 10:49:47 - [MESSAGE][INFO] - User set preference: ['args', '[--use-fake-ui-for-media-stream, --disable-notifications]']

2024-03-11 10:49:47 - [MESSAGE][INFO] - Action delay is set to 0 milliseconds

2024-03-11 10:49:50 - [MESSAGE][PASSED] - Browser is opened with url: 'https://PCPruebas101.ciel.cielingenieria.com:8910'

2024-03-11 10:49:50 - [TEST_STEP][PASSED] - maximizeWindow(): Current window maximized

2024-03-11 10:49:50 - [MESSAGE][PASSED] - Current window maximized

2024-03-11 10:49:50 - [TEST_STEP][PASSED] - delay(3): Delayed 3 second(s)

2024-03-11 10:49:53 - [MESSAGE][PASSED] - Delayed 3 second(s)

2024-03-11 10:49:53 - [TEST_STEP][PASSED] - setText(findTestObject("0Inicio Sesion/input_Usuario"), "Ciel"): Text 'Ciel' is set on object 'Object Repository/0Inicio Sesion/input_Usuario'

2024-03-11 10:49:54 - [MESSAGE][PASSED] - Text 'Ciel' is set on object 'Object Repository/0Inicio Sesion/input_Usuario'

2024-03-11 10:49:54 - [TEST_STEP][PASSED] - setText(findTestObject("0Inicio Sesion/input_Clave"), "digiturno"): Text 'digiturno' is set on object 'Object Repository/0Inicio Sesion/input_Clave'

2024-03-11 10:49:55 - [MESSAGE][PASSED] - Text 'digiturno' is set on object 'Object Repository/0Inicio Sesion/input_Clave'

2024-03-11 10:49:55 - [TEST_STEP][PASSED] - click(findTestObject("0Inicio Sesion/btn_IniciarSesion")): Object: 'Object Repository/0Inicio Sesion/btn_IniciarSesion' is clicked on

2024-03-11 10:49:55 - [MESSAGE][PASSED] - Object: 'Object Repository/0Inicio Sesion/btn_IniciarSesion' is clicked on

2024-03-11 10:49:55 - [TEST_STEP][PASSED] - delay(3): Delayed 3 second(s)

2024-03-11 10:49:58 - [MESSAGE][PASSED] - Delayed 3 second(s)

2024-03-11 10:49:58 - [MESSAGE][PASSED] - Call Test Case 'Test Cases/0InicioSesion' successfully

2024-03-11 10:49:58 - [TEST_STEP][PASSED] - click(findTestObject("WIZARD/0Principal/img_InfraestructuraMAX")): Object: 'Object Repository/WIZARD/0Principal/img_InfraestructuraMAX' is clicked on

2024-03-11 10:49:59 - [MESSAGE][PASSED] - Object: 'Object Repository/WIZARD/0Principal/img_InfraestructuraMAX' is clicked on

2024-03-11 10:49:59 - [TEST_STEP][PASSED] - delay(3): Delayed 3 second(s)

2024-03-11 10:50:02 - [MESSAGE][PASSED] - Delayed 3 second(s)

2024-03-11 10:50:02 - [TEST_STEP][PASSED] - click(findTestObject("WIZARD/3Infraestructura/0Menu/span_Terminales")): Object: 'Object Repository/WIZARD/3Infraestructura/0Menu/span_Terminales' is clicked on

2024-03-11 10:50:03 - [MESSAGE][PASSED] - Object: 'Object Repository/WIZARD/3Infraestructura/0Menu/span_Terminales' is clicked on

2024-03-11 10:50:03 - [TEST_STEP][PASSED] - delay(3): Delayed 3 second(s)

2024-03-11 10:50:06 - [MESSAGE][PASSED] - Delayed 3 second(s)

2024-03-11 10:50:06 - [TEST_STEP][PASSED] - click(findTestObject("WIZARD/3Infraestructura/5Terminales/0OficinasModal/td_1Bogota - CIEL")): Object: 'Object Repository/WIZARD/3Infraestructura/5Terminales/0OficinasModal/td_1Bogota - CIEL' is clicked on

2024-03-11 10:50:06 - [MESSAGE][PASSED] - Object: 'Object Repository/WIZARD/3Infraestructura/5Terminales/0OficinasModal/td_1Bogota - CIEL' is clicked on

2024-03-11 10:50:06 - [TEST_STEP][PASSED] - delay(3): Delayed 3 second(s)

2024-03-11 10:50:09 - [MESSAGE][PASSED] - Delayed 3 second(s)

2024-03-11 10:50:09 - [TEST_STEP][PASSED] - click(findTestObject("WIZARD/3Infraestructura/5Terminales/Edicion/btn_SeleccionarGrupo")): Object: 'Object Repository/WIZARD/3Infraestructura/5Terminales/Edicion/btn_SeleccionarGrupo' is clicked on

2024-03-11 10:50:10 - [MESSAGE][PASSED] - Object: 'Object Repository/WIZARD/3Infraestructura/5Terminales/Edicion/btn_SeleccionarGrupo' is clicked on

2024-03-11 10:50:10 - [TEST_STEP][PASSED] - delay(3): Delayed 3 second(s)

2024-03-11 10:50:13 - [MESSAGE][PASSED] - Delayed 3 second(s)

2024-03-11 10:50:13 - [TEST_STEP][PASSED] - click(findTestObject("WIZARD/3Infraestructura/5Terminales/Edicion/btn_Seleccionar Grupo(1)/a_Grupo General")): Object: 'Object Repository/WIZARD/3Infraestructura/5Terminales/Edicion/btn_Seleccionar Grupo(1)/a_Grupo General' is clicked on

2024-03-11 10:50:13 - [MESSAGE][PASSED] - Object: 'Object Repository/WIZARD/3Infraestructura/5Terminales/Edicion/btn_Seleccionar Grupo(1)/a_Grupo General' is clicked on

2024-03-11 10:50:13 - [TEST_STEP][PASSED] - delay(3): Delayed 3 second(s)

2024-03-11 10:50:16 - [MESSAGE][PASSED] - Delayed 3 second(s)

2024-03-11 10:50:16 - [TEST_STEP][PASSED] - setText(findTestObject("WIZARD/3Infraestructura/5Terminales/Edicion/input_Nombre"), "A01"): Text 'A01' is set on object 'Object Repository/WIZARD/3Infraestructura/5Terminales/Edicion/input_Nombre'

2024-03-11 10:50:17 - [MESSAGE][PASSED] - Text 'A01' is set on object 'Object Repository/WIZARD/3Infraestructura/5Terminales/Edicion/input_Nombre'

2024-03-11 10:50:17 - [TEST_STEP][PASSED] - setText(findTestObject("WIZARD/3Infraestructura/5Terminales/Edicion/textarea_Descripcion"), "Bogota - Terminal - Informacion"): Text 'Bogota - Terminal - Informacion' is set on object 'Object Repository/WIZARD/3Infraestructura/5Terminales/Edicion/textarea_Descripcion'

2024-03-11 10:50:18 - [MESSAGE][PASSED] - Text 'Bogota - Terminal - Informacion' is set on object 'Object Repository/WIZARD/3Infraestructura/5Terminales/Edicion/textarea_Descripcion'

2024-03-11 10:50:18 - [TEST_STEP][PASSED] - scrollToElement(findTestObject("WIZARD/3Infraestructura/5Terminales/Edicion/Label/label_Mostrar ventana emergente"), 2): Scroll to object 'Object Repository/WIZARD/3Infraestructura/5Terminales/Edicion/Label/label_Mostrar ventana emergente' successfully

2024-03-11 10:50:18 - [MESSAGE][PASSED] - Scroll to object 'Object Repository/WIZARD/3Infraestructura/5Terminales/Edicion/Label/label_Mostrar ventana emergente' successfully

2024-03-11 10:50:18 - [TEST_STEP][PASSED] - check(findTestObject("WIZARD/3Infraestructura/5Terminales/Edicion/Label/label_Mostrar ventana emergente")): Object 'Object Repository/WIZARD/3Infraestructura/5Terminales/Edicion/Label/label_Mostrar ventana emergente' is checked

2024-03-11 10:50:19 - [MESSAGE][PASSED] - Object 'Object Repository/WIZARD/3Infraestructura/5Terminales/Edicion/Label/label_Mostrar ventana emergente' is checked

2024-03-11 10:50:19 - [TEST_STEP][PASSED] - scrollToPosition(0, 0): Browser is scrolled to position x = 0, y = 0

2024-03-11 10:50:19 - [MESSAGE][PASSED] - Browser is scrolled to position x = 0, y = 0

2024-03-11 10:50:19 - [TEST_STEP][PASSED] - delay(2): Delayed 2 second(s)

2024-03-11 10:50:21 - [MESSAGE][PASSED] - Delayed 2 second(s)

2024-03-11 10:50:21 - [TEST_STEP][PASSED] - click(findTestObject("WIZARD/3Infraestructura/5Terminales/Edicion/img_Nuevo")): Object: 'Object Repository/WIZARD/3Infraestructura/5Terminales/Edicion/img_Nuevo' is clicked on

2024-03-11 10:50:21 - [MESSAGE][PASSED] - Object: 'Object Repository/WIZARD/3Infraestructura/5Terminales/Edicion/img_Nuevo' is clicked on

2024-03-11 10:50:21 - [TEST_STEP][PASSED] - delay(3): Delayed 3 second(s)

2024-03-11 10:50:24 - [MESSAGE][PASSED] - Delayed 3 second(s)

2024-03-11 10:50:24 - [TEST_STEP][PASSED] - click(findTestObject("WIZARD/3Infraestructura/0Menu/span_Terminales")): Object: 'Object Repository/WIZARD/3Infraestructura/0Menu/span_Terminales' is clicked on

2024-03-11 10:50:25 - [MESSAGE][PASSED] - Object: 'Object Repository/WIZARD/3Infraestructura/0Menu/span_Terminales' is clicked on

2024-03-11 10:50:25 - [TEST_STEP][PASSED] - delay(3): Delayed 3 second(s)

2024-03-11 10:50:28 - [MESSAGE][PASSED] - Delayed 3 second(s)

2024-03-11 10:50:28 - [TEST_STEP][PASSED] - click(findTestObject("WIZARD/3Infraestructura/5Terminales/0OficinasModal/td_1Bogota - CIEL")): Object: 'Object Repository/WIZARD/3Infraestructura/5Terminales/0OficinasModal/td_1Bogota - CIEL' is clicked on

2024-03-11 10:50:28 - [MESSAGE][PASSED] - Object: 'Object Repository/WIZARD/3Infraestructura/5Terminales/0OficinasModal/td_1Bogota - CIEL' is clicked on

2024-03-11 10:50:28 - [TEST_STEP][PASSED] - delay(3): Delayed 3 second(s)

2024-03-11 10:50:31 - [MESSAGE][PASSED] - Delayed 3 second(s)

2024-03-11 10:50:31 - [TEST_STEP][PASSED] - click(findTestObject("WIZARD/3Infraestructura/5Terminales/Edicion/btn_SeleccionarGrupo")): Object: 'Object Repository/WIZARD/3Infraestructura/5Terminales/Edicion/btn_SeleccionarGrupo' is clicked on

2024-03-11 10:50:32 - [MESSAGE][PASSED] - Object: 'Object Repository/WIZARD/3Infraestructura/5Terminales/Edicion/btn_SeleccionarGrupo' is clicked on

2024-03-11 10:50:32 - [TEST_STEP][PASSED] - delay(3): Delayed 3 second(s)

2024-03-11 10:50:35 - [MESSAGE][PASSED] - Delayed 3 second(s)

2024-03-11 10:50:35 - [TEST_STEP][PASSED] - click(findTestObject("WIZARD/3Infraestructura/5Terminales/Edicion/btn_Seleccionar Grupo(1)/a_Grupo PQRS")): Object: 'Object Repository/WIZARD/3Infraestructura/5Terminales/Edicion/btn_Seleccionar Grupo(1)/a_Grupo PQRS' is clicked on

2024-03-11 10:50:35 - [MESSAGE][PASSED] - Object: 'Object Repository/WIZARD/3Infraestructura/5Terminales/Edicion/btn_Seleccionar Grupo(1)/a_Grupo PQRS' is clicked on

2024-03-11 10:50:35 - [TEST_STEP][PASSED] - scrollToElement(findTestObject("WIZARD/3Infraestructura/5Terminales/Edicion/input_Nombre"), 2): Scroll to object 'Object Repository/WIZARD/3Infraestructura/5Terminales/Edicion/input_Nombre' successfully

2024-03-11 10:50:36 - [MESSAGE][PASSED] - Scroll to object 'Object Repository/WIZARD/3Infraestructura/5Terminales/Edicion/input_Nombre' successfully

2024-03-11 10:50:36 - [TEST_STEP][PASSED] - setText(findTestObject("WIZARD/3Infraestructura/5Terminales/Edicion/input_Nombre"), "A02"): Text 'A02' is set on object 'Object Repository/WIZARD/3Infraestructura/5Terminales/Edicion/input_Nombre'

2024-03-11 10:50:37 - [MESSAGE][PASSED] - Text 'A02' is set on object 'Object Repository/WIZARD/3Infraestructura/5Terminales/Edicion/input_Nombre'

2024-03-11 10:50:37 - [TEST_STEP][PASSED] - setText(findTestObject("WIZARD/3Infraestructura/5Terminales/Edicion/textarea_Descripcion"), "Bogota - Terminal - PQRS"): Text 'Bogota - Terminal - PQRS' is set on object 'Object Repository/WIZARD/3Infraestructura/5Terminales/Edicion/textarea_Descripcion'

2024-03-11 10:50:38 - [MESSAGE][PASSED] - Text 'Bogota - Terminal - PQRS' is set on object 'Object Repository/WIZARD/3Infraestructura/5Terminales/Edicion/textarea_Descripcion'

2024-03-11 10:50:38 - [TEST_STEP][PASSED] - scrollToElement(findTestObject("WIZARD/3Infraestructura/5Terminales/Edicion/Label/label_Mostrar ventana emergente"), 2): Scroll to object 'Object Repository/WIZARD/3Infraestructura/5Terminales/Edicion/Label/label_Mostrar ventana emergente' successfully

2024-03-11 10:50:38 - [MESSAGE][PASSED] - Scroll to object 'Object Repository/WIZARD/3Infraestructura/5Terminales/Edicion/Label/label_Mostrar ventana emergente' successfully

2024-03-11 10:50:38 - [TEST_STEP][PASSED] - setText(findTestObject("WIZARD/3Infraestructura/5Terminales/Edicion/input_Direccion en sala"), "2"): Text '2' is set on object 'Object Repository/WIZARD/3Infraestructura/5Terminales/Edicion/input_Direccion en sala'

2024-03-11 10:50:39 - [MESSAGE][PASSED] - Text '2' is set on object 'Object Repository/WIZARD/3Infraestructura/5Terminales/Edicion/input_Direccion en sala'

2024-03-11 10:50:39 - [TEST_STEP][PASSED] - check(findTestObject("WIZARD/3Infraestructura/5Terminales/Edicion/Label/label_Mostrar ventana emergente")): Object 'Object Repository/WIZARD/3Infraestructura/5Terminales/Edicion/Label/label_Mostrar ventana emergente' is checked

2024-03-11 10:50:39 - [MESSAGE][PASSED] - Object 'Object Repository/WIZARD/3Infraestructura/5Terminales/Edicion/Label/label_Mostrar ventana emergente' is checked

2024-03-11 10:50:39 - [TEST_STEP][PASSED] - scrollToPosition(0, 0): Browser is scrolled to position x = 0, y = 0

2024-03-11 10:50:39 - [MESSAGE][PASSED] - Browser is scrolled to position x = 0, y = 0

2024-03-11 10:50:39 - [TEST_STEP][PASSED] - delay(2): Delayed 2 second(s)

2024-03-11 10:50:41 - [MESSAGE][PASSED] - Delayed 2 second(s)

2024-03-11 10:50:41 - [TEST_STEP][PASSED] - click(findTestObject("WIZARD/3Infraestructura/5Terminales/Edicion/img_Nuevo")): Object: 'Object Repository/WIZARD/3Infraestructura/5Terminales/Edicion/img_Nuevo' is clicked on

2024-03-11 10:50:42 - [MESSAGE][PASSED] - Object: 'Object Repository/WIZARD/3Infraestructura/5Terminales/Edicion/img_Nuevo' is clicked on

2024-03-11 10:50:42 - [TEST_STEP][PASSED] - delay(3): Delayed 3 second(s)

2024-03-11 10:50:45 - [MESSAGE][PASSED] - Delayed 3 second(s)

2024-03-11 10:50:45 - [TEST_STEP][PASSED] - click(findTestObject("WIZARD/3Infraestructura/0Menu/span_Terminales")): Object: 'Object Repository/WIZARD/3Infraestructura/0Menu/span_Terminales' is clicked on

2024-03-11 10:50:45 - [MESSAGE][PASSED] - Object: 'Object Repository/WIZARD/3Infraestructura/0Menu/span_Terminales' is clicked on

2024-03-11 10:50:45 - [TEST_STEP][PASSED] - delay(3): Delayed 3 second(s)

2024-03-11 10:50:48 - [MESSAGE][PASSED] - Delayed 3 second(s)

2024-03-11 10:50:48 - [TEST_STEP][PASSED] - click(findTestObject("WIZARD/3Infraestructura/5Terminales/0OficinasModal/td_1Bogota - CIEL")): Object: 'Object Repository/WIZARD/3Infraestructura/5Terminales/0OficinasModal/td_1Bogota - CIEL' is clicked on

2024-03-11 10:50:49 - [MESSAGE][PASSED] - Object: 'Object Repository/WIZARD/3Infraestructura/5Terminales/0OficinasModal/td_1Bogota - CIEL' is clicked on

2024-03-11 10:50:49 - [TEST_STEP][PASSED] - delay(3): Delayed 3 second(s)

2024-03-11 10:50:52 - [MESSAGE][PASSED] - Delayed 3 second(s)

2024-03-11 10:50:52 - [TEST_STEP][PASSED] - click(findTestObject("WIZARD/3Infraestructura/5Terminales/Edicion/btn_SeleccionarGrupo")): Object: 'Object Repository/WIZARD/3Infraestructura/5Terminales/Edicion/btn_SeleccionarGrupo' is clicked on

2024-03-11 10:50:52 - [MESSAGE][PASSED] - Object: 'Object Repository/WIZARD/3Infraestructura/5Terminales/Edicion/btn_SeleccionarGrupo' is clicked on

2024-03-11 10:50:52 - [TEST_STEP][PASSED] - delay(3): Delayed 3 second(s)

2024-03-11 10:50:55 - [MESSAGE][PASSED] - Delayed 3 second(s)

2024-03-11 10:50:55 - [TEST_STEP][PASSED] - click(findTestObject("WIZARD/3Infraestructura/5Terminales/Edicion/btn_Seleccionar Grupo(1)/a_Grupo Radicaciones")): Object: 'Object Repository/WIZARD/3Infraestructura/5Terminales/Edicion/btn_Seleccionar Grupo(1)/a_Grupo Radicaciones' is clicked on

2024-03-11 10:50:56 - [MESSAGE][PASSED] - Object: 'Object Repository/WIZARD/3Infraestructura/5Terminales/Edicion/btn_Seleccionar Grupo(1)/a_Grupo Radicaciones' is clicked on

2024-03-11 10:50:56 - [TEST_STEP][PASSED] - scrollToElement(findTestObject("WIZARD/3Infraestructura/5Terminales/Edicion/input_Nombre"), 2): Scroll to object 'Object Repository/WIZARD/3Infraestructura/5Terminales/Edicion/input_Nombre' successfully

2024-03-11 10:50:57 - [MESSAGE][PASSED] - Scroll to object 'Object Repository/WIZARD/3Infraestructura/5Terminales/Edicion/input_Nombre' successfully

2024-03-11 10:50:57 - [TEST_STEP][PASSED] - setText(findTestObject("WIZARD/3Infraestructura/5Terminales/Edicion/input_Nombre"), "A03"): Text 'A03' is set on object 'Object Repository/WIZARD/3Infraestructura/5Terminales/Edicion/input_Nombre'

2024-03-11 10:50:57 - [MESSAGE][PASSED] - Text 'A03' is set on object 'Object Repository/WIZARD/3Infraestructura/5Terminales/Edicion/input_Nombre'

2024-03-11 10:50:57 - [TEST_STEP][PASSED] - setText(findTestObject("WIZARD/3Infraestructura/5Terminales/Edicion/textarea_Descripcion"), "Bogota - Terminal - Radicaciones"): Text 'Bogota - Terminal - Radicaciones' is set on object 'Object Repository/WIZARD/3Infraestructura/5Terminales/Edicion/textarea_Descripcion'

2024-03-11 10:50:58 - [MESSAGE][PASSED] - Text 'Bogota - Terminal - Radicaciones' is set on object 'Object Repository/WIZARD/3Infraestructura/5Terminales/Edicion/textarea_Descripcion'

2024-03-11 10:50:58 - [TEST_STEP][PASSED] - scrollToElement(findTestObject("WIZARD/3Infraestructura/5Terminales/Edicion/Label/label_Mostrar ventana emergente"), 2): Scroll to object 'Object Repository/WIZARD/3Infraestructura/5Terminales/Edicion/Label/label_Mostrar ventana emergente' successfully

2024-03-11 10:50:58 - [MESSAGE][PASSED] - Scroll to object 'Object Repository/WIZARD/3Infraestructura/5Terminales/Edicion/Label/label_Mostrar ventana emergente' successfully

2024-03-11 10:50:58 - [TEST_STEP][PASSED] - setText(findTestObject("WIZARD/3Infraestructura/5Terminales/Edicion/input_Direccion en sala"), "3"): Text '3' is set on object 'Object Repository/WIZARD/3Infraestructura/5Terminales/Edicion/input_Direccion en sala'

2024-03-11 10:50:59 - [MESSAGE][PASSED] - Text '3' is set on object 'Object Repository/WIZARD/3Infraestructura/5Terminales/Edicion/input_Direccion en sala'

2024-03-11 10:50:59 - [TEST_STEP][PASSED] - check(findTestObject("WIZARD/3Infraestructura/5Terminales/Edicion/Label/label_Mostrar ventana emergente")): Object 'Object Repository/WIZARD/3Infraestructura/5Terminales/Edicion/Label/label_Mostrar ventana emergente' is checked

2024-03-11 10:51:00 - [MESSAGE][PASSED] - Object 'Object Repository/WIZARD/3Infraestructura/5Terminales/Edicion/Label/label_Mostrar ventana emergente' is checked

2024-03-11 10:51:00 - [TEST_STEP][PASSED] - scrollToPosition(0, 0): Browser is scrolled to position x = 0, y = 0

2024-03-11 10:51:00 - [MESSAGE][PASSED] - Browser is scrolled to position x = 0, y = 0

2024-03-11 10:51:00 - [TEST_STEP][PASSED] - delay(2): Delayed 2 second(s)

2024-03-11 10:51:02 - [MESSAGE][PASSED] - Delayed 2 second(s)

2024-03-11 10:51:02 - [TEST_STEP][PASSED] - click(findTestObject("WIZARD/3Infraestructura/5Terminales/Edicion/img_Nuevo")): Object: 'Object Repository/WIZARD/3Infraestructura/5Terminales/Edicion/img_Nuevo' is clicked on

2024-03-11 10:51:02 - [MESSAGE][PASSED] - Object: 'Object Repository/WIZARD/3Infraestructura/5Terminales/Edicion/img_Nuevo' is clicked on

2024-03-11 10:51:02 - [TEST_STEP][PASSED] - delay(3): Delayed 3 second(s)

2024-03-11 10:51:05 - [MESSAGE][PASSED] - Delayed 3 second(s)

2024-03-11 10:51:05 - [TEST_STEP][PASSED] - takeFullPageScreenshot(): Taking screenshot successfully

2024-03-11 10:51:06 - [MESSAGE][INFO] - 0 hidden object(s)

2024-03-11 10:51:06 - [MESSAGE][PASSED] - Taking screenshot successfully
[[ATTACHMENT|C:\\CIEL INGENIERIA\\Katalon\\Digiturno55\\Reports\\20240311_101053\\WIZARD\\3Infraestructura\\5Terminales\\5.5 Crear Terminales Bogota\\20240311_101150\\1710172265620.png]]

2024-03-11 10:51:06 - [TEST_STEP][PASSED] - delay(3): Delayed 3 second(s)

2024-03-11 10:51:09 - [MESSAGE][PASSED] - Delayed 3 second(s)

2024-03-11 10:51:09 - [TEST_STEP][PASSED] - Start listener action : sampleAfterTestCase: null]]></system-out>
         <system-err><![CDATA[]]></system-err>
      </testcase>
      <system-out><![CDATA[2024-03-11 10:49:46 - [TEST_SUITE][PASSED] - 5.5 Crear Terminales Bogota: Test Cases/WIZARD/3Infraestructura/5Terminales/5.5 Crear Terminales Bogota]]></system-out>
      <system-err><![CDATA[]]></system-err>
   </testsuite>
</testsuites>
