<?xml version="1.0" encoding="UTF-8"?>
<testsuites name="5.8 Motivos por oficina" time="37.825" tests="1" failures="0" errors="0">
   <testsuite name="5.8 Motivos por oficina" tests="1" failures="0" errors="0" time="37.825" skipped="0" timestamp="2023-08-14 11:52:35" hostname="jdavila - PCPruebas101.ciel.cielingenieria.com" id="Test Suites/WIZARD/3Infraestructura/8Motivos por Oficina/5.8 Motivos por oficina">
      <properties>
         <property name="deviceName" value=""/>
         <property name="devicePlatform" value=""/>
         <property name="logFolder" value="C:\\CIEL INGENIERIA\\Katalon\\Digiturno55\\Reports\\20230814_104251\\WIZARD\\3Infraestructura\\8Motivos por Oficina\\5.8 Motivos por oficina\\20230814_104424"/>
         <property name="logFiles" value="C:\\CIEL INGENIERIA\\Katalon\\Digiturno55\\Reports\\20230814_104251\\WIZARD\\3Infraestructura\\8Motivos por Oficina\\5.8 Motivos por oficina\\20230814_104424\\execution0.log"/>
         <property name="attachments" value="C:\\CIEL INGENIERIA\\Katalon\\Digiturno55\\Reports\\20230814_104251\\WIZARD\\3Infraestructura\\8Motivos por Oficina\\5.8 Motivos por oficina\\20230814_104424\\1692031989980.png"/>
         <property name="hostName" value="jdavila - PCPruebas101.ciel.cielingenieria.com"/>
         <property name="os" value="Windows 10 64bit"/>
         <property name="katalonVersion" value="8.6.0.208"/>
         <property name="browser" value="Chrome 115.0.0.0"/>
         <property name="hostAddress" value="192.168.0.33"/>
         <property name="sessionId" value="844ed75571e650de2854190d16a30e8f"/>
         <property name="seleniumVersion" value="3.141.59"/>
         <property name="proxyInformation" value="ProxyInformation { proxyOption=NO_PROXY, proxyServerType=HTTP, username=, password=********, proxyServerAddress=, proxyServerPort=0, executionList=&quot;&quot;, isApplyToDesiredCapabilities=true }"/>
         <property name="platform" value="Windows 10"/>
      </properties>
      <testcase name="Test Cases/WIZARD/3Infraestructura/8Motivos por Oficina/5.8 Motivos por oficina" time="37.573" classname="Test Cases/WIZARD/3Infraestructura/8Motivos por Oficina/5.8 Motivos por oficina" status="PASSED">
         <system-out><![CDATA[2023-08-14 11:52:36 - [TEST_CASE][PASSED] - Test Cases/WIZARD/3Infraestructura/8Motivos por Oficina/5.8 Motivos por oficina: Test Cases/WIZARD/3Infraestructura/8Motivos por Oficina/5.8 Motivos por oficina

2023-08-14 11:52:36 - [TEST_STEP][PASSED] - callTestCase(findTestCase("0InicioSesion"), [:], STOP_ON_FAILURE): Call Test Case 'Test Cases/0InicioSesion' successfully

2023-08-14 11:52:36 - [TEST_CASE][PASSED] - Test Cases/0InicioSesion: Test Cases/0InicioSesion

2023-08-14 11:52:36 - [TEST_STEP][PASSED] - openBrowser(UrlDigiturno): Browser is opened with url: 'https://PCPruebas101.ciel.cielingenieria.com:8610'

2023-08-14 11:52:37 - [MESSAGE][INFO] - Starting 'Chrome' driver

2023-08-14 11:52:37 - [MESSAGE][INFO] - User set preference: ['args', '[--use-fake-ui-for-media-stream, --disable-notifications]']

2023-08-14 11:52:37 - [MESSAGE][INFO] - Action delay is set to 0 milliseconds

2023-08-14 11:52:39 - [MESSAGE][PASSED] - Browser is opened with url: 'https://PCPruebas101.ciel.cielingenieria.com:8610'

2023-08-14 11:52:39 - [TEST_STEP][PASSED] - maximizeWindow(): Current window maximized

2023-08-14 11:52:39 - [MESSAGE][PASSED] - Current window maximized

2023-08-14 11:52:39 - [TEST_STEP][PASSED] - delay(3): Delayed 3 second(s)

2023-08-14 11:52:42 - [MESSAGE][PASSED] - Delayed 3 second(s)

2023-08-14 11:52:42 - [TEST_STEP][PASSED] - setText(findTestObject("0Inicio Sesion/input_Usuario"), "Ciel"): Text 'Ciel' is set on object 'Object Repository/0Inicio Sesion/input_Usuario'

2023-08-14 11:52:43 - [MESSAGE][PASSED] - Text 'Ciel' is set on object 'Object Repository/0Inicio Sesion/input_Usuario'

2023-08-14 11:52:43 - [TEST_STEP][PASSED] - setText(findTestObject("0Inicio Sesion/input_Clave"), "digiturno"): Text 'digiturno' is set on object 'Object Repository/0Inicio Sesion/input_Clave'

2023-08-14 11:52:44 - [MESSAGE][PASSED] - Text 'digiturno' is set on object 'Object Repository/0Inicio Sesion/input_Clave'

2023-08-14 11:52:44 - [TEST_STEP][PASSED] - click(findTestObject("0Inicio Sesion/btn_IniciarSesion")): Object: 'Object Repository/0Inicio Sesion/btn_IniciarSesion' is clicked on

2023-08-14 11:52:44 - [MESSAGE][PASSED] - Object: 'Object Repository/0Inicio Sesion/btn_IniciarSesion' is clicked on

2023-08-14 11:52:44 - [TEST_STEP][PASSED] - delay(3): Delayed 3 second(s)

2023-08-14 11:52:47 - [MESSAGE][PASSED] - Delayed 3 second(s)

2023-08-14 11:52:47 - [MESSAGE][PASSED] - Call Test Case 'Test Cases/0InicioSesion' successfully

2023-08-14 11:52:47 - [TEST_STEP][PASSED] - click(findTestObject("WIZARD/0Principal/img_InfraestructuraMAX")): Object: 'Object Repository/WIZARD/0Principal/img_InfraestructuraMAX' is clicked on

2023-08-14 11:52:49 - [MESSAGE][PASSED] - Object: 'Object Repository/WIZARD/0Principal/img_InfraestructuraMAX' is clicked on

2023-08-14 11:52:49 - [TEST_STEP][PASSED] - delay(3): Delayed 3 second(s)

2023-08-14 11:52:52 - [MESSAGE][PASSED] - Delayed 3 second(s)

2023-08-14 11:52:52 - [TEST_STEP][PASSED] - click(findTestObject("WIZARD/3Infraestructura/0Menu/span_Motivos por oficinas")): Object: 'Object Repository/WIZARD/3Infraestructura/0Menu/span_Motivos por oficinas' is clicked on

2023-08-14 11:52:53 - [MESSAGE][PASSED] - Object: 'Object Repository/WIZARD/3Infraestructura/0Menu/span_Motivos por oficinas' is clicked on

2023-08-14 11:52:53 - [TEST_STEP][PASSED] - delay(3): Delayed 3 second(s)

2023-08-14 11:52:56 - [MESSAGE][PASSED] - Delayed 3 second(s)

2023-08-14 11:52:56 - [TEST_STEP][PASSED] - click(findTestObject("WIZARD/3Infraestructura/8Motivos por Oficina/Motivos por Oficina/a_clickOficinas")): Object: 'Object Repository/WIZARD/3Infraestructura/8Motivos por Oficina/Motivos por Oficina/a_clickOficinas' is clicked on

2023-08-14 11:52:56 - [MESSAGE][PASSED] - Object: 'Object Repository/WIZARD/3Infraestructura/8Motivos por Oficina/Motivos por Oficina/a_clickOficinas' is clicked on

2023-08-14 11:52:56 - [TEST_STEP][PASSED] - check(findTestObject("WIZARD/3Infraestructura/8Motivos por Oficina/Motivos por Oficina/Label/label_Seleccionar todas las oficinas")): Object 'Object Repository/WIZARD/3Infraestructura/8Motivos por Oficina/Motivos por Oficina/Label/label_Seleccionar todas las oficinas' is checked

2023-08-14 11:52:57 - [MESSAGE][PASSED] - Object 'Object Repository/WIZARD/3Infraestructura/8Motivos por Oficina/Motivos por Oficina/Label/label_Seleccionar todas las oficinas' is checked

2023-08-14 11:52:57 - [TEST_STEP][PASSED] - click(findTestObject("WIZARD/3Infraestructura/8Motivos por Oficina/Motivos por Oficina/a_clickOficinas")): Object: 'Object Repository/WIZARD/3Infraestructura/8Motivos por Oficina/Motivos por Oficina/a_clickOficinas' is clicked on

2023-08-14 11:52:57 - [MESSAGE][PASSED] - Object: 'Object Repository/WIZARD/3Infraestructura/8Motivos por Oficina/Motivos por Oficina/a_clickOficinas' is clicked on

2023-08-14 11:52:57 - [TEST_STEP][PASSED] - delay(3): Delayed 3 second(s)

2023-08-14 11:53:00 - [MESSAGE][PASSED] - Delayed 3 second(s)

2023-08-14 11:53:00 - [TEST_STEP][PASSED] - click(findTestObject("WIZARD/3Infraestructura/8Motivos por Oficina/Motivos por Oficina/a_SeleccionarTodo")): Object: 'Object Repository/WIZARD/3Infraestructura/8Motivos por Oficina/Motivos por Oficina/a_SeleccionarTodo' is clicked on

2023-08-14 11:53:01 - [MESSAGE][PASSED] - Object: 'Object Repository/WIZARD/3Infraestructura/8Motivos por Oficina/Motivos por Oficina/a_SeleccionarTodo' is clicked on

2023-08-14 11:53:01 - [TEST_STEP][PASSED] - click(findTestObject("WIZARD/3Infraestructura/8Motivos por Oficina/Motivos por Oficina/a_SeleccionarTodo")): Object: 'Object Repository/WIZARD/3Infraestructura/8Motivos por Oficina/Motivos por Oficina/a_SeleccionarTodo' is clicked on

2023-08-14 11:53:02 - [MESSAGE][PASSED] - Object: 'Object Repository/WIZARD/3Infraestructura/8Motivos por Oficina/Motivos por Oficina/a_SeleccionarTodo' is clicked on

2023-08-14 11:53:02 - [TEST_STEP][PASSED] - delay(2): Delayed 2 second(s)

2023-08-14 11:53:04 - [MESSAGE][PASSED] - Delayed 2 second(s)

2023-08-14 11:53:04 - [TEST_STEP][PASSED] - click(findTestObject("WIZARD/3Infraestructura/8Motivos por Oficina/Motivos por Oficina/btn_Relacionar oficinas")): Object: 'Object Repository/WIZARD/3Infraestructura/8Motivos por Oficina/Motivos por Oficina/btn_Relacionar oficinas' is clicked on

2023-08-14 11:53:06 - [MESSAGE][PASSED] - Object: 'Object Repository/WIZARD/3Infraestructura/8Motivos por Oficina/Motivos por Oficina/btn_Relacionar oficinas' is clicked on

2023-08-14 11:53:06 - [TEST_STEP][PASSED] - delay(3): Delayed 3 second(s)

2023-08-14 11:53:09 - [MESSAGE][PASSED] - Delayed 3 second(s)

2023-08-14 11:53:09 - [TEST_STEP][PASSED] - takeFullPageScreenshot(): Taking screenshot successfully

2023-08-14 11:53:10 - [MESSAGE][INFO] - 0 hidden object(s)

2023-08-14 11:53:10 - [MESSAGE][PASSED] - Taking screenshot successfully
[[ATTACHMENT|C:\\CIEL INGENIERIA\\Katalon\\Digiturno55\\Reports\\20230814_104251\\WIZARD\\3Infraestructura\\8Motivos por Oficina\\5.8 Motivos por oficina\\20230814_104424\\1692031989980.png]]

2023-08-14 11:53:10 - [TEST_STEP][PASSED] - delay(3): Delayed 3 second(s)

2023-08-14 11:53:13 - [MESSAGE][PASSED] - Delayed 3 second(s)

2023-08-14 11:53:13 - [TEST_STEP][PASSED] - Start listener action : sampleAfterTestCase: null]]></system-out>
         <system-err><![CDATA[]]></system-err>
      </testcase>
      <system-out><![CDATA[2023-08-14 11:52:35 - [TEST_SUITE][PASSED] - 5.8 Motivos por oficina: Test Cases/WIZARD/3Infraestructura/8Motivos por Oficina/5.8 Motivos por oficina]]></system-out>
      <system-err><![CDATA[]]></system-err>
   </testsuite>
</testsuites>
