<?xml version="1.0" encoding="UTF-8"?>
<testsuites name="3.1 Agregar al arbol Area" time="27.812" tests="1" failures="0" errors="0">
   <testsuite name="3.1 Agregar al arbol Area" tests="1" failures="0" errors="0" time="27.812" skipped="0" timestamp="2024-01-15 09:24:01" hostname="jdavila - PCPruebas101.ciel.cielingenieria.com" id="Test Suites/WIZARD/1Modelo De Negocio/3.1 Agregar al arbol Area">
      <properties>
         <property name="deviceName" value=""/>
         <property name="devicePlatform" value=""/>
         <property name="logFolder" value="C:\\CIEL INGENIERIA\\Katalon\\Digiturno55\\Reports\\20240115_091123\\WIZARD\\1Modelo De Negocio\\3.1 Agregar al arbol Area\\20240115_091137"/>
         <property name="logFiles" value="C:\\CIEL INGENIERIA\\Katalon\\Digiturno55\\Reports\\20240115_091123\\WIZARD\\1Modelo De Negocio\\3.1 Agregar al arbol Area\\20240115_091137\\execution0.log"/>
         <property name="attachments" value="C:\\CIEL INGENIERIA\\Katalon\\Digiturno55\\Reports\\20240115_091123\\WIZARD\\1Modelo De Negocio\\3.1 Agregar al arbol Area\\20240115_091137\\1705328665087.png"/>
         <property name="hostName" value="jdavila - PCPruebas101.ciel.cielingenieria.com"/>
         <property name="os" value="Windows 10 64bit"/>
         <property name="katalonVersion" value="8.6.8.208"/>
         <property name="browser" value="Chrome 120.0.0.0"/>
         <property name="hostAddress" value="192.168.0.9"/>
         <property name="sessionId" value="48d0367fb705e9de1088c69efd900c57"/>
         <property name="seleniumVersion" value="3.141.59"/>
         <property name="proxyInformation" value="ProxyInformation { proxyOption=NO_PROXY, proxyServerType=HTTP, username=, password=********, proxyServerAddress=, proxyServerPort=0, executionList=&quot;&quot;, isApplyToDesiredCapabilities=true }"/>
         <property name="platform" value="Windows 10"/>
      </properties>
      <testcase name="Test Cases/WIZARD/1Modelo De Negocio/3.1 Agregar al arbol Area" time="27.552" classname="Test Cases/WIZARD/1Modelo De Negocio/3.1 Agregar al arbol Area" status="PASSED">
         <system-out><![CDATA[2024-01-15 09:24:01 - [TEST_CASE][PASSED] - Test Cases/WIZARD/1Modelo De Negocio/3.1 Agregar al arbol Area: Test Cases/WIZARD/1Modelo De Negocio/3.1 Agregar al arbol Area

2024-01-15 09:24:01 - [TEST_STEP][PASSED] - callTestCase(findTestCase("0InicioSesion"), [:], STOP_ON_FAILURE): Call Test Case 'Test Cases/0InicioSesion' successfully

2024-01-15 09:24:01 - [TEST_CASE][PASSED] - Test Cases/0InicioSesion: Test Cases/0InicioSesion

2024-01-15 09:24:02 - [TEST_STEP][PASSED] - openBrowser(UrlDigiturno): Browser is opened with url: 'https://PCPruebas101.ciel.cielingenieria.com:8610'

2024-01-15 09:24:02 - [MESSAGE][INFO] - Starting 'Chrome' driver

2024-01-15 09:24:02 - [MESSAGE][INFO] - User set preference: ['args', '[--use-fake-ui-for-media-stream, --disable-notifications]']

2024-01-15 09:24:02 - [MESSAGE][INFO] - Action delay is set to 0 milliseconds

2024-01-15 09:24:05 - [MESSAGE][PASSED] - Browser is opened with url: 'https://PCPruebas101.ciel.cielingenieria.com:8610'

2024-01-15 09:24:05 - [TEST_STEP][PASSED] - maximizeWindow(): Current window maximized

2024-01-15 09:24:05 - [MESSAGE][PASSED] - Current window maximized

2024-01-15 09:24:05 - [TEST_STEP][PASSED] - delay(3): Delayed 3 second(s)

2024-01-15 09:24:08 - [MESSAGE][PASSED] - Delayed 3 second(s)

2024-01-15 09:24:08 - [TEST_STEP][PASSED] - setText(findTestObject("0Inicio Sesion/input_Usuario"), "Ciel"): Text 'Ciel' is set on object 'Object Repository/0Inicio Sesion/input_Usuario'

2024-01-15 09:24:09 - [MESSAGE][PASSED] - Text 'Ciel' is set on object 'Object Repository/0Inicio Sesion/input_Usuario'

2024-01-15 09:24:09 - [TEST_STEP][PASSED] - setText(findTestObject("0Inicio Sesion/input_Clave"), "digiturno"): Text 'digiturno' is set on object 'Object Repository/0Inicio Sesion/input_Clave'

2024-01-15 09:24:09 - [MESSAGE][PASSED] - Text 'digiturno' is set on object 'Object Repository/0Inicio Sesion/input_Clave'

2024-01-15 09:24:09 - [TEST_STEP][PASSED] - click(findTestObject("0Inicio Sesion/btn_IniciarSesion")): Object: 'Object Repository/0Inicio Sesion/btn_IniciarSesion' is clicked on

2024-01-15 09:24:10 - [MESSAGE][PASSED] - Object: 'Object Repository/0Inicio Sesion/btn_IniciarSesion' is clicked on

2024-01-15 09:24:10 - [TEST_STEP][PASSED] - delay(3): Delayed 3 second(s)

2024-01-15 09:24:13 - [MESSAGE][PASSED] - Delayed 3 second(s)

2024-01-15 09:24:13 - [MESSAGE][PASSED] - Call Test Case 'Test Cases/0InicioSesion' successfully

2024-01-15 09:24:13 - [TEST_STEP][PASSED] - click(findTestObject("WIZARD/0Principal/img_ModeloDeNegocioMAX")): Object: 'Object Repository/WIZARD/0Principal/img_ModeloDeNegocioMAX' is clicked on

2024-01-15 09:24:14 - [MESSAGE][PASSED] - Object: 'Object Repository/WIZARD/0Principal/img_ModeloDeNegocioMAX' is clicked on

2024-01-15 09:24:14 - [TEST_STEP][PASSED] - delay(3): Delayed 3 second(s)

2024-01-15 09:24:17 - [MESSAGE][PASSED] - Delayed 3 second(s)

2024-01-15 09:24:17 - [TEST_STEP][PASSED] - rightClick(findTestObject("WIZARD/1Modelo De Negocio/0ArbolDeJerarquia/span_arbol de jerarquia(clickDerecho)")): Object: 'Object Repository/WIZARD/1Modelo De Negocio/0ArbolDeJerarquia/span_arbol de jerarquia(clickDerecho)' is right clicked on

2024-01-15 09:24:17 - [MESSAGE][PASSED] - Object: 'Object Repository/WIZARD/1Modelo De Negocio/0ArbolDeJerarquia/span_arbol de jerarquia(clickDerecho)' is right clicked on

2024-01-15 09:24:17 - [TEST_STEP][PASSED] - click(findTestObject("WIZARD/1Modelo De Negocio/0ArbolDeJerarquia/span_Agregar Elementos")): Object: 'Object Repository/WIZARD/1Modelo De Negocio/0ArbolDeJerarquia/span_Agregar Elementos' is clicked on

2024-01-15 09:24:18 - [MESSAGE][PASSED] - Object: 'Object Repository/WIZARD/1Modelo De Negocio/0ArbolDeJerarquia/span_Agregar Elementos' is clicked on

2024-01-15 09:24:18 - [TEST_STEP][PASSED] - delay(3): Delayed 3 second(s)

2024-01-15 09:24:21 - [MESSAGE][PASSED] - Delayed 3 second(s)

2024-01-15 09:24:21 - [TEST_STEP][PASSED] - click(findTestObject("WIZARD/1Modelo De Negocio/0ArbolDeJerarquia/span Agregar Elementos/label_Area General")): Object: 'Object Repository/WIZARD/1Modelo De Negocio/0ArbolDeJerarquia/span Agregar Elementos/label_Area General' is clicked on

2024-01-15 09:24:21 - [MESSAGE][PASSED] - Object: 'Object Repository/WIZARD/1Modelo De Negocio/0ArbolDeJerarquia/span Agregar Elementos/label_Area General' is clicked on

2024-01-15 09:24:21 - [TEST_STEP][PASSED] - click(findTestObject("WIZARD/1Modelo De Negocio/0ArbolDeJerarquia/span Agregar Elementos/btn_Agregar")): Object: 'Object Repository/WIZARD/1Modelo De Negocio/0ArbolDeJerarquia/span Agregar Elementos/btn_Agregar' is clicked on

2024-01-15 09:24:22 - [MESSAGE][PASSED] - Object: 'Object Repository/WIZARD/1Modelo De Negocio/0ArbolDeJerarquia/span Agregar Elementos/btn_Agregar' is clicked on

2024-01-15 09:24:22 - [TEST_STEP][PASSED] - delay(3): Delayed 3 second(s)

2024-01-15 09:24:25 - [MESSAGE][PASSED] - Delayed 3 second(s)

2024-01-15 09:24:25 - [TEST_STEP][PASSED] - takeFullPageScreenshot(): Taking screenshot successfully

2024-01-15 09:24:25 - [MESSAGE][INFO] - 0 hidden object(s)

2024-01-15 09:24:25 - [MESSAGE][PASSED] - Taking screenshot successfully
[[ATTACHMENT|C:\\CIEL INGENIERIA\\Katalon\\Digiturno55\\Reports\\20240115_091123\\WIZARD\\1Modelo De Negocio\\3.1 Agregar al arbol Area\\20240115_091137\\1705328665087.png]]

2024-01-15 09:24:25 - [TEST_STEP][PASSED] - delay(3): Delayed 3 second(s)

2024-01-15 09:24:28 - [MESSAGE][PASSED] - Delayed 3 second(s)

2024-01-15 09:24:28 - [TEST_STEP][PASSED] - Start listener action : sampleAfterTestCase: null]]></system-out>
         <system-err><![CDATA[]]></system-err>
      </testcase>
      <system-out><![CDATA[2024-01-15 09:24:01 - [TEST_SUITE][PASSED] - 3.1 Agregar al arbol Area: Test Cases/WIZARD/1Modelo De Negocio/3.1 Agregar al arbol Area]]></system-out>
      <system-err><![CDATA[]]></system-err>
   </testsuite>
</testsuites>
