<?xml version="1.0" encoding="UTF-8"?>
<testsuites name="39 Modelo de atencion" time="39.06" tests="1" failures="0" errors="0">
   <testsuite name="39 Modelo de atencion" tests="1" failures="0" errors="0" time="39.06" skipped="0" timestamp="2023-07-11 12:07:12" hostname="jdavila - PCPruebas101.ciel.cielingenieria.com" id="Test Suites/DIGITURNO/BASICO/39 Modelo de atencion">
      <properties>
         <property name="deviceName" value=""/>
         <property name="devicePlatform" value=""/>
         <property name="logFolder" value="C:\\CIEL INGENIERIA\\Katalon\\Digiturno55\\Reports\\20230711_113602\\DIGITURNO\\BASICO\\39 Modelo de atencion\\20230711_113641"/>
         <property name="logFiles" value="C:\\CIEL INGENIERIA\\Katalon\\Digiturno55\\Reports\\20230711_113602\\DIGITURNO\\BASICO\\39 Modelo de atencion\\20230711_113641\\execution0.log"/>
         <property name="attachments" value="C:\\CIEL INGENIERIA\\Katalon\\Digiturno55\\Reports\\20230711_113602\\DIGITURNO\\BASICO\\39 Modelo de atencion\\20230711_113641\\1689095248354.png, C:\\CIEL INGENIERIA\\Katalon\\Digiturno55\\Reports\\20230711_113602\\DIGITURNO\\BASICO\\39 Modelo de atencion\\20230711_113641\\1689095268328.png"/>
         <property name="hostName" value="jdavila - PCPruebas101.ciel.cielingenieria.com"/>
         <property name="os" value="Windows 10 64bit"/>
         <property name="katalonVersion" value="8.6.0.208"/>
         <property name="browser" value="Chrome 114.0.0.0"/>
         <property name="hostAddress" value="192.168.0.33"/>
         <property name="sessionId" value="6c5c812142dc86c0437e2de54f5a4b41"/>
         <property name="seleniumVersion" value="3.141.59"/>
         <property name="proxyInformation" value="ProxyInformation { proxyOption=NO_PROXY, proxyServerType=HTTP, username=, password=********, proxyServerAddress=, proxyServerPort=0, executionList=&quot;&quot;, isApplyToDesiredCapabilities=true }"/>
         <property name="platform" value="Windows 10"/>
      </properties>
      <testcase name="Test Cases/DIGITURNO/BASICO/39 Modelo de atencion" time="38.823" classname="Test Cases/DIGITURNO/BASICO/39 Modelo de atencion" status="PASSED">
         <system-out><![CDATA[2023-07-11 12:07:13 - [TEST_CASE][PASSED] - Test Cases/DIGITURNO/BASICO/39 Modelo de atencion: Test Cases/DIGITURNO/BASICO/39 Modelo de atencion

2023-07-11 12:07:13 - [TEST_STEP][PASSED] - callTestCase(findTestCase("DIGITURNO/BASICO/3 Configuracion"), [:], STOP_ON_FAILURE): Call Test Case 'Test Cases/DIGITURNO/BASICO/3 Configuracion' successfully

2023-07-11 12:07:13 - [TEST_CASE][PASSED] - Test Cases/DIGITURNO/BASICO/3 Configuracion: Test Cases/DIGITURNO/BASICO/3 Configuracion

2023-07-11 12:07:13 - [TEST_STEP][PASSED] - callTestCase(findTestCase("0InicioSesion"), [:], STOP_ON_FAILURE): Call Test Case 'Test Cases/0InicioSesion' successfully

2023-07-11 12:07:13 - [TEST_CASE][PASSED] - Test Cases/0InicioSesion: Test Cases/0InicioSesion

2023-07-11 12:07:14 - [TEST_STEP][PASSED] - openBrowser(UrlDigiturno): Browser is opened with url: 'https://PCPruebas101.ciel.cielingenieria.com:8810'

2023-07-11 12:07:14 - [MESSAGE][INFO] - Starting 'Chrome' driver

2023-07-11 12:07:14 - [MESSAGE][INFO] - User set preference: ['args', '[--use-fake-ui-for-media-stream, --disable-notifications]']

2023-07-11 12:07:14 - [MESSAGE][INFO] - Action delay is set to 0 milliseconds

2023-07-11 12:07:16 - [MESSAGE][PASSED] - Browser is opened with url: 'https://PCPruebas101.ciel.cielingenieria.com:8810'

2023-07-11 12:07:16 - [TEST_STEP][PASSED] - maximizeWindow(): Current window maximized

2023-07-11 12:07:16 - [MESSAGE][PASSED] - Current window maximized

2023-07-11 12:07:16 - [TEST_STEP][PASSED] - delay(3): Delayed 3 second(s)

2023-07-11 12:07:19 - [MESSAGE][PASSED] - Delayed 3 second(s)

2023-07-11 12:07:19 - [TEST_STEP][PASSED] - setText(findTestObject("0Inicio Sesion/input_Usuario"), "Ciel"): Text 'Ciel' is set on object 'Object Repository/0Inicio Sesion/input_Usuario'

2023-07-11 12:07:20 - [MESSAGE][PASSED] - Text 'Ciel' is set on object 'Object Repository/0Inicio Sesion/input_Usuario'

2023-07-11 12:07:20 - [TEST_STEP][PASSED] - setText(findTestObject("0Inicio Sesion/input_Clave"), "digiturno"): Text 'digiturno' is set on object 'Object Repository/0Inicio Sesion/input_Clave'

2023-07-11 12:07:21 - [MESSAGE][PASSED] - Text 'digiturno' is set on object 'Object Repository/0Inicio Sesion/input_Clave'

2023-07-11 12:07:21 - [TEST_STEP][PASSED] - click(findTestObject("0Inicio Sesion/btn_IniciarSesion")): Object: 'Object Repository/0Inicio Sesion/btn_IniciarSesion' is clicked on

2023-07-11 12:07:21 - [MESSAGE][PASSED] - Object: 'Object Repository/0Inicio Sesion/btn_IniciarSesion' is clicked on

2023-07-11 12:07:21 - [TEST_STEP][PASSED] - delay(3): Delayed 3 second(s)

2023-07-11 12:07:24 - [MESSAGE][PASSED] - Delayed 3 second(s)

2023-07-11 12:07:24 - [MESSAGE][PASSED] - Call Test Case 'Test Cases/0InicioSesion' successfully

2023-07-11 12:07:24 - [TEST_STEP][PASSED] - click(findTestObject("DIGITURNO/1Principal/img_Configuracion(1)")): Object: 'Object Repository/DIGITURNO/1Principal/img_Configuracion(1)' is clicked on

2023-07-11 12:07:25 - [MESSAGE][PASSED] - Object: 'Object Repository/DIGITURNO/1Principal/img_Configuracion(1)' is clicked on

2023-07-11 12:07:25 - [TEST_STEP][PASSED] - delay(3): Delayed 3 second(s)

2023-07-11 12:07:28 - [MESSAGE][PASSED] - Delayed 3 second(s)

2023-07-11 12:07:28 - [TEST_STEP][PASSED] - takeFullPageScreenshot(): Taking screenshot successfully

2023-07-11 12:07:28 - [MESSAGE][INFO] - 0 hidden object(s)

2023-07-11 12:07:28 - [MESSAGE][PASSED] - Taking screenshot successfully
[[ATTACHMENT|C:\\CIEL INGENIERIA\\Katalon\\Digiturno55\\Reports\\20230711_113602\\DIGITURNO\\BASICO\\39 Modelo de atencion\\20230711_113641\\1689095248354.png]]

2023-07-11 12:07:28 - [TEST_STEP][PASSED] - delay(3): Delayed 3 second(s)

2023-07-11 12:07:31 - [MESSAGE][PASSED] - Delayed 3 second(s)

2023-07-11 12:07:31 - [MESSAGE][PASSED] - Call Test Case 'Test Cases/DIGITURNO/BASICO/3 Configuracion' successfully

2023-07-11 12:07:31 - [TEST_STEP][PASSED] - click(findTestObject("DIGITURNO/CONFIGURACION/0Principal/img_1Modelo de atencion")): Object: 'Object Repository/DIGITURNO/CONFIGURACION/0Principal/img_1Modelo de atencion' is clicked on

2023-07-11 12:07:45 - [MESSAGE][PASSED] - Object: 'Object Repository/DIGITURNO/CONFIGURACION/0Principal/img_1Modelo de atencion' is clicked on

2023-07-11 12:07:45 - [TEST_STEP][PASSED] - delay(3): Delayed 3 second(s)

2023-07-11 12:07:48 - [MESSAGE][PASSED] - Delayed 3 second(s)

2023-07-11 12:07:48 - [TEST_STEP][PASSED] - takeFullPageScreenshot(): Taking screenshot successfully

2023-07-11 12:07:48 - [MESSAGE][INFO] - 0 hidden object(s)

2023-07-11 12:07:48 - [MESSAGE][PASSED] - Taking screenshot successfully
[[ATTACHMENT|C:\\CIEL INGENIERIA\\Katalon\\Digiturno55\\Reports\\20230711_113602\\DIGITURNO\\BASICO\\39 Modelo de atencion\\20230711_113641\\1689095268328.png]]

2023-07-11 12:07:48 - [TEST_STEP][PASSED] - delay(3): Delayed 3 second(s)

2023-07-11 12:07:51 - [MESSAGE][PASSED] - Delayed 3 second(s)

2023-07-11 12:07:51 - [TEST_STEP][PASSED] - Start listener action : sampleAfterTestCase: null]]></system-out>
         <system-err><![CDATA[]]></system-err>
      </testcase>
      <system-out><![CDATA[2023-07-11 12:07:12 - [TEST_SUITE][PASSED] - 39 Modelo de atencion: Test Cases/DIGITURNO/BASICO/39 Modelo de atencion]]></system-out>
      <system-err><![CDATA[]]></system-err>
   </testsuite>
</testsuites>
