<?xml version="1.0" encoding="UTF-8"?>
<testsuites name="14 Paginas por perfil Asociar y Desasociar" time="82.062" tests="2" failures="0" errors="0">
   <testsuite name="14 Paginas por perfil Asociar y Desasociar" tests="2" failures="0" errors="0" time="82.062" skipped="0" timestamp="2024-10-03 17:18:28" hostname="jdavila - PCPruebas101.ciel.cielingenieria.com" id="Test Suites/DIGITURNO/BASICO/14 Paginas por perfil Asociar y Desasociar">
      <properties>
         <property name="deviceName" value=""/>
         <property name="devicePlatform" value=""/>
         <property name="logFolder" value="C:\\CIEL INGENIERIA\\Katalon\\Digiturno55\\Reports\\20241003_171202\\DIGITURNO\\BASICO\\14 Paginas por perfil Asociar y Desasociar\\20241003_171214"/>
         <property name="logFiles" value="C:\\CIEL INGENIERIA\\Katalon\\Digiturno55\\Reports\\20241003_171202\\DIGITURNO\\BASICO\\14 Paginas por perfil Asociar y Desasociar\\20241003_171214\\execution0.log"/>
         <property name="attachments" value="C:\\CIEL INGENIERIA\\Katalon\\Digiturno55\\Reports\\20241003_171202\\DIGITURNO\\BASICO\\14 Paginas por perfil Asociar y Desasociar\\20241003_171214\\1727993928779.png, C:\\CIEL INGENIERIA\\Katalon\\Digiturno55\\Reports\\20241003_171202\\DIGITURNO\\BASICO\\14 Paginas por perfil Asociar y Desasociar\\20241003_171214\\1727993948009.png, C:\\CIEL INGENIERIA\\Katalon\\Digiturno55\\Reports\\20241003_171202\\DIGITURNO\\BASICO\\14 Paginas por perfil Asociar y Desasociar\\20241003_171214\\1727993970172.png, C:\\CIEL INGENIERIA\\Katalon\\Digiturno55\\Reports\\20241003_171202\\DIGITURNO\\BASICO\\14 Paginas por perfil Asociar y Desasociar\\20241003_171214\\1727993986524.png"/>
         <property name="hostName" value="jdavila - PCPruebas101.ciel.cielingenieria.com"/>
         <property name="os" value="Windows 10 64bit"/>
         <property name="katalonVersion" value="8.6.9.208"/>
         <property name="browser" value="Chrome 129.0.0.0"/>
         <property name="hostAddress" value="192.168.91.13"/>
         <property name="sessionId" value="ca13d40abf0412e50ec518b269b01833"/>
         <property name="seleniumVersion" value="3.141.59"/>
         <property name="proxyInformation" value="ProxyInformation { proxyOption=NO_PROXY, proxyServerType=HTTP, username=, password=********, proxyServerAddress=, proxyServerPort=0, executionList=&quot;&quot;, isApplyToDesiredCapabilities=true }"/>
         <property name="platform" value="Windows 10"/>
      </properties>
      <testcase name="Test Cases/DIGITURNO/BASICO/14 Paginas por perfil Asociar" time="43.128" classname="Test Cases/DIGITURNO/BASICO/14 Paginas por perfil Asociar" status="PASSED">
         <system-out><![CDATA[2024-10-03 17:18:28 - [TEST_CASE][PASSED] - Test Cases/DIGITURNO/BASICO/14 Paginas por perfil Asociar: Test Cases/DIGITURNO/BASICO/14 Paginas por perfil Asociar

2024-10-03 17:18:28 - [TEST_STEP][PASSED] - callTestCase(findTestCase("DIGITURNO/BASICO/5 Usuarios"), [:], STOP_ON_FAILURE): Call Test Case 'Test Cases/DIGITURNO/BASICO/5 Usuarios' successfully

2024-10-03 17:18:28 - [TEST_CASE][PASSED] - Test Cases/DIGITURNO/BASICO/5 Usuarios: Test Cases/DIGITURNO/BASICO/5 Usuarios

2024-10-03 17:18:29 - [TEST_STEP][PASSED] - callTestCase(findTestCase("0InicioSesion"), [:], STOP_ON_FAILURE): Call Test Case 'Test Cases/0InicioSesion' successfully

2024-10-03 17:18:29 - [TEST_CASE][PASSED] - Test Cases/0InicioSesion: Test Cases/0InicioSesion

2024-10-03 17:18:29 - [TEST_STEP][PASSED] - openBrowser(UrlDigiturno): Browser is opened with url: 'https://PCPruebas101.ciel.cielingenieria.com:8910'

2024-10-03 17:18:30 - [MESSAGE][INFO] - Starting 'Chrome' driver

2024-10-03 17:18:30 - [MESSAGE][INFO] - User set preference: ['args', '[--use-fake-ui-for-media-stream, --disable-notifications]']

2024-10-03 17:18:30 - [MESSAGE][INFO] - Action delay is set to 0 milliseconds

2024-10-03 17:18:33 - [MESSAGE][PASSED] - Browser is opened with url: 'https://PCPruebas101.ciel.cielingenieria.com:8910'

2024-10-03 17:18:33 - [TEST_STEP][PASSED] - maximizeWindow(): Current window maximized

2024-10-03 17:18:33 - [MESSAGE][PASSED] - Current window maximized

2024-10-03 17:18:33 - [TEST_STEP][PASSED] - delay(3): Delayed 3 second(s)

2024-10-03 17:18:36 - [MESSAGE][PASSED] - Delayed 3 second(s)

2024-10-03 17:18:36 - [TEST_STEP][PASSED] - setText(findTestObject("0Inicio Sesion/input_Usuario"), "Ciel"): Text 'Ciel' is set on object 'Object Repository/0Inicio Sesion/input_Usuario'

2024-10-03 17:18:37 - [MESSAGE][PASSED] - Text 'Ciel' is set on object 'Object Repository/0Inicio Sesion/input_Usuario'

2024-10-03 17:18:37 - [TEST_STEP][PASSED] - setText(findTestObject("0Inicio Sesion/input_Clave"), "digiturno"): Text 'digiturno' is set on object 'Object Repository/0Inicio Sesion/input_Clave'

2024-10-03 17:18:38 - [MESSAGE][PASSED] - Text 'digiturno' is set on object 'Object Repository/0Inicio Sesion/input_Clave'

2024-10-03 17:18:38 - [TEST_STEP][PASSED] - click(findTestObject("0Inicio Sesion/btn_IniciarSesion")): Object: 'Object Repository/0Inicio Sesion/btn_IniciarSesion' is clicked on

2024-10-03 17:18:38 - [MESSAGE][PASSED] - Object: 'Object Repository/0Inicio Sesion/btn_IniciarSesion' is clicked on

2024-10-03 17:18:38 - [TEST_STEP][PASSED] - delay(3): Delayed 3 second(s)

2024-10-03 17:18:41 - [MESSAGE][PASSED] - Delayed 3 second(s)

2024-10-03 17:18:41 - [MESSAGE][PASSED] - Call Test Case 'Test Cases/0InicioSesion' successfully

2024-10-03 17:18:41 - [TEST_STEP][PASSED] - click(findTestObject("DIGITURNO/1Principal/img_Configuracion(1)")): Object: 'Object Repository/DIGITURNO/1Principal/img_Configuracion(1)' is clicked on

2024-10-03 17:18:42 - [MESSAGE][PASSED] - Object: 'Object Repository/DIGITURNO/1Principal/img_Configuracion(1)' is clicked on

2024-10-03 17:18:42 - [TEST_STEP][PASSED] - delay(3): Delayed 3 second(s)

2024-10-03 17:18:45 - [MESSAGE][PASSED] - Delayed 3 second(s)

2024-10-03 17:18:45 - [TEST_STEP][PASSED] - click(findTestObject("DIGITURNO/CONFIGURACION/0Principal/img_4Usuarios")): Object: 'Object Repository/DIGITURNO/CONFIGURACION/0Principal/img_4Usuarios' is clicked on

2024-10-03 17:18:45 - [MESSAGE][PASSED] - Object: 'Object Repository/DIGITURNO/CONFIGURACION/0Principal/img_4Usuarios' is clicked on

2024-10-03 17:18:45 - [TEST_STEP][PASSED] - delay(3): Delayed 3 second(s)

2024-10-03 17:18:48 - [MESSAGE][PASSED] - Delayed 3 second(s)

2024-10-03 17:18:48 - [TEST_STEP][PASSED] - takeFullPageScreenshot(STOP_ON_FAILURE): Taking screenshot successfully

2024-10-03 17:18:49 - [MESSAGE][INFO] - 0 hidden object(s)

2024-10-03 17:18:49 - [MESSAGE][PASSED] - Taking screenshot successfully
[[ATTACHMENT|C:\\CIEL INGENIERIA\\Katalon\\Digiturno55\\Reports\\20241003_171202\\DIGITURNO\\BASICO\\14 Paginas por perfil Asociar y Desasociar\\20241003_171214\\1727993928779.png]]

2024-10-03 17:18:49 - [TEST_STEP][PASSED] - delay(3): Delayed 3 second(s)

2024-10-03 17:18:52 - [MESSAGE][PASSED] - Delayed 3 second(s)

2024-10-03 17:18:52 - [MESSAGE][PASSED] - Call Test Case 'Test Cases/DIGITURNO/BASICO/5 Usuarios' successfully

2024-10-03 17:18:52 - [TEST_STEP][PASSED] - delay(3): Delayed 3 second(s)

2024-10-03 17:18:55 - [MESSAGE][PASSED] - Delayed 3 second(s)

2024-10-03 17:18:55 - [TEST_STEP][PASSED] - click(findTestObject("DIGITURNO/CONFIGURACION/4Usuarios/0Principal/img_2Paginas por perfil")): Object: 'Object Repository/DIGITURNO/CONFIGURACION/4Usuarios/0Principal/img_2Paginas por perfil' is clicked on

2024-10-03 17:18:56 - [MESSAGE][PASSED] - Object: 'Object Repository/DIGITURNO/CONFIGURACION/4Usuarios/0Principal/img_2Paginas por perfil' is clicked on

2024-10-03 17:18:56 - [TEST_STEP][PASSED] - delay(3): Delayed 3 second(s)

2024-10-03 17:18:59 - [MESSAGE][PASSED] - Delayed 3 second(s)

2024-10-03 17:18:59 - [TEST_STEP][PASSED] - setText(findTestObject("DIGITURNO/CONFIGURACION/4Usuarios/2Paginas por perfil/Paginas de la aplicacion/input_TextoABuscar"), "alarmas"): Text 'alarmas' is set on object 'Object Repository/DIGITURNO/CONFIGURACION/4Usuarios/2Paginas por perfil/Paginas de la aplicacion/input_TextoABuscar'

2024-10-03 17:18:59 - [MESSAGE][PASSED] - Text 'alarmas' is set on object 'Object Repository/DIGITURNO/CONFIGURACION/4Usuarios/2Paginas por perfil/Paginas de la aplicacion/input_TextoABuscar'

2024-10-03 17:18:59 - [TEST_STEP][PASSED] - click(findTestObject("DIGITURNO/CONFIGURACION/4Usuarios/2Paginas por perfil/Perfiles de la aplicacion/option_3Consulta")): Object: 'Object Repository/DIGITURNO/CONFIGURACION/4Usuarios/2Paginas por perfil/Perfiles de la aplicacion/option_3Consulta' is clicked on

2024-10-03 17:19:00 - [MESSAGE][PASSED] - Object: 'Object Repository/DIGITURNO/CONFIGURACION/4Usuarios/2Paginas por perfil/Perfiles de la aplicacion/option_3Consulta' is clicked on

2024-10-03 17:19:00 - [TEST_STEP][PASSED] - delay(2): Delayed 2 second(s)

2024-10-03 17:19:02 - [MESSAGE][PASSED] - Delayed 2 second(s)

2024-10-03 17:19:02 - [TEST_STEP][PASSED] - click(findTestObject("DIGITURNO/CONFIGURACION/4Usuarios/2Paginas por perfil/Paginas de la aplicacion/a_SeleccionarTodo")): Object: 'Object Repository/DIGITURNO/CONFIGURACION/4Usuarios/2Paginas por perfil/Paginas de la aplicacion/a_SeleccionarTodo' is clicked on

2024-10-03 17:19:02 - [MESSAGE][PASSED] - Object: 'Object Repository/DIGITURNO/CONFIGURACION/4Usuarios/2Paginas por perfil/Paginas de la aplicacion/a_SeleccionarTodo' is clicked on

2024-10-03 17:19:02 - [TEST_STEP][PASSED] - delay(2): Delayed 2 second(s)

2024-10-03 17:19:04 - [MESSAGE][PASSED] - Delayed 2 second(s)

2024-10-03 17:19:04 - [TEST_STEP][PASSED] - click(findTestObject("DIGITURNO/CONFIGURACION/4Usuarios/2Paginas por perfil/Perfiles de la aplicacion/img_Nuevo")): Object: 'Object Repository/DIGITURNO/CONFIGURACION/4Usuarios/2Paginas por perfil/Perfiles de la aplicacion/img_Nuevo' is clicked on

2024-10-03 17:19:05 - [MESSAGE][PASSED] - Object: 'Object Repository/DIGITURNO/CONFIGURACION/4Usuarios/2Paginas por perfil/Perfiles de la aplicacion/img_Nuevo' is clicked on

2024-10-03 17:19:05 - [TEST_STEP][PASSED] - delay(3): Delayed 3 second(s)

2024-10-03 17:19:08 - [MESSAGE][PASSED] - Delayed 3 second(s)

2024-10-03 17:19:08 - [TEST_STEP][PASSED] - takeFullPageScreenshot(): Taking screenshot successfully

2024-10-03 17:19:08 - [MESSAGE][INFO] - 0 hidden object(s)

2024-10-03 17:19:08 - [MESSAGE][PASSED] - Taking screenshot successfully
[[ATTACHMENT|C:\\CIEL INGENIERIA\\Katalon\\Digiturno55\\Reports\\20241003_171202\\DIGITURNO\\BASICO\\14 Paginas por perfil Asociar y Desasociar\\20241003_171214\\1727993948009.png]]

2024-10-03 17:19:08 - [TEST_STEP][PASSED] - delay(3): Delayed 3 second(s)

2024-10-03 17:19:11 - [MESSAGE][PASSED] - Delayed 3 second(s)

2024-10-03 17:19:11 - [TEST_STEP][PASSED] - Start listener action : sampleAfterTestCase: null]]></system-out>
         <system-err><![CDATA[]]></system-err>
      </testcase>
      <testcase name="Test Cases/DIGITURNO/BASICO/14 Paginas por perfil Desasociar" time="38.589" classname="Test Cases/DIGITURNO/BASICO/14 Paginas por perfil Desasociar" status="PASSED">
         <system-out><![CDATA[2024-10-03 17:19:11 - [TEST_CASE][PASSED] - Test Cases/DIGITURNO/BASICO/14 Paginas por perfil Desasociar: Test Cases/DIGITURNO/BASICO/14 Paginas por perfil Desasociar

2024-10-03 17:19:11 - [TEST_STEP][PASSED] - callTestCase(findTestCase("DIGITURNO/BASICO/5 Usuarios"), [:], STOP_ON_FAILURE): Call Test Case 'Test Cases/DIGITURNO/BASICO/5 Usuarios' successfully

2024-10-03 17:19:11 - [TEST_CASE][PASSED] - Test Cases/DIGITURNO/BASICO/5 Usuarios: Test Cases/DIGITURNO/BASICO/5 Usuarios

2024-10-03 17:19:11 - [TEST_STEP][PASSED] - callTestCase(findTestCase("0InicioSesion"), [:], STOP_ON_FAILURE): Call Test Case 'Test Cases/0InicioSesion' successfully

2024-10-03 17:19:12 - [TEST_CASE][PASSED] - Test Cases/0InicioSesion: Test Cases/0InicioSesion

2024-10-03 17:19:12 - [TEST_STEP][PASSED] - openBrowser(UrlDigiturno): Browser is opened with url: 'https://PCPruebas101.ciel.cielingenieria.com:8910'

2024-10-03 17:19:12 - [MESSAGE][WARNING] - A browser is already opened. Closing browser and opening a new one

2024-10-03 17:19:12 - [MESSAGE][INFO] - Starting 'Chrome' driver

2024-10-03 17:19:12 - [MESSAGE][INFO] - User set preference: ['args', '[--use-fake-ui-for-media-stream, --disable-notifications]']

2024-10-03 17:19:12 - [MESSAGE][INFO] - Action delay is set to 0 milliseconds

2024-10-03 17:19:15 - [MESSAGE][PASSED] - Browser is opened with url: 'https://PCPruebas101.ciel.cielingenieria.com:8910'

2024-10-03 17:19:15 - [TEST_STEP][PASSED] - maximizeWindow(): Current window maximized

2024-10-03 17:19:15 - [MESSAGE][PASSED] - Current window maximized

2024-10-03 17:19:15 - [TEST_STEP][PASSED] - delay(3): Delayed 3 second(s)

2024-10-03 17:19:18 - [MESSAGE][PASSED] - Delayed 3 second(s)

2024-10-03 17:19:18 - [TEST_STEP][PASSED] - setText(findTestObject("0Inicio Sesion/input_Usuario"), "Ciel"): Text 'Ciel' is set on object 'Object Repository/0Inicio Sesion/input_Usuario'

2024-10-03 17:19:18 - [MESSAGE][PASSED] - Text 'Ciel' is set on object 'Object Repository/0Inicio Sesion/input_Usuario'

2024-10-03 17:19:18 - [TEST_STEP][PASSED] - setText(findTestObject("0Inicio Sesion/input_Clave"), "digiturno"): Text 'digiturno' is set on object 'Object Repository/0Inicio Sesion/input_Clave'

2024-10-03 17:19:19 - [MESSAGE][PASSED] - Text 'digiturno' is set on object 'Object Repository/0Inicio Sesion/input_Clave'

2024-10-03 17:19:19 - [TEST_STEP][PASSED] - click(findTestObject("0Inicio Sesion/btn_IniciarSesion")): Object: 'Object Repository/0Inicio Sesion/btn_IniciarSesion' is clicked on

2024-10-03 17:19:20 - [MESSAGE][PASSED] - Object: 'Object Repository/0Inicio Sesion/btn_IniciarSesion' is clicked on

2024-10-03 17:19:20 - [TEST_STEP][PASSED] - delay(3): Delayed 3 second(s)

2024-10-03 17:19:23 - [MESSAGE][PASSED] - Delayed 3 second(s)

2024-10-03 17:19:23 - [MESSAGE][PASSED] - Call Test Case 'Test Cases/0InicioSesion' successfully

2024-10-03 17:19:23 - [TEST_STEP][PASSED] - click(findTestObject("DIGITURNO/1Principal/img_Configuracion(1)")): Object: 'Object Repository/DIGITURNO/1Principal/img_Configuracion(1)' is clicked on

2024-10-03 17:19:23 - [MESSAGE][PASSED] - Object: 'Object Repository/DIGITURNO/1Principal/img_Configuracion(1)' is clicked on

2024-10-03 17:19:23 - [TEST_STEP][PASSED] - delay(3): Delayed 3 second(s)

2024-10-03 17:19:26 - [MESSAGE][PASSED] - Delayed 3 second(s)

2024-10-03 17:19:26 - [TEST_STEP][PASSED] - click(findTestObject("DIGITURNO/CONFIGURACION/0Principal/img_4Usuarios")): Object: 'Object Repository/DIGITURNO/CONFIGURACION/0Principal/img_4Usuarios' is clicked on

2024-10-03 17:19:27 - [MESSAGE][PASSED] - Object: 'Object Repository/DIGITURNO/CONFIGURACION/0Principal/img_4Usuarios' is clicked on

2024-10-03 17:19:27 - [TEST_STEP][PASSED] - delay(3): Delayed 3 second(s)

2024-10-03 17:19:30 - [MESSAGE][PASSED] - Delayed 3 second(s)

2024-10-03 17:19:30 - [TEST_STEP][PASSED] - takeFullPageScreenshot(STOP_ON_FAILURE): Taking screenshot successfully

2024-10-03 17:19:30 - [MESSAGE][INFO] - 0 hidden object(s)

2024-10-03 17:19:30 - [MESSAGE][PASSED] - Taking screenshot successfully
[[ATTACHMENT|C:\\CIEL INGENIERIA\\Katalon\\Digiturno55\\Reports\\20241003_171202\\DIGITURNO\\BASICO\\14 Paginas por perfil Asociar y Desasociar\\20241003_171214\\1727993970172.png]]

2024-10-03 17:19:30 - [TEST_STEP][PASSED] - delay(3): Delayed 3 second(s)

2024-10-03 17:19:33 - [MESSAGE][PASSED] - Delayed 3 second(s)

2024-10-03 17:19:33 - [MESSAGE][PASSED] - Call Test Case 'Test Cases/DIGITURNO/BASICO/5 Usuarios' successfully

2024-10-03 17:19:33 - [TEST_STEP][PASSED] - delay(3): Delayed 3 second(s)

2024-10-03 17:19:36 - [MESSAGE][PASSED] - Delayed 3 second(s)

2024-10-03 17:19:36 - [TEST_STEP][PASSED] - click(findTestObject("DIGITURNO/CONFIGURACION/4Usuarios/0Principal/img_2Paginas por perfil")): Object: 'Object Repository/DIGITURNO/CONFIGURACION/4Usuarios/0Principal/img_2Paginas por perfil' is clicked on

2024-10-03 17:19:37 - [MESSAGE][PASSED] - Object: 'Object Repository/DIGITURNO/CONFIGURACION/4Usuarios/0Principal/img_2Paginas por perfil' is clicked on

2024-10-03 17:19:37 - [TEST_STEP][PASSED] - delay(3): Delayed 3 second(s)

2024-10-03 17:19:40 - [MESSAGE][PASSED] - Delayed 3 second(s)

2024-10-03 17:19:40 - [TEST_STEP][PASSED] - setText(findTestObject("DIGITURNO/CONFIGURACION/4Usuarios/2Paginas por perfil/Paginas de la aplicacion/input_TextoABuscar"), "alarmas"): Text 'alarmas' is set on object 'Object Repository/DIGITURNO/CONFIGURACION/4Usuarios/2Paginas por perfil/Paginas de la aplicacion/input_TextoABuscar'

2024-10-03 17:19:41 - [MESSAGE][PASSED] - Text 'alarmas' is set on object 'Object Repository/DIGITURNO/CONFIGURACION/4Usuarios/2Paginas por perfil/Paginas de la aplicacion/input_TextoABuscar'

2024-10-03 17:19:41 - [TEST_STEP][PASSED] - click(findTestObject("DIGITURNO/CONFIGURACION/4Usuarios/2Paginas por perfil/Perfiles de la aplicacion/option_3Consulta")): Object: 'Object Repository/DIGITURNO/CONFIGURACION/4Usuarios/2Paginas por perfil/Perfiles de la aplicacion/option_3Consulta' is clicked on

2024-10-03 17:19:41 - [MESSAGE][PASSED] - Object: 'Object Repository/DIGITURNO/CONFIGURACION/4Usuarios/2Paginas por perfil/Perfiles de la aplicacion/option_3Consulta' is clicked on

2024-10-03 17:19:41 - [TEST_STEP][PASSED] - delay(2): Delayed 2 second(s)

2024-10-03 17:19:43 - [MESSAGE][PASSED] - Delayed 2 second(s)

2024-10-03 17:19:43 - [TEST_STEP][PASSED] - click(findTestObject("DIGITURNO/CONFIGURACION/4Usuarios/2Paginas por perfil/Paginas de la aplicacion/a_SeleccionarTodo")): Object: 'Object Repository/DIGITURNO/CONFIGURACION/4Usuarios/2Paginas por perfil/Paginas de la aplicacion/a_SeleccionarTodo' is clicked on

2024-10-03 17:19:43 - [MESSAGE][PASSED] - Object: 'Object Repository/DIGITURNO/CONFIGURACION/4Usuarios/2Paginas por perfil/Paginas de la aplicacion/a_SeleccionarTodo' is clicked on

2024-10-03 17:19:43 - [TEST_STEP][PASSED] - delay(2): Delayed 2 second(s)

2024-10-03 17:19:45 - [MESSAGE][PASSED] - Delayed 2 second(s)

2024-10-03 17:19:45 - [TEST_STEP][PASSED] - click(findTestObject("DIGITURNO/CONFIGURACION/4Usuarios/2Paginas por perfil/Perfiles de la aplicacion/img_Eliminar")): Object: 'Object Repository/DIGITURNO/CONFIGURACION/4Usuarios/2Paginas por perfil/Perfiles de la aplicacion/img_Eliminar' is clicked on

2024-10-03 17:19:46 - [MESSAGE][PASSED] - Object: 'Object Repository/DIGITURNO/CONFIGURACION/4Usuarios/2Paginas por perfil/Perfiles de la aplicacion/img_Eliminar' is clicked on

2024-10-03 17:19:46 - [TEST_STEP][PASSED] - click(findTestObject("DIGITURNO/CONFIGURACION/4Usuarios/2Paginas por perfil/Perfiles de la aplicacion/img_Eliminar")): Object: 'Object Repository/DIGITURNO/CONFIGURACION/4Usuarios/2Paginas por perfil/Perfiles de la aplicacion/img_Eliminar' is clicked on

2024-10-03 17:19:46 - [MESSAGE][PASSED] - Object: 'Object Repository/DIGITURNO/CONFIGURACION/4Usuarios/2Paginas por perfil/Perfiles de la aplicacion/img_Eliminar' is clicked on

2024-10-03 17:19:46 - [TEST_STEP][PASSED] - acceptAlert(STOP_ON_FAILURE): Alert accepted

2024-10-03 17:19:46 - [MESSAGE][PASSED] - Alert accepted

2024-10-03 17:19:46 - [TEST_STEP][PASSED] - takeFullPageScreenshot(): Taking screenshot successfully

2024-10-03 17:19:46 - [MESSAGE][INFO] - 0 hidden object(s)

2024-10-03 17:19:47 - [MESSAGE][PASSED] - Taking screenshot successfully
[[ATTACHMENT|C:\\CIEL INGENIERIA\\Katalon\\Digiturno55\\Reports\\20241003_171202\\DIGITURNO\\BASICO\\14 Paginas por perfil Asociar y Desasociar\\20241003_171214\\1727993986524.png]]

2024-10-03 17:19:47 - [TEST_STEP][PASSED] - delay(3): Delayed 3 second(s)

2024-10-03 17:19:50 - [MESSAGE][PASSED] - Delayed 3 second(s)

2024-10-03 17:19:50 - [TEST_STEP][PASSED] - Start listener action : sampleAfterTestCase: null]]></system-out>
         <system-err><![CDATA[]]></system-err>
      </testcase>
      <system-out><![CDATA[2024-10-03 17:18:28 - [TEST_SUITE][PASSED] - 14 Paginas por perfil Asociar y Desasociar: Test Cases/DIGITURNO/BASICO/14 Paginas por perfil Desasociar]]></system-out>
      <system-err><![CDATA[]]></system-err>
   </testsuite>
</testsuites>
