<?xml version="1.0" encoding="UTF-8"?>
<testsuites name="5.6 Relacionar Tableros" time="122.048" tests="1" failures="0" errors="0">
   <testsuite name="5.6 Relacionar Tableros" tests="1" failures="0" errors="0" time="122.048" skipped="0" timestamp="2024-04-02 15:32:50" hostname="jdavila - PCPruebas101.ciel.cielingenieria.com" id="Test Suites/WIZARD/3Infraestructura/6Tableros/5.6 Relacionar Tableros">
      <properties>
         <property name="deviceName" value=""/>
         <property name="devicePlatform" value=""/>
         <property name="logFolder" value="C:\\CIEL INGENIERIA\\Katalon\\Digiturno55\\Reports\\20240402_143907\\WIZARD\\3Infraestructura\\6Tableros\\5.6 Relacionar Tableros\\20240402_144024"/>
         <property name="logFiles" value="C:\\CIEL INGENIERIA\\Katalon\\Digiturno55\\Reports\\20240402_143907\\WIZARD\\3Infraestructura\\6Tableros\\5.6 Relacionar Tableros\\20240402_144024\\execution0.log"/>
         <property name="attachments" value="C:\\CIEL INGENIERIA\\Katalon\\Digiturno55\\Reports\\20240402_143907\\WIZARD\\3Infraestructura\\6Tableros\\5.6 Relacionar Tableros\\20240402_144024\\1712090088182.png"/>
         <property name="hostName" value="jdavila - PCPruebas101.ciel.cielingenieria.com"/>
         <property name="os" value="Windows 10 64bit"/>
         <property name="katalonVersion" value="8.6.9.208"/>
         <property name="browser" value="Chrome 123.0.0.0"/>
         <property name="hostAddress" value="192.168.91.18"/>
         <property name="sessionId" value="6e0c1b08c7c030ac3334f0d07dbb7f5f"/>
         <property name="seleniumVersion" value="3.141.59"/>
         <property name="proxyInformation" value="ProxyInformation { proxyOption=NO_PROXY, proxyServerType=HTTP, username=, password=********, proxyServerAddress=, proxyServerPort=0, executionList=&quot;&quot;, isApplyToDesiredCapabilities=true }"/>
         <property name="platform" value="Windows 10"/>
      </properties>
      <testcase name="Test Cases/WIZARD/3Infraestructura/6Tableros/5.6 Relacionar Tableros" time="121.815" classname="Test Cases/WIZARD/3Infraestructura/6Tableros/5.6 Relacionar Tableros" status="PASSED">
         <system-out><![CDATA[2024-04-02 15:32:50 - [TEST_CASE][PASSED] - Test Cases/WIZARD/3Infraestructura/6Tableros/5.6 Relacionar Tableros: Test Cases/WIZARD/3Infraestructura/6Tableros/5.6 Relacionar Tableros

2024-04-02 15:32:50 - [TEST_STEP][PASSED] - callTestCase(findTestCase("0InicioSesion"), [:], STOP_ON_FAILURE): Call Test Case 'Test Cases/0InicioSesion' successfully

2024-04-02 15:32:50 - [TEST_CASE][PASSED] - Test Cases/0InicioSesion: Test Cases/0InicioSesion

2024-04-02 15:32:51 - [TEST_STEP][PASSED] - openBrowser(UrlDigiturno): Browser is opened with url: 'https://PCPruebas101.ciel.cielingenieria.com:8910'

2024-04-02 15:32:51 - [MESSAGE][INFO] - Starting 'Chrome' driver

2024-04-02 15:32:51 - [MESSAGE][INFO] - User set preference: ['args', '[--use-fake-ui-for-media-stream, --disable-notifications]']

2024-04-02 15:32:51 - [MESSAGE][INFO] - Action delay is set to 0 milliseconds

2024-04-02 15:32:54 - [MESSAGE][PASSED] - Browser is opened with url: 'https://PCPruebas101.ciel.cielingenieria.com:8910'

2024-04-02 15:32:54 - [TEST_STEP][PASSED] - maximizeWindow(): Current window maximized

2024-04-02 15:32:54 - [MESSAGE][PASSED] - Current window maximized

2024-04-02 15:32:54 - [TEST_STEP][PASSED] - delay(3): Delayed 3 second(s)

2024-04-02 15:32:57 - [MESSAGE][PASSED] - Delayed 3 second(s)

2024-04-02 15:32:57 - [TEST_STEP][PASSED] - setText(findTestObject("0Inicio Sesion/input_Usuario"), "Ciel"): Text 'Ciel' is set on object 'Object Repository/0Inicio Sesion/input_Usuario'

2024-04-02 15:32:58 - [MESSAGE][PASSED] - Text 'Ciel' is set on object 'Object Repository/0Inicio Sesion/input_Usuario'

2024-04-02 15:32:58 - [TEST_STEP][PASSED] - setText(findTestObject("0Inicio Sesion/input_Clave"), "digiturno"): Text 'digiturno' is set on object 'Object Repository/0Inicio Sesion/input_Clave'

2024-04-02 15:32:59 - [MESSAGE][PASSED] - Text 'digiturno' is set on object 'Object Repository/0Inicio Sesion/input_Clave'

2024-04-02 15:32:59 - [TEST_STEP][PASSED] - click(findTestObject("0Inicio Sesion/btn_IniciarSesion")): Object: 'Object Repository/0Inicio Sesion/btn_IniciarSesion' is clicked on

2024-04-02 15:32:59 - [MESSAGE][PASSED] - Object: 'Object Repository/0Inicio Sesion/btn_IniciarSesion' is clicked on

2024-04-02 15:32:59 - [TEST_STEP][PASSED] - delay(3): Delayed 3 second(s)

2024-04-02 15:33:02 - [MESSAGE][PASSED] - Delayed 3 second(s)

2024-04-02 15:33:02 - [MESSAGE][PASSED] - Call Test Case 'Test Cases/0InicioSesion' successfully

2024-04-02 15:33:02 - [TEST_STEP][PASSED] - click(findTestObject("WIZARD/0Principal/img_InfraestructuraMAX")): Object: 'Object Repository/WIZARD/0Principal/img_InfraestructuraMAX' is clicked on

2024-04-02 15:33:03 - [MESSAGE][PASSED] - Object: 'Object Repository/WIZARD/0Principal/img_InfraestructuraMAX' is clicked on

2024-04-02 15:33:03 - [TEST_STEP][PASSED] - delay(3): Delayed 3 second(s)

2024-04-02 15:33:06 - [MESSAGE][PASSED] - Delayed 3 second(s)

2024-04-02 15:33:06 - [TEST_STEP][PASSED] - click(findTestObject("WIZARD/3Infraestructura/0Menu/span_Tableros")): Object: 'Object Repository/WIZARD/3Infraestructura/0Menu/span_Tableros' is clicked on

2024-04-02 15:33:07 - [MESSAGE][PASSED] - Object: 'Object Repository/WIZARD/3Infraestructura/0Menu/span_Tableros' is clicked on

2024-04-02 15:33:07 - [TEST_STEP][PASSED] - delay(3): Delayed 3 second(s)

2024-04-02 15:33:10 - [MESSAGE][PASSED] - Delayed 3 second(s)

2024-04-02 15:33:10 - [TEST_STEP][PASSED] - click(findTestObject("WIZARD/3Infraestructura/6Tableros/0OficinaModal/td_Bogota - CIEL")): Object: 'Object Repository/WIZARD/3Infraestructura/6Tableros/0OficinaModal/td_Bogota - CIEL' is clicked on

2024-04-02 15:33:10 - [MESSAGE][PASSED] - Object: 'Object Repository/WIZARD/3Infraestructura/6Tableros/0OficinaModal/td_Bogota - CIEL' is clicked on

2024-04-02 15:33:10 - [TEST_STEP][PASSED] - delay(3): Delayed 3 second(s)

2024-04-02 15:33:13 - [MESSAGE][PASSED] - Delayed 3 second(s)

2024-04-02 15:33:13 - [TEST_STEP][PASSED] - click(findTestObject("WIZARD/3Infraestructura/6Tableros/Lista de Tableros/td_Tablero - 1")): Object: 'Object Repository/WIZARD/3Infraestructura/6Tableros/Lista de Tableros/td_Tablero - 1' is clicked on

2024-04-02 15:33:14 - [MESSAGE][PASSED] - Object: 'Object Repository/WIZARD/3Infraestructura/6Tableros/Lista de Tableros/td_Tablero - 1' is clicked on

2024-04-02 15:33:14 - [TEST_STEP][PASSED] - delay(3): Delayed 3 second(s)

2024-04-02 15:33:17 - [MESSAGE][PASSED] - Delayed 3 second(s)

2024-04-02 15:33:17 - [TEST_STEP][PASSED] - scrollToElement(findTestObject("WIZARD/3Infraestructura/6Tableros/Configuracion/Edicion/Elementos del nivel/img_Relacionar"), 2): Scroll to object 'Object Repository/WIZARD/3Infraestructura/6Tableros/Configuracion/Edicion/Elementos del nivel/img_Relacionar' successfully

2024-04-02 15:33:17 - [MESSAGE][PASSED] - Scroll to object 'Object Repository/WIZARD/3Infraestructura/6Tableros/Configuracion/Edicion/Elementos del nivel/img_Relacionar' successfully

2024-04-02 15:33:17 - [TEST_STEP][PASSED] - executeJavaScript("return document.getElementById('ContentPlaceHolder1_TabContainer1_tpEdicion_salasEntes_TablaHerramientas1_aSeleccionarTodo').click()", []): Execute JavaScript 'return document.getElementById('ContentPlaceHolder1_TabContainer1_tpEdicion_salasEntes_TablaHerramientas1_aSeleccionarTodo').click()' successfully

2024-04-02 15:33:17 - [MESSAGE][PASSED] - Execute JavaScript 'return document.getElementById('ContentPlaceHolder1_TabContainer1_tpEdicion_salasEntes_TablaHerramientas1_aSeleccionarTodo').click()' successfully

2024-04-02 15:33:17 - [TEST_STEP][PASSED] - click(findTestObject("WIZARD/3Infraestructura/6Tableros/Configuracion/Edicion/Elementos del nivel/img_Relacionar")): Object: 'Object Repository/WIZARD/3Infraestructura/6Tableros/Configuracion/Edicion/Elementos del nivel/img_Relacionar' is clicked on

2024-04-02 15:33:18 - [MESSAGE][PASSED] - Object: 'Object Repository/WIZARD/3Infraestructura/6Tableros/Configuracion/Edicion/Elementos del nivel/img_Relacionar' is clicked on

2024-04-02 15:33:18 - [TEST_STEP][PASSED] - delay(3): Delayed 3 second(s)

2024-04-02 15:33:21 - [MESSAGE][PASSED] - Delayed 3 second(s)

2024-04-02 15:33:21 - [TEST_STEP][PASSED] - click(findTestObject("WIZARD/3Infraestructura/0Menu/span_Tableros")): Object: 'Object Repository/WIZARD/3Infraestructura/0Menu/span_Tableros' is clicked on

2024-04-02 15:33:21 - [MESSAGE][PASSED] - Object: 'Object Repository/WIZARD/3Infraestructura/0Menu/span_Tableros' is clicked on

2024-04-02 15:33:21 - [TEST_STEP][PASSED] - delay(3): Delayed 3 second(s)

2024-04-02 15:33:24 - [MESSAGE][PASSED] - Delayed 3 second(s)

2024-04-02 15:33:24 - [TEST_STEP][PASSED] - click(findTestObject("WIZARD/3Infraestructura/6Tableros/0OficinaModal/td_Cali - Chipichape")): Object: 'Object Repository/WIZARD/3Infraestructura/6Tableros/0OficinaModal/td_Cali - Chipichape' is clicked on

2024-04-02 15:33:25 - [MESSAGE][PASSED] - Object: 'Object Repository/WIZARD/3Infraestructura/6Tableros/0OficinaModal/td_Cali - Chipichape' is clicked on

2024-04-02 15:33:25 - [TEST_STEP][PASSED] - delay(3): Delayed 3 second(s)

2024-04-02 15:33:28 - [MESSAGE][PASSED] - Delayed 3 second(s)

2024-04-02 15:33:28 - [TEST_STEP][PASSED] - click(findTestObject("WIZARD/3Infraestructura/6Tableros/Lista de Tableros/td_Tablero - 1")): Object: 'Object Repository/WIZARD/3Infraestructura/6Tableros/Lista de Tableros/td_Tablero - 1' is clicked on

2024-04-02 15:33:28 - [MESSAGE][PASSED] - Object: 'Object Repository/WIZARD/3Infraestructura/6Tableros/Lista de Tableros/td_Tablero - 1' is clicked on

2024-04-02 15:33:28 - [TEST_STEP][PASSED] - delay(3): Delayed 3 second(s)

2024-04-02 15:33:31 - [MESSAGE][PASSED] - Delayed 3 second(s)

2024-04-02 15:33:31 - [TEST_STEP][PASSED] - scrollToElement(findTestObject("WIZARD/3Infraestructura/6Tableros/Configuracion/Edicion/Elementos del nivel/img_Relacionar"), 2): Scroll to object 'Object Repository/WIZARD/3Infraestructura/6Tableros/Configuracion/Edicion/Elementos del nivel/img_Relacionar' successfully

2024-04-02 15:33:32 - [MESSAGE][PASSED] - Scroll to object 'Object Repository/WIZARD/3Infraestructura/6Tableros/Configuracion/Edicion/Elementos del nivel/img_Relacionar' successfully

2024-04-02 15:33:32 - [TEST_STEP][PASSED] - executeJavaScript("return document.getElementById('ContentPlaceHolder1_TabContainer1_tpEdicion_salasEntes_TablaHerramientas1_aSeleccionarTodo').click()", []): Execute JavaScript 'return document.getElementById('ContentPlaceHolder1_TabContainer1_tpEdicion_salasEntes_TablaHerramientas1_aSeleccionarTodo').click()' successfully

2024-04-02 15:33:32 - [MESSAGE][PASSED] - Execute JavaScript 'return document.getElementById('ContentPlaceHolder1_TabContainer1_tpEdicion_salasEntes_TablaHerramientas1_aSeleccionarTodo').click()' successfully

2024-04-02 15:33:32 - [TEST_STEP][PASSED] - click(findTestObject("WIZARD/3Infraestructura/6Tableros/Configuracion/Edicion/Elementos del nivel/img_Relacionar")): Object: 'Object Repository/WIZARD/3Infraestructura/6Tableros/Configuracion/Edicion/Elementos del nivel/img_Relacionar' is clicked on

2024-04-02 15:33:32 - [MESSAGE][PASSED] - Object: 'Object Repository/WIZARD/3Infraestructura/6Tableros/Configuracion/Edicion/Elementos del nivel/img_Relacionar' is clicked on

2024-04-02 15:33:32 - [TEST_STEP][PASSED] - delay(3): Delayed 3 second(s)

2024-04-02 15:33:35 - [MESSAGE][PASSED] - Delayed 3 second(s)

2024-04-02 15:33:35 - [TEST_STEP][PASSED] - click(findTestObject("WIZARD/3Infraestructura/0Menu/span_Tableros")): Object: 'Object Repository/WIZARD/3Infraestructura/0Menu/span_Tableros' is clicked on

2024-04-02 15:33:36 - [MESSAGE][PASSED] - Object: 'Object Repository/WIZARD/3Infraestructura/0Menu/span_Tableros' is clicked on

2024-04-02 15:33:36 - [TEST_STEP][PASSED] - delay(3): Delayed 3 second(s)

2024-04-02 15:33:39 - [MESSAGE][PASSED] - Delayed 3 second(s)

2024-04-02 15:33:39 - [TEST_STEP][PASSED] - click(findTestObject("WIZARD/3Infraestructura/6Tableros/0OficinaModal/td_Cartagena - Bocagrande")): Object: 'Object Repository/WIZARD/3Infraestructura/6Tableros/0OficinaModal/td_Cartagena - Bocagrande' is clicked on

2024-04-02 15:33:39 - [MESSAGE][PASSED] - Object: 'Object Repository/WIZARD/3Infraestructura/6Tableros/0OficinaModal/td_Cartagena - Bocagrande' is clicked on

2024-04-02 15:33:39 - [TEST_STEP][PASSED] - delay(3): Delayed 3 second(s)

2024-04-02 15:33:42 - [MESSAGE][PASSED] - Delayed 3 second(s)

2024-04-02 15:33:42 - [TEST_STEP][PASSED] - click(findTestObject("WIZARD/3Infraestructura/6Tableros/Lista de Tableros/td_Tablero - 1")): Object: 'Object Repository/WIZARD/3Infraestructura/6Tableros/Lista de Tableros/td_Tablero - 1' is clicked on

2024-04-02 15:33:43 - [MESSAGE][PASSED] - Object: 'Object Repository/WIZARD/3Infraestructura/6Tableros/Lista de Tableros/td_Tablero - 1' is clicked on

2024-04-02 15:33:43 - [TEST_STEP][PASSED] - delay(3): Delayed 3 second(s)

2024-04-02 15:33:46 - [MESSAGE][PASSED] - Delayed 3 second(s)

2024-04-02 15:33:46 - [TEST_STEP][PASSED] - scrollToElement(findTestObject("WIZARD/3Infraestructura/6Tableros/Configuracion/Edicion/Elementos del nivel/img_Relacionar"), 2): Scroll to object 'Object Repository/WIZARD/3Infraestructura/6Tableros/Configuracion/Edicion/Elementos del nivel/img_Relacionar' successfully

2024-04-02 15:33:46 - [MESSAGE][PASSED] - Scroll to object 'Object Repository/WIZARD/3Infraestructura/6Tableros/Configuracion/Edicion/Elementos del nivel/img_Relacionar' successfully

2024-04-02 15:33:46 - [TEST_STEP][PASSED] - executeJavaScript("return document.getElementById('ContentPlaceHolder1_TabContainer1_tpEdicion_salasEntes_TablaHerramientas1_aSeleccionarTodo').click()", []): Execute JavaScript 'return document.getElementById('ContentPlaceHolder1_TabContainer1_tpEdicion_salasEntes_TablaHerramientas1_aSeleccionarTodo').click()' successfully

2024-04-02 15:33:46 - [MESSAGE][PASSED] - Execute JavaScript 'return document.getElementById('ContentPlaceHolder1_TabContainer1_tpEdicion_salasEntes_TablaHerramientas1_aSeleccionarTodo').click()' successfully

2024-04-02 15:33:46 - [TEST_STEP][PASSED] - click(findTestObject("WIZARD/3Infraestructura/6Tableros/Configuracion/Edicion/Elementos del nivel/img_Relacionar")): Object: 'Object Repository/WIZARD/3Infraestructura/6Tableros/Configuracion/Edicion/Elementos del nivel/img_Relacionar' is clicked on

2024-04-02 15:33:47 - [MESSAGE][PASSED] - Object: 'Object Repository/WIZARD/3Infraestructura/6Tableros/Configuracion/Edicion/Elementos del nivel/img_Relacionar' is clicked on

2024-04-02 15:33:47 - [TEST_STEP][PASSED] - delay(3): Delayed 3 second(s)

2024-04-02 15:33:50 - [MESSAGE][PASSED] - Delayed 3 second(s)

2024-04-02 15:33:50 - [TEST_STEP][PASSED] - click(findTestObject("WIZARD/3Infraestructura/0Menu/span_Tableros")): Object: 'Object Repository/WIZARD/3Infraestructura/0Menu/span_Tableros' is clicked on

2024-04-02 15:33:50 - [MESSAGE][PASSED] - Object: 'Object Repository/WIZARD/3Infraestructura/0Menu/span_Tableros' is clicked on

2024-04-02 15:33:50 - [TEST_STEP][PASSED] - delay(3): Delayed 3 second(s)

2024-04-02 15:33:53 - [MESSAGE][PASSED] - Delayed 3 second(s)

2024-04-02 15:33:53 - [TEST_STEP][PASSED] - click(findTestObject("WIZARD/3Infraestructura/6Tableros/0OficinaModal/td_Manizales - Manizales")): Object: 'Object Repository/WIZARD/3Infraestructura/6Tableros/0OficinaModal/td_Manizales - Manizales' is clicked on

2024-04-02 15:33:54 - [MESSAGE][PASSED] - Object: 'Object Repository/WIZARD/3Infraestructura/6Tableros/0OficinaModal/td_Manizales - Manizales' is clicked on

2024-04-02 15:33:54 - [TEST_STEP][PASSED] - delay(3): Delayed 3 second(s)

2024-04-02 15:33:57 - [MESSAGE][PASSED] - Delayed 3 second(s)

2024-04-02 15:33:57 - [TEST_STEP][PASSED] - click(findTestObject("WIZARD/3Infraestructura/6Tableros/Lista de Tableros/td_Tablero - 1")): Object: 'Object Repository/WIZARD/3Infraestructura/6Tableros/Lista de Tableros/td_Tablero - 1' is clicked on

2024-04-02 15:33:57 - [MESSAGE][PASSED] - Object: 'Object Repository/WIZARD/3Infraestructura/6Tableros/Lista de Tableros/td_Tablero - 1' is clicked on

2024-04-02 15:33:57 - [TEST_STEP][PASSED] - delay(3): Delayed 3 second(s)

2024-04-02 15:34:00 - [MESSAGE][PASSED] - Delayed 3 second(s)

2024-04-02 15:34:00 - [TEST_STEP][PASSED] - scrollToElement(findTestObject("WIZARD/3Infraestructura/6Tableros/Configuracion/Edicion/Elementos del nivel/img_Relacionar"), 2): Scroll to object 'Object Repository/WIZARD/3Infraestructura/6Tableros/Configuracion/Edicion/Elementos del nivel/img_Relacionar' successfully

2024-04-02 15:34:01 - [MESSAGE][PASSED] - Scroll to object 'Object Repository/WIZARD/3Infraestructura/6Tableros/Configuracion/Edicion/Elementos del nivel/img_Relacionar' successfully

2024-04-02 15:34:01 - [TEST_STEP][PASSED] - executeJavaScript("return document.getElementById('ContentPlaceHolder1_TabContainer1_tpEdicion_salasEntes_TablaHerramientas1_aSeleccionarTodo').click()", []): Execute JavaScript 'return document.getElementById('ContentPlaceHolder1_TabContainer1_tpEdicion_salasEntes_TablaHerramientas1_aSeleccionarTodo').click()' successfully

2024-04-02 15:34:01 - [MESSAGE][PASSED] - Execute JavaScript 'return document.getElementById('ContentPlaceHolder1_TabContainer1_tpEdicion_salasEntes_TablaHerramientas1_aSeleccionarTodo').click()' successfully

2024-04-02 15:34:01 - [TEST_STEP][PASSED] - click(findTestObject("WIZARD/3Infraestructura/6Tableros/Configuracion/Edicion/Elementos del nivel/img_Relacionar")): Object: 'Object Repository/WIZARD/3Infraestructura/6Tableros/Configuracion/Edicion/Elementos del nivel/img_Relacionar' is clicked on

2024-04-02 15:34:01 - [MESSAGE][PASSED] - Object: 'Object Repository/WIZARD/3Infraestructura/6Tableros/Configuracion/Edicion/Elementos del nivel/img_Relacionar' is clicked on

2024-04-02 15:34:01 - [TEST_STEP][PASSED] - delay(3): Delayed 3 second(s)

2024-04-02 15:34:04 - [MESSAGE][PASSED] - Delayed 3 second(s)

2024-04-02 15:34:04 - [TEST_STEP][PASSED] - click(findTestObject("WIZARD/3Infraestructura/0Menu/span_Tableros")): Object: 'Object Repository/WIZARD/3Infraestructura/0Menu/span_Tableros' is clicked on

2024-04-02 15:34:05 - [MESSAGE][PASSED] - Object: 'Object Repository/WIZARD/3Infraestructura/0Menu/span_Tableros' is clicked on

2024-04-02 15:34:05 - [TEST_STEP][PASSED] - delay(3): Delayed 3 second(s)

2024-04-02 15:34:08 - [MESSAGE][PASSED] - Delayed 3 second(s)

2024-04-02 15:34:08 - [TEST_STEP][PASSED] - click(findTestObject("WIZARD/3Infraestructura/6Tableros/0OficinaModal/td_Medellin - Laureles")): Object: 'Object Repository/WIZARD/3Infraestructura/6Tableros/0OficinaModal/td_Medellin - Laureles' is clicked on

2024-04-02 15:34:08 - [MESSAGE][PASSED] - Object: 'Object Repository/WIZARD/3Infraestructura/6Tableros/0OficinaModal/td_Medellin - Laureles' is clicked on

2024-04-02 15:34:08 - [TEST_STEP][PASSED] - delay(3): Delayed 3 second(s)

2024-04-02 15:34:11 - [MESSAGE][PASSED] - Delayed 3 second(s)

2024-04-02 15:34:11 - [TEST_STEP][PASSED] - click(findTestObject("WIZARD/3Infraestructura/6Tableros/Lista de Tableros/td_Tablero - 1")): Object: 'Object Repository/WIZARD/3Infraestructura/6Tableros/Lista de Tableros/td_Tablero - 1' is clicked on

2024-04-02 15:34:12 - [MESSAGE][PASSED] - Object: 'Object Repository/WIZARD/3Infraestructura/6Tableros/Lista de Tableros/td_Tablero - 1' is clicked on

2024-04-02 15:34:12 - [TEST_STEP][PASSED] - delay(3): Delayed 3 second(s)

2024-04-02 15:34:15 - [MESSAGE][PASSED] - Delayed 3 second(s)

2024-04-02 15:34:15 - [TEST_STEP][PASSED] - scrollToElement(findTestObject("WIZARD/3Infraestructura/6Tableros/Configuracion/Edicion/Elementos del nivel/img_Relacionar"), 2): Scroll to object 'Object Repository/WIZARD/3Infraestructura/6Tableros/Configuracion/Edicion/Elementos del nivel/img_Relacionar' successfully

2024-04-02 15:34:15 - [MESSAGE][PASSED] - Scroll to object 'Object Repository/WIZARD/3Infraestructura/6Tableros/Configuracion/Edicion/Elementos del nivel/img_Relacionar' successfully

2024-04-02 15:34:15 - [TEST_STEP][PASSED] - executeJavaScript("return document.getElementById('ContentPlaceHolder1_TabContainer1_tpEdicion_salasEntes_TablaHerramientas1_aSeleccionarTodo').click()", []): Execute JavaScript 'return document.getElementById('ContentPlaceHolder1_TabContainer1_tpEdicion_salasEntes_TablaHerramientas1_aSeleccionarTodo').click()' successfully

2024-04-02 15:34:15 - [MESSAGE][PASSED] - Execute JavaScript 'return document.getElementById('ContentPlaceHolder1_TabContainer1_tpEdicion_salasEntes_TablaHerramientas1_aSeleccionarTodo').click()' successfully

2024-04-02 15:34:15 - [TEST_STEP][PASSED] - click(findTestObject("WIZARD/3Infraestructura/6Tableros/Configuracion/Edicion/Elementos del nivel/img_Relacionar")): Object: 'Object Repository/WIZARD/3Infraestructura/6Tableros/Configuracion/Edicion/Elementos del nivel/img_Relacionar' is clicked on

2024-04-02 15:34:16 - [MESSAGE][PASSED] - Object: 'Object Repository/WIZARD/3Infraestructura/6Tableros/Configuracion/Edicion/Elementos del nivel/img_Relacionar' is clicked on

2024-04-02 15:34:16 - [TEST_STEP][PASSED] - delay(3): Delayed 3 second(s)

2024-04-02 15:34:19 - [MESSAGE][PASSED] - Delayed 3 second(s)

2024-04-02 15:34:19 - [TEST_STEP][PASSED] - click(findTestObject("WIZARD/3Infraestructura/0Menu/span_Tableros")): Object: 'Object Repository/WIZARD/3Infraestructura/0Menu/span_Tableros' is clicked on

2024-04-02 15:34:19 - [MESSAGE][PASSED] - Object: 'Object Repository/WIZARD/3Infraestructura/0Menu/span_Tableros' is clicked on

2024-04-02 15:34:19 - [TEST_STEP][PASSED] - delay(3): Delayed 3 second(s)

2024-04-02 15:34:22 - [MESSAGE][PASSED] - Delayed 3 second(s)

2024-04-02 15:34:22 - [TEST_STEP][PASSED] - click(findTestObject("WIZARD/3Infraestructura/6Tableros/0OficinaModal/td_Virtual - Oficina Virtual")): Object: 'Object Repository/WIZARD/3Infraestructura/6Tableros/0OficinaModal/td_Virtual - Oficina Virtual' is clicked on

2024-04-02 15:34:23 - [MESSAGE][PASSED] - Object: 'Object Repository/WIZARD/3Infraestructura/6Tableros/0OficinaModal/td_Virtual - Oficina Virtual' is clicked on

2024-04-02 15:34:23 - [TEST_STEP][PASSED] - delay(3): Delayed 3 second(s)

2024-04-02 15:34:26 - [MESSAGE][PASSED] - Delayed 3 second(s)

2024-04-02 15:34:26 - [TEST_STEP][PASSED] - click(findTestObject("WIZARD/3Infraestructura/6Tableros/Lista de Tableros/td_Tablero - 1")): Object: 'Object Repository/WIZARD/3Infraestructura/6Tableros/Lista de Tableros/td_Tablero - 1' is clicked on

2024-04-02 15:34:26 - [MESSAGE][PASSED] - Object: 'Object Repository/WIZARD/3Infraestructura/6Tableros/Lista de Tableros/td_Tablero - 1' is clicked on

2024-04-02 15:34:26 - [TEST_STEP][PASSED] - delay(3): Delayed 3 second(s)

2024-04-02 15:34:29 - [MESSAGE][PASSED] - Delayed 3 second(s)

2024-04-02 15:34:29 - [TEST_STEP][PASSED] - scrollToElement(findTestObject("WIZARD/3Infraestructura/6Tableros/Configuracion/Edicion/Elementos del nivel/img_Relacionar"), 2): Scroll to object 'Object Repository/WIZARD/3Infraestructura/6Tableros/Configuracion/Edicion/Elementos del nivel/img_Relacionar' successfully

2024-04-02 15:34:30 - [MESSAGE][PASSED] - Scroll to object 'Object Repository/WIZARD/3Infraestructura/6Tableros/Configuracion/Edicion/Elementos del nivel/img_Relacionar' successfully

2024-04-02 15:34:30 - [TEST_STEP][PASSED] - executeJavaScript("return document.getElementById('ContentPlaceHolder1_TabContainer1_tpEdicion_salasEntes_TablaHerramientas1_aSeleccionarTodo').click()", []): Execute JavaScript 'return document.getElementById('ContentPlaceHolder1_TabContainer1_tpEdicion_salasEntes_TablaHerramientas1_aSeleccionarTodo').click()' successfully

2024-04-02 15:34:30 - [MESSAGE][PASSED] - Execute JavaScript 'return document.getElementById('ContentPlaceHolder1_TabContainer1_tpEdicion_salasEntes_TablaHerramientas1_aSeleccionarTodo').click()' successfully

2024-04-02 15:34:30 - [TEST_STEP][PASSED] - click(findTestObject("WIZARD/3Infraestructura/6Tableros/Configuracion/Edicion/Elementos del nivel/img_Relacionar")): Object: 'Object Repository/WIZARD/3Infraestructura/6Tableros/Configuracion/Edicion/Elementos del nivel/img_Relacionar' is clicked on

2024-04-02 15:34:30 - [MESSAGE][PASSED] - Object: 'Object Repository/WIZARD/3Infraestructura/6Tableros/Configuracion/Edicion/Elementos del nivel/img_Relacionar' is clicked on

2024-04-02 15:34:30 - [TEST_STEP][PASSED] - delay(3): Delayed 3 second(s)

2024-04-02 15:34:33 - [MESSAGE][PASSED] - Delayed 3 second(s)

2024-04-02 15:34:33 - [TEST_STEP][PASSED] - click(findTestObject("WIZARD/3Infraestructura/0Menu/span_Tableros")): Object: 'Object Repository/WIZARD/3Infraestructura/0Menu/span_Tableros' is clicked on

2024-04-02 15:34:34 - [MESSAGE][PASSED] - Object: 'Object Repository/WIZARD/3Infraestructura/0Menu/span_Tableros' is clicked on

2024-04-02 15:34:34 - [TEST_STEP][PASSED] - delay(3): Delayed 3 second(s)

2024-04-02 15:34:37 - [MESSAGE][PASSED] - Delayed 3 second(s)

2024-04-02 15:34:37 - [TEST_STEP][PASSED] - click(findTestObject("WIZARD/3Infraestructura/6Tableros/0OficinaModal/td_WorkFlow - Oficina WorkFlow")): Object: 'Object Repository/WIZARD/3Infraestructura/6Tableros/0OficinaModal/td_WorkFlow - Oficina WorkFlow' is clicked on

2024-04-02 15:34:37 - [MESSAGE][PASSED] - Object: 'Object Repository/WIZARD/3Infraestructura/6Tableros/0OficinaModal/td_WorkFlow - Oficina WorkFlow' is clicked on

2024-04-02 15:34:37 - [TEST_STEP][PASSED] - delay(3): Delayed 3 second(s)

2024-04-02 15:34:40 - [MESSAGE][PASSED] - Delayed 3 second(s)

2024-04-02 15:34:40 - [TEST_STEP][PASSED] - click(findTestObject("WIZARD/3Infraestructura/6Tableros/Lista de Tableros/td_Tablero - 1")): Object: 'Object Repository/WIZARD/3Infraestructura/6Tableros/Lista de Tableros/td_Tablero - 1' is clicked on

2024-04-02 15:34:41 - [MESSAGE][PASSED] - Object: 'Object Repository/WIZARD/3Infraestructura/6Tableros/Lista de Tableros/td_Tablero - 1' is clicked on

2024-04-02 15:34:41 - [TEST_STEP][PASSED] - delay(3): Delayed 3 second(s)

2024-04-02 15:34:44 - [MESSAGE][PASSED] - Delayed 3 second(s)

2024-04-02 15:34:44 - [TEST_STEP][PASSED] - scrollToElement(findTestObject("WIZARD/3Infraestructura/6Tableros/Configuracion/Edicion/Elementos del nivel/img_Relacionar"), 2): Scroll to object 'Object Repository/WIZARD/3Infraestructura/6Tableros/Configuracion/Edicion/Elementos del nivel/img_Relacionar' successfully

2024-04-02 15:34:44 - [MESSAGE][PASSED] - Scroll to object 'Object Repository/WIZARD/3Infraestructura/6Tableros/Configuracion/Edicion/Elementos del nivel/img_Relacionar' successfully

2024-04-02 15:34:44 - [TEST_STEP][PASSED] - executeJavaScript("return document.getElementById('ContentPlaceHolder1_TabContainer1_tpEdicion_salasEntes_TablaHerramientas1_aSeleccionarTodo').click()", []): Execute JavaScript 'return document.getElementById('ContentPlaceHolder1_TabContainer1_tpEdicion_salasEntes_TablaHerramientas1_aSeleccionarTodo').click()' successfully

2024-04-02 15:34:44 - [MESSAGE][PASSED] - Execute JavaScript 'return document.getElementById('ContentPlaceHolder1_TabContainer1_tpEdicion_salasEntes_TablaHerramientas1_aSeleccionarTodo').click()' successfully

2024-04-02 15:34:44 - [TEST_STEP][PASSED] - click(findTestObject("WIZARD/3Infraestructura/6Tableros/Configuracion/Edicion/Elementos del nivel/img_Relacionar")): Object: 'Object Repository/WIZARD/3Infraestructura/6Tableros/Configuracion/Edicion/Elementos del nivel/img_Relacionar' is clicked on

2024-04-02 15:34:45 - [MESSAGE][PASSED] - Object: 'Object Repository/WIZARD/3Infraestructura/6Tableros/Configuracion/Edicion/Elementos del nivel/img_Relacionar' is clicked on

2024-04-02 15:34:45 - [TEST_STEP][PASSED] - delay(3): Delayed 3 second(s)

2024-04-02 15:34:48 - [MESSAGE][PASSED] - Delayed 3 second(s)

2024-04-02 15:34:48 - [TEST_STEP][PASSED] - takeFullPageScreenshot(): Taking screenshot successfully

2024-04-02 15:34:48 - [MESSAGE][INFO] - 0 hidden object(s)

2024-04-02 15:34:49 - [MESSAGE][PASSED] - Taking screenshot successfully
[[ATTACHMENT|C:\\CIEL INGENIERIA\\Katalon\\Digiturno55\\Reports\\20240402_143907\\WIZARD\\3Infraestructura\\6Tableros\\5.6 Relacionar Tableros\\20240402_144024\\1712090088182.png]]

2024-04-02 15:34:49 - [TEST_STEP][PASSED] - delay(3): Delayed 3 second(s)

2024-04-02 15:34:52 - [MESSAGE][PASSED] - Delayed 3 second(s)

2024-04-02 15:34:52 - [TEST_STEP][PASSED] - Start listener action : sampleAfterTestCase: null]]></system-out>
         <system-err><![CDATA[]]></system-err>
      </testcase>
      <system-out><![CDATA[2024-04-02 15:32:50 - [TEST_SUITE][PASSED] - 5.6 Relacionar Tableros: Test Cases/WIZARD/3Infraestructura/6Tableros/5.6 Relacionar Tableros]]></system-out>
      <system-err><![CDATA[]]></system-err>
   </testsuite>
</testsuites>
