<?xml version="1.0" encoding="UTF-8"?>
<testsuites name="66 Motivos Crear Actualizar Eliminar" time="131.943" tests="3" failures="0" errors="0">
   <testsuite name="66 Motivos Crear Actualizar Eliminar" tests="3" failures="0" errors="0" time="131.943" skipped="0" timestamp="2023-08-14 15:02:24" hostname="jdavila - PCPruebas101.ciel.cielingenieria.com" id="Test Suites/DIGITURNO/BASICO/66 Motivos Crear Actualizar Eliminar">
      <properties>
         <property name="deviceName" value=""/>
         <property name="devicePlatform" value=""/>
         <property name="logFolder" value="C:\\CIEL INGENIERIA\\Katalon\\Digiturno55\\Reports\\20230814_141235\\DIGITURNO\\BASICO\\66 Motivos Crear Actualizar Eliminar\\20230814_141341"/>
         <property name="logFiles" value="C:\\CIEL INGENIERIA\\Katalon\\Digiturno55\\Reports\\20230814_141235\\DIGITURNO\\BASICO\\66 Motivos Crear Actualizar Eliminar\\20230814_141341\\execution0.log"/>
         <property name="attachments" value="C:\\CIEL INGENIERIA\\Katalon\\Digiturno55\\Reports\\20230814_141235\\DIGITURNO\\BASICO\\66 Motivos Crear Actualizar Eliminar\\20230814_141341\\1692043360008.png, C:\\CIEL INGENIERIA\\Katalon\\Digiturno55\\Reports\\20230814_141235\\DIGITURNO\\BASICO\\66 Motivos Crear Actualizar Eliminar\\20230814_141341\\1692043367303.png, C:\\CIEL INGENIERIA\\Katalon\\Digiturno55\\Reports\\20230814_141235\\DIGITURNO\\BASICO\\66 Motivos Crear Actualizar Eliminar\\20230814_141341\\1692043388553.png, C:\\CIEL INGENIERIA\\Katalon\\Digiturno55\\Reports\\20230814_141235\\DIGITURNO\\BASICO\\66 Motivos Crear Actualizar Eliminar\\20230814_141341\\1692043406842.png, C:\\CIEL INGENIERIA\\Katalon\\Digiturno55\\Reports\\20230814_141235\\DIGITURNO\\BASICO\\66 Motivos Crear Actualizar Eliminar\\20230814_141341\\1692043413970.png, C:\\CIEL INGENIERIA\\Katalon\\Digiturno55\\Reports\\20230814_141235\\DIGITURNO\\BASICO\\66 Motivos Crear Actualizar Eliminar\\20230814_141341\\1692043432644.png, C:\\CIEL INGENIERIA\\Katalon\\Digiturno55\\Reports\\20230814_141235\\DIGITURNO\\BASICO\\66 Motivos Crear Actualizar Eliminar\\20230814_141341\\1692043450711.png, C:\\CIEL INGENIERIA\\Katalon\\Digiturno55\\Reports\\20230814_141235\\DIGITURNO\\BASICO\\66 Motivos Crear Actualizar Eliminar\\20230814_141341\\1692043457850.png, C:\\CIEL INGENIERIA\\Katalon\\Digiturno55\\Reports\\20230814_141235\\DIGITURNO\\BASICO\\66 Motivos Crear Actualizar Eliminar\\20230814_141341\\1692043472468.png"/>
         <property name="hostName" value="jdavila - PCPruebas101.ciel.cielingenieria.com"/>
         <property name="os" value="Windows 10 64bit"/>
         <property name="katalonVersion" value="8.6.0.208"/>
         <property name="browser" value="Chrome 115.0.0.0"/>
         <property name="hostAddress" value="192.168.0.33"/>
         <property name="sessionId" value="cf95045e43ae804bf2d04020fb0c08c0"/>
         <property name="seleniumVersion" value="3.141.59"/>
         <property name="proxyInformation" value="ProxyInformation { proxyOption=NO_PROXY, proxyServerType=HTTP, username=, password=********, proxyServerAddress=, proxyServerPort=0, executionList=&quot;&quot;, isApplyToDesiredCapabilities=true }"/>
         <property name="platform" value="Windows 10"/>
      </properties>
      <testcase name="Test Cases/DIGITURNO/BASICO/66 Motivos Crear" time="48.063" classname="Test Cases/DIGITURNO/BASICO/66 Motivos Crear" status="PASSED">
         <system-out><![CDATA[2023-08-14 15:02:24 - [TEST_CASE][PASSED] - Test Cases/DIGITURNO/BASICO/66 Motivos Crear: Test Cases/DIGITURNO/BASICO/66 Motivos Crear

2023-08-14 15:02:24 - [TEST_STEP][PASSED] - callTestCase(findTestCase("DIGITURNO/BASICO/32 Elementos del Sistema"), [:], STOP_ON_FAILURE): Call Test Case 'Test Cases/DIGITURNO/BASICO/32 Elementos del Sistema' successfully

2023-08-14 15:02:24 - [TEST_CASE][PASSED] - Test Cases/DIGITURNO/BASICO/32 Elementos del Sistema: Test Cases/DIGITURNO/BASICO/32 Elementos del Sistema

2023-08-14 15:02:24 - [TEST_STEP][PASSED] - callTestCase(findTestCase("DIGITURNO/BASICO/3 Configuracion"), [:], STOP_ON_FAILURE): Call Test Case 'Test Cases/DIGITURNO/BASICO/3 Configuracion' successfully

2023-08-14 15:02:25 - [TEST_CASE][PASSED] - Test Cases/DIGITURNO/BASICO/3 Configuracion: Test Cases/DIGITURNO/BASICO/3 Configuracion

2023-08-14 15:02:25 - [TEST_STEP][PASSED] - callTestCase(findTestCase("0InicioSesion"), [:], STOP_ON_FAILURE): Call Test Case 'Test Cases/0InicioSesion' successfully

2023-08-14 15:02:25 - [TEST_CASE][PASSED] - Test Cases/0InicioSesion: Test Cases/0InicioSesion

2023-08-14 15:02:25 - [TEST_STEP][PASSED] - openBrowser(UrlDigiturno): Browser is opened with url: 'https://PCPruebas101.ciel.cielingenieria.com:8610'

2023-08-14 15:02:25 - [MESSAGE][INFO] - Starting 'Chrome' driver

2023-08-14 15:02:25 - [MESSAGE][INFO] - User set preference: ['args', '[--use-fake-ui-for-media-stream, --disable-notifications]']

2023-08-14 15:02:25 - [MESSAGE][INFO] - Action delay is set to 0 milliseconds

2023-08-14 15:02:28 - [MESSAGE][PASSED] - Browser is opened with url: 'https://PCPruebas101.ciel.cielingenieria.com:8610'

2023-08-14 15:02:28 - [TEST_STEP][PASSED] - maximizeWindow(): Current window maximized

2023-08-14 15:02:28 - [MESSAGE][PASSED] - Current window maximized

2023-08-14 15:02:28 - [TEST_STEP][PASSED] - delay(3): Delayed 3 second(s)

2023-08-14 15:02:31 - [MESSAGE][PASSED] - Delayed 3 second(s)

2023-08-14 15:02:31 - [TEST_STEP][PASSED] - setText(findTestObject("0Inicio Sesion/input_Usuario"), "Ciel"): Text 'Ciel' is set on object 'Object Repository/0Inicio Sesion/input_Usuario'

2023-08-14 15:02:32 - [MESSAGE][PASSED] - Text 'Ciel' is set on object 'Object Repository/0Inicio Sesion/input_Usuario'

2023-08-14 15:02:32 - [TEST_STEP][PASSED] - setText(findTestObject("0Inicio Sesion/input_Clave"), "digiturno"): Text 'digiturno' is set on object 'Object Repository/0Inicio Sesion/input_Clave'

2023-08-14 15:02:32 - [MESSAGE][PASSED] - Text 'digiturno' is set on object 'Object Repository/0Inicio Sesion/input_Clave'

2023-08-14 15:02:32 - [TEST_STEP][PASSED] - click(findTestObject("0Inicio Sesion/btn_IniciarSesion")): Object: 'Object Repository/0Inicio Sesion/btn_IniciarSesion' is clicked on

2023-08-14 15:02:33 - [MESSAGE][PASSED] - Object: 'Object Repository/0Inicio Sesion/btn_IniciarSesion' is clicked on

2023-08-14 15:02:33 - [TEST_STEP][PASSED] - delay(3): Delayed 3 second(s)

2023-08-14 15:02:36 - [MESSAGE][PASSED] - Delayed 3 second(s)

2023-08-14 15:02:36 - [MESSAGE][PASSED] - Call Test Case 'Test Cases/0InicioSesion' successfully

2023-08-14 15:02:36 - [TEST_STEP][PASSED] - click(findTestObject("DIGITURNO/1Principal/img_Configuracion(1)")): Object: 'Object Repository/DIGITURNO/1Principal/img_Configuracion(1)' is clicked on

2023-08-14 15:02:36 - [MESSAGE][PASSED] - Object: 'Object Repository/DIGITURNO/1Principal/img_Configuracion(1)' is clicked on

2023-08-14 15:02:36 - [TEST_STEP][PASSED] - delay(3): Delayed 3 second(s)

2023-08-14 15:02:39 - [MESSAGE][PASSED] - Delayed 3 second(s)

2023-08-14 15:02:39 - [TEST_STEP][PASSED] - takeFullPageScreenshot(): Taking screenshot successfully

2023-08-14 15:02:40 - [MESSAGE][INFO] - 0 hidden object(s)

2023-08-14 15:02:40 - [MESSAGE][PASSED] - Taking screenshot successfully
[[ATTACHMENT|C:\\CIEL INGENIERIA\\Katalon\\Digiturno55\\Reports\\20230814_141235\\DIGITURNO\\BASICO\\66 Motivos Crear Actualizar Eliminar\\20230814_141341\\1692043360008.png]]

2023-08-14 15:02:40 - [TEST_STEP][PASSED] - delay(3): Delayed 3 second(s)

2023-08-14 15:02:43 - [MESSAGE][PASSED] - Delayed 3 second(s)

2023-08-14 15:02:43 - [MESSAGE][PASSED] - Call Test Case 'Test Cases/DIGITURNO/BASICO/3 Configuracion' successfully

2023-08-14 15:02:43 - [TEST_STEP][PASSED] - click(findTestObject("DIGITURNO/CONFIGURACION/0Principal/img_6Elementos del sistema")): Object: 'Object Repository/DIGITURNO/CONFIGURACION/0Principal/img_6Elementos del sistema' is clicked on

2023-08-14 15:02:44 - [MESSAGE][PASSED] - Object: 'Object Repository/DIGITURNO/CONFIGURACION/0Principal/img_6Elementos del sistema' is clicked on

2023-08-14 15:02:44 - [TEST_STEP][PASSED] - delay(3): Delayed 3 second(s)

2023-08-14 15:02:47 - [MESSAGE][PASSED] - Delayed 3 second(s)

2023-08-14 15:02:47 - [TEST_STEP][PASSED] - takeFullPageScreenshot(): Taking screenshot successfully

2023-08-14 15:02:47 - [MESSAGE][INFO] - 0 hidden object(s)

2023-08-14 15:02:47 - [MESSAGE][PASSED] - Taking screenshot successfully
[[ATTACHMENT|C:\\CIEL INGENIERIA\\Katalon\\Digiturno55\\Reports\\20230814_141235\\DIGITURNO\\BASICO\\66 Motivos Crear Actualizar Eliminar\\20230814_141341\\1692043367303.png]]

2023-08-14 15:02:47 - [TEST_STEP][PASSED] - delay(3): Delayed 3 second(s)

2023-08-14 15:02:50 - [MESSAGE][PASSED] - Delayed 3 second(s)

2023-08-14 15:02:50 - [MESSAGE][PASSED] - Call Test Case 'Test Cases/DIGITURNO/BASICO/32 Elementos del Sistema' successfully

2023-08-14 15:02:50 - [TEST_STEP][PASSED] - click(findTestObject("DIGITURNO/CONFIGURACION/6Elementos del Sistema/0Principal/img_2Motivos")): Object: 'Object Repository/DIGITURNO/CONFIGURACION/6Elementos del Sistema/0Principal/img_2Motivos' is clicked on

2023-08-14 15:02:51 - [MESSAGE][PASSED] - Object: 'Object Repository/DIGITURNO/CONFIGURACION/6Elementos del Sistema/0Principal/img_2Motivos' is clicked on

2023-08-14 15:02:51 - [TEST_STEP][PASSED] - delay(3): Delayed 3 second(s)

2023-08-14 15:02:54 - [MESSAGE][PASSED] - Delayed 3 second(s)

2023-08-14 15:02:54 - [TEST_STEP][PASSED] - click(findTestObject("DIGITURNO/CONFIGURACION/6Elementos del Sistema/2 Motivos/Edicion/span_Motivos")): Object: 'Object Repository/DIGITURNO/CONFIGURACION/6Elementos del Sistema/2 Motivos/Edicion/span_Motivos' is clicked on

2023-08-14 15:02:55 - [MESSAGE][PASSED] - Object: 'Object Repository/DIGITURNO/CONFIGURACION/6Elementos del Sistema/2 Motivos/Edicion/span_Motivos' is clicked on

2023-08-14 15:02:55 - [TEST_STEP][PASSED] - delay(2): Delayed 2 second(s)

2023-08-14 15:02:57 - [MESSAGE][PASSED] - Delayed 2 second(s)

2023-08-14 15:02:57 - [TEST_STEP][PASSED] - setText(findTestObject("DIGITURNO/CONFIGURACION/6Elementos del Sistema/2 Motivos/Edicion/span_Motivos(1)/input_Nombre"), "Prueba"): Text 'Prueba' is set on object 'Object Repository/DIGITURNO/CONFIGURACION/6Elementos del Sistema/2 Motivos/Edicion/span_Motivos(1)/input_Nombre'

2023-08-14 15:02:58 - [MESSAGE][PASSED] - Text 'Prueba' is set on object 'Object Repository/DIGITURNO/CONFIGURACION/6Elementos del Sistema/2 Motivos/Edicion/span_Motivos(1)/input_Nombre'

2023-08-14 15:02:58 - [TEST_STEP][PASSED] - setText(findTestObject("DIGITURNO/CONFIGURACION/6Elementos del Sistema/2 Motivos/Edicion/span_Motivos(1)/textarea_Descripcion"), "Motivo Prueba"): Text 'Motivo Prueba' is set on object 'Object Repository/DIGITURNO/CONFIGURACION/6Elementos del Sistema/2 Motivos/Edicion/span_Motivos(1)/textarea_Descripcion'

2023-08-14 15:02:58 - [MESSAGE][PASSED] - Text 'Motivo Prueba' is set on object 'Object Repository/DIGITURNO/CONFIGURACION/6Elementos del Sistema/2 Motivos/Edicion/span_Motivos(1)/textarea_Descripcion'

2023-08-14 15:02:58 - [TEST_STEP][PASSED] - selectOptionByIndex(findTestObject("DIGITURNO/CONFIGURACION/6Elementos del Sistema/2 Motivos/Edicion/span_Motivos(1)/select_Tipo motivo"), 0): All options with index in [0] are selected on object 'Object Repository/DIGITURNO/CONFIGURACION/6Elementos del Sistema/2 Motivos/Edicion/span_Motivos(1)/select_Tipo motivo'

2023-08-14 15:02:59 - [MESSAGE][PASSED] - All options with index in [0] are selected on object 'Object Repository/DIGITURNO/CONFIGURACION/6Elementos del Sistema/2 Motivos/Edicion/span_Motivos(1)/select_Tipo motivo'

2023-08-14 15:02:59 - [TEST_STEP][PASSED] - delay(2): Delayed 2 second(s)

2023-08-14 15:03:01 - [MESSAGE][PASSED] - Delayed 2 second(s)

2023-08-14 15:03:01 - [TEST_STEP][PASSED] - selectOptionByIndex(findTestObject("DIGITURNO/CONFIGURACION/6Elementos del Sistema/2 Motivos/Edicion/span_Motivos(1)/select_Tipo Ocio"), 0): All options with index in [0] are selected on object 'Object Repository/DIGITURNO/CONFIGURACION/6Elementos del Sistema/2 Motivos/Edicion/span_Motivos(1)/select_Tipo Ocio'

2023-08-14 15:03:03 - [MESSAGE][PASSED] - All options with index in [0] are selected on object 'Object Repository/DIGITURNO/CONFIGURACION/6Elementos del Sistema/2 Motivos/Edicion/span_Motivos(1)/select_Tipo Ocio'

2023-08-14 15:03:03 - [TEST_STEP][PASSED] - delay(2): Delayed 2 second(s)

2023-08-14 15:03:05 - [MESSAGE][PASSED] - Delayed 2 second(s)

2023-08-14 15:03:05 - [TEST_STEP][PASSED] - click(findTestObject("DIGITURNO/CONFIGURACION/6Elementos del Sistema/2 Motivos/Edicion/span_Motivos(1)/img_Nuevo")): Object: 'Object Repository/DIGITURNO/CONFIGURACION/6Elementos del Sistema/2 Motivos/Edicion/span_Motivos(1)/img_Nuevo' is clicked on

2023-08-14 15:03:05 - [MESSAGE][PASSED] - Object: 'Object Repository/DIGITURNO/CONFIGURACION/6Elementos del Sistema/2 Motivos/Edicion/span_Motivos(1)/img_Nuevo' is clicked on

2023-08-14 15:03:05 - [TEST_STEP][PASSED] - delay(3): Delayed 3 second(s)

2023-08-14 15:03:08 - [MESSAGE][PASSED] - Delayed 3 second(s)

2023-08-14 15:03:08 - [TEST_STEP][PASSED] - takeFullPageScreenshot(): Taking screenshot successfully

2023-08-14 15:03:09 - [MESSAGE][INFO] - 0 hidden object(s)

2023-08-14 15:03:09 - [MESSAGE][PASSED] - Taking screenshot successfully
[[ATTACHMENT|C:\\CIEL INGENIERIA\\Katalon\\Digiturno55\\Reports\\20230814_141235\\DIGITURNO\\BASICO\\66 Motivos Crear Actualizar Eliminar\\20230814_141341\\1692043388553.png]]

2023-08-14 15:03:09 - [TEST_STEP][PASSED] - delay(3): Delayed 3 second(s)

2023-08-14 15:03:12 - [MESSAGE][PASSED] - Delayed 3 second(s)

2023-08-14 15:03:12 - [TEST_STEP][PASSED] - Start listener action : sampleAfterTestCase: null]]></system-out>
         <system-err><![CDATA[]]></system-err>
      </testcase>
      <testcase name="Test Cases/DIGITURNO/BASICO/66 Motivos Actualizar" time="43.842" classname="Test Cases/DIGITURNO/BASICO/66 Motivos Actualizar" status="PASSED">
         <system-out><![CDATA[2023-08-14 15:03:12 - [TEST_CASE][PASSED] - Test Cases/DIGITURNO/BASICO/66 Motivos Actualizar: Test Cases/DIGITURNO/BASICO/66 Motivos Actualizar

2023-08-14 15:03:12 - [TEST_STEP][PASSED] - callTestCase(findTestCase("DIGITURNO/BASICO/32 Elementos del Sistema"), [:], STOP_ON_FAILURE): Call Test Case 'Test Cases/DIGITURNO/BASICO/32 Elementos del Sistema' successfully

2023-08-14 15:03:12 - [TEST_CASE][PASSED] - Test Cases/DIGITURNO/BASICO/32 Elementos del Sistema: Test Cases/DIGITURNO/BASICO/32 Elementos del Sistema

2023-08-14 15:03:12 - [TEST_STEP][PASSED] - callTestCase(findTestCase("DIGITURNO/BASICO/3 Configuracion"), [:], STOP_ON_FAILURE): Call Test Case 'Test Cases/DIGITURNO/BASICO/3 Configuracion' successfully

2023-08-14 15:03:12 - [TEST_CASE][PASSED] - Test Cases/DIGITURNO/BASICO/3 Configuracion: Test Cases/DIGITURNO/BASICO/3 Configuracion

2023-08-14 15:03:12 - [TEST_STEP][PASSED] - callTestCase(findTestCase("0InicioSesion"), [:], STOP_ON_FAILURE): Call Test Case 'Test Cases/0InicioSesion' successfully

2023-08-14 15:03:12 - [TEST_CASE][PASSED] - Test Cases/0InicioSesion: Test Cases/0InicioSesion

2023-08-14 15:03:12 - [TEST_STEP][PASSED] - openBrowser(UrlDigiturno): Browser is opened with url: 'https://PCPruebas101.ciel.cielingenieria.com:8610'

2023-08-14 15:03:12 - [MESSAGE][WARNING] - A browser is already opened. Closing browser and opening a new one

2023-08-14 15:03:13 - [MESSAGE][INFO] - Starting 'Chrome' driver

2023-08-14 15:03:13 - [MESSAGE][INFO] - User set preference: ['args', '[--use-fake-ui-for-media-stream, --disable-notifications]']

2023-08-14 15:03:13 - [MESSAGE][INFO] - Action delay is set to 0 milliseconds

2023-08-14 15:03:15 - [MESSAGE][PASSED] - Browser is opened with url: 'https://PCPruebas101.ciel.cielingenieria.com:8610'

2023-08-14 15:03:15 - [TEST_STEP][PASSED] - maximizeWindow(): Current window maximized

2023-08-14 15:03:15 - [MESSAGE][PASSED] - Current window maximized

2023-08-14 15:03:15 - [TEST_STEP][PASSED] - delay(3): Delayed 3 second(s)

2023-08-14 15:03:18 - [MESSAGE][PASSED] - Delayed 3 second(s)

2023-08-14 15:03:18 - [TEST_STEP][PASSED] - setText(findTestObject("0Inicio Sesion/input_Usuario"), "Ciel"): Text 'Ciel' is set on object 'Object Repository/0Inicio Sesion/input_Usuario'

2023-08-14 15:03:19 - [MESSAGE][PASSED] - Text 'Ciel' is set on object 'Object Repository/0Inicio Sesion/input_Usuario'

2023-08-14 15:03:19 - [TEST_STEP][PASSED] - setText(findTestObject("0Inicio Sesion/input_Clave"), "digiturno"): Text 'digiturno' is set on object 'Object Repository/0Inicio Sesion/input_Clave'

2023-08-14 15:03:19 - [MESSAGE][PASSED] - Text 'digiturno' is set on object 'Object Repository/0Inicio Sesion/input_Clave'

2023-08-14 15:03:19 - [TEST_STEP][PASSED] - click(findTestObject("0Inicio Sesion/btn_IniciarSesion")): Object: 'Object Repository/0Inicio Sesion/btn_IniciarSesion' is clicked on

2023-08-14 15:03:20 - [MESSAGE][PASSED] - Object: 'Object Repository/0Inicio Sesion/btn_IniciarSesion' is clicked on

2023-08-14 15:03:20 - [TEST_STEP][PASSED] - delay(3): Delayed 3 second(s)

2023-08-14 15:03:23 - [MESSAGE][PASSED] - Delayed 3 second(s)

2023-08-14 15:03:23 - [MESSAGE][PASSED] - Call Test Case 'Test Cases/0InicioSesion' successfully

2023-08-14 15:03:23 - [TEST_STEP][PASSED] - click(findTestObject("DIGITURNO/1Principal/img_Configuracion(1)")): Object: 'Object Repository/DIGITURNO/1Principal/img_Configuracion(1)' is clicked on

2023-08-14 15:03:23 - [MESSAGE][PASSED] - Object: 'Object Repository/DIGITURNO/1Principal/img_Configuracion(1)' is clicked on

2023-08-14 15:03:23 - [TEST_STEP][PASSED] - delay(3): Delayed 3 second(s)

2023-08-14 15:03:26 - [MESSAGE][PASSED] - Delayed 3 second(s)

2023-08-14 15:03:26 - [TEST_STEP][PASSED] - takeFullPageScreenshot(): Taking screenshot successfully

2023-08-14 15:03:27 - [MESSAGE][INFO] - 0 hidden object(s)

2023-08-14 15:03:27 - [MESSAGE][PASSED] - Taking screenshot successfully
[[ATTACHMENT|C:\\CIEL INGENIERIA\\Katalon\\Digiturno55\\Reports\\20230814_141235\\DIGITURNO\\BASICO\\66 Motivos Crear Actualizar Eliminar\\20230814_141341\\1692043406842.png]]

2023-08-14 15:03:27 - [TEST_STEP][PASSED] - delay(3): Delayed 3 second(s)

2023-08-14 15:03:30 - [MESSAGE][PASSED] - Delayed 3 second(s)

2023-08-14 15:03:30 - [MESSAGE][PASSED] - Call Test Case 'Test Cases/DIGITURNO/BASICO/3 Configuracion' successfully

2023-08-14 15:03:30 - [TEST_STEP][PASSED] - click(findTestObject("DIGITURNO/CONFIGURACION/0Principal/img_6Elementos del sistema")): Object: 'Object Repository/DIGITURNO/CONFIGURACION/0Principal/img_6Elementos del sistema' is clicked on

2023-08-14 15:03:30 - [MESSAGE][PASSED] - Object: 'Object Repository/DIGITURNO/CONFIGURACION/0Principal/img_6Elementos del sistema' is clicked on

2023-08-14 15:03:30 - [TEST_STEP][PASSED] - delay(3): Delayed 3 second(s)

2023-08-14 15:03:33 - [MESSAGE][PASSED] - Delayed 3 second(s)

2023-08-14 15:03:33 - [TEST_STEP][PASSED] - takeFullPageScreenshot(): Taking screenshot successfully

2023-08-14 15:03:34 - [MESSAGE][INFO] - 0 hidden object(s)

2023-08-14 15:03:34 - [MESSAGE][PASSED] - Taking screenshot successfully
[[ATTACHMENT|C:\\CIEL INGENIERIA\\Katalon\\Digiturno55\\Reports\\20230814_141235\\DIGITURNO\\BASICO\\66 Motivos Crear Actualizar Eliminar\\20230814_141341\\1692043413970.png]]

2023-08-14 15:03:34 - [TEST_STEP][PASSED] - delay(3): Delayed 3 second(s)

2023-08-14 15:03:37 - [MESSAGE][PASSED] - Delayed 3 second(s)

2023-08-14 15:03:37 - [MESSAGE][PASSED] - Call Test Case 'Test Cases/DIGITURNO/BASICO/32 Elementos del Sistema' successfully

2023-08-14 15:03:37 - [TEST_STEP][PASSED] - click(findTestObject("DIGITURNO/CONFIGURACION/6Elementos del Sistema/0Principal/img_2Motivos")): Object: 'Object Repository/DIGITURNO/CONFIGURACION/6Elementos del Sistema/0Principal/img_2Motivos' is clicked on

2023-08-14 15:03:38 - [MESSAGE][PASSED] - Object: 'Object Repository/DIGITURNO/CONFIGURACION/6Elementos del Sistema/0Principal/img_2Motivos' is clicked on

2023-08-14 15:03:38 - [TEST_STEP][PASSED] - delay(3): Delayed 3 second(s)

2023-08-14 15:03:41 - [MESSAGE][PASSED] - Delayed 3 second(s)

2023-08-14 15:03:41 - [TEST_STEP][PASSED] - click(findTestObject("DIGITURNO/CONFIGURACION/6Elementos del Sistema/2 Motivos/Edicion/span_Motivos")): Object: 'Object Repository/DIGITURNO/CONFIGURACION/6Elementos del Sistema/2 Motivos/Edicion/span_Motivos' is clicked on

2023-08-14 15:03:41 - [MESSAGE][PASSED] - Object: 'Object Repository/DIGITURNO/CONFIGURACION/6Elementos del Sistema/2 Motivos/Edicion/span_Motivos' is clicked on

2023-08-14 15:03:41 - [TEST_STEP][PASSED] - delay(2): Delayed 2 second(s)

2023-08-14 15:03:43 - [MESSAGE][PASSED] - Delayed 2 second(s)

2023-08-14 15:03:43 - [TEST_STEP][PASSED] - setText(findTestObject("DIGITURNO/CONFIGURACION/6Elementos del Sistema/2 Motivos/Edicion/span_Motivos(1)/input_TextoABuscar"), "Prueba"): Text 'Prueba' is set on object 'Object Repository/DIGITURNO/CONFIGURACION/6Elementos del Sistema/2 Motivos/Edicion/span_Motivos(1)/input_TextoABuscar'

2023-08-14 15:03:44 - [MESSAGE][PASSED] - Text 'Prueba' is set on object 'Object Repository/DIGITURNO/CONFIGURACION/6Elementos del Sistema/2 Motivos/Edicion/span_Motivos(1)/input_TextoABuscar'

2023-08-14 15:03:44 - [TEST_STEP][PASSED] - click(findTestObject("DIGITURNO/CONFIGURACION/6Elementos del Sistema/2 Motivos/Edicion/span_Motivos(1)/td_1 Actividad Interna")): Object: 'Object Repository/DIGITURNO/CONFIGURACION/6Elementos del Sistema/2 Motivos/Edicion/span_Motivos(1)/td_1 Actividad Interna' is clicked on

2023-08-14 15:03:44 - [MESSAGE][PASSED] - Object: 'Object Repository/DIGITURNO/CONFIGURACION/6Elementos del Sistema/2 Motivos/Edicion/span_Motivos(1)/td_1 Actividad Interna' is clicked on

2023-08-14 15:03:44 - [TEST_STEP][PASSED] - selectOptionByIndex(findTestObject("DIGITURNO/CONFIGURACION/6Elementos del Sistema/2 Motivos/Edicion/span_Motivos(1)/select_Tipo motivo"), 2): All options with index in [2] are selected on object 'Object Repository/DIGITURNO/CONFIGURACION/6Elementos del Sistema/2 Motivos/Edicion/span_Motivos(1)/select_Tipo motivo'

2023-08-14 15:03:46 - [MESSAGE][PASSED] - All options with index in [2] are selected on object 'Object Repository/DIGITURNO/CONFIGURACION/6Elementos del Sistema/2 Motivos/Edicion/span_Motivos(1)/select_Tipo motivo'

2023-08-14 15:03:46 - [TEST_STEP][PASSED] - delay(2): Delayed 2 second(s)

2023-08-14 15:03:48 - [MESSAGE][PASSED] - Delayed 2 second(s)

2023-08-14 15:03:48 - [TEST_STEP][PASSED] - setText(findTestObject("DIGITURNO/CONFIGURACION/6Elementos del Sistema/2 Motivos/Edicion/span_Motivos(1)/textarea_Descripcion"), "Prueba Actualizado"): Text 'Prueba Actualizado' is set on object 'Object Repository/DIGITURNO/CONFIGURACION/6Elementos del Sistema/2 Motivos/Edicion/span_Motivos(1)/textarea_Descripcion'

2023-08-14 15:03:49 - [MESSAGE][PASSED] - Text 'Prueba Actualizado' is set on object 'Object Repository/DIGITURNO/CONFIGURACION/6Elementos del Sistema/2 Motivos/Edicion/span_Motivos(1)/textarea_Descripcion'

2023-08-14 15:03:49 - [TEST_STEP][PASSED] - click(findTestObject("DIGITURNO/CONFIGURACION/6Elementos del Sistema/2 Motivos/Edicion/span_Motivos(1)/img_Actualizar")): Object: 'Object Repository/DIGITURNO/CONFIGURACION/6Elementos del Sistema/2 Motivos/Edicion/span_Motivos(1)/img_Actualizar' is clicked on

2023-08-14 15:03:49 - [MESSAGE][PASSED] - Object: 'Object Repository/DIGITURNO/CONFIGURACION/6Elementos del Sistema/2 Motivos/Edicion/span_Motivos(1)/img_Actualizar' is clicked on

2023-08-14 15:03:49 - [TEST_STEP][PASSED] - delay(3): Delayed 3 second(s)

2023-08-14 15:03:52 - [MESSAGE][PASSED] - Delayed 3 second(s)

2023-08-14 15:03:52 - [TEST_STEP][PASSED] - takeFullPageScreenshot(): Taking screenshot successfully

2023-08-14 15:03:53 - [MESSAGE][INFO] - 0 hidden object(s)

2023-08-14 15:03:53 - [MESSAGE][PASSED] - Taking screenshot successfully
[[ATTACHMENT|C:\\CIEL INGENIERIA\\Katalon\\Digiturno55\\Reports\\20230814_141235\\DIGITURNO\\BASICO\\66 Motivos Crear Actualizar Eliminar\\20230814_141341\\1692043432644.png]]

2023-08-14 15:03:53 - [TEST_STEP][PASSED] - delay(3): Delayed 3 second(s)

2023-08-14 15:03:56 - [MESSAGE][PASSED] - Delayed 3 second(s)

2023-08-14 15:03:56 - [TEST_STEP][PASSED] - Start listener action : sampleAfterTestCase: null]]></system-out>
         <system-err><![CDATA[]]></system-err>
      </testcase>
      <testcase name="Test Cases/DIGITURNO/BASICO/66 Motivos Eliminar" time="39.785" classname="Test Cases/DIGITURNO/BASICO/66 Motivos Eliminar" status="PASSED">
         <system-out><![CDATA[2023-08-14 15:03:56 - [TEST_CASE][PASSED] - Test Cases/DIGITURNO/BASICO/66 Motivos Eliminar: Test Cases/DIGITURNO/BASICO/66 Motivos Eliminar

2023-08-14 15:03:56 - [TEST_STEP][PASSED] - callTestCase(findTestCase("DIGITURNO/BASICO/32 Elementos del Sistema"), [:], STOP_ON_FAILURE): Call Test Case 'Test Cases/DIGITURNO/BASICO/32 Elementos del Sistema' successfully

2023-08-14 15:03:56 - [TEST_CASE][PASSED] - Test Cases/DIGITURNO/BASICO/32 Elementos del Sistema: Test Cases/DIGITURNO/BASICO/32 Elementos del Sistema

2023-08-14 15:03:56 - [TEST_STEP][PASSED] - callTestCase(findTestCase("DIGITURNO/BASICO/3 Configuracion"), [:], STOP_ON_FAILURE): Call Test Case 'Test Cases/DIGITURNO/BASICO/3 Configuracion' successfully

2023-08-14 15:03:56 - [TEST_CASE][PASSED] - Test Cases/DIGITURNO/BASICO/3 Configuracion: Test Cases/DIGITURNO/BASICO/3 Configuracion

2023-08-14 15:03:56 - [TEST_STEP][PASSED] - callTestCase(findTestCase("0InicioSesion"), [:], STOP_ON_FAILURE): Call Test Case 'Test Cases/0InicioSesion' successfully

2023-08-14 15:03:56 - [TEST_CASE][PASSED] - Test Cases/0InicioSesion: Test Cases/0InicioSesion

2023-08-14 15:03:56 - [TEST_STEP][PASSED] - openBrowser(UrlDigiturno): Browser is opened with url: 'https://PCPruebas101.ciel.cielingenieria.com:8610'

2023-08-14 15:03:56 - [MESSAGE][WARNING] - A browser is already opened. Closing browser and opening a new one

2023-08-14 15:03:57 - [MESSAGE][INFO] - Starting 'Chrome' driver

2023-08-14 15:03:57 - [MESSAGE][INFO] - User set preference: ['args', '[--use-fake-ui-for-media-stream, --disable-notifications]']

2023-08-14 15:03:57 - [MESSAGE][INFO] - Action delay is set to 0 milliseconds

2023-08-14 15:03:58 - [MESSAGE][PASSED] - Browser is opened with url: 'https://PCPruebas101.ciel.cielingenieria.com:8610'

2023-08-14 15:03:58 - [TEST_STEP][PASSED] - maximizeWindow(): Current window maximized

2023-08-14 15:03:59 - [MESSAGE][PASSED] - Current window maximized

2023-08-14 15:03:59 - [TEST_STEP][PASSED] - delay(3): Delayed 3 second(s)

2023-08-14 15:04:02 - [MESSAGE][PASSED] - Delayed 3 second(s)

2023-08-14 15:04:02 - [TEST_STEP][PASSED] - setText(findTestObject("0Inicio Sesion/input_Usuario"), "Ciel"): Text 'Ciel' is set on object 'Object Repository/0Inicio Sesion/input_Usuario'

2023-08-14 15:04:02 - [MESSAGE][PASSED] - Text 'Ciel' is set on object 'Object Repository/0Inicio Sesion/input_Usuario'

2023-08-14 15:04:02 - [TEST_STEP][PASSED] - setText(findTestObject("0Inicio Sesion/input_Clave"), "digiturno"): Text 'digiturno' is set on object 'Object Repository/0Inicio Sesion/input_Clave'

2023-08-14 15:04:03 - [MESSAGE][PASSED] - Text 'digiturno' is set on object 'Object Repository/0Inicio Sesion/input_Clave'

2023-08-14 15:04:03 - [TEST_STEP][PASSED] - click(findTestObject("0Inicio Sesion/btn_IniciarSesion")): Object: 'Object Repository/0Inicio Sesion/btn_IniciarSesion' is clicked on

2023-08-14 15:04:04 - [MESSAGE][PASSED] - Object: 'Object Repository/0Inicio Sesion/btn_IniciarSesion' is clicked on

2023-08-14 15:04:04 - [TEST_STEP][PASSED] - delay(3): Delayed 3 second(s)

2023-08-14 15:04:07 - [MESSAGE][PASSED] - Delayed 3 second(s)

2023-08-14 15:04:07 - [MESSAGE][PASSED] - Call Test Case 'Test Cases/0InicioSesion' successfully

2023-08-14 15:04:07 - [TEST_STEP][PASSED] - click(findTestObject("DIGITURNO/1Principal/img_Configuracion(1)")): Object: 'Object Repository/DIGITURNO/1Principal/img_Configuracion(1)' is clicked on

2023-08-14 15:04:07 - [MESSAGE][PASSED] - Object: 'Object Repository/DIGITURNO/1Principal/img_Configuracion(1)' is clicked on

2023-08-14 15:04:07 - [TEST_STEP][PASSED] - delay(3): Delayed 3 second(s)

2023-08-14 15:04:10 - [MESSAGE][PASSED] - Delayed 3 second(s)

2023-08-14 15:04:10 - [TEST_STEP][PASSED] - takeFullPageScreenshot(): Taking screenshot successfully

2023-08-14 15:04:11 - [MESSAGE][INFO] - 0 hidden object(s)

2023-08-14 15:04:11 - [MESSAGE][PASSED] - Taking screenshot successfully
[[ATTACHMENT|C:\\CIEL INGENIERIA\\Katalon\\Digiturno55\\Reports\\20230814_141235\\DIGITURNO\\BASICO\\66 Motivos Crear Actualizar Eliminar\\20230814_141341\\1692043450711.png]]

2023-08-14 15:04:11 - [TEST_STEP][PASSED] - delay(3): Delayed 3 second(s)

2023-08-14 15:04:14 - [MESSAGE][PASSED] - Delayed 3 second(s)

2023-08-14 15:04:14 - [MESSAGE][PASSED] - Call Test Case 'Test Cases/DIGITURNO/BASICO/3 Configuracion' successfully

2023-08-14 15:04:14 - [TEST_STEP][PASSED] - click(findTestObject("DIGITURNO/CONFIGURACION/0Principal/img_6Elementos del sistema")): Object: 'Object Repository/DIGITURNO/CONFIGURACION/0Principal/img_6Elementos del sistema' is clicked on

2023-08-14 15:04:14 - [MESSAGE][PASSED] - Object: 'Object Repository/DIGITURNO/CONFIGURACION/0Principal/img_6Elementos del sistema' is clicked on

2023-08-14 15:04:14 - [TEST_STEP][PASSED] - delay(3): Delayed 3 second(s)

2023-08-14 15:04:17 - [MESSAGE][PASSED] - Delayed 3 second(s)

2023-08-14 15:04:17 - [TEST_STEP][PASSED] - takeFullPageScreenshot(): Taking screenshot successfully

2023-08-14 15:04:18 - [MESSAGE][INFO] - 0 hidden object(s)

2023-08-14 15:04:18 - [MESSAGE][PASSED] - Taking screenshot successfully
[[ATTACHMENT|C:\\CIEL INGENIERIA\\Katalon\\Digiturno55\\Reports\\20230814_141235\\DIGITURNO\\BASICO\\66 Motivos Crear Actualizar Eliminar\\20230814_141341\\1692043457850.png]]

2023-08-14 15:04:18 - [TEST_STEP][PASSED] - delay(3): Delayed 3 second(s)

2023-08-14 15:04:21 - [MESSAGE][PASSED] - Delayed 3 second(s)

2023-08-14 15:04:21 - [MESSAGE][PASSED] - Call Test Case 'Test Cases/DIGITURNO/BASICO/32 Elementos del Sistema' successfully

2023-08-14 15:04:21 - [TEST_STEP][PASSED] - click(findTestObject("DIGITURNO/CONFIGURACION/6Elementos del Sistema/0Principal/img_2Motivos")): Object: 'Object Repository/DIGITURNO/CONFIGURACION/6Elementos del Sistema/0Principal/img_2Motivos' is clicked on

2023-08-14 15:04:21 - [MESSAGE][PASSED] - Object: 'Object Repository/DIGITURNO/CONFIGURACION/6Elementos del Sistema/0Principal/img_2Motivos' is clicked on

2023-08-14 15:04:21 - [TEST_STEP][PASSED] - delay(3): Delayed 3 second(s)

2023-08-14 15:04:24 - [MESSAGE][PASSED] - Delayed 3 second(s)

2023-08-14 15:04:24 - [TEST_STEP][PASSED] - click(findTestObject("DIGITURNO/CONFIGURACION/6Elementos del Sistema/2 Motivos/Edicion/span_Motivos")): Object: 'Object Repository/DIGITURNO/CONFIGURACION/6Elementos del Sistema/2 Motivos/Edicion/span_Motivos' is clicked on

2023-08-14 15:04:25 - [MESSAGE][PASSED] - Object: 'Object Repository/DIGITURNO/CONFIGURACION/6Elementos del Sistema/2 Motivos/Edicion/span_Motivos' is clicked on

2023-08-14 15:04:25 - [TEST_STEP][PASSED] - delay(2): Delayed 2 second(s)

2023-08-14 15:04:27 - [MESSAGE][PASSED] - Delayed 2 second(s)

2023-08-14 15:04:27 - [TEST_STEP][PASSED] - setText(findTestObject("DIGITURNO/CONFIGURACION/6Elementos del Sistema/2 Motivos/Edicion/span_Motivos(1)/input_TextoABuscar"), "Prueba"): Text 'Prueba' is set on object 'Object Repository/DIGITURNO/CONFIGURACION/6Elementos del Sistema/2 Motivos/Edicion/span_Motivos(1)/input_TextoABuscar'

2023-08-14 15:04:28 - [MESSAGE][PASSED] - Text 'Prueba' is set on object 'Object Repository/DIGITURNO/CONFIGURACION/6Elementos del Sistema/2 Motivos/Edicion/span_Motivos(1)/input_TextoABuscar'

2023-08-14 15:04:28 - [TEST_STEP][PASSED] - click(findTestObject("DIGITURNO/CONFIGURACION/6Elementos del Sistema/2 Motivos/Edicion/span_Motivos(1)/td_1 Actividad Interna")): Object: 'Object Repository/DIGITURNO/CONFIGURACION/6Elementos del Sistema/2 Motivos/Edicion/span_Motivos(1)/td_1 Actividad Interna' is clicked on

2023-08-14 15:04:28 - [MESSAGE][PASSED] - Object: 'Object Repository/DIGITURNO/CONFIGURACION/6Elementos del Sistema/2 Motivos/Edicion/span_Motivos(1)/td_1 Actividad Interna' is clicked on

2023-08-14 15:04:28 - [TEST_STEP][PASSED] - click(findTestObject("DIGITURNO/CONFIGURACION/6Elementos del Sistema/2 Motivos/Edicion/span_Motivos(1)/img_Eliminar")): Object: 'Object Repository/DIGITURNO/CONFIGURACION/6Elementos del Sistema/2 Motivos/Edicion/span_Motivos(1)/img_Eliminar' is clicked on

2023-08-14 15:04:29 - [MESSAGE][PASSED] - Object: 'Object Repository/DIGITURNO/CONFIGURACION/6Elementos del Sistema/2 Motivos/Edicion/span_Motivos(1)/img_Eliminar' is clicked on

2023-08-14 15:04:29 - [TEST_STEP][PASSED] - click(findTestObject("DIGITURNO/CONFIGURACION/6Elementos del Sistema/2 Motivos/Edicion/span_Motivos(1)/img_Eliminar")): Object: 'Object Repository/DIGITURNO/CONFIGURACION/6Elementos del Sistema/2 Motivos/Edicion/span_Motivos(1)/img_Eliminar' is clicked on

2023-08-14 15:04:29 - [MESSAGE][PASSED] - Object: 'Object Repository/DIGITURNO/CONFIGURACION/6Elementos del Sistema/2 Motivos/Edicion/span_Motivos(1)/img_Eliminar' is clicked on

2023-08-14 15:04:29 - [TEST_STEP][PASSED] - acceptAlert(): Alert accepted

2023-08-14 15:04:29 - [MESSAGE][PASSED] - Alert accepted

2023-08-14 15:04:29 - [TEST_STEP][PASSED] - delay(3): Delayed 3 second(s)

2023-08-14 15:04:32 - [MESSAGE][PASSED] - Delayed 3 second(s)

2023-08-14 15:04:32 - [TEST_STEP][PASSED] - takeFullPageScreenshot(): Taking screenshot successfully

2023-08-14 15:04:32 - [MESSAGE][INFO] - 0 hidden object(s)

2023-08-14 15:04:32 - [MESSAGE][PASSED] - Taking screenshot successfully
[[ATTACHMENT|C:\\CIEL INGENIERIA\\Katalon\\Digiturno55\\Reports\\20230814_141235\\DIGITURNO\\BASICO\\66 Motivos Crear Actualizar Eliminar\\20230814_141341\\1692043472468.png]]

2023-08-14 15:04:32 - [TEST_STEP][PASSED] - delay(3): Delayed 3 second(s)

2023-08-14 15:04:35 - [MESSAGE][PASSED] - Delayed 3 second(s)

2023-08-14 15:04:35 - [TEST_STEP][PASSED] - Start listener action : sampleAfterTestCase: null]]></system-out>
         <system-err><![CDATA[]]></system-err>
      </testcase>
      <system-out><![CDATA[2023-08-14 15:02:24 - [TEST_SUITE][PASSED] - 66 Motivos Crear Actualizar Eliminar: Test Cases/DIGITURNO/BASICO/66 Motivos Eliminar]]></system-out>
      <system-err><![CDATA[]]></system-err>
   </testsuite>
</testsuites>
