<?xml version="1.0" encoding="UTF-8"?>
<testsuites name="5.1 Crear Oficina Medellin" time="60.211" tests="1" failures="0" errors="0">
   <testsuite name="5.1 Crear Oficina Medellin" tests="1" failures="0" errors="0" time="60.211" skipped="0" timestamp="2024-03-11 10:17:47" hostname="jdavila - PCPruebas101.ciel.cielingenieria.com" id="Test Suites/WIZARD/3Infraestructura/1Oficinas/5.1 Crear Oficina Medellin">
      <properties>
         <property name="deviceName" value=""/>
         <property name="devicePlatform" value=""/>
         <property name="logFolder" value="C:\\CIEL INGENIERIA\\Katalon\\Digiturno55\\Reports\\20240311_101053\\WIZARD\\3Infraestructura\\1Oficinas\\5.1 Crear Oficina Medellin\\20240311_101103"/>
         <property name="logFiles" value="C:\\CIEL INGENIERIA\\Katalon\\Digiturno55\\Reports\\20240311_101053\\WIZARD\\3Infraestructura\\1Oficinas\\5.1 Crear Oficina Medellin\\20240311_101103\\execution0.log"/>
         <property name="attachments" value="C:\\CIEL INGENIERIA\\Katalon\\Digiturno55\\Reports\\20240311_101053\\WIZARD\\3Infraestructura\\1Oficinas\\5.1 Crear Oficina Medellin\\20240311_101103\\1710170323693.png"/>
         <property name="hostName" value="jdavila - PCPruebas101.ciel.cielingenieria.com"/>
         <property name="os" value="Windows 10 64bit"/>
         <property name="katalonVersion" value="8.6.8.208"/>
         <property name="browser" value="Chrome 122.0.0.0"/>
         <property name="hostAddress" value="192.168.91.14"/>
         <property name="sessionId" value="e9aeb5ec3b7067afaf769da3160625a1"/>
         <property name="seleniumVersion" value="3.141.59"/>
         <property name="proxyInformation" value="ProxyInformation { proxyOption=NO_PROXY, proxyServerType=HTTP, username=, password=********, proxyServerAddress=, proxyServerPort=0, executionList=&quot;&quot;, isApplyToDesiredCapabilities=true }"/>
         <property name="platform" value="Windows 10"/>
      </properties>
      <testcase name="Test Cases/WIZARD/3Infraestructura/1Oficinas/5.1 Crear Oficina Medellin" time="59.962" classname="Test Cases/WIZARD/3Infraestructura/1Oficinas/5.1 Crear Oficina Medellin" status="PASSED">
         <system-out><![CDATA[2024-03-11 10:17:47 - [TEST_CASE][PASSED] - Test Cases/WIZARD/3Infraestructura/1Oficinas/5.1 Crear Oficina Medellin: Test Cases/WIZARD/3Infraestructura/1Oficinas/5.1 Crear Oficina Medellin

2024-03-11 10:17:47 - [TEST_STEP][PASSED] - callTestCase(findTestCase("0InicioSesion"), [:], STOP_ON_FAILURE): Call Test Case 'Test Cases/0InicioSesion' successfully

2024-03-11 10:17:48 - [TEST_CASE][PASSED] - Test Cases/0InicioSesion: Test Cases/0InicioSesion

2024-03-11 10:17:48 - [TEST_STEP][PASSED] - openBrowser(UrlDigiturno): Browser is opened with url: 'https://PCPruebas101.ciel.cielingenieria.com:8910'

2024-03-11 10:17:48 - [MESSAGE][INFO] - Starting 'Chrome' driver

2024-03-11 10:17:48 - [MESSAGE][INFO] - User set preference: ['args', '[--use-fake-ui-for-media-stream, --disable-notifications]']

2024-03-11 10:17:48 - [MESSAGE][INFO] - Action delay is set to 0 milliseconds

2024-03-11 10:17:52 - [MESSAGE][PASSED] - Browser is opened with url: 'https://PCPruebas101.ciel.cielingenieria.com:8910'

2024-03-11 10:17:52 - [TEST_STEP][PASSED] - maximizeWindow(): Current window maximized

2024-03-11 10:17:52 - [MESSAGE][PASSED] - Current window maximized

2024-03-11 10:17:52 - [TEST_STEP][PASSED] - delay(3): Delayed 3 second(s)

2024-03-11 10:17:55 - [MESSAGE][PASSED] - Delayed 3 second(s)

2024-03-11 10:17:55 - [TEST_STEP][PASSED] - setText(findTestObject("0Inicio Sesion/input_Usuario"), "Ciel"): Text 'Ciel' is set on object 'Object Repository/0Inicio Sesion/input_Usuario'

2024-03-11 10:17:56 - [MESSAGE][PASSED] - Text 'Ciel' is set on object 'Object Repository/0Inicio Sesion/input_Usuario'

2024-03-11 10:17:56 - [TEST_STEP][PASSED] - setText(findTestObject("0Inicio Sesion/input_Clave"), "digiturno"): Text 'digiturno' is set on object 'Object Repository/0Inicio Sesion/input_Clave'

2024-03-11 10:17:57 - [MESSAGE][PASSED] - Text 'digiturno' is set on object 'Object Repository/0Inicio Sesion/input_Clave'

2024-03-11 10:17:57 - [TEST_STEP][PASSED] - click(findTestObject("0Inicio Sesion/btn_IniciarSesion")): Object: 'Object Repository/0Inicio Sesion/btn_IniciarSesion' is clicked on

2024-03-11 10:17:57 - [MESSAGE][PASSED] - Object: 'Object Repository/0Inicio Sesion/btn_IniciarSesion' is clicked on

2024-03-11 10:17:57 - [TEST_STEP][PASSED] - delay(3): Delayed 3 second(s)

2024-03-11 10:18:00 - [MESSAGE][PASSED] - Delayed 3 second(s)

2024-03-11 10:18:00 - [MESSAGE][PASSED] - Call Test Case 'Test Cases/0InicioSesion' successfully

2024-03-11 10:18:00 - [TEST_STEP][PASSED] - click(findTestObject("WIZARD/0Principal/img_InfraestructuraMAX")): Object: 'Object Repository/WIZARD/0Principal/img_InfraestructuraMAX' is clicked on

2024-03-11 10:18:01 - [MESSAGE][PASSED] - Object: 'Object Repository/WIZARD/0Principal/img_InfraestructuraMAX' is clicked on

2024-03-11 10:18:01 - [TEST_STEP][PASSED] - delay(3): Delayed 3 second(s)

2024-03-11 10:18:04 - [MESSAGE][PASSED] - Delayed 3 second(s)

2024-03-11 10:18:04 - [TEST_STEP][PASSED] - click(findTestObject("WIZARD/3Infraestructura/0Menu/span_Oficinas")): Object: 'Object Repository/WIZARD/3Infraestructura/0Menu/span_Oficinas' is clicked on

2024-03-11 10:18:05 - [MESSAGE][PASSED] - Object: 'Object Repository/WIZARD/3Infraestructura/0Menu/span_Oficinas' is clicked on

2024-03-11 10:18:05 - [TEST_STEP][PASSED] - delay(3): Delayed 3 second(s)

2024-03-11 10:18:08 - [MESSAGE][PASSED] - Delayed 3 second(s)

2024-03-11 10:18:08 - [TEST_STEP][PASSED] - selectOptionByLabel(findTestObject("WIZARD/3Infraestructura/1Oficinas/2Edicion/Edicion/select_Pais"), "Colombia", false): All options with label 'Colombia' are selected in object 'Object Repository/WIZARD/3Infraestructura/1Oficinas/2Edicion/Edicion/select_Pais' 

2024-03-11 10:18:09 - [MESSAGE][PASSED] - All options with label 'Colombia' are selected in object 'Object Repository/WIZARD/3Infraestructura/1Oficinas/2Edicion/Edicion/select_Pais' 

2024-03-11 10:18:09 - [TEST_STEP][PASSED] - delay(2): Delayed 2 second(s)

2024-03-11 10:18:11 - [MESSAGE][PASSED] - Delayed 2 second(s)

2024-03-11 10:18:11 - [TEST_STEP][PASSED] - selectOptionByLabel(findTestObject("WIZARD/3Infraestructura/1Oficinas/2Edicion/Edicion/select_Departamento"), "Antioquia", false): All options with label 'Antioquia' are selected in object 'Object Repository/WIZARD/3Infraestructura/1Oficinas/2Edicion/Edicion/select_Departamento' 

2024-03-11 10:18:11 - [MESSAGE][PASSED] - All options with label 'Antioquia' are selected in object 'Object Repository/WIZARD/3Infraestructura/1Oficinas/2Edicion/Edicion/select_Departamento' 

2024-03-11 10:18:11 - [TEST_STEP][PASSED] - delay(2): Delayed 2 second(s)

2024-03-11 10:18:13 - [MESSAGE][PASSED] - Delayed 2 second(s)

2024-03-11 10:18:13 - [TEST_STEP][PASSED] - selectOptionByLabel(findTestObject("WIZARD/3Infraestructura/1Oficinas/2Edicion/Edicion/select_Ciudad"), "Medellin", false): All options with label 'Medellin' are selected in object 'Object Repository/WIZARD/3Infraestructura/1Oficinas/2Edicion/Edicion/select_Ciudad' 

2024-03-11 10:18:14 - [MESSAGE][PASSED] - All options with label 'Medellin' are selected in object 'Object Repository/WIZARD/3Infraestructura/1Oficinas/2Edicion/Edicion/select_Ciudad' 

2024-03-11 10:18:14 - [TEST_STEP][PASSED] - delay(2): Delayed 2 second(s)

2024-03-11 10:18:16 - [MESSAGE][PASSED] - Delayed 2 second(s)

2024-03-11 10:18:16 - [TEST_STEP][PASSED] - setText(findTestObject("WIZARD/3Infraestructura/1Oficinas/2Edicion/Edicion/input_Nombre"), "Medellin - Laureles"): Text 'Medellin - Laureles' is set on object 'Object Repository/WIZARD/3Infraestructura/1Oficinas/2Edicion/Edicion/input_Nombre'

2024-03-11 10:18:17 - [MESSAGE][PASSED] - Text 'Medellin - Laureles' is set on object 'Object Repository/WIZARD/3Infraestructura/1Oficinas/2Edicion/Edicion/input_Nombre'

2024-03-11 10:18:17 - [TEST_STEP][PASSED] - selectOptionByLabel(findTestObject("WIZARD/3Infraestructura/1Oficinas/2Edicion/Edicion/select_Nivel de Pregunta"), "Ninguno", false): All options with label 'Ninguno' are selected in object 'Object Repository/WIZARD/3Infraestructura/1Oficinas/2Edicion/Edicion/select_Nivel de Pregunta' 

2024-03-11 10:18:18 - [MESSAGE][PASSED] - All options with label 'Ninguno' are selected in object 'Object Repository/WIZARD/3Infraestructura/1Oficinas/2Edicion/Edicion/select_Nivel de Pregunta' 

2024-03-11 10:18:18 - [TEST_STEP][PASSED] - delay(3): Delayed 3 second(s)

2024-03-11 10:18:21 - [MESSAGE][PASSED] - Delayed 3 second(s)

2024-03-11 10:18:21 - [TEST_STEP][PASSED] - setText(findTestObject("WIZARD/3Infraestructura/1Oficinas/2Edicion/Edicion/input_MaximoTurnosXCliente"), "2"): Text '2' is set on object 'Object Repository/WIZARD/3Infraestructura/1Oficinas/2Edicion/Edicion/input_MaximoTurnosXCliente'

2024-03-11 10:18:21 - [MESSAGE][PASSED] - Text '2' is set on object 'Object Repository/WIZARD/3Infraestructura/1Oficinas/2Edicion/Edicion/input_MaximoTurnosXCliente'

2024-03-11 10:18:21 - [TEST_STEP][PASSED] - setText(findTestObject("WIZARD/3Infraestructura/1Oficinas/2Edicion/Edicion/input_Nivel de servicio de espera"), "0"): Text '0' is set on object 'Object Repository/WIZARD/3Infraestructura/1Oficinas/2Edicion/Edicion/input_Nivel de servicio de espera'

2024-03-11 10:18:22 - [MESSAGE][PASSED] - Text '0' is set on object 'Object Repository/WIZARD/3Infraestructura/1Oficinas/2Edicion/Edicion/input_Nivel de servicio de espera'

2024-03-11 10:18:22 - [TEST_STEP][PASSED] - scrollToPosition(100, 800): Browser is scrolled to position x = 100, y = 800

2024-03-11 10:18:22 - [MESSAGE][PASSED] - Browser is scrolled to position x = 100, y = 800

2024-03-11 10:18:22 - [TEST_STEP][PASSED] - delay(3): Delayed 3 second(s)

2024-03-11 10:18:25 - [MESSAGE][PASSED] - Delayed 3 second(s)

2024-03-11 10:18:25 - [TEST_STEP][PASSED] - setText(findTestObject("WIZARD/3Infraestructura/1Oficinas/2Edicion/App/input_Nombre a mostrar"), "Medellin - Laureles"): Text 'Medellin - Laureles' is set on object 'Object Repository/WIZARD/3Infraestructura/1Oficinas/2Edicion/App/input_Nombre a mostrar'

2024-03-11 10:18:26 - [MESSAGE][PASSED] - Text 'Medellin - Laureles' is set on object 'Object Repository/WIZARD/3Infraestructura/1Oficinas/2Edicion/App/input_Nombre a mostrar'

2024-03-11 10:18:26 - [TEST_STEP][PASSED] - setText(findTestObject("WIZARD/3Infraestructura/1Oficinas/2Edicion/App/input_Direccion"), "Calle 10 No 24-3"): Text 'Calle 10 No 24-3' is set on object 'Object Repository/WIZARD/3Infraestructura/1Oficinas/2Edicion/App/input_Direccion'

2024-03-11 10:18:27 - [MESSAGE][PASSED] - Text 'Calle 10 No 24-3' is set on object 'Object Repository/WIZARD/3Infraestructura/1Oficinas/2Edicion/App/input_Direccion'

2024-03-11 10:18:27 - [TEST_STEP][PASSED] - setText(findTestObject("WIZARD/3Infraestructura/1Oficinas/2Edicion/App/input_Numero de telefono"), "3279000"): Text '3279000' is set on object 'Object Repository/WIZARD/3Infraestructura/1Oficinas/2Edicion/App/input_Numero de telefono'

2024-03-11 10:18:28 - [MESSAGE][PASSED] - Text '3279000' is set on object 'Object Repository/WIZARD/3Infraestructura/1Oficinas/2Edicion/App/input_Numero de telefono'

2024-03-11 10:18:28 - [TEST_STEP][PASSED] - setText(findTestObject("WIZARD/3Infraestructura/1Oficinas/2Edicion/App/input_Distancia minima creacion turnos (m)"), "100"): Text '100' is set on object 'Object Repository/WIZARD/3Infraestructura/1Oficinas/2Edicion/App/input_Distancia minima creacion turnos (m)'

2024-03-11 10:18:28 - [MESSAGE][PASSED] - Text '100' is set on object 'Object Repository/WIZARD/3Infraestructura/1Oficinas/2Edicion/App/input_Distancia minima creacion turnos (m)'

2024-03-11 10:18:28 - [TEST_STEP][PASSED] - setText(findTestObject("WIZARD/3Infraestructura/1Oficinas/2Edicion/App/input_Cantidad de turnos para prellamado"), "2"): Text '2' is set on object 'Object Repository/WIZARD/3Infraestructura/1Oficinas/2Edicion/App/input_Cantidad de turnos para prellamado'

2024-03-11 10:18:29 - [MESSAGE][PASSED] - Text '2' is set on object 'Object Repository/WIZARD/3Infraestructura/1Oficinas/2Edicion/App/input_Cantidad de turnos para prellamado'

2024-03-11 10:18:29 - [TEST_STEP][PASSED] - delay(3): Delayed 3 second(s)

2024-03-11 10:18:32 - [MESSAGE][PASSED] - Delayed 3 second(s)

2024-03-11 10:18:32 - [TEST_STEP][PASSED] - setText(findTestObject("WIZARD/3Infraestructura/1Oficinas/2Edicion/App/input_Longitud"), "0.0000000000"): Text '0.0000000000' is set on object 'Object Repository/WIZARD/3Infraestructura/1Oficinas/2Edicion/App/input_Longitud'

2024-03-11 10:18:33 - [MESSAGE][PASSED] - Text '0.0000000000' is set on object 'Object Repository/WIZARD/3Infraestructura/1Oficinas/2Edicion/App/input_Longitud'

2024-03-11 10:18:33 - [TEST_STEP][PASSED] - setText(findTestObject("WIZARD/3Infraestructura/1Oficinas/2Edicion/App/input_Latitud"), "0.0000000000"): Text '0.0000000000' is set on object 'Object Repository/WIZARD/3Infraestructura/1Oficinas/2Edicion/App/input_Latitud'

2024-03-11 10:18:34 - [MESSAGE][PASSED] - Text '0.0000000000' is set on object 'Object Repository/WIZARD/3Infraestructura/1Oficinas/2Edicion/App/input_Latitud'

2024-03-11 10:18:34 - [TEST_STEP][PASSED] - delay(3): Delayed 3 second(s)

2024-03-11 10:18:37 - [MESSAGE][PASSED] - Delayed 3 second(s)

2024-03-11 10:18:37 - [TEST_STEP][PASSED] - scrollToPosition(0, 0): Browser is scrolled to position x = 0, y = 0

2024-03-11 10:18:37 - [MESSAGE][PASSED] - Browser is scrolled to position x = 0, y = 0

2024-03-11 10:18:37 - [TEST_STEP][PASSED] - delay(3): Delayed 3 second(s)

2024-03-11 10:18:40 - [MESSAGE][PASSED] - Delayed 3 second(s)

2024-03-11 10:18:40 - [TEST_STEP][PASSED] - click(findTestObject("WIZARD/3Infraestructura/1Oficinas/2Edicion/Edicion/img_Nuevo")): Object: 'Object Repository/WIZARD/3Infraestructura/1Oficinas/2Edicion/Edicion/img_Nuevo' is clicked on

2024-03-11 10:18:40 - [MESSAGE][PASSED] - Object: 'Object Repository/WIZARD/3Infraestructura/1Oficinas/2Edicion/Edicion/img_Nuevo' is clicked on

2024-03-11 10:18:40 - [TEST_STEP][PASSED] - delay(3): Delayed 3 second(s)

2024-03-11 10:18:43 - [MESSAGE][PASSED] - Delayed 3 second(s)

2024-03-11 10:18:43 - [TEST_STEP][PASSED] - takeFullPageScreenshot(): Taking screenshot successfully

2024-03-11 10:18:44 - [MESSAGE][INFO] - 0 hidden object(s)

2024-03-11 10:18:44 - [MESSAGE][PASSED] - Taking screenshot successfully
[[ATTACHMENT|C:\\CIEL INGENIERIA\\Katalon\\Digiturno55\\Reports\\20240311_101053\\WIZARD\\3Infraestructura\\1Oficinas\\5.1 Crear Oficina Medellin\\20240311_101103\\1710170323693.png]]

2024-03-11 10:18:44 - [TEST_STEP][PASSED] - delay(3): Delayed 3 second(s)

2024-03-11 10:18:47 - [MESSAGE][PASSED] - Delayed 3 second(s)

2024-03-11 10:18:47 - [TEST_STEP][PASSED] - Start listener action : sampleAfterTestCase: null]]></system-out>
         <system-err><![CDATA[]]></system-err>
      </testcase>
      <system-out><![CDATA[2024-03-11 10:17:47 - [TEST_SUITE][PASSED] - 5.1 Crear Oficina Medellin: Test Cases/WIZARD/3Infraestructura/1Oficinas/5.1 Crear Oficina Medellin]]></system-out>
      <system-err><![CDATA[]]></system-err>
   </testsuite>
</testsuites>
