<?xml version="1.0" encoding="UTF-8"?>
<testsuites name="5.3 Crear Grupos WorkFlow" time="126.653" tests="1" failures="0" errors="0">
   <testsuite name="5.3 Crear Grupos WorkFlow" tests="1" failures="0" errors="0" time="126.653" skipped="0" timestamp="2024-01-15 10:12:57" hostname="jdavila - PCPruebas101.ciel.cielingenieria.com" id="Test Suites/WIZARD/3Infraestructura/3Grupos/5.3 Crear Grupos WorkFlow">
      <properties>
         <property name="deviceName" value=""/>
         <property name="devicePlatform" value=""/>
         <property name="logFolder" value="C:\\CIEL INGENIERIA\\Katalon\\Digiturno55\\Reports\\20240115_094157\\WIZARD\\3Infraestructura\\3Grupos\\5.3 Crear Grupos WorkFlow\\20240115_094247"/>
         <property name="logFiles" value="C:\\CIEL INGENIERIA\\Katalon\\Digiturno55\\Reports\\20240115_094157\\WIZARD\\3Infraestructura\\3Grupos\\5.3 Crear Grupos WorkFlow\\20240115_094247\\execution0.log"/>
         <property name="attachments" value="C:\\CIEL INGENIERIA\\Katalon\\Digiturno55\\Reports\\20240115_094157\\WIZARD\\3Infraestructura\\3Grupos\\5.3 Crear Grupos WorkFlow\\20240115_094247\\1705331700404.png"/>
         <property name="hostName" value="jdavila - PCPruebas101.ciel.cielingenieria.com"/>
         <property name="os" value="Windows 10 64bit"/>
         <property name="katalonVersion" value="8.6.8.208"/>
         <property name="browser" value="Chrome 120.0.0.0"/>
         <property name="hostAddress" value="192.168.0.9"/>
         <property name="sessionId" value="6b3ec338f006450b81765361464e530d"/>
         <property name="seleniumVersion" value="3.141.59"/>
         <property name="proxyInformation" value="ProxyInformation { proxyOption=NO_PROXY, proxyServerType=HTTP, username=, password=********, proxyServerAddress=, proxyServerPort=0, executionList=&quot;&quot;, isApplyToDesiredCapabilities=true }"/>
         <property name="platform" value="Windows 10"/>
      </properties>
      <testcase name="Test Cases/WIZARD/3Infraestructura/3Grupos/5.3 Crear Grupos WorkFlow" time="126.39" classname="Test Cases/WIZARD/3Infraestructura/3Grupos/5.3 Crear Grupos WorkFlow" status="PASSED">
         <system-out><![CDATA[2024-01-15 10:12:58 - [TEST_CASE][PASSED] - Test Cases/WIZARD/3Infraestructura/3Grupos/5.3 Crear Grupos WorkFlow: Test Cases/WIZARD/3Infraestructura/3Grupos/5.3 Crear Grupos WorkFlow

2024-01-15 10:12:58 - [TEST_STEP][PASSED] - callTestCase(findTestCase("0InicioSesion"), [:], STOP_ON_FAILURE): Call Test Case 'Test Cases/0InicioSesion' successfully

2024-01-15 10:12:58 - [TEST_CASE][PASSED] - Test Cases/0InicioSesion: Test Cases/0InicioSesion

2024-01-15 10:12:58 - [TEST_STEP][PASSED] - openBrowser(UrlDigiturno): Browser is opened with url: 'https://PCPruebas101.ciel.cielingenieria.com:8610'

2024-01-15 10:12:59 - [MESSAGE][INFO] - Starting 'Chrome' driver

2024-01-15 10:12:59 - [MESSAGE][INFO] - User set preference: ['args', '[--use-fake-ui-for-media-stream, --disable-notifications]']

2024-01-15 10:12:59 - [MESSAGE][INFO] - Action delay is set to 0 milliseconds

2024-01-15 10:13:01 - [MESSAGE][PASSED] - Browser is opened with url: 'https://PCPruebas101.ciel.cielingenieria.com:8610'

2024-01-15 10:13:01 - [TEST_STEP][PASSED] - maximizeWindow(): Current window maximized

2024-01-15 10:13:01 - [MESSAGE][PASSED] - Current window maximized

2024-01-15 10:13:01 - [TEST_STEP][PASSED] - delay(3): Delayed 3 second(s)

2024-01-15 10:13:04 - [MESSAGE][PASSED] - Delayed 3 second(s)

2024-01-15 10:13:04 - [TEST_STEP][PASSED] - setText(findTestObject("0Inicio Sesion/input_Usuario"), "Ciel"): Text 'Ciel' is set on object 'Object Repository/0Inicio Sesion/input_Usuario'

2024-01-15 10:13:05 - [MESSAGE][PASSED] - Text 'Ciel' is set on object 'Object Repository/0Inicio Sesion/input_Usuario'

2024-01-15 10:13:05 - [TEST_STEP][PASSED] - setText(findTestObject("0Inicio Sesion/input_Clave"), "digiturno"): Text 'digiturno' is set on object 'Object Repository/0Inicio Sesion/input_Clave'

2024-01-15 10:13:06 - [MESSAGE][PASSED] - Text 'digiturno' is set on object 'Object Repository/0Inicio Sesion/input_Clave'

2024-01-15 10:13:06 - [TEST_STEP][PASSED] - click(findTestObject("0Inicio Sesion/btn_IniciarSesion")): Object: 'Object Repository/0Inicio Sesion/btn_IniciarSesion' is clicked on

2024-01-15 10:13:06 - [MESSAGE][PASSED] - Object: 'Object Repository/0Inicio Sesion/btn_IniciarSesion' is clicked on

2024-01-15 10:13:06 - [TEST_STEP][PASSED] - delay(3): Delayed 3 second(s)

2024-01-15 10:13:09 - [MESSAGE][PASSED] - Delayed 3 second(s)

2024-01-15 10:13:09 - [MESSAGE][PASSED] - Call Test Case 'Test Cases/0InicioSesion' successfully

2024-01-15 10:13:09 - [TEST_STEP][PASSED] - click(findTestObject("WIZARD/0Principal/img_InfraestructuraMAX")): Object: 'Object Repository/WIZARD/0Principal/img_InfraestructuraMAX' is clicked on

2024-01-15 10:13:10 - [MESSAGE][PASSED] - Object: 'Object Repository/WIZARD/0Principal/img_InfraestructuraMAX' is clicked on

2024-01-15 10:13:10 - [TEST_STEP][PASSED] - delay(3): Delayed 3 second(s)

2024-01-15 10:13:13 - [MESSAGE][PASSED] - Delayed 3 second(s)

2024-01-15 10:13:13 - [TEST_STEP][PASSED] - click(findTestObject("WIZARD/3Infraestructura/0Menu/span_Grupos")): Object: 'Object Repository/WIZARD/3Infraestructura/0Menu/span_Grupos' is clicked on

2024-01-15 10:13:14 - [MESSAGE][PASSED] - Object: 'Object Repository/WIZARD/3Infraestructura/0Menu/span_Grupos' is clicked on

2024-01-15 10:13:14 - [TEST_STEP][PASSED] - delay(3): Delayed 3 second(s)

2024-01-15 10:13:17 - [MESSAGE][PASSED] - Delayed 3 second(s)

2024-01-15 10:13:17 - [TEST_STEP][PASSED] - click(findTestObject("WIZARD/3Infraestructura/3Grupos/Edicion/btn_Sala")): Object: 'Object Repository/WIZARD/3Infraestructura/3Grupos/Edicion/btn_Sala' is clicked on

2024-01-15 10:13:17 - [MESSAGE][PASSED] - Object: 'Object Repository/WIZARD/3Infraestructura/3Grupos/Edicion/btn_Sala' is clicked on

2024-01-15 10:13:17 - [TEST_STEP][PASSED] - delay(3): Delayed 3 second(s)

2024-01-15 10:13:20 - [MESSAGE][PASSED] - Delayed 3 second(s)

2024-01-15 10:13:20 - [TEST_STEP][PASSED] - click(findTestObject("WIZARD/3Infraestructura/3Grupos/Edicion/btn_Sala(1)/a_WorkFlow - Sala General")): Object: 'Object Repository/WIZARD/3Infraestructura/3Grupos/Edicion/btn_Sala(1)/a_WorkFlow - Sala General' is clicked on

2024-01-15 10:13:21 - [MESSAGE][PASSED] - Object: 'Object Repository/WIZARD/3Infraestructura/3Grupos/Edicion/btn_Sala(1)/a_WorkFlow - Sala General' is clicked on

2024-01-15 10:13:21 - [TEST_STEP][PASSED] - delay(3): Delayed 3 second(s)

2024-01-15 10:13:24 - [MESSAGE][PASSED] - Delayed 3 second(s)

2024-01-15 10:13:24 - [TEST_STEP][PASSED] - setText(findTestObject("WIZARD/3Infraestructura/3Grupos/Edicion/input_Nombre"), "Grupo General"): Text 'Grupo General' is set on object 'Object Repository/WIZARD/3Infraestructura/3Grupos/Edicion/input_Nombre'

2024-01-15 10:13:25 - [MESSAGE][PASSED] - Text 'Grupo General' is set on object 'Object Repository/WIZARD/3Infraestructura/3Grupos/Edicion/input_Nombre'

2024-01-15 10:13:25 - [TEST_STEP][PASSED] - setText(findTestObject("WIZARD/3Infraestructura/3Grupos/Edicion/textarea_Descripcion"), "WorkFlow - Grupo General"): Text 'WorkFlow - Grupo General' is set on object 'Object Repository/WIZARD/3Infraestructura/3Grupos/Edicion/textarea_Descripcion'

2024-01-15 10:13:25 - [MESSAGE][PASSED] - Text 'WorkFlow - Grupo General' is set on object 'Object Repository/WIZARD/3Infraestructura/3Grupos/Edicion/textarea_Descripcion'

2024-01-15 10:13:25 - [TEST_STEP][PASSED] - scrollToPosition(0, 800): Browser is scrolled to position x = 0, y = 800

2024-01-15 10:13:26 - [MESSAGE][PASSED] - Browser is scrolled to position x = 0, y = 800

2024-01-15 10:13:26 - [TEST_STEP][PASSED] - selectOptionByLabel(findTestObject("WIZARD/3Infraestructura/3Grupos/Edicion/select_Nivel de visualizacion en Transferencias"), "Área", false): All options with label 'Área' are selected in object 'Object Repository/WIZARD/3Infraestructura/3Grupos/Edicion/select_Nivel de visualizacion en Transferencias' 

2024-01-15 10:13:26 - [MESSAGE][PASSED] - All options with label 'Área' are selected in object 'Object Repository/WIZARD/3Infraestructura/3Grupos/Edicion/select_Nivel de visualizacion en Transferencias' 

2024-01-15 10:13:26 - [TEST_STEP][PASSED] - delay(2): Delayed 2 second(s)

2024-01-15 10:13:28 - [MESSAGE][PASSED] - Delayed 2 second(s)

2024-01-15 10:13:28 - [TEST_STEP][PASSED] - selectOptionByLabel(findTestObject("WIZARD/3Infraestructura/3Grupos/Edicion/select_Nivel de visualizacion en Nuevo Servicio"), "Área", false): All options with label 'Área' are selected in object 'Object Repository/WIZARD/3Infraestructura/3Grupos/Edicion/select_Nivel de visualizacion en Nuevo Servicio' 

2024-01-15 10:13:29 - [MESSAGE][PASSED] - All options with label 'Área' are selected in object 'Object Repository/WIZARD/3Infraestructura/3Grupos/Edicion/select_Nivel de visualizacion en Nuevo Servicio' 

2024-01-15 10:13:29 - [TEST_STEP][PASSED] - delay(2): Delayed 2 second(s)

2024-01-15 10:13:31 - [MESSAGE][PASSED] - Delayed 2 second(s)

2024-01-15 10:13:31 - [TEST_STEP][PASSED] - scrollToPosition(0, 0): Browser is scrolled to position x = 0, y = 0

2024-01-15 10:13:31 - [MESSAGE][PASSED] - Browser is scrolled to position x = 0, y = 0

2024-01-15 10:13:31 - [TEST_STEP][PASSED] - click(findTestObject("WIZARD/3Infraestructura/3Grupos/Edicion/img_Nuevo")): Object: 'Object Repository/WIZARD/3Infraestructura/3Grupos/Edicion/img_Nuevo' is clicked on

2024-01-15 10:13:32 - [MESSAGE][PASSED] - Object: 'Object Repository/WIZARD/3Infraestructura/3Grupos/Edicion/img_Nuevo' is clicked on

2024-01-15 10:13:32 - [TEST_STEP][PASSED] - delay(3): Delayed 3 second(s)

2024-01-15 10:13:35 - [MESSAGE][PASSED] - Delayed 3 second(s)

2024-01-15 10:13:35 - [TEST_STEP][PASSED] - click(findTestObject("WIZARD/3Infraestructura/0Menu/span_Grupos")): Object: 'Object Repository/WIZARD/3Infraestructura/0Menu/span_Grupos' is clicked on

2024-01-15 10:13:35 - [MESSAGE][PASSED] - Object: 'Object Repository/WIZARD/3Infraestructura/0Menu/span_Grupos' is clicked on

2024-01-15 10:13:35 - [TEST_STEP][PASSED] - delay(3): Delayed 3 second(s)

2024-01-15 10:13:38 - [MESSAGE][PASSED] - Delayed 3 second(s)

2024-01-15 10:13:38 - [TEST_STEP][PASSED] - click(findTestObject("WIZARD/3Infraestructura/3Grupos/Edicion/btn_Sala")): Object: 'Object Repository/WIZARD/3Infraestructura/3Grupos/Edicion/btn_Sala' is clicked on

2024-01-15 10:13:39 - [MESSAGE][PASSED] - Object: 'Object Repository/WIZARD/3Infraestructura/3Grupos/Edicion/btn_Sala' is clicked on

2024-01-15 10:13:39 - [TEST_STEP][PASSED] - delay(3): Delayed 3 second(s)

2024-01-15 10:13:42 - [MESSAGE][PASSED] - Delayed 3 second(s)

2024-01-15 10:13:42 - [TEST_STEP][PASSED] - click(findTestObject("WIZARD/3Infraestructura/3Grupos/Edicion/btn_Sala(1)/a_WorkFlow - Sala Entrega Documentos")): Object: 'Object Repository/WIZARD/3Infraestructura/3Grupos/Edicion/btn_Sala(1)/a_WorkFlow - Sala Entrega Documentos' is clicked on

2024-01-15 10:13:42 - [MESSAGE][PASSED] - Object: 'Object Repository/WIZARD/3Infraestructura/3Grupos/Edicion/btn_Sala(1)/a_WorkFlow - Sala Entrega Documentos' is clicked on

2024-01-15 10:13:42 - [TEST_STEP][PASSED] - delay(3): Delayed 3 second(s)

2024-01-15 10:13:45 - [MESSAGE][PASSED] - Delayed 3 second(s)

2024-01-15 10:13:45 - [TEST_STEP][PASSED] - setText(findTestObject("WIZARD/3Infraestructura/3Grupos/Edicion/input_Nombre"), "Grupo Entrega Documentos"): Text 'Grupo Entrega Documentos' is set on object 'Object Repository/WIZARD/3Infraestructura/3Grupos/Edicion/input_Nombre'

2024-01-15 10:13:46 - [MESSAGE][PASSED] - Text 'Grupo Entrega Documentos' is set on object 'Object Repository/WIZARD/3Infraestructura/3Grupos/Edicion/input_Nombre'

2024-01-15 10:13:46 - [TEST_STEP][PASSED] - setText(findTestObject("WIZARD/3Infraestructura/3Grupos/Edicion/textarea_Descripcion"), "WorkFlow - Entrega Documentos"): Text 'WorkFlow - Entrega Documentos' is set on object 'Object Repository/WIZARD/3Infraestructura/3Grupos/Edicion/textarea_Descripcion'

2024-01-15 10:13:47 - [MESSAGE][PASSED] - Text 'WorkFlow - Entrega Documentos' is set on object 'Object Repository/WIZARD/3Infraestructura/3Grupos/Edicion/textarea_Descripcion'

2024-01-15 10:13:47 - [TEST_STEP][PASSED] - scrollToPosition(0, 800): Browser is scrolled to position x = 0, y = 800

2024-01-15 10:13:47 - [MESSAGE][PASSED] - Browser is scrolled to position x = 0, y = 800

2024-01-15 10:13:47 - [TEST_STEP][PASSED] - selectOptionByLabel(findTestObject("WIZARD/3Infraestructura/3Grupos/Edicion/select_Nivel de visualizacion en Transferencias"), "Área", false): All options with label 'Área' are selected in object 'Object Repository/WIZARD/3Infraestructura/3Grupos/Edicion/select_Nivel de visualizacion en Transferencias' 

2024-01-15 10:13:48 - [MESSAGE][PASSED] - All options with label 'Área' are selected in object 'Object Repository/WIZARD/3Infraestructura/3Grupos/Edicion/select_Nivel de visualizacion en Transferencias' 

2024-01-15 10:13:48 - [TEST_STEP][PASSED] - delay(2): Delayed 2 second(s)

2024-01-15 10:13:50 - [MESSAGE][PASSED] - Delayed 2 second(s)

2024-01-15 10:13:50 - [TEST_STEP][PASSED] - selectOptionByLabel(findTestObject("WIZARD/3Infraestructura/3Grupos/Edicion/select_Nivel de visualizacion en Nuevo Servicio"), "Área", false): All options with label 'Área' are selected in object 'Object Repository/WIZARD/3Infraestructura/3Grupos/Edicion/select_Nivel de visualizacion en Nuevo Servicio' 

2024-01-15 10:13:51 - [MESSAGE][PASSED] - All options with label 'Área' are selected in object 'Object Repository/WIZARD/3Infraestructura/3Grupos/Edicion/select_Nivel de visualizacion en Nuevo Servicio' 

2024-01-15 10:13:51 - [TEST_STEP][PASSED] - delay(2): Delayed 2 second(s)

2024-01-15 10:13:53 - [MESSAGE][PASSED] - Delayed 2 second(s)

2024-01-15 10:13:53 - [TEST_STEP][PASSED] - scrollToPosition(0, 0): Browser is scrolled to position x = 0, y = 0

2024-01-15 10:13:53 - [MESSAGE][PASSED] - Browser is scrolled to position x = 0, y = 0

2024-01-15 10:13:53 - [TEST_STEP][PASSED] - click(findTestObject("WIZARD/3Infraestructura/3Grupos/Edicion/img_Nuevo")): Object: 'Object Repository/WIZARD/3Infraestructura/3Grupos/Edicion/img_Nuevo' is clicked on

2024-01-15 10:13:53 - [MESSAGE][PASSED] - Object: 'Object Repository/WIZARD/3Infraestructura/3Grupos/Edicion/img_Nuevo' is clicked on

2024-01-15 10:13:53 - [TEST_STEP][PASSED] - delay(3): Delayed 3 second(s)

2024-01-15 10:13:56 - [MESSAGE][PASSED] - Delayed 3 second(s)

2024-01-15 10:13:56 - [TEST_STEP][PASSED] - click(findTestObject("WIZARD/3Infraestructura/0Menu/span_Grupos")): Object: 'Object Repository/WIZARD/3Infraestructura/0Menu/span_Grupos' is clicked on

2024-01-15 10:13:57 - [MESSAGE][PASSED] - Object: 'Object Repository/WIZARD/3Infraestructura/0Menu/span_Grupos' is clicked on

2024-01-15 10:13:57 - [TEST_STEP][PASSED] - delay(3): Delayed 3 second(s)

2024-01-15 10:14:00 - [MESSAGE][PASSED] - Delayed 3 second(s)

2024-01-15 10:14:00 - [TEST_STEP][PASSED] - click(findTestObject("WIZARD/3Infraestructura/3Grupos/Edicion/btn_Sala")): Object: 'Object Repository/WIZARD/3Infraestructura/3Grupos/Edicion/btn_Sala' is clicked on

2024-01-15 10:14:00 - [MESSAGE][PASSED] - Object: 'Object Repository/WIZARD/3Infraestructura/3Grupos/Edicion/btn_Sala' is clicked on

2024-01-15 10:14:00 - [TEST_STEP][PASSED] - delay(3): Delayed 3 second(s)

2024-01-15 10:14:03 - [MESSAGE][PASSED] - Delayed 3 second(s)

2024-01-15 10:14:03 - [TEST_STEP][PASSED] - click(findTestObject("WIZARD/3Infraestructura/3Grupos/Edicion/btn_Sala(1)/a_WorkFlow - Sala Pagos")): Object: 'Object Repository/WIZARD/3Infraestructura/3Grupos/Edicion/btn_Sala(1)/a_WorkFlow - Sala Pagos' is clicked on

2024-01-15 10:14:04 - [MESSAGE][PASSED] - Object: 'Object Repository/WIZARD/3Infraestructura/3Grupos/Edicion/btn_Sala(1)/a_WorkFlow - Sala Pagos' is clicked on

2024-01-15 10:14:04 - [TEST_STEP][PASSED] - delay(3): Delayed 3 second(s)

2024-01-15 10:14:07 - [MESSAGE][PASSED] - Delayed 3 second(s)

2024-01-15 10:14:07 - [TEST_STEP][PASSED] - setText(findTestObject("WIZARD/3Infraestructura/3Grupos/Edicion/input_Nombre"), "Grupo Pagos"): Text 'Grupo Pagos' is set on object 'Object Repository/WIZARD/3Infraestructura/3Grupos/Edicion/input_Nombre'

2024-01-15 10:14:07 - [MESSAGE][PASSED] - Text 'Grupo Pagos' is set on object 'Object Repository/WIZARD/3Infraestructura/3Grupos/Edicion/input_Nombre'

2024-01-15 10:14:07 - [TEST_STEP][PASSED] - setText(findTestObject("WIZARD/3Infraestructura/3Grupos/Edicion/textarea_Descripcion"), "WorkFlow - Pagos"): Text 'WorkFlow - Pagos' is set on object 'Object Repository/WIZARD/3Infraestructura/3Grupos/Edicion/textarea_Descripcion'

2024-01-15 10:14:08 - [MESSAGE][PASSED] - Text 'WorkFlow - Pagos' is set on object 'Object Repository/WIZARD/3Infraestructura/3Grupos/Edicion/textarea_Descripcion'

2024-01-15 10:14:08 - [TEST_STEP][PASSED] - scrollToPosition(0, 800): Browser is scrolled to position x = 0, y = 800

2024-01-15 10:14:08 - [MESSAGE][PASSED] - Browser is scrolled to position x = 0, y = 800

2024-01-15 10:14:08 - [TEST_STEP][PASSED] - selectOptionByLabel(findTestObject("WIZARD/3Infraestructura/3Grupos/Edicion/select_Nivel de visualizacion en Transferencias"), "Área", false): All options with label 'Área' are selected in object 'Object Repository/WIZARD/3Infraestructura/3Grupos/Edicion/select_Nivel de visualizacion en Transferencias' 

2024-01-15 10:14:09 - [MESSAGE][PASSED] - All options with label 'Área' are selected in object 'Object Repository/WIZARD/3Infraestructura/3Grupos/Edicion/select_Nivel de visualizacion en Transferencias' 

2024-01-15 10:14:09 - [TEST_STEP][PASSED] - delay(2): Delayed 2 second(s)

2024-01-15 10:14:11 - [MESSAGE][PASSED] - Delayed 2 second(s)

2024-01-15 10:14:11 - [TEST_STEP][PASSED] - selectOptionByLabel(findTestObject("WIZARD/3Infraestructura/3Grupos/Edicion/select_Nivel de visualizacion en Nuevo Servicio"), "Área", false): All options with label 'Área' are selected in object 'Object Repository/WIZARD/3Infraestructura/3Grupos/Edicion/select_Nivel de visualizacion en Nuevo Servicio' 

2024-01-15 10:14:12 - [MESSAGE][PASSED] - All options with label 'Área' are selected in object 'Object Repository/WIZARD/3Infraestructura/3Grupos/Edicion/select_Nivel de visualizacion en Nuevo Servicio' 

2024-01-15 10:14:12 - [TEST_STEP][PASSED] - delay(2): Delayed 2 second(s)

2024-01-15 10:14:14 - [MESSAGE][PASSED] - Delayed 2 second(s)

2024-01-15 10:14:14 - [TEST_STEP][PASSED] - scrollToPosition(0, 0): Browser is scrolled to position x = 0, y = 0

2024-01-15 10:14:14 - [MESSAGE][PASSED] - Browser is scrolled to position x = 0, y = 0

2024-01-15 10:14:14 - [TEST_STEP][PASSED] - click(findTestObject("WIZARD/3Infraestructura/3Grupos/Edicion/img_Nuevo")): Object: 'Object Repository/WIZARD/3Infraestructura/3Grupos/Edicion/img_Nuevo' is clicked on

2024-01-15 10:14:14 - [MESSAGE][PASSED] - Object: 'Object Repository/WIZARD/3Infraestructura/3Grupos/Edicion/img_Nuevo' is clicked on

2024-01-15 10:14:14 - [TEST_STEP][PASSED] - delay(3): Delayed 3 second(s)

2024-01-15 10:14:17 - [MESSAGE][PASSED] - Delayed 3 second(s)

2024-01-15 10:14:17 - [TEST_STEP][PASSED] - click(findTestObject("WIZARD/3Infraestructura/0Menu/span_Grupos")): Object: 'Object Repository/WIZARD/3Infraestructura/0Menu/span_Grupos' is clicked on

2024-01-15 10:14:18 - [MESSAGE][PASSED] - Object: 'Object Repository/WIZARD/3Infraestructura/0Menu/span_Grupos' is clicked on

2024-01-15 10:14:18 - [TEST_STEP][PASSED] - delay(3): Delayed 3 second(s)

2024-01-15 10:14:21 - [MESSAGE][PASSED] - Delayed 3 second(s)

2024-01-15 10:14:21 - [TEST_STEP][PASSED] - click(findTestObject("WIZARD/3Infraestructura/3Grupos/Edicion/btn_Sala")): Object: 'Object Repository/WIZARD/3Infraestructura/3Grupos/Edicion/btn_Sala' is clicked on

2024-01-15 10:14:21 - [MESSAGE][PASSED] - Object: 'Object Repository/WIZARD/3Infraestructura/3Grupos/Edicion/btn_Sala' is clicked on

2024-01-15 10:14:21 - [TEST_STEP][PASSED] - delay(3): Delayed 3 second(s)

2024-01-15 10:14:24 - [MESSAGE][PASSED] - Delayed 3 second(s)

2024-01-15 10:14:24 - [TEST_STEP][PASSED] - click(findTestObject("WIZARD/3Infraestructura/3Grupos/Edicion/btn_Sala(1)/a_WorkFlow - Sala Radicaciones")): Object: 'Object Repository/WIZARD/3Infraestructura/3Grupos/Edicion/btn_Sala(1)/a_WorkFlow - Sala Radicaciones' is clicked on

2024-01-15 10:14:25 - [MESSAGE][PASSED] - Object: 'Object Repository/WIZARD/3Infraestructura/3Grupos/Edicion/btn_Sala(1)/a_WorkFlow - Sala Radicaciones' is clicked on

2024-01-15 10:14:25 - [TEST_STEP][PASSED] - delay(3): Delayed 3 second(s)

2024-01-15 10:14:28 - [MESSAGE][PASSED] - Delayed 3 second(s)

2024-01-15 10:14:28 - [TEST_STEP][PASSED] - setText(findTestObject("WIZARD/3Infraestructura/3Grupos/Edicion/input_Nombre"), "Grupo Radicaciones"): Text 'Grupo Radicaciones' is set on object 'Object Repository/WIZARD/3Infraestructura/3Grupos/Edicion/input_Nombre'

2024-01-15 10:14:29 - [MESSAGE][PASSED] - Text 'Grupo Radicaciones' is set on object 'Object Repository/WIZARD/3Infraestructura/3Grupos/Edicion/input_Nombre'

2024-01-15 10:14:29 - [TEST_STEP][PASSED] - setText(findTestObject("WIZARD/3Infraestructura/3Grupos/Edicion/textarea_Descripcion"), "WorkFlow - Radicaciones"): Text 'WorkFlow - Radicaciones' is set on object 'Object Repository/WIZARD/3Infraestructura/3Grupos/Edicion/textarea_Descripcion'

2024-01-15 10:14:29 - [MESSAGE][PASSED] - Text 'WorkFlow - Radicaciones' is set on object 'Object Repository/WIZARD/3Infraestructura/3Grupos/Edicion/textarea_Descripcion'

2024-01-15 10:14:29 - [TEST_STEP][PASSED] - scrollToPosition(0, 800): Browser is scrolled to position x = 0, y = 800

2024-01-15 10:14:29 - [MESSAGE][PASSED] - Browser is scrolled to position x = 0, y = 800

2024-01-15 10:14:29 - [TEST_STEP][PASSED] - selectOptionByLabel(findTestObject("WIZARD/3Infraestructura/3Grupos/Edicion/select_Nivel de visualizacion en Transferencias"), "Área", false): All options with label 'Área' are selected in object 'Object Repository/WIZARD/3Infraestructura/3Grupos/Edicion/select_Nivel de visualizacion en Transferencias' 

2024-01-15 10:14:30 - [MESSAGE][PASSED] - All options with label 'Área' are selected in object 'Object Repository/WIZARD/3Infraestructura/3Grupos/Edicion/select_Nivel de visualizacion en Transferencias' 

2024-01-15 10:14:30 - [TEST_STEP][PASSED] - delay(2): Delayed 2 second(s)

2024-01-15 10:14:32 - [MESSAGE][PASSED] - Delayed 2 second(s)

2024-01-15 10:14:32 - [TEST_STEP][PASSED] - selectOptionByLabel(findTestObject("WIZARD/3Infraestructura/3Grupos/Edicion/select_Nivel de visualizacion en Nuevo Servicio"), "Área", false): All options with label 'Área' are selected in object 'Object Repository/WIZARD/3Infraestructura/3Grupos/Edicion/select_Nivel de visualizacion en Nuevo Servicio' 

2024-01-15 10:14:33 - [MESSAGE][PASSED] - All options with label 'Área' are selected in object 'Object Repository/WIZARD/3Infraestructura/3Grupos/Edicion/select_Nivel de visualizacion en Nuevo Servicio' 

2024-01-15 10:14:33 - [TEST_STEP][PASSED] - delay(2): Delayed 2 second(s)

2024-01-15 10:14:35 - [MESSAGE][PASSED] - Delayed 2 second(s)

2024-01-15 10:14:35 - [TEST_STEP][PASSED] - scrollToPosition(0, 0): Browser is scrolled to position x = 0, y = 0

2024-01-15 10:14:35 - [MESSAGE][PASSED] - Browser is scrolled to position x = 0, y = 0

2024-01-15 10:14:35 - [TEST_STEP][PASSED] - click(findTestObject("WIZARD/3Infraestructura/3Grupos/Edicion/img_Nuevo")): Object: 'Object Repository/WIZARD/3Infraestructura/3Grupos/Edicion/img_Nuevo' is clicked on

2024-01-15 10:14:36 - [MESSAGE][PASSED] - Object: 'Object Repository/WIZARD/3Infraestructura/3Grupos/Edicion/img_Nuevo' is clicked on

2024-01-15 10:14:36 - [TEST_STEP][PASSED] - delay(3): Delayed 3 second(s)

2024-01-15 10:14:39 - [MESSAGE][PASSED] - Delayed 3 second(s)

2024-01-15 10:14:39 - [TEST_STEP][PASSED] - click(findTestObject("WIZARD/3Infraestructura/0Menu/span_Grupos")): Object: 'Object Repository/WIZARD/3Infraestructura/0Menu/span_Grupos' is clicked on

2024-01-15 10:14:39 - [MESSAGE][PASSED] - Object: 'Object Repository/WIZARD/3Infraestructura/0Menu/span_Grupos' is clicked on

2024-01-15 10:14:39 - [TEST_STEP][PASSED] - delay(3): Delayed 3 second(s)

2024-01-15 10:14:42 - [MESSAGE][PASSED] - Delayed 3 second(s)

2024-01-15 10:14:42 - [TEST_STEP][PASSED] - click(findTestObject("WIZARD/3Infraestructura/3Grupos/Edicion/btn_Sala")): Object: 'Object Repository/WIZARD/3Infraestructura/3Grupos/Edicion/btn_Sala' is clicked on

2024-01-15 10:14:43 - [MESSAGE][PASSED] - Object: 'Object Repository/WIZARD/3Infraestructura/3Grupos/Edicion/btn_Sala' is clicked on

2024-01-15 10:14:43 - [TEST_STEP][PASSED] - delay(3): Delayed 3 second(s)

2024-01-15 10:14:46 - [MESSAGE][PASSED] - Delayed 3 second(s)

2024-01-15 10:14:46 - [TEST_STEP][PASSED] - click(findTestObject("WIZARD/3Infraestructura/3Grupos/Edicion/btn_Sala(1)/a_WorkFlow - Sala Recepcion")): Object: 'Object Repository/WIZARD/3Infraestructura/3Grupos/Edicion/btn_Sala(1)/a_WorkFlow - Sala Recepcion' is clicked on

2024-01-15 10:14:46 - [MESSAGE][PASSED] - Object: 'Object Repository/WIZARD/3Infraestructura/3Grupos/Edicion/btn_Sala(1)/a_WorkFlow - Sala Recepcion' is clicked on

2024-01-15 10:14:46 - [TEST_STEP][PASSED] - delay(3): Delayed 3 second(s)

2024-01-15 10:14:49 - [MESSAGE][PASSED] - Delayed 3 second(s)

2024-01-15 10:14:49 - [TEST_STEP][PASSED] - setText(findTestObject("WIZARD/3Infraestructura/3Grupos/Edicion/input_Nombre"), "Grupo Recepciones"): Text 'Grupo Recepciones' is set on object 'Object Repository/WIZARD/3Infraestructura/3Grupos/Edicion/input_Nombre'

2024-01-15 10:14:50 - [MESSAGE][PASSED] - Text 'Grupo Recepciones' is set on object 'Object Repository/WIZARD/3Infraestructura/3Grupos/Edicion/input_Nombre'

2024-01-15 10:14:50 - [TEST_STEP][PASSED] - setText(findTestObject("WIZARD/3Infraestructura/3Grupos/Edicion/textarea_Descripcion"), "WorkFlow - Recepciones"): Text 'WorkFlow - Recepciones' is set on object 'Object Repository/WIZARD/3Infraestructura/3Grupos/Edicion/textarea_Descripcion'

2024-01-15 10:14:51 - [MESSAGE][PASSED] - Text 'WorkFlow - Recepciones' is set on object 'Object Repository/WIZARD/3Infraestructura/3Grupos/Edicion/textarea_Descripcion'

2024-01-15 10:14:51 - [TEST_STEP][PASSED] - scrollToPosition(0, 800): Browser is scrolled to position x = 0, y = 800

2024-01-15 10:14:51 - [MESSAGE][PASSED] - Browser is scrolled to position x = 0, y = 800

2024-01-15 10:14:51 - [TEST_STEP][PASSED] - selectOptionByLabel(findTestObject("WIZARD/3Infraestructura/3Grupos/Edicion/select_Nivel de visualizacion en Transferencias"), "Área", false): All options with label 'Área' are selected in object 'Object Repository/WIZARD/3Infraestructura/3Grupos/Edicion/select_Nivel de visualizacion en Transferencias' 

2024-01-15 10:14:52 - [MESSAGE][PASSED] - All options with label 'Área' are selected in object 'Object Repository/WIZARD/3Infraestructura/3Grupos/Edicion/select_Nivel de visualizacion en Transferencias' 

2024-01-15 10:14:52 - [TEST_STEP][PASSED] - delay(2): Delayed 2 second(s)

2024-01-15 10:14:54 - [MESSAGE][PASSED] - Delayed 2 second(s)

2024-01-15 10:14:54 - [TEST_STEP][PASSED] - selectOptionByLabel(findTestObject("WIZARD/3Infraestructura/3Grupos/Edicion/select_Nivel de visualizacion en Nuevo Servicio"), "Área", false): All options with label 'Área' are selected in object 'Object Repository/WIZARD/3Infraestructura/3Grupos/Edicion/select_Nivel de visualizacion en Nuevo Servicio' 

2024-01-15 10:14:54 - [MESSAGE][PASSED] - All options with label 'Área' are selected in object 'Object Repository/WIZARD/3Infraestructura/3Grupos/Edicion/select_Nivel de visualizacion en Nuevo Servicio' 

2024-01-15 10:14:54 - [TEST_STEP][PASSED] - delay(2): Delayed 2 second(s)

2024-01-15 10:14:56 - [MESSAGE][PASSED] - Delayed 2 second(s)

2024-01-15 10:14:56 - [TEST_STEP][PASSED] - scrollToPosition(0, 0): Browser is scrolled to position x = 0, y = 0

2024-01-15 10:14:56 - [MESSAGE][PASSED] - Browser is scrolled to position x = 0, y = 0

2024-01-15 10:14:56 - [TEST_STEP][PASSED] - click(findTestObject("WIZARD/3Infraestructura/3Grupos/Edicion/img_Nuevo")): Object: 'Object Repository/WIZARD/3Infraestructura/3Grupos/Edicion/img_Nuevo' is clicked on

2024-01-15 10:14:57 - [MESSAGE][PASSED] - Object: 'Object Repository/WIZARD/3Infraestructura/3Grupos/Edicion/img_Nuevo' is clicked on

2024-01-15 10:14:57 - [TEST_STEP][PASSED] - delay(3): Delayed 3 second(s)

2024-01-15 10:15:00 - [MESSAGE][PASSED] - Delayed 3 second(s)

2024-01-15 10:15:00 - [TEST_STEP][PASSED] - takeFullPageScreenshot(): Taking screenshot successfully

2024-01-15 10:15:01 - [MESSAGE][INFO] - 0 hidden object(s)

2024-01-15 10:15:01 - [MESSAGE][PASSED] - Taking screenshot successfully
[[ATTACHMENT|C:\\CIEL INGENIERIA\\Katalon\\Digiturno55\\Reports\\20240115_094157\\WIZARD\\3Infraestructura\\3Grupos\\5.3 Crear Grupos WorkFlow\\20240115_094247\\1705331700404.png]]

2024-01-15 10:15:01 - [TEST_STEP][PASSED] - delay(3): Delayed 3 second(s)

2024-01-15 10:15:04 - [MESSAGE][PASSED] - Delayed 3 second(s)

2024-01-15 10:15:04 - [TEST_STEP][PASSED] - Start listener action : sampleAfterTestCase: null]]></system-out>
         <system-err><![CDATA[]]></system-err>
      </testcase>
      <system-out><![CDATA[2024-01-15 10:12:57 - [TEST_SUITE][PASSED] - 5.3 Crear Grupos WorkFlow: Test Cases/WIZARD/3Infraestructura/3Grupos/5.3 Crear Grupos WorkFlow]]></system-out>
      <system-err><![CDATA[]]></system-err>
   </testsuite>
</testsuites>
