<?xml version="1.0" encoding="UTF-8"?>
<testsuites name="5.5 Crear Terminales Virtual" time="90.365" tests="1" failures="0" errors="0">
   <testsuite name="5.5 Crear Terminales Virtual" tests="1" failures="0" errors="0" time="90.365" skipped="0" timestamp="2023-08-14 11:31:50" hostname="jdavila - PCPruebas101.ciel.cielingenieria.com" id="Test Suites/WIZARD/3Infraestructura/5Terminales/5.5 Crear Terminales Virtual">
      <properties>
         <property name="deviceName" value=""/>
         <property name="devicePlatform" value=""/>
         <property name="logFolder" value="C:\\CIEL INGENIERIA\\Katalon\\Digiturno55\\Reports\\20230814_104251\\WIZARD\\3Infraestructura\\5Terminales\\5.5 Crear Terminales Virtual\\20230814_104400"/>
         <property name="logFiles" value="C:\\CIEL INGENIERIA\\Katalon\\Digiturno55\\Reports\\20230814_104251\\WIZARD\\3Infraestructura\\5Terminales\\5.5 Crear Terminales Virtual\\20230814_104400\\execution0.log"/>
         <property name="attachments" value="C:\\CIEL INGENIERIA\\Katalon\\Digiturno55\\Reports\\20230814_104251\\WIZARD\\3Infraestructura\\5Terminales\\5.5 Crear Terminales Virtual\\20230814_104400\\1692030797919.png"/>
         <property name="hostName" value="jdavila - PCPruebas101.ciel.cielingenieria.com"/>
         <property name="os" value="Windows 10 64bit"/>
         <property name="katalonVersion" value="8.6.0.208"/>
         <property name="browser" value="Chrome 115.0.0.0"/>
         <property name="hostAddress" value="192.168.0.33"/>
         <property name="sessionId" value="f6161816be2bb2dff79f020041eb7228"/>
         <property name="seleniumVersion" value="3.141.59"/>
         <property name="proxyInformation" value="ProxyInformation { proxyOption=NO_PROXY, proxyServerType=HTTP, username=, password=********, proxyServerAddress=, proxyServerPort=0, executionList=&quot;&quot;, isApplyToDesiredCapabilities=true }"/>
         <property name="platform" value="Windows 10"/>
      </properties>
      <testcase name="Test Cases/WIZARD/3Infraestructura/5Terminales/5.5 Crear Terminales Virtual" time="90.071" classname="Test Cases/WIZARD/3Infraestructura/5Terminales/5.5 Crear Terminales Virtual" status="PASSED">
         <system-out><![CDATA[2023-08-14 11:31:50 - [TEST_CASE][PASSED] - Test Cases/WIZARD/3Infraestructura/5Terminales/5.5 Crear Terminales Virtual: Test Cases/WIZARD/3Infraestructura/5Terminales/5.5 Crear Terminales Virtual

2023-08-14 11:31:51 - [TEST_STEP][PASSED] - callTestCase(findTestCase("0InicioSesion"), [:], STOP_ON_FAILURE): Call Test Case 'Test Cases/0InicioSesion' successfully

2023-08-14 11:31:51 - [TEST_CASE][PASSED] - Test Cases/0InicioSesion: Test Cases/0InicioSesion

2023-08-14 11:31:51 - [TEST_STEP][PASSED] - openBrowser(UrlDigiturno): Browser is opened with url: 'https://PCPruebas101.ciel.cielingenieria.com:8610'

2023-08-14 11:31:51 - [MESSAGE][INFO] - Starting 'Chrome' driver

2023-08-14 11:31:51 - [MESSAGE][INFO] - User set preference: ['args', '[--use-fake-ui-for-media-stream, --disable-notifications]']

2023-08-14 11:31:51 - [MESSAGE][INFO] - Action delay is set to 0 milliseconds

2023-08-14 11:31:54 - [MESSAGE][PASSED] - Browser is opened with url: 'https://PCPruebas101.ciel.cielingenieria.com:8610'

2023-08-14 11:31:54 - [TEST_STEP][PASSED] - maximizeWindow(): Current window maximized

2023-08-14 11:31:54 - [MESSAGE][PASSED] - Current window maximized

2023-08-14 11:31:54 - [TEST_STEP][PASSED] - delay(3): Delayed 3 second(s)

2023-08-14 11:31:57 - [MESSAGE][PASSED] - Delayed 3 second(s)

2023-08-14 11:31:57 - [TEST_STEP][PASSED] - setText(findTestObject("0Inicio Sesion/input_Usuario"), "Ciel"): Text 'Ciel' is set on object 'Object Repository/0Inicio Sesion/input_Usuario'

2023-08-14 11:31:58 - [MESSAGE][PASSED] - Text 'Ciel' is set on object 'Object Repository/0Inicio Sesion/input_Usuario'

2023-08-14 11:31:58 - [TEST_STEP][PASSED] - setText(findTestObject("0Inicio Sesion/input_Clave"), "digiturno"): Text 'digiturno' is set on object 'Object Repository/0Inicio Sesion/input_Clave'

2023-08-14 11:31:59 - [MESSAGE][PASSED] - Text 'digiturno' is set on object 'Object Repository/0Inicio Sesion/input_Clave'

2023-08-14 11:31:59 - [TEST_STEP][PASSED] - click(findTestObject("0Inicio Sesion/btn_IniciarSesion")): Object: 'Object Repository/0Inicio Sesion/btn_IniciarSesion' is clicked on

2023-08-14 11:31:59 - [MESSAGE][PASSED] - Object: 'Object Repository/0Inicio Sesion/btn_IniciarSesion' is clicked on

2023-08-14 11:31:59 - [TEST_STEP][PASSED] - delay(3): Delayed 3 second(s)

2023-08-14 11:32:02 - [MESSAGE][PASSED] - Delayed 3 second(s)

2023-08-14 11:32:02 - [MESSAGE][PASSED] - Call Test Case 'Test Cases/0InicioSesion' successfully

2023-08-14 11:32:02 - [TEST_STEP][PASSED] - click(findTestObject("WIZARD/0Principal/img_InfraestructuraMAX")): Object: 'Object Repository/WIZARD/0Principal/img_InfraestructuraMAX' is clicked on

2023-08-14 11:32:03 - [MESSAGE][PASSED] - Object: 'Object Repository/WIZARD/0Principal/img_InfraestructuraMAX' is clicked on

2023-08-14 11:32:03 - [TEST_STEP][PASSED] - delay(3): Delayed 3 second(s)

2023-08-14 11:32:06 - [MESSAGE][PASSED] - Delayed 3 second(s)

2023-08-14 11:32:06 - [TEST_STEP][PASSED] - click(findTestObject("WIZARD/3Infraestructura/0Menu/span_Terminales")): Object: 'Object Repository/WIZARD/3Infraestructura/0Menu/span_Terminales' is clicked on

2023-08-14 11:32:07 - [MESSAGE][PASSED] - Object: 'Object Repository/WIZARD/3Infraestructura/0Menu/span_Terminales' is clicked on

2023-08-14 11:32:07 - [TEST_STEP][PASSED] - delay(3): Delayed 3 second(s)

2023-08-14 11:32:10 - [MESSAGE][PASSED] - Delayed 3 second(s)

2023-08-14 11:32:10 - [TEST_STEP][PASSED] - click(findTestObject("WIZARD/3Infraestructura/5Terminales/0OficinasModal/td_6Virtual - Oficina Virtual")): Object: 'Object Repository/WIZARD/3Infraestructura/5Terminales/0OficinasModal/td_6Virtual - Oficina Virtual' is clicked on

2023-08-14 11:32:10 - [MESSAGE][PASSED] - Object: 'Object Repository/WIZARD/3Infraestructura/5Terminales/0OficinasModal/td_6Virtual - Oficina Virtual' is clicked on

2023-08-14 11:32:10 - [TEST_STEP][PASSED] - delay(3): Delayed 3 second(s)

2023-08-14 11:32:13 - [MESSAGE][PASSED] - Delayed 3 second(s)

2023-08-14 11:32:13 - [TEST_STEP][PASSED] - click(findTestObject("WIZARD/3Infraestructura/5Terminales/Edicion/btn_SeleccionarGrupo")): Object: 'Object Repository/WIZARD/3Infraestructura/5Terminales/Edicion/btn_SeleccionarGrupo' is clicked on

2023-08-14 11:32:14 - [MESSAGE][PASSED] - Object: 'Object Repository/WIZARD/3Infraestructura/5Terminales/Edicion/btn_SeleccionarGrupo' is clicked on

2023-08-14 11:32:14 - [TEST_STEP][PASSED] - delay(3): Delayed 3 second(s)

2023-08-14 11:32:17 - [MESSAGE][PASSED] - Delayed 3 second(s)

2023-08-14 11:32:17 - [TEST_STEP][PASSED] - click(findTestObject("WIZARD/3Infraestructura/5Terminales/Edicion/btn_Seleccionar Grupo(1)/a_Grupo General")): Object: 'Object Repository/WIZARD/3Infraestructura/5Terminales/Edicion/btn_Seleccionar Grupo(1)/a_Grupo General' is clicked on

2023-08-14 11:32:17 - [MESSAGE][PASSED] - Object: 'Object Repository/WIZARD/3Infraestructura/5Terminales/Edicion/btn_Seleccionar Grupo(1)/a_Grupo General' is clicked on

2023-08-14 11:32:17 - [TEST_STEP][PASSED] - delay(3): Delayed 3 second(s)

2023-08-14 11:32:20 - [MESSAGE][PASSED] - Delayed 3 second(s)

2023-08-14 11:32:20 - [TEST_STEP][PASSED] - setText(findTestObject("WIZARD/3Infraestructura/5Terminales/Edicion/input_Nombre"), "A01"): Text 'A01' is set on object 'Object Repository/WIZARD/3Infraestructura/5Terminales/Edicion/input_Nombre'

2023-08-14 11:32:21 - [MESSAGE][PASSED] - Text 'A01' is set on object 'Object Repository/WIZARD/3Infraestructura/5Terminales/Edicion/input_Nombre'

2023-08-14 11:32:21 - [TEST_STEP][PASSED] - setText(findTestObject("WIZARD/3Infraestructura/5Terminales/Edicion/textarea_Descripcion"), "Virtual - Terminal - Informacion"): Text 'Virtual - Terminal - Informacion' is set on object 'Object Repository/WIZARD/3Infraestructura/5Terminales/Edicion/textarea_Descripcion'

2023-08-14 11:32:22 - [MESSAGE][PASSED] - Text 'Virtual - Terminal - Informacion' is set on object 'Object Repository/WIZARD/3Infraestructura/5Terminales/Edicion/textarea_Descripcion'

2023-08-14 11:32:22 - [TEST_STEP][PASSED] - scrollToElement(findTestObject("WIZARD/3Infraestructura/5Terminales/Edicion/Label/label_Mostrar ventana emergente"), 2): Scroll to object 'Object Repository/WIZARD/3Infraestructura/5Terminales/Edicion/Label/label_Mostrar ventana emergente' successfully

2023-08-14 11:32:22 - [MESSAGE][PASSED] - Scroll to object 'Object Repository/WIZARD/3Infraestructura/5Terminales/Edicion/Label/label_Mostrar ventana emergente' successfully

2023-08-14 11:32:22 - [TEST_STEP][PASSED] - check(findTestObject("WIZARD/3Infraestructura/5Terminales/Edicion/Label/label_Mostrar ventana emergente")): Object 'Object Repository/WIZARD/3Infraestructura/5Terminales/Edicion/Label/label_Mostrar ventana emergente' is checked

2023-08-14 11:32:23 - [MESSAGE][PASSED] - Object 'Object Repository/WIZARD/3Infraestructura/5Terminales/Edicion/Label/label_Mostrar ventana emergente' is checked

2023-08-14 11:32:23 - [TEST_STEP][PASSED] - scrollToPosition(0, 0): Browser is scrolled to position x = 0, y = 0

2023-08-14 11:32:23 - [MESSAGE][PASSED] - Browser is scrolled to position x = 0, y = 0

2023-08-14 11:32:23 - [TEST_STEP][PASSED] - delay(2): Delayed 2 second(s)

2023-08-14 11:32:25 - [MESSAGE][PASSED] - Delayed 2 second(s)

2023-08-14 11:32:25 - [TEST_STEP][PASSED] - click(findTestObject("WIZARD/3Infraestructura/5Terminales/Edicion/img_Nuevo")): Object: 'Object Repository/WIZARD/3Infraestructura/5Terminales/Edicion/img_Nuevo' is clicked on

2023-08-14 11:32:25 - [MESSAGE][PASSED] - Object: 'Object Repository/WIZARD/3Infraestructura/5Terminales/Edicion/img_Nuevo' is clicked on

2023-08-14 11:32:25 - [TEST_STEP][PASSED] - delay(3): Delayed 3 second(s)

2023-08-14 11:32:28 - [MESSAGE][PASSED] - Delayed 3 second(s)

2023-08-14 11:32:28 - [TEST_STEP][PASSED] - click(findTestObject("WIZARD/3Infraestructura/0Menu/span_Terminales")): Object: 'Object Repository/WIZARD/3Infraestructura/0Menu/span_Terminales' is clicked on

2023-08-14 11:32:29 - [MESSAGE][PASSED] - Object: 'Object Repository/WIZARD/3Infraestructura/0Menu/span_Terminales' is clicked on

2023-08-14 11:32:29 - [TEST_STEP][PASSED] - delay(3): Delayed 3 second(s)

2023-08-14 11:32:32 - [MESSAGE][PASSED] - Delayed 3 second(s)

2023-08-14 11:32:32 - [TEST_STEP][PASSED] - click(findTestObject("WIZARD/3Infraestructura/5Terminales/0OficinasModal/td_6Virtual - Oficina Virtual")): Object: 'Object Repository/WIZARD/3Infraestructura/5Terminales/0OficinasModal/td_6Virtual - Oficina Virtual' is clicked on

2023-08-14 11:32:32 - [MESSAGE][PASSED] - Object: 'Object Repository/WIZARD/3Infraestructura/5Terminales/0OficinasModal/td_6Virtual - Oficina Virtual' is clicked on

2023-08-14 11:32:32 - [TEST_STEP][PASSED] - delay(3): Delayed 3 second(s)

2023-08-14 11:32:35 - [MESSAGE][PASSED] - Delayed 3 second(s)

2023-08-14 11:32:35 - [TEST_STEP][PASSED] - click(findTestObject("WIZARD/3Infraestructura/5Terminales/Edicion/btn_SeleccionarGrupo")): Object: 'Object Repository/WIZARD/3Infraestructura/5Terminales/Edicion/btn_SeleccionarGrupo' is clicked on

2023-08-14 11:32:36 - [MESSAGE][PASSED] - Object: 'Object Repository/WIZARD/3Infraestructura/5Terminales/Edicion/btn_SeleccionarGrupo' is clicked on

2023-08-14 11:32:36 - [TEST_STEP][PASSED] - delay(3): Delayed 3 second(s)

2023-08-14 11:32:39 - [MESSAGE][PASSED] - Delayed 3 second(s)

2023-08-14 11:32:39 - [TEST_STEP][PASSED] - click(findTestObject("WIZARD/3Infraestructura/5Terminales/Edicion/btn_Seleccionar Grupo(1)/a_Grupo PQRS")): Object: 'Object Repository/WIZARD/3Infraestructura/5Terminales/Edicion/btn_Seleccionar Grupo(1)/a_Grupo PQRS' is clicked on

2023-08-14 11:32:39 - [MESSAGE][PASSED] - Object: 'Object Repository/WIZARD/3Infraestructura/5Terminales/Edicion/btn_Seleccionar Grupo(1)/a_Grupo PQRS' is clicked on

2023-08-14 11:32:39 - [TEST_STEP][PASSED] - delay(3): Delayed 3 second(s)

2023-08-14 11:32:42 - [MESSAGE][PASSED] - Delayed 3 second(s)

2023-08-14 11:32:42 - [TEST_STEP][PASSED] - scrollToElement(findTestObject("WIZARD/3Infraestructura/5Terminales/Edicion/input_Nombre"), 2): Scroll to object 'Object Repository/WIZARD/3Infraestructura/5Terminales/Edicion/input_Nombre' successfully

2023-08-14 11:32:43 - [MESSAGE][PASSED] - Scroll to object 'Object Repository/WIZARD/3Infraestructura/5Terminales/Edicion/input_Nombre' successfully

2023-08-14 11:32:43 - [TEST_STEP][PASSED] - setText(findTestObject("WIZARD/3Infraestructura/5Terminales/Edicion/input_Nombre"), "A02"): Text 'A02' is set on object 'Object Repository/WIZARD/3Infraestructura/5Terminales/Edicion/input_Nombre'

2023-08-14 11:32:43 - [MESSAGE][PASSED] - Text 'A02' is set on object 'Object Repository/WIZARD/3Infraestructura/5Terminales/Edicion/input_Nombre'

2023-08-14 11:32:43 - [TEST_STEP][PASSED] - setText(findTestObject("WIZARD/3Infraestructura/5Terminales/Edicion/textarea_Descripcion"), "Virtual - Terminal - PQRS"): Text 'Virtual - Terminal - PQRS' is set on object 'Object Repository/WIZARD/3Infraestructura/5Terminales/Edicion/textarea_Descripcion'

2023-08-14 11:32:44 - [MESSAGE][PASSED] - Text 'Virtual - Terminal - PQRS' is set on object 'Object Repository/WIZARD/3Infraestructura/5Terminales/Edicion/textarea_Descripcion'

2023-08-14 11:32:44 - [TEST_STEP][PASSED] - scrollToElement(findTestObject("WIZARD/3Infraestructura/5Terminales/Edicion/Label/label_Mostrar ventana emergente"), 2): Scroll to object 'Object Repository/WIZARD/3Infraestructura/5Terminales/Edicion/Label/label_Mostrar ventana emergente' successfully

2023-08-14 11:32:45 - [MESSAGE][PASSED] - Scroll to object 'Object Repository/WIZARD/3Infraestructura/5Terminales/Edicion/Label/label_Mostrar ventana emergente' successfully

2023-08-14 11:32:45 - [TEST_STEP][PASSED] - clearText(findTestObject("WIZARD/3Infraestructura/5Terminales/Edicion/input_Direccion en sala")): Text of object 'Object Repository/WIZARD/3Infraestructura/5Terminales/Edicion/input_Direccion en sala' is cleared

2023-08-14 11:32:45 - [MESSAGE][PASSED] - Text of object 'Object Repository/WIZARD/3Infraestructura/5Terminales/Edicion/input_Direccion en sala' is cleared

2023-08-14 11:32:45 - [TEST_STEP][PASSED] - setText(findTestObject("WIZARD/3Infraestructura/5Terminales/Edicion/input_Direccion en sala"), "2"): Text '2' is set on object 'Object Repository/WIZARD/3Infraestructura/5Terminales/Edicion/input_Direccion en sala'

2023-08-14 11:32:46 - [MESSAGE][PASSED] - Text '2' is set on object 'Object Repository/WIZARD/3Infraestructura/5Terminales/Edicion/input_Direccion en sala'

2023-08-14 11:32:46 - [TEST_STEP][PASSED] - check(findTestObject("WIZARD/3Infraestructura/5Terminales/Edicion/Label/label_Mostrar ventana emergente")): Object 'Object Repository/WIZARD/3Infraestructura/5Terminales/Edicion/Label/label_Mostrar ventana emergente' is checked

2023-08-14 11:32:46 - [MESSAGE][PASSED] - Object 'Object Repository/WIZARD/3Infraestructura/5Terminales/Edicion/Label/label_Mostrar ventana emergente' is checked

2023-08-14 11:32:46 - [TEST_STEP][PASSED] - scrollToPosition(0, 0): Browser is scrolled to position x = 0, y = 0

2023-08-14 11:32:46 - [MESSAGE][PASSED] - Browser is scrolled to position x = 0, y = 0

2023-08-14 11:32:46 - [TEST_STEP][PASSED] - delay(2): Delayed 2 second(s)

2023-08-14 11:32:48 - [MESSAGE][PASSED] - Delayed 2 second(s)

2023-08-14 11:32:48 - [TEST_STEP][PASSED] - click(findTestObject("WIZARD/3Infraestructura/5Terminales/Edicion/img_Nuevo")): Object: 'Object Repository/WIZARD/3Infraestructura/5Terminales/Edicion/img_Nuevo' is clicked on

2023-08-14 11:32:49 - [MESSAGE][PASSED] - Object: 'Object Repository/WIZARD/3Infraestructura/5Terminales/Edicion/img_Nuevo' is clicked on

2023-08-14 11:32:49 - [TEST_STEP][PASSED] - delay(3): Delayed 3 second(s)

2023-08-14 11:32:52 - [MESSAGE][PASSED] - Delayed 3 second(s)

2023-08-14 11:32:52 - [TEST_STEP][PASSED] - click(findTestObject("WIZARD/3Infraestructura/0Menu/span_Terminales")): Object: 'Object Repository/WIZARD/3Infraestructura/0Menu/span_Terminales' is clicked on

2023-08-14 11:32:53 - [MESSAGE][PASSED] - Object: 'Object Repository/WIZARD/3Infraestructura/0Menu/span_Terminales' is clicked on

2023-08-14 11:32:53 - [TEST_STEP][PASSED] - delay(3): Delayed 3 second(s)

2023-08-14 11:32:56 - [MESSAGE][PASSED] - Delayed 3 second(s)

2023-08-14 11:32:56 - [TEST_STEP][PASSED] - click(findTestObject("WIZARD/3Infraestructura/5Terminales/0OficinasModal/td_6Virtual - Oficina Virtual")): Object: 'Object Repository/WIZARD/3Infraestructura/5Terminales/0OficinasModal/td_6Virtual - Oficina Virtual' is clicked on

2023-08-14 11:32:56 - [MESSAGE][PASSED] - Object: 'Object Repository/WIZARD/3Infraestructura/5Terminales/0OficinasModal/td_6Virtual - Oficina Virtual' is clicked on

2023-08-14 11:32:56 - [TEST_STEP][PASSED] - delay(3): Delayed 3 second(s)

2023-08-14 11:32:59 - [MESSAGE][PASSED] - Delayed 3 second(s)

2023-08-14 11:32:59 - [TEST_STEP][PASSED] - click(findTestObject("WIZARD/3Infraestructura/5Terminales/Edicion/btn_SeleccionarGrupo")): Object: 'Object Repository/WIZARD/3Infraestructura/5Terminales/Edicion/btn_SeleccionarGrupo' is clicked on

2023-08-14 11:32:59 - [MESSAGE][PASSED] - Object: 'Object Repository/WIZARD/3Infraestructura/5Terminales/Edicion/btn_SeleccionarGrupo' is clicked on

2023-08-14 11:32:59 - [TEST_STEP][PASSED] - delay(3): Delayed 3 second(s)

2023-08-14 11:33:02 - [MESSAGE][PASSED] - Delayed 3 second(s)

2023-08-14 11:33:02 - [TEST_STEP][PASSED] - click(findTestObject("WIZARD/3Infraestructura/5Terminales/Edicion/btn_Seleccionar Grupo(1)/a_Grupo Radicaciones")): Object: 'Object Repository/WIZARD/3Infraestructura/5Terminales/Edicion/btn_Seleccionar Grupo(1)/a_Grupo Radicaciones' is clicked on

2023-08-14 11:33:03 - [MESSAGE][PASSED] - Object: 'Object Repository/WIZARD/3Infraestructura/5Terminales/Edicion/btn_Seleccionar Grupo(1)/a_Grupo Radicaciones' is clicked on

2023-08-14 11:33:03 - [TEST_STEP][PASSED] - delay(3): Delayed 3 second(s)

2023-08-14 11:33:06 - [MESSAGE][PASSED] - Delayed 3 second(s)

2023-08-14 11:33:06 - [TEST_STEP][PASSED] - scrollToElement(findTestObject("WIZARD/3Infraestructura/5Terminales/Edicion/input_Nombre"), 2): Scroll to object 'Object Repository/WIZARD/3Infraestructura/5Terminales/Edicion/input_Nombre' successfully

2023-08-14 11:33:06 - [MESSAGE][PASSED] - Scroll to object 'Object Repository/WIZARD/3Infraestructura/5Terminales/Edicion/input_Nombre' successfully

2023-08-14 11:33:06 - [TEST_STEP][PASSED] - setText(findTestObject("WIZARD/3Infraestructura/5Terminales/Edicion/input_Nombre"), "A03"): Text 'A03' is set on object 'Object Repository/WIZARD/3Infraestructura/5Terminales/Edicion/input_Nombre'

2023-08-14 11:33:07 - [MESSAGE][PASSED] - Text 'A03' is set on object 'Object Repository/WIZARD/3Infraestructura/5Terminales/Edicion/input_Nombre'

2023-08-14 11:33:07 - [TEST_STEP][PASSED] - setText(findTestObject("WIZARD/3Infraestructura/5Terminales/Edicion/textarea_Descripcion"), "Virtual - Terminal - Radicaciones"): Text 'Virtual - Terminal - Radicaciones' is set on object 'Object Repository/WIZARD/3Infraestructura/5Terminales/Edicion/textarea_Descripcion'

2023-08-14 11:33:08 - [MESSAGE][PASSED] - Text 'Virtual - Terminal - Radicaciones' is set on object 'Object Repository/WIZARD/3Infraestructura/5Terminales/Edicion/textarea_Descripcion'

2023-08-14 11:33:08 - [TEST_STEP][PASSED] - scrollToElement(findTestObject("WIZARD/3Infraestructura/5Terminales/Edicion/Label/label_Mostrar ventana emergente"), 2): Scroll to object 'Object Repository/WIZARD/3Infraestructura/5Terminales/Edicion/Label/label_Mostrar ventana emergente' successfully

2023-08-14 11:33:08 - [MESSAGE][PASSED] - Scroll to object 'Object Repository/WIZARD/3Infraestructura/5Terminales/Edicion/Label/label_Mostrar ventana emergente' successfully

2023-08-14 11:33:08 - [TEST_STEP][PASSED] - clearText(findTestObject("WIZARD/3Infraestructura/5Terminales/Edicion/input_Direccion en sala")): Text of object 'Object Repository/WIZARD/3Infraestructura/5Terminales/Edicion/input_Direccion en sala' is cleared

2023-08-14 11:33:09 - [MESSAGE][PASSED] - Text of object 'Object Repository/WIZARD/3Infraestructura/5Terminales/Edicion/input_Direccion en sala' is cleared

2023-08-14 11:33:09 - [TEST_STEP][PASSED] - setText(findTestObject("WIZARD/3Infraestructura/5Terminales/Edicion/input_Direccion en sala"), "3"): Text '3' is set on object 'Object Repository/WIZARD/3Infraestructura/5Terminales/Edicion/input_Direccion en sala'

2023-08-14 11:33:09 - [MESSAGE][PASSED] - Text '3' is set on object 'Object Repository/WIZARD/3Infraestructura/5Terminales/Edicion/input_Direccion en sala'

2023-08-14 11:33:09 - [TEST_STEP][PASSED] - check(findTestObject("WIZARD/3Infraestructura/5Terminales/Edicion/Label/label_Mostrar ventana emergente")): Object 'Object Repository/WIZARD/3Infraestructura/5Terminales/Edicion/Label/label_Mostrar ventana emergente' is checked

2023-08-14 11:33:10 - [MESSAGE][PASSED] - Object 'Object Repository/WIZARD/3Infraestructura/5Terminales/Edicion/Label/label_Mostrar ventana emergente' is checked

2023-08-14 11:33:10 - [TEST_STEP][PASSED] - scrollToPosition(0, 0): Browser is scrolled to position x = 0, y = 0

2023-08-14 11:33:10 - [MESSAGE][PASSED] - Browser is scrolled to position x = 0, y = 0

2023-08-14 11:33:10 - [TEST_STEP][PASSED] - delay(2): Delayed 2 second(s)

2023-08-14 11:33:12 - [MESSAGE][PASSED] - Delayed 2 second(s)

2023-08-14 11:33:12 - [TEST_STEP][PASSED] - click(findTestObject("WIZARD/3Infraestructura/5Terminales/Edicion/img_Nuevo")): Object: 'Object Repository/WIZARD/3Infraestructura/5Terminales/Edicion/img_Nuevo' is clicked on

2023-08-14 11:33:12 - [MESSAGE][PASSED] - Object: 'Object Repository/WIZARD/3Infraestructura/5Terminales/Edicion/img_Nuevo' is clicked on

2023-08-14 11:33:12 - [TEST_STEP][PASSED] - delay(3): Delayed 3 second(s)

2023-08-14 11:33:15 - [MESSAGE][PASSED] - Delayed 3 second(s)

2023-08-14 11:33:15 - [TEST_STEP][PASSED] - scrollToPosition(0, 0): Browser is scrolled to position x = 0, y = 0

2023-08-14 11:33:15 - [MESSAGE][PASSED] - Browser is scrolled to position x = 0, y = 0

2023-08-14 11:33:15 - [TEST_STEP][PASSED] - delay(2): Delayed 2 second(s)

2023-08-14 11:33:17 - [MESSAGE][PASSED] - Delayed 2 second(s)

2023-08-14 11:33:17 - [TEST_STEP][PASSED] - takeFullPageScreenshot(): Taking screenshot successfully

2023-08-14 11:33:18 - [MESSAGE][INFO] - 0 hidden object(s)

2023-08-14 11:33:18 - [MESSAGE][PASSED] - Taking screenshot successfully
[[ATTACHMENT|C:\\CIEL INGENIERIA\\Katalon\\Digiturno55\\Reports\\20230814_104251\\WIZARD\\3Infraestructura\\5Terminales\\5.5 Crear Terminales Virtual\\20230814_104400\\1692030797919.png]]

2023-08-14 11:33:18 - [TEST_STEP][PASSED] - delay(2): Delayed 2 second(s)

2023-08-14 11:33:20 - [MESSAGE][PASSED] - Delayed 2 second(s)

2023-08-14 11:33:20 - [TEST_STEP][PASSED] - Start listener action : sampleAfterTestCase: null]]></system-out>
         <system-err><![CDATA[]]></system-err>
      </testcase>
      <system-out><![CDATA[2023-08-14 11:31:50 - [TEST_SUITE][PASSED] - 5.5 Crear Terminales Virtual: Test Cases/WIZARD/3Infraestructura/5Terminales/5.5 Crear Terminales Virtual]]></system-out>
      <system-err><![CDATA[]]></system-err>
   </testsuite>
</testsuites>
