<?xml version="1.0" encoding="UTF-8"?>
<testsuites name="30 Sistema" time="22.4" tests="1" failures="0" errors="0">
   <testsuite name="30 Sistema" tests="1" failures="0" errors="0" time="22.4" skipped="0" timestamp="2023-07-11 11:55:44" hostname="jdavila - PCPruebas101.ciel.cielingenieria.com" id="Test Suites/DIGITURNO/BASICO/30 Sistema">
      <properties>
         <property name="deviceName" value=""/>
         <property name="devicePlatform" value=""/>
         <property name="logFolder" value="C:\\CIEL INGENIERIA\\Katalon\\Digiturno55\\Reports\\20230711_113602\\DIGITURNO\\BASICO\\30 Sistema\\20230711_113627"/>
         <property name="logFiles" value="C:\\CIEL INGENIERIA\\Katalon\\Digiturno55\\Reports\\20230711_113602\\DIGITURNO\\BASICO\\30 Sistema\\20230711_113627\\execution0.log"/>
         <property name="attachments" value="C:\\CIEL INGENIERIA\\Katalon\\Digiturno55\\Reports\\20230711_113602\\DIGITURNO\\BASICO\\30 Sistema\\20230711_113627\\1689094562960.png"/>
         <property name="hostName" value="jdavila - PCPruebas101.ciel.cielingenieria.com"/>
         <property name="os" value="Windows 10 64bit"/>
         <property name="katalonVersion" value="8.6.0.208"/>
         <property name="browser" value="Chrome 114.0.0.0"/>
         <property name="hostAddress" value="192.168.0.33"/>
         <property name="sessionId" value="e28c27c161c754ac1f4cf5659b268405"/>
         <property name="seleniumVersion" value="3.141.59"/>
         <property name="proxyInformation" value="ProxyInformation { proxyOption=NO_PROXY, proxyServerType=HTTP, username=, password=********, proxyServerAddress=, proxyServerPort=0, executionList=&quot;&quot;, isApplyToDesiredCapabilities=true }"/>
         <property name="platform" value="Windows 10"/>
      </properties>
      <testcase name="Test Cases/DIGITURNO/BASICO/30 Sistema" time="22.162" classname="Test Cases/DIGITURNO/BASICO/30 Sistema" status="PASSED">
         <system-out><![CDATA[2023-07-11 11:55:44 - [TEST_CASE][PASSED] - Test Cases/DIGITURNO/BASICO/30 Sistema: Test Cases/DIGITURNO/BASICO/30 Sistema

2023-07-11 11:55:44 - [TEST_STEP][PASSED] - callTestCase(findTestCase("0InicioSesion"), [:], STOP_ON_FAILURE): Call Test Case 'Test Cases/0InicioSesion' successfully

2023-07-11 11:55:44 - [TEST_CASE][PASSED] - Test Cases/0InicioSesion: Test Cases/0InicioSesion

2023-07-11 11:55:45 - [TEST_STEP][PASSED] - openBrowser(UrlDigiturno): Browser is opened with url: 'https://PCPruebas101.ciel.cielingenieria.com:8810'

2023-07-11 11:55:45 - [MESSAGE][INFO] - Starting 'Chrome' driver

2023-07-11 11:55:45 - [MESSAGE][INFO] - User set preference: ['args', '[--use-fake-ui-for-media-stream, --disable-notifications]']

2023-07-11 11:55:45 - [MESSAGE][INFO] - Action delay is set to 0 milliseconds

2023-07-11 11:55:47 - [MESSAGE][PASSED] - Browser is opened with url: 'https://PCPruebas101.ciel.cielingenieria.com:8810'

2023-07-11 11:55:47 - [TEST_STEP][PASSED] - maximizeWindow(): Current window maximized

2023-07-11 11:55:47 - [MESSAGE][PASSED] - Current window maximized

2023-07-11 11:55:47 - [TEST_STEP][PASSED] - delay(3): Delayed 3 second(s)

2023-07-11 11:55:50 - [MESSAGE][PASSED] - Delayed 3 second(s)

2023-07-11 11:55:50 - [TEST_STEP][PASSED] - setText(findTestObject("0Inicio Sesion/input_Usuario"), "Ciel"): Text 'Ciel' is set on object 'Object Repository/0Inicio Sesion/input_Usuario'

2023-07-11 11:55:51 - [MESSAGE][PASSED] - Text 'Ciel' is set on object 'Object Repository/0Inicio Sesion/input_Usuario'

2023-07-11 11:55:51 - [TEST_STEP][PASSED] - setText(findTestObject("0Inicio Sesion/input_Clave"), "digiturno"): Text 'digiturno' is set on object 'Object Repository/0Inicio Sesion/input_Clave'

2023-07-11 11:55:52 - [MESSAGE][PASSED] - Text 'digiturno' is set on object 'Object Repository/0Inicio Sesion/input_Clave'

2023-07-11 11:55:52 - [TEST_STEP][PASSED] - click(findTestObject("0Inicio Sesion/btn_IniciarSesion")): Object: 'Object Repository/0Inicio Sesion/btn_IniciarSesion' is clicked on

2023-07-11 11:55:52 - [MESSAGE][PASSED] - Object: 'Object Repository/0Inicio Sesion/btn_IniciarSesion' is clicked on

2023-07-11 11:55:52 - [TEST_STEP][PASSED] - delay(3): Delayed 3 second(s)

2023-07-11 11:55:55 - [MESSAGE][PASSED] - Delayed 3 second(s)

2023-07-11 11:55:55 - [MESSAGE][PASSED] - Call Test Case 'Test Cases/0InicioSesion' successfully

2023-07-11 11:55:55 - [TEST_STEP][PASSED] - click(findTestObject("DIGITURNO/1Principal/img_Configuracion(1)")): Object: 'Object Repository/DIGITURNO/1Principal/img_Configuracion(1)' is clicked on

2023-07-11 11:55:56 - [MESSAGE][PASSED] - Object: 'Object Repository/DIGITURNO/1Principal/img_Configuracion(1)' is clicked on

2023-07-11 11:55:56 - [TEST_STEP][PASSED] - delay(3): Delayed 3 second(s)

2023-07-11 11:55:59 - [MESSAGE][PASSED] - Delayed 3 second(s)

2023-07-11 11:55:59 - [TEST_STEP][PASSED] - click(findTestObject("DIGITURNO/CONFIGURACION/0Principal/img_7Sistema")): Object: 'Object Repository/DIGITURNO/CONFIGURACION/0Principal/img_7Sistema' is clicked on

2023-07-11 11:55:59 - [MESSAGE][PASSED] - Object: 'Object Repository/DIGITURNO/CONFIGURACION/0Principal/img_7Sistema' is clicked on

2023-07-11 11:55:59 - [TEST_STEP][PASSED] - delay(3): Delayed 3 second(s)

2023-07-11 11:56:02 - [MESSAGE][PASSED] - Delayed 3 second(s)

2023-07-11 11:56:02 - [TEST_STEP][PASSED] - takeFullPageScreenshot(): Taking screenshot successfully

2023-07-11 11:56:03 - [MESSAGE][INFO] - 0 hidden object(s)

2023-07-11 11:56:03 - [MESSAGE][PASSED] - Taking screenshot successfully
[[ATTACHMENT|C:\\CIEL INGENIERIA\\Katalon\\Digiturno55\\Reports\\20230711_113602\\DIGITURNO\\BASICO\\30 Sistema\\20230711_113627\\1689094562960.png]]

2023-07-11 11:56:03 - [TEST_STEP][PASSED] - delay(3): Delayed 3 second(s)

2023-07-11 11:56:06 - [MESSAGE][PASSED] - Delayed 3 second(s)

2023-07-11 11:56:06 - [TEST_STEP][PASSED] - Start listener action : sampleAfterTestCase: null]]></system-out>
         <system-err><![CDATA[]]></system-err>
      </testcase>
      <system-out><![CDATA[2023-07-11 11:55:44 - [TEST_SUITE][PASSED] - 30 Sistema: Test Cases/DIGITURNO/BASICO/30 Sistema]]></system-out>
      <system-err><![CDATA[]]></system-err>
   </testsuite>
</testsuites>
