<?xml version="1.0" encoding="UTF-8"?>
<testsuites name="4.2 Crear Elementos Geograficos Departamento" time="77.711" tests="1" failures="0" errors="0">
   <testsuite name="4.2 Crear Elementos Geograficos Departamento" tests="1" failures="0" errors="0" time="77.711" skipped="0" timestamp="2024-04-02 14:35:16" hostname="jdavila - PCPruebas101.ciel.cielingenieria.com" id="Test Suites/WIZARD/2Estructura Geografica/4.2 Crear Elementos Geograficos Departamento">
      <properties>
         <property name="deviceName" value=""/>
         <property name="devicePlatform" value=""/>
         <property name="logFolder" value="C:\\CIEL INGENIERIA\\Katalon\\Digiturno55\\Reports\\20240402_143319\\WIZARD\\2Estructura Geografica\\4.2 Crear Elementos Geograficos Departamento\\20240402_143324"/>
         <property name="logFiles" value="C:\\CIEL INGENIERIA\\Katalon\\Digiturno55\\Reports\\20240402_143319\\WIZARD\\2Estructura Geografica\\4.2 Crear Elementos Geograficos Departamento\\20240402_143324\\execution0.log"/>
         <property name="attachments" value="C:\\CIEL INGENIERIA\\Katalon\\Digiturno55\\Reports\\20240402_143319\\WIZARD\\2Estructura Geografica\\4.2 Crear Elementos Geograficos Departamento\\20240402_143324\\1712086589954.png"/>
         <property name="hostName" value="jdavila - PCPruebas101.ciel.cielingenieria.com"/>
         <property name="os" value="Windows 10 64bit"/>
         <property name="katalonVersion" value="8.6.9.208"/>
         <property name="browser" value="Chrome 123.0.0.0"/>
         <property name="hostAddress" value="192.168.91.18"/>
         <property name="sessionId" value="25dea7aa34e14a5defb4205a1b173406"/>
         <property name="seleniumVersion" value="3.141.59"/>
         <property name="proxyInformation" value="ProxyInformation { proxyOption=NO_PROXY, proxyServerType=HTTP, username=, password=********, proxyServerAddress=, proxyServerPort=0, executionList=&quot;&quot;, isApplyToDesiredCapabilities=true }"/>
         <property name="platform" value="Windows 10"/>
      </properties>
      <testcase name="Test Cases/WIZARD/2Estructura Geografica/4.2 Crear Elementos Geograficos Departamento" time="77.455" classname="Test Cases/WIZARD/2Estructura Geografica/4.2 Crear Elementos Geograficos Departamento" status="PASSED">
         <system-out><![CDATA[2024-04-02 14:35:16 - [TEST_CASE][PASSED] - Test Cases/WIZARD/2Estructura Geografica/4.2 Crear Elementos Geograficos Departamento: Test Cases/WIZARD/2Estructura Geografica/4.2 Crear Elementos Geograficos Departamento

2024-04-02 14:35:16 - [TEST_STEP][PASSED] - callTestCase(findTestCase("0InicioSesion"), [:], STOP_ON_FAILURE): Call Test Case 'Test Cases/0InicioSesion' successfully

2024-04-02 14:35:16 - [TEST_CASE][PASSED] - Test Cases/0InicioSesion: Test Cases/0InicioSesion

2024-04-02 14:35:17 - [TEST_STEP][PASSED] - openBrowser(UrlDigiturno): Browser is opened with url: 'https://PCPruebas101.ciel.cielingenieria.com:8910'

2024-04-02 14:35:17 - [MESSAGE][INFO] - Starting 'Chrome' driver

2024-04-02 14:35:17 - [MESSAGE][INFO] - User set preference: ['args', '[--use-fake-ui-for-media-stream, --disable-notifications]']

2024-04-02 14:35:17 - [MESSAGE][INFO] - Action delay is set to 0 milliseconds

2024-04-02 14:35:20 - [MESSAGE][PASSED] - Browser is opened with url: 'https://PCPruebas101.ciel.cielingenieria.com:8910'

2024-04-02 14:35:20 - [TEST_STEP][PASSED] - maximizeWindow(): Current window maximized

2024-04-02 14:35:20 - [MESSAGE][PASSED] - Current window maximized

2024-04-02 14:35:20 - [TEST_STEP][PASSED] - delay(3): Delayed 3 second(s)

2024-04-02 14:35:23 - [MESSAGE][PASSED] - Delayed 3 second(s)

2024-04-02 14:35:23 - [TEST_STEP][PASSED] - setText(findTestObject("0Inicio Sesion/input_Usuario"), "Ciel"): Text 'Ciel' is set on object 'Object Repository/0Inicio Sesion/input_Usuario'

2024-04-02 14:35:24 - [MESSAGE][PASSED] - Text 'Ciel' is set on object 'Object Repository/0Inicio Sesion/input_Usuario'

2024-04-02 14:35:24 - [TEST_STEP][PASSED] - setText(findTestObject("0Inicio Sesion/input_Clave"), "digiturno"): Text 'digiturno' is set on object 'Object Repository/0Inicio Sesion/input_Clave'

2024-04-02 14:35:25 - [MESSAGE][PASSED] - Text 'digiturno' is set on object 'Object Repository/0Inicio Sesion/input_Clave'

2024-04-02 14:35:25 - [TEST_STEP][PASSED] - click(findTestObject("0Inicio Sesion/btn_IniciarSesion")): Object: 'Object Repository/0Inicio Sesion/btn_IniciarSesion' is clicked on

2024-04-02 14:35:25 - [MESSAGE][PASSED] - Object: 'Object Repository/0Inicio Sesion/btn_IniciarSesion' is clicked on

2024-04-02 14:35:25 - [TEST_STEP][PASSED] - delay(3): Delayed 3 second(s)

2024-04-02 14:35:28 - [MESSAGE][PASSED] - Delayed 3 second(s)

2024-04-02 14:35:28 - [MESSAGE][PASSED] - Call Test Case 'Test Cases/0InicioSesion' successfully

2024-04-02 14:35:28 - [TEST_STEP][PASSED] - click(findTestObject("WIZARD/0Principal/img_EstructuraGeograficaMAX")): Object: 'Object Repository/WIZARD/0Principal/img_EstructuraGeograficaMAX' is clicked on

2024-04-02 14:35:29 - [MESSAGE][PASSED] - Object: 'Object Repository/WIZARD/0Principal/img_EstructuraGeograficaMAX' is clicked on

2024-04-02 14:35:29 - [TEST_STEP][PASSED] - delay(3): Delayed 3 second(s)

2024-04-02 14:35:32 - [MESSAGE][PASSED] - Delayed 3 second(s)

2024-04-02 14:35:32 - [TEST_STEP][PASSED] - click(findTestObject("WIZARD/2Estructura Geografica/0Arbol Geografico/span_Elementos geograficos")): Object: 'Object Repository/WIZARD/2Estructura Geografica/0Arbol Geografico/span_Elementos geograficos' is clicked on

2024-04-02 14:35:32 - [MESSAGE][PASSED] - Object: 'Object Repository/WIZARD/2Estructura Geografica/0Arbol Geografico/span_Elementos geograficos' is clicked on

2024-04-02 14:35:32 - [TEST_STEP][PASSED] - delay(3): Delayed 3 second(s)

2024-04-02 14:35:35 - [MESSAGE][PASSED] - Delayed 3 second(s)

2024-04-02 14:35:35 - [TEST_STEP][PASSED] - click(findTestObject("WIZARD/2Estructura Geografica/2Elementos Geograficos/Niveles Geograficos/option_Departamento")): Object: 'Object Repository/WIZARD/2Estructura Geografica/2Elementos Geograficos/Niveles Geograficos/option_Departamento' is clicked on

2024-04-02 14:35:36 - [MESSAGE][PASSED] - Object: 'Object Repository/WIZARD/2Estructura Geografica/2Elementos Geograficos/Niveles Geograficos/option_Departamento' is clicked on

2024-04-02 14:35:36 - [TEST_STEP][PASSED] - delay(3): Delayed 3 second(s)

2024-04-02 14:35:39 - [MESSAGE][PASSED] - Delayed 3 second(s)

2024-04-02 14:35:39 - [TEST_STEP][PASSED] - setText(findTestObject("WIZARD/2Estructura Geografica/2Elementos Geograficos/Edicion Elemento Geografico/input_Nombre elemento"), "Cundinamarca"): Text 'Cundinamarca' is set on object 'Object Repository/WIZARD/2Estructura Geografica/2Elementos Geograficos/Edicion Elemento Geografico/input_Nombre elemento'

2024-04-02 14:35:40 - [MESSAGE][PASSED] - Text 'Cundinamarca' is set on object 'Object Repository/WIZARD/2Estructura Geografica/2Elementos Geograficos/Edicion Elemento Geografico/input_Nombre elemento'

2024-04-02 14:35:40 - [TEST_STEP][PASSED] - click(findTestObject("WIZARD/2Estructura Geografica/2Elementos Geograficos/Edicion Elemento Geografico/btn_Nuevo")): Object: 'Object Repository/WIZARD/2Estructura Geografica/2Elementos Geograficos/Edicion Elemento Geografico/btn_Nuevo' is clicked on

2024-04-02 14:35:40 - [MESSAGE][PASSED] - Object: 'Object Repository/WIZARD/2Estructura Geografica/2Elementos Geograficos/Edicion Elemento Geografico/btn_Nuevo' is clicked on

2024-04-02 14:35:40 - [TEST_STEP][PASSED] - delay(3): Delayed 3 second(s)

2024-04-02 14:35:43 - [MESSAGE][PASSED] - Delayed 3 second(s)

2024-04-02 14:35:43 - [TEST_STEP][PASSED] - click(findTestObject("WIZARD/2Estructura Geografica/2Elementos Geograficos/Niveles Geograficos/option_Departamento")): Object: 'Object Repository/WIZARD/2Estructura Geografica/2Elementos Geograficos/Niveles Geograficos/option_Departamento' is clicked on

2024-04-02 14:35:44 - [MESSAGE][PASSED] - Object: 'Object Repository/WIZARD/2Estructura Geografica/2Elementos Geograficos/Niveles Geograficos/option_Departamento' is clicked on

2024-04-02 14:35:44 - [TEST_STEP][PASSED] - delay(3): Delayed 3 second(s)

2024-04-02 14:35:47 - [MESSAGE][PASSED] - Delayed 3 second(s)

2024-04-02 14:35:47 - [TEST_STEP][PASSED] - setText(findTestObject("WIZARD/2Estructura Geografica/2Elementos Geograficos/Edicion Elemento Geografico/input_Nombre elemento"), "Valle del Cauca"): Text 'Valle del Cauca' is set on object 'Object Repository/WIZARD/2Estructura Geografica/2Elementos Geograficos/Edicion Elemento Geografico/input_Nombre elemento'

2024-04-02 14:35:47 - [MESSAGE][PASSED] - Text 'Valle del Cauca' is set on object 'Object Repository/WIZARD/2Estructura Geografica/2Elementos Geograficos/Edicion Elemento Geografico/input_Nombre elemento'

2024-04-02 14:35:47 - [TEST_STEP][PASSED] - click(findTestObject("WIZARD/2Estructura Geografica/2Elementos Geograficos/Edicion Elemento Geografico/btn_Nuevo")): Object: 'Object Repository/WIZARD/2Estructura Geografica/2Elementos Geograficos/Edicion Elemento Geografico/btn_Nuevo' is clicked on

2024-04-02 14:35:48 - [MESSAGE][PASSED] - Object: 'Object Repository/WIZARD/2Estructura Geografica/2Elementos Geograficos/Edicion Elemento Geografico/btn_Nuevo' is clicked on

2024-04-02 14:35:48 - [TEST_STEP][PASSED] - delay(3): Delayed 3 second(s)

2024-04-02 14:35:51 - [MESSAGE][PASSED] - Delayed 3 second(s)

2024-04-02 14:35:51 - [TEST_STEP][PASSED] - click(findTestObject("WIZARD/2Estructura Geografica/2Elementos Geograficos/Niveles Geograficos/option_Departamento")): Object: 'Object Repository/WIZARD/2Estructura Geografica/2Elementos Geograficos/Niveles Geograficos/option_Departamento' is clicked on

2024-04-02 14:35:51 - [MESSAGE][PASSED] - Object: 'Object Repository/WIZARD/2Estructura Geografica/2Elementos Geograficos/Niveles Geograficos/option_Departamento' is clicked on

2024-04-02 14:35:51 - [TEST_STEP][PASSED] - delay(3): Delayed 3 second(s)

2024-04-02 14:35:54 - [MESSAGE][PASSED] - Delayed 3 second(s)

2024-04-02 14:35:54 - [TEST_STEP][PASSED] - setText(findTestObject("WIZARD/2Estructura Geografica/2Elementos Geograficos/Edicion Elemento Geografico/input_Nombre elemento"), "Bolivar"): Text 'Bolivar' is set on object 'Object Repository/WIZARD/2Estructura Geografica/2Elementos Geograficos/Edicion Elemento Geografico/input_Nombre elemento'

2024-04-02 14:35:55 - [MESSAGE][PASSED] - Text 'Bolivar' is set on object 'Object Repository/WIZARD/2Estructura Geografica/2Elementos Geograficos/Edicion Elemento Geografico/input_Nombre elemento'

2024-04-02 14:35:55 - [TEST_STEP][PASSED] - click(findTestObject("WIZARD/2Estructura Geografica/2Elementos Geograficos/Edicion Elemento Geografico/btn_Nuevo")): Object: 'Object Repository/WIZARD/2Estructura Geografica/2Elementos Geograficos/Edicion Elemento Geografico/btn_Nuevo' is clicked on

2024-04-02 14:35:56 - [MESSAGE][PASSED] - Object: 'Object Repository/WIZARD/2Estructura Geografica/2Elementos Geograficos/Edicion Elemento Geografico/btn_Nuevo' is clicked on

2024-04-02 14:35:56 - [TEST_STEP][PASSED] - delay(3): Delayed 3 second(s)

2024-04-02 14:35:59 - [MESSAGE][PASSED] - Delayed 3 second(s)

2024-04-02 14:35:59 - [TEST_STEP][PASSED] - click(findTestObject("WIZARD/2Estructura Geografica/2Elementos Geograficos/Niveles Geograficos/option_Departamento")): Object: 'Object Repository/WIZARD/2Estructura Geografica/2Elementos Geograficos/Niveles Geograficos/option_Departamento' is clicked on

2024-04-02 14:35:59 - [MESSAGE][PASSED] - Object: 'Object Repository/WIZARD/2Estructura Geografica/2Elementos Geograficos/Niveles Geograficos/option_Departamento' is clicked on

2024-04-02 14:35:59 - [TEST_STEP][PASSED] - delay(3): Delayed 3 second(s)

2024-04-02 14:36:02 - [MESSAGE][PASSED] - Delayed 3 second(s)

2024-04-02 14:36:02 - [TEST_STEP][PASSED] - setText(findTestObject("WIZARD/2Estructura Geografica/2Elementos Geograficos/Edicion Elemento Geografico/input_Nombre elemento"), "Caldas"): Text 'Caldas' is set on object 'Object Repository/WIZARD/2Estructura Geografica/2Elementos Geograficos/Edicion Elemento Geografico/input_Nombre elemento'

2024-04-02 14:36:03 - [MESSAGE][PASSED] - Text 'Caldas' is set on object 'Object Repository/WIZARD/2Estructura Geografica/2Elementos Geograficos/Edicion Elemento Geografico/input_Nombre elemento'

2024-04-02 14:36:03 - [TEST_STEP][PASSED] - click(findTestObject("WIZARD/2Estructura Geografica/2Elementos Geograficos/Edicion Elemento Geografico/btn_Nuevo")): Object: 'Object Repository/WIZARD/2Estructura Geografica/2Elementos Geograficos/Edicion Elemento Geografico/btn_Nuevo' is clicked on

2024-04-02 14:36:03 - [MESSAGE][PASSED] - Object: 'Object Repository/WIZARD/2Estructura Geografica/2Elementos Geograficos/Edicion Elemento Geografico/btn_Nuevo' is clicked on

2024-04-02 14:36:03 - [TEST_STEP][PASSED] - delay(3): Delayed 3 second(s)

2024-04-02 14:36:06 - [MESSAGE][PASSED] - Delayed 3 second(s)

2024-04-02 14:36:06 - [TEST_STEP][PASSED] - click(findTestObject("WIZARD/2Estructura Geografica/2Elementos Geograficos/Niveles Geograficos/option_Departamento")): Object: 'Object Repository/WIZARD/2Estructura Geografica/2Elementos Geograficos/Niveles Geograficos/option_Departamento' is clicked on

2024-04-02 14:36:07 - [MESSAGE][PASSED] - Object: 'Object Repository/WIZARD/2Estructura Geografica/2Elementos Geograficos/Niveles Geograficos/option_Departamento' is clicked on

2024-04-02 14:36:07 - [TEST_STEP][PASSED] - delay(3): Delayed 3 second(s)

2024-04-02 14:36:10 - [MESSAGE][PASSED] - Delayed 3 second(s)

2024-04-02 14:36:10 - [TEST_STEP][PASSED] - setText(findTestObject("WIZARD/2Estructura Geografica/2Elementos Geograficos/Edicion Elemento Geografico/input_Nombre elemento"), "Dpto Virtual"): Text 'Dpto Virtual' is set on object 'Object Repository/WIZARD/2Estructura Geografica/2Elementos Geograficos/Edicion Elemento Geografico/input_Nombre elemento'

2024-04-02 14:36:11 - [MESSAGE][PASSED] - Text 'Dpto Virtual' is set on object 'Object Repository/WIZARD/2Estructura Geografica/2Elementos Geograficos/Edicion Elemento Geografico/input_Nombre elemento'

2024-04-02 14:36:11 - [TEST_STEP][PASSED] - click(findTestObject("WIZARD/2Estructura Geografica/2Elementos Geograficos/Edicion Elemento Geografico/btn_Nuevo")): Object: 'Object Repository/WIZARD/2Estructura Geografica/2Elementos Geograficos/Edicion Elemento Geografico/btn_Nuevo' is clicked on

2024-04-02 14:36:11 - [MESSAGE][PASSED] - Object: 'Object Repository/WIZARD/2Estructura Geografica/2Elementos Geograficos/Edicion Elemento Geografico/btn_Nuevo' is clicked on

2024-04-02 14:36:11 - [TEST_STEP][PASSED] - delay(3): Delayed 3 second(s)

2024-04-02 14:36:14 - [MESSAGE][PASSED] - Delayed 3 second(s)

2024-04-02 14:36:14 - [TEST_STEP][PASSED] - click(findTestObject("WIZARD/2Estructura Geografica/2Elementos Geograficos/Niveles Geograficos/option_Departamento")): Object: 'Object Repository/WIZARD/2Estructura Geografica/2Elementos Geograficos/Niveles Geograficos/option_Departamento' is clicked on

2024-04-02 14:36:14 - [MESSAGE][PASSED] - Object: 'Object Repository/WIZARD/2Estructura Geografica/2Elementos Geograficos/Niveles Geograficos/option_Departamento' is clicked on

2024-04-02 14:36:14 - [TEST_STEP][PASSED] - delay(3): Delayed 3 second(s)

2024-04-02 14:36:17 - [MESSAGE][PASSED] - Delayed 3 second(s)

2024-04-02 14:36:17 - [TEST_STEP][PASSED] - setText(findTestObject("WIZARD/2Estructura Geografica/2Elementos Geograficos/Edicion Elemento Geografico/input_Nombre elemento"), "Dpto WorkFlow"): Text 'Dpto WorkFlow' is set on object 'Object Repository/WIZARD/2Estructura Geografica/2Elementos Geograficos/Edicion Elemento Geografico/input_Nombre elemento'

2024-04-02 14:36:18 - [MESSAGE][PASSED] - Text 'Dpto WorkFlow' is set on object 'Object Repository/WIZARD/2Estructura Geografica/2Elementos Geograficos/Edicion Elemento Geografico/input_Nombre elemento'

2024-04-02 14:36:18 - [TEST_STEP][PASSED] - click(findTestObject("WIZARD/2Estructura Geografica/2Elementos Geograficos/Edicion Elemento Geografico/btn_Nuevo")): Object: 'Object Repository/WIZARD/2Estructura Geografica/2Elementos Geograficos/Edicion Elemento Geografico/btn_Nuevo' is clicked on

2024-04-02 14:36:19 - [MESSAGE][PASSED] - Object: 'Object Repository/WIZARD/2Estructura Geografica/2Elementos Geograficos/Edicion Elemento Geografico/btn_Nuevo' is clicked on

2024-04-02 14:36:19 - [TEST_STEP][PASSED] - delay(3): Delayed 3 second(s)

2024-04-02 14:36:22 - [MESSAGE][PASSED] - Delayed 3 second(s)

2024-04-02 14:36:22 - [TEST_STEP][PASSED] - click(findTestObject("WIZARD/2Estructura Geografica/2Elementos Geograficos/Niveles Geograficos/option_Departamento")): Object: 'Object Repository/WIZARD/2Estructura Geografica/2Elementos Geograficos/Niveles Geograficos/option_Departamento' is clicked on

2024-04-02 14:36:22 - [MESSAGE][PASSED] - Object: 'Object Repository/WIZARD/2Estructura Geografica/2Elementos Geograficos/Niveles Geograficos/option_Departamento' is clicked on

2024-04-02 14:36:22 - [TEST_STEP][PASSED] - delay(3): Delayed 3 second(s)

2024-04-02 14:36:25 - [MESSAGE][PASSED] - Delayed 3 second(s)

2024-04-02 14:36:25 - [TEST_STEP][PASSED] - setText(findTestObject("WIZARD/2Estructura Geografica/2Elementos Geograficos/Edicion Elemento Geografico/input_Nombre elemento"), "Antioquia"): Text 'Antioquia' is set on object 'Object Repository/WIZARD/2Estructura Geografica/2Elementos Geograficos/Edicion Elemento Geografico/input_Nombre elemento'

2024-04-02 14:36:26 - [MESSAGE][PASSED] - Text 'Antioquia' is set on object 'Object Repository/WIZARD/2Estructura Geografica/2Elementos Geograficos/Edicion Elemento Geografico/input_Nombre elemento'

2024-04-02 14:36:26 - [TEST_STEP][PASSED] - click(findTestObject("WIZARD/2Estructura Geografica/2Elementos Geograficos/Edicion Elemento Geografico/btn_Nuevo")): Object: 'Object Repository/WIZARD/2Estructura Geografica/2Elementos Geograficos/Edicion Elemento Geografico/btn_Nuevo' is clicked on

2024-04-02 14:36:26 - [MESSAGE][PASSED] - Object: 'Object Repository/WIZARD/2Estructura Geografica/2Elementos Geograficos/Edicion Elemento Geografico/btn_Nuevo' is clicked on

2024-04-02 14:36:26 - [TEST_STEP][PASSED] - delay(3): Delayed 3 second(s)

2024-04-02 14:36:29 - [MESSAGE][PASSED] - Delayed 3 second(s)

2024-04-02 14:36:29 - [TEST_STEP][PASSED] - takeFullPageScreenshot(): Taking screenshot successfully

2024-04-02 14:36:30 - [MESSAGE][INFO] - 0 hidden object(s)

2024-04-02 14:36:30 - [MESSAGE][PASSED] - Taking screenshot successfully
[[ATTACHMENT|C:\\CIEL INGENIERIA\\Katalon\\Digiturno55\\Reports\\20240402_143319\\WIZARD\\2Estructura Geografica\\4.2 Crear Elementos Geograficos Departamento\\20240402_143324\\1712086589954.png]]

2024-04-02 14:36:30 - [TEST_STEP][PASSED] - delay(3): Delayed 3 second(s)

2024-04-02 14:36:33 - [MESSAGE][PASSED] - Delayed 3 second(s)

2024-04-02 14:36:33 - [TEST_STEP][PASSED] - Start listener action : sampleAfterTestCase: null]]></system-out>
         <system-err><![CDATA[]]></system-err>
      </testcase>
      <system-out><![CDATA[2024-04-02 14:35:16 - [TEST_SUITE][PASSED] - 4.2 Crear Elementos Geograficos Departamento: Test Cases/WIZARD/2Estructura Geografica/4.2 Crear Elementos Geograficos Departamento]]></system-out>
      <system-err><![CDATA[]]></system-err>
   </testsuite>
</testsuites>
