<?xml version="1.0" encoding="UTF-8"?>
<testsuites name="1 Crear Niveles" time="87.128" tests="1" failures="0" errors="0">
   <testsuite name="1 Crear Niveles" tests="1" failures="0" errors="0" time="87.128" skipped="0" timestamp="2023-08-14 08:14:37" hostname="jdavila - PCPruebas101.ciel.cielingenieria.com" id="Test Suites/WIZARD/1Modelo De Negocio/1 Crear Niveles">
      <properties>
         <property name="deviceName" value=""/>
         <property name="devicePlatform" value=""/>
         <property name="logFolder" value="C:\\CIEL INGENIERIA\\Katalon\\Digiturno55\\Reports\\20230814_081405\\WIZARD\\1Modelo De Negocio\\1 Crear Niveles\\20230814_081406"/>
         <property name="logFiles" value="C:\\CIEL INGENIERIA\\Katalon\\Digiturno55\\Reports\\20230814_081405\\WIZARD\\1Modelo De Negocio\\1 Crear Niveles\\20230814_081406\\execution0.log"/>
         <property name="attachments" value="C:\\CIEL INGENIERIA\\Katalon\\Digiturno55\\Reports\\20230814_081405\\WIZARD\\1Modelo De Negocio\\1 Crear Niveles\\20230814_081406\\1692018959085.png"/>
         <property name="hostName" value="jdavila - PCPruebas101.ciel.cielingenieria.com"/>
         <property name="os" value="Windows 10 64bit"/>
         <property name="katalonVersion" value="8.6.0.208"/>
         <property name="browser" value="Chrome 115.0.0.0"/>
         <property name="hostAddress" value="192.168.0.33"/>
         <property name="sessionId" value="4a08c95d342ead6c28440bbae16eab00"/>
         <property name="seleniumVersion" value="3.141.59"/>
         <property name="proxyInformation" value="ProxyInformation { proxyOption=NO_PROXY, proxyServerType=HTTP, username=, password=********, proxyServerAddress=, proxyServerPort=0, executionList=&quot;&quot;, isApplyToDesiredCapabilities=true }"/>
         <property name="platform" value="Windows 10"/>
      </properties>
      <testcase name="Test Cases/WIZARD/1Modelo De Negocio/1CrearNiveles" time="86.816" classname="Test Cases/WIZARD/1Modelo De Negocio/1CrearNiveles" status="PASSED">
         <system-out><![CDATA[2023-08-14 08:14:37 - [TEST_CASE][PASSED] - Test Cases/WIZARD/1Modelo De Negocio/1CrearNiveles: Test Cases/WIZARD/1Modelo De Negocio/1CrearNiveles

2023-08-14 08:14:37 - [TEST_STEP][PASSED] - callTestCase(findTestCase("0InicioSesion"), [:], STOP_ON_FAILURE): Call Test Case 'Test Cases/0InicioSesion' successfully

2023-08-14 08:14:37 - [TEST_CASE][PASSED] - Test Cases/0InicioSesion: Test Cases/0InicioSesion

2023-08-14 08:14:38 - [TEST_STEP][PASSED] - openBrowser(UrlDigiturno): Browser is opened with url: 'https://PCPruebas101.ciel.cielingenieria.com:8610'

2023-08-14 08:14:38 - [MESSAGE][INFO] - Starting 'Chrome' driver

2023-08-14 08:14:38 - [MESSAGE][INFO] - User set preference: ['args', '[--use-fake-ui-for-media-stream, --disable-notifications]']

2023-08-14 08:14:38 - [MESSAGE][INFO] - Action delay is set to 0 milliseconds

2023-08-14 08:14:41 - [MESSAGE][PASSED] - Browser is opened with url: 'https://PCPruebas101.ciel.cielingenieria.com:8610'

2023-08-14 08:14:41 - [TEST_STEP][PASSED] - maximizeWindow(): Current window maximized

2023-08-14 08:14:42 - [MESSAGE][PASSED] - Current window maximized

2023-08-14 08:14:42 - [TEST_STEP][PASSED] - delay(3): Delayed 3 second(s)

2023-08-14 08:14:45 - [MESSAGE][PASSED] - Delayed 3 second(s)

2023-08-14 08:14:45 - [TEST_STEP][PASSED] - setText(findTestObject("0Inicio Sesion/input_Usuario"), "Ciel"): Text 'Ciel' is set on object 'Object Repository/0Inicio Sesion/input_Usuario'

2023-08-14 08:14:45 - [MESSAGE][PASSED] - Text 'Ciel' is set on object 'Object Repository/0Inicio Sesion/input_Usuario'

2023-08-14 08:14:45 - [TEST_STEP][PASSED] - setText(findTestObject("0Inicio Sesion/input_Clave"), "digiturno"): Text 'digiturno' is set on object 'Object Repository/0Inicio Sesion/input_Clave'

2023-08-14 08:14:46 - [MESSAGE][PASSED] - Text 'digiturno' is set on object 'Object Repository/0Inicio Sesion/input_Clave'

2023-08-14 08:14:46 - [TEST_STEP][PASSED] - click(findTestObject("0Inicio Sesion/btn_IniciarSesion")): Object: 'Object Repository/0Inicio Sesion/btn_IniciarSesion' is clicked on

2023-08-14 08:14:47 - [MESSAGE][PASSED] - Object: 'Object Repository/0Inicio Sesion/btn_IniciarSesion' is clicked on

2023-08-14 08:14:47 - [TEST_STEP][PASSED] - delay(3): Delayed 3 second(s)

2023-08-14 08:14:50 - [MESSAGE][PASSED] - Delayed 3 second(s)

2023-08-14 08:14:50 - [MESSAGE][PASSED] - Call Test Case 'Test Cases/0InicioSesion' successfully

2023-08-14 08:14:50 - [TEST_STEP][PASSED] - click(findTestObject("WIZARD/0Principal/img_ModeloDeNegocioMAX")): Object: 'Object Repository/WIZARD/0Principal/img_ModeloDeNegocioMAX' is clicked on

2023-08-14 08:15:14 - [MESSAGE][PASSED] - Object: 'Object Repository/WIZARD/0Principal/img_ModeloDeNegocioMAX' is clicked on

2023-08-14 08:15:14 - [TEST_STEP][PASSED] - delay(3): Delayed 3 second(s)

2023-08-14 08:15:17 - [MESSAGE][PASSED] - Delayed 3 second(s)

2023-08-14 08:15:17 - [TEST_STEP][PASSED] - click(findTestObject("WIZARD/1Modelo De Negocio/00Menu/span_Niveles")): Object: 'Object Repository/WIZARD/1Modelo De Negocio/00Menu/span_Niveles' is clicked on

2023-08-14 08:15:18 - [MESSAGE][PASSED] - Object: 'Object Repository/WIZARD/1Modelo De Negocio/00Menu/span_Niveles' is clicked on

2023-08-14 08:15:18 - [TEST_STEP][PASSED] - delay(3): Delayed 3 second(s)

2023-08-14 08:15:21 - [MESSAGE][PASSED] - Delayed 3 second(s)

2023-08-14 08:15:21 - [TEST_STEP][PASSED] - setText(findTestObject("WIZARD/1Modelo De Negocio/1Niveles/Edicion de Niveles/input_Nombre Nivel"), "Área"): Text 'Área' is set on object 'Object Repository/WIZARD/1Modelo De Negocio/1Niveles/Edicion de Niveles/input_Nombre Nivel'

2023-08-14 08:15:22 - [MESSAGE][PASSED] - Text 'Área' is set on object 'Object Repository/WIZARD/1Modelo De Negocio/1Niveles/Edicion de Niveles/input_Nombre Nivel'

2023-08-14 08:15:22 - [TEST_STEP][PASSED] - setText(findTestObject("WIZARD/1Modelo De Negocio/1Niveles/Edicion de Niveles/input_Descripcion Nivel"), "Área"): Text 'Área' is set on object 'Object Repository/WIZARD/1Modelo De Negocio/1Niveles/Edicion de Niveles/input_Descripcion Nivel'

2023-08-14 08:15:23 - [MESSAGE][PASSED] - Text 'Área' is set on object 'Object Repository/WIZARD/1Modelo De Negocio/1Niveles/Edicion de Niveles/input_Descripcion Nivel'

2023-08-14 08:15:23 - [TEST_STEP][PASSED] - setText(findTestObject("WIZARD/1Modelo De Negocio/1Niveles/Edicion de Niveles/input_Cantidad de elementos"), "1"): Text '1' is set on object 'Object Repository/WIZARD/1Modelo De Negocio/1Niveles/Edicion de Niveles/input_Cantidad de elementos'

2023-08-14 08:15:23 - [MESSAGE][PASSED] - Text '1' is set on object 'Object Repository/WIZARD/1Modelo De Negocio/1Niveles/Edicion de Niveles/input_Cantidad de elementos'

2023-08-14 08:15:23 - [TEST_STEP][PASSED] - setText(findTestObject("WIZARD/1Modelo De Negocio/1Niveles/Edicion de Niveles/input_Prefijo"), "AG"): Text 'AG' is set on object 'Object Repository/WIZARD/1Modelo De Negocio/1Niveles/Edicion de Niveles/input_Prefijo'

2023-08-14 08:15:24 - [MESSAGE][PASSED] - Text 'AG' is set on object 'Object Repository/WIZARD/1Modelo De Negocio/1Niveles/Edicion de Niveles/input_Prefijo'

2023-08-14 08:15:24 - [TEST_STEP][PASSED] - click(findTestObject("WIZARD/1Modelo De Negocio/1Niveles/Edicion de Niveles/btn_Nuevo")): Object: 'Object Repository/WIZARD/1Modelo De Negocio/1Niveles/Edicion de Niveles/btn_Nuevo' is clicked on

2023-08-14 08:15:25 - [MESSAGE][PASSED] - Object: 'Object Repository/WIZARD/1Modelo De Negocio/1Niveles/Edicion de Niveles/btn_Nuevo' is clicked on

2023-08-14 08:15:25 - [TEST_STEP][PASSED] - delay(3): Delayed 3 second(s)

2023-08-14 08:15:28 - [MESSAGE][PASSED] - Delayed 3 second(s)

2023-08-14 08:15:28 - [TEST_STEP][PASSED] - click(findTestObject("WIZARD/1Modelo De Negocio/00Menu/span_Niveles")): Object: 'Object Repository/WIZARD/1Modelo De Negocio/00Menu/span_Niveles' is clicked on

2023-08-14 08:15:28 - [MESSAGE][PASSED] - Object: 'Object Repository/WIZARD/1Modelo De Negocio/00Menu/span_Niveles' is clicked on

2023-08-14 08:15:28 - [TEST_STEP][PASSED] - delay(3): Delayed 3 second(s)

2023-08-14 08:15:31 - [MESSAGE][PASSED] - Delayed 3 second(s)

2023-08-14 08:15:31 - [TEST_STEP][PASSED] - setText(findTestObject("WIZARD/1Modelo De Negocio/1Niveles/Edicion de Niveles/input_Nombre Nivel"), "Tipo cliente"): Text 'Tipo cliente' is set on object 'Object Repository/WIZARD/1Modelo De Negocio/1Niveles/Edicion de Niveles/input_Nombre Nivel'

2023-08-14 08:15:32 - [MESSAGE][PASSED] - Text 'Tipo cliente' is set on object 'Object Repository/WIZARD/1Modelo De Negocio/1Niveles/Edicion de Niveles/input_Nombre Nivel'

2023-08-14 08:15:32 - [TEST_STEP][PASSED] - setText(findTestObject("WIZARD/1Modelo De Negocio/1Niveles/Edicion de Niveles/input_Descripcion Nivel"), "Tipo cliente"): Text 'Tipo cliente' is set on object 'Object Repository/WIZARD/1Modelo De Negocio/1Niveles/Edicion de Niveles/input_Descripcion Nivel'

2023-08-14 08:15:33 - [MESSAGE][PASSED] - Text 'Tipo cliente' is set on object 'Object Repository/WIZARD/1Modelo De Negocio/1Niveles/Edicion de Niveles/input_Descripcion Nivel'

2023-08-14 08:15:33 - [TEST_STEP][PASSED] - setText(findTestObject("WIZARD/1Modelo De Negocio/1Niveles/Edicion de Niveles/input_Cantidad de elementos"), "2"): Text '2' is set on object 'Object Repository/WIZARD/1Modelo De Negocio/1Niveles/Edicion de Niveles/input_Cantidad de elementos'

2023-08-14 08:15:34 - [MESSAGE][PASSED] - Text '2' is set on object 'Object Repository/WIZARD/1Modelo De Negocio/1Niveles/Edicion de Niveles/input_Cantidad de elementos'

2023-08-14 08:15:34 - [TEST_STEP][PASSED] - setText(findTestObject("WIZARD/1Modelo De Negocio/1Niveles/Edicion de Niveles/input_Prefijo"), "TC"): Text 'TC' is set on object 'Object Repository/WIZARD/1Modelo De Negocio/1Niveles/Edicion de Niveles/input_Prefijo'

2023-08-14 08:15:35 - [MESSAGE][PASSED] - Text 'TC' is set on object 'Object Repository/WIZARD/1Modelo De Negocio/1Niveles/Edicion de Niveles/input_Prefijo'

2023-08-14 08:15:35 - [TEST_STEP][PASSED] - click(findTestObject("WIZARD/1Modelo De Negocio/1Niveles/Edicion de Niveles/btn_Nuevo")): Object: 'Object Repository/WIZARD/1Modelo De Negocio/1Niveles/Edicion de Niveles/btn_Nuevo' is clicked on

2023-08-14 08:15:35 - [MESSAGE][PASSED] - Object: 'Object Repository/WIZARD/1Modelo De Negocio/1Niveles/Edicion de Niveles/btn_Nuevo' is clicked on

2023-08-14 08:15:35 - [TEST_STEP][PASSED] - delay(3): Delayed 3 second(s)

2023-08-14 08:15:38 - [MESSAGE][PASSED] - Delayed 3 second(s)

2023-08-14 08:15:38 - [TEST_STEP][PASSED] - click(findTestObject("WIZARD/1Modelo De Negocio/00Menu/span_Niveles")): Object: 'Object Repository/WIZARD/1Modelo De Negocio/00Menu/span_Niveles' is clicked on

2023-08-14 08:15:39 - [MESSAGE][PASSED] - Object: 'Object Repository/WIZARD/1Modelo De Negocio/00Menu/span_Niveles' is clicked on

2023-08-14 08:15:39 - [TEST_STEP][PASSED] - delay(3): Delayed 3 second(s)

2023-08-14 08:15:42 - [MESSAGE][PASSED] - Delayed 3 second(s)

2023-08-14 08:15:42 - [TEST_STEP][PASSED] - setText(findTestObject("WIZARD/1Modelo De Negocio/1Niveles/Edicion de Niveles/input_Nombre Nivel"), "Servicio"): Text 'Servicio' is set on object 'Object Repository/WIZARD/1Modelo De Negocio/1Niveles/Edicion de Niveles/input_Nombre Nivel'

2023-08-14 08:15:42 - [MESSAGE][PASSED] - Text 'Servicio' is set on object 'Object Repository/WIZARD/1Modelo De Negocio/1Niveles/Edicion de Niveles/input_Nombre Nivel'

2023-08-14 08:15:42 - [TEST_STEP][PASSED] - setText(findTestObject("WIZARD/1Modelo De Negocio/1Niveles/Edicion de Niveles/input_Descripcion Nivel"), "Servicio"): Text 'Servicio' is set on object 'Object Repository/WIZARD/1Modelo De Negocio/1Niveles/Edicion de Niveles/input_Descripcion Nivel'

2023-08-14 08:15:43 - [MESSAGE][PASSED] - Text 'Servicio' is set on object 'Object Repository/WIZARD/1Modelo De Negocio/1Niveles/Edicion de Niveles/input_Descripcion Nivel'

2023-08-14 08:15:43 - [TEST_STEP][PASSED] - setText(findTestObject("WIZARD/1Modelo De Negocio/1Niveles/Edicion de Niveles/input_Cantidad de elementos"), "3"): Text '3' is set on object 'Object Repository/WIZARD/1Modelo De Negocio/1Niveles/Edicion de Niveles/input_Cantidad de elementos'

2023-08-14 08:15:44 - [MESSAGE][PASSED] - Text '3' is set on object 'Object Repository/WIZARD/1Modelo De Negocio/1Niveles/Edicion de Niveles/input_Cantidad de elementos'

2023-08-14 08:15:44 - [TEST_STEP][PASSED] - setText(findTestObject("WIZARD/1Modelo De Negocio/1Niveles/Edicion de Niveles/input_Prefijo"), "SRVO"): Text 'SRVO' is set on object 'Object Repository/WIZARD/1Modelo De Negocio/1Niveles/Edicion de Niveles/input_Prefijo'

2023-08-14 08:15:45 - [MESSAGE][PASSED] - Text 'SRVO' is set on object 'Object Repository/WIZARD/1Modelo De Negocio/1Niveles/Edicion de Niveles/input_Prefijo'

2023-08-14 08:15:45 - [TEST_STEP][PASSED] - click(findTestObject("WIZARD/1Modelo De Negocio/1Niveles/Edicion de Niveles/btn_Nuevo")): Object: 'Object Repository/WIZARD/1Modelo De Negocio/1Niveles/Edicion de Niveles/btn_Nuevo' is clicked on

2023-08-14 08:15:45 - [MESSAGE][PASSED] - Object: 'Object Repository/WIZARD/1Modelo De Negocio/1Niveles/Edicion de Niveles/btn_Nuevo' is clicked on

2023-08-14 08:15:45 - [TEST_STEP][PASSED] - delay(3): Delayed 3 second(s)

2023-08-14 08:15:48 - [MESSAGE][PASSED] - Delayed 3 second(s)

2023-08-14 08:15:48 - [TEST_STEP][PASSED] - click(findTestObject("WIZARD/1Modelo De Negocio/00Menu/span_Niveles")): Object: 'Object Repository/WIZARD/1Modelo De Negocio/00Menu/span_Niveles' is clicked on

2023-08-14 08:15:49 - [MESSAGE][PASSED] - Object: 'Object Repository/WIZARD/1Modelo De Negocio/00Menu/span_Niveles' is clicked on

2023-08-14 08:15:49 - [TEST_STEP][PASSED] - delay(3): Delayed 3 second(s)

2023-08-14 08:15:52 - [MESSAGE][PASSED] - Delayed 3 second(s)

2023-08-14 08:15:52 - [TEST_STEP][PASSED] - setText(findTestObject("WIZARD/1Modelo De Negocio/1Niveles/Edicion de Niveles/input_Nombre Nivel"), "Subservicio"): Text 'Subservicio' is set on object 'Object Repository/WIZARD/1Modelo De Negocio/1Niveles/Edicion de Niveles/input_Nombre Nivel'

2023-08-14 08:15:53 - [MESSAGE][PASSED] - Text 'Subservicio' is set on object 'Object Repository/WIZARD/1Modelo De Negocio/1Niveles/Edicion de Niveles/input_Nombre Nivel'

2023-08-14 08:15:53 - [TEST_STEP][PASSED] - setText(findTestObject("WIZARD/1Modelo De Negocio/1Niveles/Edicion de Niveles/input_Descripcion Nivel"), "Subservicio"): Text 'Subservicio' is set on object 'Object Repository/WIZARD/1Modelo De Negocio/1Niveles/Edicion de Niveles/input_Descripcion Nivel'

2023-08-14 08:15:53 - [MESSAGE][PASSED] - Text 'Subservicio' is set on object 'Object Repository/WIZARD/1Modelo De Negocio/1Niveles/Edicion de Niveles/input_Descripcion Nivel'

2023-08-14 08:15:53 - [TEST_STEP][PASSED] - setText(findTestObject("WIZARD/1Modelo De Negocio/1Niveles/Edicion de Niveles/input_Cantidad de elementos"), "12"): Text '12' is set on object 'Object Repository/WIZARD/1Modelo De Negocio/1Niveles/Edicion de Niveles/input_Cantidad de elementos'

2023-08-14 08:15:54 - [MESSAGE][PASSED] - Text '12' is set on object 'Object Repository/WIZARD/1Modelo De Negocio/1Niveles/Edicion de Niveles/input_Cantidad de elementos'

2023-08-14 08:15:54 - [TEST_STEP][PASSED] - setText(findTestObject("WIZARD/1Modelo De Negocio/1Niveles/Edicion de Niveles/input_Prefijo"), "SUB"): Text 'SUB' is set on object 'Object Repository/WIZARD/1Modelo De Negocio/1Niveles/Edicion de Niveles/input_Prefijo'

2023-08-14 08:15:55 - [MESSAGE][PASSED] - Text 'SUB' is set on object 'Object Repository/WIZARD/1Modelo De Negocio/1Niveles/Edicion de Niveles/input_Prefijo'

2023-08-14 08:15:55 - [TEST_STEP][PASSED] - click(findTestObject("WIZARD/1Modelo De Negocio/1Niveles/Edicion de Niveles/btn_Nuevo")): Object: 'Object Repository/WIZARD/1Modelo De Negocio/1Niveles/Edicion de Niveles/btn_Nuevo' is clicked on

2023-08-14 08:15:56 - [MESSAGE][PASSED] - Object: 'Object Repository/WIZARD/1Modelo De Negocio/1Niveles/Edicion de Niveles/btn_Nuevo' is clicked on

2023-08-14 08:15:56 - [TEST_STEP][PASSED] - delay(3): Delayed 3 second(s)

2023-08-14 08:15:59 - [MESSAGE][PASSED] - Delayed 3 second(s)

2023-08-14 08:15:59 - [TEST_STEP][PASSED] - takeFullPageScreenshot(): Taking screenshot successfully

2023-08-14 08:16:00 - [MESSAGE][INFO] - 0 hidden object(s)

2023-08-14 08:16:01 - [MESSAGE][PASSED] - Taking screenshot successfully
[[ATTACHMENT|C:\\CIEL INGENIERIA\\Katalon\\Digiturno55\\Reports\\20230814_081405\\WIZARD\\1Modelo De Negocio\\1 Crear Niveles\\20230814_081406\\1692018959085.png]]

2023-08-14 08:16:01 - [TEST_STEP][PASSED] - delay(3): Delayed 3 second(s)

2023-08-14 08:16:04 - [MESSAGE][PASSED] - Delayed 3 second(s)

2023-08-14 08:16:04 - [TEST_STEP][PASSED] - Start listener action : sampleAfterTestCase: null]]></system-out>
         <system-err><![CDATA[]]></system-err>
      </testcase>
      <system-out><![CDATA[2023-08-14 08:14:37 - [TEST_SUITE][PASSED] - 1 Crear Niveles: Test Cases/WIZARD/1Modelo De Negocio/1CrearNiveles]]></system-out>
      <system-err><![CDATA[]]></system-err>
   </testsuite>
</testsuites>
