<?xml version="1.0" encoding="UTF-8"?>
<testsuites name="2.4 Creacion Elementos SubServicios" time="313.303" tests="1" failures="0" errors="0">
   <testsuite name="2.4 Creacion Elementos SubServicios" tests="1" failures="0" errors="0" time="313.303" skipped="0" timestamp="2024-04-02 14:00:14" hostname="jdavila - PCPruebas101.ciel.cielingenieria.com" id="Test Suites/WIZARD/1Modelo De Negocio/2.4 Creacion Elementos SubServicios">
      <properties>
         <property name="deviceName" value=""/>
         <property name="devicePlatform" value=""/>
         <property name="logFolder" value="C:\\CIEL INGENIERIA\\Katalon\\Digiturno55\\Reports\\20240402_135301\\WIZARD\\1Modelo De Negocio\\2.4 Creacion Elementos SubServicios\\20240402_135310"/>
         <property name="logFiles" value="C:\\CIEL INGENIERIA\\Katalon\\Digiturno55\\Reports\\20240402_135301\\WIZARD\\1Modelo De Negocio\\2.4 Creacion Elementos SubServicios\\20240402_135310\\execution0.log"/>
         <property name="attachments" value="C:\\CIEL INGENIERIA\\Katalon\\Digiturno55\\Reports\\20240402_135301\\WIZARD\\1Modelo De Negocio\\2.4 Creacion Elementos SubServicios\\20240402_135310\\1712084724262.png"/>
         <property name="hostName" value="jdavila - PCPruebas101.ciel.cielingenieria.com"/>
         <property name="os" value="Windows 10 64bit"/>
         <property name="katalonVersion" value="8.6.9.208"/>
         <property name="browser" value="Chrome 123.0.0.0"/>
         <property name="hostAddress" value="192.168.91.18"/>
         <property name="sessionId" value="16d68a9025a9f4116b525ae482d35b0b"/>
         <property name="seleniumVersion" value="3.141.59"/>
         <property name="proxyInformation" value="ProxyInformation { proxyOption=NO_PROXY, proxyServerType=HTTP, username=, password=********, proxyServerAddress=, proxyServerPort=0, executionList=&quot;&quot;, isApplyToDesiredCapabilities=true }"/>
         <property name="platform" value="Windows 10"/>
      </properties>
      <testcase name="Test Cases/WIZARD/1Modelo De Negocio/2.4 Creacion Elementos SubServicios" time="313.051" classname="Test Cases/WIZARD/1Modelo De Negocio/2.4 Creacion Elementos SubServicios" status="PASSED">
         <system-out><![CDATA[2024-04-02 14:00:15 - [TEST_CASE][PASSED] - Test Cases/WIZARD/1Modelo De Negocio/2.4 Creacion Elementos SubServicios: Test Cases/WIZARD/1Modelo De Negocio/2.4 Creacion Elementos SubServicios

2024-04-02 14:00:15 - [TEST_STEP][PASSED] - callTestCase(findTestCase("0InicioSesion"), [:], STOP_ON_FAILURE): Call Test Case 'Test Cases/0InicioSesion' successfully

2024-04-02 14:00:15 - [TEST_CASE][PASSED] - Test Cases/0InicioSesion: Test Cases/0InicioSesion

2024-04-02 14:00:15 - [TEST_STEP][PASSED] - openBrowser(UrlDigiturno): Browser is opened with url: 'https://PCPruebas101.ciel.cielingenieria.com:8910'

2024-04-02 14:00:16 - [MESSAGE][INFO] - Starting 'Chrome' driver

2024-04-02 14:00:16 - [MESSAGE][INFO] - User set preference: ['args', '[--use-fake-ui-for-media-stream, --disable-notifications]']

2024-04-02 14:00:16 - [MESSAGE][INFO] - Action delay is set to 0 milliseconds

2024-04-02 14:00:19 - [MESSAGE][PASSED] - Browser is opened with url: 'https://PCPruebas101.ciel.cielingenieria.com:8910'

2024-04-02 14:00:19 - [TEST_STEP][PASSED] - maximizeWindow(): Current window maximized

2024-04-02 14:00:19 - [MESSAGE][PASSED] - Current window maximized

2024-04-02 14:00:19 - [TEST_STEP][PASSED] - delay(3): Delayed 3 second(s)

2024-04-02 14:00:22 - [MESSAGE][PASSED] - Delayed 3 second(s)

2024-04-02 14:00:22 - [TEST_STEP][PASSED] - setText(findTestObject("0Inicio Sesion/input_Usuario"), "Ciel"): Text 'Ciel' is set on object 'Object Repository/0Inicio Sesion/input_Usuario'

2024-04-02 14:00:23 - [MESSAGE][PASSED] - Text 'Ciel' is set on object 'Object Repository/0Inicio Sesion/input_Usuario'

2024-04-02 14:00:23 - [TEST_STEP][PASSED] - setText(findTestObject("0Inicio Sesion/input_Clave"), "digiturno"): Text 'digiturno' is set on object 'Object Repository/0Inicio Sesion/input_Clave'

2024-04-02 14:00:24 - [MESSAGE][PASSED] - Text 'digiturno' is set on object 'Object Repository/0Inicio Sesion/input_Clave'

2024-04-02 14:00:24 - [TEST_STEP][PASSED] - click(findTestObject("0Inicio Sesion/btn_IniciarSesion")): Object: 'Object Repository/0Inicio Sesion/btn_IniciarSesion' is clicked on

2024-04-02 14:00:24 - [MESSAGE][PASSED] - Object: 'Object Repository/0Inicio Sesion/btn_IniciarSesion' is clicked on

2024-04-02 14:00:24 - [TEST_STEP][PASSED] - delay(3): Delayed 3 second(s)

2024-04-02 14:00:27 - [MESSAGE][PASSED] - Delayed 3 second(s)

2024-04-02 14:00:27 - [MESSAGE][PASSED] - Call Test Case 'Test Cases/0InicioSesion' successfully

2024-04-02 14:00:27 - [TEST_STEP][PASSED] - click(findTestObject("WIZARD/0Principal/img_ModeloDeNegocioMAX")): Object: 'Object Repository/WIZARD/0Principal/img_ModeloDeNegocioMAX' is clicked on

2024-04-02 14:00:28 - [MESSAGE][PASSED] - Object: 'Object Repository/WIZARD/0Principal/img_ModeloDeNegocioMAX' is clicked on

2024-04-02 14:00:28 - [TEST_STEP][PASSED] - delay(3): Delayed 3 second(s)

2024-04-02 14:00:31 - [MESSAGE][PASSED] - Delayed 3 second(s)

2024-04-02 14:00:31 - [TEST_STEP][PASSED] - click(findTestObject("WIZARD/1Modelo De Negocio/00Menu/span_Elementos")): Object: 'Object Repository/WIZARD/1Modelo De Negocio/00Menu/span_Elementos' is clicked on

2024-04-02 14:00:31 - [MESSAGE][PASSED] - Object: 'Object Repository/WIZARD/1Modelo De Negocio/00Menu/span_Elementos' is clicked on

2024-04-02 14:00:31 - [TEST_STEP][PASSED] - delay(3): Delayed 3 second(s)

2024-04-02 14:00:34 - [MESSAGE][PASSED] - Delayed 3 second(s)

2024-04-02 14:00:34 - [TEST_STEP][PASSED] - click(findTestObject("WIZARD/1Modelo De Negocio/2Elementos/Nivel/option_4Subservicio")): Object: 'Object Repository/WIZARD/1Modelo De Negocio/2Elementos/Nivel/option_4Subservicio' is clicked on

2024-04-02 14:00:35 - [MESSAGE][PASSED] - Object: 'Object Repository/WIZARD/1Modelo De Negocio/2Elementos/Nivel/option_4Subservicio' is clicked on

2024-04-02 14:00:35 - [TEST_STEP][PASSED] - delay(3): Delayed 3 second(s)

2024-04-02 14:00:38 - [MESSAGE][PASSED] - Delayed 3 second(s)

2024-04-02 14:00:38 - [TEST_STEP][PASSED] - click(findTestObject("WIZARD/1Modelo De Negocio/2Elementos/Nivel/SubServicio/td_SUB1")): Object: 'Object Repository/WIZARD/1Modelo De Negocio/2Elementos/Nivel/SubServicio/td_SUB1' is clicked on

2024-04-02 14:00:38 - [MESSAGE][PASSED] - Object: 'Object Repository/WIZARD/1Modelo De Negocio/2Elementos/Nivel/SubServicio/td_SUB1' is clicked on

2024-04-02 14:00:38 - [TEST_STEP][PASSED] - delay(3): Delayed 3 second(s)

2024-04-02 14:00:41 - [MESSAGE][PASSED] - Delayed 3 second(s)

2024-04-02 14:00:41 - [TEST_STEP][PASSED] - setText(findTestObject("WIZARD/1Modelo De Negocio/2Elementos/Edicion de Elementos/input_Nombre Elemento"), "Actualización de Datos"): Text 'Actualización de Datos' is set on object 'Object Repository/WIZARD/1Modelo De Negocio/2Elementos/Edicion de Elementos/input_Nombre Elemento'

2024-04-02 14:00:42 - [MESSAGE][PASSED] - Text 'Actualización de Datos' is set on object 'Object Repository/WIZARD/1Modelo De Negocio/2Elementos/Edicion de Elementos/input_Nombre Elemento'

2024-04-02 14:00:42 - [TEST_STEP][PASSED] - setText(findTestObject("WIZARD/1Modelo De Negocio/2Elementos/Edicion de Elementos/input_Descripcion Elemento"), "Actualización de Datos"): Text 'Actualización de Datos' is set on object 'Object Repository/WIZARD/1Modelo De Negocio/2Elementos/Edicion de Elementos/input_Descripcion Elemento'

2024-04-02 14:00:43 - [MESSAGE][PASSED] - Text 'Actualización de Datos' is set on object 'Object Repository/WIZARD/1Modelo De Negocio/2Elementos/Edicion de Elementos/input_Descripcion Elemento'

2024-04-02 14:00:43 - [TEST_STEP][PASSED] - executeJavaScript("return document.getElementById('ContentPlaceHolder1_lnkTiempoMaxAtencion').click()", []): Execute JavaScript 'return document.getElementById('ContentPlaceHolder1_lnkTiempoMaxAtencion').click()' successfully

2024-04-02 14:00:43 - [MESSAGE][PASSED] - Execute JavaScript 'return document.getElementById('ContentPlaceHolder1_lnkTiempoMaxAtencion').click()' successfully

2024-04-02 14:00:43 - [TEST_STEP][PASSED] - delay(2): Delayed 2 second(s)

2024-04-02 14:00:45 - [MESSAGE][PASSED] - Delayed 2 second(s)

2024-04-02 14:00:45 - [TEST_STEP][PASSED] - executeJavaScript("return document.getElementById('ContentPlaceHolder1_TimeSpanControlMaxTiempo_txtMinuto').value=10", []): Execute JavaScript 'return document.getElementById('ContentPlaceHolder1_TimeSpanControlMaxTiempo_txtMinuto').value=10' successfully

2024-04-02 14:00:45 - [MESSAGE][PASSED] - Execute JavaScript 'return document.getElementById('ContentPlaceHolder1_TimeSpanControlMaxTiempo_txtMinuto').value=10' successfully

2024-04-02 14:00:45 - [TEST_STEP][PASSED] - delay(2): Delayed 2 second(s)

2024-04-02 14:00:47 - [MESSAGE][PASSED] - Delayed 2 second(s)

2024-04-02 14:00:47 - [TEST_STEP][PASSED] - click(findTestObject("WIZARD/1Modelo De Negocio/2ModalTiempoMaxAtencion/btn_Aceptar")): Object: 'Object Repository/WIZARD/1Modelo De Negocio/2ModalTiempoMaxAtencion/btn_Aceptar' is clicked on

2024-04-02 14:00:48 - [MESSAGE][PASSED] - Object: 'Object Repository/WIZARD/1Modelo De Negocio/2ModalTiempoMaxAtencion/btn_Aceptar' is clicked on

2024-04-02 14:00:48 - [TEST_STEP][PASSED] - delay(3): Delayed 3 second(s)

2024-04-02 14:00:51 - [MESSAGE][PASSED] - Delayed 3 second(s)

2024-04-02 14:00:51 - [TEST_STEP][PASSED] - executeJavaScript("return document.getElementById('ContentPlaceHolder1_lnkTiempoControaldoAtencion').click()", []): Execute JavaScript 'return document.getElementById('ContentPlaceHolder1_lnkTiempoControaldoAtencion').click()' successfully

2024-04-02 14:00:51 - [MESSAGE][PASSED] - Execute JavaScript 'return document.getElementById('ContentPlaceHolder1_lnkTiempoControaldoAtencion').click()' successfully

2024-04-02 14:00:51 - [TEST_STEP][PASSED] - delay(2): Delayed 2 second(s)

2024-04-02 14:00:53 - [MESSAGE][PASSED] - Delayed 2 second(s)

2024-04-02 14:00:53 - [TEST_STEP][PASSED] - executeJavaScript("return document.getElementById('ContentPlaceHolder1_TimeSpanControlTiempoControlado_txtMinuto').value=5", []): Execute JavaScript 'return document.getElementById('ContentPlaceHolder1_TimeSpanControlTiempoControlado_txtMinuto').value=5' successfully

2024-04-02 14:00:53 - [MESSAGE][PASSED] - Execute JavaScript 'return document.getElementById('ContentPlaceHolder1_TimeSpanControlTiempoControlado_txtMinuto').value=5' successfully

2024-04-02 14:00:53 - [TEST_STEP][PASSED] - delay(2): Delayed 2 second(s)

2024-04-02 14:00:55 - [MESSAGE][PASSED] - Delayed 2 second(s)

2024-04-02 14:00:55 - [TEST_STEP][PASSED] - click(findTestObject("WIZARD/1Modelo De Negocio/2Modal Tiempo Controlado de atencion/btn_Aceptar")): Object: 'Object Repository/WIZARD/1Modelo De Negocio/2Modal Tiempo Controlado de atencion/btn_Aceptar' is clicked on

2024-04-02 14:00:55 - [MESSAGE][PASSED] - Object: 'Object Repository/WIZARD/1Modelo De Negocio/2Modal Tiempo Controlado de atencion/btn_Aceptar' is clicked on

2024-04-02 14:00:55 - [TEST_STEP][PASSED] - delay(3): Delayed 3 second(s)

2024-04-02 14:00:58 - [MESSAGE][PASSED] - Delayed 3 second(s)

2024-04-02 14:00:58 - [TEST_STEP][PASSED] - click(findTestObject("WIZARD/1Modelo De Negocio/2Elementos/Edicion de Elementos/btn_Actualizar")): Object: 'Object Repository/WIZARD/1Modelo De Negocio/2Elementos/Edicion de Elementos/btn_Actualizar' is clicked on

2024-04-02 14:00:59 - [MESSAGE][PASSED] - Object: 'Object Repository/WIZARD/1Modelo De Negocio/2Elementos/Edicion de Elementos/btn_Actualizar' is clicked on

2024-04-02 14:00:59 - [TEST_STEP][PASSED] - delay(3): Delayed 3 second(s)

2024-04-02 14:01:02 - [MESSAGE][PASSED] - Delayed 3 second(s)

2024-04-02 14:01:02 - [TEST_STEP][PASSED] - click(findTestObject("WIZARD/1Modelo De Negocio/2Elementos/Nivel/SubServicio/td_SUB2")): Object: 'Object Repository/WIZARD/1Modelo De Negocio/2Elementos/Nivel/SubServicio/td_SUB2' is clicked on

2024-04-02 14:01:02 - [MESSAGE][PASSED] - Object: 'Object Repository/WIZARD/1Modelo De Negocio/2Elementos/Nivel/SubServicio/td_SUB2' is clicked on

2024-04-02 14:01:02 - [TEST_STEP][PASSED] - delay(3): Delayed 3 second(s)

2024-04-02 14:01:05 - [MESSAGE][PASSED] - Delayed 3 second(s)

2024-04-02 14:01:05 - [TEST_STEP][PASSED] - setText(findTestObject("WIZARD/1Modelo De Negocio/2Elementos/Edicion de Elementos/input_Nombre Elemento"), "Inscripciones"): Text 'Inscripciones' is set on object 'Object Repository/WIZARD/1Modelo De Negocio/2Elementos/Edicion de Elementos/input_Nombre Elemento'

2024-04-02 14:01:06 - [MESSAGE][PASSED] - Text 'Inscripciones' is set on object 'Object Repository/WIZARD/1Modelo De Negocio/2Elementos/Edicion de Elementos/input_Nombre Elemento'

2024-04-02 14:01:06 - [TEST_STEP][PASSED] - setText(findTestObject("WIZARD/1Modelo De Negocio/2Elementos/Edicion de Elementos/input_Descripcion Elemento"), "Inscripciones"): Text 'Inscripciones' is set on object 'Object Repository/WIZARD/1Modelo De Negocio/2Elementos/Edicion de Elementos/input_Descripcion Elemento'

2024-04-02 14:01:07 - [MESSAGE][PASSED] - Text 'Inscripciones' is set on object 'Object Repository/WIZARD/1Modelo De Negocio/2Elementos/Edicion de Elementos/input_Descripcion Elemento'

2024-04-02 14:01:07 - [TEST_STEP][PASSED] - executeJavaScript("return document.getElementById('ContentPlaceHolder1_lnkTiempoMaxAtencion').click()", []): Execute JavaScript 'return document.getElementById('ContentPlaceHolder1_lnkTiempoMaxAtencion').click()' successfully

2024-04-02 14:01:07 - [MESSAGE][PASSED] - Execute JavaScript 'return document.getElementById('ContentPlaceHolder1_lnkTiempoMaxAtencion').click()' successfully

2024-04-02 14:01:07 - [TEST_STEP][PASSED] - delay(2): Delayed 2 second(s)

2024-04-02 14:01:09 - [MESSAGE][PASSED] - Delayed 2 second(s)

2024-04-02 14:01:09 - [TEST_STEP][PASSED] - executeJavaScript("return document.getElementById('ContentPlaceHolder1_TimeSpanControlMaxTiempo_txtMinuto').value=10", []): Execute JavaScript 'return document.getElementById('ContentPlaceHolder1_TimeSpanControlMaxTiempo_txtMinuto').value=10' successfully

2024-04-02 14:01:09 - [MESSAGE][PASSED] - Execute JavaScript 'return document.getElementById('ContentPlaceHolder1_TimeSpanControlMaxTiempo_txtMinuto').value=10' successfully

2024-04-02 14:01:09 - [TEST_STEP][PASSED] - delay(2): Delayed 2 second(s)

2024-04-02 14:01:11 - [MESSAGE][PASSED] - Delayed 2 second(s)

2024-04-02 14:01:11 - [TEST_STEP][PASSED] - click(findTestObject("WIZARD/1Modelo De Negocio/2ModalTiempoMaxAtencion/btn_Aceptar")): Object: 'Object Repository/WIZARD/1Modelo De Negocio/2ModalTiempoMaxAtencion/btn_Aceptar' is clicked on

2024-04-02 14:01:11 - [MESSAGE][PASSED] - Object: 'Object Repository/WIZARD/1Modelo De Negocio/2ModalTiempoMaxAtencion/btn_Aceptar' is clicked on

2024-04-02 14:01:11 - [TEST_STEP][PASSED] - delay(3): Delayed 3 second(s)

2024-04-02 14:01:14 - [MESSAGE][PASSED] - Delayed 3 second(s)

2024-04-02 14:01:14 - [TEST_STEP][PASSED] - executeJavaScript("return document.getElementById('ContentPlaceHolder1_lnkTiempoControaldoAtencion').click()", []): Execute JavaScript 'return document.getElementById('ContentPlaceHolder1_lnkTiempoControaldoAtencion').click()' successfully

2024-04-02 14:01:14 - [MESSAGE][PASSED] - Execute JavaScript 'return document.getElementById('ContentPlaceHolder1_lnkTiempoControaldoAtencion').click()' successfully

2024-04-02 14:01:14 - [TEST_STEP][PASSED] - delay(2): Delayed 2 second(s)

2024-04-02 14:01:16 - [MESSAGE][PASSED] - Delayed 2 second(s)

2024-04-02 14:01:16 - [TEST_STEP][PASSED] - executeJavaScript("return document.getElementById('ContentPlaceHolder1_TimeSpanControlTiempoControlado_txtMinuto').value=5", []): Execute JavaScript 'return document.getElementById('ContentPlaceHolder1_TimeSpanControlTiempoControlado_txtMinuto').value=5' successfully

2024-04-02 14:01:16 - [MESSAGE][PASSED] - Execute JavaScript 'return document.getElementById('ContentPlaceHolder1_TimeSpanControlTiempoControlado_txtMinuto').value=5' successfully

2024-04-02 14:01:16 - [TEST_STEP][PASSED] - delay(2): Delayed 2 second(s)

2024-04-02 14:01:18 - [MESSAGE][PASSED] - Delayed 2 second(s)

2024-04-02 14:01:18 - [TEST_STEP][PASSED] - click(findTestObject("WIZARD/1Modelo De Negocio/2Modal Tiempo Controlado de atencion/btn_Aceptar")): Object: 'Object Repository/WIZARD/1Modelo De Negocio/2Modal Tiempo Controlado de atencion/btn_Aceptar' is clicked on

2024-04-02 14:01:19 - [MESSAGE][PASSED] - Object: 'Object Repository/WIZARD/1Modelo De Negocio/2Modal Tiempo Controlado de atencion/btn_Aceptar' is clicked on

2024-04-02 14:01:19 - [TEST_STEP][PASSED] - delay(3): Delayed 3 second(s)

2024-04-02 14:01:22 - [MESSAGE][PASSED] - Delayed 3 second(s)

2024-04-02 14:01:22 - [TEST_STEP][PASSED] - click(findTestObject("WIZARD/1Modelo De Negocio/2Elementos/Edicion de Elementos/btn_Actualizar")): Object: 'Object Repository/WIZARD/1Modelo De Negocio/2Elementos/Edicion de Elementos/btn_Actualizar' is clicked on

2024-04-02 14:01:22 - [MESSAGE][PASSED] - Object: 'Object Repository/WIZARD/1Modelo De Negocio/2Elementos/Edicion de Elementos/btn_Actualizar' is clicked on

2024-04-02 14:01:22 - [TEST_STEP][PASSED] - delay(3): Delayed 3 second(s)

2024-04-02 14:01:25 - [MESSAGE][PASSED] - Delayed 3 second(s)

2024-04-02 14:01:25 - [TEST_STEP][PASSED] - click(findTestObject("WIZARD/1Modelo De Negocio/2Elementos/Nivel/SubServicio/td_SUB3")): Object: 'Object Repository/WIZARD/1Modelo De Negocio/2Elementos/Nivel/SubServicio/td_SUB3' is clicked on

2024-04-02 14:01:26 - [MESSAGE][PASSED] - Object: 'Object Repository/WIZARD/1Modelo De Negocio/2Elementos/Nivel/SubServicio/td_SUB3' is clicked on

2024-04-02 14:01:26 - [TEST_STEP][PASSED] - delay(3): Delayed 3 second(s)

2024-04-02 14:01:29 - [MESSAGE][PASSED] - Delayed 3 second(s)

2024-04-02 14:01:29 - [TEST_STEP][PASSED] - setText(findTestObject("WIZARD/1Modelo De Negocio/2Elementos/Edicion de Elementos/input_Nombre Elemento"), "Facturación"): Text 'Facturación' is set on object 'Object Repository/WIZARD/1Modelo De Negocio/2Elementos/Edicion de Elementos/input_Nombre Elemento'

2024-04-02 14:01:29 - [MESSAGE][PASSED] - Text 'Facturación' is set on object 'Object Repository/WIZARD/1Modelo De Negocio/2Elementos/Edicion de Elementos/input_Nombre Elemento'

2024-04-02 14:01:29 - [TEST_STEP][PASSED] - setText(findTestObject("WIZARD/1Modelo De Negocio/2Elementos/Edicion de Elementos/input_Descripcion Elemento"), "Facturación"): Text 'Facturación' is set on object 'Object Repository/WIZARD/1Modelo De Negocio/2Elementos/Edicion de Elementos/input_Descripcion Elemento'

2024-04-02 14:01:30 - [MESSAGE][PASSED] - Text 'Facturación' is set on object 'Object Repository/WIZARD/1Modelo De Negocio/2Elementos/Edicion de Elementos/input_Descripcion Elemento'

2024-04-02 14:01:30 - [TEST_STEP][PASSED] - executeJavaScript("return document.getElementById('ContentPlaceHolder1_lnkTiempoMaxAtencion').click()", []): Execute JavaScript 'return document.getElementById('ContentPlaceHolder1_lnkTiempoMaxAtencion').click()' successfully

2024-04-02 14:01:30 - [MESSAGE][PASSED] - Execute JavaScript 'return document.getElementById('ContentPlaceHolder1_lnkTiempoMaxAtencion').click()' successfully

2024-04-02 14:01:30 - [TEST_STEP][PASSED] - delay(2): Delayed 2 second(s)

2024-04-02 14:01:32 - [MESSAGE][PASSED] - Delayed 2 second(s)

2024-04-02 14:01:32 - [TEST_STEP][PASSED] - executeJavaScript("return document.getElementById('ContentPlaceHolder1_TimeSpanControlMaxTiempo_txtMinuto').value=10", []): Execute JavaScript 'return document.getElementById('ContentPlaceHolder1_TimeSpanControlMaxTiempo_txtMinuto').value=10' successfully

2024-04-02 14:01:32 - [MESSAGE][PASSED] - Execute JavaScript 'return document.getElementById('ContentPlaceHolder1_TimeSpanControlMaxTiempo_txtMinuto').value=10' successfully

2024-04-02 14:01:32 - [TEST_STEP][PASSED] - delay(2): Delayed 2 second(s)

2024-04-02 14:01:34 - [MESSAGE][PASSED] - Delayed 2 second(s)

2024-04-02 14:01:34 - [TEST_STEP][PASSED] - click(findTestObject("WIZARD/1Modelo De Negocio/2ModalTiempoMaxAtencion/btn_Aceptar")): Object: 'Object Repository/WIZARD/1Modelo De Negocio/2ModalTiempoMaxAtencion/btn_Aceptar' is clicked on

2024-04-02 14:01:35 - [MESSAGE][PASSED] - Object: 'Object Repository/WIZARD/1Modelo De Negocio/2ModalTiempoMaxAtencion/btn_Aceptar' is clicked on

2024-04-02 14:01:35 - [TEST_STEP][PASSED] - delay(3): Delayed 3 second(s)

2024-04-02 14:01:38 - [MESSAGE][PASSED] - Delayed 3 second(s)

2024-04-02 14:01:38 - [TEST_STEP][PASSED] - executeJavaScript("return document.getElementById('ContentPlaceHolder1_lnkTiempoControaldoAtencion').click()", []): Execute JavaScript 'return document.getElementById('ContentPlaceHolder1_lnkTiempoControaldoAtencion').click()' successfully

2024-04-02 14:01:38 - [MESSAGE][PASSED] - Execute JavaScript 'return document.getElementById('ContentPlaceHolder1_lnkTiempoControaldoAtencion').click()' successfully

2024-04-02 14:01:38 - [TEST_STEP][PASSED] - delay(2): Delayed 2 second(s)

2024-04-02 14:01:40 - [MESSAGE][PASSED] - Delayed 2 second(s)

2024-04-02 14:01:40 - [TEST_STEP][PASSED] - executeJavaScript("return document.getElementById('ContentPlaceHolder1_TimeSpanControlTiempoControlado_txtMinuto').value=5", []): Execute JavaScript 'return document.getElementById('ContentPlaceHolder1_TimeSpanControlTiempoControlado_txtMinuto').value=5' successfully

2024-04-02 14:01:40 - [MESSAGE][PASSED] - Execute JavaScript 'return document.getElementById('ContentPlaceHolder1_TimeSpanControlTiempoControlado_txtMinuto').value=5' successfully

2024-04-02 14:01:40 - [TEST_STEP][PASSED] - delay(2): Delayed 2 second(s)

2024-04-02 14:01:42 - [MESSAGE][PASSED] - Delayed 2 second(s)

2024-04-02 14:01:42 - [TEST_STEP][PASSED] - click(findTestObject("WIZARD/1Modelo De Negocio/2Modal Tiempo Controlado de atencion/btn_Aceptar")): Object: 'Object Repository/WIZARD/1Modelo De Negocio/2Modal Tiempo Controlado de atencion/btn_Aceptar' is clicked on

2024-04-02 14:01:42 - [MESSAGE][PASSED] - Object: 'Object Repository/WIZARD/1Modelo De Negocio/2Modal Tiempo Controlado de atencion/btn_Aceptar' is clicked on

2024-04-02 14:01:42 - [TEST_STEP][PASSED] - delay(3): Delayed 3 second(s)

2024-04-02 14:01:45 - [MESSAGE][PASSED] - Delayed 3 second(s)

2024-04-02 14:01:45 - [TEST_STEP][PASSED] - click(findTestObject("WIZARD/1Modelo De Negocio/2Elementos/Edicion de Elementos/btn_Actualizar")): Object: 'Object Repository/WIZARD/1Modelo De Negocio/2Elementos/Edicion de Elementos/btn_Actualizar' is clicked on

2024-04-02 14:01:46 - [MESSAGE][PASSED] - Object: 'Object Repository/WIZARD/1Modelo De Negocio/2Elementos/Edicion de Elementos/btn_Actualizar' is clicked on

2024-04-02 14:01:46 - [TEST_STEP][PASSED] - delay(3): Delayed 3 second(s)

2024-04-02 14:01:49 - [MESSAGE][PASSED] - Delayed 3 second(s)

2024-04-02 14:01:49 - [TEST_STEP][PASSED] - click(findTestObject("WIZARD/1Modelo De Negocio/2Elementos/Nivel/SubServicio/td_SUB4")): Object: 'Object Repository/WIZARD/1Modelo De Negocio/2Elementos/Nivel/SubServicio/td_SUB4' is clicked on

2024-04-02 14:01:49 - [MESSAGE][PASSED] - Object: 'Object Repository/WIZARD/1Modelo De Negocio/2Elementos/Nivel/SubServicio/td_SUB4' is clicked on

2024-04-02 14:01:49 - [TEST_STEP][PASSED] - delay(3): Delayed 3 second(s)

2024-04-02 14:01:52 - [MESSAGE][PASSED] - Delayed 3 second(s)

2024-04-02 14:01:52 - [TEST_STEP][PASSED] - setText(findTestObject("WIZARD/1Modelo De Negocio/2Elementos/Edicion de Elementos/input_Nombre Elemento"), "Renovaciones"): Text 'Renovaciones' is set on object 'Object Repository/WIZARD/1Modelo De Negocio/2Elementos/Edicion de Elementos/input_Nombre Elemento'

2024-04-02 14:01:53 - [MESSAGE][PASSED] - Text 'Renovaciones' is set on object 'Object Repository/WIZARD/1Modelo De Negocio/2Elementos/Edicion de Elementos/input_Nombre Elemento'

2024-04-02 14:01:53 - [TEST_STEP][PASSED] - setText(findTestObject("WIZARD/1Modelo De Negocio/2Elementos/Edicion de Elementos/input_Descripcion Elemento"), "Renovaciones"): Text 'Renovaciones' is set on object 'Object Repository/WIZARD/1Modelo De Negocio/2Elementos/Edicion de Elementos/input_Descripcion Elemento'

2024-04-02 14:01:54 - [MESSAGE][PASSED] - Text 'Renovaciones' is set on object 'Object Repository/WIZARD/1Modelo De Negocio/2Elementos/Edicion de Elementos/input_Descripcion Elemento'

2024-04-02 14:01:54 - [TEST_STEP][PASSED] - executeJavaScript("return document.getElementById('ContentPlaceHolder1_lnkTiempoMaxAtencion').click()", []): Execute JavaScript 'return document.getElementById('ContentPlaceHolder1_lnkTiempoMaxAtencion').click()' successfully

2024-04-02 14:01:54 - [MESSAGE][PASSED] - Execute JavaScript 'return document.getElementById('ContentPlaceHolder1_lnkTiempoMaxAtencion').click()' successfully

2024-04-02 14:01:54 - [TEST_STEP][PASSED] - delay(2): Delayed 2 second(s)

2024-04-02 14:01:56 - [MESSAGE][PASSED] - Delayed 2 second(s)

2024-04-02 14:01:56 - [TEST_STEP][PASSED] - executeJavaScript("return document.getElementById('ContentPlaceHolder1_TimeSpanControlMaxTiempo_txtMinuto').value=10", []): Execute JavaScript 'return document.getElementById('ContentPlaceHolder1_TimeSpanControlMaxTiempo_txtMinuto').value=10' successfully

2024-04-02 14:01:56 - [MESSAGE][PASSED] - Execute JavaScript 'return document.getElementById('ContentPlaceHolder1_TimeSpanControlMaxTiempo_txtMinuto').value=10' successfully

2024-04-02 14:01:56 - [TEST_STEP][PASSED] - delay(2): Delayed 2 second(s)

2024-04-02 14:01:58 - [MESSAGE][PASSED] - Delayed 2 second(s)

2024-04-02 14:01:58 - [TEST_STEP][PASSED] - click(findTestObject("WIZARD/1Modelo De Negocio/2ModalTiempoMaxAtencion/btn_Aceptar")): Object: 'Object Repository/WIZARD/1Modelo De Negocio/2ModalTiempoMaxAtencion/btn_Aceptar' is clicked on

2024-04-02 14:01:58 - [MESSAGE][PASSED] - Object: 'Object Repository/WIZARD/1Modelo De Negocio/2ModalTiempoMaxAtencion/btn_Aceptar' is clicked on

2024-04-02 14:01:58 - [TEST_STEP][PASSED] - delay(3): Delayed 3 second(s)

2024-04-02 14:02:01 - [MESSAGE][PASSED] - Delayed 3 second(s)

2024-04-02 14:02:01 - [TEST_STEP][PASSED] - executeJavaScript("return document.getElementById('ContentPlaceHolder1_lnkTiempoControaldoAtencion').click()", []): Execute JavaScript 'return document.getElementById('ContentPlaceHolder1_lnkTiempoControaldoAtencion').click()' successfully

2024-04-02 14:02:02 - [MESSAGE][PASSED] - Execute JavaScript 'return document.getElementById('ContentPlaceHolder1_lnkTiempoControaldoAtencion').click()' successfully

2024-04-02 14:02:02 - [TEST_STEP][PASSED] - delay(2): Delayed 2 second(s)

2024-04-02 14:02:04 - [MESSAGE][PASSED] - Delayed 2 second(s)

2024-04-02 14:02:04 - [TEST_STEP][PASSED] - executeJavaScript("return document.getElementById('ContentPlaceHolder1_TimeSpanControlTiempoControlado_txtMinuto').value=5", []): Execute JavaScript 'return document.getElementById('ContentPlaceHolder1_TimeSpanControlTiempoControlado_txtMinuto').value=5' successfully

2024-04-02 14:02:04 - [MESSAGE][PASSED] - Execute JavaScript 'return document.getElementById('ContentPlaceHolder1_TimeSpanControlTiempoControlado_txtMinuto').value=5' successfully

2024-04-02 14:02:04 - [TEST_STEP][PASSED] - delay(2): Delayed 2 second(s)

2024-04-02 14:02:06 - [MESSAGE][PASSED] - Delayed 2 second(s)

2024-04-02 14:02:06 - [TEST_STEP][PASSED] - click(findTestObject("WIZARD/1Modelo De Negocio/2Modal Tiempo Controlado de atencion/btn_Aceptar")): Object: 'Object Repository/WIZARD/1Modelo De Negocio/2Modal Tiempo Controlado de atencion/btn_Aceptar' is clicked on

2024-04-02 14:02:06 - [MESSAGE][PASSED] - Object: 'Object Repository/WIZARD/1Modelo De Negocio/2Modal Tiempo Controlado de atencion/btn_Aceptar' is clicked on

2024-04-02 14:02:06 - [TEST_STEP][PASSED] - delay(3): Delayed 3 second(s)

2024-04-02 14:02:09 - [MESSAGE][PASSED] - Delayed 3 second(s)

2024-04-02 14:02:09 - [TEST_STEP][PASSED] - click(findTestObject("WIZARD/1Modelo De Negocio/2Elementos/Edicion de Elementos/btn_Actualizar")): Object: 'Object Repository/WIZARD/1Modelo De Negocio/2Elementos/Edicion de Elementos/btn_Actualizar' is clicked on

2024-04-02 14:02:10 - [MESSAGE][PASSED] - Object: 'Object Repository/WIZARD/1Modelo De Negocio/2Elementos/Edicion de Elementos/btn_Actualizar' is clicked on

2024-04-02 14:02:10 - [TEST_STEP][PASSED] - delay(3): Delayed 3 second(s)

2024-04-02 14:02:13 - [MESSAGE][PASSED] - Delayed 3 second(s)

2024-04-02 14:02:13 - [TEST_STEP][PASSED] - click(findTestObject("WIZARD/1Modelo De Negocio/2Elementos/Nivel/SubServicio/td_SUB5")): Object: 'Object Repository/WIZARD/1Modelo De Negocio/2Elementos/Nivel/SubServicio/td_SUB5' is clicked on

2024-04-02 14:02:13 - [MESSAGE][PASSED] - Object: 'Object Repository/WIZARD/1Modelo De Negocio/2Elementos/Nivel/SubServicio/td_SUB5' is clicked on

2024-04-02 14:02:13 - [TEST_STEP][PASSED] - delay(3): Delayed 3 second(s)

2024-04-02 14:02:16 - [MESSAGE][PASSED] - Delayed 3 second(s)

2024-04-02 14:02:16 - [TEST_STEP][PASSED] - setText(findTestObject("WIZARD/1Modelo De Negocio/2Elementos/Edicion de Elementos/input_Nombre Elemento"), "Autorizaciones"): Text 'Autorizaciones' is set on object 'Object Repository/WIZARD/1Modelo De Negocio/2Elementos/Edicion de Elementos/input_Nombre Elemento'

2024-04-02 14:02:17 - [MESSAGE][PASSED] - Text 'Autorizaciones' is set on object 'Object Repository/WIZARD/1Modelo De Negocio/2Elementos/Edicion de Elementos/input_Nombre Elemento'

2024-04-02 14:02:17 - [TEST_STEP][PASSED] - setText(findTestObject("WIZARD/1Modelo De Negocio/2Elementos/Edicion de Elementos/input_Descripcion Elemento"), "Autorizaciones"): Text 'Autorizaciones' is set on object 'Object Repository/WIZARD/1Modelo De Negocio/2Elementos/Edicion de Elementos/input_Descripcion Elemento'

2024-04-02 14:02:18 - [MESSAGE][PASSED] - Text 'Autorizaciones' is set on object 'Object Repository/WIZARD/1Modelo De Negocio/2Elementos/Edicion de Elementos/input_Descripcion Elemento'

2024-04-02 14:02:18 - [TEST_STEP][PASSED] - executeJavaScript("return document.getElementById('ContentPlaceHolder1_lnkTiempoMaxAtencion').click()", []): Execute JavaScript 'return document.getElementById('ContentPlaceHolder1_lnkTiempoMaxAtencion').click()' successfully

2024-04-02 14:02:18 - [MESSAGE][PASSED] - Execute JavaScript 'return document.getElementById('ContentPlaceHolder1_lnkTiempoMaxAtencion').click()' successfully

2024-04-02 14:02:18 - [TEST_STEP][PASSED] - delay(2): Delayed 2 second(s)

2024-04-02 14:02:20 - [MESSAGE][PASSED] - Delayed 2 second(s)

2024-04-02 14:02:20 - [TEST_STEP][PASSED] - executeJavaScript("return document.getElementById('ContentPlaceHolder1_TimeSpanControlMaxTiempo_txtMinuto').value=10", []): Execute JavaScript 'return document.getElementById('ContentPlaceHolder1_TimeSpanControlMaxTiempo_txtMinuto').value=10' successfully

2024-04-02 14:02:20 - [MESSAGE][PASSED] - Execute JavaScript 'return document.getElementById('ContentPlaceHolder1_TimeSpanControlMaxTiempo_txtMinuto').value=10' successfully

2024-04-02 14:02:20 - [TEST_STEP][PASSED] - delay(2): Delayed 2 second(s)

2024-04-02 14:02:22 - [MESSAGE][PASSED] - Delayed 2 second(s)

2024-04-02 14:02:22 - [TEST_STEP][PASSED] - click(findTestObject("WIZARD/1Modelo De Negocio/2ModalTiempoMaxAtencion/btn_Aceptar")): Object: 'Object Repository/WIZARD/1Modelo De Negocio/2ModalTiempoMaxAtencion/btn_Aceptar' is clicked on

2024-04-02 14:02:22 - [MESSAGE][PASSED] - Object: 'Object Repository/WIZARD/1Modelo De Negocio/2ModalTiempoMaxAtencion/btn_Aceptar' is clicked on

2024-04-02 14:02:22 - [TEST_STEP][PASSED] - delay(3): Delayed 3 second(s)

2024-04-02 14:02:25 - [MESSAGE][PASSED] - Delayed 3 second(s)

2024-04-02 14:02:25 - [TEST_STEP][PASSED] - executeJavaScript("return document.getElementById('ContentPlaceHolder1_lnkTiempoControaldoAtencion').click()", []): Execute JavaScript 'return document.getElementById('ContentPlaceHolder1_lnkTiempoControaldoAtencion').click()' successfully

2024-04-02 14:02:25 - [MESSAGE][PASSED] - Execute JavaScript 'return document.getElementById('ContentPlaceHolder1_lnkTiempoControaldoAtencion').click()' successfully

2024-04-02 14:02:25 - [TEST_STEP][PASSED] - delay(2): Delayed 2 second(s)

2024-04-02 14:02:27 - [MESSAGE][PASSED] - Delayed 2 second(s)

2024-04-02 14:02:27 - [TEST_STEP][PASSED] - executeJavaScript("return document.getElementById('ContentPlaceHolder1_TimeSpanControlTiempoControlado_txtMinuto').value=5", []): Execute JavaScript 'return document.getElementById('ContentPlaceHolder1_TimeSpanControlTiempoControlado_txtMinuto').value=5' successfully

2024-04-02 14:02:27 - [MESSAGE][PASSED] - Execute JavaScript 'return document.getElementById('ContentPlaceHolder1_TimeSpanControlTiempoControlado_txtMinuto').value=5' successfully

2024-04-02 14:02:27 - [TEST_STEP][PASSED] - delay(2): Delayed 2 second(s)

2024-04-02 14:02:29 - [MESSAGE][PASSED] - Delayed 2 second(s)

2024-04-02 14:02:29 - [TEST_STEP][PASSED] - click(findTestObject("WIZARD/1Modelo De Negocio/2Modal Tiempo Controlado de atencion/btn_Aceptar")): Object: 'Object Repository/WIZARD/1Modelo De Negocio/2Modal Tiempo Controlado de atencion/btn_Aceptar' is clicked on

2024-04-02 14:02:30 - [MESSAGE][PASSED] - Object: 'Object Repository/WIZARD/1Modelo De Negocio/2Modal Tiempo Controlado de atencion/btn_Aceptar' is clicked on

2024-04-02 14:02:30 - [TEST_STEP][PASSED] - delay(3): Delayed 3 second(s)

2024-04-02 14:02:33 - [MESSAGE][PASSED] - Delayed 3 second(s)

2024-04-02 14:02:33 - [TEST_STEP][PASSED] - click(findTestObject("WIZARD/1Modelo De Negocio/2Elementos/Edicion de Elementos/btn_Actualizar")): Object: 'Object Repository/WIZARD/1Modelo De Negocio/2Elementos/Edicion de Elementos/btn_Actualizar' is clicked on

2024-04-02 14:02:33 - [MESSAGE][PASSED] - Object: 'Object Repository/WIZARD/1Modelo De Negocio/2Elementos/Edicion de Elementos/btn_Actualizar' is clicked on

2024-04-02 14:02:33 - [TEST_STEP][PASSED] - delay(3): Delayed 3 second(s)

2024-04-02 14:02:36 - [MESSAGE][PASSED] - Delayed 3 second(s)

2024-04-02 14:02:36 - [TEST_STEP][PASSED] - click(findTestObject("WIZARD/1Modelo De Negocio/2Elementos/Nivel/SubServicio/td_SUB6")): Object: 'Object Repository/WIZARD/1Modelo De Negocio/2Elementos/Nivel/SubServicio/td_SUB6' is clicked on

2024-04-02 14:02:37 - [MESSAGE][PASSED] - Object: 'Object Repository/WIZARD/1Modelo De Negocio/2Elementos/Nivel/SubServicio/td_SUB6' is clicked on

2024-04-02 14:02:37 - [TEST_STEP][PASSED] - delay(3): Delayed 3 second(s)

2024-04-02 14:02:40 - [MESSAGE][PASSED] - Delayed 3 second(s)

2024-04-02 14:02:40 - [TEST_STEP][PASSED] - setText(findTestObject("WIZARD/1Modelo De Negocio/2Elementos/Edicion de Elementos/input_Nombre Elemento"), "Certificado"): Text 'Certificado' is set on object 'Object Repository/WIZARD/1Modelo De Negocio/2Elementos/Edicion de Elementos/input_Nombre Elemento'

2024-04-02 14:02:40 - [MESSAGE][PASSED] - Text 'Certificado' is set on object 'Object Repository/WIZARD/1Modelo De Negocio/2Elementos/Edicion de Elementos/input_Nombre Elemento'

2024-04-02 14:02:40 - [TEST_STEP][PASSED] - setText(findTestObject("WIZARD/1Modelo De Negocio/2Elementos/Edicion de Elementos/input_Descripcion Elemento"), "Certificado"): Text 'Certificado' is set on object 'Object Repository/WIZARD/1Modelo De Negocio/2Elementos/Edicion de Elementos/input_Descripcion Elemento'

2024-04-02 14:02:41 - [MESSAGE][PASSED] - Text 'Certificado' is set on object 'Object Repository/WIZARD/1Modelo De Negocio/2Elementos/Edicion de Elementos/input_Descripcion Elemento'

2024-04-02 14:02:41 - [TEST_STEP][PASSED] - executeJavaScript("return document.getElementById('ContentPlaceHolder1_lnkTiempoMaxAtencion').click()", []): Execute JavaScript 'return document.getElementById('ContentPlaceHolder1_lnkTiempoMaxAtencion').click()' successfully

2024-04-02 14:02:41 - [MESSAGE][PASSED] - Execute JavaScript 'return document.getElementById('ContentPlaceHolder1_lnkTiempoMaxAtencion').click()' successfully

2024-04-02 14:02:41 - [TEST_STEP][PASSED] - delay(2): Delayed 2 second(s)

2024-04-02 14:02:43 - [MESSAGE][PASSED] - Delayed 2 second(s)

2024-04-02 14:02:43 - [TEST_STEP][PASSED] - executeJavaScript("return document.getElementById('ContentPlaceHolder1_TimeSpanControlMaxTiempo_txtMinuto').value=10", []): Execute JavaScript 'return document.getElementById('ContentPlaceHolder1_TimeSpanControlMaxTiempo_txtMinuto').value=10' successfully

2024-04-02 14:02:43 - [MESSAGE][PASSED] - Execute JavaScript 'return document.getElementById('ContentPlaceHolder1_TimeSpanControlMaxTiempo_txtMinuto').value=10' successfully

2024-04-02 14:02:43 - [TEST_STEP][PASSED] - delay(2): Delayed 2 second(s)

2024-04-02 14:02:45 - [MESSAGE][PASSED] - Delayed 2 second(s)

2024-04-02 14:02:45 - [TEST_STEP][PASSED] - click(findTestObject("WIZARD/1Modelo De Negocio/2ModalTiempoMaxAtencion/btn_Aceptar")): Object: 'Object Repository/WIZARD/1Modelo De Negocio/2ModalTiempoMaxAtencion/btn_Aceptar' is clicked on

2024-04-02 14:02:46 - [MESSAGE][PASSED] - Object: 'Object Repository/WIZARD/1Modelo De Negocio/2ModalTiempoMaxAtencion/btn_Aceptar' is clicked on

2024-04-02 14:02:46 - [TEST_STEP][PASSED] - delay(3): Delayed 3 second(s)

2024-04-02 14:02:49 - [MESSAGE][PASSED] - Delayed 3 second(s)

2024-04-02 14:02:49 - [TEST_STEP][PASSED] - executeJavaScript("return document.getElementById('ContentPlaceHolder1_lnkTiempoControaldoAtencion').click()", []): Execute JavaScript 'return document.getElementById('ContentPlaceHolder1_lnkTiempoControaldoAtencion').click()' successfully

2024-04-02 14:02:49 - [MESSAGE][PASSED] - Execute JavaScript 'return document.getElementById('ContentPlaceHolder1_lnkTiempoControaldoAtencion').click()' successfully

2024-04-02 14:02:49 - [TEST_STEP][PASSED] - delay(2): Delayed 2 second(s)

2024-04-02 14:02:51 - [MESSAGE][PASSED] - Delayed 2 second(s)

2024-04-02 14:02:51 - [TEST_STEP][PASSED] - executeJavaScript("return document.getElementById('ContentPlaceHolder1_TimeSpanControlTiempoControlado_txtMinuto').value=5", []): Execute JavaScript 'return document.getElementById('ContentPlaceHolder1_TimeSpanControlTiempoControlado_txtMinuto').value=5' successfully

2024-04-02 14:02:51 - [MESSAGE][PASSED] - Execute JavaScript 'return document.getElementById('ContentPlaceHolder1_TimeSpanControlTiempoControlado_txtMinuto').value=5' successfully

2024-04-02 14:02:51 - [TEST_STEP][PASSED] - delay(2): Delayed 2 second(s)

2024-04-02 14:02:53 - [MESSAGE][PASSED] - Delayed 2 second(s)

2024-04-02 14:02:53 - [TEST_STEP][PASSED] - click(findTestObject("WIZARD/1Modelo De Negocio/2Modal Tiempo Controlado de atencion/btn_Aceptar")): Object: 'Object Repository/WIZARD/1Modelo De Negocio/2Modal Tiempo Controlado de atencion/btn_Aceptar' is clicked on

2024-04-02 14:02:53 - [MESSAGE][PASSED] - Object: 'Object Repository/WIZARD/1Modelo De Negocio/2Modal Tiempo Controlado de atencion/btn_Aceptar' is clicked on

2024-04-02 14:02:53 - [TEST_STEP][PASSED] - delay(3): Delayed 3 second(s)

2024-04-02 14:02:56 - [MESSAGE][PASSED] - Delayed 3 second(s)

2024-04-02 14:02:56 - [TEST_STEP][PASSED] - click(findTestObject("WIZARD/1Modelo De Negocio/2Elementos/Edicion de Elementos/btn_Actualizar")): Object: 'Object Repository/WIZARD/1Modelo De Negocio/2Elementos/Edicion de Elementos/btn_Actualizar' is clicked on

2024-04-02 14:02:57 - [MESSAGE][PASSED] - Object: 'Object Repository/WIZARD/1Modelo De Negocio/2Elementos/Edicion de Elementos/btn_Actualizar' is clicked on

2024-04-02 14:02:57 - [TEST_STEP][PASSED] - delay(3): Delayed 3 second(s)

2024-04-02 14:03:00 - [MESSAGE][PASSED] - Delayed 3 second(s)

2024-04-02 14:03:00 - [TEST_STEP][PASSED] - click(findTestObject("WIZARD/1Modelo De Negocio/2Elementos/Nivel/SubServicio/td_SUB7")): Object: 'Object Repository/WIZARD/1Modelo De Negocio/2Elementos/Nivel/SubServicio/td_SUB7' is clicked on

2024-04-02 14:03:00 - [MESSAGE][PASSED] - Object: 'Object Repository/WIZARD/1Modelo De Negocio/2Elementos/Nivel/SubServicio/td_SUB7' is clicked on

2024-04-02 14:03:00 - [TEST_STEP][PASSED] - delay(3): Delayed 3 second(s)

2024-04-02 14:03:03 - [MESSAGE][PASSED] - Delayed 3 second(s)

2024-04-02 14:03:03 - [TEST_STEP][PASSED] - setText(findTestObject("WIZARD/1Modelo De Negocio/2Elementos/Edicion de Elementos/input_Nombre Elemento"), "Facturas"): Text 'Facturas' is set on object 'Object Repository/WIZARD/1Modelo De Negocio/2Elementos/Edicion de Elementos/input_Nombre Elemento'

2024-04-02 14:03:04 - [MESSAGE][PASSED] - Text 'Facturas' is set on object 'Object Repository/WIZARD/1Modelo De Negocio/2Elementos/Edicion de Elementos/input_Nombre Elemento'

2024-04-02 14:03:04 - [TEST_STEP][PASSED] - setText(findTestObject("WIZARD/1Modelo De Negocio/2Elementos/Edicion de Elementos/input_Descripcion Elemento"), "Facturas"): Text 'Facturas' is set on object 'Object Repository/WIZARD/1Modelo De Negocio/2Elementos/Edicion de Elementos/input_Descripcion Elemento'

2024-04-02 14:03:05 - [MESSAGE][PASSED] - Text 'Facturas' is set on object 'Object Repository/WIZARD/1Modelo De Negocio/2Elementos/Edicion de Elementos/input_Descripcion Elemento'

2024-04-02 14:03:05 - [TEST_STEP][PASSED] - executeJavaScript("return document.getElementById('ContentPlaceHolder1_lnkTiempoMaxAtencion').click()", []): Execute JavaScript 'return document.getElementById('ContentPlaceHolder1_lnkTiempoMaxAtencion').click()' successfully

2024-04-02 14:03:05 - [MESSAGE][PASSED] - Execute JavaScript 'return document.getElementById('ContentPlaceHolder1_lnkTiempoMaxAtencion').click()' successfully

2024-04-02 14:03:05 - [TEST_STEP][PASSED] - delay(2): Delayed 2 second(s)

2024-04-02 14:03:07 - [MESSAGE][PASSED] - Delayed 2 second(s)

2024-04-02 14:03:07 - [TEST_STEP][PASSED] - executeJavaScript("return document.getElementById('ContentPlaceHolder1_TimeSpanControlMaxTiempo_txtMinuto').value=10", []): Execute JavaScript 'return document.getElementById('ContentPlaceHolder1_TimeSpanControlMaxTiempo_txtMinuto').value=10' successfully

2024-04-02 14:03:07 - [MESSAGE][PASSED] - Execute JavaScript 'return document.getElementById('ContentPlaceHolder1_TimeSpanControlMaxTiempo_txtMinuto').value=10' successfully

2024-04-02 14:03:07 - [TEST_STEP][PASSED] - delay(2): Delayed 2 second(s)

2024-04-02 14:03:09 - [MESSAGE][PASSED] - Delayed 2 second(s)

2024-04-02 14:03:09 - [TEST_STEP][PASSED] - click(findTestObject("WIZARD/1Modelo De Negocio/2ModalTiempoMaxAtencion/btn_Aceptar")): Object: 'Object Repository/WIZARD/1Modelo De Negocio/2ModalTiempoMaxAtencion/btn_Aceptar' is clicked on

2024-04-02 14:03:09 - [MESSAGE][PASSED] - Object: 'Object Repository/WIZARD/1Modelo De Negocio/2ModalTiempoMaxAtencion/btn_Aceptar' is clicked on

2024-04-02 14:03:09 - [TEST_STEP][PASSED] - delay(3): Delayed 3 second(s)

2024-04-02 14:03:12 - [MESSAGE][PASSED] - Delayed 3 second(s)

2024-04-02 14:03:12 - [TEST_STEP][PASSED] - executeJavaScript("return document.getElementById('ContentPlaceHolder1_lnkTiempoControaldoAtencion').click()", []): Execute JavaScript 'return document.getElementById('ContentPlaceHolder1_lnkTiempoControaldoAtencion').click()' successfully

2024-04-02 14:03:12 - [MESSAGE][PASSED] - Execute JavaScript 'return document.getElementById('ContentPlaceHolder1_lnkTiempoControaldoAtencion').click()' successfully

2024-04-02 14:03:12 - [TEST_STEP][PASSED] - delay(2): Delayed 2 second(s)

2024-04-02 14:03:14 - [MESSAGE][PASSED] - Delayed 2 second(s)

2024-04-02 14:03:14 - [TEST_STEP][PASSED] - executeJavaScript("return document.getElementById('ContentPlaceHolder1_TimeSpanControlTiempoControlado_txtMinuto').value=5", []): Execute JavaScript 'return document.getElementById('ContentPlaceHolder1_TimeSpanControlTiempoControlado_txtMinuto').value=5' successfully

2024-04-02 14:03:14 - [MESSAGE][PASSED] - Execute JavaScript 'return document.getElementById('ContentPlaceHolder1_TimeSpanControlTiempoControlado_txtMinuto').value=5' successfully

2024-04-02 14:03:14 - [TEST_STEP][PASSED] - delay(2): Delayed 2 second(s)

2024-04-02 14:03:16 - [MESSAGE][PASSED] - Delayed 2 second(s)

2024-04-02 14:03:16 - [TEST_STEP][PASSED] - click(findTestObject("WIZARD/1Modelo De Negocio/2Modal Tiempo Controlado de atencion/btn_Aceptar")): Object: 'Object Repository/WIZARD/1Modelo De Negocio/2Modal Tiempo Controlado de atencion/btn_Aceptar' is clicked on

2024-04-02 14:03:17 - [MESSAGE][PASSED] - Object: 'Object Repository/WIZARD/1Modelo De Negocio/2Modal Tiempo Controlado de atencion/btn_Aceptar' is clicked on

2024-04-02 14:03:17 - [TEST_STEP][PASSED] - delay(3): Delayed 3 second(s)

2024-04-02 14:03:20 - [MESSAGE][PASSED] - Delayed 3 second(s)

2024-04-02 14:03:20 - [TEST_STEP][PASSED] - click(findTestObject("WIZARD/1Modelo De Negocio/2Elementos/Edicion de Elementos/btn_Actualizar")): Object: 'Object Repository/WIZARD/1Modelo De Negocio/2Elementos/Edicion de Elementos/btn_Actualizar' is clicked on

2024-04-02 14:03:20 - [MESSAGE][PASSED] - Object: 'Object Repository/WIZARD/1Modelo De Negocio/2Elementos/Edicion de Elementos/btn_Actualizar' is clicked on

2024-04-02 14:03:20 - [TEST_STEP][PASSED] - delay(3): Delayed 3 second(s)

2024-04-02 14:03:23 - [MESSAGE][PASSED] - Delayed 3 second(s)

2024-04-02 14:03:23 - [TEST_STEP][PASSED] - click(findTestObject("WIZARD/1Modelo De Negocio/2Elementos/Nivel/SubServicio/td_SUB8")): Object: 'Object Repository/WIZARD/1Modelo De Negocio/2Elementos/Nivel/SubServicio/td_SUB8' is clicked on

2024-04-02 14:03:24 - [MESSAGE][PASSED] - Object: 'Object Repository/WIZARD/1Modelo De Negocio/2Elementos/Nivel/SubServicio/td_SUB8' is clicked on

2024-04-02 14:03:24 - [TEST_STEP][PASSED] - delay(3): Delayed 3 second(s)

2024-04-02 14:03:27 - [MESSAGE][PASSED] - Delayed 3 second(s)

2024-04-02 14:03:27 - [TEST_STEP][PASSED] - setText(findTestObject("WIZARD/1Modelo De Negocio/2Elementos/Edicion de Elementos/input_Nombre Elemento"), "Remisión"): Text 'Remisión' is set on object 'Object Repository/WIZARD/1Modelo De Negocio/2Elementos/Edicion de Elementos/input_Nombre Elemento'

2024-04-02 14:03:28 - [MESSAGE][PASSED] - Text 'Remisión' is set on object 'Object Repository/WIZARD/1Modelo De Negocio/2Elementos/Edicion de Elementos/input_Nombre Elemento'

2024-04-02 14:03:28 - [TEST_STEP][PASSED] - setText(findTestObject("WIZARD/1Modelo De Negocio/2Elementos/Edicion de Elementos/input_Descripcion Elemento"), "Remisión"): Text 'Remisión' is set on object 'Object Repository/WIZARD/1Modelo De Negocio/2Elementos/Edicion de Elementos/input_Descripcion Elemento'

2024-04-02 14:03:28 - [MESSAGE][PASSED] - Text 'Remisión' is set on object 'Object Repository/WIZARD/1Modelo De Negocio/2Elementos/Edicion de Elementos/input_Descripcion Elemento'

2024-04-02 14:03:28 - [TEST_STEP][PASSED] - executeJavaScript("return document.getElementById('ContentPlaceHolder1_lnkTiempoMaxAtencion').click()", []): Execute JavaScript 'return document.getElementById('ContentPlaceHolder1_lnkTiempoMaxAtencion').click()' successfully

2024-04-02 14:03:28 - [MESSAGE][PASSED] - Execute JavaScript 'return document.getElementById('ContentPlaceHolder1_lnkTiempoMaxAtencion').click()' successfully

2024-04-02 14:03:28 - [TEST_STEP][PASSED] - delay(2): Delayed 2 second(s)

2024-04-02 14:03:30 - [MESSAGE][PASSED] - Delayed 2 second(s)

2024-04-02 14:03:30 - [TEST_STEP][PASSED] - executeJavaScript("return document.getElementById('ContentPlaceHolder1_TimeSpanControlMaxTiempo_txtMinuto').value=10", []): Execute JavaScript 'return document.getElementById('ContentPlaceHolder1_TimeSpanControlMaxTiempo_txtMinuto').value=10' successfully

2024-04-02 14:03:30 - [MESSAGE][PASSED] - Execute JavaScript 'return document.getElementById('ContentPlaceHolder1_TimeSpanControlMaxTiempo_txtMinuto').value=10' successfully

2024-04-02 14:03:30 - [TEST_STEP][PASSED] - delay(2): Delayed 2 second(s)

2024-04-02 14:03:32 - [MESSAGE][PASSED] - Delayed 2 second(s)

2024-04-02 14:03:32 - [TEST_STEP][PASSED] - click(findTestObject("WIZARD/1Modelo De Negocio/2ModalTiempoMaxAtencion/btn_Aceptar")): Object: 'Object Repository/WIZARD/1Modelo De Negocio/2ModalTiempoMaxAtencion/btn_Aceptar' is clicked on

2024-04-02 14:03:33 - [MESSAGE][PASSED] - Object: 'Object Repository/WIZARD/1Modelo De Negocio/2ModalTiempoMaxAtencion/btn_Aceptar' is clicked on

2024-04-02 14:03:33 - [TEST_STEP][PASSED] - delay(3): Delayed 3 second(s)

2024-04-02 14:03:36 - [MESSAGE][PASSED] - Delayed 3 second(s)

2024-04-02 14:03:36 - [TEST_STEP][PASSED] - executeJavaScript("return document.getElementById('ContentPlaceHolder1_lnkTiempoControaldoAtencion').click()", []): Execute JavaScript 'return document.getElementById('ContentPlaceHolder1_lnkTiempoControaldoAtencion').click()' successfully

2024-04-02 14:03:36 - [MESSAGE][PASSED] - Execute JavaScript 'return document.getElementById('ContentPlaceHolder1_lnkTiempoControaldoAtencion').click()' successfully

2024-04-02 14:03:36 - [TEST_STEP][PASSED] - delay(2): Delayed 2 second(s)

2024-04-02 14:03:38 - [MESSAGE][PASSED] - Delayed 2 second(s)

2024-04-02 14:03:38 - [TEST_STEP][PASSED] - executeJavaScript("return document.getElementById('ContentPlaceHolder1_TimeSpanControlTiempoControlado_txtMinuto').value=5", []): Execute JavaScript 'return document.getElementById('ContentPlaceHolder1_TimeSpanControlTiempoControlado_txtMinuto').value=5' successfully

2024-04-02 14:03:38 - [MESSAGE][PASSED] - Execute JavaScript 'return document.getElementById('ContentPlaceHolder1_TimeSpanControlTiempoControlado_txtMinuto').value=5' successfully

2024-04-02 14:03:38 - [TEST_STEP][PASSED] - delay(2): Delayed 2 second(s)

2024-04-02 14:03:40 - [MESSAGE][PASSED] - Delayed 2 second(s)

2024-04-02 14:03:40 - [TEST_STEP][PASSED] - click(findTestObject("WIZARD/1Modelo De Negocio/2Modal Tiempo Controlado de atencion/btn_Aceptar")): Object: 'Object Repository/WIZARD/1Modelo De Negocio/2Modal Tiempo Controlado de atencion/btn_Aceptar' is clicked on

2024-04-02 14:03:40 - [MESSAGE][PASSED] - Object: 'Object Repository/WIZARD/1Modelo De Negocio/2Modal Tiempo Controlado de atencion/btn_Aceptar' is clicked on

2024-04-02 14:03:40 - [TEST_STEP][PASSED] - delay(3): Delayed 3 second(s)

2024-04-02 14:03:43 - [MESSAGE][PASSED] - Delayed 3 second(s)

2024-04-02 14:03:43 - [TEST_STEP][PASSED] - click(findTestObject("WIZARD/1Modelo De Negocio/2Elementos/Edicion de Elementos/btn_Actualizar")): Object: 'Object Repository/WIZARD/1Modelo De Negocio/2Elementos/Edicion de Elementos/btn_Actualizar' is clicked on

2024-04-02 14:03:44 - [MESSAGE][PASSED] - Object: 'Object Repository/WIZARD/1Modelo De Negocio/2Elementos/Edicion de Elementos/btn_Actualizar' is clicked on

2024-04-02 14:03:44 - [TEST_STEP][PASSED] - delay(3): Delayed 3 second(s)

2024-04-02 14:03:47 - [MESSAGE][PASSED] - Delayed 3 second(s)

2024-04-02 14:03:47 - [TEST_STEP][PASSED] - click(findTestObject("WIZARD/1Modelo De Negocio/2Elementos/Nivel/SubServicio/td_SUB9")): Object: 'Object Repository/WIZARD/1Modelo De Negocio/2Elementos/Nivel/SubServicio/td_SUB9' is clicked on

2024-04-02 14:03:50 - [MESSAGE][PASSED] - Object: 'Object Repository/WIZARD/1Modelo De Negocio/2Elementos/Nivel/SubServicio/td_SUB9' is clicked on

2024-04-02 14:03:50 - [TEST_STEP][PASSED] - delay(3): Delayed 3 second(s)

2024-04-02 14:03:53 - [MESSAGE][PASSED] - Delayed 3 second(s)

2024-04-02 14:03:53 - [TEST_STEP][PASSED] - setText(findTestObject("WIZARD/1Modelo De Negocio/2Elementos/Edicion de Elementos/input_Nombre Elemento"), "Petición"): Text 'Petición' is set on object 'Object Repository/WIZARD/1Modelo De Negocio/2Elementos/Edicion de Elementos/input_Nombre Elemento'

2024-04-02 14:03:53 - [MESSAGE][PASSED] - Text 'Petición' is set on object 'Object Repository/WIZARD/1Modelo De Negocio/2Elementos/Edicion de Elementos/input_Nombre Elemento'

2024-04-02 14:03:53 - [TEST_STEP][PASSED] - setText(findTestObject("WIZARD/1Modelo De Negocio/2Elementos/Edicion de Elementos/input_Descripcion Elemento"), "Petición"): Text 'Petición' is set on object 'Object Repository/WIZARD/1Modelo De Negocio/2Elementos/Edicion de Elementos/input_Descripcion Elemento'

2024-04-02 14:03:54 - [MESSAGE][PASSED] - Text 'Petición' is set on object 'Object Repository/WIZARD/1Modelo De Negocio/2Elementos/Edicion de Elementos/input_Descripcion Elemento'

2024-04-02 14:03:54 - [TEST_STEP][PASSED] - executeJavaScript("return document.getElementById('ContentPlaceHolder1_lnkTiempoMaxAtencion').click()", []): Execute JavaScript 'return document.getElementById('ContentPlaceHolder1_lnkTiempoMaxAtencion').click()' successfully

2024-04-02 14:03:54 - [MESSAGE][PASSED] - Execute JavaScript 'return document.getElementById('ContentPlaceHolder1_lnkTiempoMaxAtencion').click()' successfully

2024-04-02 14:03:54 - [TEST_STEP][PASSED] - delay(2): Delayed 2 second(s)

2024-04-02 14:03:56 - [MESSAGE][PASSED] - Delayed 2 second(s)

2024-04-02 14:03:56 - [TEST_STEP][PASSED] - executeJavaScript("return document.getElementById('ContentPlaceHolder1_TimeSpanControlMaxTiempo_txtMinuto').value=10", []): Execute JavaScript 'return document.getElementById('ContentPlaceHolder1_TimeSpanControlMaxTiempo_txtMinuto').value=10' successfully

2024-04-02 14:03:56 - [MESSAGE][PASSED] - Execute JavaScript 'return document.getElementById('ContentPlaceHolder1_TimeSpanControlMaxTiempo_txtMinuto').value=10' successfully

2024-04-02 14:03:56 - [TEST_STEP][PASSED] - delay(2): Delayed 2 second(s)

2024-04-02 14:03:58 - [MESSAGE][PASSED] - Delayed 2 second(s)

2024-04-02 14:03:58 - [TEST_STEP][PASSED] - click(findTestObject("WIZARD/1Modelo De Negocio/2ModalTiempoMaxAtencion/btn_Aceptar")): Object: 'Object Repository/WIZARD/1Modelo De Negocio/2ModalTiempoMaxAtencion/btn_Aceptar' is clicked on

2024-04-02 14:03:59 - [MESSAGE][PASSED] - Object: 'Object Repository/WIZARD/1Modelo De Negocio/2ModalTiempoMaxAtencion/btn_Aceptar' is clicked on

2024-04-02 14:03:59 - [TEST_STEP][PASSED] - delay(3): Delayed 3 second(s)

2024-04-02 14:04:02 - [MESSAGE][PASSED] - Delayed 3 second(s)

2024-04-02 14:04:02 - [TEST_STEP][PASSED] - executeJavaScript("return document.getElementById('ContentPlaceHolder1_lnkTiempoControaldoAtencion').click()", []): Execute JavaScript 'return document.getElementById('ContentPlaceHolder1_lnkTiempoControaldoAtencion').click()' successfully

2024-04-02 14:04:02 - [MESSAGE][PASSED] - Execute JavaScript 'return document.getElementById('ContentPlaceHolder1_lnkTiempoControaldoAtencion').click()' successfully

2024-04-02 14:04:02 - [TEST_STEP][PASSED] - delay(2): Delayed 2 second(s)

2024-04-02 14:04:04 - [MESSAGE][PASSED] - Delayed 2 second(s)

2024-04-02 14:04:04 - [TEST_STEP][PASSED] - executeJavaScript("return document.getElementById('ContentPlaceHolder1_TimeSpanControlTiempoControlado_txtMinuto').value=5", []): Execute JavaScript 'return document.getElementById('ContentPlaceHolder1_TimeSpanControlTiempoControlado_txtMinuto').value=5' successfully

2024-04-02 14:04:04 - [MESSAGE][PASSED] - Execute JavaScript 'return document.getElementById('ContentPlaceHolder1_TimeSpanControlTiempoControlado_txtMinuto').value=5' successfully

2024-04-02 14:04:04 - [TEST_STEP][PASSED] - delay(2): Delayed 2 second(s)

2024-04-02 14:04:06 - [MESSAGE][PASSED] - Delayed 2 second(s)

2024-04-02 14:04:06 - [TEST_STEP][PASSED] - click(findTestObject("WIZARD/1Modelo De Negocio/2Modal Tiempo Controlado de atencion/btn_Aceptar")): Object: 'Object Repository/WIZARD/1Modelo De Negocio/2Modal Tiempo Controlado de atencion/btn_Aceptar' is clicked on

2024-04-02 14:04:06 - [MESSAGE][PASSED] - Object: 'Object Repository/WIZARD/1Modelo De Negocio/2Modal Tiempo Controlado de atencion/btn_Aceptar' is clicked on

2024-04-02 14:04:06 - [TEST_STEP][PASSED] - delay(3): Delayed 3 second(s)

2024-04-02 14:04:09 - [MESSAGE][PASSED] - Delayed 3 second(s)

2024-04-02 14:04:09 - [TEST_STEP][PASSED] - click(findTestObject("WIZARD/1Modelo De Negocio/2Elementos/Edicion de Elementos/btn_Actualizar")): Object: 'Object Repository/WIZARD/1Modelo De Negocio/2Elementos/Edicion de Elementos/btn_Actualizar' is clicked on

2024-04-02 14:04:10 - [MESSAGE][PASSED] - Object: 'Object Repository/WIZARD/1Modelo De Negocio/2Elementos/Edicion de Elementos/btn_Actualizar' is clicked on

2024-04-02 14:04:10 - [TEST_STEP][PASSED] - delay(3): Delayed 3 second(s)

2024-04-02 14:04:13 - [MESSAGE][PASSED] - Delayed 3 second(s)

2024-04-02 14:04:13 - [TEST_STEP][PASSED] - scrollToElement(findTestObject("WIZARD/1Modelo De Negocio/2Elementos/Nivel/SubServicio/td_SUB10"), 2): Scroll to object 'Object Repository/WIZARD/1Modelo De Negocio/2Elementos/Nivel/SubServicio/td_SUB10' successfully

2024-04-02 14:04:13 - [MESSAGE][PASSED] - Scroll to object 'Object Repository/WIZARD/1Modelo De Negocio/2Elementos/Nivel/SubServicio/td_SUB10' successfully

2024-04-02 14:04:13 - [TEST_STEP][PASSED] - click(findTestObject("WIZARD/1Modelo De Negocio/2Elementos/Nivel/SubServicio/td_SUB10")): Object: 'Object Repository/WIZARD/1Modelo De Negocio/2Elementos/Nivel/SubServicio/td_SUB10' is clicked on

2024-04-02 14:04:13 - [MESSAGE][PASSED] - Object: 'Object Repository/WIZARD/1Modelo De Negocio/2Elementos/Nivel/SubServicio/td_SUB10' is clicked on

2024-04-02 14:04:13 - [TEST_STEP][PASSED] - delay(3): Delayed 3 second(s)

2024-04-02 14:04:16 - [MESSAGE][PASSED] - Delayed 3 second(s)

2024-04-02 14:04:16 - [TEST_STEP][PASSED] - setText(findTestObject("WIZARD/1Modelo De Negocio/2Elementos/Edicion de Elementos/input_Nombre Elemento"), "Queja"): Text 'Queja' is set on object 'Object Repository/WIZARD/1Modelo De Negocio/2Elementos/Edicion de Elementos/input_Nombre Elemento'

2024-04-02 14:04:17 - [MESSAGE][PASSED] - Text 'Queja' is set on object 'Object Repository/WIZARD/1Modelo De Negocio/2Elementos/Edicion de Elementos/input_Nombre Elemento'

2024-04-02 14:04:17 - [TEST_STEP][PASSED] - setText(findTestObject("WIZARD/1Modelo De Negocio/2Elementos/Edicion de Elementos/input_Descripcion Elemento"), "Queja"): Text 'Queja' is set on object 'Object Repository/WIZARD/1Modelo De Negocio/2Elementos/Edicion de Elementos/input_Descripcion Elemento'

2024-04-02 14:04:18 - [MESSAGE][PASSED] - Text 'Queja' is set on object 'Object Repository/WIZARD/1Modelo De Negocio/2Elementos/Edicion de Elementos/input_Descripcion Elemento'

2024-04-02 14:04:18 - [TEST_STEP][PASSED] - executeJavaScript("return document.getElementById('ContentPlaceHolder1_lnkTiempoMaxAtencion').click()", []): Execute JavaScript 'return document.getElementById('ContentPlaceHolder1_lnkTiempoMaxAtencion').click()' successfully

2024-04-02 14:04:18 - [MESSAGE][PASSED] - Execute JavaScript 'return document.getElementById('ContentPlaceHolder1_lnkTiempoMaxAtencion').click()' successfully

2024-04-02 14:04:18 - [TEST_STEP][PASSED] - delay(2): Delayed 2 second(s)

2024-04-02 14:04:20 - [MESSAGE][PASSED] - Delayed 2 second(s)

2024-04-02 14:04:20 - [TEST_STEP][PASSED] - executeJavaScript("return document.getElementById('ContentPlaceHolder1_TimeSpanControlMaxTiempo_txtMinuto').value=10", []): Execute JavaScript 'return document.getElementById('ContentPlaceHolder1_TimeSpanControlMaxTiempo_txtMinuto').value=10' successfully

2024-04-02 14:04:20 - [MESSAGE][PASSED] - Execute JavaScript 'return document.getElementById('ContentPlaceHolder1_TimeSpanControlMaxTiempo_txtMinuto').value=10' successfully

2024-04-02 14:04:20 - [TEST_STEP][PASSED] - delay(2): Delayed 2 second(s)

2024-04-02 14:04:22 - [MESSAGE][PASSED] - Delayed 2 second(s)

2024-04-02 14:04:22 - [TEST_STEP][PASSED] - click(findTestObject("WIZARD/1Modelo De Negocio/2ModalTiempoMaxAtencion/btn_Aceptar")): Object: 'Object Repository/WIZARD/1Modelo De Negocio/2ModalTiempoMaxAtencion/btn_Aceptar' is clicked on

2024-04-02 14:04:22 - [MESSAGE][PASSED] - Object: 'Object Repository/WIZARD/1Modelo De Negocio/2ModalTiempoMaxAtencion/btn_Aceptar' is clicked on

2024-04-02 14:04:22 - [TEST_STEP][PASSED] - delay(3): Delayed 3 second(s)

2024-04-02 14:04:25 - [MESSAGE][PASSED] - Delayed 3 second(s)

2024-04-02 14:04:25 - [TEST_STEP][PASSED] - executeJavaScript("return document.getElementById('ContentPlaceHolder1_lnkTiempoControaldoAtencion').click()", []): Execute JavaScript 'return document.getElementById('ContentPlaceHolder1_lnkTiempoControaldoAtencion').click()' successfully

2024-04-02 14:04:26 - [MESSAGE][PASSED] - Execute JavaScript 'return document.getElementById('ContentPlaceHolder1_lnkTiempoControaldoAtencion').click()' successfully

2024-04-02 14:04:26 - [TEST_STEP][PASSED] - delay(2): Delayed 2 second(s)

2024-04-02 14:04:28 - [MESSAGE][PASSED] - Delayed 2 second(s)

2024-04-02 14:04:28 - [TEST_STEP][PASSED] - executeJavaScript("return document.getElementById('ContentPlaceHolder1_TimeSpanControlTiempoControlado_txtMinuto').value=5", []): Execute JavaScript 'return document.getElementById('ContentPlaceHolder1_TimeSpanControlTiempoControlado_txtMinuto').value=5' successfully

2024-04-02 14:04:28 - [MESSAGE][PASSED] - Execute JavaScript 'return document.getElementById('ContentPlaceHolder1_TimeSpanControlTiempoControlado_txtMinuto').value=5' successfully

2024-04-02 14:04:28 - [TEST_STEP][PASSED] - delay(2): Delayed 2 second(s)

2024-04-02 14:04:30 - [MESSAGE][PASSED] - Delayed 2 second(s)

2024-04-02 14:04:30 - [TEST_STEP][PASSED] - click(findTestObject("WIZARD/1Modelo De Negocio/2Modal Tiempo Controlado de atencion/btn_Aceptar")): Object: 'Object Repository/WIZARD/1Modelo De Negocio/2Modal Tiempo Controlado de atencion/btn_Aceptar' is clicked on

2024-04-02 14:04:30 - [MESSAGE][PASSED] - Object: 'Object Repository/WIZARD/1Modelo De Negocio/2Modal Tiempo Controlado de atencion/btn_Aceptar' is clicked on

2024-04-02 14:04:30 - [TEST_STEP][PASSED] - delay(3): Delayed 3 second(s)

2024-04-02 14:04:33 - [MESSAGE][PASSED] - Delayed 3 second(s)

2024-04-02 14:04:33 - [TEST_STEP][PASSED] - click(findTestObject("WIZARD/1Modelo De Negocio/2Elementos/Edicion de Elementos/btn_Actualizar")): Object: 'Object Repository/WIZARD/1Modelo De Negocio/2Elementos/Edicion de Elementos/btn_Actualizar' is clicked on

2024-04-02 14:04:33 - [MESSAGE][PASSED] - Object: 'Object Repository/WIZARD/1Modelo De Negocio/2Elementos/Edicion de Elementos/btn_Actualizar' is clicked on

2024-04-02 14:04:33 - [TEST_STEP][PASSED] - delay(3): Delayed 3 second(s)

2024-04-02 14:04:36 - [MESSAGE][PASSED] - Delayed 3 second(s)

2024-04-02 14:04:36 - [TEST_STEP][PASSED] - click(findTestObject("WIZARD/1Modelo De Negocio/2Elementos/Nivel/SubServicio/td_SUB11")): Object: 'Object Repository/WIZARD/1Modelo De Negocio/2Elementos/Nivel/SubServicio/td_SUB11' is clicked on

2024-04-02 14:04:37 - [MESSAGE][PASSED] - Object: 'Object Repository/WIZARD/1Modelo De Negocio/2Elementos/Nivel/SubServicio/td_SUB11' is clicked on

2024-04-02 14:04:37 - [TEST_STEP][PASSED] - delay(3): Delayed 3 second(s)

2024-04-02 14:04:40 - [MESSAGE][PASSED] - Delayed 3 second(s)

2024-04-02 14:04:40 - [TEST_STEP][PASSED] - setText(findTestObject("WIZARD/1Modelo De Negocio/2Elementos/Edicion de Elementos/input_Nombre Elemento"), "Reclamo"): Text 'Reclamo' is set on object 'Object Repository/WIZARD/1Modelo De Negocio/2Elementos/Edicion de Elementos/input_Nombre Elemento'

2024-04-02 14:04:41 - [MESSAGE][PASSED] - Text 'Reclamo' is set on object 'Object Repository/WIZARD/1Modelo De Negocio/2Elementos/Edicion de Elementos/input_Nombre Elemento'

2024-04-02 14:04:41 - [TEST_STEP][PASSED] - setText(findTestObject("WIZARD/1Modelo De Negocio/2Elementos/Edicion de Elementos/input_Descripcion Elemento"), "Reclamo"): Text 'Reclamo' is set on object 'Object Repository/WIZARD/1Modelo De Negocio/2Elementos/Edicion de Elementos/input_Descripcion Elemento'

2024-04-02 14:04:42 - [MESSAGE][PASSED] - Text 'Reclamo' is set on object 'Object Repository/WIZARD/1Modelo De Negocio/2Elementos/Edicion de Elementos/input_Descripcion Elemento'

2024-04-02 14:04:42 - [TEST_STEP][PASSED] - executeJavaScript("return document.getElementById('ContentPlaceHolder1_lnkTiempoMaxAtencion').click()", []): Execute JavaScript 'return document.getElementById('ContentPlaceHolder1_lnkTiempoMaxAtencion').click()' successfully

2024-04-02 14:04:42 - [MESSAGE][PASSED] - Execute JavaScript 'return document.getElementById('ContentPlaceHolder1_lnkTiempoMaxAtencion').click()' successfully

2024-04-02 14:04:42 - [TEST_STEP][PASSED] - delay(2): Delayed 2 second(s)

2024-04-02 14:04:44 - [MESSAGE][PASSED] - Delayed 2 second(s)

2024-04-02 14:04:44 - [TEST_STEP][PASSED] - executeJavaScript("return document.getElementById('ContentPlaceHolder1_TimeSpanControlMaxTiempo_txtMinuto').value=10", []): Execute JavaScript 'return document.getElementById('ContentPlaceHolder1_TimeSpanControlMaxTiempo_txtMinuto').value=10' successfully

2024-04-02 14:04:44 - [MESSAGE][PASSED] - Execute JavaScript 'return document.getElementById('ContentPlaceHolder1_TimeSpanControlMaxTiempo_txtMinuto').value=10' successfully

2024-04-02 14:04:44 - [TEST_STEP][PASSED] - delay(2): Delayed 2 second(s)

2024-04-02 14:04:46 - [MESSAGE][PASSED] - Delayed 2 second(s)

2024-04-02 14:04:46 - [TEST_STEP][PASSED] - click(findTestObject("WIZARD/1Modelo De Negocio/2ModalTiempoMaxAtencion/btn_Aceptar")): Object: 'Object Repository/WIZARD/1Modelo De Negocio/2ModalTiempoMaxAtencion/btn_Aceptar' is clicked on

2024-04-02 14:04:46 - [MESSAGE][PASSED] - Object: 'Object Repository/WIZARD/1Modelo De Negocio/2ModalTiempoMaxAtencion/btn_Aceptar' is clicked on

2024-04-02 14:04:46 - [TEST_STEP][PASSED] - delay(3): Delayed 3 second(s)

2024-04-02 14:04:49 - [MESSAGE][PASSED] - Delayed 3 second(s)

2024-04-02 14:04:49 - [TEST_STEP][PASSED] - executeJavaScript("return document.getElementById('ContentPlaceHolder1_lnkTiempoControaldoAtencion').click()", []): Execute JavaScript 'return document.getElementById('ContentPlaceHolder1_lnkTiempoControaldoAtencion').click()' successfully

2024-04-02 14:04:49 - [MESSAGE][PASSED] - Execute JavaScript 'return document.getElementById('ContentPlaceHolder1_lnkTiempoControaldoAtencion').click()' successfully

2024-04-02 14:04:49 - [TEST_STEP][PASSED] - delay(2): Delayed 2 second(s)

2024-04-02 14:04:51 - [MESSAGE][PASSED] - Delayed 2 second(s)

2024-04-02 14:04:51 - [TEST_STEP][PASSED] - executeJavaScript("return document.getElementById('ContentPlaceHolder1_TimeSpanControlTiempoControlado_txtMinuto').value=5", []): Execute JavaScript 'return document.getElementById('ContentPlaceHolder1_TimeSpanControlTiempoControlado_txtMinuto').value=5' successfully

2024-04-02 14:04:51 - [MESSAGE][PASSED] - Execute JavaScript 'return document.getElementById('ContentPlaceHolder1_TimeSpanControlTiempoControlado_txtMinuto').value=5' successfully

2024-04-02 14:04:51 - [TEST_STEP][PASSED] - delay(2): Delayed 2 second(s)

2024-04-02 14:04:53 - [MESSAGE][PASSED] - Delayed 2 second(s)

2024-04-02 14:04:53 - [TEST_STEP][PASSED] - click(findTestObject("WIZARD/1Modelo De Negocio/2Modal Tiempo Controlado de atencion/btn_Aceptar")): Object: 'Object Repository/WIZARD/1Modelo De Negocio/2Modal Tiempo Controlado de atencion/btn_Aceptar' is clicked on

2024-04-02 14:04:54 - [MESSAGE][PASSED] - Object: 'Object Repository/WIZARD/1Modelo De Negocio/2Modal Tiempo Controlado de atencion/btn_Aceptar' is clicked on

2024-04-02 14:04:54 - [TEST_STEP][PASSED] - delay(3): Delayed 3 second(s)

2024-04-02 14:04:57 - [MESSAGE][PASSED] - Delayed 3 second(s)

2024-04-02 14:04:57 - [TEST_STEP][PASSED] - click(findTestObject("WIZARD/1Modelo De Negocio/2Elementos/Edicion de Elementos/btn_Actualizar")): Object: 'Object Repository/WIZARD/1Modelo De Negocio/2Elementos/Edicion de Elementos/btn_Actualizar' is clicked on

2024-04-02 14:04:57 - [MESSAGE][PASSED] - Object: 'Object Repository/WIZARD/1Modelo De Negocio/2Elementos/Edicion de Elementos/btn_Actualizar' is clicked on

2024-04-02 14:04:57 - [TEST_STEP][PASSED] - delay(3): Delayed 3 second(s)

2024-04-02 14:05:00 - [MESSAGE][PASSED] - Delayed 3 second(s)

2024-04-02 14:05:00 - [TEST_STEP][PASSED] - click(findTestObject("WIZARD/1Modelo De Negocio/2Elementos/Nivel/SubServicio/td_SUB12")): Object: 'Object Repository/WIZARD/1Modelo De Negocio/2Elementos/Nivel/SubServicio/td_SUB12' is clicked on

2024-04-02 14:05:01 - [MESSAGE][PASSED] - Object: 'Object Repository/WIZARD/1Modelo De Negocio/2Elementos/Nivel/SubServicio/td_SUB12' is clicked on

2024-04-02 14:05:01 - [TEST_STEP][PASSED] - delay(3): Delayed 3 second(s)

2024-04-02 14:05:04 - [MESSAGE][PASSED] - Delayed 3 second(s)

2024-04-02 14:05:04 - [TEST_STEP][PASSED] - setText(findTestObject("WIZARD/1Modelo De Negocio/2Elementos/Edicion de Elementos/input_Nombre Elemento"), "Solicitud"): Text 'Solicitud' is set on object 'Object Repository/WIZARD/1Modelo De Negocio/2Elementos/Edicion de Elementos/input_Nombre Elemento'

2024-04-02 14:05:04 - [MESSAGE][PASSED] - Text 'Solicitud' is set on object 'Object Repository/WIZARD/1Modelo De Negocio/2Elementos/Edicion de Elementos/input_Nombre Elemento'

2024-04-02 14:05:04 - [TEST_STEP][PASSED] - setText(findTestObject("WIZARD/1Modelo De Negocio/2Elementos/Edicion de Elementos/input_Descripcion Elemento"), "Solicitud"): Text 'Solicitud' is set on object 'Object Repository/WIZARD/1Modelo De Negocio/2Elementos/Edicion de Elementos/input_Descripcion Elemento'

2024-04-02 14:05:05 - [MESSAGE][PASSED] - Text 'Solicitud' is set on object 'Object Repository/WIZARD/1Modelo De Negocio/2Elementos/Edicion de Elementos/input_Descripcion Elemento'

2024-04-02 14:05:05 - [TEST_STEP][PASSED] - executeJavaScript("return document.getElementById('ContentPlaceHolder1_lnkTiempoMaxAtencion').click()", []): Execute JavaScript 'return document.getElementById('ContentPlaceHolder1_lnkTiempoMaxAtencion').click()' successfully

2024-04-02 14:05:05 - [MESSAGE][PASSED] - Execute JavaScript 'return document.getElementById('ContentPlaceHolder1_lnkTiempoMaxAtencion').click()' successfully

2024-04-02 14:05:05 - [TEST_STEP][PASSED] - delay(2): Delayed 2 second(s)

2024-04-02 14:05:07 - [MESSAGE][PASSED] - Delayed 2 second(s)

2024-04-02 14:05:07 - [TEST_STEP][PASSED] - executeJavaScript("return document.getElementById('ContentPlaceHolder1_TimeSpanControlMaxTiempo_txtMinuto').value=10", []): Execute JavaScript 'return document.getElementById('ContentPlaceHolder1_TimeSpanControlMaxTiempo_txtMinuto').value=10' successfully

2024-04-02 14:05:07 - [MESSAGE][PASSED] - Execute JavaScript 'return document.getElementById('ContentPlaceHolder1_TimeSpanControlMaxTiempo_txtMinuto').value=10' successfully

2024-04-02 14:05:07 - [TEST_STEP][PASSED] - delay(2): Delayed 2 second(s)

2024-04-02 14:05:09 - [MESSAGE][PASSED] - Delayed 2 second(s)

2024-04-02 14:05:09 - [TEST_STEP][PASSED] - click(findTestObject("WIZARD/1Modelo De Negocio/2ModalTiempoMaxAtencion/btn_Aceptar")): Object: 'Object Repository/WIZARD/1Modelo De Negocio/2ModalTiempoMaxAtencion/btn_Aceptar' is clicked on

2024-04-02 14:05:10 - [MESSAGE][PASSED] - Object: 'Object Repository/WIZARD/1Modelo De Negocio/2ModalTiempoMaxAtencion/btn_Aceptar' is clicked on

2024-04-02 14:05:10 - [TEST_STEP][PASSED] - delay(3): Delayed 3 second(s)

2024-04-02 14:05:13 - [MESSAGE][PASSED] - Delayed 3 second(s)

2024-04-02 14:05:13 - [TEST_STEP][PASSED] - executeJavaScript("return document.getElementById('ContentPlaceHolder1_lnkTiempoControaldoAtencion').click()", []): Execute JavaScript 'return document.getElementById('ContentPlaceHolder1_lnkTiempoControaldoAtencion').click()' successfully

2024-04-02 14:05:13 - [MESSAGE][PASSED] - Execute JavaScript 'return document.getElementById('ContentPlaceHolder1_lnkTiempoControaldoAtencion').click()' successfully

2024-04-02 14:05:13 - [TEST_STEP][PASSED] - delay(2): Delayed 2 second(s)

2024-04-02 14:05:15 - [MESSAGE][PASSED] - Delayed 2 second(s)

2024-04-02 14:05:15 - [TEST_STEP][PASSED] - executeJavaScript("return document.getElementById('ContentPlaceHolder1_TimeSpanControlTiempoControlado_txtMinuto').value=5", []): Execute JavaScript 'return document.getElementById('ContentPlaceHolder1_TimeSpanControlTiempoControlado_txtMinuto').value=5' successfully

2024-04-02 14:05:15 - [MESSAGE][PASSED] - Execute JavaScript 'return document.getElementById('ContentPlaceHolder1_TimeSpanControlTiempoControlado_txtMinuto').value=5' successfully

2024-04-02 14:05:15 - [TEST_STEP][PASSED] - delay(2): Delayed 2 second(s)

2024-04-02 14:05:17 - [MESSAGE][PASSED] - Delayed 2 second(s)

2024-04-02 14:05:17 - [TEST_STEP][PASSED] - click(findTestObject("WIZARD/1Modelo De Negocio/2Modal Tiempo Controlado de atencion/btn_Aceptar")): Object: 'Object Repository/WIZARD/1Modelo De Negocio/2Modal Tiempo Controlado de atencion/btn_Aceptar' is clicked on

2024-04-02 14:05:17 - [MESSAGE][PASSED] - Object: 'Object Repository/WIZARD/1Modelo De Negocio/2Modal Tiempo Controlado de atencion/btn_Aceptar' is clicked on

2024-04-02 14:05:17 - [TEST_STEP][PASSED] - delay(3): Delayed 3 second(s)

2024-04-02 14:05:20 - [MESSAGE][PASSED] - Delayed 3 second(s)

2024-04-02 14:05:20 - [TEST_STEP][PASSED] - click(findTestObject("WIZARD/1Modelo De Negocio/2Elementos/Edicion de Elementos/btn_Actualizar")): Object: 'Object Repository/WIZARD/1Modelo De Negocio/2Elementos/Edicion de Elementos/btn_Actualizar' is clicked on

2024-04-02 14:05:21 - [MESSAGE][PASSED] - Object: 'Object Repository/WIZARD/1Modelo De Negocio/2Elementos/Edicion de Elementos/btn_Actualizar' is clicked on

2024-04-02 14:05:21 - [TEST_STEP][PASSED] - delay(3): Delayed 3 second(s)

2024-04-02 14:05:24 - [MESSAGE][PASSED] - Delayed 3 second(s)

2024-04-02 14:05:24 - [TEST_STEP][PASSED] - takeFullPageScreenshot(): Taking screenshot successfully

2024-04-02 14:05:25 - [MESSAGE][INFO] - 0 hidden object(s)

2024-04-02 14:05:25 - [MESSAGE][PASSED] - Taking screenshot successfully
[[ATTACHMENT|C:\\CIEL INGENIERIA\\Katalon\\Digiturno55\\Reports\\20240402_135301\\WIZARD\\1Modelo De Negocio\\2.4 Creacion Elementos SubServicios\\20240402_135310\\1712084724262.png]]

2024-04-02 14:05:25 - [TEST_STEP][PASSED] - delay(3): Delayed 3 second(s)

2024-04-02 14:05:28 - [MESSAGE][PASSED] - Delayed 3 second(s)

2024-04-02 14:05:28 - [TEST_STEP][PASSED] - Start listener action : sampleAfterTestCase: null]]></system-out>
         <system-err><![CDATA[]]></system-err>
      </testcase>
      <system-out><![CDATA[2024-04-02 14:00:14 - [TEST_SUITE][PASSED] - 2.4 Creacion Elementos SubServicios: Test Cases/WIZARD/1Modelo De Negocio/2.4 Creacion Elementos SubServicios]]></system-out>
      <system-err><![CDATA[]]></system-err>
   </testsuite>
</testsuites>
