<?xml version="1.0" encoding="UTF-8"?>
<testsuites name="6 Configuracion Terminales y Selectores" time="269.14" tests="1" failures="0" errors="0">
   <testsuite name="6 Configuracion Terminales y Selectores" tests="1" failures="0" errors="0" time="269.14" skipped="0" timestamp="2023-07-11 11:27:39" hostname="jdavila - PCPruebas101.ciel.cielingenieria.com" id="Test Suites/WIZARD/4Configuracion Terminales y Selectores/6 Configuracion Terminales y Selectores">
      <properties>
         <property name="deviceName" value=""/>
         <property name="devicePlatform" value=""/>
         <property name="logFolder" value="C:\\CIEL INGENIERIA\\Katalon\\Digiturno55\\Reports\\20230711_112732\\WIZARD\\4Configuracion Terminales y Selectores\\6 Configuracion Terminales y Selectores\\20230711_112733"/>
         <property name="logFiles" value="C:\\CIEL INGENIERIA\\Katalon\\Digiturno55\\Reports\\20230711_112732\\WIZARD\\4Configuracion Terminales y Selectores\\6 Configuracion Terminales y Selectores\\20230711_112733\\execution0.log"/>
         <property name="attachments" value="C:\\CIEL INGENIERIA\\Katalon\\Digiturno55\\Reports\\20230711_112732\\WIZARD\\4Configuracion Terminales y Selectores\\6 Configuracion Terminales y Selectores\\20230711_112733\\1689092936982.png, C:\\CIEL INGENIERIA\\Katalon\\Digiturno55\\Reports\\20230711_112732\\WIZARD\\4Configuracion Terminales y Selectores\\6 Configuracion Terminales y Selectores\\20230711_112733\\1689092968450.png, C:\\CIEL INGENIERIA\\Katalon\\Digiturno55\\Reports\\20230711_112732\\WIZARD\\4Configuracion Terminales y Selectores\\6 Configuracion Terminales y Selectores\\20230711_112733\\1689092999553.png, C:\\CIEL INGENIERIA\\Katalon\\Digiturno55\\Reports\\20230711_112732\\WIZARD\\4Configuracion Terminales y Selectores\\6 Configuracion Terminales y Selectores\\20230711_112733\\1689093030761.png, C:\\CIEL INGENIERIA\\Katalon\\Digiturno55\\Reports\\20230711_112732\\WIZARD\\4Configuracion Terminales y Selectores\\6 Configuracion Terminales y Selectores\\20230711_112733\\1689093062198.png, C:\\CIEL INGENIERIA\\Katalon\\Digiturno55\\Reports\\20230711_112732\\WIZARD\\4Configuracion Terminales y Selectores\\6 Configuracion Terminales y Selectores\\20230711_112733\\1689093093237.png, C:\\CIEL INGENIERIA\\Katalon\\Digiturno55\\Reports\\20230711_112732\\WIZARD\\4Configuracion Terminales y Selectores\\6 Configuracion Terminales y Selectores\\20230711_112733\\1689093125003.png"/>
         <property name="hostName" value="jdavila - PCPruebas101.ciel.cielingenieria.com"/>
         <property name="os" value="Windows 10 64bit"/>
         <property name="katalonVersion" value="8.6.0.208"/>
         <property name="browser" value="Chrome 114.0.0.0"/>
         <property name="hostAddress" value="192.168.0.33"/>
         <property name="sessionId" value="d836cfe5ca45b218a7e76a5f31987c17"/>
         <property name="seleniumVersion" value="3.141.59"/>
         <property name="proxyInformation" value="ProxyInformation { proxyOption=NO_PROXY, proxyServerType=HTTP, username=, password=********, proxyServerAddress=, proxyServerPort=0, executionList=&quot;&quot;, isApplyToDesiredCapabilities=true }"/>
         <property name="platform" value="Windows 10"/>
      </properties>
      <testcase name="Test Cases/WIZARD/4Configuracion Terminales y Selectores/6 Configuracion de Terminales y Selectores" time="268.897" classname="Test Cases/WIZARD/4Configuracion Terminales y Selectores/6 Configuracion de Terminales y Selectores" status="PASSED">
         <system-out><![CDATA[2023-07-11 11:27:40 - [TEST_CASE][PASSED] - Test Cases/WIZARD/4Configuracion Terminales y Selectores/6 Configuracion de Terminales y Selectores: Test Cases/WIZARD/4Configuracion Terminales y Selectores/6 Configuracion de Terminales y Selectores

2023-07-11 11:27:40 - [TEST_STEP][PASSED] - callTestCase(findTestCase("0InicioSesion"), [:], STOP_ON_FAILURE): Call Test Case 'Test Cases/0InicioSesion' successfully

2023-07-11 11:27:40 - [TEST_CASE][PASSED] - Test Cases/0InicioSesion: Test Cases/0InicioSesion

2023-07-11 11:27:40 - [TEST_STEP][PASSED] - openBrowser(UrlDigiturno): Browser is opened with url: 'https://PCPruebas101.ciel.cielingenieria.com:8810'

2023-07-11 11:27:41 - [MESSAGE][INFO] - Starting 'Chrome' driver

2023-07-11 11:27:41 - [MESSAGE][INFO] - User set preference: ['args', '[--use-fake-ui-for-media-stream, --disable-notifications]']

2023-07-11 11:27:41 - [MESSAGE][INFO] - Action delay is set to 0 milliseconds

2023-07-11 11:27:43 - [MESSAGE][PASSED] - Browser is opened with url: 'https://PCPruebas101.ciel.cielingenieria.com:8810'

2023-07-11 11:27:43 - [TEST_STEP][PASSED] - maximizeWindow(): Current window maximized

2023-07-11 11:27:43 - [MESSAGE][PASSED] - Current window maximized

2023-07-11 11:27:43 - [TEST_STEP][PASSED] - delay(3): Delayed 3 second(s)

2023-07-11 11:27:46 - [MESSAGE][PASSED] - Delayed 3 second(s)

2023-07-11 11:27:46 - [TEST_STEP][PASSED] - setText(findTestObject("0Inicio Sesion/input_Usuario"), "Ciel"): Text 'Ciel' is set on object 'Object Repository/0Inicio Sesion/input_Usuario'

2023-07-11 11:27:47 - [MESSAGE][PASSED] - Text 'Ciel' is set on object 'Object Repository/0Inicio Sesion/input_Usuario'

2023-07-11 11:27:47 - [TEST_STEP][PASSED] - setText(findTestObject("0Inicio Sesion/input_Clave"), "digiturno"): Text 'digiturno' is set on object 'Object Repository/0Inicio Sesion/input_Clave'

2023-07-11 11:27:48 - [MESSAGE][PASSED] - Text 'digiturno' is set on object 'Object Repository/0Inicio Sesion/input_Clave'

2023-07-11 11:27:48 - [TEST_STEP][PASSED] - click(findTestObject("0Inicio Sesion/btn_IniciarSesion")): Object: 'Object Repository/0Inicio Sesion/btn_IniciarSesion' is clicked on

2023-07-11 11:27:48 - [MESSAGE][PASSED] - Object: 'Object Repository/0Inicio Sesion/btn_IniciarSesion' is clicked on

2023-07-11 11:27:48 - [TEST_STEP][PASSED] - delay(3): Delayed 3 second(s)

2023-07-11 11:27:51 - [MESSAGE][PASSED] - Delayed 3 second(s)

2023-07-11 11:27:51 - [MESSAGE][PASSED] - Call Test Case 'Test Cases/0InicioSesion' successfully

2023-07-11 11:27:51 - [TEST_STEP][PASSED] - click(findTestObject("WIZARD/4Configuracion Terminales Y Selectores/a_1lnkLogo")): Object: 'Object Repository/WIZARD/4Configuracion Terminales Y Selectores/a_1lnkLogo' is clicked on

2023-07-11 11:27:52 - [MESSAGE][PASSED] - Object: 'Object Repository/WIZARD/4Configuracion Terminales Y Selectores/a_1lnkLogo' is clicked on

2023-07-11 11:27:52 - [TEST_STEP][PASSED] - delay(3): Delayed 3 second(s)

2023-07-11 11:27:55 - [MESSAGE][PASSED] - Delayed 3 second(s)

2023-07-11 11:27:55 - [TEST_STEP][PASSED] - click(findTestObject("WIZARD/4Configuracion Terminales Y Selectores/img_2Configuracion")): Object: 'Object Repository/WIZARD/4Configuracion Terminales Y Selectores/img_2Configuracion' is clicked on

2023-07-11 11:28:13 - [MESSAGE][PASSED] - Object: 'Object Repository/WIZARD/4Configuracion Terminales Y Selectores/img_2Configuracion' is clicked on

2023-07-11 11:28:13 - [TEST_STEP][PASSED] - delay(3): Delayed 3 second(s)

2023-07-11 11:28:16 - [MESSAGE][PASSED] - Delayed 3 second(s)

2023-07-11 11:28:16 - [TEST_STEP][PASSED] - click(findTestObject("WIZARD/4Configuracion Terminales Y Selectores/img_3Usuarios")): Object: 'Object Repository/WIZARD/4Configuracion Terminales Y Selectores/img_3Usuarios' is clicked on

2023-07-11 11:28:29 - [MESSAGE][PASSED] - Object: 'Object Repository/WIZARD/4Configuracion Terminales Y Selectores/img_3Usuarios' is clicked on

2023-07-11 11:28:29 - [TEST_STEP][PASSED] - delay(3): Delayed 3 second(s)

2023-07-11 11:28:32 - [MESSAGE][PASSED] - Delayed 3 second(s)

2023-07-11 11:28:32 - [TEST_STEP][PASSED] - comment("Oficina Bogota"): Oficina Bogota

2023-07-11 11:28:32 - [MESSAGE][INFO] - Oficina Bogota

2023-07-11 11:28:32 - [TEST_STEP][PASSED] - click(findTestObject("WIZARD/4Configuracion Terminales Y Selectores/img_4Usuariosen terminales")): Object: 'Object Repository/WIZARD/4Configuracion Terminales Y Selectores/img_4Usuariosen terminales' is clicked on

2023-07-11 11:28:33 - [MESSAGE][PASSED] - Object: 'Object Repository/WIZARD/4Configuracion Terminales Y Selectores/img_4Usuariosen terminales' is clicked on

2023-07-11 11:28:33 - [TEST_STEP][PASSED] - delay(3): Delayed 3 second(s)

2023-07-11 11:28:36 - [MESSAGE][PASSED] - Delayed 3 second(s)

2023-07-11 11:28:36 - [TEST_STEP][PASSED] - click(findTestObject("WIZARD/4Configuracion Terminales Y Selectores/Usuarios en terminales/Oficinas/td1_Bogota - CIEL")): Object: 'Object Repository/WIZARD/4Configuracion Terminales Y Selectores/Usuarios en terminales/Oficinas/td1_Bogota - CIEL' is clicked on

2023-07-11 11:28:36 - [MESSAGE][PASSED] - Object: 'Object Repository/WIZARD/4Configuracion Terminales Y Selectores/Usuarios en terminales/Oficinas/td1_Bogota - CIEL' is clicked on

2023-07-11 11:28:36 - [TEST_STEP][PASSED] - delay(3): Delayed 3 second(s)

2023-07-11 11:28:39 - [MESSAGE][PASSED] - Delayed 3 second(s)

2023-07-11 11:28:39 - [TEST_STEP][PASSED] - click(findTestObject("WIZARD/4Configuracion Terminales Y Selectores/Usuarios en terminales/Selectores Disponibles/td_6CIEL")): Object: 'Object Repository/WIZARD/4Configuracion Terminales Y Selectores/Usuarios en terminales/Selectores Disponibles/td_6CIEL' is clicked on

2023-07-11 11:28:40 - [MESSAGE][PASSED] - Object: 'Object Repository/WIZARD/4Configuracion Terminales Y Selectores/Usuarios en terminales/Selectores Disponibles/td_6CIEL' is clicked on

2023-07-11 11:28:40 - [TEST_STEP][PASSED] - delay(3): Delayed 3 second(s)

2023-07-11 11:28:43 - [MESSAGE][PASSED] - Delayed 3 second(s)

2023-07-11 11:28:43 - [TEST_STEP][PASSED] - click(findTestObject("WIZARD/4Configuracion Terminales Y Selectores/Usuarios en terminales/Selectores Disponibles/a_SeleccionarTodo")): Object: 'Object Repository/WIZARD/4Configuracion Terminales Y Selectores/Usuarios en terminales/Selectores Disponibles/a_SeleccionarTodo' is clicked on

2023-07-11 11:28:43 - [MESSAGE][PASSED] - Object: 'Object Repository/WIZARD/4Configuracion Terminales Y Selectores/Usuarios en terminales/Selectores Disponibles/a_SeleccionarTodo' is clicked on

2023-07-11 11:28:43 - [TEST_STEP][PASSED] - delay(3): Delayed 3 second(s)

2023-07-11 11:28:46 - [MESSAGE][PASSED] - Delayed 3 second(s)

2023-07-11 11:28:46 - [TEST_STEP][PASSED] - click(findTestObject("WIZARD/4Configuracion Terminales Y Selectores/Usuarios en terminales/Selectores Disponibles/img_Agregar selectores")): Object: 'Object Repository/WIZARD/4Configuracion Terminales Y Selectores/Usuarios en terminales/Selectores Disponibles/img_Agregar selectores' is clicked on

2023-07-11 11:28:46 - [MESSAGE][PASSED] - Object: 'Object Repository/WIZARD/4Configuracion Terminales Y Selectores/Usuarios en terminales/Selectores Disponibles/img_Agregar selectores' is clicked on

2023-07-11 11:28:46 - [TEST_STEP][PASSED] - delay(3): Delayed 3 second(s)

2023-07-11 11:28:49 - [MESSAGE][PASSED] - Delayed 3 second(s)

2023-07-11 11:28:49 - [TEST_STEP][PASSED] - scrollToElement(findTestObject("WIZARD/4Configuracion Terminales Y Selectores/Usuarios en terminales/Terminales Disponibles/img_AgregarTerminales"), 2): Scroll to object 'Object Repository/WIZARD/4Configuracion Terminales Y Selectores/Usuarios en terminales/Terminales Disponibles/img_AgregarTerminales' successfully

2023-07-11 11:28:50 - [MESSAGE][PASSED] - Scroll to object 'Object Repository/WIZARD/4Configuracion Terminales Y Selectores/Usuarios en terminales/Terminales Disponibles/img_AgregarTerminales' successfully

2023-07-11 11:28:50 - [TEST_STEP][PASSED] - click(findTestObject("WIZARD/4Configuracion Terminales Y Selectores/Usuarios en terminales/Terminales Disponibles/a_SeleccionarTodo")): Object: 'Object Repository/WIZARD/4Configuracion Terminales Y Selectores/Usuarios en terminales/Terminales Disponibles/a_SeleccionarTodo' is clicked on

2023-07-11 11:28:50 - [MESSAGE][PASSED] - Object: 'Object Repository/WIZARD/4Configuracion Terminales Y Selectores/Usuarios en terminales/Terminales Disponibles/a_SeleccionarTodo' is clicked on

2023-07-11 11:28:50 - [TEST_STEP][PASSED] - delay(3): Delayed 3 second(s)

2023-07-11 11:28:53 - [MESSAGE][PASSED] - Delayed 3 second(s)

2023-07-11 11:28:53 - [TEST_STEP][PASSED] - executeJavaScript("return document.getElementById('cPHPri_menuEdicionAgregarTerminales_imgActualizar').click()", []): Execute JavaScript 'return document.getElementById('cPHPri_menuEdicionAgregarTerminales_imgActualizar').click()' successfully

2023-07-11 11:28:53 - [MESSAGE][PASSED] - Execute JavaScript 'return document.getElementById('cPHPri_menuEdicionAgregarTerminales_imgActualizar').click()' successfully

2023-07-11 11:28:53 - [TEST_STEP][PASSED] - delay(3): Delayed 3 second(s)

2023-07-11 11:28:56 - [MESSAGE][PASSED] - Delayed 3 second(s)

2023-07-11 11:28:56 - [TEST_STEP][PASSED] - takeFullPageScreenshot(): Taking screenshot successfully

2023-07-11 11:28:57 - [MESSAGE][INFO] - 0 hidden object(s)

2023-07-11 11:28:57 - [MESSAGE][PASSED] - Taking screenshot successfully
[[ATTACHMENT|C:\\CIEL INGENIERIA\\Katalon\\Digiturno55\\Reports\\20230711_112732\\WIZARD\\4Configuracion Terminales y Selectores\\6 Configuracion Terminales y Selectores\\20230711_112733\\1689092936982.png]]

2023-07-11 11:28:57 - [TEST_STEP][PASSED] - delay(3): Delayed 3 second(s)

2023-07-11 11:29:00 - [MESSAGE][PASSED] - Delayed 3 second(s)

2023-07-11 11:29:00 - [TEST_STEP][PASSED] - back(): Navigate back successfully

2023-07-11 11:29:01 - [MESSAGE][PASSED] - Navigate back successfully

2023-07-11 11:29:01 - [TEST_STEP][PASSED] - comment("Oficina Cali"): Oficina Cali

2023-07-11 11:29:01 - [MESSAGE][INFO] - Oficina Cali

2023-07-11 11:29:01 - [TEST_STEP][PASSED] - delay(3): Delayed 3 second(s)

2023-07-11 11:29:04 - [MESSAGE][PASSED] - Delayed 3 second(s)

2023-07-11 11:29:04 - [TEST_STEP][PASSED] - click(findTestObject("WIZARD/4Configuracion Terminales Y Selectores/img_4Usuariosen terminales")): Object: 'Object Repository/WIZARD/4Configuracion Terminales Y Selectores/img_4Usuariosen terminales' is clicked on

2023-07-11 11:29:04 - [MESSAGE][PASSED] - Object: 'Object Repository/WIZARD/4Configuracion Terminales Y Selectores/img_4Usuariosen terminales' is clicked on

2023-07-11 11:29:04 - [TEST_STEP][PASSED] - delay(3): Delayed 3 second(s)

2023-07-11 11:29:07 - [MESSAGE][PASSED] - Delayed 3 second(s)

2023-07-11 11:29:07 - [TEST_STEP][PASSED] - click(findTestObject("WIZARD/4Configuracion Terminales Y Selectores/Usuarios en terminales/Oficinas/td2_Cali - Chipichape")): Object: 'Object Repository/WIZARD/4Configuracion Terminales Y Selectores/Usuarios en terminales/Oficinas/td2_Cali - Chipichape' is clicked on

2023-07-11 11:29:08 - [MESSAGE][PASSED] - Object: 'Object Repository/WIZARD/4Configuracion Terminales Y Selectores/Usuarios en terminales/Oficinas/td2_Cali - Chipichape' is clicked on

2023-07-11 11:29:08 - [TEST_STEP][PASSED] - delay(3): Delayed 3 second(s)

2023-07-11 11:29:11 - [MESSAGE][PASSED] - Delayed 3 second(s)

2023-07-11 11:29:11 - [TEST_STEP][PASSED] - click(findTestObject("WIZARD/4Configuracion Terminales Y Selectores/Usuarios en terminales/Selectores Disponibles/td_6CIEL")): Object: 'Object Repository/WIZARD/4Configuracion Terminales Y Selectores/Usuarios en terminales/Selectores Disponibles/td_6CIEL' is clicked on

2023-07-11 11:29:11 - [MESSAGE][PASSED] - Object: 'Object Repository/WIZARD/4Configuracion Terminales Y Selectores/Usuarios en terminales/Selectores Disponibles/td_6CIEL' is clicked on

2023-07-11 11:29:11 - [TEST_STEP][PASSED] - delay(3): Delayed 3 second(s)

2023-07-11 11:29:14 - [MESSAGE][PASSED] - Delayed 3 second(s)

2023-07-11 11:29:14 - [TEST_STEP][PASSED] - click(findTestObject("WIZARD/4Configuracion Terminales Y Selectores/Usuarios en terminales/Selectores Disponibles/a_SeleccionarTodo")): Object: 'Object Repository/WIZARD/4Configuracion Terminales Y Selectores/Usuarios en terminales/Selectores Disponibles/a_SeleccionarTodo' is clicked on

2023-07-11 11:29:15 - [MESSAGE][PASSED] - Object: 'Object Repository/WIZARD/4Configuracion Terminales Y Selectores/Usuarios en terminales/Selectores Disponibles/a_SeleccionarTodo' is clicked on

2023-07-11 11:29:15 - [TEST_STEP][PASSED] - delay(3): Delayed 3 second(s)

2023-07-11 11:29:18 - [MESSAGE][PASSED] - Delayed 3 second(s)

2023-07-11 11:29:18 - [TEST_STEP][PASSED] - click(findTestObject("WIZARD/4Configuracion Terminales Y Selectores/Usuarios en terminales/Selectores Disponibles/img_Agregar selectores")): Object: 'Object Repository/WIZARD/4Configuracion Terminales Y Selectores/Usuarios en terminales/Selectores Disponibles/img_Agregar selectores' is clicked on

2023-07-11 11:29:18 - [MESSAGE][PASSED] - Object: 'Object Repository/WIZARD/4Configuracion Terminales Y Selectores/Usuarios en terminales/Selectores Disponibles/img_Agregar selectores' is clicked on

2023-07-11 11:29:18 - [TEST_STEP][PASSED] - delay(3): Delayed 3 second(s)

2023-07-11 11:29:21 - [MESSAGE][PASSED] - Delayed 3 second(s)

2023-07-11 11:29:21 - [TEST_STEP][PASSED] - scrollToElement(findTestObject("WIZARD/4Configuracion Terminales Y Selectores/Usuarios en terminales/Terminales Disponibles/img_AgregarTerminales"), 2): Scroll to object 'Object Repository/WIZARD/4Configuracion Terminales Y Selectores/Usuarios en terminales/Terminales Disponibles/img_AgregarTerminales' successfully

2023-07-11 11:29:21 - [MESSAGE][PASSED] - Scroll to object 'Object Repository/WIZARD/4Configuracion Terminales Y Selectores/Usuarios en terminales/Terminales Disponibles/img_AgregarTerminales' successfully

2023-07-11 11:29:21 - [TEST_STEP][PASSED] - click(findTestObject("WIZARD/4Configuracion Terminales Y Selectores/Usuarios en terminales/Terminales Disponibles/a_SeleccionarTodo")): Object: 'Object Repository/WIZARD/4Configuracion Terminales Y Selectores/Usuarios en terminales/Terminales Disponibles/a_SeleccionarTodo' is clicked on

2023-07-11 11:29:22 - [MESSAGE][PASSED] - Object: 'Object Repository/WIZARD/4Configuracion Terminales Y Selectores/Usuarios en terminales/Terminales Disponibles/a_SeleccionarTodo' is clicked on

2023-07-11 11:29:22 - [TEST_STEP][PASSED] - delay(3): Delayed 3 second(s)

2023-07-11 11:29:25 - [MESSAGE][PASSED] - Delayed 3 second(s)

2023-07-11 11:29:25 - [TEST_STEP][PASSED] - executeJavaScript("return document.getElementById('cPHPri_menuEdicionAgregarTerminales_imgActualizar').click()", []): Execute JavaScript 'return document.getElementById('cPHPri_menuEdicionAgregarTerminales_imgActualizar').click()' successfully

2023-07-11 11:29:25 - [MESSAGE][PASSED] - Execute JavaScript 'return document.getElementById('cPHPri_menuEdicionAgregarTerminales_imgActualizar').click()' successfully

2023-07-11 11:29:25 - [TEST_STEP][PASSED] - delay(3): Delayed 3 second(s)

2023-07-11 11:29:28 - [MESSAGE][PASSED] - Delayed 3 second(s)

2023-07-11 11:29:28 - [TEST_STEP][PASSED] - takeFullPageScreenshot(): Taking screenshot successfully

2023-07-11 11:29:28 - [MESSAGE][INFO] - 0 hidden object(s)

2023-07-11 11:29:29 - [MESSAGE][PASSED] - Taking screenshot successfully
[[ATTACHMENT|C:\\CIEL INGENIERIA\\Katalon\\Digiturno55\\Reports\\20230711_112732\\WIZARD\\4Configuracion Terminales y Selectores\\6 Configuracion Terminales y Selectores\\20230711_112733\\1689092968450.png]]

2023-07-11 11:29:29 - [TEST_STEP][PASSED] - delay(3): Delayed 3 second(s)

2023-07-11 11:29:32 - [MESSAGE][PASSED] - Delayed 3 second(s)

2023-07-11 11:29:32 - [TEST_STEP][PASSED] - back(): Navigate back successfully

2023-07-11 11:29:32 - [MESSAGE][PASSED] - Navigate back successfully

2023-07-11 11:29:32 - [TEST_STEP][PASSED] - comment("Oficina Cartagena"): Oficina Cartagena

2023-07-11 11:29:32 - [MESSAGE][INFO] - Oficina Cartagena

2023-07-11 11:29:32 - [TEST_STEP][PASSED] - delay(3): Delayed 3 second(s)

2023-07-11 11:29:35 - [MESSAGE][PASSED] - Delayed 3 second(s)

2023-07-11 11:29:35 - [TEST_STEP][PASSED] - click(findTestObject("WIZARD/4Configuracion Terminales Y Selectores/img_4Usuariosen terminales")): Object: 'Object Repository/WIZARD/4Configuracion Terminales Y Selectores/img_4Usuariosen terminales' is clicked on

2023-07-11 11:29:35 - [MESSAGE][PASSED] - Object: 'Object Repository/WIZARD/4Configuracion Terminales Y Selectores/img_4Usuariosen terminales' is clicked on

2023-07-11 11:29:35 - [TEST_STEP][PASSED] - delay(3): Delayed 3 second(s)

2023-07-11 11:29:38 - [MESSAGE][PASSED] - Delayed 3 second(s)

2023-07-11 11:29:38 - [TEST_STEP][PASSED] - click(findTestObject("WIZARD/4Configuracion Terminales Y Selectores/Usuarios en terminales/Oficinas/td3_Cartagena - Bocagrande")): Object: 'Object Repository/WIZARD/4Configuracion Terminales Y Selectores/Usuarios en terminales/Oficinas/td3_Cartagena - Bocagrande' is clicked on

2023-07-11 11:29:39 - [MESSAGE][PASSED] - Object: 'Object Repository/WIZARD/4Configuracion Terminales Y Selectores/Usuarios en terminales/Oficinas/td3_Cartagena - Bocagrande' is clicked on

2023-07-11 11:29:39 - [TEST_STEP][PASSED] - delay(3): Delayed 3 second(s)

2023-07-11 11:29:42 - [MESSAGE][PASSED] - Delayed 3 second(s)

2023-07-11 11:29:42 - [TEST_STEP][PASSED] - click(findTestObject("WIZARD/4Configuracion Terminales Y Selectores/Usuarios en terminales/Selectores Disponibles/td_6CIEL")): Object: 'Object Repository/WIZARD/4Configuracion Terminales Y Selectores/Usuarios en terminales/Selectores Disponibles/td_6CIEL' is clicked on

2023-07-11 11:29:42 - [MESSAGE][PASSED] - Object: 'Object Repository/WIZARD/4Configuracion Terminales Y Selectores/Usuarios en terminales/Selectores Disponibles/td_6CIEL' is clicked on

2023-07-11 11:29:42 - [TEST_STEP][PASSED] - delay(3): Delayed 3 second(s)

2023-07-11 11:29:45 - [MESSAGE][PASSED] - Delayed 3 second(s)

2023-07-11 11:29:45 - [TEST_STEP][PASSED] - click(findTestObject("WIZARD/4Configuracion Terminales Y Selectores/Usuarios en terminales/Selectores Disponibles/a_SeleccionarTodo")): Object: 'Object Repository/WIZARD/4Configuracion Terminales Y Selectores/Usuarios en terminales/Selectores Disponibles/a_SeleccionarTodo' is clicked on

2023-07-11 11:29:46 - [MESSAGE][PASSED] - Object: 'Object Repository/WIZARD/4Configuracion Terminales Y Selectores/Usuarios en terminales/Selectores Disponibles/a_SeleccionarTodo' is clicked on

2023-07-11 11:29:46 - [TEST_STEP][PASSED] - delay(3): Delayed 3 second(s)

2023-07-11 11:29:49 - [MESSAGE][PASSED] - Delayed 3 second(s)

2023-07-11 11:29:49 - [TEST_STEP][PASSED] - click(findTestObject("WIZARD/4Configuracion Terminales Y Selectores/Usuarios en terminales/Selectores Disponibles/img_Agregar selectores")): Object: 'Object Repository/WIZARD/4Configuracion Terminales Y Selectores/Usuarios en terminales/Selectores Disponibles/img_Agregar selectores' is clicked on

2023-07-11 11:29:49 - [MESSAGE][PASSED] - Object: 'Object Repository/WIZARD/4Configuracion Terminales Y Selectores/Usuarios en terminales/Selectores Disponibles/img_Agregar selectores' is clicked on

2023-07-11 11:29:49 - [TEST_STEP][PASSED] - delay(3): Delayed 3 second(s)

2023-07-11 11:29:52 - [MESSAGE][PASSED] - Delayed 3 second(s)

2023-07-11 11:29:52 - [TEST_STEP][PASSED] - scrollToElement(findTestObject("WIZARD/4Configuracion Terminales Y Selectores/Usuarios en terminales/Terminales Disponibles/img_AgregarTerminales"), 2): Scroll to object 'Object Repository/WIZARD/4Configuracion Terminales Y Selectores/Usuarios en terminales/Terminales Disponibles/img_AgregarTerminales' successfully

2023-07-11 11:29:53 - [MESSAGE][PASSED] - Scroll to object 'Object Repository/WIZARD/4Configuracion Terminales Y Selectores/Usuarios en terminales/Terminales Disponibles/img_AgregarTerminales' successfully

2023-07-11 11:29:53 - [TEST_STEP][PASSED] - click(findTestObject("WIZARD/4Configuracion Terminales Y Selectores/Usuarios en terminales/Terminales Disponibles/a_SeleccionarTodo")): Object: 'Object Repository/WIZARD/4Configuracion Terminales Y Selectores/Usuarios en terminales/Terminales Disponibles/a_SeleccionarTodo' is clicked on

2023-07-11 11:29:53 - [MESSAGE][PASSED] - Object: 'Object Repository/WIZARD/4Configuracion Terminales Y Selectores/Usuarios en terminales/Terminales Disponibles/a_SeleccionarTodo' is clicked on

2023-07-11 11:29:53 - [TEST_STEP][PASSED] - delay(3): Delayed 3 second(s)

2023-07-11 11:29:56 - [MESSAGE][PASSED] - Delayed 3 second(s)

2023-07-11 11:29:56 - [TEST_STEP][PASSED] - executeJavaScript("return document.getElementById('cPHPri_menuEdicionAgregarTerminales_imgActualizar').click()", []): Execute JavaScript 'return document.getElementById('cPHPri_menuEdicionAgregarTerminales_imgActualizar').click()' successfully

2023-07-11 11:29:56 - [MESSAGE][PASSED] - Execute JavaScript 'return document.getElementById('cPHPri_menuEdicionAgregarTerminales_imgActualizar').click()' successfully

2023-07-11 11:29:56 - [TEST_STEP][PASSED] - delay(3): Delayed 3 second(s)

2023-07-11 11:29:59 - [MESSAGE][PASSED] - Delayed 3 second(s)

2023-07-11 11:29:59 - [TEST_STEP][PASSED] - takeFullPageScreenshot(): Taking screenshot successfully

2023-07-11 11:30:00 - [MESSAGE][INFO] - 0 hidden object(s)

2023-07-11 11:30:00 - [MESSAGE][PASSED] - Taking screenshot successfully
[[ATTACHMENT|C:\\CIEL INGENIERIA\\Katalon\\Digiturno55\\Reports\\20230711_112732\\WIZARD\\4Configuracion Terminales y Selectores\\6 Configuracion Terminales y Selectores\\20230711_112733\\1689092999553.png]]

2023-07-11 11:30:00 - [TEST_STEP][PASSED] - delay(3): Delayed 3 second(s)

2023-07-11 11:30:03 - [MESSAGE][PASSED] - Delayed 3 second(s)

2023-07-11 11:30:03 - [TEST_STEP][PASSED] - back(): Navigate back successfully

2023-07-11 11:30:03 - [MESSAGE][PASSED] - Navigate back successfully

2023-07-11 11:30:03 - [TEST_STEP][PASSED] - comment("Oficina Manizales"): Oficina Manizales

2023-07-11 11:30:03 - [MESSAGE][INFO] - Oficina Manizales

2023-07-11 11:30:03 - [TEST_STEP][PASSED] - delay(3): Delayed 3 second(s)

2023-07-11 11:30:06 - [MESSAGE][PASSED] - Delayed 3 second(s)

2023-07-11 11:30:06 - [TEST_STEP][PASSED] - click(findTestObject("WIZARD/4Configuracion Terminales Y Selectores/img_4Usuariosen terminales")): Object: 'Object Repository/WIZARD/4Configuracion Terminales Y Selectores/img_4Usuariosen terminales' is clicked on

2023-07-11 11:30:07 - [MESSAGE][PASSED] - Object: 'Object Repository/WIZARD/4Configuracion Terminales Y Selectores/img_4Usuariosen terminales' is clicked on

2023-07-11 11:30:07 - [TEST_STEP][PASSED] - delay(3): Delayed 3 second(s)

2023-07-11 11:30:10 - [MESSAGE][PASSED] - Delayed 3 second(s)

2023-07-11 11:30:10 - [TEST_STEP][PASSED] - click(findTestObject("WIZARD/4Configuracion Terminales Y Selectores/Usuarios en terminales/Oficinas/td4_Manizales - Manizales")): Object: 'Object Repository/WIZARD/4Configuracion Terminales Y Selectores/Usuarios en terminales/Oficinas/td4_Manizales - Manizales' is clicked on

2023-07-11 11:30:10 - [MESSAGE][PASSED] - Object: 'Object Repository/WIZARD/4Configuracion Terminales Y Selectores/Usuarios en terminales/Oficinas/td4_Manizales - Manizales' is clicked on

2023-07-11 11:30:10 - [TEST_STEP][PASSED] - delay(3): Delayed 3 second(s)

2023-07-11 11:30:13 - [MESSAGE][PASSED] - Delayed 3 second(s)

2023-07-11 11:30:13 - [TEST_STEP][PASSED] - click(findTestObject("WIZARD/4Configuracion Terminales Y Selectores/Usuarios en terminales/Selectores Disponibles/td_6CIEL")): Object: 'Object Repository/WIZARD/4Configuracion Terminales Y Selectores/Usuarios en terminales/Selectores Disponibles/td_6CIEL' is clicked on

2023-07-11 11:30:13 - [MESSAGE][PASSED] - Object: 'Object Repository/WIZARD/4Configuracion Terminales Y Selectores/Usuarios en terminales/Selectores Disponibles/td_6CIEL' is clicked on

2023-07-11 11:30:13 - [TEST_STEP][PASSED] - delay(3): Delayed 3 second(s)

2023-07-11 11:30:16 - [MESSAGE][PASSED] - Delayed 3 second(s)

2023-07-11 11:30:16 - [TEST_STEP][PASSED] - click(findTestObject("WIZARD/4Configuracion Terminales Y Selectores/Usuarios en terminales/Selectores Disponibles/a_SeleccionarTodo")): Object: 'Object Repository/WIZARD/4Configuracion Terminales Y Selectores/Usuarios en terminales/Selectores Disponibles/a_SeleccionarTodo' is clicked on

2023-07-11 11:30:17 - [MESSAGE][PASSED] - Object: 'Object Repository/WIZARD/4Configuracion Terminales Y Selectores/Usuarios en terminales/Selectores Disponibles/a_SeleccionarTodo' is clicked on

2023-07-11 11:30:17 - [TEST_STEP][PASSED] - delay(3): Delayed 3 second(s)

2023-07-11 11:30:20 - [MESSAGE][PASSED] - Delayed 3 second(s)

2023-07-11 11:30:20 - [TEST_STEP][PASSED] - click(findTestObject("WIZARD/4Configuracion Terminales Y Selectores/Usuarios en terminales/Selectores Disponibles/img_Agregar selectores")): Object: 'Object Repository/WIZARD/4Configuracion Terminales Y Selectores/Usuarios en terminales/Selectores Disponibles/img_Agregar selectores' is clicked on

2023-07-11 11:30:20 - [MESSAGE][PASSED] - Object: 'Object Repository/WIZARD/4Configuracion Terminales Y Selectores/Usuarios en terminales/Selectores Disponibles/img_Agregar selectores' is clicked on

2023-07-11 11:30:20 - [TEST_STEP][PASSED] - delay(3): Delayed 3 second(s)

2023-07-11 11:30:23 - [MESSAGE][PASSED] - Delayed 3 second(s)

2023-07-11 11:30:23 - [TEST_STEP][PASSED] - scrollToElement(findTestObject("WIZARD/4Configuracion Terminales Y Selectores/Usuarios en terminales/Terminales Disponibles/img_AgregarTerminales"), 2): Scroll to object 'Object Repository/WIZARD/4Configuracion Terminales Y Selectores/Usuarios en terminales/Terminales Disponibles/img_AgregarTerminales' successfully

2023-07-11 11:30:24 - [MESSAGE][PASSED] - Scroll to object 'Object Repository/WIZARD/4Configuracion Terminales Y Selectores/Usuarios en terminales/Terminales Disponibles/img_AgregarTerminales' successfully

2023-07-11 11:30:24 - [TEST_STEP][PASSED] - click(findTestObject("WIZARD/4Configuracion Terminales Y Selectores/Usuarios en terminales/Terminales Disponibles/a_SeleccionarTodo")): Object: 'Object Repository/WIZARD/4Configuracion Terminales Y Selectores/Usuarios en terminales/Terminales Disponibles/a_SeleccionarTodo' is clicked on

2023-07-11 11:30:24 - [MESSAGE][PASSED] - Object: 'Object Repository/WIZARD/4Configuracion Terminales Y Selectores/Usuarios en terminales/Terminales Disponibles/a_SeleccionarTodo' is clicked on

2023-07-11 11:30:24 - [TEST_STEP][PASSED] - delay(3): Delayed 3 second(s)

2023-07-11 11:30:27 - [MESSAGE][PASSED] - Delayed 3 second(s)

2023-07-11 11:30:27 - [TEST_STEP][PASSED] - executeJavaScript("return document.getElementById('cPHPri_menuEdicionAgregarTerminales_imgActualizar').click()", []): Execute JavaScript 'return document.getElementById('cPHPri_menuEdicionAgregarTerminales_imgActualizar').click()' successfully

2023-07-11 11:30:27 - [MESSAGE][PASSED] - Execute JavaScript 'return document.getElementById('cPHPri_menuEdicionAgregarTerminales_imgActualizar').click()' successfully

2023-07-11 11:30:27 - [TEST_STEP][PASSED] - delay(3): Delayed 3 second(s)

2023-07-11 11:30:30 - [MESSAGE][PASSED] - Delayed 3 second(s)

2023-07-11 11:30:30 - [TEST_STEP][PASSED] - takeFullPageScreenshot(): Taking screenshot successfully

2023-07-11 11:30:31 - [MESSAGE][INFO] - 0 hidden object(s)

2023-07-11 11:30:31 - [MESSAGE][PASSED] - Taking screenshot successfully
[[ATTACHMENT|C:\\CIEL INGENIERIA\\Katalon\\Digiturno55\\Reports\\20230711_112732\\WIZARD\\4Configuracion Terminales y Selectores\\6 Configuracion Terminales y Selectores\\20230711_112733\\1689093030761.png]]

2023-07-11 11:30:31 - [TEST_STEP][PASSED] - delay(3): Delayed 3 second(s)

2023-07-11 11:30:34 - [MESSAGE][PASSED] - Delayed 3 second(s)

2023-07-11 11:30:34 - [TEST_STEP][PASSED] - back(): Navigate back successfully

2023-07-11 11:30:34 - [MESSAGE][PASSED] - Navigate back successfully

2023-07-11 11:30:34 - [TEST_STEP][PASSED] - comment("Oficina Medellin"): Oficina Medellin

2023-07-11 11:30:34 - [MESSAGE][INFO] - Oficina Medellin

2023-07-11 11:30:34 - [TEST_STEP][PASSED] - delay(3): Delayed 3 second(s)

2023-07-11 11:30:37 - [MESSAGE][PASSED] - Delayed 3 second(s)

2023-07-11 11:30:37 - [TEST_STEP][PASSED] - click(findTestObject("WIZARD/4Configuracion Terminales Y Selectores/img_4Usuariosen terminales")): Object: 'Object Repository/WIZARD/4Configuracion Terminales Y Selectores/img_4Usuariosen terminales' is clicked on

2023-07-11 11:30:38 - [MESSAGE][PASSED] - Object: 'Object Repository/WIZARD/4Configuracion Terminales Y Selectores/img_4Usuariosen terminales' is clicked on

2023-07-11 11:30:38 - [TEST_STEP][PASSED] - delay(3): Delayed 3 second(s)

2023-07-11 11:30:41 - [MESSAGE][PASSED] - Delayed 3 second(s)

2023-07-11 11:30:41 - [TEST_STEP][PASSED] - click(findTestObject("WIZARD/4Configuracion Terminales Y Selectores/Usuarios en terminales/Oficinas/td5_Medellin - Laureles")): Object: 'Object Repository/WIZARD/4Configuracion Terminales Y Selectores/Usuarios en terminales/Oficinas/td5_Medellin - Laureles' is clicked on

2023-07-11 11:30:41 - [MESSAGE][PASSED] - Object: 'Object Repository/WIZARD/4Configuracion Terminales Y Selectores/Usuarios en terminales/Oficinas/td5_Medellin - Laureles' is clicked on

2023-07-11 11:30:41 - [TEST_STEP][PASSED] - delay(3): Delayed 3 second(s)

2023-07-11 11:30:44 - [MESSAGE][PASSED] - Delayed 3 second(s)

2023-07-11 11:30:44 - [TEST_STEP][PASSED] - click(findTestObject("WIZARD/4Configuracion Terminales Y Selectores/Usuarios en terminales/Selectores Disponibles/td_6CIEL")): Object: 'Object Repository/WIZARD/4Configuracion Terminales Y Selectores/Usuarios en terminales/Selectores Disponibles/td_6CIEL' is clicked on

2023-07-11 11:30:45 - [MESSAGE][PASSED] - Object: 'Object Repository/WIZARD/4Configuracion Terminales Y Selectores/Usuarios en terminales/Selectores Disponibles/td_6CIEL' is clicked on

2023-07-11 11:30:45 - [TEST_STEP][PASSED] - delay(3): Delayed 3 second(s)

2023-07-11 11:30:48 - [MESSAGE][PASSED] - Delayed 3 second(s)

2023-07-11 11:30:48 - [TEST_STEP][PASSED] - click(findTestObject("WIZARD/4Configuracion Terminales Y Selectores/Usuarios en terminales/Selectores Disponibles/a_SeleccionarTodo")): Object: 'Object Repository/WIZARD/4Configuracion Terminales Y Selectores/Usuarios en terminales/Selectores Disponibles/a_SeleccionarTodo' is clicked on

2023-07-11 11:30:48 - [MESSAGE][PASSED] - Object: 'Object Repository/WIZARD/4Configuracion Terminales Y Selectores/Usuarios en terminales/Selectores Disponibles/a_SeleccionarTodo' is clicked on

2023-07-11 11:30:48 - [TEST_STEP][PASSED] - delay(3): Delayed 3 second(s)

2023-07-11 11:30:51 - [MESSAGE][PASSED] - Delayed 3 second(s)

2023-07-11 11:30:51 - [TEST_STEP][PASSED] - click(findTestObject("WIZARD/4Configuracion Terminales Y Selectores/Usuarios en terminales/Selectores Disponibles/img_Agregar selectores")): Object: 'Object Repository/WIZARD/4Configuracion Terminales Y Selectores/Usuarios en terminales/Selectores Disponibles/img_Agregar selectores' is clicked on

2023-07-11 11:30:52 - [MESSAGE][PASSED] - Object: 'Object Repository/WIZARD/4Configuracion Terminales Y Selectores/Usuarios en terminales/Selectores Disponibles/img_Agregar selectores' is clicked on

2023-07-11 11:30:52 - [TEST_STEP][PASSED] - delay(3): Delayed 3 second(s)

2023-07-11 11:30:55 - [MESSAGE][PASSED] - Delayed 3 second(s)

2023-07-11 11:30:55 - [TEST_STEP][PASSED] - scrollToElement(findTestObject("WIZARD/4Configuracion Terminales Y Selectores/Usuarios en terminales/Terminales Disponibles/img_AgregarTerminales"), 2): Scroll to object 'Object Repository/WIZARD/4Configuracion Terminales Y Selectores/Usuarios en terminales/Terminales Disponibles/img_AgregarTerminales' successfully

2023-07-11 11:30:55 - [MESSAGE][PASSED] - Scroll to object 'Object Repository/WIZARD/4Configuracion Terminales Y Selectores/Usuarios en terminales/Terminales Disponibles/img_AgregarTerminales' successfully

2023-07-11 11:30:55 - [TEST_STEP][PASSED] - click(findTestObject("WIZARD/4Configuracion Terminales Y Selectores/Usuarios en terminales/Terminales Disponibles/a_SeleccionarTodo")): Object: 'Object Repository/WIZARD/4Configuracion Terminales Y Selectores/Usuarios en terminales/Terminales Disponibles/a_SeleccionarTodo' is clicked on

2023-07-11 11:30:56 - [MESSAGE][PASSED] - Object: 'Object Repository/WIZARD/4Configuracion Terminales Y Selectores/Usuarios en terminales/Terminales Disponibles/a_SeleccionarTodo' is clicked on

2023-07-11 11:30:56 - [TEST_STEP][PASSED] - delay(3): Delayed 3 second(s)

2023-07-11 11:30:59 - [MESSAGE][PASSED] - Delayed 3 second(s)

2023-07-11 11:30:59 - [TEST_STEP][PASSED] - executeJavaScript("return document.getElementById('cPHPri_menuEdicionAgregarTerminales_imgActualizar').click()", []): Execute JavaScript 'return document.getElementById('cPHPri_menuEdicionAgregarTerminales_imgActualizar').click()' successfully

2023-07-11 11:30:59 - [MESSAGE][PASSED] - Execute JavaScript 'return document.getElementById('cPHPri_menuEdicionAgregarTerminales_imgActualizar').click()' successfully

2023-07-11 11:30:59 - [TEST_STEP][PASSED] - delay(3): Delayed 3 second(s)

2023-07-11 11:31:02 - [MESSAGE][PASSED] - Delayed 3 second(s)

2023-07-11 11:31:02 - [TEST_STEP][PASSED] - takeFullPageScreenshot(): Taking screenshot successfully

2023-07-11 11:31:02 - [MESSAGE][INFO] - 0 hidden object(s)

2023-07-11 11:31:02 - [MESSAGE][PASSED] - Taking screenshot successfully
[[ATTACHMENT|C:\\CIEL INGENIERIA\\Katalon\\Digiturno55\\Reports\\20230711_112732\\WIZARD\\4Configuracion Terminales y Selectores\\6 Configuracion Terminales y Selectores\\20230711_112733\\1689093062198.png]]

2023-07-11 11:31:02 - [TEST_STEP][PASSED] - delay(3): Delayed 3 second(s)

2023-07-11 11:31:05 - [MESSAGE][PASSED] - Delayed 3 second(s)

2023-07-11 11:31:05 - [TEST_STEP][PASSED] - back(): Navigate back successfully

2023-07-11 11:31:06 - [MESSAGE][PASSED] - Navigate back successfully

2023-07-11 11:31:06 - [TEST_STEP][PASSED] - comment("Oficina Virtual"): Oficina Virtual

2023-07-11 11:31:06 - [MESSAGE][INFO] - Oficina Virtual

2023-07-11 11:31:06 - [TEST_STEP][PASSED] - delay(3): Delayed 3 second(s)

2023-07-11 11:31:09 - [MESSAGE][PASSED] - Delayed 3 second(s)

2023-07-11 11:31:09 - [TEST_STEP][PASSED] - click(findTestObject("WIZARD/4Configuracion Terminales Y Selectores/img_4Usuariosen terminales")): Object: 'Object Repository/WIZARD/4Configuracion Terminales Y Selectores/img_4Usuariosen terminales' is clicked on

2023-07-11 11:31:09 - [MESSAGE][PASSED] - Object: 'Object Repository/WIZARD/4Configuracion Terminales Y Selectores/img_4Usuariosen terminales' is clicked on

2023-07-11 11:31:09 - [TEST_STEP][PASSED] - delay(3): Delayed 3 second(s)

2023-07-11 11:31:12 - [MESSAGE][PASSED] - Delayed 3 second(s)

2023-07-11 11:31:12 - [TEST_STEP][PASSED] - click(findTestObject("WIZARD/4Configuracion Terminales Y Selectores/Usuarios en terminales/Oficinas/td6_Virtual - Oficina Virtual")): Object: 'Object Repository/WIZARD/4Configuracion Terminales Y Selectores/Usuarios en terminales/Oficinas/td6_Virtual - Oficina Virtual' is clicked on

2023-07-11 11:31:13 - [MESSAGE][PASSED] - Object: 'Object Repository/WIZARD/4Configuracion Terminales Y Selectores/Usuarios en terminales/Oficinas/td6_Virtual - Oficina Virtual' is clicked on

2023-07-11 11:31:13 - [TEST_STEP][PASSED] - delay(3): Delayed 3 second(s)

2023-07-11 11:31:16 - [MESSAGE][PASSED] - Delayed 3 second(s)

2023-07-11 11:31:16 - [TEST_STEP][PASSED] - click(findTestObject("WIZARD/4Configuracion Terminales Y Selectores/Usuarios en terminales/Selectores Disponibles/td_6CIEL")): Object: 'Object Repository/WIZARD/4Configuracion Terminales Y Selectores/Usuarios en terminales/Selectores Disponibles/td_6CIEL' is clicked on

2023-07-11 11:31:16 - [MESSAGE][PASSED] - Object: 'Object Repository/WIZARD/4Configuracion Terminales Y Selectores/Usuarios en terminales/Selectores Disponibles/td_6CIEL' is clicked on

2023-07-11 11:31:16 - [TEST_STEP][PASSED] - delay(3): Delayed 3 second(s)

2023-07-11 11:31:19 - [MESSAGE][PASSED] - Delayed 3 second(s)

2023-07-11 11:31:19 - [TEST_STEP][PASSED] - click(findTestObject("WIZARD/4Configuracion Terminales Y Selectores/Usuarios en terminales/Selectores Disponibles/a_SeleccionarTodo")): Object: 'Object Repository/WIZARD/4Configuracion Terminales Y Selectores/Usuarios en terminales/Selectores Disponibles/a_SeleccionarTodo' is clicked on

2023-07-11 11:31:19 - [MESSAGE][PASSED] - Object: 'Object Repository/WIZARD/4Configuracion Terminales Y Selectores/Usuarios en terminales/Selectores Disponibles/a_SeleccionarTodo' is clicked on

2023-07-11 11:31:19 - [TEST_STEP][PASSED] - delay(3): Delayed 3 second(s)

2023-07-11 11:31:22 - [MESSAGE][PASSED] - Delayed 3 second(s)

2023-07-11 11:31:22 - [TEST_STEP][PASSED] - click(findTestObject("WIZARD/4Configuracion Terminales Y Selectores/Usuarios en terminales/Selectores Disponibles/img_Agregar selectores")): Object: 'Object Repository/WIZARD/4Configuracion Terminales Y Selectores/Usuarios en terminales/Selectores Disponibles/img_Agregar selectores' is clicked on

2023-07-11 11:31:23 - [MESSAGE][PASSED] - Object: 'Object Repository/WIZARD/4Configuracion Terminales Y Selectores/Usuarios en terminales/Selectores Disponibles/img_Agregar selectores' is clicked on

2023-07-11 11:31:23 - [TEST_STEP][PASSED] - delay(3): Delayed 3 second(s)

2023-07-11 11:31:26 - [MESSAGE][PASSED] - Delayed 3 second(s)

2023-07-11 11:31:26 - [TEST_STEP][PASSED] - scrollToElement(findTestObject("WIZARD/4Configuracion Terminales Y Selectores/Usuarios en terminales/Terminales Disponibles/img_AgregarTerminales"), 2): Scroll to object 'Object Repository/WIZARD/4Configuracion Terminales Y Selectores/Usuarios en terminales/Terminales Disponibles/img_AgregarTerminales' successfully

2023-07-11 11:31:26 - [MESSAGE][PASSED] - Scroll to object 'Object Repository/WIZARD/4Configuracion Terminales Y Selectores/Usuarios en terminales/Terminales Disponibles/img_AgregarTerminales' successfully

2023-07-11 11:31:26 - [TEST_STEP][PASSED] - click(findTestObject("WIZARD/4Configuracion Terminales Y Selectores/Usuarios en terminales/Terminales Disponibles/a_SeleccionarTodo")): Object: 'Object Repository/WIZARD/4Configuracion Terminales Y Selectores/Usuarios en terminales/Terminales Disponibles/a_SeleccionarTodo' is clicked on

2023-07-11 11:31:27 - [MESSAGE][PASSED] - Object: 'Object Repository/WIZARD/4Configuracion Terminales Y Selectores/Usuarios en terminales/Terminales Disponibles/a_SeleccionarTodo' is clicked on

2023-07-11 11:31:27 - [TEST_STEP][PASSED] - delay(3): Delayed 3 second(s)

2023-07-11 11:31:30 - [MESSAGE][PASSED] - Delayed 3 second(s)

2023-07-11 11:31:30 - [TEST_STEP][PASSED] - executeJavaScript("return document.getElementById('cPHPri_menuEdicionAgregarTerminales_imgActualizar').click()", []): Execute JavaScript 'return document.getElementById('cPHPri_menuEdicionAgregarTerminales_imgActualizar').click()' successfully

2023-07-11 11:31:30 - [MESSAGE][PASSED] - Execute JavaScript 'return document.getElementById('cPHPri_menuEdicionAgregarTerminales_imgActualizar').click()' successfully

2023-07-11 11:31:30 - [TEST_STEP][PASSED] - delay(3): Delayed 3 second(s)

2023-07-11 11:31:33 - [MESSAGE][PASSED] - Delayed 3 second(s)

2023-07-11 11:31:33 - [TEST_STEP][PASSED] - takeFullPageScreenshot(): Taking screenshot successfully

2023-07-11 11:31:33 - [MESSAGE][INFO] - 0 hidden object(s)

2023-07-11 11:31:34 - [MESSAGE][PASSED] - Taking screenshot successfully
[[ATTACHMENT|C:\\CIEL INGENIERIA\\Katalon\\Digiturno55\\Reports\\20230711_112732\\WIZARD\\4Configuracion Terminales y Selectores\\6 Configuracion Terminales y Selectores\\20230711_112733\\1689093093237.png]]

2023-07-11 11:31:34 - [TEST_STEP][PASSED] - delay(3): Delayed 3 second(s)

2023-07-11 11:31:37 - [MESSAGE][PASSED] - Delayed 3 second(s)

2023-07-11 11:31:37 - [TEST_STEP][PASSED] - back(): Navigate back successfully

2023-07-11 11:31:37 - [MESSAGE][PASSED] - Navigate back successfully

2023-07-11 11:31:37 - [TEST_STEP][PASSED] - comment("Oficina WorkFlow"): Oficina WorkFlow

2023-07-11 11:31:37 - [MESSAGE][INFO] - Oficina WorkFlow

2023-07-11 11:31:37 - [TEST_STEP][PASSED] - delay(3): Delayed 3 second(s)

2023-07-11 11:31:40 - [MESSAGE][PASSED] - Delayed 3 second(s)

2023-07-11 11:31:40 - [TEST_STEP][PASSED] - click(findTestObject("WIZARD/4Configuracion Terminales Y Selectores/img_4Usuariosen terminales")): Object: 'Object Repository/WIZARD/4Configuracion Terminales Y Selectores/img_4Usuariosen terminales' is clicked on

2023-07-11 11:31:40 - [MESSAGE][PASSED] - Object: 'Object Repository/WIZARD/4Configuracion Terminales Y Selectores/img_4Usuariosen terminales' is clicked on

2023-07-11 11:31:40 - [TEST_STEP][PASSED] - delay(3): Delayed 3 second(s)

2023-07-11 11:31:43 - [MESSAGE][PASSED] - Delayed 3 second(s)

2023-07-11 11:31:43 - [TEST_STEP][PASSED] - click(findTestObject("WIZARD/4Configuracion Terminales Y Selectores/Usuarios en terminales/Oficinas/td7_WorkFlow - Oficina WorkFlow")): Object: 'Object Repository/WIZARD/4Configuracion Terminales Y Selectores/Usuarios en terminales/Oficinas/td7_WorkFlow - Oficina WorkFlow' is clicked on

2023-07-11 11:31:44 - [MESSAGE][PASSED] - Object: 'Object Repository/WIZARD/4Configuracion Terminales Y Selectores/Usuarios en terminales/Oficinas/td7_WorkFlow - Oficina WorkFlow' is clicked on

2023-07-11 11:31:44 - [TEST_STEP][PASSED] - delay(3): Delayed 3 second(s)

2023-07-11 11:31:47 - [MESSAGE][PASSED] - Delayed 3 second(s)

2023-07-11 11:31:47 - [TEST_STEP][PASSED] - click(findTestObject("WIZARD/4Configuracion Terminales Y Selectores/Usuarios en terminales/Selectores Disponibles/td_6CIEL")): Object: 'Object Repository/WIZARD/4Configuracion Terminales Y Selectores/Usuarios en terminales/Selectores Disponibles/td_6CIEL' is clicked on

2023-07-11 11:31:47 - [MESSAGE][PASSED] - Object: 'Object Repository/WIZARD/4Configuracion Terminales Y Selectores/Usuarios en terminales/Selectores Disponibles/td_6CIEL' is clicked on

2023-07-11 11:31:47 - [TEST_STEP][PASSED] - delay(3): Delayed 3 second(s)

2023-07-11 11:31:50 - [MESSAGE][PASSED] - Delayed 3 second(s)

2023-07-11 11:31:50 - [TEST_STEP][PASSED] - click(findTestObject("WIZARD/4Configuracion Terminales Y Selectores/Usuarios en terminales/Selectores Disponibles/a_SeleccionarTodo")): Object: 'Object Repository/WIZARD/4Configuracion Terminales Y Selectores/Usuarios en terminales/Selectores Disponibles/a_SeleccionarTodo' is clicked on

2023-07-11 11:31:51 - [MESSAGE][PASSED] - Object: 'Object Repository/WIZARD/4Configuracion Terminales Y Selectores/Usuarios en terminales/Selectores Disponibles/a_SeleccionarTodo' is clicked on

2023-07-11 11:31:51 - [TEST_STEP][PASSED] - delay(3): Delayed 3 second(s)

2023-07-11 11:31:54 - [MESSAGE][PASSED] - Delayed 3 second(s)

2023-07-11 11:31:54 - [TEST_STEP][PASSED] - click(findTestObject("WIZARD/4Configuracion Terminales Y Selectores/Usuarios en terminales/Selectores Disponibles/img_Agregar selectores")): Object: 'Object Repository/WIZARD/4Configuracion Terminales Y Selectores/Usuarios en terminales/Selectores Disponibles/img_Agregar selectores' is clicked on

2023-07-11 11:31:54 - [MESSAGE][PASSED] - Object: 'Object Repository/WIZARD/4Configuracion Terminales Y Selectores/Usuarios en terminales/Selectores Disponibles/img_Agregar selectores' is clicked on

2023-07-11 11:31:54 - [TEST_STEP][PASSED] - delay(3): Delayed 3 second(s)

2023-07-11 11:31:57 - [MESSAGE][PASSED] - Delayed 3 second(s)

2023-07-11 11:31:57 - [TEST_STEP][PASSED] - scrollToElement(findTestObject("WIZARD/4Configuracion Terminales Y Selectores/Usuarios en terminales/Terminales Disponibles/img_AgregarTerminales"), 2): Scroll to object 'Object Repository/WIZARD/4Configuracion Terminales Y Selectores/Usuarios en terminales/Terminales Disponibles/img_AgregarTerminales' successfully

2023-07-11 11:31:58 - [MESSAGE][PASSED] - Scroll to object 'Object Repository/WIZARD/4Configuracion Terminales Y Selectores/Usuarios en terminales/Terminales Disponibles/img_AgregarTerminales' successfully

2023-07-11 11:31:58 - [TEST_STEP][PASSED] - click(findTestObject("WIZARD/4Configuracion Terminales Y Selectores/Usuarios en terminales/Terminales Disponibles/a_SeleccionarTodo")): Object: 'Object Repository/WIZARD/4Configuracion Terminales Y Selectores/Usuarios en terminales/Terminales Disponibles/a_SeleccionarTodo' is clicked on

2023-07-11 11:31:58 - [MESSAGE][PASSED] - Object: 'Object Repository/WIZARD/4Configuracion Terminales Y Selectores/Usuarios en terminales/Terminales Disponibles/a_SeleccionarTodo' is clicked on

2023-07-11 11:31:58 - [TEST_STEP][PASSED] - delay(3): Delayed 3 second(s)

2023-07-11 11:32:01 - [MESSAGE][PASSED] - Delayed 3 second(s)

2023-07-11 11:32:01 - [TEST_STEP][PASSED] - executeJavaScript("return document.getElementById('cPHPri_menuEdicionAgregarTerminales_imgActualizar').click()", []): Execute JavaScript 'return document.getElementById('cPHPri_menuEdicionAgregarTerminales_imgActualizar').click()' successfully

2023-07-11 11:32:01 - [MESSAGE][PASSED] - Execute JavaScript 'return document.getElementById('cPHPri_menuEdicionAgregarTerminales_imgActualizar').click()' successfully

2023-07-11 11:32:01 - [TEST_STEP][PASSED] - delay(3): Delayed 3 second(s)

2023-07-11 11:32:04 - [MESSAGE][PASSED] - Delayed 3 second(s)

2023-07-11 11:32:04 - [TEST_STEP][PASSED] - takeFullPageScreenshot(): Taking screenshot successfully

2023-07-11 11:32:05 - [MESSAGE][INFO] - 0 hidden object(s)

2023-07-11 11:32:05 - [MESSAGE][PASSED] - Taking screenshot successfully
[[ATTACHMENT|C:\\CIEL INGENIERIA\\Katalon\\Digiturno55\\Reports\\20230711_112732\\WIZARD\\4Configuracion Terminales y Selectores\\6 Configuracion Terminales y Selectores\\20230711_112733\\1689093125003.png]]

2023-07-11 11:32:05 - [TEST_STEP][PASSED] - delay(3): Delayed 3 second(s)

2023-07-11 11:32:08 - [MESSAGE][PASSED] - Delayed 3 second(s)

2023-07-11 11:32:08 - [TEST_STEP][PASSED] - back(): Navigate back successfully

2023-07-11 11:32:08 - [MESSAGE][PASSED] - Navigate back successfully

2023-07-11 11:32:08 - [TEST_STEP][PASSED] - Start listener action : sampleAfterTestCase: null]]></system-out>
         <system-err><![CDATA[]]></system-err>
      </testcase>
      <system-out><![CDATA[2023-07-11 11:27:39 - [TEST_SUITE][PASSED] - 6 Configuracion Terminales y Selectores: Test Cases/WIZARD/4Configuracion Terminales y Selectores/6 Configuracion de Terminales y Selectores]]></system-out>
      <system-err><![CDATA[]]></system-err>
   </testsuite>
</testsuites>
