<?xml version="1.0" encoding="UTF-8"?>
<testsuites name="3.3 Agregar al arbol Servicios" time="56.681" tests="1" failures="0" errors="0">
   <testsuite name="3.3 Agregar al arbol Servicios" tests="1" failures="0" errors="0" time="56.681" skipped="0" timestamp="2024-03-11 09:54:13" hostname="jdavila - PCPruebas101.ciel.cielingenieria.com" id="Test Suites/WIZARD/1Modelo De Negocio/3.3 Agregar al arbol Servicios">
      <properties>
         <property name="deviceName" value=""/>
         <property name="devicePlatform" value=""/>
         <property name="logFolder" value="C:\\CIEL INGENIERIA\\Katalon\\Digiturno55\\Reports\\20240311_093955\\WIZARD\\1Modelo De Negocio\\3.3 Agregar al arbol Servicios\\20240311_094010"/>
         <property name="logFiles" value="C:\\CIEL INGENIERIA\\Katalon\\Digiturno55\\Reports\\20240311_093955\\WIZARD\\1Modelo De Negocio\\3.3 Agregar al arbol Servicios\\20240311_094010\\execution0.log"/>
         <property name="attachments" value="C:\\CIEL INGENIERIA\\Katalon\\Digiturno55\\Reports\\20240311_093955\\WIZARD\\1Modelo De Negocio\\3.3 Agregar al arbol Servicios\\20240311_094010\\1710168906529.png"/>
         <property name="hostName" value="jdavila - PCPruebas101.ciel.cielingenieria.com"/>
         <property name="os" value="Windows 10 64bit"/>
         <property name="katalonVersion" value="8.6.8.208"/>
         <property name="browser" value="Chrome 122.0.0.0"/>
         <property name="hostAddress" value="192.168.91.14"/>
         <property name="sessionId" value="6cbf9976251be00b1e15fe768576faa2"/>
         <property name="seleniumVersion" value="3.141.59"/>
         <property name="proxyInformation" value="ProxyInformation { proxyOption=NO_PROXY, proxyServerType=HTTP, username=, password=********, proxyServerAddress=, proxyServerPort=0, executionList=&quot;&quot;, isApplyToDesiredCapabilities=true }"/>
         <property name="platform" value="Windows 10"/>
      </properties>
      <testcase name="Test Cases/WIZARD/1Modelo De Negocio/3.3 Agregar al arbol Servicios" time="56.45" classname="Test Cases/WIZARD/1Modelo De Negocio/3.3 Agregar al arbol Servicios" status="PASSED">
         <system-out><![CDATA[2024-03-11 09:54:13 - [TEST_CASE][PASSED] - Test Cases/WIZARD/1Modelo De Negocio/3.3 Agregar al arbol Servicios: Test Cases/WIZARD/1Modelo De Negocio/3.3 Agregar al arbol Servicios

2024-03-11 09:54:14 - [TEST_STEP][PASSED] - callTestCase(findTestCase("0InicioSesion"), [:], STOP_ON_FAILURE): Call Test Case 'Test Cases/0InicioSesion' successfully

2024-03-11 09:54:14 - [TEST_CASE][PASSED] - Test Cases/0InicioSesion: Test Cases/0InicioSesion

2024-03-11 09:54:14 - [TEST_STEP][PASSED] - openBrowser(UrlDigiturno): Browser is opened with url: 'https://PCPruebas101.ciel.cielingenieria.com:8910'

2024-03-11 09:54:15 - [MESSAGE][INFO] - Starting 'Chrome' driver

2024-03-11 09:54:15 - [MESSAGE][INFO] - User set preference: ['args', '[--use-fake-ui-for-media-stream, --disable-notifications]']

2024-03-11 09:54:15 - [MESSAGE][INFO] - Action delay is set to 0 milliseconds

2024-03-11 09:54:18 - [MESSAGE][PASSED] - Browser is opened with url: 'https://PCPruebas101.ciel.cielingenieria.com:8910'

2024-03-11 09:54:18 - [TEST_STEP][PASSED] - maximizeWindow(): Current window maximized

2024-03-11 09:54:18 - [MESSAGE][PASSED] - Current window maximized

2024-03-11 09:54:18 - [TEST_STEP][PASSED] - delay(3): Delayed 3 second(s)

2024-03-11 09:54:21 - [MESSAGE][PASSED] - Delayed 3 second(s)

2024-03-11 09:54:21 - [TEST_STEP][PASSED] - setText(findTestObject("0Inicio Sesion/input_Usuario"), "Ciel"): Text 'Ciel' is set on object 'Object Repository/0Inicio Sesion/input_Usuario'

2024-03-11 09:54:22 - [MESSAGE][PASSED] - Text 'Ciel' is set on object 'Object Repository/0Inicio Sesion/input_Usuario'

2024-03-11 09:54:22 - [TEST_STEP][PASSED] - setText(findTestObject("0Inicio Sesion/input_Clave"), "digiturno"): Text 'digiturno' is set on object 'Object Repository/0Inicio Sesion/input_Clave'

2024-03-11 09:54:22 - [MESSAGE][PASSED] - Text 'digiturno' is set on object 'Object Repository/0Inicio Sesion/input_Clave'

2024-03-11 09:54:22 - [TEST_STEP][PASSED] - click(findTestObject("0Inicio Sesion/btn_IniciarSesion")): Object: 'Object Repository/0Inicio Sesion/btn_IniciarSesion' is clicked on

2024-03-11 09:54:23 - [MESSAGE][PASSED] - Object: 'Object Repository/0Inicio Sesion/btn_IniciarSesion' is clicked on

2024-03-11 09:54:23 - [TEST_STEP][PASSED] - delay(3): Delayed 3 second(s)

2024-03-11 09:54:26 - [MESSAGE][PASSED] - Delayed 3 second(s)

2024-03-11 09:54:26 - [MESSAGE][PASSED] - Call Test Case 'Test Cases/0InicioSesion' successfully

2024-03-11 09:54:26 - [TEST_STEP][PASSED] - click(findTestObject("WIZARD/0Principal/img_ModeloDeNegocioMAX")): Object: 'Object Repository/WIZARD/0Principal/img_ModeloDeNegocioMAX' is clicked on

2024-03-11 09:54:26 - [MESSAGE][PASSED] - Object: 'Object Repository/WIZARD/0Principal/img_ModeloDeNegocioMAX' is clicked on

2024-03-11 09:54:26 - [TEST_STEP][PASSED] - delay(3): Delayed 3 second(s)

2024-03-11 09:54:29 - [MESSAGE][PASSED] - Delayed 3 second(s)

2024-03-11 09:54:29 - [TEST_STEP][PASSED] - setText(findTestObject("WIZARD/1Modelo De Negocio/0ArbolDeJerarquia/input_cajaBusqueda"), "Preferencial (P)"): Text 'Preferencial (P)' is set on object 'Object Repository/WIZARD/1Modelo De Negocio/0ArbolDeJerarquia/input_cajaBusqueda'

2024-03-11 09:54:30 - [MESSAGE][PASSED] - Text 'Preferencial (P)' is set on object 'Object Repository/WIZARD/1Modelo De Negocio/0ArbolDeJerarquia/input_cajaBusqueda'

2024-03-11 09:54:30 - [TEST_STEP][PASSED] - delay(3): Delayed 3 second(s)

2024-03-11 09:54:33 - [MESSAGE][PASSED] - Delayed 3 second(s)

2024-03-11 09:54:33 - [TEST_STEP][PASSED] - rightClick(findTestObject("WIZARD/1Modelo De Negocio/0ArbolDeJerarquia/1Preferencial/span_3 Preferencial (P)")): Object: 'Object Repository/WIZARD/1Modelo De Negocio/0ArbolDeJerarquia/1Preferencial/span_3 Preferencial (P)' is right clicked on

2024-03-11 09:54:33 - [MESSAGE][PASSED] - Object: 'Object Repository/WIZARD/1Modelo De Negocio/0ArbolDeJerarquia/1Preferencial/span_3 Preferencial (P)' is right clicked on

2024-03-11 09:54:33 - [TEST_STEP][PASSED] - mouseOver(findTestObject("WIZARD/1Modelo De Negocio/0ArbolDeJerarquia/1Preferencial/span_Elemento")): Object: 'Object Repository/WIZARD/1Modelo De Negocio/0ArbolDeJerarquia/1Preferencial/span_Elemento' is hovered

2024-03-11 09:54:34 - [MESSAGE][PASSED] - Object: 'Object Repository/WIZARD/1Modelo De Negocio/0ArbolDeJerarquia/1Preferencial/span_Elemento' is hovered

2024-03-11 09:54:34 - [TEST_STEP][PASSED] - delay(2): Delayed 2 second(s)

2024-03-11 09:54:36 - [MESSAGE][PASSED] - Delayed 2 second(s)

2024-03-11 09:54:36 - [TEST_STEP][PASSED] - click(findTestObject("WIZARD/1Modelo De Negocio/0ArbolDeJerarquia/1Preferencial/span_Elemento(1)/span_Agregar Elementos")): Object: 'Object Repository/WIZARD/1Modelo De Negocio/0ArbolDeJerarquia/1Preferencial/span_Elemento(1)/span_Agregar Elementos' is clicked on

2024-03-11 09:54:37 - [MESSAGE][PASSED] - Object: 'Object Repository/WIZARD/1Modelo De Negocio/0ArbolDeJerarquia/1Preferencial/span_Elemento(1)/span_Agregar Elementos' is clicked on

2024-03-11 09:54:37 - [TEST_STEP][PASSED] - delay(3): Delayed 3 second(s)

2024-03-11 09:54:40 - [MESSAGE][PASSED] - Delayed 3 second(s)

2024-03-11 09:54:40 - [TEST_STEP][PASSED] - click(findTestObject("WIZARD/1Modelo De Negocio/0ArbolDeJerarquia/1Preferencial/span_Elemento(1)/span_Agregar Elementos(1)/label_Informacion")): Object: 'Object Repository/WIZARD/1Modelo De Negocio/0ArbolDeJerarquia/1Preferencial/span_Elemento(1)/span_Agregar Elementos(1)/label_Informacion' is clicked on

2024-03-11 09:54:40 - [MESSAGE][PASSED] - Object: 'Object Repository/WIZARD/1Modelo De Negocio/0ArbolDeJerarquia/1Preferencial/span_Elemento(1)/span_Agregar Elementos(1)/label_Informacion' is clicked on

2024-03-11 09:54:40 - [TEST_STEP][PASSED] - click(findTestObject("WIZARD/1Modelo De Negocio/0ArbolDeJerarquia/1Preferencial/span_Elemento(1)/span_Agregar Elementos(1)/label_PQRS")): Object: 'Object Repository/WIZARD/1Modelo De Negocio/0ArbolDeJerarquia/1Preferencial/span_Elemento(1)/span_Agregar Elementos(1)/label_PQRS' is clicked on

2024-03-11 09:54:41 - [MESSAGE][PASSED] - Object: 'Object Repository/WIZARD/1Modelo De Negocio/0ArbolDeJerarquia/1Preferencial/span_Elemento(1)/span_Agregar Elementos(1)/label_PQRS' is clicked on

2024-03-11 09:54:41 - [TEST_STEP][PASSED] - click(findTestObject("WIZARD/1Modelo De Negocio/0ArbolDeJerarquia/1Preferencial/span_Elemento(1)/span_Agregar Elementos(1)/label_Radicaciones")): Object: 'Object Repository/WIZARD/1Modelo De Negocio/0ArbolDeJerarquia/1Preferencial/span_Elemento(1)/span_Agregar Elementos(1)/label_Radicaciones' is clicked on

2024-03-11 09:54:41 - [MESSAGE][PASSED] - Object: 'Object Repository/WIZARD/1Modelo De Negocio/0ArbolDeJerarquia/1Preferencial/span_Elemento(1)/span_Agregar Elementos(1)/label_Radicaciones' is clicked on

2024-03-11 09:54:41 - [TEST_STEP][PASSED] - delay(3): Delayed 3 second(s)

2024-03-11 09:54:44 - [MESSAGE][PASSED] - Delayed 3 second(s)

2024-03-11 09:54:44 - [TEST_STEP][PASSED] - click(findTestObject("WIZARD/1Modelo De Negocio/0ArbolDeJerarquia/1Preferencial/span_Elemento(1)/span_Agregar Elementos(1)/btn_Agregar")): Object: 'Object Repository/WIZARD/1Modelo De Negocio/0ArbolDeJerarquia/1Preferencial/span_Elemento(1)/span_Agregar Elementos(1)/btn_Agregar' is clicked on

2024-03-11 09:54:45 - [MESSAGE][PASSED] - Object: 'Object Repository/WIZARD/1Modelo De Negocio/0ArbolDeJerarquia/1Preferencial/span_Elemento(1)/span_Agregar Elementos(1)/btn_Agregar' is clicked on

2024-03-11 09:54:45 - [TEST_STEP][PASSED] - delay(3): Delayed 3 second(s)

2024-03-11 09:54:48 - [MESSAGE][PASSED] - Delayed 3 second(s)

2024-03-11 09:54:48 - [TEST_STEP][PASSED] - setText(findTestObject("WIZARD/1Modelo De Negocio/0ArbolDeJerarquia/input_cajaBusqueda"), "General (G)"): Text 'General (G)' is set on object 'Object Repository/WIZARD/1Modelo De Negocio/0ArbolDeJerarquia/input_cajaBusqueda'

2024-03-11 09:54:48 - [MESSAGE][PASSED] - Text 'General (G)' is set on object 'Object Repository/WIZARD/1Modelo De Negocio/0ArbolDeJerarquia/input_cajaBusqueda'

2024-03-11 09:54:48 - [TEST_STEP][PASSED] - delay(3): Delayed 3 second(s)

2024-03-11 09:54:51 - [MESSAGE][PASSED] - Delayed 3 second(s)

2024-03-11 09:54:51 - [TEST_STEP][PASSED] - rightClick(findTestObject("WIZARD/1Modelo De Negocio/0ArbolDeJerarquia/1General/span_2 General (G)")): Object: 'Object Repository/WIZARD/1Modelo De Negocio/0ArbolDeJerarquia/1General/span_2 General (G)' is right clicked on

2024-03-11 09:54:52 - [MESSAGE][PASSED] - Object: 'Object Repository/WIZARD/1Modelo De Negocio/0ArbolDeJerarquia/1General/span_2 General (G)' is right clicked on

2024-03-11 09:54:52 - [TEST_STEP][PASSED] - mouseOver(findTestObject("WIZARD/1Modelo De Negocio/0ArbolDeJerarquia/1General/span_Elemento")): Object: 'Object Repository/WIZARD/1Modelo De Negocio/0ArbolDeJerarquia/1General/span_Elemento' is hovered

2024-03-11 09:54:53 - [MESSAGE][PASSED] - Object: 'Object Repository/WIZARD/1Modelo De Negocio/0ArbolDeJerarquia/1General/span_Elemento' is hovered

2024-03-11 09:54:53 - [TEST_STEP][PASSED] - delay(2): Delayed 2 second(s)

2024-03-11 09:54:55 - [MESSAGE][PASSED] - Delayed 2 second(s)

2024-03-11 09:54:55 - [TEST_STEP][PASSED] - click(findTestObject("WIZARD/1Modelo De Negocio/0ArbolDeJerarquia/1General/span_Elemento(1)/span_Agregar Elementos")): Object: 'Object Repository/WIZARD/1Modelo De Negocio/0ArbolDeJerarquia/1General/span_Elemento(1)/span_Agregar Elementos' is clicked on

2024-03-11 09:54:55 - [MESSAGE][PASSED] - Object: 'Object Repository/WIZARD/1Modelo De Negocio/0ArbolDeJerarquia/1General/span_Elemento(1)/span_Agregar Elementos' is clicked on

2024-03-11 09:54:55 - [TEST_STEP][PASSED] - delay(3): Delayed 3 second(s)

2024-03-11 09:54:58 - [MESSAGE][PASSED] - Delayed 3 second(s)

2024-03-11 09:54:58 - [TEST_STEP][PASSED] - click(findTestObject("WIZARD/1Modelo De Negocio/0ArbolDeJerarquia/1General/span_Elemento(1)/span_Agregar Elementos(1)/label_Informacion")): Object: 'Object Repository/WIZARD/1Modelo De Negocio/0ArbolDeJerarquia/1General/span_Elemento(1)/span_Agregar Elementos(1)/label_Informacion' is clicked on

2024-03-11 09:54:59 - [MESSAGE][PASSED] - Object: 'Object Repository/WIZARD/1Modelo De Negocio/0ArbolDeJerarquia/1General/span_Elemento(1)/span_Agregar Elementos(1)/label_Informacion' is clicked on

2024-03-11 09:54:59 - [TEST_STEP][PASSED] - click(findTestObject("WIZARD/1Modelo De Negocio/0ArbolDeJerarquia/1General/span_Elemento(1)/span_Agregar Elementos(1)/label_PQRS")): Object: 'Object Repository/WIZARD/1Modelo De Negocio/0ArbolDeJerarquia/1General/span_Elemento(1)/span_Agregar Elementos(1)/label_PQRS' is clicked on

2024-03-11 09:54:59 - [MESSAGE][PASSED] - Object: 'Object Repository/WIZARD/1Modelo De Negocio/0ArbolDeJerarquia/1General/span_Elemento(1)/span_Agregar Elementos(1)/label_PQRS' is clicked on

2024-03-11 09:54:59 - [TEST_STEP][PASSED] - click(findTestObject("WIZARD/1Modelo De Negocio/0ArbolDeJerarquia/1General/span_Elemento(1)/span_Agregar Elementos(1)/label_Radicaciones")): Object: 'Object Repository/WIZARD/1Modelo De Negocio/0ArbolDeJerarquia/1General/span_Elemento(1)/span_Agregar Elementos(1)/label_Radicaciones' is clicked on

2024-03-11 09:55:00 - [MESSAGE][PASSED] - Object: 'Object Repository/WIZARD/1Modelo De Negocio/0ArbolDeJerarquia/1General/span_Elemento(1)/span_Agregar Elementos(1)/label_Radicaciones' is clicked on

2024-03-11 09:55:00 - [TEST_STEP][PASSED] - delay(3): Delayed 3 second(s)

2024-03-11 09:55:03 - [MESSAGE][PASSED] - Delayed 3 second(s)

2024-03-11 09:55:03 - [TEST_STEP][PASSED] - click(findTestObject("WIZARD/1Modelo De Negocio/0ArbolDeJerarquia/1General/span_Elemento(1)/span_Agregar Elementos(1)/btn_Agregar")): Object: 'Object Repository/WIZARD/1Modelo De Negocio/0ArbolDeJerarquia/1General/span_Elemento(1)/span_Agregar Elementos(1)/btn_Agregar' is clicked on

2024-03-11 09:55:03 - [MESSAGE][PASSED] - Object: 'Object Repository/WIZARD/1Modelo De Negocio/0ArbolDeJerarquia/1General/span_Elemento(1)/span_Agregar Elementos(1)/btn_Agregar' is clicked on

2024-03-11 09:55:03 - [TEST_STEP][PASSED] - delay(3): Delayed 3 second(s)

2024-03-11 09:55:06 - [MESSAGE][PASSED] - Delayed 3 second(s)

2024-03-11 09:55:06 - [TEST_STEP][PASSED] - takeFullPageScreenshot(): Taking screenshot successfully

2024-03-11 09:55:07 - [MESSAGE][INFO] - 0 hidden object(s)

2024-03-11 09:55:07 - [MESSAGE][PASSED] - Taking screenshot successfully
[[ATTACHMENT|C:\\CIEL INGENIERIA\\Katalon\\Digiturno55\\Reports\\20240311_093955\\WIZARD\\1Modelo De Negocio\\3.3 Agregar al arbol Servicios\\20240311_094010\\1710168906529.png]]

2024-03-11 09:55:07 - [TEST_STEP][PASSED] - delay(3): Delayed 3 second(s)

2024-03-11 09:55:10 - [MESSAGE][PASSED] - Delayed 3 second(s)

2024-03-11 09:55:10 - [TEST_STEP][PASSED] - Start listener action : sampleAfterTestCase: null]]></system-out>
         <system-err><![CDATA[]]></system-err>
      </testcase>
      <system-out><![CDATA[2024-03-11 09:54:13 - [TEST_SUITE][PASSED] - 3.3 Agregar al arbol Servicios: Test Cases/WIZARD/1Modelo De Negocio/3.3 Agregar al arbol Servicios]]></system-out>
      <system-err><![CDATA[]]></system-err>
   </testsuite>
</testsuites>
