<?xml version="1.0" encoding="UTF-8"?>
<testsuites name="66 Motivos Crear Actualizar Eliminar" time="131.17" tests="3" failures="0" errors="0">
   <testsuite name="66 Motivos Crear Actualizar Eliminar" tests="3" failures="0" errors="0" time="131.17" skipped="0" timestamp="2023-07-11 12:24:31" hostname="jdavila - PCPruebas101.ciel.cielingenieria.com" id="Test Suites/DIGITURNO/BASICO/66 Motivos Crear Actualizar Eliminar">
      <properties>
         <property name="deviceName" value=""/>
         <property name="devicePlatform" value=""/>
         <property name="logFolder" value="C:\\CIEL INGENIERIA\\Katalon\\Digiturno55\\Reports\\20230711_113602\\DIGITURNO\\BASICO\\66 Motivos Crear Actualizar Eliminar\\20230711_113703"/>
         <property name="logFiles" value="C:\\CIEL INGENIERIA\\Katalon\\Digiturno55\\Reports\\20230711_113602\\DIGITURNO\\BASICO\\66 Motivos Crear Actualizar Eliminar\\20230711_113703\\execution0.log"/>
         <property name="attachments" value="C:\\CIEL INGENIERIA\\Katalon\\Digiturno55\\Reports\\20230711_113602\\DIGITURNO\\BASICO\\66 Motivos Crear Actualizar Eliminar\\20230711_113703\\1689096286949.png, C:\\CIEL INGENIERIA\\Katalon\\Digiturno55\\Reports\\20230711_113602\\DIGITURNO\\BASICO\\66 Motivos Crear Actualizar Eliminar\\20230711_113703\\1689096294146.png, C:\\CIEL INGENIERIA\\Katalon\\Digiturno55\\Reports\\20230711_113602\\DIGITURNO\\BASICO\\66 Motivos Crear Actualizar Eliminar\\20230711_113703\\1689096315016.png, C:\\CIEL INGENIERIA\\Katalon\\Digiturno55\\Reports\\20230711_113602\\DIGITURNO\\BASICO\\66 Motivos Crear Actualizar Eliminar\\20230711_113703\\1689096333287.png, C:\\CIEL INGENIERIA\\Katalon\\Digiturno55\\Reports\\20230711_113602\\DIGITURNO\\BASICO\\66 Motivos Crear Actualizar Eliminar\\20230711_113703\\1689096340370.png, C:\\CIEL INGENIERIA\\Katalon\\Digiturno55\\Reports\\20230711_113602\\DIGITURNO\\BASICO\\66 Motivos Crear Actualizar Eliminar\\20230711_113703\\1689096358950.png, C:\\CIEL INGENIERIA\\Katalon\\Digiturno55\\Reports\\20230711_113602\\DIGITURNO\\BASICO\\66 Motivos Crear Actualizar Eliminar\\20230711_113703\\1689096377108.png, C:\\CIEL INGENIERIA\\Katalon\\Digiturno55\\Reports\\20230711_113602\\DIGITURNO\\BASICO\\66 Motivos Crear Actualizar Eliminar\\20230711_113703\\1689096384165.png, C:\\CIEL INGENIERIA\\Katalon\\Digiturno55\\Reports\\20230711_113602\\DIGITURNO\\BASICO\\66 Motivos Crear Actualizar Eliminar\\20230711_113703\\1689096398806.png"/>
         <property name="hostName" value="jdavila - PCPruebas101.ciel.cielingenieria.com"/>
         <property name="os" value="Windows 10 64bit"/>
         <property name="katalonVersion" value="8.6.0.208"/>
         <property name="browser" value="Chrome 114.0.0.0"/>
         <property name="hostAddress" value="192.168.0.33"/>
         <property name="sessionId" value="b7a52604c40521d253c8430a29e07bef"/>
         <property name="seleniumVersion" value="3.141.59"/>
         <property name="proxyInformation" value="ProxyInformation { proxyOption=NO_PROXY, proxyServerType=HTTP, username=, password=********, proxyServerAddress=, proxyServerPort=0, executionList=&quot;&quot;, isApplyToDesiredCapabilities=true }"/>
         <property name="platform" value="Windows 10"/>
      </properties>
      <testcase name="Test Cases/DIGITURNO/BASICO/66 Motivos Crear" time="47.404" classname="Test Cases/DIGITURNO/BASICO/66 Motivos Crear" status="PASSED">
         <system-out><![CDATA[2023-07-11 12:24:31 - [TEST_CASE][PASSED] - Test Cases/DIGITURNO/BASICO/66 Motivos Crear: Test Cases/DIGITURNO/BASICO/66 Motivos Crear

2023-07-11 12:24:31 - [TEST_STEP][PASSED] - callTestCase(findTestCase("DIGITURNO/BASICO/32 Elementos del Sistema"), [:], STOP_ON_FAILURE): Call Test Case 'Test Cases/DIGITURNO/BASICO/32 Elementos del Sistema' successfully

2023-07-11 12:24:31 - [TEST_CASE][PASSED] - Test Cases/DIGITURNO/BASICO/32 Elementos del Sistema: Test Cases/DIGITURNO/BASICO/32 Elementos del Sistema

2023-07-11 12:24:32 - [TEST_STEP][PASSED] - callTestCase(findTestCase("DIGITURNO/BASICO/3 Configuracion"), [:], STOP_ON_FAILURE): Call Test Case 'Test Cases/DIGITURNO/BASICO/3 Configuracion' successfully

2023-07-11 12:24:32 - [TEST_CASE][PASSED] - Test Cases/DIGITURNO/BASICO/3 Configuracion: Test Cases/DIGITURNO/BASICO/3 Configuracion

2023-07-11 12:24:32 - [TEST_STEP][PASSED] - callTestCase(findTestCase("0InicioSesion"), [:], STOP_ON_FAILURE): Call Test Case 'Test Cases/0InicioSesion' successfully

2023-07-11 12:24:32 - [TEST_CASE][PASSED] - Test Cases/0InicioSesion: Test Cases/0InicioSesion

2023-07-11 12:24:32 - [TEST_STEP][PASSED] - openBrowser(UrlDigiturno): Browser is opened with url: 'https://PCPruebas101.ciel.cielingenieria.com:8810'

2023-07-11 12:24:32 - [MESSAGE][INFO] - Starting 'Chrome' driver

2023-07-11 12:24:32 - [MESSAGE][INFO] - User set preference: ['args', '[--use-fake-ui-for-media-stream, --disable-notifications]']

2023-07-11 12:24:32 - [MESSAGE][INFO] - Action delay is set to 0 milliseconds

2023-07-11 12:24:35 - [MESSAGE][PASSED] - Browser is opened with url: 'https://PCPruebas101.ciel.cielingenieria.com:8810'

2023-07-11 12:24:35 - [TEST_STEP][PASSED] - maximizeWindow(): Current window maximized

2023-07-11 12:24:35 - [MESSAGE][PASSED] - Current window maximized

2023-07-11 12:24:35 - [TEST_STEP][PASSED] - delay(3): Delayed 3 second(s)

2023-07-11 12:24:38 - [MESSAGE][PASSED] - Delayed 3 second(s)

2023-07-11 12:24:38 - [TEST_STEP][PASSED] - setText(findTestObject("0Inicio Sesion/input_Usuario"), "Ciel"): Text 'Ciel' is set on object 'Object Repository/0Inicio Sesion/input_Usuario'

2023-07-11 12:24:39 - [MESSAGE][PASSED] - Text 'Ciel' is set on object 'Object Repository/0Inicio Sesion/input_Usuario'

2023-07-11 12:24:39 - [TEST_STEP][PASSED] - setText(findTestObject("0Inicio Sesion/input_Clave"), "digiturno"): Text 'digiturno' is set on object 'Object Repository/0Inicio Sesion/input_Clave'

2023-07-11 12:24:39 - [MESSAGE][PASSED] - Text 'digiturno' is set on object 'Object Repository/0Inicio Sesion/input_Clave'

2023-07-11 12:24:39 - [TEST_STEP][PASSED] - click(findTestObject("0Inicio Sesion/btn_IniciarSesion")): Object: 'Object Repository/0Inicio Sesion/btn_IniciarSesion' is clicked on

2023-07-11 12:24:40 - [MESSAGE][PASSED] - Object: 'Object Repository/0Inicio Sesion/btn_IniciarSesion' is clicked on

2023-07-11 12:24:40 - [TEST_STEP][PASSED] - delay(3): Delayed 3 second(s)

2023-07-11 12:24:43 - [MESSAGE][PASSED] - Delayed 3 second(s)

2023-07-11 12:24:43 - [MESSAGE][PASSED] - Call Test Case 'Test Cases/0InicioSesion' successfully

2023-07-11 12:24:43 - [TEST_STEP][PASSED] - click(findTestObject("DIGITURNO/1Principal/img_Configuracion(1)")): Object: 'Object Repository/DIGITURNO/1Principal/img_Configuracion(1)' is clicked on

2023-07-11 12:24:43 - [MESSAGE][PASSED] - Object: 'Object Repository/DIGITURNO/1Principal/img_Configuracion(1)' is clicked on

2023-07-11 12:24:43 - [TEST_STEP][PASSED] - delay(3): Delayed 3 second(s)

2023-07-11 12:24:46 - [MESSAGE][PASSED] - Delayed 3 second(s)

2023-07-11 12:24:46 - [TEST_STEP][PASSED] - takeFullPageScreenshot(): Taking screenshot successfully

2023-07-11 12:24:47 - [MESSAGE][INFO] - 0 hidden object(s)

2023-07-11 12:24:47 - [MESSAGE][PASSED] - Taking screenshot successfully
[[ATTACHMENT|C:\\CIEL INGENIERIA\\Katalon\\Digiturno55\\Reports\\20230711_113602\\DIGITURNO\\BASICO\\66 Motivos Crear Actualizar Eliminar\\20230711_113703\\1689096286949.png]]

2023-07-11 12:24:47 - [TEST_STEP][PASSED] - delay(3): Delayed 3 second(s)

2023-07-11 12:24:50 - [MESSAGE][PASSED] - Delayed 3 second(s)

2023-07-11 12:24:50 - [MESSAGE][PASSED] - Call Test Case 'Test Cases/DIGITURNO/BASICO/3 Configuracion' successfully

2023-07-11 12:24:50 - [TEST_STEP][PASSED] - click(findTestObject("DIGITURNO/CONFIGURACION/0Principal/img_6Elementos del sistema")): Object: 'Object Repository/DIGITURNO/CONFIGURACION/0Principal/img_6Elementos del sistema' is clicked on

2023-07-11 12:24:51 - [MESSAGE][PASSED] - Object: 'Object Repository/DIGITURNO/CONFIGURACION/0Principal/img_6Elementos del sistema' is clicked on

2023-07-11 12:24:51 - [TEST_STEP][PASSED] - delay(3): Delayed 3 second(s)

2023-07-11 12:24:54 - [MESSAGE][PASSED] - Delayed 3 second(s)

2023-07-11 12:24:54 - [TEST_STEP][PASSED] - takeFullPageScreenshot(): Taking screenshot successfully

2023-07-11 12:24:54 - [MESSAGE][INFO] - 0 hidden object(s)

2023-07-11 12:24:54 - [MESSAGE][PASSED] - Taking screenshot successfully
[[ATTACHMENT|C:\\CIEL INGENIERIA\\Katalon\\Digiturno55\\Reports\\20230711_113602\\DIGITURNO\\BASICO\\66 Motivos Crear Actualizar Eliminar\\20230711_113703\\1689096294146.png]]

2023-07-11 12:24:54 - [TEST_STEP][PASSED] - delay(3): Delayed 3 second(s)

2023-07-11 12:24:57 - [MESSAGE][PASSED] - Delayed 3 second(s)

2023-07-11 12:24:57 - [MESSAGE][PASSED] - Call Test Case 'Test Cases/DIGITURNO/BASICO/32 Elementos del Sistema' successfully

2023-07-11 12:24:57 - [TEST_STEP][PASSED] - click(findTestObject("DIGITURNO/CONFIGURACION/6Elementos del Sistema/0Principal/img_2Motivos")): Object: 'Object Repository/DIGITURNO/CONFIGURACION/6Elementos del Sistema/0Principal/img_2Motivos' is clicked on

2023-07-11 12:24:58 - [MESSAGE][PASSED] - Object: 'Object Repository/DIGITURNO/CONFIGURACION/6Elementos del Sistema/0Principal/img_2Motivos' is clicked on

2023-07-11 12:24:58 - [TEST_STEP][PASSED] - delay(3): Delayed 3 second(s)

2023-07-11 12:25:01 - [MESSAGE][PASSED] - Delayed 3 second(s)

2023-07-11 12:25:01 - [TEST_STEP][PASSED] - click(findTestObject("DIGITURNO/CONFIGURACION/6Elementos del Sistema/2 Motivos/Edicion/span_Motivos")): Object: 'Object Repository/DIGITURNO/CONFIGURACION/6Elementos del Sistema/2 Motivos/Edicion/span_Motivos' is clicked on

2023-07-11 12:25:01 - [MESSAGE][PASSED] - Object: 'Object Repository/DIGITURNO/CONFIGURACION/6Elementos del Sistema/2 Motivos/Edicion/span_Motivos' is clicked on

2023-07-11 12:25:01 - [TEST_STEP][PASSED] - delay(2): Delayed 2 second(s)

2023-07-11 12:25:03 - [MESSAGE][PASSED] - Delayed 2 second(s)

2023-07-11 12:25:03 - [TEST_STEP][PASSED] - setText(findTestObject("DIGITURNO/CONFIGURACION/6Elementos del Sistema/2 Motivos/Edicion/span_Motivos(1)/input_Nombre"), "Prueba"): Text 'Prueba' is set on object 'Object Repository/DIGITURNO/CONFIGURACION/6Elementos del Sistema/2 Motivos/Edicion/span_Motivos(1)/input_Nombre'

2023-07-11 12:25:04 - [MESSAGE][PASSED] - Text 'Prueba' is set on object 'Object Repository/DIGITURNO/CONFIGURACION/6Elementos del Sistema/2 Motivos/Edicion/span_Motivos(1)/input_Nombre'

2023-07-11 12:25:04 - [TEST_STEP][PASSED] - setText(findTestObject("DIGITURNO/CONFIGURACION/6Elementos del Sistema/2 Motivos/Edicion/span_Motivos(1)/textarea_Descripcion"), "Motivo Prueba"): Text 'Motivo Prueba' is set on object 'Object Repository/DIGITURNO/CONFIGURACION/6Elementos del Sistema/2 Motivos/Edicion/span_Motivos(1)/textarea_Descripcion'

2023-07-11 12:25:05 - [MESSAGE][PASSED] - Text 'Motivo Prueba' is set on object 'Object Repository/DIGITURNO/CONFIGURACION/6Elementos del Sistema/2 Motivos/Edicion/span_Motivos(1)/textarea_Descripcion'

2023-07-11 12:25:05 - [TEST_STEP][PASSED] - selectOptionByIndex(findTestObject("DIGITURNO/CONFIGURACION/6Elementos del Sistema/2 Motivos/Edicion/span_Motivos(1)/select_Tipo motivo"), 0): All options with index in [0] are selected on object 'Object Repository/DIGITURNO/CONFIGURACION/6Elementos del Sistema/2 Motivos/Edicion/span_Motivos(1)/select_Tipo motivo'

2023-07-11 12:25:06 - [MESSAGE][PASSED] - All options with index in [0] are selected on object 'Object Repository/DIGITURNO/CONFIGURACION/6Elementos del Sistema/2 Motivos/Edicion/span_Motivos(1)/select_Tipo motivo'

2023-07-11 12:25:06 - [TEST_STEP][PASSED] - delay(2): Delayed 2 second(s)

2023-07-11 12:25:08 - [MESSAGE][PASSED] - Delayed 2 second(s)

2023-07-11 12:25:08 - [TEST_STEP][PASSED] - selectOptionByIndex(findTestObject("DIGITURNO/CONFIGURACION/6Elementos del Sistema/2 Motivos/Edicion/span_Motivos(1)/select_Tipo Ocio"), 0): All options with index in [0] are selected on object 'Object Repository/DIGITURNO/CONFIGURACION/6Elementos del Sistema/2 Motivos/Edicion/span_Motivos(1)/select_Tipo Ocio'

2023-07-11 12:25:09 - [MESSAGE][PASSED] - All options with index in [0] are selected on object 'Object Repository/DIGITURNO/CONFIGURACION/6Elementos del Sistema/2 Motivos/Edicion/span_Motivos(1)/select_Tipo Ocio'

2023-07-11 12:25:09 - [TEST_STEP][PASSED] - delay(2): Delayed 2 second(s)

2023-07-11 12:25:11 - [MESSAGE][PASSED] - Delayed 2 second(s)

2023-07-11 12:25:11 - [TEST_STEP][PASSED] - click(findTestObject("DIGITURNO/CONFIGURACION/6Elementos del Sistema/2 Motivos/Edicion/span_Motivos(1)/img_Nuevo")): Object: 'Object Repository/DIGITURNO/CONFIGURACION/6Elementos del Sistema/2 Motivos/Edicion/span_Motivos(1)/img_Nuevo' is clicked on

2023-07-11 12:25:12 - [MESSAGE][PASSED] - Object: 'Object Repository/DIGITURNO/CONFIGURACION/6Elementos del Sistema/2 Motivos/Edicion/span_Motivos(1)/img_Nuevo' is clicked on

2023-07-11 12:25:12 - [TEST_STEP][PASSED] - delay(3): Delayed 3 second(s)

2023-07-11 12:25:15 - [MESSAGE][PASSED] - Delayed 3 second(s)

2023-07-11 12:25:15 - [TEST_STEP][PASSED] - takeFullPageScreenshot(): Taking screenshot successfully

2023-07-11 12:25:15 - [MESSAGE][INFO] - 0 hidden object(s)

2023-07-11 12:25:15 - [MESSAGE][PASSED] - Taking screenshot successfully
[[ATTACHMENT|C:\\CIEL INGENIERIA\\Katalon\\Digiturno55\\Reports\\20230711_113602\\DIGITURNO\\BASICO\\66 Motivos Crear Actualizar Eliminar\\20230711_113703\\1689096315016.png]]

2023-07-11 12:25:15 - [TEST_STEP][PASSED] - delay(3): Delayed 3 second(s)

2023-07-11 12:25:18 - [MESSAGE][PASSED] - Delayed 3 second(s)

2023-07-11 12:25:18 - [TEST_STEP][PASSED] - Start listener action : sampleAfterTestCase: null]]></system-out>
         <system-err><![CDATA[]]></system-err>
      </testcase>
      <testcase name="Test Cases/DIGITURNO/BASICO/66 Motivos Actualizar" time="43.651" classname="Test Cases/DIGITURNO/BASICO/66 Motivos Actualizar" status="PASSED">
         <system-out><![CDATA[2023-07-11 12:25:18 - [TEST_CASE][PASSED] - Test Cases/DIGITURNO/BASICO/66 Motivos Actualizar: Test Cases/DIGITURNO/BASICO/66 Motivos Actualizar

2023-07-11 12:25:19 - [TEST_STEP][PASSED] - callTestCase(findTestCase("DIGITURNO/BASICO/32 Elementos del Sistema"), [:], STOP_ON_FAILURE): Call Test Case 'Test Cases/DIGITURNO/BASICO/32 Elementos del Sistema' successfully

2023-07-11 12:25:19 - [TEST_CASE][PASSED] - Test Cases/DIGITURNO/BASICO/32 Elementos del Sistema: Test Cases/DIGITURNO/BASICO/32 Elementos del Sistema

2023-07-11 12:25:19 - [TEST_STEP][PASSED] - callTestCase(findTestCase("DIGITURNO/BASICO/3 Configuracion"), [:], STOP_ON_FAILURE): Call Test Case 'Test Cases/DIGITURNO/BASICO/3 Configuracion' successfully

2023-07-11 12:25:19 - [TEST_CASE][PASSED] - Test Cases/DIGITURNO/BASICO/3 Configuracion: Test Cases/DIGITURNO/BASICO/3 Configuracion

2023-07-11 12:25:19 - [TEST_STEP][PASSED] - callTestCase(findTestCase("0InicioSesion"), [:], STOP_ON_FAILURE): Call Test Case 'Test Cases/0InicioSesion' successfully

2023-07-11 12:25:19 - [TEST_CASE][PASSED] - Test Cases/0InicioSesion: Test Cases/0InicioSesion

2023-07-11 12:25:19 - [TEST_STEP][PASSED] - openBrowser(UrlDigiturno): Browser is opened with url: 'https://PCPruebas101.ciel.cielingenieria.com:8810'

2023-07-11 12:25:19 - [MESSAGE][WARNING] - A browser is already opened. Closing browser and opening a new one

2023-07-11 12:25:20 - [MESSAGE][INFO] - Starting 'Chrome' driver

2023-07-11 12:25:20 - [MESSAGE][INFO] - User set preference: ['args', '[--use-fake-ui-for-media-stream, --disable-notifications]']

2023-07-11 12:25:20 - [MESSAGE][INFO] - Action delay is set to 0 milliseconds

2023-07-11 12:25:21 - [MESSAGE][PASSED] - Browser is opened with url: 'https://PCPruebas101.ciel.cielingenieria.com:8810'

2023-07-11 12:25:21 - [TEST_STEP][PASSED] - maximizeWindow(): Current window maximized

2023-07-11 12:25:21 - [MESSAGE][PASSED] - Current window maximized

2023-07-11 12:25:21 - [TEST_STEP][PASSED] - delay(3): Delayed 3 second(s)

2023-07-11 12:25:24 - [MESSAGE][PASSED] - Delayed 3 second(s)

2023-07-11 12:25:24 - [TEST_STEP][PASSED] - setText(findTestObject("0Inicio Sesion/input_Usuario"), "Ciel"): Text 'Ciel' is set on object 'Object Repository/0Inicio Sesion/input_Usuario'

2023-07-11 12:25:25 - [MESSAGE][PASSED] - Text 'Ciel' is set on object 'Object Repository/0Inicio Sesion/input_Usuario'

2023-07-11 12:25:25 - [TEST_STEP][PASSED] - setText(findTestObject("0Inicio Sesion/input_Clave"), "digiturno"): Text 'digiturno' is set on object 'Object Repository/0Inicio Sesion/input_Clave'

2023-07-11 12:25:26 - [MESSAGE][PASSED] - Text 'digiturno' is set on object 'Object Repository/0Inicio Sesion/input_Clave'

2023-07-11 12:25:26 - [TEST_STEP][PASSED] - click(findTestObject("0Inicio Sesion/btn_IniciarSesion")): Object: 'Object Repository/0Inicio Sesion/btn_IniciarSesion' is clicked on

2023-07-11 12:25:26 - [MESSAGE][PASSED] - Object: 'Object Repository/0Inicio Sesion/btn_IniciarSesion' is clicked on

2023-07-11 12:25:26 - [TEST_STEP][PASSED] - delay(3): Delayed 3 second(s)

2023-07-11 12:25:29 - [MESSAGE][PASSED] - Delayed 3 second(s)

2023-07-11 12:25:29 - [MESSAGE][PASSED] - Call Test Case 'Test Cases/0InicioSesion' successfully

2023-07-11 12:25:29 - [TEST_STEP][PASSED] - click(findTestObject("DIGITURNO/1Principal/img_Configuracion(1)")): Object: 'Object Repository/DIGITURNO/1Principal/img_Configuracion(1)' is clicked on

2023-07-11 12:25:30 - [MESSAGE][PASSED] - Object: 'Object Repository/DIGITURNO/1Principal/img_Configuracion(1)' is clicked on

2023-07-11 12:25:30 - [TEST_STEP][PASSED] - delay(3): Delayed 3 second(s)

2023-07-11 12:25:33 - [MESSAGE][PASSED] - Delayed 3 second(s)

2023-07-11 12:25:33 - [TEST_STEP][PASSED] - takeFullPageScreenshot(): Taking screenshot successfully

2023-07-11 12:25:33 - [MESSAGE][INFO] - 0 hidden object(s)

2023-07-11 12:25:33 - [MESSAGE][PASSED] - Taking screenshot successfully
[[ATTACHMENT|C:\\CIEL INGENIERIA\\Katalon\\Digiturno55\\Reports\\20230711_113602\\DIGITURNO\\BASICO\\66 Motivos Crear Actualizar Eliminar\\20230711_113703\\1689096333287.png]]

2023-07-11 12:25:33 - [TEST_STEP][PASSED] - delay(3): Delayed 3 second(s)

2023-07-11 12:25:36 - [MESSAGE][PASSED] - Delayed 3 second(s)

2023-07-11 12:25:36 - [MESSAGE][PASSED] - Call Test Case 'Test Cases/DIGITURNO/BASICO/3 Configuracion' successfully

2023-07-11 12:25:36 - [TEST_STEP][PASSED] - click(findTestObject("DIGITURNO/CONFIGURACION/0Principal/img_6Elementos del sistema")): Object: 'Object Repository/DIGITURNO/CONFIGURACION/0Principal/img_6Elementos del sistema' is clicked on

2023-07-11 12:25:37 - [MESSAGE][PASSED] - Object: 'Object Repository/DIGITURNO/CONFIGURACION/0Principal/img_6Elementos del sistema' is clicked on

2023-07-11 12:25:37 - [TEST_STEP][PASSED] - delay(3): Delayed 3 second(s)

2023-07-11 12:25:40 - [MESSAGE][PASSED] - Delayed 3 second(s)

2023-07-11 12:25:40 - [TEST_STEP][PASSED] - takeFullPageScreenshot(): Taking screenshot successfully

2023-07-11 12:25:40 - [MESSAGE][INFO] - 0 hidden object(s)

2023-07-11 12:25:40 - [MESSAGE][PASSED] - Taking screenshot successfully
[[ATTACHMENT|C:\\CIEL INGENIERIA\\Katalon\\Digiturno55\\Reports\\20230711_113602\\DIGITURNO\\BASICO\\66 Motivos Crear Actualizar Eliminar\\20230711_113703\\1689096340370.png]]

2023-07-11 12:25:40 - [TEST_STEP][PASSED] - delay(3): Delayed 3 second(s)

2023-07-11 12:25:43 - [MESSAGE][PASSED] - Delayed 3 second(s)

2023-07-11 12:25:43 - [MESSAGE][PASSED] - Call Test Case 'Test Cases/DIGITURNO/BASICO/32 Elementos del Sistema' successfully

2023-07-11 12:25:43 - [TEST_STEP][PASSED] - click(findTestObject("DIGITURNO/CONFIGURACION/6Elementos del Sistema/0Principal/img_2Motivos")): Object: 'Object Repository/DIGITURNO/CONFIGURACION/6Elementos del Sistema/0Principal/img_2Motivos' is clicked on

2023-07-11 12:25:44 - [MESSAGE][PASSED] - Object: 'Object Repository/DIGITURNO/CONFIGURACION/6Elementos del Sistema/0Principal/img_2Motivos' is clicked on

2023-07-11 12:25:44 - [TEST_STEP][PASSED] - delay(3): Delayed 3 second(s)

2023-07-11 12:25:47 - [MESSAGE][PASSED] - Delayed 3 second(s)

2023-07-11 12:25:47 - [TEST_STEP][PASSED] - click(findTestObject("DIGITURNO/CONFIGURACION/6Elementos del Sistema/2 Motivos/Edicion/span_Motivos")): Object: 'Object Repository/DIGITURNO/CONFIGURACION/6Elementos del Sistema/2 Motivos/Edicion/span_Motivos' is clicked on

2023-07-11 12:25:47 - [MESSAGE][PASSED] - Object: 'Object Repository/DIGITURNO/CONFIGURACION/6Elementos del Sistema/2 Motivos/Edicion/span_Motivos' is clicked on

2023-07-11 12:25:47 - [TEST_STEP][PASSED] - delay(2): Delayed 2 second(s)

2023-07-11 12:25:49 - [MESSAGE][PASSED] - Delayed 2 second(s)

2023-07-11 12:25:49 - [TEST_STEP][PASSED] - setText(findTestObject("DIGITURNO/CONFIGURACION/6Elementos del Sistema/2 Motivos/Edicion/span_Motivos(1)/input_TextoABuscar"), "Prueba"): Text 'Prueba' is set on object 'Object Repository/DIGITURNO/CONFIGURACION/6Elementos del Sistema/2 Motivos/Edicion/span_Motivos(1)/input_TextoABuscar'

2023-07-11 12:25:50 - [MESSAGE][PASSED] - Text 'Prueba' is set on object 'Object Repository/DIGITURNO/CONFIGURACION/6Elementos del Sistema/2 Motivos/Edicion/span_Motivos(1)/input_TextoABuscar'

2023-07-11 12:25:50 - [TEST_STEP][PASSED] - click(findTestObject("DIGITURNO/CONFIGURACION/6Elementos del Sistema/2 Motivos/Edicion/span_Motivos(1)/td_1 Actividad Interna")): Object: 'Object Repository/DIGITURNO/CONFIGURACION/6Elementos del Sistema/2 Motivos/Edicion/span_Motivos(1)/td_1 Actividad Interna' is clicked on

2023-07-11 12:25:51 - [MESSAGE][PASSED] - Object: 'Object Repository/DIGITURNO/CONFIGURACION/6Elementos del Sistema/2 Motivos/Edicion/span_Motivos(1)/td_1 Actividad Interna' is clicked on

2023-07-11 12:25:51 - [TEST_STEP][PASSED] - selectOptionByIndex(findTestObject("DIGITURNO/CONFIGURACION/6Elementos del Sistema/2 Motivos/Edicion/span_Motivos(1)/select_Tipo motivo"), 2): All options with index in [2] are selected on object 'Object Repository/DIGITURNO/CONFIGURACION/6Elementos del Sistema/2 Motivos/Edicion/span_Motivos(1)/select_Tipo motivo'

2023-07-11 12:25:52 - [MESSAGE][PASSED] - All options with index in [2] are selected on object 'Object Repository/DIGITURNO/CONFIGURACION/6Elementos del Sistema/2 Motivos/Edicion/span_Motivos(1)/select_Tipo motivo'

2023-07-11 12:25:52 - [TEST_STEP][PASSED] - delay(2): Delayed 2 second(s)

2023-07-11 12:25:54 - [MESSAGE][PASSED] - Delayed 2 second(s)

2023-07-11 12:25:54 - [TEST_STEP][PASSED] - setText(findTestObject("DIGITURNO/CONFIGURACION/6Elementos del Sistema/2 Motivos/Edicion/span_Motivos(1)/textarea_Descripcion"), "Prueba Actualizado"): Text 'Prueba Actualizado' is set on object 'Object Repository/DIGITURNO/CONFIGURACION/6Elementos del Sistema/2 Motivos/Edicion/span_Motivos(1)/textarea_Descripcion'

2023-07-11 12:25:55 - [MESSAGE][PASSED] - Text 'Prueba Actualizado' is set on object 'Object Repository/DIGITURNO/CONFIGURACION/6Elementos del Sistema/2 Motivos/Edicion/span_Motivos(1)/textarea_Descripcion'

2023-07-11 12:25:55 - [TEST_STEP][PASSED] - click(findTestObject("DIGITURNO/CONFIGURACION/6Elementos del Sistema/2 Motivos/Edicion/span_Motivos(1)/img_Actualizar")): Object: 'Object Repository/DIGITURNO/CONFIGURACION/6Elementos del Sistema/2 Motivos/Edicion/span_Motivos(1)/img_Actualizar' is clicked on

2023-07-11 12:25:55 - [MESSAGE][PASSED] - Object: 'Object Repository/DIGITURNO/CONFIGURACION/6Elementos del Sistema/2 Motivos/Edicion/span_Motivos(1)/img_Actualizar' is clicked on

2023-07-11 12:25:55 - [TEST_STEP][PASSED] - delay(3): Delayed 3 second(s)

2023-07-11 12:25:58 - [MESSAGE][PASSED] - Delayed 3 second(s)

2023-07-11 12:25:58 - [TEST_STEP][PASSED] - takeFullPageScreenshot(): Taking screenshot successfully

2023-07-11 12:25:59 - [MESSAGE][INFO] - 0 hidden object(s)

2023-07-11 12:25:59 - [MESSAGE][PASSED] - Taking screenshot successfully
[[ATTACHMENT|C:\\CIEL INGENIERIA\\Katalon\\Digiturno55\\Reports\\20230711_113602\\DIGITURNO\\BASICO\\66 Motivos Crear Actualizar Eliminar\\20230711_113703\\1689096358950.png]]

2023-07-11 12:25:59 - [TEST_STEP][PASSED] - delay(3): Delayed 3 second(s)

2023-07-11 12:26:02 - [MESSAGE][PASSED] - Delayed 3 second(s)

2023-07-11 12:26:02 - [TEST_STEP][PASSED] - Start listener action : sampleAfterTestCase: null]]></system-out>
         <system-err><![CDATA[]]></system-err>
      </testcase>
      <testcase name="Test Cases/DIGITURNO/BASICO/66 Motivos Eliminar" time="39.845" classname="Test Cases/DIGITURNO/BASICO/66 Motivos Eliminar" status="PASSED">
         <system-out><![CDATA[2023-07-11 12:26:02 - [TEST_CASE][PASSED] - Test Cases/DIGITURNO/BASICO/66 Motivos Eliminar: Test Cases/DIGITURNO/BASICO/66 Motivos Eliminar

2023-07-11 12:26:02 - [TEST_STEP][PASSED] - callTestCase(findTestCase("DIGITURNO/BASICO/32 Elementos del Sistema"), [:], STOP_ON_FAILURE): Call Test Case 'Test Cases/DIGITURNO/BASICO/32 Elementos del Sistema' successfully

2023-07-11 12:26:02 - [TEST_CASE][PASSED] - Test Cases/DIGITURNO/BASICO/32 Elementos del Sistema: Test Cases/DIGITURNO/BASICO/32 Elementos del Sistema

2023-07-11 12:26:02 - [TEST_STEP][PASSED] - callTestCase(findTestCase("DIGITURNO/BASICO/3 Configuracion"), [:], STOP_ON_FAILURE): Call Test Case 'Test Cases/DIGITURNO/BASICO/3 Configuracion' successfully

2023-07-11 12:26:03 - [TEST_CASE][PASSED] - Test Cases/DIGITURNO/BASICO/3 Configuracion: Test Cases/DIGITURNO/BASICO/3 Configuracion

2023-07-11 12:26:03 - [TEST_STEP][PASSED] - callTestCase(findTestCase("0InicioSesion"), [:], STOP_ON_FAILURE): Call Test Case 'Test Cases/0InicioSesion' successfully

2023-07-11 12:26:03 - [TEST_CASE][PASSED] - Test Cases/0InicioSesion: Test Cases/0InicioSesion

2023-07-11 12:26:03 - [TEST_STEP][PASSED] - openBrowser(UrlDigiturno): Browser is opened with url: 'https://PCPruebas101.ciel.cielingenieria.com:8810'

2023-07-11 12:26:03 - [MESSAGE][WARNING] - A browser is already opened. Closing browser and opening a new one

2023-07-11 12:26:03 - [MESSAGE][INFO] - Starting 'Chrome' driver

2023-07-11 12:26:03 - [MESSAGE][INFO] - User set preference: ['args', '[--use-fake-ui-for-media-stream, --disable-notifications]']

2023-07-11 12:26:03 - [MESSAGE][INFO] - Action delay is set to 0 milliseconds

2023-07-11 12:26:05 - [MESSAGE][PASSED] - Browser is opened with url: 'https://PCPruebas101.ciel.cielingenieria.com:8810'

2023-07-11 12:26:05 - [TEST_STEP][PASSED] - maximizeWindow(): Current window maximized

2023-07-11 12:26:05 - [MESSAGE][PASSED] - Current window maximized

2023-07-11 12:26:05 - [TEST_STEP][PASSED] - delay(3): Delayed 3 second(s)

2023-07-11 12:26:08 - [MESSAGE][PASSED] - Delayed 3 second(s)

2023-07-11 12:26:08 - [TEST_STEP][PASSED] - setText(findTestObject("0Inicio Sesion/input_Usuario"), "Ciel"): Text 'Ciel' is set on object 'Object Repository/0Inicio Sesion/input_Usuario'

2023-07-11 12:26:09 - [MESSAGE][PASSED] - Text 'Ciel' is set on object 'Object Repository/0Inicio Sesion/input_Usuario'

2023-07-11 12:26:09 - [TEST_STEP][PASSED] - setText(findTestObject("0Inicio Sesion/input_Clave"), "digiturno"): Text 'digiturno' is set on object 'Object Repository/0Inicio Sesion/input_Clave'

2023-07-11 12:26:09 - [MESSAGE][PASSED] - Text 'digiturno' is set on object 'Object Repository/0Inicio Sesion/input_Clave'

2023-07-11 12:26:09 - [TEST_STEP][PASSED] - click(findTestObject("0Inicio Sesion/btn_IniciarSesion")): Object: 'Object Repository/0Inicio Sesion/btn_IniciarSesion' is clicked on

2023-07-11 12:26:10 - [MESSAGE][PASSED] - Object: 'Object Repository/0Inicio Sesion/btn_IniciarSesion' is clicked on

2023-07-11 12:26:10 - [TEST_STEP][PASSED] - delay(3): Delayed 3 second(s)

2023-07-11 12:26:13 - [MESSAGE][PASSED] - Delayed 3 second(s)

2023-07-11 12:26:13 - [MESSAGE][PASSED] - Call Test Case 'Test Cases/0InicioSesion' successfully

2023-07-11 12:26:13 - [TEST_STEP][PASSED] - click(findTestObject("DIGITURNO/1Principal/img_Configuracion(1)")): Object: 'Object Repository/DIGITURNO/1Principal/img_Configuracion(1)' is clicked on

2023-07-11 12:26:14 - [MESSAGE][PASSED] - Object: 'Object Repository/DIGITURNO/1Principal/img_Configuracion(1)' is clicked on

2023-07-11 12:26:14 - [TEST_STEP][PASSED] - delay(3): Delayed 3 second(s)

2023-07-11 12:26:17 - [MESSAGE][PASSED] - Delayed 3 second(s)

2023-07-11 12:26:17 - [TEST_STEP][PASSED] - takeFullPageScreenshot(): Taking screenshot successfully

2023-07-11 12:26:17 - [MESSAGE][INFO] - 0 hidden object(s)

2023-07-11 12:26:17 - [MESSAGE][PASSED] - Taking screenshot successfully
[[ATTACHMENT|C:\\CIEL INGENIERIA\\Katalon\\Digiturno55\\Reports\\20230711_113602\\DIGITURNO\\BASICO\\66 Motivos Crear Actualizar Eliminar\\20230711_113703\\1689096377108.png]]

2023-07-11 12:26:17 - [TEST_STEP][PASSED] - delay(3): Delayed 3 second(s)

2023-07-11 12:26:20 - [MESSAGE][PASSED] - Delayed 3 second(s)

2023-07-11 12:26:20 - [MESSAGE][PASSED] - Call Test Case 'Test Cases/DIGITURNO/BASICO/3 Configuracion' successfully

2023-07-11 12:26:20 - [TEST_STEP][PASSED] - click(findTestObject("DIGITURNO/CONFIGURACION/0Principal/img_6Elementos del sistema")): Object: 'Object Repository/DIGITURNO/CONFIGURACION/0Principal/img_6Elementos del sistema' is clicked on

2023-07-11 12:26:21 - [MESSAGE][PASSED] - Object: 'Object Repository/DIGITURNO/CONFIGURACION/0Principal/img_6Elementos del sistema' is clicked on

2023-07-11 12:26:21 - [TEST_STEP][PASSED] - delay(3): Delayed 3 second(s)

2023-07-11 12:26:24 - [MESSAGE][PASSED] - Delayed 3 second(s)

2023-07-11 12:26:24 - [TEST_STEP][PASSED] - takeFullPageScreenshot(): Taking screenshot successfully

2023-07-11 12:26:24 - [MESSAGE][INFO] - 0 hidden object(s)

2023-07-11 12:26:24 - [MESSAGE][PASSED] - Taking screenshot successfully
[[ATTACHMENT|C:\\CIEL INGENIERIA\\Katalon\\Digiturno55\\Reports\\20230711_113602\\DIGITURNO\\BASICO\\66 Motivos Crear Actualizar Eliminar\\20230711_113703\\1689096384165.png]]

2023-07-11 12:26:24 - [TEST_STEP][PASSED] - delay(3): Delayed 3 second(s)

2023-07-11 12:26:27 - [MESSAGE][PASSED] - Delayed 3 second(s)

2023-07-11 12:26:27 - [MESSAGE][PASSED] - Call Test Case 'Test Cases/DIGITURNO/BASICO/32 Elementos del Sistema' successfully

2023-07-11 12:26:27 - [TEST_STEP][PASSED] - click(findTestObject("DIGITURNO/CONFIGURACION/6Elementos del Sistema/0Principal/img_2Motivos")): Object: 'Object Repository/DIGITURNO/CONFIGURACION/6Elementos del Sistema/0Principal/img_2Motivos' is clicked on

2023-07-11 12:26:28 - [MESSAGE][PASSED] - Object: 'Object Repository/DIGITURNO/CONFIGURACION/6Elementos del Sistema/0Principal/img_2Motivos' is clicked on

2023-07-11 12:26:28 - [TEST_STEP][PASSED] - delay(3): Delayed 3 second(s)

2023-07-11 12:26:31 - [MESSAGE][PASSED] - Delayed 3 second(s)

2023-07-11 12:26:31 - [TEST_STEP][PASSED] - click(findTestObject("DIGITURNO/CONFIGURACION/6Elementos del Sistema/2 Motivos/Edicion/span_Motivos")): Object: 'Object Repository/DIGITURNO/CONFIGURACION/6Elementos del Sistema/2 Motivos/Edicion/span_Motivos' is clicked on

2023-07-11 12:26:31 - [MESSAGE][PASSED] - Object: 'Object Repository/DIGITURNO/CONFIGURACION/6Elementos del Sistema/2 Motivos/Edicion/span_Motivos' is clicked on

2023-07-11 12:26:31 - [TEST_STEP][PASSED] - delay(2): Delayed 2 second(s)

2023-07-11 12:26:33 - [MESSAGE][PASSED] - Delayed 2 second(s)

2023-07-11 12:26:33 - [TEST_STEP][PASSED] - setText(findTestObject("DIGITURNO/CONFIGURACION/6Elementos del Sistema/2 Motivos/Edicion/span_Motivos(1)/input_TextoABuscar"), "Prueba"): Text 'Prueba' is set on object 'Object Repository/DIGITURNO/CONFIGURACION/6Elementos del Sistema/2 Motivos/Edicion/span_Motivos(1)/input_TextoABuscar'

2023-07-11 12:26:34 - [MESSAGE][PASSED] - Text 'Prueba' is set on object 'Object Repository/DIGITURNO/CONFIGURACION/6Elementos del Sistema/2 Motivos/Edicion/span_Motivos(1)/input_TextoABuscar'

2023-07-11 12:26:34 - [TEST_STEP][PASSED] - click(findTestObject("DIGITURNO/CONFIGURACION/6Elementos del Sistema/2 Motivos/Edicion/span_Motivos(1)/td_1 Actividad Interna")): Object: 'Object Repository/DIGITURNO/CONFIGURACION/6Elementos del Sistema/2 Motivos/Edicion/span_Motivos(1)/td_1 Actividad Interna' is clicked on

2023-07-11 12:26:34 - [MESSAGE][PASSED] - Object: 'Object Repository/DIGITURNO/CONFIGURACION/6Elementos del Sistema/2 Motivos/Edicion/span_Motivos(1)/td_1 Actividad Interna' is clicked on

2023-07-11 12:26:34 - [TEST_STEP][PASSED] - click(findTestObject("DIGITURNO/CONFIGURACION/6Elementos del Sistema/2 Motivos/Edicion/span_Motivos(1)/img_Eliminar")): Object: 'Object Repository/DIGITURNO/CONFIGURACION/6Elementos del Sistema/2 Motivos/Edicion/span_Motivos(1)/img_Eliminar' is clicked on

2023-07-11 12:26:35 - [MESSAGE][PASSED] - Object: 'Object Repository/DIGITURNO/CONFIGURACION/6Elementos del Sistema/2 Motivos/Edicion/span_Motivos(1)/img_Eliminar' is clicked on

2023-07-11 12:26:35 - [TEST_STEP][PASSED] - click(findTestObject("DIGITURNO/CONFIGURACION/6Elementos del Sistema/2 Motivos/Edicion/span_Motivos(1)/img_Eliminar")): Object: 'Object Repository/DIGITURNO/CONFIGURACION/6Elementos del Sistema/2 Motivos/Edicion/span_Motivos(1)/img_Eliminar' is clicked on

2023-07-11 12:26:35 - [MESSAGE][PASSED] - Object: 'Object Repository/DIGITURNO/CONFIGURACION/6Elementos del Sistema/2 Motivos/Edicion/span_Motivos(1)/img_Eliminar' is clicked on

2023-07-11 12:26:35 - [TEST_STEP][PASSED] - acceptAlert(): Alert accepted

2023-07-11 12:26:35 - [MESSAGE][PASSED] - Alert accepted

2023-07-11 12:26:35 - [TEST_STEP][PASSED] - delay(3): Delayed 3 second(s)

2023-07-11 12:26:38 - [MESSAGE][PASSED] - Delayed 3 second(s)

2023-07-11 12:26:38 - [TEST_STEP][PASSED] - takeFullPageScreenshot(): Taking screenshot successfully

2023-07-11 12:26:39 - [MESSAGE][INFO] - 0 hidden object(s)

2023-07-11 12:26:39 - [MESSAGE][PASSED] - Taking screenshot successfully
[[ATTACHMENT|C:\\CIEL INGENIERIA\\Katalon\\Digiturno55\\Reports\\20230711_113602\\DIGITURNO\\BASICO\\66 Motivos Crear Actualizar Eliminar\\20230711_113703\\1689096398806.png]]

2023-07-11 12:26:39 - [TEST_STEP][PASSED] - delay(3): Delayed 3 second(s)

2023-07-11 12:26:42 - [MESSAGE][PASSED] - Delayed 3 second(s)

2023-07-11 12:26:42 - [TEST_STEP][PASSED] - Start listener action : sampleAfterTestCase: null]]></system-out>
         <system-err><![CDATA[]]></system-err>
      </testcase>
      <system-out><![CDATA[2023-07-11 12:24:31 - [TEST_SUITE][PASSED] - 66 Motivos Crear Actualizar Eliminar: Test Cases/DIGITURNO/BASICO/66 Motivos Eliminar]]></system-out>
      <system-err><![CDATA[]]></system-err>
   </testsuite>
</testsuites>
