<?xml version="1.0" encoding="UTF-8"?>
<testsuites name="33 Terminales Crear Actualizar Eliminar" time="148.458" tests="3" failures="0" errors="0">
   <testsuite name="33 Terminales Crear Actualizar Eliminar" tests="3" failures="0" errors="0" time="148.458" skipped="0" timestamp="2023-08-14 14:37:11" hostname="jdavila - PCPruebas101.ciel.cielingenieria.com" id="Test Suites/DIGITURNO/BASICO/33 Terminales Crear Actualizar Eliminar">
      <properties>
         <property name="deviceName" value=""/>
         <property name="devicePlatform" value=""/>
         <property name="logFolder" value="C:\\CIEL INGENIERIA\\Katalon\\Digiturno55\\Reports\\20230814_141235\\DIGITURNO\\BASICO\\33 Terminales Crear Actualizar Eliminar\\20230814_141307"/>
         <property name="logFiles" value="C:\\CIEL INGENIERIA\\Katalon\\Digiturno55\\Reports\\20230814_141235\\DIGITURNO\\BASICO\\33 Terminales Crear Actualizar Eliminar\\20230814_141307\\execution0.log"/>
         <property name="attachments" value="C:\\CIEL INGENIERIA\\Katalon\\Digiturno55\\Reports\\20230814_141235\\DIGITURNO\\BASICO\\33 Terminales Crear Actualizar Eliminar\\20230814_141307\\1692041848189.png, C:\\CIEL INGENIERIA\\Katalon\\Digiturno55\\Reports\\20230814_141235\\DIGITURNO\\BASICO\\33 Terminales Crear Actualizar Eliminar\\20230814_141307\\1692041855434.png, C:\\CIEL INGENIERIA\\Katalon\\Digiturno55\\Reports\\20230814_141235\\DIGITURNO\\BASICO\\33 Terminales Crear Actualizar Eliminar\\20230814_141307\\1692041882549.png, C:\\CIEL INGENIERIA\\Katalon\\Digiturno55\\Reports\\20230814_141235\\DIGITURNO\\BASICO\\33 Terminales Crear Actualizar Eliminar\\20230814_141307\\1692041900883.png, C:\\CIEL INGENIERIA\\Katalon\\Digiturno55\\Reports\\20230814_141235\\DIGITURNO\\BASICO\\33 Terminales Crear Actualizar Eliminar\\20230814_141307\\1692041908080.png, C:\\CIEL INGENIERIA\\Katalon\\Digiturno55\\Reports\\20230814_141235\\DIGITURNO\\BASICO\\33 Terminales Crear Actualizar Eliminar\\20230814_141307\\1692041933736.png, C:\\CIEL INGENIERIA\\Katalon\\Digiturno55\\Reports\\20230814_141235\\DIGITURNO\\BASICO\\33 Terminales Crear Actualizar Eliminar\\20230814_141307\\1692041952235.png, C:\\CIEL INGENIERIA\\Katalon\\Digiturno55\\Reports\\20230814_141235\\DIGITURNO\\BASICO\\33 Terminales Crear Actualizar Eliminar\\20230814_141307\\1692041959407.png, C:\\CIEL INGENIERIA\\Katalon\\Digiturno55\\Reports\\20230814_141235\\DIGITURNO\\BASICO\\33 Terminales Crear Actualizar Eliminar\\20230814_141307\\1692041976557.png"/>
         <property name="hostName" value="jdavila - PCPruebas101.ciel.cielingenieria.com"/>
         <property name="os" value="Windows 10 64bit"/>
         <property name="katalonVersion" value="8.6.0.208"/>
         <property name="browser" value="Chrome 115.0.0.0"/>
         <property name="hostAddress" value="192.168.0.33"/>
         <property name="sessionId" value="5d537e03fdf88f9b5f1f0481057b6870"/>
         <property name="seleniumVersion" value="3.141.59"/>
         <property name="proxyInformation" value="ProxyInformation { proxyOption=NO_PROXY, proxyServerType=HTTP, username=, password=********, proxyServerAddress=, proxyServerPort=0, executionList=&quot;&quot;, isApplyToDesiredCapabilities=true }"/>
         <property name="platform" value="Windows 10"/>
      </properties>
      <testcase name="Test Cases/DIGITURNO/BASICO/33 Terminales Crear" time="54.189" classname="Test Cases/DIGITURNO/BASICO/33 Terminales Crear" status="PASSED">
         <system-out><![CDATA[2023-08-14 14:37:12 - [TEST_CASE][PASSED] - Test Cases/DIGITURNO/BASICO/33 Terminales Crear: Test Cases/DIGITURNO/BASICO/33 Terminales Crear

2023-08-14 14:37:12 - [TEST_STEP][PASSED] - callTestCase(findTestCase("DIGITURNO/BASICO/32 Elementos del Sistema"), [:], STOP_ON_FAILURE): Call Test Case 'Test Cases/DIGITURNO/BASICO/32 Elementos del Sistema' successfully

2023-08-14 14:37:12 - [TEST_CASE][PASSED] - Test Cases/DIGITURNO/BASICO/32 Elementos del Sistema: Test Cases/DIGITURNO/BASICO/32 Elementos del Sistema

2023-08-14 14:37:12 - [TEST_STEP][PASSED] - callTestCase(findTestCase("DIGITURNO/BASICO/3 Configuracion"), [:], STOP_ON_FAILURE): Call Test Case 'Test Cases/DIGITURNO/BASICO/3 Configuracion' successfully

2023-08-14 14:37:13 - [TEST_CASE][PASSED] - Test Cases/DIGITURNO/BASICO/3 Configuracion: Test Cases/DIGITURNO/BASICO/3 Configuracion

2023-08-14 14:37:13 - [TEST_STEP][PASSED] - callTestCase(findTestCase("0InicioSesion"), [:], STOP_ON_FAILURE): Call Test Case 'Test Cases/0InicioSesion' successfully

2023-08-14 14:37:13 - [TEST_CASE][PASSED] - Test Cases/0InicioSesion: Test Cases/0InicioSesion

2023-08-14 14:37:13 - [TEST_STEP][PASSED] - openBrowser(UrlDigiturno): Browser is opened with url: 'https://PCPruebas101.ciel.cielingenieria.com:8610'

2023-08-14 14:37:13 - [MESSAGE][INFO] - Starting 'Chrome' driver

2023-08-14 14:37:13 - [MESSAGE][INFO] - User set preference: ['args', '[--use-fake-ui-for-media-stream, --disable-notifications]']

2023-08-14 14:37:13 - [MESSAGE][INFO] - Action delay is set to 0 milliseconds

2023-08-14 14:37:16 - [MESSAGE][PASSED] - Browser is opened with url: 'https://PCPruebas101.ciel.cielingenieria.com:8610'

2023-08-14 14:37:16 - [TEST_STEP][PASSED] - maximizeWindow(): Current window maximized

2023-08-14 14:37:16 - [MESSAGE][PASSED] - Current window maximized

2023-08-14 14:37:16 - [TEST_STEP][PASSED] - delay(3): Delayed 3 second(s)

2023-08-14 14:37:19 - [MESSAGE][PASSED] - Delayed 3 second(s)

2023-08-14 14:37:19 - [TEST_STEP][PASSED] - setText(findTestObject("0Inicio Sesion/input_Usuario"), "Ciel"): Text 'Ciel' is set on object 'Object Repository/0Inicio Sesion/input_Usuario'

2023-08-14 14:37:20 - [MESSAGE][PASSED] - Text 'Ciel' is set on object 'Object Repository/0Inicio Sesion/input_Usuario'

2023-08-14 14:37:20 - [TEST_STEP][PASSED] - setText(findTestObject("0Inicio Sesion/input_Clave"), "digiturno"): Text 'digiturno' is set on object 'Object Repository/0Inicio Sesion/input_Clave'

2023-08-14 14:37:21 - [MESSAGE][PASSED] - Text 'digiturno' is set on object 'Object Repository/0Inicio Sesion/input_Clave'

2023-08-14 14:37:21 - [TEST_STEP][PASSED] - click(findTestObject("0Inicio Sesion/btn_IniciarSesion")): Object: 'Object Repository/0Inicio Sesion/btn_IniciarSesion' is clicked on

2023-08-14 14:37:21 - [MESSAGE][PASSED] - Object: 'Object Repository/0Inicio Sesion/btn_IniciarSesion' is clicked on

2023-08-14 14:37:21 - [TEST_STEP][PASSED] - delay(3): Delayed 3 second(s)

2023-08-14 14:37:24 - [MESSAGE][PASSED] - Delayed 3 second(s)

2023-08-14 14:37:24 - [MESSAGE][PASSED] - Call Test Case 'Test Cases/0InicioSesion' successfully

2023-08-14 14:37:24 - [TEST_STEP][PASSED] - click(findTestObject("DIGITURNO/1Principal/img_Configuracion(1)")): Object: 'Object Repository/DIGITURNO/1Principal/img_Configuracion(1)' is clicked on

2023-08-14 14:37:25 - [MESSAGE][PASSED] - Object: 'Object Repository/DIGITURNO/1Principal/img_Configuracion(1)' is clicked on

2023-08-14 14:37:25 - [TEST_STEP][PASSED] - delay(3): Delayed 3 second(s)

2023-08-14 14:37:28 - [MESSAGE][PASSED] - Delayed 3 second(s)

2023-08-14 14:37:28 - [TEST_STEP][PASSED] - takeFullPageScreenshot(): Taking screenshot successfully

2023-08-14 14:37:28 - [MESSAGE][INFO] - 0 hidden object(s)

2023-08-14 14:37:28 - [MESSAGE][PASSED] - Taking screenshot successfully
[[ATTACHMENT|C:\\CIEL INGENIERIA\\Katalon\\Digiturno55\\Reports\\20230814_141235\\DIGITURNO\\BASICO\\33 Terminales Crear Actualizar Eliminar\\20230814_141307\\1692041848189.png]]

2023-08-14 14:37:28 - [TEST_STEP][PASSED] - delay(3): Delayed 3 second(s)

2023-08-14 14:37:31 - [MESSAGE][PASSED] - Delayed 3 second(s)

2023-08-14 14:37:31 - [MESSAGE][PASSED] - Call Test Case 'Test Cases/DIGITURNO/BASICO/3 Configuracion' successfully

2023-08-14 14:37:31 - [TEST_STEP][PASSED] - click(findTestObject("DIGITURNO/CONFIGURACION/0Principal/img_6Elementos del sistema")): Object: 'Object Repository/DIGITURNO/CONFIGURACION/0Principal/img_6Elementos del sistema' is clicked on

2023-08-14 14:37:32 - [MESSAGE][PASSED] - Object: 'Object Repository/DIGITURNO/CONFIGURACION/0Principal/img_6Elementos del sistema' is clicked on

2023-08-14 14:37:32 - [TEST_STEP][PASSED] - delay(3): Delayed 3 second(s)

2023-08-14 14:37:35 - [MESSAGE][PASSED] - Delayed 3 second(s)

2023-08-14 14:37:35 - [TEST_STEP][PASSED] - takeFullPageScreenshot(): Taking screenshot successfully

2023-08-14 14:37:35 - [MESSAGE][INFO] - 0 hidden object(s)

2023-08-14 14:37:35 - [MESSAGE][PASSED] - Taking screenshot successfully
[[ATTACHMENT|C:\\CIEL INGENIERIA\\Katalon\\Digiturno55\\Reports\\20230814_141235\\DIGITURNO\\BASICO\\33 Terminales Crear Actualizar Eliminar\\20230814_141307\\1692041855434.png]]

2023-08-14 14:37:35 - [TEST_STEP][PASSED] - delay(3): Delayed 3 second(s)

2023-08-14 14:37:38 - [MESSAGE][PASSED] - Delayed 3 second(s)

2023-08-14 14:37:38 - [MESSAGE][PASSED] - Call Test Case 'Test Cases/DIGITURNO/BASICO/32 Elementos del Sistema' successfully

2023-08-14 14:37:38 - [TEST_STEP][PASSED] - click(findTestObject("DIGITURNO/CONFIGURACION/6Elementos del Sistema/0Principal/img_3Terminales")): Object: 'Object Repository/DIGITURNO/CONFIGURACION/6Elementos del Sistema/0Principal/img_3Terminales' is clicked on

2023-08-14 14:37:40 - [MESSAGE][PASSED] - Object: 'Object Repository/DIGITURNO/CONFIGURACION/6Elementos del Sistema/0Principal/img_3Terminales' is clicked on

2023-08-14 14:37:40 - [TEST_STEP][PASSED] - delay(3): Delayed 3 second(s)

2023-08-14 14:37:43 - [MESSAGE][PASSED] - Delayed 3 second(s)

2023-08-14 14:37:43 - [TEST_STEP][PASSED] - click(findTestObject("DIGITURNO/CONFIGURACION/6Elementos del Sistema/3 Terminales/0 Modal oficina/td_1Bogota - CIEL")): Object: 'Object Repository/DIGITURNO/CONFIGURACION/6Elementos del Sistema/3 Terminales/0 Modal oficina/td_1Bogota - CIEL' is clicked on

2023-08-14 14:37:44 - [MESSAGE][PASSED] - Object: 'Object Repository/DIGITURNO/CONFIGURACION/6Elementos del Sistema/3 Terminales/0 Modal oficina/td_1Bogota - CIEL' is clicked on

2023-08-14 14:37:44 - [TEST_STEP][PASSED] - delay(3): Delayed 3 second(s)

2023-08-14 14:37:47 - [MESSAGE][PASSED] - Delayed 3 second(s)

2023-08-14 14:37:47 - [TEST_STEP][PASSED] - click(findTestObject("DIGITURNO/CONFIGURACION/6Elementos del Sistema/3 Terminales/Edicion/btn_SeleccionarGrupo")): Object: 'Object Repository/DIGITURNO/CONFIGURACION/6Elementos del Sistema/3 Terminales/Edicion/btn_SeleccionarGrupo' is clicked on

2023-08-14 14:37:47 - [MESSAGE][PASSED] - Object: 'Object Repository/DIGITURNO/CONFIGURACION/6Elementos del Sistema/3 Terminales/Edicion/btn_SeleccionarGrupo' is clicked on

2023-08-14 14:37:47 - [TEST_STEP][PASSED] - delay(2): Delayed 2 second(s)

2023-08-14 14:37:49 - [MESSAGE][PASSED] - Delayed 2 second(s)

2023-08-14 14:37:49 - [TEST_STEP][PASSED] - click(findTestObject("DIGITURNO/CONFIGURACION/6Elementos del Sistema/3 Terminales/Edicion/btn_Seleccionar Grupo(1)/a_1Grupo General")): Object: 'Object Repository/DIGITURNO/CONFIGURACION/6Elementos del Sistema/3 Terminales/Edicion/btn_Seleccionar Grupo(1)/a_1Grupo General' is clicked on

2023-08-14 14:37:50 - [MESSAGE][PASSED] - Object: 'Object Repository/DIGITURNO/CONFIGURACION/6Elementos del Sistema/3 Terminales/Edicion/btn_Seleccionar Grupo(1)/a_1Grupo General' is clicked on

2023-08-14 14:37:50 - [TEST_STEP][PASSED] - delay(3): Delayed 3 second(s)

2023-08-14 14:37:53 - [MESSAGE][PASSED] - Delayed 3 second(s)

2023-08-14 14:37:53 - [TEST_STEP][PASSED] - setText(findTestObject("DIGITURNO/CONFIGURACION/6Elementos del Sistema/3 Terminales/Edicion/input_Nombre"), "Prueba"): Text 'Prueba' is set on object 'Object Repository/DIGITURNO/CONFIGURACION/6Elementos del Sistema/3 Terminales/Edicion/input_Nombre'

2023-08-14 14:37:53 - [MESSAGE][PASSED] - Text 'Prueba' is set on object 'Object Repository/DIGITURNO/CONFIGURACION/6Elementos del Sistema/3 Terminales/Edicion/input_Nombre'

2023-08-14 14:37:53 - [TEST_STEP][PASSED] - setText(findTestObject("DIGITURNO/CONFIGURACION/6Elementos del Sistema/3 Terminales/Edicion/textarea_Descripcion"), "Prueba"): Text 'Prueba' is set on object 'Object Repository/DIGITURNO/CONFIGURACION/6Elementos del Sistema/3 Terminales/Edicion/textarea_Descripcion'

2023-08-14 14:37:54 - [MESSAGE][PASSED] - Text 'Prueba' is set on object 'Object Repository/DIGITURNO/CONFIGURACION/6Elementos del Sistema/3 Terminales/Edicion/textarea_Descripcion'

2023-08-14 14:37:54 - [TEST_STEP][PASSED] - selectOptionByIndex(findTestObject("DIGITURNO/CONFIGURACION/6Elementos del Sistema/3 Terminales/Edicion/select_Tipo Terminal"), 0, STOP_ON_FAILURE): All options with index in [0] are selected on object 'Object Repository/DIGITURNO/CONFIGURACION/6Elementos del Sistema/3 Terminales/Edicion/select_Tipo Terminal'

2023-08-14 14:37:55 - [MESSAGE][PASSED] - All options with index in [0] are selected on object 'Object Repository/DIGITURNO/CONFIGURACION/6Elementos del Sistema/3 Terminales/Edicion/select_Tipo Terminal'

2023-08-14 14:37:55 - [TEST_STEP][PASSED] - delay(2): Delayed 2 second(s)

2023-08-14 14:37:57 - [MESSAGE][PASSED] - Delayed 2 second(s)

2023-08-14 14:37:57 - [TEST_STEP][PASSED] - setText(findTestObject("DIGITURNO/CONFIGURACION/6Elementos del Sistema/3 Terminales/Edicion/input_Direccion en sala"), "9"): Text '9' is set on object 'Object Repository/DIGITURNO/CONFIGURACION/6Elementos del Sistema/3 Terminales/Edicion/input_Direccion en sala'

2023-08-14 14:37:58 - [MESSAGE][PASSED] - Text '9' is set on object 'Object Repository/DIGITURNO/CONFIGURACION/6Elementos del Sistema/3 Terminales/Edicion/input_Direccion en sala'

2023-08-14 14:37:58 - [TEST_STEP][PASSED] - check(findTestObject("DIGITURNO/CONFIGURACION/6Elementos del Sistema/3 Terminales/Edicion/label_Mostrar Ventana Emergente")): Object 'Object Repository/DIGITURNO/CONFIGURACION/6Elementos del Sistema/3 Terminales/Edicion/label_Mostrar Ventana Emergente' is checked

2023-08-14 14:37:59 - [MESSAGE][PASSED] - Object 'Object Repository/DIGITURNO/CONFIGURACION/6Elementos del Sistema/3 Terminales/Edicion/label_Mostrar Ventana Emergente' is checked

2023-08-14 14:37:59 - [TEST_STEP][PASSED] - click(findTestObject("DIGITURNO/CONFIGURACION/6Elementos del Sistema/3 Terminales/Edicion/img_Nuevo")): Object: 'Object Repository/DIGITURNO/CONFIGURACION/6Elementos del Sistema/3 Terminales/Edicion/img_Nuevo' is clicked on

2023-08-14 14:37:59 - [MESSAGE][PASSED] - Object: 'Object Repository/DIGITURNO/CONFIGURACION/6Elementos del Sistema/3 Terminales/Edicion/img_Nuevo' is clicked on

2023-08-14 14:37:59 - [TEST_STEP][PASSED] - delay(3): Delayed 3 second(s)

2023-08-14 14:38:02 - [MESSAGE][PASSED] - Delayed 3 second(s)

2023-08-14 14:38:02 - [TEST_STEP][PASSED] - takeFullPageScreenshot(): Taking screenshot successfully

2023-08-14 14:38:03 - [MESSAGE][INFO] - 0 hidden object(s)

2023-08-14 14:38:03 - [MESSAGE][PASSED] - Taking screenshot successfully
[[ATTACHMENT|C:\\CIEL INGENIERIA\\Katalon\\Digiturno55\\Reports\\20230814_141235\\DIGITURNO\\BASICO\\33 Terminales Crear Actualizar Eliminar\\20230814_141307\\1692041882549.png]]

2023-08-14 14:38:03 - [TEST_STEP][PASSED] - delay(3): Delayed 3 second(s)

2023-08-14 14:38:06 - [MESSAGE][PASSED] - Delayed 3 second(s)

2023-08-14 14:38:06 - [TEST_STEP][PASSED] - Start listener action : sampleAfterTestCase: null]]></system-out>
         <system-err><![CDATA[]]></system-err>
      </testcase>
      <testcase name="Test Cases/DIGITURNO/BASICO/33 Terminales Actualizar" time="51.142" classname="Test Cases/DIGITURNO/BASICO/33 Terminales Actualizar" status="PASSED">
         <system-out><![CDATA[2023-08-14 14:38:06 - [TEST_CASE][PASSED] - Test Cases/DIGITURNO/BASICO/33 Terminales Actualizar: Test Cases/DIGITURNO/BASICO/33 Terminales Actualizar

2023-08-14 14:38:06 - [TEST_STEP][PASSED] - callTestCase(findTestCase("DIGITURNO/BASICO/32 Elementos del Sistema"), [:], STOP_ON_FAILURE): Call Test Case 'Test Cases/DIGITURNO/BASICO/32 Elementos del Sistema' successfully

2023-08-14 14:38:06 - [TEST_CASE][PASSED] - Test Cases/DIGITURNO/BASICO/32 Elementos del Sistema: Test Cases/DIGITURNO/BASICO/32 Elementos del Sistema

2023-08-14 14:38:06 - [TEST_STEP][PASSED] - callTestCase(findTestCase("DIGITURNO/BASICO/3 Configuracion"), [:], STOP_ON_FAILURE): Call Test Case 'Test Cases/DIGITURNO/BASICO/3 Configuracion' successfully

2023-08-14 14:38:06 - [TEST_CASE][PASSED] - Test Cases/DIGITURNO/BASICO/3 Configuracion: Test Cases/DIGITURNO/BASICO/3 Configuracion

2023-08-14 14:38:06 - [TEST_STEP][PASSED] - callTestCase(findTestCase("0InicioSesion"), [:], STOP_ON_FAILURE): Call Test Case 'Test Cases/0InicioSesion' successfully

2023-08-14 14:38:07 - [TEST_CASE][PASSED] - Test Cases/0InicioSesion: Test Cases/0InicioSesion

2023-08-14 14:38:07 - [TEST_STEP][PASSED] - openBrowser(UrlDigiturno): Browser is opened with url: 'https://PCPruebas101.ciel.cielingenieria.com:8610'

2023-08-14 14:38:07 - [MESSAGE][WARNING] - A browser is already opened. Closing browser and opening a new one

2023-08-14 14:38:07 - [MESSAGE][INFO] - Starting 'Chrome' driver

2023-08-14 14:38:07 - [MESSAGE][INFO] - User set preference: ['args', '[--use-fake-ui-for-media-stream, --disable-notifications]']

2023-08-14 14:38:07 - [MESSAGE][INFO] - Action delay is set to 0 milliseconds

2023-08-14 14:38:09 - [MESSAGE][PASSED] - Browser is opened with url: 'https://PCPruebas101.ciel.cielingenieria.com:8610'

2023-08-14 14:38:09 - [TEST_STEP][PASSED] - maximizeWindow(): Current window maximized

2023-08-14 14:38:09 - [MESSAGE][PASSED] - Current window maximized

2023-08-14 14:38:09 - [TEST_STEP][PASSED] - delay(3): Delayed 3 second(s)

2023-08-14 14:38:12 - [MESSAGE][PASSED] - Delayed 3 second(s)

2023-08-14 14:38:12 - [TEST_STEP][PASSED] - setText(findTestObject("0Inicio Sesion/input_Usuario"), "Ciel"): Text 'Ciel' is set on object 'Object Repository/0Inicio Sesion/input_Usuario'

2023-08-14 14:38:13 - [MESSAGE][PASSED] - Text 'Ciel' is set on object 'Object Repository/0Inicio Sesion/input_Usuario'

2023-08-14 14:38:13 - [TEST_STEP][PASSED] - setText(findTestObject("0Inicio Sesion/input_Clave"), "digiturno"): Text 'digiturno' is set on object 'Object Repository/0Inicio Sesion/input_Clave'

2023-08-14 14:38:13 - [MESSAGE][PASSED] - Text 'digiturno' is set on object 'Object Repository/0Inicio Sesion/input_Clave'

2023-08-14 14:38:13 - [TEST_STEP][PASSED] - click(findTestObject("0Inicio Sesion/btn_IniciarSesion")): Object: 'Object Repository/0Inicio Sesion/btn_IniciarSesion' is clicked on

2023-08-14 14:38:14 - [MESSAGE][PASSED] - Object: 'Object Repository/0Inicio Sesion/btn_IniciarSesion' is clicked on

2023-08-14 14:38:14 - [TEST_STEP][PASSED] - delay(3): Delayed 3 second(s)

2023-08-14 14:38:17 - [MESSAGE][PASSED] - Delayed 3 second(s)

2023-08-14 14:38:17 - [MESSAGE][PASSED] - Call Test Case 'Test Cases/0InicioSesion' successfully

2023-08-14 14:38:17 - [TEST_STEP][PASSED] - click(findTestObject("DIGITURNO/1Principal/img_Configuracion(1)")): Object: 'Object Repository/DIGITURNO/1Principal/img_Configuracion(1)' is clicked on

2023-08-14 14:38:17 - [MESSAGE][PASSED] - Object: 'Object Repository/DIGITURNO/1Principal/img_Configuracion(1)' is clicked on

2023-08-14 14:38:17 - [TEST_STEP][PASSED] - delay(3): Delayed 3 second(s)

2023-08-14 14:38:20 - [MESSAGE][PASSED] - Delayed 3 second(s)

2023-08-14 14:38:20 - [TEST_STEP][PASSED] - takeFullPageScreenshot(): Taking screenshot successfully

2023-08-14 14:38:21 - [MESSAGE][INFO] - 0 hidden object(s)

2023-08-14 14:38:21 - [MESSAGE][PASSED] - Taking screenshot successfully
[[ATTACHMENT|C:\\CIEL INGENIERIA\\Katalon\\Digiturno55\\Reports\\20230814_141235\\DIGITURNO\\BASICO\\33 Terminales Crear Actualizar Eliminar\\20230814_141307\\1692041900883.png]]

2023-08-14 14:38:21 - [TEST_STEP][PASSED] - delay(3): Delayed 3 second(s)

2023-08-14 14:38:24 - [MESSAGE][PASSED] - Delayed 3 second(s)

2023-08-14 14:38:24 - [MESSAGE][PASSED] - Call Test Case 'Test Cases/DIGITURNO/BASICO/3 Configuracion' successfully

2023-08-14 14:38:24 - [TEST_STEP][PASSED] - click(findTestObject("DIGITURNO/CONFIGURACION/0Principal/img_6Elementos del sistema")): Object: 'Object Repository/DIGITURNO/CONFIGURACION/0Principal/img_6Elementos del sistema' is clicked on

2023-08-14 14:38:25 - [MESSAGE][PASSED] - Object: 'Object Repository/DIGITURNO/CONFIGURACION/0Principal/img_6Elementos del sistema' is clicked on

2023-08-14 14:38:25 - [TEST_STEP][PASSED] - delay(3): Delayed 3 second(s)

2023-08-14 14:38:28 - [MESSAGE][PASSED] - Delayed 3 second(s)

2023-08-14 14:38:28 - [TEST_STEP][PASSED] - takeFullPageScreenshot(): Taking screenshot successfully

2023-08-14 14:38:28 - [MESSAGE][INFO] - 0 hidden object(s)

2023-08-14 14:38:28 - [MESSAGE][PASSED] - Taking screenshot successfully
[[ATTACHMENT|C:\\CIEL INGENIERIA\\Katalon\\Digiturno55\\Reports\\20230814_141235\\DIGITURNO\\BASICO\\33 Terminales Crear Actualizar Eliminar\\20230814_141307\\1692041908080.png]]

2023-08-14 14:38:28 - [TEST_STEP][PASSED] - delay(3): Delayed 3 second(s)

2023-08-14 14:38:31 - [MESSAGE][PASSED] - Delayed 3 second(s)

2023-08-14 14:38:31 - [MESSAGE][PASSED] - Call Test Case 'Test Cases/DIGITURNO/BASICO/32 Elementos del Sistema' successfully

2023-08-14 14:38:31 - [TEST_STEP][PASSED] - click(findTestObject("DIGITURNO/CONFIGURACION/6Elementos del Sistema/0Principal/img_3Terminales")): Object: 'Object Repository/DIGITURNO/CONFIGURACION/6Elementos del Sistema/0Principal/img_3Terminales' is clicked on

2023-08-14 14:38:32 - [MESSAGE][PASSED] - Object: 'Object Repository/DIGITURNO/CONFIGURACION/6Elementos del Sistema/0Principal/img_3Terminales' is clicked on

2023-08-14 14:38:32 - [TEST_STEP][PASSED] - delay(3): Delayed 3 second(s)

2023-08-14 14:38:35 - [MESSAGE][PASSED] - Delayed 3 second(s)

2023-08-14 14:38:35 - [TEST_STEP][PASSED] - click(findTestObject("DIGITURNO/CONFIGURACION/6Elementos del Sistema/3 Terminales/0 Modal oficina/td_1Bogota - CIEL")): Object: 'Object Repository/DIGITURNO/CONFIGURACION/6Elementos del Sistema/3 Terminales/0 Modal oficina/td_1Bogota - CIEL' is clicked on

2023-08-14 14:38:35 - [MESSAGE][PASSED] - Object: 'Object Repository/DIGITURNO/CONFIGURACION/6Elementos del Sistema/3 Terminales/0 Modal oficina/td_1Bogota - CIEL' is clicked on

2023-08-14 14:38:35 - [TEST_STEP][PASSED] - delay(3): Delayed 3 second(s)

2023-08-14 14:38:38 - [MESSAGE][PASSED] - Delayed 3 second(s)

2023-08-14 14:38:38 - [TEST_STEP][PASSED] - setText(findTestObject("DIGITURNO/CONFIGURACION/6Elementos del Sistema/3 Terminales/Lista de Terminales/input_TextoABuscar"), "Prueba"): Text 'Prueba' is set on object 'Object Repository/DIGITURNO/CONFIGURACION/6Elementos del Sistema/3 Terminales/Lista de Terminales/input_TextoABuscar'

2023-08-14 14:38:39 - [MESSAGE][PASSED] - Text 'Prueba' is set on object 'Object Repository/DIGITURNO/CONFIGURACION/6Elementos del Sistema/3 Terminales/Lista de Terminales/input_TextoABuscar'

2023-08-14 14:38:39 - [TEST_STEP][PASSED] - delay(2): Delayed 2 second(s)

2023-08-14 14:38:41 - [MESSAGE][PASSED] - Delayed 2 second(s)

2023-08-14 14:38:41 - [TEST_STEP][PASSED] - click(findTestObject("DIGITURNO/CONFIGURACION/6Elementos del Sistema/3 Terminales/Lista de Terminales/td_1 Seleccion Busqueda")): Object: 'Object Repository/DIGITURNO/CONFIGURACION/6Elementos del Sistema/3 Terminales/Lista de Terminales/td_1 Seleccion Busqueda' is clicked on

2023-08-14 14:38:42 - [MESSAGE][PASSED] - Object: 'Object Repository/DIGITURNO/CONFIGURACION/6Elementos del Sistema/3 Terminales/Lista de Terminales/td_1 Seleccion Busqueda' is clicked on

2023-08-14 14:38:42 - [TEST_STEP][PASSED] - delay(3): Delayed 3 second(s)

2023-08-14 14:38:45 - [MESSAGE][PASSED] - Delayed 3 second(s)

2023-08-14 14:38:45 - [TEST_STEP][PASSED] - setText(findTestObject("DIGITURNO/CONFIGURACION/6Elementos del Sistema/3 Terminales/Edicion/textarea_Descripcion"), "Prueba actualizada"): Text 'Prueba actualizada' is set on object 'Object Repository/DIGITURNO/CONFIGURACION/6Elementos del Sistema/3 Terminales/Edicion/textarea_Descripcion'

2023-08-14 14:38:46 - [MESSAGE][PASSED] - Text 'Prueba actualizada' is set on object 'Object Repository/DIGITURNO/CONFIGURACION/6Elementos del Sistema/3 Terminales/Edicion/textarea_Descripcion'

2023-08-14 14:38:46 - [TEST_STEP][PASSED] - selectOptionByIndex(findTestObject("DIGITURNO/CONFIGURACION/6Elementos del Sistema/3 Terminales/Edicion/select_Tipo Terminal"), 3): All options with index in [3] are selected on object 'Object Repository/DIGITURNO/CONFIGURACION/6Elementos del Sistema/3 Terminales/Edicion/select_Tipo Terminal'

2023-08-14 14:38:47 - [MESSAGE][PASSED] - All options with index in [3] are selected on object 'Object Repository/DIGITURNO/CONFIGURACION/6Elementos del Sistema/3 Terminales/Edicion/select_Tipo Terminal'

2023-08-14 14:38:47 - [TEST_STEP][PASSED] - delay(3): Delayed 3 second(s)

2023-08-14 14:38:50 - [MESSAGE][PASSED] - Delayed 3 second(s)

2023-08-14 14:38:50 - [TEST_STEP][PASSED] - scrollToPosition(0, 0): Browser is scrolled to position x = 0, y = 0

2023-08-14 14:38:50 - [MESSAGE][PASSED] - Browser is scrolled to position x = 0, y = 0

2023-08-14 14:38:50 - [TEST_STEP][PASSED] - click(findTestObject("DIGITURNO/CONFIGURACION/6Elementos del Sistema/3 Terminales/Edicion/img_Actualizar")): Object: 'Object Repository/DIGITURNO/CONFIGURACION/6Elementos del Sistema/3 Terminales/Edicion/img_Actualizar' is clicked on

2023-08-14 14:38:50 - [MESSAGE][PASSED] - Object: 'Object Repository/DIGITURNO/CONFIGURACION/6Elementos del Sistema/3 Terminales/Edicion/img_Actualizar' is clicked on

2023-08-14 14:38:50 - [TEST_STEP][PASSED] - delay(3): Delayed 3 second(s)

2023-08-14 14:38:53 - [MESSAGE][PASSED] - Delayed 3 second(s)

2023-08-14 14:38:53 - [TEST_STEP][PASSED] - takeFullPageScreenshot(): Taking screenshot successfully

2023-08-14 14:38:54 - [MESSAGE][INFO] - 0 hidden object(s)

2023-08-14 14:38:54 - [MESSAGE][PASSED] - Taking screenshot successfully
[[ATTACHMENT|C:\\CIEL INGENIERIA\\Katalon\\Digiturno55\\Reports\\20230814_141235\\DIGITURNO\\BASICO\\33 Terminales Crear Actualizar Eliminar\\20230814_141307\\1692041933736.png]]

2023-08-14 14:38:54 - [TEST_STEP][PASSED] - delay(3): Delayed 3 second(s)

2023-08-14 14:38:57 - [MESSAGE][PASSED] - Delayed 3 second(s)

2023-08-14 14:38:57 - [TEST_STEP][PASSED] - Start listener action : sampleAfterTestCase: null]]></system-out>
         <system-err><![CDATA[]]></system-err>
      </testcase>
      <testcase name="Test Cases/DIGITURNO/BASICO/33 Terminales Eliminar" time="42.862" classname="Test Cases/DIGITURNO/BASICO/33 Terminales Eliminar" status="PASSED">
         <system-out><![CDATA[2023-08-14 14:38:57 - [TEST_CASE][PASSED] - Test Cases/DIGITURNO/BASICO/33 Terminales Eliminar: Test Cases/DIGITURNO/BASICO/33 Terminales Eliminar

2023-08-14 14:38:58 - [TEST_STEP][PASSED] - callTestCase(findTestCase("DIGITURNO/BASICO/32 Elementos del Sistema"), [:], STOP_ON_FAILURE): Call Test Case 'Test Cases/DIGITURNO/BASICO/32 Elementos del Sistema' successfully

2023-08-14 14:38:58 - [TEST_CASE][PASSED] - Test Cases/DIGITURNO/BASICO/32 Elementos del Sistema: Test Cases/DIGITURNO/BASICO/32 Elementos del Sistema

2023-08-14 14:38:58 - [TEST_STEP][PASSED] - callTestCase(findTestCase("DIGITURNO/BASICO/3 Configuracion"), [:], STOP_ON_FAILURE): Call Test Case 'Test Cases/DIGITURNO/BASICO/3 Configuracion' successfully

2023-08-14 14:38:58 - [TEST_CASE][PASSED] - Test Cases/DIGITURNO/BASICO/3 Configuracion: Test Cases/DIGITURNO/BASICO/3 Configuracion

2023-08-14 14:38:58 - [TEST_STEP][PASSED] - callTestCase(findTestCase("0InicioSesion"), [:], STOP_ON_FAILURE): Call Test Case 'Test Cases/0InicioSesion' successfully

2023-08-14 14:38:58 - [TEST_CASE][PASSED] - Test Cases/0InicioSesion: Test Cases/0InicioSesion

2023-08-14 14:38:58 - [TEST_STEP][PASSED] - openBrowser(UrlDigiturno): Browser is opened with url: 'https://PCPruebas101.ciel.cielingenieria.com:8610'

2023-08-14 14:38:58 - [MESSAGE][WARNING] - A browser is already opened. Closing browser and opening a new one

2023-08-14 14:38:59 - [MESSAGE][INFO] - Starting 'Chrome' driver

2023-08-14 14:38:59 - [MESSAGE][INFO] - User set preference: ['args', '[--use-fake-ui-for-media-stream, --disable-notifications]']

2023-08-14 14:38:59 - [MESSAGE][INFO] - Action delay is set to 0 milliseconds

2023-08-14 14:39:00 - [MESSAGE][PASSED] - Browser is opened with url: 'https://PCPruebas101.ciel.cielingenieria.com:8610'

2023-08-14 14:39:00 - [TEST_STEP][PASSED] - maximizeWindow(): Current window maximized

2023-08-14 14:39:00 - [MESSAGE][PASSED] - Current window maximized

2023-08-14 14:39:00 - [TEST_STEP][PASSED] - delay(3): Delayed 3 second(s)

2023-08-14 14:39:03 - [MESSAGE][PASSED] - Delayed 3 second(s)

2023-08-14 14:39:03 - [TEST_STEP][PASSED] - setText(findTestObject("0Inicio Sesion/input_Usuario"), "Ciel"): Text 'Ciel' is set on object 'Object Repository/0Inicio Sesion/input_Usuario'

2023-08-14 14:39:04 - [MESSAGE][PASSED] - Text 'Ciel' is set on object 'Object Repository/0Inicio Sesion/input_Usuario'

2023-08-14 14:39:04 - [TEST_STEP][PASSED] - setText(findTestObject("0Inicio Sesion/input_Clave"), "digiturno"): Text 'digiturno' is set on object 'Object Repository/0Inicio Sesion/input_Clave'

2023-08-14 14:39:05 - [MESSAGE][PASSED] - Text 'digiturno' is set on object 'Object Repository/0Inicio Sesion/input_Clave'

2023-08-14 14:39:05 - [TEST_STEP][PASSED] - click(findTestObject("0Inicio Sesion/btn_IniciarSesion")): Object: 'Object Repository/0Inicio Sesion/btn_IniciarSesion' is clicked on

2023-08-14 14:39:05 - [MESSAGE][PASSED] - Object: 'Object Repository/0Inicio Sesion/btn_IniciarSesion' is clicked on

2023-08-14 14:39:05 - [TEST_STEP][PASSED] - delay(3): Delayed 3 second(s)

2023-08-14 14:39:08 - [MESSAGE][PASSED] - Delayed 3 second(s)

2023-08-14 14:39:08 - [MESSAGE][PASSED] - Call Test Case 'Test Cases/0InicioSesion' successfully

2023-08-14 14:39:08 - [TEST_STEP][PASSED] - click(findTestObject("DIGITURNO/1Principal/img_Configuracion(1)")): Object: 'Object Repository/DIGITURNO/1Principal/img_Configuracion(1)' is clicked on

2023-08-14 14:39:09 - [MESSAGE][PASSED] - Object: 'Object Repository/DIGITURNO/1Principal/img_Configuracion(1)' is clicked on

2023-08-14 14:39:09 - [TEST_STEP][PASSED] - delay(3): Delayed 3 second(s)

2023-08-14 14:39:12 - [MESSAGE][PASSED] - Delayed 3 second(s)

2023-08-14 14:39:12 - [TEST_STEP][PASSED] - takeFullPageScreenshot(): Taking screenshot successfully

2023-08-14 14:39:12 - [MESSAGE][INFO] - 0 hidden object(s)

2023-08-14 14:39:12 - [MESSAGE][PASSED] - Taking screenshot successfully
[[ATTACHMENT|C:\\CIEL INGENIERIA\\Katalon\\Digiturno55\\Reports\\20230814_141235\\DIGITURNO\\BASICO\\33 Terminales Crear Actualizar Eliminar\\20230814_141307\\1692041952235.png]]

2023-08-14 14:39:12 - [TEST_STEP][PASSED] - delay(3): Delayed 3 second(s)

2023-08-14 14:39:15 - [MESSAGE][PASSED] - Delayed 3 second(s)

2023-08-14 14:39:15 - [MESSAGE][PASSED] - Call Test Case 'Test Cases/DIGITURNO/BASICO/3 Configuracion' successfully

2023-08-14 14:39:15 - [TEST_STEP][PASSED] - click(findTestObject("DIGITURNO/CONFIGURACION/0Principal/img_6Elementos del sistema")): Object: 'Object Repository/DIGITURNO/CONFIGURACION/0Principal/img_6Elementos del sistema' is clicked on

2023-08-14 14:39:16 - [MESSAGE][PASSED] - Object: 'Object Repository/DIGITURNO/CONFIGURACION/0Principal/img_6Elementos del sistema' is clicked on

2023-08-14 14:39:16 - [TEST_STEP][PASSED] - delay(3): Delayed 3 second(s)

2023-08-14 14:39:19 - [MESSAGE][PASSED] - Delayed 3 second(s)

2023-08-14 14:39:19 - [TEST_STEP][PASSED] - takeFullPageScreenshot(): Taking screenshot successfully

2023-08-14 14:39:19 - [MESSAGE][INFO] - 0 hidden object(s)

2023-08-14 14:39:19 - [MESSAGE][PASSED] - Taking screenshot successfully
[[ATTACHMENT|C:\\CIEL INGENIERIA\\Katalon\\Digiturno55\\Reports\\20230814_141235\\DIGITURNO\\BASICO\\33 Terminales Crear Actualizar Eliminar\\20230814_141307\\1692041959407.png]]

2023-08-14 14:39:19 - [TEST_STEP][PASSED] - delay(3): Delayed 3 second(s)

2023-08-14 14:39:22 - [MESSAGE][PASSED] - Delayed 3 second(s)

2023-08-14 14:39:22 - [MESSAGE][PASSED] - Call Test Case 'Test Cases/DIGITURNO/BASICO/32 Elementos del Sistema' successfully

2023-08-14 14:39:22 - [TEST_STEP][PASSED] - click(findTestObject("DIGITURNO/CONFIGURACION/6Elementos del Sistema/0Principal/img_3Terminales")): Object: 'Object Repository/DIGITURNO/CONFIGURACION/6Elementos del Sistema/0Principal/img_3Terminales' is clicked on

2023-08-14 14:39:23 - [MESSAGE][PASSED] - Object: 'Object Repository/DIGITURNO/CONFIGURACION/6Elementos del Sistema/0Principal/img_3Terminales' is clicked on

2023-08-14 14:39:23 - [TEST_STEP][PASSED] - delay(3): Delayed 3 second(s)

2023-08-14 14:39:26 - [MESSAGE][PASSED] - Delayed 3 second(s)

2023-08-14 14:39:26 - [TEST_STEP][PASSED] - click(findTestObject("DIGITURNO/CONFIGURACION/6Elementos del Sistema/3 Terminales/0 Modal oficina/td_1Bogota - CIEL")): Object: 'Object Repository/DIGITURNO/CONFIGURACION/6Elementos del Sistema/3 Terminales/0 Modal oficina/td_1Bogota - CIEL' is clicked on

2023-08-14 14:39:27 - [MESSAGE][PASSED] - Object: 'Object Repository/DIGITURNO/CONFIGURACION/6Elementos del Sistema/3 Terminales/0 Modal oficina/td_1Bogota - CIEL' is clicked on

2023-08-14 14:39:27 - [TEST_STEP][PASSED] - setText(findTestObject("DIGITURNO/CONFIGURACION/6Elementos del Sistema/3 Terminales/Lista de Terminales/input_TextoABuscar"), "Prueba"): Text 'Prueba' is set on object 'Object Repository/DIGITURNO/CONFIGURACION/6Elementos del Sistema/3 Terminales/Lista de Terminales/input_TextoABuscar'

2023-08-14 14:39:28 - [MESSAGE][PASSED] - Text 'Prueba' is set on object 'Object Repository/DIGITURNO/CONFIGURACION/6Elementos del Sistema/3 Terminales/Lista de Terminales/input_TextoABuscar'

2023-08-14 14:39:28 - [TEST_STEP][PASSED] - delay(2): Delayed 2 second(s)

2023-08-14 14:39:30 - [MESSAGE][PASSED] - Delayed 2 second(s)

2023-08-14 14:39:30 - [TEST_STEP][PASSED] - click(findTestObject("DIGITURNO/CONFIGURACION/6Elementos del Sistema/3 Terminales/Lista de Terminales/td_1 Seleccion Busqueda")): Object: 'Object Repository/DIGITURNO/CONFIGURACION/6Elementos del Sistema/3 Terminales/Lista de Terminales/td_1 Seleccion Busqueda' is clicked on

2023-08-14 14:39:30 - [MESSAGE][PASSED] - Object: 'Object Repository/DIGITURNO/CONFIGURACION/6Elementos del Sistema/3 Terminales/Lista de Terminales/td_1 Seleccion Busqueda' is clicked on

2023-08-14 14:39:30 - [TEST_STEP][PASSED] - delay(3): Delayed 3 second(s)

2023-08-14 14:39:33 - [MESSAGE][PASSED] - Delayed 3 second(s)

2023-08-14 14:39:33 - [TEST_STEP][PASSED] - click(findTestObject("DIGITURNO/CONFIGURACION/6Elementos del Sistema/3 Terminales/Edicion/img_Eliminar")): Object: 'Object Repository/DIGITURNO/CONFIGURACION/6Elementos del Sistema/3 Terminales/Edicion/img_Eliminar' is clicked on

2023-08-14 14:39:34 - [MESSAGE][PASSED] - Object: 'Object Repository/DIGITURNO/CONFIGURACION/6Elementos del Sistema/3 Terminales/Edicion/img_Eliminar' is clicked on

2023-08-14 14:39:34 - [TEST_STEP][PASSED] - click(findTestObject("DIGITURNO/CONFIGURACION/6Elementos del Sistema/3 Terminales/Edicion/img_Eliminar")): Object: 'Object Repository/DIGITURNO/CONFIGURACION/6Elementos del Sistema/3 Terminales/Edicion/img_Eliminar' is clicked on

2023-08-14 14:39:34 - [MESSAGE][PASSED] - Object: 'Object Repository/DIGITURNO/CONFIGURACION/6Elementos del Sistema/3 Terminales/Edicion/img_Eliminar' is clicked on

2023-08-14 14:39:34 - [TEST_STEP][PASSED] - acceptAlert(): Alert accepted

2023-08-14 14:39:34 - [MESSAGE][PASSED] - Alert accepted

2023-08-14 14:39:34 - [TEST_STEP][PASSED] - delay(2): Delayed 2 second(s)

2023-08-14 14:39:36 - [MESSAGE][PASSED] - Delayed 2 second(s)

2023-08-14 14:39:36 - [TEST_STEP][PASSED] - takeFullPageScreenshot(): Taking screenshot successfully

2023-08-14 14:39:37 - [MESSAGE][INFO] - 0 hidden object(s)

2023-08-14 14:39:37 - [MESSAGE][PASSED] - Taking screenshot successfully
[[ATTACHMENT|C:\\CIEL INGENIERIA\\Katalon\\Digiturno55\\Reports\\20230814_141235\\DIGITURNO\\BASICO\\33 Terminales Crear Actualizar Eliminar\\20230814_141307\\1692041976557.png]]

2023-08-14 14:39:37 - [TEST_STEP][PASSED] - delay(3): Delayed 3 second(s)

2023-08-14 14:39:40 - [MESSAGE][PASSED] - Delayed 3 second(s)

2023-08-14 14:39:40 - [TEST_STEP][PASSED] - Start listener action : sampleAfterTestCase: null]]></system-out>
         <system-err><![CDATA[]]></system-err>
      </testcase>
      <system-out><![CDATA[2023-08-14 14:37:11 - [TEST_SUITE][PASSED] - 33 Terminales Crear Actualizar Eliminar: Test Cases/DIGITURNO/BASICO/33 Terminales Eliminar]]></system-out>
      <system-err><![CDATA[]]></system-err>
   </testsuite>
</testsuites>
