<?xml version="1.0" encoding="UTF-8"?>
<testsuites name="2.2 Creacion Elementos Tipo Cliente" time="65.055" tests="1" failures="0" errors="0">
   <testsuite name="2.2 Creacion Elementos Tipo Cliente" tests="1" failures="0" errors="0" time="65.055" skipped="0" timestamp="2024-03-11 09:43:06" hostname="jdavila - PCPruebas101.ciel.cielingenieria.com" id="Test Suites/WIZARD/1Modelo De Negocio/2.2 Creacion Elementos Tipo Cliente">
      <properties>
         <property name="deviceName" value=""/>
         <property name="devicePlatform" value=""/>
         <property name="logFolder" value="C:\\CIEL INGENIERIA\\Katalon\\Digiturno55\\Reports\\20240311_093955\\WIZARD\\1Modelo De Negocio\\2.2 Creacion Elementos Tipo Cliente\\20240311_094000"/>
         <property name="logFiles" value="C:\\CIEL INGENIERIA\\Katalon\\Digiturno55\\Reports\\20240311_093955\\WIZARD\\1Modelo De Negocio\\2.2 Creacion Elementos Tipo Cliente\\20240311_094000\\execution0.log"/>
         <property name="attachments" value=""/>
         <property name="hostName" value="jdavila - PCPruebas101.ciel.cielingenieria.com"/>
         <property name="os" value="Windows 10 64bit"/>
         <property name="katalonVersion" value="8.6.8.208"/>
         <property name="browser" value="Chrome 122.0.0.0"/>
         <property name="hostAddress" value="192.168.91.14"/>
         <property name="sessionId" value="03b7ed94ff5f24a0b756d270cc456757"/>
         <property name="seleniumVersion" value="3.141.59"/>
         <property name="proxyInformation" value="ProxyInformation { proxyOption=NO_PROXY, proxyServerType=HTTP, username=, password=********, proxyServerAddress=, proxyServerPort=0, executionList=&quot;&quot;, isApplyToDesiredCapabilities=true }"/>
         <property name="platform" value="Windows 10"/>
      </properties>
      <testcase name="Test Cases/WIZARD/1Modelo De Negocio/2.2 Creacion Elementos Tipo Cliente" time="64.818" classname="Test Cases/WIZARD/1Modelo De Negocio/2.2 Creacion Elementos Tipo Cliente" status="PASSED">
         <system-out><![CDATA[2024-03-11 09:43:06 - [TEST_CASE][PASSED] - Test Cases/WIZARD/1Modelo De Negocio/2.2 Creacion Elementos Tipo Cliente: Test Cases/WIZARD/1Modelo De Negocio/2.2 Creacion Elementos Tipo Cliente

2024-03-11 09:43:07 - [TEST_STEP][PASSED] - callTestCase(findTestCase("0InicioSesion"), [:], STOP_ON_FAILURE): Call Test Case 'Test Cases/0InicioSesion' successfully

2024-03-11 09:43:07 - [TEST_CASE][PASSED] - Test Cases/0InicioSesion: Test Cases/0InicioSesion

2024-03-11 09:43:07 - [TEST_STEP][PASSED] - openBrowser(UrlDigiturno): Browser is opened with url: 'https://PCPruebas101.ciel.cielingenieria.com:8910'

2024-03-11 09:43:08 - [MESSAGE][INFO] - Starting 'Chrome' driver

2024-03-11 09:43:08 - [MESSAGE][INFO] - User set preference: ['args', '[--use-fake-ui-for-media-stream, --disable-notifications]']

2024-03-11 09:43:08 - [MESSAGE][INFO] - Action delay is set to 0 milliseconds

2024-03-11 09:43:11 - [MESSAGE][PASSED] - Browser is opened with url: 'https://PCPruebas101.ciel.cielingenieria.com:8910'

2024-03-11 09:43:11 - [TEST_STEP][PASSED] - maximizeWindow(): Current window maximized

2024-03-11 09:43:11 - [MESSAGE][PASSED] - Current window maximized

2024-03-11 09:43:11 - [TEST_STEP][PASSED] - delay(3): Delayed 3 second(s)

2024-03-11 09:43:14 - [MESSAGE][PASSED] - Delayed 3 second(s)

2024-03-11 09:43:14 - [TEST_STEP][PASSED] - setText(findTestObject("0Inicio Sesion/input_Usuario"), "Ciel"): Text 'Ciel' is set on object 'Object Repository/0Inicio Sesion/input_Usuario'

2024-03-11 09:43:15 - [MESSAGE][PASSED] - Text 'Ciel' is set on object 'Object Repository/0Inicio Sesion/input_Usuario'

2024-03-11 09:43:15 - [TEST_STEP][PASSED] - setText(findTestObject("0Inicio Sesion/input_Clave"), "digiturno"): Text 'digiturno' is set on object 'Object Repository/0Inicio Sesion/input_Clave'

2024-03-11 09:43:16 - [MESSAGE][PASSED] - Text 'digiturno' is set on object 'Object Repository/0Inicio Sesion/input_Clave'

2024-03-11 09:43:16 - [TEST_STEP][PASSED] - click(findTestObject("0Inicio Sesion/btn_IniciarSesion")): Object: 'Object Repository/0Inicio Sesion/btn_IniciarSesion' is clicked on

2024-03-11 09:43:16 - [MESSAGE][PASSED] - Object: 'Object Repository/0Inicio Sesion/btn_IniciarSesion' is clicked on

2024-03-11 09:43:16 - [TEST_STEP][PASSED] - delay(3): Delayed 3 second(s)

2024-03-11 09:43:19 - [MESSAGE][PASSED] - Delayed 3 second(s)

2024-03-11 09:43:19 - [MESSAGE][PASSED] - Call Test Case 'Test Cases/0InicioSesion' successfully

2024-03-11 09:43:19 - [TEST_STEP][PASSED] - click(findTestObject("WIZARD/0Principal/img_ModeloDeNegocioMAX")): Object: 'Object Repository/WIZARD/0Principal/img_ModeloDeNegocioMAX' is clicked on

2024-03-11 09:43:20 - [MESSAGE][PASSED] - Object: 'Object Repository/WIZARD/0Principal/img_ModeloDeNegocioMAX' is clicked on

2024-03-11 09:43:20 - [TEST_STEP][PASSED] - delay(3): Delayed 3 second(s)

2024-03-11 09:43:23 - [MESSAGE][PASSED] - Delayed 3 second(s)

2024-03-11 09:43:23 - [TEST_STEP][PASSED] - click(findTestObject("WIZARD/1Modelo De Negocio/00Menu/span_Elementos")): Object: 'Object Repository/WIZARD/1Modelo De Negocio/00Menu/span_Elementos' is clicked on

2024-03-11 09:43:23 - [MESSAGE][PASSED] - Object: 'Object Repository/WIZARD/1Modelo De Negocio/00Menu/span_Elementos' is clicked on

2024-03-11 09:43:23 - [TEST_STEP][PASSED] - delay(3): Delayed 3 second(s)

2024-03-11 09:43:26 - [MESSAGE][PASSED] - Delayed 3 second(s)

2024-03-11 09:43:26 - [TEST_STEP][PASSED] - click(findTestObject("WIZARD/1Modelo De Negocio/2Elementos/Nivel/option_2Tipo cliente")): Object: 'Object Repository/WIZARD/1Modelo De Negocio/2Elementos/Nivel/option_2Tipo cliente' is clicked on

2024-03-11 09:43:27 - [MESSAGE][PASSED] - Object: 'Object Repository/WIZARD/1Modelo De Negocio/2Elementos/Nivel/option_2Tipo cliente' is clicked on

2024-03-11 09:43:27 - [TEST_STEP][PASSED] - delay(3): Delayed 3 second(s)

2024-03-11 09:43:30 - [MESSAGE][PASSED] - Delayed 3 second(s)

2024-03-11 09:43:30 - [TEST_STEP][PASSED] - click(findTestObject("WIZARD/1Modelo De Negocio/2Elementos/Nivel/Tipo Cliente/td_TC1")): Object: 'Object Repository/WIZARD/1Modelo De Negocio/2Elementos/Nivel/Tipo Cliente/td_TC1' is clicked on

2024-03-11 09:43:30 - [MESSAGE][PASSED] - Object: 'Object Repository/WIZARD/1Modelo De Negocio/2Elementos/Nivel/Tipo Cliente/td_TC1' is clicked on

2024-03-11 09:43:30 - [TEST_STEP][PASSED] - setText(findTestObject("WIZARD/1Modelo De Negocio/2Elementos/Edicion de Elementos/input_Nombre Elemento"), "General (G)"): Text 'General (G)' is set on object 'Object Repository/WIZARD/1Modelo De Negocio/2Elementos/Edicion de Elementos/input_Nombre Elemento'

2024-03-11 09:43:31 - [MESSAGE][PASSED] - Text 'General (G)' is set on object 'Object Repository/WIZARD/1Modelo De Negocio/2Elementos/Edicion de Elementos/input_Nombre Elemento'

2024-03-11 09:43:31 - [TEST_STEP][PASSED] - setText(findTestObject("WIZARD/1Modelo De Negocio/2Elementos/Edicion de Elementos/input_Descripcion Elemento"), "General (G)"): Text 'General (G)' is set on object 'Object Repository/WIZARD/1Modelo De Negocio/2Elementos/Edicion de Elementos/input_Descripcion Elemento'

2024-03-11 09:43:32 - [MESSAGE][PASSED] - Text 'General (G)' is set on object 'Object Repository/WIZARD/1Modelo De Negocio/2Elementos/Edicion de Elementos/input_Descripcion Elemento'

2024-03-11 09:43:32 - [TEST_STEP][PASSED] - executeJavaScript("return document.getElementById('ContentPlaceHolder1_lnkTiempoMaxAtencion').click()", []): Execute JavaScript 'return document.getElementById('ContentPlaceHolder1_lnkTiempoMaxAtencion').click()' successfully

2024-03-11 09:43:32 - [MESSAGE][PASSED] - Execute JavaScript 'return document.getElementById('ContentPlaceHolder1_lnkTiempoMaxAtencion').click()' successfully

2024-03-11 09:43:32 - [TEST_STEP][PASSED] - delay(2): Delayed 2 second(s)

2024-03-11 09:43:34 - [MESSAGE][PASSED] - Delayed 2 second(s)

2024-03-11 09:43:34 - [TEST_STEP][PASSED] - executeJavaScript("return document.getElementById('ContentPlaceHolder1_TimeSpanControlMaxTiempo_txtMinuto').value=10", []): Execute JavaScript 'return document.getElementById('ContentPlaceHolder1_TimeSpanControlMaxTiempo_txtMinuto').value=10' successfully

2024-03-11 09:43:34 - [MESSAGE][PASSED] - Execute JavaScript 'return document.getElementById('ContentPlaceHolder1_TimeSpanControlMaxTiempo_txtMinuto').value=10' successfully

2024-03-11 09:43:34 - [TEST_STEP][PASSED] - delay(2): Delayed 2 second(s)

2024-03-11 09:43:36 - [MESSAGE][PASSED] - Delayed 2 second(s)

2024-03-11 09:43:36 - [TEST_STEP][PASSED] - click(findTestObject("WIZARD/1Modelo De Negocio/2ModalTiempoMaxAtencion/btn_Aceptar")): Object: 'Object Repository/WIZARD/1Modelo De Negocio/2ModalTiempoMaxAtencion/btn_Aceptar' is clicked on

2024-03-11 09:43:36 - [MESSAGE][PASSED] - Object: 'Object Repository/WIZARD/1Modelo De Negocio/2ModalTiempoMaxAtencion/btn_Aceptar' is clicked on

2024-03-11 09:43:36 - [TEST_STEP][PASSED] - delay(3): Delayed 3 second(s)

2024-03-11 09:43:39 - [MESSAGE][PASSED] - Delayed 3 second(s)

2024-03-11 09:43:39 - [TEST_STEP][PASSED] - executeJavaScript("return document.getElementById('ContentPlaceHolder1_lnkTiempoControaldoAtencion').click()", []): Execute JavaScript 'return document.getElementById('ContentPlaceHolder1_lnkTiempoControaldoAtencion').click()' successfully

2024-03-11 09:43:39 - [MESSAGE][PASSED] - Execute JavaScript 'return document.getElementById('ContentPlaceHolder1_lnkTiempoControaldoAtencion').click()' successfully

2024-03-11 09:43:39 - [TEST_STEP][PASSED] - delay(2): Delayed 2 second(s)

2024-03-11 09:43:41 - [MESSAGE][PASSED] - Delayed 2 second(s)

2024-03-11 09:43:41 - [TEST_STEP][PASSED] - executeJavaScript("return document.getElementById('ContentPlaceHolder1_TimeSpanControlTiempoControlado_txtMinuto').value=5", []): Execute JavaScript 'return document.getElementById('ContentPlaceHolder1_TimeSpanControlTiempoControlado_txtMinuto').value=5' successfully

2024-03-11 09:43:41 - [MESSAGE][PASSED] - Execute JavaScript 'return document.getElementById('ContentPlaceHolder1_TimeSpanControlTiempoControlado_txtMinuto').value=5' successfully

2024-03-11 09:43:41 - [TEST_STEP][PASSED] - delay(2): Delayed 2 second(s)

2024-03-11 09:43:44 - [MESSAGE][PASSED] - Delayed 2 second(s)

2024-03-11 09:43:44 - [TEST_STEP][PASSED] - click(findTestObject("WIZARD/1Modelo De Negocio/2Modal Tiempo Controlado de atencion/btn_Aceptar")): Object: 'Object Repository/WIZARD/1Modelo De Negocio/2Modal Tiempo Controlado de atencion/btn_Aceptar' is clicked on

2024-03-11 09:43:44 - [MESSAGE][PASSED] - Object: 'Object Repository/WIZARD/1Modelo De Negocio/2Modal Tiempo Controlado de atencion/btn_Aceptar' is clicked on

2024-03-11 09:43:44 - [TEST_STEP][PASSED] - delay(3): Delayed 3 second(s)

2024-03-11 09:43:47 - [MESSAGE][PASSED] - Delayed 3 second(s)

2024-03-11 09:43:47 - [TEST_STEP][PASSED] - click(findTestObject("WIZARD/1Modelo De Negocio/2Elementos/Edicion de Elementos/btn_Actualizar")): Object: 'Object Repository/WIZARD/1Modelo De Negocio/2Elementos/Edicion de Elementos/btn_Actualizar' is clicked on

2024-03-11 09:43:47 - [MESSAGE][PASSED] - Object: 'Object Repository/WIZARD/1Modelo De Negocio/2Elementos/Edicion de Elementos/btn_Actualizar' is clicked on

2024-03-11 09:43:47 - [TEST_STEP][PASSED] - delay(3): Delayed 3 second(s)

2024-03-11 09:43:50 - [MESSAGE][PASSED] - Delayed 3 second(s)

2024-03-11 09:43:50 - [TEST_STEP][PASSED] - click(findTestObject("WIZARD/1Modelo De Negocio/2Elementos/Nivel/Tipo Cliente/td_TC2")): Object: 'Object Repository/WIZARD/1Modelo De Negocio/2Elementos/Nivel/Tipo Cliente/td_TC2' is clicked on

2024-03-11 09:43:51 - [MESSAGE][PASSED] - Object: 'Object Repository/WIZARD/1Modelo De Negocio/2Elementos/Nivel/Tipo Cliente/td_TC2' is clicked on

2024-03-11 09:43:51 - [TEST_STEP][PASSED] - setText(findTestObject("WIZARD/1Modelo De Negocio/2Elementos/Edicion de Elementos/input_Nombre Elemento"), "Preferencial (P)"): Text 'Preferencial (P)' is set on object 'Object Repository/WIZARD/1Modelo De Negocio/2Elementos/Edicion de Elementos/input_Nombre Elemento'

2024-03-11 09:43:52 - [MESSAGE][PASSED] - Text 'Preferencial (P)' is set on object 'Object Repository/WIZARD/1Modelo De Negocio/2Elementos/Edicion de Elementos/input_Nombre Elemento'

2024-03-11 09:43:52 - [TEST_STEP][PASSED] - setText(findTestObject("WIZARD/1Modelo De Negocio/2Elementos/Edicion de Elementos/input_Descripcion Elemento"), "Preferencial (P)"): Text 'Preferencial (P)' is set on object 'Object Repository/WIZARD/1Modelo De Negocio/2Elementos/Edicion de Elementos/input_Descripcion Elemento'

2024-03-11 09:43:53 - [MESSAGE][PASSED] - Text 'Preferencial (P)' is set on object 'Object Repository/WIZARD/1Modelo De Negocio/2Elementos/Edicion de Elementos/input_Descripcion Elemento'

2024-03-11 09:43:53 - [TEST_STEP][PASSED] - executeJavaScript("return document.getElementById('ContentPlaceHolder1_lnkTiempoMaxAtencion').click()", []): Execute JavaScript 'return document.getElementById('ContentPlaceHolder1_lnkTiempoMaxAtencion').click()' successfully

2024-03-11 09:43:53 - [MESSAGE][PASSED] - Execute JavaScript 'return document.getElementById('ContentPlaceHolder1_lnkTiempoMaxAtencion').click()' successfully

2024-03-11 09:43:53 - [TEST_STEP][PASSED] - delay(2): Delayed 2 second(s)

2024-03-11 09:43:55 - [MESSAGE][PASSED] - Delayed 2 second(s)

2024-03-11 09:43:55 - [TEST_STEP][PASSED] - executeJavaScript("return document.getElementById('ContentPlaceHolder1_TimeSpanControlMaxTiempo_txtMinuto').value=10", []): Execute JavaScript 'return document.getElementById('ContentPlaceHolder1_TimeSpanControlMaxTiempo_txtMinuto').value=10' successfully

2024-03-11 09:43:55 - [MESSAGE][PASSED] - Execute JavaScript 'return document.getElementById('ContentPlaceHolder1_TimeSpanControlMaxTiempo_txtMinuto').value=10' successfully

2024-03-11 09:43:55 - [TEST_STEP][PASSED] - delay(2): Delayed 2 second(s)

2024-03-11 09:43:57 - [MESSAGE][PASSED] - Delayed 2 second(s)

2024-03-11 09:43:57 - [TEST_STEP][PASSED] - click(findTestObject("WIZARD/1Modelo De Negocio/2ModalTiempoMaxAtencion/btn_Aceptar")): Object: 'Object Repository/WIZARD/1Modelo De Negocio/2ModalTiempoMaxAtencion/btn_Aceptar' is clicked on

2024-03-11 09:43:57 - [MESSAGE][PASSED] - Object: 'Object Repository/WIZARD/1Modelo De Negocio/2ModalTiempoMaxAtencion/btn_Aceptar' is clicked on

2024-03-11 09:43:57 - [TEST_STEP][PASSED] - delay(3): Delayed 3 second(s)

2024-03-11 09:44:00 - [MESSAGE][PASSED] - Delayed 3 second(s)

2024-03-11 09:44:00 - [TEST_STEP][PASSED] - executeJavaScript("return document.getElementById('ContentPlaceHolder1_lnkTiempoControaldoAtencion').click()", []): Execute JavaScript 'return document.getElementById('ContentPlaceHolder1_lnkTiempoControaldoAtencion').click()' successfully

2024-03-11 09:44:00 - [MESSAGE][PASSED] - Execute JavaScript 'return document.getElementById('ContentPlaceHolder1_lnkTiempoControaldoAtencion').click()' successfully

2024-03-11 09:44:00 - [TEST_STEP][PASSED] - delay(2): Delayed 2 second(s)

2024-03-11 09:44:02 - [MESSAGE][PASSED] - Delayed 2 second(s)

2024-03-11 09:44:02 - [TEST_STEP][PASSED] - executeJavaScript("return document.getElementById('ContentPlaceHolder1_TimeSpanControlTiempoControlado_txtMinuto').value=5", []): Execute JavaScript 'return document.getElementById('ContentPlaceHolder1_TimeSpanControlTiempoControlado_txtMinuto').value=5' successfully

2024-03-11 09:44:02 - [MESSAGE][PASSED] - Execute JavaScript 'return document.getElementById('ContentPlaceHolder1_TimeSpanControlTiempoControlado_txtMinuto').value=5' successfully

2024-03-11 09:44:02 - [TEST_STEP][PASSED] - delay(2): Delayed 2 second(s)

2024-03-11 09:44:04 - [MESSAGE][PASSED] - Delayed 2 second(s)

2024-03-11 09:44:04 - [TEST_STEP][PASSED] - click(findTestObject("WIZARD/1Modelo De Negocio/2Modal Tiempo Controlado de atencion/btn_Aceptar")): Object: 'Object Repository/WIZARD/1Modelo De Negocio/2Modal Tiempo Controlado de atencion/btn_Aceptar' is clicked on

2024-03-11 09:44:05 - [MESSAGE][PASSED] - Object: 'Object Repository/WIZARD/1Modelo De Negocio/2Modal Tiempo Controlado de atencion/btn_Aceptar' is clicked on

2024-03-11 09:44:05 - [TEST_STEP][PASSED] - delay(3): Delayed 3 second(s)

2024-03-11 09:44:08 - [MESSAGE][PASSED] - Delayed 3 second(s)

2024-03-11 09:44:08 - [TEST_STEP][PASSED] - click(findTestObject("WIZARD/1Modelo De Negocio/2Elementos/Edicion de Elementos/btn_Actualizar")): Object: 'Object Repository/WIZARD/1Modelo De Negocio/2Elementos/Edicion de Elementos/btn_Actualizar' is clicked on

2024-03-11 09:44:08 - [MESSAGE][PASSED] - Object: 'Object Repository/WIZARD/1Modelo De Negocio/2Elementos/Edicion de Elementos/btn_Actualizar' is clicked on

2024-03-11 09:44:08 - [TEST_STEP][PASSED] - delay(3): Delayed 3 second(s)

2024-03-11 09:44:11 - [MESSAGE][PASSED] - Delayed 3 second(s)

2024-03-11 09:44:11 - [TEST_STEP][PASSED] - Start listener action : sampleAfterTestCase: null]]></system-out>
         <system-err><![CDATA[]]></system-err>
      </testcase>
      <system-out><![CDATA[2024-03-11 09:43:06 - [TEST_SUITE][PASSED] - 2.2 Creacion Elementos Tipo Cliente: Test Cases/WIZARD/1Modelo De Negocio/2.2 Creacion Elementos Tipo Cliente]]></system-out>
      <system-err><![CDATA[]]></system-err>
   </testsuite>
</testsuites>
