<?xml version="1.0" encoding="UTF-8"?>
<testsuites name="67 Administracion de Redes" time="56.107" tests="1" failures="0" errors="0">
   <testsuite name="67 Administracion de Redes" tests="1" failures="0" errors="0" time="56.107" skipped="0" timestamp="2024-04-08 09:59:30" hostname="jdavila - PCPruebas101.ciel.cielingenieria.com" id="Test Suites/DIGITURNO/BASICO/67 Administracion de Redes">
      <properties>
         <property name="deviceName" value=""/>
         <property name="devicePlatform" value=""/>
         <property name="logFolder" value="C:\\CIEL INGENIERIA\\Katalon\\Digiturno55\\Reports\\20240408_090839\\DIGITURNO\\BASICO\\67 Administracion de Redes\\20240408_090948"/>
         <property name="logFiles" value="C:\\CIEL INGENIERIA\\Katalon\\Digiturno55\\Reports\\20240408_090839\\DIGITURNO\\BASICO\\67 Administracion de Redes\\20240408_090948\\execution0.log"/>
         <property name="attachments" value="C:\\CIEL INGENIERIA\\Katalon\\Digiturno55\\Reports\\20240408_090839\\DIGITURNO\\BASICO\\67 Administracion de Redes\\20240408_090948\\1712588386576.png, C:\\CIEL INGENIERIA\\Katalon\\Digiturno55\\Reports\\20240408_090839\\DIGITURNO\\BASICO\\67 Administracion de Redes\\20240408_090948\\1712588394155.png, C:\\CIEL INGENIERIA\\Katalon\\Digiturno55\\Reports\\20240408_090839\\DIGITURNO\\BASICO\\67 Administracion de Redes\\20240408_090948\\1712588422336.png"/>
         <property name="hostName" value="jdavila - PCPruebas101.ciel.cielingenieria.com"/>
         <property name="os" value="Windows 10 64bit"/>
         <property name="katalonVersion" value="8.6.9.208"/>
         <property name="browser" value="Chrome 123.0.0.0"/>
         <property name="hostAddress" value="192.168.0.6"/>
         <property name="sessionId" value="74e26d1cdc2d27a352690926de55bb22"/>
         <property name="seleniumVersion" value="3.141.59"/>
         <property name="proxyInformation" value="ProxyInformation { proxyOption=NO_PROXY, proxyServerType=HTTP, username=, password=********, proxyServerAddress=, proxyServerPort=0, executionList=&quot;&quot;, isApplyToDesiredCapabilities=true }"/>
         <property name="platform" value="Windows 10"/>
      </properties>
      <testcase name="Test Cases/DIGITURNO/BASICO/67 Administracion de Redes" time="55.849" classname="Test Cases/DIGITURNO/BASICO/67 Administracion de Redes" status="PASSED">
         <system-out><![CDATA[2024-04-08 09:59:30 - [TEST_CASE][PASSED] - Test Cases/DIGITURNO/BASICO/67 Administracion de Redes: Test Cases/DIGITURNO/BASICO/67 Administracion de Redes

2024-04-08 09:59:30 - [TEST_STEP][PASSED] - callTestCase(findTestCase("DIGITURNO/BASICO/32 Elementos del Sistema"), [:], STOP_ON_FAILURE): Call Test Case 'Test Cases/DIGITURNO/BASICO/32 Elementos del Sistema' successfully

2024-04-08 09:59:30 - [TEST_CASE][PASSED] - Test Cases/DIGITURNO/BASICO/32 Elementos del Sistema: Test Cases/DIGITURNO/BASICO/32 Elementos del Sistema

2024-04-08 09:59:31 - [TEST_STEP][PASSED] - callTestCase(findTestCase("DIGITURNO/BASICO/3 Configuracion"), [:], STOP_ON_FAILURE): Call Test Case 'Test Cases/DIGITURNO/BASICO/3 Configuracion' successfully

2024-04-08 09:59:31 - [TEST_CASE][PASSED] - Test Cases/DIGITURNO/BASICO/3 Configuracion: Test Cases/DIGITURNO/BASICO/3 Configuracion

2024-04-08 09:59:31 - [TEST_STEP][PASSED] - callTestCase(findTestCase("0InicioSesion"), [:], STOP_ON_FAILURE): Call Test Case 'Test Cases/0InicioSesion' successfully

2024-04-08 09:59:31 - [TEST_CASE][PASSED] - Test Cases/0InicioSesion: Test Cases/0InicioSesion

2024-04-08 09:59:31 - [TEST_STEP][PASSED] - openBrowser(UrlDigiturno): Browser is opened with url: 'https://PCPruebas101.ciel.cielingenieria.com:8910'

2024-04-08 09:59:32 - [MESSAGE][INFO] - Starting 'Chrome' driver

2024-04-08 09:59:32 - [MESSAGE][INFO] - User set preference: ['args', '[--use-fake-ui-for-media-stream, --disable-notifications]']

2024-04-08 09:59:32 - [MESSAGE][INFO] - Action delay is set to 0 milliseconds

2024-04-08 09:59:34 - [MESSAGE][PASSED] - Browser is opened with url: 'https://PCPruebas101.ciel.cielingenieria.com:8910'

2024-04-08 09:59:34 - [TEST_STEP][PASSED] - maximizeWindow(): Current window maximized

2024-04-08 09:59:34 - [MESSAGE][PASSED] - Current window maximized

2024-04-08 09:59:34 - [TEST_STEP][PASSED] - delay(3): Delayed 3 second(s)

2024-04-08 09:59:37 - [MESSAGE][PASSED] - Delayed 3 second(s)

2024-04-08 09:59:37 - [TEST_STEP][PASSED] - setText(findTestObject("0Inicio Sesion/input_Usuario"), "Ciel"): Text 'Ciel' is set on object 'Object Repository/0Inicio Sesion/input_Usuario'

2024-04-08 09:59:38 - [MESSAGE][PASSED] - Text 'Ciel' is set on object 'Object Repository/0Inicio Sesion/input_Usuario'

2024-04-08 09:59:38 - [TEST_STEP][PASSED] - setText(findTestObject("0Inicio Sesion/input_Clave"), "digiturno"): Text 'digiturno' is set on object 'Object Repository/0Inicio Sesion/input_Clave'

2024-04-08 09:59:39 - [MESSAGE][PASSED] - Text 'digiturno' is set on object 'Object Repository/0Inicio Sesion/input_Clave'

2024-04-08 09:59:39 - [TEST_STEP][PASSED] - click(findTestObject("0Inicio Sesion/btn_IniciarSesion")): Object: 'Object Repository/0Inicio Sesion/btn_IniciarSesion' is clicked on

2024-04-08 09:59:39 - [MESSAGE][PASSED] - Object: 'Object Repository/0Inicio Sesion/btn_IniciarSesion' is clicked on

2024-04-08 09:59:39 - [TEST_STEP][PASSED] - delay(3): Delayed 3 second(s)

2024-04-08 09:59:42 - [MESSAGE][PASSED] - Delayed 3 second(s)

2024-04-08 09:59:42 - [MESSAGE][PASSED] - Call Test Case 'Test Cases/0InicioSesion' successfully

2024-04-08 09:59:42 - [TEST_STEP][PASSED] - click(findTestObject("DIGITURNO/1Principal/img_Configuracion(1)")): Object: 'Object Repository/DIGITURNO/1Principal/img_Configuracion(1)' is clicked on

2024-04-08 09:59:43 - [MESSAGE][PASSED] - Object: 'Object Repository/DIGITURNO/1Principal/img_Configuracion(1)' is clicked on

2024-04-08 09:59:43 - [TEST_STEP][PASSED] - delay(3): Delayed 3 second(s)

2024-04-08 09:59:46 - [MESSAGE][PASSED] - Delayed 3 second(s)

2024-04-08 09:59:46 - [TEST_STEP][PASSED] - takeFullPageScreenshot(): Taking screenshot successfully

2024-04-08 09:59:47 - [MESSAGE][INFO] - 0 hidden object(s)

2024-04-08 09:59:47 - [MESSAGE][PASSED] - Taking screenshot successfully
[[ATTACHMENT|C:\\CIEL INGENIERIA\\Katalon\\Digiturno55\\Reports\\20240408_090839\\DIGITURNO\\BASICO\\67 Administracion de Redes\\20240408_090948\\1712588386576.png]]

2024-04-08 09:59:47 - [TEST_STEP][PASSED] - delay(3): Delayed 3 second(s)

2024-04-08 09:59:50 - [MESSAGE][PASSED] - Delayed 3 second(s)

2024-04-08 09:59:50 - [MESSAGE][PASSED] - Call Test Case 'Test Cases/DIGITURNO/BASICO/3 Configuracion' successfully

2024-04-08 09:59:50 - [TEST_STEP][PASSED] - click(findTestObject("DIGITURNO/CONFIGURACION/0Principal/img_6Elementos del sistema")): Object: 'Object Repository/DIGITURNO/CONFIGURACION/0Principal/img_6Elementos del sistema' is clicked on

2024-04-08 09:59:51 - [MESSAGE][PASSED] - Object: 'Object Repository/DIGITURNO/CONFIGURACION/0Principal/img_6Elementos del sistema' is clicked on

2024-04-08 09:59:51 - [TEST_STEP][PASSED] - delay(3): Delayed 3 second(s)

2024-04-08 09:59:54 - [MESSAGE][PASSED] - Delayed 3 second(s)

2024-04-08 09:59:54 - [TEST_STEP][PASSED] - takeFullPageScreenshot(): Taking screenshot successfully

2024-04-08 09:59:54 - [MESSAGE][INFO] - 0 hidden object(s)

2024-04-08 09:59:55 - [MESSAGE][PASSED] - Taking screenshot successfully
[[ATTACHMENT|C:\\CIEL INGENIERIA\\Katalon\\Digiturno55\\Reports\\20240408_090839\\DIGITURNO\\BASICO\\67 Administracion de Redes\\20240408_090948\\1712588394155.png]]

2024-04-08 09:59:55 - [TEST_STEP][PASSED] - delay(3): Delayed 3 second(s)

2024-04-08 09:59:58 - [MESSAGE][PASSED] - Delayed 3 second(s)

2024-04-08 09:59:58 - [MESSAGE][PASSED] - Call Test Case 'Test Cases/DIGITURNO/BASICO/32 Elementos del Sistema' successfully

2024-04-08 09:59:58 - [TEST_STEP][PASSED] - click(findTestObject("DIGITURNO/CONFIGURACION/6Elementos del Sistema/0Principal/img_7Redes")): Object: 'Object Repository/DIGITURNO/CONFIGURACION/6Elementos del Sistema/0Principal/img_7Redes' is clicked on

2024-04-08 10:00:00 - [MESSAGE][PASSED] - Object: 'Object Repository/DIGITURNO/CONFIGURACION/6Elementos del Sistema/0Principal/img_7Redes' is clicked on

2024-04-08 10:00:00 - [TEST_STEP][PASSED] - delay(3): Delayed 3 second(s)

2024-04-08 10:00:03 - [MESSAGE][PASSED] - Delayed 3 second(s)

2024-04-08 10:00:03 - [TEST_STEP][PASSED] - setText(findTestObject("DIGITURNO/CONFIGURACION/6Elementos del Sistema/7 Redes/Administracion/span_Administrador de recursos locales(1)/Edicion Administrador Recursos Locales/input_Nombre"), "Prueba"): Text 'Prueba' is set on object 'Object Repository/DIGITURNO/CONFIGURACION/6Elementos del Sistema/7 Redes/Administracion/span_Administrador de recursos locales(1)/Edicion Administrador Recursos Locales/input_Nombre'

2024-04-08 10:00:04 - [MESSAGE][PASSED] - Text 'Prueba' is set on object 'Object Repository/DIGITURNO/CONFIGURACION/6Elementos del Sistema/7 Redes/Administracion/span_Administrador de recursos locales(1)/Edicion Administrador Recursos Locales/input_Nombre'

2024-04-08 10:00:04 - [TEST_STEP][PASSED] - setText(findTestObject("DIGITURNO/CONFIGURACION/6Elementos del Sistema/7 Redes/Administracion/span_Administrador de recursos locales(1)/Edicion Administrador Recursos Locales/textarea_Descripcion"), "Prueba"): Text 'Prueba' is set on object 'Object Repository/DIGITURNO/CONFIGURACION/6Elementos del Sistema/7 Redes/Administracion/span_Administrador de recursos locales(1)/Edicion Administrador Recursos Locales/textarea_Descripcion'

2024-04-08 10:00:04 - [MESSAGE][PASSED] - Text 'Prueba' is set on object 'Object Repository/DIGITURNO/CONFIGURACION/6Elementos del Sistema/7 Redes/Administracion/span_Administrador de recursos locales(1)/Edicion Administrador Recursos Locales/textarea_Descripcion'

2024-04-08 10:00:04 - [TEST_STEP][PASSED] - click(findTestObject("DIGITURNO/CONFIGURACION/6Elementos del Sistema/7 Redes/Administracion/span_Administrador de recursos locales(1)/Edicion Administrador Recursos Locales/img_Nuevo")): Object: 'Object Repository/DIGITURNO/CONFIGURACION/6Elementos del Sistema/7 Redes/Administracion/span_Administrador de recursos locales(1)/Edicion Administrador Recursos Locales/img_Nuevo' is clicked on

2024-04-08 10:00:05 - [MESSAGE][PASSED] - Object: 'Object Repository/DIGITURNO/CONFIGURACION/6Elementos del Sistema/7 Redes/Administracion/span_Administrador de recursos locales(1)/Edicion Administrador Recursos Locales/img_Nuevo' is clicked on

2024-04-08 10:00:05 - [TEST_STEP][PASSED] - delay(3): Delayed 3 second(s)

2024-04-08 10:00:08 - [MESSAGE][PASSED] - Delayed 3 second(s)

2024-04-08 10:00:08 - [TEST_STEP][PASSED] - click(findTestObject("DIGITURNO/CONFIGURACION/6Elementos del Sistema/7 Redes/Administracion/span_Redes")): Object: 'Object Repository/DIGITURNO/CONFIGURACION/6Elementos del Sistema/7 Redes/Administracion/span_Redes' is clicked on

2024-04-08 10:00:08 - [MESSAGE][PASSED] - Object: 'Object Repository/DIGITURNO/CONFIGURACION/6Elementos del Sistema/7 Redes/Administracion/span_Redes' is clicked on

2024-04-08 10:00:08 - [TEST_STEP][PASSED] - delay(2): Delayed 2 second(s)

2024-04-08 10:00:10 - [MESSAGE][PASSED] - Delayed 2 second(s)

2024-04-08 10:00:10 - [TEST_STEP][PASSED] - setText(findTestObject("DIGITURNO/CONFIGURACION/6Elementos del Sistema/7 Redes/Administracion/span_Redes(1)/Edicion Redes/input_Nombre Red"), "Prueba"): Text 'Prueba' is set on object 'Object Repository/DIGITURNO/CONFIGURACION/6Elementos del Sistema/7 Redes/Administracion/span_Redes(1)/Edicion Redes/input_Nombre Red'

2024-04-08 10:00:11 - [MESSAGE][PASSED] - Text 'Prueba' is set on object 'Object Repository/DIGITURNO/CONFIGURACION/6Elementos del Sistema/7 Redes/Administracion/span_Redes(1)/Edicion Redes/input_Nombre Red'

2024-04-08 10:00:11 - [TEST_STEP][PASSED] - selectOptionByValue(findTestObject("DIGITURNO/CONFIGURACION/6Elementos del Sistema/7 Redes/Administracion/span_Redes(1)/Edicion Redes/select_Administrador Recursos Locales"), "Prueba", false): All options with value 'Prueba' are selected in object 'Object Repository/DIGITURNO/CONFIGURACION/6Elementos del Sistema/7 Redes/Administracion/span_Redes(1)/Edicion Redes/select_Administrador Recursos Locales' 

2024-04-08 10:00:12 - [MESSAGE][PASSED] - All options with value 'Prueba' are selected in object 'Object Repository/DIGITURNO/CONFIGURACION/6Elementos del Sistema/7 Redes/Administracion/span_Redes(1)/Edicion Redes/select_Administrador Recursos Locales' 

2024-04-08 10:00:12 - [TEST_STEP][PASSED] - delay(3): Delayed 3 second(s)

2024-04-08 10:00:15 - [MESSAGE][PASSED] - Delayed 3 second(s)

2024-04-08 10:00:15 - [TEST_STEP][PASSED] - click(findTestObject("DIGITURNO/CONFIGURACION/6Elementos del Sistema/7 Redes/Administracion/span_Redes(1)/Edicion Redes/label_Serial")): Object: 'Object Repository/DIGITURNO/CONFIGURACION/6Elementos del Sistema/7 Redes/Administracion/span_Redes(1)/Edicion Redes/label_Serial' is clicked on

2024-04-08 10:00:16 - [MESSAGE][PASSED] - Object: 'Object Repository/DIGITURNO/CONFIGURACION/6Elementos del Sistema/7 Redes/Administracion/span_Redes(1)/Edicion Redes/label_Serial' is clicked on

2024-04-08 10:00:16 - [TEST_STEP][PASSED] - delay(2): Delayed 2 second(s)

2024-04-08 10:00:18 - [MESSAGE][PASSED] - Delayed 2 second(s)

2024-04-08 10:00:18 - [TEST_STEP][PASSED] - setText(findTestObject("DIGITURNO/CONFIGURACION/6Elementos del Sistema/7 Redes/Administracion/span_Redes(1)/Edicion Redes/Serial/input_Puerto"), "1111111"): Text '1111111' is set on object 'Object Repository/DIGITURNO/CONFIGURACION/6Elementos del Sistema/7 Redes/Administracion/span_Redes(1)/Edicion Redes/Serial/input_Puerto'

2024-04-08 10:00:18 - [MESSAGE][PASSED] - Text '1111111' is set on object 'Object Repository/DIGITURNO/CONFIGURACION/6Elementos del Sistema/7 Redes/Administracion/span_Redes(1)/Edicion Redes/Serial/input_Puerto'

2024-04-08 10:00:18 - [TEST_STEP][PASSED] - click(findTestObject("DIGITURNO/CONFIGURACION/6Elementos del Sistema/7 Redes/Administracion/span_Redes(1)/Edicion Redes/img_Nuevo")): Object: 'Object Repository/DIGITURNO/CONFIGURACION/6Elementos del Sistema/7 Redes/Administracion/span_Redes(1)/Edicion Redes/img_Nuevo' is clicked on

2024-04-08 10:00:19 - [MESSAGE][PASSED] - Object: 'Object Repository/DIGITURNO/CONFIGURACION/6Elementos del Sistema/7 Redes/Administracion/span_Redes(1)/Edicion Redes/img_Nuevo' is clicked on

2024-04-08 10:00:19 - [TEST_STEP][PASSED] - delay(3): Delayed 3 second(s)

2024-04-08 10:00:22 - [MESSAGE][PASSED] - Delayed 3 second(s)

2024-04-08 10:00:22 - [TEST_STEP][PASSED] - takeFullPageScreenshot(): Taking screenshot successfully

2024-04-08 10:00:22 - [MESSAGE][INFO] - 0 hidden object(s)

2024-04-08 10:00:23 - [MESSAGE][PASSED] - Taking screenshot successfully
[[ATTACHMENT|C:\\CIEL INGENIERIA\\Katalon\\Digiturno55\\Reports\\20240408_090839\\DIGITURNO\\BASICO\\67 Administracion de Redes\\20240408_090948\\1712588422336.png]]

2024-04-08 10:00:23 - [TEST_STEP][PASSED] - delay(3): Delayed 3 second(s)

2024-04-08 10:00:26 - [MESSAGE][PASSED] - Delayed 3 second(s)

2024-04-08 10:00:26 - [TEST_STEP][PASSED] - Start listener action : sampleAfterTestCase: null]]></system-out>
         <system-err><![CDATA[]]></system-err>
      </testcase>
      <system-out><![CDATA[2024-04-08 09:59:30 - [TEST_SUITE][PASSED] - 67 Administracion de Redes: Test Cases/DIGITURNO/BASICO/67 Administracion de Redes]]></system-out>
      <system-err><![CDATA[]]></system-err>
   </testsuite>
</testsuites>
