<?xml version="1.0" encoding="UTF-8"?>
<testsuites name="5.6 Creacion Columnas Tablero Cartagena" time="63.392" tests="1" failures="0" errors="0">
   <testsuite name="5.6 Creacion Columnas Tablero Cartagena" tests="1" failures="0" errors="0" time="63.392" skipped="0" timestamp="2024-01-15 10:39:30" hostname="jdavila - PCPruebas101.ciel.cielingenieria.com" id="Test Suites/WIZARD/3Infraestructura/6Tableros/5.6 Creacion Columnas Tablero Cartagena">
      <properties>
         <property name="deviceName" value=""/>
         <property name="devicePlatform" value=""/>
         <property name="logFolder" value="C:\\CIEL INGENIERIA\\Katalon\\Digiturno55\\Reports\\20240115_094157\\WIZARD\\3Infraestructura\\6Tableros\\5.6 Creacion Columnas Tablero Cartagena\\20240115_094315"/>
         <property name="logFiles" value="C:\\CIEL INGENIERIA\\Katalon\\Digiturno55\\Reports\\20240115_094157\\WIZARD\\3Infraestructura\\6Tableros\\5.6 Creacion Columnas Tablero Cartagena\\20240115_094315\\execution0.log"/>
         <property name="attachments" value="C:\\CIEL INGENIERIA\\Katalon\\Digiturno55\\Reports\\20240115_094157\\WIZARD\\3Infraestructura\\6Tableros\\5.6 Creacion Columnas Tablero Cartagena\\20240115_094315\\1705333229939.png"/>
         <property name="hostName" value="jdavila - PCPruebas101.ciel.cielingenieria.com"/>
         <property name="os" value="Windows 10 64bit"/>
         <property name="katalonVersion" value="8.6.8.208"/>
         <property name="browser" value="Chrome 120.0.0.0"/>
         <property name="hostAddress" value="192.168.0.9"/>
         <property name="sessionId" value="9372a59d1915581328bf4220abe4604d"/>
         <property name="seleniumVersion" value="3.141.59"/>
         <property name="proxyInformation" value="ProxyInformation { proxyOption=NO_PROXY, proxyServerType=HTTP, username=, password=********, proxyServerAddress=, proxyServerPort=0, executionList=&quot;&quot;, isApplyToDesiredCapabilities=true }"/>
         <property name="platform" value="Windows 10"/>
      </properties>
      <testcase name="Test Cases/WIZARD/3Infraestructura/6Tableros/5.6 Creacion Columnas Tablero Cartagena" time="63.163" classname="Test Cases/WIZARD/3Infraestructura/6Tableros/5.6 Creacion Columnas Tablero Cartagena" status="PASSED">
         <system-out><![CDATA[2024-01-15 10:39:30 - [TEST_CASE][PASSED] - Test Cases/WIZARD/3Infraestructura/6Tableros/5.6 Creacion Columnas Tablero Cartagena: Test Cases/WIZARD/3Infraestructura/6Tableros/5.6 Creacion Columnas Tablero Cartagena

2024-01-15 10:39:30 - [TEST_STEP][PASSED] - callTestCase(findTestCase("0InicioSesion"), [:], STOP_ON_FAILURE): Call Test Case 'Test Cases/0InicioSesion' successfully

2024-01-15 10:39:31 - [TEST_CASE][PASSED] - Test Cases/0InicioSesion: Test Cases/0InicioSesion

2024-01-15 10:39:31 - [TEST_STEP][PASSED] - openBrowser(UrlDigiturno): Browser is opened with url: 'https://PCPruebas101.ciel.cielingenieria.com:8610'

2024-01-15 10:39:31 - [MESSAGE][INFO] - Starting 'Chrome' driver

2024-01-15 10:39:31 - [MESSAGE][INFO] - User set preference: ['args', '[--use-fake-ui-for-media-stream, --disable-notifications]']

2024-01-15 10:39:31 - [MESSAGE][INFO] - Action delay is set to 0 milliseconds

2024-01-15 10:39:34 - [MESSAGE][PASSED] - Browser is opened with url: 'https://PCPruebas101.ciel.cielingenieria.com:8610'

2024-01-15 10:39:34 - [TEST_STEP][PASSED] - maximizeWindow(): Current window maximized

2024-01-15 10:39:34 - [MESSAGE][PASSED] - Current window maximized

2024-01-15 10:39:34 - [TEST_STEP][PASSED] - delay(3): Delayed 3 second(s)

2024-01-15 10:39:37 - [MESSAGE][PASSED] - Delayed 3 second(s)

2024-01-15 10:39:37 - [TEST_STEP][PASSED] - setText(findTestObject("0Inicio Sesion/input_Usuario"), "Ciel"): Text 'Ciel' is set on object 'Object Repository/0Inicio Sesion/input_Usuario'

2024-01-15 10:39:38 - [MESSAGE][PASSED] - Text 'Ciel' is set on object 'Object Repository/0Inicio Sesion/input_Usuario'

2024-01-15 10:39:38 - [TEST_STEP][PASSED] - setText(findTestObject("0Inicio Sesion/input_Clave"), "digiturno"): Text 'digiturno' is set on object 'Object Repository/0Inicio Sesion/input_Clave'

2024-01-15 10:39:38 - [MESSAGE][PASSED] - Text 'digiturno' is set on object 'Object Repository/0Inicio Sesion/input_Clave'

2024-01-15 10:39:38 - [TEST_STEP][PASSED] - click(findTestObject("0Inicio Sesion/btn_IniciarSesion")): Object: 'Object Repository/0Inicio Sesion/btn_IniciarSesion' is clicked on

2024-01-15 10:39:39 - [MESSAGE][PASSED] - Object: 'Object Repository/0Inicio Sesion/btn_IniciarSesion' is clicked on

2024-01-15 10:39:39 - [TEST_STEP][PASSED] - delay(3): Delayed 3 second(s)

2024-01-15 10:39:42 - [MESSAGE][PASSED] - Delayed 3 second(s)

2024-01-15 10:39:42 - [MESSAGE][PASSED] - Call Test Case 'Test Cases/0InicioSesion' successfully

2024-01-15 10:39:42 - [TEST_STEP][PASSED] - click(findTestObject("WIZARD/0Principal/img_InfraestructuraMAX")): Object: 'Object Repository/WIZARD/0Principal/img_InfraestructuraMAX' is clicked on

2024-01-15 10:39:43 - [MESSAGE][PASSED] - Object: 'Object Repository/WIZARD/0Principal/img_InfraestructuraMAX' is clicked on

2024-01-15 10:39:43 - [TEST_STEP][PASSED] - delay(3): Delayed 3 second(s)

2024-01-15 10:39:46 - [MESSAGE][PASSED] - Delayed 3 second(s)

2024-01-15 10:39:46 - [TEST_STEP][PASSED] - click(findTestObject("WIZARD/3Infraestructura/0Menu/span_Tableros")): Object: 'Object Repository/WIZARD/3Infraestructura/0Menu/span_Tableros' is clicked on

2024-01-15 10:39:47 - [MESSAGE][PASSED] - Object: 'Object Repository/WIZARD/3Infraestructura/0Menu/span_Tableros' is clicked on

2024-01-15 10:39:47 - [TEST_STEP][PASSED] - delay(3): Delayed 3 second(s)

2024-01-15 10:39:50 - [MESSAGE][PASSED] - Delayed 3 second(s)

2024-01-15 10:39:50 - [TEST_STEP][PASSED] - click(findTestObject("WIZARD/3Infraestructura/6Tableros/0OficinaModal/td_Cartagena - Bocagrande")): Object: 'Object Repository/WIZARD/3Infraestructura/6Tableros/0OficinaModal/td_Cartagena - Bocagrande' is clicked on

2024-01-15 10:39:50 - [MESSAGE][PASSED] - Object: 'Object Repository/WIZARD/3Infraestructura/6Tableros/0OficinaModal/td_Cartagena - Bocagrande' is clicked on

2024-01-15 10:39:50 - [TEST_STEP][PASSED] - delay(3): Delayed 3 second(s)

2024-01-15 10:39:53 - [MESSAGE][PASSED] - Delayed 3 second(s)

2024-01-15 10:39:53 - [TEST_STEP][PASSED] - click(findTestObject("WIZARD/3Infraestructura/6Tableros/Lista de Tableros/td_Tablero - 1")): Object: 'Object Repository/WIZARD/3Infraestructura/6Tableros/Lista de Tableros/td_Tablero - 1' is clicked on

2024-01-15 10:39:53 - [MESSAGE][PASSED] - Object: 'Object Repository/WIZARD/3Infraestructura/6Tableros/Lista de Tableros/td_Tablero - 1' is clicked on

2024-01-15 10:39:53 - [TEST_STEP][PASSED] - delay(3): Delayed 3 second(s)

2024-01-15 10:39:56 - [MESSAGE][PASSED] - Delayed 3 second(s)

2024-01-15 10:39:56 - [TEST_STEP][PASSED] - click(findTestObject("WIZARD/3Infraestructura/6Tableros/Configuracion/span_Columnas")): Object: 'Object Repository/WIZARD/3Infraestructura/6Tableros/Configuracion/span_Columnas' is clicked on

2024-01-15 10:39:57 - [MESSAGE][PASSED] - Object: 'Object Repository/WIZARD/3Infraestructura/6Tableros/Configuracion/span_Columnas' is clicked on

2024-01-15 10:39:57 - [TEST_STEP][PASSED] - delay(2): Delayed 2 second(s)

2024-01-15 10:39:59 - [MESSAGE][PASSED] - Delayed 2 second(s)

2024-01-15 10:39:59 - [TEST_STEP][PASSED] - setText(findTestObject("WIZARD/3Infraestructura/6Tableros/Configuracion/Columnas/input_Nombre"), "Turno"): Text 'Turno' is set on object 'Object Repository/WIZARD/3Infraestructura/6Tableros/Configuracion/Columnas/input_Nombre'

2024-01-15 10:40:00 - [MESSAGE][PASSED] - Text 'Turno' is set on object 'Object Repository/WIZARD/3Infraestructura/6Tableros/Configuracion/Columnas/input_Nombre'

2024-01-15 10:40:00 - [TEST_STEP][PASSED] - setText(findTestObject("WIZARD/3Infraestructura/6Tableros/Configuracion/Columnas/textarea_Descripcion"), "Turno"): Text 'Turno' is set on object 'Object Repository/WIZARD/3Infraestructura/6Tableros/Configuracion/Columnas/textarea_Descripcion'

2024-01-15 10:40:01 - [MESSAGE][PASSED] - Text 'Turno' is set on object 'Object Repository/WIZARD/3Infraestructura/6Tableros/Configuracion/Columnas/textarea_Descripcion'

2024-01-15 10:40:01 - [TEST_STEP][PASSED] - setText(findTestObject("WIZARD/3Infraestructura/6Tableros/Configuracion/Columnas/input_Titulo"), "Turno"): Text 'Turno' is set on object 'Object Repository/WIZARD/3Infraestructura/6Tableros/Configuracion/Columnas/input_Titulo'

2024-01-15 10:40:01 - [MESSAGE][PASSED] - Text 'Turno' is set on object 'Object Repository/WIZARD/3Infraestructura/6Tableros/Configuracion/Columnas/input_Titulo'

2024-01-15 10:40:01 - [TEST_STEP][PASSED] - scrollToElement(findTestObject("WIZARD/3Infraestructura/6Tableros/Configuracion/Columnas/btn_Atributos"), 2): Scroll to object 'Object Repository/WIZARD/3Infraestructura/6Tableros/Configuracion/Columnas/btn_Atributos' successfully

2024-01-15 10:40:02 - [MESSAGE][PASSED] - Scroll to object 'Object Repository/WIZARD/3Infraestructura/6Tableros/Configuracion/Columnas/btn_Atributos' successfully

2024-01-15 10:40:02 - [TEST_STEP][PASSED] - check(findTestObject("WIZARD/3Infraestructura/6Tableros/Configuracion/Edicion/Label/Columnas/label_Habilitada")): Object 'Object Repository/WIZARD/3Infraestructura/6Tableros/Configuracion/Edicion/Label/Columnas/label_Habilitada' is checked

2024-01-15 10:40:02 - [MESSAGE][PASSED] - Object 'Object Repository/WIZARD/3Infraestructura/6Tableros/Configuracion/Edicion/Label/Columnas/label_Habilitada' is checked

2024-01-15 10:40:02 - [TEST_STEP][PASSED] - click(findTestObject("WIZARD/3Infraestructura/6Tableros/Configuracion/Columnas/btn_Atributos")): Object: 'Object Repository/WIZARD/3Infraestructura/6Tableros/Configuracion/Columnas/btn_Atributos' is clicked on

2024-01-15 10:40:03 - [MESSAGE][PASSED] - Object: 'Object Repository/WIZARD/3Infraestructura/6Tableros/Configuracion/Columnas/btn_Atributos' is clicked on

2024-01-15 10:40:03 - [TEST_STEP][PASSED] - delay(3): Delayed 3 second(s)

2024-01-15 10:40:06 - [MESSAGE][PASSED] - Delayed 3 second(s)

2024-01-15 10:40:06 - [TEST_STEP][PASSED] - click(findTestObject("WIZARD/3Infraestructura/6Tableros/Configuracion/Columnas/btn_Atributos (1)/a_Turno.Numero")): Object: 'Object Repository/WIZARD/3Infraestructura/6Tableros/Configuracion/Columnas/btn_Atributos (1)/a_Turno.Numero' is clicked on

2024-01-15 10:40:06 - [MESSAGE][PASSED] - Object: 'Object Repository/WIZARD/3Infraestructura/6Tableros/Configuracion/Columnas/btn_Atributos (1)/a_Turno.Numero' is clicked on

2024-01-15 10:40:06 - [TEST_STEP][PASSED] - delay(2): Delayed 2 second(s)

2024-01-15 10:40:08 - [MESSAGE][PASSED] - Delayed 2 second(s)

2024-01-15 10:40:08 - [TEST_STEP][PASSED] - scrollToPosition(0, 0): Browser is scrolled to position x = 0, y = 0

2024-01-15 10:40:08 - [MESSAGE][PASSED] - Browser is scrolled to position x = 0, y = 0

2024-01-15 10:40:08 - [TEST_STEP][PASSED] - delay(2): Delayed 2 second(s)

2024-01-15 10:40:10 - [MESSAGE][PASSED] - Delayed 2 second(s)

2024-01-15 10:40:10 - [TEST_STEP][PASSED] - click(findTestObject("WIZARD/3Infraestructura/6Tableros/Configuracion/Columnas/img_Nuevo")): Object: 'Object Repository/WIZARD/3Infraestructura/6Tableros/Configuracion/Columnas/img_Nuevo' is clicked on

2024-01-15 10:40:11 - [MESSAGE][PASSED] - Object: 'Object Repository/WIZARD/3Infraestructura/6Tableros/Configuracion/Columnas/img_Nuevo' is clicked on

2024-01-15 10:40:11 - [TEST_STEP][PASSED] - delay(3): Delayed 3 second(s)

2024-01-15 10:40:14 - [MESSAGE][PASSED] - Delayed 3 second(s)

2024-01-15 10:40:14 - [TEST_STEP][PASSED] - scrollToElement(findTestObject("WIZARD/3Infraestructura/6Tableros/Configuracion/Columnas/input_Nombre"), 2): Scroll to object 'Object Repository/WIZARD/3Infraestructura/6Tableros/Configuracion/Columnas/input_Nombre' successfully

2024-01-15 10:40:14 - [MESSAGE][PASSED] - Scroll to object 'Object Repository/WIZARD/3Infraestructura/6Tableros/Configuracion/Columnas/input_Nombre' successfully

2024-01-15 10:40:14 - [TEST_STEP][PASSED] - setText(findTestObject("WIZARD/3Infraestructura/6Tableros/Configuracion/Columnas/input_Nombre"), "Modulo"): Text 'Modulo' is set on object 'Object Repository/WIZARD/3Infraestructura/6Tableros/Configuracion/Columnas/input_Nombre'

2024-01-15 10:40:15 - [MESSAGE][PASSED] - Text 'Modulo' is set on object 'Object Repository/WIZARD/3Infraestructura/6Tableros/Configuracion/Columnas/input_Nombre'

2024-01-15 10:40:15 - [TEST_STEP][PASSED] - setText(findTestObject("WIZARD/3Infraestructura/6Tableros/Configuracion/Columnas/textarea_Descripcion"), "Modulo"): Text 'Modulo' is set on object 'Object Repository/WIZARD/3Infraestructura/6Tableros/Configuracion/Columnas/textarea_Descripcion'

2024-01-15 10:40:16 - [MESSAGE][PASSED] - Text 'Modulo' is set on object 'Object Repository/WIZARD/3Infraestructura/6Tableros/Configuracion/Columnas/textarea_Descripcion'

2024-01-15 10:40:16 - [TEST_STEP][PASSED] - setText(findTestObject("WIZARD/3Infraestructura/6Tableros/Configuracion/Columnas/input_Titulo"), "Modulo"): Text 'Modulo' is set on object 'Object Repository/WIZARD/3Infraestructura/6Tableros/Configuracion/Columnas/input_Titulo'

2024-01-15 10:40:17 - [MESSAGE][PASSED] - Text 'Modulo' is set on object 'Object Repository/WIZARD/3Infraestructura/6Tableros/Configuracion/Columnas/input_Titulo'

2024-01-15 10:40:17 - [TEST_STEP][PASSED] - scrollToElement(findTestObject("WIZARD/3Infraestructura/6Tableros/Configuracion/Columnas/btn_Atributos"), 2): Scroll to object 'Object Repository/WIZARD/3Infraestructura/6Tableros/Configuracion/Columnas/btn_Atributos' successfully

2024-01-15 10:40:17 - [MESSAGE][PASSED] - Scroll to object 'Object Repository/WIZARD/3Infraestructura/6Tableros/Configuracion/Columnas/btn_Atributos' successfully

2024-01-15 10:40:17 - [TEST_STEP][PASSED] - clearText(findTestObject("WIZARD/3Infraestructura/6Tableros/Configuracion/Columnas/input_Elementos")): Text of object 'Object Repository/WIZARD/3Infraestructura/6Tableros/Configuracion/Columnas/input_Elementos' is cleared

2024-01-15 10:40:18 - [MESSAGE][PASSED] - Text of object 'Object Repository/WIZARD/3Infraestructura/6Tableros/Configuracion/Columnas/input_Elementos' is cleared

2024-01-15 10:40:18 - [TEST_STEP][PASSED] - click(findTestObject("WIZARD/3Infraestructura/6Tableros/Configuracion/Columnas/btn_Atributos")): Object: 'Object Repository/WIZARD/3Infraestructura/6Tableros/Configuracion/Columnas/btn_Atributos' is clicked on

2024-01-15 10:40:18 - [MESSAGE][PASSED] - Object: 'Object Repository/WIZARD/3Infraestructura/6Tableros/Configuracion/Columnas/btn_Atributos' is clicked on

2024-01-15 10:40:18 - [TEST_STEP][PASSED] - delay(3): Delayed 3 second(s)

2024-01-15 10:40:21 - [MESSAGE][PASSED] - Delayed 3 second(s)

2024-01-15 10:40:21 - [TEST_STEP][PASSED] - click(findTestObject("WIZARD/3Infraestructura/6Tableros/Configuracion/Columnas/btn_Atributos (1)/a_Terminal.Modulo")): Object: 'Object Repository/WIZARD/3Infraestructura/6Tableros/Configuracion/Columnas/btn_Atributos (1)/a_Terminal.Modulo' is clicked on

2024-01-15 10:40:22 - [MESSAGE][PASSED] - Object: 'Object Repository/WIZARD/3Infraestructura/6Tableros/Configuracion/Columnas/btn_Atributos (1)/a_Terminal.Modulo' is clicked on

2024-01-15 10:40:22 - [TEST_STEP][PASSED] - delay(2): Delayed 2 second(s)

2024-01-15 10:40:24 - [MESSAGE][PASSED] - Delayed 2 second(s)

2024-01-15 10:40:24 - [TEST_STEP][PASSED] - click(findTestObject("WIZARD/3Infraestructura/6Tableros/Configuracion/Columnas/btn_Orden UP"), STOP_ON_FAILURE): Object: 'Object Repository/WIZARD/3Infraestructura/6Tableros/Configuracion/Columnas/btn_Orden UP' is clicked on

2024-01-15 10:40:24 - [MESSAGE][PASSED] - Object: 'Object Repository/WIZARD/3Infraestructura/6Tableros/Configuracion/Columnas/btn_Orden UP' is clicked on

2024-01-15 10:40:24 - [TEST_STEP][PASSED] - scrollToPosition(0, 0): Browser is scrolled to position x = 0, y = 0

2024-01-15 10:40:24 - [MESSAGE][PASSED] - Browser is scrolled to position x = 0, y = 0

2024-01-15 10:40:24 - [TEST_STEP][PASSED] - delay(2): Delayed 2 second(s)

2024-01-15 10:40:26 - [MESSAGE][PASSED] - Delayed 2 second(s)

2024-01-15 10:40:26 - [TEST_STEP][PASSED] - click(findTestObject("WIZARD/3Infraestructura/6Tableros/Configuracion/Columnas/img_Nuevo")): Object: 'Object Repository/WIZARD/3Infraestructura/6Tableros/Configuracion/Columnas/img_Nuevo' is clicked on

2024-01-15 10:40:26 - [MESSAGE][PASSED] - Object: 'Object Repository/WIZARD/3Infraestructura/6Tableros/Configuracion/Columnas/img_Nuevo' is clicked on

2024-01-15 10:40:26 - [TEST_STEP][PASSED] - delay(3): Delayed 3 second(s)

2024-01-15 10:40:29 - [MESSAGE][PASSED] - Delayed 3 second(s)

2024-01-15 10:40:29 - [TEST_STEP][PASSED] - takeFullPageScreenshot(): Taking screenshot successfully

2024-01-15 10:40:30 - [MESSAGE][INFO] - 0 hidden object(s)

2024-01-15 10:40:30 - [MESSAGE][PASSED] - Taking screenshot successfully
[[ATTACHMENT|C:\\CIEL INGENIERIA\\Katalon\\Digiturno55\\Reports\\20240115_094157\\WIZARD\\3Infraestructura\\6Tableros\\5.6 Creacion Columnas Tablero Cartagena\\20240115_094315\\1705333229939.png]]

2024-01-15 10:40:30 - [TEST_STEP][PASSED] - delay(3): Delayed 3 second(s)

2024-01-15 10:40:33 - [MESSAGE][PASSED] - Delayed 3 second(s)

2024-01-15 10:40:33 - [TEST_STEP][PASSED] - Start listener action : sampleAfterTestCase: null]]></system-out>
         <system-err><![CDATA[]]></system-err>
      </testcase>
      <system-out><![CDATA[2024-01-15 10:39:30 - [TEST_SUITE][PASSED] - 5.6 Creacion Columnas Tablero Cartagena: Test Cases/WIZARD/3Infraestructura/6Tableros/5.6 Creacion Columnas Tablero Cartagena]]></system-out>
      <system-err><![CDATA[]]></system-err>
   </testsuite>
</testsuites>
