<?xml version="1.0" encoding="UTF-8"?>
<testsuites name="31 Jornadas de Atencion Crear Actualizar Eliminar" time="164.062" tests="3" failures="0" errors="0">
   <testsuite name="31 Jornadas de Atencion Crear Actualizar Eliminar" tests="3" failures="0" errors="0" time="164.062" skipped="0" timestamp="2023-08-14 14:33:39" hostname="jdavila - PCPruebas101.ciel.cielingenieria.com" id="Test Suites/DIGITURNO/BASICO/31 Jornadas de Atencion Crear Actualizar Eliminar">
      <properties>
         <property name="deviceName" value=""/>
         <property name="devicePlatform" value=""/>
         <property name="logFolder" value="C:\\CIEL INGENIERIA\\Katalon\\Digiturno55\\Reports\\20230814_141235\\DIGITURNO\\BASICO\\31 Jornadas de Atencion Crear Actualizar Eliminar\\20230814_141303"/>
         <property name="logFiles" value="C:\\CIEL INGENIERIA\\Katalon\\Digiturno55\\Reports\\20230814_141235\\DIGITURNO\\BASICO\\31 Jornadas de Atencion Crear Actualizar Eliminar\\20230814_141303\\execution0.log"/>
         <property name="attachments" value="C:\\CIEL INGENIERIA\\Katalon\\Digiturno55\\Reports\\20230814_141235\\DIGITURNO\\BASICO\\31 Jornadas de Atencion Crear Actualizar Eliminar\\20230814_141303\\1692041635396.png, C:\\CIEL INGENIERIA\\Katalon\\Digiturno55\\Reports\\20230814_141235\\DIGITURNO\\BASICO\\31 Jornadas de Atencion Crear Actualizar Eliminar\\20230814_141303\\1692041697207.png, C:\\CIEL INGENIERIA\\Katalon\\Digiturno55\\Reports\\20230814_141235\\DIGITURNO\\BASICO\\31 Jornadas de Atencion Crear Actualizar Eliminar\\20230814_141303\\1692041716381.png, C:\\CIEL INGENIERIA\\Katalon\\Digiturno55\\Reports\\20230814_141235\\DIGITURNO\\BASICO\\31 Jornadas de Atencion Crear Actualizar Eliminar\\20230814_141303\\1692041740754.png, C:\\CIEL INGENIERIA\\Katalon\\Digiturno55\\Reports\\20230814_141235\\DIGITURNO\\BASICO\\31 Jornadas de Atencion Crear Actualizar Eliminar\\20230814_141303\\1692041758932.png, C:\\CIEL INGENIERIA\\Katalon\\Digiturno55\\Reports\\20230814_141235\\DIGITURNO\\BASICO\\31 Jornadas de Atencion Crear Actualizar Eliminar\\20230814_141303\\1692041779742.png"/>
         <property name="hostName" value="jdavila - PCPruebas101.ciel.cielingenieria.com"/>
         <property name="os" value="Windows 10 64bit"/>
         <property name="katalonVersion" value="8.6.0.208"/>
         <property name="browser" value="Chrome 115.0.0.0"/>
         <property name="hostAddress" value="192.168.0.33"/>
         <property name="sessionId" value="aeb43e6e45099207543fc2539241596b"/>
         <property name="seleniumVersion" value="3.141.59"/>
         <property name="proxyInformation" value="ProxyInformation { proxyOption=NO_PROXY, proxyServerType=HTTP, username=, password=********, proxyServerAddress=, proxyServerPort=0, executionList=&quot;&quot;, isApplyToDesiredCapabilities=true }"/>
         <property name="platform" value="Windows 10"/>
      </properties>
      <testcase name="Test Cases/DIGITURNO/BASICO/31 Jornadas de Atencion Crear" time="81.398" classname="Test Cases/DIGITURNO/BASICO/31 Jornadas de Atencion Crear" status="PASSED">
         <system-out><![CDATA[2023-08-14 14:33:39 - [TEST_CASE][PASSED] - Test Cases/DIGITURNO/BASICO/31 Jornadas de Atencion Crear: Test Cases/DIGITURNO/BASICO/31 Jornadas de Atencion Crear

2023-08-14 14:33:40 - [TEST_STEP][PASSED] - callTestCase(findTestCase("DIGITURNO/BASICO/3 Configuracion"), [:], STOP_ON_FAILURE): Call Test Case 'Test Cases/DIGITURNO/BASICO/3 Configuracion' successfully

2023-08-14 14:33:40 - [TEST_CASE][PASSED] - Test Cases/DIGITURNO/BASICO/3 Configuracion: Test Cases/DIGITURNO/BASICO/3 Configuracion

2023-08-14 14:33:40 - [TEST_STEP][PASSED] - callTestCase(findTestCase("0InicioSesion"), [:], STOP_ON_FAILURE): Call Test Case 'Test Cases/0InicioSesion' successfully

2023-08-14 14:33:40 - [TEST_CASE][PASSED] - Test Cases/0InicioSesion: Test Cases/0InicioSesion

2023-08-14 14:33:40 - [TEST_STEP][PASSED] - openBrowser(UrlDigiturno): Browser is opened with url: 'https://PCPruebas101.ciel.cielingenieria.com:8610'

2023-08-14 14:33:41 - [MESSAGE][INFO] - Starting 'Chrome' driver

2023-08-14 14:33:41 - [MESSAGE][INFO] - User set preference: ['args', '[--use-fake-ui-for-media-stream, --disable-notifications]']

2023-08-14 14:33:41 - [MESSAGE][INFO] - Action delay is set to 0 milliseconds

2023-08-14 14:33:43 - [MESSAGE][PASSED] - Browser is opened with url: 'https://PCPruebas101.ciel.cielingenieria.com:8610'

2023-08-14 14:33:43 - [TEST_STEP][PASSED] - maximizeWindow(): Current window maximized

2023-08-14 14:33:43 - [MESSAGE][PASSED] - Current window maximized

2023-08-14 14:33:43 - [TEST_STEP][PASSED] - delay(3): Delayed 3 second(s)

2023-08-14 14:33:46 - [MESSAGE][PASSED] - Delayed 3 second(s)

2023-08-14 14:33:46 - [TEST_STEP][PASSED] - setText(findTestObject("0Inicio Sesion/input_Usuario"), "Ciel"): Text 'Ciel' is set on object 'Object Repository/0Inicio Sesion/input_Usuario'

2023-08-14 14:33:47 - [MESSAGE][PASSED] - Text 'Ciel' is set on object 'Object Repository/0Inicio Sesion/input_Usuario'

2023-08-14 14:33:47 - [TEST_STEP][PASSED] - setText(findTestObject("0Inicio Sesion/input_Clave"), "digiturno"): Text 'digiturno' is set on object 'Object Repository/0Inicio Sesion/input_Clave'

2023-08-14 14:33:48 - [MESSAGE][PASSED] - Text 'digiturno' is set on object 'Object Repository/0Inicio Sesion/input_Clave'

2023-08-14 14:33:48 - [TEST_STEP][PASSED] - click(findTestObject("0Inicio Sesion/btn_IniciarSesion")): Object: 'Object Repository/0Inicio Sesion/btn_IniciarSesion' is clicked on

2023-08-14 14:33:48 - [MESSAGE][PASSED] - Object: 'Object Repository/0Inicio Sesion/btn_IniciarSesion' is clicked on

2023-08-14 14:33:48 - [TEST_STEP][PASSED] - delay(3): Delayed 3 second(s)

2023-08-14 14:33:51 - [MESSAGE][PASSED] - Delayed 3 second(s)

2023-08-14 14:33:51 - [MESSAGE][PASSED] - Call Test Case 'Test Cases/0InicioSesion' successfully

2023-08-14 14:33:51 - [TEST_STEP][PASSED] - click(findTestObject("DIGITURNO/1Principal/img_Configuracion(1)")): Object: 'Object Repository/DIGITURNO/1Principal/img_Configuracion(1)' is clicked on

2023-08-14 14:33:52 - [MESSAGE][PASSED] - Object: 'Object Repository/DIGITURNO/1Principal/img_Configuracion(1)' is clicked on

2023-08-14 14:33:52 - [TEST_STEP][PASSED] - delay(3): Delayed 3 second(s)

2023-08-14 14:33:55 - [MESSAGE][PASSED] - Delayed 3 second(s)

2023-08-14 14:33:55 - [TEST_STEP][PASSED] - takeFullPageScreenshot(): Taking screenshot successfully

2023-08-14 14:33:55 - [MESSAGE][INFO] - 0 hidden object(s)

2023-08-14 14:33:56 - [MESSAGE][PASSED] - Taking screenshot successfully
[[ATTACHMENT|C:\\CIEL INGENIERIA\\Katalon\\Digiturno55\\Reports\\20230814_141235\\DIGITURNO\\BASICO\\31 Jornadas de Atencion Crear Actualizar Eliminar\\20230814_141303\\1692041635396.png]]

2023-08-14 14:33:56 - [TEST_STEP][PASSED] - delay(3): Delayed 3 second(s)

2023-08-14 14:33:59 - [MESSAGE][PASSED] - Delayed 3 second(s)

2023-08-14 14:33:59 - [MESSAGE][PASSED] - Call Test Case 'Test Cases/DIGITURNO/BASICO/3 Configuracion' successfully

2023-08-14 14:33:59 - [TEST_STEP][PASSED] - click(findTestObject("DIGITURNO/CONFIGURACION/0Principal/img_3Jornadas de atencion")): Object: 'Object Repository/DIGITURNO/CONFIGURACION/0Principal/img_3Jornadas de atencion' is clicked on

2023-08-14 14:34:15 - [MESSAGE][PASSED] - Object: 'Object Repository/DIGITURNO/CONFIGURACION/0Principal/img_3Jornadas de atencion' is clicked on

2023-08-14 14:34:15 - [TEST_STEP][PASSED] - delay(2): Delayed 2 second(s)

2023-08-14 14:34:17 - [MESSAGE][PASSED] - Delayed 2 second(s)

2023-08-14 14:34:17 - [TEST_STEP][PASSED] - click(findTestObject("DIGITURNO/CONFIGURACION/3Jornadas de Atencion/0Modal Inicial Oficinas/td_1Bogota - CIEL")): Object: 'Object Repository/DIGITURNO/CONFIGURACION/3Jornadas de Atencion/0Modal Inicial Oficinas/td_1Bogota - CIEL' is clicked on

2023-08-14 14:34:18 - [MESSAGE][PASSED] - Object: 'Object Repository/DIGITURNO/CONFIGURACION/3Jornadas de Atencion/0Modal Inicial Oficinas/td_1Bogota - CIEL' is clicked on

2023-08-14 14:34:18 - [TEST_STEP][PASSED] - delay(3): Delayed 3 second(s)

2023-08-14 14:34:21 - [MESSAGE][PASSED] - Delayed 3 second(s)

2023-08-14 14:34:21 - [TEST_STEP][PASSED] - click(findTestObject("DIGITURNO/CONFIGURACION/3Jornadas de Atencion/Edicion/btn_SeleccionarOficina")): Object: 'Object Repository/DIGITURNO/CONFIGURACION/3Jornadas de Atencion/Edicion/btn_SeleccionarOficina' is clicked on

2023-08-14 14:34:21 - [MESSAGE][PASSED] - Object: 'Object Repository/DIGITURNO/CONFIGURACION/3Jornadas de Atencion/Edicion/btn_SeleccionarOficina' is clicked on

2023-08-14 14:34:21 - [TEST_STEP][PASSED] - delay(3): Delayed 3 second(s)

2023-08-14 14:34:24 - [MESSAGE][PASSED] - Delayed 3 second(s)

2023-08-14 14:34:24 - [TEST_STEP][PASSED] - click(findTestObject("DIGITURNO/CONFIGURACION/3Jornadas de Atencion/Edicion/btn_SeleccionarOficina(1)/td_1Bogota - CIEL")): Object: 'Object Repository/DIGITURNO/CONFIGURACION/3Jornadas de Atencion/Edicion/btn_SeleccionarOficina(1)/td_1Bogota - CIEL' is clicked on

2023-08-14 14:34:24 - [MESSAGE][PASSED] - Object: 'Object Repository/DIGITURNO/CONFIGURACION/3Jornadas de Atencion/Edicion/btn_SeleccionarOficina(1)/td_1Bogota - CIEL' is clicked on

2023-08-14 14:34:24 - [TEST_STEP][PASSED] - delay(3): Delayed 3 second(s)

2023-08-14 14:34:27 - [MESSAGE][PASSED] - Delayed 3 second(s)

2023-08-14 14:34:27 - [TEST_STEP][PASSED] - check(findTestObject("DIGITURNO/CONFIGURACION/3Jornadas de Atencion/Edicion/Label/label_Habilitada")): Object 'Object Repository/DIGITURNO/CONFIGURACION/3Jornadas de Atencion/Edicion/Label/label_Habilitada' is checked

2023-08-14 14:34:28 - [MESSAGE][PASSED] - Object 'Object Repository/DIGITURNO/CONFIGURACION/3Jornadas de Atencion/Edicion/Label/label_Habilitada' is checked

2023-08-14 14:34:28 - [TEST_STEP][PASSED] - delay(3): Delayed 3 second(s)

2023-08-14 14:34:31 - [MESSAGE][PASSED] - Delayed 3 second(s)

2023-08-14 14:34:31 - [TEST_STEP][PASSED] - setText(findTestObject("DIGITURNO/CONFIGURACION/3Jornadas de Atencion/Edicion/input_Nombre"), "Prueba"): Text 'Prueba' is set on object 'Object Repository/DIGITURNO/CONFIGURACION/3Jornadas de Atencion/Edicion/input_Nombre'

2023-08-14 14:34:32 - [MESSAGE][PASSED] - Text 'Prueba' is set on object 'Object Repository/DIGITURNO/CONFIGURACION/3Jornadas de Atencion/Edicion/input_Nombre'

2023-08-14 14:34:32 - [TEST_STEP][PASSED] - setText(findTestObject("DIGITURNO/CONFIGURACION/3Jornadas de Atencion/Edicion/textarea_Descripcion"), "Prueba"): Text 'Prueba' is set on object 'Object Repository/DIGITURNO/CONFIGURACION/3Jornadas de Atencion/Edicion/textarea_Descripcion'

2023-08-14 14:34:33 - [MESSAGE][PASSED] - Text 'Prueba' is set on object 'Object Repository/DIGITURNO/CONFIGURACION/3Jornadas de Atencion/Edicion/textarea_Descripcion'

2023-08-14 14:34:33 - [TEST_STEP][PASSED] - setText(findTestObject("DIGITURNO/CONFIGURACION/3Jornadas de Atencion/Edicion/input_Prioridad"), "9"): Text '9' is set on object 'Object Repository/DIGITURNO/CONFIGURACION/3Jornadas de Atencion/Edicion/input_Prioridad'

2023-08-14 14:34:33 - [MESSAGE][PASSED] - Text '9' is set on object 'Object Repository/DIGITURNO/CONFIGURACION/3Jornadas de Atencion/Edicion/input_Prioridad'

2023-08-14 14:34:33 - [TEST_STEP][PASSED] - setText(findTestObject("DIGITURNO/CONFIGURACION/3Jornadas de Atencion/Edicion/input_Fecha inicio ddmmaaaa"), "12/05/2022"): Text '12/05/2022' is set on object 'Object Repository/DIGITURNO/CONFIGURACION/3Jornadas de Atencion/Edicion/input_Fecha inicio ddmmaaaa'

2023-08-14 14:34:34 - [MESSAGE][PASSED] - Text '12/05/2022' is set on object 'Object Repository/DIGITURNO/CONFIGURACION/3Jornadas de Atencion/Edicion/input_Fecha inicio ddmmaaaa'

2023-08-14 14:34:34 - [TEST_STEP][PASSED] - setText(findTestObject("DIGITURNO/CONFIGURACION/3Jornadas de Atencion/Edicion/input_Fecha Inicio HH"), "08"): Text '08' is set on object 'Object Repository/DIGITURNO/CONFIGURACION/3Jornadas de Atencion/Edicion/input_Fecha Inicio HH'

2023-08-14 14:34:36 - [MESSAGE][PASSED] - Text '08' is set on object 'Object Repository/DIGITURNO/CONFIGURACION/3Jornadas de Atencion/Edicion/input_Fecha Inicio HH'

2023-08-14 14:34:36 - [TEST_STEP][PASSED] - setText(findTestObject("DIGITURNO/CONFIGURACION/3Jornadas de Atencion/Edicion/input_Fecha Inicio MM"), "00"): Text '00' is set on object 'Object Repository/DIGITURNO/CONFIGURACION/3Jornadas de Atencion/Edicion/input_Fecha Inicio MM'

2023-08-14 14:34:37 - [MESSAGE][PASSED] - Text '00' is set on object 'Object Repository/DIGITURNO/CONFIGURACION/3Jornadas de Atencion/Edicion/input_Fecha Inicio MM'

2023-08-14 14:34:37 - [TEST_STEP][PASSED] - delay(3): Delayed 3 second(s)

2023-08-14 14:34:40 - [MESSAGE][PASSED] - Delayed 3 second(s)

2023-08-14 14:34:40 - [TEST_STEP][PASSED] - setText(findTestObject("DIGITURNO/CONFIGURACION/3Jornadas de Atencion/Edicion/input_Fecha fin ddmmaaaa"), "30/06/2022"): Text '30/06/2022' is set on object 'Object Repository/DIGITURNO/CONFIGURACION/3Jornadas de Atencion/Edicion/input_Fecha fin ddmmaaaa'

2023-08-14 14:34:40 - [MESSAGE][PASSED] - Text '30/06/2022' is set on object 'Object Repository/DIGITURNO/CONFIGURACION/3Jornadas de Atencion/Edicion/input_Fecha fin ddmmaaaa'

2023-08-14 14:34:40 - [TEST_STEP][PASSED] - setText(findTestObject("DIGITURNO/CONFIGURACION/3Jornadas de Atencion/Edicion/input_Fecha Fin HH"), "18"): Text '18' is set on object 'Object Repository/DIGITURNO/CONFIGURACION/3Jornadas de Atencion/Edicion/input_Fecha Fin HH'

2023-08-14 14:34:42 - [MESSAGE][PASSED] - Text '18' is set on object 'Object Repository/DIGITURNO/CONFIGURACION/3Jornadas de Atencion/Edicion/input_Fecha Fin HH'

2023-08-14 14:34:42 - [TEST_STEP][PASSED] - setText(findTestObject("DIGITURNO/CONFIGURACION/3Jornadas de Atencion/Edicion/input_Fecha Fin MM"), "00"): Text '00' is set on object 'Object Repository/DIGITURNO/CONFIGURACION/3Jornadas de Atencion/Edicion/input_Fecha Fin MM'

2023-08-14 14:34:43 - [MESSAGE][PASSED] - Text '00' is set on object 'Object Repository/DIGITURNO/CONFIGURACION/3Jornadas de Atencion/Edicion/input_Fecha Fin MM'

2023-08-14 14:34:43 - [TEST_STEP][PASSED] - delay(3): Delayed 3 second(s)

2023-08-14 14:34:46 - [MESSAGE][PASSED] - Delayed 3 second(s)

2023-08-14 14:34:46 - [TEST_STEP][PASSED] - scrollToPosition(0, 700): Browser is scrolled to position x = 0, y = 700

2023-08-14 14:34:46 - [MESSAGE][PASSED] - Browser is scrolled to position x = 0, y = 700

2023-08-14 14:34:46 - [TEST_STEP][PASSED] - click(findTestObject("DIGITURNO/CONFIGURACION/3Jornadas de Atencion/Edicion/Label/label_Semanal")): Object: 'Object Repository/DIGITURNO/CONFIGURACION/3Jornadas de Atencion/Edicion/Label/label_Semanal' is clicked on

2023-08-14 14:34:46 - [MESSAGE][PASSED] - Object: 'Object Repository/DIGITURNO/CONFIGURACION/3Jornadas de Atencion/Edicion/Label/label_Semanal' is clicked on

2023-08-14 14:34:46 - [TEST_STEP][PASSED] - delay(2): Delayed 2 second(s)

2023-08-14 14:34:48 - [MESSAGE][PASSED] - Delayed 2 second(s)

2023-08-14 14:34:48 - [TEST_STEP][PASSED] - check(findTestObject("DIGITURNO/CONFIGURACION/3Jornadas de Atencion/Edicion/Label/label_Semanal(1)/label_lunes")): Object 'Object Repository/DIGITURNO/CONFIGURACION/3Jornadas de Atencion/Edicion/Label/label_Semanal(1)/label_lunes' is checked

2023-08-14 14:34:49 - [MESSAGE][PASSED] - Object 'Object Repository/DIGITURNO/CONFIGURACION/3Jornadas de Atencion/Edicion/Label/label_Semanal(1)/label_lunes' is checked

2023-08-14 14:34:49 - [TEST_STEP][PASSED] - check(findTestObject("DIGITURNO/CONFIGURACION/3Jornadas de Atencion/Edicion/Label/label_Semanal(1)/label_martes")): Object 'Object Repository/DIGITURNO/CONFIGURACION/3Jornadas de Atencion/Edicion/Label/label_Semanal(1)/label_martes' is checked

2023-08-14 14:34:49 - [MESSAGE][PASSED] - Object 'Object Repository/DIGITURNO/CONFIGURACION/3Jornadas de Atencion/Edicion/Label/label_Semanal(1)/label_martes' is checked

2023-08-14 14:34:49 - [TEST_STEP][PASSED] - check(findTestObject("DIGITURNO/CONFIGURACION/3Jornadas de Atencion/Edicion/Label/label_Semanal(1)/label_miercoles")): Object 'Object Repository/DIGITURNO/CONFIGURACION/3Jornadas de Atencion/Edicion/Label/label_Semanal(1)/label_miercoles' is checked

2023-08-14 14:34:49 - [MESSAGE][PASSED] - Object 'Object Repository/DIGITURNO/CONFIGURACION/3Jornadas de Atencion/Edicion/Label/label_Semanal(1)/label_miercoles' is checked

2023-08-14 14:34:49 - [TEST_STEP][PASSED] - check(findTestObject("DIGITURNO/CONFIGURACION/3Jornadas de Atencion/Edicion/Label/label_Semanal(1)/label_jueves")): Object 'Object Repository/DIGITURNO/CONFIGURACION/3Jornadas de Atencion/Edicion/Label/label_Semanal(1)/label_jueves' is checked

2023-08-14 14:34:50 - [MESSAGE][PASSED] - Object 'Object Repository/DIGITURNO/CONFIGURACION/3Jornadas de Atencion/Edicion/Label/label_Semanal(1)/label_jueves' is checked

2023-08-14 14:34:50 - [TEST_STEP][PASSED] - check(findTestObject("DIGITURNO/CONFIGURACION/3Jornadas de Atencion/Edicion/Label/label_Semanal(1)/label_viernes")): Object 'Object Repository/DIGITURNO/CONFIGURACION/3Jornadas de Atencion/Edicion/Label/label_Semanal(1)/label_viernes' is checked

2023-08-14 14:34:50 - [MESSAGE][PASSED] - Object 'Object Repository/DIGITURNO/CONFIGURACION/3Jornadas de Atencion/Edicion/Label/label_Semanal(1)/label_viernes' is checked

2023-08-14 14:34:50 - [TEST_STEP][PASSED] - delay(3): Delayed 3 second(s)

2023-08-14 14:34:53 - [MESSAGE][PASSED] - Delayed 3 second(s)

2023-08-14 14:34:53 - [TEST_STEP][PASSED] - scrollToPosition(0, 0): Browser is scrolled to position x = 0, y = 0

2023-08-14 14:34:53 - [MESSAGE][PASSED] - Browser is scrolled to position x = 0, y = 0

2023-08-14 14:34:53 - [TEST_STEP][PASSED] - click(findTestObject("DIGITURNO/CONFIGURACION/3Jornadas de Atencion/Edicion/img_Nuevo")): Object: 'Object Repository/DIGITURNO/CONFIGURACION/3Jornadas de Atencion/Edicion/img_Nuevo' is clicked on

2023-08-14 14:34:54 - [MESSAGE][PASSED] - Object: 'Object Repository/DIGITURNO/CONFIGURACION/3Jornadas de Atencion/Edicion/img_Nuevo' is clicked on

2023-08-14 14:34:54 - [TEST_STEP][PASSED] - delay(3): Delayed 3 second(s)

2023-08-14 14:34:57 - [MESSAGE][PASSED] - Delayed 3 second(s)

2023-08-14 14:34:57 - [TEST_STEP][PASSED] - takeFullPageScreenshot(): Taking screenshot successfully

2023-08-14 14:34:57 - [MESSAGE][INFO] - 0 hidden object(s)

2023-08-14 14:34:58 - [MESSAGE][PASSED] - Taking screenshot successfully
[[ATTACHMENT|C:\\CIEL INGENIERIA\\Katalon\\Digiturno55\\Reports\\20230814_141235\\DIGITURNO\\BASICO\\31 Jornadas de Atencion Crear Actualizar Eliminar\\20230814_141303\\1692041697207.png]]

2023-08-14 14:34:58 - [TEST_STEP][PASSED] - delay(3): Delayed 3 second(s)

2023-08-14 14:35:01 - [MESSAGE][PASSED] - Delayed 3 second(s)

2023-08-14 14:35:01 - [TEST_STEP][PASSED] - Start listener action : sampleAfterTestCase: null]]></system-out>
         <system-err><![CDATA[]]></system-err>
      </testcase>
      <testcase name="Test Cases/DIGITURNO/BASICO/31 Jornadas de Atencion Actualizar" time="43.45" classname="Test Cases/DIGITURNO/BASICO/31 Jornadas de Atencion Actualizar" status="PASSED">
         <system-out><![CDATA[2023-08-14 14:35:01 - [TEST_CASE][PASSED] - Test Cases/DIGITURNO/BASICO/31 Jornadas de Atencion Actualizar: Test Cases/DIGITURNO/BASICO/31 Jornadas de Atencion Actualizar

2023-08-14 14:35:01 - [TEST_STEP][PASSED] - callTestCase(findTestCase("DIGITURNO/BASICO/3 Configuracion"), [:], STOP_ON_FAILURE): Call Test Case 'Test Cases/DIGITURNO/BASICO/3 Configuracion' successfully

2023-08-14 14:35:01 - [TEST_CASE][PASSED] - Test Cases/DIGITURNO/BASICO/3 Configuracion: Test Cases/DIGITURNO/BASICO/3 Configuracion

2023-08-14 14:35:01 - [TEST_STEP][PASSED] - callTestCase(findTestCase("0InicioSesion"), [:], STOP_ON_FAILURE): Call Test Case 'Test Cases/0InicioSesion' successfully

2023-08-14 14:35:01 - [TEST_CASE][PASSED] - Test Cases/0InicioSesion: Test Cases/0InicioSesion

2023-08-14 14:35:01 - [TEST_STEP][PASSED] - openBrowser(UrlDigiturno): Browser is opened with url: 'https://PCPruebas101.ciel.cielingenieria.com:8610'

2023-08-14 14:35:01 - [MESSAGE][WARNING] - A browser is already opened. Closing browser and opening a new one

2023-08-14 14:35:02 - [MESSAGE][INFO] - Starting 'Chrome' driver

2023-08-14 14:35:02 - [MESSAGE][INFO] - User set preference: ['args', '[--use-fake-ui-for-media-stream, --disable-notifications]']

2023-08-14 14:35:02 - [MESSAGE][INFO] - Action delay is set to 0 milliseconds

2023-08-14 14:35:04 - [MESSAGE][PASSED] - Browser is opened with url: 'https://PCPruebas101.ciel.cielingenieria.com:8610'

2023-08-14 14:35:04 - [TEST_STEP][PASSED] - maximizeWindow(): Current window maximized

2023-08-14 14:35:04 - [MESSAGE][PASSED] - Current window maximized

2023-08-14 14:35:04 - [TEST_STEP][PASSED] - delay(3): Delayed 3 second(s)

2023-08-14 14:35:07 - [MESSAGE][PASSED] - Delayed 3 second(s)

2023-08-14 14:35:07 - [TEST_STEP][PASSED] - setText(findTestObject("0Inicio Sesion/input_Usuario"), "Ciel"): Text 'Ciel' is set on object 'Object Repository/0Inicio Sesion/input_Usuario'

2023-08-14 14:35:08 - [MESSAGE][PASSED] - Text 'Ciel' is set on object 'Object Repository/0Inicio Sesion/input_Usuario'

2023-08-14 14:35:08 - [TEST_STEP][PASSED] - setText(findTestObject("0Inicio Sesion/input_Clave"), "digiturno"): Text 'digiturno' is set on object 'Object Repository/0Inicio Sesion/input_Clave'

2023-08-14 14:35:08 - [MESSAGE][PASSED] - Text 'digiturno' is set on object 'Object Repository/0Inicio Sesion/input_Clave'

2023-08-14 14:35:08 - [TEST_STEP][PASSED] - click(findTestObject("0Inicio Sesion/btn_IniciarSesion")): Object: 'Object Repository/0Inicio Sesion/btn_IniciarSesion' is clicked on

2023-08-14 14:35:09 - [MESSAGE][PASSED] - Object: 'Object Repository/0Inicio Sesion/btn_IniciarSesion' is clicked on

2023-08-14 14:35:09 - [TEST_STEP][PASSED] - delay(3): Delayed 3 second(s)

2023-08-14 14:35:12 - [MESSAGE][PASSED] - Delayed 3 second(s)

2023-08-14 14:35:12 - [MESSAGE][PASSED] - Call Test Case 'Test Cases/0InicioSesion' successfully

2023-08-14 14:35:12 - [TEST_STEP][PASSED] - click(findTestObject("DIGITURNO/1Principal/img_Configuracion(1)")): Object: 'Object Repository/DIGITURNO/1Principal/img_Configuracion(1)' is clicked on

2023-08-14 14:35:13 - [MESSAGE][PASSED] - Object: 'Object Repository/DIGITURNO/1Principal/img_Configuracion(1)' is clicked on

2023-08-14 14:35:13 - [TEST_STEP][PASSED] - delay(3): Delayed 3 second(s)

2023-08-14 14:35:16 - [MESSAGE][PASSED] - Delayed 3 second(s)

2023-08-14 14:35:16 - [TEST_STEP][PASSED] - takeFullPageScreenshot(): Taking screenshot successfully

2023-08-14 14:35:16 - [MESSAGE][INFO] - 0 hidden object(s)

2023-08-14 14:35:16 - [MESSAGE][PASSED] - Taking screenshot successfully
[[ATTACHMENT|C:\\CIEL INGENIERIA\\Katalon\\Digiturno55\\Reports\\20230814_141235\\DIGITURNO\\BASICO\\31 Jornadas de Atencion Crear Actualizar Eliminar\\20230814_141303\\1692041716381.png]]

2023-08-14 14:35:16 - [TEST_STEP][PASSED] - delay(3): Delayed 3 second(s)

2023-08-14 14:35:19 - [MESSAGE][PASSED] - Delayed 3 second(s)

2023-08-14 14:35:19 - [MESSAGE][PASSED] - Call Test Case 'Test Cases/DIGITURNO/BASICO/3 Configuracion' successfully

2023-08-14 14:35:19 - [TEST_STEP][PASSED] - click(findTestObject("DIGITURNO/CONFIGURACION/0Principal/img_3Jornadas de atencion")): Object: 'Object Repository/DIGITURNO/CONFIGURACION/0Principal/img_3Jornadas de atencion' is clicked on

2023-08-14 14:35:20 - [MESSAGE][PASSED] - Object: 'Object Repository/DIGITURNO/CONFIGURACION/0Principal/img_3Jornadas de atencion' is clicked on

2023-08-14 14:35:20 - [TEST_STEP][PASSED] - delay(2): Delayed 2 second(s)

2023-08-14 14:35:22 - [MESSAGE][PASSED] - Delayed 2 second(s)

2023-08-14 14:35:22 - [TEST_STEP][PASSED] - click(findTestObject("DIGITURNO/CONFIGURACION/3Jornadas de Atencion/0Modal Inicial Oficinas/td_1Bogota - CIEL")): Object: 'Object Repository/DIGITURNO/CONFIGURACION/3Jornadas de Atencion/0Modal Inicial Oficinas/td_1Bogota - CIEL' is clicked on

2023-08-14 14:35:23 - [MESSAGE][PASSED] - Object: 'Object Repository/DIGITURNO/CONFIGURACION/3Jornadas de Atencion/0Modal Inicial Oficinas/td_1Bogota - CIEL' is clicked on

2023-08-14 14:35:23 - [TEST_STEP][PASSED] - delay(3): Delayed 3 second(s)

2023-08-14 14:35:26 - [MESSAGE][PASSED] - Delayed 3 second(s)

2023-08-14 14:35:26 - [TEST_STEP][PASSED] - setText(findTestObject("DIGITURNO/CONFIGURACION/3Jornadas de Atencion/Lista de Jornadas/input_TextoABuscar"), "Prueba"): Text 'Prueba' is set on object 'Object Repository/DIGITURNO/CONFIGURACION/3Jornadas de Atencion/Lista de Jornadas/input_TextoABuscar'

2023-08-14 14:35:27 - [MESSAGE][PASSED] - Text 'Prueba' is set on object 'Object Repository/DIGITURNO/CONFIGURACION/3Jornadas de Atencion/Lista de Jornadas/input_TextoABuscar'

2023-08-14 14:35:27 - [TEST_STEP][PASSED] - delay(3): Delayed 3 second(s)

2023-08-14 14:35:30 - [MESSAGE][PASSED] - Delayed 3 second(s)

2023-08-14 14:35:30 - [TEST_STEP][PASSED] - click(findTestObject("DIGITURNO/CONFIGURACION/3Jornadas de Atencion/Lista de Jornadas/td_1 Seleccion Busqueda")): Object: 'Object Repository/DIGITURNO/CONFIGURACION/3Jornadas de Atencion/Lista de Jornadas/td_1 Seleccion Busqueda' is clicked on

2023-08-14 14:35:30 - [MESSAGE][PASSED] - Object: 'Object Repository/DIGITURNO/CONFIGURACION/3Jornadas de Atencion/Lista de Jornadas/td_1 Seleccion Busqueda' is clicked on

2023-08-14 14:35:30 - [TEST_STEP][PASSED] - delay(3): Delayed 3 second(s)

2023-08-14 14:35:33 - [MESSAGE][PASSED] - Delayed 3 second(s)

2023-08-14 14:35:33 - [TEST_STEP][PASSED] - setText(findTestObject("DIGITURNO/CONFIGURACION/3Jornadas de Atencion/Edicion/textarea_Descripcion"), "Prueba Actualizada"): Text 'Prueba Actualizada' is set on object 'Object Repository/DIGITURNO/CONFIGURACION/3Jornadas de Atencion/Edicion/textarea_Descripcion'

2023-08-14 14:35:34 - [MESSAGE][PASSED] - Text 'Prueba Actualizada' is set on object 'Object Repository/DIGITURNO/CONFIGURACION/3Jornadas de Atencion/Edicion/textarea_Descripcion'

2023-08-14 14:35:34 - [TEST_STEP][PASSED] - scrollToElement(findTestObject("DIGITURNO/CONFIGURACION/3Jornadas de Atencion/Edicion/Label/label_Semanal(1)/label_sabado"), 1): Scroll to object 'Object Repository/DIGITURNO/CONFIGURACION/3Jornadas de Atencion/Edicion/Label/label_Semanal(1)/label_sabado' successfully

2023-08-14 14:35:34 - [MESSAGE][PASSED] - Scroll to object 'Object Repository/DIGITURNO/CONFIGURACION/3Jornadas de Atencion/Edicion/Label/label_Semanal(1)/label_sabado' successfully

2023-08-14 14:35:34 - [TEST_STEP][PASSED] - check(findTestObject("DIGITURNO/CONFIGURACION/3Jornadas de Atencion/Edicion/Label/label_Semanal(1)/label_sabado")): Object 'Object Repository/DIGITURNO/CONFIGURACION/3Jornadas de Atencion/Edicion/Label/label_Semanal(1)/label_sabado' is checked

2023-08-14 14:35:35 - [MESSAGE][PASSED] - Object 'Object Repository/DIGITURNO/CONFIGURACION/3Jornadas de Atencion/Edicion/Label/label_Semanal(1)/label_sabado' is checked

2023-08-14 14:35:35 - [TEST_STEP][PASSED] - delay(2): Delayed 2 second(s)

2023-08-14 14:35:37 - [MESSAGE][PASSED] - Delayed 2 second(s)

2023-08-14 14:35:37 - [TEST_STEP][PASSED] - scrollToPosition(0, 0): Browser is scrolled to position x = 0, y = 0

2023-08-14 14:35:37 - [MESSAGE][PASSED] - Browser is scrolled to position x = 0, y = 0

2023-08-14 14:35:37 - [TEST_STEP][PASSED] - click(findTestObject("DIGITURNO/CONFIGURACION/3Jornadas de Atencion/Edicion/img_Actualizar")): Object: 'Object Repository/DIGITURNO/CONFIGURACION/3Jornadas de Atencion/Edicion/img_Actualizar' is clicked on

2023-08-14 14:35:37 - [MESSAGE][PASSED] - Object: 'Object Repository/DIGITURNO/CONFIGURACION/3Jornadas de Atencion/Edicion/img_Actualizar' is clicked on

2023-08-14 14:35:37 - [TEST_STEP][PASSED] - delay(3): Delayed 3 second(s)

2023-08-14 14:35:40 - [MESSAGE][PASSED] - Delayed 3 second(s)

2023-08-14 14:35:40 - [TEST_STEP][PASSED] - takeFullPageScreenshot(): Taking screenshot successfully

2023-08-14 14:35:41 - [MESSAGE][INFO] - 0 hidden object(s)

2023-08-14 14:35:41 - [MESSAGE][PASSED] - Taking screenshot successfully
[[ATTACHMENT|C:\\CIEL INGENIERIA\\Katalon\\Digiturno55\\Reports\\20230814_141235\\DIGITURNO\\BASICO\\31 Jornadas de Atencion Crear Actualizar Eliminar\\20230814_141303\\1692041740754.png]]

2023-08-14 14:35:41 - [TEST_STEP][PASSED] - delay(3): Delayed 3 second(s)

2023-08-14 14:35:44 - [MESSAGE][PASSED] - Delayed 3 second(s)

2023-08-14 14:35:44 - [TEST_STEP][PASSED] - Start listener action : sampleAfterTestCase: null]]></system-out>
         <system-err><![CDATA[]]></system-err>
      </testcase>
      <testcase name="Test Cases/DIGITURNO/BASICO/31 Jornadas de Atencion Eliminar" time="38.951" classname="Test Cases/DIGITURNO/BASICO/31 Jornadas de Atencion Eliminar" status="PASSED">
         <system-out><![CDATA[2023-08-14 14:35:44 - [TEST_CASE][PASSED] - Test Cases/DIGITURNO/BASICO/31 Jornadas de Atencion Eliminar: Test Cases/DIGITURNO/BASICO/31 Jornadas de Atencion Eliminar

2023-08-14 14:35:44 - [TEST_STEP][PASSED] - callTestCase(findTestCase("DIGITURNO/BASICO/3 Configuracion"), [:], STOP_ON_FAILURE): Call Test Case 'Test Cases/DIGITURNO/BASICO/3 Configuracion' successfully

2023-08-14 14:35:45 - [TEST_CASE][PASSED] - Test Cases/DIGITURNO/BASICO/3 Configuracion: Test Cases/DIGITURNO/BASICO/3 Configuracion

2023-08-14 14:35:45 - [TEST_STEP][PASSED] - callTestCase(findTestCase("0InicioSesion"), [:], STOP_ON_FAILURE): Call Test Case 'Test Cases/0InicioSesion' successfully

2023-08-14 14:35:45 - [TEST_CASE][PASSED] - Test Cases/0InicioSesion: Test Cases/0InicioSesion

2023-08-14 14:35:45 - [TEST_STEP][PASSED] - openBrowser(UrlDigiturno): Browser is opened with url: 'https://PCPruebas101.ciel.cielingenieria.com:8610'

2023-08-14 14:35:45 - [MESSAGE][WARNING] - A browser is already opened. Closing browser and opening a new one

2023-08-14 14:35:45 - [MESSAGE][INFO] - Starting 'Chrome' driver

2023-08-14 14:35:45 - [MESSAGE][INFO] - User set preference: ['args', '[--use-fake-ui-for-media-stream, --disable-notifications]']

2023-08-14 14:35:45 - [MESSAGE][INFO] - Action delay is set to 0 milliseconds

2023-08-14 14:35:47 - [MESSAGE][PASSED] - Browser is opened with url: 'https://PCPruebas101.ciel.cielingenieria.com:8610'

2023-08-14 14:35:47 - [TEST_STEP][PASSED] - maximizeWindow(): Current window maximized

2023-08-14 14:35:47 - [MESSAGE][PASSED] - Current window maximized

2023-08-14 14:35:47 - [TEST_STEP][PASSED] - delay(3): Delayed 3 second(s)

2023-08-14 14:35:50 - [MESSAGE][PASSED] - Delayed 3 second(s)

2023-08-14 14:35:50 - [TEST_STEP][PASSED] - setText(findTestObject("0Inicio Sesion/input_Usuario"), "Ciel"): Text 'Ciel' is set on object 'Object Repository/0Inicio Sesion/input_Usuario'

2023-08-14 14:35:51 - [MESSAGE][PASSED] - Text 'Ciel' is set on object 'Object Repository/0Inicio Sesion/input_Usuario'

2023-08-14 14:35:51 - [TEST_STEP][PASSED] - setText(findTestObject("0Inicio Sesion/input_Clave"), "digiturno"): Text 'digiturno' is set on object 'Object Repository/0Inicio Sesion/input_Clave'

2023-08-14 14:35:51 - [MESSAGE][PASSED] - Text 'digiturno' is set on object 'Object Repository/0Inicio Sesion/input_Clave'

2023-08-14 14:35:51 - [TEST_STEP][PASSED] - click(findTestObject("0Inicio Sesion/btn_IniciarSesion")): Object: 'Object Repository/0Inicio Sesion/btn_IniciarSesion' is clicked on

2023-08-14 14:35:52 - [MESSAGE][PASSED] - Object: 'Object Repository/0Inicio Sesion/btn_IniciarSesion' is clicked on

2023-08-14 14:35:52 - [TEST_STEP][PASSED] - delay(3): Delayed 3 second(s)

2023-08-14 14:35:55 - [MESSAGE][PASSED] - Delayed 3 second(s)

2023-08-14 14:35:55 - [MESSAGE][PASSED] - Call Test Case 'Test Cases/0InicioSesion' successfully

2023-08-14 14:35:55 - [TEST_STEP][PASSED] - click(findTestObject("DIGITURNO/1Principal/img_Configuracion(1)")): Object: 'Object Repository/DIGITURNO/1Principal/img_Configuracion(1)' is clicked on

2023-08-14 14:35:55 - [MESSAGE][PASSED] - Object: 'Object Repository/DIGITURNO/1Principal/img_Configuracion(1)' is clicked on

2023-08-14 14:35:55 - [TEST_STEP][PASSED] - delay(3): Delayed 3 second(s)

2023-08-14 14:35:58 - [MESSAGE][PASSED] - Delayed 3 second(s)

2023-08-14 14:35:58 - [TEST_STEP][PASSED] - takeFullPageScreenshot(): Taking screenshot successfully

2023-08-14 14:35:59 - [MESSAGE][INFO] - 0 hidden object(s)

2023-08-14 14:35:59 - [MESSAGE][PASSED] - Taking screenshot successfully
[[ATTACHMENT|C:\\CIEL INGENIERIA\\Katalon\\Digiturno55\\Reports\\20230814_141235\\DIGITURNO\\BASICO\\31 Jornadas de Atencion Crear Actualizar Eliminar\\20230814_141303\\1692041758932.png]]

2023-08-14 14:35:59 - [TEST_STEP][PASSED] - delay(3): Delayed 3 second(s)

2023-08-14 14:36:02 - [MESSAGE][PASSED] - Delayed 3 second(s)

2023-08-14 14:36:02 - [MESSAGE][PASSED] - Call Test Case 'Test Cases/DIGITURNO/BASICO/3 Configuracion' successfully

2023-08-14 14:36:02 - [TEST_STEP][PASSED] - click(findTestObject("DIGITURNO/CONFIGURACION/0Principal/img_3Jornadas de atencion")): Object: 'Object Repository/DIGITURNO/CONFIGURACION/0Principal/img_3Jornadas de atencion' is clicked on

2023-08-14 14:36:03 - [MESSAGE][PASSED] - Object: 'Object Repository/DIGITURNO/CONFIGURACION/0Principal/img_3Jornadas de atencion' is clicked on

2023-08-14 14:36:03 - [TEST_STEP][PASSED] - delay(2): Delayed 2 second(s)

2023-08-14 14:36:05 - [MESSAGE][PASSED] - Delayed 2 second(s)

2023-08-14 14:36:05 - [TEST_STEP][PASSED] - click(findTestObject("DIGITURNO/CONFIGURACION/3Jornadas de Atencion/0Modal Inicial Oficinas/td_1Bogota - CIEL")): Object: 'Object Repository/DIGITURNO/CONFIGURACION/3Jornadas de Atencion/0Modal Inicial Oficinas/td_1Bogota - CIEL' is clicked on

2023-08-14 14:36:05 - [MESSAGE][PASSED] - Object: 'Object Repository/DIGITURNO/CONFIGURACION/3Jornadas de Atencion/0Modal Inicial Oficinas/td_1Bogota - CIEL' is clicked on

2023-08-14 14:36:05 - [TEST_STEP][PASSED] - delay(3): Delayed 3 second(s)

2023-08-14 14:36:08 - [MESSAGE][PASSED] - Delayed 3 second(s)

2023-08-14 14:36:08 - [TEST_STEP][PASSED] - setText(findTestObject("DIGITURNO/CONFIGURACION/3Jornadas de Atencion/Lista de Jornadas/input_TextoABuscar"), "Prueba"): Text 'Prueba' is set on object 'Object Repository/DIGITURNO/CONFIGURACION/3Jornadas de Atencion/Lista de Jornadas/input_TextoABuscar'

2023-08-14 14:36:09 - [MESSAGE][PASSED] - Text 'Prueba' is set on object 'Object Repository/DIGITURNO/CONFIGURACION/3Jornadas de Atencion/Lista de Jornadas/input_TextoABuscar'

2023-08-14 14:36:09 - [TEST_STEP][PASSED] - delay(3): Delayed 3 second(s)

2023-08-14 14:36:12 - [MESSAGE][PASSED] - Delayed 3 second(s)

2023-08-14 14:36:12 - [TEST_STEP][PASSED] - click(findTestObject("DIGITURNO/CONFIGURACION/3Jornadas de Atencion/Lista de Jornadas/td_1 Seleccion Busqueda")): Object: 'Object Repository/DIGITURNO/CONFIGURACION/3Jornadas de Atencion/Lista de Jornadas/td_1 Seleccion Busqueda' is clicked on

2023-08-14 14:36:12 - [MESSAGE][PASSED] - Object: 'Object Repository/DIGITURNO/CONFIGURACION/3Jornadas de Atencion/Lista de Jornadas/td_1 Seleccion Busqueda' is clicked on

2023-08-14 14:36:12 - [TEST_STEP][PASSED] - delay(3): Delayed 3 second(s)

2023-08-14 14:36:15 - [MESSAGE][PASSED] - Delayed 3 second(s)

2023-08-14 14:36:15 - [TEST_STEP][PASSED] - scrollToPosition(0, 0): Browser is scrolled to position x = 0, y = 0

2023-08-14 14:36:15 - [MESSAGE][PASSED] - Browser is scrolled to position x = 0, y = 0

2023-08-14 14:36:15 - [TEST_STEP][PASSED] - click(findTestObject("DIGITURNO/CONFIGURACION/3Jornadas de Atencion/Edicion/img_Eliminar")): Object: 'Object Repository/DIGITURNO/CONFIGURACION/3Jornadas de Atencion/Edicion/img_Eliminar' is clicked on

2023-08-14 14:36:16 - [MESSAGE][PASSED] - Object: 'Object Repository/DIGITURNO/CONFIGURACION/3Jornadas de Atencion/Edicion/img_Eliminar' is clicked on

2023-08-14 14:36:16 - [TEST_STEP][PASSED] - click(findTestObject("DIGITURNO/CONFIGURACION/3Jornadas de Atencion/Edicion/img_Eliminar")): Object: 'Object Repository/DIGITURNO/CONFIGURACION/3Jornadas de Atencion/Edicion/img_Eliminar' is clicked on

2023-08-14 14:36:16 - [MESSAGE][PASSED] - Object: 'Object Repository/DIGITURNO/CONFIGURACION/3Jornadas de Atencion/Edicion/img_Eliminar' is clicked on

2023-08-14 14:36:16 - [TEST_STEP][PASSED] - acceptAlert(): Alert accepted

2023-08-14 14:36:16 - [MESSAGE][PASSED] - Alert accepted

2023-08-14 14:36:16 - [TEST_STEP][PASSED] - delay(3): Delayed 3 second(s)

2023-08-14 14:36:19 - [MESSAGE][PASSED] - Delayed 3 second(s)

2023-08-14 14:36:19 - [TEST_STEP][PASSED] - takeFullPageScreenshot(): Taking screenshot successfully

2023-08-14 14:36:20 - [MESSAGE][INFO] - 0 hidden object(s)

2023-08-14 14:36:20 - [MESSAGE][PASSED] - Taking screenshot successfully
[[ATTACHMENT|C:\\CIEL INGENIERIA\\Katalon\\Digiturno55\\Reports\\20230814_141235\\DIGITURNO\\BASICO\\31 Jornadas de Atencion Crear Actualizar Eliminar\\20230814_141303\\1692041779742.png]]

2023-08-14 14:36:20 - [TEST_STEP][PASSED] - delay(3): Delayed 3 second(s)

2023-08-14 14:36:23 - [MESSAGE][PASSED] - Delayed 3 second(s)

2023-08-14 14:36:23 - [TEST_STEP][PASSED] - Start listener action : sampleAfterTestCase: null]]></system-out>
         <system-err><![CDATA[]]></system-err>
      </testcase>
      <system-out><![CDATA[2023-08-14 14:33:39 - [TEST_SUITE][PASSED] - 31 Jornadas de Atencion Crear Actualizar Eliminar: Test Cases/DIGITURNO/BASICO/31 Jornadas de Atencion Eliminar]]></system-out>
      <system-err><![CDATA[]]></system-err>
   </testsuite>
</testsuites>
