<?xml version="1.0" encoding="UTF-8"?>
<testsuites name="5.5 Crear Terminales Medellin" time="91.375" tests="1" failures="0" errors="0">
   <testsuite name="5.5 Crear Terminales Medellin" tests="1" failures="0" errors="0" time="91.375" skipped="0" timestamp="2024-03-11 10:56:16" hostname="jdavila - PCPruebas101.ciel.cielingenieria.com" id="Test Suites/WIZARD/3Infraestructura/5Terminales/5.5 Crear Terminales Medellin">
      <properties>
         <property name="deviceName" value=""/>
         <property name="devicePlatform" value=""/>
         <property name="logFolder" value="C:\\CIEL INGENIERIA\\Katalon\\Digiturno55\\Reports\\20240311_101053\\WIZARD\\3Infraestructura\\5Terminales\\5.5 Crear Terminales Medellin\\20240311_101158"/>
         <property name="logFiles" value="C:\\CIEL INGENIERIA\\Katalon\\Digiturno55\\Reports\\20240311_101053\\WIZARD\\3Infraestructura\\5Terminales\\5.5 Crear Terminales Medellin\\20240311_101158\\execution0.log"/>
         <property name="attachments" value="C:\\CIEL INGENIERIA\\Katalon\\Digiturno55\\Reports\\20240311_101053\\WIZARD\\3Infraestructura\\5Terminales\\5.5 Crear Terminales Medellin\\20240311_101158\\1710172664383.png"/>
         <property name="hostName" value="jdavila - PCPruebas101.ciel.cielingenieria.com"/>
         <property name="os" value="Windows 10 64bit"/>
         <property name="katalonVersion" value="8.6.8.208"/>
         <property name="browser" value="Chrome 122.0.0.0"/>
         <property name="hostAddress" value="192.168.91.14"/>
         <property name="sessionId" value="78465b172748c1aec34c02d9bed6f350"/>
         <property name="seleniumVersion" value="3.141.59"/>
         <property name="proxyInformation" value="ProxyInformation { proxyOption=NO_PROXY, proxyServerType=HTTP, username=, password=********, proxyServerAddress=, proxyServerPort=0, executionList=&quot;&quot;, isApplyToDesiredCapabilities=true }"/>
         <property name="platform" value="Windows 10"/>
      </properties>
      <testcase name="Test Cases/WIZARD/3Infraestructura/5Terminales/5.5 Crear Terminales Medellin" time="91.148" classname="Test Cases/WIZARD/3Infraestructura/5Terminales/5.5 Crear Terminales Medellin" status="PASSED">
         <system-out><![CDATA[2024-03-11 10:56:17 - [TEST_CASE][PASSED] - Test Cases/WIZARD/3Infraestructura/5Terminales/5.5 Crear Terminales Medellin: Test Cases/WIZARD/3Infraestructura/5Terminales/5.5 Crear Terminales Medellin

2024-03-11 10:56:17 - [TEST_STEP][PASSED] - callTestCase(findTestCase("0InicioSesion"), [:], STOP_ON_FAILURE): Call Test Case 'Test Cases/0InicioSesion' successfully

2024-03-11 10:56:17 - [TEST_CASE][PASSED] - Test Cases/0InicioSesion: Test Cases/0InicioSesion

2024-03-11 10:56:17 - [TEST_STEP][PASSED] - openBrowser(UrlDigiturno): Browser is opened with url: 'https://PCPruebas101.ciel.cielingenieria.com:8910'

2024-03-11 10:56:18 - [MESSAGE][INFO] - Starting 'Chrome' driver

2024-03-11 10:56:18 - [MESSAGE][INFO] - User set preference: ['args', '[--use-fake-ui-for-media-stream, --disable-notifications]']

2024-03-11 10:56:18 - [MESSAGE][INFO] - Action delay is set to 0 milliseconds

2024-03-11 10:56:21 - [MESSAGE][PASSED] - Browser is opened with url: 'https://PCPruebas101.ciel.cielingenieria.com:8910'

2024-03-11 10:56:21 - [TEST_STEP][PASSED] - maximizeWindow(): Current window maximized

2024-03-11 10:56:22 - [MESSAGE][PASSED] - Current window maximized

2024-03-11 10:56:22 - [TEST_STEP][PASSED] - delay(3): Delayed 3 second(s)

2024-03-11 10:56:25 - [MESSAGE][PASSED] - Delayed 3 second(s)

2024-03-11 10:56:25 - [TEST_STEP][PASSED] - setText(findTestObject("0Inicio Sesion/input_Usuario"), "Ciel"): Text 'Ciel' is set on object 'Object Repository/0Inicio Sesion/input_Usuario'

2024-03-11 10:56:25 - [MESSAGE][PASSED] - Text 'Ciel' is set on object 'Object Repository/0Inicio Sesion/input_Usuario'

2024-03-11 10:56:25 - [TEST_STEP][PASSED] - setText(findTestObject("0Inicio Sesion/input_Clave"), "digiturno"): Text 'digiturno' is set on object 'Object Repository/0Inicio Sesion/input_Clave'

2024-03-11 10:56:26 - [MESSAGE][PASSED] - Text 'digiturno' is set on object 'Object Repository/0Inicio Sesion/input_Clave'

2024-03-11 10:56:26 - [TEST_STEP][PASSED] - click(findTestObject("0Inicio Sesion/btn_IniciarSesion")): Object: 'Object Repository/0Inicio Sesion/btn_IniciarSesion' is clicked on

2024-03-11 10:56:27 - [MESSAGE][PASSED] - Object: 'Object Repository/0Inicio Sesion/btn_IniciarSesion' is clicked on

2024-03-11 10:56:27 - [TEST_STEP][PASSED] - delay(3): Delayed 3 second(s)

2024-03-11 10:56:30 - [MESSAGE][PASSED] - Delayed 3 second(s)

2024-03-11 10:56:30 - [MESSAGE][PASSED] - Call Test Case 'Test Cases/0InicioSesion' successfully

2024-03-11 10:56:30 - [TEST_STEP][PASSED] - click(findTestObject("WIZARD/0Principal/img_InfraestructuraMAX")): Object: 'Object Repository/WIZARD/0Principal/img_InfraestructuraMAX' is clicked on

2024-03-11 10:56:30 - [MESSAGE][PASSED] - Object: 'Object Repository/WIZARD/0Principal/img_InfraestructuraMAX' is clicked on

2024-03-11 10:56:30 - [TEST_STEP][PASSED] - delay(3): Delayed 3 second(s)

2024-03-11 10:56:33 - [MESSAGE][PASSED] - Delayed 3 second(s)

2024-03-11 10:56:33 - [TEST_STEP][PASSED] - click(findTestObject("WIZARD/3Infraestructura/0Menu/span_Terminales")): Object: 'Object Repository/WIZARD/3Infraestructura/0Menu/span_Terminales' is clicked on

2024-03-11 10:56:36 - [MESSAGE][PASSED] - Object: 'Object Repository/WIZARD/3Infraestructura/0Menu/span_Terminales' is clicked on

2024-03-11 10:56:36 - [TEST_STEP][PASSED] - delay(3): Delayed 3 second(s)

2024-03-11 10:56:39 - [MESSAGE][PASSED] - Delayed 3 second(s)

2024-03-11 10:56:39 - [TEST_STEP][PASSED] - click(findTestObject("WIZARD/3Infraestructura/5Terminales/0OficinasModal/td_5Medellin - Laureles")): Object: 'Object Repository/WIZARD/3Infraestructura/5Terminales/0OficinasModal/td_5Medellin - Laureles' is clicked on

2024-03-11 10:56:40 - [MESSAGE][PASSED] - Object: 'Object Repository/WIZARD/3Infraestructura/5Terminales/0OficinasModal/td_5Medellin - Laureles' is clicked on

2024-03-11 10:56:40 - [TEST_STEP][PASSED] - delay(3): Delayed 3 second(s)

2024-03-11 10:56:43 - [MESSAGE][PASSED] - Delayed 3 second(s)

2024-03-11 10:56:43 - [TEST_STEP][PASSED] - click(findTestObject("WIZARD/3Infraestructura/5Terminales/Edicion/btn_SeleccionarGrupo")): Object: 'Object Repository/WIZARD/3Infraestructura/5Terminales/Edicion/btn_SeleccionarGrupo' is clicked on

2024-03-11 10:56:43 - [MESSAGE][PASSED] - Object: 'Object Repository/WIZARD/3Infraestructura/5Terminales/Edicion/btn_SeleccionarGrupo' is clicked on

2024-03-11 10:56:43 - [TEST_STEP][PASSED] - delay(3): Delayed 3 second(s)

2024-03-11 10:56:46 - [MESSAGE][PASSED] - Delayed 3 second(s)

2024-03-11 10:56:46 - [TEST_STEP][PASSED] - click(findTestObject("WIZARD/3Infraestructura/5Terminales/Edicion/btn_Seleccionar Grupo(1)/a_Grupo General")): Object: 'Object Repository/WIZARD/3Infraestructura/5Terminales/Edicion/btn_Seleccionar Grupo(1)/a_Grupo General' is clicked on

2024-03-11 10:56:47 - [MESSAGE][PASSED] - Object: 'Object Repository/WIZARD/3Infraestructura/5Terminales/Edicion/btn_Seleccionar Grupo(1)/a_Grupo General' is clicked on

2024-03-11 10:56:47 - [TEST_STEP][PASSED] - delay(3): Delayed 3 second(s)

2024-03-11 10:56:50 - [MESSAGE][PASSED] - Delayed 3 second(s)

2024-03-11 10:56:50 - [TEST_STEP][PASSED] - setText(findTestObject("WIZARD/3Infraestructura/5Terminales/Edicion/input_Nombre"), "A01"): Text 'A01' is set on object 'Object Repository/WIZARD/3Infraestructura/5Terminales/Edicion/input_Nombre'

2024-03-11 10:56:50 - [MESSAGE][PASSED] - Text 'A01' is set on object 'Object Repository/WIZARD/3Infraestructura/5Terminales/Edicion/input_Nombre'

2024-03-11 10:56:51 - [TEST_STEP][PASSED] - setText(findTestObject("WIZARD/3Infraestructura/5Terminales/Edicion/textarea_Descripcion"), "Medellin - Terminal - Informacion"): Text 'Medellin - Terminal - Informacion' is set on object 'Object Repository/WIZARD/3Infraestructura/5Terminales/Edicion/textarea_Descripcion'

2024-03-11 10:56:51 - [MESSAGE][PASSED] - Text 'Medellin - Terminal - Informacion' is set on object 'Object Repository/WIZARD/3Infraestructura/5Terminales/Edicion/textarea_Descripcion'

2024-03-11 10:56:51 - [TEST_STEP][PASSED] - scrollToElement(findTestObject("WIZARD/3Infraestructura/5Terminales/Edicion/Label/label_Mostrar ventana emergente"), 2): Scroll to object 'Object Repository/WIZARD/3Infraestructura/5Terminales/Edicion/Label/label_Mostrar ventana emergente' successfully

2024-03-11 10:56:52 - [MESSAGE][PASSED] - Scroll to object 'Object Repository/WIZARD/3Infraestructura/5Terminales/Edicion/Label/label_Mostrar ventana emergente' successfully

2024-03-11 10:56:52 - [TEST_STEP][PASSED] - check(findTestObject("WIZARD/3Infraestructura/5Terminales/Edicion/Label/label_Mostrar ventana emergente")): Object 'Object Repository/WIZARD/3Infraestructura/5Terminales/Edicion/Label/label_Mostrar ventana emergente' is checked

2024-03-11 10:56:52 - [MESSAGE][PASSED] - Object 'Object Repository/WIZARD/3Infraestructura/5Terminales/Edicion/Label/label_Mostrar ventana emergente' is checked

2024-03-11 10:56:52 - [TEST_STEP][PASSED] - scrollToPosition(0, 0): Browser is scrolled to position x = 0, y = 0

2024-03-11 10:56:52 - [MESSAGE][PASSED] - Browser is scrolled to position x = 0, y = 0

2024-03-11 10:56:52 - [TEST_STEP][PASSED] - delay(2): Delayed 2 second(s)

2024-03-11 10:56:54 - [MESSAGE][PASSED] - Delayed 2 second(s)

2024-03-11 10:56:54 - [TEST_STEP][PASSED] - click(findTestObject("WIZARD/3Infraestructura/5Terminales/Edicion/img_Nuevo")): Object: 'Object Repository/WIZARD/3Infraestructura/5Terminales/Edicion/img_Nuevo' is clicked on

2024-03-11 10:56:55 - [MESSAGE][PASSED] - Object: 'Object Repository/WIZARD/3Infraestructura/5Terminales/Edicion/img_Nuevo' is clicked on

2024-03-11 10:56:55 - [TEST_STEP][PASSED] - delay(3): Delayed 3 second(s)

2024-03-11 10:56:58 - [MESSAGE][PASSED] - Delayed 3 second(s)

2024-03-11 10:56:58 - [TEST_STEP][PASSED] - click(findTestObject("WIZARD/3Infraestructura/0Menu/span_Terminales")): Object: 'Object Repository/WIZARD/3Infraestructura/0Menu/span_Terminales' is clicked on

2024-03-11 10:56:58 - [MESSAGE][PASSED] - Object: 'Object Repository/WIZARD/3Infraestructura/0Menu/span_Terminales' is clicked on

2024-03-11 10:56:58 - [TEST_STEP][PASSED] - delay(3): Delayed 3 second(s)

2024-03-11 10:57:01 - [MESSAGE][PASSED] - Delayed 3 second(s)

2024-03-11 10:57:01 - [TEST_STEP][PASSED] - click(findTestObject("WIZARD/3Infraestructura/5Terminales/0OficinasModal/td_5Medellin - Laureles")): Object: 'Object Repository/WIZARD/3Infraestructura/5Terminales/0OficinasModal/td_5Medellin - Laureles' is clicked on

2024-03-11 10:57:02 - [MESSAGE][PASSED] - Object: 'Object Repository/WIZARD/3Infraestructura/5Terminales/0OficinasModal/td_5Medellin - Laureles' is clicked on

2024-03-11 10:57:02 - [TEST_STEP][PASSED] - delay(3): Delayed 3 second(s)

2024-03-11 10:57:05 - [MESSAGE][PASSED] - Delayed 3 second(s)

2024-03-11 10:57:05 - [TEST_STEP][PASSED] - click(findTestObject("WIZARD/3Infraestructura/5Terminales/Edicion/btn_SeleccionarGrupo")): Object: 'Object Repository/WIZARD/3Infraestructura/5Terminales/Edicion/btn_SeleccionarGrupo' is clicked on

2024-03-11 10:57:05 - [MESSAGE][PASSED] - Object: 'Object Repository/WIZARD/3Infraestructura/5Terminales/Edicion/btn_SeleccionarGrupo' is clicked on

2024-03-11 10:57:05 - [TEST_STEP][PASSED] - delay(3): Delayed 3 second(s)

2024-03-11 10:57:08 - [MESSAGE][PASSED] - Delayed 3 second(s)

2024-03-11 10:57:08 - [TEST_STEP][PASSED] - click(findTestObject("WIZARD/3Infraestructura/5Terminales/Edicion/btn_Seleccionar Grupo(1)/a_Grupo PQRS")): Object: 'Object Repository/WIZARD/3Infraestructura/5Terminales/Edicion/btn_Seleccionar Grupo(1)/a_Grupo PQRS' is clicked on

2024-03-11 10:57:09 - [MESSAGE][PASSED] - Object: 'Object Repository/WIZARD/3Infraestructura/5Terminales/Edicion/btn_Seleccionar Grupo(1)/a_Grupo PQRS' is clicked on

2024-03-11 10:57:09 - [TEST_STEP][PASSED] - delay(3): Delayed 3 second(s)

2024-03-11 10:57:12 - [MESSAGE][PASSED] - Delayed 3 second(s)

2024-03-11 10:57:12 - [TEST_STEP][PASSED] - scrollToElement(findTestObject("WIZARD/3Infraestructura/5Terminales/Edicion/input_Nombre"), 2): Scroll to object 'Object Repository/WIZARD/3Infraestructura/5Terminales/Edicion/input_Nombre' successfully

2024-03-11 10:57:12 - [MESSAGE][PASSED] - Scroll to object 'Object Repository/WIZARD/3Infraestructura/5Terminales/Edicion/input_Nombre' successfully

2024-03-11 10:57:12 - [TEST_STEP][PASSED] - setText(findTestObject("WIZARD/3Infraestructura/5Terminales/Edicion/input_Nombre"), "A02"): Text 'A02' is set on object 'Object Repository/WIZARD/3Infraestructura/5Terminales/Edicion/input_Nombre'

2024-03-11 10:57:13 - [MESSAGE][PASSED] - Text 'A02' is set on object 'Object Repository/WIZARD/3Infraestructura/5Terminales/Edicion/input_Nombre'

2024-03-11 10:57:13 - [TEST_STEP][PASSED] - setText(findTestObject("WIZARD/3Infraestructura/5Terminales/Edicion/textarea_Descripcion"), "Medellin - Terminal - PQRS"): Text 'Medellin - Terminal - PQRS' is set on object 'Object Repository/WIZARD/3Infraestructura/5Terminales/Edicion/textarea_Descripcion'

2024-03-11 10:57:14 - [MESSAGE][PASSED] - Text 'Medellin - Terminal - PQRS' is set on object 'Object Repository/WIZARD/3Infraestructura/5Terminales/Edicion/textarea_Descripcion'

2024-03-11 10:57:14 - [TEST_STEP][PASSED] - scrollToElement(findTestObject("WIZARD/3Infraestructura/5Terminales/Edicion/Label/label_Mostrar ventana emergente"), 2): Scroll to object 'Object Repository/WIZARD/3Infraestructura/5Terminales/Edicion/Label/label_Mostrar ventana emergente' successfully

2024-03-11 10:57:14 - [MESSAGE][PASSED] - Scroll to object 'Object Repository/WIZARD/3Infraestructura/5Terminales/Edicion/Label/label_Mostrar ventana emergente' successfully

2024-03-11 10:57:14 - [TEST_STEP][PASSED] - setText(findTestObject("WIZARD/3Infraestructura/5Terminales/Edicion/input_Direccion en sala"), "2"): Text '2' is set on object 'Object Repository/WIZARD/3Infraestructura/5Terminales/Edicion/input_Direccion en sala'

2024-03-11 10:57:15 - [MESSAGE][PASSED] - Text '2' is set on object 'Object Repository/WIZARD/3Infraestructura/5Terminales/Edicion/input_Direccion en sala'

2024-03-11 10:57:15 - [TEST_STEP][PASSED] - check(findTestObject("WIZARD/3Infraestructura/5Terminales/Edicion/Label/label_Mostrar ventana emergente")): Object 'Object Repository/WIZARD/3Infraestructura/5Terminales/Edicion/Label/label_Mostrar ventana emergente' is checked

2024-03-11 10:57:15 - [MESSAGE][PASSED] - Object 'Object Repository/WIZARD/3Infraestructura/5Terminales/Edicion/Label/label_Mostrar ventana emergente' is checked

2024-03-11 10:57:15 - [TEST_STEP][PASSED] - scrollToPosition(0, 0): Browser is scrolled to position x = 0, y = 0

2024-03-11 10:57:15 - [MESSAGE][PASSED] - Browser is scrolled to position x = 0, y = 0

2024-03-11 10:57:15 - [TEST_STEP][PASSED] - delay(2): Delayed 2 second(s)

2024-03-11 10:57:17 - [MESSAGE][PASSED] - Delayed 2 second(s)

2024-03-11 10:57:17 - [TEST_STEP][PASSED] - click(findTestObject("WIZARD/3Infraestructura/5Terminales/Edicion/img_Nuevo")): Object: 'Object Repository/WIZARD/3Infraestructura/5Terminales/Edicion/img_Nuevo' is clicked on

2024-03-11 10:57:18 - [MESSAGE][PASSED] - Object: 'Object Repository/WIZARD/3Infraestructura/5Terminales/Edicion/img_Nuevo' is clicked on

2024-03-11 10:57:18 - [TEST_STEP][PASSED] - delay(3): Delayed 3 second(s)

2024-03-11 10:57:21 - [MESSAGE][PASSED] - Delayed 3 second(s)

2024-03-11 10:57:21 - [TEST_STEP][PASSED] - click(findTestObject("WIZARD/3Infraestructura/0Menu/span_Terminales")): Object: 'Object Repository/WIZARD/3Infraestructura/0Menu/span_Terminales' is clicked on

2024-03-11 10:57:21 - [MESSAGE][PASSED] - Object: 'Object Repository/WIZARD/3Infraestructura/0Menu/span_Terminales' is clicked on

2024-03-11 10:57:21 - [TEST_STEP][PASSED] - delay(3): Delayed 3 second(s)

2024-03-11 10:57:24 - [MESSAGE][PASSED] - Delayed 3 second(s)

2024-03-11 10:57:24 - [TEST_STEP][PASSED] - click(findTestObject("WIZARD/3Infraestructura/5Terminales/0OficinasModal/td_5Medellin - Laureles")): Object: 'Object Repository/WIZARD/3Infraestructura/5Terminales/0OficinasModal/td_5Medellin - Laureles' is clicked on

2024-03-11 10:57:25 - [MESSAGE][PASSED] - Object: 'Object Repository/WIZARD/3Infraestructura/5Terminales/0OficinasModal/td_5Medellin - Laureles' is clicked on

2024-03-11 10:57:25 - [TEST_STEP][PASSED] - delay(3): Delayed 3 second(s)

2024-03-11 10:57:28 - [MESSAGE][PASSED] - Delayed 3 second(s)

2024-03-11 10:57:28 - [TEST_STEP][PASSED] - click(findTestObject("WIZARD/3Infraestructura/5Terminales/Edicion/btn_SeleccionarGrupo")): Object: 'Object Repository/WIZARD/3Infraestructura/5Terminales/Edicion/btn_SeleccionarGrupo' is clicked on

2024-03-11 10:57:28 - [MESSAGE][PASSED] - Object: 'Object Repository/WIZARD/3Infraestructura/5Terminales/Edicion/btn_SeleccionarGrupo' is clicked on

2024-03-11 10:57:28 - [TEST_STEP][PASSED] - delay(3): Delayed 3 second(s)

2024-03-11 10:57:31 - [MESSAGE][PASSED] - Delayed 3 second(s)

2024-03-11 10:57:31 - [TEST_STEP][PASSED] - click(findTestObject("WIZARD/3Infraestructura/5Terminales/Edicion/btn_Seleccionar Grupo(1)/a_Grupo Radicaciones")): Object: 'Object Repository/WIZARD/3Infraestructura/5Terminales/Edicion/btn_Seleccionar Grupo(1)/a_Grupo Radicaciones' is clicked on

2024-03-11 10:57:32 - [MESSAGE][PASSED] - Object: 'Object Repository/WIZARD/3Infraestructura/5Terminales/Edicion/btn_Seleccionar Grupo(1)/a_Grupo Radicaciones' is clicked on

2024-03-11 10:57:32 - [TEST_STEP][PASSED] - delay(3): Delayed 3 second(s)

2024-03-11 10:57:35 - [MESSAGE][PASSED] - Delayed 3 second(s)

2024-03-11 10:57:35 - [TEST_STEP][PASSED] - scrollToElement(findTestObject("WIZARD/3Infraestructura/5Terminales/Edicion/input_Nombre"), 0): Scroll to object 'Object Repository/WIZARD/3Infraestructura/5Terminales/Edicion/input_Nombre' successfully

2024-03-11 10:57:35 - [MESSAGE][WARNING] - Timeout '0' is invalid. Using default page load timeout: '30'

2024-03-11 10:57:35 - [MESSAGE][PASSED] - Scroll to object 'Object Repository/WIZARD/3Infraestructura/5Terminales/Edicion/input_Nombre' successfully

2024-03-11 10:57:35 - [TEST_STEP][PASSED] - setText(findTestObject("WIZARD/3Infraestructura/5Terminales/Edicion/input_Nombre"), "A03"): Text 'A03' is set on object 'Object Repository/WIZARD/3Infraestructura/5Terminales/Edicion/input_Nombre'

2024-03-11 10:57:36 - [MESSAGE][PASSED] - Text 'A03' is set on object 'Object Repository/WIZARD/3Infraestructura/5Terminales/Edicion/input_Nombre'

2024-03-11 10:57:36 - [TEST_STEP][PASSED] - setText(findTestObject("WIZARD/3Infraestructura/5Terminales/Edicion/textarea_Descripcion"), "Medellin - Terminal - Radicaciones"): Text 'Medellin - Terminal - Radicaciones' is set on object 'Object Repository/WIZARD/3Infraestructura/5Terminales/Edicion/textarea_Descripcion'

2024-03-11 10:57:37 - [MESSAGE][PASSED] - Text 'Medellin - Terminal - Radicaciones' is set on object 'Object Repository/WIZARD/3Infraestructura/5Terminales/Edicion/textarea_Descripcion'

2024-03-11 10:57:37 - [TEST_STEP][PASSED] - scrollToElement(findTestObject("WIZARD/3Infraestructura/5Terminales/Edicion/Label/label_Mostrar ventana emergente"), 2): Scroll to object 'Object Repository/WIZARD/3Infraestructura/5Terminales/Edicion/Label/label_Mostrar ventana emergente' successfully

2024-03-11 10:57:37 - [MESSAGE][PASSED] - Scroll to object 'Object Repository/WIZARD/3Infraestructura/5Terminales/Edicion/Label/label_Mostrar ventana emergente' successfully

2024-03-11 10:57:37 - [TEST_STEP][PASSED] - setText(findTestObject("WIZARD/3Infraestructura/5Terminales/Edicion/input_Direccion en sala"), "3"): Text '3' is set on object 'Object Repository/WIZARD/3Infraestructura/5Terminales/Edicion/input_Direccion en sala'

2024-03-11 10:57:38 - [MESSAGE][PASSED] - Text '3' is set on object 'Object Repository/WIZARD/3Infraestructura/5Terminales/Edicion/input_Direccion en sala'

2024-03-11 10:57:38 - [TEST_STEP][PASSED] - check(findTestObject("WIZARD/3Infraestructura/5Terminales/Edicion/Label/label_Mostrar ventana emergente")): Object 'Object Repository/WIZARD/3Infraestructura/5Terminales/Edicion/Label/label_Mostrar ventana emergente' is checked

2024-03-11 10:57:38 - [MESSAGE][PASSED] - Object 'Object Repository/WIZARD/3Infraestructura/5Terminales/Edicion/Label/label_Mostrar ventana emergente' is checked

2024-03-11 10:57:38 - [TEST_STEP][PASSED] - scrollToPosition(0, 0): Browser is scrolled to position x = 0, y = 0

2024-03-11 10:57:38 - [MESSAGE][PASSED] - Browser is scrolled to position x = 0, y = 0

2024-03-11 10:57:38 - [TEST_STEP][PASSED] - delay(2): Delayed 2 second(s)

2024-03-11 10:57:40 - [MESSAGE][PASSED] - Delayed 2 second(s)

2024-03-11 10:57:40 - [TEST_STEP][PASSED] - click(findTestObject("WIZARD/3Infraestructura/5Terminales/Edicion/img_Nuevo")): Object: 'Object Repository/WIZARD/3Infraestructura/5Terminales/Edicion/img_Nuevo' is clicked on

2024-03-11 10:57:41 - [MESSAGE][PASSED] - Object: 'Object Repository/WIZARD/3Infraestructura/5Terminales/Edicion/img_Nuevo' is clicked on

2024-03-11 10:57:41 - [TEST_STEP][PASSED] - scrollToPosition(0, 0): Browser is scrolled to position x = 0, y = 0

2024-03-11 10:57:41 - [MESSAGE][PASSED] - Browser is scrolled to position x = 0, y = 0

2024-03-11 10:57:41 - [TEST_STEP][PASSED] - delay(3): Delayed 3 second(s)

2024-03-11 10:57:44 - [MESSAGE][PASSED] - Delayed 3 second(s)

2024-03-11 10:57:44 - [TEST_STEP][PASSED] - takeFullPageScreenshot(): Taking screenshot successfully

2024-03-11 10:57:45 - [MESSAGE][INFO] - 0 hidden object(s)

2024-03-11 10:57:45 - [MESSAGE][PASSED] - Taking screenshot successfully
[[ATTACHMENT|C:\\CIEL INGENIERIA\\Katalon\\Digiturno55\\Reports\\20240311_101053\\WIZARD\\3Infraestructura\\5Terminales\\5.5 Crear Terminales Medellin\\20240311_101158\\1710172664383.png]]

2024-03-11 10:57:45 - [TEST_STEP][PASSED] - delay(3): Delayed 3 second(s)

2024-03-11 10:57:48 - [MESSAGE][PASSED] - Delayed 3 second(s)

2024-03-11 10:57:48 - [TEST_STEP][PASSED] - Start listener action : sampleAfterTestCase: null]]></system-out>
         <system-err><![CDATA[]]></system-err>
      </testcase>
      <system-out><![CDATA[2024-03-11 10:56:16 - [TEST_SUITE][PASSED] - 5.5 Crear Terminales Medellin: Test Cases/WIZARD/3Infraestructura/5Terminales/5.5 Crear Terminales Medellin]]></system-out>
      <system-err><![CDATA[]]></system-err>
   </testsuite>
</testsuites>
