<?xml version="1.0" encoding="UTF-8"?>
<testsuites name="4.3 Crear Elementos Geograficos Ciudades" time="68.337" tests="1" failures="0" errors="0">
   <testsuite name="4.3 Crear Elementos Geograficos Ciudades" tests="1" failures="0" errors="0" time="68.337" skipped="0" timestamp="2023-08-14 10:35:39" hostname="jdavila - PCPruebas101.ciel.cielingenieria.com" id="Test Suites/WIZARD/2Estructura Geografica/4.3 Crear Elementos Geograficos Ciudades">
      <properties>
         <property name="deviceName" value=""/>
         <property name="devicePlatform" value=""/>
         <property name="logFolder" value="C:\\CIEL INGENIERIA\\Katalon\\Digiturno55\\Reports\\20230814_103032\\WIZARD\\2Estructura Geografica\\4.3 Crear Elementos Geograficos Ciudades\\20230814_103040"/>
         <property name="logFiles" value="C:\\CIEL INGENIERIA\\Katalon\\Digiturno55\\Reports\\20230814_103032\\WIZARD\\2Estructura Geografica\\4.3 Crear Elementos Geograficos Ciudades\\20230814_103040\\execution0.log"/>
         <property name="attachments" value="C:\\CIEL INGENIERIA\\Katalon\\Digiturno55\\Reports\\20230814_103032\\WIZARD\\2Estructura Geografica\\4.3 Crear Elementos Geograficos Ciudades\\20230814_103040\\1692027403450.png"/>
         <property name="hostName" value="jdavila - PCPruebas101.ciel.cielingenieria.com"/>
         <property name="os" value="Windows 10 64bit"/>
         <property name="katalonVersion" value="8.6.0.208"/>
         <property name="browser" value="Chrome 115.0.0.0"/>
         <property name="hostAddress" value="192.168.0.33"/>
         <property name="sessionId" value="13fc60c616097d15f4d3eba899918a41"/>
         <property name="seleniumVersion" value="3.141.59"/>
         <property name="proxyInformation" value="ProxyInformation { proxyOption=NO_PROXY, proxyServerType=HTTP, username=, password=********, proxyServerAddress=, proxyServerPort=0, executionList=&quot;&quot;, isApplyToDesiredCapabilities=true }"/>
         <property name="platform" value="Windows 10"/>
      </properties>
      <testcase name="Test Cases/WIZARD/2Estructura Geografica/4.3 Crear Elementos Geograficos Ciudades" time="68.076" classname="Test Cases/WIZARD/2Estructura Geografica/4.3 Crear Elementos Geograficos Ciudades" status="PASSED">
         <system-out><![CDATA[2023-08-14 10:35:39 - [TEST_CASE][PASSED] - Test Cases/WIZARD/2Estructura Geografica/4.3 Crear Elementos Geograficos Ciudades: Test Cases/WIZARD/2Estructura Geografica/4.3 Crear Elementos Geograficos Ciudades

2023-08-14 10:35:39 - [TEST_STEP][PASSED] - callTestCase(findTestCase("0InicioSesion"), [:], STOP_ON_FAILURE): Call Test Case 'Test Cases/0InicioSesion' successfully

2023-08-14 10:35:39 - [TEST_CASE][PASSED] - Test Cases/0InicioSesion: Test Cases/0InicioSesion

2023-08-14 10:35:40 - [TEST_STEP][PASSED] - openBrowser(UrlDigiturno): Browser is opened with url: 'https://PCPruebas101.ciel.cielingenieria.com:8610'

2023-08-14 10:35:40 - [MESSAGE][INFO] - Starting 'Chrome' driver

2023-08-14 10:35:40 - [MESSAGE][INFO] - User set preference: ['args', '[--use-fake-ui-for-media-stream, --disable-notifications]']

2023-08-14 10:35:40 - [MESSAGE][INFO] - Action delay is set to 0 milliseconds

2023-08-14 10:35:43 - [MESSAGE][PASSED] - Browser is opened with url: 'https://PCPruebas101.ciel.cielingenieria.com:8610'

2023-08-14 10:35:43 - [TEST_STEP][PASSED] - maximizeWindow(): Current window maximized

2023-08-14 10:35:43 - [MESSAGE][PASSED] - Current window maximized

2023-08-14 10:35:43 - [TEST_STEP][PASSED] - delay(3): Delayed 3 second(s)

2023-08-14 10:35:46 - [MESSAGE][PASSED] - Delayed 3 second(s)

2023-08-14 10:35:46 - [TEST_STEP][PASSED] - setText(findTestObject("0Inicio Sesion/input_Usuario"), "Ciel"): Text 'Ciel' is set on object 'Object Repository/0Inicio Sesion/input_Usuario'

2023-08-14 10:35:47 - [MESSAGE][PASSED] - Text 'Ciel' is set on object 'Object Repository/0Inicio Sesion/input_Usuario'

2023-08-14 10:35:47 - [TEST_STEP][PASSED] - setText(findTestObject("0Inicio Sesion/input_Clave"), "digiturno"): Text 'digiturno' is set on object 'Object Repository/0Inicio Sesion/input_Clave'

2023-08-14 10:35:48 - [MESSAGE][PASSED] - Text 'digiturno' is set on object 'Object Repository/0Inicio Sesion/input_Clave'

2023-08-14 10:35:48 - [TEST_STEP][PASSED] - click(findTestObject("0Inicio Sesion/btn_IniciarSesion")): Object: 'Object Repository/0Inicio Sesion/btn_IniciarSesion' is clicked on

2023-08-14 10:35:48 - [MESSAGE][PASSED] - Object: 'Object Repository/0Inicio Sesion/btn_IniciarSesion' is clicked on

2023-08-14 10:35:48 - [TEST_STEP][PASSED] - delay(3): Delayed 3 second(s)

2023-08-14 10:35:51 - [MESSAGE][PASSED] - Delayed 3 second(s)

2023-08-14 10:35:51 - [MESSAGE][PASSED] - Call Test Case 'Test Cases/0InicioSesion' successfully

2023-08-14 10:35:51 - [TEST_STEP][PASSED] - click(findTestObject("WIZARD/0Principal/img_EstructuraGeograficaMAX")): Object: 'Object Repository/WIZARD/0Principal/img_EstructuraGeograficaMAX' is clicked on

2023-08-14 10:35:54 - [MESSAGE][PASSED] - Object: 'Object Repository/WIZARD/0Principal/img_EstructuraGeograficaMAX' is clicked on

2023-08-14 10:35:54 - [TEST_STEP][PASSED] - delay(3): Delayed 3 second(s)

2023-08-14 10:35:57 - [MESSAGE][PASSED] - Delayed 3 second(s)

2023-08-14 10:35:57 - [TEST_STEP][PASSED] - click(findTestObject("WIZARD/2Estructura Geografica/0Arbol Geografico/span_Elementos geograficos")): Object: 'Object Repository/WIZARD/2Estructura Geografica/0Arbol Geografico/span_Elementos geograficos' is clicked on

2023-08-14 10:35:59 - [MESSAGE][PASSED] - Object: 'Object Repository/WIZARD/2Estructura Geografica/0Arbol Geografico/span_Elementos geograficos' is clicked on

2023-08-14 10:35:59 - [TEST_STEP][PASSED] - delay(3): Delayed 3 second(s)

2023-08-14 10:36:02 - [MESSAGE][PASSED] - Delayed 3 second(s)

2023-08-14 10:36:02 - [TEST_STEP][PASSED] - click(findTestObject("WIZARD/2Estructura Geografica/2Elementos Geograficos/Niveles Geograficos/option_Departamento")): Object: 'Object Repository/WIZARD/2Estructura Geografica/2Elementos Geograficos/Niveles Geograficos/option_Departamento' is clicked on

2023-08-14 10:36:03 - [MESSAGE][PASSED] - Object: 'Object Repository/WIZARD/2Estructura Geografica/2Elementos Geograficos/Niveles Geograficos/option_Departamento' is clicked on

2023-08-14 10:36:03 - [TEST_STEP][PASSED] - click(findTestObject("WIZARD/2Estructura Geografica/2Elementos Geograficos/Niveles Geograficos/option_Ciudad")): Object: 'Object Repository/WIZARD/2Estructura Geografica/2Elementos Geograficos/Niveles Geograficos/option_Ciudad' is clicked on

2023-08-14 10:36:04 - [MESSAGE][PASSED] - Object: 'Object Repository/WIZARD/2Estructura Geografica/2Elementos Geograficos/Niveles Geograficos/option_Ciudad' is clicked on

2023-08-14 10:36:04 - [TEST_STEP][PASSED] - selectOptionByLabel(findTestObject("WIZARD/2Estructura Geografica/2Elementos Geograficos/Elementos Geograficos/select_Nombre nivel"), "Cundinamarca", false): All options with label 'Cundinamarca' are selected in object 'Object Repository/WIZARD/2Estructura Geografica/2Elementos Geograficos/Elementos Geograficos/select_Nombre nivel' 

2023-08-14 10:36:05 - [MESSAGE][PASSED] - All options with label 'Cundinamarca' are selected in object 'Object Repository/WIZARD/2Estructura Geografica/2Elementos Geograficos/Elementos Geograficos/select_Nombre nivel' 

2023-08-14 10:36:05 - [TEST_STEP][PASSED] - setText(findTestObject("WIZARD/2Estructura Geografica/2Elementos Geograficos/Edicion Elemento Geografico/input_Nombre elemento"), "Bogota"): Text 'Bogota' is set on object 'Object Repository/WIZARD/2Estructura Geografica/2Elementos Geograficos/Edicion Elemento Geografico/input_Nombre elemento'

2023-08-14 10:36:05 - [MESSAGE][PASSED] - Text 'Bogota' is set on object 'Object Repository/WIZARD/2Estructura Geografica/2Elementos Geograficos/Edicion Elemento Geografico/input_Nombre elemento'

2023-08-14 10:36:05 - [TEST_STEP][PASSED] - click(findTestObject("WIZARD/2Estructura Geografica/2Elementos Geograficos/Edicion Elemento Geografico/btn_Nuevo")): Object: 'Object Repository/WIZARD/2Estructura Geografica/2Elementos Geograficos/Edicion Elemento Geografico/btn_Nuevo' is clicked on

2023-08-14 10:36:06 - [MESSAGE][PASSED] - Object: 'Object Repository/WIZARD/2Estructura Geografica/2Elementos Geograficos/Edicion Elemento Geografico/btn_Nuevo' is clicked on

2023-08-14 10:36:06 - [TEST_STEP][PASSED] - delay(3): Delayed 3 second(s)

2023-08-14 10:36:09 - [MESSAGE][PASSED] - Delayed 3 second(s)

2023-08-14 10:36:09 - [TEST_STEP][PASSED] - click(findTestObject("WIZARD/2Estructura Geografica/2Elementos Geograficos/Niveles Geograficos/option_Ciudad")): Object: 'Object Repository/WIZARD/2Estructura Geografica/2Elementos Geograficos/Niveles Geograficos/option_Ciudad' is clicked on

2023-08-14 10:36:09 - [MESSAGE][PASSED] - Object: 'Object Repository/WIZARD/2Estructura Geografica/2Elementos Geograficos/Niveles Geograficos/option_Ciudad' is clicked on

2023-08-14 10:36:09 - [TEST_STEP][PASSED] - selectOptionByLabel(findTestObject("WIZARD/2Estructura Geografica/2Elementos Geograficos/Elementos Geograficos/select_Nombre nivel"), "Valle del Cauca", false): All options with label 'Valle del Cauca' are selected in object 'Object Repository/WIZARD/2Estructura Geografica/2Elementos Geograficos/Elementos Geograficos/select_Nombre nivel' 

2023-08-14 10:36:10 - [MESSAGE][PASSED] - All options with label 'Valle del Cauca' are selected in object 'Object Repository/WIZARD/2Estructura Geografica/2Elementos Geograficos/Elementos Geograficos/select_Nombre nivel' 

2023-08-14 10:36:10 - [TEST_STEP][PASSED] - setText(findTestObject("WIZARD/2Estructura Geografica/2Elementos Geograficos/Edicion Elemento Geografico/input_Nombre elemento"), "Cali"): Text 'Cali' is set on object 'Object Repository/WIZARD/2Estructura Geografica/2Elementos Geograficos/Edicion Elemento Geografico/input_Nombre elemento'

2023-08-14 10:36:11 - [MESSAGE][PASSED] - Text 'Cali' is set on object 'Object Repository/WIZARD/2Estructura Geografica/2Elementos Geograficos/Edicion Elemento Geografico/input_Nombre elemento'

2023-08-14 10:36:11 - [TEST_STEP][PASSED] - click(findTestObject("WIZARD/2Estructura Geografica/2Elementos Geograficos/Edicion Elemento Geografico/btn_Nuevo")): Object: 'Object Repository/WIZARD/2Estructura Geografica/2Elementos Geograficos/Edicion Elemento Geografico/btn_Nuevo' is clicked on

2023-08-14 10:36:12 - [MESSAGE][PASSED] - Object: 'Object Repository/WIZARD/2Estructura Geografica/2Elementos Geograficos/Edicion Elemento Geografico/btn_Nuevo' is clicked on

2023-08-14 10:36:12 - [TEST_STEP][PASSED] - delay(3): Delayed 3 second(s)

2023-08-14 10:36:15 - [MESSAGE][PASSED] - Delayed 3 second(s)

2023-08-14 10:36:15 - [TEST_STEP][PASSED] - click(findTestObject("WIZARD/2Estructura Geografica/2Elementos Geograficos/Niveles Geograficos/option_Ciudad")): Object: 'Object Repository/WIZARD/2Estructura Geografica/2Elementos Geograficos/Niveles Geograficos/option_Ciudad' is clicked on

2023-08-14 10:36:15 - [MESSAGE][PASSED] - Object: 'Object Repository/WIZARD/2Estructura Geografica/2Elementos Geograficos/Niveles Geograficos/option_Ciudad' is clicked on

2023-08-14 10:36:15 - [TEST_STEP][PASSED] - selectOptionByLabel(findTestObject("WIZARD/2Estructura Geografica/2Elementos Geograficos/Elementos Geograficos/select_Nombre nivel"), "Bolivar", false): All options with label 'Bolivar' are selected in object 'Object Repository/WIZARD/2Estructura Geografica/2Elementos Geograficos/Elementos Geograficos/select_Nombre nivel' 

2023-08-14 10:36:16 - [MESSAGE][PASSED] - All options with label 'Bolivar' are selected in object 'Object Repository/WIZARD/2Estructura Geografica/2Elementos Geograficos/Elementos Geograficos/select_Nombre nivel' 

2023-08-14 10:36:16 - [TEST_STEP][PASSED] - setText(findTestObject("WIZARD/2Estructura Geografica/2Elementos Geograficos/Edicion Elemento Geografico/input_Nombre elemento"), "Cartagena"): Text 'Cartagena' is set on object 'Object Repository/WIZARD/2Estructura Geografica/2Elementos Geograficos/Edicion Elemento Geografico/input_Nombre elemento'

2023-08-14 10:36:17 - [MESSAGE][PASSED] - Text 'Cartagena' is set on object 'Object Repository/WIZARD/2Estructura Geografica/2Elementos Geograficos/Edicion Elemento Geografico/input_Nombre elemento'

2023-08-14 10:36:17 - [TEST_STEP][PASSED] - click(findTestObject("WIZARD/2Estructura Geografica/2Elementos Geograficos/Edicion Elemento Geografico/btn_Nuevo")): Object: 'Object Repository/WIZARD/2Estructura Geografica/2Elementos Geograficos/Edicion Elemento Geografico/btn_Nuevo' is clicked on

2023-08-14 10:36:17 - [MESSAGE][PASSED] - Object: 'Object Repository/WIZARD/2Estructura Geografica/2Elementos Geograficos/Edicion Elemento Geografico/btn_Nuevo' is clicked on

2023-08-14 10:36:17 - [TEST_STEP][PASSED] - delay(3): Delayed 3 second(s)

2023-08-14 10:36:20 - [MESSAGE][PASSED] - Delayed 3 second(s)

2023-08-14 10:36:20 - [TEST_STEP][PASSED] - click(findTestObject("WIZARD/2Estructura Geografica/2Elementos Geograficos/Niveles Geograficos/option_Ciudad")): Object: 'Object Repository/WIZARD/2Estructura Geografica/2Elementos Geograficos/Niveles Geograficos/option_Ciudad' is clicked on

2023-08-14 10:36:21 - [MESSAGE][PASSED] - Object: 'Object Repository/WIZARD/2Estructura Geografica/2Elementos Geograficos/Niveles Geograficos/option_Ciudad' is clicked on

2023-08-14 10:36:21 - [TEST_STEP][PASSED] - selectOptionByLabel(findTestObject("WIZARD/2Estructura Geografica/2Elementos Geograficos/Elementos Geograficos/select_Nombre nivel"), "Caldas", false): All options with label 'Caldas' are selected in object 'Object Repository/WIZARD/2Estructura Geografica/2Elementos Geograficos/Elementos Geograficos/select_Nombre nivel' 

2023-08-14 10:36:21 - [MESSAGE][PASSED] - All options with label 'Caldas' are selected in object 'Object Repository/WIZARD/2Estructura Geografica/2Elementos Geograficos/Elementos Geograficos/select_Nombre nivel' 

2023-08-14 10:36:21 - [TEST_STEP][PASSED] - setText(findTestObject("WIZARD/2Estructura Geografica/2Elementos Geograficos/Edicion Elemento Geografico/input_Nombre elemento"), "Manizales"): Text 'Manizales' is set on object 'Object Repository/WIZARD/2Estructura Geografica/2Elementos Geograficos/Edicion Elemento Geografico/input_Nombre elemento'

2023-08-14 10:36:23 - [MESSAGE][PASSED] - Text 'Manizales' is set on object 'Object Repository/WIZARD/2Estructura Geografica/2Elementos Geograficos/Edicion Elemento Geografico/input_Nombre elemento'

2023-08-14 10:36:23 - [TEST_STEP][PASSED] - click(findTestObject("WIZARD/2Estructura Geografica/2Elementos Geograficos/Edicion Elemento Geografico/btn_Nuevo")): Object: 'Object Repository/WIZARD/2Estructura Geografica/2Elementos Geograficos/Edicion Elemento Geografico/btn_Nuevo' is clicked on

2023-08-14 10:36:23 - [MESSAGE][PASSED] - Object: 'Object Repository/WIZARD/2Estructura Geografica/2Elementos Geograficos/Edicion Elemento Geografico/btn_Nuevo' is clicked on

2023-08-14 10:36:23 - [TEST_STEP][PASSED] - delay(3): Delayed 3 second(s)

2023-08-14 10:36:26 - [MESSAGE][PASSED] - Delayed 3 second(s)

2023-08-14 10:36:26 - [TEST_STEP][PASSED] - click(findTestObject("WIZARD/2Estructura Geografica/2Elementos Geograficos/Niveles Geograficos/option_Ciudad")): Object: 'Object Repository/WIZARD/2Estructura Geografica/2Elementos Geograficos/Niveles Geograficos/option_Ciudad' is clicked on

2023-08-14 10:36:26 - [MESSAGE][PASSED] - Object: 'Object Repository/WIZARD/2Estructura Geografica/2Elementos Geograficos/Niveles Geograficos/option_Ciudad' is clicked on

2023-08-14 10:36:26 - [TEST_STEP][PASSED] - selectOptionByLabel(findTestObject("WIZARD/2Estructura Geografica/2Elementos Geograficos/Elementos Geograficos/select_Nombre nivel"), "Dpto Virtual", false): All options with label 'Dpto Virtual' are selected in object 'Object Repository/WIZARD/2Estructura Geografica/2Elementos Geograficos/Elementos Geograficos/select_Nombre nivel' 

2023-08-14 10:36:27 - [MESSAGE][PASSED] - All options with label 'Dpto Virtual' are selected in object 'Object Repository/WIZARD/2Estructura Geografica/2Elementos Geograficos/Elementos Geograficos/select_Nombre nivel' 

2023-08-14 10:36:27 - [TEST_STEP][PASSED] - setText(findTestObject("WIZARD/2Estructura Geografica/2Elementos Geograficos/Edicion Elemento Geografico/input_Nombre elemento"), "Virtual"): Text 'Virtual' is set on object 'Object Repository/WIZARD/2Estructura Geografica/2Elementos Geograficos/Edicion Elemento Geografico/input_Nombre elemento'

2023-08-14 10:36:28 - [MESSAGE][PASSED] - Text 'Virtual' is set on object 'Object Repository/WIZARD/2Estructura Geografica/2Elementos Geograficos/Edicion Elemento Geografico/input_Nombre elemento'

2023-08-14 10:36:28 - [TEST_STEP][PASSED] - click(findTestObject("WIZARD/2Estructura Geografica/2Elementos Geograficos/Edicion Elemento Geografico/btn_Nuevo")): Object: 'Object Repository/WIZARD/2Estructura Geografica/2Elementos Geograficos/Edicion Elemento Geografico/btn_Nuevo' is clicked on

2023-08-14 10:36:29 - [MESSAGE][PASSED] - Object: 'Object Repository/WIZARD/2Estructura Geografica/2Elementos Geograficos/Edicion Elemento Geografico/btn_Nuevo' is clicked on

2023-08-14 10:36:29 - [TEST_STEP][PASSED] - delay(3): Delayed 3 second(s)

2023-08-14 10:36:32 - [MESSAGE][PASSED] - Delayed 3 second(s)

2023-08-14 10:36:32 - [TEST_STEP][PASSED] - click(findTestObject("WIZARD/2Estructura Geografica/2Elementos Geograficos/Niveles Geograficos/option_Ciudad")): Object: 'Object Repository/WIZARD/2Estructura Geografica/2Elementos Geograficos/Niveles Geograficos/option_Ciudad' is clicked on

2023-08-14 10:36:32 - [MESSAGE][PASSED] - Object: 'Object Repository/WIZARD/2Estructura Geografica/2Elementos Geograficos/Niveles Geograficos/option_Ciudad' is clicked on

2023-08-14 10:36:32 - [TEST_STEP][PASSED] - selectOptionByLabel(findTestObject("WIZARD/2Estructura Geografica/2Elementos Geograficos/Elementos Geograficos/select_Nombre nivel"), "Dpto WorkFlow", false): All options with label 'Dpto WorkFlow' are selected in object 'Object Repository/WIZARD/2Estructura Geografica/2Elementos Geograficos/Elementos Geograficos/select_Nombre nivel' 

2023-08-14 10:36:33 - [MESSAGE][PASSED] - All options with label 'Dpto WorkFlow' are selected in object 'Object Repository/WIZARD/2Estructura Geografica/2Elementos Geograficos/Elementos Geograficos/select_Nombre nivel' 

2023-08-14 10:36:33 - [TEST_STEP][PASSED] - setText(findTestObject("WIZARD/2Estructura Geografica/2Elementos Geograficos/Edicion Elemento Geografico/input_Nombre elemento"), "WorkFlow"): Text 'WorkFlow' is set on object 'Object Repository/WIZARD/2Estructura Geografica/2Elementos Geograficos/Edicion Elemento Geografico/input_Nombre elemento'

2023-08-14 10:36:34 - [MESSAGE][PASSED] - Text 'WorkFlow' is set on object 'Object Repository/WIZARD/2Estructura Geografica/2Elementos Geograficos/Edicion Elemento Geografico/input_Nombre elemento'

2023-08-14 10:36:34 - [TEST_STEP][PASSED] - click(findTestObject("WIZARD/2Estructura Geografica/2Elementos Geograficos/Edicion Elemento Geografico/btn_Nuevo")): Object: 'Object Repository/WIZARD/2Estructura Geografica/2Elementos Geograficos/Edicion Elemento Geografico/btn_Nuevo' is clicked on

2023-08-14 10:36:34 - [MESSAGE][PASSED] - Object: 'Object Repository/WIZARD/2Estructura Geografica/2Elementos Geograficos/Edicion Elemento Geografico/btn_Nuevo' is clicked on

2023-08-14 10:36:34 - [TEST_STEP][PASSED] - delay(3): Delayed 3 second(s)

2023-08-14 10:36:37 - [MESSAGE][PASSED] - Delayed 3 second(s)

2023-08-14 10:36:37 - [TEST_STEP][PASSED] - click(findTestObject("WIZARD/2Estructura Geografica/2Elementos Geograficos/Niveles Geograficos/option_Ciudad")): Object: 'Object Repository/WIZARD/2Estructura Geografica/2Elementos Geograficos/Niveles Geograficos/option_Ciudad' is clicked on

2023-08-14 10:36:38 - [MESSAGE][PASSED] - Object: 'Object Repository/WIZARD/2Estructura Geografica/2Elementos Geograficos/Niveles Geograficos/option_Ciudad' is clicked on

2023-08-14 10:36:38 - [TEST_STEP][PASSED] - selectOptionByLabel(findTestObject("WIZARD/2Estructura Geografica/2Elementos Geograficos/Elementos Geograficos/select_Nombre nivel"), "Antioquia", false): All options with label 'Antioquia' are selected in object 'Object Repository/WIZARD/2Estructura Geografica/2Elementos Geograficos/Elementos Geograficos/select_Nombre nivel' 

2023-08-14 10:36:38 - [MESSAGE][PASSED] - All options with label 'Antioquia' are selected in object 'Object Repository/WIZARD/2Estructura Geografica/2Elementos Geograficos/Elementos Geograficos/select_Nombre nivel' 

2023-08-14 10:36:38 - [TEST_STEP][PASSED] - setText(findTestObject("WIZARD/2Estructura Geografica/2Elementos Geograficos/Edicion Elemento Geografico/input_Nombre elemento"), "Medellin"): Text 'Medellin' is set on object 'Object Repository/WIZARD/2Estructura Geografica/2Elementos Geograficos/Edicion Elemento Geografico/input_Nombre elemento'

2023-08-14 10:36:40 - [MESSAGE][PASSED] - Text 'Medellin' is set on object 'Object Repository/WIZARD/2Estructura Geografica/2Elementos Geograficos/Edicion Elemento Geografico/input_Nombre elemento'

2023-08-14 10:36:40 - [TEST_STEP][PASSED] - click(findTestObject("WIZARD/2Estructura Geografica/2Elementos Geograficos/Edicion Elemento Geografico/btn_Nuevo")): Object: 'Object Repository/WIZARD/2Estructura Geografica/2Elementos Geograficos/Edicion Elemento Geografico/btn_Nuevo' is clicked on

2023-08-14 10:36:40 - [MESSAGE][PASSED] - Object: 'Object Repository/WIZARD/2Estructura Geografica/2Elementos Geograficos/Edicion Elemento Geografico/btn_Nuevo' is clicked on

2023-08-14 10:36:40 - [TEST_STEP][PASSED] - delay(3): Delayed 3 second(s)

2023-08-14 10:36:43 - [MESSAGE][PASSED] - Delayed 3 second(s)

2023-08-14 10:36:43 - [TEST_STEP][PASSED] - takeFullPageScreenshot(): Taking screenshot successfully

2023-08-14 10:36:44 - [MESSAGE][INFO] - 0 hidden object(s)

2023-08-14 10:36:44 - [MESSAGE][PASSED] - Taking screenshot successfully
[[ATTACHMENT|C:\\CIEL INGENIERIA\\Katalon\\Digiturno55\\Reports\\20230814_103032\\WIZARD\\2Estructura Geografica\\4.3 Crear Elementos Geograficos Ciudades\\20230814_103040\\1692027403450.png]]

2023-08-14 10:36:44 - [TEST_STEP][PASSED] - delay(3): Delayed 3 second(s)

2023-08-14 10:36:47 - [MESSAGE][PASSED] - Delayed 3 second(s)

2023-08-14 10:36:47 - [TEST_STEP][PASSED] - Start listener action : sampleAfterTestCase: null]]></system-out>
         <system-err><![CDATA[]]></system-err>
      </testcase>
      <system-out><![CDATA[2023-08-14 10:35:39 - [TEST_SUITE][PASSED] - 4.3 Crear Elementos Geograficos Ciudades: Test Cases/WIZARD/2Estructura Geografica/4.3 Crear Elementos Geograficos Ciudades]]></system-out>
      <system-err><![CDATA[]]></system-err>
   </testsuite>
</testsuites>
