<?xml version="1.0" encoding="UTF-8"?>
<testsuites name="5.5 Crear Terminales Medellin" time="88.245" tests="1" failures="0" errors="0">
   <testsuite name="5.5 Crear Terminales Medellin" tests="1" failures="0" errors="0" time="88.245" skipped="0" timestamp="2023-08-14 11:30:10" hostname="jdavila - PCPruebas101.ciel.cielingenieria.com" id="Test Suites/WIZARD/3Infraestructura/5Terminales/5.5 Crear Terminales Medellin">
      <properties>
         <property name="deviceName" value=""/>
         <property name="devicePlatform" value=""/>
         <property name="logFolder" value="C:\\CIEL INGENIERIA\\Katalon\\Digiturno55\\Reports\\20230814_104251\\WIZARD\\3Infraestructura\\5Terminales\\5.5 Crear Terminales Medellin\\20230814_104358"/>
         <property name="logFiles" value="C:\\CIEL INGENIERIA\\Katalon\\Digiturno55\\Reports\\20230814_104251\\WIZARD\\3Infraestructura\\5Terminales\\5.5 Crear Terminales Medellin\\20230814_104358\\execution0.log"/>
         <property name="attachments" value="C:\\CIEL INGENIERIA\\Katalon\\Digiturno55\\Reports\\20230814_104251\\WIZARD\\3Infraestructura\\5Terminales\\5.5 Crear Terminales Medellin\\20230814_104358\\1692030694404.png"/>
         <property name="hostName" value="jdavila - PCPruebas101.ciel.cielingenieria.com"/>
         <property name="os" value="Windows 10 64bit"/>
         <property name="katalonVersion" value="8.6.0.208"/>
         <property name="browser" value="Chrome 115.0.0.0"/>
         <property name="hostAddress" value="192.168.0.33"/>
         <property name="sessionId" value="537049a3d8a9bcd225ce84d01447475f"/>
         <property name="seleniumVersion" value="3.141.59"/>
         <property name="proxyInformation" value="ProxyInformation { proxyOption=NO_PROXY, proxyServerType=HTTP, username=, password=********, proxyServerAddress=, proxyServerPort=0, executionList=&quot;&quot;, isApplyToDesiredCapabilities=true }"/>
         <property name="platform" value="Windows 10"/>
      </properties>
      <testcase name="Test Cases/WIZARD/3Infraestructura/5Terminales/5.5 Crear Terminales Medellin" time="87.997" classname="Test Cases/WIZARD/3Infraestructura/5Terminales/5.5 Crear Terminales Medellin" status="PASSED">
         <system-out><![CDATA[2023-08-14 11:30:10 - [TEST_CASE][PASSED] - Test Cases/WIZARD/3Infraestructura/5Terminales/5.5 Crear Terminales Medellin: Test Cases/WIZARD/3Infraestructura/5Terminales/5.5 Crear Terminales Medellin

2023-08-14 11:30:10 - [TEST_STEP][PASSED] - callTestCase(findTestCase("0InicioSesion"), [:], STOP_ON_FAILURE): Call Test Case 'Test Cases/0InicioSesion' successfully

2023-08-14 11:30:10 - [TEST_CASE][PASSED] - Test Cases/0InicioSesion: Test Cases/0InicioSesion

2023-08-14 11:30:11 - [TEST_STEP][PASSED] - openBrowser(UrlDigiturno): Browser is opened with url: 'https://PCPruebas101.ciel.cielingenieria.com:8610'

2023-08-14 11:30:11 - [MESSAGE][INFO] - Starting 'Chrome' driver

2023-08-14 11:30:11 - [MESSAGE][INFO] - User set preference: ['args', '[--use-fake-ui-for-media-stream, --disable-notifications]']

2023-08-14 11:30:11 - [MESSAGE][INFO] - Action delay is set to 0 milliseconds

2023-08-14 11:30:13 - [MESSAGE][PASSED] - Browser is opened with url: 'https://PCPruebas101.ciel.cielingenieria.com:8610'

2023-08-14 11:30:13 - [TEST_STEP][PASSED] - maximizeWindow(): Current window maximized

2023-08-14 11:30:14 - [MESSAGE][PASSED] - Current window maximized

2023-08-14 11:30:14 - [TEST_STEP][PASSED] - delay(3): Delayed 3 second(s)

2023-08-14 11:30:17 - [MESSAGE][PASSED] - Delayed 3 second(s)

2023-08-14 11:30:17 - [TEST_STEP][PASSED] - setText(findTestObject("0Inicio Sesion/input_Usuario"), "Ciel"): Text 'Ciel' is set on object 'Object Repository/0Inicio Sesion/input_Usuario'

2023-08-14 11:30:17 - [MESSAGE][PASSED] - Text 'Ciel' is set on object 'Object Repository/0Inicio Sesion/input_Usuario'

2023-08-14 11:30:17 - [TEST_STEP][PASSED] - setText(findTestObject("0Inicio Sesion/input_Clave"), "digiturno"): Text 'digiturno' is set on object 'Object Repository/0Inicio Sesion/input_Clave'

2023-08-14 11:30:18 - [MESSAGE][PASSED] - Text 'digiturno' is set on object 'Object Repository/0Inicio Sesion/input_Clave'

2023-08-14 11:30:18 - [TEST_STEP][PASSED] - click(findTestObject("0Inicio Sesion/btn_IniciarSesion")): Object: 'Object Repository/0Inicio Sesion/btn_IniciarSesion' is clicked on

2023-08-14 11:30:18 - [MESSAGE][PASSED] - Object: 'Object Repository/0Inicio Sesion/btn_IniciarSesion' is clicked on

2023-08-14 11:30:18 - [TEST_STEP][PASSED] - delay(3): Delayed 3 second(s)

2023-08-14 11:30:22 - [MESSAGE][PASSED] - Delayed 3 second(s)

2023-08-14 11:30:22 - [MESSAGE][PASSED] - Call Test Case 'Test Cases/0InicioSesion' successfully

2023-08-14 11:30:22 - [TEST_STEP][PASSED] - click(findTestObject("WIZARD/0Principal/img_InfraestructuraMAX")): Object: 'Object Repository/WIZARD/0Principal/img_InfraestructuraMAX' is clicked on

2023-08-14 11:30:23 - [MESSAGE][PASSED] - Object: 'Object Repository/WIZARD/0Principal/img_InfraestructuraMAX' is clicked on

2023-08-14 11:30:23 - [TEST_STEP][PASSED] - delay(3): Delayed 3 second(s)

2023-08-14 11:30:26 - [MESSAGE][PASSED] - Delayed 3 second(s)

2023-08-14 11:30:26 - [TEST_STEP][PASSED] - click(findTestObject("WIZARD/3Infraestructura/0Menu/span_Terminales")): Object: 'Object Repository/WIZARD/3Infraestructura/0Menu/span_Terminales' is clicked on

2023-08-14 11:30:26 - [MESSAGE][PASSED] - Object: 'Object Repository/WIZARD/3Infraestructura/0Menu/span_Terminales' is clicked on

2023-08-14 11:30:26 - [TEST_STEP][PASSED] - delay(3): Delayed 3 second(s)

2023-08-14 11:30:29 - [MESSAGE][PASSED] - Delayed 3 second(s)

2023-08-14 11:30:29 - [TEST_STEP][PASSED] - click(findTestObject("WIZARD/3Infraestructura/5Terminales/0OficinasModal/td_5Medellin - Laureles")): Object: 'Object Repository/WIZARD/3Infraestructura/5Terminales/0OficinasModal/td_5Medellin - Laureles' is clicked on

2023-08-14 11:30:30 - [MESSAGE][PASSED] - Object: 'Object Repository/WIZARD/3Infraestructura/5Terminales/0OficinasModal/td_5Medellin - Laureles' is clicked on

2023-08-14 11:30:30 - [TEST_STEP][PASSED] - delay(3): Delayed 3 second(s)

2023-08-14 11:30:33 - [MESSAGE][PASSED] - Delayed 3 second(s)

2023-08-14 11:30:33 - [TEST_STEP][PASSED] - click(findTestObject("WIZARD/3Infraestructura/5Terminales/Edicion/btn_SeleccionarGrupo")): Object: 'Object Repository/WIZARD/3Infraestructura/5Terminales/Edicion/btn_SeleccionarGrupo' is clicked on

2023-08-14 11:30:33 - [MESSAGE][PASSED] - Object: 'Object Repository/WIZARD/3Infraestructura/5Terminales/Edicion/btn_SeleccionarGrupo' is clicked on

2023-08-14 11:30:33 - [TEST_STEP][PASSED] - delay(3): Delayed 3 second(s)

2023-08-14 11:30:36 - [MESSAGE][PASSED] - Delayed 3 second(s)

2023-08-14 11:30:36 - [TEST_STEP][PASSED] - click(findTestObject("WIZARD/3Infraestructura/5Terminales/Edicion/btn_Seleccionar Grupo(1)/a_Grupo General")): Object: 'Object Repository/WIZARD/3Infraestructura/5Terminales/Edicion/btn_Seleccionar Grupo(1)/a_Grupo General' is clicked on

2023-08-14 11:30:37 - [MESSAGE][PASSED] - Object: 'Object Repository/WIZARD/3Infraestructura/5Terminales/Edicion/btn_Seleccionar Grupo(1)/a_Grupo General' is clicked on

2023-08-14 11:30:37 - [TEST_STEP][PASSED] - delay(3): Delayed 3 second(s)

2023-08-14 11:30:40 - [MESSAGE][PASSED] - Delayed 3 second(s)

2023-08-14 11:30:40 - [TEST_STEP][PASSED] - setText(findTestObject("WIZARD/3Infraestructura/5Terminales/Edicion/input_Nombre"), "A01"): Text 'A01' is set on object 'Object Repository/WIZARD/3Infraestructura/5Terminales/Edicion/input_Nombre'

2023-08-14 11:30:40 - [MESSAGE][PASSED] - Text 'A01' is set on object 'Object Repository/WIZARD/3Infraestructura/5Terminales/Edicion/input_Nombre'

2023-08-14 11:30:40 - [TEST_STEP][PASSED] - setText(findTestObject("WIZARD/3Infraestructura/5Terminales/Edicion/textarea_Descripcion"), "Medellin - Terminal - Informacion"): Text 'Medellin - Terminal - Informacion' is set on object 'Object Repository/WIZARD/3Infraestructura/5Terminales/Edicion/textarea_Descripcion'

2023-08-14 11:30:41 - [MESSAGE][PASSED] - Text 'Medellin - Terminal - Informacion' is set on object 'Object Repository/WIZARD/3Infraestructura/5Terminales/Edicion/textarea_Descripcion'

2023-08-14 11:30:41 - [TEST_STEP][PASSED] - scrollToElement(findTestObject("WIZARD/3Infraestructura/5Terminales/Edicion/Label/label_Mostrar ventana emergente"), 2): Scroll to object 'Object Repository/WIZARD/3Infraestructura/5Terminales/Edicion/Label/label_Mostrar ventana emergente' successfully

2023-08-14 11:30:42 - [MESSAGE][PASSED] - Scroll to object 'Object Repository/WIZARD/3Infraestructura/5Terminales/Edicion/Label/label_Mostrar ventana emergente' successfully

2023-08-14 11:30:42 - [TEST_STEP][PASSED] - check(findTestObject("WIZARD/3Infraestructura/5Terminales/Edicion/Label/label_Mostrar ventana emergente")): Object 'Object Repository/WIZARD/3Infraestructura/5Terminales/Edicion/Label/label_Mostrar ventana emergente' is checked

2023-08-14 11:30:42 - [MESSAGE][PASSED] - Object 'Object Repository/WIZARD/3Infraestructura/5Terminales/Edicion/Label/label_Mostrar ventana emergente' is checked

2023-08-14 11:30:42 - [TEST_STEP][PASSED] - scrollToPosition(0, 0): Browser is scrolled to position x = 0, y = 0

2023-08-14 11:30:42 - [MESSAGE][PASSED] - Browser is scrolled to position x = 0, y = 0

2023-08-14 11:30:42 - [TEST_STEP][PASSED] - delay(2): Delayed 2 second(s)

2023-08-14 11:30:44 - [MESSAGE][PASSED] - Delayed 2 second(s)

2023-08-14 11:30:44 - [TEST_STEP][PASSED] - click(findTestObject("WIZARD/3Infraestructura/5Terminales/Edicion/img_Nuevo")): Object: 'Object Repository/WIZARD/3Infraestructura/5Terminales/Edicion/img_Nuevo' is clicked on

2023-08-14 11:30:45 - [MESSAGE][PASSED] - Object: 'Object Repository/WIZARD/3Infraestructura/5Terminales/Edicion/img_Nuevo' is clicked on

2023-08-14 11:30:45 - [TEST_STEP][PASSED] - delay(3): Delayed 3 second(s)

2023-08-14 11:30:48 - [MESSAGE][PASSED] - Delayed 3 second(s)

2023-08-14 11:30:48 - [TEST_STEP][PASSED] - click(findTestObject("WIZARD/3Infraestructura/0Menu/span_Terminales")): Object: 'Object Repository/WIZARD/3Infraestructura/0Menu/span_Terminales' is clicked on

2023-08-14 11:30:48 - [MESSAGE][PASSED] - Object: 'Object Repository/WIZARD/3Infraestructura/0Menu/span_Terminales' is clicked on

2023-08-14 11:30:48 - [TEST_STEP][PASSED] - delay(3): Delayed 3 second(s)

2023-08-14 11:30:51 - [MESSAGE][PASSED] - Delayed 3 second(s)

2023-08-14 11:30:51 - [TEST_STEP][PASSED] - click(findTestObject("WIZARD/3Infraestructura/5Terminales/0OficinasModal/td_5Medellin - Laureles")): Object: 'Object Repository/WIZARD/3Infraestructura/5Terminales/0OficinasModal/td_5Medellin - Laureles' is clicked on

2023-08-14 11:30:52 - [MESSAGE][PASSED] - Object: 'Object Repository/WIZARD/3Infraestructura/5Terminales/0OficinasModal/td_5Medellin - Laureles' is clicked on

2023-08-14 11:30:52 - [TEST_STEP][PASSED] - delay(3): Delayed 3 second(s)

2023-08-14 11:30:55 - [MESSAGE][PASSED] - Delayed 3 second(s)

2023-08-14 11:30:55 - [TEST_STEP][PASSED] - click(findTestObject("WIZARD/3Infraestructura/5Terminales/Edicion/btn_SeleccionarGrupo")): Object: 'Object Repository/WIZARD/3Infraestructura/5Terminales/Edicion/btn_SeleccionarGrupo' is clicked on

2023-08-14 11:30:55 - [MESSAGE][PASSED] - Object: 'Object Repository/WIZARD/3Infraestructura/5Terminales/Edicion/btn_SeleccionarGrupo' is clicked on

2023-08-14 11:30:55 - [TEST_STEP][PASSED] - delay(3): Delayed 3 second(s)

2023-08-14 11:30:58 - [MESSAGE][PASSED] - Delayed 3 second(s)

2023-08-14 11:30:58 - [TEST_STEP][PASSED] - click(findTestObject("WIZARD/3Infraestructura/5Terminales/Edicion/btn_Seleccionar Grupo(1)/a_Grupo PQRS")): Object: 'Object Repository/WIZARD/3Infraestructura/5Terminales/Edicion/btn_Seleccionar Grupo(1)/a_Grupo PQRS' is clicked on

2023-08-14 11:30:59 - [MESSAGE][PASSED] - Object: 'Object Repository/WIZARD/3Infraestructura/5Terminales/Edicion/btn_Seleccionar Grupo(1)/a_Grupo PQRS' is clicked on

2023-08-14 11:30:59 - [TEST_STEP][PASSED] - delay(3): Delayed 3 second(s)

2023-08-14 11:31:02 - [MESSAGE][PASSED] - Delayed 3 second(s)

2023-08-14 11:31:02 - [TEST_STEP][PASSED] - scrollToElement(findTestObject("WIZARD/3Infraestructura/5Terminales/Edicion/input_Nombre"), 2): Scroll to object 'Object Repository/WIZARD/3Infraestructura/5Terminales/Edicion/input_Nombre' successfully

2023-08-14 11:31:02 - [MESSAGE][PASSED] - Scroll to object 'Object Repository/WIZARD/3Infraestructura/5Terminales/Edicion/input_Nombre' successfully

2023-08-14 11:31:02 - [TEST_STEP][PASSED] - setText(findTestObject("WIZARD/3Infraestructura/5Terminales/Edicion/input_Nombre"), "A02"): Text 'A02' is set on object 'Object Repository/WIZARD/3Infraestructura/5Terminales/Edicion/input_Nombre'

2023-08-14 11:31:03 - [MESSAGE][PASSED] - Text 'A02' is set on object 'Object Repository/WIZARD/3Infraestructura/5Terminales/Edicion/input_Nombre'

2023-08-14 11:31:03 - [TEST_STEP][PASSED] - setText(findTestObject("WIZARD/3Infraestructura/5Terminales/Edicion/textarea_Descripcion"), "Medellin - Terminal - PQRS"): Text 'Medellin - Terminal - PQRS' is set on object 'Object Repository/WIZARD/3Infraestructura/5Terminales/Edicion/textarea_Descripcion'

2023-08-14 11:31:04 - [MESSAGE][PASSED] - Text 'Medellin - Terminal - PQRS' is set on object 'Object Repository/WIZARD/3Infraestructura/5Terminales/Edicion/textarea_Descripcion'

2023-08-14 11:31:04 - [TEST_STEP][PASSED] - scrollToElement(findTestObject("WIZARD/3Infraestructura/5Terminales/Edicion/Label/label_Mostrar ventana emergente"), 2): Scroll to object 'Object Repository/WIZARD/3Infraestructura/5Terminales/Edicion/Label/label_Mostrar ventana emergente' successfully

2023-08-14 11:31:04 - [MESSAGE][PASSED] - Scroll to object 'Object Repository/WIZARD/3Infraestructura/5Terminales/Edicion/Label/label_Mostrar ventana emergente' successfully

2023-08-14 11:31:04 - [TEST_STEP][PASSED] - setText(findTestObject("WIZARD/3Infraestructura/5Terminales/Edicion/input_Direccion en sala"), "2"): Text '2' is set on object 'Object Repository/WIZARD/3Infraestructura/5Terminales/Edicion/input_Direccion en sala'

2023-08-14 11:31:05 - [MESSAGE][PASSED] - Text '2' is set on object 'Object Repository/WIZARD/3Infraestructura/5Terminales/Edicion/input_Direccion en sala'

2023-08-14 11:31:05 - [TEST_STEP][PASSED] - check(findTestObject("WIZARD/3Infraestructura/5Terminales/Edicion/Label/label_Mostrar ventana emergente")): Object 'Object Repository/WIZARD/3Infraestructura/5Terminales/Edicion/Label/label_Mostrar ventana emergente' is checked

2023-08-14 11:31:05 - [MESSAGE][PASSED] - Object 'Object Repository/WIZARD/3Infraestructura/5Terminales/Edicion/Label/label_Mostrar ventana emergente' is checked

2023-08-14 11:31:05 - [TEST_STEP][PASSED] - scrollToPosition(0, 0): Browser is scrolled to position x = 0, y = 0

2023-08-14 11:31:05 - [MESSAGE][PASSED] - Browser is scrolled to position x = 0, y = 0

2023-08-14 11:31:05 - [TEST_STEP][PASSED] - delay(2): Delayed 2 second(s)

2023-08-14 11:31:07 - [MESSAGE][PASSED] - Delayed 2 second(s)

2023-08-14 11:31:07 - [TEST_STEP][PASSED] - click(findTestObject("WIZARD/3Infraestructura/5Terminales/Edicion/img_Nuevo")): Object: 'Object Repository/WIZARD/3Infraestructura/5Terminales/Edicion/img_Nuevo' is clicked on

2023-08-14 11:31:08 - [MESSAGE][PASSED] - Object: 'Object Repository/WIZARD/3Infraestructura/5Terminales/Edicion/img_Nuevo' is clicked on

2023-08-14 11:31:08 - [TEST_STEP][PASSED] - delay(3): Delayed 3 second(s)

2023-08-14 11:31:11 - [MESSAGE][PASSED] - Delayed 3 second(s)

2023-08-14 11:31:11 - [TEST_STEP][PASSED] - click(findTestObject("WIZARD/3Infraestructura/0Menu/span_Terminales")): Object: 'Object Repository/WIZARD/3Infraestructura/0Menu/span_Terminales' is clicked on

2023-08-14 11:31:11 - [MESSAGE][PASSED] - Object: 'Object Repository/WIZARD/3Infraestructura/0Menu/span_Terminales' is clicked on

2023-08-14 11:31:11 - [TEST_STEP][PASSED] - delay(3): Delayed 3 second(s)

2023-08-14 11:31:14 - [MESSAGE][PASSED] - Delayed 3 second(s)

2023-08-14 11:31:14 - [TEST_STEP][PASSED] - click(findTestObject("WIZARD/3Infraestructura/5Terminales/0OficinasModal/td_5Medellin - Laureles")): Object: 'Object Repository/WIZARD/3Infraestructura/5Terminales/0OficinasModal/td_5Medellin - Laureles' is clicked on

2023-08-14 11:31:15 - [MESSAGE][PASSED] - Object: 'Object Repository/WIZARD/3Infraestructura/5Terminales/0OficinasModal/td_5Medellin - Laureles' is clicked on

2023-08-14 11:31:15 - [TEST_STEP][PASSED] - delay(3): Delayed 3 second(s)

2023-08-14 11:31:18 - [MESSAGE][PASSED] - Delayed 3 second(s)

2023-08-14 11:31:18 - [TEST_STEP][PASSED] - click(findTestObject("WIZARD/3Infraestructura/5Terminales/Edicion/btn_SeleccionarGrupo")): Object: 'Object Repository/WIZARD/3Infraestructura/5Terminales/Edicion/btn_SeleccionarGrupo' is clicked on

2023-08-14 11:31:18 - [MESSAGE][PASSED] - Object: 'Object Repository/WIZARD/3Infraestructura/5Terminales/Edicion/btn_SeleccionarGrupo' is clicked on

2023-08-14 11:31:18 - [TEST_STEP][PASSED] - delay(3): Delayed 3 second(s)

2023-08-14 11:31:21 - [MESSAGE][PASSED] - Delayed 3 second(s)

2023-08-14 11:31:21 - [TEST_STEP][PASSED] - click(findTestObject("WIZARD/3Infraestructura/5Terminales/Edicion/btn_Seleccionar Grupo(1)/a_Grupo Radicaciones")): Object: 'Object Repository/WIZARD/3Infraestructura/5Terminales/Edicion/btn_Seleccionar Grupo(1)/a_Grupo Radicaciones' is clicked on

2023-08-14 11:31:22 - [MESSAGE][PASSED] - Object: 'Object Repository/WIZARD/3Infraestructura/5Terminales/Edicion/btn_Seleccionar Grupo(1)/a_Grupo Radicaciones' is clicked on

2023-08-14 11:31:22 - [TEST_STEP][PASSED] - delay(3): Delayed 3 second(s)

2023-08-14 11:31:25 - [MESSAGE][PASSED] - Delayed 3 second(s)

2023-08-14 11:31:25 - [TEST_STEP][PASSED] - scrollToElement(findTestObject("WIZARD/3Infraestructura/5Terminales/Edicion/input_Nombre"), 0): Scroll to object 'Object Repository/WIZARD/3Infraestructura/5Terminales/Edicion/input_Nombre' successfully

2023-08-14 11:31:25 - [MESSAGE][WARNING] - Timeout '0' is invalid. Using default page load timeout: '30'

2023-08-14 11:31:25 - [MESSAGE][PASSED] - Scroll to object 'Object Repository/WIZARD/3Infraestructura/5Terminales/Edicion/input_Nombre' successfully

2023-08-14 11:31:25 - [TEST_STEP][PASSED] - setText(findTestObject("WIZARD/3Infraestructura/5Terminales/Edicion/input_Nombre"), "A03"): Text 'A03' is set on object 'Object Repository/WIZARD/3Infraestructura/5Terminales/Edicion/input_Nombre'

2023-08-14 11:31:26 - [MESSAGE][PASSED] - Text 'A03' is set on object 'Object Repository/WIZARD/3Infraestructura/5Terminales/Edicion/input_Nombre'

2023-08-14 11:31:26 - [TEST_STEP][PASSED] - setText(findTestObject("WIZARD/3Infraestructura/5Terminales/Edicion/textarea_Descripcion"), "Medellin - Terminal - Radicaciones"): Text 'Medellin - Terminal - Radicaciones' is set on object 'Object Repository/WIZARD/3Infraestructura/5Terminales/Edicion/textarea_Descripcion'

2023-08-14 11:31:27 - [MESSAGE][PASSED] - Text 'Medellin - Terminal - Radicaciones' is set on object 'Object Repository/WIZARD/3Infraestructura/5Terminales/Edicion/textarea_Descripcion'

2023-08-14 11:31:27 - [TEST_STEP][PASSED] - scrollToElement(findTestObject("WIZARD/3Infraestructura/5Terminales/Edicion/Label/label_Mostrar ventana emergente"), 2): Scroll to object 'Object Repository/WIZARD/3Infraestructura/5Terminales/Edicion/Label/label_Mostrar ventana emergente' successfully

2023-08-14 11:31:27 - [MESSAGE][PASSED] - Scroll to object 'Object Repository/WIZARD/3Infraestructura/5Terminales/Edicion/Label/label_Mostrar ventana emergente' successfully

2023-08-14 11:31:27 - [TEST_STEP][PASSED] - setText(findTestObject("WIZARD/3Infraestructura/5Terminales/Edicion/input_Direccion en sala"), "3"): Text '3' is set on object 'Object Repository/WIZARD/3Infraestructura/5Terminales/Edicion/input_Direccion en sala'

2023-08-14 11:31:28 - [MESSAGE][PASSED] - Text '3' is set on object 'Object Repository/WIZARD/3Infraestructura/5Terminales/Edicion/input_Direccion en sala'

2023-08-14 11:31:28 - [TEST_STEP][PASSED] - check(findTestObject("WIZARD/3Infraestructura/5Terminales/Edicion/Label/label_Mostrar ventana emergente")): Object 'Object Repository/WIZARD/3Infraestructura/5Terminales/Edicion/Label/label_Mostrar ventana emergente' is checked

2023-08-14 11:31:28 - [MESSAGE][PASSED] - Object 'Object Repository/WIZARD/3Infraestructura/5Terminales/Edicion/Label/label_Mostrar ventana emergente' is checked

2023-08-14 11:31:28 - [TEST_STEP][PASSED] - scrollToPosition(0, 0): Browser is scrolled to position x = 0, y = 0

2023-08-14 11:31:28 - [MESSAGE][PASSED] - Browser is scrolled to position x = 0, y = 0

2023-08-14 11:31:28 - [TEST_STEP][PASSED] - delay(2): Delayed 2 second(s)

2023-08-14 11:31:30 - [MESSAGE][PASSED] - Delayed 2 second(s)

2023-08-14 11:31:30 - [TEST_STEP][PASSED] - click(findTestObject("WIZARD/3Infraestructura/5Terminales/Edicion/img_Nuevo")): Object: 'Object Repository/WIZARD/3Infraestructura/5Terminales/Edicion/img_Nuevo' is clicked on

2023-08-14 11:31:31 - [MESSAGE][PASSED] - Object: 'Object Repository/WIZARD/3Infraestructura/5Terminales/Edicion/img_Nuevo' is clicked on

2023-08-14 11:31:31 - [TEST_STEP][PASSED] - scrollToPosition(0, 0): Browser is scrolled to position x = 0, y = 0

2023-08-14 11:31:31 - [MESSAGE][PASSED] - Browser is scrolled to position x = 0, y = 0

2023-08-14 11:31:31 - [TEST_STEP][PASSED] - delay(3): Delayed 3 second(s)

2023-08-14 11:31:34 - [MESSAGE][PASSED] - Delayed 3 second(s)

2023-08-14 11:31:34 - [TEST_STEP][PASSED] - takeFullPageScreenshot(): Taking screenshot successfully

2023-08-14 11:31:35 - [MESSAGE][INFO] - 0 hidden object(s)

2023-08-14 11:31:35 - [MESSAGE][PASSED] - Taking screenshot successfully
[[ATTACHMENT|C:\\CIEL INGENIERIA\\Katalon\\Digiturno55\\Reports\\20230814_104251\\WIZARD\\3Infraestructura\\5Terminales\\5.5 Crear Terminales Medellin\\20230814_104358\\1692030694404.png]]

2023-08-14 11:31:35 - [TEST_STEP][PASSED] - delay(3): Delayed 3 second(s)

2023-08-14 11:31:38 - [MESSAGE][PASSED] - Delayed 3 second(s)

2023-08-14 11:31:38 - [TEST_STEP][PASSED] - Start listener action : sampleAfterTestCase: null]]></system-out>
         <system-err><![CDATA[]]></system-err>
      </testcase>
      <system-out><![CDATA[2023-08-14 11:30:10 - [TEST_SUITE][PASSED] - 5.5 Crear Terminales Medellin: Test Cases/WIZARD/3Infraestructura/5Terminales/5.5 Crear Terminales Medellin]]></system-out>
      <system-err><![CDATA[]]></system-err>
   </testsuite>
</testsuites>
