<?xml version="1.0" encoding="UTF-8"?>
<testsuites name="55 Tableros Crear Actualizar Eliminar" time="139.005" tests="3" failures="0" errors="0">
   <testsuite name="55 Tableros Crear Actualizar Eliminar" tests="3" failures="0" errors="0" time="139.005" skipped="0" timestamp="2024-04-08 09:48:09" hostname="jdavila - PCPruebas101.ciel.cielingenieria.com" id="Test Suites/DIGITURNO/BASICO/55 Tableros Crear Actualizar Eliminar">
      <properties>
         <property name="deviceName" value=""/>
         <property name="devicePlatform" value=""/>
         <property name="logFolder" value="C:\\CIEL INGENIERIA\\Katalon\\Digiturno55\\Reports\\20240408_090839\\DIGITURNO\\BASICO\\55 Tableros Crear Actualizar Eliminar\\20240408_090936"/>
         <property name="logFiles" value="C:\\CIEL INGENIERIA\\Katalon\\Digiturno55\\Reports\\20240408_090839\\DIGITURNO\\BASICO\\55 Tableros Crear Actualizar Eliminar\\20240408_090936\\execution0.log"/>
         <property name="attachments" value="C:\\CIEL INGENIERIA\\Katalon\\Digiturno55\\Reports\\20240408_090839\\DIGITURNO\\BASICO\\55 Tableros Crear Actualizar Eliminar\\20240408_090936\\1712587705864.png, C:\\CIEL INGENIERIA\\Katalon\\Digiturno55\\Reports\\20240408_090839\\DIGITURNO\\BASICO\\55 Tableros Crear Actualizar Eliminar\\20240408_090936\\1712587713112.png, C:\\CIEL INGENIERIA\\Katalon\\Digiturno55\\Reports\\20240408_090839\\DIGITURNO\\BASICO\\55 Tableros Crear Actualizar Eliminar\\20240408_090936\\1712587734270.png, C:\\CIEL INGENIERIA\\Katalon\\Digiturno55\\Reports\\20240408_090839\\DIGITURNO\\BASICO\\55 Tableros Crear Actualizar Eliminar\\20240408_090936\\1712587752784.png, C:\\CIEL INGENIERIA\\Katalon\\Digiturno55\\Reports\\20240408_090839\\DIGITURNO\\BASICO\\55 Tableros Crear Actualizar Eliminar\\20240408_090936\\1712587760048.png, C:\\CIEL INGENIERIA\\Katalon\\Digiturno55\\Reports\\20240408_090839\\DIGITURNO\\BASICO\\55 Tableros Crear Actualizar Eliminar\\20240408_090936\\1712587779381.png, C:\\CIEL INGENIERIA\\Katalon\\Digiturno55\\Reports\\20240408_090839\\DIGITURNO\\BASICO\\55 Tableros Crear Actualizar Eliminar\\20240408_090936\\1712587799310.png, C:\\CIEL INGENIERIA\\Katalon\\Digiturno55\\Reports\\20240408_090839\\DIGITURNO\\BASICO\\55 Tableros Crear Actualizar Eliminar\\20240408_090936\\1712587806392.png, C:\\CIEL INGENIERIA\\Katalon\\Digiturno55\\Reports\\20240408_090839\\DIGITURNO\\BASICO\\55 Tableros Crear Actualizar Eliminar\\20240408_090936\\1712587825091.png"/>
         <property name="hostName" value="jdavila - PCPruebas101.ciel.cielingenieria.com"/>
         <property name="os" value="Windows 10 64bit"/>
         <property name="katalonVersion" value="8.6.9.208"/>
         <property name="browser" value="Chrome 123.0.0.0"/>
         <property name="hostAddress" value="192.168.0.6"/>
         <property name="sessionId" value="96673fa98f5a8494d31bb4e5840234f6"/>
         <property name="seleniumVersion" value="3.141.59"/>
         <property name="proxyInformation" value="ProxyInformation { proxyOption=NO_PROXY, proxyServerType=HTTP, username=, password=********, proxyServerAddress=, proxyServerPort=0, executionList=&quot;&quot;, isApplyToDesiredCapabilities=true }"/>
         <property name="platform" value="Windows 10"/>
      </properties>
      <testcase name="Test Cases/DIGITURNO/BASICO/55 Tableros Crear" time="47.957" classname="Test Cases/DIGITURNO/BASICO/55 Tableros Crear" status="PASSED">
         <system-out><![CDATA[2024-04-08 09:48:10 - [TEST_CASE][PASSED] - Test Cases/DIGITURNO/BASICO/55 Tableros Crear: Test Cases/DIGITURNO/BASICO/55 Tableros Crear

2024-04-08 09:48:10 - [TEST_STEP][PASSED] - callTestCase(findTestCase("DIGITURNO/BASICO/32 Elementos del Sistema"), [:], STOP_ON_FAILURE): Call Test Case 'Test Cases/DIGITURNO/BASICO/32 Elementos del Sistema' successfully

2024-04-08 09:48:10 - [TEST_CASE][PASSED] - Test Cases/DIGITURNO/BASICO/32 Elementos del Sistema: Test Cases/DIGITURNO/BASICO/32 Elementos del Sistema

2024-04-08 09:48:10 - [TEST_STEP][PASSED] - callTestCase(findTestCase("DIGITURNO/BASICO/3 Configuracion"), [:], STOP_ON_FAILURE): Call Test Case 'Test Cases/DIGITURNO/BASICO/3 Configuracion' successfully

2024-04-08 09:48:10 - [TEST_CASE][PASSED] - Test Cases/DIGITURNO/BASICO/3 Configuracion: Test Cases/DIGITURNO/BASICO/3 Configuracion

2024-04-08 09:48:11 - [TEST_STEP][PASSED] - callTestCase(findTestCase("0InicioSesion"), [:], STOP_ON_FAILURE): Call Test Case 'Test Cases/0InicioSesion' successfully

2024-04-08 09:48:11 - [TEST_CASE][PASSED] - Test Cases/0InicioSesion: Test Cases/0InicioSesion

2024-04-08 09:48:11 - [TEST_STEP][PASSED] - openBrowser(UrlDigiturno): Browser is opened with url: 'https://PCPruebas101.ciel.cielingenieria.com:8910'

2024-04-08 09:48:11 - [MESSAGE][INFO] - Starting 'Chrome' driver

2024-04-08 09:48:11 - [MESSAGE][INFO] - User set preference: ['args', '[--use-fake-ui-for-media-stream, --disable-notifications]']

2024-04-08 09:48:11 - [MESSAGE][INFO] - Action delay is set to 0 milliseconds

2024-04-08 09:48:14 - [MESSAGE][PASSED] - Browser is opened with url: 'https://PCPruebas101.ciel.cielingenieria.com:8910'

2024-04-08 09:48:14 - [TEST_STEP][PASSED] - maximizeWindow(): Current window maximized

2024-04-08 09:48:14 - [MESSAGE][PASSED] - Current window maximized

2024-04-08 09:48:14 - [TEST_STEP][PASSED] - delay(3): Delayed 3 second(s)

2024-04-08 09:48:17 - [MESSAGE][PASSED] - Delayed 3 second(s)

2024-04-08 09:48:17 - [TEST_STEP][PASSED] - setText(findTestObject("0Inicio Sesion/input_Usuario"), "Ciel"): Text 'Ciel' is set on object 'Object Repository/0Inicio Sesion/input_Usuario'

2024-04-08 09:48:18 - [MESSAGE][PASSED] - Text 'Ciel' is set on object 'Object Repository/0Inicio Sesion/input_Usuario'

2024-04-08 09:48:18 - [TEST_STEP][PASSED] - setText(findTestObject("0Inicio Sesion/input_Clave"), "digiturno"): Text 'digiturno' is set on object 'Object Repository/0Inicio Sesion/input_Clave'

2024-04-08 09:48:18 - [MESSAGE][PASSED] - Text 'digiturno' is set on object 'Object Repository/0Inicio Sesion/input_Clave'

2024-04-08 09:48:18 - [TEST_STEP][PASSED] - click(findTestObject("0Inicio Sesion/btn_IniciarSesion")): Object: 'Object Repository/0Inicio Sesion/btn_IniciarSesion' is clicked on

2024-04-08 09:48:19 - [MESSAGE][PASSED] - Object: 'Object Repository/0Inicio Sesion/btn_IniciarSesion' is clicked on

2024-04-08 09:48:19 - [TEST_STEP][PASSED] - delay(3): Delayed 3 second(s)

2024-04-08 09:48:22 - [MESSAGE][PASSED] - Delayed 3 second(s)

2024-04-08 09:48:22 - [MESSAGE][PASSED] - Call Test Case 'Test Cases/0InicioSesion' successfully

2024-04-08 09:48:22 - [TEST_STEP][PASSED] - click(findTestObject("DIGITURNO/1Principal/img_Configuracion(1)")): Object: 'Object Repository/DIGITURNO/1Principal/img_Configuracion(1)' is clicked on

2024-04-08 09:48:22 - [MESSAGE][PASSED] - Object: 'Object Repository/DIGITURNO/1Principal/img_Configuracion(1)' is clicked on

2024-04-08 09:48:22 - [TEST_STEP][PASSED] - delay(3): Delayed 3 second(s)

2024-04-08 09:48:25 - [MESSAGE][PASSED] - Delayed 3 second(s)

2024-04-08 09:48:25 - [TEST_STEP][PASSED] - takeFullPageScreenshot(): Taking screenshot successfully

2024-04-08 09:48:26 - [MESSAGE][INFO] - 0 hidden object(s)

2024-04-08 09:48:26 - [MESSAGE][PASSED] - Taking screenshot successfully
[[ATTACHMENT|C:\\CIEL INGENIERIA\\Katalon\\Digiturno55\\Reports\\20240408_090839\\DIGITURNO\\BASICO\\55 Tableros Crear Actualizar Eliminar\\20240408_090936\\1712587705864.png]]

2024-04-08 09:48:26 - [TEST_STEP][PASSED] - delay(3): Delayed 3 second(s)

2024-04-08 09:48:29 - [MESSAGE][PASSED] - Delayed 3 second(s)

2024-04-08 09:48:29 - [MESSAGE][PASSED] - Call Test Case 'Test Cases/DIGITURNO/BASICO/3 Configuracion' successfully

2024-04-08 09:48:29 - [TEST_STEP][PASSED] - click(findTestObject("DIGITURNO/CONFIGURACION/0Principal/img_6Elementos del sistema")): Object: 'Object Repository/DIGITURNO/CONFIGURACION/0Principal/img_6Elementos del sistema' is clicked on

2024-04-08 09:48:30 - [MESSAGE][PASSED] - Object: 'Object Repository/DIGITURNO/CONFIGURACION/0Principal/img_6Elementos del sistema' is clicked on

2024-04-08 09:48:30 - [TEST_STEP][PASSED] - delay(3): Delayed 3 second(s)

2024-04-08 09:48:33 - [MESSAGE][PASSED] - Delayed 3 second(s)

2024-04-08 09:48:33 - [TEST_STEP][PASSED] - takeFullPageScreenshot(): Taking screenshot successfully

2024-04-08 09:48:33 - [MESSAGE][INFO] - 0 hidden object(s)

2024-04-08 09:48:33 - [MESSAGE][PASSED] - Taking screenshot successfully
[[ATTACHMENT|C:\\CIEL INGENIERIA\\Katalon\\Digiturno55\\Reports\\20240408_090839\\DIGITURNO\\BASICO\\55 Tableros Crear Actualizar Eliminar\\20240408_090936\\1712587713112.png]]

2024-04-08 09:48:33 - [TEST_STEP][PASSED] - delay(3): Delayed 3 second(s)

2024-04-08 09:48:36 - [MESSAGE][PASSED] - Delayed 3 second(s)

2024-04-08 09:48:36 - [MESSAGE][PASSED] - Call Test Case 'Test Cases/DIGITURNO/BASICO/32 Elementos del Sistema' successfully

2024-04-08 09:48:36 - [TEST_STEP][PASSED] - click(findTestObject("DIGITURNO/CONFIGURACION/6Elementos del Sistema/0Principal/img_5Tableros")): Object: 'Object Repository/DIGITURNO/CONFIGURACION/6Elementos del Sistema/0Principal/img_5Tableros' is clicked on

2024-04-08 09:48:37 - [MESSAGE][PASSED] - Object: 'Object Repository/DIGITURNO/CONFIGURACION/6Elementos del Sistema/0Principal/img_5Tableros' is clicked on

2024-04-08 09:48:37 - [TEST_STEP][PASSED] - delay(2): Delayed 2 second(s)

2024-04-08 09:48:39 - [MESSAGE][PASSED] - Delayed 2 second(s)

2024-04-08 09:48:39 - [TEST_STEP][PASSED] - click(findTestObject("DIGITURNO/CONFIGURACION/6Elementos del Sistema/5 Tableros/0 Oficinas Modal/td_1 Bogota - CIEL")): Object: 'Object Repository/DIGITURNO/CONFIGURACION/6Elementos del Sistema/5 Tableros/0 Oficinas Modal/td_1 Bogota - CIEL' is clicked on

2024-04-08 09:48:40 - [MESSAGE][PASSED] - Object: 'Object Repository/DIGITURNO/CONFIGURACION/6Elementos del Sistema/5 Tableros/0 Oficinas Modal/td_1 Bogota - CIEL' is clicked on

2024-04-08 09:48:40 - [TEST_STEP][PASSED] - delay(2): Delayed 2 second(s)

2024-04-08 09:48:42 - [MESSAGE][PASSED] - Delayed 2 second(s)

2024-04-08 09:48:42 - [TEST_STEP][PASSED] - scrollToPosition(0, 800): Browser is scrolled to position x = 0, y = 800

2024-04-08 09:48:42 - [MESSAGE][PASSED] - Browser is scrolled to position x = 0, y = 800

2024-04-08 09:48:42 - [TEST_STEP][PASSED] - delay(2): Delayed 2 second(s)

2024-04-08 09:48:44 - [MESSAGE][PASSED] - Delayed 2 second(s)

2024-04-08 09:48:44 - [TEST_STEP][PASSED] - click(findTestObject("DIGITURNO/CONFIGURACION/6Elementos del Sistema/5 Tableros/Configuracion/span_Edicion(1)/Informacion General/btn_Seleccionar Oficina")): Object: 'Object Repository/DIGITURNO/CONFIGURACION/6Elementos del Sistema/5 Tableros/Configuracion/span_Edicion(1)/Informacion General/btn_Seleccionar Oficina' is clicked on

2024-04-08 09:48:44 - [MESSAGE][PASSED] - Object: 'Object Repository/DIGITURNO/CONFIGURACION/6Elementos del Sistema/5 Tableros/Configuracion/span_Edicion(1)/Informacion General/btn_Seleccionar Oficina' is clicked on

2024-04-08 09:48:44 - [TEST_STEP][PASSED] - delay(2): Delayed 2 second(s)

2024-04-08 09:48:46 - [MESSAGE][PASSED] - Delayed 2 second(s)

2024-04-08 09:48:46 - [TEST_STEP][PASSED] - click(findTestObject("DIGITURNO/CONFIGURACION/6Elementos del Sistema/5 Tableros/Configuracion/span_Edicion(1)/Informacion General/btn_Seleccionar Oficina(1)/td_Bogota - CIEL")): Object: 'Object Repository/DIGITURNO/CONFIGURACION/6Elementos del Sistema/5 Tableros/Configuracion/span_Edicion(1)/Informacion General/btn_Seleccionar Oficina(1)/td_Bogota - CIEL' is clicked on

2024-04-08 09:48:47 - [MESSAGE][PASSED] - Object: 'Object Repository/DIGITURNO/CONFIGURACION/6Elementos del Sistema/5 Tableros/Configuracion/span_Edicion(1)/Informacion General/btn_Seleccionar Oficina(1)/td_Bogota - CIEL' is clicked on

2024-04-08 09:48:47 - [TEST_STEP][PASSED] - delay(2): Delayed 2 second(s)

2024-04-08 09:48:49 - [MESSAGE][PASSED] - Delayed 2 second(s)

2024-04-08 09:48:49 - [TEST_STEP][PASSED] - setText(findTestObject("DIGITURNO/CONFIGURACION/6Elementos del Sistema/5 Tableros/Configuracion/span_Edicion(1)/Informacion General/input_Nombre"), "Prueba"): Text 'Prueba' is set on object 'Object Repository/DIGITURNO/CONFIGURACION/6Elementos del Sistema/5 Tableros/Configuracion/span_Edicion(1)/Informacion General/input_Nombre'

2024-04-08 09:48:50 - [MESSAGE][PASSED] - Text 'Prueba' is set on object 'Object Repository/DIGITURNO/CONFIGURACION/6Elementos del Sistema/5 Tableros/Configuracion/span_Edicion(1)/Informacion General/input_Nombre'

2024-04-08 09:48:50 - [TEST_STEP][PASSED] - setText(findTestObject("DIGITURNO/CONFIGURACION/6Elementos del Sistema/5 Tableros/Configuracion/span_Edicion(1)/Informacion General/textarea_Descripcion"), "Prueba"): Text 'Prueba' is set on object 'Object Repository/DIGITURNO/CONFIGURACION/6Elementos del Sistema/5 Tableros/Configuracion/span_Edicion(1)/Informacion General/textarea_Descripcion'

2024-04-08 09:48:50 - [MESSAGE][PASSED] - Text 'Prueba' is set on object 'Object Repository/DIGITURNO/CONFIGURACION/6Elementos del Sistema/5 Tableros/Configuracion/span_Edicion(1)/Informacion General/textarea_Descripcion'

2024-04-08 09:48:50 - [TEST_STEP][PASSED] - click(findTestObject("DIGITURNO/CONFIGURACION/6Elementos del Sistema/5 Tableros/Configuracion/span_Edicion(1)/Informacion General/img_Nuevo")): Object: 'Object Repository/DIGITURNO/CONFIGURACION/6Elementos del Sistema/5 Tableros/Configuracion/span_Edicion(1)/Informacion General/img_Nuevo' is clicked on

2024-04-08 09:48:51 - [MESSAGE][PASSED] - Object: 'Object Repository/DIGITURNO/CONFIGURACION/6Elementos del Sistema/5 Tableros/Configuracion/span_Edicion(1)/Informacion General/img_Nuevo' is clicked on

2024-04-08 09:48:51 - [TEST_STEP][PASSED] - delay(3): Delayed 3 second(s)

2024-04-08 09:48:54 - [MESSAGE][PASSED] - Delayed 3 second(s)

2024-04-08 09:48:54 - [TEST_STEP][PASSED] - takeFullPageScreenshot(): Taking screenshot successfully

2024-04-08 09:48:54 - [MESSAGE][INFO] - 0 hidden object(s)

2024-04-08 09:48:55 - [MESSAGE][PASSED] - Taking screenshot successfully
[[ATTACHMENT|C:\\CIEL INGENIERIA\\Katalon\\Digiturno55\\Reports\\20240408_090839\\DIGITURNO\\BASICO\\55 Tableros Crear Actualizar Eliminar\\20240408_090936\\1712587734270.png]]

2024-04-08 09:48:55 - [TEST_STEP][PASSED] - delay(3): Delayed 3 second(s)

2024-04-08 09:48:58 - [MESSAGE][PASSED] - Delayed 3 second(s)

2024-04-08 09:48:58 - [TEST_STEP][PASSED] - Start listener action : sampleAfterTestCase: null]]></system-out>
         <system-err><![CDATA[]]></system-err>
      </testcase>
      <testcase name="Test Cases/DIGITURNO/BASICO/55 Tableros Actualizar" time="45.097" classname="Test Cases/DIGITURNO/BASICO/55 Tableros Actualizar" status="PASSED">
         <system-out><![CDATA[2024-04-08 09:48:58 - [TEST_CASE][PASSED] - Test Cases/DIGITURNO/BASICO/55 Tableros Actualizar: Test Cases/DIGITURNO/BASICO/55 Tableros Actualizar

2024-04-08 09:48:58 - [TEST_STEP][PASSED] - callTestCase(findTestCase("DIGITURNO/BASICO/32 Elementos del Sistema"), [:], STOP_ON_FAILURE): Call Test Case 'Test Cases/DIGITURNO/BASICO/32 Elementos del Sistema' successfully

2024-04-08 09:48:58 - [TEST_CASE][PASSED] - Test Cases/DIGITURNO/BASICO/32 Elementos del Sistema: Test Cases/DIGITURNO/BASICO/32 Elementos del Sistema

2024-04-08 09:48:58 - [TEST_STEP][PASSED] - callTestCase(findTestCase("DIGITURNO/BASICO/3 Configuracion"), [:], STOP_ON_FAILURE): Call Test Case 'Test Cases/DIGITURNO/BASICO/3 Configuracion' successfully

2024-04-08 09:48:58 - [TEST_CASE][PASSED] - Test Cases/DIGITURNO/BASICO/3 Configuracion: Test Cases/DIGITURNO/BASICO/3 Configuracion

2024-04-08 09:48:58 - [TEST_STEP][PASSED] - callTestCase(findTestCase("0InicioSesion"), [:], STOP_ON_FAILURE): Call Test Case 'Test Cases/0InicioSesion' successfully

2024-04-08 09:48:58 - [TEST_CASE][PASSED] - Test Cases/0InicioSesion: Test Cases/0InicioSesion

2024-04-08 09:48:58 - [TEST_STEP][PASSED] - openBrowser(UrlDigiturno): Browser is opened with url: 'https://PCPruebas101.ciel.cielingenieria.com:8910'

2024-04-08 09:48:58 - [MESSAGE][WARNING] - A browser is already opened. Closing browser and opening a new one

2024-04-08 09:48:59 - [MESSAGE][INFO] - Starting 'Chrome' driver

2024-04-08 09:48:59 - [MESSAGE][INFO] - User set preference: ['args', '[--use-fake-ui-for-media-stream, --disable-notifications]']

2024-04-08 09:48:59 - [MESSAGE][INFO] - Action delay is set to 0 milliseconds

2024-04-08 09:49:00 - [MESSAGE][PASSED] - Browser is opened with url: 'https://PCPruebas101.ciel.cielingenieria.com:8910'

2024-04-08 09:49:00 - [TEST_STEP][PASSED] - maximizeWindow(): Current window maximized

2024-04-08 09:49:01 - [MESSAGE][PASSED] - Current window maximized

2024-04-08 09:49:01 - [TEST_STEP][PASSED] - delay(3): Delayed 3 second(s)

2024-04-08 09:49:04 - [MESSAGE][PASSED] - Delayed 3 second(s)

2024-04-08 09:49:04 - [TEST_STEP][PASSED] - setText(findTestObject("0Inicio Sesion/input_Usuario"), "Ciel"): Text 'Ciel' is set on object 'Object Repository/0Inicio Sesion/input_Usuario'

2024-04-08 09:49:04 - [MESSAGE][PASSED] - Text 'Ciel' is set on object 'Object Repository/0Inicio Sesion/input_Usuario'

2024-04-08 09:49:04 - [TEST_STEP][PASSED] - setText(findTestObject("0Inicio Sesion/input_Clave"), "digiturno"): Text 'digiturno' is set on object 'Object Repository/0Inicio Sesion/input_Clave'

2024-04-08 09:49:05 - [MESSAGE][PASSED] - Text 'digiturno' is set on object 'Object Repository/0Inicio Sesion/input_Clave'

2024-04-08 09:49:05 - [TEST_STEP][PASSED] - click(findTestObject("0Inicio Sesion/btn_IniciarSesion")): Object: 'Object Repository/0Inicio Sesion/btn_IniciarSesion' is clicked on

2024-04-08 09:49:06 - [MESSAGE][PASSED] - Object: 'Object Repository/0Inicio Sesion/btn_IniciarSesion' is clicked on

2024-04-08 09:49:06 - [TEST_STEP][PASSED] - delay(3): Delayed 3 second(s)

2024-04-08 09:49:09 - [MESSAGE][PASSED] - Delayed 3 second(s)

2024-04-08 09:49:09 - [MESSAGE][PASSED] - Call Test Case 'Test Cases/0InicioSesion' successfully

2024-04-08 09:49:09 - [TEST_STEP][PASSED] - click(findTestObject("DIGITURNO/1Principal/img_Configuracion(1)")): Object: 'Object Repository/DIGITURNO/1Principal/img_Configuracion(1)' is clicked on

2024-04-08 09:49:09 - [MESSAGE][PASSED] - Object: 'Object Repository/DIGITURNO/1Principal/img_Configuracion(1)' is clicked on

2024-04-08 09:49:09 - [TEST_STEP][PASSED] - delay(3): Delayed 3 second(s)

2024-04-08 09:49:12 - [MESSAGE][PASSED] - Delayed 3 second(s)

2024-04-08 09:49:12 - [TEST_STEP][PASSED] - takeFullPageScreenshot(): Taking screenshot successfully

2024-04-08 09:49:13 - [MESSAGE][INFO] - 0 hidden object(s)

2024-04-08 09:49:13 - [MESSAGE][PASSED] - Taking screenshot successfully
[[ATTACHMENT|C:\\CIEL INGENIERIA\\Katalon\\Digiturno55\\Reports\\20240408_090839\\DIGITURNO\\BASICO\\55 Tableros Crear Actualizar Eliminar\\20240408_090936\\1712587752784.png]]

2024-04-08 09:49:13 - [TEST_STEP][PASSED] - delay(3): Delayed 3 second(s)

2024-04-08 09:49:16 - [MESSAGE][PASSED] - Delayed 3 second(s)

2024-04-08 09:49:16 - [MESSAGE][PASSED] - Call Test Case 'Test Cases/DIGITURNO/BASICO/3 Configuracion' successfully

2024-04-08 09:49:16 - [TEST_STEP][PASSED] - click(findTestObject("DIGITURNO/CONFIGURACION/0Principal/img_6Elementos del sistema")): Object: 'Object Repository/DIGITURNO/CONFIGURACION/0Principal/img_6Elementos del sistema' is clicked on

2024-04-08 09:49:17 - [MESSAGE][PASSED] - Object: 'Object Repository/DIGITURNO/CONFIGURACION/0Principal/img_6Elementos del sistema' is clicked on

2024-04-08 09:49:17 - [TEST_STEP][PASSED] - delay(3): Delayed 3 second(s)

2024-04-08 09:49:20 - [MESSAGE][PASSED] - Delayed 3 second(s)

2024-04-08 09:49:20 - [TEST_STEP][PASSED] - takeFullPageScreenshot(): Taking screenshot successfully

2024-04-08 09:49:20 - [MESSAGE][INFO] - 0 hidden object(s)

2024-04-08 09:49:20 - [MESSAGE][PASSED] - Taking screenshot successfully
[[ATTACHMENT|C:\\CIEL INGENIERIA\\Katalon\\Digiturno55\\Reports\\20240408_090839\\DIGITURNO\\BASICO\\55 Tableros Crear Actualizar Eliminar\\20240408_090936\\1712587760048.png]]

2024-04-08 09:49:20 - [TEST_STEP][PASSED] - delay(3): Delayed 3 second(s)

2024-04-08 09:49:23 - [MESSAGE][PASSED] - Delayed 3 second(s)

2024-04-08 09:49:23 - [MESSAGE][PASSED] - Call Test Case 'Test Cases/DIGITURNO/BASICO/32 Elementos del Sistema' successfully

2024-04-08 09:49:23 - [TEST_STEP][PASSED] - click(findTestObject("DIGITURNO/CONFIGURACION/6Elementos del Sistema/0Principal/img_5Tableros")): Object: 'Object Repository/DIGITURNO/CONFIGURACION/6Elementos del Sistema/0Principal/img_5Tableros' is clicked on

2024-04-08 09:49:24 - [MESSAGE][PASSED] - Object: 'Object Repository/DIGITURNO/CONFIGURACION/6Elementos del Sistema/0Principal/img_5Tableros' is clicked on

2024-04-08 09:49:24 - [TEST_STEP][PASSED] - delay(2): Delayed 2 second(s)

2024-04-08 09:49:26 - [MESSAGE][PASSED] - Delayed 2 second(s)

2024-04-08 09:49:26 - [TEST_STEP][PASSED] - click(findTestObject("DIGITURNO/CONFIGURACION/6Elementos del Sistema/5 Tableros/0 Oficinas Modal/td_1 Bogota - CIEL")): Object: 'Object Repository/DIGITURNO/CONFIGURACION/6Elementos del Sistema/5 Tableros/0 Oficinas Modal/td_1 Bogota - CIEL' is clicked on

2024-04-08 09:49:26 - [MESSAGE][PASSED] - Object: 'Object Repository/DIGITURNO/CONFIGURACION/6Elementos del Sistema/5 Tableros/0 Oficinas Modal/td_1 Bogota - CIEL' is clicked on

2024-04-08 09:49:26 - [TEST_STEP][PASSED] - delay(2): Delayed 2 second(s)

2024-04-08 09:49:28 - [MESSAGE][PASSED] - Delayed 2 second(s)

2024-04-08 09:49:28 - [TEST_STEP][PASSED] - setText(findTestObject("DIGITURNO/CONFIGURACION/6Elementos del Sistema/5 Tableros/Lista de Tableros/input_TextoABuscar"), "Prueba"): Text 'Prueba' is set on object 'Object Repository/DIGITURNO/CONFIGURACION/6Elementos del Sistema/5 Tableros/Lista de Tableros/input_TextoABuscar'

2024-04-08 09:49:29 - [MESSAGE][PASSED] - Text 'Prueba' is set on object 'Object Repository/DIGITURNO/CONFIGURACION/6Elementos del Sistema/5 Tableros/Lista de Tableros/input_TextoABuscar'

2024-04-08 09:49:29 - [TEST_STEP][PASSED] - delay(2): Delayed 2 second(s)

2024-04-08 09:49:31 - [MESSAGE][PASSED] - Delayed 2 second(s)

2024-04-08 09:49:31 - [TEST_STEP][PASSED] - click(findTestObject("DIGITURNO/CONFIGURACION/6Elementos del Sistema/5 Tableros/Lista de Tableros/td_1 Bogota - Tablero - 1")): Object: 'Object Repository/DIGITURNO/CONFIGURACION/6Elementos del Sistema/5 Tableros/Lista de Tableros/td_1 Bogota - Tablero - 1' is clicked on

2024-04-08 09:49:32 - [MESSAGE][PASSED] - Object: 'Object Repository/DIGITURNO/CONFIGURACION/6Elementos del Sistema/5 Tableros/Lista de Tableros/td_1 Bogota - Tablero - 1' is clicked on

2024-04-08 09:49:32 - [TEST_STEP][PASSED] - delay(3): Delayed 3 second(s)

2024-04-08 09:49:35 - [MESSAGE][PASSED] - Delayed 3 second(s)

2024-04-08 09:49:35 - [TEST_STEP][PASSED] - setText(findTestObject("DIGITURNO/CONFIGURACION/6Elementos del Sistema/5 Tableros/Configuracion/span_Edicion(1)/Informacion General/textarea_Descripcion"), "Prueba actualizada"): Text 'Prueba actualizada' is set on object 'Object Repository/DIGITURNO/CONFIGURACION/6Elementos del Sistema/5 Tableros/Configuracion/span_Edicion(1)/Informacion General/textarea_Descripcion'

2024-04-08 09:49:35 - [MESSAGE][PASSED] - Text 'Prueba actualizada' is set on object 'Object Repository/DIGITURNO/CONFIGURACION/6Elementos del Sistema/5 Tableros/Configuracion/span_Edicion(1)/Informacion General/textarea_Descripcion'

2024-04-08 09:49:35 - [TEST_STEP][PASSED] - click(findTestObject("DIGITURNO/CONFIGURACION/6Elementos del Sistema/5 Tableros/Configuracion/span_Edicion(1)/Informacion General/img_Actualizar")): Object: 'Object Repository/DIGITURNO/CONFIGURACION/6Elementos del Sistema/5 Tableros/Configuracion/span_Edicion(1)/Informacion General/img_Actualizar' is clicked on

2024-04-08 09:49:36 - [MESSAGE][PASSED] - Object: 'Object Repository/DIGITURNO/CONFIGURACION/6Elementos del Sistema/5 Tableros/Configuracion/span_Edicion(1)/Informacion General/img_Actualizar' is clicked on

2024-04-08 09:49:36 - [TEST_STEP][PASSED] - delay(3): Delayed 3 second(s)

2024-04-08 09:49:39 - [MESSAGE][PASSED] - Delayed 3 second(s)

2024-04-08 09:49:39 - [TEST_STEP][PASSED] - takeFullPageScreenshot(): Taking screenshot successfully

2024-04-08 09:49:39 - [MESSAGE][INFO] - 0 hidden object(s)

2024-04-08 09:49:40 - [MESSAGE][PASSED] - Taking screenshot successfully
[[ATTACHMENT|C:\\CIEL INGENIERIA\\Katalon\\Digiturno55\\Reports\\20240408_090839\\DIGITURNO\\BASICO\\55 Tableros Crear Actualizar Eliminar\\20240408_090936\\1712587779381.png]]

2024-04-08 09:49:40 - [TEST_STEP][PASSED] - delay(3): Delayed 3 second(s)

2024-04-08 09:49:43 - [MESSAGE][PASSED] - Delayed 3 second(s)

2024-04-08 09:49:43 - [TEST_STEP][PASSED] - Start listener action : sampleAfterTestCase: null]]></system-out>
         <system-err><![CDATA[]]></system-err>
      </testcase>
      <testcase name="Test Cases/DIGITURNO/BASICO/55 Tableros Eliminar" time="45.689" classname="Test Cases/DIGITURNO/BASICO/55 Tableros Eliminar" status="PASSED">
         <system-out><![CDATA[2024-04-08 09:49:43 - [TEST_CASE][PASSED] - Test Cases/DIGITURNO/BASICO/55 Tableros Eliminar: Test Cases/DIGITURNO/BASICO/55 Tableros Eliminar

2024-04-08 09:49:43 - [TEST_STEP][PASSED] - callTestCase(findTestCase("DIGITURNO/BASICO/32 Elementos del Sistema"), [:], STOP_ON_FAILURE): Call Test Case 'Test Cases/DIGITURNO/BASICO/32 Elementos del Sistema' successfully

2024-04-08 09:49:43 - [TEST_CASE][PASSED] - Test Cases/DIGITURNO/BASICO/32 Elementos del Sistema: Test Cases/DIGITURNO/BASICO/32 Elementos del Sistema

2024-04-08 09:49:43 - [TEST_STEP][PASSED] - callTestCase(findTestCase("DIGITURNO/BASICO/3 Configuracion"), [:], STOP_ON_FAILURE): Call Test Case 'Test Cases/DIGITURNO/BASICO/3 Configuracion' successfully

2024-04-08 09:49:43 - [TEST_CASE][PASSED] - Test Cases/DIGITURNO/BASICO/3 Configuracion: Test Cases/DIGITURNO/BASICO/3 Configuracion

2024-04-08 09:49:43 - [TEST_STEP][PASSED] - callTestCase(findTestCase("0InicioSesion"), [:], STOP_ON_FAILURE): Call Test Case 'Test Cases/0InicioSesion' successfully

2024-04-08 09:49:43 - [TEST_CASE][PASSED] - Test Cases/0InicioSesion: Test Cases/0InicioSesion

2024-04-08 09:49:43 - [TEST_STEP][PASSED] - openBrowser(UrlDigiturno): Browser is opened with url: 'https://PCPruebas101.ciel.cielingenieria.com:8910'

2024-04-08 09:49:43 - [MESSAGE][WARNING] - A browser is already opened. Closing browser and opening a new one

2024-04-08 09:49:44 - [MESSAGE][INFO] - Starting 'Chrome' driver

2024-04-08 09:49:44 - [MESSAGE][INFO] - User set preference: ['args', '[--use-fake-ui-for-media-stream, --disable-notifications]']

2024-04-08 09:49:44 - [MESSAGE][INFO] - Action delay is set to 0 milliseconds

2024-04-08 09:49:47 - [MESSAGE][PASSED] - Browser is opened with url: 'https://PCPruebas101.ciel.cielingenieria.com:8910'

2024-04-08 09:49:47 - [TEST_STEP][PASSED] - maximizeWindow(): Current window maximized

2024-04-08 09:49:47 - [MESSAGE][PASSED] - Current window maximized

2024-04-08 09:49:47 - [TEST_STEP][PASSED] - delay(3): Delayed 3 second(s)

2024-04-08 09:49:50 - [MESSAGE][PASSED] - Delayed 3 second(s)

2024-04-08 09:49:50 - [TEST_STEP][PASSED] - setText(findTestObject("0Inicio Sesion/input_Usuario"), "Ciel"): Text 'Ciel' is set on object 'Object Repository/0Inicio Sesion/input_Usuario'

2024-04-08 09:49:51 - [MESSAGE][PASSED] - Text 'Ciel' is set on object 'Object Repository/0Inicio Sesion/input_Usuario'

2024-04-08 09:49:51 - [TEST_STEP][PASSED] - setText(findTestObject("0Inicio Sesion/input_Clave"), "digiturno"): Text 'digiturno' is set on object 'Object Repository/0Inicio Sesion/input_Clave'

2024-04-08 09:49:52 - [MESSAGE][PASSED] - Text 'digiturno' is set on object 'Object Repository/0Inicio Sesion/input_Clave'

2024-04-08 09:49:52 - [TEST_STEP][PASSED] - click(findTestObject("0Inicio Sesion/btn_IniciarSesion")): Object: 'Object Repository/0Inicio Sesion/btn_IniciarSesion' is clicked on

2024-04-08 09:49:52 - [MESSAGE][PASSED] - Object: 'Object Repository/0Inicio Sesion/btn_IniciarSesion' is clicked on

2024-04-08 09:49:52 - [TEST_STEP][PASSED] - delay(3): Delayed 3 second(s)

2024-04-08 09:49:55 - [MESSAGE][PASSED] - Delayed 3 second(s)

2024-04-08 09:49:55 - [MESSAGE][PASSED] - Call Test Case 'Test Cases/0InicioSesion' successfully

2024-04-08 09:49:55 - [TEST_STEP][PASSED] - click(findTestObject("DIGITURNO/1Principal/img_Configuracion(1)")): Object: 'Object Repository/DIGITURNO/1Principal/img_Configuracion(1)' is clicked on

2024-04-08 09:49:56 - [MESSAGE][PASSED] - Object: 'Object Repository/DIGITURNO/1Principal/img_Configuracion(1)' is clicked on

2024-04-08 09:49:56 - [TEST_STEP][PASSED] - delay(3): Delayed 3 second(s)

2024-04-08 09:49:59 - [MESSAGE][PASSED] - Delayed 3 second(s)

2024-04-08 09:49:59 - [TEST_STEP][PASSED] - takeFullPageScreenshot(): Taking screenshot successfully

2024-04-08 09:49:59 - [MESSAGE][INFO] - 0 hidden object(s)

2024-04-08 09:49:59 - [MESSAGE][PASSED] - Taking screenshot successfully
[[ATTACHMENT|C:\\CIEL INGENIERIA\\Katalon\\Digiturno55\\Reports\\20240408_090839\\DIGITURNO\\BASICO\\55 Tableros Crear Actualizar Eliminar\\20240408_090936\\1712587799310.png]]

2024-04-08 09:49:59 - [TEST_STEP][PASSED] - delay(3): Delayed 3 second(s)

2024-04-08 09:50:02 - [MESSAGE][PASSED] - Delayed 3 second(s)

2024-04-08 09:50:02 - [MESSAGE][PASSED] - Call Test Case 'Test Cases/DIGITURNO/BASICO/3 Configuracion' successfully

2024-04-08 09:50:02 - [TEST_STEP][PASSED] - click(findTestObject("DIGITURNO/CONFIGURACION/0Principal/img_6Elementos del sistema")): Object: 'Object Repository/DIGITURNO/CONFIGURACION/0Principal/img_6Elementos del sistema' is clicked on

2024-04-08 09:50:03 - [MESSAGE][PASSED] - Object: 'Object Repository/DIGITURNO/CONFIGURACION/0Principal/img_6Elementos del sistema' is clicked on

2024-04-08 09:50:03 - [TEST_STEP][PASSED] - delay(3): Delayed 3 second(s)

2024-04-08 09:50:06 - [MESSAGE][PASSED] - Delayed 3 second(s)

2024-04-08 09:50:06 - [TEST_STEP][PASSED] - takeFullPageScreenshot(): Taking screenshot successfully

2024-04-08 09:50:06 - [MESSAGE][INFO] - 0 hidden object(s)

2024-04-08 09:50:06 - [MESSAGE][PASSED] - Taking screenshot successfully
[[ATTACHMENT|C:\\CIEL INGENIERIA\\Katalon\\Digiturno55\\Reports\\20240408_090839\\DIGITURNO\\BASICO\\55 Tableros Crear Actualizar Eliminar\\20240408_090936\\1712587806392.png]]

2024-04-08 09:50:06 - [TEST_STEP][PASSED] - delay(3): Delayed 3 second(s)

2024-04-08 09:50:09 - [MESSAGE][PASSED] - Delayed 3 second(s)

2024-04-08 09:50:09 - [MESSAGE][PASSED] - Call Test Case 'Test Cases/DIGITURNO/BASICO/32 Elementos del Sistema' successfully

2024-04-08 09:50:09 - [TEST_STEP][PASSED] - click(findTestObject("DIGITURNO/CONFIGURACION/6Elementos del Sistema/0Principal/img_5Tableros")): Object: 'Object Repository/DIGITURNO/CONFIGURACION/6Elementos del Sistema/0Principal/img_5Tableros' is clicked on

2024-04-08 09:50:10 - [MESSAGE][PASSED] - Object: 'Object Repository/DIGITURNO/CONFIGURACION/6Elementos del Sistema/0Principal/img_5Tableros' is clicked on

2024-04-08 09:50:10 - [TEST_STEP][PASSED] - delay(2): Delayed 2 second(s)

2024-04-08 09:50:12 - [MESSAGE][PASSED] - Delayed 2 second(s)

2024-04-08 09:50:12 - [TEST_STEP][PASSED] - click(findTestObject("DIGITURNO/CONFIGURACION/6Elementos del Sistema/5 Tableros/0 Oficinas Modal/td_1 Bogota - CIEL")): Object: 'Object Repository/DIGITURNO/CONFIGURACION/6Elementos del Sistema/5 Tableros/0 Oficinas Modal/td_1 Bogota - CIEL' is clicked on

2024-04-08 09:50:13 - [MESSAGE][PASSED] - Object: 'Object Repository/DIGITURNO/CONFIGURACION/6Elementos del Sistema/5 Tableros/0 Oficinas Modal/td_1 Bogota - CIEL' is clicked on

2024-04-08 09:50:13 - [TEST_STEP][PASSED] - delay(2): Delayed 2 second(s)

2024-04-08 09:50:15 - [MESSAGE][PASSED] - Delayed 2 second(s)

2024-04-08 09:50:15 - [TEST_STEP][PASSED] - setText(findTestObject("DIGITURNO/CONFIGURACION/6Elementos del Sistema/5 Tableros/Lista de Tableros/input_TextoABuscar"), "Prueba"): Text 'Prueba' is set on object 'Object Repository/DIGITURNO/CONFIGURACION/6Elementos del Sistema/5 Tableros/Lista de Tableros/input_TextoABuscar'

2024-04-08 09:50:15 - [MESSAGE][PASSED] - Text 'Prueba' is set on object 'Object Repository/DIGITURNO/CONFIGURACION/6Elementos del Sistema/5 Tableros/Lista de Tableros/input_TextoABuscar'

2024-04-08 09:50:15 - [TEST_STEP][PASSED] - delay(2): Delayed 2 second(s)

2024-04-08 09:50:17 - [MESSAGE][PASSED] - Delayed 2 second(s)

2024-04-08 09:50:17 - [TEST_STEP][PASSED] - click(findTestObject("DIGITURNO/CONFIGURACION/6Elementos del Sistema/5 Tableros/Lista de Tableros/td_1 Bogota - Tablero - 1")): Object: 'Object Repository/DIGITURNO/CONFIGURACION/6Elementos del Sistema/5 Tableros/Lista de Tableros/td_1 Bogota - Tablero - 1' is clicked on

2024-04-08 09:50:18 - [MESSAGE][PASSED] - Object: 'Object Repository/DIGITURNO/CONFIGURACION/6Elementos del Sistema/5 Tableros/Lista de Tableros/td_1 Bogota - Tablero - 1' is clicked on

2024-04-08 09:50:18 - [TEST_STEP][PASSED] - delay(3): Delayed 3 second(s)

2024-04-08 09:50:21 - [MESSAGE][PASSED] - Delayed 3 second(s)

2024-04-08 09:50:21 - [TEST_STEP][PASSED] - click(findTestObject("DIGITURNO/CONFIGURACION/6Elementos del Sistema/5 Tableros/Configuracion/span_Edicion(1)/Informacion General/img_Eliminar")): Object: 'Object Repository/DIGITURNO/CONFIGURACION/6Elementos del Sistema/5 Tableros/Configuracion/span_Edicion(1)/Informacion General/img_Eliminar' is clicked on

2024-04-08 09:50:21 - [MESSAGE][PASSED] - Object: 'Object Repository/DIGITURNO/CONFIGURACION/6Elementos del Sistema/5 Tableros/Configuracion/span_Edicion(1)/Informacion General/img_Eliminar' is clicked on

2024-04-08 09:50:21 - [TEST_STEP][PASSED] - click(findTestObject("DIGITURNO/CONFIGURACION/6Elementos del Sistema/5 Tableros/Configuracion/span_Edicion(1)/Informacion General/img_Eliminar")): Object: 'Object Repository/DIGITURNO/CONFIGURACION/6Elementos del Sistema/5 Tableros/Configuracion/span_Edicion(1)/Informacion General/img_Eliminar' is clicked on

2024-04-08 09:50:22 - [MESSAGE][PASSED] - Object: 'Object Repository/DIGITURNO/CONFIGURACION/6Elementos del Sistema/5 Tableros/Configuracion/span_Edicion(1)/Informacion General/img_Eliminar' is clicked on

2024-04-08 09:50:22 - [TEST_STEP][PASSED] - acceptAlert(): Alert accepted

2024-04-08 09:50:22 - [MESSAGE][PASSED] - Alert accepted

2024-04-08 09:50:22 - [TEST_STEP][PASSED] - delay(3): Delayed 3 second(s)

2024-04-08 09:50:25 - [MESSAGE][PASSED] - Delayed 3 second(s)

2024-04-08 09:50:25 - [TEST_STEP][PASSED] - takeFullPageScreenshot(): Taking screenshot successfully

2024-04-08 09:50:25 - [MESSAGE][INFO] - 0 hidden object(s)

2024-04-08 09:50:25 - [MESSAGE][PASSED] - Taking screenshot successfully
[[ATTACHMENT|C:\\CIEL INGENIERIA\\Katalon\\Digiturno55\\Reports\\20240408_090839\\DIGITURNO\\BASICO\\55 Tableros Crear Actualizar Eliminar\\20240408_090936\\1712587825091.png]]

2024-04-08 09:50:25 - [TEST_STEP][PASSED] - delay(3): Delayed 3 second(s)

2024-04-08 09:50:28 - [MESSAGE][PASSED] - Delayed 3 second(s)

2024-04-08 09:50:28 - [TEST_STEP][PASSED] - Start listener action : sampleAfterTestCase: null]]></system-out>
         <system-err><![CDATA[]]></system-err>
      </testcase>
      <system-out><![CDATA[2024-04-08 09:48:09 - [TEST_SUITE][PASSED] - 55 Tableros Crear Actualizar Eliminar: Test Cases/DIGITURNO/BASICO/55 Tableros Eliminar]]></system-out>
      <system-err><![CDATA[]]></system-err>
   </testsuite>
</testsuites>
