<?xml version="1.0" encoding="UTF-8"?>
<testsuites name="7 Transferir Turno" time="74.282" tests="1" failures="0" errors="0">
   <testsuite name="7 Transferir Turno" tests="1" failures="0" errors="0" time="74.282" skipped="0" timestamp="2024-04-08 08:00:16" hostname="jdavila - PCPruebas101.ciel.cielingenieria.com" id="Test Suites/DIGITURNO/OPERACION BASICA TERMINAL/7 Transferir Turno">
      <properties>
         <property name="deviceName" value=""/>
         <property name="devicePlatform" value=""/>
         <property name="logFolder" value="C:\\CIEL INGENIERIA\\Katalon\\Digiturno55\\Reports\\20240408_075042\\DIGITURNO\\OPERACION BASICA TERMINAL\\7 Transferir Turno\\20240408_075057"/>
         <property name="logFiles" value="C:\\CIEL INGENIERIA\\Katalon\\Digiturno55\\Reports\\20240408_075042\\DIGITURNO\\OPERACION BASICA TERMINAL\\7 Transferir Turno\\20240408_075057\\execution0.log"/>
         <property name="attachments" value="C:\\CIEL INGENIERIA\\Katalon\\Digiturno55\\Reports\\20240408_075042\\DIGITURNO\\OPERACION BASICA TERMINAL\\7 Transferir Turno\\20240408_075057\\1712581228416.png, C:\\CIEL INGENIERIA\\Katalon\\Digiturno55\\Reports\\20240408_075042\\DIGITURNO\\OPERACION BASICA TERMINAL\\7 Transferir Turno\\20240408_075057\\1712581279994.png"/>
         <property name="hostName" value="jdavila - PCPruebas101.ciel.cielingenieria.com"/>
         <property name="os" value="Windows 10 64bit"/>
         <property name="katalonVersion" value="8.6.9.208"/>
         <property name="browser" value="Chrome 123.0.0.0"/>
         <property name="hostAddress" value="192.168.0.6"/>
         <property name="sessionId" value="c635746175efb3903c2db3d68179d2f7"/>
         <property name="seleniumVersion" value="3.141.59"/>
         <property name="proxyInformation" value="ProxyInformation { proxyOption=NO_PROXY, proxyServerType=HTTP, username=, password=********, proxyServerAddress=, proxyServerPort=0, executionList=&quot;&quot;, isApplyToDesiredCapabilities=true }"/>
         <property name="platform" value="Windows 10"/>
      </properties>
      <testcase name="Test Cases/DIGITURNO/OPERACION BASICA TERMINAL/7 Transferir Turno" time="74.044" classname="Test Cases/DIGITURNO/OPERACION BASICA TERMINAL/7 Transferir Turno" status="PASSED">
         <system-out><![CDATA[2024-04-08 08:00:16 - [TEST_CASE][PASSED] - Test Cases/DIGITURNO/OPERACION BASICA TERMINAL/7 Transferir Turno: Test Cases/DIGITURNO/OPERACION BASICA TERMINAL/7 Transferir Turno

2024-04-08 08:00:16 - [TEST_STEP][PASSED] - callTestCase(findTestCase("0InicioSesionOperacionBasica"), [:], STOP_ON_FAILURE): Call Test Case 'Test Cases/0InicioSesionOperacionBasica' successfully

2024-04-08 08:00:16 - [TEST_CASE][PASSED] - Test Cases/0InicioSesionOperacionBasica: Test Cases/0InicioSesionOperacionBasica

2024-04-08 08:00:17 - [TEST_STEP][PASSED] - openBrowser(UrlDigiturno): Browser is opened with url: 'https://PCPruebas101.ciel.cielingenieria.com:8910'

2024-04-08 08:00:17 - [MESSAGE][INFO] - Starting 'Chrome' driver

2024-04-08 08:00:17 - [MESSAGE][INFO] - User set preference: ['args', '[--use-fake-ui-for-media-stream, --disable-notifications]']

2024-04-08 08:00:17 - [MESSAGE][INFO] - Action delay is set to 0 milliseconds

2024-04-08 08:00:20 - [MESSAGE][PASSED] - Browser is opened with url: 'https://PCPruebas101.ciel.cielingenieria.com:8910'

2024-04-08 08:00:20 - [TEST_STEP][PASSED] - maximizeWindow(): Current window maximized

2024-04-08 08:00:20 - [MESSAGE][PASSED] - Current window maximized

2024-04-08 08:00:20 - [TEST_STEP][PASSED] - delay(3): Delayed 3 second(s)

2024-04-08 08:00:23 - [MESSAGE][PASSED] - Delayed 3 second(s)

2024-04-08 08:00:23 - [TEST_STEP][PASSED] - setText(findTestObject("0Inicio Sesion/input_Usuario"), "Ciel"): Text 'Ciel' is set on object 'Object Repository/0Inicio Sesion/input_Usuario'

2024-04-08 08:00:24 - [MESSAGE][PASSED] - Text 'Ciel' is set on object 'Object Repository/0Inicio Sesion/input_Usuario'

2024-04-08 08:00:24 - [TEST_STEP][PASSED] - setText(findTestObject("0Inicio Sesion/input_Clave"), "digiturno"): Text 'digiturno' is set on object 'Object Repository/0Inicio Sesion/input_Clave'

2024-04-08 08:00:24 - [MESSAGE][PASSED] - Text 'digiturno' is set on object 'Object Repository/0Inicio Sesion/input_Clave'

2024-04-08 08:00:24 - [TEST_STEP][PASSED] - click(findTestObject("0Inicio Sesion/btn_IniciarSesion")): Object: 'Object Repository/0Inicio Sesion/btn_IniciarSesion' is clicked on

2024-04-08 08:00:25 - [MESSAGE][PASSED] - Object: 'Object Repository/0Inicio Sesion/btn_IniciarSesion' is clicked on

2024-04-08 08:00:25 - [TEST_STEP][PASSED] - delay(3): Delayed 3 second(s)

2024-04-08 08:00:28 - [MESSAGE][PASSED] - Delayed 3 second(s)

2024-04-08 08:00:28 - [TEST_STEP][PASSED] - takeFullPageScreenshot(): Taking screenshot successfully

2024-04-08 08:00:28 - [MESSAGE][INFO] - 0 hidden object(s)

2024-04-08 08:00:29 - [MESSAGE][PASSED] - Taking screenshot successfully
[[ATTACHMENT|C:\\CIEL INGENIERIA\\Katalon\\Digiturno55\\Reports\\20240408_075042\\DIGITURNO\\OPERACION BASICA TERMINAL\\7 Transferir Turno\\20240408_075057\\1712581228416.png]]

2024-04-08 08:00:29 - [TEST_STEP][PASSED] - delay(3): Delayed 3 second(s)

2024-04-08 08:00:32 - [MESSAGE][PASSED] - Delayed 3 second(s)

2024-04-08 08:00:32 - [MESSAGE][PASSED] - Call Test Case 'Test Cases/0InicioSesionOperacionBasica' successfully

2024-04-08 08:00:32 - [TEST_STEP][PASSED] - click(findTestObject("DIGITURNO/1Principal/img_Operacion(1)")): Object: 'Object Repository/DIGITURNO/1Principal/img_Operacion(1)' is clicked on

2024-04-08 08:00:32 - [MESSAGE][PASSED] - Object: 'Object Repository/DIGITURNO/1Principal/img_Operacion(1)' is clicked on

2024-04-08 08:00:32 - [TEST_STEP][PASSED] - delay(3): Delayed 3 second(s)

2024-04-08 08:00:35 - [MESSAGE][PASSED] - Delayed 3 second(s)

2024-04-08 08:00:35 - [TEST_STEP][PASSED] - click(findTestObject("DIGITURNO/OPERACION/0Principal/Elementos del Sistema/img_Terminales")): Object: 'Object Repository/DIGITURNO/OPERACION/0Principal/Elementos del Sistema/img_Terminales' is clicked on

2024-04-08 08:00:36 - [MESSAGE][PASSED] - Object: 'Object Repository/DIGITURNO/OPERACION/0Principal/Elementos del Sistema/img_Terminales' is clicked on

2024-04-08 08:00:36 - [TEST_STEP][PASSED] - delay(3): Delayed 3 second(s)

2024-04-08 08:00:39 - [MESSAGE][PASSED] - Delayed 3 second(s)

2024-04-08 08:00:39 - [TEST_STEP][PASSED] - click(findTestObject("DIGITURNO/OPERACION/2Terminales/0Oficinas/td_1Bogota - CIEL")): Object: 'Object Repository/DIGITURNO/OPERACION/2Terminales/0Oficinas/td_1Bogota - CIEL' is clicked on

2024-04-08 08:00:39 - [MESSAGE][PASSED] - Object: 'Object Repository/DIGITURNO/OPERACION/2Terminales/0Oficinas/td_1Bogota - CIEL' is clicked on

2024-04-08 08:00:39 - [TEST_STEP][PASSED] - delay(3): Delayed 3 second(s)

2024-04-08 08:00:42 - [MESSAGE][PASSED] - Delayed 3 second(s)

2024-04-08 08:00:42 - [TEST_STEP][PASSED] - click(findTestObject("DIGITURNO/OPERACION/2Terminales/0Terminales (Menos WorkFlow)/td_1 - Terminal - Informacion")): Object: 'Object Repository/DIGITURNO/OPERACION/2Terminales/0Terminales (Menos WorkFlow)/td_1 - Terminal - Informacion' is clicked on

2024-04-08 08:00:43 - [MESSAGE][PASSED] - Object: 'Object Repository/DIGITURNO/OPERACION/2Terminales/0Terminales (Menos WorkFlow)/td_1 - Terminal - Informacion' is clicked on

2024-04-08 08:00:43 - [TEST_STEP][PASSED] - delay(3): Delayed 3 second(s)

2024-04-08 08:00:46 - [MESSAGE][PASSED] - Delayed 3 second(s)

2024-04-08 08:00:46 - [TEST_STEP][PASSED] - switchToWindowIndex(1): Switched to window with index: '1'

2024-04-08 08:00:46 - [MESSAGE][PASSED] - Switched to window with index: '1'

2024-04-08 08:00:46 - [TEST_STEP][PASSED] - delay(3): Delayed 3 second(s)

2024-04-08 08:00:49 - [MESSAGE][PASSED] - Delayed 3 second(s)

2024-04-08 08:00:49 - [TEST_STEP][PASSED] - click(findTestObject("DIGITURNO/OPERACION/2Terminales/Terminal/img_Llamar")): Object: 'Object Repository/DIGITURNO/OPERACION/2Terminales/Terminal/img_Llamar' is clicked on

2024-04-08 08:00:49 - [MESSAGE][PASSED] - Object: 'Object Repository/DIGITURNO/OPERACION/2Terminales/Terminal/img_Llamar' is clicked on

2024-04-08 08:00:49 - [TEST_STEP][PASSED] - delay(3): Delayed 3 second(s)

2024-04-08 08:00:52 - [MESSAGE][PASSED] - Delayed 3 second(s)

2024-04-08 08:00:52 - [TEST_STEP][PASSED] - click(findTestObject("DIGITURNO/OPERACION/2Terminales/Terminal/img_Ocupado")): Object: 'Object Repository/DIGITURNO/OPERACION/2Terminales/Terminal/img_Ocupado' is clicked on

2024-04-08 08:00:53 - [MESSAGE][PASSED] - Object: 'Object Repository/DIGITURNO/OPERACION/2Terminales/Terminal/img_Ocupado' is clicked on

2024-04-08 08:00:53 - [TEST_STEP][PASSED] - delay(3): Delayed 3 second(s)

2024-04-08 08:00:56 - [MESSAGE][PASSED] - Delayed 3 second(s)

2024-04-08 08:00:56 - [TEST_STEP][PASSED] - click(findTestObject("DIGITURNO/OPERACION/2Terminales/Terminal/img_Ocupado(1)/a_1Actualizacion de Datos")): Object: 'Object Repository/DIGITURNO/OPERACION/2Terminales/Terminal/img_Ocupado(1)/a_1Actualizacion de Datos' is clicked on

2024-04-08 08:00:57 - [MESSAGE][PASSED] - Object: 'Object Repository/DIGITURNO/OPERACION/2Terminales/Terminal/img_Ocupado(1)/a_1Actualizacion de Datos' is clicked on

2024-04-08 08:00:57 - [TEST_STEP][PASSED] - delay(3): Delayed 3 second(s)

2024-04-08 08:01:00 - [MESSAGE][PASSED] - Delayed 3 second(s)

2024-04-08 08:01:00 - [TEST_STEP][PASSED] - click(findTestObject("DIGITURNO/OPERACION/2Terminales/Terminal/img_Transferir")): Object: 'Object Repository/DIGITURNO/OPERACION/2Terminales/Terminal/img_Transferir' is clicked on

2024-04-08 08:01:01 - [MESSAGE][PASSED] - Object: 'Object Repository/DIGITURNO/OPERACION/2Terminales/Terminal/img_Transferir' is clicked on

2024-04-08 08:01:01 - [TEST_STEP][PASSED] - delay(3): Delayed 3 second(s)

2024-04-08 08:01:04 - [MESSAGE][PASSED] - Delayed 3 second(s)

2024-04-08 08:01:04 - [TEST_STEP][PASSED] - click(findTestObject("DIGITURNO/OPERACION/2Terminales/Terminal/img_Tranferir(1)/a_CIEL - Sala General")): Object: 'Object Repository/DIGITURNO/OPERACION/2Terminales/Terminal/img_Tranferir(1)/a_CIEL - Sala General' is clicked on

2024-04-08 08:01:05 - [MESSAGE][PASSED] - Object: 'Object Repository/DIGITURNO/OPERACION/2Terminales/Terminal/img_Tranferir(1)/a_CIEL - Sala General' is clicked on

2024-04-08 08:01:05 - [TEST_STEP][PASSED] - delay(3): Delayed 3 second(s)

2024-04-08 08:01:08 - [MESSAGE][PASSED] - Delayed 3 second(s)

2024-04-08 08:01:08 - [TEST_STEP][PASSED] - selectOptionByIndex(findTestObject("DIGITURNO/OPERACION/2Terminales/Terminal/img_Tranferir(1)/img_Transferir(2)/select_HoraAgenda"), 1): All options with index in [1] are selected on object 'Object Repository/DIGITURNO/OPERACION/2Terminales/Terminal/img_Tranferir(1)/img_Transferir(2)/select_HoraAgenda'

2024-04-08 08:01:09 - [MESSAGE][PASSED] - All options with index in [1] are selected on object 'Object Repository/DIGITURNO/OPERACION/2Terminales/Terminal/img_Tranferir(1)/img_Transferir(2)/select_HoraAgenda'

2024-04-08 08:01:09 - [TEST_STEP][PASSED] - delay(3): Delayed 3 second(s)

2024-04-08 08:01:12 - [MESSAGE][PASSED] - Delayed 3 second(s)

2024-04-08 08:01:12 - [TEST_STEP][PASSED] - click(findTestObject("DIGITURNO/OPERACION/2Terminales/Terminal/img_Tranferir(1)/img_Transferir(2)/img_Transferir(3)/a_2PQRS")): Object: 'Object Repository/DIGITURNO/OPERACION/2Terminales/Terminal/img_Tranferir(1)/img_Transferir(2)/img_Transferir(3)/a_2PQRS' is clicked on

2024-04-08 08:01:13 - [MESSAGE][PASSED] - Object: 'Object Repository/DIGITURNO/OPERACION/2Terminales/Terminal/img_Tranferir(1)/img_Transferir(2)/img_Transferir(3)/a_2PQRS' is clicked on

2024-04-08 08:01:13 - [TEST_STEP][PASSED] - delay(3): Delayed 3 second(s)

2024-04-08 08:01:16 - [MESSAGE][PASSED] - Delayed 3 second(s)

2024-04-08 08:01:16 - [TEST_STEP][PASSED] - click(findTestObject("DIGITURNO/OPERACION/2Terminales/Terminal/img_Tranferir(1)/img_Transferir(2)/img_Transferir(3)/img_Transferir(4)/img_Aceptar")): Object: 'Object Repository/DIGITURNO/OPERACION/2Terminales/Terminal/img_Tranferir(1)/img_Transferir(2)/img_Transferir(3)/img_Transferir(4)/img_Aceptar' is clicked on

2024-04-08 08:01:16 - [MESSAGE][PASSED] - Object: 'Object Repository/DIGITURNO/OPERACION/2Terminales/Terminal/img_Tranferir(1)/img_Transferir(2)/img_Transferir(3)/img_Transferir(4)/img_Aceptar' is clicked on

2024-04-08 08:01:16 - [TEST_STEP][PASSED] - delay(3): Delayed 3 second(s)

2024-04-08 08:01:19 - [MESSAGE][PASSED] - Delayed 3 second(s)

2024-04-08 08:01:19 - [TEST_STEP][PASSED] - takeFullPageScreenshot(): Taking screenshot successfully

2024-04-08 08:01:20 - [MESSAGE][INFO] - 0 hidden object(s)

2024-04-08 08:01:20 - [MESSAGE][PASSED] - Taking screenshot successfully
[[ATTACHMENT|C:\\CIEL INGENIERIA\\Katalon\\Digiturno55\\Reports\\20240408_075042\\DIGITURNO\\OPERACION BASICA TERMINAL\\7 Transferir Turno\\20240408_075057\\1712581279994.png]]

2024-04-08 08:01:20 - [TEST_STEP][PASSED] - delay(3): Delayed 3 second(s)

2024-04-08 08:01:23 - [MESSAGE][PASSED] - Delayed 3 second(s)

2024-04-08 08:01:23 - [TEST_STEP][PASSED] - click(findTestObject("DIGITURNO/OPERACION/2Terminales/Terminal/img_Cerrar")): Object: 'Object Repository/DIGITURNO/OPERACION/2Terminales/Terminal/img_Cerrar' is clicked on

2024-04-08 08:01:23 - [MESSAGE][PASSED] - Object: 'Object Repository/DIGITURNO/OPERACION/2Terminales/Terminal/img_Cerrar' is clicked on

2024-04-08 08:01:23 - [TEST_STEP][PASSED] - delay(3): Delayed 3 second(s)

2024-04-08 08:01:26 - [MESSAGE][PASSED] - Delayed 3 second(s)

2024-04-08 08:01:26 - [TEST_STEP][PASSED] - click(findTestObject("DIGITURNO/OPERACION/2Terminales/Terminal/img_Cerrar(1)/btn_4FindeJornada_8")): Object: 'Object Repository/DIGITURNO/OPERACION/2Terminales/Terminal/img_Cerrar(1)/btn_4FindeJornada_8' is clicked on

2024-04-08 08:01:27 - [MESSAGE][PASSED] - Object: 'Object Repository/DIGITURNO/OPERACION/2Terminales/Terminal/img_Cerrar(1)/btn_4FindeJornada_8' is clicked on

2024-04-08 08:01:27 - [TEST_STEP][PASSED] - delay(3): Delayed 3 second(s)

2024-04-08 08:01:30 - [MESSAGE][PASSED] - Delayed 3 second(s)

2024-04-08 08:01:30 - [TEST_STEP][PASSED] - Start listener action : sampleAfterTestCase: null]]></system-out>
         <system-err><![CDATA[]]></system-err>
      </testcase>
      <system-out><![CDATA[2024-04-08 08:00:16 - [TEST_SUITE][PASSED] - 7 Transferir Turno: Test Cases/DIGITURNO/OPERACION BASICA TERMINAL/7 Transferir Turno]]></system-out>
      <system-err><![CDATA[]]></system-err>
   </testsuite>
</testsuites>
