<?xml version="1.0" encoding="UTF-8"?>
<testsuites name="10 Cambiar Tipo Terminal (Mantis 3525)" time="74.842" tests="1" failures="0" errors="0">
   <testsuite name="10 Cambiar Tipo Terminal (Mantis 3525)" tests="1" failures="0" errors="0" time="74.842" skipped="0" timestamp="2023-07-11 12:59:58" hostname="jdavila - PCPruebas101.ciel.cielingenieria.com" id="Test Suites/DIGITURNO/OPERACION BASICA/10 Cambiar Tipo Terminal (Mantis 3525)">
      <properties>
         <property name="deviceName" value=""/>
         <property name="devicePlatform" value=""/>
         <property name="logFolder" value="C:\\CIEL INGENIERIA\\Katalon\\Digiturno55\\Reports\\20230711_124537\\DIGITURNO\\OPERACION BASICA\\10 Cambiar Tipo Terminal (Mantis 3525)\\20230711_124604"/>
         <property name="logFiles" value="C:\\CIEL INGENIERIA\\Katalon\\Digiturno55\\Reports\\20230711_124537\\DIGITURNO\\OPERACION BASICA\\10 Cambiar Tipo Terminal (Mantis 3525)\\20230711_124604\\execution0.log"/>
         <property name="attachments" value="C:\\CIEL INGENIERIA\\Katalon\\Digiturno55\\Reports\\20230711_124537\\DIGITURNO\\OPERACION BASICA\\10 Cambiar Tipo Terminal (Mantis 3525)\\20230711_124604\\1689098447702.png, C:\\CIEL INGENIERIA\\Katalon\\Digiturno55\\Reports\\20230711_124537\\DIGITURNO\\OPERACION BASICA\\10 Cambiar Tipo Terminal (Mantis 3525)\\20230711_124604\\1689098456874.png, C:\\CIEL INGENIERIA\\Katalon\\Digiturno55\\Reports\\20230711_124537\\DIGITURNO\\OPERACION BASICA\\10 Cambiar Tipo Terminal (Mantis 3525)\\20230711_124604\\1689098466489.png, C:\\CIEL INGENIERIA\\Katalon\\Digiturno55\\Reports\\20230711_124537\\DIGITURNO\\OPERACION BASICA\\10 Cambiar Tipo Terminal (Mantis 3525)\\20230711_124604\\1689098470573.png"/>
         <property name="hostName" value="jdavila - PCPruebas101.ciel.cielingenieria.com"/>
         <property name="os" value="Windows 10 64bit"/>
         <property name="katalonVersion" value="8.6.0.208"/>
         <property name="browser" value="Chrome 114.0.0.0"/>
         <property name="hostAddress" value="192.168.0.33"/>
         <property name="sessionId" value="224e8de3eb133bc69cc43125d80c7ad8"/>
         <property name="seleniumVersion" value="3.141.59"/>
         <property name="proxyInformation" value="ProxyInformation { proxyOption=NO_PROXY, proxyServerType=HTTP, username=, password=********, proxyServerAddress=, proxyServerPort=0, executionList=&quot;&quot;, isApplyToDesiredCapabilities=true }"/>
         <property name="platform" value="Windows 10"/>
      </properties>
      <testcase name="Test Cases/DIGITURNO/OPERACION BASICA/10 Cambiar Tipo Terminal(mantis 3525)" time="74.623" classname="Test Cases/DIGITURNO/OPERACION BASICA/10 Cambiar Tipo Terminal(mantis 3525)" status="PASSED">
         <system-out><![CDATA[2023-07-11 12:59:58 - [TEST_CASE][PASSED] - Test Cases/DIGITURNO/OPERACION BASICA/10 Cambiar Tipo Terminal(mantis 3525): Test Cases/DIGITURNO/OPERACION BASICA/10 Cambiar Tipo Terminal(mantis 3525)

2023-07-11 12:59:58 - [TEST_STEP][PASSED] - callTestCase(findTestCase("0InicioSesion"), [:], STOP_ON_FAILURE): Call Test Case 'Test Cases/0InicioSesion' successfully

2023-07-11 12:59:58 - [TEST_CASE][PASSED] - Test Cases/0InicioSesion: Test Cases/0InicioSesion

2023-07-11 12:59:59 - [TEST_STEP][PASSED] - openBrowser(UrlDigiturno): Browser is opened with url: 'https://PCPruebas101.ciel.cielingenieria.com:8810'

2023-07-11 12:59:59 - [MESSAGE][INFO] - Starting 'Chrome' driver

2023-07-11 12:59:59 - [MESSAGE][INFO] - User set preference: ['args', '[--use-fake-ui-for-media-stream, --disable-notifications]']

2023-07-11 12:59:59 - [MESSAGE][INFO] - Action delay is set to 0 milliseconds

2023-07-11 13:00:01 - [MESSAGE][PASSED] - Browser is opened with url: 'https://PCPruebas101.ciel.cielingenieria.com:8810'

2023-07-11 13:00:01 - [TEST_STEP][PASSED] - maximizeWindow(): Current window maximized

2023-07-11 13:00:01 - [MESSAGE][PASSED] - Current window maximized

2023-07-11 13:00:01 - [TEST_STEP][PASSED] - delay(3): Delayed 3 second(s)

2023-07-11 13:00:04 - [MESSAGE][PASSED] - Delayed 3 second(s)

2023-07-11 13:00:04 - [TEST_STEP][PASSED] - setText(findTestObject("0Inicio Sesion/input_Usuario"), "Ciel"): Text 'Ciel' is set on object 'Object Repository/0Inicio Sesion/input_Usuario'

2023-07-11 13:00:05 - [MESSAGE][PASSED] - Text 'Ciel' is set on object 'Object Repository/0Inicio Sesion/input_Usuario'

2023-07-11 13:00:05 - [TEST_STEP][PASSED] - setText(findTestObject("0Inicio Sesion/input_Clave"), "digiturno"): Text 'digiturno' is set on object 'Object Repository/0Inicio Sesion/input_Clave'

2023-07-11 13:00:06 - [MESSAGE][PASSED] - Text 'digiturno' is set on object 'Object Repository/0Inicio Sesion/input_Clave'

2023-07-11 13:00:06 - [TEST_STEP][PASSED] - click(findTestObject("0Inicio Sesion/btn_IniciarSesion")): Object: 'Object Repository/0Inicio Sesion/btn_IniciarSesion' is clicked on

2023-07-11 13:00:06 - [MESSAGE][PASSED] - Object: 'Object Repository/0Inicio Sesion/btn_IniciarSesion' is clicked on

2023-07-11 13:00:06 - [TEST_STEP][PASSED] - delay(3): Delayed 3 second(s)

2023-07-11 13:00:09 - [MESSAGE][PASSED] - Delayed 3 second(s)

2023-07-11 13:00:09 - [MESSAGE][PASSED] - Call Test Case 'Test Cases/0InicioSesion' successfully

2023-07-11 13:00:09 - [TEST_STEP][PASSED] - comment("Eliminar los selectores de usuarios por terminal"): Eliminar los selectores de usuarios por terminal

2023-07-11 13:00:09 - [MESSAGE][INFO] - Eliminar los selectores de usuarios por terminal

2023-07-11 13:00:09 - [TEST_STEP][PASSED] - click(findTestObject("DIGITURNO/1Principal/img_Configuracion(1)")): Object: 'Object Repository/DIGITURNO/1Principal/img_Configuracion(1)' is clicked on

2023-07-11 13:00:10 - [MESSAGE][PASSED] - Object: 'Object Repository/DIGITURNO/1Principal/img_Configuracion(1)' is clicked on

2023-07-11 13:00:10 - [TEST_STEP][PASSED] - delay(3): Delayed 3 second(s)

2023-07-11 13:00:13 - [MESSAGE][PASSED] - Delayed 3 second(s)

2023-07-11 13:00:13 - [TEST_STEP][PASSED] - click(findTestObject("DIGITURNO/CONFIGURACION/0Principal/img_4Usuarios")): Object: 'Object Repository/DIGITURNO/CONFIGURACION/0Principal/img_4Usuarios' is clicked on

2023-07-11 13:00:13 - [MESSAGE][PASSED] - Object: 'Object Repository/DIGITURNO/CONFIGURACION/0Principal/img_4Usuarios' is clicked on

2023-07-11 13:00:13 - [TEST_STEP][PASSED] - delay(3): Delayed 3 second(s)

2023-07-11 13:00:16 - [MESSAGE][PASSED] - Delayed 3 second(s)

2023-07-11 13:00:16 - [TEST_STEP][PASSED] - click(findTestObject("DIGITURNO/CONFIGURACION/4Usuarios/0Principal/img_5Usuarios en Terminales")): Object: 'Object Repository/DIGITURNO/CONFIGURACION/4Usuarios/0Principal/img_5Usuarios en Terminales' is clicked on

2023-07-11 13:00:17 - [MESSAGE][PASSED] - Object: 'Object Repository/DIGITURNO/CONFIGURACION/4Usuarios/0Principal/img_5Usuarios en Terminales' is clicked on

2023-07-11 13:00:17 - [TEST_STEP][PASSED] - delay(3): Delayed 3 second(s)

2023-07-11 13:00:20 - [MESSAGE][PASSED] - Delayed 3 second(s)

2023-07-11 13:00:20 - [TEST_STEP][PASSED] - click(findTestObject("DIGITURNO/CONFIGURACION/4Usuarios/5Usuarios en Terminales/0Oficinas/Oficinas/td1_Bogota - CIEL")): Object: 'Object Repository/DIGITURNO/CONFIGURACION/4Usuarios/5Usuarios en Terminales/0Oficinas/Oficinas/td1_Bogota - CIEL' is clicked on

2023-07-11 13:00:21 - [MESSAGE][PASSED] - Object: 'Object Repository/DIGITURNO/CONFIGURACION/4Usuarios/5Usuarios en Terminales/0Oficinas/Oficinas/td1_Bogota - CIEL' is clicked on

2023-07-11 13:00:21 - [TEST_STEP][PASSED] - delay(2): Delayed 2 second(s)

2023-07-11 13:00:23 - [MESSAGE][PASSED] - Delayed 2 second(s)

2023-07-11 13:00:23 - [TEST_STEP][PASSED] - click(findTestObject("DIGITURNO/CONFIGURACION/4Usuarios/5Usuarios en Terminales/0Usuarios/td_1CIEL")): Object: 'Object Repository/DIGITURNO/CONFIGURACION/4Usuarios/5Usuarios en Terminales/0Usuarios/td_1CIEL' is clicked on

2023-07-11 13:00:23 - [MESSAGE][PASSED] - Object: 'Object Repository/DIGITURNO/CONFIGURACION/4Usuarios/5Usuarios en Terminales/0Usuarios/td_1CIEL' is clicked on

2023-07-11 13:00:23 - [TEST_STEP][PASSED] - delay(3): Delayed 3 second(s)

2023-07-11 13:00:26 - [MESSAGE][PASSED] - Delayed 3 second(s)

2023-07-11 13:00:26 - [TEST_STEP][PASSED] - click(findTestObject("DIGITURNO/CONFIGURACION/4Usuarios/5Usuarios en Terminales/Selectores y servidores por usuarios/Selectores asignados/a_SeleccionarTodo")): Object: 'Object Repository/DIGITURNO/CONFIGURACION/4Usuarios/5Usuarios en Terminales/Selectores y servidores por usuarios/Selectores asignados/a_SeleccionarTodo' is clicked on

2023-07-11 13:00:26 - [MESSAGE][PASSED] - Object: 'Object Repository/DIGITURNO/CONFIGURACION/4Usuarios/5Usuarios en Terminales/Selectores y servidores por usuarios/Selectores asignados/a_SeleccionarTodo' is clicked on

2023-07-11 13:00:26 - [TEST_STEP][PASSED] - delay(3): Delayed 3 second(s)

2023-07-11 13:00:29 - [MESSAGE][PASSED] - Delayed 3 second(s)

2023-07-11 13:00:29 - [TEST_STEP][PASSED] - click(findTestObject("DIGITURNO/CONFIGURACION/4Usuarios/5Usuarios en Terminales/Selectores y servidores por usuarios/img_Eliminar Selectores")): Object: 'Object Repository/DIGITURNO/CONFIGURACION/4Usuarios/5Usuarios en Terminales/Selectores y servidores por usuarios/img_Eliminar Selectores' is clicked on

2023-07-11 13:00:30 - [MESSAGE][PASSED] - Object: 'Object Repository/DIGITURNO/CONFIGURACION/4Usuarios/5Usuarios en Terminales/Selectores y servidores por usuarios/img_Eliminar Selectores' is clicked on

2023-07-11 13:00:30 - [TEST_STEP][PASSED] - acceptAlert(): Alert accepted

2023-07-11 13:00:30 - [MESSAGE][PASSED] - Alert accepted

2023-07-11 13:00:30 - [TEST_STEP][PASSED] - delay(3): Delayed 3 second(s)

2023-07-11 13:00:33 - [MESSAGE][PASSED] - Delayed 3 second(s)

2023-07-11 13:00:33 - [TEST_STEP][PASSED] - comment("Abrimos una terminal virtual para intentar cambiar tipo"): Abrimos una terminal virtual para intentar cambiar tipo

2023-07-11 13:00:33 - [MESSAGE][INFO] - Abrimos una terminal virtual para intentar cambiar tipo

2023-07-11 13:00:33 - [TEST_STEP][PASSED] - click(findTestObject("DIGITURNO/1Principal/img_ImageLogo")): Object: 'Object Repository/DIGITURNO/1Principal/img_ImageLogo' is clicked on

2023-07-11 13:00:34 - [MESSAGE][PASSED] - Object: 'Object Repository/DIGITURNO/1Principal/img_ImageLogo' is clicked on

2023-07-11 13:00:34 - [TEST_STEP][PASSED] - delay(3): Delayed 3 second(s)

2023-07-11 13:00:37 - [MESSAGE][PASSED] - Delayed 3 second(s)

2023-07-11 13:00:37 - [TEST_STEP][PASSED] - click(findTestObject("DIGITURNO/1Principal/img_Operacion(1)")): Object: 'Object Repository/DIGITURNO/1Principal/img_Operacion(1)' is clicked on

2023-07-11 13:00:37 - [MESSAGE][PASSED] - Object: 'Object Repository/DIGITURNO/1Principal/img_Operacion(1)' is clicked on

2023-07-11 13:00:37 - [TEST_STEP][PASSED] - delay(3): Delayed 3 second(s)

2023-07-11 13:00:40 - [MESSAGE][PASSED] - Delayed 3 second(s)

2023-07-11 13:00:40 - [TEST_STEP][PASSED] - click(findTestObject("DIGITURNO/OPERACION/0Principal/Elementos del Sistema/img_Terminales")): Object: 'Object Repository/DIGITURNO/OPERACION/0Principal/Elementos del Sistema/img_Terminales' is clicked on

2023-07-11 13:00:41 - [MESSAGE][PASSED] - Object: 'Object Repository/DIGITURNO/OPERACION/0Principal/Elementos del Sistema/img_Terminales' is clicked on

2023-07-11 13:00:41 - [TEST_STEP][PASSED] - delay(3): Delayed 3 second(s)

2023-07-11 13:00:44 - [MESSAGE][PASSED] - Delayed 3 second(s)

2023-07-11 13:00:44 - [TEST_STEP][PASSED] - click(findTestObject("DIGITURNO/OPERACION/2Terminales/0Oficinas/td_1Bogota - CIEL")): Object: 'Object Repository/DIGITURNO/OPERACION/2Terminales/0Oficinas/td_1Bogota - CIEL' is clicked on

2023-07-11 13:00:44 - [MESSAGE][PASSED] - Object: 'Object Repository/DIGITURNO/OPERACION/2Terminales/0Oficinas/td_1Bogota - CIEL' is clicked on

2023-07-11 13:00:44 - [TEST_STEP][PASSED] - delay(3): Delayed 3 second(s)

2023-07-11 13:00:47 - [MESSAGE][PASSED] - Delayed 3 second(s)

2023-07-11 13:00:47 - [TEST_STEP][PASSED] - takeFullPageScreenshot(): Taking screenshot successfully

2023-07-11 13:00:48 - [MESSAGE][INFO] - 0 hidden object(s)

2023-07-11 13:00:48 - [MESSAGE][PASSED] - Taking screenshot successfully
[[ATTACHMENT|C:\\CIEL INGENIERIA\\Katalon\\Digiturno55\\Reports\\20230711_124537\\DIGITURNO\\OPERACION BASICA\\10 Cambiar Tipo Terminal (Mantis 3525)\\20230711_124604\\1689098447702.png]]

2023-07-11 13:00:48 - [TEST_STEP][PASSED] - delay(3): Delayed 3 second(s)

2023-07-11 13:00:51 - [MESSAGE][PASSED] - Delayed 3 second(s)

2023-07-11 13:00:51 - [TEST_STEP][PASSED] - click(findTestObject("DIGITURNO/OPERACION/2Terminales/0Terminales (Menos WorkFlow)/td_3 - Terminal - Radicaciones")): Object: 'Object Repository/DIGITURNO/OPERACION/2Terminales/0Terminales (Menos WorkFlow)/td_3 - Terminal - Radicaciones' is clicked on

2023-07-11 13:00:51 - [MESSAGE][PASSED] - Object: 'Object Repository/DIGITURNO/OPERACION/2Terminales/0Terminales (Menos WorkFlow)/td_3 - Terminal - Radicaciones' is clicked on

2023-07-11 13:00:51 - [TEST_STEP][PASSED] - delay(3): Delayed 3 second(s)

2023-07-11 13:00:54 - [MESSAGE][PASSED] - Delayed 3 second(s)

2023-07-11 13:00:54 - [TEST_STEP][PASSED] - switchToWindowIndex(1): Switched to window with index: '1'

2023-07-11 13:00:54 - [MESSAGE][PASSED] - Switched to window with index: '1'

2023-07-11 13:00:54 - [TEST_STEP][PASSED] - delay(2): Delayed 2 second(s)

2023-07-11 13:00:56 - [MESSAGE][PASSED] - Delayed 2 second(s)

2023-07-11 13:00:56 - [TEST_STEP][PASSED] - takeFullPageScreenshot(): Taking screenshot successfully

2023-07-11 13:00:57 - [MESSAGE][INFO] - 0 hidden object(s)

2023-07-11 13:00:57 - [MESSAGE][PASSED] - Taking screenshot successfully
[[ATTACHMENT|C:\\CIEL INGENIERIA\\Katalon\\Digiturno55\\Reports\\20230711_124537\\DIGITURNO\\OPERACION BASICA\\10 Cambiar Tipo Terminal (Mantis 3525)\\20230711_124604\\1689098456874.png]]

2023-07-11 13:00:57 - [TEST_STEP][PASSED] - delay(2): Delayed 2 second(s)

2023-07-11 13:00:59 - [MESSAGE][PASSED] - Delayed 2 second(s)

2023-07-11 13:00:59 - [TEST_STEP][PASSED] - click(findTestObject("DIGITURNO/OPERACION/2Terminales/Terminal/img_Cerrar")): Object: 'Object Repository/DIGITURNO/OPERACION/2Terminales/Terminal/img_Cerrar' is clicked on

2023-07-11 13:01:00 - [MESSAGE][PASSED] - Object: 'Object Repository/DIGITURNO/OPERACION/2Terminales/Terminal/img_Cerrar' is clicked on

2023-07-11 13:01:00 - [TEST_STEP][PASSED] - delay(3): Delayed 3 second(s)

2023-07-11 13:01:03 - [MESSAGE][PASSED] - Delayed 3 second(s)

2023-07-11 13:01:03 - [TEST_STEP][PASSED] - click(findTestObject("DIGITURNO/OPERACION/2Terminales/Terminal/img_Cerrar(1)/btn_4FindeJornada_8")): Object: 'Object Repository/DIGITURNO/OPERACION/2Terminales/Terminal/img_Cerrar(1)/btn_4FindeJornada_8' is clicked on

2023-07-11 13:01:03 - [MESSAGE][PASSED] - Object: 'Object Repository/DIGITURNO/OPERACION/2Terminales/Terminal/img_Cerrar(1)/btn_4FindeJornada_8' is clicked on

2023-07-11 13:01:03 - [TEST_STEP][PASSED] - delay(3): Delayed 3 second(s)

2023-07-11 13:01:06 - [MESSAGE][PASSED] - Delayed 3 second(s)

2023-07-11 13:01:06 - [TEST_STEP][PASSED] - takeFullPageScreenshot(): Taking screenshot successfully

2023-07-11 13:01:06 - [MESSAGE][INFO] - 0 hidden object(s)

2023-07-11 13:01:07 - [MESSAGE][PASSED] - Taking screenshot successfully
[[ATTACHMENT|C:\\CIEL INGENIERIA\\Katalon\\Digiturno55\\Reports\\20230711_124537\\DIGITURNO\\OPERACION BASICA\\10 Cambiar Tipo Terminal (Mantis 3525)\\20230711_124604\\1689098466489.png]]

2023-07-11 13:01:07 - [TEST_STEP][PASSED] - delay(2): Delayed 2 second(s)

2023-07-11 13:01:09 - [MESSAGE][PASSED] - Delayed 2 second(s)

2023-07-11 13:01:09 - [TEST_STEP][PASSED] - click(findTestObject("DIGITURNO/OPERACION/2Terminales/Terminal Inactiva/a_Cambiar tipo")): Object: 'Object Repository/DIGITURNO/OPERACION/2Terminales/Terminal Inactiva/a_Cambiar tipo' is clicked on

2023-07-11 13:01:09 - [MESSAGE][PASSED] - Object: 'Object Repository/DIGITURNO/OPERACION/2Terminales/Terminal Inactiva/a_Cambiar tipo' is clicked on

2023-07-11 13:01:09 - [TEST_STEP][PASSED] - delay(1): Delayed 1 second(s)

2023-07-11 13:01:10 - [MESSAGE][PASSED] - Delayed 1 second(s)

2023-07-11 13:01:10 - [TEST_STEP][PASSED] - takeFullPageScreenshot(): Taking screenshot successfully

2023-07-11 13:01:10 - [MESSAGE][INFO] - 0 hidden object(s)

2023-07-11 13:01:11 - [MESSAGE][PASSED] - Taking screenshot successfully
[[ATTACHMENT|C:\\CIEL INGENIERIA\\Katalon\\Digiturno55\\Reports\\20230711_124537\\DIGITURNO\\OPERACION BASICA\\10 Cambiar Tipo Terminal (Mantis 3525)\\20230711_124604\\1689098470573.png]]

2023-07-11 13:01:11 - [TEST_STEP][PASSED] - delay(2): Delayed 2 second(s)

2023-07-11 13:01:13 - [MESSAGE][PASSED] - Delayed 2 second(s)

2023-07-11 13:01:13 - [TEST_STEP][PASSED] - Start listener action : sampleAfterTestCase: null]]></system-out>
         <system-err><![CDATA[]]></system-err>
      </testcase>
      <system-out><![CDATA[2023-07-11 12:59:58 - [TEST_SUITE][PASSED] - 10 Cambiar Tipo Terminal (Mantis 3525): Test Cases/DIGITURNO/OPERACION BASICA/10 Cambiar Tipo Terminal(mantis 3525)]]></system-out>
      <system-err><![CDATA[]]></system-err>
   </testsuite>
</testsuites>
