<?xml version="1.0" encoding="UTF-8"?>
<testsuites name="35 Usuarios por Terminales" time="44.707" tests="1" failures="0" errors="0">
   <testsuite name="35 Usuarios por Terminales" tests="1" failures="0" errors="0" time="44.707" skipped="0" timestamp="2024-04-08 09:36:21" hostname="jdavila - PCPruebas101.ciel.cielingenieria.com" id="Test Suites/DIGITURNO/BASICO/35 Usuarios por Terminales">
      <properties>
         <property name="deviceName" value=""/>
         <property name="devicePlatform" value=""/>
         <property name="logFolder" value="C:\\CIEL INGENIERIA\\Katalon\\Digiturno55\\Reports\\20240408_090839\\DIGITURNO\\BASICO\\35 Usuarios por Terminales\\20240408_090919"/>
         <property name="logFiles" value="C:\\CIEL INGENIERIA\\Katalon\\Digiturno55\\Reports\\20240408_090839\\DIGITURNO\\BASICO\\35 Usuarios por Terminales\\20240408_090919\\execution0.log"/>
         <property name="attachments" value="C:\\CIEL INGENIERIA\\Katalon\\Digiturno55\\Reports\\20240408_090839\\DIGITURNO\\BASICO\\35 Usuarios por Terminales\\20240408_090919\\1712587002994.png, C:\\CIEL INGENIERIA\\Katalon\\Digiturno55\\Reports\\20240408_090839\\DIGITURNO\\BASICO\\35 Usuarios por Terminales\\20240408_090919\\1712587022342.png"/>
         <property name="hostName" value="jdavila - PCPruebas101.ciel.cielingenieria.com"/>
         <property name="os" value="Windows 10 64bit"/>
         <property name="katalonVersion" value="8.6.9.208"/>
         <property name="browser" value="Chrome 123.0.0.0"/>
         <property name="hostAddress" value="192.168.0.6"/>
         <property name="sessionId" value="7b5bdf61958d06e604c6ef1cd454ee44"/>
         <property name="seleniumVersion" value="3.141.59"/>
         <property name="proxyInformation" value="ProxyInformation { proxyOption=NO_PROXY, proxyServerType=HTTP, username=, password=********, proxyServerAddress=, proxyServerPort=0, executionList=&quot;&quot;, isApplyToDesiredCapabilities=true }"/>
         <property name="platform" value="Windows 10"/>
      </properties>
      <testcase name="Test Cases/DIGITURNO/BASICO/35 Usuarios por Terminales" time="44.466" classname="Test Cases/DIGITURNO/BASICO/35 Usuarios por Terminales" status="PASSED">
         <system-out><![CDATA[2024-04-08 09:36:21 - [TEST_CASE][PASSED] - Test Cases/DIGITURNO/BASICO/35 Usuarios por Terminales: Test Cases/DIGITURNO/BASICO/35 Usuarios por Terminales

2024-04-08 09:36:22 - [TEST_STEP][PASSED] - callTestCase(findTestCase("DIGITURNO/BASICO/5 Usuarios"), [:], STOP_ON_FAILURE): Call Test Case 'Test Cases/DIGITURNO/BASICO/5 Usuarios' successfully

2024-04-08 09:36:22 - [TEST_CASE][PASSED] - Test Cases/DIGITURNO/BASICO/5 Usuarios: Test Cases/DIGITURNO/BASICO/5 Usuarios

2024-04-08 09:36:22 - [TEST_STEP][PASSED] - callTestCase(findTestCase("0InicioSesion"), [:], STOP_ON_FAILURE): Call Test Case 'Test Cases/0InicioSesion' successfully

2024-04-08 09:36:22 - [TEST_CASE][PASSED] - Test Cases/0InicioSesion: Test Cases/0InicioSesion

2024-04-08 09:36:22 - [TEST_STEP][PASSED] - openBrowser(UrlDigiturno): Browser is opened with url: 'https://PCPruebas101.ciel.cielingenieria.com:8910'

2024-04-08 09:36:23 - [MESSAGE][INFO] - Starting 'Chrome' driver

2024-04-08 09:36:23 - [MESSAGE][INFO] - User set preference: ['args', '[--use-fake-ui-for-media-stream, --disable-notifications]']

2024-04-08 09:36:23 - [MESSAGE][INFO] - Action delay is set to 0 milliseconds

2024-04-08 09:36:27 - [MESSAGE][PASSED] - Browser is opened with url: 'https://PCPruebas101.ciel.cielingenieria.com:8910'

2024-04-08 09:36:27 - [TEST_STEP][PASSED] - maximizeWindow(): Current window maximized

2024-04-08 09:36:27 - [MESSAGE][PASSED] - Current window maximized

2024-04-08 09:36:27 - [TEST_STEP][PASSED] - delay(3): Delayed 3 second(s)

2024-04-08 09:36:30 - [MESSAGE][PASSED] - Delayed 3 second(s)

2024-04-08 09:36:30 - [TEST_STEP][PASSED] - setText(findTestObject("0Inicio Sesion/input_Usuario"), "Ciel"): Text 'Ciel' is set on object 'Object Repository/0Inicio Sesion/input_Usuario'

2024-04-08 09:36:31 - [MESSAGE][PASSED] - Text 'Ciel' is set on object 'Object Repository/0Inicio Sesion/input_Usuario'

2024-04-08 09:36:31 - [TEST_STEP][PASSED] - setText(findTestObject("0Inicio Sesion/input_Clave"), "digiturno"): Text 'digiturno' is set on object 'Object Repository/0Inicio Sesion/input_Clave'

2024-04-08 09:36:31 - [MESSAGE][PASSED] - Text 'digiturno' is set on object 'Object Repository/0Inicio Sesion/input_Clave'

2024-04-08 09:36:31 - [TEST_STEP][PASSED] - click(findTestObject("0Inicio Sesion/btn_IniciarSesion")): Object: 'Object Repository/0Inicio Sesion/btn_IniciarSesion' is clicked on

2024-04-08 09:36:32 - [MESSAGE][PASSED] - Object: 'Object Repository/0Inicio Sesion/btn_IniciarSesion' is clicked on

2024-04-08 09:36:32 - [TEST_STEP][PASSED] - delay(3): Delayed 3 second(s)

2024-04-08 09:36:35 - [MESSAGE][PASSED] - Delayed 3 second(s)

2024-04-08 09:36:35 - [MESSAGE][PASSED] - Call Test Case 'Test Cases/0InicioSesion' successfully

2024-04-08 09:36:35 - [TEST_STEP][PASSED] - click(findTestObject("DIGITURNO/1Principal/img_Configuracion(1)")): Object: 'Object Repository/DIGITURNO/1Principal/img_Configuracion(1)' is clicked on

2024-04-08 09:36:36 - [MESSAGE][PASSED] - Object: 'Object Repository/DIGITURNO/1Principal/img_Configuracion(1)' is clicked on

2024-04-08 09:36:36 - [TEST_STEP][PASSED] - delay(3): Delayed 3 second(s)

2024-04-08 09:36:39 - [MESSAGE][PASSED] - Delayed 3 second(s)

2024-04-08 09:36:39 - [TEST_STEP][PASSED] - click(findTestObject("DIGITURNO/CONFIGURACION/0Principal/img_4Usuarios")): Object: 'Object Repository/DIGITURNO/CONFIGURACION/0Principal/img_4Usuarios' is clicked on

2024-04-08 09:36:39 - [MESSAGE][PASSED] - Object: 'Object Repository/DIGITURNO/CONFIGURACION/0Principal/img_4Usuarios' is clicked on

2024-04-08 09:36:39 - [TEST_STEP][PASSED] - delay(3): Delayed 3 second(s)

2024-04-08 09:36:42 - [MESSAGE][PASSED] - Delayed 3 second(s)

2024-04-08 09:36:42 - [TEST_STEP][PASSED] - takeFullPageScreenshot(STOP_ON_FAILURE): Taking screenshot successfully

2024-04-08 09:36:43 - [MESSAGE][INFO] - 0 hidden object(s)

2024-04-08 09:36:43 - [MESSAGE][PASSED] - Taking screenshot successfully
[[ATTACHMENT|C:\\CIEL INGENIERIA\\Katalon\\Digiturno55\\Reports\\20240408_090839\\DIGITURNO\\BASICO\\35 Usuarios por Terminales\\20240408_090919\\1712587002994.png]]

2024-04-08 09:36:43 - [TEST_STEP][PASSED] - delay(3): Delayed 3 second(s)

2024-04-08 09:36:46 - [MESSAGE][PASSED] - Delayed 3 second(s)

2024-04-08 09:36:46 - [MESSAGE][PASSED] - Call Test Case 'Test Cases/DIGITURNO/BASICO/5 Usuarios' successfully

2024-04-08 09:36:46 - [TEST_STEP][PASSED] - click(findTestObject("DIGITURNO/CONFIGURACION/4Usuarios/0Principal/img_5Usuarios en Terminales")): Object: 'Object Repository/DIGITURNO/CONFIGURACION/4Usuarios/0Principal/img_5Usuarios en Terminales' is clicked on

2024-04-08 09:36:47 - [MESSAGE][PASSED] - Object: 'Object Repository/DIGITURNO/CONFIGURACION/4Usuarios/0Principal/img_5Usuarios en Terminales' is clicked on

2024-04-08 09:36:47 - [TEST_STEP][PASSED] - delay(3): Delayed 3 second(s)

2024-04-08 09:36:50 - [MESSAGE][PASSED] - Delayed 3 second(s)

2024-04-08 09:36:50 - [TEST_STEP][PASSED] - click(findTestObject("DIGITURNO/CONFIGURACION/4Usuarios/5Usuarios en Terminales/0Oficinas/Oficinas/td1_Bogota - CIEL")): Object: 'Object Repository/DIGITURNO/CONFIGURACION/4Usuarios/5Usuarios en Terminales/0Oficinas/Oficinas/td1_Bogota - CIEL' is clicked on

2024-04-08 09:36:50 - [MESSAGE][PASSED] - Object: 'Object Repository/DIGITURNO/CONFIGURACION/4Usuarios/5Usuarios en Terminales/0Oficinas/Oficinas/td1_Bogota - CIEL' is clicked on

2024-04-08 09:36:50 - [TEST_STEP][PASSED] - delay(2): Delayed 2 second(s)

2024-04-08 09:36:52 - [MESSAGE][PASSED] - Delayed 2 second(s)

2024-04-08 09:36:52 - [TEST_STEP][PASSED] - click(findTestObject("DIGITURNO/CONFIGURACION/4Usuarios/5Usuarios en Terminales/0Usuarios/td_1CIEL")): Object: 'Object Repository/DIGITURNO/CONFIGURACION/4Usuarios/5Usuarios en Terminales/0Usuarios/td_1CIEL' is clicked on

2024-04-08 09:36:53 - [MESSAGE][PASSED] - Object: 'Object Repository/DIGITURNO/CONFIGURACION/4Usuarios/5Usuarios en Terminales/0Usuarios/td_1CIEL' is clicked on

2024-04-08 09:36:53 - [TEST_STEP][PASSED] - delay(2): Delayed 2 second(s)

2024-04-08 09:36:55 - [MESSAGE][PASSED] - Delayed 2 second(s)

2024-04-08 09:36:55 - [TEST_STEP][PASSED] - click(findTestObject("DIGITURNO/CONFIGURACION/4Usuarios/5Usuarios en Terminales/Selectores Disponibles/a_SeleccionarTodo")): Object: 'Object Repository/DIGITURNO/CONFIGURACION/4Usuarios/5Usuarios en Terminales/Selectores Disponibles/a_SeleccionarTodo' is clicked on

2024-04-08 09:36:55 - [MESSAGE][PASSED] - Object: 'Object Repository/DIGITURNO/CONFIGURACION/4Usuarios/5Usuarios en Terminales/Selectores Disponibles/a_SeleccionarTodo' is clicked on

2024-04-08 09:36:55 - [TEST_STEP][PASSED] - click(findTestObject("DIGITURNO/CONFIGURACION/4Usuarios/5Usuarios en Terminales/Selectores Disponibles/img_Agregar Selectores")): Object: 'Object Repository/DIGITURNO/CONFIGURACION/4Usuarios/5Usuarios en Terminales/Selectores Disponibles/img_Agregar Selectores' is clicked on

2024-04-08 09:36:56 - [MESSAGE][PASSED] - Object: 'Object Repository/DIGITURNO/CONFIGURACION/4Usuarios/5Usuarios en Terminales/Selectores Disponibles/img_Agregar Selectores' is clicked on

2024-04-08 09:36:56 - [TEST_STEP][PASSED] - delay(2): Delayed 2 second(s)

2024-04-08 09:36:58 - [MESSAGE][PASSED] - Delayed 2 second(s)

2024-04-08 09:36:58 - [TEST_STEP][PASSED] - click(findTestObject("DIGITURNO/CONFIGURACION/4Usuarios/5Usuarios en Terminales/Terminales Disponibles/a_SeleccionarTodo")): Object: 'Object Repository/DIGITURNO/CONFIGURACION/4Usuarios/5Usuarios en Terminales/Terminales Disponibles/a_SeleccionarTodo' is clicked on

2024-04-08 09:36:58 - [MESSAGE][PASSED] - Object: 'Object Repository/DIGITURNO/CONFIGURACION/4Usuarios/5Usuarios en Terminales/Terminales Disponibles/a_SeleccionarTodo' is clicked on

2024-04-08 09:36:58 - [TEST_STEP][PASSED] - click(findTestObject("DIGITURNO/CONFIGURACION/4Usuarios/5Usuarios en Terminales/Terminales Disponibles/img_Agregar Terminales")): Object: 'Object Repository/DIGITURNO/CONFIGURACION/4Usuarios/5Usuarios en Terminales/Terminales Disponibles/img_Agregar Terminales' is clicked on

2024-04-08 09:36:59 - [MESSAGE][PASSED] - Object: 'Object Repository/DIGITURNO/CONFIGURACION/4Usuarios/5Usuarios en Terminales/Terminales Disponibles/img_Agregar Terminales' is clicked on

2024-04-08 09:36:59 - [TEST_STEP][PASSED] - delay(3): Delayed 3 second(s)

2024-04-08 09:37:02 - [MESSAGE][PASSED] - Delayed 3 second(s)

2024-04-08 09:37:02 - [TEST_STEP][PASSED] - takeFullPageScreenshot(): Taking screenshot successfully

2024-04-08 09:37:02 - [MESSAGE][INFO] - 0 hidden object(s)

2024-04-08 09:37:03 - [MESSAGE][PASSED] - Taking screenshot successfully
[[ATTACHMENT|C:\\CIEL INGENIERIA\\Katalon\\Digiturno55\\Reports\\20240408_090839\\DIGITURNO\\BASICO\\35 Usuarios por Terminales\\20240408_090919\\1712587022342.png]]

2024-04-08 09:37:03 - [TEST_STEP][PASSED] - delay(3): Delayed 3 second(s)

2024-04-08 09:37:06 - [MESSAGE][PASSED] - Delayed 3 second(s)

2024-04-08 09:37:06 - [TEST_STEP][PASSED] - Start listener action : sampleAfterTestCase: null]]></system-out>
         <system-err><![CDATA[]]></system-err>
      </testcase>
      <system-out><![CDATA[2024-04-08 09:36:21 - [TEST_SUITE][PASSED] - 35 Usuarios por Terminales: Test Cases/DIGITURNO/BASICO/35 Usuarios por Terminales]]></system-out>
      <system-err><![CDATA[]]></system-err>
   </testsuite>
</testsuites>
