<?xml version="1.0" encoding="UTF-8"?>
<testsuites name="55 Tableros Crear Actualizar Eliminar" time="138.303" tests="3" failures="0" errors="0">
   <testsuite name="55 Tableros Crear Actualizar Eliminar" tests="3" failures="0" errors="0" time="138.303" skipped="0" timestamp="2024-10-03 17:50:04" hostname="jdavila - PCPruebas101.ciel.cielingenieria.com" id="Test Suites/DIGITURNO/BASICO/55 Tableros Crear Actualizar Eliminar">
      <properties>
         <property name="deviceName" value=""/>
         <property name="devicePlatform" value=""/>
         <property name="logFolder" value="C:\\CIEL INGENIERIA\\Katalon\\Digiturno55\\Reports\\20241003_171202\\DIGITURNO\\BASICO\\55 Tableros Crear Actualizar Eliminar\\20241003_171305"/>
         <property name="logFiles" value="C:\\CIEL INGENIERIA\\Katalon\\Digiturno55\\Reports\\20241003_171202\\DIGITURNO\\BASICO\\55 Tableros Crear Actualizar Eliminar\\20241003_171305\\execution0.log"/>
         <property name="attachments" value="C:\\CIEL INGENIERIA\\Katalon\\Digiturno55\\Reports\\20241003_171202\\DIGITURNO\\BASICO\\55 Tableros Crear Actualizar Eliminar\\20241003_171305\\1727995822004.png, C:\\CIEL INGENIERIA\\Katalon\\Digiturno55\\Reports\\20241003_171202\\DIGITURNO\\BASICO\\55 Tableros Crear Actualizar Eliminar\\20241003_171305\\1727995829231.png, C:\\CIEL INGENIERIA\\Katalon\\Digiturno55\\Reports\\20241003_171202\\DIGITURNO\\BASICO\\55 Tableros Crear Actualizar Eliminar\\20241003_171305\\1727995849955.png, C:\\CIEL INGENIERIA\\Katalon\\Digiturno55\\Reports\\20241003_171202\\DIGITURNO\\BASICO\\55 Tableros Crear Actualizar Eliminar\\20241003_171305\\1727995869065.png, C:\\CIEL INGENIERIA\\Katalon\\Digiturno55\\Reports\\20241003_171202\\DIGITURNO\\BASICO\\55 Tableros Crear Actualizar Eliminar\\20241003_171305\\1727995876109.png, C:\\CIEL INGENIERIA\\Katalon\\Digiturno55\\Reports\\20241003_171202\\DIGITURNO\\BASICO\\55 Tableros Crear Actualizar Eliminar\\20241003_171305\\1727995895053.png, C:\\CIEL INGENIERIA\\Katalon\\Digiturno55\\Reports\\20241003_171202\\DIGITURNO\\BASICO\\55 Tableros Crear Actualizar Eliminar\\20241003_171305\\1727995913990.png, C:\\CIEL INGENIERIA\\Katalon\\Digiturno55\\Reports\\20241003_171202\\DIGITURNO\\BASICO\\55 Tableros Crear Actualizar Eliminar\\20241003_171305\\1727995921035.png, C:\\CIEL INGENIERIA\\Katalon\\Digiturno55\\Reports\\20241003_171202\\DIGITURNO\\BASICO\\55 Tableros Crear Actualizar Eliminar\\20241003_171305\\1727995939495.png"/>
         <property name="hostName" value="jdavila - PCPruebas101.ciel.cielingenieria.com"/>
         <property name="os" value="Windows 10 64bit"/>
         <property name="katalonVersion" value="8.6.9.208"/>
         <property name="browser" value="Chrome 129.0.0.0"/>
         <property name="hostAddress" value="192.168.91.13"/>
         <property name="sessionId" value="9cc3d06c3d1adcac75d79be97aa16849"/>
         <property name="seleniumVersion" value="3.141.59"/>
         <property name="proxyInformation" value="ProxyInformation { proxyOption=NO_PROXY, proxyServerType=HTTP, username=, password=********, proxyServerAddress=, proxyServerPort=0, executionList=&quot;&quot;, isApplyToDesiredCapabilities=true }"/>
         <property name="platform" value="Windows 10"/>
      </properties>
      <testcase name="Test Cases/DIGITURNO/BASICO/55 Tableros Crear" time="48.574" classname="Test Cases/DIGITURNO/BASICO/55 Tableros Crear" status="PASSED">
         <system-out><![CDATA[2024-10-03 17:50:05 - [TEST_CASE][PASSED] - Test Cases/DIGITURNO/BASICO/55 Tableros Crear: Test Cases/DIGITURNO/BASICO/55 Tableros Crear

2024-10-03 17:50:05 - [TEST_STEP][PASSED] - callTestCase(findTestCase("DIGITURNO/BASICO/32 Elementos del Sistema"), [:], STOP_ON_FAILURE): Call Test Case 'Test Cases/DIGITURNO/BASICO/32 Elementos del Sistema' successfully

2024-10-03 17:50:05 - [TEST_CASE][PASSED] - Test Cases/DIGITURNO/BASICO/32 Elementos del Sistema: Test Cases/DIGITURNO/BASICO/32 Elementos del Sistema

2024-10-03 17:50:06 - [TEST_STEP][PASSED] - callTestCase(findTestCase("DIGITURNO/BASICO/3 Configuracion"), [:], STOP_ON_FAILURE): Call Test Case 'Test Cases/DIGITURNO/BASICO/3 Configuracion' successfully

2024-10-03 17:50:06 - [TEST_CASE][PASSED] - Test Cases/DIGITURNO/BASICO/3 Configuracion: Test Cases/DIGITURNO/BASICO/3 Configuracion

2024-10-03 17:50:06 - [TEST_STEP][PASSED] - callTestCase(findTestCase("0InicioSesion"), [:], STOP_ON_FAILURE): Call Test Case 'Test Cases/0InicioSesion' successfully

2024-10-03 17:50:06 - [TEST_CASE][PASSED] - Test Cases/0InicioSesion: Test Cases/0InicioSesion

2024-10-03 17:50:06 - [TEST_STEP][PASSED] - openBrowser(UrlDigiturno): Browser is opened with url: 'https://PCPruebas101.ciel.cielingenieria.com:8910'

2024-10-03 17:50:07 - [MESSAGE][INFO] - Starting 'Chrome' driver

2024-10-03 17:50:07 - [MESSAGE][INFO] - User set preference: ['args', '[--use-fake-ui-for-media-stream, --disable-notifications]']

2024-10-03 17:50:07 - [MESSAGE][INFO] - Action delay is set to 0 milliseconds

2024-10-03 17:50:10 - [MESSAGE][PASSED] - Browser is opened with url: 'https://PCPruebas101.ciel.cielingenieria.com:8910'

2024-10-03 17:50:10 - [TEST_STEP][PASSED] - maximizeWindow(): Current window maximized

2024-10-03 17:50:10 - [MESSAGE][PASSED] - Current window maximized

2024-10-03 17:50:10 - [TEST_STEP][PASSED] - delay(3): Delayed 3 second(s)

2024-10-03 17:50:13 - [MESSAGE][PASSED] - Delayed 3 second(s)

2024-10-03 17:50:13 - [TEST_STEP][PASSED] - setText(findTestObject("0Inicio Sesion/input_Usuario"), "Ciel"): Text 'Ciel' is set on object 'Object Repository/0Inicio Sesion/input_Usuario'

2024-10-03 17:50:14 - [MESSAGE][PASSED] - Text 'Ciel' is set on object 'Object Repository/0Inicio Sesion/input_Usuario'

2024-10-03 17:50:14 - [TEST_STEP][PASSED] - setText(findTestObject("0Inicio Sesion/input_Clave"), "digiturno"): Text 'digiturno' is set on object 'Object Repository/0Inicio Sesion/input_Clave'

2024-10-03 17:50:14 - [MESSAGE][PASSED] - Text 'digiturno' is set on object 'Object Repository/0Inicio Sesion/input_Clave'

2024-10-03 17:50:14 - [TEST_STEP][PASSED] - click(findTestObject("0Inicio Sesion/btn_IniciarSesion")): Object: 'Object Repository/0Inicio Sesion/btn_IniciarSesion' is clicked on

2024-10-03 17:50:15 - [MESSAGE][PASSED] - Object: 'Object Repository/0Inicio Sesion/btn_IniciarSesion' is clicked on

2024-10-03 17:50:15 - [TEST_STEP][PASSED] - delay(3): Delayed 3 second(s)

2024-10-03 17:50:18 - [MESSAGE][PASSED] - Delayed 3 second(s)

2024-10-03 17:50:18 - [MESSAGE][PASSED] - Call Test Case 'Test Cases/0InicioSesion' successfully

2024-10-03 17:50:18 - [TEST_STEP][PASSED] - click(findTestObject("DIGITURNO/1Principal/img_Configuracion(1)")): Object: 'Object Repository/DIGITURNO/1Principal/img_Configuracion(1)' is clicked on

2024-10-03 17:50:18 - [MESSAGE][PASSED] - Object: 'Object Repository/DIGITURNO/1Principal/img_Configuracion(1)' is clicked on

2024-10-03 17:50:18 - [TEST_STEP][PASSED] - delay(3): Delayed 3 second(s)

2024-10-03 17:50:21 - [MESSAGE][PASSED] - Delayed 3 second(s)

2024-10-03 17:50:21 - [TEST_STEP][PASSED] - takeFullPageScreenshot(): Taking screenshot successfully

2024-10-03 17:50:22 - [MESSAGE][INFO] - 0 hidden object(s)

2024-10-03 17:50:22 - [MESSAGE][PASSED] - Taking screenshot successfully
[[ATTACHMENT|C:\\CIEL INGENIERIA\\Katalon\\Digiturno55\\Reports\\20241003_171202\\DIGITURNO\\BASICO\\55 Tableros Crear Actualizar Eliminar\\20241003_171305\\1727995822004.png]]

2024-10-03 17:50:22 - [TEST_STEP][PASSED] - delay(3): Delayed 3 second(s)

2024-10-03 17:50:25 - [MESSAGE][PASSED] - Delayed 3 second(s)

2024-10-03 17:50:25 - [MESSAGE][PASSED] - Call Test Case 'Test Cases/DIGITURNO/BASICO/3 Configuracion' successfully

2024-10-03 17:50:25 - [TEST_STEP][PASSED] - click(findTestObject("DIGITURNO/CONFIGURACION/0Principal/img_6Elementos del sistema")): Object: 'Object Repository/DIGITURNO/CONFIGURACION/0Principal/img_6Elementos del sistema' is clicked on

2024-10-03 17:50:26 - [MESSAGE][PASSED] - Object: 'Object Repository/DIGITURNO/CONFIGURACION/0Principal/img_6Elementos del sistema' is clicked on

2024-10-03 17:50:26 - [TEST_STEP][PASSED] - delay(3): Delayed 3 second(s)

2024-10-03 17:50:29 - [MESSAGE][PASSED] - Delayed 3 second(s)

2024-10-03 17:50:29 - [TEST_STEP][PASSED] - takeFullPageScreenshot(): Taking screenshot successfully

2024-10-03 17:50:29 - [MESSAGE][INFO] - 0 hidden object(s)

2024-10-03 17:50:29 - [MESSAGE][PASSED] - Taking screenshot successfully
[[ATTACHMENT|C:\\CIEL INGENIERIA\\Katalon\\Digiturno55\\Reports\\20241003_171202\\DIGITURNO\\BASICO\\55 Tableros Crear Actualizar Eliminar\\20241003_171305\\1727995829231.png]]

2024-10-03 17:50:29 - [TEST_STEP][PASSED] - delay(3): Delayed 3 second(s)

2024-10-03 17:50:32 - [MESSAGE][PASSED] - Delayed 3 second(s)

2024-10-03 17:50:32 - [MESSAGE][PASSED] - Call Test Case 'Test Cases/DIGITURNO/BASICO/32 Elementos del Sistema' successfully

2024-10-03 17:50:32 - [TEST_STEP][PASSED] - click(findTestObject("DIGITURNO/CONFIGURACION/6Elementos del Sistema/0Principal/img_5Tableros")): Object: 'Object Repository/DIGITURNO/CONFIGURACION/6Elementos del Sistema/0Principal/img_5Tableros' is clicked on

2024-10-03 17:50:33 - [MESSAGE][PASSED] - Object: 'Object Repository/DIGITURNO/CONFIGURACION/6Elementos del Sistema/0Principal/img_5Tableros' is clicked on

2024-10-03 17:50:33 - [TEST_STEP][PASSED] - delay(2): Delayed 2 second(s)

2024-10-03 17:50:35 - [MESSAGE][PASSED] - Delayed 2 second(s)

2024-10-03 17:50:35 - [TEST_STEP][PASSED] - click(findTestObject("DIGITURNO/CONFIGURACION/6Elementos del Sistema/5 Tableros/0 Oficinas Modal/td_1 Bogota - CIEL")): Object: 'Object Repository/DIGITURNO/CONFIGURACION/6Elementos del Sistema/5 Tableros/0 Oficinas Modal/td_1 Bogota - CIEL' is clicked on

2024-10-03 17:50:36 - [MESSAGE][PASSED] - Object: 'Object Repository/DIGITURNO/CONFIGURACION/6Elementos del Sistema/5 Tableros/0 Oficinas Modal/td_1 Bogota - CIEL' is clicked on

2024-10-03 17:50:36 - [TEST_STEP][PASSED] - delay(2): Delayed 2 second(s)

2024-10-03 17:50:38 - [MESSAGE][PASSED] - Delayed 2 second(s)

2024-10-03 17:50:38 - [TEST_STEP][PASSED] - scrollToPosition(0, 800): Browser is scrolled to position x = 0, y = 800

2024-10-03 17:50:38 - [MESSAGE][PASSED] - Browser is scrolled to position x = 0, y = 800

2024-10-03 17:50:38 - [TEST_STEP][PASSED] - delay(2): Delayed 2 second(s)

2024-10-03 17:50:40 - [MESSAGE][PASSED] - Delayed 2 second(s)

2024-10-03 17:50:40 - [TEST_STEP][PASSED] - click(findTestObject("DIGITURNO/CONFIGURACION/6Elementos del Sistema/5 Tableros/Configuracion/span_Edicion(1)/Informacion General/btn_Seleccionar Oficina")): Object: 'Object Repository/DIGITURNO/CONFIGURACION/6Elementos del Sistema/5 Tableros/Configuracion/span_Edicion(1)/Informacion General/btn_Seleccionar Oficina' is clicked on

2024-10-03 17:50:40 - [MESSAGE][PASSED] - Object: 'Object Repository/DIGITURNO/CONFIGURACION/6Elementos del Sistema/5 Tableros/Configuracion/span_Edicion(1)/Informacion General/btn_Seleccionar Oficina' is clicked on

2024-10-03 17:50:40 - [TEST_STEP][PASSED] - delay(2): Delayed 2 second(s)

2024-10-03 17:50:42 - [MESSAGE][PASSED] - Delayed 2 second(s)

2024-10-03 17:50:42 - [TEST_STEP][PASSED] - click(findTestObject("DIGITURNO/CONFIGURACION/6Elementos del Sistema/5 Tableros/Configuracion/span_Edicion(1)/Informacion General/btn_Seleccionar Oficina(1)/td_Bogota - CIEL")): Object: 'Object Repository/DIGITURNO/CONFIGURACION/6Elementos del Sistema/5 Tableros/Configuracion/span_Edicion(1)/Informacion General/btn_Seleccionar Oficina(1)/td_Bogota - CIEL' is clicked on

2024-10-03 17:50:43 - [MESSAGE][PASSED] - Object: 'Object Repository/DIGITURNO/CONFIGURACION/6Elementos del Sistema/5 Tableros/Configuracion/span_Edicion(1)/Informacion General/btn_Seleccionar Oficina(1)/td_Bogota - CIEL' is clicked on

2024-10-03 17:50:43 - [TEST_STEP][PASSED] - delay(2): Delayed 2 second(s)

2024-10-03 17:50:45 - [MESSAGE][PASSED] - Delayed 2 second(s)

2024-10-03 17:50:45 - [TEST_STEP][PASSED] - setText(findTestObject("DIGITURNO/CONFIGURACION/6Elementos del Sistema/5 Tableros/Configuracion/span_Edicion(1)/Informacion General/input_Nombre"), "Prueba"): Text 'Prueba' is set on object 'Object Repository/DIGITURNO/CONFIGURACION/6Elementos del Sistema/5 Tableros/Configuracion/span_Edicion(1)/Informacion General/input_Nombre'

2024-10-03 17:50:45 - [MESSAGE][PASSED] - Text 'Prueba' is set on object 'Object Repository/DIGITURNO/CONFIGURACION/6Elementos del Sistema/5 Tableros/Configuracion/span_Edicion(1)/Informacion General/input_Nombre'

2024-10-03 17:50:45 - [TEST_STEP][PASSED] - setText(findTestObject("DIGITURNO/CONFIGURACION/6Elementos del Sistema/5 Tableros/Configuracion/span_Edicion(1)/Informacion General/textarea_Descripcion"), "Prueba"): Text 'Prueba' is set on object 'Object Repository/DIGITURNO/CONFIGURACION/6Elementos del Sistema/5 Tableros/Configuracion/span_Edicion(1)/Informacion General/textarea_Descripcion'

2024-10-03 17:50:46 - [MESSAGE][PASSED] - Text 'Prueba' is set on object 'Object Repository/DIGITURNO/CONFIGURACION/6Elementos del Sistema/5 Tableros/Configuracion/span_Edicion(1)/Informacion General/textarea_Descripcion'

2024-10-03 17:50:46 - [TEST_STEP][PASSED] - click(findTestObject("DIGITURNO/CONFIGURACION/6Elementos del Sistema/5 Tableros/Configuracion/span_Edicion(1)/Informacion General/img_Nuevo")): Object: 'Object Repository/DIGITURNO/CONFIGURACION/6Elementos del Sistema/5 Tableros/Configuracion/span_Edicion(1)/Informacion General/img_Nuevo' is clicked on

2024-10-03 17:50:46 - [MESSAGE][PASSED] - Object: 'Object Repository/DIGITURNO/CONFIGURACION/6Elementos del Sistema/5 Tableros/Configuracion/span_Edicion(1)/Informacion General/img_Nuevo' is clicked on

2024-10-03 17:50:46 - [TEST_STEP][PASSED] - delay(3): Delayed 3 second(s)

2024-10-03 17:50:49 - [MESSAGE][PASSED] - Delayed 3 second(s)

2024-10-03 17:50:49 - [TEST_STEP][PASSED] - takeFullPageScreenshot(): Taking screenshot successfully

2024-10-03 17:50:50 - [MESSAGE][INFO] - 0 hidden object(s)

2024-10-03 17:50:50 - [MESSAGE][PASSED] - Taking screenshot successfully
[[ATTACHMENT|C:\\CIEL INGENIERIA\\Katalon\\Digiturno55\\Reports\\20241003_171202\\DIGITURNO\\BASICO\\55 Tableros Crear Actualizar Eliminar\\20241003_171305\\1727995849955.png]]

2024-10-03 17:50:50 - [TEST_STEP][PASSED] - delay(3): Delayed 3 second(s)

2024-10-03 17:50:53 - [MESSAGE][PASSED] - Delayed 3 second(s)

2024-10-03 17:50:53 - [TEST_STEP][PASSED] - Start listener action : sampleAfterTestCase: null]]></system-out>
         <system-err><![CDATA[]]></system-err>
      </testcase>
      <testcase name="Test Cases/DIGITURNO/BASICO/55 Tableros Actualizar" time="44.929" classname="Test Cases/DIGITURNO/BASICO/55 Tableros Actualizar" status="PASSED">
         <system-out><![CDATA[2024-10-03 17:50:53 - [TEST_CASE][PASSED] - Test Cases/DIGITURNO/BASICO/55 Tableros Actualizar: Test Cases/DIGITURNO/BASICO/55 Tableros Actualizar

2024-10-03 17:50:54 - [TEST_STEP][PASSED] - callTestCase(findTestCase("DIGITURNO/BASICO/32 Elementos del Sistema"), [:], STOP_ON_FAILURE): Call Test Case 'Test Cases/DIGITURNO/BASICO/32 Elementos del Sistema' successfully

2024-10-03 17:50:54 - [TEST_CASE][PASSED] - Test Cases/DIGITURNO/BASICO/32 Elementos del Sistema: Test Cases/DIGITURNO/BASICO/32 Elementos del Sistema

2024-10-03 17:50:54 - [TEST_STEP][PASSED] - callTestCase(findTestCase("DIGITURNO/BASICO/3 Configuracion"), [:], STOP_ON_FAILURE): Call Test Case 'Test Cases/DIGITURNO/BASICO/3 Configuracion' successfully

2024-10-03 17:50:54 - [TEST_CASE][PASSED] - Test Cases/DIGITURNO/BASICO/3 Configuracion: Test Cases/DIGITURNO/BASICO/3 Configuracion

2024-10-03 17:50:54 - [TEST_STEP][PASSED] - callTestCase(findTestCase("0InicioSesion"), [:], STOP_ON_FAILURE): Call Test Case 'Test Cases/0InicioSesion' successfully

2024-10-03 17:50:54 - [TEST_CASE][PASSED] - Test Cases/0InicioSesion: Test Cases/0InicioSesion

2024-10-03 17:50:54 - [TEST_STEP][PASSED] - openBrowser(UrlDigiturno): Browser is opened with url: 'https://PCPruebas101.ciel.cielingenieria.com:8910'

2024-10-03 17:50:54 - [MESSAGE][WARNING] - A browser is already opened. Closing browser and opening a new one

2024-10-03 17:50:55 - [MESSAGE][INFO] - Starting 'Chrome' driver

2024-10-03 17:50:55 - [MESSAGE][INFO] - User set preference: ['args', '[--use-fake-ui-for-media-stream, --disable-notifications]']

2024-10-03 17:50:55 - [MESSAGE][INFO] - Action delay is set to 0 milliseconds

2024-10-03 17:50:57 - [MESSAGE][PASSED] - Browser is opened with url: 'https://PCPruebas101.ciel.cielingenieria.com:8910'

2024-10-03 17:50:57 - [TEST_STEP][PASSED] - maximizeWindow(): Current window maximized

2024-10-03 17:50:57 - [MESSAGE][PASSED] - Current window maximized

2024-10-03 17:50:57 - [TEST_STEP][PASSED] - delay(3): Delayed 3 second(s)

2024-10-03 17:51:00 - [MESSAGE][PASSED] - Delayed 3 second(s)

2024-10-03 17:51:00 - [TEST_STEP][PASSED] - setText(findTestObject("0Inicio Sesion/input_Usuario"), "Ciel"): Text 'Ciel' is set on object 'Object Repository/0Inicio Sesion/input_Usuario'

2024-10-03 17:51:01 - [MESSAGE][PASSED] - Text 'Ciel' is set on object 'Object Repository/0Inicio Sesion/input_Usuario'

2024-10-03 17:51:01 - [TEST_STEP][PASSED] - setText(findTestObject("0Inicio Sesion/input_Clave"), "digiturno"): Text 'digiturno' is set on object 'Object Repository/0Inicio Sesion/input_Clave'

2024-10-03 17:51:02 - [MESSAGE][PASSED] - Text 'digiturno' is set on object 'Object Repository/0Inicio Sesion/input_Clave'

2024-10-03 17:51:02 - [TEST_STEP][PASSED] - click(findTestObject("0Inicio Sesion/btn_IniciarSesion")): Object: 'Object Repository/0Inicio Sesion/btn_IniciarSesion' is clicked on

2024-10-03 17:51:02 - [MESSAGE][PASSED] - Object: 'Object Repository/0Inicio Sesion/btn_IniciarSesion' is clicked on

2024-10-03 17:51:02 - [TEST_STEP][PASSED] - delay(3): Delayed 3 second(s)

2024-10-03 17:51:05 - [MESSAGE][PASSED] - Delayed 3 second(s)

2024-10-03 17:51:05 - [MESSAGE][PASSED] - Call Test Case 'Test Cases/0InicioSesion' successfully

2024-10-03 17:51:05 - [TEST_STEP][PASSED] - click(findTestObject("DIGITURNO/1Principal/img_Configuracion(1)")): Object: 'Object Repository/DIGITURNO/1Principal/img_Configuracion(1)' is clicked on

2024-10-03 17:51:06 - [MESSAGE][PASSED] - Object: 'Object Repository/DIGITURNO/1Principal/img_Configuracion(1)' is clicked on

2024-10-03 17:51:06 - [TEST_STEP][PASSED] - delay(3): Delayed 3 second(s)

2024-10-03 17:51:09 - [MESSAGE][PASSED] - Delayed 3 second(s)

2024-10-03 17:51:09 - [TEST_STEP][PASSED] - takeFullPageScreenshot(): Taking screenshot successfully

2024-10-03 17:51:09 - [MESSAGE][INFO] - 0 hidden object(s)

2024-10-03 17:51:09 - [MESSAGE][PASSED] - Taking screenshot successfully
[[ATTACHMENT|C:\\CIEL INGENIERIA\\Katalon\\Digiturno55\\Reports\\20241003_171202\\DIGITURNO\\BASICO\\55 Tableros Crear Actualizar Eliminar\\20241003_171305\\1727995869065.png]]

2024-10-03 17:51:09 - [TEST_STEP][PASSED] - delay(3): Delayed 3 second(s)

2024-10-03 17:51:12 - [MESSAGE][PASSED] - Delayed 3 second(s)

2024-10-03 17:51:12 - [MESSAGE][PASSED] - Call Test Case 'Test Cases/DIGITURNO/BASICO/3 Configuracion' successfully

2024-10-03 17:51:12 - [TEST_STEP][PASSED] - click(findTestObject("DIGITURNO/CONFIGURACION/0Principal/img_6Elementos del sistema")): Object: 'Object Repository/DIGITURNO/CONFIGURACION/0Principal/img_6Elementos del sistema' is clicked on

2024-10-03 17:51:13 - [MESSAGE][PASSED] - Object: 'Object Repository/DIGITURNO/CONFIGURACION/0Principal/img_6Elementos del sistema' is clicked on

2024-10-03 17:51:13 - [TEST_STEP][PASSED] - delay(3): Delayed 3 second(s)

2024-10-03 17:51:16 - [MESSAGE][PASSED] - Delayed 3 second(s)

2024-10-03 17:51:16 - [TEST_STEP][PASSED] - takeFullPageScreenshot(): Taking screenshot successfully

2024-10-03 17:51:16 - [MESSAGE][INFO] - 0 hidden object(s)

2024-10-03 17:51:16 - [MESSAGE][PASSED] - Taking screenshot successfully
[[ATTACHMENT|C:\\CIEL INGENIERIA\\Katalon\\Digiturno55\\Reports\\20241003_171202\\DIGITURNO\\BASICO\\55 Tableros Crear Actualizar Eliminar\\20241003_171305\\1727995876109.png]]

2024-10-03 17:51:16 - [TEST_STEP][PASSED] - delay(3): Delayed 3 second(s)

2024-10-03 17:51:19 - [MESSAGE][PASSED] - Delayed 3 second(s)

2024-10-03 17:51:19 - [MESSAGE][PASSED] - Call Test Case 'Test Cases/DIGITURNO/BASICO/32 Elementos del Sistema' successfully

2024-10-03 17:51:19 - [TEST_STEP][PASSED] - click(findTestObject("DIGITURNO/CONFIGURACION/6Elementos del Sistema/0Principal/img_5Tableros")): Object: 'Object Repository/DIGITURNO/CONFIGURACION/6Elementos del Sistema/0Principal/img_5Tableros' is clicked on

2024-10-03 17:51:20 - [MESSAGE][PASSED] - Object: 'Object Repository/DIGITURNO/CONFIGURACION/6Elementos del Sistema/0Principal/img_5Tableros' is clicked on

2024-10-03 17:51:20 - [TEST_STEP][PASSED] - delay(2): Delayed 2 second(s)

2024-10-03 17:51:22 - [MESSAGE][PASSED] - Delayed 2 second(s)

2024-10-03 17:51:22 - [TEST_STEP][PASSED] - click(findTestObject("DIGITURNO/CONFIGURACION/6Elementos del Sistema/5 Tableros/0 Oficinas Modal/td_1 Bogota - CIEL")): Object: 'Object Repository/DIGITURNO/CONFIGURACION/6Elementos del Sistema/5 Tableros/0 Oficinas Modal/td_1 Bogota - CIEL' is clicked on

2024-10-03 17:51:22 - [MESSAGE][PASSED] - Object: 'Object Repository/DIGITURNO/CONFIGURACION/6Elementos del Sistema/5 Tableros/0 Oficinas Modal/td_1 Bogota - CIEL' is clicked on

2024-10-03 17:51:22 - [TEST_STEP][PASSED] - delay(2): Delayed 2 second(s)

2024-10-03 17:51:24 - [MESSAGE][PASSED] - Delayed 2 second(s)

2024-10-03 17:51:24 - [TEST_STEP][PASSED] - setText(findTestObject("DIGITURNO/CONFIGURACION/6Elementos del Sistema/5 Tableros/Lista de Tableros/input_TextoABuscar"), "Prueba"): Text 'Prueba' is set on object 'Object Repository/DIGITURNO/CONFIGURACION/6Elementos del Sistema/5 Tableros/Lista de Tableros/input_TextoABuscar'

2024-10-03 17:51:25 - [MESSAGE][PASSED] - Text 'Prueba' is set on object 'Object Repository/DIGITURNO/CONFIGURACION/6Elementos del Sistema/5 Tableros/Lista de Tableros/input_TextoABuscar'

2024-10-03 17:51:25 - [TEST_STEP][PASSED] - delay(2): Delayed 2 second(s)

2024-10-03 17:51:27 - [MESSAGE][PASSED] - Delayed 2 second(s)

2024-10-03 17:51:27 - [TEST_STEP][PASSED] - click(findTestObject("DIGITURNO/CONFIGURACION/6Elementos del Sistema/5 Tableros/Lista de Tableros/td_1 Bogota - Tablero - 1")): Object: 'Object Repository/DIGITURNO/CONFIGURACION/6Elementos del Sistema/5 Tableros/Lista de Tableros/td_1 Bogota - Tablero - 1' is clicked on

2024-10-03 17:51:27 - [MESSAGE][PASSED] - Object: 'Object Repository/DIGITURNO/CONFIGURACION/6Elementos del Sistema/5 Tableros/Lista de Tableros/td_1 Bogota - Tablero - 1' is clicked on

2024-10-03 17:51:27 - [TEST_STEP][PASSED] - delay(3): Delayed 3 second(s)

2024-10-03 17:51:30 - [MESSAGE][PASSED] - Delayed 3 second(s)

2024-10-03 17:51:30 - [TEST_STEP][PASSED] - setText(findTestObject("DIGITURNO/CONFIGURACION/6Elementos del Sistema/5 Tableros/Configuracion/span_Edicion(1)/Informacion General/textarea_Descripcion"), "Prueba actualizada"): Text 'Prueba actualizada' is set on object 'Object Repository/DIGITURNO/CONFIGURACION/6Elementos del Sistema/5 Tableros/Configuracion/span_Edicion(1)/Informacion General/textarea_Descripcion'

2024-10-03 17:51:31 - [MESSAGE][PASSED] - Text 'Prueba actualizada' is set on object 'Object Repository/DIGITURNO/CONFIGURACION/6Elementos del Sistema/5 Tableros/Configuracion/span_Edicion(1)/Informacion General/textarea_Descripcion'

2024-10-03 17:51:31 - [TEST_STEP][PASSED] - click(findTestObject("DIGITURNO/CONFIGURACION/6Elementos del Sistema/5 Tableros/Configuracion/span_Edicion(1)/Informacion General/img_Actualizar")): Object: 'Object Repository/DIGITURNO/CONFIGURACION/6Elementos del Sistema/5 Tableros/Configuracion/span_Edicion(1)/Informacion General/img_Actualizar' is clicked on

2024-10-03 17:51:32 - [MESSAGE][PASSED] - Object: 'Object Repository/DIGITURNO/CONFIGURACION/6Elementos del Sistema/5 Tableros/Configuracion/span_Edicion(1)/Informacion General/img_Actualizar' is clicked on

2024-10-03 17:51:32 - [TEST_STEP][PASSED] - delay(3): Delayed 3 second(s)

2024-10-03 17:51:35 - [MESSAGE][PASSED] - Delayed 3 second(s)

2024-10-03 17:51:35 - [TEST_STEP][PASSED] - takeFullPageScreenshot(): Taking screenshot successfully

2024-10-03 17:51:35 - [MESSAGE][INFO] - 0 hidden object(s)

2024-10-03 17:51:35 - [MESSAGE][PASSED] - Taking screenshot successfully
[[ATTACHMENT|C:\\CIEL INGENIERIA\\Katalon\\Digiturno55\\Reports\\20241003_171202\\DIGITURNO\\BASICO\\55 Tableros Crear Actualizar Eliminar\\20241003_171305\\1727995895053.png]]

2024-10-03 17:51:35 - [TEST_STEP][PASSED] - delay(3): Delayed 3 second(s)

2024-10-03 17:51:38 - [MESSAGE][PASSED] - Delayed 3 second(s)

2024-10-03 17:51:38 - [TEST_STEP][PASSED] - Start listener action : sampleAfterTestCase: null]]></system-out>
         <system-err><![CDATA[]]></system-err>
      </testcase>
      <testcase name="Test Cases/DIGITURNO/BASICO/55 Tableros Eliminar" time="44.489" classname="Test Cases/DIGITURNO/BASICO/55 Tableros Eliminar" status="PASSED">
         <system-out><![CDATA[2024-10-03 17:51:38 - [TEST_CASE][PASSED] - Test Cases/DIGITURNO/BASICO/55 Tableros Eliminar: Test Cases/DIGITURNO/BASICO/55 Tableros Eliminar

2024-10-03 17:51:39 - [TEST_STEP][PASSED] - callTestCase(findTestCase("DIGITURNO/BASICO/32 Elementos del Sistema"), [:], STOP_ON_FAILURE): Call Test Case 'Test Cases/DIGITURNO/BASICO/32 Elementos del Sistema' successfully

2024-10-03 17:51:39 - [TEST_CASE][PASSED] - Test Cases/DIGITURNO/BASICO/32 Elementos del Sistema: Test Cases/DIGITURNO/BASICO/32 Elementos del Sistema

2024-10-03 17:51:39 - [TEST_STEP][PASSED] - callTestCase(findTestCase("DIGITURNO/BASICO/3 Configuracion"), [:], STOP_ON_FAILURE): Call Test Case 'Test Cases/DIGITURNO/BASICO/3 Configuracion' successfully

2024-10-03 17:51:39 - [TEST_CASE][PASSED] - Test Cases/DIGITURNO/BASICO/3 Configuracion: Test Cases/DIGITURNO/BASICO/3 Configuracion

2024-10-03 17:51:39 - [TEST_STEP][PASSED] - callTestCase(findTestCase("0InicioSesion"), [:], STOP_ON_FAILURE): Call Test Case 'Test Cases/0InicioSesion' successfully

2024-10-03 17:51:39 - [TEST_CASE][PASSED] - Test Cases/0InicioSesion: Test Cases/0InicioSesion

2024-10-03 17:51:39 - [TEST_STEP][PASSED] - openBrowser(UrlDigiturno): Browser is opened with url: 'https://PCPruebas101.ciel.cielingenieria.com:8910'

2024-10-03 17:51:39 - [MESSAGE][WARNING] - A browser is already opened. Closing browser and opening a new one

2024-10-03 17:51:40 - [MESSAGE][INFO] - Starting 'Chrome' driver

2024-10-03 17:51:40 - [MESSAGE][INFO] - User set preference: ['args', '[--use-fake-ui-for-media-stream, --disable-notifications]']

2024-10-03 17:51:40 - [MESSAGE][INFO] - Action delay is set to 0 milliseconds

2024-10-03 17:51:42 - [MESSAGE][PASSED] - Browser is opened with url: 'https://PCPruebas101.ciel.cielingenieria.com:8910'

2024-10-03 17:51:42 - [TEST_STEP][PASSED] - maximizeWindow(): Current window maximized

2024-10-03 17:51:42 - [MESSAGE][PASSED] - Current window maximized

2024-10-03 17:51:42 - [TEST_STEP][PASSED] - delay(3): Delayed 3 second(s)

2024-10-03 17:51:45 - [MESSAGE][PASSED] - Delayed 3 second(s)

2024-10-03 17:51:45 - [TEST_STEP][PASSED] - setText(findTestObject("0Inicio Sesion/input_Usuario"), "Ciel"): Text 'Ciel' is set on object 'Object Repository/0Inicio Sesion/input_Usuario'

2024-10-03 17:51:46 - [MESSAGE][PASSED] - Text 'Ciel' is set on object 'Object Repository/0Inicio Sesion/input_Usuario'

2024-10-03 17:51:46 - [TEST_STEP][PASSED] - setText(findTestObject("0Inicio Sesion/input_Clave"), "digiturno"): Text 'digiturno' is set on object 'Object Repository/0Inicio Sesion/input_Clave'

2024-10-03 17:51:47 - [MESSAGE][PASSED] - Text 'digiturno' is set on object 'Object Repository/0Inicio Sesion/input_Clave'

2024-10-03 17:51:47 - [TEST_STEP][PASSED] - click(findTestObject("0Inicio Sesion/btn_IniciarSesion")): Object: 'Object Repository/0Inicio Sesion/btn_IniciarSesion' is clicked on

2024-10-03 17:51:47 - [MESSAGE][PASSED] - Object: 'Object Repository/0Inicio Sesion/btn_IniciarSesion' is clicked on

2024-10-03 17:51:47 - [TEST_STEP][PASSED] - delay(3): Delayed 3 second(s)

2024-10-03 17:51:50 - [MESSAGE][PASSED] - Delayed 3 second(s)

2024-10-03 17:51:50 - [MESSAGE][PASSED] - Call Test Case 'Test Cases/0InicioSesion' successfully

2024-10-03 17:51:50 - [TEST_STEP][PASSED] - click(findTestObject("DIGITURNO/1Principal/img_Configuracion(1)")): Object: 'Object Repository/DIGITURNO/1Principal/img_Configuracion(1)' is clicked on

2024-10-03 17:51:50 - [MESSAGE][PASSED] - Object: 'Object Repository/DIGITURNO/1Principal/img_Configuracion(1)' is clicked on

2024-10-03 17:51:50 - [TEST_STEP][PASSED] - delay(3): Delayed 3 second(s)

2024-10-03 17:51:53 - [MESSAGE][PASSED] - Delayed 3 second(s)

2024-10-03 17:51:53 - [TEST_STEP][PASSED] - takeFullPageScreenshot(): Taking screenshot successfully

2024-10-03 17:51:54 - [MESSAGE][INFO] - 0 hidden object(s)

2024-10-03 17:51:54 - [MESSAGE][PASSED] - Taking screenshot successfully
[[ATTACHMENT|C:\\CIEL INGENIERIA\\Katalon\\Digiturno55\\Reports\\20241003_171202\\DIGITURNO\\BASICO\\55 Tableros Crear Actualizar Eliminar\\20241003_171305\\1727995913990.png]]

2024-10-03 17:51:54 - [TEST_STEP][PASSED] - delay(3): Delayed 3 second(s)

2024-10-03 17:51:57 - [MESSAGE][PASSED] - Delayed 3 second(s)

2024-10-03 17:51:57 - [MESSAGE][PASSED] - Call Test Case 'Test Cases/DIGITURNO/BASICO/3 Configuracion' successfully

2024-10-03 17:51:57 - [TEST_STEP][PASSED] - click(findTestObject("DIGITURNO/CONFIGURACION/0Principal/img_6Elementos del sistema")): Object: 'Object Repository/DIGITURNO/CONFIGURACION/0Principal/img_6Elementos del sistema' is clicked on

2024-10-03 17:51:58 - [MESSAGE][PASSED] - Object: 'Object Repository/DIGITURNO/CONFIGURACION/0Principal/img_6Elementos del sistema' is clicked on

2024-10-03 17:51:58 - [TEST_STEP][PASSED] - delay(3): Delayed 3 second(s)

2024-10-03 17:52:01 - [MESSAGE][PASSED] - Delayed 3 second(s)

2024-10-03 17:52:01 - [TEST_STEP][PASSED] - takeFullPageScreenshot(): Taking screenshot successfully

2024-10-03 17:52:01 - [MESSAGE][INFO] - 0 hidden object(s)

2024-10-03 17:52:01 - [MESSAGE][PASSED] - Taking screenshot successfully
[[ATTACHMENT|C:\\CIEL INGENIERIA\\Katalon\\Digiturno55\\Reports\\20241003_171202\\DIGITURNO\\BASICO\\55 Tableros Crear Actualizar Eliminar\\20241003_171305\\1727995921035.png]]

2024-10-03 17:52:01 - [TEST_STEP][PASSED] - delay(3): Delayed 3 second(s)

2024-10-03 17:52:04 - [MESSAGE][PASSED] - Delayed 3 second(s)

2024-10-03 17:52:04 - [MESSAGE][PASSED] - Call Test Case 'Test Cases/DIGITURNO/BASICO/32 Elementos del Sistema' successfully

2024-10-03 17:52:04 - [TEST_STEP][PASSED] - click(findTestObject("DIGITURNO/CONFIGURACION/6Elementos del Sistema/0Principal/img_5Tableros")): Object: 'Object Repository/DIGITURNO/CONFIGURACION/6Elementos del Sistema/0Principal/img_5Tableros' is clicked on

2024-10-03 17:52:05 - [MESSAGE][PASSED] - Object: 'Object Repository/DIGITURNO/CONFIGURACION/6Elementos del Sistema/0Principal/img_5Tableros' is clicked on

2024-10-03 17:52:05 - [TEST_STEP][PASSED] - delay(2): Delayed 2 second(s)

2024-10-03 17:52:07 - [MESSAGE][PASSED] - Delayed 2 second(s)

2024-10-03 17:52:07 - [TEST_STEP][PASSED] - click(findTestObject("DIGITURNO/CONFIGURACION/6Elementos del Sistema/5 Tableros/0 Oficinas Modal/td_1 Bogota - CIEL")): Object: 'Object Repository/DIGITURNO/CONFIGURACION/6Elementos del Sistema/5 Tableros/0 Oficinas Modal/td_1 Bogota - CIEL' is clicked on

2024-10-03 17:52:07 - [MESSAGE][PASSED] - Object: 'Object Repository/DIGITURNO/CONFIGURACION/6Elementos del Sistema/5 Tableros/0 Oficinas Modal/td_1 Bogota - CIEL' is clicked on

2024-10-03 17:52:07 - [TEST_STEP][PASSED] - delay(2): Delayed 2 second(s)

2024-10-03 17:52:09 - [MESSAGE][PASSED] - Delayed 2 second(s)

2024-10-03 17:52:09 - [TEST_STEP][PASSED] - setText(findTestObject("DIGITURNO/CONFIGURACION/6Elementos del Sistema/5 Tableros/Lista de Tableros/input_TextoABuscar"), "Prueba"): Text 'Prueba' is set on object 'Object Repository/DIGITURNO/CONFIGURACION/6Elementos del Sistema/5 Tableros/Lista de Tableros/input_TextoABuscar'

2024-10-03 17:52:10 - [MESSAGE][PASSED] - Text 'Prueba' is set on object 'Object Repository/DIGITURNO/CONFIGURACION/6Elementos del Sistema/5 Tableros/Lista de Tableros/input_TextoABuscar'

2024-10-03 17:52:10 - [TEST_STEP][PASSED] - delay(2): Delayed 2 second(s)

2024-10-03 17:52:12 - [MESSAGE][PASSED] - Delayed 2 second(s)

2024-10-03 17:52:12 - [TEST_STEP][PASSED] - click(findTestObject("DIGITURNO/CONFIGURACION/6Elementos del Sistema/5 Tableros/Lista de Tableros/td_1 Bogota - Tablero - 1")): Object: 'Object Repository/DIGITURNO/CONFIGURACION/6Elementos del Sistema/5 Tableros/Lista de Tableros/td_1 Bogota - Tablero - 1' is clicked on

2024-10-03 17:52:12 - [MESSAGE][PASSED] - Object: 'Object Repository/DIGITURNO/CONFIGURACION/6Elementos del Sistema/5 Tableros/Lista de Tableros/td_1 Bogota - Tablero - 1' is clicked on

2024-10-03 17:52:12 - [TEST_STEP][PASSED] - delay(3): Delayed 3 second(s)

2024-10-03 17:52:15 - [MESSAGE][PASSED] - Delayed 3 second(s)

2024-10-03 17:52:15 - [TEST_STEP][PASSED] - click(findTestObject("DIGITURNO/CONFIGURACION/6Elementos del Sistema/5 Tableros/Configuracion/span_Edicion(1)/Informacion General/img_Eliminar")): Object: 'Object Repository/DIGITURNO/CONFIGURACION/6Elementos del Sistema/5 Tableros/Configuracion/span_Edicion(1)/Informacion General/img_Eliminar' is clicked on

2024-10-03 17:52:16 - [MESSAGE][PASSED] - Object: 'Object Repository/DIGITURNO/CONFIGURACION/6Elementos del Sistema/5 Tableros/Configuracion/span_Edicion(1)/Informacion General/img_Eliminar' is clicked on

2024-10-03 17:52:16 - [TEST_STEP][PASSED] - click(findTestObject("DIGITURNO/CONFIGURACION/6Elementos del Sistema/5 Tableros/Configuracion/span_Edicion(1)/Informacion General/img_Eliminar")): Object: 'Object Repository/DIGITURNO/CONFIGURACION/6Elementos del Sistema/5 Tableros/Configuracion/span_Edicion(1)/Informacion General/img_Eliminar' is clicked on

2024-10-03 17:52:16 - [MESSAGE][PASSED] - Object: 'Object Repository/DIGITURNO/CONFIGURACION/6Elementos del Sistema/5 Tableros/Configuracion/span_Edicion(1)/Informacion General/img_Eliminar' is clicked on

2024-10-03 17:52:16 - [TEST_STEP][PASSED] - acceptAlert(): Alert accepted

2024-10-03 17:52:16 - [MESSAGE][PASSED] - Alert accepted

2024-10-03 17:52:16 - [TEST_STEP][PASSED] - delay(3): Delayed 3 second(s)

2024-10-03 17:52:19 - [MESSAGE][PASSED] - Delayed 3 second(s)

2024-10-03 17:52:19 - [TEST_STEP][PASSED] - takeFullPageScreenshot(): Taking screenshot successfully

2024-10-03 17:52:20 - [MESSAGE][INFO] - 0 hidden object(s)

2024-10-03 17:52:20 - [MESSAGE][PASSED] - Taking screenshot successfully
[[ATTACHMENT|C:\\CIEL INGENIERIA\\Katalon\\Digiturno55\\Reports\\20241003_171202\\DIGITURNO\\BASICO\\55 Tableros Crear Actualizar Eliminar\\20241003_171305\\1727995939495.png]]

2024-10-03 17:52:20 - [TEST_STEP][PASSED] - delay(3): Delayed 3 second(s)

2024-10-03 17:52:23 - [MESSAGE][PASSED] - Delayed 3 second(s)

2024-10-03 17:52:23 - [TEST_STEP][PASSED] - Start listener action : sampleAfterTestCase: null]]></system-out>
         <system-err><![CDATA[]]></system-err>
      </testcase>
      <system-out><![CDATA[2024-10-03 17:50:04 - [TEST_SUITE][PASSED] - 55 Tableros Crear Actualizar Eliminar: Test Cases/DIGITURNO/BASICO/55 Tableros Eliminar]]></system-out>
      <system-err><![CDATA[]]></system-err>
   </testsuite>
</testsuites>
