<?xml version="1.0" encoding="UTF-8"?>
<testsuites name="23 Oficinas Crear Actualizar Eliminar" time="154.312" tests="3" failures="0" errors="0">
   <testsuite name="23 Oficinas Crear Actualizar Eliminar" tests="3" failures="0" errors="0" time="154.312" skipped="0" timestamp="2023-07-11 11:48:08" hostname="jdavila - PCPruebas101.ciel.cielingenieria.com" id="Test Suites/DIGITURNO/BASICO/23 Oficinas Crear Actualizar Eliminar">
      <properties>
         <property name="deviceName" value=""/>
         <property name="devicePlatform" value=""/>
         <property name="logFolder" value="C:\\CIEL INGENIERIA\\Katalon\\Digiturno55\\Reports\\20230711_113602\\DIGITURNO\\BASICO\\23 Oficinas Crear Actualizar Eliminar\\20230711_113619"/>
         <property name="logFiles" value="C:\\CIEL INGENIERIA\\Katalon\\Digiturno55\\Reports\\20230711_113602\\DIGITURNO\\BASICO\\23 Oficinas Crear Actualizar Eliminar\\20230711_113619\\execution0.log"/>
         <property name="attachments" value="C:\\CIEL INGENIERIA\\Katalon\\Digiturno55\\Reports\\20230711_113602\\DIGITURNO\\BASICO\\23 Oficinas Crear Actualizar Eliminar\\20230711_113619\\1689094107633.png, C:\\CIEL INGENIERIA\\Katalon\\Digiturno55\\Reports\\20230711_113602\\DIGITURNO\\BASICO\\23 Oficinas Crear Actualizar Eliminar\\20230711_113619\\1689094158050.png, C:\\CIEL INGENIERIA\\Katalon\\Digiturno55\\Reports\\20230711_113602\\DIGITURNO\\BASICO\\23 Oficinas Crear Actualizar Eliminar\\20230711_113619\\1689094180633.png, C:\\CIEL INGENIERIA\\Katalon\\Digiturno55\\Reports\\20230711_113602\\DIGITURNO\\BASICO\\23 Oficinas Crear Actualizar Eliminar\\20230711_113619\\1689094200039.png, C:\\CIEL INGENIERIA\\Katalon\\Digiturno55\\Reports\\20230711_113602\\DIGITURNO\\BASICO\\23 Oficinas Crear Actualizar Eliminar\\20230711_113619\\1689094221923.png, C:\\CIEL INGENIERIA\\Katalon\\Digiturno55\\Reports\\20230711_113602\\DIGITURNO\\BASICO\\23 Oficinas Crear Actualizar Eliminar\\20230711_113619\\1689094238825.png"/>
         <property name="hostName" value="jdavila - PCPruebas101.ciel.cielingenieria.com"/>
         <property name="os" value="Windows 10 64bit"/>
         <property name="katalonVersion" value="8.6.0.208"/>
         <property name="browser" value="Chrome 114.0.0.0"/>
         <property name="hostAddress" value="192.168.0.33"/>
         <property name="sessionId" value="a23c148d578ee007b7add8dce5070399"/>
         <property name="seleniumVersion" value="3.141.59"/>
         <property name="proxyInformation" value="ProxyInformation { proxyOption=NO_PROXY, proxyServerType=HTTP, username=, password=********, proxyServerAddress=, proxyServerPort=0, executionList=&quot;&quot;, isApplyToDesiredCapabilities=true }"/>
         <property name="platform" value="Windows 10"/>
      </properties>
      <testcase name="Test Cases/DIGITURNO/BASICO/23 Oficinas Crear" time="73.558" classname="Test Cases/DIGITURNO/BASICO/23 Oficinas Crear" status="PASSED">
         <system-out><![CDATA[2023-07-11 11:48:08 - [TEST_CASE][PASSED] - Test Cases/DIGITURNO/BASICO/23 Oficinas Crear: Test Cases/DIGITURNO/BASICO/23 Oficinas Crear

2023-07-11 11:48:09 - [TEST_STEP][PASSED] - callTestCase(findTestCase("DIGITURNO/BASICO/21 Distribucion Geografica"), [:], STOP_ON_FAILURE): Call Test Case 'Test Cases/DIGITURNO/BASICO/21 Distribucion Geografica' successfully

2023-07-11 11:48:09 - [TEST_CASE][PASSED] - Test Cases/DIGITURNO/BASICO/21 Distribucion Geografica: Test Cases/DIGITURNO/BASICO/21 Distribucion Geografica

2023-07-11 11:48:09 - [TEST_STEP][PASSED] - callTestCase(findTestCase("0InicioSesion"), [:], STOP_ON_FAILURE): Call Test Case 'Test Cases/0InicioSesion' successfully

2023-07-11 11:48:09 - [TEST_CASE][PASSED] - Test Cases/0InicioSesion: Test Cases/0InicioSesion

2023-07-11 11:48:09 - [TEST_STEP][PASSED] - openBrowser(UrlDigiturno): Browser is opened with url: 'https://PCPruebas101.ciel.cielingenieria.com:8810'

2023-07-11 11:48:10 - [MESSAGE][INFO] - Starting 'Chrome' driver

2023-07-11 11:48:10 - [MESSAGE][INFO] - User set preference: ['args', '[--use-fake-ui-for-media-stream, --disable-notifications]']

2023-07-11 11:48:10 - [MESSAGE][INFO] - Action delay is set to 0 milliseconds

2023-07-11 11:48:12 - [MESSAGE][PASSED] - Browser is opened with url: 'https://PCPruebas101.ciel.cielingenieria.com:8810'

2023-07-11 11:48:12 - [TEST_STEP][PASSED] - maximizeWindow(): Current window maximized

2023-07-11 11:48:12 - [MESSAGE][PASSED] - Current window maximized

2023-07-11 11:48:12 - [TEST_STEP][PASSED] - delay(3): Delayed 3 second(s)

2023-07-11 11:48:15 - [MESSAGE][PASSED] - Delayed 3 second(s)

2023-07-11 11:48:15 - [TEST_STEP][PASSED] - setText(findTestObject("0Inicio Sesion/input_Usuario"), "Ciel"): Text 'Ciel' is set on object 'Object Repository/0Inicio Sesion/input_Usuario'

2023-07-11 11:48:16 - [MESSAGE][PASSED] - Text 'Ciel' is set on object 'Object Repository/0Inicio Sesion/input_Usuario'

2023-07-11 11:48:16 - [TEST_STEP][PASSED] - setText(findTestObject("0Inicio Sesion/input_Clave"), "digiturno"): Text 'digiturno' is set on object 'Object Repository/0Inicio Sesion/input_Clave'

2023-07-11 11:48:17 - [MESSAGE][PASSED] - Text 'digiturno' is set on object 'Object Repository/0Inicio Sesion/input_Clave'

2023-07-11 11:48:17 - [TEST_STEP][PASSED] - click(findTestObject("0Inicio Sesion/btn_IniciarSesion")): Object: 'Object Repository/0Inicio Sesion/btn_IniciarSesion' is clicked on

2023-07-11 11:48:17 - [MESSAGE][PASSED] - Object: 'Object Repository/0Inicio Sesion/btn_IniciarSesion' is clicked on

2023-07-11 11:48:17 - [TEST_STEP][PASSED] - delay(3): Delayed 3 second(s)

2023-07-11 11:48:20 - [MESSAGE][PASSED] - Delayed 3 second(s)

2023-07-11 11:48:20 - [MESSAGE][PASSED] - Call Test Case 'Test Cases/0InicioSesion' successfully

2023-07-11 11:48:20 - [TEST_STEP][PASSED] - click(findTestObject("DIGITURNO/1Principal/img_Configuracion(1)")): Object: 'Object Repository/DIGITURNO/1Principal/img_Configuracion(1)' is clicked on

2023-07-11 11:48:21 - [MESSAGE][PASSED] - Object: 'Object Repository/DIGITURNO/1Principal/img_Configuracion(1)' is clicked on

2023-07-11 11:48:21 - [TEST_STEP][PASSED] - delay(3): Delayed 3 second(s)

2023-07-11 11:48:24 - [MESSAGE][PASSED] - Delayed 3 second(s)

2023-07-11 11:48:24 - [TEST_STEP][PASSED] - click(findTestObject("DIGITURNO/CONFIGURACION/0Principal/img_2Distribucion Geografica")): Object: 'Object Repository/DIGITURNO/CONFIGURACION/0Principal/img_2Distribucion Geografica' is clicked on

2023-07-11 11:48:24 - [MESSAGE][PASSED] - Object: 'Object Repository/DIGITURNO/CONFIGURACION/0Principal/img_2Distribucion Geografica' is clicked on

2023-07-11 11:48:24 - [TEST_STEP][PASSED] - delay(3): Delayed 3 second(s)

2023-07-11 11:48:27 - [MESSAGE][PASSED] - Delayed 3 second(s)

2023-07-11 11:48:27 - [TEST_STEP][PASSED] - takeFullPageScreenshot(): Taking screenshot successfully

2023-07-11 11:48:28 - [MESSAGE][INFO] - 0 hidden object(s)

2023-07-11 11:48:28 - [MESSAGE][PASSED] - Taking screenshot successfully
[[ATTACHMENT|C:\\CIEL INGENIERIA\\Katalon\\Digiturno55\\Reports\\20230711_113602\\DIGITURNO\\BASICO\\23 Oficinas Crear Actualizar Eliminar\\20230711_113619\\1689094107633.png]]

2023-07-11 11:48:28 - [TEST_STEP][PASSED] - delay(3): Delayed 3 second(s)

2023-07-11 11:48:31 - [MESSAGE][PASSED] - Delayed 3 second(s)

2023-07-11 11:48:31 - [MESSAGE][PASSED] - Call Test Case 'Test Cases/DIGITURNO/BASICO/21 Distribucion Geografica' successfully

2023-07-11 11:48:31 - [TEST_STEP][PASSED] - click(findTestObject("DIGITURNO/CONFIGURACION/2Distribucion Geografica/0Principal/img_2Oficinas")): Object: 'Object Repository/DIGITURNO/CONFIGURACION/2Distribucion Geografica/0Principal/img_2Oficinas' is clicked on

2023-07-11 11:48:35 - [MESSAGE][PASSED] - Object: 'Object Repository/DIGITURNO/CONFIGURACION/2Distribucion Geografica/0Principal/img_2Oficinas' is clicked on

2023-07-11 11:48:35 - [TEST_STEP][PASSED] - delay(2): Delayed 2 second(s)

2023-07-11 11:48:37 - [MESSAGE][PASSED] - Delayed 2 second(s)

2023-07-11 11:48:37 - [TEST_STEP][PASSED] - selectOptionByIndex(findTestObject("DIGITURNO/CONFIGURACION/2Distribucion Geografica/2Oficinas/Edicion/select_Pais"), 1, STOP_ON_FAILURE): All options with index in [1] are selected on object 'Object Repository/DIGITURNO/CONFIGURACION/2Distribucion Geografica/2Oficinas/Edicion/select_Pais'

2023-07-11 11:48:38 - [MESSAGE][PASSED] - All options with index in [1] are selected on object 'Object Repository/DIGITURNO/CONFIGURACION/2Distribucion Geografica/2Oficinas/Edicion/select_Pais'

2023-07-11 11:48:38 - [TEST_STEP][PASSED] - delay(2): Delayed 2 second(s)

2023-07-11 11:48:40 - [MESSAGE][PASSED] - Delayed 2 second(s)

2023-07-11 11:48:40 - [TEST_STEP][PASSED] - selectOptionByIndex(findTestObject("DIGITURNO/CONFIGURACION/2Distribucion Geografica/2Oficinas/Edicion/select_Departamento"), 1): All options with index in [1] are selected on object 'Object Repository/DIGITURNO/CONFIGURACION/2Distribucion Geografica/2Oficinas/Edicion/select_Departamento'

2023-07-11 11:48:41 - [MESSAGE][PASSED] - All options with index in [1] are selected on object 'Object Repository/DIGITURNO/CONFIGURACION/2Distribucion Geografica/2Oficinas/Edicion/select_Departamento'

2023-07-11 11:48:41 - [TEST_STEP][PASSED] - delay(2): Delayed 2 second(s)

2023-07-11 11:48:43 - [MESSAGE][PASSED] - Delayed 2 second(s)

2023-07-11 11:48:43 - [TEST_STEP][PASSED] - selectOptionByIndex(findTestObject("DIGITURNO/CONFIGURACION/2Distribucion Geografica/2Oficinas/Edicion/select_Ciudad"), 1): All options with index in [1] are selected on object 'Object Repository/DIGITURNO/CONFIGURACION/2Distribucion Geografica/2Oficinas/Edicion/select_Ciudad'

2023-07-11 11:48:44 - [MESSAGE][PASSED] - All options with index in [1] are selected on object 'Object Repository/DIGITURNO/CONFIGURACION/2Distribucion Geografica/2Oficinas/Edicion/select_Ciudad'

2023-07-11 11:48:44 - [TEST_STEP][PASSED] - delay(2): Delayed 2 second(s)

2023-07-11 11:48:46 - [MESSAGE][PASSED] - Delayed 2 second(s)

2023-07-11 11:48:46 - [TEST_STEP][PASSED] - setText(findTestObject("DIGITURNO/CONFIGURACION/2Distribucion Geografica/2Oficinas/Edicion/input_Nombre"), "Prueba"): Text 'Prueba' is set on object 'Object Repository/DIGITURNO/CONFIGURACION/2Distribucion Geografica/2Oficinas/Edicion/input_Nombre'

2023-07-11 11:48:47 - [MESSAGE][PASSED] - Text 'Prueba' is set on object 'Object Repository/DIGITURNO/CONFIGURACION/2Distribucion Geografica/2Oficinas/Edicion/input_Nombre'

2023-07-11 11:48:47 - [TEST_STEP][PASSED] - selectOptionByIndex(findTestObject("DIGITURNO/CONFIGURACION/2Distribucion Geografica/2Oficinas/Edicion/select_Nivel Pregunta"), 0, STOP_ON_FAILURE): All options with index in [0] are selected on object 'Object Repository/DIGITURNO/CONFIGURACION/2Distribucion Geografica/2Oficinas/Edicion/select_Nivel Pregunta'

2023-07-11 11:48:48 - [MESSAGE][PASSED] - All options with index in [0] are selected on object 'Object Repository/DIGITURNO/CONFIGURACION/2Distribucion Geografica/2Oficinas/Edicion/select_Nivel Pregunta'

2023-07-11 11:48:48 - [TEST_STEP][PASSED] - delay(2): Delayed 2 second(s)

2023-07-11 11:48:50 - [MESSAGE][PASSED] - Delayed 2 second(s)

2023-07-11 11:48:50 - [TEST_STEP][PASSED] - setText(findTestObject("DIGITURNO/CONFIGURACION/2Distribucion Geografica/2Oficinas/Edicion/input_Nivel de servicio de espera"), "1"): Text '1' is set on object 'Object Repository/DIGITURNO/CONFIGURACION/2Distribucion Geografica/2Oficinas/Edicion/input_Nivel de servicio de espera'

2023-07-11 11:48:51 - [MESSAGE][PASSED] - Text '1' is set on object 'Object Repository/DIGITURNO/CONFIGURACION/2Distribucion Geografica/2Oficinas/Edicion/input_Nivel de servicio de espera'

2023-07-11 11:48:51 - [TEST_STEP][PASSED] - scrollToElement(findTestObject("DIGITURNO/CONFIGURACION/2Distribucion Geografica/2Oficinas/Edicion/App/input_NombreAMostrar"), 0): Scroll to object 'Object Repository/DIGITURNO/CONFIGURACION/2Distribucion Geografica/2Oficinas/Edicion/App/input_NombreAMostrar' successfully

2023-07-11 11:48:51 - [MESSAGE][WARNING] - Timeout '0' is invalid. Using default page load timeout: '30'

2023-07-11 11:48:51 - [MESSAGE][PASSED] - Scroll to object 'Object Repository/DIGITURNO/CONFIGURACION/2Distribucion Geografica/2Oficinas/Edicion/App/input_NombreAMostrar' successfully

2023-07-11 11:48:51 - [TEST_STEP][PASSED] - setText(findTestObject("DIGITURNO/CONFIGURACION/2Distribucion Geografica/2Oficinas/Edicion/App/input_NombreAMostrar"), "Prueba"): Text 'Prueba' is set on object 'Object Repository/DIGITURNO/CONFIGURACION/2Distribucion Geografica/2Oficinas/Edicion/App/input_NombreAMostrar'

2023-07-11 11:48:53 - [MESSAGE][PASSED] - Text 'Prueba' is set on object 'Object Repository/DIGITURNO/CONFIGURACION/2Distribucion Geografica/2Oficinas/Edicion/App/input_NombreAMostrar'

2023-07-11 11:48:53 - [TEST_STEP][PASSED] - setText(findTestObject("DIGITURNO/CONFIGURACION/2Distribucion Geografica/2Oficinas/Edicion/App/input_Direccion"), "Carrera"): Text 'Carrera' is set on object 'Object Repository/DIGITURNO/CONFIGURACION/2Distribucion Geografica/2Oficinas/Edicion/App/input_Direccion'

2023-07-11 11:48:53 - [MESSAGE][PASSED] - Text 'Carrera' is set on object 'Object Repository/DIGITURNO/CONFIGURACION/2Distribucion Geografica/2Oficinas/Edicion/App/input_Direccion'

2023-07-11 11:48:53 - [TEST_STEP][PASSED] - setText(findTestObject("DIGITURNO/CONFIGURACION/2Distribucion Geografica/2Oficinas/Edicion/App/input_Telefono"), "1234567"): Text '1234567' is set on object 'Object Repository/DIGITURNO/CONFIGURACION/2Distribucion Geografica/2Oficinas/Edicion/App/input_Telefono'

2023-07-11 11:48:54 - [MESSAGE][PASSED] - Text '1234567' is set on object 'Object Repository/DIGITURNO/CONFIGURACION/2Distribucion Geografica/2Oficinas/Edicion/App/input_Telefono'

2023-07-11 11:48:54 - [TEST_STEP][PASSED] - setText(findTestObject("DIGITURNO/CONFIGURACION/2Distribucion Geografica/2Oficinas/Edicion/App/input_Distancia minima creacion turnos (m)"), "100"): Text '100' is set on object 'Object Repository/DIGITURNO/CONFIGURACION/2Distribucion Geografica/2Oficinas/Edicion/App/input_Distancia minima creacion turnos (m)'

2023-07-11 11:48:55 - [MESSAGE][PASSED] - Text '100' is set on object 'Object Repository/DIGITURNO/CONFIGURACION/2Distribucion Geografica/2Oficinas/Edicion/App/input_Distancia minima creacion turnos (m)'

2023-07-11 11:48:55 - [TEST_STEP][PASSED] - setText(findTestObject("DIGITURNO/CONFIGURACION/2Distribucion Geografica/2Oficinas/Edicion/App/input_Cantidad de turnos para prellamado"), "2"): Text '2' is set on object 'Object Repository/DIGITURNO/CONFIGURACION/2Distribucion Geografica/2Oficinas/Edicion/App/input_Cantidad de turnos para prellamado'

2023-07-11 11:48:56 - [MESSAGE][PASSED] - Text '2' is set on object 'Object Repository/DIGITURNO/CONFIGURACION/2Distribucion Geografica/2Oficinas/Edicion/App/input_Cantidad de turnos para prellamado'

2023-07-11 11:48:56 - [TEST_STEP][PASSED] - setText(findTestObject("DIGITURNO/CONFIGURACION/2Distribucion Geografica/2Oficinas/Edicion/Coordenada Grafica/input_Longitud"), "0.0000000000"): Text '0.0000000000' is set on object 'Object Repository/DIGITURNO/CONFIGURACION/2Distribucion Geografica/2Oficinas/Edicion/Coordenada Grafica/input_Longitud'

2023-07-11 11:48:56 - [MESSAGE][PASSED] - Text '0.0000000000' is set on object 'Object Repository/DIGITURNO/CONFIGURACION/2Distribucion Geografica/2Oficinas/Edicion/Coordenada Grafica/input_Longitud'

2023-07-11 11:48:56 - [TEST_STEP][PASSED] - setText(findTestObject("DIGITURNO/CONFIGURACION/2Distribucion Geografica/2Oficinas/Edicion/Coordenada Grafica/input_Latitud"), "0.0000000000"): Text '0.0000000000' is set on object 'Object Repository/DIGITURNO/CONFIGURACION/2Distribucion Geografica/2Oficinas/Edicion/Coordenada Grafica/input_Latitud'

2023-07-11 11:48:57 - [MESSAGE][PASSED] - Text '0.0000000000' is set on object 'Object Repository/DIGITURNO/CONFIGURACION/2Distribucion Geografica/2Oficinas/Edicion/Coordenada Grafica/input_Latitud'

2023-07-11 11:48:57 - [TEST_STEP][PASSED] - scrollToPosition(0, 0): Browser is scrolled to position x = 0, y = 0

2023-07-11 11:48:57 - [MESSAGE][PASSED] - Browser is scrolled to position x = 0, y = 0

2023-07-11 11:48:57 - [TEST_STEP][PASSED] - delay(2): Delayed 2 second(s)

2023-07-11 11:48:59 - [MESSAGE][PASSED] - Delayed 2 second(s)

2023-07-11 11:48:59 - [TEST_STEP][PASSED] - click(findTestObject("DIGITURNO/CONFIGURACION/2Distribucion Geografica/2Oficinas/Edicion/img_Nuevo")): Object: 'Object Repository/DIGITURNO/CONFIGURACION/2Distribucion Geografica/2Oficinas/Edicion/img_Nuevo' is clicked on

2023-07-11 11:49:00 - [MESSAGE][PASSED] - Object: 'Object Repository/DIGITURNO/CONFIGURACION/2Distribucion Geografica/2Oficinas/Edicion/img_Nuevo' is clicked on

2023-07-11 11:49:00 - [TEST_STEP][PASSED] - delay(3): Delayed 3 second(s)

2023-07-11 11:49:03 - [MESSAGE][PASSED] - Delayed 3 second(s)

2023-07-11 11:49:03 - [TEST_STEP][PASSED] - click(findTestObject("DIGITURNO/CONFIGURACION/2Distribucion Geografica/2Oficinas/Otras Configuraciones/span_Numeradores")): Object: 'Object Repository/DIGITURNO/CONFIGURACION/2Distribucion Geografica/2Oficinas/Otras Configuraciones/span_Numeradores' is clicked on

2023-07-11 11:49:03 - [MESSAGE][PASSED] - Object: 'Object Repository/DIGITURNO/CONFIGURACION/2Distribucion Geografica/2Oficinas/Otras Configuraciones/span_Numeradores' is clicked on

2023-07-11 11:49:03 - [TEST_STEP][PASSED] - delay(3): Delayed 3 second(s)

2023-07-11 11:49:06 - [MESSAGE][PASSED] - Delayed 3 second(s)

2023-07-11 11:49:06 - [TEST_STEP][PASSED] - scrollToPosition(0, 1800): Browser is scrolled to position x = 0, y = 1800

2023-07-11 11:49:06 - [MESSAGE][PASSED] - Browser is scrolled to position x = 0, y = 1800

2023-07-11 11:49:06 - [TEST_STEP][PASSED] - delay(3): Delayed 3 second(s)

2023-07-11 11:49:09 - [MESSAGE][PASSED] - Delayed 3 second(s)

2023-07-11 11:49:09 - [TEST_STEP][PASSED] - click(findTestObject("DIGITURNO/CONFIGURACION/2Distribucion Geografica/2Oficinas/Otras Configuraciones/span_Numeradores(1)/Numeradores/td_1Numerador Bogota - CIEL")): Object: 'Object Repository/DIGITURNO/CONFIGURACION/2Distribucion Geografica/2Oficinas/Otras Configuraciones/span_Numeradores(1)/Numeradores/td_1Numerador Bogota - CIEL' is clicked on

2023-07-11 11:49:10 - [MESSAGE][PASSED] - Object: 'Object Repository/DIGITURNO/CONFIGURACION/2Distribucion Geografica/2Oficinas/Otras Configuraciones/span_Numeradores(1)/Numeradores/td_1Numerador Bogota - CIEL' is clicked on

2023-07-11 11:49:10 - [TEST_STEP][PASSED] - delay(2): Delayed 2 second(s)

2023-07-11 11:49:12 - [MESSAGE][PASSED] - Delayed 2 second(s)

2023-07-11 11:49:12 - [TEST_STEP][PASSED] - click(findTestObject("DIGITURNO/CONFIGURACION/2Distribucion Geografica/2Oficinas/Otras Configuraciones/span_Numeradores(1)/Colas del sistema/a_SeleccionarTodo")): Object: 'Object Repository/DIGITURNO/CONFIGURACION/2Distribucion Geografica/2Oficinas/Otras Configuraciones/span_Numeradores(1)/Colas del sistema/a_SeleccionarTodo' is clicked on

2023-07-11 11:49:12 - [MESSAGE][PASSED] - Object: 'Object Repository/DIGITURNO/CONFIGURACION/2Distribucion Geografica/2Oficinas/Otras Configuraciones/span_Numeradores(1)/Colas del sistema/a_SeleccionarTodo' is clicked on

2023-07-11 11:49:12 - [TEST_STEP][PASSED] - delay(2): Delayed 2 second(s)

2023-07-11 11:49:14 - [MESSAGE][PASSED] - Delayed 2 second(s)

2023-07-11 11:49:14 - [TEST_STEP][PASSED] - click(findTestObject("DIGITURNO/CONFIGURACION/2Distribucion Geografica/2Oficinas/Otras Configuraciones/span_Numeradores(1)/Numeradores/img_Relacionar colas")): Object: 'Object Repository/DIGITURNO/CONFIGURACION/2Distribucion Geografica/2Oficinas/Otras Configuraciones/span_Numeradores(1)/Numeradores/img_Relacionar colas' is clicked on

2023-07-11 11:49:15 - [MESSAGE][PASSED] - Object: 'Object Repository/DIGITURNO/CONFIGURACION/2Distribucion Geografica/2Oficinas/Otras Configuraciones/span_Numeradores(1)/Numeradores/img_Relacionar colas' is clicked on

2023-07-11 11:49:15 - [TEST_STEP][PASSED] - delay(3): Delayed 3 second(s)

2023-07-11 11:49:18 - [MESSAGE][PASSED] - Delayed 3 second(s)

2023-07-11 11:49:18 - [TEST_STEP][PASSED] - takeFullPageScreenshot(): Taking screenshot successfully

2023-07-11 11:49:18 - [MESSAGE][INFO] - 0 hidden object(s)

2023-07-11 11:49:19 - [MESSAGE][PASSED] - Taking screenshot successfully
[[ATTACHMENT|C:\\CIEL INGENIERIA\\Katalon\\Digiturno55\\Reports\\20230711_113602\\DIGITURNO\\BASICO\\23 Oficinas Crear Actualizar Eliminar\\20230711_113619\\1689094158050.png]]

2023-07-11 11:49:19 - [TEST_STEP][PASSED] - delay(3): Delayed 3 second(s)

2023-07-11 11:49:22 - [MESSAGE][PASSED] - Delayed 3 second(s)

2023-07-11 11:49:22 - [TEST_STEP][PASSED] - Start listener action : sampleAfterTestCase: null]]></system-out>
         <system-err><![CDATA[]]></system-err>
      </testcase>
      <testcase name="Test Cases/DIGITURNO/BASICO/23 Oficinas Actualizar" time="41.956" classname="Test Cases/DIGITURNO/BASICO/23 Oficinas Actualizar" status="PASSED">
         <system-out><![CDATA[2023-07-11 11:49:22 - [TEST_CASE][PASSED] - Test Cases/DIGITURNO/BASICO/23 Oficinas Actualizar: Test Cases/DIGITURNO/BASICO/23 Oficinas Actualizar

2023-07-11 11:49:22 - [TEST_STEP][PASSED] - callTestCase(findTestCase("DIGITURNO/BASICO/21 Distribucion Geografica"), [:], STOP_ON_FAILURE): Call Test Case 'Test Cases/DIGITURNO/BASICO/21 Distribucion Geografica' successfully

2023-07-11 11:49:22 - [TEST_CASE][PASSED] - Test Cases/DIGITURNO/BASICO/21 Distribucion Geografica: Test Cases/DIGITURNO/BASICO/21 Distribucion Geografica

2023-07-11 11:49:22 - [TEST_STEP][PASSED] - callTestCase(findTestCase("0InicioSesion"), [:], STOP_ON_FAILURE): Call Test Case 'Test Cases/0InicioSesion' successfully

2023-07-11 11:49:22 - [TEST_CASE][PASSED] - Test Cases/0InicioSesion: Test Cases/0InicioSesion

2023-07-11 11:49:22 - [TEST_STEP][PASSED] - openBrowser(UrlDigiturno): Browser is opened with url: 'https://PCPruebas101.ciel.cielingenieria.com:8810'

2023-07-11 11:49:22 - [MESSAGE][WARNING] - A browser is already opened. Closing browser and opening a new one

2023-07-11 11:49:23 - [MESSAGE][INFO] - Starting 'Chrome' driver

2023-07-11 11:49:23 - [MESSAGE][INFO] - User set preference: ['args', '[--use-fake-ui-for-media-stream, --disable-notifications]']

2023-07-11 11:49:23 - [MESSAGE][INFO] - Action delay is set to 0 milliseconds

2023-07-11 11:49:25 - [MESSAGE][PASSED] - Browser is opened with url: 'https://PCPruebas101.ciel.cielingenieria.com:8810'

2023-07-11 11:49:25 - [TEST_STEP][PASSED] - maximizeWindow(): Current window maximized

2023-07-11 11:49:25 - [MESSAGE][PASSED] - Current window maximized

2023-07-11 11:49:25 - [TEST_STEP][PASSED] - delay(3): Delayed 3 second(s)

2023-07-11 11:49:28 - [MESSAGE][PASSED] - Delayed 3 second(s)

2023-07-11 11:49:28 - [TEST_STEP][PASSED] - setText(findTestObject("0Inicio Sesion/input_Usuario"), "Ciel"): Text 'Ciel' is set on object 'Object Repository/0Inicio Sesion/input_Usuario'

2023-07-11 11:49:29 - [MESSAGE][PASSED] - Text 'Ciel' is set on object 'Object Repository/0Inicio Sesion/input_Usuario'

2023-07-11 11:49:29 - [TEST_STEP][PASSED] - setText(findTestObject("0Inicio Sesion/input_Clave"), "digiturno"): Text 'digiturno' is set on object 'Object Repository/0Inicio Sesion/input_Clave'

2023-07-11 11:49:29 - [MESSAGE][PASSED] - Text 'digiturno' is set on object 'Object Repository/0Inicio Sesion/input_Clave'

2023-07-11 11:49:30 - [TEST_STEP][PASSED] - click(findTestObject("0Inicio Sesion/btn_IniciarSesion")): Object: 'Object Repository/0Inicio Sesion/btn_IniciarSesion' is clicked on

2023-07-11 11:49:30 - [MESSAGE][PASSED] - Object: 'Object Repository/0Inicio Sesion/btn_IniciarSesion' is clicked on

2023-07-11 11:49:30 - [TEST_STEP][PASSED] - delay(3): Delayed 3 second(s)

2023-07-11 11:49:33 - [MESSAGE][PASSED] - Delayed 3 second(s)

2023-07-11 11:49:33 - [MESSAGE][PASSED] - Call Test Case 'Test Cases/0InicioSesion' successfully

2023-07-11 11:49:33 - [TEST_STEP][PASSED] - click(findTestObject("DIGITURNO/1Principal/img_Configuracion(1)")): Object: 'Object Repository/DIGITURNO/1Principal/img_Configuracion(1)' is clicked on

2023-07-11 11:49:34 - [MESSAGE][PASSED] - Object: 'Object Repository/DIGITURNO/1Principal/img_Configuracion(1)' is clicked on

2023-07-11 11:49:34 - [TEST_STEP][PASSED] - delay(3): Delayed 3 second(s)

2023-07-11 11:49:37 - [MESSAGE][PASSED] - Delayed 3 second(s)

2023-07-11 11:49:37 - [TEST_STEP][PASSED] - click(findTestObject("DIGITURNO/CONFIGURACION/0Principal/img_2Distribucion Geografica")): Object: 'Object Repository/DIGITURNO/CONFIGURACION/0Principal/img_2Distribucion Geografica' is clicked on

2023-07-11 11:49:37 - [MESSAGE][PASSED] - Object: 'Object Repository/DIGITURNO/CONFIGURACION/0Principal/img_2Distribucion Geografica' is clicked on

2023-07-11 11:49:37 - [TEST_STEP][PASSED] - delay(3): Delayed 3 second(s)

2023-07-11 11:49:40 - [MESSAGE][PASSED] - Delayed 3 second(s)

2023-07-11 11:49:40 - [TEST_STEP][PASSED] - takeFullPageScreenshot(): Taking screenshot successfully

2023-07-11 11:49:41 - [MESSAGE][INFO] - 0 hidden object(s)

2023-07-11 11:49:41 - [MESSAGE][PASSED] - Taking screenshot successfully
[[ATTACHMENT|C:\\CIEL INGENIERIA\\Katalon\\Digiturno55\\Reports\\20230711_113602\\DIGITURNO\\BASICO\\23 Oficinas Crear Actualizar Eliminar\\20230711_113619\\1689094180633.png]]

2023-07-11 11:49:41 - [TEST_STEP][PASSED] - delay(3): Delayed 3 second(s)

2023-07-11 11:49:44 - [MESSAGE][PASSED] - Delayed 3 second(s)

2023-07-11 11:49:44 - [MESSAGE][PASSED] - Call Test Case 'Test Cases/DIGITURNO/BASICO/21 Distribucion Geografica' successfully

2023-07-11 11:49:44 - [TEST_STEP][PASSED] - click(findTestObject("DIGITURNO/CONFIGURACION/2Distribucion Geografica/0Principal/img_2Oficinas")): Object: 'Object Repository/DIGITURNO/CONFIGURACION/2Distribucion Geografica/0Principal/img_2Oficinas' is clicked on

2023-07-11 11:49:45 - [MESSAGE][PASSED] - Object: 'Object Repository/DIGITURNO/CONFIGURACION/2Distribucion Geografica/0Principal/img_2Oficinas' is clicked on

2023-07-11 11:49:45 - [TEST_STEP][PASSED] - delay(2): Delayed 2 second(s)

2023-07-11 11:49:47 - [MESSAGE][PASSED] - Delayed 2 second(s)

2023-07-11 11:49:47 - [TEST_STEP][PASSED] - setText(findTestObject("DIGITURNO/CONFIGURACION/2Distribucion Geografica/2Oficinas/Lista de oficinas/input_TextoABuscar"), "Prueba"): Text 'Prueba' is set on object 'Object Repository/DIGITURNO/CONFIGURACION/2Distribucion Geografica/2Oficinas/Lista de oficinas/input_TextoABuscar'

2023-07-11 11:49:47 - [MESSAGE][PASSED] - Text 'Prueba' is set on object 'Object Repository/DIGITURNO/CONFIGURACION/2Distribucion Geografica/2Oficinas/Lista de oficinas/input_TextoABuscar'

2023-07-11 11:49:47 - [TEST_STEP][PASSED] - click(findTestObject("DIGITURNO/CONFIGURACION/2Distribucion Geografica/2Oficinas/Lista de oficinas/img_Filtrar")): Object: 'Object Repository/DIGITURNO/CONFIGURACION/2Distribucion Geografica/2Oficinas/Lista de oficinas/img_Filtrar' is clicked on

2023-07-11 11:49:48 - [MESSAGE][PASSED] - Object: 'Object Repository/DIGITURNO/CONFIGURACION/2Distribucion Geografica/2Oficinas/Lista de oficinas/img_Filtrar' is clicked on

2023-07-11 11:49:48 - [TEST_STEP][PASSED] - delay(2): Delayed 2 second(s)

2023-07-11 11:49:50 - [MESSAGE][PASSED] - Delayed 2 second(s)

2023-07-11 11:49:50 - [TEST_STEP][PASSED] - click(findTestObject("DIGITURNO/CONFIGURACION/2Distribucion Geografica/2Oficinas/Lista de oficinas/td_1 Seleccion Busqueda")): Object: 'Object Repository/DIGITURNO/CONFIGURACION/2Distribucion Geografica/2Oficinas/Lista de oficinas/td_1 Seleccion Busqueda' is clicked on

2023-07-11 11:49:50 - [MESSAGE][PASSED] - Object: 'Object Repository/DIGITURNO/CONFIGURACION/2Distribucion Geografica/2Oficinas/Lista de oficinas/td_1 Seleccion Busqueda' is clicked on

2023-07-11 11:49:50 - [TEST_STEP][PASSED] - delay(2): Delayed 2 second(s)

2023-07-11 11:49:52 - [MESSAGE][PASSED] - Delayed 2 second(s)

2023-07-11 11:49:52 - [TEST_STEP][PASSED] - scrollToPosition(0, 1600): Browser is scrolled to position x = 0, y = 1600

2023-07-11 11:49:52 - [MESSAGE][PASSED] - Browser is scrolled to position x = 0, y = 1600

2023-07-11 11:49:52 - [TEST_STEP][PASSED] - delay(3): Delayed 3 second(s)

2023-07-11 11:49:55 - [MESSAGE][PASSED] - Delayed 3 second(s)

2023-07-11 11:49:55 - [TEST_STEP][PASSED] - click(findTestObject("DIGITURNO/CONFIGURACION/2Distribucion Geografica/2Oficinas/Otras Configuraciones/span_Colas(1)/a__SeleccionarTodo")): Object: 'Object Repository/DIGITURNO/CONFIGURACION/2Distribucion Geografica/2Oficinas/Otras Configuraciones/span_Colas(1)/a__SeleccionarTodo' is clicked on

2023-07-11 11:49:56 - [MESSAGE][PASSED] - Object: 'Object Repository/DIGITURNO/CONFIGURACION/2Distribucion Geografica/2Oficinas/Otras Configuraciones/span_Colas(1)/a__SeleccionarTodo' is clicked on

2023-07-11 11:49:56 - [TEST_STEP][PASSED] - click(findTestObject("DIGITURNO/CONFIGURACION/2Distribucion Geografica/2Oficinas/Otras Configuraciones/span_Colas(1)/img_Eliminar")): Object: 'Object Repository/DIGITURNO/CONFIGURACION/2Distribucion Geografica/2Oficinas/Otras Configuraciones/span_Colas(1)/img_Eliminar' is clicked on

2023-07-11 11:49:56 - [MESSAGE][PASSED] - Object: 'Object Repository/DIGITURNO/CONFIGURACION/2Distribucion Geografica/2Oficinas/Otras Configuraciones/span_Colas(1)/img_Eliminar' is clicked on

2023-07-11 11:49:56 - [TEST_STEP][PASSED] - click(findTestObject("DIGITURNO/CONFIGURACION/2Distribucion Geografica/2Oficinas/Otras Configuraciones/span_Colas(1)/img_Eliminar")): Object: 'Object Repository/DIGITURNO/CONFIGURACION/2Distribucion Geografica/2Oficinas/Otras Configuraciones/span_Colas(1)/img_Eliminar' is clicked on

2023-07-11 11:49:56 - [MESSAGE][PASSED] - Object: 'Object Repository/DIGITURNO/CONFIGURACION/2Distribucion Geografica/2Oficinas/Otras Configuraciones/span_Colas(1)/img_Eliminar' is clicked on

2023-07-11 11:49:56 - [TEST_STEP][PASSED] - acceptAlert(): Alert accepted

2023-07-11 11:49:57 - [MESSAGE][PASSED] - Alert accepted

2023-07-11 11:49:57 - [TEST_STEP][PASSED] - delay(3): Delayed 3 second(s)

2023-07-11 11:50:00 - [MESSAGE][PASSED] - Delayed 3 second(s)

2023-07-11 11:50:00 - [TEST_STEP][PASSED] - takeFullPageScreenshot(): Taking screenshot successfully

2023-07-11 11:50:00 - [MESSAGE][INFO] - 0 hidden object(s)

2023-07-11 11:50:01 - [MESSAGE][PASSED] - Taking screenshot successfully
[[ATTACHMENT|C:\\CIEL INGENIERIA\\Katalon\\Digiturno55\\Reports\\20230711_113602\\DIGITURNO\\BASICO\\23 Oficinas Crear Actualizar Eliminar\\20230711_113619\\1689094200039.png]]

2023-07-11 11:50:01 - [TEST_STEP][PASSED] - delay(3): Delayed 3 second(s)

2023-07-11 11:50:04 - [MESSAGE][PASSED] - Delayed 3 second(s)

2023-07-11 11:50:04 - [TEST_STEP][PASSED] - Start listener action : sampleAfterTestCase: null]]></system-out>
         <system-err><![CDATA[]]></system-err>
      </testcase>
      <testcase name="Test Cases/DIGITURNO/BASICO/23 Oficinas Eliminar" time="38.567" classname="Test Cases/DIGITURNO/BASICO/23 Oficinas Eliminar" status="PASSED">
         <system-out><![CDATA[2023-07-11 11:50:04 - [TEST_CASE][PASSED] - Test Cases/DIGITURNO/BASICO/23 Oficinas Eliminar: Test Cases/DIGITURNO/BASICO/23 Oficinas Eliminar

2023-07-11 11:50:04 - [TEST_STEP][PASSED] - callTestCase(findTestCase("DIGITURNO/BASICO/21 Distribucion Geografica"), [:], STOP_ON_FAILURE): Call Test Case 'Test Cases/DIGITURNO/BASICO/21 Distribucion Geografica' successfully

2023-07-11 11:50:04 - [TEST_CASE][PASSED] - Test Cases/DIGITURNO/BASICO/21 Distribucion Geografica: Test Cases/DIGITURNO/BASICO/21 Distribucion Geografica

2023-07-11 11:50:04 - [TEST_STEP][PASSED] - callTestCase(findTestCase("0InicioSesion"), [:], STOP_ON_FAILURE): Call Test Case 'Test Cases/0InicioSesion' successfully

2023-07-11 11:50:04 - [TEST_CASE][PASSED] - Test Cases/0InicioSesion: Test Cases/0InicioSesion

2023-07-11 11:50:04 - [TEST_STEP][PASSED] - openBrowser(UrlDigiturno): Browser is opened with url: 'https://PCPruebas101.ciel.cielingenieria.com:8810'

2023-07-11 11:50:04 - [MESSAGE][WARNING] - A browser is already opened. Closing browser and opening a new one

2023-07-11 11:50:05 - [MESSAGE][INFO] - Starting 'Chrome' driver

2023-07-11 11:50:05 - [MESSAGE][INFO] - User set preference: ['args', '[--use-fake-ui-for-media-stream, --disable-notifications]']

2023-07-11 11:50:05 - [MESSAGE][INFO] - Action delay is set to 0 milliseconds

2023-07-11 11:50:06 - [MESSAGE][PASSED] - Browser is opened with url: 'https://PCPruebas101.ciel.cielingenieria.com:8810'

2023-07-11 11:50:06 - [TEST_STEP][PASSED] - maximizeWindow(): Current window maximized

2023-07-11 11:50:07 - [MESSAGE][PASSED] - Current window maximized

2023-07-11 11:50:07 - [TEST_STEP][PASSED] - delay(3): Delayed 3 second(s)

2023-07-11 11:50:10 - [MESSAGE][PASSED] - Delayed 3 second(s)

2023-07-11 11:50:10 - [TEST_STEP][PASSED] - setText(findTestObject("0Inicio Sesion/input_Usuario"), "Ciel"): Text 'Ciel' is set on object 'Object Repository/0Inicio Sesion/input_Usuario'

2023-07-11 11:50:10 - [MESSAGE][PASSED] - Text 'Ciel' is set on object 'Object Repository/0Inicio Sesion/input_Usuario'

2023-07-11 11:50:10 - [TEST_STEP][PASSED] - setText(findTestObject("0Inicio Sesion/input_Clave"), "digiturno"): Text 'digiturno' is set on object 'Object Repository/0Inicio Sesion/input_Clave'

2023-07-11 11:50:11 - [MESSAGE][PASSED] - Text 'digiturno' is set on object 'Object Repository/0Inicio Sesion/input_Clave'

2023-07-11 11:50:11 - [TEST_STEP][PASSED] - click(findTestObject("0Inicio Sesion/btn_IniciarSesion")): Object: 'Object Repository/0Inicio Sesion/btn_IniciarSesion' is clicked on

2023-07-11 11:50:11 - [MESSAGE][PASSED] - Object: 'Object Repository/0Inicio Sesion/btn_IniciarSesion' is clicked on

2023-07-11 11:50:11 - [TEST_STEP][PASSED] - delay(3): Delayed 3 second(s)

2023-07-11 11:50:14 - [MESSAGE][PASSED] - Delayed 3 second(s)

2023-07-11 11:50:14 - [MESSAGE][PASSED] - Call Test Case 'Test Cases/0InicioSesion' successfully

2023-07-11 11:50:14 - [TEST_STEP][PASSED] - click(findTestObject("DIGITURNO/1Principal/img_Configuracion(1)")): Object: 'Object Repository/DIGITURNO/1Principal/img_Configuracion(1)' is clicked on

2023-07-11 11:50:15 - [MESSAGE][PASSED] - Object: 'Object Repository/DIGITURNO/1Principal/img_Configuracion(1)' is clicked on

2023-07-11 11:50:15 - [TEST_STEP][PASSED] - delay(3): Delayed 3 second(s)

2023-07-11 11:50:18 - [MESSAGE][PASSED] - Delayed 3 second(s)

2023-07-11 11:50:18 - [TEST_STEP][PASSED] - click(findTestObject("DIGITURNO/CONFIGURACION/0Principal/img_2Distribucion Geografica")): Object: 'Object Repository/DIGITURNO/CONFIGURACION/0Principal/img_2Distribucion Geografica' is clicked on

2023-07-11 11:50:18 - [MESSAGE][PASSED] - Object: 'Object Repository/DIGITURNO/CONFIGURACION/0Principal/img_2Distribucion Geografica' is clicked on

2023-07-11 11:50:18 - [TEST_STEP][PASSED] - delay(3): Delayed 3 second(s)

2023-07-11 11:50:21 - [MESSAGE][PASSED] - Delayed 3 second(s)

2023-07-11 11:50:21 - [TEST_STEP][PASSED] - takeFullPageScreenshot(): Taking screenshot successfully

2023-07-11 11:50:22 - [MESSAGE][INFO] - 0 hidden object(s)

2023-07-11 11:50:22 - [MESSAGE][PASSED] - Taking screenshot successfully
[[ATTACHMENT|C:\\CIEL INGENIERIA\\Katalon\\Digiturno55\\Reports\\20230711_113602\\DIGITURNO\\BASICO\\23 Oficinas Crear Actualizar Eliminar\\20230711_113619\\1689094221923.png]]

2023-07-11 11:50:22 - [TEST_STEP][PASSED] - delay(3): Delayed 3 second(s)

2023-07-11 11:50:25 - [MESSAGE][PASSED] - Delayed 3 second(s)

2023-07-11 11:50:25 - [MESSAGE][PASSED] - Call Test Case 'Test Cases/DIGITURNO/BASICO/21 Distribucion Geografica' successfully

2023-07-11 11:50:25 - [TEST_STEP][PASSED] - click(findTestObject("DIGITURNO/CONFIGURACION/2Distribucion Geografica/0Principal/img_2Oficinas")): Object: 'Object Repository/DIGITURNO/CONFIGURACION/2Distribucion Geografica/0Principal/img_2Oficinas' is clicked on

2023-07-11 11:50:26 - [MESSAGE][PASSED] - Object: 'Object Repository/DIGITURNO/CONFIGURACION/2Distribucion Geografica/0Principal/img_2Oficinas' is clicked on

2023-07-11 11:50:26 - [TEST_STEP][PASSED] - delay(2): Delayed 2 second(s)

2023-07-11 11:50:28 - [MESSAGE][PASSED] - Delayed 2 second(s)

2023-07-11 11:50:28 - [TEST_STEP][PASSED] - setText(findTestObject("DIGITURNO/CONFIGURACION/2Distribucion Geografica/2Oficinas/Lista de oficinas/input_TextoABuscar"), "Prueba"): Text 'Prueba' is set on object 'Object Repository/DIGITURNO/CONFIGURACION/2Distribucion Geografica/2Oficinas/Lista de oficinas/input_TextoABuscar'

2023-07-11 11:50:29 - [MESSAGE][PASSED] - Text 'Prueba' is set on object 'Object Repository/DIGITURNO/CONFIGURACION/2Distribucion Geografica/2Oficinas/Lista de oficinas/input_TextoABuscar'

2023-07-11 11:50:29 - [TEST_STEP][PASSED] - click(findTestObject("DIGITURNO/CONFIGURACION/2Distribucion Geografica/2Oficinas/Lista de oficinas/img_Filtrar"), STOP_ON_FAILURE): Object: 'Object Repository/DIGITURNO/CONFIGURACION/2Distribucion Geografica/2Oficinas/Lista de oficinas/img_Filtrar' is clicked on

2023-07-11 11:50:29 - [MESSAGE][PASSED] - Object: 'Object Repository/DIGITURNO/CONFIGURACION/2Distribucion Geografica/2Oficinas/Lista de oficinas/img_Filtrar' is clicked on

2023-07-11 11:50:29 - [TEST_STEP][PASSED] - delay(2): Delayed 2 second(s)

2023-07-11 11:50:31 - [MESSAGE][PASSED] - Delayed 2 second(s)

2023-07-11 11:50:31 - [TEST_STEP][PASSED] - click(findTestObject("DIGITURNO/CONFIGURACION/2Distribucion Geografica/2Oficinas/Lista de oficinas/td_1 Seleccion Busqueda")): Object: 'Object Repository/DIGITURNO/CONFIGURACION/2Distribucion Geografica/2Oficinas/Lista de oficinas/td_1 Seleccion Busqueda' is clicked on

2023-07-11 11:50:32 - [MESSAGE][PASSED] - Object: 'Object Repository/DIGITURNO/CONFIGURACION/2Distribucion Geografica/2Oficinas/Lista de oficinas/td_1 Seleccion Busqueda' is clicked on

2023-07-11 11:50:32 - [TEST_STEP][PASSED] - delay(3): Delayed 3 second(s)

2023-07-11 11:50:35 - [MESSAGE][PASSED] - Delayed 3 second(s)

2023-07-11 11:50:35 - [TEST_STEP][PASSED] - click(findTestObject("DIGITURNO/CONFIGURACION/2Distribucion Geografica/2Oficinas/Edicion/img_Eliminar"), STOP_ON_FAILURE): Object: 'Object Repository/DIGITURNO/CONFIGURACION/2Distribucion Geografica/2Oficinas/Edicion/img_Eliminar' is clicked on

2023-07-11 11:50:35 - [MESSAGE][PASSED] - Object: 'Object Repository/DIGITURNO/CONFIGURACION/2Distribucion Geografica/2Oficinas/Edicion/img_Eliminar' is clicked on

2023-07-11 11:50:35 - [TEST_STEP][PASSED] - click(findTestObject("DIGITURNO/CONFIGURACION/2Distribucion Geografica/2Oficinas/Edicion/img_Eliminar")): Object: 'Object Repository/DIGITURNO/CONFIGURACION/2Distribucion Geografica/2Oficinas/Edicion/img_Eliminar' is clicked on

2023-07-11 11:50:35 - [MESSAGE][PASSED] - Object: 'Object Repository/DIGITURNO/CONFIGURACION/2Distribucion Geografica/2Oficinas/Edicion/img_Eliminar' is clicked on

2023-07-11 11:50:35 - [TEST_STEP][PASSED] - acceptAlert(): Alert accepted

2023-07-11 11:50:35 - [MESSAGE][PASSED] - Alert accepted

2023-07-11 11:50:35 - [TEST_STEP][PASSED] - delay(3): Delayed 3 second(s)

2023-07-11 11:50:38 - [MESSAGE][PASSED] - Delayed 3 second(s)

2023-07-11 11:50:38 - [TEST_STEP][PASSED] - takeFullPageScreenshot(): Taking screenshot successfully

2023-07-11 11:50:39 - [MESSAGE][INFO] - 0 hidden object(s)

2023-07-11 11:50:39 - [MESSAGE][PASSED] - Taking screenshot successfully
[[ATTACHMENT|C:\\CIEL INGENIERIA\\Katalon\\Digiturno55\\Reports\\20230711_113602\\DIGITURNO\\BASICO\\23 Oficinas Crear Actualizar Eliminar\\20230711_113619\\1689094238825.png]]

2023-07-11 11:50:39 - [TEST_STEP][PASSED] - delay(3): Delayed 3 second(s)

2023-07-11 11:50:42 - [MESSAGE][PASSED] - Delayed 3 second(s)

2023-07-11 11:50:42 - [TEST_STEP][PASSED] - Start listener action : sampleAfterTestCase: null]]></system-out>
         <system-err><![CDATA[]]></system-err>
      </testcase>
      <system-out><![CDATA[2023-07-11 11:48:08 - [TEST_SUITE][PASSED] - 23 Oficinas Crear Actualizar Eliminar: Test Cases/DIGITURNO/BASICO/23 Oficinas Eliminar]]></system-out>
      <system-err><![CDATA[]]></system-err>
   </testsuite>
</testsuites>
