<?xml version="1.0" encoding="UTF-8"?>
<testsuites name="42 Prioridades Crear Eliminar" time="86.826" tests="2" failures="0" errors="0">
   <testsuite name="42 Prioridades Crear Eliminar" tests="2" failures="0" errors="0" time="86.826" skipped="0" timestamp="2023-08-14 14:49:24" hostname="jdavila - PCPruebas101.ciel.cielingenieria.com" id="Test Suites/DIGITURNO/BASICO/42 Prioridades Crear Eliminar">
      <properties>
         <property name="deviceName" value=""/>
         <property name="devicePlatform" value=""/>
         <property name="logFolder" value="C:\\CIEL INGENIERIA\\Katalon\\Digiturno55\\Reports\\20230814_141235\\DIGITURNO\\BASICO\\42 Prioridades Crear Eliminar\\20230814_141324"/>
         <property name="logFiles" value="C:\\CIEL INGENIERIA\\Katalon\\Digiturno55\\Reports\\20230814_141235\\DIGITURNO\\BASICO\\42 Prioridades Crear Eliminar\\20230814_141324\\execution0.log"/>
         <property name="attachments" value="C:\\CIEL INGENIERIA\\Katalon\\Digiturno55\\Reports\\20230814_141235\\DIGITURNO\\BASICO\\42 Prioridades Crear Eliminar\\20230814_141324\\1692042580246.png, C:\\CIEL INGENIERIA\\Katalon\\Digiturno55\\Reports\\20230814_141235\\DIGITURNO\\BASICO\\42 Prioridades Crear Eliminar\\20230814_141324\\1692042587502.png, C:\\CIEL INGENIERIA\\Katalon\\Digiturno55\\Reports\\20230814_141235\\DIGITURNO\\BASICO\\42 Prioridades Crear Eliminar\\20230814_141324\\1692042603834.png, C:\\CIEL INGENIERIA\\Katalon\\Digiturno55\\Reports\\20230814_141235\\DIGITURNO\\BASICO\\42 Prioridades Crear Eliminar\\20230814_141324\\1692042621997.png, C:\\CIEL INGENIERIA\\Katalon\\Digiturno55\\Reports\\20230814_141235\\DIGITURNO\\BASICO\\42 Prioridades Crear Eliminar\\20230814_141324\\1692042629160.png, C:\\CIEL INGENIERIA\\Katalon\\Digiturno55\\Reports\\20230814_141235\\DIGITURNO\\BASICO\\42 Prioridades Crear Eliminar\\20230814_141324\\1692042647345.png"/>
         <property name="hostName" value="jdavila - PCPruebas101.ciel.cielingenieria.com"/>
         <property name="os" value="Windows 10 64bit"/>
         <property name="katalonVersion" value="8.6.0.208"/>
         <property name="browser" value="Chrome 115.0.0.0"/>
         <property name="hostAddress" value="192.168.0.33"/>
         <property name="sessionId" value="bcffae72e5aeebece6aaf5a508f82ae6"/>
         <property name="seleniumVersion" value="3.141.59"/>
         <property name="proxyInformation" value="ProxyInformation { proxyOption=NO_PROXY, proxyServerType=HTTP, username=, password=********, proxyServerAddress=, proxyServerPort=0, executionList=&quot;&quot;, isApplyToDesiredCapabilities=true }"/>
         <property name="platform" value="Windows 10"/>
      </properties>
      <testcase name="Test Cases/DIGITURNO/BASICO/42 Prioridades Crear" time="43.047" classname="Test Cases/DIGITURNO/BASICO/42 Prioridades Crear" status="PASSED">
         <system-out><![CDATA[2023-08-14 14:49:24 - [TEST_CASE][PASSED] - Test Cases/DIGITURNO/BASICO/42 Prioridades Crear: Test Cases/DIGITURNO/BASICO/42 Prioridades Crear

2023-08-14 14:49:24 - [TEST_STEP][PASSED] - callTestCase(findTestCase("DIGITURNO/BASICO/39 Modelo de atencion"), [:], STOP_ON_FAILURE): Call Test Case 'Test Cases/DIGITURNO/BASICO/39 Modelo de atencion' successfully

2023-08-14 14:49:24 - [TEST_CASE][PASSED] - Test Cases/DIGITURNO/BASICO/39 Modelo de atencion: Test Cases/DIGITURNO/BASICO/39 Modelo de atencion

2023-08-14 14:49:24 - [TEST_STEP][PASSED] - callTestCase(findTestCase("DIGITURNO/BASICO/3 Configuracion"), [:], STOP_ON_FAILURE): Call Test Case 'Test Cases/DIGITURNO/BASICO/3 Configuracion' successfully

2023-08-14 14:49:25 - [TEST_CASE][PASSED] - Test Cases/DIGITURNO/BASICO/3 Configuracion: Test Cases/DIGITURNO/BASICO/3 Configuracion

2023-08-14 14:49:25 - [TEST_STEP][PASSED] - callTestCase(findTestCase("0InicioSesion"), [:], STOP_ON_FAILURE): Call Test Case 'Test Cases/0InicioSesion' successfully

2023-08-14 14:49:25 - [TEST_CASE][PASSED] - Test Cases/0InicioSesion: Test Cases/0InicioSesion

2023-08-14 14:49:25 - [TEST_STEP][PASSED] - openBrowser(UrlDigiturno): Browser is opened with url: 'https://PCPruebas101.ciel.cielingenieria.com:8610'

2023-08-14 14:49:25 - [MESSAGE][INFO] - Starting 'Chrome' driver

2023-08-14 14:49:25 - [MESSAGE][INFO] - User set preference: ['args', '[--use-fake-ui-for-media-stream, --disable-notifications]']

2023-08-14 14:49:26 - [MESSAGE][INFO] - Action delay is set to 0 milliseconds

2023-08-14 14:49:28 - [MESSAGE][PASSED] - Browser is opened with url: 'https://PCPruebas101.ciel.cielingenieria.com:8610'

2023-08-14 14:49:28 - [TEST_STEP][PASSED] - maximizeWindow(): Current window maximized

2023-08-14 14:49:28 - [MESSAGE][PASSED] - Current window maximized

2023-08-14 14:49:28 - [TEST_STEP][PASSED] - delay(3): Delayed 3 second(s)

2023-08-14 14:49:31 - [MESSAGE][PASSED] - Delayed 3 second(s)

2023-08-14 14:49:31 - [TEST_STEP][PASSED] - setText(findTestObject("0Inicio Sesion/input_Usuario"), "Ciel"): Text 'Ciel' is set on object 'Object Repository/0Inicio Sesion/input_Usuario'

2023-08-14 14:49:32 - [MESSAGE][PASSED] - Text 'Ciel' is set on object 'Object Repository/0Inicio Sesion/input_Usuario'

2023-08-14 14:49:32 - [TEST_STEP][PASSED] - setText(findTestObject("0Inicio Sesion/input_Clave"), "digiturno"): Text 'digiturno' is set on object 'Object Repository/0Inicio Sesion/input_Clave'

2023-08-14 14:49:33 - [MESSAGE][PASSED] - Text 'digiturno' is set on object 'Object Repository/0Inicio Sesion/input_Clave'

2023-08-14 14:49:33 - [TEST_STEP][PASSED] - click(findTestObject("0Inicio Sesion/btn_IniciarSesion")): Object: 'Object Repository/0Inicio Sesion/btn_IniciarSesion' is clicked on

2023-08-14 14:49:33 - [MESSAGE][PASSED] - Object: 'Object Repository/0Inicio Sesion/btn_IniciarSesion' is clicked on

2023-08-14 14:49:33 - [TEST_STEP][PASSED] - delay(3): Delayed 3 second(s)

2023-08-14 14:49:36 - [MESSAGE][PASSED] - Delayed 3 second(s)

2023-08-14 14:49:36 - [MESSAGE][PASSED] - Call Test Case 'Test Cases/0InicioSesion' successfully

2023-08-14 14:49:36 - [TEST_STEP][PASSED] - click(findTestObject("DIGITURNO/1Principal/img_Configuracion(1)")): Object: 'Object Repository/DIGITURNO/1Principal/img_Configuracion(1)' is clicked on

2023-08-14 14:49:37 - [MESSAGE][PASSED] - Object: 'Object Repository/DIGITURNO/1Principal/img_Configuracion(1)' is clicked on

2023-08-14 14:49:37 - [TEST_STEP][PASSED] - delay(3): Delayed 3 second(s)

2023-08-14 14:49:40 - [MESSAGE][PASSED] - Delayed 3 second(s)

2023-08-14 14:49:40 - [TEST_STEP][PASSED] - takeFullPageScreenshot(): Taking screenshot successfully

2023-08-14 14:49:40 - [MESSAGE][INFO] - 0 hidden object(s)

2023-08-14 14:49:40 - [MESSAGE][PASSED] - Taking screenshot successfully
[[ATTACHMENT|C:\\CIEL INGENIERIA\\Katalon\\Digiturno55\\Reports\\20230814_141235\\DIGITURNO\\BASICO\\42 Prioridades Crear Eliminar\\20230814_141324\\1692042580246.png]]

2023-08-14 14:49:40 - [TEST_STEP][PASSED] - delay(3): Delayed 3 second(s)

2023-08-14 14:49:43 - [MESSAGE][PASSED] - Delayed 3 second(s)

2023-08-14 14:49:43 - [MESSAGE][PASSED] - Call Test Case 'Test Cases/DIGITURNO/BASICO/3 Configuracion' successfully

2023-08-14 14:49:43 - [TEST_STEP][PASSED] - click(findTestObject("DIGITURNO/CONFIGURACION/0Principal/img_1Modelo de atencion")): Object: 'Object Repository/DIGITURNO/CONFIGURACION/0Principal/img_1Modelo de atencion' is clicked on

2023-08-14 14:49:44 - [MESSAGE][PASSED] - Object: 'Object Repository/DIGITURNO/CONFIGURACION/0Principal/img_1Modelo de atencion' is clicked on

2023-08-14 14:49:44 - [TEST_STEP][PASSED] - delay(3): Delayed 3 second(s)

2023-08-14 14:49:47 - [MESSAGE][PASSED] - Delayed 3 second(s)

2023-08-14 14:49:47 - [TEST_STEP][PASSED] - takeFullPageScreenshot(): Taking screenshot successfully

2023-08-14 14:49:47 - [MESSAGE][INFO] - 0 hidden object(s)

2023-08-14 14:49:47 - [MESSAGE][PASSED] - Taking screenshot successfully
[[ATTACHMENT|C:\\CIEL INGENIERIA\\Katalon\\Digiturno55\\Reports\\20230814_141235\\DIGITURNO\\BASICO\\42 Prioridades Crear Eliminar\\20230814_141324\\1692042587502.png]]

2023-08-14 14:49:47 - [TEST_STEP][PASSED] - delay(3): Delayed 3 second(s)

2023-08-14 14:49:51 - [MESSAGE][PASSED] - Delayed 3 second(s)

2023-08-14 14:49:51 - [MESSAGE][PASSED] - Call Test Case 'Test Cases/DIGITURNO/BASICO/39 Modelo de atencion' successfully

2023-08-14 14:49:51 - [TEST_STEP][PASSED] - click(findTestObject("DIGITURNO/CONFIGURACION/1Modelo de Atencion/0Principal/img_3Prioridades")): Object: 'Object Repository/DIGITURNO/CONFIGURACION/1Modelo de Atencion/0Principal/img_3Prioridades' is clicked on

2023-08-14 14:49:52 - [MESSAGE][PASSED] - Object: 'Object Repository/DIGITURNO/CONFIGURACION/1Modelo de Atencion/0Principal/img_3Prioridades' is clicked on

2023-08-14 14:49:52 - [TEST_STEP][PASSED] - delay(3): Delayed 3 second(s)

2023-08-14 14:49:55 - [MESSAGE][PASSED] - Delayed 3 second(s)

2023-08-14 14:49:55 - [TEST_STEP][PASSED] - click(findTestObject("DIGITURNO/CONFIGURACION/1Modelo de Atencion/3Prioridades/Prioridad por sala por jornada/a_selectOficina (click)")): Object: 'Object Repository/DIGITURNO/CONFIGURACION/1Modelo de Atencion/3Prioridades/Prioridad por sala por jornada/a_selectOficina (click)' is clicked on

2023-08-14 14:49:55 - [MESSAGE][PASSED] - Object: 'Object Repository/DIGITURNO/CONFIGURACION/1Modelo de Atencion/3Prioridades/Prioridad por sala por jornada/a_selectOficina (click)' is clicked on

2023-08-14 14:49:55 - [TEST_STEP][PASSED] - delay(2): Delayed 2 second(s)

2023-08-14 14:49:57 - [MESSAGE][PASSED] - Delayed 2 second(s)

2023-08-14 14:49:57 - [TEST_STEP][PASSED] - click(findTestObject("DIGITURNO/CONFIGURACION/1Modelo de Atencion/3Prioridades/Prioridad por sala por jornada/li_1Bogota - CIEL")): Object: 'Object Repository/DIGITURNO/CONFIGURACION/1Modelo de Atencion/3Prioridades/Prioridad por sala por jornada/li_1Bogota - CIEL' is clicked on

2023-08-14 14:49:58 - [MESSAGE][PASSED] - Object: 'Object Repository/DIGITURNO/CONFIGURACION/1Modelo de Atencion/3Prioridades/Prioridad por sala por jornada/li_1Bogota - CIEL' is clicked on

2023-08-14 14:49:58 - [TEST_STEP][PASSED] - delay(2): Delayed 2 second(s)

2023-08-14 14:50:00 - [MESSAGE][PASSED] - Delayed 2 second(s)

2023-08-14 14:50:00 - [TEST_STEP][PASSED] - click(findTestObject("DIGITURNO/CONFIGURACION/1Modelo de Atencion/3Prioridades/Prioridad por sala por jornada/img_Actualizar")): Object: 'Object Repository/DIGITURNO/CONFIGURACION/1Modelo de Atencion/3Prioridades/Prioridad por sala por jornada/img_Actualizar' is clicked on

2023-08-14 14:50:00 - [MESSAGE][PASSED] - Object: 'Object Repository/DIGITURNO/CONFIGURACION/1Modelo de Atencion/3Prioridades/Prioridad por sala por jornada/img_Actualizar' is clicked on

2023-08-14 14:50:00 - [TEST_STEP][PASSED] - click(findTestObject("DIGITURNO/CONFIGURACION/1Modelo de Atencion/3Prioridades/Prioridad por sala por jornada/img_Actualizar")): Object: 'Object Repository/DIGITURNO/CONFIGURACION/1Modelo de Atencion/3Prioridades/Prioridad por sala por jornada/img_Actualizar' is clicked on

2023-08-14 14:50:00 - [MESSAGE][PASSED] - Object: 'Object Repository/DIGITURNO/CONFIGURACION/1Modelo de Atencion/3Prioridades/Prioridad por sala por jornada/img_Actualizar' is clicked on

2023-08-14 14:50:00 - [TEST_STEP][PASSED] - acceptAlert(): Alert accepted

2023-08-14 14:50:00 - [MESSAGE][PASSED] - Alert accepted

2023-08-14 14:50:00 - [TEST_STEP][PASSED] - delay(3): Delayed 3 second(s)

2023-08-14 14:50:03 - [MESSAGE][PASSED] - Delayed 3 second(s)

2023-08-14 14:50:03 - [TEST_STEP][PASSED] - takeFullPageScreenshot(): Taking screenshot successfully

2023-08-14 14:50:04 - [MESSAGE][INFO] - 0 hidden object(s)

2023-08-14 14:50:04 - [MESSAGE][PASSED] - Taking screenshot successfully
[[ATTACHMENT|C:\\CIEL INGENIERIA\\Katalon\\Digiturno55\\Reports\\20230814_141235\\DIGITURNO\\BASICO\\42 Prioridades Crear Eliminar\\20230814_141324\\1692042603834.png]]

2023-08-14 14:50:04 - [TEST_STEP][PASSED] - delay(3): Delayed 3 second(s)

2023-08-14 14:50:07 - [MESSAGE][PASSED] - Delayed 3 second(s)

2023-08-14 14:50:07 - [TEST_STEP][PASSED] - Start listener action : sampleAfterTestCase: null]]></system-out>
         <system-err><![CDATA[]]></system-err>
      </testcase>
      <testcase name="Test Cases/DIGITURNO/BASICO/42 Prioridades Eliminar" time="43.508" classname="Test Cases/DIGITURNO/BASICO/42 Prioridades Eliminar" status="PASSED">
         <system-out><![CDATA[2023-08-14 14:50:07 - [TEST_CASE][PASSED] - Test Cases/DIGITURNO/BASICO/42 Prioridades Eliminar: Test Cases/DIGITURNO/BASICO/42 Prioridades Eliminar

2023-08-14 14:50:07 - [TEST_STEP][PASSED] - callTestCase(findTestCase("DIGITURNO/BASICO/39 Modelo de atencion"), [:], STOP_ON_FAILURE): Call Test Case 'Test Cases/DIGITURNO/BASICO/39 Modelo de atencion' successfully

2023-08-14 14:50:07 - [TEST_CASE][PASSED] - Test Cases/DIGITURNO/BASICO/39 Modelo de atencion: Test Cases/DIGITURNO/BASICO/39 Modelo de atencion

2023-08-14 14:50:07 - [TEST_STEP][PASSED] - callTestCase(findTestCase("DIGITURNO/BASICO/3 Configuracion"), [:], STOP_ON_FAILURE): Call Test Case 'Test Cases/DIGITURNO/BASICO/3 Configuracion' successfully

2023-08-14 14:50:07 - [TEST_CASE][PASSED] - Test Cases/DIGITURNO/BASICO/3 Configuracion: Test Cases/DIGITURNO/BASICO/3 Configuracion

2023-08-14 14:50:07 - [TEST_STEP][PASSED] - callTestCase(findTestCase("0InicioSesion"), [:], STOP_ON_FAILURE): Call Test Case 'Test Cases/0InicioSesion' successfully

2023-08-14 14:50:07 - [TEST_CASE][PASSED] - Test Cases/0InicioSesion: Test Cases/0InicioSesion

2023-08-14 14:50:07 - [TEST_STEP][PASSED] - openBrowser(UrlDigiturno): Browser is opened with url: 'https://PCPruebas101.ciel.cielingenieria.com:8610'

2023-08-14 14:50:07 - [MESSAGE][WARNING] - A browser is already opened. Closing browser and opening a new one

2023-08-14 14:50:08 - [MESSAGE][INFO] - Starting 'Chrome' driver

2023-08-14 14:50:08 - [MESSAGE][INFO] - User set preference: ['args', '[--use-fake-ui-for-media-stream, --disable-notifications]']

2023-08-14 14:50:08 - [MESSAGE][INFO] - Action delay is set to 0 milliseconds

2023-08-14 14:50:10 - [MESSAGE][PASSED] - Browser is opened with url: 'https://PCPruebas101.ciel.cielingenieria.com:8610'

2023-08-14 14:50:10 - [TEST_STEP][PASSED] - maximizeWindow(): Current window maximized

2023-08-14 14:50:10 - [MESSAGE][PASSED] - Current window maximized

2023-08-14 14:50:10 - [TEST_STEP][PASSED] - delay(3): Delayed 3 second(s)

2023-08-14 14:50:13 - [MESSAGE][PASSED] - Delayed 3 second(s)

2023-08-14 14:50:13 - [TEST_STEP][PASSED] - setText(findTestObject("0Inicio Sesion/input_Usuario"), "Ciel"): Text 'Ciel' is set on object 'Object Repository/0Inicio Sesion/input_Usuario'

2023-08-14 14:50:14 - [MESSAGE][PASSED] - Text 'Ciel' is set on object 'Object Repository/0Inicio Sesion/input_Usuario'

2023-08-14 14:50:14 - [TEST_STEP][PASSED] - setText(findTestObject("0Inicio Sesion/input_Clave"), "digiturno"): Text 'digiturno' is set on object 'Object Repository/0Inicio Sesion/input_Clave'

2023-08-14 14:50:15 - [MESSAGE][PASSED] - Text 'digiturno' is set on object 'Object Repository/0Inicio Sesion/input_Clave'

2023-08-14 14:50:15 - [TEST_STEP][PASSED] - click(findTestObject("0Inicio Sesion/btn_IniciarSesion")): Object: 'Object Repository/0Inicio Sesion/btn_IniciarSesion' is clicked on

2023-08-14 14:50:15 - [MESSAGE][PASSED] - Object: 'Object Repository/0Inicio Sesion/btn_IniciarSesion' is clicked on

2023-08-14 14:50:15 - [TEST_STEP][PASSED] - delay(3): Delayed 3 second(s)

2023-08-14 14:50:18 - [MESSAGE][PASSED] - Delayed 3 second(s)

2023-08-14 14:50:18 - [MESSAGE][PASSED] - Call Test Case 'Test Cases/0InicioSesion' successfully

2023-08-14 14:50:18 - [TEST_STEP][PASSED] - click(findTestObject("DIGITURNO/1Principal/img_Configuracion(1)")): Object: 'Object Repository/DIGITURNO/1Principal/img_Configuracion(1)' is clicked on

2023-08-14 14:50:18 - [MESSAGE][PASSED] - Object: 'Object Repository/DIGITURNO/1Principal/img_Configuracion(1)' is clicked on

2023-08-14 14:50:18 - [TEST_STEP][PASSED] - delay(3): Delayed 3 second(s)

2023-08-14 14:50:21 - [MESSAGE][PASSED] - Delayed 3 second(s)

2023-08-14 14:50:21 - [TEST_STEP][PASSED] - takeFullPageScreenshot(): Taking screenshot successfully

2023-08-14 14:50:22 - [MESSAGE][INFO] - 0 hidden object(s)

2023-08-14 14:50:22 - [MESSAGE][PASSED] - Taking screenshot successfully
[[ATTACHMENT|C:\\CIEL INGENIERIA\\Katalon\\Digiturno55\\Reports\\20230814_141235\\DIGITURNO\\BASICO\\42 Prioridades Crear Eliminar\\20230814_141324\\1692042621997.png]]

2023-08-14 14:50:22 - [TEST_STEP][PASSED] - delay(3): Delayed 3 second(s)

2023-08-14 14:50:25 - [MESSAGE][PASSED] - Delayed 3 second(s)

2023-08-14 14:50:25 - [MESSAGE][PASSED] - Call Test Case 'Test Cases/DIGITURNO/BASICO/3 Configuracion' successfully

2023-08-14 14:50:25 - [TEST_STEP][PASSED] - click(findTestObject("DIGITURNO/CONFIGURACION/0Principal/img_1Modelo de atencion")): Object: 'Object Repository/DIGITURNO/CONFIGURACION/0Principal/img_1Modelo de atencion' is clicked on

2023-08-14 14:50:26 - [MESSAGE][PASSED] - Object: 'Object Repository/DIGITURNO/CONFIGURACION/0Principal/img_1Modelo de atencion' is clicked on

2023-08-14 14:50:26 - [TEST_STEP][PASSED] - delay(3): Delayed 3 second(s)

2023-08-14 14:50:29 - [MESSAGE][PASSED] - Delayed 3 second(s)

2023-08-14 14:50:29 - [TEST_STEP][PASSED] - takeFullPageScreenshot(): Taking screenshot successfully

2023-08-14 14:50:29 - [MESSAGE][INFO] - 0 hidden object(s)

2023-08-14 14:50:29 - [MESSAGE][PASSED] - Taking screenshot successfully
[[ATTACHMENT|C:\\CIEL INGENIERIA\\Katalon\\Digiturno55\\Reports\\20230814_141235\\DIGITURNO\\BASICO\\42 Prioridades Crear Eliminar\\20230814_141324\\1692042629160.png]]

2023-08-14 14:50:29 - [TEST_STEP][PASSED] - delay(3): Delayed 3 second(s)

2023-08-14 14:50:32 - [MESSAGE][PASSED] - Delayed 3 second(s)

2023-08-14 14:50:32 - [MESSAGE][PASSED] - Call Test Case 'Test Cases/DIGITURNO/BASICO/39 Modelo de atencion' successfully

2023-08-14 14:50:32 - [TEST_STEP][PASSED] - click(findTestObject("DIGITURNO/CONFIGURACION/1Modelo de Atencion/0Principal/img_3Prioridades")): Object: 'Object Repository/DIGITURNO/CONFIGURACION/1Modelo de Atencion/0Principal/img_3Prioridades' is clicked on

2023-08-14 14:50:33 - [MESSAGE][PASSED] - Object: 'Object Repository/DIGITURNO/CONFIGURACION/1Modelo de Atencion/0Principal/img_3Prioridades' is clicked on

2023-08-14 14:50:33 - [TEST_STEP][PASSED] - delay(3): Delayed 3 second(s)

2023-08-14 14:50:36 - [MESSAGE][PASSED] - Delayed 3 second(s)

2023-08-14 14:50:36 - [TEST_STEP][PASSED] - click(findTestObject("DIGITURNO/CONFIGURACION/1Modelo de Atencion/3Prioridades/Prioridad por sala por jornada/a_selectOficina (click)")): Object: 'Object Repository/DIGITURNO/CONFIGURACION/1Modelo de Atencion/3Prioridades/Prioridad por sala por jornada/a_selectOficina (click)' is clicked on

2023-08-14 14:50:36 - [MESSAGE][PASSED] - Object: 'Object Repository/DIGITURNO/CONFIGURACION/1Modelo de Atencion/3Prioridades/Prioridad por sala por jornada/a_selectOficina (click)' is clicked on

2023-08-14 14:50:36 - [TEST_STEP][PASSED] - delay(2): Delayed 2 second(s)

2023-08-14 14:50:38 - [MESSAGE][PASSED] - Delayed 2 second(s)

2023-08-14 14:50:38 - [TEST_STEP][PASSED] - click(findTestObject("DIGITURNO/CONFIGURACION/1Modelo de Atencion/3Prioridades/Prioridad por sala por jornada/li_1Bogota - CIEL")): Object: 'Object Repository/DIGITURNO/CONFIGURACION/1Modelo de Atencion/3Prioridades/Prioridad por sala por jornada/li_1Bogota - CIEL' is clicked on

2023-08-14 14:50:39 - [MESSAGE][PASSED] - Object: 'Object Repository/DIGITURNO/CONFIGURACION/1Modelo de Atencion/3Prioridades/Prioridad por sala por jornada/li_1Bogota - CIEL' is clicked on

2023-08-14 14:50:39 - [TEST_STEP][PASSED] - delay(2): Delayed 2 second(s)

2023-08-14 14:50:41 - [MESSAGE][PASSED] - Delayed 2 second(s)

2023-08-14 14:50:41 - [TEST_STEP][PASSED] - click(findTestObject("DIGITURNO/CONFIGURACION/1Modelo de Atencion/3Prioridades/Prioridad por sala por jornada/Jornadas/td_1 Bogota - CIEL Jornada 1 Ter 1")): Object: 'Object Repository/DIGITURNO/CONFIGURACION/1Modelo de Atencion/3Prioridades/Prioridad por sala por jornada/Jornadas/td_1 Bogota - CIEL Jornada 1 Ter 1' is clicked on

2023-08-14 14:50:41 - [MESSAGE][PASSED] - Object: 'Object Repository/DIGITURNO/CONFIGURACION/1Modelo de Atencion/3Prioridades/Prioridad por sala por jornada/Jornadas/td_1 Bogota - CIEL Jornada 1 Ter 1' is clicked on

2023-08-14 14:50:41 - [TEST_STEP][PASSED] - delay(2): Delayed 2 second(s)

2023-08-14 14:50:43 - [MESSAGE][PASSED] - Delayed 2 second(s)

2023-08-14 14:50:43 - [TEST_STEP][PASSED] - click(findTestObject("DIGITURNO/CONFIGURACION/1Modelo de Atencion/3Prioridades/Prioridad por sala por jornada/img_Eliminar")): Object: 'Object Repository/DIGITURNO/CONFIGURACION/1Modelo de Atencion/3Prioridades/Prioridad por sala por jornada/img_Eliminar' is clicked on

2023-08-14 14:50:44 - [MESSAGE][PASSED] - Object: 'Object Repository/DIGITURNO/CONFIGURACION/1Modelo de Atencion/3Prioridades/Prioridad por sala por jornada/img_Eliminar' is clicked on

2023-08-14 14:50:44 - [TEST_STEP][PASSED] - click(findTestObject("DIGITURNO/CONFIGURACION/1Modelo de Atencion/3Prioridades/Prioridad por sala por jornada/img_Eliminar")): Object: 'Object Repository/DIGITURNO/CONFIGURACION/1Modelo de Atencion/3Prioridades/Prioridad por sala por jornada/img_Eliminar' is clicked on

2023-08-14 14:50:44 - [MESSAGE][PASSED] - Object: 'Object Repository/DIGITURNO/CONFIGURACION/1Modelo de Atencion/3Prioridades/Prioridad por sala por jornada/img_Eliminar' is clicked on

2023-08-14 14:50:44 - [TEST_STEP][PASSED] - acceptAlert(): Alert accepted

2023-08-14 14:50:44 - [MESSAGE][PASSED] - Alert accepted

2023-08-14 14:50:44 - [TEST_STEP][PASSED] - delay(3): Delayed 3 second(s)

2023-08-14 14:50:47 - [MESSAGE][PASSED] - Delayed 3 second(s)

2023-08-14 14:50:47 - [TEST_STEP][PASSED] - takeFullPageScreenshot(): Taking screenshot successfully

2023-08-14 14:50:47 - [MESSAGE][INFO] - 0 hidden object(s)

2023-08-14 14:50:47 - [MESSAGE][PASSED] - Taking screenshot successfully
[[ATTACHMENT|C:\\CIEL INGENIERIA\\Katalon\\Digiturno55\\Reports\\20230814_141235\\DIGITURNO\\BASICO\\42 Prioridades Crear Eliminar\\20230814_141324\\1692042647345.png]]

2023-08-14 14:50:47 - [TEST_STEP][PASSED] - delay(3): Delayed 3 second(s)

2023-08-14 14:50:50 - [MESSAGE][PASSED] - Delayed 3 second(s)

2023-08-14 14:50:50 - [TEST_STEP][PASSED] - Start listener action : sampleAfterTestCase: null]]></system-out>
         <system-err><![CDATA[]]></system-err>
      </testcase>
      <system-out><![CDATA[2023-08-14 14:49:24 - [TEST_SUITE][PASSED] - 42 Prioridades Crear Eliminar: Test Cases/DIGITURNO/BASICO/42 Prioridades Eliminar]]></system-out>
      <system-err><![CDATA[]]></system-err>
   </testsuite>
</testsuites>
