<?xml version="1.0" encoding="UTF-8"?>
<testsuites name="4.3 Crear Elementos Geograficos Ciudades" time="63.021" tests="1" failures="0" errors="0">
   <testsuite name="4.3 Crear Elementos Geograficos Ciudades" tests="1" failures="0" errors="0" time="63.021" skipped="0" timestamp="2024-01-15 09:40:27" hostname="jdavila - PCPruebas101.ciel.cielingenieria.com" id="Test Suites/WIZARD/2Estructura Geografica/4.3 Crear Elementos Geograficos Ciudades">
      <properties>
         <property name="deviceName" value=""/>
         <property name="devicePlatform" value=""/>
         <property name="logFolder" value="C:\\CIEL INGENIERIA\\Katalon\\Digiturno55\\Reports\\20240115_093711\\WIZARD\\2Estructura Geografica\\4.3 Crear Elementos Geograficos Ciudades\\20240115_093718"/>
         <property name="logFiles" value="C:\\CIEL INGENIERIA\\Katalon\\Digiturno55\\Reports\\20240115_093711\\WIZARD\\2Estructura Geografica\\4.3 Crear Elementos Geograficos Ciudades\\20240115_093718\\execution0.log"/>
         <property name="attachments" value="C:\\CIEL INGENIERIA\\Katalon\\Digiturno55\\Reports\\20240115_093711\\WIZARD\\2Estructura Geografica\\4.3 Crear Elementos Geograficos Ciudades\\20240115_093718\\1705329686780.png"/>
         <property name="hostName" value="jdavila - PCPruebas101.ciel.cielingenieria.com"/>
         <property name="os" value="Windows 10 64bit"/>
         <property name="katalonVersion" value="8.6.8.208"/>
         <property name="browser" value="Chrome 120.0.0.0"/>
         <property name="hostAddress" value="192.168.0.9"/>
         <property name="sessionId" value="b9890bf1e0e9d251a77f752078a9a1d8"/>
         <property name="seleniumVersion" value="3.141.59"/>
         <property name="proxyInformation" value="ProxyInformation { proxyOption=NO_PROXY, proxyServerType=HTTP, username=, password=********, proxyServerAddress=, proxyServerPort=0, executionList=&quot;&quot;, isApplyToDesiredCapabilities=true }"/>
         <property name="platform" value="Windows 10"/>
      </properties>
      <testcase name="Test Cases/WIZARD/2Estructura Geografica/4.3 Crear Elementos Geograficos Ciudades" time="62.777" classname="Test Cases/WIZARD/2Estructura Geografica/4.3 Crear Elementos Geograficos Ciudades" status="PASSED">
         <system-out><![CDATA[2024-01-15 09:40:27 - [TEST_CASE][PASSED] - Test Cases/WIZARD/2Estructura Geografica/4.3 Crear Elementos Geograficos Ciudades: Test Cases/WIZARD/2Estructura Geografica/4.3 Crear Elementos Geograficos Ciudades

2024-01-15 09:40:28 - [TEST_STEP][PASSED] - callTestCase(findTestCase("0InicioSesion"), [:], STOP_ON_FAILURE): Call Test Case 'Test Cases/0InicioSesion' successfully

2024-01-15 09:40:28 - [TEST_CASE][PASSED] - Test Cases/0InicioSesion: Test Cases/0InicioSesion

2024-01-15 09:40:28 - [TEST_STEP][PASSED] - openBrowser(UrlDigiturno): Browser is opened with url: 'https://PCPruebas101.ciel.cielingenieria.com:8610'

2024-01-15 09:40:28 - [MESSAGE][INFO] - Starting 'Chrome' driver

2024-01-15 09:40:29 - [MESSAGE][INFO] - User set preference: ['args', '[--use-fake-ui-for-media-stream, --disable-notifications]']

2024-01-15 09:40:29 - [MESSAGE][INFO] - Action delay is set to 0 milliseconds

2024-01-15 09:40:31 - [MESSAGE][PASSED] - Browser is opened with url: 'https://PCPruebas101.ciel.cielingenieria.com:8610'

2024-01-15 09:40:31 - [TEST_STEP][PASSED] - maximizeWindow(): Current window maximized

2024-01-15 09:40:31 - [MESSAGE][PASSED] - Current window maximized

2024-01-15 09:40:31 - [TEST_STEP][PASSED] - delay(3): Delayed 3 second(s)

2024-01-15 09:40:34 - [MESSAGE][PASSED] - Delayed 3 second(s)

2024-01-15 09:40:34 - [TEST_STEP][PASSED] - setText(findTestObject("0Inicio Sesion/input_Usuario"), "Ciel"): Text 'Ciel' is set on object 'Object Repository/0Inicio Sesion/input_Usuario'

2024-01-15 09:40:35 - [MESSAGE][PASSED] - Text 'Ciel' is set on object 'Object Repository/0Inicio Sesion/input_Usuario'

2024-01-15 09:40:35 - [TEST_STEP][PASSED] - setText(findTestObject("0Inicio Sesion/input_Clave"), "digiturno"): Text 'digiturno' is set on object 'Object Repository/0Inicio Sesion/input_Clave'

2024-01-15 09:40:36 - [MESSAGE][PASSED] - Text 'digiturno' is set on object 'Object Repository/0Inicio Sesion/input_Clave'

2024-01-15 09:40:36 - [TEST_STEP][PASSED] - click(findTestObject("0Inicio Sesion/btn_IniciarSesion")): Object: 'Object Repository/0Inicio Sesion/btn_IniciarSesion' is clicked on

2024-01-15 09:40:36 - [MESSAGE][PASSED] - Object: 'Object Repository/0Inicio Sesion/btn_IniciarSesion' is clicked on

2024-01-15 09:40:36 - [TEST_STEP][PASSED] - delay(3): Delayed 3 second(s)

2024-01-15 09:40:39 - [MESSAGE][PASSED] - Delayed 3 second(s)

2024-01-15 09:40:39 - [MESSAGE][PASSED] - Call Test Case 'Test Cases/0InicioSesion' successfully

2024-01-15 09:40:39 - [TEST_STEP][PASSED] - click(findTestObject("WIZARD/0Principal/img_EstructuraGeograficaMAX")): Object: 'Object Repository/WIZARD/0Principal/img_EstructuraGeograficaMAX' is clicked on

2024-01-15 09:40:40 - [MESSAGE][PASSED] - Object: 'Object Repository/WIZARD/0Principal/img_EstructuraGeograficaMAX' is clicked on

2024-01-15 09:40:40 - [TEST_STEP][PASSED] - delay(3): Delayed 3 second(s)

2024-01-15 09:40:43 - [MESSAGE][PASSED] - Delayed 3 second(s)

2024-01-15 09:40:43 - [TEST_STEP][PASSED] - click(findTestObject("WIZARD/2Estructura Geografica/0Arbol Geografico/span_Elementos geograficos")): Object: 'Object Repository/WIZARD/2Estructura Geografica/0Arbol Geografico/span_Elementos geograficos' is clicked on

2024-01-15 09:40:43 - [MESSAGE][PASSED] - Object: 'Object Repository/WIZARD/2Estructura Geografica/0Arbol Geografico/span_Elementos geograficos' is clicked on

2024-01-15 09:40:43 - [TEST_STEP][PASSED] - delay(3): Delayed 3 second(s)

2024-01-15 09:40:46 - [MESSAGE][PASSED] - Delayed 3 second(s)

2024-01-15 09:40:46 - [TEST_STEP][PASSED] - click(findTestObject("WIZARD/2Estructura Geografica/2Elementos Geograficos/Niveles Geograficos/option_Departamento")): Object: 'Object Repository/WIZARD/2Estructura Geografica/2Elementos Geograficos/Niveles Geograficos/option_Departamento' is clicked on

2024-01-15 09:40:47 - [MESSAGE][PASSED] - Object: 'Object Repository/WIZARD/2Estructura Geografica/2Elementos Geograficos/Niveles Geograficos/option_Departamento' is clicked on

2024-01-15 09:40:47 - [TEST_STEP][PASSED] - click(findTestObject("WIZARD/2Estructura Geografica/2Elementos Geograficos/Niveles Geograficos/option_Ciudad")): Object: 'Object Repository/WIZARD/2Estructura Geografica/2Elementos Geograficos/Niveles Geograficos/option_Ciudad' is clicked on

2024-01-15 09:40:47 - [MESSAGE][PASSED] - Object: 'Object Repository/WIZARD/2Estructura Geografica/2Elementos Geograficos/Niveles Geograficos/option_Ciudad' is clicked on

2024-01-15 09:40:47 - [TEST_STEP][PASSED] - selectOptionByLabel(findTestObject("WIZARD/2Estructura Geografica/2Elementos Geograficos/Elementos Geograficos/select_Nombre nivel"), "Cundinamarca", false): All options with label 'Cundinamarca' are selected in object 'Object Repository/WIZARD/2Estructura Geografica/2Elementos Geograficos/Elementos Geograficos/select_Nombre nivel' 

2024-01-15 09:40:48 - [MESSAGE][PASSED] - All options with label 'Cundinamarca' are selected in object 'Object Repository/WIZARD/2Estructura Geografica/2Elementos Geograficos/Elementos Geograficos/select_Nombre nivel' 

2024-01-15 09:40:48 - [TEST_STEP][PASSED] - setText(findTestObject("WIZARD/2Estructura Geografica/2Elementos Geograficos/Edicion Elemento Geografico/input_Nombre elemento"), "Bogota"): Text 'Bogota' is set on object 'Object Repository/WIZARD/2Estructura Geografica/2Elementos Geograficos/Edicion Elemento Geografico/input_Nombre elemento'

2024-01-15 09:40:49 - [MESSAGE][PASSED] - Text 'Bogota' is set on object 'Object Repository/WIZARD/2Estructura Geografica/2Elementos Geograficos/Edicion Elemento Geografico/input_Nombre elemento'

2024-01-15 09:40:49 - [TEST_STEP][PASSED] - click(findTestObject("WIZARD/2Estructura Geografica/2Elementos Geograficos/Edicion Elemento Geografico/btn_Nuevo")): Object: 'Object Repository/WIZARD/2Estructura Geografica/2Elementos Geograficos/Edicion Elemento Geografico/btn_Nuevo' is clicked on

2024-01-15 09:40:50 - [MESSAGE][PASSED] - Object: 'Object Repository/WIZARD/2Estructura Geografica/2Elementos Geograficos/Edicion Elemento Geografico/btn_Nuevo' is clicked on

2024-01-15 09:40:50 - [TEST_STEP][PASSED] - delay(3): Delayed 3 second(s)

2024-01-15 09:40:53 - [MESSAGE][PASSED] - Delayed 3 second(s)

2024-01-15 09:40:53 - [TEST_STEP][PASSED] - click(findTestObject("WIZARD/2Estructura Geografica/2Elementos Geograficos/Niveles Geograficos/option_Ciudad")): Object: 'Object Repository/WIZARD/2Estructura Geografica/2Elementos Geograficos/Niveles Geograficos/option_Ciudad' is clicked on

2024-01-15 09:40:53 - [MESSAGE][PASSED] - Object: 'Object Repository/WIZARD/2Estructura Geografica/2Elementos Geograficos/Niveles Geograficos/option_Ciudad' is clicked on

2024-01-15 09:40:53 - [TEST_STEP][PASSED] - selectOptionByLabel(findTestObject("WIZARD/2Estructura Geografica/2Elementos Geograficos/Elementos Geograficos/select_Nombre nivel"), "Valle del Cauca", false): All options with label 'Valle del Cauca' are selected in object 'Object Repository/WIZARD/2Estructura Geografica/2Elementos Geograficos/Elementos Geograficos/select_Nombre nivel' 

2024-01-15 09:40:54 - [MESSAGE][PASSED] - All options with label 'Valle del Cauca' are selected in object 'Object Repository/WIZARD/2Estructura Geografica/2Elementos Geograficos/Elementos Geograficos/select_Nombre nivel' 

2024-01-15 09:40:54 - [TEST_STEP][PASSED] - setText(findTestObject("WIZARD/2Estructura Geografica/2Elementos Geograficos/Edicion Elemento Geografico/input_Nombre elemento"), "Cali"): Text 'Cali' is set on object 'Object Repository/WIZARD/2Estructura Geografica/2Elementos Geograficos/Edicion Elemento Geografico/input_Nombre elemento'

2024-01-15 09:40:55 - [MESSAGE][PASSED] - Text 'Cali' is set on object 'Object Repository/WIZARD/2Estructura Geografica/2Elementos Geograficos/Edicion Elemento Geografico/input_Nombre elemento'

2024-01-15 09:40:55 - [TEST_STEP][PASSED] - click(findTestObject("WIZARD/2Estructura Geografica/2Elementos Geograficos/Edicion Elemento Geografico/btn_Nuevo")): Object: 'Object Repository/WIZARD/2Estructura Geografica/2Elementos Geograficos/Edicion Elemento Geografico/btn_Nuevo' is clicked on

2024-01-15 09:40:55 - [MESSAGE][PASSED] - Object: 'Object Repository/WIZARD/2Estructura Geografica/2Elementos Geograficos/Edicion Elemento Geografico/btn_Nuevo' is clicked on

2024-01-15 09:40:55 - [TEST_STEP][PASSED] - delay(3): Delayed 3 second(s)

2024-01-15 09:40:58 - [MESSAGE][PASSED] - Delayed 3 second(s)

2024-01-15 09:40:58 - [TEST_STEP][PASSED] - click(findTestObject("WIZARD/2Estructura Geografica/2Elementos Geograficos/Niveles Geograficos/option_Ciudad")): Object: 'Object Repository/WIZARD/2Estructura Geografica/2Elementos Geograficos/Niveles Geograficos/option_Ciudad' is clicked on

2024-01-15 09:40:59 - [MESSAGE][PASSED] - Object: 'Object Repository/WIZARD/2Estructura Geografica/2Elementos Geograficos/Niveles Geograficos/option_Ciudad' is clicked on

2024-01-15 09:40:59 - [TEST_STEP][PASSED] - selectOptionByLabel(findTestObject("WIZARD/2Estructura Geografica/2Elementos Geograficos/Elementos Geograficos/select_Nombre nivel"), "Bolivar", false): All options with label 'Bolivar' are selected in object 'Object Repository/WIZARD/2Estructura Geografica/2Elementos Geograficos/Elementos Geograficos/select_Nombre nivel' 

2024-01-15 09:40:59 - [MESSAGE][PASSED] - All options with label 'Bolivar' are selected in object 'Object Repository/WIZARD/2Estructura Geografica/2Elementos Geograficos/Elementos Geograficos/select_Nombre nivel' 

2024-01-15 09:40:59 - [TEST_STEP][PASSED] - setText(findTestObject("WIZARD/2Estructura Geografica/2Elementos Geograficos/Edicion Elemento Geografico/input_Nombre elemento"), "Cartagena"): Text 'Cartagena' is set on object 'Object Repository/WIZARD/2Estructura Geografica/2Elementos Geograficos/Edicion Elemento Geografico/input_Nombre elemento'

2024-01-15 09:41:00 - [MESSAGE][PASSED] - Text 'Cartagena' is set on object 'Object Repository/WIZARD/2Estructura Geografica/2Elementos Geograficos/Edicion Elemento Geografico/input_Nombre elemento'

2024-01-15 09:41:00 - [TEST_STEP][PASSED] - click(findTestObject("WIZARD/2Estructura Geografica/2Elementos Geograficos/Edicion Elemento Geografico/btn_Nuevo")): Object: 'Object Repository/WIZARD/2Estructura Geografica/2Elementos Geograficos/Edicion Elemento Geografico/btn_Nuevo' is clicked on

2024-01-15 09:41:01 - [MESSAGE][PASSED] - Object: 'Object Repository/WIZARD/2Estructura Geografica/2Elementos Geograficos/Edicion Elemento Geografico/btn_Nuevo' is clicked on

2024-01-15 09:41:01 - [TEST_STEP][PASSED] - delay(3): Delayed 3 second(s)

2024-01-15 09:41:04 - [MESSAGE][PASSED] - Delayed 3 second(s)

2024-01-15 09:41:04 - [TEST_STEP][PASSED] - click(findTestObject("WIZARD/2Estructura Geografica/2Elementos Geograficos/Niveles Geograficos/option_Ciudad")): Object: 'Object Repository/WIZARD/2Estructura Geografica/2Elementos Geograficos/Niveles Geograficos/option_Ciudad' is clicked on

2024-01-15 09:41:04 - [MESSAGE][PASSED] - Object: 'Object Repository/WIZARD/2Estructura Geografica/2Elementos Geograficos/Niveles Geograficos/option_Ciudad' is clicked on

2024-01-15 09:41:04 - [TEST_STEP][PASSED] - selectOptionByLabel(findTestObject("WIZARD/2Estructura Geografica/2Elementos Geograficos/Elementos Geograficos/select_Nombre nivel"), "Caldas", false): All options with label 'Caldas' are selected in object 'Object Repository/WIZARD/2Estructura Geografica/2Elementos Geograficos/Elementos Geograficos/select_Nombre nivel' 

2024-01-15 09:41:05 - [MESSAGE][PASSED] - All options with label 'Caldas' are selected in object 'Object Repository/WIZARD/2Estructura Geografica/2Elementos Geograficos/Elementos Geograficos/select_Nombre nivel' 

2024-01-15 09:41:05 - [TEST_STEP][PASSED] - setText(findTestObject("WIZARD/2Estructura Geografica/2Elementos Geograficos/Edicion Elemento Geografico/input_Nombre elemento"), "Manizales"): Text 'Manizales' is set on object 'Object Repository/WIZARD/2Estructura Geografica/2Elementos Geograficos/Edicion Elemento Geografico/input_Nombre elemento'

2024-01-15 09:41:06 - [MESSAGE][PASSED] - Text 'Manizales' is set on object 'Object Repository/WIZARD/2Estructura Geografica/2Elementos Geograficos/Edicion Elemento Geografico/input_Nombre elemento'

2024-01-15 09:41:06 - [TEST_STEP][PASSED] - click(findTestObject("WIZARD/2Estructura Geografica/2Elementos Geograficos/Edicion Elemento Geografico/btn_Nuevo")): Object: 'Object Repository/WIZARD/2Estructura Geografica/2Elementos Geograficos/Edicion Elemento Geografico/btn_Nuevo' is clicked on

2024-01-15 09:41:06 - [MESSAGE][PASSED] - Object: 'Object Repository/WIZARD/2Estructura Geografica/2Elementos Geograficos/Edicion Elemento Geografico/btn_Nuevo' is clicked on

2024-01-15 09:41:06 - [TEST_STEP][PASSED] - delay(3): Delayed 3 second(s)

2024-01-15 09:41:09 - [MESSAGE][PASSED] - Delayed 3 second(s)

2024-01-15 09:41:09 - [TEST_STEP][PASSED] - click(findTestObject("WIZARD/2Estructura Geografica/2Elementos Geograficos/Niveles Geograficos/option_Ciudad")): Object: 'Object Repository/WIZARD/2Estructura Geografica/2Elementos Geograficos/Niveles Geograficos/option_Ciudad' is clicked on

2024-01-15 09:41:10 - [MESSAGE][PASSED] - Object: 'Object Repository/WIZARD/2Estructura Geografica/2Elementos Geograficos/Niveles Geograficos/option_Ciudad' is clicked on

2024-01-15 09:41:10 - [TEST_STEP][PASSED] - selectOptionByLabel(findTestObject("WIZARD/2Estructura Geografica/2Elementos Geograficos/Elementos Geograficos/select_Nombre nivel"), "Dpto Virtual", false): All options with label 'Dpto Virtual' are selected in object 'Object Repository/WIZARD/2Estructura Geografica/2Elementos Geograficos/Elementos Geograficos/select_Nombre nivel' 

2024-01-15 09:41:10 - [MESSAGE][PASSED] - All options with label 'Dpto Virtual' are selected in object 'Object Repository/WIZARD/2Estructura Geografica/2Elementos Geograficos/Elementos Geograficos/select_Nombre nivel' 

2024-01-15 09:41:10 - [TEST_STEP][PASSED] - setText(findTestObject("WIZARD/2Estructura Geografica/2Elementos Geograficos/Edicion Elemento Geografico/input_Nombre elemento"), "Virtual"): Text 'Virtual' is set on object 'Object Repository/WIZARD/2Estructura Geografica/2Elementos Geograficos/Edicion Elemento Geografico/input_Nombre elemento'

2024-01-15 09:41:12 - [MESSAGE][PASSED] - Text 'Virtual' is set on object 'Object Repository/WIZARD/2Estructura Geografica/2Elementos Geograficos/Edicion Elemento Geografico/input_Nombre elemento'

2024-01-15 09:41:12 - [TEST_STEP][PASSED] - click(findTestObject("WIZARD/2Estructura Geografica/2Elementos Geograficos/Edicion Elemento Geografico/btn_Nuevo")): Object: 'Object Repository/WIZARD/2Estructura Geografica/2Elementos Geograficos/Edicion Elemento Geografico/btn_Nuevo' is clicked on

2024-01-15 09:41:12 - [MESSAGE][PASSED] - Object: 'Object Repository/WIZARD/2Estructura Geografica/2Elementos Geograficos/Edicion Elemento Geografico/btn_Nuevo' is clicked on

2024-01-15 09:41:12 - [TEST_STEP][PASSED] - delay(3): Delayed 3 second(s)

2024-01-15 09:41:15 - [MESSAGE][PASSED] - Delayed 3 second(s)

2024-01-15 09:41:15 - [TEST_STEP][PASSED] - click(findTestObject("WIZARD/2Estructura Geografica/2Elementos Geograficos/Niveles Geograficos/option_Ciudad")): Object: 'Object Repository/WIZARD/2Estructura Geografica/2Elementos Geograficos/Niveles Geograficos/option_Ciudad' is clicked on

2024-01-15 09:41:15 - [MESSAGE][PASSED] - Object: 'Object Repository/WIZARD/2Estructura Geografica/2Elementos Geograficos/Niveles Geograficos/option_Ciudad' is clicked on

2024-01-15 09:41:15 - [TEST_STEP][PASSED] - selectOptionByLabel(findTestObject("WIZARD/2Estructura Geografica/2Elementos Geograficos/Elementos Geograficos/select_Nombre nivel"), "Dpto WorkFlow", false): All options with label 'Dpto WorkFlow' are selected in object 'Object Repository/WIZARD/2Estructura Geografica/2Elementos Geograficos/Elementos Geograficos/select_Nombre nivel' 

2024-01-15 09:41:16 - [MESSAGE][PASSED] - All options with label 'Dpto WorkFlow' are selected in object 'Object Repository/WIZARD/2Estructura Geografica/2Elementos Geograficos/Elementos Geograficos/select_Nombre nivel' 

2024-01-15 09:41:16 - [TEST_STEP][PASSED] - setText(findTestObject("WIZARD/2Estructura Geografica/2Elementos Geograficos/Edicion Elemento Geografico/input_Nombre elemento"), "WorkFlow"): Text 'WorkFlow' is set on object 'Object Repository/WIZARD/2Estructura Geografica/2Elementos Geograficos/Edicion Elemento Geografico/input_Nombre elemento'

2024-01-15 09:41:17 - [MESSAGE][PASSED] - Text 'WorkFlow' is set on object 'Object Repository/WIZARD/2Estructura Geografica/2Elementos Geograficos/Edicion Elemento Geografico/input_Nombre elemento'

2024-01-15 09:41:17 - [TEST_STEP][PASSED] - click(findTestObject("WIZARD/2Estructura Geografica/2Elementos Geograficos/Edicion Elemento Geografico/btn_Nuevo")): Object: 'Object Repository/WIZARD/2Estructura Geografica/2Elementos Geograficos/Edicion Elemento Geografico/btn_Nuevo' is clicked on

2024-01-15 09:41:18 - [MESSAGE][PASSED] - Object: 'Object Repository/WIZARD/2Estructura Geografica/2Elementos Geograficos/Edicion Elemento Geografico/btn_Nuevo' is clicked on

2024-01-15 09:41:18 - [TEST_STEP][PASSED] - delay(3): Delayed 3 second(s)

2024-01-15 09:41:21 - [MESSAGE][PASSED] - Delayed 3 second(s)

2024-01-15 09:41:21 - [TEST_STEP][PASSED] - click(findTestObject("WIZARD/2Estructura Geografica/2Elementos Geograficos/Niveles Geograficos/option_Ciudad")): Object: 'Object Repository/WIZARD/2Estructura Geografica/2Elementos Geograficos/Niveles Geograficos/option_Ciudad' is clicked on

2024-01-15 09:41:21 - [MESSAGE][PASSED] - Object: 'Object Repository/WIZARD/2Estructura Geografica/2Elementos Geograficos/Niveles Geograficos/option_Ciudad' is clicked on

2024-01-15 09:41:21 - [TEST_STEP][PASSED] - selectOptionByLabel(findTestObject("WIZARD/2Estructura Geografica/2Elementos Geograficos/Elementos Geograficos/select_Nombre nivel"), "Antioquia", false): All options with label 'Antioquia' are selected in object 'Object Repository/WIZARD/2Estructura Geografica/2Elementos Geograficos/Elementos Geograficos/select_Nombre nivel' 

2024-01-15 09:41:22 - [MESSAGE][PASSED] - All options with label 'Antioquia' are selected in object 'Object Repository/WIZARD/2Estructura Geografica/2Elementos Geograficos/Elementos Geograficos/select_Nombre nivel' 

2024-01-15 09:41:22 - [TEST_STEP][PASSED] - setText(findTestObject("WIZARD/2Estructura Geografica/2Elementos Geograficos/Edicion Elemento Geografico/input_Nombre elemento"), "Medellin"): Text 'Medellin' is set on object 'Object Repository/WIZARD/2Estructura Geografica/2Elementos Geograficos/Edicion Elemento Geografico/input_Nombre elemento'

2024-01-15 09:41:23 - [MESSAGE][PASSED] - Text 'Medellin' is set on object 'Object Repository/WIZARD/2Estructura Geografica/2Elementos Geograficos/Edicion Elemento Geografico/input_Nombre elemento'

2024-01-15 09:41:23 - [TEST_STEP][PASSED] - click(findTestObject("WIZARD/2Estructura Geografica/2Elementos Geograficos/Edicion Elemento Geografico/btn_Nuevo")): Object: 'Object Repository/WIZARD/2Estructura Geografica/2Elementos Geograficos/Edicion Elemento Geografico/btn_Nuevo' is clicked on

2024-01-15 09:41:23 - [MESSAGE][PASSED] - Object: 'Object Repository/WIZARD/2Estructura Geografica/2Elementos Geograficos/Edicion Elemento Geografico/btn_Nuevo' is clicked on

2024-01-15 09:41:23 - [TEST_STEP][PASSED] - delay(3): Delayed 3 second(s)

2024-01-15 09:41:26 - [MESSAGE][PASSED] - Delayed 3 second(s)

2024-01-15 09:41:26 - [TEST_STEP][PASSED] - takeFullPageScreenshot(): Taking screenshot successfully

2024-01-15 09:41:27 - [MESSAGE][INFO] - 0 hidden object(s)

2024-01-15 09:41:27 - [MESSAGE][PASSED] - Taking screenshot successfully
[[ATTACHMENT|C:\\CIEL INGENIERIA\\Katalon\\Digiturno55\\Reports\\20240115_093711\\WIZARD\\2Estructura Geografica\\4.3 Crear Elementos Geograficos Ciudades\\20240115_093718\\1705329686780.png]]

2024-01-15 09:41:27 - [TEST_STEP][PASSED] - delay(3): Delayed 3 second(s)

2024-01-15 09:41:30 - [MESSAGE][PASSED] - Delayed 3 second(s)

2024-01-15 09:41:30 - [TEST_STEP][PASSED] - Start listener action : sampleAfterTestCase: null]]></system-out>
         <system-err><![CDATA[]]></system-err>
      </testcase>
      <system-out><![CDATA[2024-01-15 09:40:27 - [TEST_SUITE][PASSED] - 4.3 Crear Elementos Geograficos Ciudades: Test Cases/WIZARD/2Estructura Geografica/4.3 Crear Elementos Geograficos Ciudades]]></system-out>
      <system-err><![CDATA[]]></system-err>
   </testsuite>
</testsuites>
