<?xml version="1.0" encoding="UTF-8"?>
<testsuites name="5.7 Crear Motivos" time="137.188" tests="1" failures="0" errors="0">
   <testsuite name="5.7 Crear Motivos" tests="1" failures="0" errors="0" time="137.188" skipped="0" timestamp="2024-03-11 11:16:16" hostname="jdavila - PCPruebas101.ciel.cielingenieria.com" id="Test Suites/WIZARD/3Infraestructura/7Motivos/5.7 Crear Motivos">
      <properties>
         <property name="deviceName" value=""/>
         <property name="devicePlatform" value=""/>
         <property name="logFolder" value="C:\\CIEL INGENIERIA\\Katalon\\Digiturno55\\Reports\\20240311_101053\\WIZARD\\3Infraestructura\\7Motivos\\5.7 Crear Motivos\\20240311_101223"/>
         <property name="logFiles" value="C:\\CIEL INGENIERIA\\Katalon\\Digiturno55\\Reports\\20240311_101053\\WIZARD\\3Infraestructura\\7Motivos\\5.7 Crear Motivos\\20240311_101223\\execution0.log"/>
         <property name="attachments" value="C:\\CIEL INGENIERIA\\Katalon\\Digiturno55\\Reports\\20240311_101053\\WIZARD\\3Infraestructura\\7Motivos\\5.7 Crear Motivos\\20240311_101223\\1710173909855.png"/>
         <property name="hostName" value="jdavila - PCPruebas101.ciel.cielingenieria.com"/>
         <property name="os" value="Windows 10 64bit"/>
         <property name="katalonVersion" value="8.6.8.208"/>
         <property name="browser" value="Chrome 122.0.0.0"/>
         <property name="hostAddress" value="192.168.91.14"/>
         <property name="sessionId" value="2818e4ea301e0bac0567d2710a384811"/>
         <property name="seleniumVersion" value="3.141.59"/>
         <property name="proxyInformation" value="ProxyInformation { proxyOption=NO_PROXY, proxyServerType=HTTP, username=, password=********, proxyServerAddress=, proxyServerPort=0, executionList=&quot;&quot;, isApplyToDesiredCapabilities=true }"/>
         <property name="platform" value="Windows 10"/>
      </properties>
      <testcase name="Test Cases/WIZARD/3Infraestructura/7Motivos/5.7 Crear Motivos" time="136.951" classname="Test Cases/WIZARD/3Infraestructura/7Motivos/5.7 Crear Motivos" status="PASSED">
         <system-out><![CDATA[2024-03-11 11:16:16 - [TEST_CASE][PASSED] - Test Cases/WIZARD/3Infraestructura/7Motivos/5.7 Crear Motivos: Test Cases/WIZARD/3Infraestructura/7Motivos/5.7 Crear Motivos

2024-03-11 11:16:17 - [TEST_STEP][PASSED] - callTestCase(findTestCase("0InicioSesion"), [:], STOP_ON_FAILURE): Call Test Case 'Test Cases/0InicioSesion' successfully

2024-03-11 11:16:17 - [TEST_CASE][PASSED] - Test Cases/0InicioSesion: Test Cases/0InicioSesion

2024-03-11 11:16:17 - [TEST_STEP][PASSED] - openBrowser(UrlDigiturno): Browser is opened with url: 'https://PCPruebas101.ciel.cielingenieria.com:8910'

2024-03-11 11:16:18 - [MESSAGE][INFO] - Starting 'Chrome' driver

2024-03-11 11:16:18 - [MESSAGE][INFO] - User set preference: ['args', '[--use-fake-ui-for-media-stream, --disable-notifications]']

2024-03-11 11:16:18 - [MESSAGE][INFO] - Action delay is set to 0 milliseconds

2024-03-11 11:16:21 - [MESSAGE][PASSED] - Browser is opened with url: 'https://PCPruebas101.ciel.cielingenieria.com:8910'

2024-03-11 11:16:21 - [TEST_STEP][PASSED] - maximizeWindow(): Current window maximized

2024-03-11 11:16:21 - [MESSAGE][PASSED] - Current window maximized

2024-03-11 11:16:21 - [TEST_STEP][PASSED] - delay(3): Delayed 3 second(s)

2024-03-11 11:16:24 - [MESSAGE][PASSED] - Delayed 3 second(s)

2024-03-11 11:16:24 - [TEST_STEP][PASSED] - setText(findTestObject("0Inicio Sesion/input_Usuario"), "Ciel"): Text 'Ciel' is set on object 'Object Repository/0Inicio Sesion/input_Usuario'

2024-03-11 11:16:25 - [MESSAGE][PASSED] - Text 'Ciel' is set on object 'Object Repository/0Inicio Sesion/input_Usuario'

2024-03-11 11:16:25 - [TEST_STEP][PASSED] - setText(findTestObject("0Inicio Sesion/input_Clave"), "digiturno"): Text 'digiturno' is set on object 'Object Repository/0Inicio Sesion/input_Clave'

2024-03-11 11:16:26 - [MESSAGE][PASSED] - Text 'digiturno' is set on object 'Object Repository/0Inicio Sesion/input_Clave'

2024-03-11 11:16:26 - [TEST_STEP][PASSED] - click(findTestObject("0Inicio Sesion/btn_IniciarSesion")): Object: 'Object Repository/0Inicio Sesion/btn_IniciarSesion' is clicked on

2024-03-11 11:16:26 - [MESSAGE][PASSED] - Object: 'Object Repository/0Inicio Sesion/btn_IniciarSesion' is clicked on

2024-03-11 11:16:26 - [TEST_STEP][PASSED] - delay(3): Delayed 3 second(s)

2024-03-11 11:16:29 - [MESSAGE][PASSED] - Delayed 3 second(s)

2024-03-11 11:16:29 - [MESSAGE][PASSED] - Call Test Case 'Test Cases/0InicioSesion' successfully

2024-03-11 11:16:29 - [TEST_STEP][PASSED] - click(findTestObject("WIZARD/0Principal/img_InfraestructuraMAX")): Object: 'Object Repository/WIZARD/0Principal/img_InfraestructuraMAX' is clicked on

2024-03-11 11:16:30 - [MESSAGE][PASSED] - Object: 'Object Repository/WIZARD/0Principal/img_InfraestructuraMAX' is clicked on

2024-03-11 11:16:30 - [TEST_STEP][PASSED] - delay(3): Delayed 3 second(s)

2024-03-11 11:16:33 - [MESSAGE][PASSED] - Delayed 3 second(s)

2024-03-11 11:16:33 - [TEST_STEP][PASSED] - click(findTestObject("WIZARD/3Infraestructura/0Menu/span_Motivos")): Object: 'Object Repository/WIZARD/3Infraestructura/0Menu/span_Motivos' is clicked on

2024-03-11 11:16:34 - [MESSAGE][PASSED] - Object: 'Object Repository/WIZARD/3Infraestructura/0Menu/span_Motivos' is clicked on

2024-03-11 11:16:34 - [TEST_STEP][PASSED] - delay(3): Delayed 3 second(s)

2024-03-11 11:16:37 - [MESSAGE][PASSED] - Delayed 3 second(s)

2024-03-11 11:16:37 - [TEST_STEP][PASSED] - click(findTestObject("WIZARD/3Infraestructura/7Motivos/Motivos/span_Motivos")): Object: 'Object Repository/WIZARD/3Infraestructura/7Motivos/Motivos/span_Motivos' is clicked on

2024-03-11 11:16:37 - [MESSAGE][PASSED] - Object: 'Object Repository/WIZARD/3Infraestructura/7Motivos/Motivos/span_Motivos' is clicked on

2024-03-11 11:16:37 - [TEST_STEP][PASSED] - delay(3): Delayed 3 second(s)

2024-03-11 11:16:40 - [MESSAGE][PASSED] - Delayed 3 second(s)

2024-03-11 11:16:40 - [TEST_STEP][PASSED] - setText(findTestObject("WIZARD/3Infraestructura/7Motivos/Motivos/span_Motivos(1)/input_Nombre"), "Hora de almuerzo"): Text 'Hora de almuerzo' is set on object 'Object Repository/WIZARD/3Infraestructura/7Motivos/Motivos/span_Motivos(1)/input_Nombre'

2024-03-11 11:16:41 - [MESSAGE][PASSED] - Text 'Hora de almuerzo' is set on object 'Object Repository/WIZARD/3Infraestructura/7Motivos/Motivos/span_Motivos(1)/input_Nombre'

2024-03-11 11:16:41 - [TEST_STEP][PASSED] - setText(findTestObject("WIZARD/3Infraestructura/7Motivos/Motivos/span_Motivos(1)/textarea_Descripcion"), "Hora de almuerzo"): Text 'Hora de almuerzo' is set on object 'Object Repository/WIZARD/3Infraestructura/7Motivos/Motivos/span_Motivos(1)/textarea_Descripcion'

2024-03-11 11:16:42 - [MESSAGE][PASSED] - Text 'Hora de almuerzo' is set on object 'Object Repository/WIZARD/3Infraestructura/7Motivos/Motivos/span_Motivos(1)/textarea_Descripcion'

2024-03-11 11:16:42 - [TEST_STEP][PASSED] - selectOptionByLabel(findTestObject("WIZARD/3Infraestructura/7Motivos/Motivos/span_Motivos(1)/select_Tipo motivo"), "Cierre", false): All options with label 'Cierre' are selected in object 'Object Repository/WIZARD/3Infraestructura/7Motivos/Motivos/span_Motivos(1)/select_Tipo motivo' 

2024-03-11 11:16:43 - [MESSAGE][PASSED] - All options with label 'Cierre' are selected in object 'Object Repository/WIZARD/3Infraestructura/7Motivos/Motivos/span_Motivos(1)/select_Tipo motivo' 

2024-03-11 11:16:43 - [TEST_STEP][PASSED] - selectOptionByLabel(findTestObject("WIZARD/3Infraestructura/7Motivos/Motivos/span_Motivos(1)/select_Tipo Ocio"), "Receso Laboral", false): All options with label 'Receso Laboral' are selected in object 'Object Repository/WIZARD/3Infraestructura/7Motivos/Motivos/span_Motivos(1)/select_Tipo Ocio' 

2024-03-11 11:16:44 - [MESSAGE][PASSED] - All options with label 'Receso Laboral' are selected in object 'Object Repository/WIZARD/3Infraestructura/7Motivos/Motivos/span_Motivos(1)/select_Tipo Ocio' 

2024-03-11 11:16:44 - [TEST_STEP][PASSED] - click(findTestObject("WIZARD/3Infraestructura/7Motivos/Motivos/span_Motivos(1)/img_Nuevo")): Object: 'Object Repository/WIZARD/3Infraestructura/7Motivos/Motivos/span_Motivos(1)/img_Nuevo' is clicked on

2024-03-11 11:16:44 - [MESSAGE][PASSED] - Object: 'Object Repository/WIZARD/3Infraestructura/7Motivos/Motivos/span_Motivos(1)/img_Nuevo' is clicked on

2024-03-11 11:16:44 - [TEST_STEP][PASSED] - delay(3): Delayed 3 second(s)

2024-03-11 11:16:47 - [MESSAGE][PASSED] - Delayed 3 second(s)

2024-03-11 11:16:47 - [TEST_STEP][PASSED] - setText(findTestObject("WIZARD/3Infraestructura/7Motivos/Motivos/span_Motivos(1)/input_Nombre"), "Pausa Activa AM"): Text 'Pausa Activa AM' is set on object 'Object Repository/WIZARD/3Infraestructura/7Motivos/Motivos/span_Motivos(1)/input_Nombre'

2024-03-11 11:16:48 - [MESSAGE][PASSED] - Text 'Pausa Activa AM' is set on object 'Object Repository/WIZARD/3Infraestructura/7Motivos/Motivos/span_Motivos(1)/input_Nombre'

2024-03-11 11:16:48 - [TEST_STEP][PASSED] - setText(findTestObject("WIZARD/3Infraestructura/7Motivos/Motivos/span_Motivos(1)/textarea_Descripcion"), "Pausa Activa AM"): Text 'Pausa Activa AM' is set on object 'Object Repository/WIZARD/3Infraestructura/7Motivos/Motivos/span_Motivos(1)/textarea_Descripcion'

2024-03-11 11:16:49 - [MESSAGE][PASSED] - Text 'Pausa Activa AM' is set on object 'Object Repository/WIZARD/3Infraestructura/7Motivos/Motivos/span_Motivos(1)/textarea_Descripcion'

2024-03-11 11:16:49 - [TEST_STEP][PASSED] - selectOptionByLabel(findTestObject("WIZARD/3Infraestructura/7Motivos/Motivos/span_Motivos(1)/select_Tipo motivo"), "Cierre", false): All options with label 'Cierre' are selected in object 'Object Repository/WIZARD/3Infraestructura/7Motivos/Motivos/span_Motivos(1)/select_Tipo motivo' 

2024-03-11 11:16:49 - [MESSAGE][PASSED] - All options with label 'Cierre' are selected in object 'Object Repository/WIZARD/3Infraestructura/7Motivos/Motivos/span_Motivos(1)/select_Tipo motivo' 

2024-03-11 11:16:49 - [TEST_STEP][PASSED] - selectOptionByLabel(findTestObject("WIZARD/3Infraestructura/7Motivos/Motivos/span_Motivos(1)/select_Tipo Ocio"), "Receso Laboral", false): All options with label 'Receso Laboral' are selected in object 'Object Repository/WIZARD/3Infraestructura/7Motivos/Motivos/span_Motivos(1)/select_Tipo Ocio' 

2024-03-11 11:16:50 - [MESSAGE][PASSED] - All options with label 'Receso Laboral' are selected in object 'Object Repository/WIZARD/3Infraestructura/7Motivos/Motivos/span_Motivos(1)/select_Tipo Ocio' 

2024-03-11 11:16:50 - [TEST_STEP][PASSED] - click(findTestObject("WIZARD/3Infraestructura/7Motivos/Motivos/span_Motivos(1)/img_Nuevo")): Object: 'Object Repository/WIZARD/3Infraestructura/7Motivos/Motivos/span_Motivos(1)/img_Nuevo' is clicked on

2024-03-11 11:16:51 - [MESSAGE][PASSED] - Object: 'Object Repository/WIZARD/3Infraestructura/7Motivos/Motivos/span_Motivos(1)/img_Nuevo' is clicked on

2024-03-11 11:16:51 - [TEST_STEP][PASSED] - delay(3): Delayed 3 second(s)

2024-03-11 11:16:54 - [MESSAGE][PASSED] - Delayed 3 second(s)

2024-03-11 11:16:54 - [TEST_STEP][PASSED] - setText(findTestObject("WIZARD/3Infraestructura/7Motivos/Motivos/span_Motivos(1)/input_Nombre"), "Pausa Activa PM"): Text 'Pausa Activa PM' is set on object 'Object Repository/WIZARD/3Infraestructura/7Motivos/Motivos/span_Motivos(1)/input_Nombre'

2024-03-11 11:16:55 - [MESSAGE][PASSED] - Text 'Pausa Activa PM' is set on object 'Object Repository/WIZARD/3Infraestructura/7Motivos/Motivos/span_Motivos(1)/input_Nombre'

2024-03-11 11:16:55 - [TEST_STEP][PASSED] - setText(findTestObject("WIZARD/3Infraestructura/7Motivos/Motivos/span_Motivos(1)/textarea_Descripcion"), "Pausa Activa PM"): Text 'Pausa Activa PM' is set on object 'Object Repository/WIZARD/3Infraestructura/7Motivos/Motivos/span_Motivos(1)/textarea_Descripcion'

2024-03-11 11:16:55 - [MESSAGE][PASSED] - Text 'Pausa Activa PM' is set on object 'Object Repository/WIZARD/3Infraestructura/7Motivos/Motivos/span_Motivos(1)/textarea_Descripcion'

2024-03-11 11:16:55 - [TEST_STEP][PASSED] - selectOptionByLabel(findTestObject("WIZARD/3Infraestructura/7Motivos/Motivos/span_Motivos(1)/select_Tipo motivo"), "Cierre", false): All options with label 'Cierre' are selected in object 'Object Repository/WIZARD/3Infraestructura/7Motivos/Motivos/span_Motivos(1)/select_Tipo motivo' 

2024-03-11 11:16:56 - [MESSAGE][PASSED] - All options with label 'Cierre' are selected in object 'Object Repository/WIZARD/3Infraestructura/7Motivos/Motivos/span_Motivos(1)/select_Tipo motivo' 

2024-03-11 11:16:56 - [TEST_STEP][PASSED] - selectOptionByLabel(findTestObject("WIZARD/3Infraestructura/7Motivos/Motivos/span_Motivos(1)/select_Tipo Ocio"), "Receso Laboral", false): All options with label 'Receso Laboral' are selected in object 'Object Repository/WIZARD/3Infraestructura/7Motivos/Motivos/span_Motivos(1)/select_Tipo Ocio' 

2024-03-11 11:16:57 - [MESSAGE][PASSED] - All options with label 'Receso Laboral' are selected in object 'Object Repository/WIZARD/3Infraestructura/7Motivos/Motivos/span_Motivos(1)/select_Tipo Ocio' 

2024-03-11 11:16:57 - [TEST_STEP][PASSED] - click(findTestObject("WIZARD/3Infraestructura/7Motivos/Motivos/span_Motivos(1)/img_Nuevo")): Object: 'Object Repository/WIZARD/3Infraestructura/7Motivos/Motivos/span_Motivos(1)/img_Nuevo' is clicked on

2024-03-11 11:16:57 - [MESSAGE][PASSED] - Object: 'Object Repository/WIZARD/3Infraestructura/7Motivos/Motivos/span_Motivos(1)/img_Nuevo' is clicked on

2024-03-11 11:16:57 - [TEST_STEP][PASSED] - delay(3): Delayed 3 second(s)

2024-03-11 11:17:01 - [MESSAGE][PASSED] - Delayed 3 second(s)

2024-03-11 11:17:01 - [TEST_STEP][PASSED] - setText(findTestObject("WIZARD/3Infraestructura/7Motivos/Motivos/span_Motivos(1)/input_Nombre"), "Capacitación"): Text 'Capacitación' is set on object 'Object Repository/WIZARD/3Infraestructura/7Motivos/Motivos/span_Motivos(1)/input_Nombre'

2024-03-11 11:17:01 - [MESSAGE][PASSED] - Text 'Capacitación' is set on object 'Object Repository/WIZARD/3Infraestructura/7Motivos/Motivos/span_Motivos(1)/input_Nombre'

2024-03-11 11:17:01 - [TEST_STEP][PASSED] - setText(findTestObject("WIZARD/3Infraestructura/7Motivos/Motivos/span_Motivos(1)/textarea_Descripcion"), "Capacitación"): Text 'Capacitación' is set on object 'Object Repository/WIZARD/3Infraestructura/7Motivos/Motivos/span_Motivos(1)/textarea_Descripcion'

2024-03-11 11:17:02 - [MESSAGE][PASSED] - Text 'Capacitación' is set on object 'Object Repository/WIZARD/3Infraestructura/7Motivos/Motivos/span_Motivos(1)/textarea_Descripcion'

2024-03-11 11:17:02 - [TEST_STEP][PASSED] - selectOptionByLabel(findTestObject("WIZARD/3Infraestructura/7Motivos/Motivos/span_Motivos(1)/select_Tipo motivo"), "Cierre", false): All options with label 'Cierre' are selected in object 'Object Repository/WIZARD/3Infraestructura/7Motivos/Motivos/span_Motivos(1)/select_Tipo motivo' 

2024-03-11 11:17:03 - [MESSAGE][PASSED] - All options with label 'Cierre' are selected in object 'Object Repository/WIZARD/3Infraestructura/7Motivos/Motivos/span_Motivos(1)/select_Tipo motivo' 

2024-03-11 11:17:03 - [TEST_STEP][PASSED] - selectOptionByLabel(findTestObject("WIZARD/3Infraestructura/7Motivos/Motivos/span_Motivos(1)/select_Tipo Ocio"), "Labores Administrativas", false): All options with label 'Labores Administrativas' are selected in object 'Object Repository/WIZARD/3Infraestructura/7Motivos/Motivos/span_Motivos(1)/select_Tipo Ocio' 

2024-03-11 11:17:04 - [MESSAGE][PASSED] - All options with label 'Labores Administrativas' are selected in object 'Object Repository/WIZARD/3Infraestructura/7Motivos/Motivos/span_Motivos(1)/select_Tipo Ocio' 

2024-03-11 11:17:04 - [TEST_STEP][PASSED] - click(findTestObject("WIZARD/3Infraestructura/7Motivos/Motivos/span_Motivos(1)/img_Nuevo")): Object: 'Object Repository/WIZARD/3Infraestructura/7Motivos/Motivos/span_Motivos(1)/img_Nuevo' is clicked on

2024-03-11 11:17:04 - [MESSAGE][PASSED] - Object: 'Object Repository/WIZARD/3Infraestructura/7Motivos/Motivos/span_Motivos(1)/img_Nuevo' is clicked on

2024-03-11 11:17:04 - [TEST_STEP][PASSED] - delay(3): Delayed 3 second(s)

2024-03-11 11:17:07 - [MESSAGE][PASSED] - Delayed 3 second(s)

2024-03-11 11:17:07 - [TEST_STEP][PASSED] - setText(findTestObject("WIZARD/3Infraestructura/7Motivos/Motivos/span_Motivos(1)/input_Nombre"), "Permiso Autorizado"): Text 'Permiso Autorizado' is set on object 'Object Repository/WIZARD/3Infraestructura/7Motivos/Motivos/span_Motivos(1)/input_Nombre'

2024-03-11 11:17:08 - [MESSAGE][PASSED] - Text 'Permiso Autorizado' is set on object 'Object Repository/WIZARD/3Infraestructura/7Motivos/Motivos/span_Motivos(1)/input_Nombre'

2024-03-11 11:17:08 - [TEST_STEP][PASSED] - setText(findTestObject("WIZARD/3Infraestructura/7Motivos/Motivos/span_Motivos(1)/textarea_Descripcion"), "Permiso Autorizado"): Text 'Permiso Autorizado' is set on object 'Object Repository/WIZARD/3Infraestructura/7Motivos/Motivos/span_Motivos(1)/textarea_Descripcion'

2024-03-11 11:17:09 - [MESSAGE][PASSED] - Text 'Permiso Autorizado' is set on object 'Object Repository/WIZARD/3Infraestructura/7Motivos/Motivos/span_Motivos(1)/textarea_Descripcion'

2024-03-11 11:17:09 - [TEST_STEP][PASSED] - selectOptionByLabel(findTestObject("WIZARD/3Infraestructura/7Motivos/Motivos/span_Motivos(1)/select_Tipo motivo"), "Cierre", false): All options with label 'Cierre' are selected in object 'Object Repository/WIZARD/3Infraestructura/7Motivos/Motivos/span_Motivos(1)/select_Tipo motivo' 

2024-03-11 11:17:10 - [MESSAGE][PASSED] - All options with label 'Cierre' are selected in object 'Object Repository/WIZARD/3Infraestructura/7Motivos/Motivos/span_Motivos(1)/select_Tipo motivo' 

2024-03-11 11:17:10 - [TEST_STEP][PASSED] - selectOptionByLabel(findTestObject("WIZARD/3Infraestructura/7Motivos/Motivos/span_Motivos(1)/select_Tipo Ocio"), "Tiempo Ocio Voluntario", false): All options with label 'Tiempo Ocio Voluntario' are selected in object 'Object Repository/WIZARD/3Infraestructura/7Motivos/Motivos/span_Motivos(1)/select_Tipo Ocio' 

2024-03-11 11:17:11 - [MESSAGE][PASSED] - All options with label 'Tiempo Ocio Voluntario' are selected in object 'Object Repository/WIZARD/3Infraestructura/7Motivos/Motivos/span_Motivos(1)/select_Tipo Ocio' 

2024-03-11 11:17:11 - [TEST_STEP][PASSED] - click(findTestObject("WIZARD/3Infraestructura/7Motivos/Motivos/span_Motivos(1)/img_Nuevo")): Object: 'Object Repository/WIZARD/3Infraestructura/7Motivos/Motivos/span_Motivos(1)/img_Nuevo' is clicked on

2024-03-11 11:17:11 - [MESSAGE][PASSED] - Object: 'Object Repository/WIZARD/3Infraestructura/7Motivos/Motivos/span_Motivos(1)/img_Nuevo' is clicked on

2024-03-11 11:17:11 - [TEST_STEP][PASSED] - delay(3): Delayed 3 second(s)

2024-03-11 11:17:14 - [MESSAGE][PASSED] - Delayed 3 second(s)

2024-03-11 11:17:14 - [TEST_STEP][PASSED] - setText(findTestObject("WIZARD/3Infraestructura/7Motivos/Motivos/span_Motivos(1)/input_Nombre"), "Falla Técnica"): Text 'Falla Técnica' is set on object 'Object Repository/WIZARD/3Infraestructura/7Motivos/Motivos/span_Motivos(1)/input_Nombre'

2024-03-11 11:17:15 - [MESSAGE][PASSED] - Text 'Falla Técnica' is set on object 'Object Repository/WIZARD/3Infraestructura/7Motivos/Motivos/span_Motivos(1)/input_Nombre'

2024-03-11 11:17:15 - [TEST_STEP][PASSED] - setText(findTestObject("WIZARD/3Infraestructura/7Motivos/Motivos/span_Motivos(1)/textarea_Descripcion"), "Falla Técnica"): Text 'Falla Técnica' is set on object 'Object Repository/WIZARD/3Infraestructura/7Motivos/Motivos/span_Motivos(1)/textarea_Descripcion'

2024-03-11 11:17:16 - [MESSAGE][PASSED] - Text 'Falla Técnica' is set on object 'Object Repository/WIZARD/3Infraestructura/7Motivos/Motivos/span_Motivos(1)/textarea_Descripcion'

2024-03-11 11:17:16 - [TEST_STEP][PASSED] - selectOptionByLabel(findTestObject("WIZARD/3Infraestructura/7Motivos/Motivos/span_Motivos(1)/select_Tipo motivo"), "Cierre", false): All options with label 'Cierre' are selected in object 'Object Repository/WIZARD/3Infraestructura/7Motivos/Motivos/span_Motivos(1)/select_Tipo motivo' 

2024-03-11 11:17:16 - [MESSAGE][PASSED] - All options with label 'Cierre' are selected in object 'Object Repository/WIZARD/3Infraestructura/7Motivos/Motivos/span_Motivos(1)/select_Tipo motivo' 

2024-03-11 11:17:16 - [TEST_STEP][PASSED] - selectOptionByLabel(findTestObject("WIZARD/3Infraestructura/7Motivos/Motivos/span_Motivos(1)/select_Tipo Ocio"), "Labores Administrativas", false): All options with label 'Labores Administrativas' are selected in object 'Object Repository/WIZARD/3Infraestructura/7Motivos/Motivos/span_Motivos(1)/select_Tipo Ocio' 

2024-03-11 11:17:18 - [MESSAGE][PASSED] - All options with label 'Labores Administrativas' are selected in object 'Object Repository/WIZARD/3Infraestructura/7Motivos/Motivos/span_Motivos(1)/select_Tipo Ocio' 

2024-03-11 11:17:18 - [TEST_STEP][PASSED] - click(findTestObject("WIZARD/3Infraestructura/7Motivos/Motivos/span_Motivos(1)/img_Nuevo")): Object: 'Object Repository/WIZARD/3Infraestructura/7Motivos/Motivos/span_Motivos(1)/img_Nuevo' is clicked on

2024-03-11 11:17:18 - [MESSAGE][PASSED] - Object: 'Object Repository/WIZARD/3Infraestructura/7Motivos/Motivos/span_Motivos(1)/img_Nuevo' is clicked on

2024-03-11 11:17:18 - [TEST_STEP][PASSED] - delay(3): Delayed 3 second(s)

2024-03-11 11:17:21 - [MESSAGE][PASSED] - Delayed 3 second(s)

2024-03-11 11:17:21 - [TEST_STEP][PASSED] - setText(findTestObject("WIZARD/3Infraestructura/7Motivos/Motivos/span_Motivos(1)/input_Nombre"), "WC - Baño"): Text 'WC - Baño' is set on object 'Object Repository/WIZARD/3Infraestructura/7Motivos/Motivos/span_Motivos(1)/input_Nombre'

2024-03-11 11:17:22 - [MESSAGE][PASSED] - Text 'WC - Baño' is set on object 'Object Repository/WIZARD/3Infraestructura/7Motivos/Motivos/span_Motivos(1)/input_Nombre'

2024-03-11 11:17:22 - [TEST_STEP][PASSED] - setText(findTestObject("WIZARD/3Infraestructura/7Motivos/Motivos/span_Motivos(1)/textarea_Descripcion"), "WC - Baño"): Text 'WC - Baño' is set on object 'Object Repository/WIZARD/3Infraestructura/7Motivos/Motivos/span_Motivos(1)/textarea_Descripcion'

2024-03-11 11:17:23 - [MESSAGE][PASSED] - Text 'WC - Baño' is set on object 'Object Repository/WIZARD/3Infraestructura/7Motivos/Motivos/span_Motivos(1)/textarea_Descripcion'

2024-03-11 11:17:23 - [TEST_STEP][PASSED] - selectOptionByLabel(findTestObject("WIZARD/3Infraestructura/7Motivos/Motivos/span_Motivos(1)/select_Tipo motivo"), "Cierre", false): All options with label 'Cierre' are selected in object 'Object Repository/WIZARD/3Infraestructura/7Motivos/Motivos/span_Motivos(1)/select_Tipo motivo' 

2024-03-11 11:17:23 - [MESSAGE][PASSED] - All options with label 'Cierre' are selected in object 'Object Repository/WIZARD/3Infraestructura/7Motivos/Motivos/span_Motivos(1)/select_Tipo motivo' 

2024-03-11 11:17:23 - [TEST_STEP][PASSED] - selectOptionByLabel(findTestObject("WIZARD/3Infraestructura/7Motivos/Motivos/span_Motivos(1)/select_Tipo Ocio"), "Receso Laboral", false): All options with label 'Receso Laboral' are selected in object 'Object Repository/WIZARD/3Infraestructura/7Motivos/Motivos/span_Motivos(1)/select_Tipo Ocio' 

2024-03-11 11:17:24 - [MESSAGE][PASSED] - All options with label 'Receso Laboral' are selected in object 'Object Repository/WIZARD/3Infraestructura/7Motivos/Motivos/span_Motivos(1)/select_Tipo Ocio' 

2024-03-11 11:17:24 - [TEST_STEP][PASSED] - click(findTestObject("WIZARD/3Infraestructura/7Motivos/Motivos/span_Motivos(1)/img_Nuevo")): Object: 'Object Repository/WIZARD/3Infraestructura/7Motivos/Motivos/span_Motivos(1)/img_Nuevo' is clicked on

2024-03-11 11:17:25 - [MESSAGE][PASSED] - Object: 'Object Repository/WIZARD/3Infraestructura/7Motivos/Motivos/span_Motivos(1)/img_Nuevo' is clicked on

2024-03-11 11:17:25 - [TEST_STEP][PASSED] - delay(3): Delayed 3 second(s)

2024-03-11 11:17:28 - [MESSAGE][PASSED] - Delayed 3 second(s)

2024-03-11 11:17:28 - [TEST_STEP][PASSED] - setText(findTestObject("WIZARD/3Infraestructura/7Motivos/Motivos/span_Motivos(1)/input_Nombre"), "Fin de Jornada"): Text 'Fin de Jornada' is set on object 'Object Repository/WIZARD/3Infraestructura/7Motivos/Motivos/span_Motivos(1)/input_Nombre'

2024-03-11 11:17:29 - [MESSAGE][PASSED] - Text 'Fin de Jornada' is set on object 'Object Repository/WIZARD/3Infraestructura/7Motivos/Motivos/span_Motivos(1)/input_Nombre'

2024-03-11 11:17:29 - [TEST_STEP][PASSED] - setText(findTestObject("WIZARD/3Infraestructura/7Motivos/Motivos/span_Motivos(1)/textarea_Descripcion"), "Fin de Jornada"): Text 'Fin de Jornada' is set on object 'Object Repository/WIZARD/3Infraestructura/7Motivos/Motivos/span_Motivos(1)/textarea_Descripcion'

2024-03-11 11:17:29 - [MESSAGE][PASSED] - Text 'Fin de Jornada' is set on object 'Object Repository/WIZARD/3Infraestructura/7Motivos/Motivos/span_Motivos(1)/textarea_Descripcion'

2024-03-11 11:17:29 - [TEST_STEP][PASSED] - selectOptionByLabel(findTestObject("WIZARD/3Infraestructura/7Motivos/Motivos/span_Motivos(1)/select_Tipo motivo"), "Cierre", false): All options with label 'Cierre' are selected in object 'Object Repository/WIZARD/3Infraestructura/7Motivos/Motivos/span_Motivos(1)/select_Tipo motivo' 

2024-03-11 11:17:30 - [MESSAGE][PASSED] - All options with label 'Cierre' are selected in object 'Object Repository/WIZARD/3Infraestructura/7Motivos/Motivos/span_Motivos(1)/select_Tipo motivo' 

2024-03-11 11:17:30 - [TEST_STEP][PASSED] - selectOptionByLabel(findTestObject("WIZARD/3Infraestructura/7Motivos/Motivos/span_Motivos(1)/select_Tipo Ocio"), "Labores Administrativas", false): All options with label 'Labores Administrativas' are selected in object 'Object Repository/WIZARD/3Infraestructura/7Motivos/Motivos/span_Motivos(1)/select_Tipo Ocio' 

2024-03-11 11:17:31 - [MESSAGE][PASSED] - All options with label 'Labores Administrativas' are selected in object 'Object Repository/WIZARD/3Infraestructura/7Motivos/Motivos/span_Motivos(1)/select_Tipo Ocio' 

2024-03-11 11:17:31 - [TEST_STEP][PASSED] - click(findTestObject("WIZARD/3Infraestructura/7Motivos/Motivos/span_Motivos(1)/img_Nuevo")): Object: 'Object Repository/WIZARD/3Infraestructura/7Motivos/Motivos/span_Motivos(1)/img_Nuevo' is clicked on

2024-03-11 11:17:31 - [MESSAGE][PASSED] - Object: 'Object Repository/WIZARD/3Infraestructura/7Motivos/Motivos/span_Motivos(1)/img_Nuevo' is clicked on

2024-03-11 11:17:31 - [TEST_STEP][PASSED] - delay(3): Delayed 3 second(s)

2024-03-11 11:17:34 - [MESSAGE][PASSED] - Delayed 3 second(s)

2024-03-11 11:17:34 - [TEST_STEP][PASSED] - setText(findTestObject("WIZARD/3Infraestructura/7Motivos/Motivos/span_Motivos(1)/input_Nombre"), "Actividad Interna"): Text 'Actividad Interna' is set on object 'Object Repository/WIZARD/3Infraestructura/7Motivos/Motivos/span_Motivos(1)/input_Nombre'

2024-03-11 11:17:35 - [MESSAGE][PASSED] - Text 'Actividad Interna' is set on object 'Object Repository/WIZARD/3Infraestructura/7Motivos/Motivos/span_Motivos(1)/input_Nombre'

2024-03-11 11:17:35 - [TEST_STEP][PASSED] - setText(findTestObject("WIZARD/3Infraestructura/7Motivos/Motivos/span_Motivos(1)/textarea_Descripcion"), "Actividad Interna"): Text 'Actividad Interna' is set on object 'Object Repository/WIZARD/3Infraestructura/7Motivos/Motivos/span_Motivos(1)/textarea_Descripcion'

2024-03-11 11:17:36 - [MESSAGE][PASSED] - Text 'Actividad Interna' is set on object 'Object Repository/WIZARD/3Infraestructura/7Motivos/Motivos/span_Motivos(1)/textarea_Descripcion'

2024-03-11 11:17:36 - [TEST_STEP][PASSED] - selectOptionByLabel(findTestObject("WIZARD/3Infraestructura/7Motivos/Motivos/span_Motivos(1)/select_Tipo motivo"), "Cierre", false): All options with label 'Cierre' are selected in object 'Object Repository/WIZARD/3Infraestructura/7Motivos/Motivos/span_Motivos(1)/select_Tipo motivo' 

2024-03-11 11:17:36 - [MESSAGE][PASSED] - All options with label 'Cierre' are selected in object 'Object Repository/WIZARD/3Infraestructura/7Motivos/Motivos/span_Motivos(1)/select_Tipo motivo' 

2024-03-11 11:17:36 - [TEST_STEP][PASSED] - selectOptionByLabel(findTestObject("WIZARD/3Infraestructura/7Motivos/Motivos/span_Motivos(1)/select_Tipo Ocio"), "Labores Administrativas", false): All options with label 'Labores Administrativas' are selected in object 'Object Repository/WIZARD/3Infraestructura/7Motivos/Motivos/span_Motivos(1)/select_Tipo Ocio' 

2024-03-11 11:17:38 - [MESSAGE][PASSED] - All options with label 'Labores Administrativas' are selected in object 'Object Repository/WIZARD/3Infraestructura/7Motivos/Motivos/span_Motivos(1)/select_Tipo Ocio' 

2024-03-11 11:17:38 - [TEST_STEP][PASSED] - click(findTestObject("WIZARD/3Infraestructura/7Motivos/Motivos/span_Motivos(1)/img_Nuevo")): Object: 'Object Repository/WIZARD/3Infraestructura/7Motivos/Motivos/span_Motivos(1)/img_Nuevo' is clicked on

2024-03-11 11:17:38 - [MESSAGE][PASSED] - Object: 'Object Repository/WIZARD/3Infraestructura/7Motivos/Motivos/span_Motivos(1)/img_Nuevo' is clicked on

2024-03-11 11:17:38 - [TEST_STEP][PASSED] - delay(3): Delayed 3 second(s)

2024-03-11 11:17:41 - [MESSAGE][PASSED] - Delayed 3 second(s)

2024-03-11 11:17:41 - [TEST_STEP][PASSED] - setText(findTestObject("WIZARD/3Infraestructura/7Motivos/Motivos/span_Motivos(1)/input_Nombre"), "Falta Fotocopia"): Text 'Falta Fotocopia' is set on object 'Object Repository/WIZARD/3Infraestructura/7Motivos/Motivos/span_Motivos(1)/input_Nombre'

2024-03-11 11:17:42 - [MESSAGE][PASSED] - Text 'Falta Fotocopia' is set on object 'Object Repository/WIZARD/3Infraestructura/7Motivos/Motivos/span_Motivos(1)/input_Nombre'

2024-03-11 11:17:42 - [TEST_STEP][PASSED] - setText(findTestObject("WIZARD/3Infraestructura/7Motivos/Motivos/span_Motivos(1)/textarea_Descripcion"), "Falta Fotocopia"): Text 'Falta Fotocopia' is set on object 'Object Repository/WIZARD/3Infraestructura/7Motivos/Motivos/span_Motivos(1)/textarea_Descripcion'

2024-03-11 11:17:43 - [MESSAGE][PASSED] - Text 'Falta Fotocopia' is set on object 'Object Repository/WIZARD/3Infraestructura/7Motivos/Motivos/span_Motivos(1)/textarea_Descripcion'

2024-03-11 11:17:43 - [TEST_STEP][PASSED] - selectOptionByLabel(findTestObject("WIZARD/3Infraestructura/7Motivos/Motivos/span_Motivos(1)/select_Tipo motivo"), "Suspensión", false): All options with label 'Suspensión' are selected in object 'Object Repository/WIZARD/3Infraestructura/7Motivos/Motivos/span_Motivos(1)/select_Tipo motivo' 

2024-03-11 11:17:43 - [MESSAGE][PASSED] - All options with label 'Suspensión' are selected in object 'Object Repository/WIZARD/3Infraestructura/7Motivos/Motivos/span_Motivos(1)/select_Tipo motivo' 

2024-03-11 11:17:43 - [TEST_STEP][PASSED] - click(findTestObject("WIZARD/3Infraestructura/7Motivos/Motivos/span_Motivos(1)/img_Nuevo")): Object: 'Object Repository/WIZARD/3Infraestructura/7Motivos/Motivos/span_Motivos(1)/img_Nuevo' is clicked on

2024-03-11 11:17:44 - [MESSAGE][PASSED] - Object: 'Object Repository/WIZARD/3Infraestructura/7Motivos/Motivos/span_Motivos(1)/img_Nuevo' is clicked on

2024-03-11 11:17:44 - [TEST_STEP][PASSED] - delay(3): Delayed 3 second(s)

2024-03-11 11:17:47 - [MESSAGE][PASSED] - Delayed 3 second(s)

2024-03-11 11:17:47 - [TEST_STEP][PASSED] - setText(findTestObject("WIZARD/3Infraestructura/7Motivos/Motivos/span_Motivos(1)/input_Nombre"), "Falta Autorización"): Text 'Falta Autorización' is set on object 'Object Repository/WIZARD/3Infraestructura/7Motivos/Motivos/span_Motivos(1)/input_Nombre'

2024-03-11 11:17:48 - [MESSAGE][PASSED] - Text 'Falta Autorización' is set on object 'Object Repository/WIZARD/3Infraestructura/7Motivos/Motivos/span_Motivos(1)/input_Nombre'

2024-03-11 11:17:48 - [TEST_STEP][PASSED] - setText(findTestObject("WIZARD/3Infraestructura/7Motivos/Motivos/span_Motivos(1)/textarea_Descripcion"), "Falta Autorización"): Text 'Falta Autorización' is set on object 'Object Repository/WIZARD/3Infraestructura/7Motivos/Motivos/span_Motivos(1)/textarea_Descripcion'

2024-03-11 11:17:49 - [MESSAGE][PASSED] - Text 'Falta Autorización' is set on object 'Object Repository/WIZARD/3Infraestructura/7Motivos/Motivos/span_Motivos(1)/textarea_Descripcion'

2024-03-11 11:17:49 - [TEST_STEP][PASSED] - selectOptionByLabel(findTestObject("WIZARD/3Infraestructura/7Motivos/Motivos/span_Motivos(1)/select_Tipo motivo"), "Suspensión", false): All options with label 'Suspensión' are selected in object 'Object Repository/WIZARD/3Infraestructura/7Motivos/Motivos/span_Motivos(1)/select_Tipo motivo' 

2024-03-11 11:17:49 - [MESSAGE][PASSED] - All options with label 'Suspensión' are selected in object 'Object Repository/WIZARD/3Infraestructura/7Motivos/Motivos/span_Motivos(1)/select_Tipo motivo' 

2024-03-11 11:17:49 - [TEST_STEP][PASSED] - click(findTestObject("WIZARD/3Infraestructura/7Motivos/Motivos/span_Motivos(1)/img_Nuevo")): Object: 'Object Repository/WIZARD/3Infraestructura/7Motivos/Motivos/span_Motivos(1)/img_Nuevo' is clicked on

2024-03-11 11:17:50 - [MESSAGE][PASSED] - Object: 'Object Repository/WIZARD/3Infraestructura/7Motivos/Motivos/span_Motivos(1)/img_Nuevo' is clicked on

2024-03-11 11:17:50 - [TEST_STEP][PASSED] - delay(3): Delayed 3 second(s)

2024-03-11 11:17:53 - [MESSAGE][PASSED] - Delayed 3 second(s)

2024-03-11 11:17:53 - [TEST_STEP][PASSED] - setText(findTestObject("WIZARD/3Infraestructura/7Motivos/Motivos/span_Motivos(1)/input_Nombre"), "Falta Recibo de Pago"): Text 'Falta Recibo de Pago' is set on object 'Object Repository/WIZARD/3Infraestructura/7Motivos/Motivos/span_Motivos(1)/input_Nombre'

2024-03-11 11:17:54 - [MESSAGE][PASSED] - Text 'Falta Recibo de Pago' is set on object 'Object Repository/WIZARD/3Infraestructura/7Motivos/Motivos/span_Motivos(1)/input_Nombre'

2024-03-11 11:17:54 - [TEST_STEP][PASSED] - setText(findTestObject("WIZARD/3Infraestructura/7Motivos/Motivos/span_Motivos(1)/textarea_Descripcion"), "Falta Recibo de Pago"): Text 'Falta Recibo de Pago' is set on object 'Object Repository/WIZARD/3Infraestructura/7Motivos/Motivos/span_Motivos(1)/textarea_Descripcion'

2024-03-11 11:17:55 - [MESSAGE][PASSED] - Text 'Falta Recibo de Pago' is set on object 'Object Repository/WIZARD/3Infraestructura/7Motivos/Motivos/span_Motivos(1)/textarea_Descripcion'

2024-03-11 11:17:55 - [TEST_STEP][PASSED] - selectOptionByLabel(findTestObject("WIZARD/3Infraestructura/7Motivos/Motivos/span_Motivos(1)/select_Tipo motivo"), "Suspensión", false): All options with label 'Suspensión' are selected in object 'Object Repository/WIZARD/3Infraestructura/7Motivos/Motivos/span_Motivos(1)/select_Tipo motivo' 

2024-03-11 11:17:55 - [MESSAGE][PASSED] - All options with label 'Suspensión' are selected in object 'Object Repository/WIZARD/3Infraestructura/7Motivos/Motivos/span_Motivos(1)/select_Tipo motivo' 

2024-03-11 11:17:55 - [TEST_STEP][PASSED] - click(findTestObject("WIZARD/3Infraestructura/7Motivos/Motivos/span_Motivos(1)/img_Nuevo")): Object: 'Object Repository/WIZARD/3Infraestructura/7Motivos/Motivos/span_Motivos(1)/img_Nuevo' is clicked on

2024-03-11 11:17:56 - [MESSAGE][PASSED] - Object: 'Object Repository/WIZARD/3Infraestructura/7Motivos/Motivos/span_Motivos(1)/img_Nuevo' is clicked on

2024-03-11 11:17:56 - [TEST_STEP][PASSED] - delay(3): Delayed 3 second(s)

2024-03-11 11:17:59 - [MESSAGE][PASSED] - Delayed 3 second(s)

2024-03-11 11:17:59 - [TEST_STEP][PASSED] - setText(findTestObject("WIZARD/3Infraestructura/7Motivos/Motivos/span_Motivos(1)/input_Nombre"), "Falta Ausente"): Text 'Falta Ausente' is set on object 'Object Repository/WIZARD/3Infraestructura/7Motivos/Motivos/span_Motivos(1)/input_Nombre'

2024-03-11 11:18:00 - [MESSAGE][PASSED] - Text 'Falta Ausente' is set on object 'Object Repository/WIZARD/3Infraestructura/7Motivos/Motivos/span_Motivos(1)/input_Nombre'

2024-03-11 11:18:00 - [TEST_STEP][PASSED] - setText(findTestObject("WIZARD/3Infraestructura/7Motivos/Motivos/span_Motivos(1)/textarea_Descripcion"), "Falta Ausente"): Text 'Falta Ausente' is set on object 'Object Repository/WIZARD/3Infraestructura/7Motivos/Motivos/span_Motivos(1)/textarea_Descripcion'

2024-03-11 11:18:01 - [MESSAGE][PASSED] - Text 'Falta Ausente' is set on object 'Object Repository/WIZARD/3Infraestructura/7Motivos/Motivos/span_Motivos(1)/textarea_Descripcion'

2024-03-11 11:18:01 - [TEST_STEP][PASSED] - selectOptionByLabel(findTestObject("WIZARD/3Infraestructura/7Motivos/Motivos/span_Motivos(1)/select_Tipo motivo"), "Suspensión", false): All options with label 'Suspensión' are selected in object 'Object Repository/WIZARD/3Infraestructura/7Motivos/Motivos/span_Motivos(1)/select_Tipo motivo' 

2024-03-11 11:18:01 - [MESSAGE][PASSED] - All options with label 'Suspensión' are selected in object 'Object Repository/WIZARD/3Infraestructura/7Motivos/Motivos/span_Motivos(1)/select_Tipo motivo' 

2024-03-11 11:18:01 - [TEST_STEP][PASSED] - click(findTestObject("WIZARD/3Infraestructura/7Motivos/Motivos/span_Motivos(1)/img_Nuevo")): Object: 'Object Repository/WIZARD/3Infraestructura/7Motivos/Motivos/span_Motivos(1)/img_Nuevo' is clicked on

2024-03-11 11:18:02 - [MESSAGE][PASSED] - Object: 'Object Repository/WIZARD/3Infraestructura/7Motivos/Motivos/span_Motivos(1)/img_Nuevo' is clicked on

2024-03-11 11:18:02 - [TEST_STEP][PASSED] - delay(3): Delayed 3 second(s)

2024-03-11 11:18:05 - [MESSAGE][PASSED] - Delayed 3 second(s)

2024-03-11 11:18:05 - [TEST_STEP][PASSED] - setText(findTestObject("WIZARD/3Infraestructura/7Motivos/Motivos/span_Motivos(1)/input_Nombre"), "No Corresponde a Negocio"): Text 'No Corresponde a Negocio' is set on object 'Object Repository/WIZARD/3Infraestructura/7Motivos/Motivos/span_Motivos(1)/input_Nombre'

2024-03-11 11:18:06 - [MESSAGE][PASSED] - Text 'No Corresponde a Negocio' is set on object 'Object Repository/WIZARD/3Infraestructura/7Motivos/Motivos/span_Motivos(1)/input_Nombre'

2024-03-11 11:18:06 - [TEST_STEP][PASSED] - setText(findTestObject("WIZARD/3Infraestructura/7Motivos/Motivos/span_Motivos(1)/textarea_Descripcion"), "No Corresponde a Negocio"): Text 'No Corresponde a Negocio' is set on object 'Object Repository/WIZARD/3Infraestructura/7Motivos/Motivos/span_Motivos(1)/textarea_Descripcion'

2024-03-11 11:18:07 - [MESSAGE][PASSED] - Text 'No Corresponde a Negocio' is set on object 'Object Repository/WIZARD/3Infraestructura/7Motivos/Motivos/span_Motivos(1)/textarea_Descripcion'

2024-03-11 11:18:07 - [TEST_STEP][PASSED] - selectOptionByLabel(findTestObject("WIZARD/3Infraestructura/7Motivos/Motivos/span_Motivos(1)/select_Tipo motivo"), "Cancelación servicio", false): All options with label 'Cancelación servicio' are selected in object 'Object Repository/WIZARD/3Infraestructura/7Motivos/Motivos/span_Motivos(1)/select_Tipo motivo' 

2024-03-11 11:18:07 - [MESSAGE][PASSED] - All options with label 'Cancelación servicio' are selected in object 'Object Repository/WIZARD/3Infraestructura/7Motivos/Motivos/span_Motivos(1)/select_Tipo motivo' 

2024-03-11 11:18:07 - [TEST_STEP][PASSED] - click(findTestObject("WIZARD/3Infraestructura/7Motivos/Motivos/span_Motivos(1)/img_Nuevo")): Object: 'Object Repository/WIZARD/3Infraestructura/7Motivos/Motivos/span_Motivos(1)/img_Nuevo' is clicked on

2024-03-11 11:18:08 - [MESSAGE][PASSED] - Object: 'Object Repository/WIZARD/3Infraestructura/7Motivos/Motivos/span_Motivos(1)/img_Nuevo' is clicked on

2024-03-11 11:18:08 - [TEST_STEP][PASSED] - delay(3): Delayed 3 second(s)

2024-03-11 11:18:11 - [MESSAGE][PASSED] - Delayed 3 second(s)

2024-03-11 11:18:11 - [TEST_STEP][PASSED] - setText(findTestObject("WIZARD/3Infraestructura/7Motivos/Motivos/span_Motivos(1)/input_Nombre"), "Sin Documento"): Text 'Sin Documento' is set on object 'Object Repository/WIZARD/3Infraestructura/7Motivos/Motivos/span_Motivos(1)/input_Nombre'

2024-03-11 11:18:12 - [MESSAGE][PASSED] - Text 'Sin Documento' is set on object 'Object Repository/WIZARD/3Infraestructura/7Motivos/Motivos/span_Motivos(1)/input_Nombre'

2024-03-11 11:18:12 - [TEST_STEP][PASSED] - setText(findTestObject("WIZARD/3Infraestructura/7Motivos/Motivos/span_Motivos(1)/textarea_Descripcion"), "Sin Documento"): Text 'Sin Documento' is set on object 'Object Repository/WIZARD/3Infraestructura/7Motivos/Motivos/span_Motivos(1)/textarea_Descripcion'

2024-03-11 11:18:13 - [MESSAGE][PASSED] - Text 'Sin Documento' is set on object 'Object Repository/WIZARD/3Infraestructura/7Motivos/Motivos/span_Motivos(1)/textarea_Descripcion'

2024-03-11 11:18:13 - [TEST_STEP][PASSED] - selectOptionByLabel(findTestObject("WIZARD/3Infraestructura/7Motivos/Motivos/span_Motivos(1)/select_Tipo motivo"), "Cancelación servicio", false): All options with label 'Cancelación servicio' are selected in object 'Object Repository/WIZARD/3Infraestructura/7Motivos/Motivos/span_Motivos(1)/select_Tipo motivo' 

2024-03-11 11:18:13 - [MESSAGE][PASSED] - All options with label 'Cancelación servicio' are selected in object 'Object Repository/WIZARD/3Infraestructura/7Motivos/Motivos/span_Motivos(1)/select_Tipo motivo' 

2024-03-11 11:18:13 - [TEST_STEP][PASSED] - click(findTestObject("WIZARD/3Infraestructura/7Motivos/Motivos/span_Motivos(1)/img_Nuevo")): Object: 'Object Repository/WIZARD/3Infraestructura/7Motivos/Motivos/span_Motivos(1)/img_Nuevo' is clicked on

2024-03-11 11:18:14 - [MESSAGE][PASSED] - Object: 'Object Repository/WIZARD/3Infraestructura/7Motivos/Motivos/span_Motivos(1)/img_Nuevo' is clicked on

2024-03-11 11:18:14 - [TEST_STEP][PASSED] - delay(3): Delayed 3 second(s)

2024-03-11 11:18:17 - [MESSAGE][PASSED] - Delayed 3 second(s)

2024-03-11 11:18:17 - [TEST_STEP][PASSED] - setText(findTestObject("WIZARD/3Infraestructura/7Motivos/Motivos/span_Motivos(1)/input_Nombre"), "Tramitador"): Text 'Tramitador' is set on object 'Object Repository/WIZARD/3Infraestructura/7Motivos/Motivos/span_Motivos(1)/input_Nombre'

2024-03-11 11:18:18 - [MESSAGE][PASSED] - Text 'Tramitador' is set on object 'Object Repository/WIZARD/3Infraestructura/7Motivos/Motivos/span_Motivos(1)/input_Nombre'

2024-03-11 11:18:18 - [TEST_STEP][PASSED] - setText(findTestObject("WIZARD/3Infraestructura/7Motivos/Motivos/span_Motivos(1)/textarea_Descripcion"), "Tramitador"): Text 'Tramitador' is set on object 'Object Repository/WIZARD/3Infraestructura/7Motivos/Motivos/span_Motivos(1)/textarea_Descripcion'

2024-03-11 11:18:19 - [MESSAGE][PASSED] - Text 'Tramitador' is set on object 'Object Repository/WIZARD/3Infraestructura/7Motivos/Motivos/span_Motivos(1)/textarea_Descripcion'

2024-03-11 11:18:19 - [TEST_STEP][PASSED] - selectOptionByLabel(findTestObject("WIZARD/3Infraestructura/7Motivos/Motivos/span_Motivos(1)/select_Tipo motivo"), "Cancelación servicio", false): All options with label 'Cancelación servicio' are selected in object 'Object Repository/WIZARD/3Infraestructura/7Motivos/Motivos/span_Motivos(1)/select_Tipo motivo' 

2024-03-11 11:18:19 - [MESSAGE][PASSED] - All options with label 'Cancelación servicio' are selected in object 'Object Repository/WIZARD/3Infraestructura/7Motivos/Motivos/span_Motivos(1)/select_Tipo motivo' 

2024-03-11 11:18:19 - [TEST_STEP][PASSED] - click(findTestObject("WIZARD/3Infraestructura/7Motivos/Motivos/span_Motivos(1)/img_Nuevo")): Object: 'Object Repository/WIZARD/3Infraestructura/7Motivos/Motivos/span_Motivos(1)/img_Nuevo' is clicked on

2024-03-11 11:18:20 - [MESSAGE][PASSED] - Object: 'Object Repository/WIZARD/3Infraestructura/7Motivos/Motivos/span_Motivos(1)/img_Nuevo' is clicked on

2024-03-11 11:18:20 - [TEST_STEP][PASSED] - delay(3): Delayed 3 second(s)

2024-03-11 11:18:23 - [MESSAGE][PASSED] - Delayed 3 second(s)

2024-03-11 11:18:23 - [TEST_STEP][PASSED] - setText(findTestObject("WIZARD/3Infraestructura/7Motivos/Motivos/span_Motivos(1)/input_Nombre"), "Caída de ERP"): Text 'Caída de ERP' is set on object 'Object Repository/WIZARD/3Infraestructura/7Motivos/Motivos/span_Motivos(1)/input_Nombre'

2024-03-11 11:18:24 - [MESSAGE][PASSED] - Text 'Caída de ERP' is set on object 'Object Repository/WIZARD/3Infraestructura/7Motivos/Motivos/span_Motivos(1)/input_Nombre'

2024-03-11 11:18:24 - [TEST_STEP][PASSED] - setText(findTestObject("WIZARD/3Infraestructura/7Motivos/Motivos/span_Motivos(1)/textarea_Descripcion"), "Caída de ERP"): Text 'Caída de ERP' is set on object 'Object Repository/WIZARD/3Infraestructura/7Motivos/Motivos/span_Motivos(1)/textarea_Descripcion'

2024-03-11 11:18:25 - [MESSAGE][PASSED] - Text 'Caída de ERP' is set on object 'Object Repository/WIZARD/3Infraestructura/7Motivos/Motivos/span_Motivos(1)/textarea_Descripcion'

2024-03-11 11:18:25 - [TEST_STEP][PASSED] - selectOptionByLabel(findTestObject("WIZARD/3Infraestructura/7Motivos/Motivos/span_Motivos(1)/select_Tipo motivo"), "Cancelación servicio", false): All options with label 'Cancelación servicio' are selected in object 'Object Repository/WIZARD/3Infraestructura/7Motivos/Motivos/span_Motivos(1)/select_Tipo motivo' 

2024-03-11 11:18:26 - [MESSAGE][PASSED] - All options with label 'Cancelación servicio' are selected in object 'Object Repository/WIZARD/3Infraestructura/7Motivos/Motivos/span_Motivos(1)/select_Tipo motivo' 

2024-03-11 11:18:26 - [TEST_STEP][PASSED] - click(findTestObject("WIZARD/3Infraestructura/7Motivos/Motivos/span_Motivos(1)/img_Nuevo")): Object: 'Object Repository/WIZARD/3Infraestructura/7Motivos/Motivos/span_Motivos(1)/img_Nuevo' is clicked on

2024-03-11 11:18:26 - [MESSAGE][PASSED] - Object: 'Object Repository/WIZARD/3Infraestructura/7Motivos/Motivos/span_Motivos(1)/img_Nuevo' is clicked on

2024-03-11 11:18:26 - [TEST_STEP][PASSED] - delay(3): Delayed 3 second(s)

2024-03-11 11:18:29 - [MESSAGE][PASSED] - Delayed 3 second(s)

2024-03-11 11:18:29 - [TEST_STEP][PASSED] - takeFullPageScreenshot(): Taking screenshot successfully

2024-03-11 11:18:30 - [MESSAGE][INFO] - 0 hidden object(s)

2024-03-11 11:18:30 - [MESSAGE][PASSED] - Taking screenshot successfully
[[ATTACHMENT|C:\\CIEL INGENIERIA\\Katalon\\Digiturno55\\Reports\\20240311_101053\\WIZARD\\3Infraestructura\\7Motivos\\5.7 Crear Motivos\\20240311_101223\\1710173909855.png]]

2024-03-11 11:18:30 - [TEST_STEP][PASSED] - delay(3): Delayed 3 second(s)

2024-03-11 11:18:33 - [MESSAGE][PASSED] - Delayed 3 second(s)

2024-03-11 11:18:33 - [TEST_STEP][PASSED] - Start listener action : sampleAfterTestCase: null]]></system-out>
         <system-err><![CDATA[]]></system-err>
      </testcase>
      <system-out><![CDATA[2024-03-11 11:16:16 - [TEST_SUITE][PASSED] - 5.7 Crear Motivos: Test Cases/WIZARD/3Infraestructura/7Motivos/5.7 Crear Motivos]]></system-out>
      <system-err><![CDATA[]]></system-err>
   </testsuite>
</testsuites>
