<?xml version="1.0" encoding="UTF-8"?>
<testsuites name="5.3 Crear Grupos Chipichape" time="83.769" tests="1" failures="0" errors="0">
   <testsuite name="5.3 Crear Grupos Chipichape" tests="1" failures="0" errors="0" time="83.769" skipped="0" timestamp="2024-01-15 10:06:44" hostname="jdavila - PCPruebas101.ciel.cielingenieria.com" id="Test Suites/WIZARD/3Infraestructura/3Grupos/5.3 Crear Grupos Chipichape">
      <properties>
         <property name="deviceName" value=""/>
         <property name="devicePlatform" value=""/>
         <property name="logFolder" value="C:\\CIEL INGENIERIA\\Katalon\\Digiturno55\\Reports\\20240115_094157\\WIZARD\\3Infraestructura\\3Grupos\\5.3 Crear Grupos Chipichape\\20240115_094239"/>
         <property name="logFiles" value="C:\\CIEL INGENIERIA\\Katalon\\Digiturno55\\Reports\\20240115_094157\\WIZARD\\3Infraestructura\\3Grupos\\5.3 Crear Grupos Chipichape\\20240115_094239\\execution0.log"/>
         <property name="attachments" value="C:\\CIEL INGENIERIA\\Katalon\\Digiturno55\\Reports\\20240115_094157\\WIZARD\\3Infraestructura\\3Grupos\\5.3 Crear Grupos Chipichape\\20240115_094239\\1705331284384.png"/>
         <property name="hostName" value="jdavila - PCPruebas101.ciel.cielingenieria.com"/>
         <property name="os" value="Windows 10 64bit"/>
         <property name="katalonVersion" value="8.6.8.208"/>
         <property name="browser" value="Chrome 120.0.0.0"/>
         <property name="hostAddress" value="192.168.0.9"/>
         <property name="sessionId" value="5e51112b24405ab13991444bb6ea1b26"/>
         <property name="seleniumVersion" value="3.141.59"/>
         <property name="proxyInformation" value="ProxyInformation { proxyOption=NO_PROXY, proxyServerType=HTTP, username=, password=********, proxyServerAddress=, proxyServerPort=0, executionList=&quot;&quot;, isApplyToDesiredCapabilities=true }"/>
         <property name="platform" value="Windows 10"/>
      </properties>
      <testcase name="Test Cases/WIZARD/3Infraestructura/3Grupos/5.3 Crear Grupos Chipichape" time="83.54" classname="Test Cases/WIZARD/3Infraestructura/3Grupos/5.3 Crear Grupos Chipichape" status="PASSED">
         <system-out><![CDATA[2024-01-15 10:06:44 - [TEST_CASE][PASSED] - Test Cases/WIZARD/3Infraestructura/3Grupos/5.3 Crear Grupos Chipichape: Test Cases/WIZARD/3Infraestructura/3Grupos/5.3 Crear Grupos Chipichape

2024-01-15 10:06:45 - [TEST_STEP][PASSED] - callTestCase(findTestCase("0InicioSesion"), [:], STOP_ON_FAILURE): Call Test Case 'Test Cases/0InicioSesion' successfully

2024-01-15 10:06:45 - [TEST_CASE][PASSED] - Test Cases/0InicioSesion: Test Cases/0InicioSesion

2024-01-15 10:06:45 - [TEST_STEP][PASSED] - openBrowser(UrlDigiturno): Browser is opened with url: 'https://PCPruebas101.ciel.cielingenieria.com:8610'

2024-01-15 10:06:45 - [MESSAGE][INFO] - Starting 'Chrome' driver

2024-01-15 10:06:45 - [MESSAGE][INFO] - User set preference: ['args', '[--use-fake-ui-for-media-stream, --disable-notifications]']

2024-01-15 10:06:45 - [MESSAGE][INFO] - Action delay is set to 0 milliseconds

2024-01-15 10:06:48 - [MESSAGE][PASSED] - Browser is opened with url: 'https://PCPruebas101.ciel.cielingenieria.com:8610'

2024-01-15 10:06:48 - [TEST_STEP][PASSED] - maximizeWindow(): Current window maximized

2024-01-15 10:06:48 - [MESSAGE][PASSED] - Current window maximized

2024-01-15 10:06:48 - [TEST_STEP][PASSED] - delay(3): Delayed 3 second(s)

2024-01-15 10:06:51 - [MESSAGE][PASSED] - Delayed 3 second(s)

2024-01-15 10:06:51 - [TEST_STEP][PASSED] - setText(findTestObject("0Inicio Sesion/input_Usuario"), "Ciel"): Text 'Ciel' is set on object 'Object Repository/0Inicio Sesion/input_Usuario'

2024-01-15 10:06:52 - [MESSAGE][PASSED] - Text 'Ciel' is set on object 'Object Repository/0Inicio Sesion/input_Usuario'

2024-01-15 10:06:52 - [TEST_STEP][PASSED] - setText(findTestObject("0Inicio Sesion/input_Clave"), "digiturno"): Text 'digiturno' is set on object 'Object Repository/0Inicio Sesion/input_Clave'

2024-01-15 10:06:52 - [MESSAGE][PASSED] - Text 'digiturno' is set on object 'Object Repository/0Inicio Sesion/input_Clave'

2024-01-15 10:06:52 - [TEST_STEP][PASSED] - click(findTestObject("0Inicio Sesion/btn_IniciarSesion")): Object: 'Object Repository/0Inicio Sesion/btn_IniciarSesion' is clicked on

2024-01-15 10:06:53 - [MESSAGE][PASSED] - Object: 'Object Repository/0Inicio Sesion/btn_IniciarSesion' is clicked on

2024-01-15 10:06:53 - [TEST_STEP][PASSED] - delay(3): Delayed 3 second(s)

2024-01-15 10:06:56 - [MESSAGE][PASSED] - Delayed 3 second(s)

2024-01-15 10:06:56 - [MESSAGE][PASSED] - Call Test Case 'Test Cases/0InicioSesion' successfully

2024-01-15 10:06:56 - [TEST_STEP][PASSED] - click(findTestObject("WIZARD/0Principal/img_InfraestructuraMAX")): Object: 'Object Repository/WIZARD/0Principal/img_InfraestructuraMAX' is clicked on

2024-01-15 10:06:57 - [MESSAGE][PASSED] - Object: 'Object Repository/WIZARD/0Principal/img_InfraestructuraMAX' is clicked on

2024-01-15 10:06:57 - [TEST_STEP][PASSED] - delay(3): Delayed 3 second(s)

2024-01-15 10:07:00 - [MESSAGE][PASSED] - Delayed 3 second(s)

2024-01-15 10:07:00 - [TEST_STEP][PASSED] - click(findTestObject("WIZARD/3Infraestructura/0Menu/span_Grupos")): Object: 'Object Repository/WIZARD/3Infraestructura/0Menu/span_Grupos' is clicked on

2024-01-15 10:07:00 - [MESSAGE][PASSED] - Object: 'Object Repository/WIZARD/3Infraestructura/0Menu/span_Grupos' is clicked on

2024-01-15 10:07:00 - [TEST_STEP][PASSED] - delay(3): Delayed 3 second(s)

2024-01-15 10:07:03 - [MESSAGE][PASSED] - Delayed 3 second(s)

2024-01-15 10:07:03 - [TEST_STEP][PASSED] - click(findTestObject("WIZARD/3Infraestructura/3Grupos/Edicion/btn_Sala")): Object: 'Object Repository/WIZARD/3Infraestructura/3Grupos/Edicion/btn_Sala' is clicked on

2024-01-15 10:07:04 - [MESSAGE][PASSED] - Object: 'Object Repository/WIZARD/3Infraestructura/3Grupos/Edicion/btn_Sala' is clicked on

2024-01-15 10:07:04 - [TEST_STEP][PASSED] - delay(3): Delayed 3 second(s)

2024-01-15 10:07:07 - [MESSAGE][PASSED] - Delayed 3 second(s)

2024-01-15 10:07:07 - [TEST_STEP][PASSED] - click(findTestObject("WIZARD/3Infraestructura/3Grupos/Edicion/btn_Sala(1)/a_2Chipichape - Sala General")): Object: 'Object Repository/WIZARD/3Infraestructura/3Grupos/Edicion/btn_Sala(1)/a_2Chipichape - Sala General' is clicked on

2024-01-15 10:07:08 - [MESSAGE][PASSED] - Object: 'Object Repository/WIZARD/3Infraestructura/3Grupos/Edicion/btn_Sala(1)/a_2Chipichape - Sala General' is clicked on

2024-01-15 10:07:08 - [TEST_STEP][PASSED] - delay(3): Delayed 3 second(s)

2024-01-15 10:07:11 - [MESSAGE][PASSED] - Delayed 3 second(s)

2024-01-15 10:07:11 - [TEST_STEP][PASSED] - setText(findTestObject("WIZARD/3Infraestructura/3Grupos/Edicion/input_Nombre"), "Grupo Información"): Text 'Grupo Información' is set on object 'Object Repository/WIZARD/3Infraestructura/3Grupos/Edicion/input_Nombre'

2024-01-15 10:07:11 - [MESSAGE][PASSED] - Text 'Grupo Información' is set on object 'Object Repository/WIZARD/3Infraestructura/3Grupos/Edicion/input_Nombre'

2024-01-15 10:07:11 - [TEST_STEP][PASSED] - setText(findTestObject("WIZARD/3Infraestructura/3Grupos/Edicion/textarea_Descripcion"), "Chipichape - Grupo Información"): Text 'Chipichape - Grupo Información' is set on object 'Object Repository/WIZARD/3Infraestructura/3Grupos/Edicion/textarea_Descripcion'

2024-01-15 10:07:12 - [MESSAGE][PASSED] - Text 'Chipichape - Grupo Información' is set on object 'Object Repository/WIZARD/3Infraestructura/3Grupos/Edicion/textarea_Descripcion'

2024-01-15 10:07:12 - [TEST_STEP][PASSED] - scrollToPosition(0, 800): Browser is scrolled to position x = 0, y = 800

2024-01-15 10:07:12 - [MESSAGE][PASSED] - Browser is scrolled to position x = 0, y = 800

2024-01-15 10:07:12 - [TEST_STEP][PASSED] - selectOptionByLabel(findTestObject("WIZARD/3Infraestructura/3Grupos/Edicion/select_Nivel de visualizacion en Transferencias"), "Área", false): All options with label 'Área' are selected in object 'Object Repository/WIZARD/3Infraestructura/3Grupos/Edicion/select_Nivel de visualizacion en Transferencias' 

2024-01-15 10:07:13 - [MESSAGE][PASSED] - All options with label 'Área' are selected in object 'Object Repository/WIZARD/3Infraestructura/3Grupos/Edicion/select_Nivel de visualizacion en Transferencias' 

2024-01-15 10:07:13 - [TEST_STEP][PASSED] - delay(2): Delayed 2 second(s)

2024-01-15 10:07:15 - [MESSAGE][PASSED] - Delayed 2 second(s)

2024-01-15 10:07:15 - [TEST_STEP][PASSED] - selectOptionByLabel(findTestObject("WIZARD/3Infraestructura/3Grupos/Edicion/select_Nivel de visualizacion en Nuevo Servicio"), "Área", false): All options with label 'Área' are selected in object 'Object Repository/WIZARD/3Infraestructura/3Grupos/Edicion/select_Nivel de visualizacion en Nuevo Servicio' 

2024-01-15 10:07:16 - [MESSAGE][PASSED] - All options with label 'Área' are selected in object 'Object Repository/WIZARD/3Infraestructura/3Grupos/Edicion/select_Nivel de visualizacion en Nuevo Servicio' 

2024-01-15 10:07:16 - [TEST_STEP][PASSED] - delay(2): Delayed 2 second(s)

2024-01-15 10:07:18 - [MESSAGE][PASSED] - Delayed 2 second(s)

2024-01-15 10:07:18 - [TEST_STEP][PASSED] - scrollToPosition(0, 0): Browser is scrolled to position x = 0, y = 0

2024-01-15 10:07:18 - [MESSAGE][PASSED] - Browser is scrolled to position x = 0, y = 0

2024-01-15 10:07:18 - [TEST_STEP][PASSED] - click(findTestObject("WIZARD/3Infraestructura/3Grupos/Edicion/img_Nuevo")): Object: 'Object Repository/WIZARD/3Infraestructura/3Grupos/Edicion/img_Nuevo' is clicked on

2024-01-15 10:07:18 - [MESSAGE][PASSED] - Object: 'Object Repository/WIZARD/3Infraestructura/3Grupos/Edicion/img_Nuevo' is clicked on

2024-01-15 10:07:18 - [TEST_STEP][PASSED] - delay(3): Delayed 3 second(s)

2024-01-15 10:07:21 - [MESSAGE][PASSED] - Delayed 3 second(s)

2024-01-15 10:07:21 - [TEST_STEP][PASSED] - click(findTestObject("WIZARD/3Infraestructura/0Menu/span_Grupos")): Object: 'Object Repository/WIZARD/3Infraestructura/0Menu/span_Grupos' is clicked on

2024-01-15 10:07:22 - [MESSAGE][PASSED] - Object: 'Object Repository/WIZARD/3Infraestructura/0Menu/span_Grupos' is clicked on

2024-01-15 10:07:22 - [TEST_STEP][PASSED] - delay(3): Delayed 3 second(s)

2024-01-15 10:07:25 - [MESSAGE][PASSED] - Delayed 3 second(s)

2024-01-15 10:07:25 - [TEST_STEP][PASSED] - click(findTestObject("WIZARD/3Infraestructura/3Grupos/Edicion/btn_Sala")): Object: 'Object Repository/WIZARD/3Infraestructura/3Grupos/Edicion/btn_Sala' is clicked on

2024-01-15 10:07:25 - [MESSAGE][PASSED] - Object: 'Object Repository/WIZARD/3Infraestructura/3Grupos/Edicion/btn_Sala' is clicked on

2024-01-15 10:07:25 - [TEST_STEP][PASSED] - delay(3): Delayed 3 second(s)

2024-01-15 10:07:28 - [MESSAGE][PASSED] - Delayed 3 second(s)

2024-01-15 10:07:28 - [TEST_STEP][PASSED] - click(findTestObject("WIZARD/3Infraestructura/3Grupos/Edicion/btn_Sala(1)/a_2Chipichape - Sala General")): Object: 'Object Repository/WIZARD/3Infraestructura/3Grupos/Edicion/btn_Sala(1)/a_2Chipichape - Sala General' is clicked on

2024-01-15 10:07:29 - [MESSAGE][PASSED] - Object: 'Object Repository/WIZARD/3Infraestructura/3Grupos/Edicion/btn_Sala(1)/a_2Chipichape - Sala General' is clicked on

2024-01-15 10:07:29 - [TEST_STEP][PASSED] - delay(3): Delayed 3 second(s)

2024-01-15 10:07:32 - [MESSAGE][PASSED] - Delayed 3 second(s)

2024-01-15 10:07:32 - [TEST_STEP][PASSED] - setText(findTestObject("WIZARD/3Infraestructura/3Grupos/Edicion/input_Nombre"), "Grupo PQRS"): Text 'Grupo PQRS' is set on object 'Object Repository/WIZARD/3Infraestructura/3Grupos/Edicion/input_Nombre'

2024-01-15 10:07:33 - [MESSAGE][PASSED] - Text 'Grupo PQRS' is set on object 'Object Repository/WIZARD/3Infraestructura/3Grupos/Edicion/input_Nombre'

2024-01-15 10:07:33 - [TEST_STEP][PASSED] - setText(findTestObject("WIZARD/3Infraestructura/3Grupos/Edicion/textarea_Descripcion"), "Chipichape - PQRS"): Text 'Chipichape - PQRS' is set on object 'Object Repository/WIZARD/3Infraestructura/3Grupos/Edicion/textarea_Descripcion'

2024-01-15 10:07:33 - [MESSAGE][PASSED] - Text 'Chipichape - PQRS' is set on object 'Object Repository/WIZARD/3Infraestructura/3Grupos/Edicion/textarea_Descripcion'

2024-01-15 10:07:33 - [TEST_STEP][PASSED] - scrollToPosition(0, 800): Browser is scrolled to position x = 0, y = 800

2024-01-15 10:07:33 - [MESSAGE][PASSED] - Browser is scrolled to position x = 0, y = 800

2024-01-15 10:07:33 - [TEST_STEP][PASSED] - selectOptionByLabel(findTestObject("WIZARD/3Infraestructura/3Grupos/Edicion/select_Nivel de visualizacion en Transferencias"), "Área", false): All options with label 'Área' are selected in object 'Object Repository/WIZARD/3Infraestructura/3Grupos/Edicion/select_Nivel de visualizacion en Transferencias' 

2024-01-15 10:07:34 - [MESSAGE][PASSED] - All options with label 'Área' are selected in object 'Object Repository/WIZARD/3Infraestructura/3Grupos/Edicion/select_Nivel de visualizacion en Transferencias' 

2024-01-15 10:07:34 - [TEST_STEP][PASSED] - delay(2): Delayed 2 second(s)

2024-01-15 10:07:36 - [MESSAGE][PASSED] - Delayed 2 second(s)

2024-01-15 10:07:36 - [TEST_STEP][PASSED] - selectOptionByLabel(findTestObject("WIZARD/3Infraestructura/3Grupos/Edicion/select_Nivel de visualizacion en Nuevo Servicio"), "Área", false): All options with label 'Área' are selected in object 'Object Repository/WIZARD/3Infraestructura/3Grupos/Edicion/select_Nivel de visualizacion en Nuevo Servicio' 

2024-01-15 10:07:37 - [MESSAGE][PASSED] - All options with label 'Área' are selected in object 'Object Repository/WIZARD/3Infraestructura/3Grupos/Edicion/select_Nivel de visualizacion en Nuevo Servicio' 

2024-01-15 10:07:37 - [TEST_STEP][PASSED] - delay(2): Delayed 2 second(s)

2024-01-15 10:07:39 - [MESSAGE][PASSED] - Delayed 2 second(s)

2024-01-15 10:07:39 - [TEST_STEP][PASSED] - scrollToPosition(0, 0): Browser is scrolled to position x = 0, y = 0

2024-01-15 10:07:39 - [MESSAGE][PASSED] - Browser is scrolled to position x = 0, y = 0

2024-01-15 10:07:39 - [TEST_STEP][PASSED] - click(findTestObject("WIZARD/3Infraestructura/3Grupos/Edicion/img_Nuevo")): Object: 'Object Repository/WIZARD/3Infraestructura/3Grupos/Edicion/img_Nuevo' is clicked on

2024-01-15 10:07:39 - [MESSAGE][PASSED] - Object: 'Object Repository/WIZARD/3Infraestructura/3Grupos/Edicion/img_Nuevo' is clicked on

2024-01-15 10:07:39 - [TEST_STEP][PASSED] - delay(3): Delayed 3 second(s)

2024-01-15 10:07:42 - [MESSAGE][PASSED] - Delayed 3 second(s)

2024-01-15 10:07:42 - [TEST_STEP][PASSED] - click(findTestObject("WIZARD/3Infraestructura/0Menu/span_Grupos")): Object: 'Object Repository/WIZARD/3Infraestructura/0Menu/span_Grupos' is clicked on

2024-01-15 10:07:43 - [MESSAGE][PASSED] - Object: 'Object Repository/WIZARD/3Infraestructura/0Menu/span_Grupos' is clicked on

2024-01-15 10:07:43 - [TEST_STEP][PASSED] - delay(3): Delayed 3 second(s)

2024-01-15 10:07:46 - [MESSAGE][PASSED] - Delayed 3 second(s)

2024-01-15 10:07:46 - [TEST_STEP][PASSED] - click(findTestObject("WIZARD/3Infraestructura/3Grupos/Edicion/btn_Sala")): Object: 'Object Repository/WIZARD/3Infraestructura/3Grupos/Edicion/btn_Sala' is clicked on

2024-01-15 10:07:47 - [MESSAGE][PASSED] - Object: 'Object Repository/WIZARD/3Infraestructura/3Grupos/Edicion/btn_Sala' is clicked on

2024-01-15 10:07:47 - [TEST_STEP][PASSED] - delay(3): Delayed 3 second(s)

2024-01-15 10:07:50 - [MESSAGE][PASSED] - Delayed 3 second(s)

2024-01-15 10:07:50 - [TEST_STEP][PASSED] - click(findTestObject("WIZARD/3Infraestructura/3Grupos/Edicion/btn_Sala(1)/a_2Chipichape - Sala General")): Object: 'Object Repository/WIZARD/3Infraestructura/3Grupos/Edicion/btn_Sala(1)/a_2Chipichape - Sala General' is clicked on

2024-01-15 10:07:50 - [MESSAGE][PASSED] - Object: 'Object Repository/WIZARD/3Infraestructura/3Grupos/Edicion/btn_Sala(1)/a_2Chipichape - Sala General' is clicked on

2024-01-15 10:07:50 - [TEST_STEP][PASSED] - delay(3): Delayed 3 second(s)

2024-01-15 10:07:53 - [MESSAGE][PASSED] - Delayed 3 second(s)

2024-01-15 10:07:53 - [TEST_STEP][PASSED] - setText(findTestObject("WIZARD/3Infraestructura/3Grupos/Edicion/input_Nombre"), "Grupo Radicaciones"): Text 'Grupo Radicaciones' is set on object 'Object Repository/WIZARD/3Infraestructura/3Grupos/Edicion/input_Nombre'

2024-01-15 10:07:54 - [MESSAGE][PASSED] - Text 'Grupo Radicaciones' is set on object 'Object Repository/WIZARD/3Infraestructura/3Grupos/Edicion/input_Nombre'

2024-01-15 10:07:54 - [TEST_STEP][PASSED] - setText(findTestObject("WIZARD/3Infraestructura/3Grupos/Edicion/textarea_Descripcion"), "Chipichape- Radicaciones"): Text 'Chipichape- Radicaciones' is set on object 'Object Repository/WIZARD/3Infraestructura/3Grupos/Edicion/textarea_Descripcion'

2024-01-15 10:07:55 - [MESSAGE][PASSED] - Text 'Chipichape- Radicaciones' is set on object 'Object Repository/WIZARD/3Infraestructura/3Grupos/Edicion/textarea_Descripcion'

2024-01-15 10:07:55 - [TEST_STEP][PASSED] - scrollToPosition(0, 800): Browser is scrolled to position x = 0, y = 800

2024-01-15 10:07:55 - [MESSAGE][PASSED] - Browser is scrolled to position x = 0, y = 800

2024-01-15 10:07:55 - [TEST_STEP][PASSED] - selectOptionByLabel(findTestObject("WIZARD/3Infraestructura/3Grupos/Edicion/select_Nivel de visualizacion en Transferencias"), "Área", false): All options with label 'Área' are selected in object 'Object Repository/WIZARD/3Infraestructura/3Grupos/Edicion/select_Nivel de visualizacion en Transferencias' 

2024-01-15 10:07:56 - [MESSAGE][PASSED] - All options with label 'Área' are selected in object 'Object Repository/WIZARD/3Infraestructura/3Grupos/Edicion/select_Nivel de visualizacion en Transferencias' 

2024-01-15 10:07:56 - [TEST_STEP][PASSED] - delay(2): Delayed 2 second(s)

2024-01-15 10:07:58 - [MESSAGE][PASSED] - Delayed 2 second(s)

2024-01-15 10:07:58 - [TEST_STEP][PASSED] - selectOptionByLabel(findTestObject("WIZARD/3Infraestructura/3Grupos/Edicion/select_Nivel de visualizacion en Nuevo Servicio"), "Área", false): All options with label 'Área' are selected in object 'Object Repository/WIZARD/3Infraestructura/3Grupos/Edicion/select_Nivel de visualizacion en Nuevo Servicio' 

2024-01-15 10:07:58 - [MESSAGE][PASSED] - All options with label 'Área' are selected in object 'Object Repository/WIZARD/3Infraestructura/3Grupos/Edicion/select_Nivel de visualizacion en Nuevo Servicio' 

2024-01-15 10:07:58 - [TEST_STEP][PASSED] - delay(2): Delayed 2 second(s)

2024-01-15 10:08:00 - [MESSAGE][PASSED] - Delayed 2 second(s)

2024-01-15 10:08:00 - [TEST_STEP][PASSED] - scrollToPosition(0, 0): Browser is scrolled to position x = 0, y = 0

2024-01-15 10:08:00 - [MESSAGE][PASSED] - Browser is scrolled to position x = 0, y = 0

2024-01-15 10:08:00 - [TEST_STEP][PASSED] - click(findTestObject("WIZARD/3Infraestructura/3Grupos/Edicion/img_Nuevo")): Object: 'Object Repository/WIZARD/3Infraestructura/3Grupos/Edicion/img_Nuevo' is clicked on

2024-01-15 10:08:01 - [MESSAGE][PASSED] - Object: 'Object Repository/WIZARD/3Infraestructura/3Grupos/Edicion/img_Nuevo' is clicked on

2024-01-15 10:08:01 - [TEST_STEP][PASSED] - delay(3): Delayed 3 second(s)

2024-01-15 10:08:04 - [MESSAGE][PASSED] - Delayed 3 second(s)

2024-01-15 10:08:04 - [TEST_STEP][PASSED] - takeFullPageScreenshot(): Taking screenshot successfully

2024-01-15 10:08:05 - [MESSAGE][INFO] - 0 hidden object(s)

2024-01-15 10:08:05 - [MESSAGE][PASSED] - Taking screenshot successfully
[[ATTACHMENT|C:\\CIEL INGENIERIA\\Katalon\\Digiturno55\\Reports\\20240115_094157\\WIZARD\\3Infraestructura\\3Grupos\\5.3 Crear Grupos Chipichape\\20240115_094239\\1705331284384.png]]

2024-01-15 10:08:05 - [TEST_STEP][PASSED] - delay(3): Delayed 3 second(s)

2024-01-15 10:08:08 - [MESSAGE][PASSED] - Delayed 3 second(s)

2024-01-15 10:08:08 - [TEST_STEP][PASSED] - Start listener action : sampleAfterTestCase: null]]></system-out>
         <system-err><![CDATA[]]></system-err>
      </testcase>
      <system-out><![CDATA[2024-01-15 10:06:44 - [TEST_SUITE][PASSED] - 5.3 Crear Grupos Chipichape: Test Cases/WIZARD/3Infraestructura/3Grupos/5.3 Crear Grupos Chipichape]]></system-out>
      <system-err><![CDATA[]]></system-err>
   </testsuite>
</testsuites>
