<?xml version="1.0" encoding="UTF-8"?>
<testsuites name="3.4a Agregar arbol a Subservicios Informacion" time="58.037" tests="1" failures="0" errors="0">
   <testsuite name="3.4a Agregar arbol a Subservicios Informacion" tests="1" failures="0" errors="0" time="58.037" skipped="0" timestamp="2023-08-14 08:30:12" hostname="jdavila - PCPruebas101.ciel.cielingenieria.com" id="Test Suites/WIZARD/1Modelo De Negocio/3.4a Agregar arbol a Subservicios Informacion">
      <properties>
         <property name="deviceName" value=""/>
         <property name="devicePlatform" value=""/>
         <property name="logFolder" value="C:\\CIEL INGENIERIA\\Katalon\\Digiturno55\\Reports\\20230814_081405\\WIZARD\\1Modelo De Negocio\\3.4a Agregar arbol a Subservicios Informacion\\20230814_081423"/>
         <property name="logFiles" value="C:\\CIEL INGENIERIA\\Katalon\\Digiturno55\\Reports\\20230814_081405\\WIZARD\\1Modelo De Negocio\\3.4a Agregar arbol a Subservicios Informacion\\20230814_081423\\execution0.log"/>
         <property name="attachments" value="C:\\CIEL INGENIERIA\\Katalon\\Digiturno55\\Reports\\20230814_081405\\WIZARD\\1Modelo De Negocio\\3.4a Agregar arbol a Subservicios Informacion\\20230814_081423\\1692019866566.png"/>
         <property name="hostName" value="jdavila - PCPruebas101.ciel.cielingenieria.com"/>
         <property name="os" value="Windows 10 64bit"/>
         <property name="katalonVersion" value="8.6.0.208"/>
         <property name="browser" value="Chrome 115.0.0.0"/>
         <property name="hostAddress" value="192.168.0.33"/>
         <property name="sessionId" value="77e3645c941383987604a9bc77e2c8e7"/>
         <property name="seleniumVersion" value="3.141.59"/>
         <property name="proxyInformation" value="ProxyInformation { proxyOption=NO_PROXY, proxyServerType=HTTP, username=, password=********, proxyServerAddress=, proxyServerPort=0, executionList=&quot;&quot;, isApplyToDesiredCapabilities=true }"/>
         <property name="platform" value="Windows 10"/>
      </properties>
      <testcase name="Test Cases/WIZARD/1Modelo De Negocio/3.4a Agregar arbol a SubServicios Informacion" time="57.798" classname="Test Cases/WIZARD/1Modelo De Negocio/3.4a Agregar arbol a SubServicios Informacion" status="PASSED">
         <system-out><![CDATA[2023-08-14 08:30:12 - [TEST_CASE][PASSED] - Test Cases/WIZARD/1Modelo De Negocio/3.4a Agregar arbol a SubServicios Informacion: Test Cases/WIZARD/1Modelo De Negocio/3.4a Agregar arbol a SubServicios Informacion

2023-08-14 08:30:12 - [TEST_STEP][PASSED] - callTestCase(findTestCase("0InicioSesion"), [:], STOP_ON_FAILURE): Call Test Case 'Test Cases/0InicioSesion' successfully

2023-08-14 08:30:13 - [TEST_CASE][PASSED] - Test Cases/0InicioSesion: Test Cases/0InicioSesion

2023-08-14 08:30:13 - [TEST_STEP][PASSED] - openBrowser(UrlDigiturno): Browser is opened with url: 'https://PCPruebas101.ciel.cielingenieria.com:8610'

2023-08-14 08:30:13 - [MESSAGE][INFO] - Starting 'Chrome' driver

2023-08-14 08:30:13 - [MESSAGE][INFO] - User set preference: ['args', '[--use-fake-ui-for-media-stream, --disable-notifications]']

2023-08-14 08:30:13 - [MESSAGE][INFO] - Action delay is set to 0 milliseconds

2023-08-14 08:30:16 - [MESSAGE][PASSED] - Browser is opened with url: 'https://PCPruebas101.ciel.cielingenieria.com:8610'

2023-08-14 08:30:16 - [TEST_STEP][PASSED] - maximizeWindow(): Current window maximized

2023-08-14 08:30:16 - [MESSAGE][PASSED] - Current window maximized

2023-08-14 08:30:16 - [TEST_STEP][PASSED] - delay(3): Delayed 3 second(s)

2023-08-14 08:30:19 - [MESSAGE][PASSED] - Delayed 3 second(s)

2023-08-14 08:30:19 - [TEST_STEP][PASSED] - setText(findTestObject("0Inicio Sesion/input_Usuario"), "Ciel"): Text 'Ciel' is set on object 'Object Repository/0Inicio Sesion/input_Usuario'

2023-08-14 08:30:20 - [MESSAGE][PASSED] - Text 'Ciel' is set on object 'Object Repository/0Inicio Sesion/input_Usuario'

2023-08-14 08:30:20 - [TEST_STEP][PASSED] - setText(findTestObject("0Inicio Sesion/input_Clave"), "digiturno"): Text 'digiturno' is set on object 'Object Repository/0Inicio Sesion/input_Clave'

2023-08-14 08:30:21 - [MESSAGE][PASSED] - Text 'digiturno' is set on object 'Object Repository/0Inicio Sesion/input_Clave'

2023-08-14 08:30:21 - [TEST_STEP][PASSED] - click(findTestObject("0Inicio Sesion/btn_IniciarSesion")): Object: 'Object Repository/0Inicio Sesion/btn_IniciarSesion' is clicked on

2023-08-14 08:30:21 - [MESSAGE][PASSED] - Object: 'Object Repository/0Inicio Sesion/btn_IniciarSesion' is clicked on

2023-08-14 08:30:21 - [TEST_STEP][PASSED] - delay(3): Delayed 3 second(s)

2023-08-14 08:30:24 - [MESSAGE][PASSED] - Delayed 3 second(s)

2023-08-14 08:30:24 - [MESSAGE][PASSED] - Call Test Case 'Test Cases/0InicioSesion' successfully

2023-08-14 08:30:24 - [TEST_STEP][PASSED] - click(findTestObject("WIZARD/0Principal/img_ModeloDeNegocioMAX")): Object: 'Object Repository/WIZARD/0Principal/img_ModeloDeNegocioMAX' is clicked on

2023-08-14 08:30:25 - [MESSAGE][PASSED] - Object: 'Object Repository/WIZARD/0Principal/img_ModeloDeNegocioMAX' is clicked on

2023-08-14 08:30:25 - [TEST_STEP][PASSED] - delay(3): Delayed 3 second(s)

2023-08-14 08:30:28 - [MESSAGE][PASSED] - Delayed 3 second(s)

2023-08-14 08:30:28 - [TEST_STEP][PASSED] - setText(findTestObject("WIZARD/1Modelo De Negocio/0ArbolDeJerarquia/input_cajaBusqueda"), "Información"): Text 'Información' is set on object 'Object Repository/WIZARD/1Modelo De Negocio/0ArbolDeJerarquia/input_cajaBusqueda'

2023-08-14 08:30:29 - [MESSAGE][PASSED] - Text 'Información' is set on object 'Object Repository/WIZARD/1Modelo De Negocio/0ArbolDeJerarquia/input_cajaBusqueda'

2023-08-14 08:30:29 - [TEST_STEP][PASSED] - delay(3): Delayed 3 second(s)

2023-08-14 08:30:32 - [MESSAGE][PASSED] - Delayed 3 second(s)

2023-08-14 08:30:32 - [TEST_STEP][PASSED] - rightClick(findTestObject("WIZARD/1Modelo De Negocio/0ArbolDeJerarquia/1General/7 General Informacion/span_7 Informacion")): Object: 'Object Repository/WIZARD/1Modelo De Negocio/0ArbolDeJerarquia/1General/7 General Informacion/span_7 Informacion' is right clicked on

2023-08-14 08:30:33 - [MESSAGE][PASSED] - Object: 'Object Repository/WIZARD/1Modelo De Negocio/0ArbolDeJerarquia/1General/7 General Informacion/span_7 Informacion' is right clicked on

2023-08-14 08:30:33 - [TEST_STEP][PASSED] - mouseOver(findTestObject("WIZARD/1Modelo De Negocio/0ArbolDeJerarquia/1General/7 General Informacion/span_Elemento")): Object: 'Object Repository/WIZARD/1Modelo De Negocio/0ArbolDeJerarquia/1General/7 General Informacion/span_Elemento' is hovered

2023-08-14 08:30:34 - [MESSAGE][PASSED] - Object: 'Object Repository/WIZARD/1Modelo De Negocio/0ArbolDeJerarquia/1General/7 General Informacion/span_Elemento' is hovered

2023-08-14 08:30:34 - [TEST_STEP][PASSED] - delay(2): Delayed 2 second(s)

2023-08-14 08:30:36 - [MESSAGE][PASSED] - Delayed 2 second(s)

2023-08-14 08:30:36 - [TEST_STEP][PASSED] - click(findTestObject("WIZARD/1Modelo De Negocio/0ArbolDeJerarquia/1General/7 General Informacion/span_Elemento(1)/span_Agregar Elementos")): Object: 'Object Repository/WIZARD/1Modelo De Negocio/0ArbolDeJerarquia/1General/7 General Informacion/span_Elemento(1)/span_Agregar Elementos' is clicked on

2023-08-14 08:30:36 - [MESSAGE][PASSED] - Object: 'Object Repository/WIZARD/1Modelo De Negocio/0ArbolDeJerarquia/1General/7 General Informacion/span_Elemento(1)/span_Agregar Elementos' is clicked on

2023-08-14 08:30:36 - [TEST_STEP][PASSED] - delay(3): Delayed 3 second(s)

2023-08-14 08:30:39 - [MESSAGE][PASSED] - Delayed 3 second(s)

2023-08-14 08:30:39 - [TEST_STEP][PASSED] - click(findTestObject("WIZARD/1Modelo De Negocio/0ArbolDeJerarquia/1General/7 General Informacion/span_Elemento(1)/span_Agregar Elementos(1)/servicios/label_0 Actualizacion de Datos")): Object: 'Object Repository/WIZARD/1Modelo De Negocio/0ArbolDeJerarquia/1General/7 General Informacion/span_Elemento(1)/span_Agregar Elementos(1)/servicios/label_0 Actualizacion de Datos' is clicked on

2023-08-14 08:30:39 - [MESSAGE][PASSED] - Object: 'Object Repository/WIZARD/1Modelo De Negocio/0ArbolDeJerarquia/1General/7 General Informacion/span_Elemento(1)/span_Agregar Elementos(1)/servicios/label_0 Actualizacion de Datos' is clicked on

2023-08-14 08:30:39 - [TEST_STEP][PASSED] - click(findTestObject("WIZARD/1Modelo De Negocio/0ArbolDeJerarquia/1General/7 General Informacion/span_Elemento(1)/span_Agregar Elementos(1)/servicios/label_3 Facturacion")): Object: 'Object Repository/WIZARD/1Modelo De Negocio/0ArbolDeJerarquia/1General/7 General Informacion/span_Elemento(1)/span_Agregar Elementos(1)/servicios/label_3 Facturacion' is clicked on

2023-08-14 08:30:40 - [MESSAGE][PASSED] - Object: 'Object Repository/WIZARD/1Modelo De Negocio/0ArbolDeJerarquia/1General/7 General Informacion/span_Elemento(1)/span_Agregar Elementos(1)/servicios/label_3 Facturacion' is clicked on

2023-08-14 08:30:40 - [TEST_STEP][PASSED] - click(findTestObject("WIZARD/1Modelo De Negocio/0ArbolDeJerarquia/1General/7 General Informacion/span_Elemento(1)/span_Agregar Elementos(1)/servicios/label_5 Inscripciones")): Object: 'Object Repository/WIZARD/1Modelo De Negocio/0ArbolDeJerarquia/1General/7 General Informacion/span_Elemento(1)/span_Agregar Elementos(1)/servicios/label_5 Inscripciones' is clicked on

2023-08-14 08:30:40 - [MESSAGE][PASSED] - Object: 'Object Repository/WIZARD/1Modelo De Negocio/0ArbolDeJerarquia/1General/7 General Informacion/span_Elemento(1)/span_Agregar Elementos(1)/servicios/label_5 Inscripciones' is clicked on

2023-08-14 08:30:40 - [TEST_STEP][PASSED] - click(findTestObject("WIZARD/1Modelo De Negocio/0ArbolDeJerarquia/1General/7 General Informacion/span_Elemento(1)/span_Agregar Elementos(1)/servicios/label_10 Renovaciones")): Object: 'Object Repository/WIZARD/1Modelo De Negocio/0ArbolDeJerarquia/1General/7 General Informacion/span_Elemento(1)/span_Agregar Elementos(1)/servicios/label_10 Renovaciones' is clicked on

2023-08-14 08:30:41 - [MESSAGE][PASSED] - Object: 'Object Repository/WIZARD/1Modelo De Negocio/0ArbolDeJerarquia/1General/7 General Informacion/span_Elemento(1)/span_Agregar Elementos(1)/servicios/label_10 Renovaciones' is clicked on

2023-08-14 08:30:41 - [TEST_STEP][PASSED] - delay(3): Delayed 3 second(s)

2023-08-14 08:30:44 - [MESSAGE][PASSED] - Delayed 3 second(s)

2023-08-14 08:30:44 - [TEST_STEP][PASSED] - click(findTestObject("WIZARD/1Modelo De Negocio/0ArbolDeJerarquia/1General/7 General Informacion/span_Elemento(1)/span_Agregar Elementos(1)/btn_Agregar")): Object: 'Object Repository/WIZARD/1Modelo De Negocio/0ArbolDeJerarquia/1General/7 General Informacion/span_Elemento(1)/span_Agregar Elementos(1)/btn_Agregar' is clicked on

2023-08-14 08:30:44 - [MESSAGE][PASSED] - Object: 'Object Repository/WIZARD/1Modelo De Negocio/0ArbolDeJerarquia/1General/7 General Informacion/span_Elemento(1)/span_Agregar Elementos(1)/btn_Agregar' is clicked on

2023-08-14 08:30:44 - [TEST_STEP][PASSED] - delay(3): Delayed 3 second(s)

2023-08-14 08:30:47 - [MESSAGE][PASSED] - Delayed 3 second(s)

2023-08-14 08:30:47 - [TEST_STEP][PASSED] - setText(findTestObject("WIZARD/1Modelo De Negocio/0ArbolDeJerarquia/input_cajaBusqueda"), "Información"): Text 'Información' is set on object 'Object Repository/WIZARD/1Modelo De Negocio/0ArbolDeJerarquia/input_cajaBusqueda'

2023-08-14 08:30:48 - [MESSAGE][PASSED] - Text 'Información' is set on object 'Object Repository/WIZARD/1Modelo De Negocio/0ArbolDeJerarquia/input_cajaBusqueda'

2023-08-14 08:30:48 - [TEST_STEP][PASSED] - delay(3): Delayed 3 second(s)

2023-08-14 08:30:51 - [MESSAGE][PASSED] - Delayed 3 second(s)

2023-08-14 08:30:51 - [TEST_STEP][PASSED] - rightClick(findTestObject("WIZARD/1Modelo De Negocio/0ArbolDeJerarquia/1Preferencial/4 Preferencial Informacion/span_4 Informacion")): Object: 'Object Repository/WIZARD/1Modelo De Negocio/0ArbolDeJerarquia/1Preferencial/4 Preferencial Informacion/span_4 Informacion' is right clicked on

2023-08-14 08:30:52 - [MESSAGE][PASSED] - Object: 'Object Repository/WIZARD/1Modelo De Negocio/0ArbolDeJerarquia/1Preferencial/4 Preferencial Informacion/span_4 Informacion' is right clicked on

2023-08-14 08:30:52 - [TEST_STEP][PASSED] - mouseOver(findTestObject("WIZARD/1Modelo De Negocio/0ArbolDeJerarquia/1Preferencial/4 Preferencial Informacion/span_Elemento")): Object: 'Object Repository/WIZARD/1Modelo De Negocio/0ArbolDeJerarquia/1Preferencial/4 Preferencial Informacion/span_Elemento' is hovered

2023-08-14 08:30:52 - [MESSAGE][PASSED] - Object: 'Object Repository/WIZARD/1Modelo De Negocio/0ArbolDeJerarquia/1Preferencial/4 Preferencial Informacion/span_Elemento' is hovered

2023-08-14 08:30:52 - [TEST_STEP][PASSED] - delay(2): Delayed 2 second(s)

2023-08-14 08:30:54 - [MESSAGE][PASSED] - Delayed 2 second(s)

2023-08-14 08:30:54 - [TEST_STEP][PASSED] - click(findTestObject("WIZARD/1Modelo De Negocio/0ArbolDeJerarquia/1Preferencial/4 Preferencial Informacion/span_Elemento(1)/span_Agregar Elementos")): Object: 'Object Repository/WIZARD/1Modelo De Negocio/0ArbolDeJerarquia/1Preferencial/4 Preferencial Informacion/span_Elemento(1)/span_Agregar Elementos' is clicked on

2023-08-14 08:30:55 - [MESSAGE][PASSED] - Object: 'Object Repository/WIZARD/1Modelo De Negocio/0ArbolDeJerarquia/1Preferencial/4 Preferencial Informacion/span_Elemento(1)/span_Agregar Elementos' is clicked on

2023-08-14 08:30:55 - [TEST_STEP][PASSED] - delay(3): Delayed 3 second(s)

2023-08-14 08:30:58 - [MESSAGE][PASSED] - Delayed 3 second(s)

2023-08-14 08:30:58 - [TEST_STEP][PASSED] - click(findTestObject("WIZARD/1Modelo De Negocio/0ArbolDeJerarquia/1Preferencial/4 Preferencial Informacion/span_Elemento(1)/span_Agregar Elementos(1)/servicios/label_0 Actualizacion de Datos")): Object: 'Object Repository/WIZARD/1Modelo De Negocio/0ArbolDeJerarquia/1Preferencial/4 Preferencial Informacion/span_Elemento(1)/span_Agregar Elementos(1)/servicios/label_0 Actualizacion de Datos' is clicked on

2023-08-14 08:30:58 - [MESSAGE][PASSED] - Object: 'Object Repository/WIZARD/1Modelo De Negocio/0ArbolDeJerarquia/1Preferencial/4 Preferencial Informacion/span_Elemento(1)/span_Agregar Elementos(1)/servicios/label_0 Actualizacion de Datos' is clicked on

2023-08-14 08:30:58 - [TEST_STEP][PASSED] - click(findTestObject("WIZARD/1Modelo De Negocio/0ArbolDeJerarquia/1Preferencial/4 Preferencial Informacion/span_Elemento(1)/span_Agregar Elementos(1)/servicios/label_3 Facturacion")): Object: 'Object Repository/WIZARD/1Modelo De Negocio/0ArbolDeJerarquia/1Preferencial/4 Preferencial Informacion/span_Elemento(1)/span_Agregar Elementos(1)/servicios/label_3 Facturacion' is clicked on

2023-08-14 08:30:59 - [MESSAGE][PASSED] - Object: 'Object Repository/WIZARD/1Modelo De Negocio/0ArbolDeJerarquia/1Preferencial/4 Preferencial Informacion/span_Elemento(1)/span_Agregar Elementos(1)/servicios/label_3 Facturacion' is clicked on

2023-08-14 08:30:59 - [TEST_STEP][PASSED] - click(findTestObject("WIZARD/1Modelo De Negocio/0ArbolDeJerarquia/1Preferencial/4 Preferencial Informacion/span_Elemento(1)/span_Agregar Elementos(1)/servicios/label_5 Inscripciones")): Object: 'Object Repository/WIZARD/1Modelo De Negocio/0ArbolDeJerarquia/1Preferencial/4 Preferencial Informacion/span_Elemento(1)/span_Agregar Elementos(1)/servicios/label_5 Inscripciones' is clicked on

2023-08-14 08:30:59 - [MESSAGE][PASSED] - Object: 'Object Repository/WIZARD/1Modelo De Negocio/0ArbolDeJerarquia/1Preferencial/4 Preferencial Informacion/span_Elemento(1)/span_Agregar Elementos(1)/servicios/label_5 Inscripciones' is clicked on

2023-08-14 08:30:59 - [TEST_STEP][PASSED] - click(findTestObject("WIZARD/1Modelo De Negocio/0ArbolDeJerarquia/1Preferencial/4 Preferencial Informacion/span_Elemento(1)/span_Agregar Elementos(1)/servicios/label_10 Renovaciones")): Object: 'Object Repository/WIZARD/1Modelo De Negocio/0ArbolDeJerarquia/1Preferencial/4 Preferencial Informacion/span_Elemento(1)/span_Agregar Elementos(1)/servicios/label_10 Renovaciones' is clicked on

2023-08-14 08:31:00 - [MESSAGE][PASSED] - Object: 'Object Repository/WIZARD/1Modelo De Negocio/0ArbolDeJerarquia/1Preferencial/4 Preferencial Informacion/span_Elemento(1)/span_Agregar Elementos(1)/servicios/label_10 Renovaciones' is clicked on

2023-08-14 08:31:00 - [TEST_STEP][PASSED] - delay(3): Delayed 3 second(s)

2023-08-14 08:31:03 - [MESSAGE][PASSED] - Delayed 3 second(s)

2023-08-14 08:31:03 - [TEST_STEP][PASSED] - click(findTestObject("WIZARD/1Modelo De Negocio/0ArbolDeJerarquia/1Preferencial/4 Preferencial Informacion/span_Elemento(1)/span_Agregar Elementos(1)/btn_Agregar")): Object: 'Object Repository/WIZARD/1Modelo De Negocio/0ArbolDeJerarquia/1Preferencial/4 Preferencial Informacion/span_Elemento(1)/span_Agregar Elementos(1)/btn_Agregar' is clicked on

2023-08-14 08:31:03 - [MESSAGE][PASSED] - Object: 'Object Repository/WIZARD/1Modelo De Negocio/0ArbolDeJerarquia/1Preferencial/4 Preferencial Informacion/span_Elemento(1)/span_Agregar Elementos(1)/btn_Agregar' is clicked on

2023-08-14 08:31:03 - [TEST_STEP][PASSED] - delay(3): Delayed 3 second(s)

2023-08-14 08:31:06 - [MESSAGE][PASSED] - Delayed 3 second(s)

2023-08-14 08:31:06 - [TEST_STEP][PASSED] - takeFullPageScreenshot(): Taking screenshot successfully

2023-08-14 08:31:07 - [MESSAGE][INFO] - 0 hidden object(s)

2023-08-14 08:31:07 - [MESSAGE][PASSED] - Taking screenshot successfully
[[ATTACHMENT|C:\\CIEL INGENIERIA\\Katalon\\Digiturno55\\Reports\\20230814_081405\\WIZARD\\1Modelo De Negocio\\3.4a Agregar arbol a Subservicios Informacion\\20230814_081423\\1692019866566.png]]

2023-08-14 08:31:07 - [TEST_STEP][PASSED] - delay(3): Delayed 3 second(s)

2023-08-14 08:31:10 - [MESSAGE][PASSED] - Delayed 3 second(s)

2023-08-14 08:31:10 - [TEST_STEP][PASSED] - Start listener action : sampleAfterTestCase: null]]></system-out>
         <system-err><![CDATA[]]></system-err>
      </testcase>
      <system-out><![CDATA[2023-08-14 08:30:12 - [TEST_SUITE][PASSED] - 3.4a Agregar arbol a Subservicios Informacion: Test Cases/WIZARD/1Modelo De Negocio/3.4a Agregar arbol a SubServicios Informacion]]></system-out>
      <system-err><![CDATA[]]></system-err>
   </testsuite>
</testsuites>
