<?xml version="1.0" encoding="UTF-8"?>
<testsuites name="6 Cliente Deshabilitar Audio" time="93.716" tests="1" failures="0" errors="0">
   <testsuite name="6 Cliente Deshabilitar Audio" tests="1" failures="0" errors="0" time="93.716" skipped="0" timestamp="2023-08-31 10:39:38" hostname="jdavila - PCPruebas101.ciel.cielingenieria.com" id="Test Suites/VIDEO ATENCION/6 Cliente Deshabilitar Audio">
      <properties>
         <property name="deviceName" value=""/>
         <property name="devicePlatform" value=""/>
         <property name="logFolder" value="C:\\CIEL INGENIERIA\\Katalon\\Digiturno55\\Reports\\20230831_103932\\VIDEO ATENCION\\6 Cliente Deshabilitar Audio\\20230831_103932"/>
         <property name="logFiles" value="C:\\CIEL INGENIERIA\\Katalon\\Digiturno55\\Reports\\20230831_103932\\VIDEO ATENCION\\6 Cliente Deshabilitar Audio\\20230831_103932\\execution0.log"/>
         <property name="attachments" value="C:\\CIEL INGENIERIA\\Katalon\\Digiturno55\\Reports\\20230831_103932\\VIDEO ATENCION\\6 Cliente Deshabilitar Audio\\20230831_103932\\1693496420064.png, C:\\CIEL INGENIERIA\\Katalon\\Digiturno55\\Reports\\20230831_103932\\VIDEO ATENCION\\6 Cliente Deshabilitar Audio\\20230831_103932\\1693496425728.png, C:\\CIEL INGENIERIA\\Katalon\\Digiturno55\\Reports\\20230831_103932\\VIDEO ATENCION\\6 Cliente Deshabilitar Audio\\20230831_103932\\1693496446404.png, C:\\CIEL INGENIERIA\\Katalon\\Digiturno55\\Reports\\20230831_103932\\VIDEO ATENCION\\6 Cliente Deshabilitar Audio\\20230831_103932\\1693496458284.png"/>
         <property name="hostName" value="jdavila - PCPruebas101.ciel.cielingenieria.com"/>
         <property name="os" value="Windows 10 64bit"/>
         <property name="katalonVersion" value="8.6.6.208"/>
         <property name="browser" value="Chrome 116.0.0.0"/>
         <property name="hostAddress" value="192.168.0.5"/>
         <property name="sessionId" value="a5c44c51025bba235e553d054ba57dbe"/>
         <property name="seleniumVersion" value="3.141.59"/>
         <property name="proxyInformation" value="ProxyInformation { proxyOption=NO_PROXY, proxyServerType=HTTP, username=, password=********, proxyServerAddress=, proxyServerPort=0, executionList=&quot;&quot;, isApplyToDesiredCapabilities=true }"/>
         <property name="platform" value="Windows 10"/>
      </properties>
      <testcase name="Test Cases/VIDEO ATENCION/6 Cliente Deshabilitar Audio" time="93.393" classname="Test Cases/VIDEO ATENCION/6 Cliente Deshabilitar Audio" status="PASSED">
         <system-out><![CDATA[2023-08-31 10:39:38 - [TEST_CASE][PASSED] - Test Cases/VIDEO ATENCION/6 Cliente Deshabilitar Audio: Test Cases/VIDEO ATENCION/6 Cliente Deshabilitar Audio

2023-08-31 10:39:39 - [TEST_STEP][PASSED] - openBrowser(UrlDigiturno): Browser is opened with url: 'https://PCPruebas101.ciel.cielingenieria.com:8610'

2023-08-31 10:39:39 - [MESSAGE][INFO] - Starting 'Chrome' driver

2023-08-31 10:39:39 - [MESSAGE][INFO] - User set preference: ['args', '[--use-fake-ui-for-media-stream, --disable-notifications]']

2023-08-31 10:39:39 - [MESSAGE][INFO] - Action delay is set to 0 milliseconds

2023-08-31 10:39:42 - [MESSAGE][PASSED] - Browser is opened with url: 'https://PCPruebas101.ciel.cielingenieria.com:8610'

2023-08-31 10:39:42 - [TEST_STEP][PASSED] - maximizeWindow(): Current window maximized

2023-08-31 10:39:42 - [MESSAGE][PASSED] - Current window maximized

2023-08-31 10:39:42 - [TEST_STEP][PASSED] - delay(3): Delayed 3 second(s)

2023-08-31 10:39:45 - [MESSAGE][PASSED] - Delayed 3 second(s)

2023-08-31 10:39:45 - [TEST_STEP][PASSED] - setText(findTestObject("0Inicio Sesion/input_Usuario"), "ciel"): Text 'ciel' is set on object 'Object Repository/0Inicio Sesion/input_Usuario'

2023-08-31 10:39:46 - [MESSAGE][PASSED] - Text 'ciel' is set on object 'Object Repository/0Inicio Sesion/input_Usuario'

2023-08-31 10:39:46 - [TEST_STEP][PASSED] - setText(findTestObject("0Inicio Sesion/input_Clave"), "digiturno"): Text 'digiturno' is set on object 'Object Repository/0Inicio Sesion/input_Clave'

2023-08-31 10:39:47 - [MESSAGE][PASSED] - Text 'digiturno' is set on object 'Object Repository/0Inicio Sesion/input_Clave'

2023-08-31 10:39:47 - [TEST_STEP][PASSED] - click(findTestObject("0Inicio Sesion/btn_IniciarSesion")): Object: 'Object Repository/0Inicio Sesion/btn_IniciarSesion' is clicked on

2023-08-31 10:39:48 - [MESSAGE][PASSED] - Object: 'Object Repository/0Inicio Sesion/btn_IniciarSesion' is clicked on

2023-08-31 10:39:48 - [TEST_STEP][PASSED] - delay(3): Delayed 3 second(s)

2023-08-31 10:39:51 - [MESSAGE][PASSED] - Delayed 3 second(s)

2023-08-31 10:39:51 - [TEST_STEP][PASSED] - click(findTestObject("DIGITURNO/1Principal/img_Operacion(1)")): Object: 'Object Repository/DIGITURNO/1Principal/img_Operacion(1)' is clicked on

2023-08-31 10:39:52 - [MESSAGE][PASSED] - Object: 'Object Repository/DIGITURNO/1Principal/img_Operacion(1)' is clicked on

2023-08-31 10:39:52 - [TEST_STEP][PASSED] - click(findTestObject("DIGITURNO/OPERACION/0Principal/Elementos del Sistema/img_Terminales")): Object: 'Object Repository/DIGITURNO/OPERACION/0Principal/Elementos del Sistema/img_Terminales' is clicked on

2023-08-31 10:39:52 - [MESSAGE][PASSED] - Object: 'Object Repository/DIGITURNO/OPERACION/0Principal/Elementos del Sistema/img_Terminales' is clicked on

2023-08-31 10:39:52 - [TEST_STEP][PASSED] - click(findTestObject("DIGITURNO/OPERACION/2Terminales/0Oficinas/td_2Cali - Chipichape")): Object: 'Object Repository/DIGITURNO/OPERACION/2Terminales/0Oficinas/td_2Cali - Chipichape' is clicked on

2023-08-31 10:39:53 - [MESSAGE][PASSED] - Object: 'Object Repository/DIGITURNO/OPERACION/2Terminales/0Oficinas/td_2Cali - Chipichape' is clicked on

2023-08-31 10:39:53 - [TEST_STEP][PASSED] - delay(2): Delayed 2 second(s)

2023-08-31 10:39:55 - [MESSAGE][PASSED] - Delayed 2 second(s)

2023-08-31 10:39:55 - [TEST_STEP][PASSED] - click(findTestObject("DIGITURNO/OPERACION/2Terminales/0Terminales (Menos WorkFlow)/td_1 - Terminal - Informacion")): Object: 'Object Repository/DIGITURNO/OPERACION/2Terminales/0Terminales (Menos WorkFlow)/td_1 - Terminal - Informacion' is clicked on

2023-08-31 10:39:56 - [MESSAGE][PASSED] - Object: 'Object Repository/DIGITURNO/OPERACION/2Terminales/0Terminales (Menos WorkFlow)/td_1 - Terminal - Informacion' is clicked on

2023-08-31 10:39:56 - [TEST_STEP][PASSED] - delay(3): Delayed 3 second(s)

2023-08-31 10:39:59 - [MESSAGE][PASSED] - Delayed 3 second(s)

2023-08-31 10:39:59 - [TEST_STEP][PASSED] - navigateToUrl(UrlVideoAtencion): Navigate to 'https://PCPruebas101.ciel.cielingenieria.com:8802/videoatencion.html?conf=selector1' successfully

2023-08-31 10:40:00 - [MESSAGE][PASSED] - Navigate to 'https://PCPruebas101.ciel.cielingenieria.com:8802/videoatencion.html?conf=selector1' successfully

2023-08-31 10:40:00 - [TEST_STEP][PASSED] - waitForElementClickable(findTestObject("VIDEO ATENCION/Cliente/0btn_Solicitar Video Atencion"), 5): Object 'Object Repository/VIDEO ATENCION/Cliente/0btn_Solicitar Video Atencion' is clickable

2023-08-31 10:40:04 - [MESSAGE][PASSED] - Object 'Object Repository/VIDEO ATENCION/Cliente/0btn_Solicitar Video Atencion' is clickable

2023-08-31 10:40:04 - [TEST_STEP][PASSED] - click(findTestObject("VIDEO ATENCION/Cliente/0btn_Solicitar Video Atencion")): Object: 'Object Repository/VIDEO ATENCION/Cliente/0btn_Solicitar Video Atencion' is clicked on

2023-08-31 10:40:05 - [MESSAGE][PASSED] - Object: 'Object Repository/VIDEO ATENCION/Cliente/0btn_Solicitar Video Atencion' is clicked on

2023-08-31 10:40:05 - [TEST_STEP][PASSED] - delay(3): Delayed 3 second(s)

2023-08-31 10:40:08 - [MESSAGE][PASSED] - Delayed 3 second(s)

2023-08-31 10:40:08 - [TEST_STEP][PASSED] - selectOptionByIndex(findTestObject("VIDEO ATENCION/Cliente/select_Tipo Identificacion"), 1): All options with index in [1] are selected on object 'Object Repository/VIDEO ATENCION/Cliente/select_Tipo Identificacion'

2023-08-31 10:40:10 - [MESSAGE][PASSED] - All options with index in [1] are selected on object 'Object Repository/VIDEO ATENCION/Cliente/select_Tipo Identificacion'

2023-08-31 10:40:10 - [TEST_STEP][PASSED] - setText(findTestObject("VIDEO ATENCION/Cliente/input_Identificacion"), "636711"): Text '636711' is set on object 'Object Repository/VIDEO ATENCION/Cliente/input_Identificacion'

2023-08-31 10:40:11 - [MESSAGE][PASSED] - Text '636711' is set on object 'Object Repository/VIDEO ATENCION/Cliente/input_Identificacion'

2023-08-31 10:40:11 - [TEST_STEP][PASSED] - setText(findTestObject("VIDEO ATENCION/Cliente/input_NombreCompleto"), "Jaime Enrique Davila Zuazo"): Text 'Jaime Enrique Davila Zuazo' is set on object 'Object Repository/VIDEO ATENCION/Cliente/input_NombreCompleto'

2023-08-31 10:40:12 - [MESSAGE][PASSED] - Text 'Jaime Enrique Davila Zuazo' is set on object 'Object Repository/VIDEO ATENCION/Cliente/input_NombreCompleto'

2023-08-31 10:40:12 - [TEST_STEP][PASSED] - setText(findTestObject("VIDEO ATENCION/Cliente/input_Primer Nombre"), "Jaime"): Text 'Jaime' is set on object 'Object Repository/VIDEO ATENCION/Cliente/input_Primer Nombre'

2023-08-31 10:40:13 - [MESSAGE][PASSED] - Text 'Jaime' is set on object 'Object Repository/VIDEO ATENCION/Cliente/input_Primer Nombre'

2023-08-31 10:40:13 - [TEST_STEP][PASSED] - setText(findTestObject("VIDEO ATENCION/Cliente/input_Segundo Nombre"), "Enrique"): Text 'Enrique' is set on object 'Object Repository/VIDEO ATENCION/Cliente/input_Segundo Nombre'

2023-08-31 10:40:14 - [MESSAGE][PASSED] - Text 'Enrique' is set on object 'Object Repository/VIDEO ATENCION/Cliente/input_Segundo Nombre'

2023-08-31 10:40:14 - [TEST_STEP][PASSED] - setText(findTestObject("VIDEO ATENCION/Cliente/input_Primer Apellido"), "Davila"): Text 'Davila' is set on object 'Object Repository/VIDEO ATENCION/Cliente/input_Primer Apellido'

2023-08-31 10:40:15 - [MESSAGE][PASSED] - Text 'Davila' is set on object 'Object Repository/VIDEO ATENCION/Cliente/input_Primer Apellido'

2023-08-31 10:40:15 - [TEST_STEP][PASSED] - setText(findTestObject("VIDEO ATENCION/Cliente/input_Segundo Apellido"), "Zuazo"): Text 'Zuazo' is set on object 'Object Repository/VIDEO ATENCION/Cliente/input_Segundo Apellido'

2023-08-31 10:40:16 - [MESSAGE][PASSED] - Text 'Zuazo' is set on object 'Object Repository/VIDEO ATENCION/Cliente/input_Segundo Apellido'

2023-08-31 10:40:16 - [TEST_STEP][PASSED] - setText(findTestObject("VIDEO ATENCION/Cliente/input_Celular"), "3194159302"): Text '3194159302' is set on object 'Object Repository/VIDEO ATENCION/Cliente/input_Celular'

2023-08-31 10:40:18 - [MESSAGE][PASSED] - Text '3194159302' is set on object 'Object Repository/VIDEO ATENCION/Cliente/input_Celular'

2023-08-31 10:40:18 - [TEST_STEP][PASSED] - setText(findTestObject("VIDEO ATENCION/Cliente/input_Correo"), "edavilaz@gmail.com"): Text 'edavilaz@gmail.com' is set on object 'Object Repository/VIDEO ATENCION/Cliente/input_Correo'

2023-08-31 10:40:19 - [MESSAGE][PASSED] - Text 'edavilaz@gmail.com' is set on object 'Object Repository/VIDEO ATENCION/Cliente/input_Correo'

2023-08-31 10:40:19 - [TEST_STEP][PASSED] - setText(findTestObject("VIDEO ATENCION/Cliente/input_Confirme Correo"), "edavilaz@gmail.com"): Text 'edavilaz@gmail.com' is set on object 'Object Repository/VIDEO ATENCION/Cliente/input_Confirme Correo'

2023-08-31 10:40:20 - [MESSAGE][PASSED] - Text 'edavilaz@gmail.com' is set on object 'Object Repository/VIDEO ATENCION/Cliente/input_Confirme Correo'

2023-08-31 10:40:20 - [TEST_STEP][PASSED] - takeFullPageScreenshot(): Taking screenshot successfully

2023-08-31 10:40:21 - [MESSAGE][INFO] - 0 hidden object(s)

2023-08-31 10:40:21 - [MESSAGE][PASSED] - Taking screenshot successfully
[[ATTACHMENT|C:\\CIEL INGENIERIA\\Katalon\\Digiturno55\\Reports\\20230831_103932\\VIDEO ATENCION\\6 Cliente Deshabilitar Audio\\20230831_103932\\1693496420064.png]]

2023-08-31 10:40:21 - [TEST_STEP][PASSED] - scrollToElement(findTestObject("VIDEO ATENCION/Cliente/img_Continuar (Guarda Cliente)"), 2): Scroll to object 'Object Repository/VIDEO ATENCION/Cliente/img_Continuar (Guarda Cliente)' successfully

2023-08-31 10:40:22 - [MESSAGE][PASSED] - Scroll to object 'Object Repository/VIDEO ATENCION/Cliente/img_Continuar (Guarda Cliente)' successfully

2023-08-31 10:40:22 - [TEST_STEP][PASSED] - click(findTestObject("VIDEO ATENCION/Cliente/img_Continuar (Guarda Cliente)")): Object: 'Object Repository/VIDEO ATENCION/Cliente/img_Continuar (Guarda Cliente)' is clicked on

2023-08-31 10:40:22 - [MESSAGE][PASSED] - Object: 'Object Repository/VIDEO ATENCION/Cliente/img_Continuar (Guarda Cliente)' is clicked on

2023-08-31 10:40:22 - [TEST_STEP][PASSED] - delay(3): Delayed 3 second(s)

2023-08-31 10:40:25 - [MESSAGE][PASSED] - Delayed 3 second(s)

2023-08-31 10:40:25 - [TEST_STEP][PASSED] - takeFullPageScreenshot(): Taking screenshot successfully

2023-08-31 10:40:26 - [MESSAGE][INFO] - 0 hidden object(s)

2023-08-31 10:40:26 - [MESSAGE][PASSED] - Taking screenshot successfully
[[ATTACHMENT|C:\\CIEL INGENIERIA\\Katalon\\Digiturno55\\Reports\\20230831_103932\\VIDEO ATENCION\\6 Cliente Deshabilitar Audio\\20230831_103932\\1693496425728.png]]

2023-08-31 10:40:26 - [TEST_STEP][PASSED] - delay(3): Delayed 3 second(s)

2023-08-31 10:40:29 - [MESSAGE][PASSED] - Delayed 3 second(s)

2023-08-31 10:40:29 - [TEST_STEP][PASSED] - switchToWindowIndex(1): Switched to window with index: '1'

2023-08-31 10:40:29 - [MESSAGE][PASSED] - Switched to window with index: '1'

2023-08-31 10:40:29 - [TEST_STEP][PASSED] - maximizeWindow(): Current window maximized

2023-08-31 10:40:29 - [MESSAGE][PASSED] - Current window maximized

2023-08-31 10:40:29 - [TEST_STEP][PASSED] - delay(3): Delayed 3 second(s)

2023-08-31 10:40:32 - [MESSAGE][PASSED] - Delayed 3 second(s)

2023-08-31 10:40:32 - [TEST_STEP][PASSED] - click(findTestObject("DIGITURNO/OPERACION/2Terminales/Terminal/img_Llamar")): Object: 'Object Repository/DIGITURNO/OPERACION/2Terminales/Terminal/img_Llamar' is clicked on

2023-08-31 10:40:34 - [MESSAGE][PASSED] - Object: 'Object Repository/DIGITURNO/OPERACION/2Terminales/Terminal/img_Llamar' is clicked on

2023-08-31 10:40:34 - [TEST_STEP][PASSED] - delay(3): Delayed 3 second(s)

2023-08-31 10:40:37 - [MESSAGE][PASSED] - Delayed 3 second(s)

2023-08-31 10:40:37 - [TEST_STEP][PASSED] - click(findTestObject("DIGITURNO/OPERACION/2Terminales/Terminal/img_Ocupado")): Object: 'Object Repository/DIGITURNO/OPERACION/2Terminales/Terminal/img_Ocupado' is clicked on

2023-08-31 10:40:39 - [MESSAGE][PASSED] - Object: 'Object Repository/DIGITURNO/OPERACION/2Terminales/Terminal/img_Ocupado' is clicked on

2023-08-31 10:40:39 - [TEST_STEP][PASSED] - delay(3): Delayed 3 second(s)

2023-08-31 10:40:42 - [MESSAGE][PASSED] - Delayed 3 second(s)

2023-08-31 10:40:42 - [TEST_STEP][PASSED] - click(findTestObject("DIGITURNO/OPERACION/2Terminales/Terminal/img_Ocupado(1)/a_1Actualizacion de Datos")): Object: 'Object Repository/DIGITURNO/OPERACION/2Terminales/Terminal/img_Ocupado(1)/a_1Actualizacion de Datos' is clicked on

2023-08-31 10:40:43 - [MESSAGE][PASSED] - Object: 'Object Repository/DIGITURNO/OPERACION/2Terminales/Terminal/img_Ocupado(1)/a_1Actualizacion de Datos' is clicked on

2023-08-31 10:40:43 - [TEST_STEP][PASSED] - delay(3): Delayed 3 second(s)

2023-08-31 10:40:46 - [MESSAGE][PASSED] - Delayed 3 second(s)

2023-08-31 10:40:46 - [TEST_STEP][PASSED] - takeFullPageScreenshot(): Taking screenshot successfully

2023-08-31 10:40:47 - [MESSAGE][INFO] - 0 hidden object(s)

2023-08-31 10:40:47 - [MESSAGE][PASSED] - Taking screenshot successfully
[[ATTACHMENT|C:\\CIEL INGENIERIA\\Katalon\\Digiturno55\\Reports\\20230831_103932\\VIDEO ATENCION\\6 Cliente Deshabilitar Audio\\20230831_103932\\1693496446404.png]]

2023-08-31 10:40:47 - [TEST_STEP][PASSED] - delay(3): Delayed 3 second(s)

2023-08-31 10:40:50 - [MESSAGE][PASSED] - Delayed 3 second(s)

2023-08-31 10:40:50 - [TEST_STEP][PASSED] - switchToWindowIndex(0): Switched to window with index: '0'

2023-08-31 10:40:50 - [MESSAGE][PASSED] - Switched to window with index: '0'

2023-08-31 10:40:50 - [TEST_STEP][PASSED] - delay(3): Delayed 3 second(s)

2023-08-31 10:40:53 - [MESSAGE][PASSED] - Delayed 3 second(s)

2023-08-31 10:40:53 - [TEST_STEP][PASSED] - scrollToElement(findTestObject("VIDEO ATENCION/Cliente/Atencion/img_1CerrarMicrofono"), 3): Scroll to object 'Object Repository/VIDEO ATENCION/Cliente/Atencion/img_1CerrarMicrofono' successfully

2023-08-31 10:40:54 - [MESSAGE][PASSED] - Scroll to object 'Object Repository/VIDEO ATENCION/Cliente/Atencion/img_1CerrarMicrofono' successfully

2023-08-31 10:40:54 - [TEST_STEP][PASSED] - click(findTestObject("VIDEO ATENCION/Cliente/Atencion/img_1CerrarMicrofono")): Object: 'Object Repository/VIDEO ATENCION/Cliente/Atencion/img_1CerrarMicrofono' is clicked on

2023-08-31 10:40:55 - [MESSAGE][PASSED] - Object: 'Object Repository/VIDEO ATENCION/Cliente/Atencion/img_1CerrarMicrofono' is clicked on

2023-08-31 10:40:55 - [TEST_STEP][PASSED] - delay(3): Delayed 3 second(s)

2023-08-31 10:40:58 - [MESSAGE][PASSED] - Delayed 3 second(s)

2023-08-31 10:40:58 - [TEST_STEP][PASSED] - takeFullPageScreenshot(): Taking screenshot successfully

2023-08-31 10:40:59 - [MESSAGE][INFO] - 0 hidden object(s)

2023-08-31 10:41:00 - [MESSAGE][PASSED] - Taking screenshot successfully
[[ATTACHMENT|C:\\CIEL INGENIERIA\\Katalon\\Digiturno55\\Reports\\20230831_103932\\VIDEO ATENCION\\6 Cliente Deshabilitar Audio\\20230831_103932\\1693496458284.png]]

2023-08-31 10:41:00 - [TEST_STEP][PASSED] - switchToWindowIndex(1): Switched to window with index: '1'

2023-08-31 10:41:00 - [MESSAGE][PASSED] - Switched to window with index: '1'

2023-08-31 10:41:00 - [TEST_STEP][PASSED] - delay(3): Delayed 3 second(s)

2023-08-31 10:41:03 - [MESSAGE][PASSED] - Delayed 3 second(s)

2023-08-31 10:41:03 - [TEST_STEP][PASSED] - click(findTestObject("DIGITURNO/OPERACION/2Terminales/Terminal/img_Cerrar")): Object: 'Object Repository/DIGITURNO/OPERACION/2Terminales/Terminal/img_Cerrar' is clicked on

2023-08-31 10:41:04 - [MESSAGE][PASSED] - Object: 'Object Repository/DIGITURNO/OPERACION/2Terminales/Terminal/img_Cerrar' is clicked on

2023-08-31 10:41:04 - [TEST_STEP][PASSED] - delay(3): Delayed 3 second(s)

2023-08-31 10:41:07 - [MESSAGE][PASSED] - Delayed 3 second(s)

2023-08-31 10:41:07 - [TEST_STEP][PASSED] - click(findTestObject("DIGITURNO/OPERACION/2Terminales/Terminal/img_Cerrar(1)/btn_4FindeJornada_8")): Object: 'Object Repository/DIGITURNO/OPERACION/2Terminales/Terminal/img_Cerrar(1)/btn_4FindeJornada_8' is clicked on

2023-08-31 10:41:08 - [MESSAGE][PASSED] - Object: 'Object Repository/DIGITURNO/OPERACION/2Terminales/Terminal/img_Cerrar(1)/btn_4FindeJornada_8' is clicked on

2023-08-31 10:41:08 - [TEST_STEP][PASSED] - delay(3): Delayed 3 second(s)

2023-08-31 10:41:11 - [MESSAGE][PASSED] - Delayed 3 second(s)

2023-08-31 10:41:11 - [TEST_STEP][PASSED] - closeBrowser(): Browser is closed

2023-08-31 10:41:12 - [MESSAGE][PASSED] - Browser is closed

2023-08-31 10:41:12 - [TEST_STEP][PASSED] - Start listener action : sampleAfterTestCase: null]]></system-out>
         <system-err><![CDATA[]]></system-err>
      </testcase>
      <system-out><![CDATA[2023-08-31 10:39:38 - [TEST_SUITE][PASSED] - 6 Cliente Deshabilitar Audio: Test Cases/VIDEO ATENCION/6 Cliente Deshabilitar Audio]]></system-out>
      <system-err><![CDATA[]]></system-err>
   </testsuite>
</testsuites>
