<?xml version="1.0" encoding="UTF-8"?>
<testsuites name="2.4 Creacion Elementos SubServicios" time="309.58" tests="1" failures="0" errors="0">
   <testsuite name="2.4 Creacion Elementos SubServicios" tests="1" failures="0" errors="0" time="309.58" skipped="0" timestamp="2024-01-15 09:18:41" hostname="jdavila - PCPruebas101.ciel.cielingenieria.com" id="Test Suites/WIZARD/1Modelo De Negocio/2.4 Creacion Elementos SubServicios">
      <properties>
         <property name="deviceName" value=""/>
         <property name="devicePlatform" value=""/>
         <property name="logFolder" value="C:\\CIEL INGENIERIA\\Katalon\\Digiturno55\\Reports\\20240115_091123\\WIZARD\\1Modelo De Negocio\\2.4 Creacion Elementos SubServicios\\20240115_091135"/>
         <property name="logFiles" value="C:\\CIEL INGENIERIA\\Katalon\\Digiturno55\\Reports\\20240115_091123\\WIZARD\\1Modelo De Negocio\\2.4 Creacion Elementos SubServicios\\20240115_091135\\execution0.log"/>
         <property name="attachments" value="C:\\CIEL INGENIERIA\\Katalon\\Digiturno55\\Reports\\20240115_091123\\WIZARD\\1Modelo De Negocio\\2.4 Creacion Elementos SubServicios\\20240115_091135\\1705328627057.png"/>
         <property name="hostName" value="jdavila - PCPruebas101.ciel.cielingenieria.com"/>
         <property name="os" value="Windows 10 64bit"/>
         <property name="katalonVersion" value="8.6.8.208"/>
         <property name="browser" value="Chrome 120.0.0.0"/>
         <property name="hostAddress" value="192.168.0.9"/>
         <property name="sessionId" value="94982263e7416e1d7ec30abe35d17c47"/>
         <property name="seleniumVersion" value="3.141.59"/>
         <property name="proxyInformation" value="ProxyInformation { proxyOption=NO_PROXY, proxyServerType=HTTP, username=, password=********, proxyServerAddress=, proxyServerPort=0, executionList=&quot;&quot;, isApplyToDesiredCapabilities=true }"/>
         <property name="platform" value="Windows 10"/>
      </properties>
      <testcase name="Test Cases/WIZARD/1Modelo De Negocio/2.4 Creacion Elementos SubServicios" time="309.295" classname="Test Cases/WIZARD/1Modelo De Negocio/2.4 Creacion Elementos SubServicios" status="PASSED">
         <system-out><![CDATA[2024-01-15 09:18:41 - [TEST_CASE][PASSED] - Test Cases/WIZARD/1Modelo De Negocio/2.4 Creacion Elementos SubServicios: Test Cases/WIZARD/1Modelo De Negocio/2.4 Creacion Elementos SubServicios

2024-01-15 09:18:42 - [TEST_STEP][PASSED] - callTestCase(findTestCase("0InicioSesion"), [:], STOP_ON_FAILURE): Call Test Case 'Test Cases/0InicioSesion' successfully

2024-01-15 09:18:42 - [TEST_CASE][PASSED] - Test Cases/0InicioSesion: Test Cases/0InicioSesion

2024-01-15 09:18:42 - [TEST_STEP][PASSED] - openBrowser(UrlDigiturno): Browser is opened with url: 'https://PCPruebas101.ciel.cielingenieria.com:8610'

2024-01-15 09:18:42 - [MESSAGE][INFO] - Starting 'Chrome' driver

2024-01-15 09:18:42 - [MESSAGE][INFO] - User set preference: ['args', '[--use-fake-ui-for-media-stream, --disable-notifications]']

2024-01-15 09:18:42 - [MESSAGE][INFO] - Action delay is set to 0 milliseconds

2024-01-15 09:18:45 - [MESSAGE][PASSED] - Browser is opened with url: 'https://PCPruebas101.ciel.cielingenieria.com:8610'

2024-01-15 09:18:45 - [TEST_STEP][PASSED] - maximizeWindow(): Current window maximized

2024-01-15 09:18:45 - [MESSAGE][PASSED] - Current window maximized

2024-01-15 09:18:45 - [TEST_STEP][PASSED] - delay(3): Delayed 3 second(s)

2024-01-15 09:18:48 - [MESSAGE][PASSED] - Delayed 3 second(s)

2024-01-15 09:18:48 - [TEST_STEP][PASSED] - setText(findTestObject("0Inicio Sesion/input_Usuario"), "Ciel"): Text 'Ciel' is set on object 'Object Repository/0Inicio Sesion/input_Usuario'

2024-01-15 09:18:49 - [MESSAGE][PASSED] - Text 'Ciel' is set on object 'Object Repository/0Inicio Sesion/input_Usuario'

2024-01-15 09:18:49 - [TEST_STEP][PASSED] - setText(findTestObject("0Inicio Sesion/input_Clave"), "digiturno"): Text 'digiturno' is set on object 'Object Repository/0Inicio Sesion/input_Clave'

2024-01-15 09:18:49 - [MESSAGE][PASSED] - Text 'digiturno' is set on object 'Object Repository/0Inicio Sesion/input_Clave'

2024-01-15 09:18:49 - [TEST_STEP][PASSED] - click(findTestObject("0Inicio Sesion/btn_IniciarSesion")): Object: 'Object Repository/0Inicio Sesion/btn_IniciarSesion' is clicked on

2024-01-15 09:18:50 - [MESSAGE][PASSED] - Object: 'Object Repository/0Inicio Sesion/btn_IniciarSesion' is clicked on

2024-01-15 09:18:50 - [TEST_STEP][PASSED] - delay(3): Delayed 3 second(s)

2024-01-15 09:18:53 - [MESSAGE][PASSED] - Delayed 3 second(s)

2024-01-15 09:18:53 - [MESSAGE][PASSED] - Call Test Case 'Test Cases/0InicioSesion' successfully

2024-01-15 09:18:53 - [TEST_STEP][PASSED] - click(findTestObject("WIZARD/0Principal/img_ModeloDeNegocioMAX")): Object: 'Object Repository/WIZARD/0Principal/img_ModeloDeNegocioMAX' is clicked on

2024-01-15 09:18:54 - [MESSAGE][PASSED] - Object: 'Object Repository/WIZARD/0Principal/img_ModeloDeNegocioMAX' is clicked on

2024-01-15 09:18:54 - [TEST_STEP][PASSED] - delay(3): Delayed 3 second(s)

2024-01-15 09:18:57 - [MESSAGE][PASSED] - Delayed 3 second(s)

2024-01-15 09:18:57 - [TEST_STEP][PASSED] - click(findTestObject("WIZARD/1Modelo De Negocio/00Menu/span_Elementos")): Object: 'Object Repository/WIZARD/1Modelo De Negocio/00Menu/span_Elementos' is clicked on

2024-01-15 09:18:57 - [MESSAGE][PASSED] - Object: 'Object Repository/WIZARD/1Modelo De Negocio/00Menu/span_Elementos' is clicked on

2024-01-15 09:18:57 - [TEST_STEP][PASSED] - delay(3): Delayed 3 second(s)

2024-01-15 09:19:00 - [MESSAGE][PASSED] - Delayed 3 second(s)

2024-01-15 09:19:00 - [TEST_STEP][PASSED] - click(findTestObject("WIZARD/1Modelo De Negocio/2Elementos/Nivel/option_4Subservicio")): Object: 'Object Repository/WIZARD/1Modelo De Negocio/2Elementos/Nivel/option_4Subservicio' is clicked on

2024-01-15 09:19:01 - [MESSAGE][PASSED] - Object: 'Object Repository/WIZARD/1Modelo De Negocio/2Elementos/Nivel/option_4Subservicio' is clicked on

2024-01-15 09:19:01 - [TEST_STEP][PASSED] - delay(3): Delayed 3 second(s)

2024-01-15 09:19:04 - [MESSAGE][PASSED] - Delayed 3 second(s)

2024-01-15 09:19:04 - [TEST_STEP][PASSED] - click(findTestObject("WIZARD/1Modelo De Negocio/2Elementos/Nivel/SubServicio/td_SUB1")): Object: 'Object Repository/WIZARD/1Modelo De Negocio/2Elementos/Nivel/SubServicio/td_SUB1' is clicked on

2024-01-15 09:19:04 - [MESSAGE][PASSED] - Object: 'Object Repository/WIZARD/1Modelo De Negocio/2Elementos/Nivel/SubServicio/td_SUB1' is clicked on

2024-01-15 09:19:04 - [TEST_STEP][PASSED] - delay(3): Delayed 3 second(s)

2024-01-15 09:19:07 - [MESSAGE][PASSED] - Delayed 3 second(s)

2024-01-15 09:19:07 - [TEST_STEP][PASSED] - setText(findTestObject("WIZARD/1Modelo De Negocio/2Elementos/Edicion de Elementos/input_Nombre Elemento"), "Actualización de Datos"): Text 'Actualización de Datos' is set on object 'Object Repository/WIZARD/1Modelo De Negocio/2Elementos/Edicion de Elementos/input_Nombre Elemento'

2024-01-15 09:19:08 - [MESSAGE][PASSED] - Text 'Actualización de Datos' is set on object 'Object Repository/WIZARD/1Modelo De Negocio/2Elementos/Edicion de Elementos/input_Nombre Elemento'

2024-01-15 09:19:08 - [TEST_STEP][PASSED] - setText(findTestObject("WIZARD/1Modelo De Negocio/2Elementos/Edicion de Elementos/input_Descripcion Elemento"), "Actualización de Datos"): Text 'Actualización de Datos' is set on object 'Object Repository/WIZARD/1Modelo De Negocio/2Elementos/Edicion de Elementos/input_Descripcion Elemento'

2024-01-15 09:19:09 - [MESSAGE][PASSED] - Text 'Actualización de Datos' is set on object 'Object Repository/WIZARD/1Modelo De Negocio/2Elementos/Edicion de Elementos/input_Descripcion Elemento'

2024-01-15 09:19:09 - [TEST_STEP][PASSED] - executeJavaScript("return document.getElementById('ContentPlaceHolder1_lnkTiempoMaxAtencion').click()", []): Execute JavaScript 'return document.getElementById('ContentPlaceHolder1_lnkTiempoMaxAtencion').click()' successfully

2024-01-15 09:19:09 - [MESSAGE][PASSED] - Execute JavaScript 'return document.getElementById('ContentPlaceHolder1_lnkTiempoMaxAtencion').click()' successfully

2024-01-15 09:19:09 - [TEST_STEP][PASSED] - delay(2): Delayed 2 second(s)

2024-01-15 09:19:11 - [MESSAGE][PASSED] - Delayed 2 second(s)

2024-01-15 09:19:11 - [TEST_STEP][PASSED] - executeJavaScript("return document.getElementById('ContentPlaceHolder1_TimeSpanControlMaxTiempo_txtMinuto').value=10", []): Execute JavaScript 'return document.getElementById('ContentPlaceHolder1_TimeSpanControlMaxTiempo_txtMinuto').value=10' successfully

2024-01-15 09:19:11 - [MESSAGE][PASSED] - Execute JavaScript 'return document.getElementById('ContentPlaceHolder1_TimeSpanControlMaxTiempo_txtMinuto').value=10' successfully

2024-01-15 09:19:11 - [TEST_STEP][PASSED] - delay(2): Delayed 2 second(s)

2024-01-15 09:19:13 - [MESSAGE][PASSED] - Delayed 2 second(s)

2024-01-15 09:19:13 - [TEST_STEP][PASSED] - click(findTestObject("WIZARD/1Modelo De Negocio/2ModalTiempoMaxAtencion/btn_Aceptar")): Object: 'Object Repository/WIZARD/1Modelo De Negocio/2ModalTiempoMaxAtencion/btn_Aceptar' is clicked on

2024-01-15 09:19:13 - [MESSAGE][PASSED] - Object: 'Object Repository/WIZARD/1Modelo De Negocio/2ModalTiempoMaxAtencion/btn_Aceptar' is clicked on

2024-01-15 09:19:13 - [TEST_STEP][PASSED] - delay(3): Delayed 3 second(s)

2024-01-15 09:19:16 - [MESSAGE][PASSED] - Delayed 3 second(s)

2024-01-15 09:19:16 - [TEST_STEP][PASSED] - executeJavaScript("return document.getElementById('ContentPlaceHolder1_lnkTiempoControaldoAtencion').click()", []): Execute JavaScript 'return document.getElementById('ContentPlaceHolder1_lnkTiempoControaldoAtencion').click()' successfully

2024-01-15 09:19:16 - [MESSAGE][PASSED] - Execute JavaScript 'return document.getElementById('ContentPlaceHolder1_lnkTiempoControaldoAtencion').click()' successfully

2024-01-15 09:19:16 - [TEST_STEP][PASSED] - delay(2): Delayed 2 second(s)

2024-01-15 09:19:18 - [MESSAGE][PASSED] - Delayed 2 second(s)

2024-01-15 09:19:18 - [TEST_STEP][PASSED] - executeJavaScript("return document.getElementById('ContentPlaceHolder1_TimeSpanControlTiempoControlado_txtMinuto').value=5", []): Execute JavaScript 'return document.getElementById('ContentPlaceHolder1_TimeSpanControlTiempoControlado_txtMinuto').value=5' successfully

2024-01-15 09:19:18 - [MESSAGE][PASSED] - Execute JavaScript 'return document.getElementById('ContentPlaceHolder1_TimeSpanControlTiempoControlado_txtMinuto').value=5' successfully

2024-01-15 09:19:18 - [TEST_STEP][PASSED] - delay(2): Delayed 2 second(s)

2024-01-15 09:19:20 - [MESSAGE][PASSED] - Delayed 2 second(s)

2024-01-15 09:19:20 - [TEST_STEP][PASSED] - click(findTestObject("WIZARD/1Modelo De Negocio/2Modal Tiempo Controlado de atencion/btn_Aceptar")): Object: 'Object Repository/WIZARD/1Modelo De Negocio/2Modal Tiempo Controlado de atencion/btn_Aceptar' is clicked on

2024-01-15 09:19:21 - [MESSAGE][PASSED] - Object: 'Object Repository/WIZARD/1Modelo De Negocio/2Modal Tiempo Controlado de atencion/btn_Aceptar' is clicked on

2024-01-15 09:19:21 - [TEST_STEP][PASSED] - delay(3): Delayed 3 second(s)

2024-01-15 09:19:24 - [MESSAGE][PASSED] - Delayed 3 second(s)

2024-01-15 09:19:24 - [TEST_STEP][PASSED] - click(findTestObject("WIZARD/1Modelo De Negocio/2Elementos/Edicion de Elementos/btn_Actualizar")): Object: 'Object Repository/WIZARD/1Modelo De Negocio/2Elementos/Edicion de Elementos/btn_Actualizar' is clicked on

2024-01-15 09:19:24 - [MESSAGE][PASSED] - Object: 'Object Repository/WIZARD/1Modelo De Negocio/2Elementos/Edicion de Elementos/btn_Actualizar' is clicked on

2024-01-15 09:19:24 - [TEST_STEP][PASSED] - delay(3): Delayed 3 second(s)

2024-01-15 09:19:27 - [MESSAGE][PASSED] - Delayed 3 second(s)

2024-01-15 09:19:27 - [TEST_STEP][PASSED] - click(findTestObject("WIZARD/1Modelo De Negocio/2Elementos/Nivel/SubServicio/td_SUB2")): Object: 'Object Repository/WIZARD/1Modelo De Negocio/2Elementos/Nivel/SubServicio/td_SUB2' is clicked on

2024-01-15 09:19:28 - [MESSAGE][PASSED] - Object: 'Object Repository/WIZARD/1Modelo De Negocio/2Elementos/Nivel/SubServicio/td_SUB2' is clicked on

2024-01-15 09:19:28 - [TEST_STEP][PASSED] - delay(3): Delayed 3 second(s)

2024-01-15 09:19:31 - [MESSAGE][PASSED] - Delayed 3 second(s)

2024-01-15 09:19:31 - [TEST_STEP][PASSED] - setText(findTestObject("WIZARD/1Modelo De Negocio/2Elementos/Edicion de Elementos/input_Nombre Elemento"), "Inscripciones"): Text 'Inscripciones' is set on object 'Object Repository/WIZARD/1Modelo De Negocio/2Elementos/Edicion de Elementos/input_Nombre Elemento'

2024-01-15 09:19:32 - [MESSAGE][PASSED] - Text 'Inscripciones' is set on object 'Object Repository/WIZARD/1Modelo De Negocio/2Elementos/Edicion de Elementos/input_Nombre Elemento'

2024-01-15 09:19:32 - [TEST_STEP][PASSED] - setText(findTestObject("WIZARD/1Modelo De Negocio/2Elementos/Edicion de Elementos/input_Descripcion Elemento"), "Inscripciones"): Text 'Inscripciones' is set on object 'Object Repository/WIZARD/1Modelo De Negocio/2Elementos/Edicion de Elementos/input_Descripcion Elemento'

2024-01-15 09:19:32 - [MESSAGE][PASSED] - Text 'Inscripciones' is set on object 'Object Repository/WIZARD/1Modelo De Negocio/2Elementos/Edicion de Elementos/input_Descripcion Elemento'

2024-01-15 09:19:32 - [TEST_STEP][PASSED] - executeJavaScript("return document.getElementById('ContentPlaceHolder1_lnkTiempoMaxAtencion').click()", []): Execute JavaScript 'return document.getElementById('ContentPlaceHolder1_lnkTiempoMaxAtencion').click()' successfully

2024-01-15 09:19:32 - [MESSAGE][PASSED] - Execute JavaScript 'return document.getElementById('ContentPlaceHolder1_lnkTiempoMaxAtencion').click()' successfully

2024-01-15 09:19:32 - [TEST_STEP][PASSED] - delay(2): Delayed 2 second(s)

2024-01-15 09:19:34 - [MESSAGE][PASSED] - Delayed 2 second(s)

2024-01-15 09:19:34 - [TEST_STEP][PASSED] - executeJavaScript("return document.getElementById('ContentPlaceHolder1_TimeSpanControlMaxTiempo_txtMinuto').value=10", []): Execute JavaScript 'return document.getElementById('ContentPlaceHolder1_TimeSpanControlMaxTiempo_txtMinuto').value=10' successfully

2024-01-15 09:19:35 - [MESSAGE][PASSED] - Execute JavaScript 'return document.getElementById('ContentPlaceHolder1_TimeSpanControlMaxTiempo_txtMinuto').value=10' successfully

2024-01-15 09:19:35 - [TEST_STEP][PASSED] - delay(2): Delayed 2 second(s)

2024-01-15 09:19:37 - [MESSAGE][PASSED] - Delayed 2 second(s)

2024-01-15 09:19:37 - [TEST_STEP][PASSED] - click(findTestObject("WIZARD/1Modelo De Negocio/2ModalTiempoMaxAtencion/btn_Aceptar")): Object: 'Object Repository/WIZARD/1Modelo De Negocio/2ModalTiempoMaxAtencion/btn_Aceptar' is clicked on

2024-01-15 09:19:37 - [MESSAGE][PASSED] - Object: 'Object Repository/WIZARD/1Modelo De Negocio/2ModalTiempoMaxAtencion/btn_Aceptar' is clicked on

2024-01-15 09:19:37 - [TEST_STEP][PASSED] - delay(3): Delayed 3 second(s)

2024-01-15 09:19:40 - [MESSAGE][PASSED] - Delayed 3 second(s)

2024-01-15 09:19:40 - [TEST_STEP][PASSED] - executeJavaScript("return document.getElementById('ContentPlaceHolder1_lnkTiempoControaldoAtencion').click()", []): Execute JavaScript 'return document.getElementById('ContentPlaceHolder1_lnkTiempoControaldoAtencion').click()' successfully

2024-01-15 09:19:40 - [MESSAGE][PASSED] - Execute JavaScript 'return document.getElementById('ContentPlaceHolder1_lnkTiempoControaldoAtencion').click()' successfully

2024-01-15 09:19:40 - [TEST_STEP][PASSED] - delay(2): Delayed 2 second(s)

2024-01-15 09:19:42 - [MESSAGE][PASSED] - Delayed 2 second(s)

2024-01-15 09:19:42 - [TEST_STEP][PASSED] - executeJavaScript("return document.getElementById('ContentPlaceHolder1_TimeSpanControlTiempoControlado_txtMinuto').value=5", []): Execute JavaScript 'return document.getElementById('ContentPlaceHolder1_TimeSpanControlTiempoControlado_txtMinuto').value=5' successfully

2024-01-15 09:19:42 - [MESSAGE][PASSED] - Execute JavaScript 'return document.getElementById('ContentPlaceHolder1_TimeSpanControlTiempoControlado_txtMinuto').value=5' successfully

2024-01-15 09:19:42 - [TEST_STEP][PASSED] - delay(2): Delayed 2 second(s)

2024-01-15 09:19:44 - [MESSAGE][PASSED] - Delayed 2 second(s)

2024-01-15 09:19:44 - [TEST_STEP][PASSED] - click(findTestObject("WIZARD/1Modelo De Negocio/2Modal Tiempo Controlado de atencion/btn_Aceptar")): Object: 'Object Repository/WIZARD/1Modelo De Negocio/2Modal Tiempo Controlado de atencion/btn_Aceptar' is clicked on

2024-01-15 09:19:45 - [MESSAGE][PASSED] - Object: 'Object Repository/WIZARD/1Modelo De Negocio/2Modal Tiempo Controlado de atencion/btn_Aceptar' is clicked on

2024-01-15 09:19:45 - [TEST_STEP][PASSED] - delay(3): Delayed 3 second(s)

2024-01-15 09:19:48 - [MESSAGE][PASSED] - Delayed 3 second(s)

2024-01-15 09:19:48 - [TEST_STEP][PASSED] - click(findTestObject("WIZARD/1Modelo De Negocio/2Elementos/Edicion de Elementos/btn_Actualizar")): Object: 'Object Repository/WIZARD/1Modelo De Negocio/2Elementos/Edicion de Elementos/btn_Actualizar' is clicked on

2024-01-15 09:19:48 - [MESSAGE][PASSED] - Object: 'Object Repository/WIZARD/1Modelo De Negocio/2Elementos/Edicion de Elementos/btn_Actualizar' is clicked on

2024-01-15 09:19:48 - [TEST_STEP][PASSED] - delay(3): Delayed 3 second(s)

2024-01-15 09:19:51 - [MESSAGE][PASSED] - Delayed 3 second(s)

2024-01-15 09:19:51 - [TEST_STEP][PASSED] - click(findTestObject("WIZARD/1Modelo De Negocio/2Elementos/Nivel/SubServicio/td_SUB3")): Object: 'Object Repository/WIZARD/1Modelo De Negocio/2Elementos/Nivel/SubServicio/td_SUB3' is clicked on

2024-01-15 09:19:52 - [MESSAGE][PASSED] - Object: 'Object Repository/WIZARD/1Modelo De Negocio/2Elementos/Nivel/SubServicio/td_SUB3' is clicked on

2024-01-15 09:19:52 - [TEST_STEP][PASSED] - delay(3): Delayed 3 second(s)

2024-01-15 09:19:55 - [MESSAGE][PASSED] - Delayed 3 second(s)

2024-01-15 09:19:55 - [TEST_STEP][PASSED] - setText(findTestObject("WIZARD/1Modelo De Negocio/2Elementos/Edicion de Elementos/input_Nombre Elemento"), "Facturación"): Text 'Facturación' is set on object 'Object Repository/WIZARD/1Modelo De Negocio/2Elementos/Edicion de Elementos/input_Nombre Elemento'

2024-01-15 09:19:55 - [MESSAGE][PASSED] - Text 'Facturación' is set on object 'Object Repository/WIZARD/1Modelo De Negocio/2Elementos/Edicion de Elementos/input_Nombre Elemento'

2024-01-15 09:19:55 - [TEST_STEP][PASSED] - setText(findTestObject("WIZARD/1Modelo De Negocio/2Elementos/Edicion de Elementos/input_Descripcion Elemento"), "Facturación"): Text 'Facturación' is set on object 'Object Repository/WIZARD/1Modelo De Negocio/2Elementos/Edicion de Elementos/input_Descripcion Elemento'

2024-01-15 09:19:56 - [MESSAGE][PASSED] - Text 'Facturación' is set on object 'Object Repository/WIZARD/1Modelo De Negocio/2Elementos/Edicion de Elementos/input_Descripcion Elemento'

2024-01-15 09:19:56 - [TEST_STEP][PASSED] - executeJavaScript("return document.getElementById('ContentPlaceHolder1_lnkTiempoMaxAtencion').click()", []): Execute JavaScript 'return document.getElementById('ContentPlaceHolder1_lnkTiempoMaxAtencion').click()' successfully

2024-01-15 09:19:56 - [MESSAGE][PASSED] - Execute JavaScript 'return document.getElementById('ContentPlaceHolder1_lnkTiempoMaxAtencion').click()' successfully

2024-01-15 09:19:56 - [TEST_STEP][PASSED] - delay(2): Delayed 2 second(s)

2024-01-15 09:19:58 - [MESSAGE][PASSED] - Delayed 2 second(s)

2024-01-15 09:19:58 - [TEST_STEP][PASSED] - executeJavaScript("return document.getElementById('ContentPlaceHolder1_TimeSpanControlMaxTiempo_txtMinuto').value=10", []): Execute JavaScript 'return document.getElementById('ContentPlaceHolder1_TimeSpanControlMaxTiempo_txtMinuto').value=10' successfully

2024-01-15 09:19:58 - [MESSAGE][PASSED] - Execute JavaScript 'return document.getElementById('ContentPlaceHolder1_TimeSpanControlMaxTiempo_txtMinuto').value=10' successfully

2024-01-15 09:19:58 - [TEST_STEP][PASSED] - delay(2): Delayed 2 second(s)

2024-01-15 09:20:00 - [MESSAGE][PASSED] - Delayed 2 second(s)

2024-01-15 09:20:00 - [TEST_STEP][PASSED] - click(findTestObject("WIZARD/1Modelo De Negocio/2ModalTiempoMaxAtencion/btn_Aceptar")): Object: 'Object Repository/WIZARD/1Modelo De Negocio/2ModalTiempoMaxAtencion/btn_Aceptar' is clicked on

2024-01-15 09:20:01 - [MESSAGE][PASSED] - Object: 'Object Repository/WIZARD/1Modelo De Negocio/2ModalTiempoMaxAtencion/btn_Aceptar' is clicked on

2024-01-15 09:20:01 - [TEST_STEP][PASSED] - delay(3): Delayed 3 second(s)

2024-01-15 09:20:04 - [MESSAGE][PASSED] - Delayed 3 second(s)

2024-01-15 09:20:04 - [TEST_STEP][PASSED] - executeJavaScript("return document.getElementById('ContentPlaceHolder1_lnkTiempoControaldoAtencion').click()", []): Execute JavaScript 'return document.getElementById('ContentPlaceHolder1_lnkTiempoControaldoAtencion').click()' successfully

2024-01-15 09:20:04 - [MESSAGE][PASSED] - Execute JavaScript 'return document.getElementById('ContentPlaceHolder1_lnkTiempoControaldoAtencion').click()' successfully

2024-01-15 09:20:04 - [TEST_STEP][PASSED] - delay(2): Delayed 2 second(s)

2024-01-15 09:20:06 - [MESSAGE][PASSED] - Delayed 2 second(s)

2024-01-15 09:20:06 - [TEST_STEP][PASSED] - executeJavaScript("return document.getElementById('ContentPlaceHolder1_TimeSpanControlTiempoControlado_txtMinuto').value=5", []): Execute JavaScript 'return document.getElementById('ContentPlaceHolder1_TimeSpanControlTiempoControlado_txtMinuto').value=5' successfully

2024-01-15 09:20:06 - [MESSAGE][PASSED] - Execute JavaScript 'return document.getElementById('ContentPlaceHolder1_TimeSpanControlTiempoControlado_txtMinuto').value=5' successfully

2024-01-15 09:20:06 - [TEST_STEP][PASSED] - delay(2): Delayed 2 second(s)

2024-01-15 09:20:08 - [MESSAGE][PASSED] - Delayed 2 second(s)

2024-01-15 09:20:08 - [TEST_STEP][PASSED] - click(findTestObject("WIZARD/1Modelo De Negocio/2Modal Tiempo Controlado de atencion/btn_Aceptar")): Object: 'Object Repository/WIZARD/1Modelo De Negocio/2Modal Tiempo Controlado de atencion/btn_Aceptar' is clicked on

2024-01-15 09:20:08 - [MESSAGE][PASSED] - Object: 'Object Repository/WIZARD/1Modelo De Negocio/2Modal Tiempo Controlado de atencion/btn_Aceptar' is clicked on

2024-01-15 09:20:08 - [TEST_STEP][PASSED] - delay(3): Delayed 3 second(s)

2024-01-15 09:20:11 - [MESSAGE][PASSED] - Delayed 3 second(s)

2024-01-15 09:20:11 - [TEST_STEP][PASSED] - click(findTestObject("WIZARD/1Modelo De Negocio/2Elementos/Edicion de Elementos/btn_Actualizar")): Object: 'Object Repository/WIZARD/1Modelo De Negocio/2Elementos/Edicion de Elementos/btn_Actualizar' is clicked on

2024-01-15 09:20:12 - [MESSAGE][PASSED] - Object: 'Object Repository/WIZARD/1Modelo De Negocio/2Elementos/Edicion de Elementos/btn_Actualizar' is clicked on

2024-01-15 09:20:12 - [TEST_STEP][PASSED] - delay(3): Delayed 3 second(s)

2024-01-15 09:20:15 - [MESSAGE][PASSED] - Delayed 3 second(s)

2024-01-15 09:20:15 - [TEST_STEP][PASSED] - click(findTestObject("WIZARD/1Modelo De Negocio/2Elementos/Nivel/SubServicio/td_SUB4")): Object: 'Object Repository/WIZARD/1Modelo De Negocio/2Elementos/Nivel/SubServicio/td_SUB4' is clicked on

2024-01-15 09:20:15 - [MESSAGE][PASSED] - Object: 'Object Repository/WIZARD/1Modelo De Negocio/2Elementos/Nivel/SubServicio/td_SUB4' is clicked on

2024-01-15 09:20:15 - [TEST_STEP][PASSED] - delay(3): Delayed 3 second(s)

2024-01-15 09:20:18 - [MESSAGE][PASSED] - Delayed 3 second(s)

2024-01-15 09:20:18 - [TEST_STEP][PASSED] - setText(findTestObject("WIZARD/1Modelo De Negocio/2Elementos/Edicion de Elementos/input_Nombre Elemento"), "Renovaciones"): Text 'Renovaciones' is set on object 'Object Repository/WIZARD/1Modelo De Negocio/2Elementos/Edicion de Elementos/input_Nombre Elemento'

2024-01-15 09:20:19 - [MESSAGE][PASSED] - Text 'Renovaciones' is set on object 'Object Repository/WIZARD/1Modelo De Negocio/2Elementos/Edicion de Elementos/input_Nombre Elemento'

2024-01-15 09:20:19 - [TEST_STEP][PASSED] - setText(findTestObject("WIZARD/1Modelo De Negocio/2Elementos/Edicion de Elementos/input_Descripcion Elemento"), "Renovaciones"): Text 'Renovaciones' is set on object 'Object Repository/WIZARD/1Modelo De Negocio/2Elementos/Edicion de Elementos/input_Descripcion Elemento'

2024-01-15 09:20:20 - [MESSAGE][PASSED] - Text 'Renovaciones' is set on object 'Object Repository/WIZARD/1Modelo De Negocio/2Elementos/Edicion de Elementos/input_Descripcion Elemento'

2024-01-15 09:20:20 - [TEST_STEP][PASSED] - executeJavaScript("return document.getElementById('ContentPlaceHolder1_lnkTiempoMaxAtencion').click()", []): Execute JavaScript 'return document.getElementById('ContentPlaceHolder1_lnkTiempoMaxAtencion').click()' successfully

2024-01-15 09:20:20 - [MESSAGE][PASSED] - Execute JavaScript 'return document.getElementById('ContentPlaceHolder1_lnkTiempoMaxAtencion').click()' successfully

2024-01-15 09:20:20 - [TEST_STEP][PASSED] - delay(2): Delayed 2 second(s)

2024-01-15 09:20:22 - [MESSAGE][PASSED] - Delayed 2 second(s)

2024-01-15 09:20:22 - [TEST_STEP][PASSED] - executeJavaScript("return document.getElementById('ContentPlaceHolder1_TimeSpanControlMaxTiempo_txtMinuto').value=10", []): Execute JavaScript 'return document.getElementById('ContentPlaceHolder1_TimeSpanControlMaxTiempo_txtMinuto').value=10' successfully

2024-01-15 09:20:22 - [MESSAGE][PASSED] - Execute JavaScript 'return document.getElementById('ContentPlaceHolder1_TimeSpanControlMaxTiempo_txtMinuto').value=10' successfully

2024-01-15 09:20:22 - [TEST_STEP][PASSED] - delay(2): Delayed 2 second(s)

2024-01-15 09:20:24 - [MESSAGE][PASSED] - Delayed 2 second(s)

2024-01-15 09:20:24 - [TEST_STEP][PASSED] - click(findTestObject("WIZARD/1Modelo De Negocio/2ModalTiempoMaxAtencion/btn_Aceptar")): Object: 'Object Repository/WIZARD/1Modelo De Negocio/2ModalTiempoMaxAtencion/btn_Aceptar' is clicked on

2024-01-15 09:20:24 - [MESSAGE][PASSED] - Object: 'Object Repository/WIZARD/1Modelo De Negocio/2ModalTiempoMaxAtencion/btn_Aceptar' is clicked on

2024-01-15 09:20:24 - [TEST_STEP][PASSED] - delay(3): Delayed 3 second(s)

2024-01-15 09:20:27 - [MESSAGE][PASSED] - Delayed 3 second(s)

2024-01-15 09:20:27 - [TEST_STEP][PASSED] - executeJavaScript("return document.getElementById('ContentPlaceHolder1_lnkTiempoControaldoAtencion').click()", []): Execute JavaScript 'return document.getElementById('ContentPlaceHolder1_lnkTiempoControaldoAtencion').click()' successfully

2024-01-15 09:20:27 - [MESSAGE][PASSED] - Execute JavaScript 'return document.getElementById('ContentPlaceHolder1_lnkTiempoControaldoAtencion').click()' successfully

2024-01-15 09:20:27 - [TEST_STEP][PASSED] - delay(2): Delayed 2 second(s)

2024-01-15 09:20:29 - [MESSAGE][PASSED] - Delayed 2 second(s)

2024-01-15 09:20:29 - [TEST_STEP][PASSED] - executeJavaScript("return document.getElementById('ContentPlaceHolder1_TimeSpanControlTiempoControlado_txtMinuto').value=5", []): Execute JavaScript 'return document.getElementById('ContentPlaceHolder1_TimeSpanControlTiempoControlado_txtMinuto').value=5' successfully

2024-01-15 09:20:29 - [MESSAGE][PASSED] - Execute JavaScript 'return document.getElementById('ContentPlaceHolder1_TimeSpanControlTiempoControlado_txtMinuto').value=5' successfully

2024-01-15 09:20:29 - [TEST_STEP][PASSED] - delay(2): Delayed 2 second(s)

2024-01-15 09:20:31 - [MESSAGE][PASSED] - Delayed 2 second(s)

2024-01-15 09:20:31 - [TEST_STEP][PASSED] - click(findTestObject("WIZARD/1Modelo De Negocio/2Modal Tiempo Controlado de atencion/btn_Aceptar")): Object: 'Object Repository/WIZARD/1Modelo De Negocio/2Modal Tiempo Controlado de atencion/btn_Aceptar' is clicked on

2024-01-15 09:20:32 - [MESSAGE][PASSED] - Object: 'Object Repository/WIZARD/1Modelo De Negocio/2Modal Tiempo Controlado de atencion/btn_Aceptar' is clicked on

2024-01-15 09:20:32 - [TEST_STEP][PASSED] - delay(3): Delayed 3 second(s)

2024-01-15 09:20:35 - [MESSAGE][PASSED] - Delayed 3 second(s)

2024-01-15 09:20:35 - [TEST_STEP][PASSED] - click(findTestObject("WIZARD/1Modelo De Negocio/2Elementos/Edicion de Elementos/btn_Actualizar")): Object: 'Object Repository/WIZARD/1Modelo De Negocio/2Elementos/Edicion de Elementos/btn_Actualizar' is clicked on

2024-01-15 09:20:35 - [MESSAGE][PASSED] - Object: 'Object Repository/WIZARD/1Modelo De Negocio/2Elementos/Edicion de Elementos/btn_Actualizar' is clicked on

2024-01-15 09:20:35 - [TEST_STEP][PASSED] - delay(3): Delayed 3 second(s)

2024-01-15 09:20:38 - [MESSAGE][PASSED] - Delayed 3 second(s)

2024-01-15 09:20:38 - [TEST_STEP][PASSED] - click(findTestObject("WIZARD/1Modelo De Negocio/2Elementos/Nivel/SubServicio/td_SUB5")): Object: 'Object Repository/WIZARD/1Modelo De Negocio/2Elementos/Nivel/SubServicio/td_SUB5' is clicked on

2024-01-15 09:20:39 - [MESSAGE][PASSED] - Object: 'Object Repository/WIZARD/1Modelo De Negocio/2Elementos/Nivel/SubServicio/td_SUB5' is clicked on

2024-01-15 09:20:39 - [TEST_STEP][PASSED] - delay(3): Delayed 3 second(s)

2024-01-15 09:20:42 - [MESSAGE][PASSED] - Delayed 3 second(s)

2024-01-15 09:20:42 - [TEST_STEP][PASSED] - setText(findTestObject("WIZARD/1Modelo De Negocio/2Elementos/Edicion de Elementos/input_Nombre Elemento"), "Autorizaciones"): Text 'Autorizaciones' is set on object 'Object Repository/WIZARD/1Modelo De Negocio/2Elementos/Edicion de Elementos/input_Nombre Elemento'

2024-01-15 09:20:43 - [MESSAGE][PASSED] - Text 'Autorizaciones' is set on object 'Object Repository/WIZARD/1Modelo De Negocio/2Elementos/Edicion de Elementos/input_Nombre Elemento'

2024-01-15 09:20:43 - [TEST_STEP][PASSED] - setText(findTestObject("WIZARD/1Modelo De Negocio/2Elementos/Edicion de Elementos/input_Descripcion Elemento"), "Autorizaciones"): Text 'Autorizaciones' is set on object 'Object Repository/WIZARD/1Modelo De Negocio/2Elementos/Edicion de Elementos/input_Descripcion Elemento'

2024-01-15 09:20:43 - [MESSAGE][PASSED] - Text 'Autorizaciones' is set on object 'Object Repository/WIZARD/1Modelo De Negocio/2Elementos/Edicion de Elementos/input_Descripcion Elemento'

2024-01-15 09:20:43 - [TEST_STEP][PASSED] - executeJavaScript("return document.getElementById('ContentPlaceHolder1_lnkTiempoMaxAtencion').click()", []): Execute JavaScript 'return document.getElementById('ContentPlaceHolder1_lnkTiempoMaxAtencion').click()' successfully

2024-01-15 09:20:43 - [MESSAGE][PASSED] - Execute JavaScript 'return document.getElementById('ContentPlaceHolder1_lnkTiempoMaxAtencion').click()' successfully

2024-01-15 09:20:43 - [TEST_STEP][PASSED] - delay(2): Delayed 2 second(s)

2024-01-15 09:20:45 - [MESSAGE][PASSED] - Delayed 2 second(s)

2024-01-15 09:20:45 - [TEST_STEP][PASSED] - executeJavaScript("return document.getElementById('ContentPlaceHolder1_TimeSpanControlMaxTiempo_txtMinuto').value=10", []): Execute JavaScript 'return document.getElementById('ContentPlaceHolder1_TimeSpanControlMaxTiempo_txtMinuto').value=10' successfully

2024-01-15 09:20:45 - [MESSAGE][PASSED] - Execute JavaScript 'return document.getElementById('ContentPlaceHolder1_TimeSpanControlMaxTiempo_txtMinuto').value=10' successfully

2024-01-15 09:20:45 - [TEST_STEP][PASSED] - delay(2): Delayed 2 second(s)

2024-01-15 09:20:47 - [MESSAGE][PASSED] - Delayed 2 second(s)

2024-01-15 09:20:47 - [TEST_STEP][PASSED] - click(findTestObject("WIZARD/1Modelo De Negocio/2ModalTiempoMaxAtencion/btn_Aceptar")): Object: 'Object Repository/WIZARD/1Modelo De Negocio/2ModalTiempoMaxAtencion/btn_Aceptar' is clicked on

2024-01-15 09:20:48 - [MESSAGE][PASSED] - Object: 'Object Repository/WIZARD/1Modelo De Negocio/2ModalTiempoMaxAtencion/btn_Aceptar' is clicked on

2024-01-15 09:20:48 - [TEST_STEP][PASSED] - delay(3): Delayed 3 second(s)

2024-01-15 09:20:51 - [MESSAGE][PASSED] - Delayed 3 second(s)

2024-01-15 09:20:51 - [TEST_STEP][PASSED] - executeJavaScript("return document.getElementById('ContentPlaceHolder1_lnkTiempoControaldoAtencion').click()", []): Execute JavaScript 'return document.getElementById('ContentPlaceHolder1_lnkTiempoControaldoAtencion').click()' successfully

2024-01-15 09:20:51 - [MESSAGE][PASSED] - Execute JavaScript 'return document.getElementById('ContentPlaceHolder1_lnkTiempoControaldoAtencion').click()' successfully

2024-01-15 09:20:51 - [TEST_STEP][PASSED] - delay(2): Delayed 2 second(s)

2024-01-15 09:20:53 - [MESSAGE][PASSED] - Delayed 2 second(s)

2024-01-15 09:20:53 - [TEST_STEP][PASSED] - executeJavaScript("return document.getElementById('ContentPlaceHolder1_TimeSpanControlTiempoControlado_txtMinuto').value=5", []): Execute JavaScript 'return document.getElementById('ContentPlaceHolder1_TimeSpanControlTiempoControlado_txtMinuto').value=5' successfully

2024-01-15 09:20:53 - [MESSAGE][PASSED] - Execute JavaScript 'return document.getElementById('ContentPlaceHolder1_TimeSpanControlTiempoControlado_txtMinuto').value=5' successfully

2024-01-15 09:20:53 - [TEST_STEP][PASSED] - delay(2): Delayed 2 second(s)

2024-01-15 09:20:55 - [MESSAGE][PASSED] - Delayed 2 second(s)

2024-01-15 09:20:55 - [TEST_STEP][PASSED] - click(findTestObject("WIZARD/1Modelo De Negocio/2Modal Tiempo Controlado de atencion/btn_Aceptar")): Object: 'Object Repository/WIZARD/1Modelo De Negocio/2Modal Tiempo Controlado de atencion/btn_Aceptar' is clicked on

2024-01-15 09:20:55 - [MESSAGE][PASSED] - Object: 'Object Repository/WIZARD/1Modelo De Negocio/2Modal Tiempo Controlado de atencion/btn_Aceptar' is clicked on

2024-01-15 09:20:55 - [TEST_STEP][PASSED] - delay(3): Delayed 3 second(s)

2024-01-15 09:20:58 - [MESSAGE][PASSED] - Delayed 3 second(s)

2024-01-15 09:20:58 - [TEST_STEP][PASSED] - click(findTestObject("WIZARD/1Modelo De Negocio/2Elementos/Edicion de Elementos/btn_Actualizar")): Object: 'Object Repository/WIZARD/1Modelo De Negocio/2Elementos/Edicion de Elementos/btn_Actualizar' is clicked on

2024-01-15 09:20:59 - [MESSAGE][PASSED] - Object: 'Object Repository/WIZARD/1Modelo De Negocio/2Elementos/Edicion de Elementos/btn_Actualizar' is clicked on

2024-01-15 09:20:59 - [TEST_STEP][PASSED] - delay(3): Delayed 3 second(s)

2024-01-15 09:21:02 - [MESSAGE][PASSED] - Delayed 3 second(s)

2024-01-15 09:21:02 - [TEST_STEP][PASSED] - click(findTestObject("WIZARD/1Modelo De Negocio/2Elementos/Nivel/SubServicio/td_SUB6")): Object: 'Object Repository/WIZARD/1Modelo De Negocio/2Elementos/Nivel/SubServicio/td_SUB6' is clicked on

2024-01-15 09:21:02 - [MESSAGE][PASSED] - Object: 'Object Repository/WIZARD/1Modelo De Negocio/2Elementos/Nivel/SubServicio/td_SUB6' is clicked on

2024-01-15 09:21:02 - [TEST_STEP][PASSED] - delay(3): Delayed 3 second(s)

2024-01-15 09:21:05 - [MESSAGE][PASSED] - Delayed 3 second(s)

2024-01-15 09:21:05 - [TEST_STEP][PASSED] - setText(findTestObject("WIZARD/1Modelo De Negocio/2Elementos/Edicion de Elementos/input_Nombre Elemento"), "Certificado"): Text 'Certificado' is set on object 'Object Repository/WIZARD/1Modelo De Negocio/2Elementos/Edicion de Elementos/input_Nombre Elemento'

2024-01-15 09:21:06 - [MESSAGE][PASSED] - Text 'Certificado' is set on object 'Object Repository/WIZARD/1Modelo De Negocio/2Elementos/Edicion de Elementos/input_Nombre Elemento'

2024-01-15 09:21:06 - [TEST_STEP][PASSED] - setText(findTestObject("WIZARD/1Modelo De Negocio/2Elementos/Edicion de Elementos/input_Descripcion Elemento"), "Certificado"): Text 'Certificado' is set on object 'Object Repository/WIZARD/1Modelo De Negocio/2Elementos/Edicion de Elementos/input_Descripcion Elemento'

2024-01-15 09:21:07 - [MESSAGE][PASSED] - Text 'Certificado' is set on object 'Object Repository/WIZARD/1Modelo De Negocio/2Elementos/Edicion de Elementos/input_Descripcion Elemento'

2024-01-15 09:21:07 - [TEST_STEP][PASSED] - executeJavaScript("return document.getElementById('ContentPlaceHolder1_lnkTiempoMaxAtencion').click()", []): Execute JavaScript 'return document.getElementById('ContentPlaceHolder1_lnkTiempoMaxAtencion').click()' successfully

2024-01-15 09:21:07 - [MESSAGE][PASSED] - Execute JavaScript 'return document.getElementById('ContentPlaceHolder1_lnkTiempoMaxAtencion').click()' successfully

2024-01-15 09:21:07 - [TEST_STEP][PASSED] - delay(2): Delayed 2 second(s)

2024-01-15 09:21:09 - [MESSAGE][PASSED] - Delayed 2 second(s)

2024-01-15 09:21:09 - [TEST_STEP][PASSED] - executeJavaScript("return document.getElementById('ContentPlaceHolder1_TimeSpanControlMaxTiempo_txtMinuto').value=10", []): Execute JavaScript 'return document.getElementById('ContentPlaceHolder1_TimeSpanControlMaxTiempo_txtMinuto').value=10' successfully

2024-01-15 09:21:09 - [MESSAGE][PASSED] - Execute JavaScript 'return document.getElementById('ContentPlaceHolder1_TimeSpanControlMaxTiempo_txtMinuto').value=10' successfully

2024-01-15 09:21:09 - [TEST_STEP][PASSED] - delay(2): Delayed 2 second(s)

2024-01-15 09:21:11 - [MESSAGE][PASSED] - Delayed 2 second(s)

2024-01-15 09:21:11 - [TEST_STEP][PASSED] - click(findTestObject("WIZARD/1Modelo De Negocio/2ModalTiempoMaxAtencion/btn_Aceptar")): Object: 'Object Repository/WIZARD/1Modelo De Negocio/2ModalTiempoMaxAtencion/btn_Aceptar' is clicked on

2024-01-15 09:21:12 - [MESSAGE][PASSED] - Object: 'Object Repository/WIZARD/1Modelo De Negocio/2ModalTiempoMaxAtencion/btn_Aceptar' is clicked on

2024-01-15 09:21:12 - [TEST_STEP][PASSED] - delay(3): Delayed 3 second(s)

2024-01-15 09:21:15 - [MESSAGE][PASSED] - Delayed 3 second(s)

2024-01-15 09:21:15 - [TEST_STEP][PASSED] - executeJavaScript("return document.getElementById('ContentPlaceHolder1_lnkTiempoControaldoAtencion').click()", []): Execute JavaScript 'return document.getElementById('ContentPlaceHolder1_lnkTiempoControaldoAtencion').click()' successfully

2024-01-15 09:21:15 - [MESSAGE][PASSED] - Execute JavaScript 'return document.getElementById('ContentPlaceHolder1_lnkTiempoControaldoAtencion').click()' successfully

2024-01-15 09:21:15 - [TEST_STEP][PASSED] - delay(2): Delayed 2 second(s)

2024-01-15 09:21:17 - [MESSAGE][PASSED] - Delayed 2 second(s)

2024-01-15 09:21:17 - [TEST_STEP][PASSED] - executeJavaScript("return document.getElementById('ContentPlaceHolder1_TimeSpanControlTiempoControlado_txtMinuto').value=5", []): Execute JavaScript 'return document.getElementById('ContentPlaceHolder1_TimeSpanControlTiempoControlado_txtMinuto').value=5' successfully

2024-01-15 09:21:17 - [MESSAGE][PASSED] - Execute JavaScript 'return document.getElementById('ContentPlaceHolder1_TimeSpanControlTiempoControlado_txtMinuto').value=5' successfully

2024-01-15 09:21:17 - [TEST_STEP][PASSED] - delay(2): Delayed 2 second(s)

2024-01-15 09:21:19 - [MESSAGE][PASSED] - Delayed 2 second(s)

2024-01-15 09:21:19 - [TEST_STEP][PASSED] - click(findTestObject("WIZARD/1Modelo De Negocio/2Modal Tiempo Controlado de atencion/btn_Aceptar")): Object: 'Object Repository/WIZARD/1Modelo De Negocio/2Modal Tiempo Controlado de atencion/btn_Aceptar' is clicked on

2024-01-15 09:21:19 - [MESSAGE][PASSED] - Object: 'Object Repository/WIZARD/1Modelo De Negocio/2Modal Tiempo Controlado de atencion/btn_Aceptar' is clicked on

2024-01-15 09:21:19 - [TEST_STEP][PASSED] - delay(3): Delayed 3 second(s)

2024-01-15 09:21:22 - [MESSAGE][PASSED] - Delayed 3 second(s)

2024-01-15 09:21:22 - [TEST_STEP][PASSED] - click(findTestObject("WIZARD/1Modelo De Negocio/2Elementos/Edicion de Elementos/btn_Actualizar")): Object: 'Object Repository/WIZARD/1Modelo De Negocio/2Elementos/Edicion de Elementos/btn_Actualizar' is clicked on

2024-01-15 09:21:23 - [MESSAGE][PASSED] - Object: 'Object Repository/WIZARD/1Modelo De Negocio/2Elementos/Edicion de Elementos/btn_Actualizar' is clicked on

2024-01-15 09:21:23 - [TEST_STEP][PASSED] - delay(3): Delayed 3 second(s)

2024-01-15 09:21:26 - [MESSAGE][PASSED] - Delayed 3 second(s)

2024-01-15 09:21:26 - [TEST_STEP][PASSED] - click(findTestObject("WIZARD/1Modelo De Negocio/2Elementos/Nivel/SubServicio/td_SUB7")): Object: 'Object Repository/WIZARD/1Modelo De Negocio/2Elementos/Nivel/SubServicio/td_SUB7' is clicked on

2024-01-15 09:21:26 - [MESSAGE][PASSED] - Object: 'Object Repository/WIZARD/1Modelo De Negocio/2Elementos/Nivel/SubServicio/td_SUB7' is clicked on

2024-01-15 09:21:26 - [TEST_STEP][PASSED] - delay(3): Delayed 3 second(s)

2024-01-15 09:21:29 - [MESSAGE][PASSED] - Delayed 3 second(s)

2024-01-15 09:21:29 - [TEST_STEP][PASSED] - setText(findTestObject("WIZARD/1Modelo De Negocio/2Elementos/Edicion de Elementos/input_Nombre Elemento"), "Facturas"): Text 'Facturas' is set on object 'Object Repository/WIZARD/1Modelo De Negocio/2Elementos/Edicion de Elementos/input_Nombre Elemento'

2024-01-15 09:21:30 - [MESSAGE][PASSED] - Text 'Facturas' is set on object 'Object Repository/WIZARD/1Modelo De Negocio/2Elementos/Edicion de Elementos/input_Nombre Elemento'

2024-01-15 09:21:30 - [TEST_STEP][PASSED] - setText(findTestObject("WIZARD/1Modelo De Negocio/2Elementos/Edicion de Elementos/input_Descripcion Elemento"), "Facturas"): Text 'Facturas' is set on object 'Object Repository/WIZARD/1Modelo De Negocio/2Elementos/Edicion de Elementos/input_Descripcion Elemento'

2024-01-15 09:21:31 - [MESSAGE][PASSED] - Text 'Facturas' is set on object 'Object Repository/WIZARD/1Modelo De Negocio/2Elementos/Edicion de Elementos/input_Descripcion Elemento'

2024-01-15 09:21:31 - [TEST_STEP][PASSED] - executeJavaScript("return document.getElementById('ContentPlaceHolder1_lnkTiempoMaxAtencion').click()", []): Execute JavaScript 'return document.getElementById('ContentPlaceHolder1_lnkTiempoMaxAtencion').click()' successfully

2024-01-15 09:21:31 - [MESSAGE][PASSED] - Execute JavaScript 'return document.getElementById('ContentPlaceHolder1_lnkTiempoMaxAtencion').click()' successfully

2024-01-15 09:21:31 - [TEST_STEP][PASSED] - delay(2): Delayed 2 second(s)

2024-01-15 09:21:33 - [MESSAGE][PASSED] - Delayed 2 second(s)

2024-01-15 09:21:33 - [TEST_STEP][PASSED] - executeJavaScript("return document.getElementById('ContentPlaceHolder1_TimeSpanControlMaxTiempo_txtMinuto').value=10", []): Execute JavaScript 'return document.getElementById('ContentPlaceHolder1_TimeSpanControlMaxTiempo_txtMinuto').value=10' successfully

2024-01-15 09:21:33 - [MESSAGE][PASSED] - Execute JavaScript 'return document.getElementById('ContentPlaceHolder1_TimeSpanControlMaxTiempo_txtMinuto').value=10' successfully

2024-01-15 09:21:33 - [TEST_STEP][PASSED] - delay(2): Delayed 2 second(s)

2024-01-15 09:21:35 - [MESSAGE][PASSED] - Delayed 2 second(s)

2024-01-15 09:21:35 - [TEST_STEP][PASSED] - click(findTestObject("WIZARD/1Modelo De Negocio/2ModalTiempoMaxAtencion/btn_Aceptar")): Object: 'Object Repository/WIZARD/1Modelo De Negocio/2ModalTiempoMaxAtencion/btn_Aceptar' is clicked on

2024-01-15 09:21:35 - [MESSAGE][PASSED] - Object: 'Object Repository/WIZARD/1Modelo De Negocio/2ModalTiempoMaxAtencion/btn_Aceptar' is clicked on

2024-01-15 09:21:35 - [TEST_STEP][PASSED] - delay(3): Delayed 3 second(s)

2024-01-15 09:21:38 - [MESSAGE][PASSED] - Delayed 3 second(s)

2024-01-15 09:21:38 - [TEST_STEP][PASSED] - executeJavaScript("return document.getElementById('ContentPlaceHolder1_lnkTiempoControaldoAtencion').click()", []): Execute JavaScript 'return document.getElementById('ContentPlaceHolder1_lnkTiempoControaldoAtencion').click()' successfully

2024-01-15 09:21:38 - [MESSAGE][PASSED] - Execute JavaScript 'return document.getElementById('ContentPlaceHolder1_lnkTiempoControaldoAtencion').click()' successfully

2024-01-15 09:21:38 - [TEST_STEP][PASSED] - delay(2): Delayed 2 second(s)

2024-01-15 09:21:40 - [MESSAGE][PASSED] - Delayed 2 second(s)

2024-01-15 09:21:40 - [TEST_STEP][PASSED] - executeJavaScript("return document.getElementById('ContentPlaceHolder1_TimeSpanControlTiempoControlado_txtMinuto').value=5", []): Execute JavaScript 'return document.getElementById('ContentPlaceHolder1_TimeSpanControlTiempoControlado_txtMinuto').value=5' successfully

2024-01-15 09:21:40 - [MESSAGE][PASSED] - Execute JavaScript 'return document.getElementById('ContentPlaceHolder1_TimeSpanControlTiempoControlado_txtMinuto').value=5' successfully

2024-01-15 09:21:40 - [TEST_STEP][PASSED] - delay(2): Delayed 2 second(s)

2024-01-15 09:21:42 - [MESSAGE][PASSED] - Delayed 2 second(s)

2024-01-15 09:21:42 - [TEST_STEP][PASSED] - click(findTestObject("WIZARD/1Modelo De Negocio/2Modal Tiempo Controlado de atencion/btn_Aceptar")): Object: 'Object Repository/WIZARD/1Modelo De Negocio/2Modal Tiempo Controlado de atencion/btn_Aceptar' is clicked on

2024-01-15 09:21:43 - [MESSAGE][PASSED] - Object: 'Object Repository/WIZARD/1Modelo De Negocio/2Modal Tiempo Controlado de atencion/btn_Aceptar' is clicked on

2024-01-15 09:21:43 - [TEST_STEP][PASSED] - delay(3): Delayed 3 second(s)

2024-01-15 09:21:46 - [MESSAGE][PASSED] - Delayed 3 second(s)

2024-01-15 09:21:46 - [TEST_STEP][PASSED] - click(findTestObject("WIZARD/1Modelo De Negocio/2Elementos/Edicion de Elementos/btn_Actualizar")): Object: 'Object Repository/WIZARD/1Modelo De Negocio/2Elementos/Edicion de Elementos/btn_Actualizar' is clicked on

2024-01-15 09:21:46 - [MESSAGE][PASSED] - Object: 'Object Repository/WIZARD/1Modelo De Negocio/2Elementos/Edicion de Elementos/btn_Actualizar' is clicked on

2024-01-15 09:21:46 - [TEST_STEP][PASSED] - delay(3): Delayed 3 second(s)

2024-01-15 09:21:49 - [MESSAGE][PASSED] - Delayed 3 second(s)

2024-01-15 09:21:49 - [TEST_STEP][PASSED] - click(findTestObject("WIZARD/1Modelo De Negocio/2Elementos/Nivel/SubServicio/td_SUB8")): Object: 'Object Repository/WIZARD/1Modelo De Negocio/2Elementos/Nivel/SubServicio/td_SUB8' is clicked on

2024-01-15 09:21:50 - [MESSAGE][PASSED] - Object: 'Object Repository/WIZARD/1Modelo De Negocio/2Elementos/Nivel/SubServicio/td_SUB8' is clicked on

2024-01-15 09:21:50 - [TEST_STEP][PASSED] - delay(3): Delayed 3 second(s)

2024-01-15 09:21:53 - [MESSAGE][PASSED] - Delayed 3 second(s)

2024-01-15 09:21:53 - [TEST_STEP][PASSED] - setText(findTestObject("WIZARD/1Modelo De Negocio/2Elementos/Edicion de Elementos/input_Nombre Elemento"), "Remisión"): Text 'Remisión' is set on object 'Object Repository/WIZARD/1Modelo De Negocio/2Elementos/Edicion de Elementos/input_Nombre Elemento'

2024-01-15 09:21:53 - [MESSAGE][PASSED] - Text 'Remisión' is set on object 'Object Repository/WIZARD/1Modelo De Negocio/2Elementos/Edicion de Elementos/input_Nombre Elemento'

2024-01-15 09:21:53 - [TEST_STEP][PASSED] - setText(findTestObject("WIZARD/1Modelo De Negocio/2Elementos/Edicion de Elementos/input_Descripcion Elemento"), "Remisión"): Text 'Remisión' is set on object 'Object Repository/WIZARD/1Modelo De Negocio/2Elementos/Edicion de Elementos/input_Descripcion Elemento'

2024-01-15 09:21:54 - [MESSAGE][PASSED] - Text 'Remisión' is set on object 'Object Repository/WIZARD/1Modelo De Negocio/2Elementos/Edicion de Elementos/input_Descripcion Elemento'

2024-01-15 09:21:54 - [TEST_STEP][PASSED] - executeJavaScript("return document.getElementById('ContentPlaceHolder1_lnkTiempoMaxAtencion').click()", []): Execute JavaScript 'return document.getElementById('ContentPlaceHolder1_lnkTiempoMaxAtencion').click()' successfully

2024-01-15 09:21:54 - [MESSAGE][PASSED] - Execute JavaScript 'return document.getElementById('ContentPlaceHolder1_lnkTiempoMaxAtencion').click()' successfully

2024-01-15 09:21:54 - [TEST_STEP][PASSED] - delay(2): Delayed 2 second(s)

2024-01-15 09:21:56 - [MESSAGE][PASSED] - Delayed 2 second(s)

2024-01-15 09:21:56 - [TEST_STEP][PASSED] - executeJavaScript("return document.getElementById('ContentPlaceHolder1_TimeSpanControlMaxTiempo_txtMinuto').value=10", []): Execute JavaScript 'return document.getElementById('ContentPlaceHolder1_TimeSpanControlMaxTiempo_txtMinuto').value=10' successfully

2024-01-15 09:21:56 - [MESSAGE][PASSED] - Execute JavaScript 'return document.getElementById('ContentPlaceHolder1_TimeSpanControlMaxTiempo_txtMinuto').value=10' successfully

2024-01-15 09:21:56 - [TEST_STEP][PASSED] - delay(2): Delayed 2 second(s)

2024-01-15 09:21:58 - [MESSAGE][PASSED] - Delayed 2 second(s)

2024-01-15 09:21:58 - [TEST_STEP][PASSED] - click(findTestObject("WIZARD/1Modelo De Negocio/2ModalTiempoMaxAtencion/btn_Aceptar")): Object: 'Object Repository/WIZARD/1Modelo De Negocio/2ModalTiempoMaxAtencion/btn_Aceptar' is clicked on

2024-01-15 09:21:59 - [MESSAGE][PASSED] - Object: 'Object Repository/WIZARD/1Modelo De Negocio/2ModalTiempoMaxAtencion/btn_Aceptar' is clicked on

2024-01-15 09:21:59 - [TEST_STEP][PASSED] - delay(3): Delayed 3 second(s)

2024-01-15 09:22:02 - [MESSAGE][PASSED] - Delayed 3 second(s)

2024-01-15 09:22:02 - [TEST_STEP][PASSED] - executeJavaScript("return document.getElementById('ContentPlaceHolder1_lnkTiempoControaldoAtencion').click()", []): Execute JavaScript 'return document.getElementById('ContentPlaceHolder1_lnkTiempoControaldoAtencion').click()' successfully

2024-01-15 09:22:02 - [MESSAGE][PASSED] - Execute JavaScript 'return document.getElementById('ContentPlaceHolder1_lnkTiempoControaldoAtencion').click()' successfully

2024-01-15 09:22:02 - [TEST_STEP][PASSED] - delay(2): Delayed 2 second(s)

2024-01-15 09:22:04 - [MESSAGE][PASSED] - Delayed 2 second(s)

2024-01-15 09:22:04 - [TEST_STEP][PASSED] - executeJavaScript("return document.getElementById('ContentPlaceHolder1_TimeSpanControlTiempoControlado_txtMinuto').value=5", []): Execute JavaScript 'return document.getElementById('ContentPlaceHolder1_TimeSpanControlTiempoControlado_txtMinuto').value=5' successfully

2024-01-15 09:22:04 - [MESSAGE][PASSED] - Execute JavaScript 'return document.getElementById('ContentPlaceHolder1_TimeSpanControlTiempoControlado_txtMinuto').value=5' successfully

2024-01-15 09:22:04 - [TEST_STEP][PASSED] - delay(2): Delayed 2 second(s)

2024-01-15 09:22:06 - [MESSAGE][PASSED] - Delayed 2 second(s)

2024-01-15 09:22:06 - [TEST_STEP][PASSED] - click(findTestObject("WIZARD/1Modelo De Negocio/2Modal Tiempo Controlado de atencion/btn_Aceptar")): Object: 'Object Repository/WIZARD/1Modelo De Negocio/2Modal Tiempo Controlado de atencion/btn_Aceptar' is clicked on

2024-01-15 09:22:06 - [MESSAGE][PASSED] - Object: 'Object Repository/WIZARD/1Modelo De Negocio/2Modal Tiempo Controlado de atencion/btn_Aceptar' is clicked on

2024-01-15 09:22:06 - [TEST_STEP][PASSED] - delay(3): Delayed 3 second(s)

2024-01-15 09:22:09 - [MESSAGE][PASSED] - Delayed 3 second(s)

2024-01-15 09:22:09 - [TEST_STEP][PASSED] - click(findTestObject("WIZARD/1Modelo De Negocio/2Elementos/Edicion de Elementos/btn_Actualizar")): Object: 'Object Repository/WIZARD/1Modelo De Negocio/2Elementos/Edicion de Elementos/btn_Actualizar' is clicked on

2024-01-15 09:22:10 - [MESSAGE][PASSED] - Object: 'Object Repository/WIZARD/1Modelo De Negocio/2Elementos/Edicion de Elementos/btn_Actualizar' is clicked on

2024-01-15 09:22:10 - [TEST_STEP][PASSED] - delay(3): Delayed 3 second(s)

2024-01-15 09:22:13 - [MESSAGE][PASSED] - Delayed 3 second(s)

2024-01-15 09:22:13 - [TEST_STEP][PASSED] - click(findTestObject("WIZARD/1Modelo De Negocio/2Elementos/Nivel/SubServicio/td_SUB9")): Object: 'Object Repository/WIZARD/1Modelo De Negocio/2Elementos/Nivel/SubServicio/td_SUB9' is clicked on

2024-01-15 09:22:13 - [MESSAGE][PASSED] - Object: 'Object Repository/WIZARD/1Modelo De Negocio/2Elementos/Nivel/SubServicio/td_SUB9' is clicked on

2024-01-15 09:22:13 - [TEST_STEP][PASSED] - delay(3): Delayed 3 second(s)

2024-01-15 09:22:16 - [MESSAGE][PASSED] - Delayed 3 second(s)

2024-01-15 09:22:16 - [TEST_STEP][PASSED] - setText(findTestObject("WIZARD/1Modelo De Negocio/2Elementos/Edicion de Elementos/input_Nombre Elemento"), "Petición"): Text 'Petición' is set on object 'Object Repository/WIZARD/1Modelo De Negocio/2Elementos/Edicion de Elementos/input_Nombre Elemento'

2024-01-15 09:22:17 - [MESSAGE][PASSED] - Text 'Petición' is set on object 'Object Repository/WIZARD/1Modelo De Negocio/2Elementos/Edicion de Elementos/input_Nombre Elemento'

2024-01-15 09:22:17 - [TEST_STEP][PASSED] - setText(findTestObject("WIZARD/1Modelo De Negocio/2Elementos/Edicion de Elementos/input_Descripcion Elemento"), "Petición"): Text 'Petición' is set on object 'Object Repository/WIZARD/1Modelo De Negocio/2Elementos/Edicion de Elementos/input_Descripcion Elemento'

2024-01-15 09:22:18 - [MESSAGE][PASSED] - Text 'Petición' is set on object 'Object Repository/WIZARD/1Modelo De Negocio/2Elementos/Edicion de Elementos/input_Descripcion Elemento'

2024-01-15 09:22:18 - [TEST_STEP][PASSED] - executeJavaScript("return document.getElementById('ContentPlaceHolder1_lnkTiempoMaxAtencion').click()", []): Execute JavaScript 'return document.getElementById('ContentPlaceHolder1_lnkTiempoMaxAtencion').click()' successfully

2024-01-15 09:22:18 - [MESSAGE][PASSED] - Execute JavaScript 'return document.getElementById('ContentPlaceHolder1_lnkTiempoMaxAtencion').click()' successfully

2024-01-15 09:22:18 - [TEST_STEP][PASSED] - delay(2): Delayed 2 second(s)

2024-01-15 09:22:20 - [MESSAGE][PASSED] - Delayed 2 second(s)

2024-01-15 09:22:20 - [TEST_STEP][PASSED] - executeJavaScript("return document.getElementById('ContentPlaceHolder1_TimeSpanControlMaxTiempo_txtMinuto').value=10", []): Execute JavaScript 'return document.getElementById('ContentPlaceHolder1_TimeSpanControlMaxTiempo_txtMinuto').value=10' successfully

2024-01-15 09:22:20 - [MESSAGE][PASSED] - Execute JavaScript 'return document.getElementById('ContentPlaceHolder1_TimeSpanControlMaxTiempo_txtMinuto').value=10' successfully

2024-01-15 09:22:20 - [TEST_STEP][PASSED] - delay(2): Delayed 2 second(s)

2024-01-15 09:22:22 - [MESSAGE][PASSED] - Delayed 2 second(s)

2024-01-15 09:22:22 - [TEST_STEP][PASSED] - click(findTestObject("WIZARD/1Modelo De Negocio/2ModalTiempoMaxAtencion/btn_Aceptar")): Object: 'Object Repository/WIZARD/1Modelo De Negocio/2ModalTiempoMaxAtencion/btn_Aceptar' is clicked on

2024-01-15 09:22:22 - [MESSAGE][PASSED] - Object: 'Object Repository/WIZARD/1Modelo De Negocio/2ModalTiempoMaxAtencion/btn_Aceptar' is clicked on

2024-01-15 09:22:22 - [TEST_STEP][PASSED] - delay(3): Delayed 3 second(s)

2024-01-15 09:22:25 - [MESSAGE][PASSED] - Delayed 3 second(s)

2024-01-15 09:22:25 - [TEST_STEP][PASSED] - executeJavaScript("return document.getElementById('ContentPlaceHolder1_lnkTiempoControaldoAtencion').click()", []): Execute JavaScript 'return document.getElementById('ContentPlaceHolder1_lnkTiempoControaldoAtencion').click()' successfully

2024-01-15 09:22:25 - [MESSAGE][PASSED] - Execute JavaScript 'return document.getElementById('ContentPlaceHolder1_lnkTiempoControaldoAtencion').click()' successfully

2024-01-15 09:22:25 - [TEST_STEP][PASSED] - delay(2): Delayed 2 second(s)

2024-01-15 09:22:27 - [MESSAGE][PASSED] - Delayed 2 second(s)

2024-01-15 09:22:27 - [TEST_STEP][PASSED] - executeJavaScript("return document.getElementById('ContentPlaceHolder1_TimeSpanControlTiempoControlado_txtMinuto').value=5", []): Execute JavaScript 'return document.getElementById('ContentPlaceHolder1_TimeSpanControlTiempoControlado_txtMinuto').value=5' successfully

2024-01-15 09:22:27 - [MESSAGE][PASSED] - Execute JavaScript 'return document.getElementById('ContentPlaceHolder1_TimeSpanControlTiempoControlado_txtMinuto').value=5' successfully

2024-01-15 09:22:27 - [TEST_STEP][PASSED] - delay(2): Delayed 2 second(s)

2024-01-15 09:22:29 - [MESSAGE][PASSED] - Delayed 2 second(s)

2024-01-15 09:22:29 - [TEST_STEP][PASSED] - click(findTestObject("WIZARD/1Modelo De Negocio/2Modal Tiempo Controlado de atencion/btn_Aceptar")): Object: 'Object Repository/WIZARD/1Modelo De Negocio/2Modal Tiempo Controlado de atencion/btn_Aceptar' is clicked on

2024-01-15 09:22:30 - [MESSAGE][PASSED] - Object: 'Object Repository/WIZARD/1Modelo De Negocio/2Modal Tiempo Controlado de atencion/btn_Aceptar' is clicked on

2024-01-15 09:22:30 - [TEST_STEP][PASSED] - delay(3): Delayed 3 second(s)

2024-01-15 09:22:33 - [MESSAGE][PASSED] - Delayed 3 second(s)

2024-01-15 09:22:33 - [TEST_STEP][PASSED] - click(findTestObject("WIZARD/1Modelo De Negocio/2Elementos/Edicion de Elementos/btn_Actualizar")): Object: 'Object Repository/WIZARD/1Modelo De Negocio/2Elementos/Edicion de Elementos/btn_Actualizar' is clicked on

2024-01-15 09:22:33 - [MESSAGE][PASSED] - Object: 'Object Repository/WIZARD/1Modelo De Negocio/2Elementos/Edicion de Elementos/btn_Actualizar' is clicked on

2024-01-15 09:22:33 - [TEST_STEP][PASSED] - delay(3): Delayed 3 second(s)

2024-01-15 09:22:36 - [MESSAGE][PASSED] - Delayed 3 second(s)

2024-01-15 09:22:36 - [TEST_STEP][PASSED] - scrollToElement(findTestObject("WIZARD/1Modelo De Negocio/2Elementos/Nivel/SubServicio/td_SUB10"), 2): Scroll to object 'Object Repository/WIZARD/1Modelo De Negocio/2Elementos/Nivel/SubServicio/td_SUB10' successfully

2024-01-15 09:22:37 - [MESSAGE][PASSED] - Scroll to object 'Object Repository/WIZARD/1Modelo De Negocio/2Elementos/Nivel/SubServicio/td_SUB10' successfully

2024-01-15 09:22:37 - [TEST_STEP][PASSED] - click(findTestObject("WIZARD/1Modelo De Negocio/2Elementos/Nivel/SubServicio/td_SUB10")): Object: 'Object Repository/WIZARD/1Modelo De Negocio/2Elementos/Nivel/SubServicio/td_SUB10' is clicked on

2024-01-15 09:22:37 - [MESSAGE][PASSED] - Object: 'Object Repository/WIZARD/1Modelo De Negocio/2Elementos/Nivel/SubServicio/td_SUB10' is clicked on

2024-01-15 09:22:37 - [TEST_STEP][PASSED] - delay(3): Delayed 3 second(s)

2024-01-15 09:22:40 - [MESSAGE][PASSED] - Delayed 3 second(s)

2024-01-15 09:22:40 - [TEST_STEP][PASSED] - setText(findTestObject("WIZARD/1Modelo De Negocio/2Elementos/Edicion de Elementos/input_Nombre Elemento"), "Queja"): Text 'Queja' is set on object 'Object Repository/WIZARD/1Modelo De Negocio/2Elementos/Edicion de Elementos/input_Nombre Elemento'

2024-01-15 09:22:41 - [MESSAGE][PASSED] - Text 'Queja' is set on object 'Object Repository/WIZARD/1Modelo De Negocio/2Elementos/Edicion de Elementos/input_Nombre Elemento'

2024-01-15 09:22:41 - [TEST_STEP][PASSED] - setText(findTestObject("WIZARD/1Modelo De Negocio/2Elementos/Edicion de Elementos/input_Descripcion Elemento"), "Queja"): Text 'Queja' is set on object 'Object Repository/WIZARD/1Modelo De Negocio/2Elementos/Edicion de Elementos/input_Descripcion Elemento'

2024-01-15 09:22:42 - [MESSAGE][PASSED] - Text 'Queja' is set on object 'Object Repository/WIZARD/1Modelo De Negocio/2Elementos/Edicion de Elementos/input_Descripcion Elemento'

2024-01-15 09:22:42 - [TEST_STEP][PASSED] - executeJavaScript("return document.getElementById('ContentPlaceHolder1_lnkTiempoMaxAtencion').click()", []): Execute JavaScript 'return document.getElementById('ContentPlaceHolder1_lnkTiempoMaxAtencion').click()' successfully

2024-01-15 09:22:42 - [MESSAGE][PASSED] - Execute JavaScript 'return document.getElementById('ContentPlaceHolder1_lnkTiempoMaxAtencion').click()' successfully

2024-01-15 09:22:42 - [TEST_STEP][PASSED] - delay(2): Delayed 2 second(s)

2024-01-15 09:22:44 - [MESSAGE][PASSED] - Delayed 2 second(s)

2024-01-15 09:22:44 - [TEST_STEP][PASSED] - executeJavaScript("return document.getElementById('ContentPlaceHolder1_TimeSpanControlMaxTiempo_txtMinuto').value=10", []): Execute JavaScript 'return document.getElementById('ContentPlaceHolder1_TimeSpanControlMaxTiempo_txtMinuto').value=10' successfully

2024-01-15 09:22:44 - [MESSAGE][PASSED] - Execute JavaScript 'return document.getElementById('ContentPlaceHolder1_TimeSpanControlMaxTiempo_txtMinuto').value=10' successfully

2024-01-15 09:22:44 - [TEST_STEP][PASSED] - delay(2): Delayed 2 second(s)

2024-01-15 09:22:46 - [MESSAGE][PASSED] - Delayed 2 second(s)

2024-01-15 09:22:46 - [TEST_STEP][PASSED] - click(findTestObject("WIZARD/1Modelo De Negocio/2ModalTiempoMaxAtencion/btn_Aceptar")): Object: 'Object Repository/WIZARD/1Modelo De Negocio/2ModalTiempoMaxAtencion/btn_Aceptar' is clicked on

2024-01-15 09:22:46 - [MESSAGE][PASSED] - Object: 'Object Repository/WIZARD/1Modelo De Negocio/2ModalTiempoMaxAtencion/btn_Aceptar' is clicked on

2024-01-15 09:22:46 - [TEST_STEP][PASSED] - delay(3): Delayed 3 second(s)

2024-01-15 09:22:49 - [MESSAGE][PASSED] - Delayed 3 second(s)

2024-01-15 09:22:49 - [TEST_STEP][PASSED] - executeJavaScript("return document.getElementById('ContentPlaceHolder1_lnkTiempoControaldoAtencion').click()", []): Execute JavaScript 'return document.getElementById('ContentPlaceHolder1_lnkTiempoControaldoAtencion').click()' successfully

2024-01-15 09:22:49 - [MESSAGE][PASSED] - Execute JavaScript 'return document.getElementById('ContentPlaceHolder1_lnkTiempoControaldoAtencion').click()' successfully

2024-01-15 09:22:49 - [TEST_STEP][PASSED] - delay(2): Delayed 2 second(s)

2024-01-15 09:22:51 - [MESSAGE][PASSED] - Delayed 2 second(s)

2024-01-15 09:22:51 - [TEST_STEP][PASSED] - executeJavaScript("return document.getElementById('ContentPlaceHolder1_TimeSpanControlTiempoControlado_txtMinuto').value=5", []): Execute JavaScript 'return document.getElementById('ContentPlaceHolder1_TimeSpanControlTiempoControlado_txtMinuto').value=5' successfully

2024-01-15 09:22:51 - [MESSAGE][PASSED] - Execute JavaScript 'return document.getElementById('ContentPlaceHolder1_TimeSpanControlTiempoControlado_txtMinuto').value=5' successfully

2024-01-15 09:22:51 - [TEST_STEP][PASSED] - delay(2): Delayed 2 second(s)

2024-01-15 09:22:53 - [MESSAGE][PASSED] - Delayed 2 second(s)

2024-01-15 09:22:53 - [TEST_STEP][PASSED] - click(findTestObject("WIZARD/1Modelo De Negocio/2Modal Tiempo Controlado de atencion/btn_Aceptar")): Object: 'Object Repository/WIZARD/1Modelo De Negocio/2Modal Tiempo Controlado de atencion/btn_Aceptar' is clicked on

2024-01-15 09:22:54 - [MESSAGE][PASSED] - Object: 'Object Repository/WIZARD/1Modelo De Negocio/2Modal Tiempo Controlado de atencion/btn_Aceptar' is clicked on

2024-01-15 09:22:54 - [TEST_STEP][PASSED] - delay(3): Delayed 3 second(s)

2024-01-15 09:22:57 - [MESSAGE][PASSED] - Delayed 3 second(s)

2024-01-15 09:22:57 - [TEST_STEP][PASSED] - click(findTestObject("WIZARD/1Modelo De Negocio/2Elementos/Edicion de Elementos/btn_Actualizar")): Object: 'Object Repository/WIZARD/1Modelo De Negocio/2Elementos/Edicion de Elementos/btn_Actualizar' is clicked on

2024-01-15 09:22:57 - [MESSAGE][PASSED] - Object: 'Object Repository/WIZARD/1Modelo De Negocio/2Elementos/Edicion de Elementos/btn_Actualizar' is clicked on

2024-01-15 09:22:57 - [TEST_STEP][PASSED] - delay(3): Delayed 3 second(s)

2024-01-15 09:23:00 - [MESSAGE][PASSED] - Delayed 3 second(s)

2024-01-15 09:23:00 - [TEST_STEP][PASSED] - click(findTestObject("WIZARD/1Modelo De Negocio/2Elementos/Nivel/SubServicio/td_SUB11")): Object: 'Object Repository/WIZARD/1Modelo De Negocio/2Elementos/Nivel/SubServicio/td_SUB11' is clicked on

2024-01-15 09:23:00 - [MESSAGE][PASSED] - Object: 'Object Repository/WIZARD/1Modelo De Negocio/2Elementos/Nivel/SubServicio/td_SUB11' is clicked on

2024-01-15 09:23:00 - [TEST_STEP][PASSED] - delay(3): Delayed 3 second(s)

2024-01-15 09:23:03 - [MESSAGE][PASSED] - Delayed 3 second(s)

2024-01-15 09:23:03 - [TEST_STEP][PASSED] - setText(findTestObject("WIZARD/1Modelo De Negocio/2Elementos/Edicion de Elementos/input_Nombre Elemento"), "Reclamo"): Text 'Reclamo' is set on object 'Object Repository/WIZARD/1Modelo De Negocio/2Elementos/Edicion de Elementos/input_Nombre Elemento'

2024-01-15 09:23:04 - [MESSAGE][PASSED] - Text 'Reclamo' is set on object 'Object Repository/WIZARD/1Modelo De Negocio/2Elementos/Edicion de Elementos/input_Nombre Elemento'

2024-01-15 09:23:04 - [TEST_STEP][PASSED] - setText(findTestObject("WIZARD/1Modelo De Negocio/2Elementos/Edicion de Elementos/input_Descripcion Elemento"), "Reclamo"): Text 'Reclamo' is set on object 'Object Repository/WIZARD/1Modelo De Negocio/2Elementos/Edicion de Elementos/input_Descripcion Elemento'

2024-01-15 09:23:05 - [MESSAGE][PASSED] - Text 'Reclamo' is set on object 'Object Repository/WIZARD/1Modelo De Negocio/2Elementos/Edicion de Elementos/input_Descripcion Elemento'

2024-01-15 09:23:05 - [TEST_STEP][PASSED] - executeJavaScript("return document.getElementById('ContentPlaceHolder1_lnkTiempoMaxAtencion').click()", []): Execute JavaScript 'return document.getElementById('ContentPlaceHolder1_lnkTiempoMaxAtencion').click()' successfully

2024-01-15 09:23:05 - [MESSAGE][PASSED] - Execute JavaScript 'return document.getElementById('ContentPlaceHolder1_lnkTiempoMaxAtencion').click()' successfully

2024-01-15 09:23:05 - [TEST_STEP][PASSED] - delay(2): Delayed 2 second(s)

2024-01-15 09:23:07 - [MESSAGE][PASSED] - Delayed 2 second(s)

2024-01-15 09:23:07 - [TEST_STEP][PASSED] - executeJavaScript("return document.getElementById('ContentPlaceHolder1_TimeSpanControlMaxTiempo_txtMinuto').value=10", []): Execute JavaScript 'return document.getElementById('ContentPlaceHolder1_TimeSpanControlMaxTiempo_txtMinuto').value=10' successfully

2024-01-15 09:23:07 - [MESSAGE][PASSED] - Execute JavaScript 'return document.getElementById('ContentPlaceHolder1_TimeSpanControlMaxTiempo_txtMinuto').value=10' successfully

2024-01-15 09:23:07 - [TEST_STEP][PASSED] - delay(2): Delayed 2 second(s)

2024-01-15 09:23:09 - [MESSAGE][PASSED] - Delayed 2 second(s)

2024-01-15 09:23:09 - [TEST_STEP][PASSED] - click(findTestObject("WIZARD/1Modelo De Negocio/2ModalTiempoMaxAtencion/btn_Aceptar")): Object: 'Object Repository/WIZARD/1Modelo De Negocio/2ModalTiempoMaxAtencion/btn_Aceptar' is clicked on

2024-01-15 09:23:09 - [MESSAGE][PASSED] - Object: 'Object Repository/WIZARD/1Modelo De Negocio/2ModalTiempoMaxAtencion/btn_Aceptar' is clicked on

2024-01-15 09:23:09 - [TEST_STEP][PASSED] - delay(3): Delayed 3 second(s)

2024-01-15 09:23:12 - [MESSAGE][PASSED] - Delayed 3 second(s)

2024-01-15 09:23:12 - [TEST_STEP][PASSED] - executeJavaScript("return document.getElementById('ContentPlaceHolder1_lnkTiempoControaldoAtencion').click()", []): Execute JavaScript 'return document.getElementById('ContentPlaceHolder1_lnkTiempoControaldoAtencion').click()' successfully

2024-01-15 09:23:12 - [MESSAGE][PASSED] - Execute JavaScript 'return document.getElementById('ContentPlaceHolder1_lnkTiempoControaldoAtencion').click()' successfully

2024-01-15 09:23:12 - [TEST_STEP][PASSED] - delay(2): Delayed 2 second(s)

2024-01-15 09:23:14 - [MESSAGE][PASSED] - Delayed 2 second(s)

2024-01-15 09:23:14 - [TEST_STEP][PASSED] - executeJavaScript("return document.getElementById('ContentPlaceHolder1_TimeSpanControlTiempoControlado_txtMinuto').value=5", []): Execute JavaScript 'return document.getElementById('ContentPlaceHolder1_TimeSpanControlTiempoControlado_txtMinuto').value=5' successfully

2024-01-15 09:23:14 - [MESSAGE][PASSED] - Execute JavaScript 'return document.getElementById('ContentPlaceHolder1_TimeSpanControlTiempoControlado_txtMinuto').value=5' successfully

2024-01-15 09:23:14 - [TEST_STEP][PASSED] - delay(2): Delayed 2 second(s)

2024-01-15 09:23:16 - [MESSAGE][PASSED] - Delayed 2 second(s)

2024-01-15 09:23:16 - [TEST_STEP][PASSED] - click(findTestObject("WIZARD/1Modelo De Negocio/2Modal Tiempo Controlado de atencion/btn_Aceptar")): Object: 'Object Repository/WIZARD/1Modelo De Negocio/2Modal Tiempo Controlado de atencion/btn_Aceptar' is clicked on

2024-01-15 09:23:17 - [MESSAGE][PASSED] - Object: 'Object Repository/WIZARD/1Modelo De Negocio/2Modal Tiempo Controlado de atencion/btn_Aceptar' is clicked on

2024-01-15 09:23:17 - [TEST_STEP][PASSED] - delay(3): Delayed 3 second(s)

2024-01-15 09:23:20 - [MESSAGE][PASSED] - Delayed 3 second(s)

2024-01-15 09:23:20 - [TEST_STEP][PASSED] - click(findTestObject("WIZARD/1Modelo De Negocio/2Elementos/Edicion de Elementos/btn_Actualizar")): Object: 'Object Repository/WIZARD/1Modelo De Negocio/2Elementos/Edicion de Elementos/btn_Actualizar' is clicked on

2024-01-15 09:23:20 - [MESSAGE][PASSED] - Object: 'Object Repository/WIZARD/1Modelo De Negocio/2Elementos/Edicion de Elementos/btn_Actualizar' is clicked on

2024-01-15 09:23:20 - [TEST_STEP][PASSED] - delay(3): Delayed 3 second(s)

2024-01-15 09:23:23 - [MESSAGE][PASSED] - Delayed 3 second(s)

2024-01-15 09:23:23 - [TEST_STEP][PASSED] - click(findTestObject("WIZARD/1Modelo De Negocio/2Elementos/Nivel/SubServicio/td_SUB12")): Object: 'Object Repository/WIZARD/1Modelo De Negocio/2Elementos/Nivel/SubServicio/td_SUB12' is clicked on

2024-01-15 09:23:24 - [MESSAGE][PASSED] - Object: 'Object Repository/WIZARD/1Modelo De Negocio/2Elementos/Nivel/SubServicio/td_SUB12' is clicked on

2024-01-15 09:23:24 - [TEST_STEP][PASSED] - delay(3): Delayed 3 second(s)

2024-01-15 09:23:27 - [MESSAGE][PASSED] - Delayed 3 second(s)

2024-01-15 09:23:27 - [TEST_STEP][PASSED] - setText(findTestObject("WIZARD/1Modelo De Negocio/2Elementos/Edicion de Elementos/input_Nombre Elemento"), "Solicitud"): Text 'Solicitud' is set on object 'Object Repository/WIZARD/1Modelo De Negocio/2Elementos/Edicion de Elementos/input_Nombre Elemento'

2024-01-15 09:23:27 - [MESSAGE][PASSED] - Text 'Solicitud' is set on object 'Object Repository/WIZARD/1Modelo De Negocio/2Elementos/Edicion de Elementos/input_Nombre Elemento'

2024-01-15 09:23:27 - [TEST_STEP][PASSED] - setText(findTestObject("WIZARD/1Modelo De Negocio/2Elementos/Edicion de Elementos/input_Descripcion Elemento"), "Solicitud"): Text 'Solicitud' is set on object 'Object Repository/WIZARD/1Modelo De Negocio/2Elementos/Edicion de Elementos/input_Descripcion Elemento'

2024-01-15 09:23:28 - [MESSAGE][PASSED] - Text 'Solicitud' is set on object 'Object Repository/WIZARD/1Modelo De Negocio/2Elementos/Edicion de Elementos/input_Descripcion Elemento'

2024-01-15 09:23:28 - [TEST_STEP][PASSED] - executeJavaScript("return document.getElementById('ContentPlaceHolder1_lnkTiempoMaxAtencion').click()", []): Execute JavaScript 'return document.getElementById('ContentPlaceHolder1_lnkTiempoMaxAtencion').click()' successfully

2024-01-15 09:23:28 - [MESSAGE][PASSED] - Execute JavaScript 'return document.getElementById('ContentPlaceHolder1_lnkTiempoMaxAtencion').click()' successfully

2024-01-15 09:23:28 - [TEST_STEP][PASSED] - delay(2): Delayed 2 second(s)

2024-01-15 09:23:30 - [MESSAGE][PASSED] - Delayed 2 second(s)

2024-01-15 09:23:30 - [TEST_STEP][PASSED] - executeJavaScript("return document.getElementById('ContentPlaceHolder1_TimeSpanControlMaxTiempo_txtMinuto').value=10", []): Execute JavaScript 'return document.getElementById('ContentPlaceHolder1_TimeSpanControlMaxTiempo_txtMinuto').value=10' successfully

2024-01-15 09:23:30 - [MESSAGE][PASSED] - Execute JavaScript 'return document.getElementById('ContentPlaceHolder1_TimeSpanControlMaxTiempo_txtMinuto').value=10' successfully

2024-01-15 09:23:30 - [TEST_STEP][PASSED] - delay(2): Delayed 2 second(s)

2024-01-15 09:23:32 - [MESSAGE][PASSED] - Delayed 2 second(s)

2024-01-15 09:23:32 - [TEST_STEP][PASSED] - click(findTestObject("WIZARD/1Modelo De Negocio/2ModalTiempoMaxAtencion/btn_Aceptar")): Object: 'Object Repository/WIZARD/1Modelo De Negocio/2ModalTiempoMaxAtencion/btn_Aceptar' is clicked on

2024-01-15 09:23:33 - [MESSAGE][PASSED] - Object: 'Object Repository/WIZARD/1Modelo De Negocio/2ModalTiempoMaxAtencion/btn_Aceptar' is clicked on

2024-01-15 09:23:33 - [TEST_STEP][PASSED] - delay(3): Delayed 3 second(s)

2024-01-15 09:23:36 - [MESSAGE][PASSED] - Delayed 3 second(s)

2024-01-15 09:23:36 - [TEST_STEP][PASSED] - executeJavaScript("return document.getElementById('ContentPlaceHolder1_lnkTiempoControaldoAtencion').click()", []): Execute JavaScript 'return document.getElementById('ContentPlaceHolder1_lnkTiempoControaldoAtencion').click()' successfully

2024-01-15 09:23:36 - [MESSAGE][PASSED] - Execute JavaScript 'return document.getElementById('ContentPlaceHolder1_lnkTiempoControaldoAtencion').click()' successfully

2024-01-15 09:23:36 - [TEST_STEP][PASSED] - delay(2): Delayed 2 second(s)

2024-01-15 09:23:38 - [MESSAGE][PASSED] - Delayed 2 second(s)

2024-01-15 09:23:38 - [TEST_STEP][PASSED] - executeJavaScript("return document.getElementById('ContentPlaceHolder1_TimeSpanControlTiempoControlado_txtMinuto').value=5", []): Execute JavaScript 'return document.getElementById('ContentPlaceHolder1_TimeSpanControlTiempoControlado_txtMinuto').value=5' successfully

2024-01-15 09:23:38 - [MESSAGE][PASSED] - Execute JavaScript 'return document.getElementById('ContentPlaceHolder1_TimeSpanControlTiempoControlado_txtMinuto').value=5' successfully

2024-01-15 09:23:38 - [TEST_STEP][PASSED] - delay(2): Delayed 2 second(s)

2024-01-15 09:23:40 - [MESSAGE][PASSED] - Delayed 2 second(s)

2024-01-15 09:23:40 - [TEST_STEP][PASSED] - click(findTestObject("WIZARD/1Modelo De Negocio/2Modal Tiempo Controlado de atencion/btn_Aceptar")): Object: 'Object Repository/WIZARD/1Modelo De Negocio/2Modal Tiempo Controlado de atencion/btn_Aceptar' is clicked on

2024-01-15 09:23:40 - [MESSAGE][PASSED] - Object: 'Object Repository/WIZARD/1Modelo De Negocio/2Modal Tiempo Controlado de atencion/btn_Aceptar' is clicked on

2024-01-15 09:23:40 - [TEST_STEP][PASSED] - delay(3): Delayed 3 second(s)

2024-01-15 09:23:43 - [MESSAGE][PASSED] - Delayed 3 second(s)

2024-01-15 09:23:43 - [TEST_STEP][PASSED] - click(findTestObject("WIZARD/1Modelo De Negocio/2Elementos/Edicion de Elementos/btn_Actualizar")): Object: 'Object Repository/WIZARD/1Modelo De Negocio/2Elementos/Edicion de Elementos/btn_Actualizar' is clicked on

2024-01-15 09:23:44 - [MESSAGE][PASSED] - Object: 'Object Repository/WIZARD/1Modelo De Negocio/2Elementos/Edicion de Elementos/btn_Actualizar' is clicked on

2024-01-15 09:23:44 - [TEST_STEP][PASSED] - delay(3): Delayed 3 second(s)

2024-01-15 09:23:47 - [MESSAGE][PASSED] - Delayed 3 second(s)

2024-01-15 09:23:47 - [TEST_STEP][PASSED] - takeFullPageScreenshot(): Taking screenshot successfully

2024-01-15 09:23:47 - [MESSAGE][INFO] - 0 hidden object(s)

2024-01-15 09:23:47 - [MESSAGE][PASSED] - Taking screenshot successfully
[[ATTACHMENT|C:\\CIEL INGENIERIA\\Katalon\\Digiturno55\\Reports\\20240115_091123\\WIZARD\\1Modelo De Negocio\\2.4 Creacion Elementos SubServicios\\20240115_091135\\1705328627057.png]]

2024-01-15 09:23:47 - [TEST_STEP][PASSED] - delay(3): Delayed 3 second(s)

2024-01-15 09:23:51 - [MESSAGE][PASSED] - Delayed 3 second(s)

2024-01-15 09:23:51 - [TEST_STEP][PASSED] - Start listener action : sampleAfterTestCase: null]]></system-out>
         <system-err><![CDATA[]]></system-err>
      </testcase>
      <system-out><![CDATA[2024-01-15 09:18:41 - [TEST_SUITE][PASSED] - 2.4 Creacion Elementos SubServicios: Test Cases/WIZARD/1Modelo De Negocio/2.4 Creacion Elementos SubServicios]]></system-out>
      <system-err><![CDATA[]]></system-err>
   </testsuite>
</testsuites>
