<?xml version="1.0" encoding="UTF-8"?>
<testsuites name="23 Oficinas Crear Actualizar Eliminar" time="160.258" tests="3" failures="0" errors="0">
   <testsuite name="23 Oficinas Crear Actualizar Eliminar" tests="3" failures="0" errors="0" time="160.258" skipped="0" timestamp="2023-08-14 14:24:29" hostname="jdavila - PCPruebas101.ciel.cielingenieria.com" id="Test Suites/DIGITURNO/BASICO/23 Oficinas Crear Actualizar Eliminar">
      <properties>
         <property name="deviceName" value=""/>
         <property name="devicePlatform" value=""/>
         <property name="logFolder" value="C:\\CIEL INGENIERIA\\Katalon\\Digiturno55\\Reports\\20230814_141235\\DIGITURNO\\BASICO\\23 Oficinas Crear Actualizar Eliminar\\20230814_141252"/>
         <property name="logFiles" value="C:\\CIEL INGENIERIA\\Katalon\\Digiturno55\\Reports\\20230814_141235\\DIGITURNO\\BASICO\\23 Oficinas Crear Actualizar Eliminar\\20230814_141252\\execution0.log"/>
         <property name="attachments" value="C:\\CIEL INGENIERIA\\Katalon\\Digiturno55\\Reports\\20230814_141235\\DIGITURNO\\BASICO\\23 Oficinas Crear Actualizar Eliminar\\20230814_141252\\1692041089387.png, C:\\CIEL INGENIERIA\\Katalon\\Digiturno55\\Reports\\20230814_141235\\DIGITURNO\\BASICO\\23 Oficinas Crear Actualizar Eliminar\\20230814_141252\\1692041145121.png, C:\\CIEL INGENIERIA\\Katalon\\Digiturno55\\Reports\\20230814_141235\\DIGITURNO\\BASICO\\23 Oficinas Crear Actualizar Eliminar\\20230814_141252\\1692041167422.png, C:\\CIEL INGENIERIA\\Katalon\\Digiturno55\\Reports\\20230814_141235\\DIGITURNO\\BASICO\\23 Oficinas Crear Actualizar Eliminar\\20230814_141252\\1692041187056.png, C:\\CIEL INGENIERIA\\Katalon\\Digiturno55\\Reports\\20230814_141235\\DIGITURNO\\BASICO\\23 Oficinas Crear Actualizar Eliminar\\20230814_141252\\1692041209229.png, C:\\CIEL INGENIERIA\\Katalon\\Digiturno55\\Reports\\20230814_141235\\DIGITURNO\\BASICO\\23 Oficinas Crear Actualizar Eliminar\\20230814_141252\\1692041226088.png"/>
         <property name="hostName" value="jdavila - PCPruebas101.ciel.cielingenieria.com"/>
         <property name="os" value="Windows 10 64bit"/>
         <property name="katalonVersion" value="8.6.0.208"/>
         <property name="browser" value="Chrome 115.0.0.0"/>
         <property name="hostAddress" value="192.168.0.33"/>
         <property name="sessionId" value="dbdcd6c7e1d6b8fa60b465d3027d0ae7"/>
         <property name="seleniumVersion" value="3.141.59"/>
         <property name="proxyInformation" value="ProxyInformation { proxyOption=NO_PROXY, proxyServerType=HTTP, username=, password=********, proxyServerAddress=, proxyServerPort=0, executionList=&quot;&quot;, isApplyToDesiredCapabilities=true }"/>
         <property name="platform" value="Windows 10"/>
      </properties>
      <testcase name="Test Cases/DIGITURNO/BASICO/23 Oficinas Crear" time="79.241" classname="Test Cases/DIGITURNO/BASICO/23 Oficinas Crear" status="PASSED">
         <system-out><![CDATA[2023-08-14 14:24:30 - [TEST_CASE][PASSED] - Test Cases/DIGITURNO/BASICO/23 Oficinas Crear: Test Cases/DIGITURNO/BASICO/23 Oficinas Crear

2023-08-14 14:24:30 - [TEST_STEP][PASSED] - callTestCase(findTestCase("DIGITURNO/BASICO/21 Distribucion Geografica"), [:], STOP_ON_FAILURE): Call Test Case 'Test Cases/DIGITURNO/BASICO/21 Distribucion Geografica' successfully

2023-08-14 14:24:30 - [TEST_CASE][PASSED] - Test Cases/DIGITURNO/BASICO/21 Distribucion Geografica: Test Cases/DIGITURNO/BASICO/21 Distribucion Geografica

2023-08-14 14:24:30 - [TEST_STEP][PASSED] - callTestCase(findTestCase("0InicioSesion"), [:], STOP_ON_FAILURE): Call Test Case 'Test Cases/0InicioSesion' successfully

2023-08-14 14:24:30 - [TEST_CASE][PASSED] - Test Cases/0InicioSesion: Test Cases/0InicioSesion

2023-08-14 14:24:31 - [TEST_STEP][PASSED] - openBrowser(UrlDigiturno): Browser is opened with url: 'https://PCPruebas101.ciel.cielingenieria.com:8610'

2023-08-14 14:24:31 - [MESSAGE][INFO] - Starting 'Chrome' driver

2023-08-14 14:24:31 - [MESSAGE][INFO] - User set preference: ['args', '[--use-fake-ui-for-media-stream, --disable-notifications]']

2023-08-14 14:24:31 - [MESSAGE][INFO] - Action delay is set to 0 milliseconds

2023-08-14 14:24:33 - [MESSAGE][PASSED] - Browser is opened with url: 'https://PCPruebas101.ciel.cielingenieria.com:8610'

2023-08-14 14:24:33 - [TEST_STEP][PASSED] - maximizeWindow(): Current window maximized

2023-08-14 14:24:34 - [MESSAGE][PASSED] - Current window maximized

2023-08-14 14:24:34 - [TEST_STEP][PASSED] - delay(3): Delayed 3 second(s)

2023-08-14 14:24:37 - [MESSAGE][PASSED] - Delayed 3 second(s)

2023-08-14 14:24:37 - [TEST_STEP][PASSED] - setText(findTestObject("0Inicio Sesion/input_Usuario"), "Ciel"): Text 'Ciel' is set on object 'Object Repository/0Inicio Sesion/input_Usuario'

2023-08-14 14:24:37 - [MESSAGE][PASSED] - Text 'Ciel' is set on object 'Object Repository/0Inicio Sesion/input_Usuario'

2023-08-14 14:24:37 - [TEST_STEP][PASSED] - setText(findTestObject("0Inicio Sesion/input_Clave"), "digiturno"): Text 'digiturno' is set on object 'Object Repository/0Inicio Sesion/input_Clave'

2023-08-14 14:24:38 - [MESSAGE][PASSED] - Text 'digiturno' is set on object 'Object Repository/0Inicio Sesion/input_Clave'

2023-08-14 14:24:38 - [TEST_STEP][PASSED] - click(findTestObject("0Inicio Sesion/btn_IniciarSesion")): Object: 'Object Repository/0Inicio Sesion/btn_IniciarSesion' is clicked on

2023-08-14 14:24:39 - [MESSAGE][PASSED] - Object: 'Object Repository/0Inicio Sesion/btn_IniciarSesion' is clicked on

2023-08-14 14:24:39 - [TEST_STEP][PASSED] - delay(3): Delayed 3 second(s)

2023-08-14 14:24:42 - [MESSAGE][PASSED] - Delayed 3 second(s)

2023-08-14 14:24:42 - [MESSAGE][PASSED] - Call Test Case 'Test Cases/0InicioSesion' successfully

2023-08-14 14:24:42 - [TEST_STEP][PASSED] - click(findTestObject("DIGITURNO/1Principal/img_Configuracion(1)")): Object: 'Object Repository/DIGITURNO/1Principal/img_Configuracion(1)' is clicked on

2023-08-14 14:24:42 - [MESSAGE][PASSED] - Object: 'Object Repository/DIGITURNO/1Principal/img_Configuracion(1)' is clicked on

2023-08-14 14:24:42 - [TEST_STEP][PASSED] - delay(3): Delayed 3 second(s)

2023-08-14 14:24:45 - [MESSAGE][PASSED] - Delayed 3 second(s)

2023-08-14 14:24:45 - [TEST_STEP][PASSED] - click(findTestObject("DIGITURNO/CONFIGURACION/0Principal/img_2Distribucion Geografica")): Object: 'Object Repository/DIGITURNO/CONFIGURACION/0Principal/img_2Distribucion Geografica' is clicked on

2023-08-14 14:24:46 - [MESSAGE][PASSED] - Object: 'Object Repository/DIGITURNO/CONFIGURACION/0Principal/img_2Distribucion Geografica' is clicked on

2023-08-14 14:24:46 - [TEST_STEP][PASSED] - delay(3): Delayed 3 second(s)

2023-08-14 14:24:49 - [MESSAGE][PASSED] - Delayed 3 second(s)

2023-08-14 14:24:49 - [TEST_STEP][PASSED] - takeFullPageScreenshot(): Taking screenshot successfully

2023-08-14 14:24:49 - [MESSAGE][INFO] - 0 hidden object(s)

2023-08-14 14:24:50 - [MESSAGE][PASSED] - Taking screenshot successfully
[[ATTACHMENT|C:\\CIEL INGENIERIA\\Katalon\\Digiturno55\\Reports\\20230814_141235\\DIGITURNO\\BASICO\\23 Oficinas Crear Actualizar Eliminar\\20230814_141252\\1692041089387.png]]

2023-08-14 14:24:50 - [TEST_STEP][PASSED] - delay(3): Delayed 3 second(s)

2023-08-14 14:24:53 - [MESSAGE][PASSED] - Delayed 3 second(s)

2023-08-14 14:24:53 - [MESSAGE][PASSED] - Call Test Case 'Test Cases/DIGITURNO/BASICO/21 Distribucion Geografica' successfully

2023-08-14 14:24:53 - [TEST_STEP][PASSED] - click(findTestObject("DIGITURNO/CONFIGURACION/2Distribucion Geografica/0Principal/img_2Oficinas")): Object: 'Object Repository/DIGITURNO/CONFIGURACION/2Distribucion Geografica/0Principal/img_2Oficinas' is clicked on

2023-08-14 14:24:57 - [MESSAGE][PASSED] - Object: 'Object Repository/DIGITURNO/CONFIGURACION/2Distribucion Geografica/0Principal/img_2Oficinas' is clicked on

2023-08-14 14:24:57 - [TEST_STEP][PASSED] - delay(2): Delayed 2 second(s)

2023-08-14 14:24:59 - [MESSAGE][PASSED] - Delayed 2 second(s)

2023-08-14 14:24:59 - [TEST_STEP][PASSED] - selectOptionByIndex(findTestObject("DIGITURNO/CONFIGURACION/2Distribucion Geografica/2Oficinas/Edicion/select_Pais"), 1, STOP_ON_FAILURE): All options with index in [1] are selected on object 'Object Repository/DIGITURNO/CONFIGURACION/2Distribucion Geografica/2Oficinas/Edicion/select_Pais'

2023-08-14 14:25:00 - [MESSAGE][PASSED] - All options with index in [1] are selected on object 'Object Repository/DIGITURNO/CONFIGURACION/2Distribucion Geografica/2Oficinas/Edicion/select_Pais'

2023-08-14 14:25:00 - [TEST_STEP][PASSED] - delay(2): Delayed 2 second(s)

2023-08-14 14:25:02 - [MESSAGE][PASSED] - Delayed 2 second(s)

2023-08-14 14:25:02 - [TEST_STEP][PASSED] - selectOptionByIndex(findTestObject("DIGITURNO/CONFIGURACION/2Distribucion Geografica/2Oficinas/Edicion/select_Departamento"), 1): All options with index in [1] are selected on object 'Object Repository/DIGITURNO/CONFIGURACION/2Distribucion Geografica/2Oficinas/Edicion/select_Departamento'

2023-08-14 14:25:03 - [MESSAGE][PASSED] - All options with index in [1] are selected on object 'Object Repository/DIGITURNO/CONFIGURACION/2Distribucion Geografica/2Oficinas/Edicion/select_Departamento'

2023-08-14 14:25:03 - [TEST_STEP][PASSED] - delay(2): Delayed 2 second(s)

2023-08-14 14:25:05 - [MESSAGE][PASSED] - Delayed 2 second(s)

2023-08-14 14:25:05 - [TEST_STEP][PASSED] - selectOptionByIndex(findTestObject("DIGITURNO/CONFIGURACION/2Distribucion Geografica/2Oficinas/Edicion/select_Ciudad"), 1): All options with index in [1] are selected on object 'Object Repository/DIGITURNO/CONFIGURACION/2Distribucion Geografica/2Oficinas/Edicion/select_Ciudad'

2023-08-14 14:25:06 - [MESSAGE][PASSED] - All options with index in [1] are selected on object 'Object Repository/DIGITURNO/CONFIGURACION/2Distribucion Geografica/2Oficinas/Edicion/select_Ciudad'

2023-08-14 14:25:06 - [TEST_STEP][PASSED] - delay(2): Delayed 2 second(s)

2023-08-14 14:25:08 - [MESSAGE][PASSED] - Delayed 2 second(s)

2023-08-14 14:25:08 - [TEST_STEP][PASSED] - setText(findTestObject("DIGITURNO/CONFIGURACION/2Distribucion Geografica/2Oficinas/Edicion/input_Nombre"), "Prueba"): Text 'Prueba' is set on object 'Object Repository/DIGITURNO/CONFIGURACION/2Distribucion Geografica/2Oficinas/Edicion/input_Nombre'

2023-08-14 14:25:09 - [MESSAGE][PASSED] - Text 'Prueba' is set on object 'Object Repository/DIGITURNO/CONFIGURACION/2Distribucion Geografica/2Oficinas/Edicion/input_Nombre'

2023-08-14 14:25:09 - [TEST_STEP][PASSED] - selectOptionByIndex(findTestObject("DIGITURNO/CONFIGURACION/2Distribucion Geografica/2Oficinas/Edicion/select_Nivel Pregunta"), 0, STOP_ON_FAILURE): All options with index in [0] are selected on object 'Object Repository/DIGITURNO/CONFIGURACION/2Distribucion Geografica/2Oficinas/Edicion/select_Nivel Pregunta'

2023-08-14 14:25:10 - [MESSAGE][PASSED] - All options with index in [0] are selected on object 'Object Repository/DIGITURNO/CONFIGURACION/2Distribucion Geografica/2Oficinas/Edicion/select_Nivel Pregunta'

2023-08-14 14:25:10 - [TEST_STEP][PASSED] - delay(2): Delayed 2 second(s)

2023-08-14 14:25:12 - [MESSAGE][PASSED] - Delayed 2 second(s)

2023-08-14 14:25:12 - [TEST_STEP][PASSED] - setText(findTestObject("DIGITURNO/CONFIGURACION/2Distribucion Geografica/2Oficinas/Edicion/input_Nivel de servicio de espera"), "1"): Text '1' is set on object 'Object Repository/DIGITURNO/CONFIGURACION/2Distribucion Geografica/2Oficinas/Edicion/input_Nivel de servicio de espera'

2023-08-14 14:25:13 - [MESSAGE][PASSED] - Text '1' is set on object 'Object Repository/DIGITURNO/CONFIGURACION/2Distribucion Geografica/2Oficinas/Edicion/input_Nivel de servicio de espera'

2023-08-14 14:25:13 - [TEST_STEP][PASSED] - scrollToElement(findTestObject("DIGITURNO/CONFIGURACION/2Distribucion Geografica/2Oficinas/Edicion/App/input_NombreAMostrar"), 0): Scroll to object 'Object Repository/DIGITURNO/CONFIGURACION/2Distribucion Geografica/2Oficinas/Edicion/App/input_NombreAMostrar' successfully

2023-08-14 14:25:13 - [MESSAGE][WARNING] - Timeout '0' is invalid. Using default page load timeout: '30'

2023-08-14 14:25:13 - [MESSAGE][PASSED] - Scroll to object 'Object Repository/DIGITURNO/CONFIGURACION/2Distribucion Geografica/2Oficinas/Edicion/App/input_NombreAMostrar' successfully

2023-08-14 14:25:13 - [TEST_STEP][PASSED] - setText(findTestObject("DIGITURNO/CONFIGURACION/2Distribucion Geografica/2Oficinas/Edicion/App/input_NombreAMostrar"), "Prueba"): Text 'Prueba' is set on object 'Object Repository/DIGITURNO/CONFIGURACION/2Distribucion Geografica/2Oficinas/Edicion/App/input_NombreAMostrar'

2023-08-14 14:25:14 - [MESSAGE][PASSED] - Text 'Prueba' is set on object 'Object Repository/DIGITURNO/CONFIGURACION/2Distribucion Geografica/2Oficinas/Edicion/App/input_NombreAMostrar'

2023-08-14 14:25:14 - [TEST_STEP][PASSED] - setText(findTestObject("DIGITURNO/CONFIGURACION/2Distribucion Geografica/2Oficinas/Edicion/App/input_Direccion"), "Carrera"): Text 'Carrera' is set on object 'Object Repository/DIGITURNO/CONFIGURACION/2Distribucion Geografica/2Oficinas/Edicion/App/input_Direccion'

2023-08-14 14:25:15 - [MESSAGE][PASSED] - Text 'Carrera' is set on object 'Object Repository/DIGITURNO/CONFIGURACION/2Distribucion Geografica/2Oficinas/Edicion/App/input_Direccion'

2023-08-14 14:25:15 - [TEST_STEP][PASSED] - setText(findTestObject("DIGITURNO/CONFIGURACION/2Distribucion Geografica/2Oficinas/Edicion/App/input_Telefono"), "1234567"): Text '1234567' is set on object 'Object Repository/DIGITURNO/CONFIGURACION/2Distribucion Geografica/2Oficinas/Edicion/App/input_Telefono'

2023-08-14 14:25:16 - [MESSAGE][PASSED] - Text '1234567' is set on object 'Object Repository/DIGITURNO/CONFIGURACION/2Distribucion Geografica/2Oficinas/Edicion/App/input_Telefono'

2023-08-14 14:25:16 - [TEST_STEP][PASSED] - setText(findTestObject("DIGITURNO/CONFIGURACION/2Distribucion Geografica/2Oficinas/Edicion/App/input_Distancia minima creacion turnos (m)"), "100"): Text '100' is set on object 'Object Repository/DIGITURNO/CONFIGURACION/2Distribucion Geografica/2Oficinas/Edicion/App/input_Distancia minima creacion turnos (m)'

2023-08-14 14:25:17 - [MESSAGE][PASSED] - Text '100' is set on object 'Object Repository/DIGITURNO/CONFIGURACION/2Distribucion Geografica/2Oficinas/Edicion/App/input_Distancia minima creacion turnos (m)'

2023-08-14 14:25:17 - [TEST_STEP][PASSED] - setText(findTestObject("DIGITURNO/CONFIGURACION/2Distribucion Geografica/2Oficinas/Edicion/App/input_Cantidad de turnos para prellamado"), "2"): Text '2' is set on object 'Object Repository/DIGITURNO/CONFIGURACION/2Distribucion Geografica/2Oficinas/Edicion/App/input_Cantidad de turnos para prellamado'

2023-08-14 14:25:17 - [MESSAGE][PASSED] - Text '2' is set on object 'Object Repository/DIGITURNO/CONFIGURACION/2Distribucion Geografica/2Oficinas/Edicion/App/input_Cantidad de turnos para prellamado'

2023-08-14 14:25:17 - [TEST_STEP][PASSED] - setText(findTestObject("DIGITURNO/CONFIGURACION/2Distribucion Geografica/2Oficinas/Edicion/Coordenada Grafica/input_Longitud"), "0.0000000000"): Text '0.0000000000' is set on object 'Object Repository/DIGITURNO/CONFIGURACION/2Distribucion Geografica/2Oficinas/Edicion/Coordenada Grafica/input_Longitud'

2023-08-14 14:25:18 - [MESSAGE][PASSED] - Text '0.0000000000' is set on object 'Object Repository/DIGITURNO/CONFIGURACION/2Distribucion Geografica/2Oficinas/Edicion/Coordenada Grafica/input_Longitud'

2023-08-14 14:25:18 - [TEST_STEP][PASSED] - setText(findTestObject("DIGITURNO/CONFIGURACION/2Distribucion Geografica/2Oficinas/Edicion/Coordenada Grafica/input_Latitud"), "0.0000000000"): Text '0.0000000000' is set on object 'Object Repository/DIGITURNO/CONFIGURACION/2Distribucion Geografica/2Oficinas/Edicion/Coordenada Grafica/input_Latitud'

2023-08-14 14:25:19 - [MESSAGE][PASSED] - Text '0.0000000000' is set on object 'Object Repository/DIGITURNO/CONFIGURACION/2Distribucion Geografica/2Oficinas/Edicion/Coordenada Grafica/input_Latitud'

2023-08-14 14:25:19 - [TEST_STEP][PASSED] - scrollToPosition(0, 0): Browser is scrolled to position x = 0, y = 0

2023-08-14 14:25:19 - [MESSAGE][PASSED] - Browser is scrolled to position x = 0, y = 0

2023-08-14 14:25:19 - [TEST_STEP][PASSED] - delay(2): Delayed 2 second(s)

2023-08-14 14:25:21 - [MESSAGE][PASSED] - Delayed 2 second(s)

2023-08-14 14:25:21 - [TEST_STEP][PASSED] - click(findTestObject("DIGITURNO/CONFIGURACION/2Distribucion Geografica/2Oficinas/Edicion/img_Nuevo")): Object: 'Object Repository/DIGITURNO/CONFIGURACION/2Distribucion Geografica/2Oficinas/Edicion/img_Nuevo' is clicked on

2023-08-14 14:25:21 - [MESSAGE][PASSED] - Object: 'Object Repository/DIGITURNO/CONFIGURACION/2Distribucion Geografica/2Oficinas/Edicion/img_Nuevo' is clicked on

2023-08-14 14:25:21 - [TEST_STEP][PASSED] - delay(3): Delayed 3 second(s)

2023-08-14 14:25:24 - [MESSAGE][PASSED] - Delayed 3 second(s)

2023-08-14 14:25:24 - [TEST_STEP][PASSED] - click(findTestObject("DIGITURNO/CONFIGURACION/2Distribucion Geografica/2Oficinas/Otras Configuraciones/span_Numeradores")): Object: 'Object Repository/DIGITURNO/CONFIGURACION/2Distribucion Geografica/2Oficinas/Otras Configuraciones/span_Numeradores' is clicked on

2023-08-14 14:25:30 - [MESSAGE][PASSED] - Object: 'Object Repository/DIGITURNO/CONFIGURACION/2Distribucion Geografica/2Oficinas/Otras Configuraciones/span_Numeradores' is clicked on

2023-08-14 14:25:30 - [TEST_STEP][PASSED] - delay(3): Delayed 3 second(s)

2023-08-14 14:25:33 - [MESSAGE][PASSED] - Delayed 3 second(s)

2023-08-14 14:25:33 - [TEST_STEP][PASSED] - scrollToPosition(0, 1800): Browser is scrolled to position x = 0, y = 1800

2023-08-14 14:25:33 - [MESSAGE][PASSED] - Browser is scrolled to position x = 0, y = 1800

2023-08-14 14:25:33 - [TEST_STEP][PASSED] - delay(3): Delayed 3 second(s)

2023-08-14 14:25:36 - [MESSAGE][PASSED] - Delayed 3 second(s)

2023-08-14 14:25:36 - [TEST_STEP][PASSED] - click(findTestObject("DIGITURNO/CONFIGURACION/2Distribucion Geografica/2Oficinas/Otras Configuraciones/span_Numeradores(1)/Numeradores/td_1Numerador Bogota - CIEL")): Object: 'Object Repository/DIGITURNO/CONFIGURACION/2Distribucion Geografica/2Oficinas/Otras Configuraciones/span_Numeradores(1)/Numeradores/td_1Numerador Bogota - CIEL' is clicked on

2023-08-14 14:25:37 - [MESSAGE][PASSED] - Object: 'Object Repository/DIGITURNO/CONFIGURACION/2Distribucion Geografica/2Oficinas/Otras Configuraciones/span_Numeradores(1)/Numeradores/td_1Numerador Bogota - CIEL' is clicked on

2023-08-14 14:25:37 - [TEST_STEP][PASSED] - delay(2): Delayed 2 second(s)

2023-08-14 14:25:39 - [MESSAGE][PASSED] - Delayed 2 second(s)

2023-08-14 14:25:39 - [TEST_STEP][PASSED] - click(findTestObject("DIGITURNO/CONFIGURACION/2Distribucion Geografica/2Oficinas/Otras Configuraciones/span_Numeradores(1)/Colas del sistema/a_SeleccionarTodo")): Object: 'Object Repository/DIGITURNO/CONFIGURACION/2Distribucion Geografica/2Oficinas/Otras Configuraciones/span_Numeradores(1)/Colas del sistema/a_SeleccionarTodo' is clicked on

2023-08-14 14:25:39 - [MESSAGE][PASSED] - Object: 'Object Repository/DIGITURNO/CONFIGURACION/2Distribucion Geografica/2Oficinas/Otras Configuraciones/span_Numeradores(1)/Colas del sistema/a_SeleccionarTodo' is clicked on

2023-08-14 14:25:39 - [TEST_STEP][PASSED] - delay(2): Delayed 2 second(s)

2023-08-14 14:25:41 - [MESSAGE][PASSED] - Delayed 2 second(s)

2023-08-14 14:25:41 - [TEST_STEP][PASSED] - click(findTestObject("DIGITURNO/CONFIGURACION/2Distribucion Geografica/2Oficinas/Otras Configuraciones/span_Numeradores(1)/Numeradores/img_Relacionar colas")): Object: 'Object Repository/DIGITURNO/CONFIGURACION/2Distribucion Geografica/2Oficinas/Otras Configuraciones/span_Numeradores(1)/Numeradores/img_Relacionar colas' is clicked on

2023-08-14 14:25:42 - [MESSAGE][PASSED] - Object: 'Object Repository/DIGITURNO/CONFIGURACION/2Distribucion Geografica/2Oficinas/Otras Configuraciones/span_Numeradores(1)/Numeradores/img_Relacionar colas' is clicked on

2023-08-14 14:25:42 - [TEST_STEP][PASSED] - delay(3): Delayed 3 second(s)

2023-08-14 14:25:45 - [MESSAGE][PASSED] - Delayed 3 second(s)

2023-08-14 14:25:45 - [TEST_STEP][PASSED] - takeFullPageScreenshot(): Taking screenshot successfully

2023-08-14 14:25:46 - [MESSAGE][INFO] - 0 hidden object(s)

2023-08-14 14:25:46 - [MESSAGE][PASSED] - Taking screenshot successfully
[[ATTACHMENT|C:\\CIEL INGENIERIA\\Katalon\\Digiturno55\\Reports\\20230814_141235\\DIGITURNO\\BASICO\\23 Oficinas Crear Actualizar Eliminar\\20230814_141252\\1692041145121.png]]

2023-08-14 14:25:46 - [TEST_STEP][PASSED] - delay(3): Delayed 3 second(s)

2023-08-14 14:25:49 - [MESSAGE][PASSED] - Delayed 3 second(s)

2023-08-14 14:25:49 - [TEST_STEP][PASSED] - Start listener action : sampleAfterTestCase: null]]></system-out>
         <system-err><![CDATA[]]></system-err>
      </testcase>
      <testcase name="Test Cases/DIGITURNO/BASICO/23 Oficinas Actualizar" time="41.909" classname="Test Cases/DIGITURNO/BASICO/23 Oficinas Actualizar" status="PASSED">
         <system-out><![CDATA[2023-08-14 14:25:49 - [TEST_CASE][PASSED] - Test Cases/DIGITURNO/BASICO/23 Oficinas Actualizar: Test Cases/DIGITURNO/BASICO/23 Oficinas Actualizar

2023-08-14 14:25:49 - [TEST_STEP][PASSED] - callTestCase(findTestCase("DIGITURNO/BASICO/21 Distribucion Geografica"), [:], STOP_ON_FAILURE): Call Test Case 'Test Cases/DIGITURNO/BASICO/21 Distribucion Geografica' successfully

2023-08-14 14:25:49 - [TEST_CASE][PASSED] - Test Cases/DIGITURNO/BASICO/21 Distribucion Geografica: Test Cases/DIGITURNO/BASICO/21 Distribucion Geografica

2023-08-14 14:25:49 - [TEST_STEP][PASSED] - callTestCase(findTestCase("0InicioSesion"), [:], STOP_ON_FAILURE): Call Test Case 'Test Cases/0InicioSesion' successfully

2023-08-14 14:25:49 - [TEST_CASE][PASSED] - Test Cases/0InicioSesion: Test Cases/0InicioSesion

2023-08-14 14:25:49 - [TEST_STEP][PASSED] - openBrowser(UrlDigiturno): Browser is opened with url: 'https://PCPruebas101.ciel.cielingenieria.com:8610'

2023-08-14 14:25:49 - [MESSAGE][WARNING] - A browser is already opened. Closing browser and opening a new one

2023-08-14 14:25:50 - [MESSAGE][INFO] - Starting 'Chrome' driver

2023-08-14 14:25:50 - [MESSAGE][INFO] - User set preference: ['args', '[--use-fake-ui-for-media-stream, --disable-notifications]']

2023-08-14 14:25:50 - [MESSAGE][INFO] - Action delay is set to 0 milliseconds

2023-08-14 14:25:52 - [MESSAGE][PASSED] - Browser is opened with url: 'https://PCPruebas101.ciel.cielingenieria.com:8610'

2023-08-14 14:25:52 - [TEST_STEP][PASSED] - maximizeWindow(): Current window maximized

2023-08-14 14:25:52 - [MESSAGE][PASSED] - Current window maximized

2023-08-14 14:25:52 - [TEST_STEP][PASSED] - delay(3): Delayed 3 second(s)

2023-08-14 14:25:55 - [MESSAGE][PASSED] - Delayed 3 second(s)

2023-08-14 14:25:55 - [TEST_STEP][PASSED] - setText(findTestObject("0Inicio Sesion/input_Usuario"), "Ciel"): Text 'Ciel' is set on object 'Object Repository/0Inicio Sesion/input_Usuario'

2023-08-14 14:25:56 - [MESSAGE][PASSED] - Text 'Ciel' is set on object 'Object Repository/0Inicio Sesion/input_Usuario'

2023-08-14 14:25:56 - [TEST_STEP][PASSED] - setText(findTestObject("0Inicio Sesion/input_Clave"), "digiturno"): Text 'digiturno' is set on object 'Object Repository/0Inicio Sesion/input_Clave'

2023-08-14 14:25:56 - [MESSAGE][PASSED] - Text 'digiturno' is set on object 'Object Repository/0Inicio Sesion/input_Clave'

2023-08-14 14:25:56 - [TEST_STEP][PASSED] - click(findTestObject("0Inicio Sesion/btn_IniciarSesion")): Object: 'Object Repository/0Inicio Sesion/btn_IniciarSesion' is clicked on

2023-08-14 14:25:57 - [MESSAGE][PASSED] - Object: 'Object Repository/0Inicio Sesion/btn_IniciarSesion' is clicked on

2023-08-14 14:25:57 - [TEST_STEP][PASSED] - delay(3): Delayed 3 second(s)

2023-08-14 14:26:00 - [MESSAGE][PASSED] - Delayed 3 second(s)

2023-08-14 14:26:00 - [MESSAGE][PASSED] - Call Test Case 'Test Cases/0InicioSesion' successfully

2023-08-14 14:26:00 - [TEST_STEP][PASSED] - click(findTestObject("DIGITURNO/1Principal/img_Configuracion(1)")): Object: 'Object Repository/DIGITURNO/1Principal/img_Configuracion(1)' is clicked on

2023-08-14 14:26:00 - [MESSAGE][PASSED] - Object: 'Object Repository/DIGITURNO/1Principal/img_Configuracion(1)' is clicked on

2023-08-14 14:26:00 - [TEST_STEP][PASSED] - delay(3): Delayed 3 second(s)

2023-08-14 14:26:03 - [MESSAGE][PASSED] - Delayed 3 second(s)

2023-08-14 14:26:03 - [TEST_STEP][PASSED] - click(findTestObject("DIGITURNO/CONFIGURACION/0Principal/img_2Distribucion Geografica")): Object: 'Object Repository/DIGITURNO/CONFIGURACION/0Principal/img_2Distribucion Geografica' is clicked on

2023-08-14 14:26:04 - [MESSAGE][PASSED] - Object: 'Object Repository/DIGITURNO/CONFIGURACION/0Principal/img_2Distribucion Geografica' is clicked on

2023-08-14 14:26:04 - [TEST_STEP][PASSED] - delay(3): Delayed 3 second(s)

2023-08-14 14:26:07 - [MESSAGE][PASSED] - Delayed 3 second(s)

2023-08-14 14:26:07 - [TEST_STEP][PASSED] - takeFullPageScreenshot(): Taking screenshot successfully

2023-08-14 14:26:07 - [MESSAGE][INFO] - 0 hidden object(s)

2023-08-14 14:26:07 - [MESSAGE][PASSED] - Taking screenshot successfully
[[ATTACHMENT|C:\\CIEL INGENIERIA\\Katalon\\Digiturno55\\Reports\\20230814_141235\\DIGITURNO\\BASICO\\23 Oficinas Crear Actualizar Eliminar\\20230814_141252\\1692041167422.png]]

2023-08-14 14:26:07 - [TEST_STEP][PASSED] - delay(3): Delayed 3 second(s)

2023-08-14 14:26:10 - [MESSAGE][PASSED] - Delayed 3 second(s)

2023-08-14 14:26:10 - [MESSAGE][PASSED] - Call Test Case 'Test Cases/DIGITURNO/BASICO/21 Distribucion Geografica' successfully

2023-08-14 14:26:10 - [TEST_STEP][PASSED] - click(findTestObject("DIGITURNO/CONFIGURACION/2Distribucion Geografica/0Principal/img_2Oficinas")): Object: 'Object Repository/DIGITURNO/CONFIGURACION/2Distribucion Geografica/0Principal/img_2Oficinas' is clicked on

2023-08-14 14:26:12 - [MESSAGE][PASSED] - Object: 'Object Repository/DIGITURNO/CONFIGURACION/2Distribucion Geografica/0Principal/img_2Oficinas' is clicked on

2023-08-14 14:26:12 - [TEST_STEP][PASSED] - delay(2): Delayed 2 second(s)

2023-08-14 14:26:14 - [MESSAGE][PASSED] - Delayed 2 second(s)

2023-08-14 14:26:14 - [TEST_STEP][PASSED] - setText(findTestObject("DIGITURNO/CONFIGURACION/2Distribucion Geografica/2Oficinas/Lista de oficinas/input_TextoABuscar"), "Prueba"): Text 'Prueba' is set on object 'Object Repository/DIGITURNO/CONFIGURACION/2Distribucion Geografica/2Oficinas/Lista de oficinas/input_TextoABuscar'

2023-08-14 14:26:14 - [MESSAGE][PASSED] - Text 'Prueba' is set on object 'Object Repository/DIGITURNO/CONFIGURACION/2Distribucion Geografica/2Oficinas/Lista de oficinas/input_TextoABuscar'

2023-08-14 14:26:14 - [TEST_STEP][PASSED] - click(findTestObject("DIGITURNO/CONFIGURACION/2Distribucion Geografica/2Oficinas/Lista de oficinas/img_Filtrar")): Object: 'Object Repository/DIGITURNO/CONFIGURACION/2Distribucion Geografica/2Oficinas/Lista de oficinas/img_Filtrar' is clicked on

2023-08-14 14:26:15 - [MESSAGE][PASSED] - Object: 'Object Repository/DIGITURNO/CONFIGURACION/2Distribucion Geografica/2Oficinas/Lista de oficinas/img_Filtrar' is clicked on

2023-08-14 14:26:15 - [TEST_STEP][PASSED] - delay(2): Delayed 2 second(s)

2023-08-14 14:26:17 - [MESSAGE][PASSED] - Delayed 2 second(s)

2023-08-14 14:26:17 - [TEST_STEP][PASSED] - click(findTestObject("DIGITURNO/CONFIGURACION/2Distribucion Geografica/2Oficinas/Lista de oficinas/td_1 Seleccion Busqueda")): Object: 'Object Repository/DIGITURNO/CONFIGURACION/2Distribucion Geografica/2Oficinas/Lista de oficinas/td_1 Seleccion Busqueda' is clicked on

2023-08-14 14:26:17 - [MESSAGE][PASSED] - Object: 'Object Repository/DIGITURNO/CONFIGURACION/2Distribucion Geografica/2Oficinas/Lista de oficinas/td_1 Seleccion Busqueda' is clicked on

2023-08-14 14:26:17 - [TEST_STEP][PASSED] - delay(2): Delayed 2 second(s)

2023-08-14 14:26:19 - [MESSAGE][PASSED] - Delayed 2 second(s)

2023-08-14 14:26:19 - [TEST_STEP][PASSED] - scrollToPosition(0, 1600): Browser is scrolled to position x = 0, y = 1600

2023-08-14 14:26:19 - [MESSAGE][PASSED] - Browser is scrolled to position x = 0, y = 1600

2023-08-14 14:26:19 - [TEST_STEP][PASSED] - delay(3): Delayed 3 second(s)

2023-08-14 14:26:22 - [MESSAGE][PASSED] - Delayed 3 second(s)

2023-08-14 14:26:22 - [TEST_STEP][PASSED] - click(findTestObject("DIGITURNO/CONFIGURACION/2Distribucion Geografica/2Oficinas/Otras Configuraciones/span_Colas(1)/a__SeleccionarTodo")): Object: 'Object Repository/DIGITURNO/CONFIGURACION/2Distribucion Geografica/2Oficinas/Otras Configuraciones/span_Colas(1)/a__SeleccionarTodo' is clicked on

2023-08-14 14:26:23 - [MESSAGE][PASSED] - Object: 'Object Repository/DIGITURNO/CONFIGURACION/2Distribucion Geografica/2Oficinas/Otras Configuraciones/span_Colas(1)/a__SeleccionarTodo' is clicked on

2023-08-14 14:26:23 - [TEST_STEP][PASSED] - click(findTestObject("DIGITURNO/CONFIGURACION/2Distribucion Geografica/2Oficinas/Otras Configuraciones/span_Colas(1)/img_Eliminar")): Object: 'Object Repository/DIGITURNO/CONFIGURACION/2Distribucion Geografica/2Oficinas/Otras Configuraciones/span_Colas(1)/img_Eliminar' is clicked on

2023-08-14 14:26:23 - [MESSAGE][PASSED] - Object: 'Object Repository/DIGITURNO/CONFIGURACION/2Distribucion Geografica/2Oficinas/Otras Configuraciones/span_Colas(1)/img_Eliminar' is clicked on

2023-08-14 14:26:23 - [TEST_STEP][PASSED] - click(findTestObject("DIGITURNO/CONFIGURACION/2Distribucion Geografica/2Oficinas/Otras Configuraciones/span_Colas(1)/img_Eliminar")): Object: 'Object Repository/DIGITURNO/CONFIGURACION/2Distribucion Geografica/2Oficinas/Otras Configuraciones/span_Colas(1)/img_Eliminar' is clicked on

2023-08-14 14:26:23 - [MESSAGE][PASSED] - Object: 'Object Repository/DIGITURNO/CONFIGURACION/2Distribucion Geografica/2Oficinas/Otras Configuraciones/span_Colas(1)/img_Eliminar' is clicked on

2023-08-14 14:26:23 - [TEST_STEP][PASSED] - acceptAlert(): Alert accepted

2023-08-14 14:26:24 - [MESSAGE][PASSED] - Alert accepted

2023-08-14 14:26:24 - [TEST_STEP][PASSED] - delay(3): Delayed 3 second(s)

2023-08-14 14:26:27 - [MESSAGE][PASSED] - Delayed 3 second(s)

2023-08-14 14:26:27 - [TEST_STEP][PASSED] - takeFullPageScreenshot(): Taking screenshot successfully

2023-08-14 14:26:27 - [MESSAGE][INFO] - 0 hidden object(s)

2023-08-14 14:26:28 - [MESSAGE][PASSED] - Taking screenshot successfully
[[ATTACHMENT|C:\\CIEL INGENIERIA\\Katalon\\Digiturno55\\Reports\\20230814_141235\\DIGITURNO\\BASICO\\23 Oficinas Crear Actualizar Eliminar\\20230814_141252\\1692041187056.png]]

2023-08-14 14:26:28 - [TEST_STEP][PASSED] - delay(3): Delayed 3 second(s)

2023-08-14 14:26:31 - [MESSAGE][PASSED] - Delayed 3 second(s)

2023-08-14 14:26:31 - [TEST_STEP][PASSED] - Start listener action : sampleAfterTestCase: null]]></system-out>
         <system-err><![CDATA[]]></system-err>
      </testcase>
      <testcase name="Test Cases/DIGITURNO/BASICO/23 Oficinas Eliminar" time="38.813" classname="Test Cases/DIGITURNO/BASICO/23 Oficinas Eliminar" status="PASSED">
         <system-out><![CDATA[2023-08-14 14:26:31 - [TEST_CASE][PASSED] - Test Cases/DIGITURNO/BASICO/23 Oficinas Eliminar: Test Cases/DIGITURNO/BASICO/23 Oficinas Eliminar

2023-08-14 14:26:31 - [TEST_STEP][PASSED] - callTestCase(findTestCase("DIGITURNO/BASICO/21 Distribucion Geografica"), [:], STOP_ON_FAILURE): Call Test Case 'Test Cases/DIGITURNO/BASICO/21 Distribucion Geografica' successfully

2023-08-14 14:26:31 - [TEST_CASE][PASSED] - Test Cases/DIGITURNO/BASICO/21 Distribucion Geografica: Test Cases/DIGITURNO/BASICO/21 Distribucion Geografica

2023-08-14 14:26:31 - [TEST_STEP][PASSED] - callTestCase(findTestCase("0InicioSesion"), [:], STOP_ON_FAILURE): Call Test Case 'Test Cases/0InicioSesion' successfully

2023-08-14 14:26:31 - [TEST_CASE][PASSED] - Test Cases/0InicioSesion: Test Cases/0InicioSesion

2023-08-14 14:26:31 - [TEST_STEP][PASSED] - openBrowser(UrlDigiturno): Browser is opened with url: 'https://PCPruebas101.ciel.cielingenieria.com:8610'

2023-08-14 14:26:31 - [MESSAGE][WARNING] - A browser is already opened. Closing browser and opening a new one

2023-08-14 14:26:32 - [MESSAGE][INFO] - Starting 'Chrome' driver

2023-08-14 14:26:32 - [MESSAGE][INFO] - User set preference: ['args', '[--use-fake-ui-for-media-stream, --disable-notifications]']

2023-08-14 14:26:32 - [MESSAGE][INFO] - Action delay is set to 0 milliseconds

2023-08-14 14:26:34 - [MESSAGE][PASSED] - Browser is opened with url: 'https://PCPruebas101.ciel.cielingenieria.com:8610'

2023-08-14 14:26:34 - [TEST_STEP][PASSED] - maximizeWindow(): Current window maximized

2023-08-14 14:26:34 - [MESSAGE][PASSED] - Current window maximized

2023-08-14 14:26:34 - [TEST_STEP][PASSED] - delay(3): Delayed 3 second(s)

2023-08-14 14:26:37 - [MESSAGE][PASSED] - Delayed 3 second(s)

2023-08-14 14:26:37 - [TEST_STEP][PASSED] - setText(findTestObject("0Inicio Sesion/input_Usuario"), "Ciel"): Text 'Ciel' is set on object 'Object Repository/0Inicio Sesion/input_Usuario'

2023-08-14 14:26:37 - [MESSAGE][PASSED] - Text 'Ciel' is set on object 'Object Repository/0Inicio Sesion/input_Usuario'

2023-08-14 14:26:37 - [TEST_STEP][PASSED] - setText(findTestObject("0Inicio Sesion/input_Clave"), "digiturno"): Text 'digiturno' is set on object 'Object Repository/0Inicio Sesion/input_Clave'

2023-08-14 14:26:38 - [MESSAGE][PASSED] - Text 'digiturno' is set on object 'Object Repository/0Inicio Sesion/input_Clave'

2023-08-14 14:26:38 - [TEST_STEP][PASSED] - click(findTestObject("0Inicio Sesion/btn_IniciarSesion")): Object: 'Object Repository/0Inicio Sesion/btn_IniciarSesion' is clicked on

2023-08-14 14:26:39 - [MESSAGE][PASSED] - Object: 'Object Repository/0Inicio Sesion/btn_IniciarSesion' is clicked on

2023-08-14 14:26:39 - [TEST_STEP][PASSED] - delay(3): Delayed 3 second(s)

2023-08-14 14:26:42 - [MESSAGE][PASSED] - Delayed 3 second(s)

2023-08-14 14:26:42 - [MESSAGE][PASSED] - Call Test Case 'Test Cases/0InicioSesion' successfully

2023-08-14 14:26:42 - [TEST_STEP][PASSED] - click(findTestObject("DIGITURNO/1Principal/img_Configuracion(1)")): Object: 'Object Repository/DIGITURNO/1Principal/img_Configuracion(1)' is clicked on

2023-08-14 14:26:42 - [MESSAGE][PASSED] - Object: 'Object Repository/DIGITURNO/1Principal/img_Configuracion(1)' is clicked on

2023-08-14 14:26:42 - [TEST_STEP][PASSED] - delay(3): Delayed 3 second(s)

2023-08-14 14:26:45 - [MESSAGE][PASSED] - Delayed 3 second(s)

2023-08-14 14:26:45 - [TEST_STEP][PASSED] - click(findTestObject("DIGITURNO/CONFIGURACION/0Principal/img_2Distribucion Geografica")): Object: 'Object Repository/DIGITURNO/CONFIGURACION/0Principal/img_2Distribucion Geografica' is clicked on

2023-08-14 14:26:46 - [MESSAGE][PASSED] - Object: 'Object Repository/DIGITURNO/CONFIGURACION/0Principal/img_2Distribucion Geografica' is clicked on

2023-08-14 14:26:46 - [TEST_STEP][PASSED] - delay(3): Delayed 3 second(s)

2023-08-14 14:26:49 - [MESSAGE][PASSED] - Delayed 3 second(s)

2023-08-14 14:26:49 - [TEST_STEP][PASSED] - takeFullPageScreenshot(): Taking screenshot successfully

2023-08-14 14:26:49 - [MESSAGE][INFO] - 0 hidden object(s)

2023-08-14 14:26:49 - [MESSAGE][PASSED] - Taking screenshot successfully
[[ATTACHMENT|C:\\CIEL INGENIERIA\\Katalon\\Digiturno55\\Reports\\20230814_141235\\DIGITURNO\\BASICO\\23 Oficinas Crear Actualizar Eliminar\\20230814_141252\\1692041209229.png]]

2023-08-14 14:26:49 - [TEST_STEP][PASSED] - delay(3): Delayed 3 second(s)

2023-08-14 14:26:52 - [MESSAGE][PASSED] - Delayed 3 second(s)

2023-08-14 14:26:52 - [MESSAGE][PASSED] - Call Test Case 'Test Cases/DIGITURNO/BASICO/21 Distribucion Geografica' successfully

2023-08-14 14:26:52 - [TEST_STEP][PASSED] - click(findTestObject("DIGITURNO/CONFIGURACION/2Distribucion Geografica/0Principal/img_2Oficinas")): Object: 'Object Repository/DIGITURNO/CONFIGURACION/2Distribucion Geografica/0Principal/img_2Oficinas' is clicked on

2023-08-14 14:26:53 - [MESSAGE][PASSED] - Object: 'Object Repository/DIGITURNO/CONFIGURACION/2Distribucion Geografica/0Principal/img_2Oficinas' is clicked on

2023-08-14 14:26:53 - [TEST_STEP][PASSED] - delay(2): Delayed 2 second(s)

2023-08-14 14:26:55 - [MESSAGE][PASSED] - Delayed 2 second(s)

2023-08-14 14:26:55 - [TEST_STEP][PASSED] - setText(findTestObject("DIGITURNO/CONFIGURACION/2Distribucion Geografica/2Oficinas/Lista de oficinas/input_TextoABuscar"), "Prueba"): Text 'Prueba' is set on object 'Object Repository/DIGITURNO/CONFIGURACION/2Distribucion Geografica/2Oficinas/Lista de oficinas/input_TextoABuscar'

2023-08-14 14:26:56 - [MESSAGE][PASSED] - Text 'Prueba' is set on object 'Object Repository/DIGITURNO/CONFIGURACION/2Distribucion Geografica/2Oficinas/Lista de oficinas/input_TextoABuscar'

2023-08-14 14:26:56 - [TEST_STEP][PASSED] - click(findTestObject("DIGITURNO/CONFIGURACION/2Distribucion Geografica/2Oficinas/Lista de oficinas/img_Filtrar"), STOP_ON_FAILURE): Object: 'Object Repository/DIGITURNO/CONFIGURACION/2Distribucion Geografica/2Oficinas/Lista de oficinas/img_Filtrar' is clicked on

2023-08-14 14:26:56 - [MESSAGE][PASSED] - Object: 'Object Repository/DIGITURNO/CONFIGURACION/2Distribucion Geografica/2Oficinas/Lista de oficinas/img_Filtrar' is clicked on

2023-08-14 14:26:56 - [TEST_STEP][PASSED] - delay(2): Delayed 2 second(s)

2023-08-14 14:26:58 - [MESSAGE][PASSED] - Delayed 2 second(s)

2023-08-14 14:26:58 - [TEST_STEP][PASSED] - click(findTestObject("DIGITURNO/CONFIGURACION/2Distribucion Geografica/2Oficinas/Lista de oficinas/td_1 Seleccion Busqueda")): Object: 'Object Repository/DIGITURNO/CONFIGURACION/2Distribucion Geografica/2Oficinas/Lista de oficinas/td_1 Seleccion Busqueda' is clicked on

2023-08-14 14:26:59 - [MESSAGE][PASSED] - Object: 'Object Repository/DIGITURNO/CONFIGURACION/2Distribucion Geografica/2Oficinas/Lista de oficinas/td_1 Seleccion Busqueda' is clicked on

2023-08-14 14:26:59 - [TEST_STEP][PASSED] - delay(3): Delayed 3 second(s)

2023-08-14 14:27:02 - [MESSAGE][PASSED] - Delayed 3 second(s)

2023-08-14 14:27:02 - [TEST_STEP][PASSED] - click(findTestObject("DIGITURNO/CONFIGURACION/2Distribucion Geografica/2Oficinas/Edicion/img_Eliminar"), STOP_ON_FAILURE): Object: 'Object Repository/DIGITURNO/CONFIGURACION/2Distribucion Geografica/2Oficinas/Edicion/img_Eliminar' is clicked on

2023-08-14 14:27:02 - [MESSAGE][PASSED] - Object: 'Object Repository/DIGITURNO/CONFIGURACION/2Distribucion Geografica/2Oficinas/Edicion/img_Eliminar' is clicked on

2023-08-14 14:27:02 - [TEST_STEP][PASSED] - click(findTestObject("DIGITURNO/CONFIGURACION/2Distribucion Geografica/2Oficinas/Edicion/img_Eliminar")): Object: 'Object Repository/DIGITURNO/CONFIGURACION/2Distribucion Geografica/2Oficinas/Edicion/img_Eliminar' is clicked on

2023-08-14 14:27:03 - [MESSAGE][PASSED] - Object: 'Object Repository/DIGITURNO/CONFIGURACION/2Distribucion Geografica/2Oficinas/Edicion/img_Eliminar' is clicked on

2023-08-14 14:27:03 - [TEST_STEP][PASSED] - acceptAlert(): Alert accepted

2023-08-14 14:27:03 - [MESSAGE][PASSED] - Alert accepted

2023-08-14 14:27:03 - [TEST_STEP][PASSED] - delay(3): Delayed 3 second(s)

2023-08-14 14:27:06 - [MESSAGE][PASSED] - Delayed 3 second(s)

2023-08-14 14:27:06 - [TEST_STEP][PASSED] - takeFullPageScreenshot(): Taking screenshot successfully

2023-08-14 14:27:06 - [MESSAGE][INFO] - 0 hidden object(s)

2023-08-14 14:27:07 - [MESSAGE][PASSED] - Taking screenshot successfully
[[ATTACHMENT|C:\\CIEL INGENIERIA\\Katalon\\Digiturno55\\Reports\\20230814_141235\\DIGITURNO\\BASICO\\23 Oficinas Crear Actualizar Eliminar\\20230814_141252\\1692041226088.png]]

2023-08-14 14:27:07 - [TEST_STEP][PASSED] - delay(3): Delayed 3 second(s)

2023-08-14 14:27:10 - [MESSAGE][PASSED] - Delayed 3 second(s)

2023-08-14 14:27:10 - [TEST_STEP][PASSED] - Start listener action : sampleAfterTestCase: null]]></system-out>
         <system-err><![CDATA[]]></system-err>
      </testcase>
      <system-out><![CDATA[2023-08-14 14:24:29 - [TEST_SUITE][PASSED] - 23 Oficinas Crear Actualizar Eliminar: Test Cases/DIGITURNO/BASICO/23 Oficinas Eliminar]]></system-out>
      <system-err><![CDATA[]]></system-err>
   </testsuite>
</testsuites>
