<?xml version="1.0" encoding="UTF-8"?>
<testsuites name="43 Calificacion" time="44.224" tests="1" failures="0" errors="0">
   <testsuite name="43 Calificacion" tests="1" failures="0" errors="0" time="44.224" skipped="0" timestamp="2023-08-14 14:51:01" hostname="jdavila - PCPruebas101.ciel.cielingenieria.com" id="Test Suites/DIGITURNO/BASICO/43 Calificacion">
      <properties>
         <property name="deviceName" value=""/>
         <property name="devicePlatform" value=""/>
         <property name="logFolder" value="C:\\CIEL INGENIERIA\\Katalon\\Digiturno55\\Reports\\20230814_141235\\DIGITURNO\\BASICO\\43 Calificacion\\20230814_141326"/>
         <property name="logFiles" value="C:\\CIEL INGENIERIA\\Katalon\\Digiturno55\\Reports\\20230814_141235\\DIGITURNO\\BASICO\\43 Calificacion\\20230814_141326\\execution0.log"/>
         <property name="attachments" value="C:\\CIEL INGENIERIA\\Katalon\\Digiturno55\\Reports\\20230814_141235\\DIGITURNO\\BASICO\\43 Calificacion\\20230814_141326\\1692042677320.png, C:\\CIEL INGENIERIA\\Katalon\\Digiturno55\\Reports\\20230814_141235\\DIGITURNO\\BASICO\\43 Calificacion\\20230814_141326\\1692042684610.png, C:\\CIEL INGENIERIA\\Katalon\\Digiturno55\\Reports\\20230814_141235\\DIGITURNO\\BASICO\\43 Calificacion\\20230814_141326\\1692042702074.png"/>
         <property name="hostName" value="jdavila - PCPruebas101.ciel.cielingenieria.com"/>
         <property name="os" value="Windows 10 64bit"/>
         <property name="katalonVersion" value="8.6.0.208"/>
         <property name="browser" value="Chrome 115.0.0.0"/>
         <property name="hostAddress" value="192.168.0.33"/>
         <property name="sessionId" value="c53dd6a559b51ce0897b35162ae92d42"/>
         <property name="seleniumVersion" value="3.141.59"/>
         <property name="proxyInformation" value="ProxyInformation { proxyOption=NO_PROXY, proxyServerType=HTTP, username=, password=********, proxyServerAddress=, proxyServerPort=0, executionList=&quot;&quot;, isApplyToDesiredCapabilities=true }"/>
         <property name="platform" value="Windows 10"/>
      </properties>
      <testcase name="Test Cases/DIGITURNO/BASICO/43 Calificacion Crear" time="43.984" classname="Test Cases/DIGITURNO/BASICO/43 Calificacion Crear" status="PASSED">
         <system-out><![CDATA[2023-08-14 14:51:01 - [TEST_CASE][PASSED] - Test Cases/DIGITURNO/BASICO/43 Calificacion Crear: Test Cases/DIGITURNO/BASICO/43 Calificacion Crear

2023-08-14 14:51:01 - [TEST_STEP][PASSED] - callTestCase(findTestCase("DIGITURNO/BASICO/32 Elementos del Sistema"), [:], STOP_ON_FAILURE): Call Test Case 'Test Cases/DIGITURNO/BASICO/32 Elementos del Sistema' successfully

2023-08-14 14:51:02 - [TEST_CASE][PASSED] - Test Cases/DIGITURNO/BASICO/32 Elementos del Sistema: Test Cases/DIGITURNO/BASICO/32 Elementos del Sistema

2023-08-14 14:51:02 - [TEST_STEP][PASSED] - callTestCase(findTestCase("DIGITURNO/BASICO/3 Configuracion"), [:], STOP_ON_FAILURE): Call Test Case 'Test Cases/DIGITURNO/BASICO/3 Configuracion' successfully

2023-08-14 14:51:02 - [TEST_CASE][PASSED] - Test Cases/DIGITURNO/BASICO/3 Configuracion: Test Cases/DIGITURNO/BASICO/3 Configuracion

2023-08-14 14:51:02 - [TEST_STEP][PASSED] - callTestCase(findTestCase("0InicioSesion"), [:], STOP_ON_FAILURE): Call Test Case 'Test Cases/0InicioSesion' successfully

2023-08-14 14:51:02 - [TEST_CASE][PASSED] - Test Cases/0InicioSesion: Test Cases/0InicioSesion

2023-08-14 14:51:03 - [TEST_STEP][PASSED] - openBrowser(UrlDigiturno): Browser is opened with url: 'https://PCPruebas101.ciel.cielingenieria.com:8610'

2023-08-14 14:51:03 - [MESSAGE][INFO] - Starting 'Chrome' driver

2023-08-14 14:51:03 - [MESSAGE][INFO] - User set preference: ['args', '[--use-fake-ui-for-media-stream, --disable-notifications]']

2023-08-14 14:51:03 - [MESSAGE][INFO] - Action delay is set to 0 milliseconds

2023-08-14 14:51:05 - [MESSAGE][PASSED] - Browser is opened with url: 'https://PCPruebas101.ciel.cielingenieria.com:8610'

2023-08-14 14:51:05 - [TEST_STEP][PASSED] - maximizeWindow(): Current window maximized

2023-08-14 14:51:05 - [MESSAGE][PASSED] - Current window maximized

2023-08-14 14:51:05 - [TEST_STEP][PASSED] - delay(3): Delayed 3 second(s)

2023-08-14 14:51:08 - [MESSAGE][PASSED] - Delayed 3 second(s)

2023-08-14 14:51:08 - [TEST_STEP][PASSED] - setText(findTestObject("0Inicio Sesion/input_Usuario"), "Ciel"): Text 'Ciel' is set on object 'Object Repository/0Inicio Sesion/input_Usuario'

2023-08-14 14:51:09 - [MESSAGE][PASSED] - Text 'Ciel' is set on object 'Object Repository/0Inicio Sesion/input_Usuario'

2023-08-14 14:51:09 - [TEST_STEP][PASSED] - setText(findTestObject("0Inicio Sesion/input_Clave"), "digiturno"): Text 'digiturno' is set on object 'Object Repository/0Inicio Sesion/input_Clave'

2023-08-14 14:51:10 - [MESSAGE][PASSED] - Text 'digiturno' is set on object 'Object Repository/0Inicio Sesion/input_Clave'

2023-08-14 14:51:10 - [TEST_STEP][PASSED] - click(findTestObject("0Inicio Sesion/btn_IniciarSesion")): Object: 'Object Repository/0Inicio Sesion/btn_IniciarSesion' is clicked on

2023-08-14 14:51:10 - [MESSAGE][PASSED] - Object: 'Object Repository/0Inicio Sesion/btn_IniciarSesion' is clicked on

2023-08-14 14:51:10 - [TEST_STEP][PASSED] - delay(3): Delayed 3 second(s)

2023-08-14 14:51:13 - [MESSAGE][PASSED] - Delayed 3 second(s)

2023-08-14 14:51:13 - [MESSAGE][PASSED] - Call Test Case 'Test Cases/0InicioSesion' successfully

2023-08-14 14:51:13 - [TEST_STEP][PASSED] - click(findTestObject("DIGITURNO/1Principal/img_Configuracion(1)")): Object: 'Object Repository/DIGITURNO/1Principal/img_Configuracion(1)' is clicked on

2023-08-14 14:51:14 - [MESSAGE][PASSED] - Object: 'Object Repository/DIGITURNO/1Principal/img_Configuracion(1)' is clicked on

2023-08-14 14:51:14 - [TEST_STEP][PASSED] - delay(3): Delayed 3 second(s)

2023-08-14 14:51:17 - [MESSAGE][PASSED] - Delayed 3 second(s)

2023-08-14 14:51:17 - [TEST_STEP][PASSED] - takeFullPageScreenshot(): Taking screenshot successfully

2023-08-14 14:51:17 - [MESSAGE][INFO] - 0 hidden object(s)

2023-08-14 14:51:17 - [MESSAGE][PASSED] - Taking screenshot successfully
[[ATTACHMENT|C:\\CIEL INGENIERIA\\Katalon\\Digiturno55\\Reports\\20230814_141235\\DIGITURNO\\BASICO\\43 Calificacion\\20230814_141326\\1692042677320.png]]

2023-08-14 14:51:17 - [TEST_STEP][PASSED] - delay(3): Delayed 3 second(s)

2023-08-14 14:51:20 - [MESSAGE][PASSED] - Delayed 3 second(s)

2023-08-14 14:51:20 - [MESSAGE][PASSED] - Call Test Case 'Test Cases/DIGITURNO/BASICO/3 Configuracion' successfully

2023-08-14 14:51:20 - [TEST_STEP][PASSED] - click(findTestObject("DIGITURNO/CONFIGURACION/0Principal/img_6Elementos del sistema")): Object: 'Object Repository/DIGITURNO/CONFIGURACION/0Principal/img_6Elementos del sistema' is clicked on

2023-08-14 14:51:21 - [MESSAGE][PASSED] - Object: 'Object Repository/DIGITURNO/CONFIGURACION/0Principal/img_6Elementos del sistema' is clicked on

2023-08-14 14:51:21 - [TEST_STEP][PASSED] - delay(3): Delayed 3 second(s)

2023-08-14 14:51:24 - [MESSAGE][PASSED] - Delayed 3 second(s)

2023-08-14 14:51:24 - [TEST_STEP][PASSED] - takeFullPageScreenshot(): Taking screenshot successfully

2023-08-14 14:51:25 - [MESSAGE][INFO] - 0 hidden object(s)

2023-08-14 14:51:25 - [MESSAGE][PASSED] - Taking screenshot successfully
[[ATTACHMENT|C:\\CIEL INGENIERIA\\Katalon\\Digiturno55\\Reports\\20230814_141235\\DIGITURNO\\BASICO\\43 Calificacion\\20230814_141326\\1692042684610.png]]

2023-08-14 14:51:25 - [TEST_STEP][PASSED] - delay(3): Delayed 3 second(s)

2023-08-14 14:51:28 - [MESSAGE][PASSED] - Delayed 3 second(s)

2023-08-14 14:51:28 - [MESSAGE][PASSED] - Call Test Case 'Test Cases/DIGITURNO/BASICO/32 Elementos del Sistema' successfully

2023-08-14 14:51:28 - [TEST_STEP][PASSED] - click(findTestObject("DIGITURNO/CONFIGURACION/6Elementos del Sistema/0Principal/img_4Calificacion")): Object: 'Object Repository/DIGITURNO/CONFIGURACION/6Elementos del Sistema/0Principal/img_4Calificacion' is clicked on

2023-08-14 14:51:29 - [MESSAGE][PASSED] - Object: 'Object Repository/DIGITURNO/CONFIGURACION/6Elementos del Sistema/0Principal/img_4Calificacion' is clicked on

2023-08-14 14:51:29 - [TEST_STEP][PASSED] - delay(3): Delayed 3 second(s)

2023-08-14 14:51:32 - [MESSAGE][PASSED] - Delayed 3 second(s)

2023-08-14 14:51:32 - [TEST_STEP][PASSED] - click(findTestObject("DIGITURNO/CONFIGURACION/6Elementos del Sistema/4 Calificacion/Lista de oficinas/td_1 Bogota - CIEL")): Object: 'Object Repository/DIGITURNO/CONFIGURACION/6Elementos del Sistema/4 Calificacion/Lista de oficinas/td_1 Bogota - CIEL' is clicked on

2023-08-14 14:51:32 - [MESSAGE][PASSED] - Object: 'Object Repository/DIGITURNO/CONFIGURACION/6Elementos del Sistema/4 Calificacion/Lista de oficinas/td_1 Bogota - CIEL' is clicked on

2023-08-14 14:51:32 - [TEST_STEP][PASSED] - delay(3): Delayed 3 second(s)

2023-08-14 14:51:35 - [MESSAGE][PASSED] - Delayed 3 second(s)

2023-08-14 14:51:35 - [TEST_STEP][PASSED] - setText(findTestObject("DIGITURNO/CONFIGURACION/6Elementos del Sistema/4 Calificacion/Preguntas/input_TextoPregunta"), "¿Cómo le pareció la atención brindada del Asesor?"): Text '¿Cómo le pareció la atención brindada del Asesor?' is set on object 'Object Repository/DIGITURNO/CONFIGURACION/6Elementos del Sistema/4 Calificacion/Preguntas/input_TextoPregunta'

2023-08-14 14:51:36 - [MESSAGE][PASSED] - Text '¿Cómo le pareció la atención brindada del Asesor?' is set on object 'Object Repository/DIGITURNO/CONFIGURACION/6Elementos del Sistema/4 Calificacion/Preguntas/input_TextoPregunta'

2023-08-14 14:51:36 - [TEST_STEP][PASSED] - delay(2): Delayed 2 second(s)

2023-08-14 14:51:38 - [MESSAGE][PASSED] - Delayed 2 second(s)

2023-08-14 14:51:38 - [TEST_STEP][PASSED] - click(findTestObject("DIGITURNO/CONFIGURACION/6Elementos del Sistema/4 Calificacion/Preguntas/img_Nuevo")): Object: 'Object Repository/DIGITURNO/CONFIGURACION/6Elementos del Sistema/4 Calificacion/Preguntas/img_Nuevo' is clicked on

2023-08-14 14:51:39 - [MESSAGE][PASSED] - Object: 'Object Repository/DIGITURNO/CONFIGURACION/6Elementos del Sistema/4 Calificacion/Preguntas/img_Nuevo' is clicked on

2023-08-14 14:51:39 - [TEST_STEP][PASSED] - delay(3): Delayed 3 second(s)

2023-08-14 14:51:42 - [MESSAGE][PASSED] - Delayed 3 second(s)

2023-08-14 14:51:42 - [TEST_STEP][PASSED] - takeFullPageScreenshot(): Taking screenshot successfully

2023-08-14 14:51:42 - [MESSAGE][INFO] - 0 hidden object(s)

2023-08-14 14:51:42 - [MESSAGE][PASSED] - Taking screenshot successfully
[[ATTACHMENT|C:\\CIEL INGENIERIA\\Katalon\\Digiturno55\\Reports\\20230814_141235\\DIGITURNO\\BASICO\\43 Calificacion\\20230814_141326\\1692042702074.png]]

2023-08-14 14:51:42 - [TEST_STEP][PASSED] - delay(3): Delayed 3 second(s)

2023-08-14 14:51:45 - [MESSAGE][PASSED] - Delayed 3 second(s)

2023-08-14 14:51:45 - [TEST_STEP][PASSED] - Start listener action : sampleAfterTestCase: null]]></system-out>
         <system-err><![CDATA[]]></system-err>
      </testcase>
      <system-out><![CDATA[2023-08-14 14:51:01 - [TEST_SUITE][PASSED] - 43 Calificacion: Test Cases/DIGITURNO/BASICO/43 Calificacion Crear]]></system-out>
      <system-err><![CDATA[]]></system-err>
   </testsuite>
</testsuites>
