<?xml version="1.0" encoding="UTF-8"?>
<testsuites name="2.1 Creacion Elementos Area" time="48.384" tests="1" failures="0" errors="0">
   <testsuite name="2.1 Creacion Elementos Area" tests="1" failures="0" errors="0" time="48.384" skipped="0" timestamp="2024-01-15 09:13:32" hostname="jdavila - PCPruebas101.ciel.cielingenieria.com" id="Test Suites/WIZARD/1Modelo De Negocio/2.1 Creacion Elementos Area">
      <properties>
         <property name="deviceName" value=""/>
         <property name="devicePlatform" value=""/>
         <property name="logFolder" value="C:\\CIEL INGENIERIA\\Katalon\\Digiturno55\\Reports\\20240115_091123\\WIZARD\\1Modelo De Negocio\\2.1 Creacion Elementos Area\\20240115_091127"/>
         <property name="logFiles" value="C:\\CIEL INGENIERIA\\Katalon\\Digiturno55\\Reports\\20240115_091123\\WIZARD\\1Modelo De Negocio\\2.1 Creacion Elementos Area\\20240115_091127\\execution0.log"/>
         <property name="attachments" value=""/>
         <property name="hostName" value="jdavila - PCPruebas101.ciel.cielingenieria.com"/>
         <property name="os" value="Windows 10 64bit"/>
         <property name="katalonVersion" value="8.6.8.208"/>
         <property name="browser" value="Chrome 120.0.0.0"/>
         <property name="hostAddress" value="192.168.0.9"/>
         <property name="sessionId" value="e91e2a6b1f7e44cd933f18d3fa609848"/>
         <property name="seleniumVersion" value="3.141.59"/>
         <property name="proxyInformation" value="ProxyInformation { proxyOption=NO_PROXY, proxyServerType=HTTP, username=, password=********, proxyServerAddress=, proxyServerPort=0, executionList=&quot;&quot;, isApplyToDesiredCapabilities=true }"/>
         <property name="platform" value="Windows 10"/>
      </properties>
      <testcase name="Test Cases/WIZARD/1Modelo De Negocio/2.1 Creacion Elementos Area" time="48.152" classname="Test Cases/WIZARD/1Modelo De Negocio/2.1 Creacion Elementos Area" status="PASSED">
         <system-out><![CDATA[2024-01-15 09:13:32 - [TEST_CASE][PASSED] - Test Cases/WIZARD/1Modelo De Negocio/2.1 Creacion Elementos Area: Test Cases/WIZARD/1Modelo De Negocio/2.1 Creacion Elementos Area

2024-01-15 09:13:32 - [TEST_STEP][PASSED] - callTestCase(findTestCase("0InicioSesion"), [:], STOP_ON_FAILURE): Call Test Case 'Test Cases/0InicioSesion' successfully

2024-01-15 09:13:33 - [TEST_CASE][PASSED] - Test Cases/0InicioSesion: Test Cases/0InicioSesion

2024-01-15 09:13:33 - [TEST_STEP][PASSED] - openBrowser(UrlDigiturno): Browser is opened with url: 'https://PCPruebas101.ciel.cielingenieria.com:8610'

2024-01-15 09:13:33 - [MESSAGE][INFO] - Starting 'Chrome' driver

2024-01-15 09:13:33 - [MESSAGE][INFO] - User set preference: ['args', '[--use-fake-ui-for-media-stream, --disable-notifications]']

2024-01-15 09:13:33 - [MESSAGE][INFO] - Action delay is set to 0 milliseconds

2024-01-15 09:13:36 - [MESSAGE][PASSED] - Browser is opened with url: 'https://PCPruebas101.ciel.cielingenieria.com:8610'

2024-01-15 09:13:36 - [TEST_STEP][PASSED] - maximizeWindow(): Current window maximized

2024-01-15 09:13:36 - [MESSAGE][PASSED] - Current window maximized

2024-01-15 09:13:36 - [TEST_STEP][PASSED] - delay(3): Delayed 3 second(s)

2024-01-15 09:13:39 - [MESSAGE][PASSED] - Delayed 3 second(s)

2024-01-15 09:13:39 - [TEST_STEP][PASSED] - setText(findTestObject("0Inicio Sesion/input_Usuario"), "Ciel"): Text 'Ciel' is set on object 'Object Repository/0Inicio Sesion/input_Usuario'

2024-01-15 09:13:40 - [MESSAGE][PASSED] - Text 'Ciel' is set on object 'Object Repository/0Inicio Sesion/input_Usuario'

2024-01-15 09:13:40 - [TEST_STEP][PASSED] - setText(findTestObject("0Inicio Sesion/input_Clave"), "digiturno"): Text 'digiturno' is set on object 'Object Repository/0Inicio Sesion/input_Clave'

2024-01-15 09:13:40 - [MESSAGE][PASSED] - Text 'digiturno' is set on object 'Object Repository/0Inicio Sesion/input_Clave'

2024-01-15 09:13:40 - [TEST_STEP][PASSED] - click(findTestObject("0Inicio Sesion/btn_IniciarSesion")): Object: 'Object Repository/0Inicio Sesion/btn_IniciarSesion' is clicked on

2024-01-15 09:13:41 - [MESSAGE][PASSED] - Object: 'Object Repository/0Inicio Sesion/btn_IniciarSesion' is clicked on

2024-01-15 09:13:41 - [TEST_STEP][PASSED] - delay(3): Delayed 3 second(s)

2024-01-15 09:13:44 - [MESSAGE][PASSED] - Delayed 3 second(s)

2024-01-15 09:13:44 - [MESSAGE][PASSED] - Call Test Case 'Test Cases/0InicioSesion' successfully

2024-01-15 09:13:44 - [TEST_STEP][PASSED] - click(findTestObject("WIZARD/0Principal/img_ModeloDeNegocioMAX")): Object: 'Object Repository/WIZARD/0Principal/img_ModeloDeNegocioMAX' is clicked on

2024-01-15 09:13:44 - [MESSAGE][PASSED] - Object: 'Object Repository/WIZARD/0Principal/img_ModeloDeNegocioMAX' is clicked on

2024-01-15 09:13:44 - [TEST_STEP][PASSED] - delay(3): Delayed 3 second(s)

2024-01-15 09:13:47 - [MESSAGE][PASSED] - Delayed 3 second(s)

2024-01-15 09:13:47 - [TEST_STEP][PASSED] - click(findTestObject("WIZARD/1Modelo De Negocio/00Menu/span_Elementos")): Object: 'Object Repository/WIZARD/1Modelo De Negocio/00Menu/span_Elementos' is clicked on

2024-01-15 09:13:48 - [MESSAGE][PASSED] - Object: 'Object Repository/WIZARD/1Modelo De Negocio/00Menu/span_Elementos' is clicked on

2024-01-15 09:13:48 - [TEST_STEP][PASSED] - delay(3): Delayed 3 second(s)

2024-01-15 09:13:51 - [MESSAGE][PASSED] - Delayed 3 second(s)

2024-01-15 09:13:51 - [TEST_STEP][PASSED] - click(findTestObject("WIZARD/1Modelo De Negocio/2Elementos/Nivel/option_1Area")): Object: 'Object Repository/WIZARD/1Modelo De Negocio/2Elementos/Nivel/option_1Area' is clicked on

2024-01-15 09:13:52 - [MESSAGE][PASSED] - Object: 'Object Repository/WIZARD/1Modelo De Negocio/2Elementos/Nivel/option_1Area' is clicked on

2024-01-15 09:13:52 - [TEST_STEP][PASSED] - delay(3): Delayed 3 second(s)

2024-01-15 09:13:55 - [MESSAGE][PASSED] - Delayed 3 second(s)

2024-01-15 09:13:55 - [TEST_STEP][PASSED] - click(findTestObject("WIZARD/1Modelo De Negocio/2Elementos/Nivel/Area/td_AG1")): Object: 'Object Repository/WIZARD/1Modelo De Negocio/2Elementos/Nivel/Area/td_AG1' is clicked on

2024-01-15 09:13:55 - [MESSAGE][PASSED] - Object: 'Object Repository/WIZARD/1Modelo De Negocio/2Elementos/Nivel/Area/td_AG1' is clicked on

2024-01-15 09:13:55 - [TEST_STEP][PASSED] - delay(3): Delayed 3 second(s)

2024-01-15 09:13:58 - [MESSAGE][PASSED] - Delayed 3 second(s)

2024-01-15 09:13:58 - [TEST_STEP][PASSED] - setText(findTestObject("WIZARD/1Modelo De Negocio/2Elementos/Edicion de Elementos/input_Nombre Elemento"), "Area General"): Text 'Area General' is set on object 'Object Repository/WIZARD/1Modelo De Negocio/2Elementos/Edicion de Elementos/input_Nombre Elemento'

2024-01-15 09:13:59 - [MESSAGE][PASSED] - Text 'Area General' is set on object 'Object Repository/WIZARD/1Modelo De Negocio/2Elementos/Edicion de Elementos/input_Nombre Elemento'

2024-01-15 09:13:59 - [TEST_STEP][PASSED] - setText(findTestObject("WIZARD/1Modelo De Negocio/2Elementos/Edicion de Elementos/input_Descripcion Elemento"), "Area General"): Text 'Area General' is set on object 'Object Repository/WIZARD/1Modelo De Negocio/2Elementos/Edicion de Elementos/input_Descripcion Elemento'

2024-01-15 09:14:00 - [MESSAGE][PASSED] - Text 'Area General' is set on object 'Object Repository/WIZARD/1Modelo De Negocio/2Elementos/Edicion de Elementos/input_Descripcion Elemento'

2024-01-15 09:14:00 - [TEST_STEP][PASSED] - executeJavaScript("return document.getElementById('ContentPlaceHolder1_lnkTiempoMaxAtencion').click()", []): Execute JavaScript 'return document.getElementById('ContentPlaceHolder1_lnkTiempoMaxAtencion').click()' successfully

2024-01-15 09:14:00 - [MESSAGE][PASSED] - Execute JavaScript 'return document.getElementById('ContentPlaceHolder1_lnkTiempoMaxAtencion').click()' successfully

2024-01-15 09:14:00 - [TEST_STEP][PASSED] - delay(3): Delayed 3 second(s)

2024-01-15 09:14:03 - [MESSAGE][PASSED] - Delayed 3 second(s)

2024-01-15 09:14:03 - [TEST_STEP][PASSED] - clearText(findTestObject("WIZARD/1Modelo De Negocio/2ModalTiempoMaxAtencion/input_Minutos")): Text of object 'Object Repository/WIZARD/1Modelo De Negocio/2ModalTiempoMaxAtencion/input_Minutos' is cleared

2024-01-15 09:14:03 - [MESSAGE][PASSED] - Text of object 'Object Repository/WIZARD/1Modelo De Negocio/2ModalTiempoMaxAtencion/input_Minutos' is cleared

2024-01-15 09:14:03 - [TEST_STEP][PASSED] - delay(2): Delayed 2 second(s)

2024-01-15 09:14:05 - [MESSAGE][PASSED] - Delayed 2 second(s)

2024-01-15 09:14:05 - [TEST_STEP][PASSED] - executeJavaScript("return document.getElementById('ContentPlaceHolder1_TimeSpanControlMaxTiempo_txtMinuto').value=10", []): Execute JavaScript 'return document.getElementById('ContentPlaceHolder1_TimeSpanControlMaxTiempo_txtMinuto').value=10' successfully

2024-01-15 09:14:05 - [MESSAGE][PASSED] - Execute JavaScript 'return document.getElementById('ContentPlaceHolder1_TimeSpanControlMaxTiempo_txtMinuto').value=10' successfully

2024-01-15 09:14:05 - [TEST_STEP][PASSED] - click(findTestObject("WIZARD/1Modelo De Negocio/2ModalTiempoMaxAtencion/btn_Aceptar")): Object: 'Object Repository/WIZARD/1Modelo De Negocio/2ModalTiempoMaxAtencion/btn_Aceptar' is clicked on

2024-01-15 09:14:06 - [MESSAGE][PASSED] - Object: 'Object Repository/WIZARD/1Modelo De Negocio/2ModalTiempoMaxAtencion/btn_Aceptar' is clicked on

2024-01-15 09:14:06 - [TEST_STEP][PASSED] - delay(3): Delayed 3 second(s)

2024-01-15 09:14:09 - [MESSAGE][PASSED] - Delayed 3 second(s)

2024-01-15 09:14:09 - [TEST_STEP][PASSED] - executeJavaScript("return document.getElementById('ContentPlaceHolder1_lnkTiempoControaldoAtencion').click()", []): Execute JavaScript 'return document.getElementById('ContentPlaceHolder1_lnkTiempoControaldoAtencion').click()' successfully

2024-01-15 09:14:09 - [MESSAGE][PASSED] - Execute JavaScript 'return document.getElementById('ContentPlaceHolder1_lnkTiempoControaldoAtencion').click()' successfully

2024-01-15 09:14:09 - [TEST_STEP][PASSED] - delay(3): Delayed 3 second(s)

2024-01-15 09:14:12 - [MESSAGE][PASSED] - Delayed 3 second(s)

2024-01-15 09:14:12 - [TEST_STEP][PASSED] - clearText(findTestObject("WIZARD/1Modelo De Negocio/2Modal Tiempo Controlado de atencion/input_Minutos")): Text of object 'Object Repository/WIZARD/1Modelo De Negocio/2Modal Tiempo Controlado de atencion/input_Minutos' is cleared

2024-01-15 09:14:12 - [MESSAGE][PASSED] - Text of object 'Object Repository/WIZARD/1Modelo De Negocio/2Modal Tiempo Controlado de atencion/input_Minutos' is cleared

2024-01-15 09:14:12 - [TEST_STEP][PASSED] - setText(findTestObject("WIZARD/1Modelo De Negocio/2Modal Tiempo Controlado de atencion/input_Minutos"), "5"): Text '5' is set on object 'Object Repository/WIZARD/1Modelo De Negocio/2Modal Tiempo Controlado de atencion/input_Minutos'

2024-01-15 09:14:13 - [MESSAGE][PASSED] - Text '5' is set on object 'Object Repository/WIZARD/1Modelo De Negocio/2Modal Tiempo Controlado de atencion/input_Minutos'

2024-01-15 09:14:13 - [TEST_STEP][PASSED] - click(findTestObject("WIZARD/1Modelo De Negocio/2Modal Tiempo Controlado de atencion/btn_Aceptar")): Object: 'Object Repository/WIZARD/1Modelo De Negocio/2Modal Tiempo Controlado de atencion/btn_Aceptar' is clicked on

2024-01-15 09:14:14 - [MESSAGE][PASSED] - Object: 'Object Repository/WIZARD/1Modelo De Negocio/2Modal Tiempo Controlado de atencion/btn_Aceptar' is clicked on

2024-01-15 09:14:14 - [TEST_STEP][PASSED] - delay(3): Delayed 3 second(s)

2024-01-15 09:14:17 - [MESSAGE][PASSED] - Delayed 3 second(s)

2024-01-15 09:14:17 - [TEST_STEP][PASSED] - click(findTestObject("WIZARD/1Modelo De Negocio/2Elementos/Edicion de Elementos/btn_Actualizar")): Object: 'Object Repository/WIZARD/1Modelo De Negocio/2Elementos/Edicion de Elementos/btn_Actualizar' is clicked on

2024-01-15 09:14:17 - [MESSAGE][PASSED] - Object: 'Object Repository/WIZARD/1Modelo De Negocio/2Elementos/Edicion de Elementos/btn_Actualizar' is clicked on

2024-01-15 09:14:17 - [TEST_STEP][PASSED] - delay(3): Delayed 3 second(s)

2024-01-15 09:14:20 - [MESSAGE][PASSED] - Delayed 3 second(s)

2024-01-15 09:14:20 - [TEST_STEP][PASSED] - Start listener action : sampleAfterTestCase: null]]></system-out>
         <system-err><![CDATA[]]></system-err>
      </testcase>
      <system-out><![CDATA[2024-01-15 09:13:32 - [TEST_SUITE][PASSED] - 2.1 Creacion Elementos Area: Test Cases/WIZARD/1Modelo De Negocio/2.1 Creacion Elementos Area]]></system-out>
      <system-err><![CDATA[]]></system-err>
   </testsuite>
</testsuites>
