<?xml version="1.0" encoding="UTF-8"?>
<testsuites name="90 Administracion Rapida de Terminales" time="44.964" tests="1" failures="0" errors="0">
   <testsuite name="90 Administracion Rapida de Terminales" tests="1" failures="0" errors="0" time="44.964" skipped="0" timestamp="2023-08-14 15:09:47" hostname="jdavila - PCPruebas101.ciel.cielingenieria.com" id="Test Suites/DIGITURNO/BASICO/90 Administracion Rapida de Terminales">
      <properties>
         <property name="deviceName" value=""/>
         <property name="devicePlatform" value=""/>
         <property name="logFolder" value="C:\\CIEL INGENIERIA\\Katalon\\Digiturno55\\Reports\\20230814_141235\\DIGITURNO\\BASICO\\90 Administracion Rapida de Terminales\\20230814_141353"/>
         <property name="logFiles" value="C:\\CIEL INGENIERIA\\Katalon\\Digiturno55\\Reports\\20230814_141235\\DIGITURNO\\BASICO\\90 Administracion Rapida de Terminales\\20230814_141353\\execution0.log"/>
         <property name="attachments" value="C:\\CIEL INGENIERIA\\Katalon\\Digiturno55\\Reports\\20230814_141235\\DIGITURNO\\BASICO\\90 Administracion Rapida de Terminales\\20230814_141353\\1692043803190.png, C:\\CIEL INGENIERIA\\Katalon\\Digiturno55\\Reports\\20230814_141235\\DIGITURNO\\BASICO\\90 Administracion Rapida de Terminales\\20230814_141353\\1692043810400.png, C:\\CIEL INGENIERIA\\Katalon\\Digiturno55\\Reports\\20230814_141235\\DIGITURNO\\BASICO\\90 Administracion Rapida de Terminales\\20230814_141353\\1692043828658.png"/>
         <property name="hostName" value="jdavila - PCPruebas101.ciel.cielingenieria.com"/>
         <property name="os" value="Windows 10 64bit"/>
         <property name="katalonVersion" value="8.6.0.208"/>
         <property name="browser" value="Chrome 115.0.0.0"/>
         <property name="hostAddress" value="192.168.0.33"/>
         <property name="sessionId" value="15b7e3b7b8022589b2c4ae09a08c249b"/>
         <property name="seleniumVersion" value="3.141.59"/>
         <property name="proxyInformation" value="ProxyInformation { proxyOption=NO_PROXY, proxyServerType=HTTP, username=, password=********, proxyServerAddress=, proxyServerPort=0, executionList=&quot;&quot;, isApplyToDesiredCapabilities=true }"/>
         <property name="platform" value="Windows 10"/>
      </properties>
      <testcase name="Test Cases/DIGITURNO/BASICO/90 Administracion Rapida de Terminales" time="44.713" classname="Test Cases/DIGITURNO/BASICO/90 Administracion Rapida de Terminales" status="PASSED">
         <system-out><![CDATA[2023-08-14 15:09:47 - [TEST_CASE][PASSED] - Test Cases/DIGITURNO/BASICO/90 Administracion Rapida de Terminales: Test Cases/DIGITURNO/BASICO/90 Administracion Rapida de Terminales

2023-08-14 15:09:47 - [TEST_STEP][PASSED] - callTestCase(findTestCase("DIGITURNO/BASICO/39 Modelo de atencion"), [:], STOP_ON_FAILURE): Call Test Case 'Test Cases/DIGITURNO/BASICO/39 Modelo de atencion' successfully

2023-08-14 15:09:47 - [TEST_CASE][PASSED] - Test Cases/DIGITURNO/BASICO/39 Modelo de atencion: Test Cases/DIGITURNO/BASICO/39 Modelo de atencion

2023-08-14 15:09:48 - [TEST_STEP][PASSED] - callTestCase(findTestCase("DIGITURNO/BASICO/3 Configuracion"), [:], STOP_ON_FAILURE): Call Test Case 'Test Cases/DIGITURNO/BASICO/3 Configuracion' successfully

2023-08-14 15:09:48 - [TEST_CASE][PASSED] - Test Cases/DIGITURNO/BASICO/3 Configuracion: Test Cases/DIGITURNO/BASICO/3 Configuracion

2023-08-14 15:09:48 - [TEST_STEP][PASSED] - callTestCase(findTestCase("0InicioSesion"), [:], STOP_ON_FAILURE): Call Test Case 'Test Cases/0InicioSesion' successfully

2023-08-14 15:09:48 - [TEST_CASE][PASSED] - Test Cases/0InicioSesion: Test Cases/0InicioSesion

2023-08-14 15:09:48 - [TEST_STEP][PASSED] - openBrowser(UrlDigiturno): Browser is opened with url: 'https://PCPruebas101.ciel.cielingenieria.com:8610'

2023-08-14 15:09:49 - [MESSAGE][INFO] - Starting 'Chrome' driver

2023-08-14 15:09:49 - [MESSAGE][INFO] - User set preference: ['args', '[--use-fake-ui-for-media-stream, --disable-notifications]']

2023-08-14 15:09:49 - [MESSAGE][INFO] - Action delay is set to 0 milliseconds

2023-08-14 15:09:51 - [MESSAGE][PASSED] - Browser is opened with url: 'https://PCPruebas101.ciel.cielingenieria.com:8610'

2023-08-14 15:09:51 - [TEST_STEP][PASSED] - maximizeWindow(): Current window maximized

2023-08-14 15:09:51 - [MESSAGE][PASSED] - Current window maximized

2023-08-14 15:09:51 - [TEST_STEP][PASSED] - delay(3): Delayed 3 second(s)

2023-08-14 15:09:54 - [MESSAGE][PASSED] - Delayed 3 second(s)

2023-08-14 15:09:54 - [TEST_STEP][PASSED] - setText(findTestObject("0Inicio Sesion/input_Usuario"), "Ciel"): Text 'Ciel' is set on object 'Object Repository/0Inicio Sesion/input_Usuario'

2023-08-14 15:09:55 - [MESSAGE][PASSED] - Text 'Ciel' is set on object 'Object Repository/0Inicio Sesion/input_Usuario'

2023-08-14 15:09:55 - [TEST_STEP][PASSED] - setText(findTestObject("0Inicio Sesion/input_Clave"), "digiturno"): Text 'digiturno' is set on object 'Object Repository/0Inicio Sesion/input_Clave'

2023-08-14 15:09:56 - [MESSAGE][PASSED] - Text 'digiturno' is set on object 'Object Repository/0Inicio Sesion/input_Clave'

2023-08-14 15:09:56 - [TEST_STEP][PASSED] - click(findTestObject("0Inicio Sesion/btn_IniciarSesion")): Object: 'Object Repository/0Inicio Sesion/btn_IniciarSesion' is clicked on

2023-08-14 15:09:56 - [MESSAGE][PASSED] - Object: 'Object Repository/0Inicio Sesion/btn_IniciarSesion' is clicked on

2023-08-14 15:09:56 - [TEST_STEP][PASSED] - delay(3): Delayed 3 second(s)

2023-08-14 15:09:59 - [MESSAGE][PASSED] - Delayed 3 second(s)

2023-08-14 15:09:59 - [MESSAGE][PASSED] - Call Test Case 'Test Cases/0InicioSesion' successfully

2023-08-14 15:09:59 - [TEST_STEP][PASSED] - click(findTestObject("DIGITURNO/1Principal/img_Configuracion(1)")): Object: 'Object Repository/DIGITURNO/1Principal/img_Configuracion(1)' is clicked on

2023-08-14 15:10:00 - [MESSAGE][PASSED] - Object: 'Object Repository/DIGITURNO/1Principal/img_Configuracion(1)' is clicked on

2023-08-14 15:10:00 - [TEST_STEP][PASSED] - delay(3): Delayed 3 second(s)

2023-08-14 15:10:03 - [MESSAGE][PASSED] - Delayed 3 second(s)

2023-08-14 15:10:03 - [TEST_STEP][PASSED] - takeFullPageScreenshot(): Taking screenshot successfully

2023-08-14 15:10:03 - [MESSAGE][INFO] - 0 hidden object(s)

2023-08-14 15:10:03 - [MESSAGE][PASSED] - Taking screenshot successfully
[[ATTACHMENT|C:\\CIEL INGENIERIA\\Katalon\\Digiturno55\\Reports\\20230814_141235\\DIGITURNO\\BASICO\\90 Administracion Rapida de Terminales\\20230814_141353\\1692043803190.png]]

2023-08-14 15:10:03 - [TEST_STEP][PASSED] - delay(3): Delayed 3 second(s)

2023-08-14 15:10:06 - [MESSAGE][PASSED] - Delayed 3 second(s)

2023-08-14 15:10:06 - [MESSAGE][PASSED] - Call Test Case 'Test Cases/DIGITURNO/BASICO/3 Configuracion' successfully

2023-08-14 15:10:06 - [TEST_STEP][PASSED] - click(findTestObject("DIGITURNO/CONFIGURACION/0Principal/img_1Modelo de atencion")): Object: 'Object Repository/DIGITURNO/CONFIGURACION/0Principal/img_1Modelo de atencion' is clicked on

2023-08-14 15:10:07 - [MESSAGE][PASSED] - Object: 'Object Repository/DIGITURNO/CONFIGURACION/0Principal/img_1Modelo de atencion' is clicked on

2023-08-14 15:10:07 - [TEST_STEP][PASSED] - delay(3): Delayed 3 second(s)

2023-08-14 15:10:10 - [MESSAGE][PASSED] - Delayed 3 second(s)

2023-08-14 15:10:10 - [TEST_STEP][PASSED] - takeFullPageScreenshot(): Taking screenshot successfully

2023-08-14 15:10:10 - [MESSAGE][INFO] - 0 hidden object(s)

2023-08-14 15:10:10 - [MESSAGE][PASSED] - Taking screenshot successfully
[[ATTACHMENT|C:\\CIEL INGENIERIA\\Katalon\\Digiturno55\\Reports\\20230814_141235\\DIGITURNO\\BASICO\\90 Administracion Rapida de Terminales\\20230814_141353\\1692043810400.png]]

2023-08-14 15:10:10 - [TEST_STEP][PASSED] - delay(3): Delayed 3 second(s)

2023-08-14 15:10:13 - [MESSAGE][PASSED] - Delayed 3 second(s)

2023-08-14 15:10:13 - [MESSAGE][PASSED] - Call Test Case 'Test Cases/DIGITURNO/BASICO/39 Modelo de atencion' successfully

2023-08-14 15:10:13 - [TEST_STEP][PASSED] - click(findTestObject("DIGITURNO/CONFIGURACION/1Modelo de Atencion/0Principal/img_4Gestion Rapida Terminales")): Object: 'Object Repository/DIGITURNO/CONFIGURACION/1Modelo de Atencion/0Principal/img_4Gestion Rapida Terminales' is clicked on

2023-08-14 15:10:14 - [MESSAGE][PASSED] - Object: 'Object Repository/DIGITURNO/CONFIGURACION/1Modelo de Atencion/0Principal/img_4Gestion Rapida Terminales' is clicked on

2023-08-14 15:10:14 - [TEST_STEP][PASSED] - delay(3): Delayed 3 second(s)

2023-08-14 15:10:17 - [MESSAGE][PASSED] - Delayed 3 second(s)

2023-08-14 15:10:17 - [TEST_STEP][PASSED] - click(findTestObject("DIGITURNO/CONFIGURACION/1Modelo de Atencion/4Adm Rapida De Terminales/a_Terminal (click)"), STOP_ON_FAILURE): Object: 'Object Repository/DIGITURNO/CONFIGURACION/1Modelo de Atencion/4Adm Rapida De Terminales/a_Terminal (click)' is clicked on

2023-08-14 15:10:18 - [MESSAGE][PASSED] - Object: 'Object Repository/DIGITURNO/CONFIGURACION/1Modelo de Atencion/4Adm Rapida De Terminales/a_Terminal (click)' is clicked on

2023-08-14 15:10:18 - [TEST_STEP][PASSED] - click(findTestObject("DIGITURNO/CONFIGURACION/1Modelo de Atencion/4Adm Rapida De Terminales/Terminal/label_1 A01")): Object: 'Object Repository/DIGITURNO/CONFIGURACION/1Modelo de Atencion/4Adm Rapida De Terminales/Terminal/label_1 A01' is clicked on

2023-08-14 15:10:18 - [MESSAGE][PASSED] - Object: 'Object Repository/DIGITURNO/CONFIGURACION/1Modelo de Atencion/4Adm Rapida De Terminales/Terminal/label_1 A01' is clicked on

2023-08-14 15:10:18 - [TEST_STEP][PASSED] - delay(2): Delayed 2 second(s)

2023-08-14 15:10:20 - [MESSAGE][PASSED] - Delayed 2 second(s)

2023-08-14 15:10:20 - [TEST_STEP][PASSED] - click(findTestObject("DIGITURNO/CONFIGURACION/1Modelo de Atencion/4Adm Rapida De Terminales/a_Cola (Click)")): Object: 'Object Repository/DIGITURNO/CONFIGURACION/1Modelo de Atencion/4Adm Rapida De Terminales/a_Cola (Click)' is clicked on

2023-08-14 15:10:21 - [MESSAGE][PASSED] - Object: 'Object Repository/DIGITURNO/CONFIGURACION/1Modelo de Atencion/4Adm Rapida De Terminales/a_Cola (Click)' is clicked on

2023-08-14 15:10:21 - [TEST_STEP][PASSED] - click(findTestObject("DIGITURNO/CONFIGURACION/1Modelo de Atencion/4Adm Rapida De Terminales/Cola/label_1 7 - Area General - General (G) - Informacin")): Object: 'Object Repository/DIGITURNO/CONFIGURACION/1Modelo de Atencion/4Adm Rapida De Terminales/Cola/label_1 7 - Area General - General (G) - Informacin' is clicked on

2023-08-14 15:10:21 - [MESSAGE][PASSED] - Object: 'Object Repository/DIGITURNO/CONFIGURACION/1Modelo de Atencion/4Adm Rapida De Terminales/Cola/label_1 7 - Area General - General (G) - Informacin' is clicked on

2023-08-14 15:10:21 - [TEST_STEP][PASSED] - delay(2): Delayed 2 second(s)

2023-08-14 15:10:23 - [MESSAGE][PASSED] - Delayed 2 second(s)

2023-08-14 15:10:23 - [TEST_STEP][PASSED] - selectOptionByIndex(findTestObject("DIGITURNO/CONFIGURACION/1Modelo de Atencion/4Adm Rapida De Terminales/select_Grupo"), 1): All options with index in [1] are selected on object 'Object Repository/DIGITURNO/CONFIGURACION/1Modelo de Atencion/4Adm Rapida De Terminales/select_Grupo'

2023-08-14 15:10:24 - [MESSAGE][PASSED] - All options with index in [1] are selected on object 'Object Repository/DIGITURNO/CONFIGURACION/1Modelo de Atencion/4Adm Rapida De Terminales/select_Grupo'

2023-08-14 15:10:24 - [TEST_STEP][PASSED] - click(findTestObject("DIGITURNO/CONFIGURACION/1Modelo de Atencion/4Adm Rapida De Terminales/btn_Guardar")): Object: 'Object Repository/DIGITURNO/CONFIGURACION/1Modelo de Atencion/4Adm Rapida De Terminales/btn_Guardar' is clicked on

2023-08-14 15:10:25 - [MESSAGE][PASSED] - Object: 'Object Repository/DIGITURNO/CONFIGURACION/1Modelo de Atencion/4Adm Rapida De Terminales/btn_Guardar' is clicked on

2023-08-14 15:10:25 - [TEST_STEP][PASSED] - delay(3): Delayed 3 second(s)

2023-08-14 15:10:28 - [MESSAGE][PASSED] - Delayed 3 second(s)

2023-08-14 15:10:28 - [TEST_STEP][PASSED] - takeFullPageScreenshot(): Taking screenshot successfully

2023-08-14 15:10:29 - [MESSAGE][INFO] - 0 hidden object(s)

2023-08-14 15:10:29 - [MESSAGE][PASSED] - Taking screenshot successfully
[[ATTACHMENT|C:\\CIEL INGENIERIA\\Katalon\\Digiturno55\\Reports\\20230814_141235\\DIGITURNO\\BASICO\\90 Administracion Rapida de Terminales\\20230814_141353\\1692043828658.png]]

2023-08-14 15:10:29 - [TEST_STEP][PASSED] - delay(3): Delayed 3 second(s)

2023-08-14 15:10:32 - [MESSAGE][PASSED] - Delayed 3 second(s)

2023-08-14 15:10:32 - [TEST_STEP][PASSED] - Start listener action : sampleAfterTestCase: null]]></system-out>
         <system-err><![CDATA[]]></system-err>
      </testcase>
      <system-out><![CDATA[2023-08-14 15:09:47 - [TEST_SUITE][PASSED] - 90 Administracion Rapida de Terminales: Test Cases/DIGITURNO/BASICO/90 Administracion Rapida de Terminales]]></system-out>
      <system-err><![CDATA[]]></system-err>
   </testsuite>
</testsuites>
