<?xml version="1.0" encoding="UTF-8"?>
<testsuites name="3 Configuracion" time="18.885" tests="1" failures="0" errors="0">
   <testsuite name="3 Configuracion" tests="1" failures="0" errors="0" time="18.885" skipped="0" timestamp="2023-07-11 11:55:14" hostname="jdavila - PCPruebas101.ciel.cielingenieria.com" id="Test Suites/DIGITURNO/BASICO/3 Configuracion">
      <properties>
         <property name="deviceName" value=""/>
         <property name="devicePlatform" value=""/>
         <property name="logFolder" value="C:\\CIEL INGENIERIA\\Katalon\\Digiturno55\\Reports\\20230711_113602\\DIGITURNO\\BASICO\\3 Configuracion\\20230711_113625"/>
         <property name="logFiles" value="C:\\CIEL INGENIERIA\\Katalon\\Digiturno55\\Reports\\20230711_113602\\DIGITURNO\\BASICO\\3 Configuracion\\20230711_113625\\execution0.log"/>
         <property name="attachments" value="C:\\CIEL INGENIERIA\\Katalon\\Digiturno55\\Reports\\20230711_113602\\DIGITURNO\\BASICO\\3 Configuracion\\20230711_113625\\1689094529579.png"/>
         <property name="hostName" value="jdavila - PCPruebas101.ciel.cielingenieria.com"/>
         <property name="os" value="Windows 10 64bit"/>
         <property name="katalonVersion" value="8.6.0.208"/>
         <property name="browser" value="Chrome 114.0.0.0"/>
         <property name="hostAddress" value="192.168.0.33"/>
         <property name="sessionId" value="8670c6b0904b5f312c5bcfd610080f25"/>
         <property name="seleniumVersion" value="3.141.59"/>
         <property name="proxyInformation" value="ProxyInformation { proxyOption=NO_PROXY, proxyServerType=HTTP, username=, password=********, proxyServerAddress=, proxyServerPort=0, executionList=&quot;&quot;, isApplyToDesiredCapabilities=true }"/>
         <property name="platform" value="Windows 10"/>
      </properties>
      <testcase name="Test Cases/DIGITURNO/BASICO/3 Configuracion" time="18.642" classname="Test Cases/DIGITURNO/BASICO/3 Configuracion" status="PASSED">
         <system-out><![CDATA[2023-07-11 11:55:14 - [TEST_CASE][PASSED] - Test Cases/DIGITURNO/BASICO/3 Configuracion: Test Cases/DIGITURNO/BASICO/3 Configuracion

2023-07-11 11:55:14 - [TEST_STEP][PASSED] - callTestCase(findTestCase("0InicioSesion"), [:], STOP_ON_FAILURE): Call Test Case 'Test Cases/0InicioSesion' successfully

2023-07-11 11:55:14 - [TEST_CASE][PASSED] - Test Cases/0InicioSesion: Test Cases/0InicioSesion

2023-07-11 11:55:15 - [TEST_STEP][PASSED] - openBrowser(UrlDigiturno): Browser is opened with url: 'https://PCPruebas101.ciel.cielingenieria.com:8810'

2023-07-11 11:55:15 - [MESSAGE][INFO] - Starting 'Chrome' driver

2023-07-11 11:55:15 - [MESSAGE][INFO] - User set preference: ['args', '[--use-fake-ui-for-media-stream, --disable-notifications]']

2023-07-11 11:55:15 - [MESSAGE][INFO] - Action delay is set to 0 milliseconds

2023-07-11 11:55:17 - [MESSAGE][PASSED] - Browser is opened with url: 'https://PCPruebas101.ciel.cielingenieria.com:8810'

2023-07-11 11:55:17 - [TEST_STEP][PASSED] - maximizeWindow(): Current window maximized

2023-07-11 11:55:17 - [MESSAGE][PASSED] - Current window maximized

2023-07-11 11:55:17 - [TEST_STEP][PASSED] - delay(3): Delayed 3 second(s)

2023-07-11 11:55:20 - [MESSAGE][PASSED] - Delayed 3 second(s)

2023-07-11 11:55:20 - [TEST_STEP][PASSED] - setText(findTestObject("0Inicio Sesion/input_Usuario"), "Ciel"): Text 'Ciel' is set on object 'Object Repository/0Inicio Sesion/input_Usuario'

2023-07-11 11:55:21 - [MESSAGE][PASSED] - Text 'Ciel' is set on object 'Object Repository/0Inicio Sesion/input_Usuario'

2023-07-11 11:55:21 - [TEST_STEP][PASSED] - setText(findTestObject("0Inicio Sesion/input_Clave"), "digiturno"): Text 'digiturno' is set on object 'Object Repository/0Inicio Sesion/input_Clave'

2023-07-11 11:55:22 - [MESSAGE][PASSED] - Text 'digiturno' is set on object 'Object Repository/0Inicio Sesion/input_Clave'

2023-07-11 11:55:22 - [TEST_STEP][PASSED] - click(findTestObject("0Inicio Sesion/btn_IniciarSesion")): Object: 'Object Repository/0Inicio Sesion/btn_IniciarSesion' is clicked on

2023-07-11 11:55:22 - [MESSAGE][PASSED] - Object: 'Object Repository/0Inicio Sesion/btn_IniciarSesion' is clicked on

2023-07-11 11:55:22 - [TEST_STEP][PASSED] - delay(3): Delayed 3 second(s)

2023-07-11 11:55:25 - [MESSAGE][PASSED] - Delayed 3 second(s)

2023-07-11 11:55:25 - [MESSAGE][PASSED] - Call Test Case 'Test Cases/0InicioSesion' successfully

2023-07-11 11:55:25 - [TEST_STEP][PASSED] - click(findTestObject("DIGITURNO/1Principal/img_Configuracion(1)")): Object: 'Object Repository/DIGITURNO/1Principal/img_Configuracion(1)' is clicked on

2023-07-11 11:55:26 - [MESSAGE][PASSED] - Object: 'Object Repository/DIGITURNO/1Principal/img_Configuracion(1)' is clicked on

2023-07-11 11:55:26 - [TEST_STEP][PASSED] - delay(3): Delayed 3 second(s)

2023-07-11 11:55:29 - [MESSAGE][PASSED] - Delayed 3 second(s)

2023-07-11 11:55:29 - [TEST_STEP][PASSED] - takeFullPageScreenshot(): Taking screenshot successfully

2023-07-11 11:55:30 - [MESSAGE][INFO] - 0 hidden object(s)

2023-07-11 11:55:30 - [MESSAGE][PASSED] - Taking screenshot successfully
[[ATTACHMENT|C:\\CIEL INGENIERIA\\Katalon\\Digiturno55\\Reports\\20230711_113602\\DIGITURNO\\BASICO\\3 Configuracion\\20230711_113625\\1689094529579.png]]

2023-07-11 11:55:30 - [TEST_STEP][PASSED] - delay(3): Delayed 3 second(s)

2023-07-11 11:55:33 - [MESSAGE][PASSED] - Delayed 3 second(s)

2023-07-11 11:55:33 - [TEST_STEP][PASSED] - Start listener action : sampleAfterTestCase: null]]></system-out>
         <system-err><![CDATA[]]></system-err>
      </testcase>
      <system-out><![CDATA[2023-07-11 11:55:14 - [TEST_SUITE][PASSED] - 3 Configuracion: Test Cases/DIGITURNO/BASICO/3 Configuracion]]></system-out>
      <system-err><![CDATA[]]></system-err>
   </testsuite>
</testsuites>
