<?xml version="1.0" encoding="UTF-8"?>
<testsuites name="3.4b Agregar arbol a SubServicios Radicaciones" time="57.064" tests="1" failures="0" errors="0">
   <testsuite name="3.4b Agregar arbol a SubServicios Radicaciones" tests="1" failures="0" errors="0" time="57.064" skipped="0" timestamp="2024-01-15 09:27:44" hostname="jdavila - PCPruebas101.ciel.cielingenieria.com" id="Test Suites/WIZARD/1Modelo De Negocio/3.4b Agregar arbol a SubServicios Radicaciones">
      <properties>
         <property name="deviceName" value=""/>
         <property name="devicePlatform" value=""/>
         <property name="logFolder" value="C:\\CIEL INGENIERIA\\Katalon\\Digiturno55\\Reports\\20240115_091123\\WIZARD\\1Modelo De Negocio\\3.4b Agregar arbol a SubServicios Radicaciones\\20240115_091146"/>
         <property name="logFiles" value="C:\\CIEL INGENIERIA\\Katalon\\Digiturno55\\Reports\\20240115_091123\\WIZARD\\1Modelo De Negocio\\3.4b Agregar arbol a SubServicios Radicaciones\\20240115_091146\\execution0.log"/>
         <property name="attachments" value="C:\\CIEL INGENIERIA\\Katalon\\Digiturno55\\Reports\\20240115_091123\\WIZARD\\1Modelo De Negocio\\3.4b Agregar arbol a SubServicios Radicaciones\\20240115_091146\\1705328918168.png"/>
         <property name="hostName" value="jdavila - PCPruebas101.ciel.cielingenieria.com"/>
         <property name="os" value="Windows 10 64bit"/>
         <property name="katalonVersion" value="8.6.8.208"/>
         <property name="browser" value="Chrome 120.0.0.0"/>
         <property name="hostAddress" value="192.168.0.9"/>
         <property name="sessionId" value="94002601e61cd66ae74e14900a05cd43"/>
         <property name="seleniumVersion" value="3.141.59"/>
         <property name="proxyInformation" value="ProxyInformation { proxyOption=NO_PROXY, proxyServerType=HTTP, username=, password=********, proxyServerAddress=, proxyServerPort=0, executionList=&quot;&quot;, isApplyToDesiredCapabilities=true }"/>
         <property name="platform" value="Windows 10"/>
      </properties>
      <testcase name="Test Cases/WIZARD/1Modelo De Negocio/3.4b Agregar arbol a SubServicios Radicaciones" time="56.823" classname="Test Cases/WIZARD/1Modelo De Negocio/3.4b Agregar arbol a SubServicios Radicaciones" status="PASSED">
         <system-out><![CDATA[2024-01-15 09:27:45 - [TEST_CASE][PASSED] - Test Cases/WIZARD/1Modelo De Negocio/3.4b Agregar arbol a SubServicios Radicaciones: Test Cases/WIZARD/1Modelo De Negocio/3.4b Agregar arbol a SubServicios Radicaciones

2024-01-15 09:27:45 - [TEST_STEP][PASSED] - callTestCase(findTestCase("0InicioSesion"), [:], STOP_ON_FAILURE): Call Test Case 'Test Cases/0InicioSesion' successfully

2024-01-15 09:27:45 - [TEST_CASE][PASSED] - Test Cases/0InicioSesion: Test Cases/0InicioSesion

2024-01-15 09:27:45 - [TEST_STEP][PASSED] - openBrowser(UrlDigiturno): Browser is opened with url: 'https://PCPruebas101.ciel.cielingenieria.com:8610'

2024-01-15 09:27:46 - [MESSAGE][INFO] - Starting 'Chrome' driver

2024-01-15 09:27:46 - [MESSAGE][INFO] - User set preference: ['args', '[--use-fake-ui-for-media-stream, --disable-notifications]']

2024-01-15 09:27:46 - [MESSAGE][INFO] - Action delay is set to 0 milliseconds

2024-01-15 09:27:48 - [MESSAGE][PASSED] - Browser is opened with url: 'https://PCPruebas101.ciel.cielingenieria.com:8610'

2024-01-15 09:27:48 - [TEST_STEP][PASSED] - maximizeWindow(): Current window maximized

2024-01-15 09:27:48 - [MESSAGE][PASSED] - Current window maximized

2024-01-15 09:27:48 - [TEST_STEP][PASSED] - delay(3): Delayed 3 second(s)

2024-01-15 09:27:51 - [MESSAGE][PASSED] - Delayed 3 second(s)

2024-01-15 09:27:51 - [TEST_STEP][PASSED] - setText(findTestObject("0Inicio Sesion/input_Usuario"), "Ciel"): Text 'Ciel' is set on object 'Object Repository/0Inicio Sesion/input_Usuario'

2024-01-15 09:27:52 - [MESSAGE][PASSED] - Text 'Ciel' is set on object 'Object Repository/0Inicio Sesion/input_Usuario'

2024-01-15 09:27:52 - [TEST_STEP][PASSED] - setText(findTestObject("0Inicio Sesion/input_Clave"), "digiturno"): Text 'digiturno' is set on object 'Object Repository/0Inicio Sesion/input_Clave'

2024-01-15 09:27:53 - [MESSAGE][PASSED] - Text 'digiturno' is set on object 'Object Repository/0Inicio Sesion/input_Clave'

2024-01-15 09:27:53 - [TEST_STEP][PASSED] - click(findTestObject("0Inicio Sesion/btn_IniciarSesion")): Object: 'Object Repository/0Inicio Sesion/btn_IniciarSesion' is clicked on

2024-01-15 09:27:53 - [MESSAGE][PASSED] - Object: 'Object Repository/0Inicio Sesion/btn_IniciarSesion' is clicked on

2024-01-15 09:27:53 - [TEST_STEP][PASSED] - delay(3): Delayed 3 second(s)

2024-01-15 09:27:56 - [MESSAGE][PASSED] - Delayed 3 second(s)

2024-01-15 09:27:56 - [MESSAGE][PASSED] - Call Test Case 'Test Cases/0InicioSesion' successfully

2024-01-15 09:27:56 - [TEST_STEP][PASSED] - click(findTestObject("WIZARD/0Principal/img_ModeloDeNegocioMAX")): Object: 'Object Repository/WIZARD/0Principal/img_ModeloDeNegocioMAX' is clicked on

2024-01-15 09:27:57 - [MESSAGE][PASSED] - Object: 'Object Repository/WIZARD/0Principal/img_ModeloDeNegocioMAX' is clicked on

2024-01-15 09:27:57 - [TEST_STEP][PASSED] - delay(3): Delayed 3 second(s)

2024-01-15 09:28:00 - [MESSAGE][PASSED] - Delayed 3 second(s)

2024-01-15 09:28:00 - [TEST_STEP][PASSED] - setText(findTestObject("WIZARD/1Modelo De Negocio/0ArbolDeJerarquia/input_cajaBusqueda"), "Radicaciones"): Text 'Radicaciones' is set on object 'Object Repository/WIZARD/1Modelo De Negocio/0ArbolDeJerarquia/input_cajaBusqueda'

2024-01-15 09:28:01 - [MESSAGE][PASSED] - Text 'Radicaciones' is set on object 'Object Repository/WIZARD/1Modelo De Negocio/0ArbolDeJerarquia/input_cajaBusqueda'

2024-01-15 09:28:01 - [TEST_STEP][PASSED] - delay(3): Delayed 3 second(s)

2024-01-15 09:28:04 - [MESSAGE][PASSED] - Delayed 3 second(s)

2024-01-15 09:28:04 - [TEST_STEP][PASSED] - rightClick(findTestObject("WIZARD/1Modelo De Negocio/0ArbolDeJerarquia/1General/9 General Radicaciones/span_9 Radicaciones")): Object: 'Object Repository/WIZARD/1Modelo De Negocio/0ArbolDeJerarquia/1General/9 General Radicaciones/span_9 Radicaciones' is right clicked on

2024-01-15 09:28:05 - [MESSAGE][PASSED] - Object: 'Object Repository/WIZARD/1Modelo De Negocio/0ArbolDeJerarquia/1General/9 General Radicaciones/span_9 Radicaciones' is right clicked on

2024-01-15 09:28:05 - [TEST_STEP][PASSED] - mouseOver(findTestObject("WIZARD/1Modelo De Negocio/0ArbolDeJerarquia/1General/9 General Radicaciones/span_Elemento")): Object: 'Object Repository/WIZARD/1Modelo De Negocio/0ArbolDeJerarquia/1General/9 General Radicaciones/span_Elemento' is hovered

2024-01-15 09:28:05 - [MESSAGE][PASSED] - Object: 'Object Repository/WIZARD/1Modelo De Negocio/0ArbolDeJerarquia/1General/9 General Radicaciones/span_Elemento' is hovered

2024-01-15 09:28:05 - [TEST_STEP][PASSED] - delay(2): Delayed 2 second(s)

2024-01-15 09:28:07 - [MESSAGE][PASSED] - Delayed 2 second(s)

2024-01-15 09:28:07 - [TEST_STEP][PASSED] - click(findTestObject("WIZARD/1Modelo De Negocio/0ArbolDeJerarquia/1General/9 General Radicaciones/span_Elemento(1)/span_Agregar Elementos")): Object: 'Object Repository/WIZARD/1Modelo De Negocio/0ArbolDeJerarquia/1General/9 General Radicaciones/span_Elemento(1)/span_Agregar Elementos' is clicked on

2024-01-15 09:28:08 - [MESSAGE][PASSED] - Object: 'Object Repository/WIZARD/1Modelo De Negocio/0ArbolDeJerarquia/1General/9 General Radicaciones/span_Elemento(1)/span_Agregar Elementos' is clicked on

2024-01-15 09:28:08 - [TEST_STEP][PASSED] - delay(3): Delayed 3 second(s)

2024-01-15 09:28:11 - [MESSAGE][PASSED] - Delayed 3 second(s)

2024-01-15 09:28:11 - [TEST_STEP][PASSED] - click(findTestObject("WIZARD/1Modelo De Negocio/0ArbolDeJerarquia/1General/9 General Radicaciones/span_Elemento(1)/span_Agregar Elementos(1)/servicios/label_1 Autorizaciones")): Object: 'Object Repository/WIZARD/1Modelo De Negocio/0ArbolDeJerarquia/1General/9 General Radicaciones/span_Elemento(1)/span_Agregar Elementos(1)/servicios/label_1 Autorizaciones' is clicked on

2024-01-15 09:28:11 - [MESSAGE][PASSED] - Object: 'Object Repository/WIZARD/1Modelo De Negocio/0ArbolDeJerarquia/1General/9 General Radicaciones/span_Elemento(1)/span_Agregar Elementos(1)/servicios/label_1 Autorizaciones' is clicked on

2024-01-15 09:28:11 - [TEST_STEP][PASSED] - click(findTestObject("WIZARD/1Modelo De Negocio/0ArbolDeJerarquia/1General/9 General Radicaciones/span_Elemento(1)/span_Agregar Elementos(1)/servicios/label_2 Certificado")): Object: 'Object Repository/WIZARD/1Modelo De Negocio/0ArbolDeJerarquia/1General/9 General Radicaciones/span_Elemento(1)/span_Agregar Elementos(1)/servicios/label_2 Certificado' is clicked on

2024-01-15 09:28:12 - [MESSAGE][PASSED] - Object: 'Object Repository/WIZARD/1Modelo De Negocio/0ArbolDeJerarquia/1General/9 General Radicaciones/span_Elemento(1)/span_Agregar Elementos(1)/servicios/label_2 Certificado' is clicked on

2024-01-15 09:28:12 - [TEST_STEP][PASSED] - click(findTestObject("WIZARD/1Modelo De Negocio/0ArbolDeJerarquia/1General/9 General Radicaciones/span_Elemento(1)/span_Agregar Elementos(1)/servicios/label_4 Facturas")): Object: 'Object Repository/WIZARD/1Modelo De Negocio/0ArbolDeJerarquia/1General/9 General Radicaciones/span_Elemento(1)/span_Agregar Elementos(1)/servicios/label_4 Facturas' is clicked on

2024-01-15 09:28:12 - [MESSAGE][PASSED] - Object: 'Object Repository/WIZARD/1Modelo De Negocio/0ArbolDeJerarquia/1General/9 General Radicaciones/span_Elemento(1)/span_Agregar Elementos(1)/servicios/label_4 Facturas' is clicked on

2024-01-15 09:28:12 - [TEST_STEP][PASSED] - click(findTestObject("WIZARD/1Modelo De Negocio/0ArbolDeJerarquia/1General/9 General Radicaciones/span_Elemento(1)/span_Agregar Elementos(1)/servicios/label_9 Remision")): Object: 'Object Repository/WIZARD/1Modelo De Negocio/0ArbolDeJerarquia/1General/9 General Radicaciones/span_Elemento(1)/span_Agregar Elementos(1)/servicios/label_9 Remision' is clicked on

2024-01-15 09:28:12 - [MESSAGE][PASSED] - Object: 'Object Repository/WIZARD/1Modelo De Negocio/0ArbolDeJerarquia/1General/9 General Radicaciones/span_Elemento(1)/span_Agregar Elementos(1)/servicios/label_9 Remision' is clicked on

2024-01-15 09:28:12 - [TEST_STEP][PASSED] - delay(3): Delayed 3 second(s)

2024-01-15 09:28:15 - [MESSAGE][PASSED] - Delayed 3 second(s)

2024-01-15 09:28:15 - [TEST_STEP][PASSED] - click(findTestObject("WIZARD/1Modelo De Negocio/0ArbolDeJerarquia/1General/9 General Radicaciones/span_Elemento(1)/span_Agregar Elementos(1)/btn_Agregar")): Object: 'Object Repository/WIZARD/1Modelo De Negocio/0ArbolDeJerarquia/1General/9 General Radicaciones/span_Elemento(1)/span_Agregar Elementos(1)/btn_Agregar' is clicked on

2024-01-15 09:28:16 - [MESSAGE][PASSED] - Object: 'Object Repository/WIZARD/1Modelo De Negocio/0ArbolDeJerarquia/1General/9 General Radicaciones/span_Elemento(1)/span_Agregar Elementos(1)/btn_Agregar' is clicked on

2024-01-15 09:28:16 - [TEST_STEP][PASSED] - delay(3): Delayed 3 second(s)

2024-01-15 09:28:19 - [MESSAGE][PASSED] - Delayed 3 second(s)

2024-01-15 09:28:19 - [TEST_STEP][PASSED] - setText(findTestObject("WIZARD/1Modelo De Negocio/0ArbolDeJerarquia/input_cajaBusqueda"), "Radicaciones"): Text 'Radicaciones' is set on object 'Object Repository/WIZARD/1Modelo De Negocio/0ArbolDeJerarquia/input_cajaBusqueda'

2024-01-15 09:28:20 - [MESSAGE][PASSED] - Text 'Radicaciones' is set on object 'Object Repository/WIZARD/1Modelo De Negocio/0ArbolDeJerarquia/input_cajaBusqueda'

2024-01-15 09:28:20 - [TEST_STEP][PASSED] - delay(3): Delayed 3 second(s)

2024-01-15 09:28:23 - [MESSAGE][PASSED] - Delayed 3 second(s)

2024-01-15 09:28:23 - [TEST_STEP][PASSED] - rightClick(findTestObject("WIZARD/1Modelo De Negocio/0ArbolDeJerarquia/1Preferencial/6 Preferencial Radicaciones/span_6 Radicaciones")): Object: 'Object Repository/WIZARD/1Modelo De Negocio/0ArbolDeJerarquia/1Preferencial/6 Preferencial Radicaciones/span_6 Radicaciones' is right clicked on

2024-01-15 09:28:23 - [MESSAGE][PASSED] - Object: 'Object Repository/WIZARD/1Modelo De Negocio/0ArbolDeJerarquia/1Preferencial/6 Preferencial Radicaciones/span_6 Radicaciones' is right clicked on

2024-01-15 09:28:23 - [TEST_STEP][PASSED] - mouseOver(findTestObject("WIZARD/1Modelo De Negocio/0ArbolDeJerarquia/1Preferencial/6 Preferencial Radicaciones/span_Elemento")): Object: 'Object Repository/WIZARD/1Modelo De Negocio/0ArbolDeJerarquia/1Preferencial/6 Preferencial Radicaciones/span_Elemento' is hovered

2024-01-15 09:28:24 - [MESSAGE][PASSED] - Object: 'Object Repository/WIZARD/1Modelo De Negocio/0ArbolDeJerarquia/1Preferencial/6 Preferencial Radicaciones/span_Elemento' is hovered

2024-01-15 09:28:24 - [TEST_STEP][PASSED] - delay(2): Delayed 2 second(s)

2024-01-15 09:28:26 - [MESSAGE][PASSED] - Delayed 2 second(s)

2024-01-15 09:28:26 - [TEST_STEP][PASSED] - click(findTestObject("WIZARD/1Modelo De Negocio/0ArbolDeJerarquia/1Preferencial/6 Preferencial Radicaciones/span_Elemento(1)/span_Agregar Elementos")): Object: 'Object Repository/WIZARD/1Modelo De Negocio/0ArbolDeJerarquia/1Preferencial/6 Preferencial Radicaciones/span_Elemento(1)/span_Agregar Elementos' is clicked on

2024-01-15 09:28:27 - [MESSAGE][PASSED] - Object: 'Object Repository/WIZARD/1Modelo De Negocio/0ArbolDeJerarquia/1Preferencial/6 Preferencial Radicaciones/span_Elemento(1)/span_Agregar Elementos' is clicked on

2024-01-15 09:28:27 - [TEST_STEP][PASSED] - delay(3): Delayed 3 second(s)

2024-01-15 09:28:30 - [MESSAGE][PASSED] - Delayed 3 second(s)

2024-01-15 09:28:30 - [TEST_STEP][PASSED] - click(findTestObject("WIZARD/1Modelo De Negocio/0ArbolDeJerarquia/1Preferencial/6 Preferencial Radicaciones/span_Elemento(1)/span_Agregar Elementos(1)/servicios/label_1 Autorizaciones")): Object: 'Object Repository/WIZARD/1Modelo De Negocio/0ArbolDeJerarquia/1Preferencial/6 Preferencial Radicaciones/span_Elemento(1)/span_Agregar Elementos(1)/servicios/label_1 Autorizaciones' is clicked on

2024-01-15 09:28:30 - [MESSAGE][PASSED] - Object: 'Object Repository/WIZARD/1Modelo De Negocio/0ArbolDeJerarquia/1Preferencial/6 Preferencial Radicaciones/span_Elemento(1)/span_Agregar Elementos(1)/servicios/label_1 Autorizaciones' is clicked on

2024-01-15 09:28:30 - [TEST_STEP][PASSED] - click(findTestObject("WIZARD/1Modelo De Negocio/0ArbolDeJerarquia/1Preferencial/6 Preferencial Radicaciones/span_Elemento(1)/span_Agregar Elementos(1)/servicios/label_2 Certificado")): Object: 'Object Repository/WIZARD/1Modelo De Negocio/0ArbolDeJerarquia/1Preferencial/6 Preferencial Radicaciones/span_Elemento(1)/span_Agregar Elementos(1)/servicios/label_2 Certificado' is clicked on

2024-01-15 09:28:30 - [MESSAGE][PASSED] - Object: 'Object Repository/WIZARD/1Modelo De Negocio/0ArbolDeJerarquia/1Preferencial/6 Preferencial Radicaciones/span_Elemento(1)/span_Agregar Elementos(1)/servicios/label_2 Certificado' is clicked on

2024-01-15 09:28:30 - [TEST_STEP][PASSED] - click(findTestObject("WIZARD/1Modelo De Negocio/0ArbolDeJerarquia/1Preferencial/6 Preferencial Radicaciones/span_Elemento(1)/span_Agregar Elementos(1)/servicios/label_4 Facturas")): Object: 'Object Repository/WIZARD/1Modelo De Negocio/0ArbolDeJerarquia/1Preferencial/6 Preferencial Radicaciones/span_Elemento(1)/span_Agregar Elementos(1)/servicios/label_4 Facturas' is clicked on

2024-01-15 09:28:31 - [MESSAGE][PASSED] - Object: 'Object Repository/WIZARD/1Modelo De Negocio/0ArbolDeJerarquia/1Preferencial/6 Preferencial Radicaciones/span_Elemento(1)/span_Agregar Elementos(1)/servicios/label_4 Facturas' is clicked on

2024-01-15 09:28:31 - [TEST_STEP][PASSED] - click(findTestObject("WIZARD/1Modelo De Negocio/0ArbolDeJerarquia/1Preferencial/6 Preferencial Radicaciones/span_Elemento(1)/span_Agregar Elementos(1)/servicios/label_9 Remision")): Object: 'Object Repository/WIZARD/1Modelo De Negocio/0ArbolDeJerarquia/1Preferencial/6 Preferencial Radicaciones/span_Elemento(1)/span_Agregar Elementos(1)/servicios/label_9 Remision' is clicked on

2024-01-15 09:28:31 - [MESSAGE][PASSED] - Object: 'Object Repository/WIZARD/1Modelo De Negocio/0ArbolDeJerarquia/1Preferencial/6 Preferencial Radicaciones/span_Elemento(1)/span_Agregar Elementos(1)/servicios/label_9 Remision' is clicked on

2024-01-15 09:28:31 - [TEST_STEP][PASSED] - delay(3): Delayed 3 second(s)

2024-01-15 09:28:34 - [MESSAGE][PASSED] - Delayed 3 second(s)

2024-01-15 09:28:34 - [TEST_STEP][PASSED] - click(findTestObject("WIZARD/1Modelo De Negocio/0ArbolDeJerarquia/1Preferencial/6 Preferencial Radicaciones/span_Elemento(1)/span_Agregar Elementos(1)/btn_Agregar")): Object: 'Object Repository/WIZARD/1Modelo De Negocio/0ArbolDeJerarquia/1Preferencial/6 Preferencial Radicaciones/span_Elemento(1)/span_Agregar Elementos(1)/btn_Agregar' is clicked on

2024-01-15 09:28:35 - [MESSAGE][PASSED] - Object: 'Object Repository/WIZARD/1Modelo De Negocio/0ArbolDeJerarquia/1Preferencial/6 Preferencial Radicaciones/span_Elemento(1)/span_Agregar Elementos(1)/btn_Agregar' is clicked on

2024-01-15 09:28:35 - [TEST_STEP][PASSED] - delay(3): Delayed 3 second(s)

2024-01-15 09:28:38 - [MESSAGE][PASSED] - Delayed 3 second(s)

2024-01-15 09:28:38 - [TEST_STEP][PASSED] - takeFullPageScreenshot(): Taking screenshot successfully

2024-01-15 09:28:38 - [MESSAGE][INFO] - 0 hidden object(s)

2024-01-15 09:28:38 - [MESSAGE][PASSED] - Taking screenshot successfully
[[ATTACHMENT|C:\\CIEL INGENIERIA\\Katalon\\Digiturno55\\Reports\\20240115_091123\\WIZARD\\1Modelo De Negocio\\3.4b Agregar arbol a SubServicios Radicaciones\\20240115_091146\\1705328918168.png]]

2024-01-15 09:28:38 - [TEST_STEP][PASSED] - delay(3): Delayed 3 second(s)

2024-01-15 09:28:41 - [MESSAGE][PASSED] - Delayed 3 second(s)

2024-01-15 09:28:41 - [TEST_STEP][PASSED] - Start listener action : sampleAfterTestCase: null]]></system-out>
         <system-err><![CDATA[]]></system-err>
      </testcase>
      <system-out><![CDATA[2024-01-15 09:27:44 - [TEST_SUITE][PASSED] - 3.4b Agregar arbol a SubServicios Radicaciones: Test Cases/WIZARD/1Modelo De Negocio/3.4b Agregar arbol a SubServicios Radicaciones]]></system-out>
      <system-err><![CDATA[]]></system-err>
   </testsuite>
</testsuites>
